39250 39331 0 0 0 15 -16 0 21 -10 13 27 31 71 70 25 20 16 10 18 38 35 45 55 16 10 9 5 
89750 89810 0 0 -1 0 -32 0 0 -32 -5 14 29 68 67 25 20 17 10 17 37 35 45 55 16 8 9 5 
230250 230328 0 0 0 77 2 0 81 5 73 87 75 78 77 25 20 17 10 18 38 35 45 55 16 10 10 5 
241750 241886 0 0 0 34 -24 0 38 -20 31 45 57 83 84 25 20 17 10 18 38 35 45 55 16 10 11 5 
255750 255886 0 0 0 -12 -37 0 -14 -36 -22 -8 21 102 101 25 20 17 10 18 36 35 45 55 16 13 13 5 
266750 266763 0 0 0 25 -34 0 26 -30 19 33 57 100 102 25 20 17 10 18 36 35 45 55 16 13 13 5 
277250 277330 0 0 0 -4 -52 0 -3 -49 -12 2 45 103 105 25 20 17 10 18 36 35 45 55 16 13 13 5 
290250 290314 0 0 0 89 -17 0 89 -16 80 94 104 94 94 25 20 17 10 18 38 35 45 55 16 12 12 5 
307250 307288 0 0 0 -23 -57 0 -23 -55 -31 -17 32 107 107 25 20 17 10 18 36 35 45 55 16 14 14 5 
330250 330340 0 0 0 47 -42 0 57 -34 49 63 91 96 96 25 20 17 10 18 38 35 45 55 16 12 12 5 
338750 338854 0 0 0 41 -36 0 49 -31 41 55 79 91 95 25 20 17 10 18 38 35 45 55 16 12 11 5 
346750 346849 0 0 0 -6 -52 0 -5 -48 -15 -1 40 80 81 25 20 17 10 18 38 35 45 55 16 10 10 5 
374750 374864 0 0 0 6 -30 0 9 -25 2 16 35 79 79 25 20 17 10 18 38 35 45 55 16 10 10 5 
414250 414302 0 0 0 42 -10 0 44 -8 37 51 52 79 77 25 20 17 10 18 38 35 45 55 16 10 10 5 
607250 607250 0 0 0 48 -11 0 50 -7 43 57 58 77 78 25 20 17 10 18 38 35 45 55 16 10 9 5 
855750 855863 0 0 0 47 -17 0 53 -12 45 59 65 87 94 25 20 17 10 18 38 35 45 55 16 12 10 5 
1074250 1074342 0 0 0 61 -9 0 64 -5 57 71 69 91 99 25 20 17 10 18 38 35 45 55 16 12 10 5 
1114250 1114289 0 0 0 57 -22 0 57 -22 49 63 79 91 93 25 20 17 10 18 38 35 45 55 16 12 12 5 
1137250 1137370 0 0 0 23 -31 0 25 -29 17 31 54 111 111 25 20 17 10 18 34 35 45 55 16 14 14 5 
1147750 1147870 0 0 0 95 -8 0 101 -5 93 107 106 93 96 25 20 17 10 18 38 35 45 55 16 12 12 5 
1171250 1171318 0 0 0 20 -41 0 8 -42 1 15 50 108 112 25 20 17 10 18 34 35 45 55 16 14 14 5 
1191250 1191400 0 0 0 61 -21 0 65 -13 57 71 77 89 89 25 20 17 10 18 38 35 45 55 16 11 11 5 
1228750 1228856 0 0 0 28 -26 0 30 -24 22 36 53 84 83 25 20 17 10 18 38 35 45 55 16 11 11 5 
1350750 1350813 0 0 0 65 -2 0 70 2 62 76 68 91 91 25 20 17 10 18 38 35 45 55 16 12 12 5 
1392250 1392251 0 0 0 64 -7 0 70 -4 61 75 73 92 93 25 20 17 10 18 38 35 45 55 16 11 12 5 
1425750 1425814 0 0 0 28 -24 0 31 -21 23 37 51 111 115 25 20 17 10 18 34 35 45 55 16 14 14 5 
1443750 1443823 0 0 0 89 -2 0 91 0 84 98 93 91 91 25 20 17 10 18 38 35 45 55 16 11 12 5 
1469250 1469373 0 0 0 1 -41 0 -6 -45 -12 2 39 110 111 25 20 17 10 18 34 35 45 55 16 14 14 5 
1482250 1482316 0 0 0 52 -22 0 55 -20 47 61 75 102 103 25 20 17 10 18 36 35 45 55 16 13 13 5 
1493250 1493256 0 0 0 39 -33 0 42 -31 33 47 72 109 109 25 20 17 10 18 36 35 45 55 16 14 14 5 
1511250 1511343 0 0 0 36 -34 0 39 -32 32 46 72 104 101 25 20 17 10 18 36 35 45 55 16 14 13 5 
1520750 1520881 0 0 0 25 -32 0 19 -31 12 26 50 101 106 25 20 17 10 18 36 35 45 55 16 14 12 5 
1525250 1525387 0 0 0 63 -22 0 71 -17 63 77 87 97 97 25 20 17 10 18 38 35 45 55 16 13 12 5 
1532750 1532882 0 0 0 22 -36 0 21 -33 13 27 53 102 103 25 20 17 10 18 36 35 45 55 16 13 13 5 
1542250 1542278 0 0 0 -35 -68 0 -36 -67 -42 -28 32 115 115 25 20 17 10 18 34 35 45 55 16 15 15 5 
1554250 1554375 0 0 0 40 -33 0 43 -30 36 50 73 105 106 25 20 17 10 18 36 35 45 55 16 14 13 5 
1566750 1566796 0 0 0 7 -56 0 9 -55 2 16 66 111 113 25 20 17 10 18 34 35 45 55 16 14 14 5 
1581750 1581835 0 0 0 38 -53 0 39 -50 31 45 87 97 96 25 20 17 10 18 38 35 45 55 16 12 12 5 
1592750 1592821 0 0 0 68 -35 0 74 -31 67 81 105 95 96 25 20 17 10 18 38 35 45 55 16 12 12 5 
1602750 1602909 0 0 0 49 -36 0 55 -33 47 61 88 96 92 25 20 17 10 18 38 35 45 55 16 13 12 5 
1653250 1653290 0 0 0 59 -30 0 62 -28 54 68 90 92 91 25 20 17 10 18 38 35 45 55 16 12 12 5 
1732250 1732306 0 0 0 65 -21 0 67 -20 58 72 85 90 89 25 20 17 10 18 38 35 45 55 16 11 12 5 
1895250 1895306 0 0 0 64 -29 0 65 -26 58 72 92 96 93 25 20 17 10 18 38 35 45 55 16 12 12 5 
1993250 1993328 0 0 0 76 -17 0 78 -13 71 85 91 88 89 25 20 17 10 18 38 35 45 55 16 11 11 5 
2015250 2015361 0 0 0 87 -4 0 92 0 84 98 91 90 90 25 20 17 10 18 38 35 45 55 16 12 12 5 
2147750 2147831 0 0 0 69 -16 0 72 -13 65 79 86 87 86 25 20 17 10 18 38 35 45 55 16 11 11 5 
2437250 2437331 0 0 0 78 0 0 84 5 77 91 78 89 89 25 20 17 10 16 36 35 45 55 16 11 12 5 
2717750 2717810 0 0 0 50 -18 0 52 -16 47 61 70 87 86 25 20 17 10 16 36 35 45 55 16 11 11 5 
3307250 3307309 0 0 0 78 11 0 81 13 73 87 65 77 78 25 20 17 10 16 36 35 45 55 16 10 10 5 
3654250 3654372 0 0 0 52 3 0 64 9 57 71 56 98 96 25 20 17 10 16 36 35 45 55 16 13 12 5 
3894250 3894377 0 0 0 60 3 0 63 7 54 68 56 83 82 25 20 17 10 16 36 35 45 55 16 10 11 5 
4239250 4239388 0 0 0 55 6 0 58 11 51 65 48 76 84 25 20 17 10 16 36 35 45 55 16 10 10 5 
4663750 4663888 0 0 0 44 1 0 46 3 37 51 43 69 68 25 20 17 10 16 36 35 45 55 16 9 9 5 
4698250 4698325 0 0 0 50 -3 0 52 -1 43 57 52 74 69 25 20 17 10 16 36 35 45 55 16 9 9 5 
5032250 5032267 0 0 0 49 -9 19 52 -5 45 59 57 86 86 25 20 17 10 16 36 35 45 55 16 11 11 5 
5308750 5308814 0 0 0 34 -25 0 37 -22 31 45 60 81 84 25 20 17 10 16 36 35 45 55 16 10 10 5 
5444750 5444816 0 0 0 52 -6 0 55 -5 48 62 60 87 84 25 20 17 10 16 36 35 45 55 16 11 11 5 
5688250 5688791 0 0 0 33 -25 0 42 -20 32 46 61 83 84 25 20 17 10 16 36 35 45 55 16 8 10 5 
5961250 5961398 0 0 0 69 -3 0 66 -3 59 73 69 87 84 25 20 17 10 16 36 35 45 55 16 10 11 5 
6229250 6229311 0 0 0 41 -15 0 45 -14 35 49 58 79 80 25 20 17 10 16 36 35 45 55 16 10 10 5 
6370750 6370900 0 0 0 80 -6 0 83 -5 76 90 88 90 90 25 20 17 10 16 36 35 45 55 16 11 12 5 
6415750 6415812 0 0 0 50 -6 0 54 -4 47 61 58 77 83 25 20 17 10 16 36 35 45 55 16 10 9 5 
6592250 6592395 0 0 0 77 13 0 80 15 71 85 64 73 74 25 20 17 10 16 36 35 45 55 16 9 9 5 
6844250 6844312 0 0 0 75 19 0 79 23 70 84 56 78 76 25 20 17 10 16 36 35 45 55 16 9 10 5 
7172750 7172889 0 0 0 51 -15 0 52 -14 45 59 66 90 94 25 20 17 10 16 36 35 45 55 16 12 11 5 
7263250 7263309 0 0 0 82 3 0 82 4 74 88 78 88 87 25 20 17 10 16 36 35 45 55 16 11 11 5 
7400250 7400349 0 0 0 75 -4 0 78 -1 70 84 79 89 93 25 20 17 10 16 36 35 45 55 16 12 11 5 
7462250 7462414 0 0 0 51 -6 0 54 -3 44 58 56 89 88 25 20 17 10 16 36 35 45 55 16 11 11 5 
7749250 7749283 0 0 0 75 -5 0 79 0 71 85 79 87 86 25 20 17 10 18 38 35 45 55 16 11 11 5 
8009750 8009833 0 0 0 81 0 0 84 3 78 92 83 91 91 25 20 17 10 18 38 35 45 55 16 11 12 5 
8322750 8322816 0 0 0 74 0 11 74 1 68 82 73 89 87 25 20 17 10 18 38 35 45 55 16 11 11 5 
8662250 8662359 0 0 0 98 28 0 101 30 94 108 69 87 88 25 20 17 10 18 38 35 45 55 16 11 11 5 
9029750 9029896 0 0 0 82 20 0 83 21 73 87 60 74 72 25 20 17 10 18 38 35 45 55 16 9 10 5 
9154250 9154416 0 0 0 97 23 0 100 25 92 106 75 76 80 25 20 17 10 18 38 35 45 55 16 10 9 5 
9172250 9172343 0 0 0 64 10 0 70 14 62 76 54 82 79 25 20 17 10 18 38 35 45 55 16 11 10 5 
9222750 9222910 0 0 0 91 25 0 92 27 85 99 67 79 77 25 20 17 10 18 38 35 45 55 16 10 10 5 
9244250 9244396 0 0 0 47 4 0 49 8 43 57 43 81 82 25 20 17 10 18 38 35 45 55 16 10 10 5 
9284250 9284333 0 0 0 51 -2 0 48 -1 41 55 50 89 88 25 20 17 10 18 38 35 45 55 16 11 11 5 
9356250 9356347 0 0 0 61 -2 0 67 4 59 73 61 83 81 25 20 17 10 18 38 35 45 55 16 10 11 5 
9418750 9418786 0 0 0 56 -3 0 58 -2 51 65 60 84 82 25 20 17 10 18 38 35 45 55 16 10 11 5 
9480750 9480882 0 0 0 47 -8 0 54 -4 47 61 58 78 80 25 20 17 10 18 38 35 45 55 16 10 9 5 
9706750 9706914 0 0 0 57 5 0 59 8 51 65 50 73 71 25 20 17 10 18 38 35 45 55 16 9 9 5 
9991750 9991859 0 0 0 45 1 0 46 3 37 51 43 76 79 25 20 17 10 18 38 35 45 55 16 10 10 5 
10009250 10009388 0 0 0 39 -1 0 46 3 38 52 43 85 91 25 20 17 10 18 38 35 45 55 16 10 12 5 
10018250 10018334 0 0 0 24 -15 0 30 -8 23 37 39 96 94 25 20 17 10 18 38 35 45 55 16 13 11 5 
10026750 10026843 0 0 0 21 -8 0 23 -6 16 30 29 87 83 25 20 17 10 18 38 35 45 55 16 11 11 5 
10044250 10044269 0 0 0 55 -1 0 59 2 50 64 56 86 85 25 20 17 10 18 38 35 45 55 16 11 11 5 
10089250 10089375 0 0 0 49 2 0 52 5 45 59 47 73 74 25 20 17 10 18 38 35 45 55 16 9 9 5 
10207750 10207848 0 0 0 53 -5 0 59 -2 52 66 61 90 92 25 20 17 10 18 38 35 45 55 16 11 12 5 
10226250 10226308 0 0 0 57 -15 0 57 -13 51 65 70 91 94 25 20 17 10 18 38 35 45 55 16 12 11 5 
10295250 10295304 0 0 0 54 -1 0 59 3 51 65 55 82 80 25 20 17 10 18 38 35 45 55 16 11 10 5 
10516750 10516948 0 0 0 57 6 0 59 10 52 66 49 72 68 25 20 17 10 18 38 35 45 55 16 10 9 5 
10843750 10843939 0 0 0 59 6 0 60 8 54 68 52 75 75 25 20 17 10 18 38 35 45 55 16 10 10 5 
11245250 11245301 0 0 0 63 12 0 67 16 60 74 50 77 85 25 20 17 10 18 38 35 45 55 16 9 10 5 
11597750 11597865 0 0 0 65 13 0 68 15 60 74 53 75 72 25 20 17 10 18 38 35 45 55 16 10 9 5 
11660250 11660394 0 0 0 37 -13 0 37 -9 29 43 47 90 90 25 20 17 10 18 38 35 45 55 16 11 12 5 
11666250 11666315 0 0 0 -1 -30 0 3 -26 -4 10 29 98 99 25 20 17 10 18 38 35 45 55 16 13 13 5 
11672750 11672879 0 0 0 -38 -49 0 -38 -49 -46 -32 9 102 101 25 20 17 10 18 36 35 45 55 16 13 13 5 
11688750 11688756 0 0 0 32 -21 0 41 -16 32 46 56 97 94 25 20 17 10 18 38 35 45 55 16 13 11 5 
11698250 11698314 0 0 0 -10 -37 0 -2 -40 -71 4 38 101 98 25 20 17 10 18 38 35 45 55 16 13 8 5 
11717750 11717781 0 0 0 4 -30 -15 7 -27 -1 13 34 78 74 25 20 17 10 18 38 35 45 55 16 9 9 5 
11814250 11814364 0 0 0 11 -17 0 14 -13 5 19 26 84 84 25 20 17 10 18 38 35 45 55 16 11 11 5 
11844250 11844419 0 0 0 31 1 0 36 6 28 42 31 80 86 25 20 17 10 18 38 35 45 55 16 10 10 5 
11890750 11890802 0 0 0 41 8 0 47 15 39 53 34 76 76 25 20 17 10 18 38 35 45 55 16 10 9 5 
12173250 12173409 0 0 0 75 33 0 77 36 70 84 42 69 71 25 20 17 10 18 38 35 45 55 16 9 9 5 
12449750 12449863 0 0 0 65 28 0 65 29 58 72 37 69 70 25 20 17 10 18 38 35 45 55 16 9 9 5 
12779750 12779898 0 0 0 83 37 11 87 38 79 93 47 70 72 25 20 17 10 18 38 35 45 55 16 9 9 5 
12790750 12790750 0 0 0 79 30 0 86 34 78 92 53 90 95 25 20 17 10 18 38 35 45 55 16 13 10 5 
12822750 12822809 0 0 0 89 38 0 92 42 85 99 50 72 70 25 20 17 10 18 38 35 45 55 16 9 9 5 
13097750 13097809 0 0 0 80 35 0 80 37 72 86 43 70 71 25 20 17 10 18 38 35 45 55 16 9 9 5 
13647750 13647810 0 0 0 76 29 0 79 32 71 85 46 70 67 25 20 17 10 13 33 35 45 55 16 9 7 5 
13713250 13713332 0 0 0 60 18 0 63 21 54 68 42 72 74 25 20 17 10 11 31 35 45 55 16 9 9 5 
13750750 13750773 0 0 0 45 2 0 51 9 44 58 43 70 66 25 20 17 10 10 30 35 45 55 16 9 9 5 
13803250 13803375 0 0 0 32 -10 0 34 -7 27 41 42 71 68 25 20 17 10 10 30 35 45 55 16 9 9 5 
13967750 13967851 0 0 0 37 -8 0 38 -6 29 43 45 73 75 25 20 17 10 10 30 35 45 55 16 8 9 5 
14216750 14216917 0 0 0 74 32 0 73 33 65 79 39 65 63 25 20 17 10 16 36 35 45 55 16 8 8 5 
14365750 14365798 0 0 0 87 41 0 91 45 83 97 46 68 66 25 20 17 10 18 38 35 45 55 16 9 9 5 
14571250 14571270 0 0 0 74 32 0 74 33 66 80 41 67 67 25 20 17 10 18 38 35 45 55 16 8 8 5 
14940750 14940764 0 0 0 63 24 0 67 27 59 73 41 68 69 25 20 17 10 18 38 35 45 55 16 8 9 5 
15221750 15221903 0 0 0 61 27 0 61 28 53 67 33 65 66 25 20 17 10 18 38 35 45 55 16 7 8 5 
15515250 15515481 0 0 0 68 31 0 69 34 61 75 35 65 66 25 20 17 10 18 38 35 45 55 16 8 8 5 
15957750 15957765 0 0 0 77 40 0 79 42 71 85 35 64 64 25 20 17 10 18 38 35 45 55 16 8 8 5 
16069250 16069418 0 0 0 67 31 0 75 36 66 80 38 65 63 25 20 17 10 18 38 35 45 55 16 8 8 5 
16080750 16080847 0 0 0 62 21 0 68 23 61 75 45 90 97 25 20 17 10 18 38 35 45 55 16 11 12 5 
16087250 16087393 0 0 0 102 53 0 107 56 97 111 49 74 75 25 20 17 10 18 38 35 45 55 16 6 9 5 
16090250 16090371 0 13 0 68 25 0 69 25 62 76 45 86 83 25 20 17 10 18 38 35 45 55 16 6 12 5 
16093250 16093271 0 0 0 35 0 0 34 -1 26 40 35 91 96 25 20 17 10 18 38 35 45 55 16 12 11 5 
16105250 16105307 0 0 0 33 -6 0 37 -4 30 44 40 94 93 25 20 17 10 18 38 35 45 55 16 12 12 5 
16112250 16112412 0 0 0 78 22 0 78 23 70 84 53 88 88 25 20 17 10 18 38 35 45 55 16 11 10 5 
16127250 16127254 0 0 0 74 27 0 75 29 68 82 47 87 92 25 20 17 10 18 38 35 45 55 16 10 10 5 
16139750 16139831 0 0 0 29 4 0 33 5 24 38 28 86 87 25 20 17 10 18 38 35 45 55 16 10 11 5 
16151250 16151314 0 0 0 68 34 0 71 37 64 78 34 70 69 25 20 17 10 18 38 35 45 55 16 9 9 5 
16173250 16173395 0 0 0 44 24 0 44 25 37 51 19 66 66 25 20 17 10 18 38 35 45 55 16 8 8 5 
16194250 16194285 0 0 0 55 31 0 60 36 53 67 25 69 68 25 20 17 10 18 38 35 45 55 16 9 9 5 
16323250 16323437 0 0 0 47 22 0 50 25 43 57 24 62 63 25 20 17 10 18 38 35 45 55 16 8 8 5 
16408250 16408396 0 0 0 73 35 0 76 38 67 81 37 63 62 25 20 17 10 18 38 35 45 55 16 8 8 5 
16693750 16693884 0 0 0 76 42 0 79 46 73 87 33 60 59 25 20 17 10 18 38 35 45 55 16 7 8 5 
17003250 17003415 0 0 0 88 46 0 93 51 84 98 42 66 67 25 20 17 10 18 38 35 45 55 16 8 9 5 
17185250 17185346 0 0 0 101 54 0 105 58 99 113 47 63 63 25 20 17 10 18 38 35 45 55 16 8 8 5 
17328250 17328472 0 0 0 67 33 12 66 34 59 73 33 65 66 25 20 17 10 18 38 35 45 55 16 8 8 5 
17590750 17590835 0 0 0 75 38 19 78 42 70 84 35 66 67 25 20 17 10 18 38 35 45 55 16 8 8 5 
17762750 17762875 0 0 0 54 29 0 60 32 51 65 26 64 63 25 20 17 10 18 38 35 45 55 16 8 8 5 
18248250 18248488 0 0 0 67 28 0 73 34 65 79 39 73 72 25 20 17 10 18 38 35 45 55 16 8 9 5 
18572750 18572765 0 0 0 54 25 0 53 27 46 60 26 73 73 25 20 17 10 18 38 35 45 55 16 9 9 5 
19078750 19078828 0 0 0 64 3 0 68 6 59 73 61 90 92 25 20 17 10 18 38 35 45 55 16 11 12 5 
19395250 19395368 0 -1 1 10 -53 -55 18 -47 11 25 67 109 108 25 20 17 10 18 36 35 45 55 16 11 14 5 
19399750 19399852 0 2 1 -41 -82 -106 -40 -79 -49 -35 38 122 125 25 20 17 10 18 33 35 45 55 16 16 16 5 
19494750 19494847 0 -3 1 16 -51 -49 23 -46 15 29 68 113 112 25 20 17 10 18 34 35 45 55 16 14 14 5 
19820250 19820404 0 0 0 66 -17 0 65 -17 58 72 84 95 96 25 20 17 10 18 38 35 45 55 16 12 12 5 
19974250 19974362 0 0 0 56 -12 0 60 -7 53 67 68 96 94 25 20 17 10 18 38 35 45 55 16 12 12 5 
19994250 19994321 0 -1 1 3 -49 -53 5 -45 -4 10 49 107 108 25 20 17 10 18 36 35 45 55 16 14 13 5 
20070250 20070325 0 2 1 -49 -103 -105 -51 -101 -57 -43 50 116 116 25 20 17 10 18 34 35 45 55 16 15 14 5 
20076750 20076952 0 -3 1 8 -59 -48 18 -53 9 23 72 117 118 25 20 17 10 18 34 35 45 55 16 15 15 5 
20085750 20085873 0 -1 1 3 -56 -53 -5 -54 -13 1 48 110 112 25 20 17 10 18 34 35 45 55 16 13 14 5 
20091750 20091754 0 2 1 -54 -88 -110 -53 -86 -60 -46 34 114 115 25 20 17 10 18 34 35 45 55 16 15 15 5 
20106250 20106306 0 -3 1 9 -59 -47 10 -57 2 16 67 112 111 25 20 17 10 18 34 35 45 55 16 14 15 5 
40250 40424 1 0 0 -28 -77 0 -33 -81 -18 38 48 70 67 25 20 16 10 18 38 35 45 55 16 9 9 5 
89750 89810 1 0 -1 0 -64 0 0 -64 -6 56 57 68 67 25 20 17 10 17 37 35 45 55 16 8 9 5 
189250 189277 1 0 0 35 -59 0 32 -63 44 100 94 87 84 25 20 17 10 18 38 35 45 55 16 11 11 5 
231250 231318 1 0 0 36 -54 0 30 -59 44 100 87 78 75 25 20 17 10 18 38 35 45 55 16 10 10 5 
243250 243346 1 0 0 39 -46 0 36 -45 50 106 83 84 83 25 20 17 10 18 38 35 45 55 16 11 11 5 
257750 257813 1 0 0 -54 -101 0 -65 -104 -51 5 40 103 106 25 20 17 10 18 36 35 45 55 16 13 13 5 
269750 269831 1 0 0 2 -99 0 14 -99 28 84 113 99 96 25 20 17 10 18 38 35 45 55 16 13 13 5 
279250 279379 1 0 0 -41 -125 0 -26 -126 -14 42 100 101 99 25 20 17 10 18 38 35 45 55 16 13 13 5 
291250 291324 1 0 0 65 -87 0 66 -86 79 135 152 94 91 25 20 17 10 18 38 35 45 55 16 12 12 5 
309250 309262 1 0 0 -121 -162 0 -134 -167 -120 -64 33 106 108 25 20 17 10 18 36 35 45 55 16 14 14 5 
332750 332891 1 0 0 44 -91 0 46 -91 59 115 139 95 97 25 20 17 10 18 38 35 45 55 16 12 12 5 
340250 340274 1 0 0 33 -86 0 34 -87 49 105 121 88 94 25 20 17 10 18 38 35 45 55 16 11 11 5 
352250 352259 1 0 0 -24 -110 0 -25 -111 -11 45 86 81 83 25 20 17 10 18 38 35 45 55 16 10 10 5 
385250 385376 1 0 0 -36 -109 0 -38 -111 -26 30 71 76 76 25 20 17 10 18 38 35 45 55 16 10 10 5 
418750 418843 1 0 0 -16 -89 0 -18 -90 -6 50 72 79 79 25 20 17 10 18 38 35 45 55 16 10 10 5 
612750 612865 1 0 0 22 -65 0 21 -66 34 90 88 76 77 25 20 17 10 18 38 35 45 55 16 10 10 5 
864250 864390 1 0 0 31 -77 0 29 -80 42 98 110 89 90 25 20 17 10 18 38 35 45 55 16 11 11 5 
1074250 1074342 1 0 0 16 -86 0 18 -85 30 86 103 91 99 25 20 17 10 18 38 35 45 55 16 12 10 5 
1116250 1116286 1 0 0 13 -94 0 11 -96 24 80 107 87 87 25 20 17 10 18 38 35 45 55 16 12 10 5 
1135250 1135349 1 0 0 -36 -100 0 -37 -102 -25 31 66 111 112 25 20 17 10 18 34 35 45 55 16 14 14 5 
1147250 1147397 1 0 0 54 -80 0 50 -85 64 120 136 93 94 25 20 17 10 18 38 35 45 55 16 12 12 5 
1169750 1169809 1 0 0 -27 -101 0 -25 -104 -11 45 78 108 108 25 20 17 10 18 36 35 45 55 16 14 14 5 
1191250 1191400 1 0 0 24 -87 0 23 -87 37 93 111 89 89 25 20 17 10 18 38 35 45 55 16 11 11 5 
1234250 1234278 1 0 0 -9 -92 0 -9 -92 4 60 83 85 88 25 20 17 10 18 38 35 45 55 16 9 11 5 
1345250 1345410 1 0 0 40 -64 0 41 -63 55 111 105 91 89 25 20 17 10 18 38 35 45 55 16 12 12 5 
1406250 1406251 1 0 0 15 -88 0 9 -91 23 79 101 89 85 25 20 17 10 18 38 35 45 55 16 11 11 5 
1424750 1424877 1 0 0 -41 -110 0 -44 -110 -30 26 66 111 110 25 20 17 10 18 34 35 45 55 16 14 14 5 
1440750 1440773 1 0 0 30 -102 0 29 -103 43 99 133 91 93 25 20 17 10 18 38 35 45 55 16 12 11 5 
1465750 1465800 1 0 0 -75 -126 0 -82 -127 -69 -13 44 110 110 25 20 17 10 18 34 35 45 55 16 14 14 5 
1479250 1479315 1 0 0 0 -117 0 1 -117 15 71 118 99 97 25 20 17 10 18 38 35 45 55 16 12 13 5 
1491250 1491327 1 0 0 -62 -136 0 -56 -138 -41 15 83 110 106 25 20 17 10 18 36 35 45 55 16 14 14 5 
1510250 1510338 1 0 0 -26 -121 0 -28 -123 -15 41 95 103 108 25 20 17 10 18 36 35 45 55 16 13 13 5 
1519250 1519314 1 0 0 -59 -140 0 -63 -141 -50 6 79 105 105 25 20 17 10 18 36 35 45 55 16 14 14 5 
1525750 1525851 1 0 0 12 -121 0 16 -119 29 85 136 98 97 25 20 17 10 18 38 35 45 55 16 12 12 5 
1534750 1534813 1 0 0 -56 -142 0 -40 -142 -27 29 101 102 96 25 20 17 10 18 38 35 45 55 16 13 13 5 
1540750 1540835 1 0 0 -130 -174 0 -138 -182 -125 -69 44 114 112 25 20 17 10 18 34 35 45 55 16 14 15 5 
1552250 1552278 1 0 0 -43 -144 0 -43 -144 -30 26 99 107 107 25 20 17 10 18 36 35 45 55 16 14 14 5 
1569250 1569333 1 0 0 -89 -149 0 -89 -149 -76 -20 59 111 113 25 20 17 10 18 34 35 45 55 16 15 14 5 
1577750 1577860 1 0 0 -20 -136 0 -7 -135 7 63 129 98 98 25 20 17 10 18 38 35 45 55 16 12 13 5 
1592750 1592821 1 0 0 -21 -122 0 -23 -123 -11 45 99 95 96 25 20 17 10 18 38 35 45 55 16 12 12 5 
1609250 1609285 1 0 0 -36 -127 0 -39 -130 -24 32 92 95 93 25 20 17 10 18 38 35 45 55 16 12 12 5 
1655250 1655389 1 0 0 -13 -106 0 -14 -107 -1 55 93 94 91 25 20 17 10 18 38 35 45 55 16 12 12 5 
1732250 1732306 1 0 0 -52 -120 0 -55 -123 -42 14 68 90 89 25 20 17 10 18 38 35 45 55 16 11 12 5 
1898250 1898297 1 0 0 -38 -115 0 -33 -112 -20 36 80 94 92 25 20 17 10 18 38 35 45 55 16 12 12 5 
1995750 1995901 1 0 0 -37 -112 0 -40 -113 -26 30 74 89 88 25 20 17 10 18 38 35 45 55 16 11 11 5 
2019250 2019344 1 0 0 -7 -101 0 -10 -105 3 59 95 91 90 25 20 17 10 18 38 35 45 55 16 11 12 5 
2158750 2158863 1 0 0 -4 -99 0 -4 -99 8 64 95 91 94 25 20 17 10 18 38 35 45 55 16 12 12 5 
2444750 2444786 1 0 0 -5 -87 12 -6 -88 7 63 82 85 88 25 20 17 10 16 36 35 45 55 16 11 11 5 
2727750 2727910 1 0 0 3 -83 -12 2 -84 16 72 87 85 89 25 20 17 10 16 36 35 45 55 16 11 11 5 
3307250 3307309 1 0 0 6 -73 -2 6 -74 20 76 80 77 78 25 20 17 10 16 36 35 45 55 16 10 10 5 
3670250 3670400 1 0 0 22 -95 0 29 -101 43 99 130 95 94 25 20 17 10 16 36 35 45 55 16 13 12 5 
3889250 3889331 1 0 0 4 -83 0 3 -83 17 73 86 82 79 25 20 17 10 16 36 35 45 55 16 11 10 5 
4242750 4242775 1 0 0 -8 -60 0 -9 -63 3 59 55 72 70 25 20 17 10 16 36 35 45 55 16 9 9 5 
4662750 4662833 1 0 0 -17 -62 0 -19 -63 -6 50 45 70 76 25 20 17 10 16 36 35 45 55 16 9 9 5 
4699250 4699385 1 0 0 16 -63 0 13 -64 25 81 77 74 73 25 20 17 10 16 36 35 45 55 16 9 9 5 
5030250 5030384 1 0 0 -7 -85 -12 -11 -87 1 57 75 86 89 25 20 17 10 16 36 35 45 55 16 11 11 5 
5302250 5302419 1 0 0 4 -84 0 3 -84 14 70 85 82 81 25 20 17 10 16 36 35 45 55 16 11 10 5 
5442750 5442796 1 0 0 -3 -81 0 -2 -79 10 66 78 89 89 25 20 17 10 16 36 35 45 55 16 12 11 5 
5677250 5677361 1 0 0 -15 -87 0 -19 -91 -6 50 72 77 77 25 20 17 10 16 36 35 45 55 16 10 10 5 
5970750 5970814 1 0 0 10 -74 0 11 -75 24 80 85 88 95 25 20 17 10 16 36 35 45 55 16 11 11 5 
6217250 6217361 1 0 0 9 -72 0 11 -70 23 79 80 87 86 25 20 17 10 16 36 35 45 55 16 11 11 5 
6372750 6372883 1 0 0 26 -88 0 24 -91 37 93 114 92 89 25 20 17 10 16 36 35 45 55 16 12 12 5 
6415250 6415250 1 0 0 -16 -91 0 -13 -90 2 58 78 78 79 25 20 17 10 16 36 35 45 55 16 10 10 5 
6580750 6580945 1 0 0 19 -53 0 17 -53 31 87 72 72 75 25 20 17 10 16 36 35 45 55 16 9 9 5 
6848250 6848349 1 0 0 4 -72 0 4 -72 16 72 74 79 79 25 20 17 10 16 36 35 45 55 16 10 10 5 
7179250 7179314 1 0 0 -7 -88 0 -3 -86 10 66 83 90 90 25 20 17 10 16 36 35 45 55 16 11 12 5 
7257750 7257826 1 0 0 26 -78 0 25 -77 37 93 100 94 91 25 20 17 10 16 36 35 45 55 16 12 12 5 
7396750 7396900 1 0 0 18 -72 0 16 -73 28 84 88 90 93 25 20 17 10 16 36 35 45 55 16 11 9 5 
7453750 7453810 1 0 0 1 -86 0 -2 -89 11 67 87 86 85 25 20 17 10 16 36 35 45 55 16 11 11 5 
7751750 7751883 1 0 0 -6 -107 0 -5 -106 7 63 100 86 84 25 20 17 10 18 38 35 45 55 16 11 11 5 
8020750 8020839 1 0 0 6 -88 0 5 -90 17 73 94 89 91 25 20 17 10 18 38 35 45 55 16 12 11 5 
8314250 8314357 1 0 0 2 -89 0 3 -90 16 72 92 89 90 25 20 17 10 18 38 35 45 55 16 11 11 5 
8658250 8658423 1 0 0 6 -75 0 6 -76 19 75 81 84 80 25 20 17 10 18 38 35 45 55 16 11 10 5 
9031750 9031779 1 0 0 8 -49 0 6 -50 20 76 57 75 75 25 20 17 10 18 38 35 45 55 16 10 9 5 
9153750 9153846 1 0 0 13 -55 0 12 -57 24 80 69 77 79 25 20 17 10 18 38 35 45 55 16 10 10 5 
9173750 9173837 1 0 0 28 -56 0 27 -58 40 96 84 81 82 25 20 17 10 18 38 35 45 55 16 10 10 5 
9226750 9226822 1 0 0 30 -60 0 28 -62 42 98 89 81 81 25 20 17 10 18 38 35 45 55 16 10 10 5 
9246250 9246428 1 0 0 38 -59 0 39 -60 53 109 99 83 82 25 20 17 10 18 38 35 45 55 16 10 11 5 
9283250 9283300 1 0 0 32 -78 0 33 -76 46 102 108 89 88 25 20 17 10 18 38 35 45 55 16 12 11 5 
9355250 9355407 1 0 0 -3 -92 0 0 -91 12 68 89 84 79 25 20 17 10 18 38 35 45 55 16 11 11 5 
9417750 9417851 1 0 0 2 -75 0 0 -76 14 70 76 83 80 25 20 17 10 18 38 35 45 55 16 11 10 5 
9494750 9494936 1 0 0 -41 -89 0 -40 -89 -26 30 48 77 78 25 20 17 10 18 38 35 45 55 16 10 10 5 
9687750 9687872 1 0 0 4 -49 0 2 -50 18 74 52 70 69 25 20 17 10 18 38 35 45 55 16 9 9 5 
9991250 9991278 1 0 0 -3 -55 0 -2 -56 11 67 55 76 75 25 20 17 10 18 38 35 45 55 16 10 10 5 
10012250 10012394 1 0 0 -3 -55 0 -5 -57 8 64 53 91 90 25 20 17 10 18 38 35 45 55 16 8 7 5 
10018750 10018828 1 0 0 -67 -95 0 -73 -97 -60 -4 24 96 91 25 20 17 10 18 38 35 45 55 16 12 11 5 
10027250 10027387 1 0 0 -30 -81 0 -32 -81 -19 37 49 87 86 25 20 17 10 18 38 35 45 55 16 11 11 5 
10032250 10032266 1 13 0 4 -79 16 -6 -77 5 61 69 96 100 25 20 17 10 18 36 35 45 55 16 12 13 5 
10044250 10044269 1 0 0 33 -80 0 33 -80 45 101 113 86 85 25 20 17 10 18 38 35 45 55 16 11 11 5 
10095750 10095940 1 0 0 -26 -86 0 -29 -88 -16 40 60 73 72 25 20 17 10 18 38 35 45 55 16 9 9 5 
10206250 10206345 1 0 0 -8 -94 0 -9 -97 4 60 87 86 87 25 20 17 10 18 38 35 45 55 16 10 12 5 
10226750 10226796 1 0 0 -33 -105 0 -32 -105 -18 38 73 90 89 25 20 17 10 18 38 35 45 55 16 12 11 5 
10291750 10291909 1 0 0 -33 -82 0 -35 -85 -21 35 51 84 84 25 20 17 10 18 38 35 45 55 16 11 11 5 
10512750 10512913 1 0 0 3 -51 0 0 -51 13 69 52 75 73 25 20 17 10 18 38 35 45 55 16 10 9 5 
10842750 10842925 1 0 0 -3 -61 0 -1 -61 13 69 59 76 75 25 20 17 10 18 38 35 45 55 16 10 9 5 
11200250 11200432 1 0 0 -8 -52 0 -11 -53 1 57 41 73 73 25 20 17 10 18 38 35 45 55 16 9 9 5 
11599250 11599310 1 0 0 -8 -57 0 -9 -57 4 60 48 75 76 25 20 17 10 18 38 35 45 55 16 9 10 5 
11660250 11660394 1 0 0 -11 -85 0 -16 -88 -3 53 72 90 90 25 20 17 10 18 38 35 45 55 16 11 12 5 
11666750 11666776 1 0 0 -50 -119 0 -49 -122 -35 21 74 99 99 25 20 17 10 18 38 35 45 55 16 13 13 5 
11671250 11671258 1 0 0 -95 -130 0 -99 -131 -85 -29 34 102 102 25 20 17 10 18 36 35 45 55 16 13 13 5 
11688750 11688756 1 0 0 -13 -117 0 -4 -114 8 64 110 97 94 25 20 17 10 18 38 35 45 55 16 13 11 5 
11697750 11697861 1 0 0 -52 -113 0 -69 -126 -58 0 56 101 101 25 20 17 10 18 36 35 45 55 16 12 9 5 
11727750 11727796 1 0 0 -98 -127 0 -102 -129 -90 -34 25 81 80 25 20 17 10 18 38 35 45 55 16 11 9 5 
11814250 11814364 1 0 0 -60 -89 0 -60 -88 -46 10 28 84 84 25 20 17 10 18 38 35 45 55 16 11 11 5 
11834750 11834826 1 0 0 -13 -74 0 -6 -72 7 63 68 84 83 25 20 17 10 18 38 35 45 55 16 10 10 5 
11895750 11895844 1 0 0 -30 -78 0 -29 -78 -14 42 50 75 77 25 20 17 10 18 38 35 45 55 16 10 10 5 
12175250 12175299 1 0 0 6 -45 0 8 -44 22 78 52 70 69 25 20 17 10 18 38 35 45 55 16 9 9 5 
12482750 12482921 1 0 0 2 -36 0 -1 -39 14 70 40 71 71 25 20 17 10 18 38 35 45 55 16 9 9 5 
12780750 12780944 1 0 0 14 -36 0 14 -37 26 82 50 70 70 25 20 17 10 18 38 35 45 55 16 9 9 5 
12791750 12791775 1 0 0 10 -42 0 8 -44 22 78 52 87 76 25 20 17 10 18 38 35 45 55 16 12 10 5 
12826750 12826852 1 0 0 15 -39 0 14 -41 28 84 57 71 69 25 20 17 10 18 38 35 45 55 16 9 9 5 
13111750 13111866 1 0 0 -1 -38 0 -1 -38 13 69 36 71 72 25 20 17 10 18 38 35 45 55 16 9 9 5 
13660250 13660459 1 0 0 -4 -34 0 -4 -34 9 65 30 68 65 25 20 17 10 13 33 35 45 55 16 7 9 5 
13715250 13715385 1 0 0 -26 -31 0 -27 -29 -13 43 2 72 71 25 20 17 10 10 30 35 45 55 16 9 9 5 
13758250 13758355 1 0 0 -15 -34 0 -17 -36 -3 53 19 69 69 25 20 17 10 10 30 35 45 55 16 9 9 5 
13805250 13805311 1 0 0 -30 -43 0 -31 -45 -17 39 14 71 79 25 20 17 10 10 30 35 45 55 16 9 9 5 
13962750 13962830 1 0 0 -33 -48 0 -35 -51 -21 35 14 72 76 25 20 17 10 10 30 35 45 55 16 9 9 5 
14193250 14193287 1 0 0 -18 -44 0 -18 -44 -6 50 26 64 64 25 20 17 10 15 35 35 45 55 16 8 8 5 
14369750 14369938 1 0 0 16 -30 0 15 -31 29 85 46 68 70 25 20 17 10 18 38 35 45 55 16 9 8 5 
14575750 14575915 1 0 0 16 -31 0 15 -32 27 83 45 70 72 25 20 17 10 18 38 35 45 55 16 10 8 5 
14967750 14967961 1 0 0 9 -29 0 8 -29 22 78 38 67 68 25 20 17 10 18 38 35 45 55 16 8 8 5 
15231250 15231427 1 0 0 3 -31 0 3 -31 17 73 35 65 59 25 20 17 10 18 38 35 45 55 16 8 8 5 
15512750 15512891 1 0 0 9 -24 0 8 -25 20 76 31 64 62 25 20 17 10 18 38 35 45 55 16 8 8 5 
15979250 15979266 1 0 0 14 -15 0 13 -16 26 82 29 67 69 25 20 17 10 18 38 35 45 55 16 9 8 5 
16069750 16069895 1 0 0 7 -22 -15 3 -25 17 73 29 65 66 25 20 17 10 18 38 35 45 55 16 8 8 5 
16082750 16082881 1 0 0 5 -35 0 7 -36 21 77 43 81 73 25 20 17 10 18 38 35 45 55 16 12 8 5 
16088250 16088350 1 0 0 49 -5 0 57 1 72 128 56 78 82 25 20 17 10 18 38 35 45 55 16 6 6 5 
16090250 16090371 1 13 0 31 -20 -2 23 -25 34 90 47 86 83 25 20 17 10 18 38 35 45 55 16 6 12 5 
16094750 16094806 1 0 0 -2 -44 0 -4 -45 11 67 41 90 85 25 20 17 10 18 38 35 45 55 16 12 10 5 
16105250 16105307 1 0 0 25 -47 0 24 -48 37 93 71 94 93 25 20 17 10 18 38 35 45 55 16 12 12 5 
16111750 16111903 1 0 0 73 -23 0 74 -24 88 144 98 88 88 25 20 17 10 18 38 35 45 55 16 11 10 5 
16126250 16126440 1 0 0 59 -26 0 53 -30 67 123 83 86 91 25 20 17 10 18 38 35 45 55 16 9 12 5 
16139250 16139307 1 0 0 14 -40 0 11 -40 24 80 51 87 86 25 20 17 10 18 38 35 45 55 16 10 11 5 
16148250 16148257 1 0 0 38 -26 0 38 -27 51 107 65 74 72 25 20 17 10 18 38 35 45 55 16 8 10 5 
16173250 16173395 1 0 0 -10 -50 0 -12 -52 2 58 40 66 66 25 20 17 10 18 38 35 45 55 16 8 8 5 
16196750 16196903 1 0 0 -12 -55 0 -14 -57 -1 55 42 67 66 25 20 17 10 18 38 35 45 55 16 9 8 5 
16331750 16331908 1 0 0 21 -25 0 21 -25 33 89 46 62 63 25 20 17 10 18 38 35 45 55 16 7 8 5 
16413250 16413446 1 0 0 19 -17 0 17 -20 31 87 37 62 61 25 20 17 10 18 38 35 45 55 16 8 8 5 
16715250 16715341 1 0 0 10 -13 0 10 -14 23 79 23 61 62 25 20 17 10 18 38 35 45 55 16 8 7 5 
17050750 17050868 1 0 0 14 -24 0 14 -25 28 84 39 64 66 25 20 17 10 18 38 35 45 55 16 8 8 5 
17343250 17343382 1 0 0 8 -23 3 6 -24 20 76 31 61 61 25 20 17 10 18 38 35 45 55 16 8 8 5 
17613250 17613299 1 0 0 16 -16 0 16 -16 29 85 32 67 67 25 20 17 10 18 38 35 45 55 16 8 9 5 
17778250 17778274 1 0 0 -1 -25 0 -3 -27 10 66 24 64 66 25 20 17 10 18 38 35 45 55 16 7 8 5 
18248250 18248488 1 0 0 19 -29 0 17 -32 29 85 47 73 72 25 20 17 10 18 38 35 45 55 16 8 9 5 
18595750 18595916 1 0 0 -4 -37 0 -4 -37 7 63 32 64 63 25 20 17 10 18 38 35 45 55 16 8 8 5 
19077750 19077814 1 0 0 13 -65 0 11 -68 23 79 77 89 87 25 20 17 10 18 38 35 45 55 16 11 12 5 
19161750 19161751 1 -1 1 -43 -124 -57 -45 -132 -33 23 87 104 99 25 20 17 10 18 38 35 45 55 16 13 14 5 
19400750 19400828 1 2 1 -156 -189 -171 -162 -191 -149 -93 29 122 123 25 20 17 10 18 33 35 45 55 16 16 15 5 
19607250 19607293 1 -3 1 -31 -121 -47 -30 -119 -18 38 88 104 101 25 20 17 10 18 36 35 45 55 16 14 13 5 
19815750 19815902 1 0 0 18 -81 0 22 -80 35 91 102 92 89 25 20 17 10 18 38 35 45 55 16 12 12 5 
19975250 19975321 1 0 0 -5 -100 0 -8 -103 6 62 95 96 96 25 20 17 10 18 38 35 45 55 16 12 12 5 
19991750 19991805 1 -1 1 -56 -126 -51 -57 -128 -43 13 69 106 106 25 20 17 10 18 36 35 45 55 16 13 14 5 
20069250 20069288 1 2 1 -275 -315 -270 -286 -320 -273 -217 35 115 115 25 20 17 10 18 34 35 45 55 16 15 14 5 
45750 45963 2 0 0 -23 -88 0 -25 -90 -19 58 66 68 68 25 20 16 10 18 38 35 45 55 16 9 9 5 
89750 89810 2 0 -1 0 -81 0 0 -81 3 77 83 68 67 25 20 17 10 17 37 35 45 55 16 8 9 5 
195750 195782 2 0 0 25 -82 0 28 -80 34 111 109 83 84 25 20 17 10 18 38 35 45 55 16 11 10 5 
230250 230328 2 0 0 30 -82 0 33 -78 38 115 110 78 77 25 20 17 10 18 38 35 45 55 16 10 10 5 
244250 244406 2 0 0 60 -35 0 68 -35 73 150 102 86 85 25 20 17 10 18 38 35 45 55 16 11 11 5 
258250 258384 2 0 0 -44 -115 0 -47 -115 -40 37 69 103 106 25 20 17 10 18 36 35 45 55 16 13 13 5 
270750 270895 2 0 0 10 -100 0 1 -99 6 83 99 100 101 25 20 17 10 18 36 35 45 55 16 13 13 5 
278250 278347 2 0 0 -28 -116 0 -38 -118 -31 46 81 102 101 25 20 17 10 18 36 35 45 55 16 13 13 5 
287750 287793 2 0 0 58 -105 0 64 -105 70 147 168 95 96 25 20 17 10 18 38 35 45 55 16 12 12 5 
308250 308272 2 0 0 -97 -163 0 -109 -170 -102 -25 62 107 107 25 20 17 10 18 36 35 45 55 16 14 14 5 
332750 332891 2 0 0 66 -116 0 73 -116 80 157 190 95 97 25 20 17 10 18 38 35 45 55 16 12 12 5 
338250 338349 2 0 0 20 -121 0 20 -119 27 104 139 92 88 25 20 17 10 18 38 35 45 55 16 12 11 5 
354250 354328 2 0 0 -23 -124 0 -23 -123 -16 61 101 80 81 25 20 17 10 18 38 35 45 55 16 10 10 5 
386750 386755 2 0 0 -42 -125 0 -42 -123 -33 44 83 76 75 25 20 17 10 18 38 35 45 55 16 10 10 5 
434750 434948 2 0 0 -14 -99 0 -13 -97 -8 69 83 74 73 25 20 17 10 18 38 35 45 55 16 10 9 5 
620250 620391 2 0 0 3 -79 0 3 -78 11 88 81 76 74 25 20 17 10 18 38 35 45 55 16 10 10 5 
869750 869809 2 0 0 11 -100 0 11 -99 17 94 110 90 90 25 20 17 10 18 38 35 45 55 16 11 12 5 
1070750 1070875 2 0 0 -4 -113 0 1 -112 8 85 114 89 85 25 20 17 10 18 38 35 45 55 16 12 11 5 
1120750 1120820 2 0 0 13 -105 0 15 -101 21 98 116 88 91 25 20 17 10 18 38 35 45 55 16 12 11 5 
1136750 1136830 2 0 0 -62 -134 0 -66 -134 -60 17 69 111 110 25 20 17 10 18 34 35 45 55 16 14 14 5 
1148250 1148339 2 0 0 47 -88 0 50 -87 55 132 136 94 97 25 20 17 10 18 38 35 45 55 16 12 12 5 
1171750 1171853 2 0 0 -49 -138 0 -59 -138 -53 24 79 108 111 25 20 17 10 18 34 35 45 55 16 14 14 5 
1189250 1189296 2 0 0 -7 -131 0 0 -127 8 85 128 87 88 25 20 17 10 18 38 35 45 55 16 11 11 5 
1230750 1230824 2 0 0 -19 -115 0 -20 -116 -13 64 96 83 82 25 20 17 10 18 38 35 45 55 16 11 10 5 
1346750 1346895 2 0 0 19 -93 0 22 -91 27 104 111 92 93 25 20 17 10 18 38 35 45 55 16 12 12 5 
1406750 1406769 2 0 0 -107 -189 0 -103 -188 -96 -19 84 89 88 25 20 17 10 18 34 35 45 55 16 14 15 5 
1423250 1423252 2 0 0 -56 -137 0 -48 -137 -42 35 90 109 109 25 20 17 10 18 36 35 45 55 16 14 14 5 
1439250 1439330 2 0 0 16 -116 36 14 -117 20 97 130 92 91 25 20 17 10 18 38 35 45 55 16 12 12 5 
1465250 1465260 2 0 0 -81 -157 0 -82 -154 -76 1 71 110 111 25 20 17 10 18 34 35 45 55 16 14 14 5 
1478250 1478389 2 0 0 -17 -147 0 -6 -142 0 77 135 99 97 25 20 17 10 18 38 35 45 55 16 13 12 5 
1492250 1492297 2 0 0 -79 -166 0 -80 -166 -73 4 88 109 108 25 20 17 10 18 36 35 45 55 16 14 14 5 
1508250 1508320 2 0 0 -24 -143 0 -12 -142 -5 72 129 100 99 25 20 17 10 18 38 35 45 55 16 12 13 5 
1518250 1518313 2 0 0 -70 -162 0 -69 -161 -61 16 93 107 107 25 20 17 10 18 36 35 45 55 16 14 14 5 
1525250 1525387 2 0 0 -71 -159 0 -78 -158 -71 6 80 97 97 25 20 17 10 18 36 35 45 55 16 13 13 5 
1533750 1533760 2 0 0 -71 -159 12 -78 -158 -71 6 80 102 103 25 20 17 10 18 36 35 45 55 16 13 13 5 
1540750 1540835 2 0 0 -148 -201 0 -154 -205 -148 -71 50 114 112 25 20 17 10 18 34 35 45 55 16 14 15 5 
1551250 1551300 2 0 0 -64 -170 0 -65 -168 -59 18 103 107 109 25 20 17 10 18 36 35 45 55 16 14 14 5 
1567250 1567333 2 0 0 -107 -189 -25 -103 -188 -96 -19 84 112 112 25 20 17 10 18 34 35 45 55 16 14 15 5 
1581250 1581364 2 0 0 -27 -166 0 -26 -164 -20 57 139 97 96 25 20 17 10 18 38 35 45 55 16 12 12 5 
1595750 1595825 2 0 0 -52 -156 0 -53 -154 -46 31 102 96 93 25 20 17 10 18 38 35 45 55 16 12 13 5 
1618750 1618858 2 0 0 -47 -154 0 -40 -151 -32 45 112 94 96 25 20 17 10 18 38 35 45 55 16 12 12 5 
1656250 1656364 2 0 0 -42 -151 0 -39 -147 -33 44 107 94 94 25 20 17 10 18 38 35 45 55 16 12 12 5 
1732250 1732306 2 0 0 -56 -158 0 -57 -158 -50 27 102 90 89 25 20 17 10 18 38 35 45 55 16 11 12 5 
1894250 1894376 2 0 0 -44 -149 0 -47 -152 -40 37 106 96 99 25 20 17 10 18 38 35 45 55 16 12 12 5 
1994750 1994849 2 0 0 -51 -141 0 -47 -138 -39 38 91 88 84 25 20 17 10 18 38 35 45 55 16 11 11 5 
2019250 2019344 2 0 0 -16 -130 0 -17 -130 -11 66 113 91 90 25 20 17 10 18 38 35 45 55 16 11 12 5 
2153250 2153361 2 0 0 -23 -126 0 -23 -124 -16 61 102 89 91 25 20 17 10 18 38 35 45 55 16 11 11 5 
2444750 2444786 2 0 0 -26 -134 0 -25 -133 -18 59 109 85 88 25 20 17 10 16 36 35 45 55 16 11 11 5 
2725250 2725287 2 0 0 -3 -110 0 -3 -108 3 80 106 85 83 25 20 17 10 16 36 35 45 55 16 11 11 5 
3303250 3303343 2 0 0 -9 -108 16 -7 -107 -1 76 101 77 82 25 20 17 10 16 36 35 45 55 16 10 9 5 
3664250 3664387 2 0 0 2 -129 0 1 -130 7 84 131 97 99 25 20 17 10 16 36 35 45 55 16 12 12 5 
3899750 3899854 2 0 0 -19 -110 0 -20 -112 -15 62 92 86 86 25 20 17 10 16 36 35 45 55 16 11 11 5 
4246750 4246855 2 0 0 -11 -86 0 -9 -84 -2 75 75 70 70 25 20 17 10 16 36 35 45 55 16 9 9 5 
4660750 4660952 2 0 0 -11 -75 0 -10 -74 -3 74 64 71 70 25 20 17 10 16 36 35 45 55 16 9 9 5 
4703250 4703350 2 0 0 9 -88 0 12 -87 18 95 100 77 74 25 20 17 10 16 36 35 45 55 16 9 10 5 
5020750 5020760 2 0 0 -5 -110 0 -2 -111 5 82 109 86 83 25 20 17 10 16 36 35 45 55 16 11 11 5 
5299250 5299315 2 0 0 -9 -120 0 -8 -118 0 77 112 82 87 25 20 17 10 16 36 35 45 55 16 11 10 5 
5450250 5450265 2 0 0 -7 -97 0 -8 -95 0 77 89 86 85 25 20 17 10 16 36 35 45 55 16 11 11 5 
5673250 5673390 2 0 0 -28 -118 0 -24 -115 -17 60 92 76 74 25 20 17 10 16 36 35 45 55 16 9 10 5 
5972750 5972864 2 0 0 0 -100 0 -1 -97 6 83 96 84 69 25 20 17 10 16 36 35 45 55 16 11 10 5 
6236750 6236756 2 0 0 -12 -119 0 -13 -121 -7 70 108 80 79 25 20 17 10 16 36 35 45 55 16 10 10 5 
6370750 6370900 2 0 0 5 -123 0 12 -121 21 98 135 90 90 25 20 17 10 16 36 35 45 55 16 11 12 5 
6415750 6415812 2 0 0 -36 -124 0 -35 -122 -29 48 88 77 83 25 20 17 10 16 36 35 45 55 16 10 9 5 
6586750 6586826 2 0 0 5 -77 0 6 -76 13 90 82 72 70 25 20 17 10 16 36 35 45 55 16 9 9 5 
6851750 6851911 2 0 0 0 -103 0 -3 -107 3 80 103 82 81 25 20 17 10 16 36 35 45 55 16 10 10 5 
7178250 7178312 2 0 0 -22 -135 0 -18 -136 -11 66 118 89 90 25 20 17 10 16 36 35 45 55 16 11 11 5 
7254250 7254347 2 0 0 9 -114 0 8 -114 14 91 122 93 91 25 20 17 10 16 36 35 45 55 16 11 12 5 
7400250 7400349 2 0 0 -3 -117 0 -1 -116 6 83 114 89 93 25 20 17 10 16 36 35 45 55 16 12 11 5 
7448250 7448341 2 0 0 -22 -120 0 -22 -116 -15 62 93 83 77 25 20 17 10 16 36 35 45 55 16 10 11 5 
7749250 7749283 2 0 0 -21 -137 0 -22 -138 -15 62 116 87 86 25 20 17 10 18 38 35 45 55 16 11 11 5 
8014250 8014328 2 0 0 -10 -124 0 -9 -124 -1 76 115 94 96 25 20 17 10 18 38 35 45 55 16 12 12 5 
8320750 8320790 2 0 0 -22 -110 18 -19 -106 -11 66 89 91 94 25 20 17 10 18 38 35 45 55 16 12 11 5 
8683750 8683862 2 0 0 -12 -87 0 -10 -87 -2 75 78 81 81 25 20 17 10 18 38 35 45 55 16 10 10 5 
9031750 9031779 2 0 0 -13 -79 0 -17 -82 -10 67 65 75 75 25 20 17 10 18 38 35 45 55 16 10 9 5 
9153250 9153284 2 0 0 6 -70 0 7 -69 14 91 77 77 80 25 20 17 10 18 38 35 45 55 16 10 10 5 
9170750 9170900 2 0 0 -9 -87 0 -9 -86 -2 75 78 82 85 25 20 17 10 18 38 35 45 55 16 11 10 5 
9229250 9229411 2 0 0 1 -78 0 6 -74 12 89 78 81 80 25 20 17 10 18 38 35 45 55 16 10 10 5 
9244750 9244763 2 0 0 3 -87 0 3 -86 9 86 87 81 81 25 20 17 10 18 38 35 45 55 16 10 10 5 
9282250 9282308 2 0 0 12 -83 0 15 -83 21 98 97 90 90 25 20 17 10 18 38 35 45 55 16 12 11 5 
9355750 9355788 2 0 0 -20 -113 0 -15 -110 -9 68 95 84 79 25 20 17 10 18 38 35 45 55 16 11 11 5 
9417750 9417851 2 0 0 -15 -97 0 -15 -97 -8 69 82 83 80 25 20 17 10 18 38 35 45 55 16 11 10 5 
9501250 9501413 2 0 0 -46 -97 0 -46 -95 -39 38 51 79 83 25 20 17 10 18 38 35 45 55 16 10 10 5 
9697250 9697317 2 0 0 -5 -70 0 -1 -68 5 82 68 74 69 25 20 17 10 18 38 35 45 55 16 10 9 5 
9990250 9990284 2 0 0 -6 -69 0 -3 -67 2 79 63 75 75 25 20 17 10 18 38 35 45 55 16 9 10 5 
10011250 10011381 2 0 0 -18 -73 0 -21 -72 -14 63 52 90 89 25 20 17 10 18 38 35 45 55 16 12 7 5 
10017750 10017874 2 0 0 -84 -118 0 -81 -116 -75 2 34 97 97 25 20 17 10 18 38 35 45 55 16 10 11 5 
10027250 10027387 2 0 0 -43 -99 0 -42 -98 -34 43 58 87 86 25 20 17 10 18 38 35 45 55 16 11 11 5 
10031250 10031346 2 13 0 -27 -101 1 -22 -98 -16 61 77 95 96 25 20 17 10 18 38 35 45 55 16 11 13 5 
10043250 10043403 2 0 0 18 -92 0 24 -88 31 108 112 87 86 25 20 17 10 18 38 35 45 55 16 11 11 5 
10100250 10100458 2 0 0 -48 -109 0 -49 -109 -42 35 60 73 70 25 20 17 10 18 38 35 45 55 16 9 9 5 
10206750 10206860 2 0 0 -26 -110 0 -25 -110 -18 59 85 87 90 25 20 17 10 18 38 35 45 55 16 10 12 5 
10225750 10225827 2 0 0 -39 -118 0 -34 -115 -27 50 80 91 93 25 20 17 10 18 38 35 45 55 16 12 11 5 
10299250 10299266 2 0 0 -42 -95 0 -41 -92 -34 43 52 78 83 25 20 17 10 18 38 35 45 55 16 10 10 5 
10518250 10518283 2 0 0 -16 -73 0 -14 -72 -8 69 59 70 70 25 20 17 10 18 38 35 45 55 16 9 9 5 
10840250 10840381 2 0 0 -26 -87 0 -26 -87 -18 59 62 76 75 25 20 17 10 18 38 35 45 55 16 9 10 5 
11196250 11196306 2 0 0 -21 -83 0 -18 -82 -11 66 65 72 67 25 20 17 10 18 38 35 45 55 16 9 9 5 
11603250 11603336 2 0 0 -8 -76 0 -8 -75 -1 76 67 74 72 25 20 17 10 18 38 35 45 55 16 9 9 5 
11660250 11660394 2 0 0 7 -89 0 -1 -94 5 82 92 90 90 25 20 17 10 18 38 35 45 55 16 11 12 5 
11667250 11667388 2 0 0 -40 -113 -11 -32 -114 -23 54 82 100 98 25 20 17 10 18 38 35 45 55 16 13 13 5 
11672250 11672290 2 0 0 -78 -135 0 -79 -135 -73 4 54 102 101 25 20 17 10 18 36 35 45 55 16 13 13 5 
11688750 11688756 2 0 0 7 -121 0 14 -119 19 96 132 97 94 25 20 17 10 18 38 35 45 55 16 13 11 5 
11694250 11694255 2 0 0 -27 -136 0 -12 -135 -7 70 122 100 97 25 20 17 10 18 38 35 45 55 16 13 12 5 
11731750 11731910 2 0 0 -25 -101 0 -24 -104 -18 59 79 76 76 25 20 17 10 18 38 35 45 55 16 8 10 5 
11816250 11816277 2 0 0 -18 -81 0 -17 -80 -10 67 64 82 81 25 20 17 10 18 38 35 45 55 16 11 9 5 
11840250 11840385 2 0 0 -25 -103 0 -25 -101 -19 58 77 80 77 25 20 17 10 18 38 35 45 55 16 10 10 5 
11896750 11896834 2 0 0 -14 -88 0 -10 -87 -4 73 77 76 75 25 20 17 10 18 38 35 45 55 16 10 10 5 
12171250 12171454 2 0 0 20 -49 0 22 -49 28 105 71 68 70 25 20 17 10 18 38 35 45 55 16 8 9 5 
12488250 12488258 2 0 0 33 -37 0 33 -36 39 116 69 70 69 25 20 17 10 18 38 35 45 55 16 9 9 5 
12781750 12781811 2 0 0 29 -37 0 30 -37 36 113 66 70 69 25 20 17 10 18 38 35 45 55 16 9 9 5 
12790250 12790290 2 0 0 -20 -76 0 -8 -71 -2 75 61 92 98 25 20 17 10 18 38 35 45 55 16 13 11 5 
12826250 12826422 2 0 0 1 -63 26 3 -60 8 85 62 71 70 25 20 17 10 18 38 35 45 55 16 9 9 5 
13113250 13113367 2 0 0 -13 -59 0 -14 -60 -8 69 47 70 68 25 20 17 10 18 38 35 45 55 16 9 9 5 
13180250 13180314 2 0 0 1 -54 0 1 -55 7 84 55 71 72 25 20 17 10 18 38 35 45 55 16 9 9 5 
13660750 13660907 2 0 0 -16 -73 0 -14 -72 -6 71 60 69 69 25 20 17 10 13 33 35 45 55 16 7 9 5 
13707750 13707941 2 0 0 -35 -85 0 -32 -82 -26 51 53 69 70 25 20 17 10 11 31 35 45 55 16 9 9 5 
13762250 13762470 2 0 0 -4 -118 0 -5 -118 1 78 112 70 68 25 20 17 10 10 30 35 45 55 16 9 8 5 
13807250 13807354 2 0 0 -26 -135 0 -26 -135 -21 56 109 69 64 25 20 17 10 10 30 35 45 55 16 9 8 5 
13958250 13958339 2 0 0 -19 -123 0 -15 -120 -11 66 103 67 66 25 20 17 10 10 30 35 45 55 16 8 8 5 
14187750 14187795 2 0 0 -13 -75 0 -10 -75 -2 75 66 66 64 25 20 17 10 15 35 35 45 55 16 8 8 5 
14367750 14367787 2 0 0 12 -44 0 15 -41 21 98 56 69 71 25 20 17 10 18 38 35 45 55 16 9 9 5 
14580750 14580853 2 0 0 17 -47 0 18 -46 24 101 64 73 85 25 20 17 10 18 38 35 45 55 16 9 10 5 
14959250 14959347 2 0 0 27 -32 0 28 -31 36 113 60 68 67 25 20 17 10 18 38 35 45 55 16 9 8 5 
15231250 15231427 2 0 0 21 -39 0 23 -36 29 106 58 65 59 25 20 17 10 18 38 35 45 55 16 8 8 5 
15527750 15527801 2 0 0 25 -38 0 24 -38 30 107 60 62 60 25 20 17 10 18 38 35 45 55 16 8 8 5 
15964250 15964310 2 0 0 29 -23 0 31 -21 38 115 52 64 63 25 20 17 10 18 38 35 45 55 16 8 8 5 
16072750 16072866 2 0 0 41 -25 0 42 -23 49 126 65 65 62 25 20 17 10 18 38 35 45 55 16 8 8 5 
16083250 16083316 2 0 0 21 -36 0 21 -34 28 105 54 78 60 25 20 17 10 18 38 35 45 55 16 6 9 5 
16087250 16087393 2 0 0 21 -36 0 21 -34 28 105 54 74 75 25 20 17 10 18 38 35 45 55 16 6 9 5 
16095250 16095336 2 0 0 -3 -59 0 -8 -60 -2 75 52 90 86 25 20 17 10 18 38 35 45 55 16 11 11 5 
16104750 16104812 2 0 0 45 -47 0 43 -47 49 126 91 95 90 25 20 17 10 18 38 35 45 55 16 12 12 5 
16112750 16112754 2 0 0 99 -26 0 100 -24 107 184 125 88 88 25 20 17 10 18 38 35 45 55 16 11 10 5 
16126250 16126440 2 0 0 90 -22 0 82 -26 88 165 108 86 91 25 20 17 10 18 38 35 45 55 16 9 12 5 
16139250 16139307 2 0 0 64 -26 0 63 -23 68 145 84 87 86 25 20 17 10 18 38 35 45 55 16 10 11 5 
16146250 16146430 2 0 0 82 -11 0 84 -10 91 168 94 76 75 25 20 17 10 18 38 35 45 55 16 10 8 5 
16174750 16174759 2 0 0 2 -57 0 5 -54 11 88 60 66 63 25 20 17 10 18 38 35 45 55 16 8 8 5 
16196750 16196903 2 0 0 2 -67 0 0 -66 6 83 66 67 66 25 20 17 10 18 38 35 45 55 16 9 8 5 
16338250 16338321 2 0 0 10 -48 0 13 -46 20 97 59 62 61 25 20 17 10 18 38 35 45 55 16 8 8 5 
16413750 16413941 2 0 0 39 -20 0 41 -19 47 124 59 62 63 25 20 17 10 18 38 35 45 55 16 8 8 5 
16721750 16721807 2 0 0 46 -24 0 47 -24 55 132 71 64 68 25 20 17 10 18 38 35 45 55 16 8 8 5 
17046250 17046385 2 0 0 14 -38 0 14 -40 20 97 52 64 63 25 20 17 10 18 38 35 45 55 16 8 8 5 
17373250 17373529 2 0 0 26 -34 0 29 -31 35 112 59 63 61 25 20 17 10 18 38 35 45 55 16 7 8 5 
17609750 17609890 2 0 0 32 -27 0 33 -27 40 117 60 66 65 25 20 17 10 18 38 35 45 55 16 8 8 5 
17809250 17809380 2 0 0 28 -32 0 28 -32 33 110 61 64 60 25 20 17 10 18 38 35 45 55 16 8 8 5 
18210750 18210866 2 0 0 35 -30 0 37 -29 44 121 67 70 72 25 20 17 10 18 38 35 45 55 16 9 9 5 
18607250 18607427 2 0 0 14 -52 0 14 -52 22 99 66 67 69 25 20 17 10 18 38 35 45 55 16 9 8 5 
19062750 19062773 2 0 0 33 -76 0 35 -75 41 118 111 88 90 25 20 17 10 18 38 35 45 55 16 11 11 5 
19159750 19159813 2 -1 1 -18 -135 -50 5 -133 12 89 139 104 99 25 20 17 10 18 38 35 45 55 16 10 13 5 
19232250 19232289 2 2 1 -108 -176 -138 -111 -176 -105 -28 66 104 106 25 20 17 10 18 36 35 45 55 16 14 12 5 
19283250 19283396 2 -3 1 -17 -152 -46 -1 -149 7 84 149 99 99 25 20 17 10 18 38 35 45 55 16 13 12 5 
19292750 19292781 2 -1 1 -22 -156 -52 -18 -154 -13 64 136 97 94 25 20 17 10 18 38 35 45 55 16 12 13 5 
19310750 19310780 2 2 1 -106 -178 -136 -99 -176 -92 -15 78 110 109 25 20 17 10 18 36 35 45 55 16 13 14 5 
19377250 19377372 2 -3 1 -20 -153 -49 -12 -153 -4 73 141 109 101 25 20 17 10 18 36 35 45 55 16 14 14 5 
19387750 19387878 2 -1 1 -25 -153 -53 -25 -154 -17 60 130 102 101 25 20 17 10 18 36 35 45 55 16 13 13 5 
19400750 19400828 2 2 1 -153 -206 -181 -158 -207 -153 -76 48 122 123 25 20 17 10 18 33 35 45 55 16 16 15 5 
19605750 19605872 2 -3 1 -19 -137 -43 -18 -138 -12 65 121 106 106 25 20 17 10 18 36 35 45 55 16 14 13 5 
19834250 19834387 2 0 0 21 -110 0 2 -111 9 86 113 98 103 25 20 17 10 18 36 35 45 55 16 12 13 5 
19973750 19973887 2 0 0 -2 -132 0 -1 -133 5 82 132 96 96 25 20 17 10 18 38 35 45 55 16 12 12 5 
19993750 19993767 2 -1 1 -54 -156 -52 -64 -164 -57 20 100 107 106 25 20 17 10 18 36 35 45 55 16 14 13 5 
20069750 20069808 2 2 1 -218 -300 -217 -222 -303 -215 -138 82 115 116 25 20 17 10 18 34 35 45 55 16 15 14 5 
