51500 51561 0 0 -1 0 0 0 0 0 0 -44 0 83 85 25 20 15 10 11 31 35 45 55 16 9 9 5 
89000 89079 0 0 0 0 -41 0 -4 -40 -3 -43 36 79 75 25 20 15 10 12 32 35 45 55 16 8 9 5 
393500 393644 0 0 0 -1 -33 0 -7 -38 -10 -50 31 76 79 25 20 15 10 12 32 35 45 55 16 6 8 5 
485500 485782 0 0 0 -3 -29 0 -2 -28 -10 -50 26 73 75 25 20 15 10 12 32 35 45 55 16 9 7 5 
867000 867151 0 -1 1 -54 -87 -51 -57 -89 -51 -91 34 82 80 25 20 15 10 12 32 35 45 55 16 10 11 5 
1538500 1538744 0 2 1 -204 -209 -200 -214 -216 -220 -260 2 121 132 25 20 15 10 11 26 35 45 55 16 13 13 5 
1773500 1773537 0 -3 1 -54 -74 -50 -54 -77 -45 -85 25 83 90 25 20 15 10 11 31 35 45 55 16 7 10 5 
1787500 1787626 0 -1 1 -56 -80 -52 -57 -78 -50 -90 23 88 88 25 20 15 10 11 31 35 45 55 16 11 11 5 
1859500 1859626 0 2 1 -173 -198 -169 -183 -203 -182 -222 20 117 113 25 20 15 10 11 27 35 45 55 16 12 14 5 
2001500 2001536 0 -3 1 -54 -71 -50 -55 -72 -52 -92 18 86 84 25 20 15 10 11 31 35 45 55 16 10 10 5 
2575000 2575013 0 -1 1 -55 -115 -51 -53 -119 -50 -90 66 102 99 25 20 15 10 11 31 35 45 55 16 13 11 5 
2579000 2579208 0 2 1 -112 -137 -107 -111 -137 -107 -147 30 115 119 25 20 14 10 11 27 35 45 55 16 14 14 5 
2591000 2591010 0 -3 1 -55 -113 -50 -52 -107 -45 -85 59 117 126 25 20 14 10 11 26 35 45 55 16 7 12 5 
2752500 2752542 0 0 0 -5 -59 0 -4 -58 -3 -43 54 85 84 25 20 15 10 11 31 35 45 55 16 6 10 5 
2793500 2793627 0 0 0 -5 -57 0 -6 -59 -5 -45 55 78 75 25 20 15 10 11 31 35 45 55 16 10 10 5 
2811500 2811528 0 -1 1 -60 -95 -55 -59 -95 -58 -98 38 105 101 25 20 15 10 11 29 35 45 55 16 14 7 5 
2825500 2825580 0 2 1 -134 -152 -130 -142 -157 -136 -176 17 124 126 25 20 14 10 11 26 35 45 55 16 11 16 5 
2834500 2834502 0 -3 1 -54 -116 -49 -44 -113 -36 -76 69 125 123 25 20 14 10 11 26 35 45 55 16 13 16 5 
2854000 2854111 0 -1 1 -57 -138 -53 -57 -138 -49 -89 82 106 109 25 20 14 10 11 29 35 45 55 16 14 14 5 
2864500 2864646 0 2 1 -178 -221 -175 -188 -230 -184 -224 44 129 130 25 20 14 10 11 26 35 45 55 16 15 17 5 
2973500 2974035 0 -3 1 -48 -114 -47 -41 -111 -42 -82 69 107 107 25 20 14 10 11 29 35 45 55 16 11 13 5 
3104000 3104096 0 0 0 2 -68 0 4 -68 9 -31 75 86 87 25 20 14 10 12 32 35 45 55 16 8 10 5 
3137500 3137647 0 0 0 4 -64 0 -1 -67 4 -36 68 92 94 25 20 14 10 12 32 35 45 55 16 11 12 5 
3151500 3151609 0 -1 1 -47 -97 -51 -53 -100 -47 -87 52 104 108 25 20 14 10 12 30 35 45 55 16 13 14 5 
3168500 3168585 0 2 1 -87 -120 -91 -86 -123 -79 -119 40 118 117 25 20 15 10 12 28 35 45 55 16 14 14 5 
3180500 3180584 0 -3 1 -46 -106 -50 -42 -104 -40 -80 61 116 118 25 20 15 10 12 28 35 45 55 16 15 14 5 
3198000 3198045 0 -1 1 -47 -114 -50 -43 -114 -39 -79 74 96 85 25 20 15 10 12 32 35 45 55 16 9 6 5 
4030500 4030535 0 2 1 -175 -214 -176 -186 -223 -186 -226 37 130 125 25 20 15 10 11 26 35 45 55 16 16 14 5 
5046500 5046671 0 -3 1 -51 -108 -50 -52 -111 -47 -87 61 82 90 25 20 14 10 12 32 35 45 55 16 10 9 5 
5054000 5054160 0 -1 1 -54 -131 -52 -49 -132 -41 -81 88 89 81 25 20 14 10 12 32 35 45 55 16 10 12 5 
5335000 5335097 0 2 1 -122 -159 -120 -127 -155 -120 -160 35 115 121 25 20 14 10 11 26 35 45 55 16 16 15 5 
5431000 5431113 0 -3 1 -52 -94 -50 -52 -94 -51 -91 41 85 81 25 20 14 10 11 31 35 45 55 16 11 11 5 
5555500 5555624 0 -1 1 -54 -126 -52 -53 -132 -51 -91 79 100 97 25 20 14 10 11 31 35 45 55 16 13 13 5 
5599000 5599056 0 2 1 -107 -147 -105 -121 -153 -119 -159 34 110 120 25 20 14 10 11 26 35 45 55 16 14 14 5 
5611500 5611544 0 -3 1 -52 -112 -50 -49 -115 -49 -89 65 103 98 25 20 14 10 11 31 35 45 55 16 13 13 5 
5884500 5884639 0 -1 1 -55 -112 -51 -56 -112 -52 -92 57 98 93 25 20 14 10 12 32 35 45 55 16 13 12 5 
5892500 5892536 0 2 1 -116 -152 -112 -120 -156 -115 -155 38 115 115 25 20 14 10 12 28 35 45 55 16 15 15 5 
5905000 5905041 0 -3 1 -51 -119 -48 -48 -118 -42 -82 74 106 107 25 20 14 10 12 30 35 45 55 16 13 13 5 
5982500 5982603 0 -1 1 -54 -117 -50 -46 -116 -37 -77 72 102 99 25 20 14 10 12 32 35 45 55 16 10 13 5 
5990000 5990021 0 2 1 -121 -143 -117 -122 -144 -122 -162 22 115 118 25 20 14 10 11 27 35 45 55 16 15 15 5 
6000000 6000005 0 -3 1 -53 -124 -49 -47 -129 -46 -86 82 108 108 25 20 14 10 11 29 35 45 55 16 13 13 5 
6028500 6028554 0 -1 1 -55 -118 -51 -52 -111 -45 -85 62 94 97 25 20 14 10 12 32 35 45 55 16 11 12 5 
6090000 6090103 0 2 1 -94 -136 -90 -113 -139 -109 -149 27 108 120 25 20 14 10 12 27 35 45 55 16 15 12 5 
6094000 6094071 0 -3 1 -53 -123 -49 -59 -123 -53 -93 61 103 110 25 20 14 10 12 28 35 45 55 16 14 13 5 
6230500 6230599 0 -1 1 -57 -138 -52 -67 -144 -67 -107 77 102 104 25 20 15 10 11 29 35 45 55 16 13 13 5 
6289000 6289026 0 2 1 -152 -175 -147 -152 -177 -152 -192 23 127 130 25 20 15 10 11 26 35 45 55 16 16 17 5 
6296500 6296590 0 -3 1 -53 -129 -49 -44 -129 -35 -75 86 110 108 25 20 15 10 11 29 35 45 55 16 14 14 5 
6309500 6309612 0 -1 1 -59 -151 -54 -55 -153 -53 -93 98 97 95 25 20 15 10 11 31 35 45 55 16 10 12 5 
6331500 6331659 0 2 1 -96 -155 -91 -85 -154 -83 -123 70 101 93 25 20 15 10 11 31 35 45 55 16 13 13 5 
6376500 6376590 0 -3 1 -53 -116 -48 -52 -119 -42 -82 71 91 89 25 20 15 10 12 32 35 45 55 16 12 12 5 
6545500 6545609 0 -1 1 -56 -126 -51 -62 -129 -58 -98 75 103 105 25 20 14 10 12 30 35 45 55 16 12 14 5 
6551000 6551235 0 2 1 -145 -187 -140 -157 -196 -158 -198 35 127 132 25 20 14 10 12 27 35 45 55 16 13 14 5 
6565500 6565622 0 -3 1 -54 -135 -49 -52 -134 -47 -87 82 113 112 25 20 14 10 12 28 35 45 55 16 14 14 5 
6579000 6579139 0 -1 1 -56 -146 -51 -57 -150 -52 -92 94 99 99 25 20 15 10 11 31 35 45 55 16 12 12 5 
6634500 6634620 0 2 1 -115 -171 -109 -113 -175 -115 -155 62 110 106 25 20 15 10 11 29 35 45 55 16 14 14 5 
6654500 6654597 0 -3 1 -53 -128 -47 -57 -130 -52 -92 74 101 105 25 20 15 10 11 29 35 45 55 16 12 11 5 
6666500 6666522 0 -1 1 -56 -120 -51 -58 -117 -55 -95 58 92 81 25 20 15 10 11 31 35 45 55 16 10 10 5 
6676500 6676557 0 2 1 -96 -151 -91 -104 -154 -101 -141 50 107 111 25 20 15 10 11 27 35 45 55 16 14 14 5 
6705000 6705136 0 -3 1 -56 -126 -50 -71 -126 -72 -112 53 106 111 25 20 15 10 11 27 35 45 55 16 14 13 5 
6719000 6719005 0 -1 1 -56 -122 -50 -57 -122 -58 -98 64 104 109 25 20 15 10 11 29 35 45 55 16 13 13 5 
6761000 6761136 0 2 1 -92 -150 -86 -85 -153 -73 -113 69 110 109 25 20 15 10 11 29 35 45 55 16 13 14 5 
6774500 6774516 0 -3 1 -56 -125 -50 -60 -129 -51 -91 68 103 109 25 20 15 10 11 29 35 45 55 16 10 14 5 
6815500 6815685 0 -1 1 -56 -119 -50 -54 -123 -45 -85 70 91 87 25 20 15 10 11 31 35 45 55 16 8 13 5 
6826000 6826032 0 2 1 -114 -150 -109 -120 -152 -111 -151 30 112 112 25 20 15 10 11 27 35 45 55 16 13 11 5 
6834500 6834577 0 -3 1 -53 -123 -47 -46 -123 -41 -81 75 98 97 25 20 15 10 11 31 35 45 55 16 13 12 5 
6932000 6932107 0 -1 1 -57 -107 -51 -62 -109 -63 -103 50 105 106 25 20 15 10 12 30 35 45 55 16 12 11 5 
6936500 6936500 0 2 1 -100 -144 -94 -103 -148 -99 -139 51 114 114 25 20 15 10 12 28 35 45 55 16 15 15 5 
6953000 6953014 0 -3 1 -56 -116 -50 -65 -117 -60 -100 54 111 116 25 20 15 10 12 28 35 45 55 16 14 15 5 
7034500 7034594 0 0 0 -6 -68 0 -7 -70 3 -37 67 80 81 25 20 15 10 12 32 35 45 55 16 9 10 5 
7068000 7068031 0 0 0 0 -72 0 -2 -74 7 -33 76 82 83 25 20 15 10 12 32 35 45 55 16 10 11 5 
7107500 7107702 0 0 0 -3 -62 0 -3 -61 8 -32 60 79 71 25 20 15 10 12 32 35 45 55 16 11 9 5 
7265500 7265612 0 -1 1 -58 -82 -54 -55 -78 -39 -79 27 75 68 25 20 15 10 13 33 35 45 55 16 9 9 5 
7299500 7299550 0 2 1 -147 -154 -143 -152 -156 -153 -193 8 112 115 25 20 14 10 12 28 35 45 55 16 15 14 5 
7449000 7449080 0 -3 1 -47 -105 -43 -43 -106 -34 -74 62 83 83 25 20 14 10 12 32 35 45 55 16 7 10 5 
7490500 7490542 0 -1 1 -56 -105 -51 -46 -100 -42 -82 57 97 98 25 20 14 10 12 32 35 45 55 16 12 13 5 
7823500 7823615 0 2 1 -108 -125 -103 -101 -125 -93 -133 28 91 88 25 20 14 10 12 32 35 45 55 16 12 11 5 
7904500 7904655 0 -3 1 -55 -81 -49 -51 -81 -42 -82 31 82 82 25 20 14 10 12 32 35 45 55 16 8 9 5 
7916500 7916611 0 -1 1 -57 -81 -51 -63 -86 -55 -95 23 89 89 25 20 14 10 12 32 35 45 55 16 11 11 5 
8048500 8048596 0 2 1 -123 -152 -117 -129 -154 -125 -165 27 109 110 25 20 14 10 12 28 35 45 55 16 13 14 5 
8195500 8195566 0 -3 1 -56 -98 -50 -53 -94 -51 -91 42 99 98 25 20 14 10 11 31 35 45 55 16 10 13 5 
8209500 8209642 0 -1 1 -58 -117 -52 -56 -114 -55 -95 57 98 99 25 20 14 10 11 31 35 45 55 16 12 10 5 
8262000 8262151 0 2 1 -94 -133 -87 -103 -143 -103 -143 40 100 99 25 20 14 10 11 31 35 45 55 16 12 12 5 
8277000 8277021 0 -3 1 -56 -92 -49 -64 -94 -60 -100 31 96 100 25 20 14 10 11 29 35 45 55 16 13 9 5 
8351500 8351560 0 -1 1 -59 -73 -52 -69 -82 -63 -103 14 86 86 25 20 14 10 11 31 35 45 55 16 7 9 5 
8394500 8394559 0 2 1 -142 -170 -135 -146 -174 -142 -182 29 116 117 25 20 14 10 12 28 35 45 55 16 14 15 5 
8474000 8474124 0 -3 1 -57 -112 -49 -56 -113 -40 -80 62 82 84 25 20 14 10 13 33 35 45 55 16 10 8 5 
9117000 9117078 0 -1 1 -60 -112 -51 -59 -110 -57 -97 52 92 99 25 20 14 10 11 31 35 45 55 16 12 11 5 
9135500 9135553 0 2 1 -159 -177 -150 -162 -181 -163 -203 18 115 115 25 20 14 10 11 27 35 45 55 16 15 15 5 
9149000 9149049 0 -3 1 -57 -111 -48 -50 -102 -53 -93 51 104 106 25 20 14 10 11 29 35 45 55 16 13 10 5 
9165500 9165578 0 -1 1 -60 -111 -50 -59 -113 -56 -96 55 90 88 25 20 14 10 11 31 35 45 55 16 11 11 5 
9177000 9177063 0 2 1 -107 -146 -98 -103 -144 -103 -143 41 93 94 25 20 14 10 11 31 35 45 55 16 12 12 5 
9249000 9249033 0 -3 1 -59 -111 -49 -66 -114 -64 -104 47 91 97 25 20 14 10 11 31 35 45 55 16 8 11 5 
9915000 9915152 0 0 0 -11 -67 0 -14 -68 -13 -53 53 88 88 25 20 14 10 11 31 35 45 55 16 11 11 5 
9961000 9961143 0 0 0 -26 -82 0 -21 -81 -20 -60 60 91 96 25 20 14 10 11 31 35 45 55 16 12 12 5 
10043500 10043620 0 0 0 -64 -97 0 -62 -97 -53 -93 35 68 69 25 20 14 10 12 32 35 45 55 16 8 9 5 
10134500 10134589 0 0 0 -51 -83 0 -51 -85 -45 -85 35 71 75 25 20 14 10 12 32 35 45 55 16 9 9 5 
10292500 10292635 0 0 0 -25 -66 0 -25 -66 -12 -52 40 64 61 25 20 14 10 13 33 35 45 55 16 8 8 5 
10323000 10323004 0 0 0 -48 -75 0 -47 -75 -41 -81 29 70 72 25 20 14 10 13 33 35 45 55 16 9 9 5 
10327500 10327601 0 0 0 -47 -77 0 -47 -78 -41 -81 33 66 67 25 20 14 10 13 33 35 45 55 16 8 8 5 
10351000 10351101 0 0 0 -33 -77 0 -36 -80 -29 -69 44 62 61 25 20 14 10 13 33 35 45 55 16 8 8 5 
10608000 10608067 0 0 0 -43 -77 0 -42 -77 -32 -72 39 59 58 25 20 15 10 13 33 35 45 55 16 8 7 5 
10694000 10694088 0 0 0 -29 -70 0 -29 -71 -21 -61 44 63 58 25 20 15 10 12 32 35 45 55 16 8 7 5 
10776500 10776505 0 0 0 -23 -59 0 -27 -60 -18 -58 35 70 67 25 20 15 10 13 33 35 45 55 16 9 9 5 
10969500 10969594 0 0 0 -42 -72 0 -42 -72 -36 -76 30 72 71 25 20 15 10 12 32 35 45 55 16 9 9 5 
10985000 10985009 0 0 0 -61 -74 0 -59 -72 -55 -95 12 76 70 25 20 15 10 13 33 35 45 55 16 10 10 5 
10998500 10998686 0 0 0 -67 -90 0 -72 -94 -66 -106 23 65 66 25 20 15 10 13 33 35 45 55 16 8 8 5 
11073500 11073567 0 0 0 -39 -71 0 -38 -71 -33 -73 35 64 70 25 20 15 10 13 33 35 45 55 16 8 8 5 
11193000 11193093 0 0 0 -33 -58 0 -31 -57 -27 -67 28 66 72 25 20 15 10 13 33 35 45 55 16 8 9 5 
11328500 11328721 0 0 0 -31 -54 0 -30 -54 -25 -65 28 68 70 25 20 15 10 13 33 35 45 55 16 8 8 5 
11335500 11335531 0 0 0 -23 -54 0 -24 -54 -19 -59 34 69 72 25 20 15 10 13 33 35 45 55 16 6 8 5 
11345500 11345695 0 0 0 -22 -51 0 -21 -51 -16 -56 33 67 64 25 20 15 10 13 33 35 45 55 16 8 8 5 
11354000 11354017 0 0 0 -37 -61 0 -37 -62 -35 -75 26 75 82 25 20 15 10 13 33 35 45 55 16 7 10 5 
11407500 11407567 0 0 0 -23 -49 0 -23 -48 -17 -57 27 66 66 25 20 15 10 13 33 35 45 55 16 9 5 5 
11420500 11420617 0 0 0 -25 -45 0 -28 -49 -25 -65 23 70 75 25 20 15 10 13 33 35 45 55 16 8 8 5 
11476000 11476106 0 0 0 -29 -55 0 -25 -53 -19 -59 31 74 57 25 20 15 10 13 33 35 45 55 16 9 7 5 
11489000 11489105 0 0 0 -34 -72 0 -36 -74 -34 -74 38 67 66 25 20 15 10 12 32 35 45 55 16 9 8 5 
11566000 11566112 0 0 0 -37 -56 0 -38 -56 -33 -73 24 77 77 25 20 15 10 12 32 35 45 55 16 11 9 5 
11581000 11581013 0 0 0 -18 -43 0 -21 -44 -16 -56 29 73 67 25 20 15 10 12 32 35 45 55 16 8 10 5 
11590500 11590626 0 0 0 -15 -41 0 -15 -41 -11 -51 28 76 75 25 20 15 10 12 32 35 45 55 16 10 10 5 
11607000 11607181 0 0 0 -9 -38 0 -9 -37 -5 -45 31 77 74 25 20 15 10 12 32 35 45 55 16 10 10 5 
11621000 11621168 0 -1 1 -63 -81 -53 -63 -83 -59 -99 24 90 82 25 20 15 10 11 31 35 45 55 16 12 11 5 
11641000 11641016 0 2 1 -177 -161 -165 -179 -162 -183 -223 -15 116 113 25 20 15 10 11 27 35 45 55 16 15 15 5 
11650500 11650710 0 -3 1 -58 -98 -45 -49 -94 -35 -75 50 93 83 25 20 15 10 12 32 35 45 55 16 11 11 5 
11956000 11956191 0 0 0 -31 -59 0 -32 -60 -27 -67 30 65 57 25 20 16 10 12 32 35 45 55 16 8 9 5 
11971000 11971156 0 0 0 -28 -41 0 -27 -39 -23 -63 14 75 79 25 20 16 10 12 32 35 45 55 16 9 9 5 
11992500 11992686 0 0 0 1 -36 0 0 -38 7 -33 39 71 70 25 20 16 10 12 32 35 45 55 16 9 9 5 
12211000 12211033 0 0 0 6 -26 0 7 -25 8 -32 31 71 66 25 20 16 10 12 32 35 45 55 16 9 9 5 
12235500 12235594 0 0 0 42 -12 0 41 -12 47 7 54 65 64 25 20 16 10 11 31 35 45 55 16 5 5 5 
12276500 12276741 0 0 0 46 -5 0 47 -3 50 10 50 64 60 25 20 16 10 11 31 35 45 55 16 8 5 5 
12281000 12282005 0 13 0 -2 -50 -36 -26 -65 -22 -62 38 79 89 25 20 16 10 11 31 35 45 55 16 3 7 5 
12297000 12297095 0 0 0 -10 -35 0 -12 -36 -9 -49 24 71 74 25 20 16 10 12 32 35 45 55 16 9 9 5 
12365500 12365545 0 0 0 7 -24 0 6 -26 9 -31 32 69 70 25 20 16 10 12 32 35 45 55 16 9 9 5 
12825000 12825091 0 0 0 15 -17 0 16 -18 18 -22 33 66 62 25 20 15 10 12 32 35 45 55 16 8 8 5 
13100500 13100687 0 0 0 15 -17 0 13 -18 17 -23 32 69 69 25 20 15 10 12 32 35 45 55 16 6 9 5 
13120500 13120523 0 0 0 2 -21 0 1 -23 5 -35 25 67 65 25 20 15 10 12 32 35 45 55 16 8 8 5 
13208500 13208599 0 0 0 -12 -21 0 -14 -22 -14 -54 8 77 73 25 20 15 10 12 32 35 45 55 16 10 9 5 
13226000 13226160 0 0 0 -9 -27 0 -10 -29 -8 -48 21 76 77 25 20 15 10 12 32 35 45 55 16 10 7 5 
13384500 13384519 0 0 0 -22 -31 0 -23 -31 -22 -62 9 79 78 25 20 15 10 12 32 35 45 55 16 10 10 5 
13404500 13404618 0 0 0 -1 -18 0 1 -14 2 -38 16 73 70 25 20 15 10 12 32 35 45 55 16 9 6 5 
13440000 13440189 0 0 0 -15 -29 0 -16 -30 -14 -54 16 78 79 25 20 15 10 12 32 35 45 55 16 10 10 5 
13654000 13654007 0 0 0 -13 -29 0 -13 -30 -12 -52 16 67 68 25 20 15 10 12 32 35 45 55 16 9 8 5 
13729500 13729686 0 0 0 -8 -21 0 -7 -20 -5 -45 13 72 74 25 20 15 10 12 32 35 45 55 16 9 9 5 
13742000 13742103 0 13 0 53 14 -2 56 15 56 16 42 85 87 25 20 15 10 11 31 35 45 55 16 9 10 5 
13750500 13750531 0 0 0 97 60 0 100 62 100 60 39 74 77 25 20 15 10 11 31 35 45 55 16 10 9 5 
13818500 13818660 0 0 0 85 42 0 87 43 85 45 49 65 67 25 20 15 10 10 30 35 45 55 16 8 8 5 
14196500 14196516 0 0 0 98 49 0 99 50 95 55 53 60 57 25 20 15 10 10 30 35 45 55 16 7 7 5 
14356000 14356097 0 0 0 97 53 0 98 52 95 55 51 60 60 25 20 15 10 10 30 35 45 55 16 7 8 5 
14362500 14363716 0 13 0 36 5 -19 -26 -42 -26 -66 15 75 94 25 20 15 10 11 31 35 45 55 16 3 12 5 
14375500 14375674 0 0 0 -30 -38 0 -32 -39 -30 -70 9 67 68 25 20 15 10 12 32 35 45 55 16 8 9 5 
14403500 14404030 0 0 0 -15 -23 0 -14 -23 -13 -53 10 69 73 25 20 15 10 12 32 35 45 55 16 6 9 5 
14678500 14678670 0 0 0 -25 -32 0 -28 -34 -28 -68 5 70 68 25 20 15 10 12 32 35 45 55 16 9 9 5 
14917500 14917575 0 0 0 -19 -32 0 -22 -32 -21 -61 12 65 61 25 20 15 10 12 32 35 45 55 16 8 8 5 
14947500 14947664 0 0 0 -18 -21 0 -19 -22 -16 -56 5 68 69 25 20 15 10 12 32 35 45 55 16 9 9 5 
14963500 14963622 0 0 0 -18 -24 0 -16 -25 -14 -54 9 65 66 25 20 15 10 12 32 35 45 55 16 8 8 5 
15001000 15001206 0 0 0 -20 -30 0 -23 -33 -22 -62 12 65 67 25 20 15 10 12 32 35 45 55 16 8 8 5 
15011000 15011122 0 0 0 -15 -31 0 -6 -26 -3 -43 23 77 78 25 20 15 10 12 32 35 45 55 16 11 6 5 
15028000 15028086 0 0 0 3 -22 0 -3 -23 -1 -41 20 71 69 25 20 15 10 12 32 35 45 55 16 9 8 5 
15073000 15073101 0 0 0 23 -15 0 21 -16 25 -15 36 63 63 25 20 15 10 13 33 35 45 55 16 8 8 5 
15274500 15274614 0 0 0 31 -9 0 31 -9 33 -7 41 63 62 25 20 15 10 12 32 35 45 55 16 8 8 5 
15768000 15768777 0 0 0 27 -6 0 25 -7 29 -11 32 66 71 25 20 15 10 12 32 35 45 55 16 5 8 5 
15785500 15785753 0 0 0 0 -23 0 0 -23 4 -36 24 59 59 25 20 15 10 12 32 35 45 55 16 5 7 5 
15921500 15921593 0 0 0 0 -27 0 2 -26 3 -37 28 60 59 25 20 15 10 12 32 35 45 55 16 7 7 5 
15973000 15973044 0 0 0 -16 -27 0 -17 -28 -16 -56 11 67 66 25 20 15 10 12 32 35 45 55 16 8 8 5 
15993000 15993102 0 0 0 -14 -24 0 -13 -24 -12 -52 11 63 63 25 20 15 10 12 32 35 45 55 16 8 8 5 
16108000 16108023 0 0 0 -15 -39 0 -17 -41 -19 -59 22 62 62 25 20 15 10 12 32 35 45 55 16 8 8 5 
16163500 16163625 0 0 0 -4 -25 0 -7 -27 -5 -45 22 61 58 25 20 15 10 12 32 35 45 55 16 8 7 5 
16304000 16304038 0 0 0 -14 -32 0 -14 -32 -13 -53 19 66 65 25 20 15 10 12 32 35 45 55 16 8 8 5 
16445500 16445500 0 0 0 -21 -44 0 -23 -45 -20 -60 23 64 66 25 20 15 10 12 32 35 45 55 16 8 8 5 
16471000 16471877 0 0 0 -5 -26 0 -6 -26 -5 -45 20 68 75 25 20 15 10 12 32 35 45 55 16 5 9 5 
16598500 16598519 0 0 0 9 -22 0 5 -25 6 -34 28 68 62 25 20 15 10 12 32 35 45 55 16 8 8 5 
16610500 16610900 0 0 0 3 -24 0 4 -23 5 -35 30 68 72 25 20 15 10 12 32 35 45 55 16 6 9 5 
16648000 16648050 0 0 0 -7 -25 0 -7 -25 -5 -45 20 70 70 25 20 15 10 12 32 35 45 55 16 9 9 5 
16713000 16713119 0 0 0 -36 -63 0 -36 -64 -33 -73 28 61 60 25 20 15 10 12 32 35 45 55 16 8 8 5 
16769000 16769453 0 0 0 -26 -45 0 -30 -48 -29 -69 19 66 71 25 20 15 10 12 32 35 45 55 16 5 8 5 
16776500 16776588 0 13 0 16 -16 -5 14 -18 17 -23 34 72 72 25 20 15 10 12 32 35 45 55 16 5 8 5 
16782000 16782143 0 0 0 54 8 0 55 9 56 16 47 62 64 25 20 15 10 11 31 35 45 55 16 8 8 5 
16821500 16821619 0 0 0 73 23 0 72 22 74 34 51 59 59 25 20 15 10 11 31 35 45 55 16 7 6 5 
16890000 16890035 0 0 0 75 29 0 77 29 76 36 52 61 57 25 20 15 10 11 31 35 45 55 16 7 8 5 
16906000 16906121 0 0 0 104 52 0 103 52 100 60 54 56 55 25 20 15 10 10 30 35 45 55 16 4 7 5 
17068000 17068151 0 0 0 108 56 0 110 58 110 70 52 56 55 25 20 15 10 11 31 35 45 55 16 7 7 5 
17072000 17074182 0 13 0 68 27 19 -18 -36 -18 -58 18 61 79 25 20 15 10 11 31 35 45 55 16 0 7 5 
17076500 17076591 0 0 0 -16 -31 0 -16 -30 -17 -57 14 61 57 25 20 15 10 11 31 35 45 55 16 7 7 5 
17183500 17183650 0 0 0 -26 -40 0 -28 -41 -26 -66 12 63 61 25 20 15 10 12 32 35 45 55 16 8 8 5 
17198500 17198549 0 0 0 -22 -30 0 -22 -30 -22 -62 7 65 60 25 20 15 10 12 32 35 45 55 16 8 8 5 
17265000 17265060 0 0 0 -17 -26 0 -19 -26 -19 -59 6 67 66 25 20 15 10 12 32 35 45 55 16 8 9 5 
17289500 17289550 0 0 0 -19 -34 0 -20 -34 -19 -59 14 63 67 25 20 15 10 12 32 35 45 55 16 8 8 5 
17492000 17492193 0 0 0 -18 -30 0 -18 -29 -17 -57 11 68 75 25 20 15 10 12 32 35 45 55 16 7 9 5 
17508000 17508069 0 0 0 -21 -32 0 -22 -33 -22 -62 10 66 66 25 20 15 10 12 32 35 45 55 16 8 8 5 
17537000 17537054 0 0 0 -17 -28 0 -16 -26 -16 -56 9 70 69 25 20 15 10 12 32 35 45 55 16 9 9 5 
17553500 17553668 0 0 0 -25 -35 0 -26 -35 -27 -67 6 63 63 25 20 15 10 12 32 35 45 55 16 7 8 5 
17580000 17580167 0 0 0 -19 -31 0 -19 -31 -17 -57 12 66 64 25 20 15 10 12 32 35 45 55 16 8 9 5 
17699000 17699190 0 0 0 -14 -28 0 -16 -31 -16 -56 15 67 63 25 20 15 10 12 32 35 45 55 16 8 9 5 
17714000 17714002 0 0 0 -29 -38 0 -29 -39 -28 -68 9 66 68 25 20 15 10 12 32 35 45 55 16 9 8 5 
17742000 17742118 0 0 0 -15 -30 0 -15 -31 -13 -53 17 64 64 25 20 15 10 12 32 35 45 55 16 8 8 5 
17757000 17757101 0 0 0 -19 -31 0 -20 -31 -19 -59 10 67 69 25 20 15 10 12 32 35 45 55 16 8 9 5 
17777000 17777012 0 0 0 -21 -33 0 -22 -35 -21 -61 14 66 67 25 20 15 10 12 32 35 45 55 16 8 8 5 
17793500 17793603 0 0 0 -30 -41 0 -31 -43 -29 -69 13 65 65 25 20 15 10 12 32 35 45 55 16 8 8 5 
17836000 17836153 0 0 0 -13 -26 0 -14 -25 -15 -55 9 70 69 25 20 15 10 12 32 35 45 55 16 8 9 5 
17849000 17849197 0 0 0 -2 -18 0 -1 -17 -2 -42 11 63 62 25 20 15 10 13 33 35 45 55 16 7 8 5 
17899500 17899532 0 0 0 41 9 0 39 8 45 5 32 66 73 25 20 15 10 13 33 35 45 55 16 8 8 5 
18137000 18137161 0 0 0 39 0 0 38 -3 38 -2 40 72 66 25 20 15 10 13 33 35 45 55 16 8 10 5 
18152000 18152168 0 0 0 1 -24 0 0 -25 1 -39 25 54 54 25 20 15 10 12 32 35 45 55 16 7 7 5 
18195000 18195220 0 0 0 7 -23 0 7 -26 6 -34 32 55 52 25 20 15 10 12 32 35 45 55 16 7 7 5 
18525000 18525176 0 0 0 -6 -29 0 -7 -31 -5 -45 22 63 65 25 20 15 10 12 32 35 45 55 16 8 8 5 
18691000 18691123 0 0 0 -9 -30 0 -10 -31 -10 -50 19 63 61 25 20 15 10 12 32 35 45 55 16 8 8 5 
18759500 18759694 0 0 0 0 -19 0 5 -15 6 -34 20 70 67 25 20 15 10 11 31 35 45 55 16 8 8 5 
18769000 18769131 0 13 0 36 4 -38 44 10 38 -2 35 79 77 25 20 15 10 10 30 35 45 55 16 9 9 5 
18774500 18774612 0 0 0 116 63 0 119 65 111 71 56 65 64 25 20 15 10 10 30 35 45 55 16 8 8 5 
18830500 18830656 0 0 0 128 72 0 125 67 120 80 58 62 58 25 20 15 10 11 31 35 45 55 16 8 8 5 
18836000 18836121 0 13 0 -81 -100 -130 -94 -108 -93 -133 14 98 102 25 20 15 10 11 29 35 45 55 16 8 13 5 
18844500 18844512 0 0 0 -75 -109 0 -87 -117 -81 -121 33 106 104 25 20 15 10 11 29 35 45 55 16 14 10 5 
19071500 19072085 0 0 0 -45 -81 0 -51 -84 -47 -87 31 68 69 25 20 15 10 12 32 35 45 55 16 5 9 5 
19083000 19083040 0 0 0 -27 -62 0 -30 -64 -27 -67 35 67 68 25 20 15 10 12 32 35 45 55 16 8 8 5 
19098500 19098927 0 0 0 -21 -62 0 -22 -65 -18 -58 45 69 70 25 20 15 10 12 32 35 45 55 16 6 9 5 
19119500 19119509 0 0 0 -32 -66 0 -31 -64 -28 -68 31 75 75 25 20 15 10 12 32 35 45 55 16 8 9 5 
19128000 19128186 0 0 0 -15 -47 0 -14 -47 -10 -50 34 64 60 25 20 15 10 12 32 35 45 55 16 8 8 5 
19147500 19147592 0 0 0 -20 -51 0 -20 -51 -16 -56 32 66 60 25 20 15 10 12 32 35 45 55 16 8 8 5 
19206000 19206101 0 0 0 -18 -49 0 -18 -50 -15 -55 32 67 65 25 20 15 10 12 32 35 45 55 16 8 8 5 
19612500 19612603 0 -1 1 -63 -108 -50 -58 -105 -52 -92 48 94 94 25 20 15 10 12 32 35 45 55 16 11 12 5 
19619500 19619619 0 2 1 -109 -130 -96 -111 -132 -111 -151 18 114 113 25 20 15 10 12 28 35 45 55 16 14 14 5 
19627000 19627106 0 -3 1 -62 -109 -49 -65 -115 -66 -106 49 105 108 25 20 15 10 11 29 35 45 55 16 13 11 5 
19693500 19693517 0 -1 1 -63 -110 -52 -66 -106 -63 -103 40 107 114 25 20 14 10 11 27 35 45 55 16 13 14 5 
19703000 19703064 0 2 1 -146 -163 -134 -152 -166 -149 -189 14 122 126 25 20 14 10 11 26 35 45 55 16 15 16 5 
19724500 19724551 0 -3 1 -59 -126 -48 -65 -124 -67 -107 60 98 102 25 20 14 10 11 29 35 45 55 16 13 11 5 
19740500 19740655 0 -1 1 -64 -129 -53 -64 -130 -68 -108 65 90 88 25 20 14 10 11 31 35 45 55 16 10 9 5 
19978500 19978541 0 2 1 -146 -171 -138 -146 -172 -140 -180 24 125 121 25 20 14 10 11 26 35 45 55 16 14 13 5 
20176000 20176189 0 -3 1 -53 -112 -48 -49 -111 -43 -83 64 106 106 25 20 15 10 12 30 35 45 55 16 12 12 5 
20340000 20340188 0 0 0 -3 -46 0 -6 -47 1 -39 43 70 62 25 20 15 10 13 33 35 45 55 16 6 9 5 
20448000 20448155 0 0 0 -3 -39 0 -5 -41 -3 -43 36 65 67 25 20 15 10 12 32 35 45 55 16 8 7 5 
20477000 20477018 0 -1 1 -56 -90 -53 -55 -92 -10 -91 36 106 109 25 20 15 10 11 29 35 45 55 16 13 15 5 
20485500 20485600 0 2 1 -108 -135 -105 -122 -148 -78 -159 26 124 124 25 20 15 10 11 26 35 45 55 16 16 13 5 
20489500 20489655 0 -3 1 -43 -89 -40 -41 -86 -3 -84 43 111 106 25 20 15 10 11 29 35 45 55 16 15 13 5 
20509500 20509548 0 -1 1 -55 -101 -52 -53 -99 -12 -93 45 104 108 25 20 15 10 11 29 35 45 55 16 13 14 5 
20513000 20513081 0 2 1 -113 -146 -109 -116 -146 -76 -157 31 110 111 25 20 15 10 11 27 35 45 55 16 14 14 5 
65500 65617 1 0 -1 0 0 0 0 0 0 210 0 92 97 25 20 15 10 11 31 35 45 55 16 10 8 5 
330500 330647 1 0 0 42 -29 0 40 -30 74 240 70 79 79 25 20 15 10 12 32 35 45 55 16 10 10 5 
380500 381291 1 0 0 26 -41 0 26 -42 60 226 68 76 82 25 20 15 10 12 32 35 45 55 16 6 10 5 
478000 478155 1 0 0 26 -38 0 26 -39 60 226 67 72 70 25 20 15 10 12 32 35 45 55 16 9 9 5 
553000 553161 1 -1 7 -34 -85 -51 -35 -87 0 166 52 92 87 25 20 15 10 12 32 35 45 55 16 12 12 5 
559000 559085 1 2 7 -89 -120 -106 -89 -120 -56 110 30 105 104 25 20 15 10 12 30 35 45 55 16 13 13 5 
590000 590112 1 -3 7 -37 -88 -50 -42 -92 -7 159 51 87 81 25 20 15 10 12 32 35 45 55 16 11 10 5 
714500 714658 1 0 0 -2 -57 0 -1 -57 33 199 56 78 82 25 20 15 10 12 32 35 45 55 16 10 10 5 
1108500 1108684 1 -1 7 -53 -98 -52 -56 -100 -23 143 44 105 103 25 20 15 10 11 29 35 45 55 16 11 14 5 
1112500 1112546 1 2 7 -110 -140 -108 -115 -144 -80 86 30 122 120 25 20 15 10 11 26 35 45 55 16 15 16 5 
1246000 1246041 1 -3 7 -51 -106 -49 -54 -105 -20 146 51 98 103 25 20 15 10 12 30 35 45 55 16 14 11 5 
1530500 1530562 1 -1 7 -53 -117 -51 -47 -116 -13 153 70 97 96 25 20 15 10 12 32 35 45 55 16 12 10 5 
1538000 1538045 1 2 7 -118 -152 -115 -124 -155 -91 75 31 121 127 25 20 15 10 11 26 35 45 55 16 16 11 5 
1563000 1563051 1 -3 7 -51 -123 -49 -53 -125 -19 147 72 105 102 25 20 15 10 12 30 35 45 55 16 10 13 5 
1578500 1578504 1 -1 7 -57 -114 -54 -49 -113 -15 151 65 97 95 25 20 15 10 12 32 35 45 55 16 9 11 5 
1603500 1603510 1 2 7 -101 -136 -99 -103 -137 -69 97 33 119 114 25 20 15 10 12 28 35 45 55 16 15 15 5 
1614500 1614566 1 -3 7 -52 -113 -50 -54 -117 -20 146 63 106 103 25 20 15 10 12 30 35 45 55 16 14 11 5 
1965000 1965736 1 0 0 -3 -64 0 -4 -67 28 194 63 86 82 25 20 15 10 11 31 35 45 55 16 8 10 5 
2569000 2569021 1 -1 7 -51 -107 -51 -50 -106 -16 150 55 90 84 25 20 15 10 11 31 35 45 55 16 11 10 5 
2578000 2578042 1 2 7 -86 -129 -86 -86 -131 -54 112 44 114 116 25 20 14 10 11 27 35 45 55 16 12 13 5 
2616500 2616533 1 -3 7 -47 -121 -47 -53 -125 -20 146 72 99 101 25 20 15 10 11 29 35 45 55 16 11 11 5 
2734500 2734565 1 0 0 0 -67 0 -2 -68 32 198 67 84 86 25 20 15 10 11 31 35 45 55 16 10 10 5 
2793500 2793627 1 0 0 -7 -71 0 -9 -74 25 191 65 78 75 25 20 15 10 11 31 35 45 55 16 10 10 5 
2810000 2810027 1 -1 7 -58 -105 -52 -65 -109 -30 136 45 103 108 25 20 15 10 11 29 35 45 55 16 12 12 5 
2825500 2825580 1 2 7 -108 -138 -101 -113 -142 -79 87 29 124 126 25 20 14 10 11 26 35 45 55 16 11 16 5 
2836000 2836089 1 -3 7 -55 -107 -48 -54 -105 -21 145 50 121 128 25 20 14 10 11 26 35 45 55 16 16 14 5 
2855000 2855088 1 -1 7 -58 -121 -51 -62 -125 -29 137 63 107 106 25 20 14 10 11 29 35 45 55 16 14 14 5 
2864000 2864077 1 2 7 -136 -169 -128 -138 -171 -105 61 32 128 132 25 20 14 10 11 26 35 45 55 16 15 16 5 
2905500 2905600 1 -3 7 -57 -121 -49 -58 -119 -24 142 62 117 120 25 20 14 10 11 26 35 45 55 16 15 15 5 
3104000 3104096 1 0 0 -11 -79 0 -12 -81 23 189 70 86 87 25 20 14 10 12 32 35 45 55 16 8 10 5 
3134000 3134141 1 0 0 0 -71 0 -1 -72 33 199 70 91 96 25 20 14 10 12 32 35 45 55 16 8 11 5 
3194000 3194143 1 0 0 0 -92 0 -2 -94 30 196 92 95 96 25 20 15 10 12 32 35 45 55 16 12 12 5 
3262500 3262557 1 -1 7 -53 -121 -52 -53 -125 -20 146 72 106 108 25 20 15 10 12 30 35 45 55 16 13 12 5 
3273500 3273580 1 2 7 -89 -138 -89 -89 -140 -56 110 50 120 119 25 20 15 10 12 28 35 45 55 16 14 16 5 
3296500 3296538 1 -3 7 -43 -124 -43 -32 -125 3 169 94 114 109 25 20 15 10 12 30 35 45 55 16 14 12 5 
3304000 3304035 1 -1 7 -50 -127 -50 -57 -126 -25 141 67 115 118 25 20 15 10 12 28 35 45 55 16 15 13 5 
3335000 3335069 1 2 7 -93 -151 -93 -88 -156 -55 111 67 111 109 25 20 15 10 11 29 35 45 55 16 14 10 5 
3529000 3529254 1 -3 7 -48 -118 -47 -53 -118 -19 147 65 98 100 25 20 15 10 11 29 35 45 55 16 9 12 5 
3647000 3647119 1 -1 7 -51 -121 -51 -61 -120 -26 140 60 107 111 25 20 15 10 11 27 35 45 55 16 14 14 5 
4003500 4003744 1 2 7 -130 -187 -129 -135 -194 -101 65 58 140 140 25 20 15 10 10 25 35 45 55 16 14 14 5 
4411000 4411056 1 -3 7 -48 -135 -48 -48 -137 -15 151 89 108 107 25 20 15 10 11 29 35 45 55 16 14 14 5 
4419500 4419865 1 -1 7 -54 -138 -54 -55 -140 -22 144 85 106 109 25 20 15 10 11 29 35 45 55 16 11 14 5 
4602000 4602073 1 2 7 -87 -136 -87 -89 -138 -56 110 48 120 120 25 20 15 10 11 26 35 45 55 16 16 15 5 
4798500 4798603 1 -3 7 -50 -125 -50 -57 -127 -24 142 69 104 102 25 20 15 10 11 29 35 45 55 16 14 10 5 
6273000 6273073 1 -1 7 -52 -112 -51 -49 -114 -15 151 64 96 99 25 20 15 10 11 31 35 45 55 16 11 13 5 
6289500 6289608 1 2 7 -107 -148 -106 -109 -150 -75 91 40 128 129 25 20 15 10 11 26 35 45 55 16 16 16 5 
6295500 6295508 1 -3 7 -45 -115 -45 -46 -114 -13 153 67 111 113 25 20 15 10 11 27 35 45 55 16 15 14 5 
6547000 6547004 1 -1 7 -59 -121 -59 -63 -119 -28 138 56 109 111 25 20 14 10 12 28 35 45 55 16 13 14 5 
6551000 6551235 1 2 7 -127 -172 -126 -136 -182 -102 64 47 127 132 25 20 14 10 12 27 35 45 55 16 13 14 5 
6707000 6707020 1 -3 7 -50 -118 -49 -60 -121 -26 140 62 100 102 25 20 15 10 11 29 35 45 55 16 13 9 5 
6749500 6749635 1 -1 7 -54 -113 -53 -64 -118 -31 135 53 97 101 25 20 15 10 11 29 35 45 55 16 10 12 5 
6754500 6754607 1 2 7 -84 -122 -83 -85 -125 -52 114 39 108 103 25 20 15 10 11 29 35 45 55 16 14 13 5 
6771000 6771116 1 -3 7 -50 -113 -50 -49 -114 -15 151 64 105 105 25 20 15 10 11 29 35 45 55 16 14 13 5 
6929500 6929645 1 -1 7 -56 -110 -56 -62 -116 -28 138 55 95 93 25 20 15 10 12 32 35 45 55 16 7 12 5 
6934000 6934245 1 2 7 -90 -131 -89 -93 -133 -58 108 43 109 112 25 20 15 10 12 28 35 45 55 16 11 14 5 
6949500 6949619 1 -3 7 -50 -114 -49 -39 -113 -5 161 75 110 108 25 20 15 10 12 30 35 45 55 16 14 13 5 
7070500 7070568 1 0 0 -1 -70 0 -3 -73 30 196 70 83 77 25 20 15 10 12 32 35 45 55 16 11 11 5 
7110500 7110532 1 0 0 2 -60 0 5 -58 38 204 63 76 72 25 20 15 10 13 33 35 45 55 16 9 7 5 
8559500 8559608 1 0 0 0 -74 0 2 -77 35 201 78 84 85 25 20 14 10 12 32 35 45 55 16 7 10 5 
9128500 9128588 1 -1 7 -58 -107 -52 -64 -110 -30 136 45 101 100 25 20 14 10 11 29 35 45 55 16 12 14 5 
9137500 9137527 1 2 7 -103 -135 -97 -106 -137 -72 94 31 113 112 25 20 14 10 11 27 35 45 55 16 15 14 5 
9148500 9148609 1 -3 7 -55 -113 -49 -55 -115 -21 145 60 105 103 25 20 14 10 11 29 35 45 55 16 14 10 5 
9887000 9887054 1 0 0 -15 -79 0 -15 -81 18 184 65 89 88 25 20 14 10 11 31 35 45 55 16 10 11 5 
9961000 9961143 1 0 0 -27 -85 0 -27 -88 7 173 62 91 96 25 20 14 10 11 31 35 45 55 16 12 12 5 
10046000 10046028 1 0 0 -74 -107 0 -76 -109 -41 125 34 68 66 25 20 14 10 12 32 35 45 55 16 9 9 5 
10132500 10132550 1 0 0 -76 -112 0 -80 -114 -46 120 34 72 69 25 20 14 10 12 32 35 45 55 16 9 9 5 
10292000 10292162 1 0 0 -70 -103 0 -70 -104 -36 130 34 64 64 25 20 14 10 13 33 35 45 55 16 8 8 5 
10323500 10323638 1 0 0 -21 -76 0 -23 -78 11 177 54 70 71 25 20 14 10 13 33 35 45 55 16 9 9 5 
10329500 10329668 1 0 0 -13 -71 0 -13 -72 22 188 58 66 68 25 20 14 10 13 33 35 45 55 16 8 9 5 
10350000 10350134 1 0 0 -33 -80 0 -34 -82 1 167 49 62 60 25 20 14 10 13 33 35 45 55 16 8 8 5 
10605000 10605069 1 0 0 -41 -85 0 -43 -87 -9 157 44 59 58 25 20 15 10 13 33 35 45 55 16 7 5 5 
10697000 10697138 1 0 0 -74 -107 0 -77 -109 -44 122 32 59 57 25 20 15 10 12 32 35 45 55 16 7 7 5 
10781000 10781175 1 0 0 -61 -101 0 -61 -103 -27 139 43 70 71 25 20 15 10 13 33 35 45 55 16 5 9 5 
10969500 10969594 1 0 0 -57 -96 0 -58 -98 -26 140 39 72 71 25 20 15 10 12 32 35 45 55 16 9 9 5 
10976000 10976043 1 13 0 -17 -66 18 -15 -66 20 186 51 82 89 25 20 15 10 12 32 35 45 55 16 4 7 5 
10984500 10984587 1 0 0 -4 -54 0 -4 -53 30 196 49 76 73 25 20 15 10 13 33 35 45 55 16 10 9 5 
10998500 10998686 1 0 0 -16 -64 0 -19 -66 15 181 46 65 66 25 20 15 10 13 33 35 45 55 16 8 8 5 
11074000 11074004 1 0 0 -18 -68 0 -18 -70 15 181 53 63 62 25 20 15 10 13 33 35 45 55 16 8 8 5 
11197500 11197692 1 0 0 -24 -70 0 -25 -70 9 175 44 63 57 25 20 15 10 13 33 35 45 55 16 8 8 5 
11327000 11327106 1 0 0 -29 -76 0 -30 -77 4 170 45 70 68 25 20 15 10 13 33 35 45 55 16 9 8 5 
11336000 11336170 1 0 0 -14 -63 0 -16 -63 17 183 45 68 67 25 20 15 10 13 33 35 45 55 16 7 8 5 
11349500 11349516 1 0 0 -19 -70 0 -18 -71 16 182 53 71 64 25 20 15 10 13 33 35 45 55 16 9 9 5 
11358000 11358234 1 0 0 -44 -79 0 -43 -77 -10 156 34 66 62 25 20 15 10 13 33 35 45 55 16 8 8 5 
11408500 11409268 1 0 0 -52 -86 0 -56 -88 -22 144 33 65 64 25 20 15 10 13 33 35 45 55 16 5 8 5 
11421500 11421510 1 0 0 -16 -65 0 -19 -67 14 180 47 69 61 25 20 15 10 13 33 35 45 55 16 8 8 5 
11475000 11475122 1 0 0 -24 -73 0 -26 -74 8 174 48 71 79 25 20 15 10 13 33 35 45 55 16 9 9 5 
11489000 11489105 1 0 0 -74 -107 0 -77 -109 -44 122 32 67 66 25 20 15 10 12 32 35 45 55 16 9 8 5 
11568500 11568701 1 0 0 -77 -104 0 -79 -105 -44 122 26 71 70 25 20 15 10 12 32 35 45 55 16 9 9 5 
11581000 11581013 1 0 0 -31 -77 0 -32 -79 2 168 46 73 67 25 20 15 10 12 32 35 45 55 16 8 10 5 
11589500 11589635 1 0 0 -39 -83 0 -42 -86 -8 158 45 75 77 25 20 15 10 12 32 35 45 55 16 10 9 5 
11606000 11606184 1 0 0 -12 -67 0 -13 -69 20 186 56 76 77 25 20 15 10 12 32 35 45 55 16 10 10 5 
11630500 11630537 1 -1 7 -64 -103 -52 -65 -108 -76 136 43 99 99 25 20 15 10 11 31 35 45 55 16 10 13 5 
11641000 11641016 1 2 7 -142 -158 -130 -143 -161 -156 56 17 116 113 25 20 15 10 11 27 35 45 55 16 15 15 5 
11650500 11650710 1 -3 7 -58 -100 -47 -57 -99 -70 142 41 93 83 25 20 15 10 12 32 35 45 55 16 11 11 5 
11955000 11955158 1 0 0 -6 -59 0 -9 -62 25 191 53 65 56 25 20 16 10 12 32 35 45 55 16 5 8 5 
11963500 11964201 1 13 0 -54 -92 -13 -68 -104 -34 132 37 80 84 25 20 16 10 12 32 35 45 55 16 4 10 5 
11970000 11970259 1 0 0 -68 -103 0 -70 -104 -37 129 34 76 83 25 20 16 10 12 32 35 45 55 16 8 10 5 
11991500 11991616 1 0 0 -67 -106 0 -68 -108 -35 131 41 70 69 25 20 16 10 12 32 35 45 55 16 9 9 5 
12213000 12213181 1 0 0 -70 -107 0 -71 -108 -38 128 38 70 77 25 20 16 10 12 32 35 45 55 16 9 9 5 
12233500 12233541 1 0 0 -98 -115 0 -99 -117 -65 101 17 70 67 25 20 16 10 11 31 35 45 55 16 9 5 5 
12275500 12275512 1 0 0 -102 -116 0 -103 -118 -70 96 15 65 59 25 20 16 10 11 31 35 45 55 16 9 8 5 
12294500 12294547 1 0 0 -74 -110 0 -75 -111 -43 123 35 74 74 25 20 16 10 12 32 35 45 55 16 10 9 5 
12369500 12369623 1 0 0 -73 -110 0 -74 -111 -41 125 37 69 69 25 20 16 10 12 32 35 45 55 16 9 9 5 
12823000 12823077 1 0 0 -73 -107 0 -74 -109 -40 126 35 68 69 25 20 15 10 12 32 35 45 55 16 9 8 5 
13102500 13102681 1 0 0 -76 -108 0 -77 -109 -43 123 32 69 71 25 20 15 10 12 32 35 45 55 16 9 8 5 
13120500 13120523 1 0 0 -34 -77 0 -36 -78 -2 164 42 67 65 25 20 15 10 12 32 35 45 55 16 8 8 5 
13211000 13211020 1 0 0 -12 -58 0 -13 -59 21 187 46 78 80 25 20 15 10 12 32 35 45 55 16 9 10 5 
13228000 13228113 1 0 0 18 -37 0 16 -39 51 217 56 76 79 25 20 15 10 12 32 35 45 55 16 7 9 5 
13384500 13384519 1 0 0 15 -40 0 14 -40 48 214 55 79 78 25 20 15 10 12 32 35 45 55 16 10 10 5 
13390500 13390670 1 13 0 -40 -79 -29 -46 -83 -11 155 38 86 88 25 20 15 10 12 32 35 45 55 16 9 12 5 
13400500 13400557 1 0 0 -55 -91 0 -56 -93 -22 144 37 73 70 25 20 15 10 12 32 35 45 55 16 9 9 5 
13445500 13445690 1 0 0 -4 -49 0 -9 -52 25 191 44 76 74 25 20 15 10 12 32 35 45 55 16 10 10 5 
13658500 13658646 1 0 0 -22 -63 0 -24 -65 11 177 41 69 70 25 20 15 10 12 32 35 45 55 16 9 9 5 
13729000 13729079 1 0 0 -14 -58 0 -15 -60 18 184 44 72 75 25 20 15 10 12 32 35 45 55 16 9 9 5 
13741000 13741096 1 13 0 -89 -104 -15 -91 -108 -58 108 17 87 95 25 20 15 10 11 31 35 45 55 16 7 11 5 
13745500 13745877 1 0 0 -96 -107 0 -97 -108 -62 104 10 76 74 25 20 15 10 11 31 35 45 55 16 9 9 5 
13822500 13822544 1 0 0 -105 -117 0 -107 -117 -72 94 11 64 65 25 20 15 10 10 30 35 45 55 16 8 8 5 
14198500 14198535 1 0 0 -114 -128 0 -117 -131 -82 84 14 59 60 25 20 15 10 10 30 35 45 55 16 7 7 5 
14359000 14359089 1 0 0 -113 -122 0 -115 -124 -81 85 10 60 60 25 20 15 10 11 31 35 45 55 16 7 7 5 
14363500 14363716 1 13 0 -120 -139 -22 -127 -147 -91 75 21 82 94 25 20 15 10 11 31 35 45 55 16 3 12 5 
14375500 14375674 1 0 0 -58 -88 0 -58 -90 -22 144 32 67 68 25 20 15 10 12 32 35 45 55 16 8 9 5 
14405500 14405525 1 0 0 -43 -76 0 -44 -78 -10 156 34 69 66 25 20 15 10 12 32 35 45 55 16 7 9 5 
14681000 14681063 1 0 0 -38 -71 0 -39 -72 -6 160 32 70 69 25 20 15 10 12 32 35 45 55 16 9 9 5 
14919500 14919721 1 0 0 -23 -61 0 -24 -62 9 175 37 64 66 25 20 15 10 12 32 35 45 55 16 8 8 5 
14948500 14948539 1 0 0 -20 -59 0 -20 -60 13 179 39 67 69 25 20 15 10 12 32 35 45 55 16 9 8 5 
14962500 14962697 1 0 0 7 -41 0 6 -41 39 205 45 65 65 25 20 15 10 12 32 35 45 55 16 8 8 5 
15001000 15001206 1 0 0 -2 -49 0 -2 -51 33 199 49 65 67 25 20 15 10 12 32 35 45 55 16 8 8 5 
15013000 15013097 1 0 0 -15 -60 0 -13 -59 21 187 46 67 64 25 20 15 10 12 32 35 45 55 16 6 8 5 
15019500 15020181 1 13 0 -52 -84 -10 -69 -95 -36 130 26 74 75 25 20 15 10 12 32 35 45 55 16 5 10 5 
15026500 15026631 1 0 0 -72 -107 0 -74 -109 -40 126 36 77 72 25 20 15 10 12 32 35 45 55 16 11 9 5 
15073000 15073101 1 0 0 -75 -104 0 -76 -105 -41 125 30 63 63 25 20 15 10 13 33 35 45 55 16 8 8 5 
15278500 15278700 1 0 0 -74 -106 0 -76 -108 -43 123 31 63 64 25 20 15 10 12 32 35 45 55 16 8 8 5 
15769500 15769634 1 0 0 -69 -103 0 -72 -105 -38 128 33 66 70 25 20 15 10 12 32 35 45 55 16 6 8 5 
15783500 15783596 1 0 0 -61 -91 0 -60 -90 -25 141 31 60 64 25 20 15 10 12 32 35 45 55 16 8 5 5 
15922500 15922595 1 0 0 -47 -83 0 -49 -85 -15 151 36 60 60 25 20 15 10 12 32 35 45 55 16 7 7 5 
15973000 15973044 1 0 0 -60 -88 0 -61 -90 -29 137 29 67 66 25 20 15 10 12 32 35 45 55 16 8 8 5 
15992000 15992073 1 0 0 -17 -59 0 -19 -61 14 180 41 65 60 25 20 15 10 12 32 35 45 55 16 9 7 5 
16107000 16107035 1 0 0 -30 -69 0 -30 -70 4 170 41 62 62 25 20 15 10 12 32 35 45 55 16 8 8 5 
16168000 16168176 1 0 0 -49 -77 0 -51 -79 -16 150 29 60 60 25 20 15 10 12 32 35 45 55 16 8 5 5 
16309000 16309116 1 0 0 -47 -76 0 -48 -77 -13 153 29 65 62 25 20 15 10 12 32 35 45 55 16 5 8 5 
16451000 16451085 1 0 0 -41 -75 0 -44 -77 -9 157 35 62 62 25 20 15 10 12 32 35 45 55 16 8 7 5 
16479500 16479728 1 0 0 -64 -95 0 -64 -96 -30 136 32 63 63 25 20 15 10 12 32 35 45 55 16 8 8 5 
16597500 16597561 1 0 0 -80 -110 0 -81 -109 -47 119 28 65 61 25 20 15 10 12 32 35 45 55 16 8 8 5 
16608500 16608905 1 0 0 -47 -86 0 -48 -88 -15 151 39 66 72 25 20 15 10 12 32 35 45 55 16 5 6 5 
16646000 16646094 1 0 0 -61 -97 0 -63 -99 -29 137 35 68 65 25 20 15 10 12 32 35 45 55 16 8 9 5 
16714500 16714605 1 0 0 -61 -87 0 -61 -88 -26 140 28 61 61 25 20 15 10 12 32 35 45 55 16 8 8 5 
16769000 16769453 1 0 0 -64 -92 0 -69 -93 -36 130 22 66 71 25 20 15 10 12 32 35 45 55 16 5 8 5 
16780500 16780662 1 0 0 -97 -112 0 -99 -113 -66 100 13 61 61 25 20 15 10 11 31 35 45 55 16 7 8 5 
16826000 16826122 1 0 0 -106 -121 0 -108 -123 -74 92 14 60 58 25 20 15 10 11 31 35 45 55 16 8 5 5 
16885500 16885554 1 0 0 -108 -123 0 -110 -125 -75 91 15 58 58 25 20 15 10 11 31 35 45 55 16 7 7 5 
17069000 17069235 1 0 0 -110 -124 0 -112 -127 -79 87 14 57 53 25 20 15 10 11 31 35 45 55 16 7 7 5 
17073000 17074182 1 13 0 -85 -108 5 -62 -94 -29 137 31 61 79 25 20 15 10 11 31 35 45 55 16 0 7 5 
17079500 17079541 1 0 0 -57 -87 0 -58 -88 -23 143 30 65 68 25 20 15 10 12 32 35 45 55 16 8 9 5 
17183500 17183650 1 0 0 -53 -81 0 -56 -83 -23 143 27 63 61 25 20 15 10 12 32 35 45 55 16 8 8 5 
17196500 17196674 1 0 0 -8 -54 0 -9 -55 25 191 46 64 62 25 20 15 10 12 32 35 45 55 16 8 8 5 
17265000 17265060 1 0 0 -7 -57 0 -10 -59 25 191 49 67 66 25 20 15 10 12 32 35 45 55 16 8 9 5 
17290500 17290743 1 0 0 -22 -60 0 -24 -63 9 175 40 64 63 25 20 15 10 12 32 35 45 55 16 8 8 5 
17490000 17490585 1 0 0 -42 -72 0 -44 -73 -9 157 30 65 67 25 20 15 10 12 32 35 45 55 16 4 8 5 
17503000 17503104 1 0 0 0 -49 0 0 -50 35 201 51 66 69 25 20 15 10 12 32 35 45 55 16 5 8 5 
17536000 17536193 1 0 0 -9 -54 0 -11 -57 23 189 46 68 68 25 20 15 10 12 32 35 45 55 16 8 9 5 
17553500 17553668 1 0 0 -37 -65 0 -39 -66 -5 161 26 63 63 25 20 15 10 12 32 35 45 55 16 7 8 5 
17581000 17581026 1 0 0 -45 -72 0 -46 -74 -11 155 28 66 77 25 20 15 10 12 32 35 45 55 16 8 8 5 
17699000 17699190 1 0 0 -49 -76 0 -51 -76 -16 150 27 67 63 25 20 15 10 12 32 35 45 55 16 8 9 5 
17708500 17708722 1 0 0 -8 -53 0 -12 -55 21 187 42 64 69 25 20 15 10 12 32 35 45 55 16 8 8 5 
17738500 17738524 1 0 0 -5 -52 0 -8 -54 27 193 47 69 68 25 20 15 10 12 32 35 45 55 16 9 9 5 
17752500 17752502 1 0 0 -39 -70 0 -40 -72 -6 160 32 67 63 25 20 15 10 12 32 35 45 55 16 8 8 5 
17778000 17778177 1 0 0 -41 -71 0 -40 -72 -7 159 32 67 69 25 20 15 10 12 32 35 45 55 16 8 9 5 
17792000 17792203 1 0 0 -8 -49 0 -9 -50 25 191 41 64 66 25 20 15 10 12 32 35 45 55 16 8 8 5 
17833000 17833206 1 0 0 -23 -59 0 -26 -62 8 174 35 64 64 25 20 15 10 12 32 35 45 55 16 8 8 5 
17839500 17839633 1 13 0 -69 -98 -24 -71 -101 -37 129 30 88 89 25 20 15 10 13 33 35 45 55 16 8 10 5 
17848000 17848173 1 0 0 -75 -95 0 -77 -97 -44 122 20 62 63 25 20 15 10 13 33 35 45 55 16 8 8 5 
17901500 17901579 1 0 0 -69 -97 0 -70 -99 -37 129 29 65 64 25 20 15 10 13 33 35 45 55 16 8 5 5 
18136000 18136188 1 0 0 -74 -102 0 -74 -104 -42 124 30 67 64 25 20 15 10 13 33 35 45 55 16 8 9 5 
18154500 18154649 1 0 0 -68 -93 0 -70 -95 -38 128 24 54 52 25 20 15 10 12 32 35 45 55 16 7 3 5 
18190500 18190729 1 0 0 -57 -88 0 -57 -87 -23 143 30 54 57 25 20 15 10 12 32 35 45 55 16 7 7 5 
18525000 18525176 1 0 0 -47 -75 0 -48 -76 -15 151 29 63 65 25 20 15 10 12 32 35 45 55 16 8 8 5 
18688000 18688074 1 0 0 -52 -78 0 -54 -81 -22 144 25 63 63 25 20 15 10 12 32 35 45 55 16 8 8 5 
18756500 18756653 1 0 0 -31 -70 0 -33 -74 1 167 41 64 61 25 20 15 10 11 31 35 45 55 16 8 8 5 
18767000 18767407 1 13 0 -112 -136 -43 -115 -140 -81 85 25 92 88 25 20 15 10 10 30 35 45 55 16 9 10 5 
18775500 18775515 1 0 0 -100 -114 0 -103 -117 -69 97 14 65 66 25 20 15 10 10 30 35 45 55 16 8 8 5 
18831500 18831642 1 0 0 -106 -117 0 -105 -116 -71 95 11 66 60 25 20 15 10 11 31 35 45 55 16 8 7 5 
18848500 18848546 1 0 0 -93 -131 0 -87 -131 -52 114 45 103 87 25 20 15 10 11 31 35 45 55 16 14 12 5 
19067000 19067163 1 0 0 -74 -103 0 -75 -103 -43 123 29 64 60 25 20 15 10 12 32 35 45 55 16 8 8 5 
19082000 19082144 1 0 0 -71 -102 0 -72 -104 -39 127 33 66 66 25 20 15 10 12 32 35 45 55 16 8 8 5 
19098500 19098927 1 0 0 -63 -100 0 -62 -100 -28 138 38 69 70 25 20 15 10 12 32 35 45 55 16 6 9 5 
19118500 19118542 1 0 0 -22 -74 0 -25 -78 10 176 53 76 79 25 20 15 10 12 32 35 45 55 16 6 10 5 
19129000 19129126 1 0 0 -19 -66 0 -22 -69 11 177 45 63 59 25 20 15 10 12 32 35 45 55 16 8 8 5 
19148500 19148514 1 0 0 -22 -67 0 -24 -68 11 177 46 65 65 25 20 15 10 12 32 35 45 55 16 8 8 5 
19205500 19205657 1 0 0 -22 -70 0 -25 -73 7 173 47 66 66 25 20 15 10 12 32 35 45 55 16 8 8 5 
19672000 19672014 1 -1 7 -61 -113 -51 -65 -117 -31 135 52 105 103 25 20 14 10 11 29 35 45 55 16 13 13 5 
19703000 19703064 1 2 7 -113 -147 -103 -119 -152 -84 82 34 122 126 25 20 14 10 11 26 35 45 55 16 15 16 5 
19723000 19723058 1 -3 7 -58 -123 -49 -63 -126 -30 136 62 103 105 25 20 14 10 11 29 35 45 55 16 14 12 5 
19739500 19739645 1 -1 7 -60 -120 -51 -62 -120 -28 138 60 90 89 25 20 14 10 11 31 35 45 55 16 11 11 5 
19791000 19791015 1 2 7 -116 -149 -108 -124 -154 -90 76 30 119 122 25 20 14 10 11 26 35 45 55 16 15 15 5 
19811500 19811517 1 -3 7 -56 -132 -48 -58 -135 -24 142 78 104 104 25 20 14 10 11 29 35 45 55 16 14 13 5 
19819000 19819007 1 -1 7 -58 -122 -51 -59 -123 -26 140 63 91 85 25 20 14 10 11 31 35 45 55 16 12 12 5 
19832500 19832597 1 2 7 -107 -143 -100 -112 -145 -77 89 34 117 125 25 20 14 10 11 26 35 45 55 16 12 16 5 
19876000 19876129 1 -3 7 -55 -124 -49 -63 -126 -29 137 64 108 110 25 20 14 10 11 27 35 45 55 16 14 11 5 
19890000 19890155 1 -1 7 -55 -118 -50 -56 -122 -20 146 69 97 96 25 20 14 10 11 31 35 45 55 16 12 13 5 
19980000 19980097 1 2 7 -110 -153 -107 -116 -159 -82 84 43 126 130 25 20 14 10 11 26 35 45 55 16 13 16 5 
20078000 20078112 1 -3 7 -46 -117 -46 -35 -120 -2 164 85 106 98 25 20 15 10 12 32 35 45 55 16 13 13 5 
20112500 20112631 1 -1 7 -50 -111 -51 -58 -109 -24 142 52 97 101 25 20 15 10 12 30 35 45 55 16 12 13 5 
20154000 20154013 1 2 7 -94 -136 -95 -97 -138 -63 103 42 116 122 25 20 14 10 11 26 35 45 55 16 11 11 5 
20173000 20173061 1 -3 7 -47 -108 -49 -52 -106 -18 148 54 112 118 25 20 14 10 12 28 35 45 55 16 13 12 5 
20353000 20353133 1 0 0 6 -57 0 4 -59 36 202 62 71 75 25 20 15 10 13 33 35 45 55 16 9 9 5 
20450500 20450714 1 0 0 -3 -60 0 -4 -61 30 196 56 69 68 25 20 15 10 12 32 35 45 55 16 5 7 5 
20476000 20476135 1 -1 7 -58 -110 -56 -54 -113 -66 146 58 102 98 25 20 15 10 11 31 35 45 55 16 12 14 5 
20485000 20485004 1 2 7 -128 -152 -125 -136 -159 -147 65 23 123 126 25 20 15 10 11 26 35 45 55 16 16 13 5 
20493500 20493512 1 -3 7 -50 -104 -48 -57 -107 -68 144 51 109 113 25 20 15 10 11 27 35 45 55 16 14 13 5 
20508500 20508505 1 -1 7 -55 -113 -52 -58 -113 -70 142 55 100 100 25 20 15 10 11 29 35 45 55 16 12 14 5 
20514000 20514026 1 2 7 -90 -141 -88 -95 -142 -108 104 46 111 110 25 20 15 10 11 27 35 45 55 16 14 14 5 
20523500 20523592 1 -3 7 -48 -111 -45 -54 -111 -67 145 56 102 100 25 20 15 10 11 29 35 45 55 16 14 12 5 
