44500 44610 0 2 7 -86 -48 -86 -84 -46 -95 -239 11 105 106 25 20 14 10 11 29 35 45 55 16 14 13 5 
91000 91137 0 -3 7 -49 -30 -49 -38 -27 -30 -174 44 103 99 25 20 14 10 11 31 35 45 55 16 13 12 5 
244000 244175 0 0 -1 0 0 0 0 0 0 -151 0 91 84 25 20 14 10 11 31 35 45 55 16 11 12 5 
371500 371505 0 0 0 -1 27 0 0 29 -2 -146 30 86 86 25 20 14 10 11 31 35 45 55 16 11 11 5 
795000 795181 0 0 0 25 -4 0 25 -3 5 -139 36 83 75 25 20 14 10 11 31 35 45 55 16 11 10 5 
947500 947559 0 -1 7 -17 -38 -52 -20 -43 -35 -179 22 101 104 25 20 14 10 11 29 35 45 55 16 13 13 5 
998000 998031 0 2 7 -53 -72 -92 -49 -70 -63 -207 23 113 109 25 20 14 10 11 29 35 45 55 16 15 14 5 
1030500 1030609 0 -3 7 -8 -41 -49 -8 -39 -26 -170 31 102 109 25 20 14 10 11 29 35 45 55 16 12 12 5 
1130500 1130507 0 0 0 48 -16 0 48 -14 28 -116 62 84 77 25 20 14 10 11 31 35 45 55 16 11 11 5 
1277000 1277134 0 -1 7 -1 -41 -51 -10 -41 -27 -171 31 98 103 25 20 14 10 11 29 35 45 55 16 12 13 5 
1294000 1294124 0 2 7 -64 -73 -115 -70 -76 -88 -232 6 107 103 25 20 14 10 11 29 35 45 55 16 10 13 5 
1307000 1307015 0 -3 7 11 -41 -40 9 -42 -5 -149 51 106 108 25 20 14 10 11 29 35 45 55 16 13 13 5 
1335500 1335564 0 -1 7 1 -33 -50 -6 -44 -23 -167 37 100 94 25 20 14 10 11 31 35 45 55 16 10 11 5 
1349500 1349608 0 2 7 -60 -70 -112 -60 -72 -75 -219 13 121 116 25 20 13 10 11 27 35 45 55 16 16 16 5 
1357500 1357554 0 -3 7 5 -42 -47 11 -38 1 -143 49 126 127 25 20 12 10 11 26 35 45 55 16 15 16 5 
1528000 1528024 0 0 0 56 23 0 56 24 50 -94 50 91 87 25 20 12 10 11 31 35 45 55 16 12 12 5 
2139500 2139503 0 0 0 62 26 0 65 29 53 -91 47 87 82 25 20 14 10 11 31 35 45 55 16 11 11 5 
2677500 2677529 0 0 0 51 11 0 50 12 37 -107 47 84 84 25 20 14 10 11 31 35 45 55 16 11 11 5 
2902500 2902683 0 0 0 57 20 0 57 19 43 -101 45 85 85 25 20 14 10 11 31 35 45 55 16 11 11 5 
2987000 2987013 0 -1 7 1 -44 -52 1 -46 -17 -161 45 96 99 25 20 14 10 11 31 35 45 55 16 12 11 5 
3019500 3019559 0 2 7 -90 -95 -141 -95 -97 -110 -254 1 124 127 25 20 14 10 11 26 35 45 55 16 16 16 5 
3026000 3026102 0 -3 7 1 -43 -50 -1 -40 -21 -165 39 113 112 25 20 14 10 11 27 35 45 55 16 15 14 5 
3259000 3259112 0 0 0 38 -9 0 40 -7 18 -126 47 73 69 25 20 14 10 11 31 35 45 55 16 9 9 5 
3416000 3416078 0 0 0 24 -15 0 25 -14 4 -140 41 75 77 25 20 14 10 11 31 35 45 55 16 10 9 5 
3956000 3956176 0 0 0 43 6 0 45 8 24 -120 37 74 74 25 20 14 10 11 31 35 45 55 16 9 9 5 
3978500 3978636 0 0 0 37 3 0 38 4 18 -126 33 74 76 25 20 14 10 11 31 35 45 55 16 9 9 5 
4160500 4160614 0 0 0 47 8 0 50 10 31 -113 40 72 79 25 20 14 10 11 31 35 45 55 16 9 9 5 
4434500 4434575 0 0 0 9 -16 0 10 -15 -8 -152 26 83 82 25 20 14 10 11 31 35 45 55 16 10 11 5 
4470000 4470104 0 0 0 -14 -28 0 -14 -27 -33 -177 12 87 87 25 20 14 10 11 31 35 45 55 16 11 12 5 
4961000 4961034 0 0 0 -7 -33 0 -5 -31 -24 -168 27 88 90 25 20 14 10 11 31 35 45 55 16 11 11 5 
5039000 5039340 0 -1 7 -63 -70 -57 -73 -71 -88 -232 -2 106 119 25 20 14 10 10 26 35 45 55 16 10 13 5 
5061500 5061531 0 2 7 -141 -127 -135 -144 -127 -154 -298 -20 116 116 25 20 14 10 10 26 35 45 55 16 13 15 5 
5103500 5103505 0 -3 7 -54 -78 -47 -56 -77 -78 -222 21 103 106 25 20 14 10 11 29 35 45 55 16 10 12 5 
5112000 5112232 0 -1 7 -59 -78 -52 -64 -80 -79 -223 15 109 110 25 20 14 10 11 27 35 45 55 16 11 11 5 
5160500 5160563 0 2 7 -129 -116 -122 -128 -116 -137 -281 -12 117 120 25 20 14 10 11 26 35 45 55 16 11 13 5 
5204000 5204034 0 -3 7 -54 -81 -48 -39 -75 -57 -201 36 102 94 25 20 14 10 11 31 35 45 55 16 13 12 5 
5282000 5282077 0 -1 7 -60 -71 -54 -56 -65 -72 -216 9 114 115 25 20 14 10 11 27 35 45 55 16 13 13 5 
5286000 5286020 0 2 7 -127 -115 -121 -129 -116 -138 -282 -14 127 124 25 20 14 10 11 26 35 45 55 16 13 16 5 
5295500 5295530 0 -3 7 -55 -75 -49 -57 -71 -73 -217 14 117 120 25 20 14 10 11 26 35 45 55 16 16 15 5 
5308500 5308508 0 -1 7 -57 -102 -51 -57 -97 -73 -217 39 101 104 25 20 14 10 11 29 35 45 55 16 12 13 5 
5327000 5327042 0 2 7 -119 -116 -113 -119 -114 -135 -279 -5 118 119 25 20 14 10 11 27 35 45 55 16 13 14 5 
5334000 5334082 0 -3 7 -53 -88 -47 -48 -87 -65 -209 39 107 104 25 20 14 10 11 29 35 45 55 16 14 13 5 
5440500 5440568 0 -1 7 -65 -107 -60 -68 -110 -81 -225 42 104 106 25 20 14 10 11 29 35 45 55 16 12 14 5 
5465000 5465030 0 2 7 -118 -125 -113 -123 -127 -132 -276 5 119 126 25 20 14 10 11 26 35 45 55 16 14 15 5 
5514000 5514035 0 -3 7 -54 -86 -49 -45 -80 -63 -207 37 104 102 25 20 14 10 11 29 35 45 55 16 11 13 5 
5680500 5680592 0 -1 7 -60 -60 -55 -59 -52 -62 -206 1 106 111 25 20 14 10 11 27 35 45 55 16 6 4 5 
5690000 5690207 0 2 7 -119 -100 -114 -110 -95 -115 -259 -13 122 122 25 20 14 10 10 25 35 45 55 16 8 10 5 
5702000 5702040 0 -3 7 -55 -84 -50 -62 -81 -71 -215 25 109 115 25 20 14 10 11 27 35 45 55 16 12 14 5 
5754500 5754632 0 0 0 -5 -57 0 -1 -53 -19 -163 52 90 90 25 20 14 10 11 31 35 45 55 16 11 11 5 
5878000 5878168 0 0 0 -1 -45 0 0 -44 -20 -164 44 87 85 25 20 14 10 11 31 35 45 55 16 11 11 5 
6123500 6123729 0 0 0 0 -41 0 3 -41 -17 -161 43 85 92 25 20 14 10 11 31 35 45 55 16 9 11 5 
6345500 6345637 0 -1 7 -55 -62 -52 -45 -58 -57 -201 14 103 98 25 20 14 10 11 31 35 45 55 16 13 10 5 
6352000 6352064 0 2 7 -105 -82 -101 -105 -82 -126 -270 -23 114 115 25 20 14 10 11 27 35 45 55 16 13 14 5 
6356500 6356602 0 -3 7 -53 -63 -49 -46 -59 -64 -208 14 101 98 25 20 14 10 11 31 35 45 55 16 14 12 5 
6364000 6364115 0 -1 7 -55 -79 -51 -60 -78 -78 -222 18 94 106 25 20 14 10 11 29 35 45 55 16 10 11 5 
6389000 6389044 0 2 7 -153 -134 -149 -159 -136 -177 -321 -23 121 118 25 20 14 10 11 27 35 45 55 16 14 14 5 
6461000 6461118 0 -3 7 -51 -76 -45 -44 -75 -64 -208 30 97 90 25 20 14 10 11 31 35 45 55 16 12 12 5 
6564500 6564572 0 0 0 -7 -31 0 -8 -32 -25 -169 26 94 92 25 20 14 10 11 31 35 45 55 16 12 12 5 
6902000 6902101 0 0 0 -21 -58 0 -23 -59 -43 -187 36 88 84 25 20 14 10 11 31 35 45 55 16 11 11 5 
6966000 6966113 0 -1 7 -68 -47 -53 -72 -50 -87 -231 -23 116 122 25 20 14 10 11 26 35 45 55 16 16 12 5 
6981500 6981510 0 2 7 -140 -122 -127 -136 -116 -153 -297 -20 118 118 25 20 14 10 11 27 35 45 55 16 6 9 5 
6988500 6988577 0 -3 7 -62 -95 -49 -59 -91 -76 -220 32 96 91 25 20 14 10 11 31 35 45 55 16 10 12 5 
7099000 7099026 0 0 0 -1 -33 0 9 -28 -6 -150 38 92 90 25 20 14 10 11 31 35 45 55 16 12 11 5 
7289500 7289567 0 -1 7 -50 -79 -53 -50 -77 -67 -211 34 105 106 25 20 14 10 11 29 35 45 55 16 14 12 5 
7335000 7335107 0 2 7 -105 -109 -109 -107 -108 -120 -264 2 113 122 25 20 14 10 11 26 35 45 55 16 8 10 5 
7413500 7413560 0 -3 7 -44 -79 -49 -55 -85 -58 -202 34 118 123 25 20 14 10 11 26 35 45 55 16 13 13 5 
7421500 7421564 0 -1 7 -46 -75 -51 -47 -74 -67 -211 28 112 113 25 20 14 10 11 27 35 45 55 16 11 14 5 
7572000 7572094 0 2 7 -128 -141 -136 -125 -140 -131 -275 23 126 126 25 20 14 10 11 26 35 45 55 16 16 16 5 
7726500 7726560 0 -3 7 -36 -93 -48 -31 -92 -30 -174 71 116 115 25 20 14 10 11 27 35 45 55 16 14 14 5 
7740000 7740023 0 -1 7 -39 -103 -51 -45 -101 -49 -193 64 111 110 25 20 14 10 11 27 35 45 55 16 12 14 5 
7754500 7754601 0 2 7 -75 -113 -87 -72 -113 -75 -219 48 119 119 25 20 14 10 11 27 35 45 55 16 15 16 5 
7778500 7778578 0 -3 7 -37 -89 -49 -42 -89 -47 -191 52 111 116 25 20 14 10 11 27 35 45 55 16 14 14 5 
7824000 7824101 0 -1 7 -45 -135 -59 -54 -135 -55 -199 91 110 110 25 20 12 10 11 27 35 45 55 16 13 13 5 
7851500 7851591 0 2 7 -169 -178 -183 -179 -184 -166 -310 11 135 138 25 20 12 10 11 26 35 45 55 16 17 14 5 
7869500 7869632 0 -3 7 -26 -120 -41 -36 -118 -41 -185 96 105 106 25 20 13 10 11 29 35 45 55 16 13 13 5 
7881500 7881508 0 -1 7 -37 -131 -52 -43 -128 -54 -198 92 98 106 25 20 13 10 11 29 35 45 55 16 12 13 5 
7896000 7896021 0 2 7 -118 -139 -133 -122 -136 -121 -265 23 118 124 25 20 13 10 11 26 35 45 55 16 15 14 5 
7917000 7917057 0 -3 7 -28 -85 -44 -28 -81 -40 -184 61 102 104 25 20 13 10 11 29 35 45 55 16 14 12 5 
8291500 8291566 0 0 0 23 -37 0 21 -37 3 -141 58 82 84 25 20 13 10 11 31 35 45 55 16 10 10 5 
8591500 8591599 0 0 0 49 11 0 51 13 34 -110 38 72 73 25 20 13 10 11 31 35 45 55 16 9 9 5 
9590500 9590734 0 0 0 38 19 0 41 22 20 -124 19 64 63 25 20 13 10 11 31 35 45 55 16 8 8 5 
9947000 9947102 0 0 0 52 33 0 50 31 30 -114 19 67 64 25 20 13 10 11 31 35 45 55 16 8 9 5 
10727000 10727113 0 0 0 68 43 0 72 46 51 -93 25 76 71 25 20 13 10 11 31 35 45 55 16 10 10 5 
11004500 11004567 0 0 0 73 43 0 79 48 58 -86 31 77 69 25 20 13 10 11 31 35 45 55 16 10 10 5 
11042000 11042139 0 0 0 57 33 0 55 33 35 -109 22 79 78 25 20 13 10 11 31 35 45 55 16 10 10 5 
11113000 11113040 0 0 0 43 12 0 42 14 25 -119 29 66 47 25 20 13 10 11 31 35 45 55 16 9 4 5 
11137500 11137530 0 0 0 34 9 0 33 9 11 -133 23 65 66 25 20 13 10 11 31 35 45 55 16 8 8 5 
11285500 11285667 0 0 0 43 25 0 45 28 23 -121 18 74 77 25 20 13 10 11 31 35 45 55 16 10 9 5 
11319500 11319581 0 0 0 54 31 0 56 33 36 -108 22 69 71 25 20 13 10 11 31 35 45 55 16 8 9 5 
11516000 11516061 0 0 0 66 41 0 65 41 43 -101 25 68 72 25 20 13 10 11 31 35 45 55 16 8 8 5 
13104500 13104582 0 0 0 53 49 0 55 50 33 -111 4 64 59 25 20 13 10 11 31 35 45 55 16 8 9 5 
13607000 13607204 0 0 0 42 33 0 44 35 22 -122 9 63 54 25 20 13 10 11 31 35 45 55 16 8 8 5 
13738000 13738211 0 0 0 18 -2 0 19 -2 -1 -145 20 60 51 25 20 13 10 11 31 35 45 55 16 7 7 5 
13828000 13828038 0 0 0 42 30 0 42 30 23 -121 12 68 67 25 20 13 10 11 31 35 45 55 16 9 8 5 
14688500 14688654 0 0 0 60 48 0 61 49 39 -105 11 64 63 25 20 13 10 11 31 35 45 55 16 8 8 5 
14726000 14726271 0 0 0 53 38 0 54 38 36 -108 16 62 68 25 20 13 10 11 31 35 45 55 16 7 8 5 
15579500 15579778 0 0 0 56 46 0 60 49 41 -103 12 61 55 25 20 13 10 11 31 35 45 55 16 7 8 5 
15613000 15613110 0 0 0 62 59 0 64 61 45 -99 2 67 72 25 20 13 10 11 31 35 45 55 16 8 9 5 
15648500 15648584 0 0 0 61 56 0 62 57 41 -103 4 71 71 25 20 13 10 11 31 35 45 55 16 9 9 5 
15870000 15870096 0 -1 7 12 -8 -50 9 -8 -11 -155 17 102 106 25 20 13 10 11 29 35 45 55 16 12 14 5 
15957000 15957067 0 2 7 -66 -78 -128 -67 -76 -77 -221 9 132 140 25 20 13 10 11 26 35 45 55 16 15 16 5 
16203500 16203610 0 -3 7 19 -34 -45 30 -29 16 -128 59 90 75 25 20 13 10 11 31 35 45 55 16 13 10 5 
16267500 16267539 0 0 0 64 11 0 68 13 52 -92 54 79 74 25 20 13 10 11 31 35 45 55 16 10 10 5 
16312500 16312601 0 -1 7 5 -57 -58 23 -56 8 -136 80 106 97 25 20 13 10 11 31 35 45 55 16 13 13 5 
16345500 16345537 0 2 7 -45 -60 -107 -37 -58 -52 -196 21 112 107 25 20 13 10 11 29 35 45 55 16 14 14 5 
16380500 16380545 0 -3 7 14 -39 -47 17 -37 1 -143 53 92 92 25 20 13 10 11 31 35 45 55 16 12 11 5 
16515000 16515151 0 0 0 57 0 0 56 0 40 -104 54 86 89 25 20 13 10 11 31 35 45 55 16 11 11 5 
16663000 16663043 0 0 0 -35 -76 0 -30 -73 -40 -184 43 86 88 25 20 13 10 11 31 35 45 55 16 11 11 5 
16760500 16760514 0 0 0 -20 -31 0 -20 -31 -35 -179 12 76 78 25 20 13 10 11 31 35 45 55 16 10 10 5 
16941500 16941670 0 0 0 -14 -19 0 -13 -18 -27 -171 7 72 71 25 20 13 10 11 31 35 45 55 16 9 9 5 
17199500 17199657 0 0 0 15 14 0 16 16 2 -142 0 73 68 25 20 13 10 11 31 35 45 55 16 9 9 5 
17404000 17404081 0 0 0 46 36 0 49 38 34 -110 12 74 70 25 20 13 10 11 31 35 45 55 16 10 9 5 
17438000 17438624 0 -1 7 -10 -12 -56 -27 -26 -36 -180 0 96 109 25 20 13 10 11 29 35 45 55 16 5 15 5 
17496500 17496557 0 2 7 -109 -91 -153 -113 -94 -123 -267 -19 106 115 25 20 13 10 11 27 35 45 55 16 13 14 5 
17594500 17594549 0 -3 7 -7 -33 -50 -5 -32 -17 -161 27 82 82 25 20 13 10 11 31 35 45 55 16 10 10 5 
17818000 17818184 0 0 0 38 29 0 40 31 25 -119 9 82 77 25 20 13 10 11 31 35 45 55 16 10 10 5 
17906000 17906039 0 0 0 23 2 0 23 3 9 -135 20 71 75 25 20 13 10 11 31 35 45 55 16 9 9 5 
18373000 18373139 0 0 0 64 48 0 65 49 50 -94 13 75 82 25 20 13 10 11 31 35 45 55 16 9 10 5 
18410500 18410694 0 0 0 40 17 0 41 18 28 -116 24 67 71 25 20 13 10 11 31 35 45 55 16 8 8 5 
19003000 19003191 0 0 0 74 50 0 77 51 63 -81 27 65 70 25 20 13 10 11 31 35 45 55 16 8 8 5 
19070500 19070650 0 -1 7 18 -2 -51 23 2 4 -140 16 89 94 25 20 13 10 10 30 35 45 55 16 10 12 5 
19076000 19076053 0 2 7 -52 -44 -121 -56 -46 -72 -216 -13 115 122 25 20 13 10 10 25 35 45 55 16 8 14 5 
19156000 19156082 0 -3 7 15 -21 -47 15 -20 2 -142 36 100 100 25 20 13 10 11 29 35 45 55 16 14 12 5 
19234500 19234633 0 0 0 57 15 0 62 18 45 -99 42 80 85 25 20 13 10 11 31 35 45 55 16 10 10 5 
19509500 19509531 0 0 0 24 -16 0 27 -13 12 -132 39 88 89 25 20 13 10 11 31 35 45 55 16 11 11 5 
20217000 20217067 0 0 0 17 -55 0 17 -55 2 -142 73 87 94 25 20 13 10 11 31 35 45 55 16 11 11 5 
263500 263654 1 0 -1 0 0 0 0 0 0 97 0 88 93 25 20 14 10 11 31 35 45 55 16 11 11 5 
371000 371150 1 0 0 2 -28 0 2 -28 8 99 30 86 84 25 20 14 10 11 31 35 45 55 16 11 11 5 
797000 797051 1 0 0 3 -27 0 1 -28 10 101 30 82 79 25 20 14 10 11 31 35 45 55 16 10 11 5 
1133500 1133641 1 0 0 20 -20 0 20 -21 27 118 41 89 82 25 20 14 10 11 31 35 45 55 16 11 12 5 
1526000 1526046 1 0 0 31 -17 0 33 -17 40 131 49 90 88 25 20 12 10 11 31 35 45 55 16 11 12 5 
2150500 2150528 1 0 0 7 -27 0 5 -30 11 102 34 85 86 25 20 14 10 11 31 35 45 55 16 11 11 5 
2679500 2679514 1 0 0 -5 -34 0 -6 -35 2 93 29 83 80 25 20 14 10 11 31 35 45 55 16 11 11 5 
2891000 2891186 1 0 0 13 -17 0 13 -17 20 111 29 82 77 25 20 14 10 11 31 35 45 55 16 10 10 5 
3262500 3262651 1 0 0 4 -23 0 4 -24 11 102 28 73 72 25 20 14 10 11 31 35 45 55 16 9 9 5 
3416000 3416078 1 0 0 -2 -27 0 -2 -27 6 97 25 75 77 25 20 14 10 11 31 35 45 55 16 10 9 5 
3956000 3956176 1 0 0 5 -18 0 4 -19 12 103 22 74 74 25 20 14 10 11 31 35 45 55 16 9 9 5 
3980500 3980642 1 0 0 -19 -42 0 -20 -44 -13 78 24 74 71 25 20 14 10 11 31 35 45 55 16 9 9 5 
4168000 4168148 1 0 0 -23 -46 0 -23 -46 -15 76 24 73 73 25 20 14 10 11 31 35 45 55 16 9 9 5 
4438000 4438004 1 0 0 -32 -54 0 -34 -55 -26 65 21 88 89 25 20 14 10 11 31 35 45 55 16 11 11 5 
4470000 4470104 1 0 0 -3 -29 0 -4 -30 3 94 26 87 87 25 20 14 10 11 31 35 45 55 16 11 12 5 
4961000 4961034 1 0 0 0 -28 0 -1 -29 7 98 28 88 90 25 20 14 10 11 31 35 45 55 16 11 11 5 
5756500 5756547 1 0 0 -3 -42 0 -5 -44 1 92 38 90 95 25 20 14 10 11 31 35 45 55 16 11 12 5 
5880000 5880057 1 0 0 2 -34 0 0 -35 8 99 35 86 88 25 20 14 10 11 31 35 45 55 16 11 11 5 
6133000 6133100 1 0 0 -5 -39 0 -11 -40 -4 87 29 89 101 25 20 14 10 11 29 35 45 55 16 11 11 5 
6570000 6570124 1 0 0 -26 -53 0 -28 -54 -21 70 26 93 91 25 20 14 10 11 31 35 45 55 16 12 12 5 
6902000 6902101 1 0 0 -2 -38 0 -3 -39 5 96 35 88 84 25 20 14 10 11 31 35 45 55 16 11 11 5 
7121500 7121624 1 0 0 -1 -40 0 3 -39 10 101 42 88 96 25 20 14 10 11 31 35 45 55 16 11 11 5 
7802500 7802502 1 -1 7 60 -16 58 62 -18 70 161 79 144 142 25 20 12 10 11 26 35 45 55 16 13 13 5 
7807500 7807500 1 2 7 133 13 131 137 15 143 234 122 134 130 25 20 12 10 11 26 35 45 55 16 17 17 5 
7843000 7843098 1 -3 7 51 -35 49 38 -38 46 137 75 109 119 25 20 12 10 11 27 35 45 55 16 14 14 5 
7950000 7950075 1 0 0 2 -48 0 4 -48 11 102 52 90 80 25 20 13 10 11 31 35 45 55 16 12 11 5 
8295000 8295041 1 0 0 2 -40 0 2 -40 11 102 43 84 84 25 20 13 10 11 31 35 45 55 16 11 11 5 
8587500 8587633 1 0 0 3 -25 0 3 -26 10 101 28 73 79 25 20 13 10 11 31 35 45 55 16 9 9 5 
9592500 9592593 1 0 0 5 -18 0 3 -19 11 102 22 65 64 25 20 13 10 11 31 35 45 55 16 8 8 5 
9947000 9947102 1 0 0 2 -21 0 1 -22 9 100 24 67 64 25 20 13 10 11 31 35 45 55 16 8 9 5 
10766000 10766190 1 0 0 -11 -36 0 -12 -38 -5 86 24 72 82 25 20 13 10 11 31 35 45 55 16 9 9 5 
11006000 11006155 1 0 0 -13 -39 0 -14 -39 -6 85 27 78 85 25 20 13 10 11 31 35 45 55 16 9 10 5 
11038000 11038104 1 0 0 22 -12 0 21 -13 28 119 36 77 65 25 20 13 10 11 31 35 45 55 16 10 9 5 
11111000 11111006 1 0 0 12 -16 0 11 -19 17 108 29 78 80 25 20 13 10 11 31 35 45 55 16 11 9 5 
11137500 11137530 1 0 0 -12 -30 0 -13 -31 -5 86 19 65 66 25 20 13 10 11 31 35 45 55 16 8 8 5 
11285500 11285667 1 0 0 -3 -30 0 -5 -31 2 93 26 74 77 25 20 13 10 11 31 35 45 55 16 10 9 5 
11319500 11319581 1 0 0 14 -12 0 13 -13 22 113 27 69 71 25 20 13 10 11 31 35 45 55 16 8 9 5 
11522000 11522180 1 0 0 12 -13 0 11 -13 19 110 26 68 67 25 20 13 10 11 31 35 45 55 16 9 8 5 
13102500 13102639 1 0 0 -1 -23 0 -2 -24 5 96 21 61 60 25 20 13 10 11 31 35 45 55 16 7 8 5 
13597500 13597751 1 0 0 -5 -26 0 -7 -27 1 92 20 61 50 25 20 13 10 11 31 35 45 55 16 8 7 5 
13751500 13751573 1 0 0 -42 -58 0 -44 -59 -38 53 15 68 45 25 20 13 10 11 31 35 45 55 16 10 7 5 
13828000 13828038 1 0 0 -39 -54 0 -39 -54 -33 58 14 68 67 25 20 13 10 11 31 35 45 55 16 9 8 5 
14687000 14687031 1 0 0 -38 -52 0 -39 -52 -33 58 11 64 71 25 20 13 10 11 31 35 45 55 16 8 8 5 
14730000 14730080 1 0 0 2 -19 0 2 -19 8 99 21 74 72 25 20 13 10 11 31 35 45 55 16 9 10 5 
15583000 15583141 1 0 0 -3 -20 0 -5 -21 4 95 17 63 55 25 20 13 10 11 31 35 45 55 16 8 8 5 
15613000 15613110 1 0 0 -33 -47 0 -33 -47 -24 67 15 67 72 25 20 13 10 11 31 35 45 55 16 8 9 5 
15647000 15647085 1 0 0 -33 -46 0 -34 -48 -29 62 12 71 72 25 20 13 10 11 31 35 45 55 16 9 9 5 
15817500 15817608 1 0 0 -36 -50 0 -38 -51 -33 58 10 66 63 25 20 13 10 11 31 35 45 55 16 8 8 5 
15927500 15927600 1 -1 7 20 -19 53 18 -18 24 115 35 115 113 25 20 13 10 11 27 35 45 55 16 10 15 5 
15973000 15973056 1 2 7 97 -2 129 113 1 121 212 112 103 99 25 20 13 10 11 31 35 45 55 16 13 12 5 
16209500 16209650 1 -3 7 24 -16 50 23 -17 32 123 40 74 75 25 20 13 10 11 31 35 45 55 16 9 9 5 
16224500 16224580 1 -1 7 25 -19 51 23 -20 31 122 44 77 71 25 20 13 10 11 31 35 45 55 16 9 10 5 
16305500 16305688 1 2 7 141 29 164 110 33 117 208 77 105 120 25 20 13 10 11 26 35 45 55 16 12 12 5 
16375000 16375122 1 -3 7 28 -21 49 33 -22 40 131 54 101 97 25 20 13 10 11 31 35 45 55 16 13 12 5 
16492500 16492652 1 -1 7 35 -17 53 38 -17 46 137 56 99 94 25 20 13 10 11 31 35 45 55 16 13 13 5 
16590500 16590503 1 2 7 94 5 110 76 4 83 174 72 97 102 25 20 13 10 11 29 35 45 55 16 11 13 5 
16608000 16608112 1 -3 7 35 -21 50 27 -22 35 126 48 97 103 25 20 13 10 11 29 35 45 55 16 10 13 5 
16758500 16758557 1 0 0 -11 -37 0 -11 -37 -3 88 26 77 82 25 20 13 10 11 31 35 45 55 16 10 10 5 
16939000 16939034 1 0 0 -24 -49 0 -25 -50 -18 73 24 74 75 25 20 13 10 11 31 35 45 55 16 9 9 5 
17205000 17205045 1 0 0 -39 -56 0 -39 -56 -32 59 17 72 68 25 20 13 10 11 31 35 45 55 16 9 9 5 
17405500 17405506 1 0 0 -35 -55 0 -35 -56 -27 64 21 74 79 25 20 13 10 11 31 35 45 55 16 9 9 5 
17818000 17818184 1 0 0 -33 -52 0 -34 -53 -28 63 18 82 77 25 20 13 10 11 31 35 45 55 16 10 10 5 
17900500 17900607 1 0 0 -33 -53 0 -34 -54 -27 64 20 69 63 25 20 13 10 11 31 35 45 55 16 9 9 5 
18371000 18371157 1 0 0 -30 -48 0 -31 -48 -25 66 17 70 76 25 20 13 10 11 31 35 45 55 16 9 9 5 
18414500 18414731 1 0 0 -14 -32 0 -14 -32 -7 84 17 68 67 25 20 13 10 11 31 35 45 55 16 8 9 5 
18975000 18975114 1 0 0 -2 -22 0 -3 -23 5 96 21 66 62 25 20 13 10 11 31 35 45 55 16 8 8 5 
19513000 19513159 1 0 0 2 -36 0 1 -37 7 98 38 90 90 25 20 13 10 11 31 35 45 55 16 11 12 5 
19845500 19845535 1 -1 7 57 -14 55 46 -15 53 144 60 116 127 25 20 13 10 11 26 35 45 55 16 15 8 5 
19859500 19859578 1 2 7 107 -1 106 121 0 128 219 121 112 108 25 20 13 10 11 29 35 45 55 16 14 13 5 
19899500 19899643 1 -3 7 50 -16 48 56 -15 63 154 71 109 106 25 20 13 10 11 29 35 45 55 16 13 13 5 
20056000 20056063 1 -1 7 57 -6 55 64 -5 69 160 68 125 116 25 20 13 10 11 27 35 45 55 16 16 15 5 
20062500 20062562 1 2 7 111 19 109 105 18 114 205 87 112 119 25 20 13 10 11 27 35 45 55 16 13 14 5 
20113000 20113095 1 -3 7 51 -14 49 48 -18 56 147 68 107 106 25 20 13 10 11 29 35 45 55 16 14 13 5 
20152500 20152502 1 -1 7 52 -9 50 52 -8 59 150 59 111 111 25 20 13 10 11 27 35 45 55 16 14 14 5 
20165000 20165122 1 2 7 81 -12 79 76 -13 82 173 89 106 108 25 20 13 10 11 29 35 45 55 16 14 14 5 
20174000 20174019 1 -3 7 51 -18 50 49 -22 57 148 71 107 104 25 20 13 10 11 29 35 45 55 16 12 14 5 
