37500 37536 0 0 0 26 -34 0 26 -34 13 28 56 135 135 25 20 18 10 15 30 35 45 55 16 18 17 5 
63500 63595 0 0 0 37 -12 0 37 -11 34 49 48 127 126 25 20 18 10 16 31 35 45 55 16 16 16 5 
105000 105111 0 0 0 -10 -52 0 -6 -46 -42 4 40 130 129 25 20 18 10 17 32 35 45 55 16 15 17 5 
114500 114610 0 0 0 -1 -47 0 3 -44 0 15 48 131 129 25 20 18 10 17 32 35 45 55 16 17 17 5 
121000 121033 0 0 0 -20 -69 0 -23 -71 -29 -14 46 138 142 25 20 18 10 17 32 35 45 55 16 18 18 5 
126000 126104 0 13 0 34 -40 0 40 -36 35 50 74 134 133 25 20 18 10 17 32 35 45 55 16 17 17 5 
129500 129503 0 0 0 73 -12 0 75 -11 68 83 85 133 133 25 20 18 10 17 32 35 45 55 16 17 17 5 
134000 134086 0 0 0 100 4 0 108 9 103 118 100 136 136 25 20 18 10 17 32 35 45 55 16 17 18 5 
154000 154025 0 0 0 21 -28 0 22 -26 18 33 49 122 121 25 20 18 10 17 32 35 45 55 16 16 16 5 
172500 172615 0 0 0 6 -50 0 7 -47 -31 15 52 128 129 25 20 18 10 17 32 35 45 55 16 15 16 5 
232500 232545 0 0 0 -21 -63 0 -19 -61 -39 7 47 104 106 25 20 18 10 19 37 35 45 55 16 13 13 5 
273500 273608 0 0 0 9 -48 0 -1 -49 -27 19 51 100 101 25 20 18 10 19 37 35 45 55 16 13 13 5 
375000 375062 0 0 0 -10 -56 0 -15 -55 -41 5 45 99 103 25 20 18 10 19 37 35 45 55 16 13 13 5 
420000 420103 0 0 0 22 -18 0 22 -18 -12 34 40 121 121 25 20 18 10 18 33 35 45 55 16 16 16 5 
453500 453551 0 0 0 8 -40 0 9 -38 -25 21 47 128 128 25 20 18 10 18 33 35 45 55 16 17 17 5 
590500 590515 0 0 -1 0 0 0 0 0 0 15 0 110 109 25 20 18 10 17 35 35 45 55 16 14 14 5 
667500 667599 0 0 0 7 -37 0 11 -34 -21 25 46 115 115 25 20 18 10 17 33 35 45 55 16 14 15 5 
1166000 1166106 0 0 0 -10 -47 0 -6 -44 -34 12 39 106 107 25 20 18 10 19 37 35 45 55 16 13 14 5 
1417500 1417531 0 0 0 22 -15 0 24 -15 -14 32 38 99 98 25 20 18 10 17 37 35 45 55 16 13 12 5 
1755000 1755028 0 0 0 -12 -35 0 -6 -32 -4 11 26 99 99 25 20 18 10 18 38 35 45 55 16 13 13 5 
1995000 1995082 0 0 0 29 0 0 28 1 27 42 27 115 115 25 20 18 10 17 33 35 45 55 16 12 13 5 
2088500 2088581 0 0 0 24 -6 0 25 -4 24 39 28 112 115 25 20 18 10 17 33 35 45 55 16 15 13 5 
2156000 2156089 0 0 0 -5 -34 0 -1 -32 -4 11 30 99 96 25 20 18 10 17 37 35 45 55 16 13 13 5 
2501000 2501066 0 0 0 -9 -36 0 -7 -34 -39 7 27 86 87 25 20 18 10 18 38 35 45 55 16 11 11 5 
2535000 2535053 0 0 0 49 1 0 52 5 26 72 54 123 121 25 20 18 10 18 33 35 45 55 16 15 16 5 
2602500 2602521 0 0 0 -10 -27 0 -7 -25 -42 4 15 113 111 25 20 18 10 17 33 35 45 55 16 15 14 5 
2801000 2801038 0 0 0 13 -11 0 17 -9 -16 30 27 98 96 25 20 18 10 16 36 35 45 55 16 13 13 5 
2897000 2897069 0 0 0 13 -11 0 14 -11 -16 30 24 95 92 25 20 18 10 16 36 35 45 55 16 12 12 5 
2983000 2983064 0 0 0 13 -7 0 14 -6 -15 31 20 102 103 25 20 18 10 17 35 35 45 55 16 13 13 5 
3242000 3242062 0 0 0 4 -18 0 8 -14 11 26 23 99 99 25 20 18 10 18 38 35 45 55 16 13 13 5 
3956000 3956074 0 0 0 13 -16 0 16 -14 18 33 30 97 97 25 20 18 10 16 36 35 45 55 16 13 12 5 
4299500 4299503 0 0 0 -37 -54 0 -36 -53 -34 -19 14 84 83 25 20 18 10 18 38 35 45 55 16 11 11 5 
4323500 4323585 0 0 0 -28 -43 0 -26 -41 -21 -6 15 86 87 25 20 18 10 18 38 35 45 55 16 11 11 5 
4552500 4552664 0 0 0 -17 -30 0 -14 -27 -14 1 12 81 81 25 20 18 10 18 38 35 45 55 16 10 10 5 
4850500 4850601 0 0 0 -45 -56 0 -41 -54 -39 -24 12 88 86 25 20 18 10 18 38 35 45 55 16 10 12 5 
4901000 4901024 0 0 0 -25 -37 0 -20 -32 -20 -5 12 88 84 25 20 18 10 18 38 35 45 55 16 12 11 5 
4974500 4974689 0 0 0 -24 -33 0 -22 -32 -22 -7 9 81 80 25 20 18 10 18 38 35 45 55 16 10 10 5 
5079500 5079649 0 0 0 -12 -32 0 -8 -29 -7 8 22 77 75 25 20 18 10 18 38 35 45 55 16 10 10 5 
5283000 5283011 0 0 0 1 -26 0 4 -24 3 18 27 72 74 25 20 18 10 18 38 35 45 55 16 9 9 5 
5299500 5299604 0 0 0 -58 -68 0 -56 -65 -58 -43 8 73 69 25 20 18 10 18 38 35 45 55 16 9 9 5 
5632500 5632545 0 0 0 -24 -25 0 -25 -25 -25 -10 -3 87 85 25 20 18 10 18 38 35 45 55 16 11 11 5 
6322500 6322682 0 0 0 -51 -60 0 -49 -58 -81 -35 7 78 76 25 20 18 10 18 38 35 45 55 16 10 10 5 
6378500 6378662 0 0 0 -24 -36 0 -22 -34 -52 -6 11 77 76 25 20 18 10 18 38 35 45 55 16 9 10 5 
6581000 6581182 0 0 0 -32 -36 0 -29 -33 -59 -13 4 77 76 25 20 18 10 18 38 35 45 55 16 9 10 5 
6971500 6971609 0 0 0 -44 -51 0 -42 -48 -41 -26 8 89 93 25 20 18 10 19 39 35 45 55 16 11 12 5 
7225500 7225510 0 0 0 -55 -64 0 -53 -62 -55 -40 8 73 71 25 20 18 10 20 40 35 45 55 16 9 9 5 
7248500 7248679 0 13 0 -25 -43 -31 -20 -37 -21 -6 17 72 75 25 20 18 10 20 40 35 45 55 16 9 9 5 
7269500 7269675 0 0 0 62 33 0 63 35 65 80 30 70 68 25 20 18 10 20 40 35 45 55 16 9 8 5 
7287000 7287086 0 0 0 83 48 0 85 50 85 100 35 71 67 25 20 18 10 20 40 35 45 55 16 9 9 5 
7697000 7697030 0 0 0 85 49 0 88 51 89 104 37 72 71 25 20 18 10 20 40 35 45 55 16 9 9 5 
7706000 7706055 0 0 0 -1 -20 0 1 -17 0 15 19 77 79 25 20 18 10 20 40 35 45 55 16 10 10 5 
7720500 7720668 0 0 0 -1 -18 0 3 -14 2 17 17 72 71 25 20 18 10 20 40 35 45 55 16 9 9 5 
7724500 7724531 0 13 0 -9 -22 -36 -16 -27 -14 1 13 77 80 25 20 18 10 20 40 35 45 55 16 10 9 5 
7731500 7731698 0 0 0 76 48 0 80 51 82 97 30 71 72 25 20 18 10 20 40 35 45 55 16 9 9 5 
8061500 8061577 0 0 0 99 60 0 101 62 103 118 39 78 79 25 20 18 10 20 40 35 45 55 16 10 10 5 
8096500 8096690 0 0 0 95 59 0 97 61 98 113 37 76 75 25 20 18 10 20 40 35 45 55 16 10 10 5 
8101000 8101165 0 13 0 30 6 13 27 4 27 42 23 80 83 25 20 18 10 20 40 35 45 55 16 10 8 5 
8107500 8107519 0 0 0 -95 -88 0 -93 -86 -91 -76 -4 74 73 25 20 18 10 19 39 35 45 55 16 9 9 5 
8152500 8152609 0 0 0 -90 -82 0 -87 -79 -86 -71 -5 77 83 25 20 18 10 19 39 35 45 55 16 10 10 5 
8425500 8425660 0 -1 1 -136 -119 -51 -135 -118 -137 -122 -17 93 92 25 20 18 10 19 39 35 45 55 16 12 12 5 
8436000 8436140 0 2 1 -195 -159 -111 -196 -156 -197 -182 -38 99 97 25 20 18 10 19 39 35 45 55 16 13 13 5 
8453000 8453003 0 -3 1 -131 -123 -47 -142 -129 -141 -126 -10 105 103 25 20 18 10 18 36 35 45 55 16 13 13 5 
8801500 8801680 0 0 0 -77 -79 0 -76 -77 -77 -62 2 77 80 25 20 18 10 20 40 35 45 55 16 10 10 5 
9191500 9191595 0 0 0 -125 -109 0 -122 -106 -122 -107 -15 78 80 25 20 18 10 20 40 35 45 55 16 10 10 5 
9459000 9459150 0 0 0 -118 -108 0 -116 -106 -115 -100 -10 74 75 25 20 18 10 20 40 35 45 55 16 9 9 5 
9465000 9465008 0 13 0 -82 -82 -20 -81 -81 -79 -64 2 77 76 25 20 18 10 20 40 35 45 55 16 10 10 5 
9478500 9478693 0 0 0 63 30 0 65 32 65 80 33 78 76 25 20 18 10 20 40 35 45 55 16 10 10 5 
9801500 9801725 0 0 0 83 45 0 85 47 84 99 38 67 67 25 20 18 10 20 40 35 45 55 16 8 8 5 
9807000 9807003 0 13 0 37 8 -8 39 9 38 53 29 75 77 25 20 18 10 20 40 35 45 55 16 10 9 5 
9814000 9814200 0 0 0 -5 -20 0 -3 -19 -4 11 16 67 68 25 20 18 10 20 40 35 45 55 16 8 9 5 
9827000 9827047 0 0 0 4 -16 0 7 -13 7 22 20 68 65 25 20 18 10 20 40 35 45 55 16 9 8 5 
9832500 9832611 0 13 0 32 5 -1 37 8 37 52 27 75 77 25 20 18 10 20 40 35 45 55 16 10 10 5 
9837000 9837216 0 0 0 57 29 0 59 31 60 75 28 67 65 25 20 18 10 20 40 35 45 55 16 8 8 5 
10165000 10165076 0 0 0 50 22 0 54 26 54 69 28 65 64 25 20 18 10 20 40 35 45 55 16 8 8 5 
10168500 10168535 0 13 0 25 0 -6 29 3 29 44 26 69 72 25 20 18 10 20 40 35 45 55 16 8 9 5 
10176000 10176209 0 0 0 -8 -24 0 -7 -22 -8 7 14 65 65 25 20 18 10 20 40 35 45 55 16 8 8 5 
10427500 10427704 0 0 0 -23 -35 0 -21 -33 -23 -8 14 66 65 25 20 18 10 19 39 35 45 55 16 8 8 5 
10432500 10432571 0 13 0 -57 -64 -16 -56 -62 -56 -41 10 79 82 25 20 18 10 19 39 35 45 55 16 10 11 5 
10441000 10441184 0 0 0 -73 -71 0 -71 -70 -70 -55 -1 70 71 25 20 18 10 20 40 35 45 55 16 9 9 5 
10476500 10476615 0 0 0 -110 -101 0 -108 -99 -107 -92 -10 64 65 25 20 18 10 20 40 35 45 55 16 8 8 5 
10582500 10582579 0 0 0 -91 -87 0 -89 -85 -120 -74 -5 65 64 25 20 18 10 20 40 35 45 55 16 8 8 5 
10650000 10650057 0 0 0 -120 -112 0 -118 -110 -147 -101 -7 66 65 25 20 18 10 20 40 35 45 55 16 8 8 5 
10852500 10852704 0 0 0 -116 -111 0 -113 -108 -112 -97 -6 64 62 25 20 18 10 20 40 35 45 55 16 8 8 5 
11348000 11348154 0 0 0 -106 -94 0 -104 -92 -136 -90 -13 64 64 25 20 18 10 20 40 35 45 55 16 8 8 5 
11546000 11546056 0 0 0 -104 -93 0 -102 -91 -133 -87 -10 67 67 25 20 18 10 20 40 35 45 55 16 8 8 5 
11655000 11655149 0 -1 1 -170 -142 -52 -169 -140 -200 -154 -29 83 81 25 20 18 10 20 40 35 45 55 16 11 10 5 
11663500 11663585 0 2 1 -237 -198 -117 -238 -199 -269 -223 -39 98 102 25 20 18 10 20 38 35 45 55 16 13 13 5 
11669000 11669179 0 -3 1 -166 -160 -46 -161 -157 -194 -148 -5 83 78 25 20 18 10 20 40 35 45 55 16 11 10 5 
11751500 11751653 0 0 0 -130 -113 0 -129 -112 -159 -113 -16 84 87 25 20 18 10 20 40 35 45 55 16 11 11 5 
11754500 11754640 0 13 0 -80 -75 4 -71 -67 -99 -53 -4 87 88 25 20 18 10 20 40 35 45 55 16 11 12 5 
11758000 11758066 0 0 0 -30 -34 0 -27 -31 -55 -9 7 81 79 25 20 18 10 19 39 35 45 55 16 11 10 5 
11775500 11775600 0 0 0 -3 -15 0 0 -13 0 15 15 71 73 25 20 18 10 19 39 35 45 55 16 9 9 5 
11809500 11809500 0 0 0 4 -13 0 7 -10 7 22 18 68 70 25 20 18 10 19 39 35 45 55 16 8 8 5 
11813500 11813679 0 13 0 -30 -41 -9 -29 -39 -59 -13 13 78 80 25 20 18 10 19 39 35 45 55 16 10 10 5 
11819000 11819156 0 0 0 -57 -62 0 -57 -61 -88 -42 8 67 65 25 20 18 10 19 39 35 45 55 16 8 8 5 
12431000 12431005 0 0 0 -54 -53 0 -51 -51 -80 -34 2 66 66 25 20 18 10 19 39 35 45 55 16 8 8 5 
12533000 12533167 0 0 0 -57 -56 0 -54 -54 -52 -37 4 63 63 25 20 18 10 19 39 35 45 55 16 8 8 5 
12537500 12537696 0 13 0 -75 -69 2 -75 -68 -73 -58 -3 72 74 25 20 18 10 19 39 35 45 55 16 9 10 5 
12542500 12542542 0 0 0 -99 -87 0 -96 -85 -95 -80 -10 65 63 25 20 18 10 19 39 35 45 55 16 8 8 5 
12842500 12842682 0 0 0 -82 -73 0 -80 -71 -78 -63 -6 64 64 25 20 18 10 19 39 35 45 55 16 8 8 5 
12854500 12854603 0 0 0 -108 -92 0 -107 -90 -105 -90 -13 63 60 25 20 18 10 19 39 35 45 55 16 8 8 5 
12926500 12926738 0 0 0 -103 -91 0 -103 -91 -99 -84 -8 64 63 25 20 18 10 19 39 35 45 55 16 8 8 5 
12933500 12933583 0 13 0 -54 -50 11 -51 -48 -47 -32 1 77 78 25 20 18 10 19 39 35 45 55 16 10 10 5 
12937000 12937118 0 0 0 -46 -41 0 -38 -33 -34 -19 0 75 75 25 20 18 10 19 39 35 45 55 16 10 8 5 
12993000 12993025 0 0 0 -54 -56 0 -51 -53 -48 -33 4 87 87 25 20 18 10 19 39 35 45 55 16 11 11 5 
12996000 12996106 0 13 0 -16 -28 -2 -11 -23 -12 3 13 87 90 25 20 18 10 19 39 35 45 55 16 10 9 5 
13001500 13001661 0 0 0 60 35 0 62 38 61 76 24 75 72 25 20 18 10 19 39 35 45 55 16 10 9 5 
13018000 13018186 0 0 0 76 50 0 80 55 80 95 27 74 73 25 20 18 10 19 39 35 45 55 16 9 9 5 
13022000 13022033 0 13 0 16 2 -13 16 3 16 31 16 75 78 25 20 18 10 19 39 35 45 55 16 10 6 5 
13025000 13025019 0 0 0 -6 -16 0 -3 -13 -4 11 12 74 72 25 20 18 10 19 39 35 45 55 16 9 9 5 
13113000 13113125 0 0 0 9 -10 0 11 -9 10 25 22 69 70 25 20 18 10 19 39 35 45 55 16 9 9 5 
13120500 13120500 0 0 0 41 17 0 41 19 40 55 24 69 67 25 20 18 10 19 39 35 45 55 16 9 8 5 
13149500 13149556 0 0 0 43 20 0 48 24 47 62 25 69 68 25 20 18 10 19 39 35 45 55 16 8 9 5 
13167500 13167708 0 0 0 78 49 0 82 52 82 97 31 70 70 25 20 18 10 19 39 35 45 55 16 9 9 5 
13258500 13258578 0 0 0 84 54 0 87 56 87 102 34 66 68 25 20 18 10 19 39 35 45 55 16 8 8 5 
13262000 13262067 0 13 0 79 48 21 86 54 84 99 31 72 75 25 20 18 10 19 39 35 45 55 16 9 8 5 
13269000 13269140 0 0 0 7 -12 0 7 -11 5 20 20 71 71 25 20 18 10 19 39 35 45 55 16 9 9 5 
13277500 13277683 0 0 0 81 48 0 84 50 83 98 36 69 72 25 20 18 10 19 39 35 45 55 16 9 8 5 
13291000 13291042 0 0 0 86 55 0 89 58 88 103 34 67 66 25 20 18 10 19 39 35 45 55 16 8 9 5 
13297500 13297694 0 0 0 39 14 0 41 16 40 55 29 69 69 25 20 18 10 19 39 35 45 55 16 9 9 5 
13374000 13374143 0 0 0 41 18 0 43 20 40 55 23 69 69 25 20 18 10 19 39 35 45 55 16 9 9 5 
13381000 13381140 0 0 0 80 51 0 82 53 80 95 29 69 68 25 20 18 10 19 39 35 45 55 16 9 9 5 
13410500 13410557 0 0 0 80 52 0 82 54 81 96 29 69 70 25 20 18 10 19 39 35 45 55 16 9 9 5 
13414000 13414069 0 13 0 35 15 -4 37 18 37 52 22 70 72 25 20 18 10 19 39 35 45 55 16 9 9 5 
13417000 13417015 0 0 0 4 -10 0 9 -6 10 25 19 71 71 25 20 18 10 19 39 35 45 55 16 9 9 5 
13421000 13421059 0 13 0 42 19 4 42 21 40 55 23 71 70 25 20 18 10 19 39 35 45 55 16 8 9 5 
13423500 13423542 0 0 0 59 33 0 65 38 64 79 27 71 73 25 20 18 10 19 39 35 45 55 16 9 7 5 
13527500 13527529 0 0 0 46 25 0 48 28 47 62 23 68 67 25 20 18 10 19 39 35 45 55 16 9 8 5 
13535000 13535097 0 0 0 77 49 0 80 52 78 93 30 69 69 25 20 18 10 19 39 35 45 55 16 9 8 5 
13674500 13674648 0 0 0 81 52 0 84 55 82 97 29 66 66 25 20 18 10 19 39 35 45 55 16 8 8 5 
13678500 13678541 0 13 0 18 0 32 23 4 21 36 20 70 67 25 20 18 10 19 39 35 45 55 16 8 8 5 
13682000 13682170 0 0 0 -97 -93 0 -105 -99 -105 -90 -4 76 75 25 20 18 10 19 39 35 45 55 16 9 6 5 
13687500 13687607 0 0 0 -79 -68 0 -76 -65 -75 -60 -7 74 80 25 20 18 10 18 38 35 45 55 16 10 9 5 
13912500 13912576 0 0 0 -69 -57 0 -70 -57 -66 -51 -7 77 77 25 20 18 10 18 38 35 45 55 16 10 10 5 
14167500 14167652 0 0 0 -87 -74 0 -85 -71 -80 -65 -8 76 77 25 20 18 10 18 38 35 45 55 16 9 10 5 
14192000 14192147 0 0 0 -62 -68 0 -60 -65 -60 -45 6 85 84 25 20 18 10 18 38 35 45 55 16 11 11 5 
14780500 14780632 0 0 0 -56 -76 0 -54 -75 -56 -41 22 79 79 25 20 18 10 18 38 35 45 55 16 10 10 5 
14810500 14810596 0 0 0 -49 -64 0 -46 -61 -49 -34 17 75 75 25 20 18 10 18 38 35 45 55 16 9 10 5 
14820000 14820103 0 13 0 2 -30 -3 7 -25 4 19 34 75 77 25 20 18 10 18 38 35 45 55 16 8 10 5 
14827500 14827534 0 0 0 47 3 0 51 7 48 63 45 71 70 25 20 18 10 18 38 35 45 55 16 9 9 5 
14851000 14851009 0 0 0 78 32 0 76 31 74 89 46 73 72 25 20 18 10 18 38 35 45 55 16 9 9 5 
14862500 14862695 0 0 0 100 56 0 109 65 107 122 46 72 71 25 20 18 10 18 38 35 45 55 16 9 9 5 
14866500 14866694 0 13 0 56 17 5 55 16 54 69 40 72 71 25 20 18 10 18 38 35 45 55 16 9 9 5 
14870000 14870007 0 0 0 8 -24 0 10 -22 9 24 35 74 75 25 20 18 10 18 38 35 45 55 16 9 9 5 
14873000 14873003 0 13 0 -15 -34 2 -12 -31 -13 2 21 76 77 25 20 18 10 18 38 35 45 55 16 10 10 5 
14878000 14878010 0 0 0 -57 -61 0 -55 -60 -54 -39 7 73 72 25 20 18 10 18 38 35 45 55 16 9 9 5 
14890000 14890061 0 0 0 -54 -56 0 -51 -53 -51 -36 5 75 74 25 20 18 10 18 38 35 45 55 16 9 9 5 
14894500 14894618 0 13 0 -1 -22 0 5 -17 5 20 25 76 78 25 20 18 10 18 38 35 45 55 16 10 10 5 
14898000 14898032 0 0 0 39 6 0 43 9 40 55 35 72 70 25 20 18 10 18 38 35 45 55 16 9 9 5 
14927500 14927500 0 0 0 26 -1 0 28 0 27 42 29 71 71 25 20 18 10 18 38 35 45 55 16 9 9 5 
14932000 14932095 0 13 0 -8 -25 -4 -9 -26 -12 3 16 74 76 25 20 18 10 18 38 35 45 55 16 9 9 5 
14937000 14937136 0 0 0 -37 -50 0 -35 -48 -35 -20 13 77 77 25 20 18 10 18 38 35 45 55 16 10 9 5 
15262500 15262525 0 0 0 -52 -57 0 -49 -53 -49 -34 6 89 88 25 20 18 10 18 38 35 45 55 16 12 11 5 
16057500 16057617 0 0 0 -32 -48 0 -27 -42 -29 -14 17 96 95 25 20 18 10 17 37 35 45 55 16 12 12 5 
16254500 16254640 0 0 0 -4 -28 0 -3 -27 -11 4 26 102 103 25 20 18 10 17 35 35 45 55 16 13 13 5 
17463500 17463621 0 0 0 1 -31 0 -1 -31 -4 11 31 114 114 25 20 18 10 18 34 35 45 55 16 14 12 5 
17929000 17929012 0 0 0 21 -8 0 24 -5 25 40 29 92 96 25 20 18 10 17 37 35 45 55 16 10 12 5 
18272000 18272075 0 0 0 26 -7 0 25 -6 19 34 28 110 111 25 20 18 10 16 32 35 45 55 16 14 14 5 
18585000 18585006 0 0 0 45 11 0 46 13 44 59 33 107 109 25 20 18 10 17 35 35 45 55 16 14 14 5 
18896000 18896128 0 0 0 53 16 0 61 20 58 73 41 115 117 25 20 18 10 17 33 35 45 55 16 13 14 5 
37500 37536 1 0 0 -2 -10 0 1 -9 -12 -23 10 135 135 25 20 18 10 15 30 35 45 55 16 18 17 5 
63500 63595 1 0 0 -13 -18 0 -10 -15 -10 -35 6 127 126 25 20 18 10 16 31 35 45 55 16 16 16 5 
114500 114610 1 0 0 -22 -26 0 -22 -26 -37 -48 4 131 129 25 20 18 10 17 32 35 45 55 16 17 17 5 
121500 121573 1 0 0 -25 -31 0 -22 -28 -37 -48 3 138 140 25 20 18 10 17 32 35 45 55 16 18 18 5 
130000 130070 1 0 0 -8 -21 0 -7 -20 -19 -30 13 133 133 25 20 18 10 17 32 35 45 55 16 17 17 5 
134500 134526 1 0 0 -12 -27 0 -11 -26 -23 -34 15 136 136 25 20 18 10 17 32 35 45 55 16 17 18 5 
153500 153530 1 0 0 -1 -5 0 1 -3 1 -24 5 122 122 25 20 18 10 17 32 35 45 55 16 16 16 5 
225000 225064 1 0 0 22 13 0 26 15 24 -1 9 108 105 25 20 18 10 19 37 35 45 55 16 14 14 5 
273500 273608 1 0 0 33 26 0 34 28 33 8 5 100 101 25 20 18 10 19 37 35 45 55 16 13 13 5 
382500 382645 1 0 0 44 37 0 46 40 47 22 6 97 96 25 20 18 10 19 39 35 45 55 16 12 12 5 
420000 420103 1 0 0 14 11 0 15 12 16 -9 2 121 121 25 20 18 10 18 33 35 45 55 16 16 16 5 
450000 450018 1 0 0 4 -4 0 6 -3 4 -21 9 127 126 25 20 18 10 18 33 35 45 55 16 16 16 5 
487500 487600 1 0 0 3 -3 0 5 0 7 -18 6 122 122 25 20 18 10 18 33 35 45 55 16 16 16 5 
600000 600111 1 0 -1 0 0 0 0 0 0 -24 0 115 115 25 20 18 10 17 33 35 45 55 16 15 15 5 
678500 678520 1 0 0 5 2 0 3 3 4 -21 2 120 122 25 20 18 10 17 32 35 45 55 16 15 16 5 
1162500 1162631 1 0 0 29 20 0 33 22 31 6 10 101 99 25 20 18 10 19 39 35 45 55 16 13 13 5 
1421000 1421067 1 0 0 36 34 0 39 37 40 15 4 99 99 25 20 18 10 17 37 35 45 55 16 13 13 5 
1751500 1751548 1 0 0 19 22 0 22 24 8 -3 -2 102 103 25 20 18 10 18 36 35 45 55 16 13 13 5 
2010000 2010108 1 0 0 18 15 0 17 16 3 -8 0 112 113 25 20 18 10 17 33 35 45 55 16 13 14 5 
2111500 2111541 1 0 0 17 16 0 19 17 6 -5 3 110 107 25 20 18 10 17 35 35 45 55 16 14 14 5 
2145000 2145151 1 0 0 49 41 0 51 43 38 27 9 99 97 25 20 18 10 17 37 35 45 55 16 12 13 5 
2499500 2499673 1 0 0 60 54 0 62 56 47 36 6 86 84 25 20 18 10 18 38 35 45 55 16 11 11 5 
2512500 2512566 1 13 0 31 25 -9 32 25 17 6 6 110 109 25 20 18 10 18 36 35 45 55 16 14 14 5 
2531000 2531134 1 0 0 9 -2 0 9 -1 9 -16 10 122 122 25 20 18 10 18 33 35 45 55 16 14 13 5 
2610000 2610125 1 0 0 15 16 0 17 19 17 -8 -2 104 104 25 20 18 10 17 35 35 45 55 16 14 13 5 
2801000 2801038 1 0 0 27 35 0 27 35 30 5 -6 98 96 25 20 18 10 16 36 35 45 55 16 13 13 5 
2900500 2900553 1 0 0 38 45 0 38 46 40 15 -7 92 93 25 20 18 10 16 36 35 45 55 16 12 11 5 
2975500 2975557 1 0 0 50 51 0 51 51 51 26 0 98 101 25 20 18 10 17 35 35 45 55 16 12 13 5 
3253000 3253086 1 0 0 23 26 0 25 28 10 -1 -3 100 99 25 20 18 10 18 38 35 45 55 16 13 13 5 
3956000 3956074 1 0 0 42 43 0 42 43 42 17 -1 97 97 25 20 18 10 16 36 35 45 55 16 13 12 5 
4293500 4293659 1 0 0 70 68 0 74 70 59 48 2 86 87 25 20 18 10 18 38 35 45 55 16 11 9 5 
4318000 4318048 1 0 0 60 59 0 63 62 49 38 2 88 88 25 20 18 10 18 38 35 45 55 16 11 11 5 
4541000 4541066 1 0 0 54 58 0 56 61 56 31 -4 87 89 25 20 18 10 18 38 35 45 55 16 11 11 5 
4858000 4858028 1 0 0 50 58 0 51 59 36 25 -8 91 90 25 20 18 10 18 38 35 45 55 16 12 12 5 
4914500 4914618 1 0 0 55 56 0 55 57 41 30 -2 90 91 25 20 18 10 18 38 35 45 55 16 11 12 5 
4976000 4976012 1 0 0 45 52 0 46 53 33 22 -6 81 80 25 20 18 10 18 38 35 45 55 16 10 10 5 
5081000 5081000 1 0 0 63 66 0 64 66 63 38 -3 77 78 25 20 18 10 18 38 35 45 55 16 10 10 5 
5268500 5268653 1 0 0 70 70 0 72 72 72 47 -1 73 71 25 20 18 10 18 38 35 45 55 16 9 9 5 
5340000 5340194 1 0 0 64 66 0 66 68 52 41 -2 73 74 25 20 18 10 18 38 35 45 55 16 9 9 5 
5640000 5640058 1 0 0 50 58 0 51 60 49 24 -9 86 87 25 20 18 10 18 38 35 45 55 16 11 11 5 
6326000 6326090 1 0 0 67 75 0 68 76 68 43 -7 80 79 25 20 18 10 18 38 35 45 55 16 10 10 5 
6378500 6378662 1 0 0 71 74 0 71 74 72 47 -2 77 76 25 20 18 10 18 38 35 45 55 16 9 10 5 
6581000 6581182 1 0 0 58 64 0 59 65 60 35 -5 77 76 25 20 18 10 18 38 35 45 55 16 9 10 5 
6975000 6975033 1 0 0 36 41 0 38 44 37 12 -6 95 97 25 20 18 10 19 39 35 45 55 16 12 12 5 
7226000 7226163 1 0 0 49 55 0 50 56 50 25 -6 73 75 25 20 18 10 20 40 35 45 55 16 9 9 5 
7269500 7269675 1 0 0 41 44 0 43 46 29 18 -3 70 68 25 20 18 10 20 40 35 45 55 16 9 8 5 
7297500 7297537 1 0 0 44 48 0 44 49 44 19 -5 69 68 25 20 18 10 20 40 35 45 55 16 9 9 5 
7696500 7696624 1 0 0 39 46 0 41 48 26 15 -8 72 76 25 20 18 10 20 40 35 45 55 16 9 9 5 
7706000 7706055 1 0 0 43 46 0 46 48 32 21 -2 77 79 25 20 18 10 20 40 35 45 55 16 10 10 5 
7720000 7720034 1 0 0 45 50 0 46 52 31 20 -7 72 70 25 20 18 10 20 40 35 45 55 16 9 9 5 
7731000 7731084 1 0 0 38 44 0 40 46 27 16 -4 71 71 25 20 18 10 20 40 35 45 55 16 9 9 5 
8068000 8068089 1 0 0 39 43 0 42 46 25 14 -6 78 80 25 20 18 10 20 40 35 45 55 16 10 10 5 
8095000 8095107 1 0 0 39 45 0 41 47 26 15 -7 76 77 25 20 18 10 20 40 35 45 55 16 10 10 5 
8107500 8107519 1 0 0 60 67 0 63 69 48 37 -7 74 73 25 20 18 10 19 39 35 45 55 16 9 9 5 
8147000 8147056 1 0 0 79 82 0 81 84 68 57 -3 70 67 25 20 18 10 19 39 35 45 55 16 9 9 5 
8345500 8345690 1 0 0 74 79 0 76 81 75 50 -5 77 77 25 20 18 10 19 39 35 45 55 16 9 10 5 
8358000 8358138 1 0 0 28 35 0 32 39 31 6 -7 94 94 25 20 18 10 19 39 35 45 55 16 12 12 5 
8803000 8803056 1 0 0 63 66 0 65 68 65 40 -3 76 77 25 20 18 10 20 40 35 45 55 16 10 10 5 
9192000 9192163 1 0 0 71 76 0 72 77 59 48 -4 78 79 25 20 18 10 20 40 35 45 55 16 10 10 5 
9459000 9459150 1 0 0 79 81 0 81 83 67 56 -2 74 75 25 20 18 10 20 40 35 45 55 16 9 9 5 
9479000 9479085 1 0 0 44 48 0 45 49 32 21 -5 78 77 25 20 18 10 20 40 35 45 55 16 10 10 5 
9801000 9801036 1 0 0 49 53 0 51 55 36 25 -4 66 67 25 20 18 10 20 40 35 45 55 16 8 8 5 
9813000 9813075 1 0 0 50 54 0 51 55 37 26 -3 67 66 25 20 18 10 20 40 35 45 55 16 8 8 5 
9827000 9827047 1 0 0 54 57 0 56 59 42 31 -3 68 65 25 20 18 10 20 40 35 45 55 16 9 8 5 
9838000 9838134 1 0 0 45 50 0 46 52 30 19 -7 67 66 25 20 18 10 20 40 35 45 55 16 8 8 5 
10165500 10165547 1 0 0 50 55 0 52 56 36 25 -6 65 64 25 20 18 10 20 40 35 45 55 16 8 8 5 
10175000 10175042 1 0 0 53 59 0 54 59 40 29 -5 64 63 25 20 18 10 20 40 35 45 55 16 8 8 5 
10428000 10428166 1 0 0 53 61 0 55 62 43 32 -6 66 66 25 20 18 10 19 39 35 45 55 16 8 8 5 
10443500 10443556 1 0 0 65 69 0 66 69 51 40 -2 72 71 25 20 18 10 20 40 35 45 55 16 9 9 5 
10474500 10474726 1 0 0 81 83 0 82 85 67 56 -3 63 64 25 20 18 10 20 40 35 45 55 16 8 8 5 
10605000 10605157 1 0 0 61 67 0 62 67 61 36 -7 62 61 25 20 18 10 20 40 35 45 55 16 8 8 5 
10652000 10652113 1 0 0 64 69 0 66 71 65 40 -6 65 64 25 20 18 10 20 40 35 45 55 16 8 8 5 
10860000 10860120 1 0 0 64 69 0 66 71 53 42 -5 65 66 25 20 18 10 20 40 35 45 55 16 8 8 5 
11347500 11347686 1 0 0 67 72 0 67 73 52 41 -6 64 63 25 20 18 10 20 40 35 45 55 16 8 8 5 
11544500 11544704 1 0 0 67 73 0 68 75 67 42 -8 67 66 25 20 18 10 20 40 35 45 55 16 9 8 5 
12427500 12427741 1 0 0 59 65 0 60 67 45 34 -8 63 61 25 20 18 10 19 39 35 45 55 16 8 8 5 
12534500 12534576 1 0 0 56 62 0 58 64 57 32 -6 65 64 25 20 18 10 19 39 35 45 55 16 8 8 5 
12545500 12545681 1 0 0 75 78 0 77 79 76 51 -2 65 65 25 20 18 10 19 39 35 45 55 16 8 8 5 
12843500 12843650 1 0 0 64 71 0 66 72 65 40 -8 64 64 25 20 18 10 19 39 35 45 55 16 8 8 5 
12855000 12855103 1 0 0 79 82 0 81 85 82 57 -2 63 63 25 20 18 10 19 39 35 45 55 16 8 8 5 
12927000 12927212 1 0 0 78 82 0 80 85 80 55 -4 66 63 25 20 18 10 19 39 35 45 55 16 8 9 5 
12938000 12938357 1 0 0 72 64 0 82 72 80 55 10 74 74 25 20 18 10 19 39 35 45 55 16 8 9 5 
12993500 12993539 1 0 0 39 42 0 39 44 39 14 -6 87 86 25 20 18 10 19 39 35 45 55 16 11 10 5 
13004000 13004111 1 0 0 44 47 0 45 48 47 22 -1 76 77 25 20 18 10 19 39 35 45 55 16 9 10 5 
13017500 13017585 1 0 0 43 50 0 43 50 44 19 -5 74 76 25 20 18 10 19 39 35 45 55 16 9 9 5 
13025000 13025019 1 0 0 54 57 0 55 57 55 30 -1 74 72 25 20 18 10 19 39 35 45 55 16 9 9 5 
13114500 13114640 1 0 0 49 55 0 51 57 48 23 -9 70 69 25 20 18 10 19 39 35 45 55 16 9 9 5 
13121000 13121178 1 0 0 50 54 0 47 53 47 22 -7 68 67 25 20 18 10 19 39 35 45 55 16 9 8 5 
13151000 13151057 1 0 0 48 52 0 49 53 48 23 -5 71 72 25 20 18 10 19 39 35 45 55 16 9 9 5 
13166000 13166042 1 0 0 45 50 0 45 50 31 20 -4 70 73 25 20 18 10 19 39 35 45 55 16 9 9 5 
13259500 13259695 1 0 0 48 53 0 49 56 50 25 -6 68 68 25 20 18 10 19 39 35 45 55 16 8 9 5 
13290500 13290584 1 0 0 50 55 0 51 56 52 27 -4 67 66 25 20 18 10 19 39 35 45 55 16 8 8 5 
13299500 13299681 1 0 0 55 58 0 58 60 58 33 -3 67 67 25 20 18 10 19 39 35 45 55 16 9 8 5 
13376000 13376108 1 0 0 51 57 0 52 58 52 27 -5 70 69 25 20 18 10 19 39 35 45 55 16 9 9 5 
13382500 13382687 1 0 0 48 55 0 48 56 48 23 -8 68 67 25 20 18 10 19 39 35 45 55 16 9 9 5 
13415500 13415547 1 0 0 62 62 0 68 65 69 44 4 71 72 25 20 18 10 19 39 35 45 55 16 9 9 5 
13425500 13425657 1 0 0 70 72 0 77 79 76 51 -2 70 69 25 20 18 10 19 39 35 45 55 16 7 9 5 
13526500 13526642 1 0 0 56 60 0 57 62 42 31 -4 68 67 25 20 18 10 19 39 35 45 55 16 9 9 5 
13534500 13534658 1 0 0 47 57 0 50 60 36 25 -10 69 68 25 20 18 10 19 39 35 45 55 16 9 8 5 
13654000 13654230 1 0 0 49 56 0 51 58 38 27 -6 66 65 25 20 18 10 19 39 35 45 55 16 8 8 5 
13673500 13673515 1 0 0 48 55 0 50 57 35 24 -8 66 67 25 20 18 10 19 39 35 45 55 16 8 8 5 
13681500 13681551 1 0 0 68 76 0 64 77 50 39 -12 75 72 25 20 18 10 19 39 35 45 55 16 10 8 5 
13688000 13688197 1 0 0 70 71 0 70 73 58 47 -2 73 73 25 20 18 10 18 38 35 45 55 16 10 9 5 
13917000 13917098 1 0 0 61 66 0 61 67 46 35 -6 82 82 25 20 18 10 18 38 35 45 55 16 10 10 5 
14109500 14109687 1 0 0 79 79 0 79 80 63 52 -2 73 73 25 20 18 10 18 38 35 45 55 16 9 9 5 
14167500 14167652 1 0 0 71 72 0 73 74 58 47 -2 76 77 25 20 18 10 18 38 35 45 55 16 9 10 5 
14187000 14187110 1 0 0 26 36 0 27 37 14 3 -7 88 91 25 20 18 10 18 38 35 45 55 16 11 11 5 
14792000 14792014 1 0 0 43 34 0 43 36 28 17 6 76 77 25 20 18 10 18 38 35 45 55 16 10 10 5 
14810000 14810001 1 0 0 49 45 0 52 45 38 27 7 75 76 25 20 18 10 18 38 35 45 55 16 9 10 5 
14830000 14830068 1 0 0 43 45 0 44 46 30 19 -3 72 72 25 20 18 10 18 38 35 45 55 16 9 9 5 
14851500 14851630 1 0 0 45 46 0 48 49 34 23 -1 73 73 25 20 18 10 18 38 35 45 55 16 9 9 5 
14862500 14862695 1 0 0 43 46 0 45 48 29 18 -4 72 71 25 20 18 10 18 38 35 45 55 16 9 9 5 
14869500 14869600 1 0 0 48 51 0 50 53 35 24 -5 74 74 25 20 18 10 18 38 35 45 55 16 9 9 5 
14882000 14882141 1 0 0 52 48 0 53 51 39 28 2 73 73 25 20 18 10 18 38 35 45 55 16 9 9 5 
14891500 14891674 1 0 0 53 43 0 54 43 40 29 10 76 75 25 20 18 10 18 38 35 45 55 16 9 10 5 
14900500 14900617 1 0 0 53 53 0 53 53 40 29 1 70 69 25 20 18 10 18 38 35 45 55 16 9 9 5 
14928500 14928553 1 0 0 51 54 0 54 57 41 30 -2 72 71 25 20 18 10 18 38 35 45 55 16 9 9 5 
14938000 14938112 1 0 0 48 49 0 55 57 41 30 -1 79 80 25 20 18 10 18 38 35 45 55 16 10 9 5 
15263000 15263039 1 0 0 27 29 0 29 31 16 5 -2 89 89 25 20 18 10 18 38 35 45 55 16 11 11 5 
16061000 16061133 1 0 0 22 23 0 27 27 11 0 0 98 97 25 20 18 10 17 37 35 45 55 16 13 12 5 
16252500 16252551 1 0 0 13 9 0 17 12 2 -9 3 102 99 25 20 18 10 17 37 35 45 55 16 13 13 5 
17465500 17465599 1 0 0 -6 -13 0 -5 -12 -20 -31 6 114 115 25 20 18 10 18 34 35 45 55 16 12 13 5 
17928500 17928855 1 0 0 40 33 0 40 34 26 15 8 92 96 25 20 18 10 17 37 35 45 55 16 10 12 5 
18270000 18270020 1 0 0 6 12 0 9 16 -4 -15 -6 109 108 25 20 18 10 16 34 35 45 55 16 14 14 5 
18596000 18596053 1 0 0 10 8 0 10 8 -4 -15 2 108 107 25 20 18 10 17 35 35 45 55 16 14 13 5 
18900000 18900094 1 0 0 -4 -7 0 0 -2 -16 -27 1 120 122 25 20 18 10 17 32 35 45 55 16 13 16 5 
