175500 175609 0 0 -1 0 0 0 0 0 0 74 0 70 69 25 20 18 10 9 29 35 45 55 16 9 9 5 
259500 259542 0 0 0 8 -59 0 6 -61 5 72 65 78 79 25 20 18 10 9 29 35 45 55 16 10 10 5 
271000 271120 0 0 0 32 -40 0 35 -37 35 102 70 76 77 25 20 18 10 9 29 35 45 55 16 9 10 5 
293500 293588 0 0 0 23 -45 0 19 -48 20 87 66 74 75 25 20 18 10 9 29 35 45 55 16 9 9 5 
300500 300662 0 -1 7 -29 -86 -51 -35 -88 -42 25 52 94 97 25 20 18 10 9 29 35 45 55 16 10 9 5 
308500 308587 0 2 7 -113 -138 -135 -120 -142 -150 -83 23 115 116 25 20 18 10 9 25 35 45 55 16 15 15 5 
320000 320002 0 -3 7 -22 -111 -43 -36 -112 -44 23 76 100 100 25 20 18 10 9 27 35 45 55 16 13 12 5 
331500 331774 0 -1 7 -33 -110 -53 -35 -108 -34 33 72 87 87 25 20 18 10 9 29 35 45 55 16 10 10 5 
587000 587108 0 2 7 -249 -285 -251 -254 -289 -274 -207 44 114 112 25 20 18 10 8 24 35 45 55 16 15 15 5 
741000 741135 0 -3 7 -59 -111 -50 -62 -114 -55 12 57 83 87 25 20 18 10 9 29 35 45 55 16 11 11 5 
989000 989044 0 0 0 -28 -95 0 -30 -97 -26 41 67 79 78 25 20 18 10 8 28 35 45 55 16 10 10 5 
1028500 1028606 0 0 0 -20 -87 0 -21 -88 -19 48 67 80 81 25 20 18 10 8 28 35 45 55 16 10 10 5 
1226500 1226649 0 -1 7 -78 -133 -54 -76 -137 -68 -1 71 96 98 25 20 18 10 8 28 35 45 55 16 12 10 5 
1258500 1258776 0 2 7 -144 -198 -119 -149 -203 -155 -88 60 108 109 25 20 18 10 8 26 35 45 55 16 12 14 5 
1265500 1265555 0 -3 7 -72 -149 -48 -65 -147 -67 0 82 89 87 25 20 18 10 8 28 35 45 55 16 13 10 5 
1338500 1338543 0 -1 7 -79 -126 -53 -82 -129 -87 -20 46 88 96 25 20 18 10 8 28 35 45 55 16 12 11 5 
1365500 1365590 0 2 7 -150 -188 -123 -150 -188 -160 -93 39 118 115 25 20 17 10 7 23 35 45 55 16 15 15 5 
1371500 1371548 0 -3 7 -73 -138 -46 -77 -138 -82 -15 60 107 114 25 20 17 10 8 24 35 45 55 16 8 13 5 
1379000 1379070 0 -1 7 -79 -148 -52 -80 -149 -73 -6 76 76 72 25 20 17 10 9 29 35 45 55 16 10 9 5 
1400000 1400031 0 2 7 -132 -173 -105 -133 -174 -130 -63 46 64 64 25 20 17 10 10 30 35 45 55 16 8 8 5 
1450000 1450176 0 -3 7 -75 -113 -47 -74 -111 -69 -2 44 68 66 25 20 17 10 10 30 35 45 55 16 8 9 5 
1553500 1553667 0 0 0 -30 -68 0 -31 -68 -29 38 46 66 67 25 20 17 10 9 29 35 45 55 16 8 8 5 
1765500 1765627 0 0 0 -29 -73 0 -30 -73 -29 38 49 62 63 25 20 17 10 9 29 35 45 55 16 8 8 5 
2041000 2041000 0 0 0 -17 -58 0 -19 -59 -19 48 47 65 63 25 20 17 10 9 29 35 45 55 16 8 8 5 
2334500 2334517 0 0 0 -21 -61 0 -21 -61 -19 48 48 65 65 25 20 17 10 9 29 35 45 55 16 8 8 5 
2702000 2702020 0 0 0 -21 -61 0 -20 -60 -14 53 47 68 69 25 20 18 10 9 29 35 45 55 16 9 9 5 
3089000 3089016 0 0 0 -24 -71 0 -25 -71 -20 47 55 65 70 25 20 18 10 9 29 35 45 55 16 9 8 5 
3224000 3224100 0 0 0 -5 -69 0 -7 -71 -4 63 64 71 69 25 20 18 10 9 29 35 45 55 16 9 9 5 
3331500 3331539 0 -1 7 -56 -115 -51 -56 -114 -57 10 60 78 74 25 20 16 10 9 29 35 45 55 16 10 9 5 
3375000 3375178 0 2 7 -85 -127 -81 -87 -127 -86 -19 43 74 72 25 20 16 10 9 29 35 45 55 16 9 9 5 
3428500 3428552 0 -3 7 -54 -103 -49 -55 -103 -58 9 47 79 83 25 20 17 10 9 29 35 45 55 16 10 10 5 
3725500 3725633 0 0 0 -4 -59 0 -6 -61 -2 65 61 66 68 25 20 17 10 9 29 35 45 55 16 9 8 5 
4337000 4337021 0 0 0 -4 -63 0 -5 -64 -1 66 66 72 72 25 20 17 10 9 29 35 45 55 16 9 9 5 
4588000 4588197 0 0 0 25 -45 0 24 -46 29 96 76 72 74 25 20 18 10 9 29 35 45 55 16 9 9 5 
4943000 4943140 0 -1 7 -37 -93 -51 -39 -92 -34 33 58 81 82 25 20 18 10 9 29 35 45 55 16 10 10 5 
5125500 5125600 0 2 7 -131 -161 -140 -135 -163 -143 -76 35 99 102 25 20 18 10 8 26 35 45 55 16 13 13 5 
5308000 5308198 0 -3 7 -45 -93 -49 -46 -94 -36 31 55 64 64 25 20 18 10 9 29 35 45 55 16 8 8 5 
5510500 5510740 0 0 0 -1 -54 0 -3 -55 7 74 60 63 60 25 20 18 10 9 29 35 45 55 16 8 8 5 
5989000 5989088 0 0 0 1 -55 0 -1 -57 10 77 64 70 71 25 20 18 10 9 29 35 45 55 16 9 9 5 
6538000 6538220 0 0 0 3 -56 0 2 -57 7 74 64 67 65 25 20 18 10 10 30 35 45 55 16 9 8 5 
6769000 6769033 0 0 0 -3 -56 0 -4 -57 -6 61 53 69 67 25 20 18 10 9 29 35 45 55 16 9 9 5 
7022000 7022126 0 0 0 -16 -67 0 -17 -69 -20 47 51 67 65 25 20 18 10 9 29 35 45 55 16 9 8 5 
7083500 7083720 0 0 0 -26 -83 0 -25 -83 -11 56 67 68 71 25 20 18 10 11 31 35 45 55 16 9 9 5 
7119500 7119517 0 0 0 1 -58 0 2 -56 17 84 65 71 74 25 20 18 10 11 31 35 45 55 16 9 8 5 
7196000 7196215 0 0 0 -26 -78 0 -27 -79 -15 52 62 63 64 25 20 18 10 11 31 35 45 55 16 8 8 5 
7327500 7327629 0 0 0 -22 -74 0 -22 -74 -18 49 56 66 67 25 20 18 10 10 30 35 45 55 16 8 8 5 
7580500 7580533 0 0 0 -6 -70 0 -6 -71 -1 66 69 68 69 25 20 18 10 10 30 35 45 55 16 9 9 5 
7647000 7647162 0 0 0 4 -57 0 4 -58 5 72 63 69 70 25 20 18 10 10 30 35 45 55 16 9 9 5 
7722000 7722159 0 -1 7 -49 -124 -51 -52 -129 -49 18 82 82 79 25 20 18 10 10 30 35 45 55 16 10 7 5 
7729000 7729052 0 2 7 -93 -120 -95 -91 -116 -84 -17 36 81 78 25 20 18 10 10 30 35 45 55 16 8 10 5 
7873000 7873059 0 -3 7 -51 -100 -50 -51 -100 -46 21 57 65 64 25 20 18 10 10 30 35 45 55 16 8 8 5 
8407500 8407723 0 0 0 -15 -58 0 -16 -59 -8 59 50 63 64 25 20 18 10 10 30 35 45 55 16 8 8 5 
8782500 8782642 0 0 0 -16 -58 0 -16 -60 -10 57 52 64 63 25 20 18 10 10 30 35 45 55 16 8 8 5 
9255000 9255146 0 0 0 -12 -48 0 -12 -48 -5 62 44 64 64 25 20 18 10 9 29 35 45 55 16 8 8 5 
9630000 9630092 0 0 0 -11 -52 0 -12 -52 -6 61 46 65 65 25 20 18 10 10 30 35 45 55 16 8 8 5 
10085500 10085579 0 0 0 -6 -62 0 -6 -63 -9 58 57 61 60 25 20 17 10 9 29 35 45 55 16 8 8 5 
10151000 10151085 0 0 0 -18 -56 0 -19 -57 -21 46 39 63 66 25 20 17 10 9 29 35 45 55 16 8 8 5 
10205500 10205638 0 0 0 -38 -72 0 -40 -74 -42 25 33 61 60 25 20 17 10 9 29 35 45 55 16 7 8 5 
10502000 10502121 0 0 0 -22 -60 0 -22 -60 -26 41 36 62 66 25 20 17 10 9 29 35 45 55 16 8 8 5 
10543000 10543216 0 0 0 -19 -62 0 -20 -63 -18 49 48 62 63 25 20 17 10 10 30 35 45 55 16 8 8 5 
10790500 10790529 0 0 0 -37 -69 0 -37 -71 -30 37 48 58 60 25 20 17 10 10 30 35 45 55 16 7 7 5 
11004500 11004590 0 0 0 -27 -69 0 -29 -71 -26 41 48 59 58 25 20 17 10 10 30 35 45 55 16 7 7 5 
11092500 11092656 0 0 0 -22 -54 0 -24 -56 -22 45 37 58 60 25 20 17 10 10 30 35 45 55 16 7 7 5 
11332500 11332663 0 0 0 -12 -47 0 -13 -48 -11 56 39 60 59 25 20 17 10 10 30 35 45 55 16 8 8 5 
11694500 11694513 0 0 0 -19 -51 0 -21 -52 -19 48 37 59 58 25 20 17 10 10 30 35 45 55 16 7 7 5 
11992500 11992720 0 0 0 -24 -50 0 -24 -50 -19 48 37 62 66 25 20 17 10 10 30 35 45 55 16 8 8 5 
12150000 12150220 0 0 0 -20 -57 0 -22 -58 -24 43 36 57 56 25 20 17 10 9 29 35 45 55 16 7 7 5 
12232500 12232535 0 0 0 -21 -56 0 -23 -56 -17 50 44 57 56 25 20 17 10 10 30 35 45 55 16 7 7 5 
12264500 12264570 0 0 0 -12 -40 0 -13 -41 -8 59 38 62 61 25 20 17 10 9 29 35 45 55 16 8 8 5 
12467000 12467053 0 0 0 -37 -59 0 -39 -59 -39 28 28 56 53 25 20 17 10 9 29 35 45 55 16 7 7 5 
12703000 12703013 0 0 0 -31 -56 0 -33 -58 -32 35 33 57 60 25 20 17 10 9 29 35 45 55 16 7 7 5 
12978500 12978599 0 0 0 -37 -60 0 -37 -61 -36 31 31 58 59 25 20 17 10 9 29 35 45 55 16 7 7 5 
13303000 13303090 0 0 0 -7 -45 0 -8 -45 -7 60 36 56 59 25 20 17 10 9 29 35 45 55 16 7 7 5 
13340500 13340700 0 0 0 -15 -44 0 -17 -46 -11 56 37 60 60 25 20 17 10 9 29 35 45 55 16 8 8 5 
13406500 13406521 0 0 0 -29 -47 0 -29 -48 -24 43 28 56 58 25 20 17 10 9 29 35 45 55 16 7 7 5 
13937000 13937204 0 0 0 -22 -46 0 -24 -47 -21 46 30 58 58 25 20 17 10 9 29 35 45 55 16 7 7 5 
14255500 14255569 0 0 0 -21 -49 0 -22 -50 -16 51 35 60 59 25 20 17 10 9 29 35 45 55 16 7 7 5 
14334500 14334524 0 0 0 -17 -42 0 -18 -43 -13 54 30 63 66 25 20 17 10 9 29 35 45 55 16 8 8 5 
14375500 14375599 0 0 0 -20 -57 0 -21 -58 -15 52 42 55 57 25 20 17 10 10 30 35 45 55 16 7 7 5 
14752500 14752720 0 0 0 -15 -40 0 -15 -40 -14 53 30 59 60 25 20 17 10 9 29 35 45 55 16 8 7 5 
15281500 15281648 0 0 0 -14 -39 0 -14 -39 -11 56 29 60 59 25 20 18 10 9 29 35 45 55 16 7 7 5 
15557000 15557085 0 0 0 -25 -48 0 -25 -48 -23 44 30 63 63 25 20 17 10 9 29 35 45 55 16 8 8 5 
15652500 15652604 0 0 0 -19 -45 0 -21 -46 -19 48 34 57 59 25 20 17 10 9 29 35 45 55 16 7 7 5 
15737000 15737190 0 0 0 -20 -47 0 -20 -48 -20 47 33 61 63 25 20 17 10 9 29 35 45 55 16 8 8 5 
16104500 16104676 0 0 0 -26 -52 0 -28 -53 -27 40 35 60 60 25 20 16 10 10 30 35 45 55 16 8 7 5 
16207500 16207584 0 0 0 2 -35 0 -1 -36 2 69 37 65 66 25 20 17 10 8 28 35 45 55 16 8 8 5 
16398500 16398516 0 0 0 -6 -39 0 -8 -40 1 68 42 67 67 25 20 18 10 8 28 35 45 55 16 8 8 5 
16970500 16970540 0 0 0 -3 -50 0 -5 -50 0 67 52 74 76 25 20 18 10 9 29 35 45 55 16 9 9 5 
17385000 17385110 0 0 0 -8 -53 0 -8 -53 -1 66 50 71 71 25 20 18 10 9 29 35 45 55 16 9 9 5 
17544500 17544514 0 0 0 -4 -55 0 -6 -56 0 67 58 86 86 25 20 18 10 10 30 35 45 55 16 9 11 5 
18045000 18045060 0 0 0 -5 -55 0 -7 -56 2 69 58 71 73 25 20 19 10 9 29 35 45 55 16 9 9 5 
18067500 18067603 0 0 0 2 -48 0 3 -47 12 79 58 67 70 25 20 19 10 9 29 35 45 55 16 8 8 5 
18081500 18081525 0 -1 7 -50 -83 -52 -57 -91 -52 15 48 90 91 25 20 18 10 9 29 35 45 55 16 11 10 5 
18300500 18300570 0 2 7 -133 -193 -135 -135 -193 -101 -34 104 92 90 25 20 17 10 9 29 35 45 55 16 1 5 5 
18315500 18315611 0 -3 7 -47 -112 -49 -43 -109 -35 32 77 86 90 25 20 17 10 9 29 35 45 55 16 12 10 5 
18572000 18572085 0 0 0 2 -53 0 -2 -56 0 67 57 81 80 25 20 17 10 9 29 35 45 55 16 4 9 5 
18718000 18718090 0 0 0 -6 -54 0 -7 -56 -6 61 55 66 63 25 20 17 10 9 29 35 45 55 16 8 8 5 
18772500 18772567 0 0 0 17 -33 0 16 -34 22 89 55 67 71 25 20 18 10 9 29 35 45 55 16 8 9 5 
175500 175609 1 0 -1 0 0 0 0 0 0 148 0 70 69 25 20 18 10 9 29 35 45 55 16 9 9 5 
262500 262695 1 0 0 18 -51 0 16 -52 19 161 67 75 71 25 20 18 10 9 29 35 45 55 16 10 9 5 
271000 271120 1 0 0 18 -50 0 15 -51 18 160 66 76 77 25 20 18 10 9 29 35 45 55 16 9 10 5 
290000 290072 1 0 0 15 -51 0 15 -52 17 159 67 72 70 25 20 18 10 9 29 35 45 55 16 9 9 5 
302000 302066 1 -1 7 -37 -96 -52 -43 -99 -40 102 57 97 94 25 20 18 10 9 29 35 45 55 16 8 11 5 
309000 309103 1 2 7 -117 -159 -132 -119 -163 -116 26 43 115 117 25 20 18 10 9 25 35 45 55 16 15 15 5 
317000 317134 1 -3 7 -34 -111 -49 -33 -112 -30 112 77 106 106 25 20 18 10 9 27 35 45 55 16 14 14 5 
342500 342965 1 -1 7 -36 -102 -50 -37 -102 -34 108 65 85 80 25 20 18 10 9 29 35 45 55 16 9 10 5 
418000 418003 1 2 7 -122 -181 -132 -127 -189 -122 20 63 123 123 25 20 18 10 8 23 35 45 55 16 15 16 5 
425500 425559 1 -3 7 -39 -140 -49 -45 -140 -44 98 93 102 104 25 20 18 10 8 26 35 45 55 16 14 12 5 
434000 434000 1 -1 7 -40 -142 -51 -42 -143 -39 103 103 96 98 25 20 18 10 8 28 35 45 55 16 12 12 5 
597000 597102 1 2 7 -124 -188 -129 -127 -190 -123 19 62 121 123 25 20 18 10 8 23 35 45 55 16 16 16 5 
678500 678537 1 -3 7 -48 -105 -49 -47 -104 -44 98 57 87 86 25 20 18 10 9 29 35 45 55 16 11 10 5 
988000 988095 1 0 0 -10 -76 0 -11 -77 -9 133 65 80 80 25 20 18 10 8 28 35 45 55 16 10 10 5 
1032000 1032186 1 0 0 -3 -69 0 -3 -70 1 143 67 79 77 25 20 18 10 8 28 35 45 55 16 10 10 5 
1552500 1552528 1 0 0 2 -54 0 1 -55 4 146 57 66 66 25 20 17 10 9 29 35 45 55 16 8 8 5 
1767000 1767033 1 0 0 3 -55 0 3 -56 5 147 58 63 66 25 20 17 10 9 29 35 45 55 16 8 8 5 
2045500 2045658 1 0 0 9 -51 0 9 -52 13 155 60 64 64 25 20 17 10 9 29 35 45 55 16 8 8 5 
2336000 2336121 1 0 0 6 -53 0 5 -54 8 150 58 65 65 25 20 17 10 9 29 35 45 55 16 8 8 5 
2698000 2698045 1 0 0 -3 -62 0 -3 -62 0 142 59 68 68 25 20 18 10 9 29 35 45 55 16 9 9 5 
3092000 3092112 1 0 0 -3 -57 0 -3 -58 0 142 54 63 63 25 20 18 10 9 29 35 45 55 16 8 8 5 
3223000 3223037 1 0 0 0 -56 0 -2 -57 2 144 56 71 70 25 20 18 10 9 29 35 45 55 16 9 9 5 
3734000 3734139 1 0 0 3 -58 0 3 -59 6 148 60 63 62 25 20 17 10 9 29 35 45 55 16 8 8 5 
4342500 4342603 1 0 0 11 -59 0 11 -59 13 155 70 74 74 25 20 17 10 9 29 35 45 55 16 9 10 5 
4588000 4588197 1 0 0 2 -61 0 0 -62 3 145 63 72 74 25 20 18 10 9 29 35 45 55 16 9 9 5 
5510500 5510740 1 0 0 10 -51 0 8 -53 12 154 62 63 60 25 20 18 10 9 29 35 45 55 16 8 8 5 
5990500 5990563 1 0 0 13 -57 0 14 -57 17 159 72 70 70 25 20 18 10 9 29 35 45 55 16 9 9 5 
6543500 6543671 1 0 0 20 -43 0 18 -43 19 161 61 64 64 25 20 18 10 10 30 35 45 55 16 8 8 5 
6763000 6763191 1 0 0 -21 -78 0 -22 -78 -19 123 57 67 70 25 20 18 10 9 29 35 45 55 16 9 8 5 
7024000 7024219 1 0 0 -21 -79 0 -21 -79 -18 124 57 67 69 25 20 18 10 9 29 35 45 55 16 8 9 5 
7085500 7085693 1 0 0 -2 -57 0 -3 -58 1 143 55 66 64 25 20 18 10 11 31 35 45 55 16 9 8 5 
7123000 7123176 1 0 0 -22 -69 0 -24 -72 -22 120 45 69 67 25 20 18 10 11 31 35 45 55 16 8 8 5 
7194500 7194519 1 0 0 -16 -64 0 -18 -66 -15 127 47 64 61 25 20 18 10 11 31 35 45 55 16 8 8 5 
7331500 7331679 1 0 0 -18 -72 0 -19 -73 -17 125 53 70 66 25 20 18 10 10 30 35 45 55 16 8 9 5 
7586000 7586203 1 0 0 -6 -65 0 -7 -67 -5 137 60 69 67 25 20 18 10 10 30 35 45 55 16 9 9 5 
7647000 7647162 1 0 0 -1 -63 0 -2 -64 2 144 63 69 70 25 20 18 10 10 30 35 45 55 16 9 9 5 
8407500 8407723 1 0 0 -18 -63 0 -19 -63 -16 126 45 63 64 25 20 18 10 10 30 35 45 55 16 8 8 5 
8775000 8775074 1 0 0 -17 -59 0 -17 -59 -14 128 41 66 67 25 20 18 10 10 30 35 45 55 16 8 8 5 
9262500 9262531 1 0 0 -24 -64 0 -25 -65 -22 120 40 66 66 25 20 18 10 9 29 35 45 55 16 8 8 5 
9630000 9630092 1 0 0 -16 -60 0 -18 -61 -15 127 44 65 65 25 20 18 10 10 30 35 45 55 16 8 8 5 
10097000 10097212 1 0 0 7 -50 0 6 -51 11 153 59 67 67 25 20 17 10 9 29 35 45 55 16 8 9 5 
10151000 10151085 1 0 0 -25 -64 0 -26 -65 -24 118 38 63 66 25 20 17 10 9 29 35 45 55 16 8 8 5 
10203500 10203607 1 0 0 -37 -72 0 -39 -74 -36 106 34 61 63 25 20 17 10 9 29 35 45 55 16 8 7 5 
10505500 10505516 1 0 0 -31 -71 0 -32 -72 -30 112 39 63 65 25 20 17 10 9 29 35 45 55 16 8 8 5 
10541000 10541041 1 0 0 -22 -62 0 -22 -62 -19 123 40 62 60 25 20 17 10 10 30 35 45 55 16 8 8 5 
10789000 10789240 1 0 0 -25 -65 0 -25 -66 -22 120 40 58 57 25 20 17 10 10 30 35 45 55 16 7 7 5 
11006000 11006114 1 0 0 -9 -55 0 -10 -56 -7 135 44 59 61 25 20 17 10 10 30 35 45 55 16 7 7 5 
11092500 11092656 1 0 0 -26 -61 0 -26 -61 -24 118 34 58 60 25 20 17 10 10 30 35 45 55 16 7 7 5 
11332500 11332663 1 0 0 -30 -65 0 -30 -65 -27 115 35 60 59 25 20 17 10 10 30 35 45 55 16 8 8 5 
11694500 11694513 1 0 0 -33 -68 0 -33 -69 -30 112 36 59 58 25 20 17 10 10 30 35 45 55 16 7 7 5 
12004000 12004202 1 0 0 -24 -62 0 -25 -63 -20 122 40 61 60 25 20 17 10 10 30 35 45 55 16 7 8 5 
12150000 12150220 1 0 0 -21 -62 0 -23 -64 -19 123 41 57 56 25 20 17 10 9 29 35 45 55 16 7 7 5 
12236000 12236163 1 0 0 -14 -57 0 -15 -58 -11 131 44 57 56 25 20 17 10 10 30 35 45 55 16 7 7 5 
12264500 12264570 1 0 0 -30 -65 0 -32 -66 -28 114 35 62 61 25 20 17 10 9 29 35 45 55 16 8 8 5 
12472500 12472617 1 0 0 -29 -67 0 -28 -67 -26 116 38 59 59 25 20 17 10 9 29 35 45 55 16 7 8 5 
12707000 12707195 1 0 0 -24 -63 0 -24 -64 -21 121 40 57 57 25 20 17 10 9 29 35 45 55 16 7 7 5 
12971000 12971215 1 0 0 -24 -62 0 -24 -63 -20 122 39 56 56 25 20 17 10 9 29 35 45 55 16 7 7 5 
13301000 13301179 1 0 0 -7 -53 0 -8 -54 -5 137 45 56 52 25 20 17 10 9 29 35 45 55 16 7 7 5 
13342500 13342687 1 0 0 -29 -67 0 -29 -68 -25 117 39 60 59 25 20 17 10 9 29 35 45 55 16 8 8 5 
13408000 13408117 1 0 0 -35 -71 0 -36 -71 -32 110 36 55 54 25 20 17 10 9 29 35 45 55 16 7 7 5 
13640500 13640630 1 0 0 -37 -72 0 -37 -72 -35 107 35 57 59 25 20 17 10 9 29 35 45 55 16 7 7 5 
13937000 13937204 1 0 0 -31 -68 0 -31 -68 -28 114 37 58 58 25 20 17 10 9 29 35 45 55 16 7 7 5 
14253500 14253543 1 0 0 -30 -68 0 -30 -69 -26 116 39 61 64 25 20 17 10 9 29 35 45 55 16 8 7 5 
14336000 14336246 1 0 0 -35 -70 0 -35 -71 -33 109 35 62 61 25 20 17 10 9 29 35 45 55 16 8 8 5 
14375500 14375599 1 0 0 -22 -59 0 -24 -61 -20 122 38 55 57 25 20 17 10 10 30 35 45 55 16 7 7 5 
14747000 14747152 1 0 0 -31 -66 0 -32 -67 -29 113 35 58 60 25 20 17 10 9 29 35 45 55 16 7 7 5 
15285000 15285130 1 0 0 -27 -63 0 -28 -63 -25 117 36 61 62 25 20 18 10 9 29 35 45 55 16 8 8 5 
15562500 15562700 1 0 0 -26 -63 0 -27 -63 -25 117 37 57 57 25 20 17 10 9 29 35 45 55 16 7 7 5 
15662000 15662096 1 0 0 -26 -62 0 -27 -63 -24 118 35 56 58 25 20 17 10 9 29 35 45 55 16 7 7 5 
15740500 15740673 1 0 0 -24 -63 0 -25 -64 -22 120 40 59 56 25 20 17 10 9 29 35 45 55 16 7 7 5 
16106000 16106180 1 0 0 -20 -56 0 -22 -58 -20 122 35 60 57 25 20 16 10 10 30 35 45 55 16 7 7 5 
16207500 16207584 1 0 0 -53 -84 0 -54 -85 -52 90 31 65 66 25 20 17 10 8 28 35 45 55 16 8 8 5 
16400500 16400529 1 0 0 -33 -74 0 -34 -74 -30 112 40 68 70 25 20 18 10 8 28 35 45 55 16 8 9 5 
16972500 16972543 1 0 0 -4 -60 0 -5 -61 -2 140 56 76 76 25 20 18 10 9 29 35 45 55 16 9 10 5 
17390500 17390531 1 0 0 -6 -65 0 -7 -65 -5 137 58 69 69 25 20 18 10 9 29 35 45 55 16 9 9 5 
17542500 17542847 1 0 0 -1 -59 0 -8 -65 -4 138 58 91 92 25 20 18 10 10 30 35 45 55 16 9 10 5 
18043000 18043123 1 0 0 0 -62 0 -1 -63 4 146 63 70 69 25 20 19 10 9 29 35 45 55 16 9 9 5 
18069500 18069650 1 0 0 5 -54 0 4 -55 7 149 58 67 68 25 20 19 10 9 29 35 45 55 16 8 8 5 
18136500 18136567 1 -1 7 -47 -103 -54 -47 -104 -43 99 57 85 82 25 20 17 10 9 29 35 45 55 16 10 11 5 
18162500 18162514 1 2 7 -79 -131 -87 -84 -130 -81 61 46 93 96 25 20 17 10 9 29 35 45 55 16 7 11 5 
18199500 18199608 1 -3 7 -40 -105 -50 -40 -107 -37 105 67 85 85 25 20 17 10 9 29 35 45 55 16 10 11 5 
18585000 18585139 1 0 0 23 -39 0 25 -38 29 171 64 77 77 25 20 17 10 9 29 35 45 55 16 10 7 5 
18714500 18714621 1 0 0 15 -48 0 14 -49 16 158 63 65 64 25 20 17 10 9 29 35 45 55 16 8 8 5 
18767000 18767009 1 0 0 33 -34 0 33 -35 36 178 66 68 66 25 20 18 10 9 29 35 45 55 16 8 9 5 
