95500 95658 0 0 -1 0 0 0 0 0 0 -20 0 72 71 25 20 18 10 10 30 35 45 55 16 9 9 5 
181000 181015 0 0 0 22 -7 0 16 -14 21 2 30 68 67 25 20 18 10 10 30 35 45 55 16 9 9 5 
200500 200541 0 0 0 19 -24 0 16 -25 21 2 42 82 86 25 20 18 10 10 30 35 45 55 16 11 10 5 
221500 221544 0 0 0 -1 -18 0 -3 -18 0 -19 14 78 82 25 20 18 10 10 30 35 45 55 16 10 10 5 
405000 405028 0 0 0 5 -15 0 5 -17 9 -10 22 97 94 25 20 18 10 10 30 35 45 55 16 12 12 5 
424500 424581 0 0 0 -36 -32 0 -39 -30 -35 -54 -9 87 90 25 20 18 10 10 30 35 45 55 16 7 9 5 
512000 512918 0 0 0 -6 -28 0 -8 -23 -3 -22 16 86 87 25 20 18 10 10 30 35 45 55 16 4 8 5 
528000 528051 0 0 0 -10 -23 0 -13 -26 -9 -28 13 95 99 25 20 18 10 10 30 35 45 55 16 12 12 5 
1299500 1299613 0 0 0 7 -4 0 -2 -7 3 -16 5 93 96 25 20 18 10 10 30 35 45 55 16 12 12 5 
1314000 1314094 0 0 0 40 8 0 39 6 43 24 32 97 96 25 20 18 10 10 30 35 45 55 16 12 12 5 
1323500 1323531 0 0 0 -6 -17 0 -5 -15 -1 -20 11 87 93 25 20 18 10 10 30 35 45 55 16 11 11 5 
1329500 1329644 0 0 0 29 5 0 26 2 31 12 24 75 70 25 20 18 10 10 30 35 45 55 16 9 9 5 
1338000 1338091 0 0 0 2 -23 0 -2 -27 3 -16 25 77 78 25 20 18 10 10 30 35 45 55 16 10 9 5 
1348500 1348689 0 0 0 10 -10 0 7 -12 11 -8 19 73 73 25 20 18 10 10 30 35 45 55 16 9 10 5 
1369000 1369051 0 0 0 13 -10 0 15 -9 18 -1 23 75 73 25 20 18 10 10 30 35 45 55 16 9 8 5 
1392000 1392152 0 0 0 13 -32 0 7 -37 11 -8 44 81 84 25 20 18 10 10 30 35 45 55 16 11 10 5 
1498000 1498080 0 0 0 4 -46 0 0 -50 1 -18 52 85 82 25 20 18 10 9 29 35 45 55 16 11 11 5 
1509500 1509581 0 0 0 7 -35 0 5 -38 5 -14 44 77 76 25 20 18 10 9 29 35 45 55 16 9 10 5 
1760000 1760149 0 0 0 4 -37 0 5 -37 7 -12 44 82 82 25 20 18 10 9 29 35 45 55 16 10 10 5 
1770500 1770511 0 0 0 16 -15 0 11 -20 13 -6 33 75 74 25 20 18 10 9 29 35 45 55 16 6 6 5 
1939000 1939110 0 0 0 20 -2 0 19 -3 21 2 25 77 77 25 20 18 10 9 29 35 45 55 16 10 10 5 
2094000 2094101 0 0 0 25 4 0 20 -3 26 7 29 73 76 25 20 18 10 9 29 35 45 55 16 7 8 5 
2125000 2125082 0 0 0 27 9 0 33 9 35 16 28 86 85 25 20 18 10 9 29 35 45 55 16 11 8 5 
2227500 2227533 0 0 0 -11 -47 0 -13 -49 -13 -32 37 79 79 25 20 18 10 9 29 35 45 55 16 9 10 5 
2486500 2486634 0 0 0 -5 -55 0 -4 -55 -3 -22 52 81 84 25 20 18 10 9 29 35 45 55 16 10 9 5 
2714000 2714132 0 0 0 -5 -46 0 -6 -48 -5 -24 45 86 87 25 20 18 10 9 29 35 45 55 16 11 11 5 
2723000 2723133 0 0 0 -13 -49 0 -17 -59 -14 -33 49 87 86 25 20 18 10 9 29 35 45 55 16 11 7 5 
2733500 2733627 0 0 0 -3 -23 0 -5 -25 -2 -21 27 72 72 25 20 18 10 9 29 35 45 55 16 9 9 5 
3016500 3016629 0 0 0 1 -21 0 -4 -26 -2 -21 25 74 79 25 20 18 10 9 29 35 45 55 16 7 9 5 
3033500 3033562 0 0 0 -20 -45 0 -23 -44 -21 -40 25 78 77 25 20 18 10 9 29 35 45 55 16 10 10 5 
3214000 3214000 0 0 0 -17 -43 0 -21 -47 -19 -38 28 77 74 25 20 18 10 9 29 35 45 55 16 10 10 5 
3233000 3233364 0 0 0 1 -10 0 1 -9 8 -11 19 72 76 25 20 18 10 9 29 35 45 55 16 7 5 5 
3325000 3325095 0 0 0 1 -24 0 -3 -28 -1 -20 30 67 67 25 20 18 10 9 29 35 45 55 16 9 8 5 
3338000 3338149 0 0 0 3 -26 0 5 -25 5 -14 30 81 89 25 20 18 10 9 29 35 45 55 16 5 10 5 
3543000 3543084 0 0 0 -14 -44 0 -12 -45 -7 -26 36 74 75 25 20 18 10 9 29 35 45 55 16 9 8 5 
3662000 3662070 0 0 0 0 -40 0 1 -42 2 -17 46 73 75 25 20 18 10 9 29 35 45 55 16 9 7 5 
3672500 3672653 0 0 0 18 -16 0 10 -25 11 -8 39 67 67 25 20 18 10 9 29 35 45 55 16 8 8 5 
3727500 3727532 0 0 0 27 -16 0 25 -16 30 11 50 68 68 25 20 18 10 9 29 35 45 55 16 8 9 5 
3870000 3870186 0 0 0 37 -8 0 40 -8 41 22 52 65 66 25 20 18 10 9 29 35 45 55 16 8 8 5 
4084000 4084125 0 0 0 23 0 0 23 0 24 5 27 69 71 25 20 18 10 9 29 35 45 55 16 9 9 5 
4094000 4094131 0 0 0 16 -12 0 12 -15 16 -3 31 71 72 25 20 18 10 9 29 35 45 55 16 9 9 5 
4106000 4106060 0 0 0 -14 -27 0 -16 -31 -10 -29 22 86 89 25 20 18 10 9 29 35 45 55 16 10 10 5 
4130000 4130057 0 0 0 -8 -32 0 -12 -32 -8 -27 24 83 78 25 20 18 10 9 29 35 45 55 16 8 9 5 
4145000 4145169 0 0 0 8 -12 0 6 -11 9 -10 22 70 70 25 20 18 10 9 29 35 45 55 16 8 9 5 
4220500 4220623 0 0 0 21 -16 0 12 -22 18 -1 39 73 70 25 20 18 10 9 29 35 45 55 16 9 3 5 
4229500 4229599 0 0 0 44 14 0 50 18 52 33 34 73 72 25 20 18 10 9 29 35 45 55 16 5 9 5 
4272500 4272586 0 0 0 53 14 0 52 13 55 36 42 69 68 25 20 18 10 9 29 35 45 55 16 8 8 5 
4281000 4281164 0 0 0 24 -5 0 14 -11 16 -3 31 69 70 25 20 18 10 9 29 35 45 55 16 8 8 5 
4318000 4318161 0 0 0 21 -7 0 21 -11 22 3 34 69 69 25 20 18 10 9 29 35 45 55 16 6 9 5 
4330000 4330153 0 0 0 27 7 0 16 -1 21 2 25 74 71 25 20 18 10 9 29 35 45 55 16 8 7 5 
4339000 4339188 0 0 0 48 18 0 44 15 49 30 33 69 69 25 20 18 10 9 29 35 45 55 16 9 9 5 
4507000 4507404 0 0 0 50 17 0 49 16 51 32 33 69 65 25 20 18 10 9 29 35 45 55 16 8 9 5 
4632000 4632010 0 0 0 33 3 0 30 -2 34 15 40 72 73 25 20 18 10 9 29 35 45 55 16 9 9 5 
4645500 4646694 0 0 0 -10 -16 0 -26 -7 -9 -28 -7 89 94 25 20 18 10 9 29 35 45 55 16 1 4 5 
4656000 4656087 0 0 0 3 -22 0 2 -23 0 -19 24 79 77 25 20 18 10 9 29 35 45 55 16 9 6 5 
4833500 4833566 0 0 0 14 -35 0 9 -38 10 -9 49 74 71 25 20 18 10 9 29 35 45 55 16 9 9 5 
4947000 4947167 0 0 0 -2 -42 0 -9 -45 -8 -27 37 81 79 25 20 18 10 9 29 35 45 55 16 10 10 5 
4953000 4953165 0 0 0 25 -12 0 26 -13 27 8 43 79 77 25 20 18 10 9 29 35 45 55 16 10 10 5 
4965000 4965181 0 0 0 26 -6 0 18 -14 20 1 38 66 65 25 20 18 10 9 29 35 45 55 16 7 8 5 
5000500 5000700 0 0 0 30 -11 0 26 -13 28 9 43 70 72 25 20 18 10 9 29 35 45 55 16 9 9 5 
5042000 5042102 0 0 0 33 1 0 31 0 33 14 35 67 67 25 20 18 10 9 29 35 45 55 16 8 6 5 
5053000 5053180 0 0 0 23 -27 0 25 -25 24 5 49 81 80 25 20 18 10 9 29 35 45 55 16 9 8 5 
5082000 5082048 0 0 0 5 -32 0 1 -36 2 -17 40 81 81 25 20 18 10 9 29 35 45 55 16 10 11 5 
5097500 5097678 0 0 0 18 -20 0 12 -25 13 -6 40 80 81 25 20 18 10 9 29 35 45 55 16 9 10 5 
5113000 5113142 0 0 0 4 -33 0 4 -33 6 -13 40 73 72 25 20 18 10 9 29 35 45 55 16 9 9 5 
5168000 5168198 0 0 0 11 -25 0 12 -24 14 -5 39 72 73 25 20 18 10 9 29 35 45 55 16 9 9 5 
5186000 5186020 0 0 0 6 -25 0 7 -24 8 -11 34 79 86 25 20 18 10 9 29 35 45 55 16 10 10 5 
5249000 5249088 0 0 0 -3 -25 0 -5 -24 -1 -20 23 74 73 25 20 18 10 9 29 35 45 55 16 9 9 5 
5289000 5289066 0 0 0 4 -32 0 1 -35 3 -16 39 84 83 25 20 18 10 9 29 35 45 55 16 11 10 5 
5302500 5302674 0 0 0 -13 -43 0 -11 -42 -9 -28 35 73 73 25 20 18 10 9 29 35 45 55 16 9 9 5 
5437500 5437548 0 0 0 7 -36 0 6 -36 8 -11 46 70 71 25 20 18 10 9 29 35 45 55 16 9 9 5 
5471000 5471089 0 0 0 -13 -39 0 -12 -40 -9 -28 30 75 73 25 20 18 10 9 29 35 45 55 16 10 9 5 
5485500 5485696 0 0 0 1 -31 0 -2 -35 0 -19 36 70 72 25 20 18 10 9 29 35 45 55 16 9 9 5 
5569500 5569623 0 0 0 13 -8 0 -2 -16 2 -17 17 76 72 25 20 18 10 9 29 35 45 55 16 10 10 5 
5704500 5704517 0 0 0 -3 -40 0 -4 -41 0 -19 43 72 69 25 20 18 10 9 29 35 45 55 16 9 9 5 
5962000 5962187 0 0 0 10 -32 0 7 -37 7 -12 45 74 72 25 20 18 10 9 29 35 45 55 16 10 9 5 
6194500 6194661 0 0 0 25 -23 0 20 -27 21 2 50 77 79 25 20 18 10 9 29 35 45 55 16 10 10 5 
6410000 6410080 0 0 0 12 -30 0 13 -34 14 -5 51 78 77 25 20 18 10 9 29 35 45 55 16 10 10 5 
6570500 6570809 0 0 0 16 -13 0 13 -15 17 -2 33 82 82 25 20 18 10 9 29 35 45 55 16 9 10 5 
6581500 6581634 0 0 0 28 -16 0 29 -16 33 14 44 73 73 25 20 18 10 10 30 35 45 55 16 9 9 5 
6641500 6641601 0 0 0 15 -25 0 13 -27 17 -2 40 75 73 25 20 18 10 10 30 35 45 55 16 9 10 5 
6672000 6672118 0 0 0 1 -41 0 3 -42 8 -11 45 81 79 25 20 18 10 10 30 35 45 55 16 10 10 5 
6703500 6703691 0 0 0 -11 -26 0 -15 -30 -10 -29 16 78 81 25 20 18 10 10 30 35 45 55 16 9 7 5 
6726500 6726662 0 0 0 0 -42 0 -9 -57 -5 -24 48 78 77 25 20 18 10 10 30 35 45 55 16 10 10 5 
6735000 6735076 0 -1 1 57 27 56 59 30 65 46 30 81 79 25 20 18 10 10 30 35 45 55 16 8 9 5 
6745500 6745677 0 2 1 141 122 140 144 123 148 129 21 83 81 25 20 18 10 10 30 35 45 55 16 11 10 5 
6750500 6750588 0 -3 1 41 42 40 35 38 39 20 -2 75 73 25 20 18 10 10 30 35 45 55 16 9 8 5 
6770000 6770169 0 0 0 2 -37 0 -1 -39 -2 -21 38 83 82 25 20 18 10 9 29 35 45 55 16 10 11 5 
6787000 6787319 0 0 0 5 -21 0 10 -16 14 -5 34 78 77 25 20 18 10 9 29 35 45 55 16 9 10 5 
6798000 6798135 0 -1 1 57 30 52 52 26 56 37 31 79 80 25 20 18 10 9 29 35 45 55 16 10 10 5 
6804500 6804524 0 2 1 151 113 146 150 114 151 132 37 75 75 25 20 18 10 9 29 35 45 55 16 10 9 5 
6810000 6810176 0 -3 1 48 37 43 33 28 37 18 10 75 82 25 20 18 10 9 29 35 45 55 16 6 9 5 
6823000 6823045 0 0 0 5 -24 0 -1 -23 -3 -22 23 80 78 25 20 18 10 9 29 35 45 55 16 9 9 5 
6849000 6849071 0 0 0 4 -29 0 -3 -34 2 -17 30 83 82 25 20 18 10 10 30 35 45 55 16 11 7 5 
6854500 6854651 0 -1 1 63 31 61 65 36 69 50 29 84 82 25 20 18 10 10 30 35 45 55 16 5 8 5 
6862000 6862203 0 2 1 183 143 183 179 146 183 164 33 87 84 25 20 18 10 10 30 35 45 55 16 5 11 5 
6870000 6870087 0 -3 1 39 41 43 32 35 36 17 -3 80 77 25 20 18 10 10 30 35 45 55 16 10 10 5 
6880500 6880646 0 0 0 -7 -39 0 -9 -43 -6 -25 33 74 77 25 20 18 10 10 30 35 45 55 16 9 9 5 
6942000 6942168 0 0 0 0 -26 0 -3 -32 -1 -20 31 84 81 25 20 18 10 9 29 35 45 55 16 10 8 5 
6952500 6952591 0 -1 1 58 37 57 58 35 63 44 26 87 83 25 20 18 10 9 29 35 45 55 16 9 10 5 
6960500 6960595 0 2 1 107 108 106 109 106 113 94 7 89 88 25 20 18 10 9 29 35 45 55 16 11 12 5 
6965000 6965012 0 -3 1 52 69 50 49 68 54 35 -15 89 91 25 20 18 10 9 29 35 45 55 16 11 9 5 
6971000 6971018 0 0 0 2 -18 0 4 -19 9 -10 28 79 77 25 20 18 10 9 29 35 45 55 16 9 10 5 
7087000 7087023 0 0 0 8 -30 0 8 -31 10 -9 43 75 82 25 20 18 10 9 29 35 45 55 16 9 10 5 
7126500 7126590 0 0 0 6 -33 0 9 -29 10 -9 41 72 67 25 20 18 10 9 29 35 45 55 16 9 8 5 
7227000 7227051 0 0 0 12 -28 0 12 -29 15 -4 44 70 67 25 20 18 10 9 29 35 45 55 16 9 9 5 
7284500 7284609 0 0 0 -1 -36 0 -7 -41 -7 -26 36 74 74 25 20 18 10 9 29 35 45 55 16 9 10 5 
7609000 7609149 0 0 0 27 -19 0 23 -24 24 5 51 73 75 25 20 18 10 9 29 35 45 55 16 9 9 5 
8054000 8054234 0 0 0 5 -28 0 4 -30 7 -12 39 73 74 25 20 18 10 9 29 35 45 55 16 7 9 5 
8086500 8086883 0 0 0 34 -14 0 33 -20 27 8 38 82 80 25 20 18 10 9 29 35 45 55 16 9 5 5 
8480000 8480166 0 0 0 29 -13 0 19 -17 25 6 46 73 74 25 20 18 10 9 29 35 45 55 16 8 9 5 
8490500 8490514 0 0 0 50 13 0 51 12 52 33 41 66 66 25 20 18 10 9 29 35 45 55 16 7 8 5 
8568500 8568684 0 0 0 16 -28 0 11 -32 13 -6 48 65 64 25 20 18 10 9 29 35 45 55 16 8 8 5 
8722500 8722622 0 0 0 29 -18 0 25 -23 27 8 51 67 68 25 20 18 10 9 29 35 45 55 16 8 8 5 
8847000 8847222 0 0 0 28 -17 0 26 -19 27 8 50 67 63 25 20 18 10 9 29 35 45 55 16 9 8 5 
8893000 8893143 0 0 0 25 -7 0 22 -8 25 6 34 65 68 25 20 18 10 9 29 35 45 55 16 8 8 5 
9009000 9009042 0 0 0 38 -7 0 40 -5 42 23 49 66 65 25 20 18 10 9 29 35 45 55 16 8 8 5 
9051000 9051025 0 0 0 51 20 0 49 19 52 33 36 67 69 25 20 18 10 9 29 35 45 55 16 8 8 5 
9109500 9109557 0 0 0 54 14 0 52 11 52 33 44 71 71 25 20 18 10 9 29 35 45 55 16 9 9 5 
9369500 9369678 0 0 0 49 5 0 47 4 49 30 48 64 65 25 20 18 10 9 29 35 45 55 16 8 8 5 
9617000 9617125 0 0 0 57 23 0 54 20 56 37 39 74 79 25 20 18 10 9 29 35 45 55 16 10 9 5 
9628000 9628086 0 0 0 34 -4 0 30 -10 32 13 44 67 68 25 20 18 10 9 29 35 45 55 16 8 9 5 
9835500 9835580 0 0 0 44 -2 0 44 -3 46 27 51 63 63 25 20 18 10 9 29 35 45 55 16 7 8 5 
10322000 10322027 0 0 0 31 -1 0 28 -3 32 13 38 63 66 25 20 18 10 9 29 35 45 55 16 7 8 5 
10616000 10616015 0 0 0 36 -7 0 33 -11 33 14 47 64 64 25 20 18 10 9 29 35 45 55 16 8 8 5 
10751000 10751150 0 0 0 36 0 0 33 -3 36 17 40 63 64 25 20 18 10 9 29 35 45 55 16 8 7 5 
10834000 10834199 0 0 0 32 0 0 29 -2 31 12 37 68 66 25 20 18 10 9 29 35 45 55 16 5 9 5 
10861500 10861538 0 0 0 20 -10 0 18 -11 21 2 33 60 61 25 20 18 10 9 29 35 45 55 16 8 7 5 
10938000 10938198 0 0 0 23 -19 0 17 -24 18 -1 45 64 64 25 20 18 10 9 29 35 45 55 16 8 8 5 
10948500 10948639 0 -1 1 75 32 52 76 32 78 59 47 64 62 25 20 18 10 9 29 35 45 55 16 8 8 5 
10953000 10953065 0 2 1 139 100 115 155 107 155 136 50 73 76 25 20 18 10 9 29 35 45 55 16 1 9 5 
10963500 10963630 0 -3 1 64 44 40 38 24 43 24 21 67 63 25 20 18 10 9 29 35 45 55 16 3 7 5 
10978000 10978072 0 0 0 26 -5 0 26 -6 28 9 35 64 66 25 20 18 10 9 29 35 45 55 16 8 8 5 
11013000 11013140 0 0 0 36 -6 0 35 -8 37 18 46 65 64 25 20 18 10 9 29 35 45 55 16 8 8 5 
11029500 11029680 0 -1 1 81 29 51 82 29 83 64 60 66 67 25 20 18 10 9 29 35 45 55 16 8 6 5 
11036000 11036116 0 2 1 163 101 135 170 107 171 152 69 69 72 25 20 18 10 9 29 35 45 55 16 9 9 5 
11041000 11041003 0 -3 1 67 47 41 66 47 68 49 23 69 69 25 20 18 10 9 29 35 45 55 16 8 9 5 
11051500 11051627 0 0 0 23 -4 0 26 -4 30 11 35 63 61 25 20 18 10 9 29 35 45 55 16 8 8 5 
11100000 11100126 0 0 0 28 -6 0 23 -10 26 7 40 67 68 25 20 18 10 9 29 35 45 55 16 9 8 5 
11106500 11106543 0 -1 1 79 33 53 73 25 74 55 52 68 69 25 20 18 10 9 29 35 45 55 16 8 9 5 
11113000 11113068 0 2 1 177 109 152 177 109 178 159 72 69 68 25 20 18 10 9 29 35 45 55 16 9 9 5 
11119000 11119095 0 -3 1 73 41 49 70 39 74 55 35 66 63 25 20 18 10 9 29 35 45 55 16 8 7 5 
11134000 11134228 0 0 0 19 -7 0 18 -6 24 5 32 70 65 25 20 18 10 9 29 35 45 55 16 8 8 5 
11166500 11166690 0 0 0 35 -8 0 32 -13 32 13 50 64 66 25 20 18 10 9 29 35 45 55 16 8 8 5 
11176000 11176121 0 -1 1 86 36 56 81 32 82 63 54 70 71 25 20 18 10 9 29 35 45 55 16 9 9 5 
11183500 11183674 0 2 1 211 136 184 217 141 216 197 78 71 70 25 20 18 10 9 29 35 45 55 16 9 9 5 
11189000 11189571 0 -3 1 71 55 47 33 31 39 20 10 85 85 25 20 18 10 9 29 35 45 55 16 2 9 5 
11200500 11200640 0 0 0 18 1 0 20 -1 24 5 28 69 67 25 20 18 10 9 29 35 45 55 16 9 7 5 
11226500 11226586 0 0 0 17 -15 0 13 -19 15 -4 37 69 70 25 20 18 10 9 29 35 45 55 16 8 9 5 
11233000 11233057 0 -1 1 73 35 57 65 27 67 48 43 74 74 25 20 18 10 9 29 35 45 55 16 8 5 5 
11239000 11239181 0 2 1 215 146 201 209 143 206 187 67 80 76 25 20 18 10 9 29 35 45 55 16 10 10 5 
11249500 11249829 0 -3 1 48 38 36 24 17 29 10 12 73 65 25 20 18 10 9 29 35 45 55 16 4 9 5 
11265000 11265133 0 0 0 7 -23 0 7 -22 9 -10 34 70 72 25 20 18 10 9 29 35 45 55 16 9 9 5 
11308500 11308548 0 0 0 14 -23 0 12 -27 14 -5 42 80 78 25 20 18 10 9 29 35 45 55 16 10 10 5 
11318500 11318526 0 -1 1 65 26 53 59 19 60 41 44 85 89 25 20 18 10 9 29 35 45 55 16 10 11 5 
11325000 11325039 0 2 1 141 91 130 140 92 139 120 50 81 80 25 20 18 10 9 29 35 45 55 16 10 10 5 
11330000 11330094 0 -3 1 54 27 45 44 23 49 30 26 83 86 25 20 18 10 9 29 35 45 55 16 11 10 5 
11376500 11376519 0 0 0 -3 -40 0 -3 -41 0 -19 43 76 78 25 20 18 10 9 29 35 45 55 16 6 9 5 
11413000 11413098 0 0 0 -12 -40 0 -16 -44 -11 -30 35 82 82 25 20 18 10 9 29 35 45 55 16 10 11 5 
11433000 11433275 0 -1 1 50 16 51 50 16 50 31 38 74 72 25 20 18 10 9 29 35 45 55 16 8 9 5 
11441500 11441587 0 2 1 206 156 203 207 153 208 189 58 78 74 25 20 18 10 9 29 35 45 55 16 9 9 5 
11453500 11453867 0 -3 1 60 33 50 41 18 47 28 25 80 84 25 20 18 10 9 29 35 45 55 16 3 8 5 
11494500 11494566 0 0 0 33 2 0 29 -3 32 13 36 69 69 25 20 18 10 9 29 35 45 55 16 6 9 5 
11594000 11594153 0 0 0 46 28 0 43 27 47 28 22 68 68 25 20 18 10 9 29 35 45 55 16 8 9 5 
11601500 11601719 0 0 0 0 -20 0 -3 -23 2 -17 26 74 68 25 20 18 10 9 29 35 45 55 16 7 7 5 
11608500 11608512 0 0 0 -1 -17 0 -7 -22 -3 -22 20 76 74 25 20 18 10 9 29 35 45 55 16 9 5 5 
11610000 11610902 0 13 0 7 -9 -2 18 1 23 4 21 77 80 25 20 18 10 9 29 35 45 55 16 4 10 5 
11617500 11617689 0 0 0 58 25 0 54 20 57 38 38 66 68 25 20 18 10 9 29 35 45 55 16 5 7 5 
11641500 11641658 0 0 0 28 6 0 25 0 28 9 30 64 64 25 20 18 10 9 29 35 45 55 16 8 8 5 
11754000 11754169 0 0 0 28 7 0 30 5 35 16 25 65 66 25 20 18 10 10 30 35 45 55 16 8 8 5 
12397500 12397525 0 0 0 44 9 0 41 8 45 26 28 62 64 25 20 18 10 10 30 35 45 55 16 8 8 5 
12409000 12409093 0 0 0 55 24 0 54 24 59 40 25 68 65 25 20 18 10 10 30 35 45 55 16 8 9 5 
12420000 12420191 0 0 0 6 -16 0 -7 -22 -2 -21 15 66 63 25 20 18 10 10 30 35 45 55 16 4 8 5 
12504000 12504195 0 0 0 20 -16 0 14 -24 17 -2 37 62 63 25 20 18 10 10 30 35 45 55 16 8 7 5 
12518000 12518071 0 0 0 40 -1 0 38 -1 42 23 39 53 53 25 20 18 10 10 30 35 45 55 16 3 4 5 
12544000 12544150 0 0 0 106 49 0 101 47 105 86 54 54 53 25 20 18 10 10 30 35 45 55 16 5 5 5 
12551000 12551925 0 13 0 17 -28 -8 4 -38 8 -11 41 62 63 25 20 18 10 10 30 35 45 55 16 2 4 5 
12553000 12553206 0 0 0 3 -37 0 -10 -49 -6 -25 39 63 55 25 20 18 10 10 30 35 45 55 16 3 1 5 
12560000 12560129 0 0 0 20 -7 0 19 -10 24 5 30 60 60 25 20 18 10 10 30 35 45 55 16 7 8 5 
12589000 12589126 0 0 0 22 -12 0 16 -17 20 1 31 62 60 25 20 18 10 10 30 35 45 55 16 8 8 5 
12637500 12637638 0 0 0 27 -3 0 28 -3 32 13 30 62 63 25 20 18 10 10 30 35 45 55 16 8 8 5 
12718000 12718201 0 0 0 39 4 0 35 1 39 20 35 62 60 25 20 18 10 10 30 35 45 55 16 8 6 5 
12727000 12727085 0 0 0 31 4 0 30 3 34 15 27 82 86 25 20 18 10 10 30 35 45 55 16 11 7 5 
12740000 12740193 0 0 0 26 5 0 28 10 33 14 18 70 68 25 20 18 10 10 30 35 45 55 16 9 8 5 
12763000 12763197 0 0 0 29 -13 0 24 -16 30 11 41 64 63 25 20 18 10 10 30 35 45 55 16 8 8 5 
12931000 12931038 0 0 0 23 -8 0 15 -13 19 0 28 70 70 25 20 18 10 10 30 35 45 55 16 9 9 5 
12990000 12990074 0 0 0 31 -17 0 34 -17 40 21 50 64 63 25 20 18 10 10 30 35 45 55 16 7 8 5 
13322000 13322134 0 0 0 35 -14 0 29 -19 34 15 48 64 64 25 20 18 10 10 30 35 45 55 16 8 8 5 
13363000 13363176 0 0 0 34 -4 0 33 -5 37 18 37 63 60 25 20 18 10 10 30 35 45 55 16 8 8 5 
13829000 13829234 0 0 0 34 -5 0 29 -8 34 15 38 62 63 25 20 18 10 10 30 35 45 55 16 8 8 5 
14439500 14439522 0 0 0 37 -6 0 33 -9 36 17 42 61 61 25 20 20 10 10 30 35 45 55 16 8 8 5 
14465000 14465096 0 0 0 32 -6 0 27 -12 31 12 40 65 63 25 20 20 10 10 30 35 45 55 16 6 9 5 
14475000 14475066 0 0 0 62 30 0 58 25 59 40 35 57 47 25 20 20 10 10 30 35 45 55 16 7 6 5 
14604500 14604505 0 0 0 34 11 0 32 7 37 18 26 57 58 25 20 20 10 10 30 35 45 55 16 7 7 5 
14991500 14991601 0 0 0 38 6 0 33 -1 39 20 28 57 56 25 20 20 10 10 30 35 45 55 16 7 7 5 
15157500 15157513 0 0 0 53 23 0 49 19 57 38 25 55 55 25 20 20 10 10 30 35 45 55 16 7 7 5 
15169500 15169754 0 0 0 39 6 0 38 4 46 27 29 57 50 25 20 20 10 10 30 35 45 55 16 7 7 5 
15257500 15257605 0 0 0 22 -4 0 19 -6 27 8 22 59 58 25 20 20 10 10 30 35 45 55 16 7 7 5 
15264000 15264057 0 0 0 54 29 0 51 24 53 34 24 71 75 25 20 20 10 10 30 35 45 55 16 9 9 5 
15276000 15276184 0 0 0 42 19 0 45 21 50 31 18 57 57 25 20 20 10 10 30 35 45 55 16 7 7 5 
15440500 15440747 0 0 0 38 19 0 38 18 42 23 19 57 59 25 20 20 10 10 30 35 45 55 16 7 7 5 
15465000 15465116 0 0 0 18 -5 0 14 -9 15 -4 23 66 63 25 20 20 10 10 30 35 45 55 16 9 8 5 
15502500 15502629 0 0 0 34 2 0 27 -2 30 11 30 68 72 25 20 20 10 10 30 35 45 55 16 7 6 5 
15524000 15524057 0 0 0 51 15 0 50 13 52 33 38 69 72 25 20 20 10 10 30 35 45 55 16 9 9 5 
15917000 15917142 0 0 0 23 -6 0 22 -8 25 6 29 59 59 25 20 20 10 10 30 35 45 55 16 7 7 5 
16393000 16393105 0 0 0 23 -14 0 18 -18 22 3 36 61 60 25 20 20 10 10 30 35 45 55 16 8 8 5 
16497500 16497681 0 0 0 19 -16 0 14 -18 18 -1 32 60 62 25 20 20 10 10 30 35 45 55 16 8 8 5 
16541500 16541668 0 0 0 33 -5 0 31 -6 35 16 37 59 60 25 20 20 10 10 30 35 45 55 16 6 7 5 
16575500 16575560 0 0 0 22 -14 0 21 -17 24 5 38 60 60 25 20 20 10 10 30 35 45 55 16 8 7 5 
16665000 16665012 0 0 0 20 -4 0 15 -7 18 -1 21 58 57 25 20 20 10 10 30 35 45 55 16 7 7 5 
16680500 16680590 0 -1 1 68 25 51 63 20 66 47 44 62 61 25 20 20 10 10 30 35 45 55 16 8 8 5 
16688000 16688083 0 2 1 117 71 101 116 70 121 102 46 67 64 25 20 20 10 10 30 35 45 55 16 8 7 5 
16692000 16692087 0 -3 1 54 24 38 50 22 54 35 28 78 83 25 20 20 10 10 30 35 45 55 16 7 10 5 
16697000 16697142 0 0 0 15 -7 0 12 -10 17 -2 23 58 55 25 20 20 10 10 30 35 45 55 16 6 7 5 
16727500 16727674 0 0 0 24 -5 0 21 -7 25 6 28 59 60 25 20 20 10 10 30 35 45 55 16 6 7 5 
16752500 16752583 0 0 0 26 -5 0 22 -9 28 9 32 60 58 25 20 20 10 10 30 35 45 55 16 8 7 5 
16791500 16791726 0 0 0 26 -1 0 23 -4 26 7 26 60 60 25 20 20 10 10 30 35 45 55 16 7 7 5 
16818500 16818532 0 0 0 24 -8 0 21 -9 25 6 31 61 60 25 20 20 10 10 30 35 45 55 16 7 8 5 
16845500 16845721 0 0 0 22 -8 0 19 -12 22 3 31 61 60 25 20 20 10 10 30 35 45 55 16 7 8 5 
16857500 16857697 0 0 0 32 12 0 27 7 33 14 19 68 61 25 20 20 10 10 30 35 45 55 16 9 7 5 
16950000 16950110 0 0 0 36 15 0 33 14 36 17 18 57 58 25 20 20 10 10 30 35 45 55 16 7 7 5 
17090500 17090722 0 0 0 36 20 0 36 20 39 20 16 57 56 25 20 20 10 10 30 35 45 55 16 7 7 5 
17188000 17188069 0 0 0 51 25 0 52 26 58 39 26 75 83 25 20 20 10 10 30 35 45 55 16 6 10 5 
17199000 17199035 0 0 0 6 -17 0 5 -14 10 -9 21 76 83 25 20 20 10 10 30 35 45 55 16 3 8 5 
17340500 17340504 0 0 0 13 -12 0 9 -15 15 -4 26 59 58 25 20 20 10 10 30 35 45 55 16 7 8 5 
17390000 17390174 0 0 0 29 -3 0 27 -5 34 15 31 57 57 25 20 20 10 10 30 35 45 55 16 7 7 5 
17453500 17453552 0 0 0 2 -29 0 -3 -33 2 -17 30 60 59 25 20 20 10 10 30 35 45 55 16 8 7 5 
17505000 17505124 0 0 0 16 -15 0 13 -17 15 -4 29 66 66 25 20 20 10 10 30 35 45 55 16 8 8 5 
17546500 17546719 0 0 0 48 9 0 45 8 49 30 39 70 64 25 20 20 10 10 30 35 45 55 16 9 7 5 
17569000 17569015 0 -1 1 98 58 54 98 60 98 79 38 76 79 25 20 20 10 10 30 35 45 55 16 8 4 5 
17576500 17576509 0 2 1 188 131 144 192 134 194 175 57 69 68 25 20 20 10 10 30 35 45 55 16 8 9 5 
17581500 17581512 0 -3 1 91 60 48 87 58 90 71 31 69 73 25 20 20 10 10 30 35 45 55 16 8 8 5 
17614000 17614003 0 0 0 38 -3 0 38 -2 39 20 40 66 65 25 20 20 10 10 30 35 45 55 16 8 8 5 
17685000 17685074 0 0 0 1 -16 0 -2 -15 -3 -22 12 71 71 25 20 20 10 10 30 35 45 55 16 9 9 5 
17771000 17771100 0 0 0 18 -5 0 17 -5 20 1 23 83 85 25 20 20 10 10 30 35 45 55 16 10 10 5 
17777000 17777004 0 -1 1 65 29 52 67 36 73 54 30 85 84 25 20 20 10 10 30 35 45 55 16 9 9 5 
17782000 17782065 0 2 1 133 102 123 131 101 138 119 30 87 86 25 20 20 10 10 30 35 45 55 16 9 10 5 
17793000 17793193 0 -3 1 47 27 45 48 24 54 35 24 73 71 25 20 20 10 10 30 35 45 55 16 9 5 5 
17797000 17797194 0 0 0 -1 -11 0 -10 -17 -6 -25 8 71 72 25 20 20 10 10 30 35 45 55 16 8 9 5 
17870000 17870062 0 0 0 -1 -28 0 -4 -31 1 -18 27 64 64 25 20 20 10 10 30 35 45 55 16 7 8 5 
17878000 17878116 0 -1 1 52 15 54 50 16 52 33 33 64 63 25 20 20 10 10 30 35 45 55 16 8 8 5 
17888500 17888598 0 2 1 203 158 205 202 157 207 188 45 75 74 25 20 20 10 10 30 35 45 55 16 9 10 5 
17901000 17901149 0 -3 1 41 24 43 32 15 34 15 16 67 70 25 20 20 10 10 30 35 45 55 16 8 7 5 
17914000 17914111 0 0 0 -3 -34 0 -6 -38 0 -19 34 63 64 25 20 20 10 10 30 35 45 55 16 8 8 5 
17971000 17971144 0 0 0 5 -37 0 2 -39 6 -13 36 62 63 25 20 20 10 10 30 35 45 55 16 8 8 5 
17981000 17981091 0 -1 1 53 9 50 49 5 53 34 39 69 66 25 20 20 10 10 30 35 45 55 16 8 9 5 
17994000 17994209 0 2 1 202 146 201 199 143 205 186 51 69 66 25 20 20 10 10 30 35 45 55 16 9 8 5 
18003000 18003001 0 -3 1 46 13 46 41 10 47 28 27 64 64 25 20 20 10 10 30 35 45 55 16 8 8 5 
18008000 18008001 0 0 0 -2 -28 0 -8 -33 -2 -21 20 63 63 25 20 20 10 10 30 35 45 55 16 8 8 5 
18065500 18065659 0 0 0 16 -32 0 13 -36 17 -2 45 65 63 25 20 20 10 10 30 35 45 55 16 8 8 5 
18079000 18079089 0 0 0 22 -4 0 20 -6 25 6 22 70 67 25 20 20 10 10 30 35 45 55 16 9 9 5 
18084500 18084554 0 -1 1 71 38 52 65 30 67 48 29 76 75 25 20 20 10 10 30 35 45 55 16 9 9 5 
18099500 18099693 0 2 1 205 160 195 201 156 211 192 43 74 77 25 20 20 10 10 30 35 45 55 16 9 9 5 
18107000 18107125 0 -3 1 52 32 46 39 20 45 26 15 81 82 25 20 20 10 10 30 35 45 55 16 7 11 5 
18111500 18111526 0 0 0 3 -15 0 2 -19 3 -16 15 69 67 25 20 20 10 10 30 35 45 55 16 8 9 5 
18155500 18155601 0 0 0 10 -17 0 6 -21 10 -9 22 72 72 25 20 20 10 10 30 35 45 55 16 9 9 5 
18173500 18173602 0 0 0 7 -24 0 1 -31 4 -15 27 75 78 25 20 20 10 10 30 35 45 55 16 10 5 5 
18181500 18181552 0 -1 1 56 14 51 60 18 64 45 36 69 68 25 20 20 10 10 30 35 45 55 16 8 9 5 
18192500 18192578 0 2 1 204 157 202 205 157 217 198 49 78 73 25 20 20 10 10 30 35 45 55 16 10 10 5 
18200500 18200548 0 -3 1 43 22 43 29 8 36 17 16 69 64 25 20 20 10 10 30 35 45 55 16 6 7 5 
18208000 18208165 0 0 0 -2 -26 0 -6 -30 -2 -21 20 73 76 25 20 20 10 10 30 35 45 55 16 8 8 5 
18255500 18255659 0 0 0 7 -26 0 3 -32 5 -14 36 85 90 25 20 20 10 10 30 35 45 55 16 9 11 5 
18265500 18265573 0 -1 1 57 20 50 55 13 63 44 41 84 90 25 20 20 10 10 30 35 45 55 16 11 9 5 
18280500 18280674 0 2 1 218 175 212 226 182 233 214 46 78 81 25 20 20 10 10 30 35 45 55 16 10 9 5 
18286500 18286547 0 -3 1 54 26 49 52 20 63 44 33 79 76 25 20 20 10 10 30 35 45 55 16 9 5 5 
18325500 18325611 0 0 0 3 -40 0 2 -39 4 -15 40 76 82 25 20 20 10 10 30 35 45 55 16 10 10 5 
18417500 18417828 0 0 0 -10 -16 0 -1 -23 13 -6 23 90 92 25 20 20 10 10 30 35 45 55 16 5 3 5 
18426000 18426141 0 -1 1 43 10 51 42 10 41 22 31 78 78 25 20 20 10 10 30 35 45 55 16 10 10 5 
18439500 18439503 0 2 1 216 181 221 215 181 228 209 33 79 77 25 20 20 10 10 30 35 45 55 16 10 10 5 
18452000 18452190 0 -3 1 37 22 39 27 16 30 11 9 74 74 25 20 20 10 10 30 35 45 55 16 9 9 5 
18456500 18456518 0 0 0 -1 -29 0 -12 -43 -10 -29 32 69 70 25 20 20 10 10 30 35 45 55 16 8 6 5 
18490500 18490541 0 0 0 -1 -37 0 0 -35 0 -19 34 80 74 25 20 20 10 10 30 35 45 55 16 10 9 5 
18557500 18557554 0 0 0 -1 -32 0 -9 -41 1 -18 33 91 89 25 20 20 10 10 30 35 45 55 16 10 4 5 
18587500 18587820 0 0 0 9 -9 0 5 -14 3 -16 20 82 83 25 20 20 10 10 30 35 45 55 16 8 3 5 
18666000 18666060 0 0 0 -14 -39 0 -15 -43 -6 -25 29 80 84 25 20 20 10 10 30 35 45 55 16 10 10 5 
18723500 18723556 0 0 0 13 -13 0 14 -13 14 -5 25 68 68 25 20 20 10 10 30 35 45 55 16 9 9 5 
18799000 18799149 0 0 0 2 -30 0 -3 -36 0 -19 34 69 71 25 20 20 10 10 30 35 45 55 16 9 9 5 
18837500 18837589 0 0 0 18 -10 0 17 -13 22 3 30 71 67 25 20 20 10 10 30 35 45 55 16 9 8 5 
18849000 18849064 0 0 0 -12 -38 0 -12 -40 1 -18 29 87 84 25 20 20 10 10 30 35 45 55 16 9 11 5 
18963000 18963063 0 0 0 -1 -17 0 -2 -19 6 -13 16 79 77 25 20 20 10 10 30 35 45 55 16 10 10 5 
92000 92112 1 0 -1 0 0 0 0 0 0 -149 0 72 75 25 20 18 10 10 30 35 45 55 16 9 9 5 
181000 181015 1 0 0 4 -50 0 0 -53 0 -147 52 68 67 25 20 18 10 10 30 35 45 55 16 9 9 5 
192000 192194 1 0 0 20 -31 0 18 -34 22 -125 53 72 74 25 20 18 10 10 30 35 45 55 16 9 9 5 
196000 196259 1 13 0 58 4 -5 56 7 60 -87 50 77 71 25 20 18 10 10 30 35 45 55 16 8 6 5 
199500 199647 1 0 0 100 27 0 103 25 104 -43 78 82 85 25 20 18 10 10 30 35 45 55 16 9 11 5 
222000 222127 1 0 0 136 58 0 137 61 138 -9 76 78 83 25 20 18 10 10 30 35 45 55 16 10 10 5 
409000 409115 1 0 0 118 26 0 121 23 123 -24 98 90 88 25 20 18 10 10 30 35 45 55 16 12 11 5 
418500 418637 1 13 0 77 17 -9 76 19 78 -69 57 89 93 25 20 18 10 10 30 35 45 55 16 10 11 5 
424500 424581 1 0 0 65 3 0 66 10 66 -81 54 87 90 25 20 18 10 10 30 35 45 55 16 7 9 5 
511500 511587 1 0 0 50 -20 0 55 -19 55 -92 72 85 93 25 20 18 10 10 30 35 45 55 16 8 4 5 
519500 519642 1 13 0 88 47 7 84 45 86 -61 40 92 93 25 20 18 10 10 30 35 45 55 16 12 12 5 
527000 527104 1 0 0 108 72 0 104 69 104 -43 35 95 94 25 20 18 10 10 30 35 45 55 16 12 12 5 
1295500 1295821 1 0 0 92 17 0 88 12 89 -58 76 83 74 25 20 18 10 10 30 35 45 55 16 9 11 5 
1312500 1312540 1 0 0 146 75 0 145 73 147 0 72 97 97 25 20 18 10 10 30 35 45 55 16 11 12 5 
1323000 1323208 1 0 0 141 54 0 143 58 146 -1 86 87 92 25 20 18 10 10 30 35 45 55 16 10 11 5 
1327500 1327598 1 13 0 94 -11 8 86 -19 88 -59 105 79 78 25 20 18 10 10 30 35 45 55 16 8 9 5 
1330500 1330684 1 0 0 50 -34 0 41 -43 42 -105 84 75 75 25 20 18 10 10 30 35 45 55 16 9 10 5 
1337000 1337127 1 0 0 55 -12 0 46 -16 48 -99 62 77 78 25 20 18 10 10 30 35 45 55 16 8 9 5 
1342000 1342032 1 13 0 21 -44 -9 21 -43 23 -124 63 77 77 25 20 18 10 10 30 35 45 55 16 9 9 5 
1349500 1349694 1 0 0 -6 -65 0 -6 -64 -5 -152 58 74 75 25 20 18 10 10 30 35 45 55 16 9 9 5 
1368000 1368000 1 0 0 -6 -60 0 -6 -61 -4 -151 55 74 71 25 20 18 10 10 30 35 45 55 16 10 9 5 
1371500 1371621 1 13 0 40 -14 -9 42 -12 44 -103 55 79 80 25 20 18 10 10 30 35 45 55 16 8 9 5 
1374500 1374584 1 0 0 96 8 0 97 6 98 -49 92 83 84 25 20 18 10 10 30 35 45 55 16 10 11 5 
1391500 1391611 1 0 0 144 39 0 143 35 144 -3 109 81 87 25 20 18 10 10 30 35 45 55 16 10 10 5 
1498500 1498623 1 0 0 134 28 0 134 29 136 -11 106 85 85 25 20 18 10 9 29 35 45 55 16 11 11 5 
1503500 1503540 1 13 0 88 38 5 82 40 82 -65 41 86 92 25 20 18 10 9 29 35 45 55 16 9 10 5 
1507500 1507579 1 0 0 42 -15 0 39 -17 40 -107 55 75 75 25 20 18 10 9 29 35 45 55 16 8 9 5 
1760500 1760512 1 0 0 120 14 0 120 13 124 -23 108 82 83 25 20 18 10 9 29 35 45 55 16 10 10 5 
1764000 1764173 1 13 0 88 -6 6 85 -12 88 -59 98 82 85 25 20 18 10 9 29 35 45 55 16 10 11 5 
1769000 1769097 1 0 0 28 -42 0 20 -49 20 -127 68 75 77 25 20 18 10 9 29 35 45 55 16 5 7 5 
1929500 1929602 1 0 0 21 -42 0 14 -48 17 -130 64 73 72 25 20 18 10 9 29 35 45 55 16 9 9 5 
2090000 2090080 1 0 0 34 -33 0 45 -27 45 -102 71 74 71 25 20 18 10 9 29 35 45 55 16 10 9 5 
2098000 2098080 1 0 0 57 0 0 57 2 58 -89 55 77 75 25 20 18 10 9 29 35 45 55 16 10 2 5 
2114000 2114057 1 13 0 94 47 -2 94 45 96 -51 49 90 93 25 20 18 10 9 29 35 45 55 16 10 9 5 
2119500 2119524 1 0 0 109 56 0 106 54 109 -38 53 89 93 25 20 18 10 9 29 35 45 55 16 8 11 5 
2228500 2228673 1 0 0 107 16 0 106 16 108 -39 90 79 77 25 20 18 10 9 29 35 45 55 16 9 10 5 
2487000 2487168 1 0 0 96 -2 0 98 -3 98 -49 99 81 84 25 20 18 10 9 29 35 45 55 16 10 9 5 
2715000 2715004 1 0 0 113 3 0 109 -6 111 -36 116 84 84 25 20 18 10 9 29 35 45 55 16 11 11 5 
2723500 2723652 1 0 0 81 -3 0 80 -10 81 -66 92 87 88 25 20 18 10 9 29 35 45 55 16 11 7 5 
2726500 2726502 1 13 0 47 -7 -5 43 -8 44 -103 50 83 90 25 20 18 10 9 29 35 45 55 16 8 8 5 
2733000 2733006 1 0 0 -12 -81 0 -19 -90 -18 -165 70 72 72 25 20 18 10 9 29 35 45 55 16 9 9 5 
3018000 3018005 1 0 0 2 -56 0 4 -51 5 -142 54 72 68 25 20 18 10 9 29 35 45 55 16 10 9 5 
3023500 3023658 1 13 0 75 -6 13 77 -5 79 -68 83 79 82 25 20 18 10 9 29 35 45 55 16 7 11 5 
3025500 3025632 1 0 0 83 -7 0 88 -9 90 -57 96 82 80 25 20 18 10 9 29 35 45 55 16 11 10 5 
3034000 3034124 1 0 0 95 28 0 92 25 92 -55 66 78 77 25 20 18 10 9 29 35 45 55 16 10 10 5 
3214000 3214000 1 0 0 77 -9 0 73 -12 75 -72 84 77 74 25 20 18 10 9 29 35 45 55 16 10 10 5 
3218000 3218122 1 13 0 11 -65 -8 -2 -77 -1 -148 75 77 87 25 20 18 10 9 29 35 45 55 16 7 9 5 
3223000 3223133 1 0 0 -55 -112 0 -58 -113 -58 -205 54 67 67 25 20 18 10 9 29 35 45 55 16 8 8 5 
3232000 3232110 1 0 0 4 -63 0 4 -63 5 -142 66 73 68 25 20 18 10 9 29 35 45 55 16 9 7 5 
3324500 3324650 1 0 0 -35 -78 0 -40 -80 -39 -186 40 67 67 25 20 18 10 9 29 35 45 55 16 8 8 5 
3333000 3333404 1 13 0 9 -45 -34 -10 -63 -8 -155 53 76 70 25 20 18 10 9 29 35 45 55 16 6 1 5 
3336000 3336580 1 0 0 71 7 0 73 17 74 -73 54 80 84 25 20 18 10 9 29 35 45 55 16 2 7 5 
3542500 3542678 1 0 0 70 -3 0 67 -7 69 -78 74 74 72 25 20 18 10 9 29 35 45 55 16 9 9 5 
3660000 3660181 1 0 0 54 -21 0 50 -24 52 -95 75 70 72 25 20 18 10 9 29 35 45 55 16 9 9 5 
3664500 3664679 1 13 0 72 5 51 73 5 76 -71 70 76 78 25 20 18 10 9 29 35 45 55 16 6 8 5 
3671500 3671536 1 0 0 -30 -84 0 -31 -85 -29 -176 54 67 68 25 20 18 10 9 29 35 45 55 16 8 8 5 
3724500 3724806 1 0 0 -14 -53 0 -18 -57 -17 -164 39 65 60 25 20 18 10 9 29 35 45 55 16 5 8 5 
3870000 3870186 1 0 0 -11 -47 0 -12 -51 -10 -157 39 65 66 25 20 18 10 9 29 35 45 55 16 8 8 5 
4083500 4083701 1 0 0 -14 -57 0 -15 -59 -15 -162 44 69 69 25 20 18 10 9 29 35 45 55 16 9 9 5 
4093500 4093706 1 0 0 1 -52 0 5 -50 5 -142 55 71 70 25 20 18 10 9 29 35 45 55 16 9 9 5 
4101000 4101098 1 -1 1 60 -10 58 59 -14 61 -86 72 80 83 25 20 18 10 9 29 35 45 55 16 5 11 5 
4130500 4130629 1 2 1 126 25 123 124 21 126 -21 103 83 74 25 20 18 10 9 29 35 45 55 16 8 9 5 
4136500 4136524 1 -3 1 51 -33 47 44 -42 45 -102 85 79 76 25 20 18 10 9 29 35 45 55 16 10 9 5 
4146000 4146040 1 0 0 5 -70 0 0 -76 1 -146 75 70 70 25 20 18 10 9 29 35 45 55 16 8 9 5 
4220500 4220623 1 0 0 -25 -86 0 -24 -87 -24 -171 63 73 70 25 20 18 10 9 29 35 45 55 16 9 3 5 
4223500 4223580 1 13 0 23 -45 14 28 -38 30 -117 67 75 80 25 20 18 10 9 29 35 45 55 16 2 3 5 
4226500 4226966 1 0 0 43 -17 0 37 -19 39 -108 57 76 72 25 20 18 10 9 29 35 45 55 16 2 4 5 
4271500 4271687 1 0 0 24 -44 0 22 -45 23 -124 66 68 65 25 20 18 10 9 29 35 45 55 16 8 8 5 
4275500 4276219 1 13 0 -17 -78 2 -40 -96 -39 -186 55 71 77 25 20 18 10 9 29 35 45 55 16 4 8 5 
4279000 4279187 1 0 0 -56 -111 0 -63 -118 -62 -209 55 69 67 25 20 18 10 9 29 35 45 55 16 8 8 5 
4317500 4317511 1 0 0 -45 -87 0 -50 -89 -49 -196 38 69 69 25 20 18 10 9 29 35 45 55 16 6 9 5 
4327000 4327136 1 0 0 3 -56 0 6 -56 8 -139 64 75 75 25 20 18 10 9 29 35 45 55 16 4 8 5 
4339000 4339188 1 0 0 26 -55 0 20 -60 20 -127 79 69 69 25 20 18 10 9 29 35 45 55 16 9 9 5 
4454500 4454511 1 -1 1 58 -30 55 58 -30 58 -89 86 79 82 25 20 18 10 9 29 35 45 55 16 9 10 5 
4475500 4475588 1 2 1 86 -3 87 87 -4 88 -59 91 80 79 25 20 18 10 9 29 35 45 55 16 10 10 5 
4482500 4482609 1 -3 1 46 -37 48 40 -42 43 -104 82 74 73 25 20 18 10 9 29 35 45 55 16 10 9 5 
4508500 4508514 1 0 0 -8 -77 0 -11 -78 -9 -156 67 69 68 25 20 18 10 9 29 35 45 55 16 8 9 5 
4626500 4626882 1 0 0 17 -70 0 14 -75 15 -132 90 72 74 25 20 18 10 9 29 35 45 55 16 8 9 5 
4635500 4635593 1 0 0 -28 -100 0 -37 -111 -36 -183 73 73 73 25 20 18 10 9 29 35 45 55 16 9 4 5 
4639500 4639510 1 13 0 37 -32 9 54 -14 56 -91 69 78 76 25 20 18 10 9 29 35 45 55 16 2 1 5 
4646500 4646694 1 0 0 125 53 0 139 54 141 -6 85 89 94 25 20 18 10 9 29 35 45 55 16 1 4 5 
4649500 4649841 1 13 0 85 26 13 71 17 73 -74 53 85 91 25 20 18 10 9 29 35 45 55 16 3 4 5 
4654000 4654144 1 0 0 -8 -68 0 -2 -63 -3 -150 60 77 71 25 20 18 10 9 29 35 45 55 16 6 9 5 
4657000 4657225 1 13 0 67 -16 12 89 1 89 -58 87 79 85 25 20 18 10 9 29 35 45 55 16 5 9 5 
4659000 4659094 1 0 0 97 3 0 100 7 102 -45 93 80 81 25 20 18 10 9 29 35 45 55 16 9 9 5 
4832000 4832155 1 0 0 86 9 0 90 11 91 -56 79 73 74 25 20 18 10 9 29 35 45 55 16 9 9 5 
4947000 4947167 1 0 0 102 10 0 95 9 95 -52 85 81 79 25 20 18 10 9 29 35 45 55 16 10 10 5 
4955000 4955079 1 0 0 106 25 0 109 27 109 -38 82 80 82 25 20 18 10 9 29 35 45 55 16 10 8 5 
4957000 4957115 1 13 0 86 1 5 90 2 90 -57 86 79 83 25 20 18 10 9 29 35 45 55 16 8 10 5 
4966500 4966553 1 0 0 -40 -86 0 -46 -89 -46 -193 43 65 64 25 20 18 10 9 29 35 45 55 16 8 8 5 
5004500 5004527 1 0 0 5 -59 0 3 -60 5 -142 66 72 73 25 20 18 10 9 29 35 45 55 16 9 9 5 
5043000 5043010 1 0 0 -25 -72 0 -26 -71 -26 -173 45 67 67 25 20 18 10 9 29 35 45 55 16 8 7 5 
5048000 5048082 1 13 0 41 -31 -2 36 -38 38 -109 74 74 71 25 20 18 10 9 29 35 45 55 16 7 9 5 
5053500 5053549 1 0 0 119 19 0 124 17 124 -23 106 81 83 25 20 18 10 9 29 35 45 55 16 9 8 5 
5097500 5097678 1 0 0 129 34 0 130 33 132 -15 98 80 81 25 20 18 10 9 29 35 45 55 16 9 10 5 
5113000 5113142 1 0 0 58 -26 0 59 -27 62 -85 87 73 72 25 20 18 10 9 29 35 45 55 16 9 9 5 
5167000 5167141 1 0 0 33 -45 0 33 -46 34 -113 80 71 69 25 20 18 10 9 29 35 45 55 16 9 9 5 
5187000 5187094 1 0 0 81 -2 0 84 -1 86 -61 86 79 78 25 20 18 10 9 29 35 45 55 16 11 10 5 
5248000 5248056 1 0 0 52 -34 0 49 -36 51 -96 85 74 72 25 20 18 10 9 29 35 45 55 16 9 9 5 
5289000 5289066 1 0 0 86 -17 0 83 -19 84 -63 102 84 83 25 20 18 10 9 29 35 45 55 16 11 10 5 
5302000 5302061 1 0 0 48 -38 0 46 -37 48 -99 81 73 73 25 20 18 10 9 29 35 45 55 16 9 9 5 
5439500 5439651 1 0 0 42 -33 0 43 -33 45 -102 77 71 72 25 20 18 10 9 29 35 45 55 16 9 9 5 
5469000 5469167 1 0 0 75 8 0 77 10 79 -68 68 77 79 25 20 18 10 9 29 35 45 55 16 10 10 5 
5484500 5484601 1 0 0 2 -78 0 -1 -80 0 -147 80 69 67 25 20 18 10 9 29 35 45 55 16 9 9 5 
5569000 5569008 1 0 0 89 6 0 86 2 88 -59 84 76 69 25 20 18 10 9 29 35 45 55 16 9 9 5 
5705500 5705544 1 0 0 34 -35 0 32 -37 35 -112 69 72 76 25 20 18 10 9 29 35 45 55 16 9 9 5 
5962500 5962604 1 0 0 64 -14 0 65 -13 68 -79 78 74 72 25 20 18 10 9 29 35 45 55 16 10 9 5 
6194500 6194661 1 0 0 115 39 0 113 36 115 -32 79 77 79 25 20 18 10 9 29 35 45 55 16 10 10 5 
6413500 6413642 1 0 0 97 17 0 96 16 97 -50 81 76 75 25 20 18 10 9 29 35 45 55 16 10 10 5 
6570000 6570080 1 0 0 118 -27 0 117 -32 119 -28 150 82 83 25 20 18 10 9 29 35 45 55 16 11 9 5 
6574000 6574107 1 13 0 88 -25 -2 87 -24 87 -60 111 80 80 25 20 18 10 9 29 35 45 55 16 8 10 5 
6578000 6578168 1 0 0 62 -20 0 55 -26 57 -90 81 75 77 25 20 18 10 9 29 35 45 55 16 10 9 5 
6638000 6638138 1 0 0 47 -29 0 49 -29 49 -98 76 74 75 25 20 18 10 10 30 35 45 55 16 9 9 5 
6670000 6670052 1 0 0 106 7 0 110 8 111 -36 102 80 80 25 20 18 10 10 30 35 45 55 16 10 10 5 
6705000 6705257 1 0 0 89 -8 0 89 -13 91 -56 102 78 74 25 20 18 10 10 30 35 45 55 16 6 10 5 
6722500 6722515 1 0 0 96 -11 0 101 -8 101 -46 109 80 82 25 20 18 10 10 30 35 45 55 16 9 10 5 
6736500 6736581 1 -1 1 147 36 60 149 38 151 4 111 81 81 25 20 18 10 10 30 35 45 55 16 9 10 5 
6744500 6744587 1 2 1 326 235 243 331 236 332 185 93 85 84 25 20 18 10 10 30 35 45 55 16 11 10 5 
6759500 6759683 1 -3 1 24 -69 -48 16 -74 16 -131 89 79 81 25 20 18 10 10 30 35 45 55 16 8 10 5 
6762500 6762541 1 0 0 71 -50 0 76 -48 75 -72 123 81 79 25 20 18 10 10 30 35 45 55 16 10 10 5 
6788000 6788099 1 0 0 28 -72 0 28 -73 31 -116 101 78 77 25 20 18 10 9 29 35 45 55 16 9 10 5 
6797500 6797551 1 -1 1 94 15 65 96 17 97 -50 80 78 77 25 20 18 10 9 29 35 45 55 16 10 10 5 
6803500 6803531 1 2 1 270 189 240 280 197 281 134 83 76 76 25 20 18 10 9 29 35 45 55 16 10 9 5 
6820000 6820186 1 -3 1 -16 -104 -48 -17 -108 -14 -161 93 79 79 25 20 18 10 9 29 35 45 55 16 9 10 5 
6824500 6824566 1 0 0 33 -86 0 32 -94 33 -114 126 82 82 25 20 18 10 10 30 35 45 55 16 8 9 5 
6842500 6842558 1 0 0 45 -76 0 35 -86 37 -110 120 80 81 25 20 18 10 10 30 35 45 55 16 8 9 5 
6847000 6847115 1 -1 1 -8 -107 -52 -8 -107 -7 -154 97 82 87 25 20 18 10 10 30 35 45 55 16 10 11 5 
6863000 6863070 1 2 1 340 242 297 352 241 353 206 112 86 91 25 20 18 10 10 30 35 45 55 16 5 11 5 
6878000 6878196 1 -3 1 -8 -104 -49 -3 -101 -2 -149 98 72 70 25 20 18 10 10 30 35 45 55 16 9 9 5 
6882000 6882072 1 0 0 41 -73 0 46 -71 47 -100 117 75 74 25 20 18 10 10 30 35 45 55 16 9 10 5 
6941000 6941051 1 0 0 36 -45 0 33 -46 33 -114 79 85 79 25 20 18 10 9 29 35 45 55 16 11 7 5 
6952000 6952047 1 -1 1 96 36 58 93 34 95 -52 60 87 86 25 20 18 10 9 29 35 45 55 16 9 10 5 
6957500 6957657 1 2 1 259 207 219 260 211 261 114 48 89 89 25 20 18 10 9 29 35 45 55 16 12 11 5 
6974000 6974058 1 -3 1 -4 -87 -48 -9 -90 -8 -155 81 79 78 25 20 18 10 9 29 35 45 55 16 10 10 5 
6978000 6978132 1 0 0 44 -79 0 44 -83 45 -102 127 82 82 25 20 18 10 9 29 35 45 55 16 9 10 5 
7087000 7087023 1 0 0 39 -30 0 36 -33 38 -109 70 75 82 25 20 18 10 9 29 35 45 55 16 9 10 5 
7126500 7126590 1 0 0 -4 -84 0 -3 -81 -3 -150 77 72 67 25 20 18 10 9 29 35 45 55 16 9 8 5 
7225000 7225141 1 0 0 2 -62 0 -1 -62 2 -145 63 71 73 25 20 18 10 9 29 35 45 55 16 9 9 5 
7283500 7283581 1 0 0 78 0 0 75 -3 76 -71 78 74 73 25 20 18 10 9 29 35 45 55 16 9 9 5 
7599500 7599554 1 0 0 80 11 0 76 7 77 -70 69 71 69 25 20 18 10 9 29 35 45 55 16 9 9 5 
8059500 8059536 1 0 0 91 24 0 90 22 91 -56 66 74 76 25 20 18 10 9 29 35 45 55 16 8 10 5 
8087000 8087256 1 0 0 127 34 0 121 37 124 -23 84 82 80 25 20 18 10 9 29 35 45 55 16 8 6 5 
8480500 8480571 1 0 0 85 -3 0 83 -8 84 -63 91 73 77 25 20 18 10 9 29 35 45 55 16 8 8 5 
8484000 8484731 1 13 0 41 -37 13 24 -44 25 -122 68 73 76 25 20 18 10 9 29 35 45 55 16 2 6 5 
8487000 8487011 1 0 0 -21 -91 0 -28 -99 -26 -173 73 70 70 25 20 18 10 9 29 35 45 55 16 6 3 5 
8564000 8564021 1 0 0 -3 -38 0 -5 -40 -4 -151 35 64 64 25 20 18 10 9 29 35 45 55 16 8 8 5 
8605000 8605163 1 0 0 5 -40 0 5 -42 6 -141 46 68 67 25 20 18 10 9 29 35 45 55 16 9 9 5 
8614000 8614124 1 -1 1 58 0 54 53 -6 53 -94 58 72 72 25 20 18 10 9 29 35 45 55 16 6 7 5 
8622000 8622149 1 2 1 106 41 103 109 43 110 -37 65 77 76 25 20 18 10 9 29 35 45 55 16 10 10 5 
8627000 8627025 1 -3 1 49 -13 46 32 -26 33 -114 57 74 72 25 20 18 10 9 29 35 45 55 16 5 8 5 
8658000 8658164 1 -1 1 53 -11 53 51 -15 53 -94 68 71 74 25 20 18 10 9 29 35 45 55 16 9 9 5 
8666500 8666676 1 2 1 109 35 109 107 34 109 -38 74 73 76 25 20 18 10 9 29 35 45 55 16 9 9 5 
8673500 8673567 1 -3 1 42 -30 43 44 -27 45 -102 71 73 73 25 20 18 10 9 29 35 45 55 16 10 9 5 
8722000 8722174 1 0 0 -5 -50 0 -8 -55 -7 -154 48 67 66 25 20 18 10 9 29 35 45 55 16 8 9 5 
8848000 8848154 1 0 0 8 -34 0 6 -36 7 -140 43 67 65 25 20 18 10 9 29 35 45 55 16 8 8 5 
8893000 8893143 1 0 0 14 -22 0 11 -23 13 -134 35 65 68 25 20 18 10 9 29 35 45 55 16 8 8 5 
9008000 9008143 1 0 0 28 -8 0 28 -9 32 -115 38 66 67 25 20 18 10 9 29 35 45 55 16 8 8 5 
9051000 9051025 1 0 0 40 -15 0 35 -19 36 -111 54 67 69 25 20 18 10 9 29 35 45 55 16 8 8 5 
9108000 9108054 1 0 0 57 6 0 54 3 55 -92 52 71 70 25 20 18 10 9 29 35 45 55 16 9 9 5 
9368000 9368042 1 0 0 64 16 0 65 15 67 -80 51 63 63 25 20 18 10 9 29 35 45 55 16 8 8 5 
9617000 9617125 1 0 0 110 51 0 107 48 106 -41 57 74 79 25 20 18 10 9 29 35 45 55 16 10 9 5 
9622500 9622600 1 13 0 76 21 1 59 8 62 -85 52 72 75 25 20 18 10 9 29 35 45 55 16 8 9 5 
9627000 9627199 1 0 0 45 -11 0 45 -12 47 -100 58 67 67 25 20 18 10 9 29 35 45 55 16 8 9 5 
9835500 9835580 1 0 0 14 -3 0 11 -8 13 -134 20 63 63 25 20 18 10 9 29 35 45 55 16 7 8 5 
10359500 10359603 1 0 0 15 -11 0 9 -17 10 -137 25 65 65 25 20 18 10 9 29 35 45 55 16 8 7 5 
10620000 10620014 1 0 0 5 -13 0 4 -15 5 -142 20 63 64 25 20 18 10 9 29 35 45 55 16 7 7 5 
10669500 10669607 1 0 0 16 -28 0 13 -30 15 -132 43 67 68 25 20 18 10 9 29 35 45 55 16 8 8 5 
10673500 10673701 1 13 0 -34 -78 2 -40 -83 -39 -186 42 66 66 25 20 18 10 9 29 35 45 55 16 8 8 5 
10678000 10678144 1 0 0 -96 -152 0 -97 -155 -95 -242 58 69 69 25 20 18 10 9 29 35 45 55 16 8 9 5 
10687000 10687194 1 13 0 -41 -68 5 -43 -66 -42 -189 23 70 71 25 20 18 10 9 29 35 45 55 16 9 9 5 
10699000 10699185 1 0 0 20 -4 0 19 -7 20 -127 27 63 64 25 20 18 10 9 29 35 45 55 16 8 7 5 
10747500 10747548 1 0 0 9 0 0 6 -3 8 -139 9 62 61 25 20 18 10 9 29 35 45 55 16 7 8 5 
10824000 10824186 1 0 0 5 -10 0 2 -12 3 -144 14 64 64 25 20 18 10 9 29 35 45 55 16 8 7 5 
10894000 10894090 1 0 0 4 -12 0 -2 -16 -1 -148 15 64 62 25 20 18 10 9 29 35 45 55 16 8 8 5 
10940000 10940053 1 0 0 -4 -22 0 -10 -28 -9 -156 17 64 63 25 20 18 10 9 29 35 45 55 16 8 8 5 
10948500 10948639 1 -1 1 53 38 57 54 38 55 -92 17 64 62 25 20 18 10 9 29 35 45 55 16 8 8 5 
10954500 10954685 1 2 1 384 290 388 388 298 390 243 91 77 75 25 20 18 10 9 29 35 45 55 16 9 9 5 
10964500 10964580 1 -3 1 29 25 33 11 12 12 -135 -3 65 64 25 20 18 10 9 29 35 45 55 16 6 6 5 
10981000 10981176 1 0 0 -4 -26 0 -2 -25 0 -147 24 62 61 25 20 18 10 9 29 35 45 55 16 8 8 5 
11012500 11012675 1 0 0 2 -19 0 -2 -23 0 -147 22 64 65 25 20 18 10 9 29 35 45 55 16 8 8 5 
11030000 11030763 1 -1 1 58 -11 56 77 -12 79 -68 90 67 70 25 20 18 10 9 29 35 45 55 16 5 7 5 
11035500 11035504 1 2 1 318 196 315 329 205 331 184 124 70 74 25 20 18 10 9 29 35 45 55 16 9 9 5 
11046500 11046514 1 -3 1 -46 -54 -49 -50 -57 -49 -196 7 66 62 25 20 18 10 9 29 35 45 55 16 8 8 5 
11070500 11070553 1 0 0 3 -13 0 3 -14 5 -142 16 63 64 25 20 18 10 9 29 35 45 55 16 8 8 5 
11101000 11101001 1 0 0 -1 -43 0 -6 -48 -4 -151 42 66 67 25 20 18 10 9 29 35 45 55 16 9 8 5 
11107000 11107201 1 -1 1 60 -16 61 56 -25 56 -91 81 68 68 25 20 18 10 9 29 35 45 55 16 9 9 5 
11113000 11113068 1 2 1 322 199 323 333 204 335 188 130 69 68 25 20 18 10 9 29 35 45 55 16 9 9 5 
11120000 11120028 1 -3 1 32 23 33 22 15 23 -124 6 67 69 25 20 18 10 9 29 35 45 55 16 8 8 5 
11176500 11176544 1 -1 1 56 -8 60 42 -16 44 -103 58 70 73 25 20 18 10 9 29 35 45 55 16 9 9 5 
11185000 11185114 1 2 1 408 316 412 410 322 412 265 88 76 73 25 20 18 10 9 29 35 45 55 16 9 10 5 
11201000 11201084 1 -3 1 -54 -86 -49 -52 -84 -51 -198 31 69 64 25 20 18 10 9 29 35 45 55 16 8 7 5 
11214000 11214136 1 0 0 -5 -64 0 -8 -67 -6 -153 59 71 70 25 20 18 10 9 29 35 45 55 16 9 9 5 
11227500 11227653 1 0 0 -44 -95 0 -52 -105 -50 -197 54 70 69 25 20 18 10 9 29 35 45 55 16 9 9 5 
11233500 11233678 1 -1 1 35 -23 79 -8 -56 -7 -154 49 74 76 25 20 18 10 9 29 35 45 55 16 9 2 5 
11239000 11239181 1 2 1 532 384 574 539 388 539 392 151 80 76 25 20 18 10 9 29 35 45 55 16 10 10 5 
11269000 11269199 1 -3 1 -85 -149 -49 -72 -134 -70 -217 63 72 74 25 20 18 10 9 29 35 45 55 16 6 9 5 
11278000 11278001 1 0 0 -35 -91 0 -31 -89 -30 -177 58 69 68 25 20 18 10 9 29 35 45 55 16 9 9 5 
11285000 11285065 1 0 0 -25 -78 0 -32 -86 -29 -176 54 71 70 25 20 18 10 9 29 35 45 55 16 9 9 5 
11292000 11292190 1 0 0 23 -31 0 21 -37 21 -126 57 78 82 25 20 18 10 9 29 35 45 55 16 10 7 5 
11297000 11297080 1 0 0 52 -1 0 54 0 54 -93 53 79 78 25 20 18 10 9 29 35 45 55 16 10 10 5 
11312000 11312196 1 0 0 31 -23 0 29 -27 32 -115 58 81 87 25 20 18 10 9 29 35 45 55 16 7 11 5 
11320000 11320120 1 -1 1 97 22 65 94 19 96 -51 74 85 83 25 20 18 10 9 29 35 45 55 16 11 11 5 
11325000 11325039 1 2 1 299 192 267 311 203 313 166 108 81 80 25 20 18 10 9 29 35 45 55 16 10 10 5 
11342000 11342144 1 -3 1 -13 -92 -48 -15 -95 -13 -160 80 74 68 25 20 18 10 9 29 35 45 55 16 7 9 5 
11389000 11389055 1 0 0 43 -7 0 42 -9 43 -104 51 75 79 25 20 18 10 9 29 35 45 55 16 7 10 5 
11429500 11429646 1 -1 1 83 11 51 81 11 83 -64 71 77 75 25 20 18 10 9 29 35 45 55 16 10 10 5 
11441500 11441587 1 2 1 532 395 504 534 393 536 389 142 78 74 25 20 18 10 9 29 35 45 55 16 9 9 5 
11460000 11460147 1 -3 1 -19 -81 -42 -16 -81 -14 -161 65 68 69 25 20 18 10 9 29 35 45 55 16 9 9 5 
11495500 11495654 1 0 0 14 -79 0 12 -82 14 -133 95 68 68 25 20 18 10 9 29 35 45 55 16 9 9 5 
11513500 11513699 1 0 0 18 -53 0 19 -53 20 -127 73 66 64 25 20 18 10 9 29 35 45 55 16 8 8 5 
11530000 11530059 1 0 0 88 40 0 87 40 89 -58 48 67 68 25 20 18 10 9 29 35 45 55 16 6 8 5 
11535500 11535507 1 0 0 77 35 0 75 34 77 -70 41 67 66 25 20 18 10 9 29 35 45 55 16 8 9 5 
11589000 11589071 1 0 0 87 28 0 85 26 88 -59 60 64 64 25 20 18 10 9 29 35 45 55 16 8 8 5 
11597000 11597731 1 0 0 123 50 0 124 44 126 -21 82 74 75 25 20 18 10 9 29 35 45 55 16 5 7 5 
11599500 11599628 1 13 0 69 -4 1 60 -11 61 -86 71 77 83 25 20 18 10 9 29 35 45 55 16 7 7 5 
11602500 11602617 1 0 0 2 -36 0 -15 -42 -15 -162 26 73 67 25 20 18 10 9 29 35 45 55 16 6 8 5 
11607500 11607531 1 0 0 7 -26 0 5 -28 8 -139 34 76 77 25 20 18 10 9 29 35 45 55 16 9 9 5 
11609500 11609543 1 13 0 49 1 -6 43 -2 44 -103 45 77 75 25 20 18 10 9 29 35 45 55 16 9 4 5 
11612000 11612011 1 0 0 114 38 0 124 43 125 -22 82 75 81 25 20 18 10 9 29 35 45 55 16 6 9 5 
11753500 11753710 1 0 0 93 28 0 93 25 95 -52 69 65 66 25 20 18 10 10 30 35 45 55 16 7 8 5 
12396000 12396109 1 0 0 91 26 0 90 24 94 -53 67 61 61 25 20 18 10 10 30 35 45 55 16 6 8 5 
12411500 12411516 1 0 0 124 40 0 129 40 130 -17 88 73 73 25 20 18 10 10 30 35 45 55 16 9 5 5 
12414000 12414180 1 13 0 110 24 17 86 6 87 -60 81 79 81 25 20 18 10 10 30 35 45 55 16 3 10 5 
12420000 12420191 1 0 0 20 -22 0 8 -31 11 -136 39 66 63 25 20 18 10 10 30 35 45 55 16 4 8 5 
12500500 12500616 1 0 0 7 -31 0 5 -34 7 -140 37 63 65 25 20 18 10 10 30 35 45 55 16 8 7 5 
12518500 12518651 1 0 0 10 -79 0 13 -79 15 -132 93 53 53 25 20 18 10 10 30 35 45 55 16 3 5 5 
12545500 12545560 1 0 0 11 -30 0 23 -17 25 -122 41 55 55 25 20 18 10 10 30 35 45 55 16 5 4 5 
12557500 12557612 1 0 0 6 -37 0 2 -39 2 -145 41 61 61 25 20 18 10 10 30 35 45 55 16 8 7 5 
12590500 12590593 1 0 0 -6 -38 0 -10 -40 -10 -157 29 61 61 25 20 18 10 10 30 35 45 55 16 8 8 5 
12637000 12637154 1 0 0 -9 -38 0 -13 -41 -12 -159 27 62 61 25 20 18 10 10 30 35 45 55 16 8 8 5 
12719000 12719195 1 0 0 0 -28 0 -2 -31 -1 -148 29 62 63 25 20 18 10 10 30 35 45 55 16 7 7 5 
12726000 12726050 1 0 0 77 9 0 76 5 75 -72 70 83 87 25 20 18 10 10 30 35 45 55 16 11 11 5 
12739000 12739052 1 0 0 20 -25 0 18 -26 19 -128 44 70 66 25 20 18 10 10 30 35 45 55 16 9 8 5 
12765000 12765084 1 0 0 59 11 0 59 11 60 -87 49 63 64 25 20 18 10 10 30 35 45 55 16 8 8 5 
12934500 12934709 1 0 0 94 30 0 94 31 95 -52 62 71 72 25 20 18 10 10 30 35 45 55 16 9 9 5 
12990000 12990074 1 0 0 64 9 0 62 7 62 -85 54 64 63 25 20 18 10 10 30 35 45 55 16 7 8 5 
13324000 13324027 1 0 0 54 6 0 52 2 53 -94 50 64 63 25 20 18 10 10 30 35 45 55 16 8 8 5 
13363000 13363176 1 0 0 11 -20 0 12 -19 15 -132 32 63 60 25 20 18 10 10 30 35 45 55 16 8 8 5 
13806500 13806509 1 0 0 14 -3 0 14 -6 15 -132 19 60 59 25 20 18 10 10 30 35 45 55 16 7 7 5 
14439500 14439522 1 0 0 0 -12 0 -6 -18 -5 -152 12 61 61 25 20 20 10 10 30 35 45 55 16 8 8 5 
14465000 14465096 1 0 0 12 -1 0 5 -8 6 -141 13 65 63 25 20 20 10 10 30 35 45 55 16 6 9 5 
14468500 14468907 1 13 0 58 21 -8 50 14 51 -96 38 74 77 25 20 20 10 10 30 35 45 55 16 6 1 5 
14470500 14471055 1 0 0 98 49 0 105 57 107 -40 48 74 79 25 20 20 10 10 30 35 45 55 16 1 8 5 
14603000 14603194 1 0 0 84 57 0 84 55 86 -61 30 57 57 25 20 20 10 10 30 35 45 55 16 7 7 5 
14985000 14985116 1 0 0 87 57 0 82 54 83 -64 28 55 54 25 20 20 10 10 30 35 45 55 16 7 7 5 
15024000 15024190 1 0 0 98 76 0 94 72 97 -50 25 57 57 25 20 20 10 10 30 35 45 55 16 7 6 5 
15053500 15053733 1 0 0 108 84 0 105 81 106 -41 24 57 58 25 20 20 10 10 30 35 45 55 16 7 7 5 
15087000 15087081 1 0 0 121 97 0 118 97 118 -29 21 57 56 25 20 20 10 10 30 35 45 55 16 7 7 5 
15157000 15157238 1 0 0 103 73 0 105 74 107 -40 31 55 55 25 20 20 10 10 30 35 45 55 16 7 7 5 
15163000 15163281 1 13 0 69 41 9 81 42 82 -65 40 69 70 25 20 20 10 10 30 35 45 55 16 1 3 5 
15166500 15166656 1 0 0 35 12 0 32 15 33 -114 16 67 70 25 20 20 10 10 30 35 45 55 16 7 7 5 
15258500 15258628 1 0 0 33 31 0 25 25 27 -120 1 61 59 25 20 20 10 10 30 35 45 55 16 7 5 5 
15261000 15261038 1 13 0 64 54 -5 61 54 62 -85 7 68 66 25 20 20 10 10 30 35 45 55 16 5 5 5 
15263500 15263664 1 0 0 106 73 0 106 70 108 -39 37 71 77 25 20 20 10 10 30 35 45 55 16 7 9 5 
15276500 15276714 1 0 0 123 99 0 128 101 129 -18 27 57 57 25 20 20 10 10 30 35 45 55 16 7 7 5 
15441000 15441003 1 0 0 133 103 0 134 103 135 -12 32 57 56 25 20 20 10 10 30 35 45 55 16 7 7 5 
15449000 15449355 1 13 0 44 23 -24 35 17 38 -109 18 71 73 25 20 20 10 10 30 35 45 55 16 6 9 5 
15453500 15453665 1 0 0 32 2 0 24 -11 25 -122 36 59 56 25 20 20 10 10 30 35 45 55 16 8 6 5 
15464000 15464200 1 0 0 -4 -24 0 -11 -31 -10 -157 19 66 66 25 20 20 10 10 30 35 45 55 16 9 8 5 
15503500 15503719 1 0 0 7 -18 0 3 -24 4 -143 26 69 66 25 20 20 10 10 30 35 45 55 16 8 2 5 
15507000 15507326 1 13 0 38 13 3 50 23 50 -97 27 71 73 25 20 20 10 10 30 35 45 55 16 2 4 5 
15513500 15513680 1 0 0 85 44 0 89 46 90 -57 43 75 79 25 20 20 10 10 30 35 45 55 16 9 9 5 
15523000 15523050 1 0 0 92 48 0 97 50 99 -48 48 68 69 25 20 20 10 10 30 35 45 55 16 8 9 5 
15920500 15920688 1 0 0 82 61 0 80 57 81 -66 24 60 60 25 20 20 10 10 30 35 45 55 16 7 8 5 
16391500 16391633 1 0 0 83 50 0 81 47 83 -64 34 61 61 25 20 20 10 10 30 35 45 55 16 8 8 5 
16494500 16494722 1 0 0 68 39 0 64 35 64 -83 27 61 63 25 20 20 10 10 30 35 45 55 16 8 8 5 
16543500 16543681 1 0 0 88 71 0 85 67 86 -61 18 60 60 25 20 20 10 10 30 35 45 55 16 7 7 5 
16573000 16573066 1 0 0 92 70 0 87 66 87 -60 21 60 61 25 20 20 10 10 30 35 45 55 16 7 8 5 
16668000 16668133 1 0 0 98 75 0 97 71 99 -48 26 58 59 25 20 20 10 10 30 35 45 55 16 7 7 5 
16680500 16680590 1 -1 1 136 111 54 130 109 131 -16 19 62 61 25 20 20 10 10 30 35 45 55 16 8 8 5 
16685500 16685654 1 2 1 233 203 158 235 211 237 90 23 62 61 25 20 20 10 10 30 35 45 55 16 8 8 5 
16697500 16697693 1 -3 1 13 -15 -44 27 -4 30 -117 32 57 57 25 20 20 10 10 30 35 45 55 16 6 7 5 
16708000 16708080 1 0 0 43 27 0 38 24 40 -107 15 60 59 25 20 20 10 10 30 35 45 55 16 7 7 5 
16739000 16739103 1 0 0 49 35 0 50 37 51 -96 12 61 62 25 20 20 10 10 30 35 45 55 16 7 8 5 
16762000 16762183 1 0 0 45 28 0 51 32 52 -95 18 59 57 25 20 20 10 10 30 35 45 55 16 7 7 5 
16792500 16792736 1 0 0 42 28 0 41 27 42 -105 14 60 60 25 20 20 10 10 30 35 45 55 16 7 7 5 
16820500 16820701 1 0 0 9 -8 0 4 -11 5 -142 17 62 64 25 20 20 10 10 30 35 45 55 16 8 8 5 
16845500 16845721 1 0 0 29 8 0 25 6 26 -121 19 61 60 25 20 20 10 10 30 35 45 55 16 7 8 5 
16853500 16853797 1 13 0 106 43 1 110 42 113 -34 69 75 76 25 20 20 10 10 30 35 45 55 16 5 6 5 
16855500 16855673 1 0 0 125 53 0 132 55 132 -15 77 74 83 25 20 20 10 10 30 35 45 55 16 6 9 5 
16949500 16949574 1 0 0 134 100 0 136 102 139 -8 35 57 57 25 20 20 10 10 30 35 45 55 16 7 7 5 
17088500 17088629 1 0 0 132 102 0 127 98 127 -20 28 57 57 25 20 20 10 10 30 35 45 55 16 7 7 5 
17188500 17188613 1 0 0 133 65 0 130 60 132 -15 70 74 80 25 20 20 10 10 30 35 45 55 16 9 9 5 
17195500 17195605 1 13 0 77 22 2 77 16 79 -68 61 72 81 25 20 20 10 10 30 35 45 55 16 5 4 5 
17203500 17203509 1 0 0 10 -16 0 8 -18 9 -138 26 63 65 25 20 20 10 10 30 35 45 55 16 8 7 5 
17335000 17335023 1 0 0 -9 -29 0 -15 -36 -14 -161 21 62 67 25 20 20 10 10 30 35 45 55 16 8 8 5 
17386500 17386649 1 0 0 13 -5 0 6 -8 7 -140 14 64 60 25 20 20 10 10 30 35 45 55 16 8 8 5 
17453000 17453039 1 0 0 68 33 0 65 30 67 -80 35 61 59 25 20 20 10 10 30 35 45 55 16 8 7 5 
17504000 17504221 1 0 0 64 12 0 65 11 67 -80 54 66 65 25 20 20 10 10 30 35 45 55 16 8 8 5 
17537500 17537561 1 0 0 14 -27 0 14 -26 17 -130 41 65 65 25 20 20 10 10 30 35 45 55 16 8 7 5 
17557000 17557200 1 0 0 24 -31 0 23 -33 24 -123 56 68 66 25 20 20 10 10 30 35 45 55 16 8 9 5 
17568500 17568824 1 -1 1 87 13 68 92 17 92 -55 75 75 79 25 20 20 10 10 30 35 45 55 16 8 4 5 
17577000 17577164 1 2 1 325 219 309 341 237 342 195 105 69 71 25 20 20 10 10 30 35 45 55 16 9 9 5 
17582500 17582557 1 -3 1 40 8 26 31 1 32 -115 30 69 71 25 20 20 10 10 30 35 45 55 16 8 9 5 
17602500 17602745 1 0 0 6 -20 0 7 -18 8 -139 25 60 58 25 20 20 10 10 30 35 45 55 16 7 8 5 
17623000 17623222 1 0 0 1 -33 0 -3 -37 -1 -148 34 65 66 25 20 20 10 10 30 35 45 55 16 8 9 5 
17633500 17633732 1 0 0 50 -9 0 40 -17 42 -105 58 75 65 25 20 20 10 10 30 35 45 55 16 10 7 5 
17650500 17650521 1 0 0 94 11 0 87 5 89 -58 82 84 85 25 20 20 10 10 30 35 45 55 16 9 11 5 
17687000 17687194 1 0 0 72 4 0 70 1 70 -77 68 70 69 25 20 20 10 10 30 35 45 55 16 9 9 5 
17705500 17705501 1 0 0 78 17 0 77 16 78 -69 60 73 76 25 20 20 10 10 30 35 45 55 16 9 10 5 
17725000 17725380 1 0 0 85 23 0 82 18 82 -65 64 78 80 25 20 20 10 10 30 35 45 55 16 8 10 5 
17738500 17738637 1 0 0 111 44 0 107 44 108 -39 63 76 77 25 20 20 10 10 30 35 45 55 16 9 8 5 
17771000 17771100 1 0 0 110 35 0 109 37 110 -37 72 83 85 25 20 20 10 10 30 35 45 55 16 10 10 5 
17777500 17777535 1 -1 1 143 81 53 132 75 134 -13 56 84 82 25 20 20 10 10 30 35 45 55 16 10 9 5 
17784500 17784582 1 2 1 438 394 369 442 401 444 297 42 91 92 25 20 20 10 10 30 35 45 55 16 10 11 5 
17794500 17795335 1 -3 1 77 27 39 44 -6 47 -100 51 72 71 25 20 20 10 10 30 35 45 55 16 5 8 5 
17798000 17798032 1 0 0 27 -31 0 24 -34 26 -121 59 70 74 25 20 20 10 10 30 35 45 55 16 8 9 5 
17818000 17818210 1 0 0 7 -82 0 8 -82 10 -137 90 70 66 25 20 20 10 10 30 35 45 55 16 9 9 5 
17832000 17832155 1 0 0 25 -46 0 13 -58 15 -132 72 72 69 25 20 20 10 10 30 35 45 55 16 8 9 5 
17850000 17850036 1 0 0 36 -34 0 34 -35 34 -113 68 68 70 25 20 20 10 10 30 35 45 55 16 9 8 5 
17871500 17871713 1 0 0 31 -14 0 31 -14 34 -113 47 64 63 25 20 20 10 10 30 35 45 55 16 8 8 5 
17877500 17877640 1 -1 1 75 29 51 70 28 72 -75 42 64 63 25 20 20 10 10 30 35 45 55 16 8 8 5 
17889500 17889612 1 2 1 600 488 592 602 490 605 458 113 75 78 25 20 20 10 10 30 35 45 55 16 9 10 5 
17903000 17903176 1 -3 1 31 3 40 14 -15 14 -133 27 66 66 25 20 20 10 10 30 35 45 55 16 7 8 5 
17905500 17905701 1 0 0 -12 -39 0 -18 -46 -16 -163 28 64 63 25 20 20 10 10 30 35 45 55 16 8 8 5 
17973000 17973094 1 0 0 58 24 0 56 25 57 -90 32 62 60 25 20 20 10 10 30 35 45 55 16 8 8 5 
17980000 17980186 1 -1 1 115 48 58 99 33 100 -47 65 67 67 25 20 20 10 10 30 35 45 55 16 7 8 5 
17992000 17992320 1 2 1 554 413 498 556 417 559 412 140 70 70 25 20 20 10 10 30 35 45 55 16 6 9 5 
18003500 18003701 1 -3 1 91 64 37 76 52 78 -69 25 64 64 25 20 20 10 10 30 35 45 55 16 8 8 5 
18006000 18006076 1 0 0 54 25 0 52 23 50 -97 28 63 63 25 20 20 10 10 30 35 45 55 16 8 8 5 
18064000 18064031 1 0 0 79 25 0 75 23 76 -71 52 64 65 25 20 20 10 10 30 35 45 55 16 8 8 5 
18079500 18079525 1 -1 1 118 46 52 117 45 118 -29 72 70 68 25 20 20 10 10 30 35 45 55 16 9 8 5 
18092500 18092654 1 2 1 650 509 597 652 511 654 507 142 82 82 25 20 20 10 10 30 35 45 55 16 9 11 5 
18113500 18113695 1 -3 1 -12 -52 -47 -13 -54 -11 -158 41 67 68 25 20 20 10 10 30 35 45 55 16 9 8 5 
18152500 18152546 1 0 0 0 -63 0 -3 -68 0 -147 64 71 70 25 20 20 10 10 30 35 45 55 16 8 9 5 
18176500 18176559 1 0 0 -5 -58 0 -25 -76 -23 -170 52 69 64 25 20 20 10 10 30 35 45 55 16 5 8 5 
18183000 18183087 1 -1 1 64 2 58 25 -33 27 -120 57 71 70 25 20 20 10 10 30 35 45 55 16 9 5 5 
18192000 18192006 1 2 1 540 416 520 545 412 547 400 133 78 84 25 20 20 10 10 30 35 45 55 16 8 10 5 
18202000 18202347 1 -3 1 83 43 46 80 39 81 -66 39 70 74 25 20 20 10 10 30 35 45 55 16 7 1 5 
18210000 18210004 1 0 0 50 -19 0 46 -24 47 -100 70 73 72 25 20 20 10 10 30 35 45 55 16 8 9 5 
18255000 18255154 1 0 0 108 20 0 102 16 105 -42 88 85 89 25 20 20 10 10 30 35 45 55 16 9 11 5 
18261000 18261168 1 -1 1 145 60 51 148 63 150 3 85 79 77 25 20 20 10 10 30 35 45 55 16 10 10 5 
18277500 18277535 1 2 1 580 470 527 576 465 576 429 110 78 77 25 20 20 10 10 30 35 45 55 16 10 8 5 
18288000 18288230 1 -3 1 73 19 45 53 4 55 -92 49 79 86 25 20 20 10 10 30 35 45 55 16 5 6 5 
18302000 18302210 1 0 0 -6 -71 0 -1 -59 0 -147 58 63 58 25 20 20 10 10 30 35 45 55 16 8 6 5 
18333500 18333544 1 0 0 1 -64 0 -7 -70 -6 -153 64 70 72 25 20 20 10 10 30 35 45 55 16 9 7 5 
18363500 18363695 1 0 0 63 0 0 60 1 62 -85 60 69 68 25 20 20 10 10 30 35 45 55 16 6 9 5 
18378000 18378134 1 0 0 79 15 0 75 11 76 -71 65 76 76 25 20 20 10 10 30 35 45 55 16 9 9 5 
18397000 18397196 1 0 0 112 43 0 114 44 116 -31 72 82 82 25 20 20 10 10 30 35 45 55 16 3 3 5 
18415500 18416028 1 -1 1 142 77 51 138 88 139 -8 50 89 90 25 20 20 10 10 30 35 45 55 16 4 6 5 
18441000 18441077 1 2 1 598 492 536 599 494 601 454 105 77 75 25 20 20 10 10 30 35 45 55 16 10 10 5 
18457000 18457170 1 -3 1 -6 -72 -49 -12 -77 -11 -158 65 70 73 25 20 20 10 10 30 35 45 55 16 9 6 5 
18461000 18461108 1 0 0 39 -46 0 41 -47 44 -103 87 74 72 25 20 20 10 10 30 35 45 55 16 8 8 5 
18470500 18470526 1 0 0 29 -60 0 30 -60 31 -116 90 75 86 25 20 20 10 10 30 35 45 55 16 10 9 5 
18479500 18479691 1 0 0 -40 -122 0 -50 -132 -48 -195 82 68 64 25 20 20 10 10 30 35 45 55 16 8 7 5 
18490000 18490144 1 0 0 52 -51 0 53 -51 53 -94 102 79 77 25 20 20 10 10 30 35 45 55 16 10 9 5 
18528000 18528125 1 0 0 116 -8 0 123 -12 125 -22 135 98 99 25 20 20 10 10 30 35 45 55 16 13 9 5 
18553000 18553124 1 0 0 68 36 0 66 28 67 -80 39 93 95 25 20 20 10 10 30 35 45 55 16 10 6 5 
18565000 18565065 1 -1 1 113 83 52 113 85 114 -33 28 93 93 25 20 20 10 10 30 35 45 55 16 6 8 5 
18573000 18573123 1 2 1 165 75 109 166 76 167 20 90 83 67 25 20 20 10 10 30 35 45 55 16 11 10 5 
18579000 18579513 1 -3 1 98 32 45 125 51 124 -23 72 87 88 25 20 20 10 10 30 35 45 55 16 2 3 5 
18603500 18603609 1 0 0 40 -60 0 45 -60 45 -102 105 80 79 25 20 20 10 10 30 35 45 55 16 10 10 5 
18665500 18665521 1 0 0 48 -39 0 42 -44 44 -103 86 80 83 25 20 20 10 10 30 35 45 55 16 10 10 5 
18690000 18690122 1 -1 1 74 4 51 71 4 71 -76 67 78 80 25 20 20 10 10 30 35 45 55 16 10 4 5 
18711500 18711571 1 2 1 121 35 120 115 31 119 -28 86 84 81 25 20 20 10 10 30 35 45 55 16 9 10 5 
18720000 18720107 1 -3 1 41 -42 48 37 -48 40 -107 86 73 72 25 20 20 10 10 30 35 45 55 16 8 9 5 
18725500 18725556 1 0 0 -13 -81 0 -18 -87 -14 -161 71 67 66 25 20 20 10 10 30 35 45 55 16 9 8 5 
18799000 18799149 1 0 0 0 -43 0 -2 -45 -1 -148 42 69 71 25 20 20 10 10 30 35 45 55 16 9 9 5 
18838500 18838708 1 0 0 9 -32 0 7 -31 7 -140 36 72 67 25 20 20 10 10 30 35 45 55 16 9 4 5 
18844500 18844594 1 13 0 66 0 7 54 -6 57 -90 62 81 79 25 20 20 10 10 30 35 45 55 16 9 10 5 
18849500 18849581 1 0 0 102 31 0 101 30 100 -47 69 87 84 25 20 20 10 10 30 35 45 55 16 10 11 5 
18963000 18963063 1 0 0 104 17 0 103 15 103 -44 87 79 77 25 20 20 10 10 30 35 45 55 16 10 10 5 
