41000 41151 0 0 -1 0 0 0 0 0 0 -180 0 61 61 25 20 18 10 14 34 35 45 55 16 6 7 5 
86500 86529 0 0 0 33 36 0 39 42 29 -150 -2 66 68 25 20 18 10 14 34 35 45 55 16 3 4 5 
164500 164528 0 -1 1 -12 -11 -51 -13 -10 -25 -204 -4 73 75 25 20 18 10 14 34 35 45 55 16 8 8 5 
222500 222626 0 2 1 -50 -46 -94 -50 -44 -60 -239 -6 80 81 25 20 17 10 14 34 35 45 55 16 5 10 5 
271000 271163 0 -3 1 -1 -12 -49 -1 -10 -16 -195 13 85 84 25 20 17 10 14 34 35 45 55 16 6 5 5 
291500 291790 0 -1 1 -7 -14 -56 -16 -15 -16 -195 -6 77 77 25 20 17 10 14 34 35 45 55 16 2 6 5 
307500 307578 0 2 1 -77 -69 -127 -81 -70 -88 -267 -8 87 88 25 20 17 10 14 34 35 45 55 16 8 11 5 
409000 409173 0 -3 1 10 -7 -48 17 -3 19 -160 20 73 76 25 20 17 10 14 34 35 45 55 16 1 3 5 
444000 444621 0 0 0 60 33 0 68 36 67 -112 33 70 67 25 20 17 10 14 34 35 45 55 16 1 6 5 
480500 480926 0 0 0 70 32 0 65 30 62 -117 37 69 69 25 20 17 10 14 34 35 45 55 16 4 5 5 
515000 515198 0 0 0 61 36 0 69 41 71 -108 27 67 69 25 20 17 10 14 34 35 45 55 16 4 7 5 
575000 575768 0 0 0 53 39 0 55 47 63 -116 8 62 63 25 20 17 10 14 34 35 45 55 16 1 8 5 
618500 618635 0 -1 1 -11 -6 -56 -8 -3 -6 -185 -5 79 77 25 20 17 10 14 34 35 45 55 16 8 7 5 
760000 760274 0 2 1 -295 -184 -315 -300 -189 -304 -483 -112 84 85 25 20 17 10 14 34 35 45 55 16 4 8 5 
858500 858699 0 -3 1 -47 -15 -49 -54 -18 -49 -228 -36 65 64 25 20 17 10 14 34 35 45 55 16 8 8 5 
908000 908197 0 0 0 -7 -5 0 -3 -6 4 -175 3 68 66 25 20 17 10 14 34 35 45 55 16 7 8 5 
1004500 1005048 0 0 0 3 6 0 1 3 7 -172 -1 68 71 25 20 17 10 14 34 35 45 55 16 5 9 5 
1426000 1426379 0 -1 1 -36 -36 -51 -42 -42 -58 -237 2 93 94 25 20 17 10 14 34 35 45 55 16 3 9 5 
1489000 1489171 0 2 1 -80 -66 -96 -89 -74 -91 -270 -16 81 76 25 20 17 10 14 34 35 45 55 16 4 6 5 
1506500 1506744 0 -3 1 -29 -18 -46 -28 -15 -32 -211 -13 90 92 25 20 17 10 14 34 35 45 55 16 0 6 5 
1519000 1519524 0 -1 1 -34 -27 -51 -38 -30 -46 -225 -7 87 88 25 20 17 10 14 34 35 45 55 16 6 5 5 
1634500 1634518 0 2 1 -106 -103 -127 -110 -107 -128 -307 -3 90 89 25 20 17 10 14 34 35 45 55 16 12 9 5 
1734000 1734198 0 -3 1 -25 -25 -48 -35 -33 -56 -235 -4 87 85 25 20 17 10 14 34 35 45 55 16 3 6 5 
1760000 1760069 0 0 0 24 8 0 26 9 13 -166 18 83 82 25 20 17 10 14 34 35 45 55 16 7 8 5 
1828000 1829712 0 -1 1 -35 -18 -56 -68 -36 -76 -255 -31 88 89 25 20 17 10 14 34 35 45 55 16 0 4 5 
1947000 1947134 0 2 1 -128 -104 -144 -127 -103 -150 -329 -23 103 104 25 20 17 10 14 32 35 45 55 16 1 12 5 
2043500 2043528 0 -3 1 -34 -37 -45 -30 -37 -45 -224 8 87 85 25 20 17 10 14 34 35 45 55 16 4 7 5 
2175000 2175339 0 -1 1 -46 -15 -52 -57 -24 -65 -244 -33 80 75 25 20 17 10 14 34 35 45 55 16 3 2 5 
2198000 2198254 0 2 1 -121 -79 -126 -121 -80 -128 -307 -39 84 82 25 20 17 10 14 34 35 45 55 16 6 8 5 
2215500 2216344 0 -3 1 -44 -38 -48 -17 -20 -27 -206 1 70 72 25 20 17 10 14 34 35 45 55 16 3 5 5 
2262500 2262579 0 0 0 2 -5 0 4 -6 11 -168 11 66 66 25 20 17 10 14 34 35 45 55 16 4 7 5 
2271000 2271105 0 0 0 40 29 0 39 26 40 -139 13 65 65 25 20 17 10 14 34 35 45 55 16 6 5 5 
2324500 2324622 0 0 0 43 38 0 39 35 45 -134 3 66 66 25 20 17 10 14 34 35 45 55 16 6 6 5 
2478500 2478610 0 0 0 3 9 0 2 10 14 -165 -6 67 68 25 20 17 10 14 34 35 45 55 16 8 5 5 
2634000 2634203 0 0 0 8 17 0 8 16 15 -164 -7 64 66 25 20 17 10 14 34 35 45 55 16 5 7 5 
2889000 2889087 0 0 0 4 7 0 -1 3 11 -168 -2 66 65 25 20 17 10 14 34 35 45 55 16 7 7 5 
3004000 3004062 0 -1 1 -49 -48 -53 -52 -50 -63 -242 -3 93 94 25 20 17 10 14 34 35 45 55 16 2 3 5 
3070000 3070114 0 2 1 -149 -110 -154 -146 -108 -157 -336 -41 78 77 25 20 17 10 14 34 35 45 55 16 6 8 5 
3118500 3118683 0 -3 1 -45 -23 -50 -39 -18 -38 -217 -22 80 79 25 20 17 10 14 34 35 45 55 16 2 1 5 
3249000 3249320 0 -1 1 -48 -37 -53 -50 -35 -62 -241 -16 86 89 25 20 17 10 14 34 35 45 55 16 8 6 5 
3929000 3929583 0 2 1 -187 -155 -196 -274 -228 -284 -463 -38 93 90 25 20 16 10 15 35 35 45 55 16 0 0 5 
4307500 4307625 0 -3 1 -38 -69 -48 -38 -67 -63 -242 29 99 97 25 20 17 10 14 34 35 45 55 16 7 3 5 
4521500 4521635 0 -1 1 -39 -51 -51 -25 -40 -40 -219 15 85 87 25 20 17 10 14 34 35 45 55 16 9 2 5 
4734000 4734855 0 2 1 -130 -100 -142 -126 -100 -120 -299 -26 86 88 25 20 16 10 14 34 35 45 55 16 3 3 5 
4770500 4770598 0 -3 1 -36 -33 -49 -36 -37 -34 -213 1 79 78 25 20 16 10 14 34 35 45 55 16 5 9 5 
4780500 4780533 0 -1 1 -42 -32 -55 -51 -37 -47 -226 -14 76 75 25 20 16 10 14 34 35 45 55 16 10 9 5 
4808500 4808953 0 2 1 -127 -103 -140 -134 -105 -132 -311 -27 98 99 25 20 16 10 14 34 35 45 55 16 8 10 5 
5011000 5011672 0 -3 1 -35 -49 -49 -30 -38 -21 -200 7 90 91 25 20 15 10 14 34 35 45 55 16 2 1 5 
5281500 5281539 0 0 0 15 -7 0 18 -7 29 -150 25 80 76 25 20 15 10 14 34 35 45 55 16 4 8 5 
5309500 5310620 0 0 0 63 35 0 60 25 61 -118 32 88 86 25 20 16 10 14 34 35 45 55 16 0 4 5 
5356500 5356644 0 0 0 61 38 0 62 38 62 -117 19 83 82 25 20 16 10 14 34 35 45 55 16 6 7 5 
5381000 5381697 0 0 0 -5 -19 0 -5 -15 -1 -180 12 86 88 25 20 16 10 14 34 35 45 55 16 0 4 5 
5424500 5425506 0 -1 1 -59 -49 -54 -83 -70 -89 -268 -14 98 81 25 20 16 10 14 34 35 45 55 16 0 4 5 
5456500 5456639 0 2 1 -209 -139 -204 -210 -136 -207 -386 -75 96 96 25 20 16 10 14 34 35 45 55 16 7 8 5 
5560000 5560284 0 -3 1 -55 -20 -49 -56 -23 -46 -225 -31 95 96 25 20 15 10 14 34 35 45 55 16 9 4 5 
5638500 5638576 0 0 0 -7 -2 0 -4 0 3 -176 -5 92 94 25 20 15 10 14 34 35 45 55 16 12 1 5 
5919500 5923515 0 -1 1 -53 -47 -53 -53 -46 -32 -211 -5 107 111 25 20 14 10 13 29 35 45 55 16 0 9 5 
5937500 5937519 0 2 1 -113 -87 -113 -120 -91 -100 -279 -25 104 106 25 20 14 10 13 31 35 45 55 16 11 13 5 
5973000 5973219 0 -3 1 -48 -20 -48 -46 -19 -25 -204 -22 96 99 25 20 14 10 13 33 35 45 55 16 7 13 5 
6195500 6195592 0 0 0 5 9 0 6 10 15 -164 -2 84 83 25 20 15 10 13 33 35 45 55 16 11 10 5 
6293000 6293351 0 0 0 -17 -13 0 -19 -15 -9 -188 -2 80 80 25 20 15 10 13 33 35 45 55 16 3 4 5 
6397000 6397106 0 0 0 -6 -6 0 -5 -5 5 -174 -1 78 77 25 20 15 10 13 33 35 45 55 16 10 10 5 
6472000 6473198 0 0 0 -2 3 0 6 5 16 -163 -2 76 76 25 20 15 10 13 33 35 45 55 16 1 8 5 
6740000 6740079 0 0 0 16 13 0 10 9 19 -160 0 71 70 25 20 15 10 13 33 35 45 55 16 6 9 5 
6989500 6989682 0 0 0 4 -4 0 6 -1 15 -164 6 72 75 25 20 15 10 13 33 35 45 55 16 8 8 5 
7396500 7396563 0 0 0 8 -8 0 7 -9 14 -165 15 70 69 25 20 15 10 13 33 35 45 55 16 8 6 5 
7979500 7979630 0 0 0 8 7 0 9 8 15 -164 0 69 68 25 20 16 10 13 33 35 45 55 16 9 9 5 
8072500 8072962 0 -1 1 -43 -54 -51 -47 -56 -40 -219 11 91 94 25 20 15 10 13 33 35 45 55 16 4 6 5 
8089500 8090040 0 2 1 -85 -101 -93 -84 -100 -74 -253 12 80 82 25 20 15 10 13 33 35 45 55 16 7 5 5 
8138000 8138088 0 -3 1 -39 -49 -48 -38 -49 -30 -209 10 66 67 25 20 15 10 13 33 35 45 55 16 8 7 5 
8297500 8297635 0 -1 1 -43 -46 -52 -30 -34 -25 -204 2 96 96 25 20 15 10 13 33 35 45 55 16 7 5 5 
8351000 8351135 0 2 1 -100 -53 -108 -94 -50 -80 -259 -41 80 76 25 20 15 10 13 33 35 45 55 16 2 9 5 
8360500 8360958 0 -3 1 -39 -9 -48 -33 -7 -20 -199 -24 84 83 25 20 15 10 13 33 35 45 55 16 8 8 5 
8373000 8373126 0 -1 1 -45 -42 -54 -51 -46 -40 -219 -2 82 84 25 20 15 10 13 33 35 45 55 16 4 8 5 
8400500 8400786 0 2 1 -83 -58 -92 -90 -66 -78 -257 -24 81 82 25 20 15 10 13 33 35 45 55 16 7 7 5 
8499500 8499903 0 -3 1 -40 -40 -49 -33 -37 -23 -202 2 88 87 25 20 15 10 13 33 35 45 55 16 2 8 5 
8776500 8776582 0 0 0 10 5 0 11 7 22 -157 6 68 68 25 20 15 10 13 33 35 45 55 16 9 5 5 
8810000 8810194 0 0 0 16 8 0 16 9 25 -154 6 70 71 25 20 15 10 13 33 35 45 55 16 6 9 5 
9344500 9344652 0 0 0 -1 3 0 1 5 5 -174 -3 74 77 25 20 16 10 13 33 35 45 55 16 3 9 5 
9376500 9376634 0 0 0 -3 5 0 -5 4 1 -178 -9 76 77 25 20 16 10 13 33 35 45 55 16 8 7 5 
9416500 9416859 0 0 0 -13 -7 0 -10 -8 -1 -180 -3 75 75 25 20 16 10 13 33 35 45 55 16 6 8 5 
9906000 9906138 0 0 0 4 5 0 4 5 9 -170 -1 69 68 25 20 16 10 13 33 35 45 55 16 9 9 5 
10165000 10165116 0 0 0 16 16 0 14 15 18 -161 0 76 75 25 20 16 10 13 33 35 45 55 16 10 10 5 
10389000 10389089 0 0 0 23 17 0 25 17 29 -150 8 75 74 25 20 16 10 13 33 35 45 55 16 8 10 5 
10612000 10612142 0 0 0 29 25 0 30 26 36 -143 4 73 73 25 20 16 10 13 33 35 45 55 16 9 9 5 
10889000 10889066 0 0 0 42 35 0 44 35 51 -128 6 69 71 25 20 16 10 13 33 35 45 55 16 3 9 5 
11108000 11108201 0 0 0 45 41 0 46 42 56 -123 3 67 67 25 20 16 10 13 33 35 45 55 16 8 9 5 
11165000 11165057 0 0 0 37 27 0 39 31 49 -130 8 85 85 25 20 15 10 14 34 35 45 55 16 7 7 5 
11180000 11180093 0 -1 1 -12 -46 -51 -14 -49 -4 -183 36 100 99 25 20 15 10 14 34 35 45 55 16 9 11 5 
11390500 11390527 0 2 1 -178 -130 -229 -176 -129 -161 -340 -45 75 75 25 20 15 10 13 33 35 45 55 16 10 6 5 
11582500 11582675 0 -3 1 18 1 -46 21 3 27 -152 11 66 69 25 20 15 10 13 33 35 45 55 16 8 7 5 
11793500 11793727 0 0 0 77 52 0 77 51 90 -89 24 61 60 25 20 15 10 13 33 35 45 55 16 8 8 5 
11895500 11895987 0 0 0 52 52 0 54 53 58 -121 2 59 60 25 20 15 10 13 33 35 45 55 16 5 7 5 
12168500 12168533 0 0 0 37 41 0 34 40 44 -135 -3 63 63 25 20 16 10 14 34 35 45 55 16 5 8 5 
12281500 12282323 0 0 0 45 42 0 49 44 58 -121 5 66 67 25 20 16 10 14 34 35 45 55 16 3 7 5 
12325000 12325223 0 0 0 39 38 0 38 38 49 -130 1 66 66 25 20 16 10 14 34 35 45 55 16 8 8 5 
12330500 12330697 0 13 0 84 60 3 92 64 105 -74 29 69 71 25 20 16 10 14 34 35 45 55 16 8 7 5 
12336000 12336013 0 0 0 122 83 0 122 84 134 -45 37 60 57 25 20 16 10 14 34 35 45 55 16 7 5 5 
12421500 12421598 0 0 0 110 78 0 109 77 118 -61 31 63 64 25 20 16 10 14 34 35 45 55 16 5 8 5 
12542500 12542631 0 0 0 104 72 0 104 72 116 -63 30 65 64 25 20 16 10 14 34 35 45 55 16 8 2 5 
12616500 12616651 0 0 0 80 62 0 80 63 90 -89 16 62 60 25 20 16 10 14 34 35 45 55 16 8 6 5 
12628000 12628095 0 13 0 118 82 11 124 86 137 -42 34 65 69 25 20 16 10 14 34 35 45 55 16 9 8 5 
12639000 12639215 0 0 0 134 90 0 131 86 148 -31 41 63 62 25 20 16 10 14 34 35 45 55 16 7 8 5 
12663500 12663671 0 0 0 141 91 0 139 89 154 -25 42 65 66 25 20 16 10 14 34 35 45 55 16 8 8 5 
12686500 12686625 0 0 0 154 103 0 154 102 170 -9 47 66 65 25 20 16 10 14 34 35 45 55 16 8 8 5 
12847500 12847650 0 0 0 65 41 0 65 40 80 -99 27 62 64 25 20 16 10 14 34 35 45 55 16 8 8 5 
12879500 12879611 0 0 0 64 47 0 66 51 79 -100 18 64 63 25 20 16 10 14 34 35 45 55 16 8 5 5 
12884500 12884557 0 13 0 111 75 7 116 78 132 -47 33 71 73 25 20 16 10 14 34 35 45 55 16 6 8 5 
12888500 12888732 0 0 0 137 88 0 138 89 152 -27 42 64 61 25 20 16 10 14 34 35 45 55 16 8 7 5 
12934000 12934022 0 0 0 125 80 0 123 79 137 -42 39 59 59 25 20 16 10 14 34 35 45 55 16 7 7 5 
12950000 12950053 0 0 0 85 64 0 85 65 96 -83 19 59 58 25 20 16 10 14 34 35 45 55 16 7 7 5 
12991500 12991567 0 0 0 65 54 0 68 56 77 -102 12 61 64 25 20 16 10 14 34 35 45 55 16 2 8 5 
12997500 12997604 0 13 0 108 82 13 110 83 123 -56 27 65 70 25 20 16 10 14 34 35 45 55 16 7 9 5 
13005500 13005694 0 0 0 133 96 0 136 99 148 -31 32 60 63 25 20 16 10 14 34 35 45 55 16 5 8 5 
13063500 13063666 0 0 0 124 88 0 126 90 140 -39 35 59 59 25 20 16 10 14 34 35 45 55 16 8 7 5 
13131500 13131561 0 -1 1 62 31 -51 59 28 72 -107 26 76 79 25 20 16 10 14 34 35 45 55 16 3 6 5 
13170500 13170620 0 2 1 -264 -160 -370 -268 -160 -284 -463 -126 89 90 25 20 16 10 14 34 35 45 55 16 12 11 5 
13387000 13387070 0 -3 1 24 20 -49 27 25 38 -141 4 68 68 25 20 16 10 14 34 35 45 55 16 9 6 5 
13499500 13499521 0 0 0 56 50 0 58 52 67 -112 6 67 66 25 20 17 10 14 34 35 45 55 16 8 8 5 
13953500 13953719 0 0 0 41 41 0 39 40 46 -133 -2 67 66 25 20 17 10 14 34 35 45 55 16 8 8 5 
14472500 14472592 0 0 0 47 51 0 44 48 52 -127 -4 63 63 25 20 17 10 14 34 35 45 55 16 8 8 5 
14601000 14601010 0 0 0 11 19 0 11 17 20 -159 -5 69 70 25 20 17 10 14 34 35 45 55 16 5 3 5 
14741000 14741164 0 0 0 7 14 0 6 13 16 -163 -6 66 66 25 20 17 10 14 34 35 45 55 16 8 8 5 
14863500 14863628 0 0 0 0 10 0 2 12 10 -169 -10 69 68 25 20 17 10 14 34 35 45 55 16 9 9 5 
14939500 14939581 0 0 0 -22 -7 0 -23 -9 -13 -192 -15 70 70 25 20 17 10 14 34 35 45 55 16 9 9 5 
15044500 15044763 0 -1 1 -55 -24 -50 -57 -26 -52 -231 -33 68 69 25 20 17 10 15 35 35 45 55 16 4 8 5 
15089500 15089545 0 2 1 -182 -115 -185 -189 -117 -193 -372 -75 78 77 25 20 17 10 15 35 35 45 55 16 9 9 5 
15133000 15133268 0 -3 1 -38 -29 -48 -35 -28 -34 -213 -8 76 76 25 20 17 10 15 35 35 45 55 16 6 5 5 
15158500 15158638 0 -1 1 -40 -25 -54 -39 -21 -46 -225 -18 88 91 25 20 17 10 15 35 35 45 55 16 8 6 5 
15225500 15225651 0 2 1 -325 -245 -350 -338 -248 -343 -522 -91 99 97 25 20 17 10 14 34 35 45 55 16 11 12 5 
15333500 15333636 0 -3 1 -7 0 -49 -6 1 0 -179 -14 75 72 25 20 16 10 15 35 35 45 55 16 10 7 5 
15344500 15344710 0 0 0 45 30 0 48 33 56 -123 12 66 64 25 20 16 10 15 35 35 45 55 16 8 8 5 
15367000 15367225 0 0 0 86 57 0 87 57 96 -83 28 66 65 25 20 16 10 14 34 35 45 55 16 8 8 5 
15385000 15385054 0 0 0 102 69 0 103 70 114 -65 33 67 68 25 20 16 10 14 34 35 45 55 16 8 9 5 
15433500 15433511 0 0 0 130 81 0 130 81 142 -37 50 65 66 25 20 17 10 14 34 35 45 55 16 8 8 5 
15492500 15493223 0 0 0 162 105 0 162 105 169 -10 59 65 66 25 20 17 10 13 33 35 45 55 16 5 8 5 
15566500 15566645 0 -1 1 103 59 -52 104 59 111 -68 50 71 67 25 20 16 10 13 33 35 45 55 16 5 7 5 
15607000 15607134 0 2 1 -26 -20 -178 -37 -26 -28 -207 -5 76 74 25 20 16 10 13 33 35 45 55 16 10 6 5 
15731000 15731000 0 -3 1 91 63 -50 91 64 98 -81 30 64 64 25 20 16 10 13 33 35 45 55 16 5 8 5 
15789000 15789347 0 0 0 135 96 0 136 97 144 -35 44 63 65 25 20 16 10 13 33 35 45 55 16 5 8 5 
15934000 15934552 0 0 0 155 102 0 156 101 162 -17 58 61 62 25 20 16 10 13 33 35 45 55 16 2 8 5 
15959000 15959106 0 0 0 166 116 0 168 117 170 -9 55 59 58 25 20 16 10 13 33 35 45 55 16 7 7 5 
15979500 15979544 0 0 0 169 116 0 169 115 169 -10 58 62 61 25 20 16 10 13 33 35 45 55 16 8 8 5 
16061500 16062222 0 0 0 196 139 0 201 140 199 20 63 62 62 25 20 16 10 13 33 35 45 55 16 2 1 5 
16073000 16073682 0 0 0 153 106 0 156 109 158 -21 50 63 58 25 20 16 10 13 33 35 45 55 16 5 7 5 
16175000 16175172 0 0 0 126 87 0 126 86 133 -46 42 63 63 25 20 16 10 13 33 35 45 55 16 8 8 5 
16238500 16238637 0 0 0 125 86 0 129 89 135 -44 42 64 63 25 20 16 10 13 33 35 45 55 16 4 5 5 
16472000 16472120 0 0 0 112 76 0 114 77 120 -59 39 64 62 25 20 16 10 13 33 35 45 55 16 8 7 5 
16597000 16597165 0 0 0 94 62 0 95 64 102 -77 33 67 68 25 20 16 10 13 33 35 45 55 16 9 8 5 
16769000 16769028 0 0 0 99 67 0 100 68 106 -73 35 65 64 25 20 16 10 13 33 35 45 55 16 8 8 5 
16842000 16842124 0 0 0 55 32 0 53 30 57 -122 27 65 67 25 20 15 10 13 33 35 45 55 16 8 4 5 
16940000 16940121 0 0 0 66 42 0 66 43 68 -111 25 63 63 25 20 15 10 13 33 35 45 55 16 7 8 5 
16950500 16950607 0 0 0 94 66 0 97 70 103 -76 31 74 71 25 20 15 10 13 33 35 45 55 16 5 9 5 
16966500 16966745 0 0 0 135 81 0 138 83 142 -37 58 67 68 25 20 15 10 13 33 35 45 55 16 5 9 5 
16985000 16985158 0 0 0 133 84 0 134 83 136 -43 56 66 67 25 20 15 10 13 33 35 45 55 16 3 8 5 
16992000 16992131 0 -1 1 78 55 -54 80 55 88 -91 25 77 79 25 20 15 10 13 33 35 45 55 16 6 4 5 
17027000 17027061 0 2 1 -391 -224 -519 -432 -243 -399 -578 -170 83 90 25 20 15 10 13 33 35 45 55 16 1 3 5 
17203000 17203165 0 -3 1 56 17 -50 57 19 64 -115 38 68 69 25 20 15 10 13 33 35 45 55 16 9 9 5 
17249500 17249508 0 0 0 100 50 0 103 52 112 -67 52 66 66 25 20 15 10 13 33 35 45 55 16 5 8 5 
17294500 17294640 0 0 0 140 83 0 141 84 149 -30 56 65 66 25 20 15 10 13 33 35 45 55 16 8 8 5 
17318500 17319318 0 0 0 163 100 0 170 104 181 2 67 67 68 25 20 15 10 13 33 35 45 55 16 5 8 5 
17351500 17351557 0 0 0 169 109 0 170 110 178 -1 61 62 61 25 20 15 10 13 33 35 45 55 16 8 8 5 
17524000 17524037 0 0 0 152 98 0 151 97 157 -22 56 69 69 25 20 15 10 13 33 35 45 55 16 6 6 5 
17590000 17590234 0 0 0 143 90 0 143 90 151 -28 53 67 64 25 20 15 10 13 33 35 45 55 16 8 5 5 
17612500 17612526 0 0 0 85 52 0 85 54 98 -81 31 71 68 25 20 15 10 13 33 35 45 55 16 10 5 5 
17622500 17622598 0 13 0 139 87 10 138 85 146 -33 52 61 60 25 20 15 10 13 33 35 45 55 16 8 8 5 
17631000 17631089 0 0 0 166 102 0 170 104 178 -1 65 64 64 25 20 15 10 13 33 35 45 55 16 2 2 5 
17671000 17671230 0 0 0 115 74 0 116 76 119 -60 40 58 56 25 20 15 10 13 33 35 45 55 16 7 6 5 
17793000 17793053 0 0 0 111 71 0 110 70 118 -61 40 60 60 25 20 15 10 13 33 35 45 55 16 8 7 5 
17854000 17854166 0 0 0 121 88 0 121 88 126 -53 33 61 59 25 20 15 10 13 33 35 45 55 16 7 8 5 
18055500 18055570 0 0 0 90 68 0 93 70 100 -79 23 61 59 25 20 17 10 13 33 35 45 55 16 5 5 5 
18101500 18101608 0 0 0 97 71 0 98 71 106 -73 27 61 60 25 20 17 10 13 33 35 45 55 16 8 6 5 
18168500 18169266 0 -1 1 23 9 -52 17 4 25 -154 8 68 75 25 20 16 10 14 34 35 45 55 16 6 9 5 
18240500 18240596 0 2 1 -260 -264 -312 -262 -266 -254 -433 1 130 130 25 20 15 10 14 29 35 45 55 16 16 13 5 
18333500 18333724 0 -3 1 -26 -38 -48 -30 -40 -27 -206 10 98 101 25 20 16 10 13 31 35 45 55 16 2 5 5 
18371000 18371189 0 0 0 9 -7 0 13 -5 19 -160 20 89 91 25 20 16 10 13 33 35 45 55 16 6 7 5 
18507500 18507863 0 0 0 8 -11 0 11 -8 20 -159 17 87 88 25 20 16 10 13 33 35 45 55 16 6 3 5 
18600500 18600636 0 0 0 7 -5 0 8 -4 18 -161 13 87 86 25 20 16 10 13 33 35 45 55 16 11 8 5 
18763000 18763230 0 0 0 10 -10 0 9 -8 17 -162 19 89 89 25 20 15 10 13 33 35 45 55 16 7 8 5 
18782500 18783068 0 -1 1 -44 -56 -54 -48 -58 -39 -218 9 95 96 25 20 15 10 13 33 35 45 55 16 9 6 5 
19092000 19092084 0 2 1 -317 -246 -322 -316 -243 -287 -466 -57 103 101 25 20 15 10 13 31 35 45 55 16 9 13 5 
19179000 19179015 0 -3 1 -43 -5 -46 -44 -5 -31 -210 -35 84 93 25 20 15 10 14 34 35 45 55 16 7 10 5 
19672000 19673054 0 0 0 -6 4 0 3 11 19 -160 -6 65 70 25 20 16 10 14 34 35 45 55 16 2 6 5 
19856500 19857082 0 0 0 -13 2 0 -11 5 -1 -180 -16 65 65 25 20 16 10 14 34 35 45 55 16 5 8 5 
19946000 19946035 0 0 0 -2 12 0 -3 11 9 -170 -14 72 70 25 20 16 10 14 34 35 45 55 16 7 5 5 
20548500 20548506 0 0 0 -13 9 0 -11 11 -1 -180 -23 72 72 25 20 16 10 14 34 35 45 55 16 3 7 5 
20634500 20634573 0 -1 1 -65 -34 -55 -69 -37 -62 -241 -32 94 100 25 20 16 10 14 32 35 45 55 16 2 11 5 
20707000 20707352 0 2 1 -101 -96 -93 -104 -92 -107 -286 -12 93 95 25 20 16 10 14 34 35 45 55 16 6 11 5 
20753500 20754026 0 -3 1 -54 -44 -48 -49 -39 -44 -223 -11 81 84 25 20 16 10 14 34 35 45 55 16 5 7 5 
20915000 20915103 0 -1 1 -52 -48 -51 -60 -52 -50 -229 -7 102 103 25 20 15 10 14 32 35 45 55 16 6 11 5 
21048500 21048517 0 2 1 -146 -118 -149 -147 -120 -137 -316 -26 103 102 25 20 15 10 14 32 35 45 55 16 4 11 5 
21245000 21245082 0 -3 1 -39 -40 -49 -42 -42 -32 -211 -1 84 82 25 20 15 10 14 34 35 45 55 16 8 9 5 
21412000 21412208 0 0 0 15 11 0 23 17 31 -148 5 82 79 25 20 15 10 14 34 35 45 55 16 8 7 5 
21498500 21499225 0 0 0 17 13 0 12 11 21 -158 0 73 72 25 20 15 10 14 34 35 45 55 16 2 7 5 
42500 42631 1 0 -1 0 0 0 0 0 0 -186 0 61 60 25 20 18 10 14 34 35 45 55 16 8 5 5 
83000 83191 1 0 0 8 30 0 1 21 1 -189 -20 60 58 25 20 18 10 14 34 35 45 55 16 7 4 5 
151500 151805 1 -1 1 -34 -25 -52 -33 -25 -32 -222 -8 80 81 25 20 18 10 14 34 35 45 55 16 5 8 5 
222000 222062 1 2 1 -79 -53 -107 -79 -56 -79 -269 -23 79 80 25 20 17 10 14 34 35 45 55 16 3 9 5 
272500 272771 1 -3 1 -9 -12 -44 -4 -12 -5 -195 8 85 85 25 20 17 10 14 34 35 45 55 16 5 4 5 
280500 280675 1 -1 1 -13 0 -50 -24 -8 -25 -215 -17 79 75 25 20 17 10 14 34 35 45 55 16 3 4 5 
317500 318039 1 2 1 -108 -105 -151 -126 -140 -127 -317 14 79 83 25 20 17 10 14 34 35 45 55 16 2 0 5 
390000 390339 1 -3 1 4 25 -49 18 45 17 -173 -27 71 74 25 20 17 10 14 34 35 45 55 16 2 3 5 
443000 443506 1 0 0 61 54 0 61 48 60 -130 13 70 67 25 20 17 10 14 34 35 45 55 16 4 5 5 
516000 516312 1 0 0 41 44 0 43 47 42 -148 -5 67 66 25 20 17 10 14 34 35 45 55 16 7 8 5 
571500 571572 1 0 0 40 38 0 38 37 39 -151 4 63 60 25 20 17 10 14 34 35 45 55 16 8 6 5 
618500 618635 1 -1 1 -21 2 -56 -15 7 -15 -205 -23 79 77 25 20 17 10 14 34 35 45 55 16 8 7 5 
760000 760274 1 2 1 -307 -180 -328 -314 -186 -316 -506 -129 84 85 25 20 17 10 14 34 35 45 55 16 4 8 5 
848000 848239 1 -3 1 -33 15 -46 -30 18 -31 -221 -48 68 72 25 20 17 10 14 34 35 45 55 16 6 8 5 
926000 926116 1 0 0 6 24 0 7 24 6 -184 -18 63 62 25 20 17 10 14 34 35 45 55 16 5 8 5 
1002500 1002637 1 0 0 16 28 0 14 26 14 -176 -11 68 68 25 20 17 10 14 34 35 45 55 16 9 6 5 
1048500 1049907 1 -1 1 -37 -16 -52 -35 -10 -38 -228 -27 90 89 25 20 17 10 14 34 35 45 55 16 2 7 5 
1080000 1080791 1 2 1 -86 -62 -101 -92 -64 -93 -283 -29 77 74 25 20 17 10 15 35 35 45 55 16 6 6 5 
1156500 1158802 1 -3 1 -32 -23 -47 -8 1 -8 -198 -9 73 71 25 20 17 10 15 35 35 45 55 16 0 3 5 
1164500 1164574 1 -1 1 -37 -29 -51 -37 -30 -38 -228 -8 69 71 25 20 17 10 15 35 35 45 55 16 3 6 5 
1331500 1331528 1 2 1 -79 -56 -91 -82 -58 -84 -274 -26 73 77 25 20 17 10 14 34 35 45 55 16 9 6 5 
1353500 1353694 1 -3 1 -38 -27 -49 -36 -27 -36 -226 -10 76 75 25 20 17 10 14 34 35 45 55 16 6 4 5 
1367500 1368517 1 -1 1 -41 -10 -53 -51 -32 -51 -241 -18 72 72 25 20 17 10 14 34 35 45 55 16 1 5 5 
1634500 1634518 1 2 1 -138 -121 -146 -144 -128 -145 -335 -16 90 89 25 20 17 10 14 34 35 45 55 16 12 9 5 
1663500 1663513 1 -3 1 -40 -33 -48 -58 -45 -60 -250 -15 84 82 25 20 17 10 14 34 35 45 55 16 6 4 5 
1674500 1674531 1 -1 1 -46 -30 -53 -46 -30 -48 -238 -18 89 91 25 20 17 10 14 34 35 45 55 16 10 5 5 
1682000 1682016 1 2 1 -77 -66 -84 -78 -68 -78 -268 -10 87 89 25 20 17 10 14 34 35 45 55 16 7 3 5 
1730500 1730564 1 -3 1 -42 -26 -48 -39 -21 -39 -229 -19 89 86 25 20 17 10 14 34 35 45 55 16 10 6 5 
1758500 1758617 1 0 0 6 9 0 4 6 3 -187 -4 83 81 25 20 17 10 14 34 35 45 55 16 8 8 5 
1827000 1827115 1 -1 1 -53 -20 -59 -56 -26 -56 -246 -29 87 90 25 20 17 10 14 34 35 45 55 16 1 2 5 
1943000 1943312 1 2 1 -146 -119 -150 -137 -121 -137 -327 -15 98 101 25 20 17 10 14 32 35 45 55 16 4 4 5 
2163500 2164108 1 -3 1 -47 -43 -50 -50 -41 -50 -240 -9 87 85 25 20 17 10 14 34 35 45 55 16 0 5 5 
2173000 2173423 1 -1 1 -50 7 -53 -55 4 -55 -245 -59 83 82 25 20 17 10 14 34 35 45 55 16 4 3 5 
2198500 2198620 1 2 1 -139 -75 -141 -149 -78 -149 -339 -71 83 80 25 20 17 10 14 34 35 45 55 16 7 6 5 
2223500 2223506 1 -3 1 -45 -19 -47 -47 -13 -49 -239 -34 67 66 25 20 17 10 14 34 35 45 55 16 6 4 5 
2262500 2262579 1 0 0 2 4 0 2 0 2 -188 3 66 66 25 20 17 10 14 34 35 45 55 16 4 7 5 
2272000 2272466 1 0 0 37 36 0 37 38 38 -152 0 66 68 25 20 17 10 14 34 35 45 55 16 5 7 5 
2325500 2325550 1 0 0 46 48 0 40 45 39 -151 -5 66 64 25 20 17 10 14 34 35 45 55 16 8 4 5 
2467000 2467835 1 0 0 0 27 0 7 24 7 -183 -16 69 70 25 20 17 10 14 34 35 45 55 16 3 9 5 
2639500 2639710 1 0 0 15 39 0 12 35 10 -180 -24 66 66 25 20 17 10 14 34 35 45 55 16 5 6 5 
2877500 2878343 1 0 0 0 25 0 6 28 5 -185 -22 66 67 25 20 17 10 14 34 35 45 55 16 2 6 5 
2978000 2978319 1 -1 1 -52 -30 -53 -51 -28 -52 -242 -23 91 91 25 20 17 10 14 34 35 45 55 16 6 7 5 
3069000 3069127 1 2 1 -189 -120 -190 -190 -125 -191 -381 -64 77 76 25 20 17 10 14 34 35 45 55 16 4 8 5 
3139000 3140976 1 -3 1 -48 -98 -50 -29 -107 -28 -218 78 82 84 25 20 17 10 14 34 35 45 55 16 0 3 5 
3223500 3223568 1 -1 1 -48 -24 -51 -48 -24 -49 -239 -23 76 72 25 20 17 10 14 34 35 45 55 16 8 6 5 
3929000 3929583 1 2 1 -291 -274 -298 -418 -406 -419 -609 -12 93 90 25 20 16 10 15 35 35 45 55 16 0 0 5 
4403000 4403077 1 -3 1 -41 -55 -50 -43 -58 -43 -233 16 92 91 25 20 17 10 14 34 35 45 55 16 8 6 5 
4411000 4411736 1 -1 1 -47 -74 -55 -65 -105 -64 -254 42 93 90 25 20 17 10 14 34 35 45 55 16 5 5 5 
4734000 4734855 1 2 1 -163 -92 -174 -152 -97 -151 -341 -54 86 88 25 20 16 10 14 34 35 45 55 16 3 3 5 
5013000 5013656 1 -3 1 -35 22 -48 -27 38 -27 -217 -65 91 89 25 20 15 10 14 34 35 45 55 16 1 0 5 
5073000 5077764 1 -1 1 -40 -33 -52 -68 -53 -70 -260 -15 90 89 25 20 15 10 14 34 35 45 55 16 0 7 5 
5083500 5083769 1 2 1 -83 -59 -96 -91 -62 -92 -282 -28 93 94 25 20 15 10 14 34 35 45 55 16 3 3 5 
5101500 5102122 1 -3 1 -36 -19 -48 -28 -17 -30 -220 -13 96 97 25 20 15 10 14 34 35 45 55 16 3 9 5 
5281500 5281539 1 0 0 14 15 0 16 12 14 -176 2 80 76 25 20 15 10 14 34 35 45 55 16 4 8 5 
5327500 5327503 1 0 0 70 76 0 58 67 58 -132 -8 87 89 25 20 16 10 14 34 35 45 55 16 2 8 5 
5355500 5355547 1 0 0 46 54 0 47 56 47 -143 -10 83 84 25 20 16 10 14 34 35 45 55 16 2 8 5 
5375000 5375115 1 0 0 -1 -4 0 7 1 6 -184 6 82 84 25 20 16 10 14 34 35 45 55 16 8 5 5 
5392500 5392953 1 -1 1 -51 -20 -51 -55 -17 -54 -244 -37 90 88 25 20 16 10 14 34 35 45 55 16 2 1 5 
5456500 5456639 1 2 1 -214 -125 -214 -208 -117 -209 -399 -91 96 96 25 20 16 10 14 34 35 45 55 16 7 8 5 
5514000 5514493 1 -3 1 -43 28 -44 -27 34 -28 -218 -62 100 100 25 20 15 10 14 32 35 45 55 16 5 4 5 
5638500 5638576 1 0 0 2 17 0 2 14 1 -189 -13 92 94 25 20 15 10 14 34 35 45 55 16 12 1 5 
5920500 5923515 1 -1 1 -43 -20 -50 -52 -30 -54 -244 -22 108 111 25 20 14 10 13 29 35 45 55 16 0 9 5 
5937500 5937519 1 2 1 -101 -58 -108 -112 -65 -114 -304 -46 104 106 25 20 14 10 13 31 35 45 55 16 11 13 5 
5972000 5972116 1 -3 1 -40 6 -48 -42 4 -43 -233 -45 95 93 25 20 14 10 13 33 35 45 55 16 9 9 5 
6194500 6194519 1 0 0 13 30 0 12 28 10 -180 -18 84 83 25 20 15 10 13 33 35 45 55 16 11 11 5 
6291000 6291134 1 0 0 -15 0 0 -13 3 -12 -202 -15 80 80 25 20 15 10 13 33 35 45 55 16 7 4 5 
6397000 6397106 1 0 0 -8 10 0 -8 10 -8 -198 -18 78 77 25 20 15 10 13 33 35 45 55 16 10 10 5 
6473000 6473198 1 0 0 4 18 0 7 20 7 -183 -12 75 76 25 20 15 10 13 33 35 45 55 16 1 8 5 
6747500 6747527 1 0 0 26 34 0 29 36 28 -162 -8 70 70 25 20 15 10 13 33 35 45 55 16 9 5 5 
6991500 6991519 1 0 0 3 4 0 4 4 3 -187 1 72 72 25 20 15 10 13 33 35 45 55 16 8 8 5 
7396500 7396563 1 0 0 8 8 0 8 9 6 -184 -2 70 69 25 20 15 10 13 33 35 45 55 16 8 6 5 
7996500 7996598 1 0 0 20 31 0 19 31 19 -171 -12 68 71 25 20 16 10 13 33 35 45 55 16 3 7 5 
8041500 8041624 1 -1 1 -30 -17 -51 -45 -29 -46 -236 -17 90 89 25 20 16 10 13 33 35 45 55 16 11 9 5 
8090000 8090040 1 2 1 -119 -106 -139 -118 -105 -120 -310 -13 80 82 25 20 15 10 13 33 35 45 55 16 7 5 5 
8238500 8238519 1 -3 1 -28 -15 -49 -29 -16 -29 -219 -13 70 71 25 20 15 10 13 33 35 45 55 16 9 6 5 
8273500 8274227 1 -1 1 -34 -24 -55 -50 -39 -51 -241 -10 81 85 25 20 15 10 13 33 35 45 55 16 0 5 5 
8592500 8593051 1 2 1 -133 -120 -155 -142 -137 -143 -333 -7 74 77 25 20 15 10 13 33 35 45 55 16 2 4 5 
8609000 8610500 1 -3 1 -22 -41 -44 23 -21 22 -168 44 71 74 25 20 15 10 13 33 35 45 55 16 0 3 5 
8772500 8772775 1 0 0 22 25 0 18 24 18 -172 -6 67 66 25 20 15 10 13 33 35 45 55 16 5 8 5 
8802500 8802710 1 0 0 22 25 0 21 23 21 -169 -3 69 68 25 20 15 10 13 33 35 45 55 16 9 5 5 
9342500 9342866 1 0 0 -10 14 0 -12 10 -13 -203 -22 74 74 25 20 16 10 13 33 35 45 55 16 5 4 5 
9371000 9371134 1 0 0 6 24 0 7 26 5 -185 -20 74 73 25 20 16 10 13 33 35 45 55 16 9 9 5 
9416000 9416062 1 0 0 -14 6 0 -16 4 -17 -207 -20 75 76 25 20 16 10 13 33 35 45 55 16 8 7 5 
9587500 9588120 1 -1 1 -66 -50 -58 -80 -59 -80 -270 -20 83 88 25 20 16 10 13 33 35 45 55 16 3 7 5 
9597000 9597750 1 2 1 -119 -90 -112 -121 -91 -122 -312 -30 74 78 25 20 16 10 13 33 35 45 55 16 5 9 5 
9639500 9639639 1 -3 1 -54 -26 -49 -56 -28 -55 -245 -29 72 75 25 20 16 10 13 33 35 45 55 16 4 5 5 
9913500 9913676 1 0 0 5 28 0 3 28 2 -188 -24 70 72 25 20 16 10 13 33 35 45 55 16 5 9 5 
10171500 10171513 1 0 0 12 30 0 13 30 11 -179 -17 76 75 25 20 16 10 13 33 35 45 55 16 10 10 5 
10401000 10401077 1 0 0 21 29 0 21 28 21 -169 -8 74 77 25 20 16 10 13 33 35 45 55 16 9 8 5 
10611000 10611112 1 0 0 26 40 0 25 40 25 -165 -14 73 73 25 20 16 10 13 33 35 45 55 16 9 9 5 
10887500 10888022 1 0 0 41 53 0 40 52 39 -151 -12 69 71 25 20 16 10 13 33 35 45 55 16 6 6 5 
11111000 11111289 1 0 0 50 60 0 50 60 49 -141 -11 68 69 25 20 16 10 13 33 35 45 55 16 8 9 5 
11172500 11172628 1 0 0 31 29 0 31 30 31 -159 1 92 93 25 20 15 10 14 34 35 45 55 16 10 12 5 
11179500 11179790 1 -1 1 -19 -34 -50 -26 -40 -26 -216 14 99 99 25 20 15 10 14 34 35 45 55 16 9 10 5 
11493000 11493190 1 2 1 -255 -193 -287 -260 -198 -261 -451 -63 74 72 25 20 15 10 13 33 35 45 55 16 9 8 5 
11618000 11618047 1 -3 1 -17 -4 -50 -17 -2 -17 -207 -15 61 61 25 20 15 10 13 33 35 45 55 16 8 8 5 
11789500 11789564 1 0 0 34 39 0 33 38 32 -158 -5 61 61 25 20 15 10 13 33 35 45 55 16 5 5 5 
11909500 11909545 1 0 0 12 38 0 13 40 12 -178 -29 61 60 25 20 16 10 14 34 35 45 55 16 5 8 5 
12162500 12162665 1 0 0 0 23 0 -2 19 -2 -192 -21 64 64 25 20 16 10 14 34 35 45 55 16 8 8 5 
12320000 12320206 1 0 0 -5 26 0 -3 27 -2 -192 -29 65 64 25 20 16 10 14 34 35 45 55 16 8 8 5 
12331000 12331116 1 13 0 46 45 14 49 45 47 -143 3 70 74 25 20 16 10 14 34 35 45 55 16 7 9 5 
12341000 12341009 1 0 0 66 57 0 62 54 61 -129 9 61 61 25 20 16 10 14 34 35 45 55 16 8 8 5 
12426000 12426107 1 0 0 39 48 0 39 49 39 -151 -11 64 65 25 20 16 10 14 34 35 45 55 16 8 8 5 
12551000 12551003 1 0 0 35 44 0 33 41 34 -156 -7 64 65 25 20 16 10 14 34 35 45 55 16 5 8 5 
12619000 12619666 1 0 0 14 31 0 14 29 14 -176 -16 63 65 25 20 16 10 14 34 35 45 55 16 2 5 5 
12628000 12628095 1 13 0 51 54 14 56 57 54 -136 -3 65 69 25 20 16 10 14 34 35 45 55 16 9 8 5 
12641000 12641107 1 0 0 71 66 0 70 63 70 -120 5 64 65 25 20 16 10 14 34 35 45 55 16 8 8 5 
12667000 12667149 1 0 0 74 68 0 74 69 74 -116 6 64 63 25 20 16 10 14 34 35 45 55 16 8 8 5 
12686000 12686172 1 0 0 89 74 0 87 73 87 -103 15 66 67 25 20 16 10 14 34 35 45 55 16 8 8 5 
12843500 12843674 1 0 0 3 16 0 1 14 -1 -191 -14 64 61 25 20 16 10 14 34 35 45 55 16 8 7 5 
12879000 12879132 1 0 0 6 26 0 2 24 1 -189 -23 64 63 25 20 16 10 14 34 35 45 55 16 8 5 5 
12883000 12883256 1 13 0 21 33 -17 19 29 18 -172 -11 69 68 25 20 16 10 14 34 35 45 55 16 6 9 5 
12887000 12887157 1 0 0 70 64 0 77 68 75 -115 7 69 72 25 20 16 10 14 34 35 45 55 16 7 8 5 
12934000 12934022 1 0 0 55 50 0 53 46 52 -138 7 59 59 25 20 16 10 14 34 35 45 55 16 7 7 5 
12949500 12949541 1 0 0 30 39 0 30 39 29 -161 -10 60 59 25 20 16 10 14 34 35 45 55 16 8 7 5 
12993500 12993534 1 0 0 6 31 0 4 27 4 -186 -23 62 59 25 20 16 10 14 34 35 45 55 16 8 6 5 
12999500 12999576 1 13 0 58 64 19 58 63 58 -132 -3 63 61 25 20 16 10 14 34 35 45 55 16 9 7 5 
13005000 13005209 1 0 0 69 69 0 68 69 68 -122 -1 59 61 25 20 16 10 14 34 35 45 55 16 5 8 5 
13061000 13061176 1 0 0 61 61 0 67 65 66 -124 2 60 62 25 20 16 10 14 34 35 45 55 16 5 8 5 
13119500 13119679 1 -1 1 9 20 -51 9 17 9 -181 -8 69 68 25 20 16 10 14 34 35 45 55 16 9 6 5 
13196000 13196067 1 2 1 -332 -193 -393 -335 -193 -336 -526 -142 91 91 25 20 16 10 14 34 35 45 55 16 12 10 5 
13360000 13360025 1 -3 1 10 19 -50 9 17 8 -182 -8 73 71 25 20 16 10 14 34 35 45 55 16 9 7 5 
13498500 13498606 1 0 0 60 66 0 59 66 59 -131 -7 66 65 25 20 17 10 14 34 35 45 55 16 8 8 5 
13958000 13958040 1 0 0 46 62 0 46 62 47 -143 -15 65 65 25 20 17 10 14 34 35 45 55 16 8 8 5 
14474500 14474726 1 0 0 42 63 0 41 64 41 -149 -23 63 62 25 20 17 10 14 34 35 45 55 16 8 8 5 
14594500 14594705 1 0 0 7 35 0 6 33 4 -186 -28 66 65 25 20 17 10 14 34 35 45 55 16 8 8 5 
14694000 14694102 1 0 0 -7 24 0 -9 22 -9 -199 -30 66 65 25 20 17 10 14 34 35 45 55 16 8 8 5 
14936500 14936600 1 0 0 -27 6 0 -27 6 -27 -217 -32 71 70 25 20 17 10 14 34 35 45 55 16 9 9 5 
15051500 15051929 1 -1 1 -86 -32 -50 -86 -33 -88 -278 -53 70 72 25 20 17 10 15 35 35 45 55 16 2 9 5 
15089500 15089545 1 2 1 -204 -114 -166 -209 -116 -211 -401 -93 78 77 25 20 17 10 15 35 35 45 55 16 9 9 5 
15131500 15132092 1 -3 1 -90 -59 -49 -77 -57 -77 -267 -19 76 77 25 20 17 10 15 35 35 45 55 16 6 9 5 
15167000 15167499 1 -1 1 -96 -57 -52 -89 -50 -90 -280 -39 95 99 25 20 16 10 15 35 35 45 55 16 4 6 5 
15180000 15180052 1 2 1 -205 -191 -160 -206 -192 -206 -396 -14 124 123 25 20 16 10 15 30 35 45 55 16 15 13 5 
15203500 15203954 1 -3 1 -96 -82 -49 -97 -86 -96 -286 -11 113 116 25 20 16 10 15 31 35 45 55 16 6 11 5 
15213500 15213619 1 -1 1 -103 -74 -55 -98 -83 -98 -288 -16 107 113 25 20 17 10 14 30 35 45 55 16 5 5 5 
15226500 15226581 1 2 1 -407 -283 -359 -419 -291 -421 -611 -128 98 95 25 20 17 10 14 34 35 45 55 16 13 10 5 
15342000 15342215 1 -3 1 -105 -65 -48 -106 -66 -107 -297 -40 68 68 25 20 16 10 15 35 35 45 55 16 9 8 5 
15349000 15349118 1 0 0 -58 -30 0 -59 -31 -60 -250 -29 65 65 25 20 16 10 15 35 35 45 55 16 8 8 5 
15367000 15367225 1 0 0 -23 -9 0 -22 -8 -25 -215 -15 66 65 25 20 16 10 14 34 35 45 55 16 8 8 5 
15395000 15395205 1 0 0 -5 0 0 -7 0 -7 -197 -7 65 65 25 20 16 10 14 34 35 45 55 16 8 8 5 
15435500 15435566 1 0 0 34 21 0 33 21 32 -158 11 66 66 25 20 17 10 14 34 35 45 55 16 8 8 5 
15494500 15494642 1 0 0 69 45 0 67 44 66 -124 24 65 62 25 20 17 10 13 33 35 45 55 16 6 6 5 
15558000 15558170 1 -1 1 15 -1 -52 14 -3 12 -178 15 66 61 25 20 16 10 13 33 35 45 55 16 8 8 5 
15607000 15607134 1 2 1 -140 -98 -206 -151 -103 -152 -342 -50 76 74 25 20 16 10 13 33 35 45 55 16 10 6 5 
15735000 15735108 1 -3 1 14 12 -49 13 11 11 -179 2 64 64 25 20 16 10 13 33 35 45 55 16 8 7 5 
15792500 15792626 1 0 0 61 55 0 61 54 59 -131 6 65 63 25 20 16 10 13 33 35 45 55 16 8 7 5 
15857000 15857094 1 -1 1 11 10 -52 10 9 10 -180 -1 67 70 25 20 16 10 13 33 35 45 55 16 8 9 5 
15903000 15903163 1 2 1 -15 -8 -79 -17 -10 -15 -205 -5 66 65 25 20 16 10 13 33 35 45 55 16 7 8 5 
15921000 15921271 1 -3 1 17 15 -48 20 21 20 -170 1 71 74 25 20 16 10 13 33 35 45 55 16 5 8 5 
15932500 15932678 1 0 0 64 49 0 67 51 66 -124 15 61 62 25 20 16 10 13 33 35 45 55 16 7 2 5 
15959500 15959626 1 0 0 70 55 0 71 56 70 -120 15 60 58 25 20 16 10 13 33 35 45 55 16 7 7 5 
15979500 15979544 1 0 0 82 59 0 81 58 80 -110 22 62 61 25 20 16 10 13 33 35 45 55 16 8 8 5 
16059000 16059121 1 0 0 104 78 0 106 78 105 -85 28 62 61 25 20 16 10 13 33 35 45 55 16 5 2 5 
16065500 16065543 1 0 0 111 80 0 111 79 109 -81 31 62 61 25 20 16 10 13 33 35 45 55 16 4 5 5 
16068000 16068667 1 13 0 92 67 1 82 60 83 -107 21 64 65 25 20 16 10 13 33 35 45 55 16 2 7 5 
16072000 16072205 1 0 0 59 53 0 53 50 53 -137 3 65 61 25 20 16 10 13 33 35 45 55 16 9 5 5 
16178000 16178082 1 0 0 35 30 0 36 30 33 -157 5 63 60 25 20 16 10 13 33 35 45 55 16 8 5 5 
16237000 16237241 1 0 0 26 24 0 27 26 27 -163 2 64 64 25 20 16 10 13 33 35 45 55 16 4 5 5 
16472000 16472120 1 0 0 26 29 0 26 28 25 -165 -3 64 62 25 20 16 10 13 33 35 45 55 16 8 7 5 
16598000 16598059 1 0 0 6 13 0 5 13 4 -186 -8 67 66 25 20 16 10 13 33 35 45 55 16 9 8 5 
16773500 16773590 1 0 0 -1 7 0 -5 5 -6 -196 -10 66 68 25 20 16 10 13 33 35 45 55 16 5 8 5 
16841500 16841674 1 0 0 -46 -31 0 -48 -33 -49 -239 -15 65 67 25 20 15 10 13 33 35 45 55 16 8 6 5 
16941500 16941550 1 0 0 -26 -9 0 -26 -11 -26 -216 -15 63 62 25 20 15 10 13 33 35 45 55 16 8 5 5 
16948500 16948521 1 0 0 -5 3 0 -5 1 -5 -195 -6 65 63 25 20 15 10 13 33 35 45 55 16 4 5 5 
16964500 16964702 1 0 0 -3 -21 0 -2 -20 -2 -192 17 67 67 25 20 15 10 13 33 35 45 55 16 8 5 5 
16987000 16987204 1 0 0 0 -14 0 1 -13 0 -190 14 67 66 25 20 15 10 13 33 35 45 55 16 8 5 5 
16992000 16992131 1 -1 1 -57 -32 -58 -57 -33 -59 -249 -25 77 79 25 20 15 10 13 33 35 45 55 16 6 4 5 
17027500 17028114 1 2 1 -458 -259 -461 -455 -258 -456 -646 -196 83 79 25 20 15 10 13 33 35 45 55 16 1 5 5 
17174000 17174001 1 -3 1 -33 -39 -49 -35 -40 -36 -226 4 69 68 25 20 15 10 13 33 35 45 55 16 9 3 5 
17247500 17247681 1 0 0 22 8 0 22 6 21 -169 16 66 67 25 20 15 10 13 33 35 45 55 16 5 5 5 
17295500 17295563 1 0 0 68 41 0 69 41 68 -122 28 64 65 25 20 15 10 13 33 35 45 55 16 8 8 5 
17319000 17319318 1 0 0 90 58 0 91 57 90 -100 33 67 68 25 20 15 10 13 33 35 45 55 16 5 8 5 
17351000 17351069 1 0 0 89 66 0 90 66 90 -100 26 62 62 25 20 15 10 13 33 35 45 55 16 8 8 5 
17518500 17518615 1 0 0 63 38 0 63 37 63 -127 26 69 68 25 20 15 10 13 33 35 45 55 16 6 6 5 
17590000 17590234 1 0 0 47 30 0 46 28 44 -146 18 67 64 25 20 15 10 13 33 35 45 55 16 8 5 5 
17615000 17615091 1 0 0 -11 -5 0 -11 -6 -12 -202 -4 65 63 25 20 15 10 13 33 35 45 55 16 5 8 5 
17626500 17627337 1 13 0 62 41 19 65 45 64 -126 19 62 64 25 20 15 10 13 33 35 45 55 16 1 6 5 
17635000 17636637 1 0 0 82 55 0 78 50 78 -112 28 66 70 25 20 15 10 13 33 35 45 55 16 0 8 5 
17674000 17674224 1 0 0 28 17 0 27 17 25 -165 10 58 60 25 20 15 10 13 33 35 45 55 16 4 7 5 
17789500 17789642 1 0 0 39 33 0 38 31 38 -152 7 65 63 25 20 15 10 13 33 35 45 55 16 4 5 5 
17855000 17855170 1 0 0 33 37 0 33 36 32 -158 -4 62 61 25 20 15 10 13 33 35 45 55 16 7 7 5 
18055000 18055317 1 0 0 6 17 0 7 17 8 -182 -8 62 59 25 20 17 10 13 33 35 45 55 16 5 5 5 
18084000 18084126 1 0 0 11 24 0 10 22 9 -181 -12 60 60 25 20 17 10 13 33 35 45 55 16 8 7 5 
18160500 18160954 1 -1 1 -47 -34 -51 -47 -35 -48 -238 -12 67 69 25 20 16 10 13 33 35 45 55 16 5 6 5 
18178000 18178023 1 2 1 -284 -145 -286 -297 -152 -297 -487 -144 84 85 25 20 16 10 14 34 35 45 55 16 10 6 5 
18328500 18328691 1 -3 1 -60 -69 -47 -47 -69 -47 -237 24 104 103 25 20 16 10 13 31 35 45 55 16 0 4 5 
18382000 18382385 1 0 0 -18 -12 0 -19 -12 -21 -211 -7 91 90 25 20 16 10 13 33 35 45 55 16 6 8 5 
18500000 18500246 1 0 0 -6 -20 0 0 -18 0 -190 17 87 88 25 20 16 10 13 33 35 45 55 16 1 7 5 
18596500 18596785 1 0 0 -3 1 0 -2 1 -4 -194 -4 83 84 25 20 16 10 13 33 35 45 55 16 5 11 5 
18746000 18746333 1 0 0 -16 8 0 -12 21 -14 -204 -33 82 83 25 20 16 10 13 33 35 45 55 16 3 6 5 
18762000 18762010 1 0 0 -21 -19 0 -13 -17 -15 -205 4 88 87 25 20 15 10 13 33 35 45 55 16 7 4 5 
18783500 18783529 1 -1 1 -78 -68 -58 -74 -67 -75 -265 -8 97 99 25 20 15 10 13 33 35 45 55 16 8 7 5 
18865000 18865052 1 2 1 -332 -251 -314 -330 -255 -330 -520 -75 98 97 25 20 15 10 13 33 35 45 55 16 10 12 5 
19176500 19176661 1 -3 1 -59 -3 -47 -55 -1 -56 -246 -54 85 88 25 20 15 10 14 34 35 45 55 16 5 8 5 
19676000 19676209 1 0 0 -2 19 0 -9 13 -9 -199 -22 68 66 25 20 16 10 14 34 35 45 55 16 5 7 5 
19861500 19862031 1 0 0 -2 21 0 4 24 4 -186 -21 65 67 25 20 16 10 14 34 35 45 55 16 5 8 5 
19942000 19942008 1 0 0 7 28 0 4 25 1 -189 -22 75 86 25 20 16 10 14 34 35 45 55 16 2 5 5 
20576000 20576207 1 0 0 -34 -5 0 -36 -7 -36 -226 -28 71 69 25 20 16 10 14 34 35 45 55 16 5 6 5 
20646500 20646821 1 -1 1 -84 -79 -54 -91 -86 -91 -281 -4 101 99 25 20 16 10 14 34 35 45 55 16 6 8 5 
20706500 20706505 1 2 1 -136 -116 -109 -138 -122 -139 -329 -17 94 89 25 20 16 10 14 34 35 45 55 16 10 8 5 
20865000 20866090 1 -3 1 -68 -53 -48 -48 -33 -51 -241 -15 87 81 25 20 15 10 14 34 35 45 55 16 3 7 5 
20923500 20923590 1 -1 1 -71 -64 -53 -75 -68 -76 -266 -8 107 106 25 20 15 10 14 32 35 45 55 16 13 4 5 
21070500 21070502 1 2 1 -233 -196 -222 -285 -253 -285 -475 -31 98 99 25 20 15 10 14 34 35 45 55 16 2 2 5 
21245000 21245082 1 -3 1 -49 -37 -46 -52 -39 -52 -242 -12 84 82 25 20 15 10 14 34 35 45 55 16 8 9 5 
21412000 21412208 1 0 0 4 13 0 8 15 6 -184 -8 82 79 25 20 15 10 14 34 35 45 55 16 8 7 5 
21489000 21489140 1 0 0 5 12 0 0 8 -1 -191 -9 73 73 25 20 15 10 14 34 35 45 55 16 9 9 5 
