52750 53771 0 0 -1 0 0 0 0 0 0 102 0 82 83 25 20 21 10 10 30 35 45 55 16 0 8 5 
223250 223323 0 0 0 -25 -71 0 -30 -77 -31 82 54 78 81 25 20 21 10 10 30 35 45 55 16 9 10 5 
352750 352860 0 0 0 -15 -58 0 -19 -63 -15 98 55 81 75 25 20 21 10 10 30 35 45 55 16 10 10 5 
480750 480785 0 -1 1 -73 -126 -55 -81 -133 -77 36 59 98 98 25 20 21 10 11 31 35 45 55 16 9 10 5 
645750 645839 0 2 1 -344 -314 -322 -341 -318 -351 -238 -29 112 112 25 20 21 10 11 27 35 45 55 16 15 13 5 
974250 974282 0 -3 1 -79 -123 -49 -85 -128 -89 24 44 90 89 25 20 21 10 10 30 35 45 55 16 12 12 5 
1251250 1251408 0 0 0 -36 -95 0 -44 -102 -32 81 72 86 86 25 20 21 10 11 31 35 45 55 16 11 11 5 
1409750 1409826 0 -1 7 -61 -105 -56 -76 -116 -76 37 42 103 108 25 20 21 10 11 29 35 45 55 16 11 14 5 
1413250 1413326 0 2 7 -95 -126 -91 -105 -134 -103 10 35 107 106 25 20 21 10 11 29 35 45 55 16 14 14 5 
1430250 1430354 0 -3 7 -48 -107 -47 -45 -109 -43 70 71 95 97 25 20 21 10 11 31 35 45 55 16 13 7 5 
1592250 1592386 0 0 0 31 -54 0 27 -61 31 144 93 87 90 25 20 21 10 11 31 35 45 55 16 11 9 5 
1865750 1865813 0 0 0 40 -39 0 28 -48 37 150 85 81 82 25 20 21 10 11 31 35 45 55 16 10 10 5 
2001250 2001545 0 0 0 23 -59 0 21 -63 27 140 89 87 80 25 20 21 10 11 31 35 45 55 16 7 11 5 
2056250 2056308 0 -1 1 -33 -103 -56 -31 -106 -26 87 81 101 98 25 20 21 10 11 31 35 45 55 16 7 10 5 
2111250 2111437 0 2 1 -209 -223 -232 -215 -230 -217 -104 21 96 91 25 20 21 10 11 31 35 45 55 16 12 12 5 
2599750 2599839 0 -3 1 -42 -88 -64 -49 -93 -47 66 47 94 92 25 20 21 10 11 31 35 45 55 16 9 12 5 
2600250 2600327 0 -1 7 -42 -88 -65 -49 -97 -49 64 49 94 93 25 20 21 10 11 31 35 45 55 16 9 12 5 
3013250 3013824 0 2 7 -175 -182 -197 -179 -195 -180 -67 17 104 108 25 20 21 10 10 28 35 45 55 16 2 13 5 
3303250 3303301 0 -3 7 -29 -88 -50 -34 -92 -32 81 63 91 93 25 20 21 10 11 31 35 45 55 16 12 9 5 
3460750 3460893 0 0 0 22 -43 0 13 -50 16 129 66 86 85 25 20 21 10 11 31 35 45 55 16 10 11 5 
3763750 3763849 0 0 0 0 -58 0 -2 -61 2 115 63 77 79 25 20 21 10 11 31 35 45 55 16 10 9 5 
3900250 3900258 0 0 0 49 -25 0 41 -34 46 159 81 82 85 25 20 21 10 11 31 35 45 55 16 11 10 5 
4053250 4053348 0 0 0 39 -33 0 29 -43 33 146 75 78 76 25 20 21 10 11 31 35 45 55 16 10 10 5 
4073750 4073832 0 0 0 49 -27 0 41 -35 44 157 79 81 80 25 20 21 10 11 31 35 45 55 16 10 10 5 
4329750 4329850 0 0 0 55 -22 0 51 -27 55 168 81 77 79 25 20 21 10 11 31 35 45 55 16 9 10 5 
4371250 4371400 0 0 0 15 -73 0 5 -84 12 125 97 92 91 25 20 21 10 11 31 35 45 55 16 8 11 5 
4544750 4545207 0 0 0 20 -62 0 17 -65 22 135 86 86 86 25 20 21 10 11 31 35 45 55 16 8 11 5 
4937250 4937263 0 0 0 29 -43 0 23 -49 27 140 77 79 79 25 20 21 10 11 31 35 45 55 16 10 10 5 
4972250 4972373 0 -1 7 -26 -80 -55 -26 -82 -25 88 63 99 99 25 20 21 10 11 31 35 45 55 16 11 14 5 
5257750 5257980 0 2 7 -150 -154 -179 -153 -148 -171 -58 -9 97 101 25 20 21 10 11 29 35 45 55 16 2 2 5 
6832750 6832827 0 -3 7 -18 -89 -49 -22 -93 -27 86 71 89 93 25 20 21 10 11 31 35 45 55 16 9 7 5 
6848750 6848861 0 -1 7 -20 -84 -52 -30 -95 -35 78 65 89 91 25 20 21 10 11 31 35 45 55 16 11 12 5 
6933750 6933858 0 2 7 -103 -136 -134 -111 -145 -115 -2 34 104 104 25 20 21 10 11 29 35 45 55 16 14 13 5 
7055250 7055406 0 -3 7 -18 -89 -50 -28 -98 -29 84 67 80 78 25 20 21 10 11 31 35 45 55 16 10 8 5 
7187250 7187380 0 0 0 32 -48 0 24 -58 19 132 82 81 79 25 20 21 10 11 31 35 45 55 16 9 10 5 
7440250 7440312 0 0 0 29 -39 0 25 -42 21 134 67 83 82 25 20 21 10 11 31 35 45 55 16 10 10 5 
7532250 7532283 0 -1 1 -22 -83 -50 -31 -94 -32 81 65 93 94 25 20 21 10 11 31 35 45 55 16 12 12 5 
8270750 8272254 0 2 1 -187 -213 -214 -196 -240 -125 -12 43 103 103 25 20 21 10 11 29 35 45 55 16 0 1 5 
9491750 9491818 0 -3 1 -26 -78 -50 -31 -84 -33 80 55 85 84 25 20 21 10 11 31 35 45 55 16 11 10 5 
9632250 9632429 0 0 0 24 -34 0 17 -38 13 126 55 80 82 25 20 22 10 11 31 35 45 55 16 9 10 5 
9736250 9736316 0 -1 1 -36 -68 -53 -33 -74 -37 76 41 98 97 25 20 21 10 11 31 35 45 55 16 12 10 5 
9741750 9741835 0 2 1 -119 -119 -136 -129 -128 -134 -21 0 110 111 25 20 21 10 11 27 35 45 55 16 14 14 5 
9820750 9820896 0 -3 1 -38 -82 -50 -45 -89 -48 65 46 74 77 25 20 21 10 11 31 35 45 55 16 9 9 5 
10236250 10236333 0 0 0 -16 -69 0 -23 -75 -27 86 51 69 69 25 20 23 10 11 31 35 45 55 16 9 8 5 
10348750 10348825 0 0 0 20 -47 0 13 -54 10 123 68 70 69 25 20 23 10 11 31 35 45 55 16 9 9 5 
10912750 10912843 0 0 0 18 -38 0 10 -45 7 120 56 66 65 25 20 22 10 11 31 35 45 55 16 8 8 5 
11398750 11398930 0 0 0 23 -37 0 14 -43 11 124 56 61 62 25 20 23 10 11 31 35 45 55 16 8 8 5 
11849250 11849314 0 -1 7 -24 -76 -50 -36 -88 -33 80 58 93 96 25 20 21 10 12 32 35 45 55 16 12 12 5 
11889250 11889763 0 2 7 -85 -138 -112 -100 -147 -86 27 58 91 94 25 20 21 10 12 32 35 45 55 16 3 4 5 
11952750 11952864 0 -3 7 -22 -72 -49 -30 -81 -29 84 56 71 72 25 20 21 10 12 32 35 45 55 16 9 8 5 
12219750 12219753 0 0 0 30 -33 0 22 -42 25 138 70 67 69 25 20 23 10 12 32 35 45 55 16 8 7 5 
13228750 13228875 0 0 0 33 -24 0 29 -30 24 137 60 60 59 25 20 23 10 11 31 35 45 55 16 7 8 5 
13724750 13724884 0 0 0 24 -31 0 16 -39 12 125 55 61 60 25 20 23 10 11 31 35 45 55 16 8 8 5 
14837250 14837384 0 0 0 21 -21 0 14 -28 9 122 41 58 58 25 20 23 10 11 31 35 45 55 16 7 7 5 
15857250 15857339 0 0 0 16 -18 0 10 -24 6 119 34 55 55 25 20 23 10 11 31 35 45 55 16 7 7 5 
16447250 16447268 0 0 0 8 -23 0 2 -29 -1 112 31 63 65 25 20 24 10 11 31 35 45 55 16 8 8 5 
17586250 17586287 0 0 0 8 -18 0 1 -24 -3 110 25 54 54 25 20 24 10 11 31 35 45 55 16 6 7 5 
17983250 17983259 0 0 0 -4 -33 0 -11 -41 -15 98 29 50 50 25 20 24 10 11 31 35 45 55 16 6 6 5 
18838750 18838917 0 0 0 18 -27 0 14 -30 10 123 44 61 61 25 20 24 10 11 31 35 45 55 16 8 8 5 
19296250 19296263 0 0 0 26 -32 0 21 -35 16 129 55 65 65 25 20 24 10 11 31 35 45 55 16 8 8 5 
19449750 19449823 0 0 0 35 -28 0 31 -33 26 139 65 75 74 25 20 24 10 11 31 35 45 55 16 9 10 5 
20072250 20072385 0 0 0 2 -46 0 -4 -51 -7 106 49 61 56 25 20 24 10 11 31 35 45 55 16 8 7 5 
20274250 20274251 0 0 0 30 -30 0 24 -35 21 134 60 65 65 25 20 24 10 11 31 35 45 55 16 8 8 5 
20391250 20391461 0 0 0 19 -40 0 10 -48 8 121 60 66 66 25 20 24 10 11 31 35 45 55 16 7 8 5 
20633250 20633356 0 -1 7 -45 -103 -53 -48 -104 -30 70 61 85 82 25 20 24 10 12 32 35 45 55 16 10 9 5 
20637750 20637762 0 2 7 -98 -132 -105 -114 -140 -101 -1 30 97 100 25 20 24 10 12 30 35 45 55 16 12 13 5 
20687250 20687271 0 -3 7 -43 -87 -48 -46 -90 -29 71 47 70 71 25 20 24 10 12 32 35 45 55 16 9 9 5 
20834750 20834959 0 0 0 -2 -58 0 -9 -67 -6 107 63 68 69 25 20 24 10 12 32 35 45 55 16 9 9 5 
20999750 20999892 0 0 0 -6 -70 0 -11 -76 -14 99 66 81 82 25 20 24 10 11 31 35 45 55 16 9 10 5 
21022250 21022312 0 -1 1 -59 -109 -51 -65 -116 -57 43 51 81 86 25 20 24 10 11 31 35 45 55 16 9 6 5 
21047250 21047289 0 2 1 -184 -187 -173 -194 -198 -186 -86 4 115 115 25 20 24 10 11 27 35 45 55 16 15 15 5 
21165750 21165756 0 -3 1 -72 -94 -50 -78 -100 -69 31 22 71 71 25 20 24 10 11 31 35 45 55 16 9 9 5 
21287250 21287288 0 0 0 -34 -79 0 -39 -88 -45 68 48 83 80 25 20 24 10 11 31 35 45 55 16 10 6 5 
21439250 21439372 0 0 0 -51 -94 0 -55 -99 -61 52 43 77 76 25 20 24 10 11 31 35 45 55 16 10 10 5 
41750 41886 1 0 -1 0 0 0 0 0 0 98 0 78 77 25 20 21 10 10 30 35 45 55 16 7 5 5 
223250 223323 1 0 0 -9 -84 0 -11 -86 -18 96 74 78 81 25 20 21 10 10 30 35 45 55 16 9 10 5 
392250 392363 1 0 0 0 -76 0 -1 -78 -10 104 76 80 78 25 20 21 10 10 30 35 45 55 16 11 9 5 
468250 468320 1 -1 1 -54 -134 -52 -56 -138 -61 53 82 93 96 25 20 21 10 11 31 35 45 55 16 8 8 5 
670250 670273 1 2 1 -466 -398 -461 -468 -398 -475 -361 -72 118 117 25 20 21 10 11 27 35 45 55 16 15 15 5 
1003750 1003895 1 -3 1 -61 -120 -49 -63 -122 -69 45 59 92 94 25 20 21 10 10 30 35 45 55 16 12 12 5 
1239750 1239816 1 0 0 -16 -99 0 -19 -103 -16 90 85 85 84 25 20 21 10 11 31 35 45 55 16 8 11 5 
1409750 1409826 1 -1 7 -49 -113 -58 -60 -118 -59 47 58 103 108 25 20 21 10 11 29 35 45 55 16 11 14 5 
1412750 1412761 1 2 7 -94 -139 -103 -105 -146 -103 3 39 107 106 25 20 21 10 11 29 35 45 55 16 14 14 5 
1430250 1430354 1 -3 7 -34 -127 -46 -26 -125 -25 81 98 95 97 25 20 21 10 11 31 35 45 55 16 13 7 5 
1588250 1588399 1 0 0 35 -60 0 33 -62 34 140 96 87 88 25 20 21 10 11 31 35 45 55 16 11 11 5 
1875250 1875404 1 0 0 58 -45 0 58 -44 53 167 104 81 82 25 20 21 10 11 31 35 45 55 16 10 7 5 
2039750 2039775 1 -1 1 1 -81 -51 6 -82 -1 113 87 94 95 25 20 21 10 11 31 35 45 55 16 7 5 5 
2111250 2111437 1 2 1 -247 -264 -297 -244 -264 -251 -137 19 96 91 25 20 21 10 11 31 35 45 55 16 12 12 5 
2599750 2599839 1 -3 1 -33 -97 -66 -36 -98 -42 72 62 94 92 25 20 21 10 11 31 35 45 55 16 9 12 5 
2600250 2600327 1 -1 7 -33 -98 -67 -33 -98 -37 77 68 94 93 25 20 21 10 11 31 35 45 55 16 9 12 5 
2764750 2765120 1 2 7 -176 -196 -203 -180 -201 -186 -72 22 113 114 25 20 21 10 10 26 35 45 55 16 12 12 5 
3299250 3299327 1 -3 7 -39 -110 -49 -40 -112 -47 67 73 91 89 25 20 21 10 11 31 35 45 55 16 12 12 5 
3439250 3439413 1 0 0 5 -68 0 2 -72 -4 110 74 82 80 25 20 21 10 11 31 35 45 55 16 6 11 5 
3763750 3763849 1 0 0 8 -65 0 9 -64 2 116 73 77 79 25 20 21 10 11 31 35 45 55 16 10 9 5 
3894750 3895055 1 0 0 64 -20 0 66 -19 61 175 85 85 86 25 20 21 10 11 31 35 45 55 16 8 11 5 
4054250 4054336 1 0 0 52 -44 0 51 -44 45 159 95 78 77 25 20 21 10 11 31 35 45 55 16 10 10 5 
4071250 4071412 1 0 0 66 -35 0 63 -38 56 170 101 81 82 25 20 21 10 11 31 35 45 55 16 9 10 5 
4328750 4328858 1 0 0 70 -35 0 67 -37 60 174 106 76 74 25 20 21 10 11 31 35 45 55 16 9 10 5 
4371750 4371888 1 0 0 40 -74 0 34 -76 26 140 110 92 93 25 20 21 10 11 31 35 45 55 16 9 9 5 
4530250 4530281 1 0 0 37 -63 0 35 -66 26 140 99 83 82 25 20 21 10 11 31 35 45 55 16 11 7 5 
4709250 4709269 1 -1 7 -13 -90 -51 -16 -92 -22 92 76 92 94 25 20 21 10 11 31 35 45 55 16 9 10 5 
4722750 4722786 1 2 7 -60 -105 -99 -70 -110 -76 38 42 103 106 25 20 21 10 11 29 35 45 55 16 14 12 5 
4787750 4787774 1 -3 7 -11 -83 -50 -11 -83 -17 97 72 81 81 25 20 21 10 11 31 35 45 55 16 10 10 5 
4909250 4909333 1 0 0 40 -53 0 38 -53 32 146 91 76 78 25 20 21 10 11 31 35 45 55 16 10 9 5 
4972750 4972821 1 -1 7 -16 -91 -56 -26 -94 -32 82 69 102 102 25 20 21 10 11 29 35 45 55 16 11 14 5 
5055750 5055786 1 2 7 -131 -146 -171 -136 -146 -143 -29 11 101 101 25 20 21 10 11 29 35 45 55 16 5 5 5 
6833250 6833351 1 -3 7 4 -91 -50 0 -91 -8 106 90 87 84 25 20 21 10 11 31 35 45 55 16 11 7 5 
6849750 6849859 1 -1 7 4 -93 -50 5 -92 -1 113 98 90 89 25 20 21 10 11 31 35 45 55 16 12 9 5 
6933250 6933286 1 2 7 -105 -164 -160 -110 -166 -114 0 58 104 106 25 20 21 10 11 29 35 45 55 16 14 13 5 
7054750 7054819 1 -3 7 7 -90 -49 6 -92 0 114 98 80 77 25 20 21 10 11 31 35 45 55 16 9 8 5 
7164750 7164794 1 0 0 56 -48 0 58 -47 51 165 105 82 79 25 20 21 10 11 31 35 45 55 16 10 10 5 
7427250 7427423 1 0 0 57 -46 0 58 -46 51 165 104 78 76 25 20 21 10 11 31 35 45 55 16 10 10 5 
7530750 7530834 1 -1 1 6 -81 -50 5 -78 -2 112 84 91 91 25 20 21 10 11 31 35 45 55 16 11 12 5 
8358250 8358306 1 2 1 -209 -208 -258 -216 -214 -224 -110 -3 112 112 25 20 21 10 11 27 35 45 55 16 15 14 5 
9547250 9547399 1 -3 1 -11 -70 -50 -10 -69 -17 97 59 81 84 25 20 22 10 11 31 35 45 55 16 10 8 5 
9662250 9662277 1 0 0 37 -48 0 34 -50 27 141 84 78 80 25 20 22 10 11 31 35 45 55 16 10 10 5 
9735750 9735848 1 -1 1 -23 -73 -55 -18 -73 -24 90 55 96 96 25 20 21 10 11 31 35 45 55 16 12 11 5 
9742250 9742373 1 2 1 -159 -167 -189 -167 -176 -173 -59 9 111 113 25 20 21 10 11 27 35 45 55 16 14 14 5 
9834750 9834931 1 -3 1 -26 -87 -49 -24 -87 -30 84 62 72 72 25 20 21 10 11 31 35 45 55 16 9 9 5 
10252750 10252779 1 0 0 -11 -79 0 -11 -79 -17 97 67 73 73 25 20 23 10 11 31 35 45 55 16 9 9 5 
10354250 10354397 1 0 0 29 -46 0 27 -48 20 134 75 71 73 25 20 23 10 11 31 35 45 55 16 9 9 5 
10914750 10914913 1 0 0 37 -40 0 37 -40 30 144 77 66 66 25 20 22 10 11 31 35 45 55 16 8 8 5 
11404250 11404296 1 0 0 28 -44 0 27 -45 20 134 71 62 63 25 20 23 10 11 31 35 45 55 16 8 8 5 
11862250 11862337 1 -1 7 -6 -103 -53 -3 -101 -9 105 99 95 96 25 20 21 10 12 32 35 45 55 16 12 10 5 
11881750 11881870 1 2 7 -77 -151 -124 -74 -153 -80 34 80 97 97 25 20 21 10 12 32 35 45 55 16 11 9 5 
11896250 11896393 1 -3 7 -2 -111 -50 -4 -114 -11 103 110 81 84 25 20 21 10 12 32 35 45 55 16 8 9 5 
12193750 12193804 1 0 0 60 -34 0 58 -35 51 165 93 64 64 25 20 23 10 12 32 35 45 55 16 8 8 5 
13183750 13183823 1 0 0 49 -28 0 47 -30 40 154 76 57 56 25 20 23 10 11 31 35 45 55 16 7 7 5 
13757250 13757396 1 0 0 35 -31 0 35 -32 29 143 67 62 62 25 20 23 10 11 31 35 45 55 16 8 8 5 
14976250 14976369 1 0 0 30 -30 0 29 -31 25 139 61 57 58 25 20 23 10 11 31 35 45 55 16 7 7 5 
15845750 15845917 1 0 0 32 -18 0 31 -19 23 137 49 54 55 25 20 23 10 11 31 35 45 55 16 7 7 5 
16483750 16483888 1 0 0 34 -24 0 33 -25 27 141 58 54 54 25 20 24 10 11 31 35 45 55 16 7 7 5 
17566750 17566934 1 0 0 35 -12 0 34 -13 28 142 48 52 49 25 20 24 10 11 31 35 45 55 16 7 6 5 
17964750 17964822 1 0 0 17 -24 0 17 -25 12 126 43 50 47 25 20 24 10 11 31 35 45 55 16 6 6 5 
18846250 18846352 1 0 0 55 -14 0 54 -13 47 161 67 63 61 25 20 24 10 11 31 35 45 55 16 8 3 5 
19288750 19288923 1 0 0 52 -29 0 53 -31 47 161 85 67 66 25 20 24 10 11 31 35 45 55 16 8 9 5 
19446250 19446396 1 0 0 58 -23 0 55 -25 49 163 79 76 75 25 20 24 10 11 31 35 45 55 16 10 9 5 
20083750 20083815 1 0 0 27 -42 0 26 -42 18 132 68 62 61 25 20 24 10 11 31 35 45 55 16 8 8 5 
20267250 20267326 1 0 0 55 -26 0 54 -27 48 162 81 64 64 25 20 24 10 11 31 35 45 55 16 8 8 5 
20388750 20388951 1 0 0 34 -35 0 34 -35 27 141 68 65 62 25 20 24 10 11 31 35 45 55 16 8 7 5 
20556250 20556305 1 0 0 45 -43 0 44 -44 37 151 88 68 73 25 20 24 10 11 31 35 45 55 16 9 6 5 
20623750 20623903 1 -1 7 -10 -94 -52 -15 -99 -21 93 84 81 79 25 20 24 10 12 32 35 45 55 16 11 10 5 
20637750 20637762 1 2 7 -91 -150 -133 -105 -152 -111 3 47 97 100 25 20 24 10 12 30 35 45 55 16 12 13 5 
20783250 20783404 1 -3 7 -14 -69 -49 -15 -70 -22 92 55 66 64 25 20 24 10 12 32 35 45 55 16 8 8 5 
20848750 20848831 1 0 0 33 -38 0 32 -39 27 141 73 71 73 25 20 24 10 12 32 35 45 55 16 8 9 5 
20999750 20999892 1 0 0 -2 -81 0 -2 -82 0 106 82 81 82 25 20 24 10 11 31 35 45 55 16 9 10 5 
21022750 21022856 1 -1 1 -59 -121 -54 -60 -119 -58 48 58 81 80 25 20 24 10 11 31 35 45 55 16 8 7 5 
21047750 21047811 1 2 1 -217 -221 -210 -218 -223 -217 -111 6 115 114 25 20 24 10 11 27 35 45 55 16 15 15 5 
21173250 21173387 1 -3 1 -69 -101 -49 -73 -104 -72 34 32 72 72 25 20 24 10 11 31 35 45 55 16 9 9 5 
21441250 21441335 1 0 0 -48 -103 0 -50 -104 -57 57 55 77 77 25 20 24 10 11 31 35 45 55 16 10 10 5 
