206500 206555 0 0 -1 0 0 0 0 0 0 24 0 69 66 25 20 17 10 10 30 35 45 55 16 9 8 5 
314000 314008 0 0 0 -2 -47 0 -2 -47 -3 19 50 75 82 25 20 17 10 10 30 35 45 55 16 9 8 5 
318500 318567 0 -1 7 -66 -90 -65 -72 -89 -34 -50 21 109 120 25 20 17 10 10 25 35 45 55 16 8 9 5 
321500 321587 0 2 7 -112 -127 -110 -111 -124 -71 -87 20 116 118 25 20 17 10 10 26 35 45 55 16 11 9 5 
330000 330427 0 -3 7 -44 -102 -42 -36 -93 9 -7 63 104 107 25 20 17 10 10 28 35 45 55 16 8 11 5 
521000 521018 0 0 0 -2 -53 0 -3 -54 38 22 56 85 82 25 20 17 10 10 30 35 45 55 16 11 11 5 
586000 586082 0 0 0 -11 -64 0 -9 -65 29 13 60 75 70 25 20 17 10 10 30 35 45 55 16 9 10 5 
605500 605538 0 -1 7 -68 -97 -56 -65 -95 -25 -41 34 108 106 25 20 17 10 10 28 35 45 55 16 12 12 5 
612500 612531 0 2 7 -135 -166 -123 -136 -166 -97 -113 35 125 126 25 20 17 10 10 25 35 45 55 16 14 16 5 
714500 714598 0 -3 7 -62 -107 -49 -61 -107 -23 -39 48 81 84 25 20 17 10 10 30 35 45 55 16 10 11 5 
814000 814043 0 0 0 -13 -63 0 -14 -63 -13 9 53 81 86 25 20 17 10 10 30 35 45 55 16 11 10 5 
1112000 1112174 0 0 0 5 -59 0 6 -59 10 32 71 85 79 25 20 17 10 10 30 35 45 55 16 11 11 5 
1218000 1218077 0 0 0 -6 -65 0 -6 -65 37 21 65 88 85 25 20 17 10 10 30 35 45 55 16 11 11 5 
1384000 1384021 0 0 0 1 -58 0 2 -58 7 29 68 86 82 25 20 17 10 10 30 35 45 55 16 11 11 5 
1464500 1464538 0 0 0 6 -56 0 6 -57 49 33 70 90 85 25 20 17 10 10 30 35 45 55 16 10 12 5 
1513000 1513135 0 -1 7 -49 -94 -50 -44 -89 -4 -20 48 105 105 25 20 17 10 10 28 35 45 55 16 13 14 5 
1553500 1553561 0 2 7 -105 -133 -102 -113 -136 -71 -87 28 109 112 25 20 17 10 10 26 35 45 55 16 14 14 5 
1608000 1608049 0 -3 7 -58 -107 -49 -59 -107 -17 -33 55 78 80 25 20 17 10 10 30 35 45 55 16 10 10 5 
1624500 1624548 0 -1 7 -67 -112 -56 -62 -107 -23 -39 48 103 103 25 20 17 10 10 28 35 45 55 16 13 14 5 
1628500 1628513 0 2 7 -133 -152 -121 -141 -155 -101 -117 19 112 115 25 20 17 10 10 26 35 45 55 16 15 14 5 
1636000 1636114 0 -3 7 -57 -115 -44 -60 -117 -24 -40 57 100 100 25 20 17 10 10 28 35 45 55 16 13 12 5 
1927500 1927594 0 0 0 -43 -91 0 -43 -91 -8 -24 48 84 85 25 20 17 10 10 30 35 45 55 16 11 11 5 
2360500 2360566 0 0 0 -41 -85 0 -41 -84 -35 -13 53 79 80 25 20 17 10 11 31 35 45 55 16 10 10 5 
2402500 2402513 0 -1 7 -93 -154 -52 -94 -154 -51 -67 66 122 125 25 20 17 10 11 26 35 45 55 16 14 16 5 
2460500 2460584 0 2 7 -190 -226 -150 -201 -236 -159 -175 40 130 135 25 20 17 10 11 26 35 45 55 16 17 17 5 
2605500 2605555 0 -3 7 -88 -132 -50 -88 -133 -42 -58 54 86 81 25 20 17 10 11 31 35 45 55 16 11 11 5 
2886500 2886597 0 0 0 -34 -84 0 -36 -86 6 -10 57 92 91 25 20 17 10 10 30 35 45 55 16 10 12 5 
3253000 3253045 0 0 0 -17 -64 0 -16 -65 32 16 59 81 85 25 20 17 10 11 31 35 45 55 16 11 8 5 
3337500 3337640 0 0 0 -12 -62 0 -12 -61 36 20 63 83 78 25 20 17 10 11 31 35 45 55 16 11 11 5 
3373000 3373014 0 -1 7 -65 -119 -50 -64 -119 -15 -31 66 84 77 25 20 17 10 11 31 35 45 55 16 11 11 5 
3401000 3401074 0 2 7 -105 -137 -88 -114 -142 -63 -79 40 87 82 25 20 17 10 11 31 35 45 55 16 5 6 5 
3423000 3423079 0 -3 7 -67 -117 -49 -68 -116 -22 -38 58 80 83 25 20 17 10 11 31 35 45 55 16 10 10 5 
3495000 3495009 0 0 0 -23 -71 0 -26 -75 22 6 62 73 66 25 20 17 10 11 31 35 45 55 16 6 9 5 
3503500 3503721 0 -1 7 -77 -111 -54 -94 -120 -47 -63 39 101 106 25 20 17 10 11 29 35 45 55 16 10 11 5 
3563000 3563036 0 2 7 -230 -302 -205 -242 -310 -206 -222 73 146 150 25 20 17 10 10 25 35 45 55 16 19 19 5 
3598000 3598013 0 -3 7 -72 -156 -46 -68 -154 -23 -39 90 116 110 25 20 17 10 10 26 35 45 55 16 15 14 5 
3605500 3605527 0 -1 7 -85 -158 -59 -96 -152 -53 -69 59 109 120 25 20 17 10 10 25 35 45 55 16 13 14 5 
3633500 3633578 0 2 7 -162 -244 -135 -167 -249 -127 -143 87 144 140 25 20 17 10 10 25 35 45 55 16 19 19 5 
3657000 3657000 0 -3 7 -75 -202 -47 -76 -201 -27 -43 135 139 142 25 20 17 10 10 25 35 45 55 16 19 17 5 
3669000 3669069 0 -1 7 -86 -198 -58 -89 -202 -45 -61 119 134 139 25 20 17 10 10 25 35 45 55 16 17 18 5 
3719500 3719547 0 2 7 -161 -220 -132 -168 -224 -129 -145 62 131 130 25 20 17 10 10 25 35 45 55 16 17 17 5 
3832500 3832516 0 -3 7 -82 -130 -50 -82 -133 -42 -58 54 97 92 25 20 17 10 10 30 35 45 55 16 13 12 5 
3845500 3845528 0 -1 7 -87 -129 -54 -87 -130 -47 -63 46 104 106 25 20 17 10 10 28 35 45 55 16 13 14 5 
3851500 3851560 0 2 7 -169 -184 -136 -175 -189 -137 -153 16 131 136 25 20 17 10 10 25 35 45 55 16 17 17 5 
3860500 3860539 0 -3 7 -78 -150 -44 -80 -155 -39 -55 80 107 101 25 20 17 10 10 28 35 45 55 16 15 12 5 
3868500 3868542 0 -1 7 -85 -154 -51 -77 -148 -34 -50 76 97 97 25 20 17 10 10 30 35 45 55 16 11 11 5 
3872500 3872584 0 2 7 -178 -222 -144 -186 -228 -145 -161 45 134 140 25 20 17 10 10 25 35 45 55 16 15 15 5 
4010500 4010531 0 -3 7 -87 -158 -49 -83 -157 -32 -48 82 96 94 25 20 17 10 11 31 35 45 55 16 12 12 5 
4121500 4121651 0 0 0 -41 -92 0 -38 -90 -29 -7 62 92 82 25 20 17 10 11 31 35 45 55 16 11 12 5 
4256000 4256081 0 -1 7 -92 -125 -51 -93 -124 -53 -69 35 111 119 25 20 17 10 10 26 35 45 55 16 14 15 5 
4264500 4264600 0 2 7 -165 -191 -124 -170 -192 -129 -145 26 128 135 25 20 17 10 10 25 35 45 55 16 16 14 5 
4271000 4271074 0 -3 7 -91 -151 -49 -89 -149 -48 -64 65 115 113 25 20 17 10 10 26 35 45 55 16 15 14 5 
4610500 4610601 0 0 0 -43 -93 0 -47 -95 -7 -23 51 86 87 25 20 17 10 10 30 35 45 55 16 11 10 5 
5126500 5126571 0 0 0 -11 -83 0 -26 -85 -21 1 66 93 100 25 20 17 10 10 28 35 45 55 16 12 12 5 
5184500 5184552 0 -1 7 -63 -117 -54 -75 -124 -34 -50 53 109 115 25 20 17 10 10 26 35 45 55 16 13 14 5 
5334000 5334046 0 2 7 -198 -243 -196 -209 -251 -173 -189 44 144 146 25 20 17 10 10 25 35 45 55 16 18 19 5 
5379500 5379588 0 -3 7 -49 -147 -49 -46 -147 -1 -17 106 90 96 25 20 17 10 11 31 35 45 55 16 11 11 5 
5394000 5394007 0 -1 7 -52 -132 -52 -44 -132 7 -9 90 100 98 25 20 17 10 11 31 35 45 55 16 7 12 5 
5400500 5400541 0 2 7 -151 -180 -152 -158 -187 -113 -129 35 128 130 25 20 17 10 11 26 35 45 55 16 17 17 5 
5419000 5419107 0 -3 7 -44 -125 -46 -39 -128 14 -2 100 99 94 25 20 17 10 11 31 35 45 55 16 13 12 5 
5468000 5468042 0 -1 7 -54 -102 -58 -55 -100 -11 -27 49 113 114 25 20 17 10 11 27 35 45 55 16 13 16 5 
5471500 5471572 0 2 7 -128 -160 -132 -136 -166 -94 -110 33 134 133 25 20 17 10 11 26 35 45 55 16 17 18 5 
5477500 5477607 0 -3 7 -45 -116 -50 -42 -111 9 -7 77 110 115 25 20 17 10 11 27 35 45 55 16 15 14 5 
5584000 5584018 0 0 0 9 -63 0 8 -63 22 44 83 88 84 25 20 17 10 11 31 35 45 55 16 11 11 5 
5675500 5675614 0 0 0 11 -63 0 0 -62 43 27 67 98 102 25 20 17 10 11 29 35 45 55 16 12 12 5 
5799500 5799643 0 0 0 23 -61 0 23 -59 66 50 86 90 90 25 20 17 10 11 31 35 45 55 16 12 10 5 
6547500 6547583 0 0 0 20 -54 0 18 -55 61 45 80 80 77 25 20 17 10 10 30 35 45 55 16 10 10 5 
6618500 6618507 0 -1 7 -38 -80 -57 -44 -80 4 -12 45 111 115 25 20 17 10 10 26 35 45 55 16 13 15 5 
6621000 6621076 0 2 7 -69 -96 -87 -72 -103 -26 -42 39 114 109 25 20 17 10 10 28 35 45 55 16 15 14 5 
6629000 6629012 0 -3 7 -30 -92 -48 -28 -90 23 7 76 97 96 25 20 17 10 10 30 35 45 55 16 12 12 5 
6858500 6858574 0 0 0 15 -53 0 14 -54 62 46 76 83 82 25 20 17 10 11 31 35 45 55 16 11 10 5 
7515000 7515743 0 0 0 14 -50 0 15 -49 26 48 76 80 91 25 20 17 10 11 31 35 45 55 16 3 10 5 
7597000 7597078 0 -1 7 -40 -97 -51 -42 -98 5 -11 63 102 100 25 20 17 10 11 29 35 45 55 16 13 13 5 
7659500 7659562 0 2 7 -150 -179 -159 -163 -190 -118 -134 32 124 129 25 20 17 10 11 26 35 45 55 16 14 16 5 
7668000 7668046 0 -3 7 -38 -115 -46 -47 -117 10 -6 85 99 103 25 20 17 10 11 29 35 45 55 16 12 12 5 
8190000 8190078 0 0 0 -13 -88 0 -15 -92 -4 18 84 90 88 25 20 17 10 11 31 35 45 55 16 10 11 5 
8478500 8478649 0 0 0 0 -80 0 -3 -83 49 33 91 86 86 25 20 17 10 11 31 35 45 55 16 10 11 5 
9072000 9072139 0 0 0 -5 -79 0 -10 -81 -10 12 73 89 91 25 20 17 10 10 30 35 45 55 16 12 11 5 
9262500 9262501 0 0 0 21 -48 0 19 -51 27 49 81 78 79 25 20 17 10 10 30 35 45 55 16 7 7 5 
9422000 9422164 0 0 0 -1 -61 0 -4 -63 37 21 66 75 69 25 20 17 10 10 30 35 45 55 16 9 10 5 
9693500 9694124 0 0 0 -2 -59 0 0 -56 62 46 86 76 78 25 20 17 10 11 31 35 45 55 16 2 0 5 
9900000 9900045 0 0 0 -10 -71 0 -10 -72 0 22 74 74 75 25 20 17 10 11 31 35 45 55 16 9 9 5 
10239500 10239674 0 0 0 7 -68 0 5 -70 53 37 81 88 86 25 20 17 10 11 31 35 45 55 16 11 11 5 
10383500 10383606 0 0 0 4 -58 0 3 -57 53 37 72 74 74 25 20 17 10 11 31 35 45 55 16 9 10 5 
10425000 10425105 0 0 0 7 -49 0 6 -50 53 37 68 75 72 25 20 17 10 11 31 35 45 55 16 9 10 5 
10449500 10449610 0 0 0 7 -48 0 7 -48 56 40 68 69 63 25 20 17 10 11 31 35 45 55 16 8 9 5 
10672500 10672683 0 0 0 2 -35 0 1 -36 2 24 41 62 62 25 20 17 10 11 31 35 45 55 16 5 7 5 
10931500 10931704 0 0 0 7 -39 0 7 -39 10 32 52 70 64 25 20 17 10 11 31 35 45 55 16 8 9 5 
11070000 11070152 0 0 0 6 -33 0 6 -33 48 32 45 67 64 25 20 17 10 11 31 35 45 55 16 8 8 5 
11480500 11480669 0 0 0 6 -28 0 6 -28 46 30 39 68 69 25 20 17 10 11 31 35 45 55 16 8 9 5 
11546000 11546000 0 0 0 4 -33 0 4 -34 44 28 43 74 75 25 20 17 10 11 31 35 45 55 16 9 9 5 
12005500 12005649 0 0 0 5 -30 0 5 -30 45 29 41 69 70 25 20 17 10 11 31 35 45 55 16 9 9 5 
12392000 12392163 0 0 0 0 -35 0 0 -35 40 24 41 69 79 25 20 17 10 11 31 35 45 55 16 9 8 5 
12675000 12675002 0 0 0 -2 -35 0 -2 -36 -1 21 39 68 69 25 20 17 10 11 31 35 45 55 16 9 8 5 
12776500 12777329 0 -1 7 -56 -73 -54 -91 -97 -42 -58 27 108 113 25 20 17 10 11 27 35 45 55 16 4 7 5 
12780000 12780017 0 2 7 -158 -161 -156 -161 -165 -121 -137 9 122 132 25 20 17 10 11 26 35 45 55 16 12 16 5 
12877000 12877035 0 -3 7 -53 -85 -50 -54 -85 -14 -30 36 77 76 25 20 17 10 11 31 35 45 55 16 10 9 5 
13001500 13001575 0 0 0 -4 -36 0 -5 -37 -5 17 36 69 66 25 20 17 10 11 31 35 45 55 16 9 8 5 
13160500 13160541 0 -1 7 -63 -78 -53 -64 -77 -18 -34 26 103 101 25 20 17 10 10 28 35 45 55 16 5 13 5 
13205000 13205054 0 2 7 -176 -197 -164 -184 -205 -145 -161 24 119 125 25 20 17 10 10 25 35 45 55 16 13 12 5 
13257500 13257512 0 -3 7 -64 -101 -50 -64 -101 -25 -41 41 82 81 25 20 17 10 10 30 35 45 55 16 10 11 5 
13327000 13327392 0 -1 7 -72 -97 -55 -80 -100 -37 -53 28 101 101 25 20 17 10 10 28 35 45 55 16 10 8 5 
13330500 13330587 0 2 7 -193 -187 -176 -197 -191 -159 -175 0 123 133 25 20 17 10 10 25 35 45 55 16 11 12 5 
13348000 13348068 0 -3 7 -66 -109 -49 -69 -113 -24 -40 53 103 103 25 20 17 10 11 29 35 45 55 16 11 13 5 
13490500 13490600 0 0 0 -24 -64 0 -25 -65 17 1 47 83 77 25 20 17 10 11 31 35 45 55 16 11 10 5 
13669000 13669199 0 0 0 -19 -61 0 -19 -62 -16 6 50 75 75 25 20 17 10 11 31 35 45 55 16 9 10 5 
13746000 13746162 0 -1 7 -72 -121 -53 -68 -121 -22 -38 58 98 91 25 20 17 10 11 31 35 45 55 16 13 13 5 
13757500 13757616 0 2 7 -118 -141 -99 -127 -142 -84 -100 24 111 122 25 20 17 10 11 26 35 45 55 16 15 14 5 
13779500 13779597 0 -3 7 -68 -116 -49 -76 -115 -29 -45 47 95 102 25 20 17 10 11 29 35 45 55 16 12 12 5 
14044000 14044154 0 0 0 -18 -57 0 -18 -57 -9 13 51 78 82 25 20 17 10 11 31 35 45 55 16 10 10 5 
14362500 14362538 0 0 0 -4 -52 0 -5 -53 35 19 53 87 77 25 20 17 10 11 31 35 45 55 16 11 11 5 
14409500 14409547 0 0 0 -11 -57 0 -12 -59 30 14 51 86 89 25 20 17 10 11 31 35 45 55 16 11 11 5 
14910000 14910024 0 0 0 5 -34 0 4 -34 43 27 43 70 70 25 20 17 10 11 31 35 45 55 16 9 9 5 
15191500 15191564 0 0 0 30 -14 0 29 -15 69 53 49 79 79 25 20 17 10 11 31 35 45 55 16 10 10 5 
15665500 15665522 0 0 0 33 -12 0 31 -14 67 51 45 71 76 25 20 17 10 10 30 35 45 55 16 9 9 5 
15738500 15738511 0 0 0 32 -14 0 33 -14 67 51 45 73 72 25 20 17 10 10 30 35 45 55 16 9 9 5 
15780000 15780142 0 0 0 16 -28 0 14 -29 54 38 48 73 76 25 20 17 10 11 31 35 45 55 16 9 9 5 
16143500 16143689 0 0 0 15 -18 0 14 -18 57 41 40 67 68 25 20 17 10 11 31 35 45 55 16 8 8 5 
16273000 16273091 0 0 0 24 -18 0 24 -18 64 48 47 74 71 25 20 17 10 11 31 35 45 55 16 9 9 5 
16335000 16335100 0 0 0 28 -18 0 27 -18 68 52 50 88 93 25 20 17 10 11 31 35 45 55 16 12 11 5 
16355000 16355010 0 -1 7 -27 -63 -53 -21 -59 22 6 45 104 106 25 20 17 10 11 29 35 45 55 16 10 10 5 
16440000 16440076 0 2 7 -206 -234 -225 -208 -235 -171 -187 31 125 128 25 20 17 10 10 25 35 45 55 16 16 16 5 
16564000 16564066 0 -3 7 -42 -77 -50 -43 -78 -1 -17 40 83 85 25 20 17 10 11 31 35 45 55 16 10 11 5 
16745500 16745537 0 0 0 -7 -46 0 -7 -47 33 17 45 71 69 25 20 17 10 11 31 35 45 55 16 9 9 5 
16781000 16781132 0 -1 7 -62 -87 -55 -68 -90 -29 -45 27 107 105 25 20 17 10 11 29 35 45 55 16 7 15 5 
16841500 16841725 0 2 7 -109 -136 -102 -115 -140 -73 -89 28 108 110 25 20 17 10 11 27 35 45 55 16 8 10 5 
16855000 16855011 0 -3 7 -56 -95 -50 -56 -95 -11 -27 45 82 87 25 20 17 10 11 31 35 45 55 16 10 11 5 
17027000 17027124 0 0 0 -6 -41 0 -7 -42 33 17 38 73 72 25 20 17 10 11 31 35 45 55 16 9 9 5 
17445000 17445067 0 0 0 2 -33 0 2 -33 41 25 40 70 57 25 20 17 10 11 31 35 45 55 16 9 8 5 
17777000 17777120 0 0 0 1 -34 0 1 -35 41 25 40 66 72 25 20 17 10 11 31 35 45 55 16 8 8 5 
17897000 17897116 0 0 0 7 -29 0 7 -28 47 31 39 72 74 25 20 17 10 11 31 35 45 55 16 8 6 5 
17940000 17941979 0 0 0 -12 -48 0 -7 -41 33 17 39 61 69 25 20 17 10 11 31 35 45 55 16 0 5 5 
18330000 18330185 0 0 0 -10 -49 0 -11 -50 30 14 45 70 71 25 20 17 10 11 31 35 45 55 16 10 8 5 
18373000 18373174 0 0 0 -3 -48 0 -2 -49 37 21 49 80 72 25 20 17 10 11 31 35 45 55 16 10 10 5 
18739000 18739008 0 0 0 1 -40 0 1 -41 5 27 52 83 93 25 20 17 10 11 31 35 45 55 16 10 11 5 
19113500 19113541 0 0 0 -4 -61 0 -8 -64 33 17 63 91 97 25 20 17 10 10 30 35 45 55 16 12 11 5 
19642500 19642581 0 0 0 -1 -64 0 -1 -65 2 24 72 89 89 25 20 17 10 10 30 35 45 55 16 11 12 5 
19867500 19867599 0 0 0 1 -65 0 1 -66 13 35 79 90 96 25 20 17 10 10 30 35 45 55 16 8 9 5 
19910000 19910054 0 -1 7 -51 -89 -51 -52 -87 -52 -30 39 114 110 25 20 17 10 10 26 35 45 55 16 14 15 5 
19913500 19913564 0 2 7 -97 -121 -96 -105 -128 -106 -84 23 128 128 25 20 17 10 10 25 35 45 55 16 17 15 5 
20021000 20021074 0 -3 7 -51 -103 -46 -44 -105 -37 -15 70 106 94 25 20 17 10 10 30 35 45 55 16 14 13 5 
20032500 20032557 0 -1 7 -58 -111 -53 -57 -110 -55 -33 57 106 103 25 20 17 10 10 28 35 45 55 16 13 14 5 
20129500 20129564 0 2 7 -138 -166 -130 -146 -170 -145 -123 29 122 125 25 20 17 10 10 25 35 45 55 16 15 16 5 
20181000 20181007 0 -3 7 -59 -131 -48 -57 -133 -53 -31 81 110 106 25 20 17 10 10 28 35 45 55 16 14 15 5 
20191000 20191113 0 -1 7 -62 -139 -51 -67 -143 -63 -41 80 103 106 25 20 17 10 10 28 35 45 55 16 13 13 5 
20255500 20255597 0 2 7 -147 -173 -133 -159 -182 -152 -130 31 128 124 25 20 17 10 10 25 35 45 55 16 17 14 5 
20338000 20338042 0 -3 7 -66 -115 -50 -67 -111 -58 -36 53 100 102 25 20 17 10 10 28 35 45 55 16 13 13 5 
20443000 20443042 0 0 0 -21 -95 0 -21 -96 -7 15 90 94 95 25 20 17 10 10 30 35 45 55 16 12 12 5 
25500 26470 1 10 0 -187 -210 -187 -191 -219 -189 -92 27 104 103 25 20 17 10 10 28 35 45 55 16 2 1 5 
53500 53930 1 0 -1 0 0 0 0 0 0 96 0 76 72 25 20 17 10 10 30 35 45 55 16 5 8 5 
118000 118038 1 0 0 -2 -48 0 1 -46 -2 102 48 76 76 25 20 17 10 10 30 35 45 55 16 8 10 5 
307500 307582 1 0 0 7 -34 0 6 -35 2 106 40 68 63 25 20 17 10 10 30 35 45 55 16 9 9 5 
519500 519638 1 0 0 9 -42 0 7 -44 10 107 51 85 82 25 20 17 10 10 30 35 45 55 16 11 11 5 
587000 587080 1 0 0 -2 -47 0 -4 -50 -6 98 47 74 78 25 20 17 10 10 30 35 45 55 16 9 10 5 
814500 814545 1 0 0 4 -43 0 4 -43 9 106 48 80 86 25 20 17 10 10 30 35 45 55 16 11 9 5 
1114500 1114581 1 0 0 10 -44 0 8 -46 12 109 55 85 91 25 20 17 10 10 30 35 45 55 16 11 10 5 
1219500 1219669 1 0 0 19 -38 0 18 -40 21 118 58 89 92 25 20 17 10 10 30 35 45 55 16 11 12 5 
1383000 1383110 1 0 0 20 -35 0 20 -36 23 120 54 85 83 25 20 17 10 10 30 35 45 55 16 11 10 5 
1463500 1463669 1 0 0 24 -35 0 24 -35 28 125 60 90 81 25 20 17 10 10 30 35 45 55 16 10 11 5 
1927500 1927594 1 0 0 -2 -50 0 -3 -51 1 98 48 84 85 25 20 17 10 10 30 35 45 55 16 11 11 5 
2360500 2360566 1 0 0 -10 -47 0 -12 -49 -10 87 36 79 80 25 20 17 10 11 31 35 45 55 16 10 10 5 
2886500 2886597 1 0 0 6 -42 0 4 -45 7 104 49 92 91 25 20 17 10 10 30 35 45 55 16 10 12 5 
2989500 2989550 1 0 0 -1 -46 0 -1 -46 -5 99 45 87 88 25 20 17 10 10 30 35 45 55 16 11 11 5 
3247500 3247642 1 0 0 2 -43 0 2 -44 6 103 46 80 88 25 20 17 10 11 31 35 45 55 16 10 10 5 
3335500 3335663 1 0 0 7 -42 0 5 -43 2 106 49 80 77 25 20 17 10 11 31 35 45 55 16 9 11 5 
3497000 3497207 1 0 0 5 -37 0 5 -38 10 107 45 71 67 25 20 17 10 11 31 35 45 55 16 9 9 5 
4113500 4113649 1 0 0 -1 -50 0 -1 -51 3 100 51 93 91 25 20 17 10 11 31 35 45 55 16 12 12 5 
4605000 4605066 1 0 0 1 -48 0 -9 -50 -6 91 40 104 115 25 20 17 10 10 26 35 45 55 16 14 12 5 
5126000 5126078 1 0 0 26 -37 0 30 -38 33 130 67 93 89 25 20 17 10 10 30 35 45 55 16 12 12 5 
5688500 5688513 1 0 0 19 -37 0 18 -38 23 120 57 90 83 25 20 17 10 11 31 35 45 55 16 12 11 5 
5804000 5804013 1 0 0 33 -25 0 33 -28 30 134 60 91 93 25 20 17 10 11 31 35 45 55 16 11 12 5 
6560500 6560533 1 0 0 27 -32 0 25 -33 28 125 57 88 90 25 20 17 10 10 30 35 45 55 16 11 11 5 
6856000 6856090 1 0 0 25 -37 0 24 -38 21 125 63 84 93 25 20 17 10 11 31 35 45 55 16 11 11 5 
7520500 7520520 1 0 0 20 -33 0 20 -34 25 122 54 77 73 25 20 17 10 11 31 35 45 55 16 10 10 5 
8193500 8193502 1 0 0 0 -44 0 -1 -45 2 99 44 90 81 25 20 17 10 11 31 35 45 55 16 11 11 5 
8488000 8488144 1 0 0 24 -41 0 24 -42 28 125 65 86 89 25 20 17 10 11 31 35 45 55 16 11 11 5 
9073000 9073160 1 0 0 7 -45 0 6 -46 1 105 52 87 83 25 20 17 10 10 30 35 45 55 16 11 11 5 
9420000 9420153 1 0 0 1 -43 0 1 -44 -4 100 44 74 74 25 20 17 10 10 30 35 45 55 16 9 9 5 
9690000 9693184 1 0 0 15 -33 0 14 -32 17 114 45 77 82 25 20 17 10 11 31 35 45 55 16 0 2 5 
9900000 9900045 1 0 0 12 -37 0 11 -38 16 113 50 74 75 25 20 17 10 11 31 35 45 55 16 9 9 5 
10233500 10233521 1 0 0 12 -35 0 12 -37 14 111 49 83 84 25 20 17 10 11 31 35 45 55 16 10 10 5 
10383500 10383606 1 0 0 3 -42 0 2 -44 5 102 46 74 74 25 20 17 10 11 31 35 45 55 16 9 10 5 
10425000 10425105 1 0 0 -19 -47 0 -20 -49 -16 81 29 75 72 25 20 17 10 11 31 35 45 55 16 9 10 5 
10453000 10453152 1 0 0 -33 -56 0 -35 -58 -33 64 22 69 61 25 20 17 10 11 31 35 45 55 16 8 9 5 
10670500 10670627 1 0 0 -42 -61 0 -43 -62 -41 56 17 62 61 25 20 17 10 11 31 35 45 55 16 7 5 5 
10931000 10931028 1 0 0 -41 -58 0 -42 -58 -40 57 16 70 64 25 20 17 10 11 31 35 45 55 16 6 9 5 
11074000 11074090 1 0 0 -41 -60 0 -43 -62 -46 58 19 66 61 25 20 17 10 11 31 35 45 55 16 9 8 5 
11480500 11480669 1 0 0 -44 -61 0 -45 -62 -43 54 16 68 69 25 20 17 10 11 31 35 45 55 16 8 9 5 
11546000 11546000 1 0 0 -46 -60 0 -47 -61 -43 54 15 74 75 25 20 17 10 11 31 35 45 55 16 9 9 5 
12005500 12005649 1 0 0 -51 -64 0 -53 -66 -57 47 11 69 70 25 20 17 10 11 31 35 45 55 16 9 9 5 
12395500 12395574 1 0 0 -40 -54 0 -42 -56 -45 59 16 68 75 25 20 17 10 11 31 35 45 55 16 8 9 5 
12692000 12692187 1 0 0 -45 -59 0 -47 -61 -44 53 15 67 62 25 20 17 10 11 31 35 45 55 16 8 9 5 
12999500 12999663 1 0 0 -55 -67 0 -57 -68 -54 43 12 69 71 25 20 17 10 11 31 35 45 55 16 9 9 5 
13483000 13483153 1 0 0 -41 -60 0 -42 -62 -38 59 20 82 83 25 20 17 10 11 31 35 45 55 16 10 11 5 
13665000 13665122 1 0 0 -37 -58 0 -38 -59 -34 63 22 74 77 25 20 17 10 11 31 35 45 55 16 10 9 5 
14055000 14055125 1 0 0 -44 -62 0 -45 -63 -41 56 18 83 80 25 20 17 10 11 31 35 45 55 16 11 10 5 
14355000 14355010 1 0 0 -35 -58 0 -36 -59 -33 64 23 87 88 25 20 17 10 11 31 35 45 55 16 11 11 5 
14413000 14413074 1 0 0 -37 -57 0 -37 -58 -40 64 20 84 84 25 20 17 10 11 31 35 45 55 16 11 11 5 
14904500 14904514 1 0 0 -62 -72 0 -63 -72 -58 39 10 69 70 25 20 17 10 11 31 35 45 55 16 9 9 5 
15189500 15189631 1 0 0 -60 -69 0 -61 -70 -56 41 9 79 76 25 20 17 10 11 31 35 45 55 16 10 10 5 
15671500 15671680 1 0 0 -63 -73 0 -64 -75 -69 35 11 70 70 25 20 17 10 10 30 35 45 55 16 9 8 5 
15733000 15733082 1 0 0 -64 -74 0 -66 -75 -63 34 10 73 79 25 20 17 10 10 30 35 45 55 16 9 9 5 
15780000 15780142 1 0 0 -48 -63 0 -50 -65 -48 49 15 73 76 25 20 17 10 11 31 35 45 55 16 9 9 5 
16142000 16142111 1 0 0 -55 -66 0 -57 -68 -52 45 13 67 66 25 20 17 10 11 31 35 45 55 16 8 8 5 
16280500 16280556 1 0 0 -56 -67 0 -58 -69 -57 40 10 73 74 25 20 17 10 11 31 35 45 55 16 9 10 5 
16338500 16338645 1 0 0 -50 -65 0 -52 -66 -49 48 15 84 89 25 20 17 10 11 31 35 45 55 16 11 11 5 
16747500 16747564 1 0 0 -51 -66 0 -52 -67 -47 50 15 71 77 25 20 17 10 11 31 35 45 55 16 9 9 5 
17029000 17029017 1 0 0 -49 -65 0 -50 -67 -54 50 16 73 70 25 20 17 10 11 31 35 45 55 16 9 9 5 
17439500 17439559 1 0 0 -48 -63 0 -51 -66 -47 50 15 71 65 25 20 17 10 11 31 35 45 55 16 9 9 5 
17780500 17780673 1 0 0 -47 -62 0 -48 -64 -50 54 16 68 67 25 20 17 10 11 31 35 45 55 16 8 6 5 
17893000 17893106 1 0 0 -48 -62 0 -49 -63 -44 53 15 67 76 25 20 17 10 11 31 35 45 55 16 8 9 5 
17936000 17936168 1 0 0 -38 -56 0 -39 -57 -37 60 18 59 63 25 20 17 10 11 31 35 45 55 16 6 7 5 
18330000 18330185 1 0 0 -40 -57 0 -41 -58 -37 60 17 70 71 25 20 17 10 11 31 35 45 55 16 10 8 5 
18369500 18369519 1 0 0 -12 -40 0 -12 -39 -8 89 28 71 63 25 20 17 10 11 31 35 45 55 16 8 7 5 
18742500 18742507 1 0 0 -6 -40 0 -9 -43 -5 92 35 84 78 25 20 17 10 10 30 35 45 55 16 11 11 5 
19104500 19104556 1 0 0 2 -45 0 -1 -48 1 98 46 85 84 25 20 17 10 10 30 35 45 55 16 11 11 5 
19638500 19638596 1 0 0 -5 -52 0 -7 -55 -6 91 47 91 89 25 20 17 10 10 30 35 45 55 16 12 11 5 
19858000 19858018 1 0 0 5 -44 0 6 -44 8 105 50 87 97 25 20 17 10 10 30 35 45 55 16 11 11 5 
20443000 20443042 1 0 0 12 -43 0 11 -44 7 111 55 94 95 25 20 17 10 10 30 35 45 55 16 12 12 5 
