49500 49646 0 0 0 5 -115 0 3 -114 2 145 112 88 84 25 20 18 10 13 33 35 45 55 16 12 10 5 
119000 119009 0 0 0 2 -132 0 7 -129 5 148 134 79 80 25 20 18 10 13 33 35 45 55 16 10 10 5 
148500 148606 0 -1 7 -50 -156 -52 -64 -157 -14 79 90 100 102 25 20 18 10 13 31 35 45 55 16 12 14 5 
155000 155095 0 2 7 -172 -230 -174 -172 -232 -115 -22 60 118 118 25 20 18 10 13 29 35 45 55 16 15 16 5 
161500 161583 0 -3 7 -34 -136 -36 -28 -131 24 117 101 115 117 25 20 18 10 13 29 35 45 55 16 12 15 5 
281000 281136 0 0 0 2 -114 0 13 -107 15 158 118 83 82 25 20 18 10 13 33 35 45 55 16 10 11 5 
314000 314066 0 0 -1 0 0 0 0 0 0 156 0 79 76 25 20 18 10 13 33 35 45 55 16 10 10 5 
376000 376071 0 0 0 -5 -119 0 -4 -118 -5 138 112 70 68 25 20 18 10 13 33 35 45 55 16 9 9 5 
441000 441066 0 -1 7 -65 -170 -62 -81 -173 -62 81 92 108 110 25 20 18 10 13 29 35 45 55 16 14 13 5 
504500 504547 0 2 7 -164 -234 -164 -168 -236 -144 -1 68 116 119 25 20 18 10 13 29 35 45 55 16 15 15 5 
586000 586066 0 -3 7 -47 -156 -50 -45 -154 -47 96 103 90 82 25 20 18 10 13 33 35 45 55 16 11 12 5 
630000 630002 0 0 0 4 -111 0 -2 -106 -4 139 101 101 102 25 20 18 10 13 31 35 45 55 16 13 13 5 
982500 982529 0 0 0 0 -125 0 0 -125 -13 130 116 91 86 25 20 18 10 13 33 35 45 55 16 12 12 5 
1290000 1290090 0 0 0 -3 -127 0 -5 -128 -17 126 115 84 84 25 20 18 10 13 33 35 45 55 16 10 11 5 
1555500 1555609 0 -1 7 -62 -165 -53 -62 -163 -60 83 99 103 103 25 20 18 10 13 31 35 45 55 16 13 14 5 
1574500 1574530 0 2 7 -113 -188 -104 -120 -189 -117 26 69 112 114 25 20 18 10 13 29 35 45 55 16 15 14 5 
1593000 1593060 0 -3 7 -56 -178 -46 -49 -179 -50 93 127 97 95 25 20 18 10 13 33 35 45 55 16 13 12 5 
1693000 1693082 0 0 0 -12 -145 0 -10 -147 -11 132 134 87 90 25 20 18 10 13 33 35 45 55 16 10 11 5 
1798000 1798002 0 0 0 -12 -145 0 -8 -143 -13 130 130 89 94 25 20 18 10 13 33 35 45 55 16 11 11 5 
1860500 1860674 0 -1 7 -72 -188 -63 -87 -191 -83 60 106 108 114 25 20 18 10 13 29 35 45 55 16 12 15 5 
1865500 1865564 0 2 7 -228 -268 -219 -257 -292 -247 -104 36 117 120 25 20 18 10 13 28 35 45 55 16 11 15 5 
2033000 2033081 0 -3 7 -47 -182 -46 -51 -176 -66 77 112 104 103 25 20 18 10 13 31 35 45 55 16 14 13 5 
2077500 2077637 0 0 0 1 -148 0 10 -142 -8 135 143 87 87 25 20 18 10 13 33 35 45 55 16 11 11 5 
2130000 2130027 0 -1 7 -53 -163 -53 -67 -167 -75 68 92 101 101 25 20 18 10 13 31 35 45 55 16 9 12 5 
2135000 2135077 0 2 7 -141 -211 -141 -154 -220 -157 -14 67 112 113 25 20 18 10 13 29 35 45 55 16 13 14 5 
2140500 2140515 0 -3 7 -42 -174 -43 -25 -169 -38 105 134 100 97 25 20 18 10 13 33 35 45 55 16 13 13 5 
2300500 2300599 0 0 0 -1 -143 0 -1 -142 -14 129 133 89 92 25 20 18 10 13 33 35 45 55 16 11 12 5 
2439000 2439029 0 -1 7 -63 -181 -64 -71 -176 -76 67 94 104 104 25 20 18 10 13 31 35 45 55 16 10 13 5 
2442000 2442104 0 2 7 -136 -213 -137 -135 -210 -143 0 67 112 115 25 20 18 10 13 29 35 45 55 16 15 14 5 
2458500 2458638 0 -3 7 -45 -159 -46 -51 -160 -52 91 104 101 105 25 20 18 10 13 31 35 45 55 16 14 12 5 
2516500 2516643 0 -1 7 -58 -178 -59 -50 -178 -54 89 124 94 97 25 20 18 10 13 33 35 45 55 16 11 13 5 
2531500 2531561 0 2 7 -142 -205 -144 -158 -220 -168 -25 52 115 117 25 20 18 10 13 29 35 45 55 16 14 14 5 
2538500 2538538 0 -3 7 -45 -162 -47 -47 -159 -62 81 98 104 104 25 20 18 10 13 31 35 45 55 16 14 13 5 
2667500 2667593 0 -1 7 -56 -155 -60 -72 -156 -82 61 74 111 110 25 20 18 10 13 29 35 45 55 16 14 13 5 
2755500 2755589 0 2 7 -185 -243 -190 -188 -248 -196 -53 52 119 121 25 20 18 10 13 28 35 45 55 16 11 15 5 
2829500 2829652 0 -3 7 -42 -177 -48 -46 -179 -46 97 130 89 93 25 20 18 10 13 33 35 45 55 16 12 11 5 
2977500 2977609 0 0 0 8 -127 0 7 -125 10 153 129 83 82 25 20 18 10 13 33 35 45 55 16 10 11 5 
3033500 3033620 0 -1 7 -56 -154 -59 -36 -133 -38 105 94 106 105 25 20 17 10 13 31 35 45 55 16 11 7 5 
3042000 3042198 0 2 7 -270 -352 -272 -278 -362 -270 -127 86 133 138 25 20 16 10 13 28 35 45 55 16 7 14 5 
3054500 3054602 0 -3 7 -48 -186 -50 -51 -181 -77 66 112 114 117 25 20 16 10 13 29 35 45 55 16 15 14 5 
3069000 3069149 0 -1 7 -58 -215 -58 -44 -211 -60 83 156 104 96 25 20 16 10 13 33 35 45 55 16 12 10 5 
3074000 3074004 0 2 7 -286 -353 -286 -302 -368 -303 -160 74 127 126 25 20 17 10 13 28 35 45 55 16 10 12 5 
3164000 3164111 0 -3 7 -55 -178 -48 -62 -178 -74 69 98 102 100 25 20 18 10 13 31 35 45 55 16 13 13 5 
3172000 3172131 0 -1 7 -60 -178 -52 -42 -175 -60 83 124 100 98 25 20 18 10 13 33 35 45 55 16 13 13 5 
3177000 3177113 0 2 7 -127 -202 -119 -138 -199 -144 -1 58 109 111 25 20 18 10 13 29 35 45 55 16 13 14 5 
3207500 3207502 0 -3 7 -52 -162 -41 -48 -156 -64 79 99 104 100 25 20 18 10 13 31 35 45 55 16 14 13 5 
3266000 3266141 0 0 0 -16 -160 0 -16 -159 -32 111 128 89 90 25 20 18 10 13 33 35 45 55 16 12 11 5 
3323500 3323630 0 -1 7 -78 -190 -62 -86 -194 -90 53 108 103 109 25 20 18 10 13 31 35 45 55 16 12 6 5 
3326000 3326099 0 2 7 -115 -202 -100 -110 -211 -120 23 95 108 103 25 20 18 10 13 31 35 45 55 16 9 10 5 
3346000 3346103 0 -3 7 -63 -170 -47 -74 -167 -78 65 88 108 113 25 20 18 10 13 29 35 45 55 16 14 13 5 
3493000 3493031 0 -1 7 -68 -196 -51 -63 -196 -65 78 128 86 75 25 20 18 10 13 33 35 45 55 16 12 10 5 
3513000 3513018 0 2 7 -115 -201 -99 -105 -203 -105 38 94 101 97 25 20 18 10 13 33 35 45 55 16 13 13 5 
3540500 3540585 0 -3 7 -66 -184 -49 -78 -183 -81 62 100 98 101 25 20 18 10 13 31 35 45 55 16 13 12 5 
3601000 3601049 0 -1 7 -77 -176 -60 -65 -177 -66 77 108 98 96 25 20 18 10 13 33 35 45 55 16 11 14 5 
3603500 3603527 0 2 7 -118 -202 -101 -134 -206 -138 5 69 107 115 25 20 18 10 13 29 35 45 55 16 14 12 5 
3615000 3615143 0 -3 7 -61 -193 -44 -75 -199 -73 70 122 101 101 25 20 18 10 13 31 35 45 55 16 14 12 5 
3774500 3774548 0 -1 7 -69 -182 -50 -70 -182 -70 73 110 91 89 25 20 18 10 13 33 35 45 55 16 11 12 5 
3809500 3809517 0 2 7 -150 -204 -131 -148 -201 -145 -2 57 116 119 25 20 18 10 13 29 35 45 55 16 13 12 5 
3815500 3815633 0 -3 7 -68 -190 -49 -64 -188 -65 78 118 96 96 25 20 18 10 13 33 35 45 55 16 12 12 5 
3974000 3974163 0 -1 7 -70 -177 -50 -72 -177 -68 75 105 88 83 25 20 18 10 13 33 35 45 55 16 11 11 5 
3996000 3996092 0 2 7 -132 -213 -113 -135 -218 -133 10 83 108 103 25 20 18 10 13 31 35 45 55 16 14 14 5 
4004000 4004152 0 -3 7 -68 -193 -48 -89 -197 -88 55 105 97 101 25 20 18 10 13 31 35 45 55 16 13 13 5 
4136000 4136066 0 0 0 -20 -156 0 -23 -158 -18 125 136 86 84 25 20 18 10 13 33 35 45 55 16 11 11 5 
4190500 4190601 0 0 0 -3 -136 0 -6 -136 -17 126 125 89 91 25 20 18 10 13 33 35 45 55 16 11 11 5 
4250500 4250637 0 0 0 -5 -136 0 -5 -136 37 130 128 87 86 25 20 18 10 13 33 35 45 55 16 11 11 5 
4440000 4440156 0 0 0 -4 -136 0 -5 -135 34 127 127 88 86 25 20 18 10 13 33 35 45 55 16 11 11 5 
4610500 4610523 0 0 0 -7 -141 0 -5 -140 -17 126 134 85 83 25 20 18 10 13 33 35 45 55 16 10 11 5 
4697000 4697040 0 0 0 -6 -143 0 -3 -141 -16 127 134 84 81 25 20 18 10 13 33 35 45 55 16 11 11 5 
4907000 4907060 0 0 0 -5 -158 0 -6 -159 -19 124 144 85 82 25 20 18 10 13 33 35 45 55 16 11 11 5 
4940500 4940653 0 -1 7 -79 -177 -59 -71 -171 -72 71 102 94 97 25 20 18 10 13 33 35 45 55 16 10 12 5 
4952500 4952568 0 2 7 -139 -218 -113 -149 -224 -150 -7 77 107 107 25 20 18 10 13 31 35 45 55 16 14 13 5 
4957000 4957067 0 -3 7 -71 -192 -43 -54 -185 -64 79 123 97 99 25 20 18 10 13 33 35 45 55 16 13 12 5 
4978000 4978122 0 0 0 -38 -175 0 -38 -173 -52 91 128 84 79 25 20 18 10 13 33 35 45 55 16 11 11 5 
5056500 5056618 0 -1 7 -96 -191 -56 -101 -187 -115 28 80 109 110 25 20 18 10 13 29 35 45 55 16 10 11 5 
5061500 5061516 0 2 7 -356 -357 -317 -376 -372 -367 -224 13 143 147 25 20 18 10 13 28 35 45 55 16 14 17 5 
5072500 5072514 0 -3 7 -85 -211 -45 -82 -208 -133 10 103 114 115 25 20 18 10 13 29 35 45 55 16 15 10 5 
5276500 5276513 0 0 0 -43 -173 0 -45 -173 -50 93 126 90 89 25 20 18 10 13 33 35 45 55 16 11 11 5 
5420500 5420660 0 0 0 -38 -171 0 -36 -167 -38 105 126 89 89 25 20 18 10 13 33 35 45 55 16 11 11 5 
5487500 5487552 0 -1 7 -94 -187 -55 -94 -190 -49 44 91 105 103 25 20 18 10 13 31 35 45 55 16 10 9 5 
5492000 5492121 0 2 7 -197 -257 -159 -204 -266 -158 -65 62 108 103 25 20 18 10 13 31 35 45 55 16 13 13 5 
5501000 5501006 0 -3 7 -77 -211 -39 -64 -214 -32 61 138 102 97 25 20 18 10 13 33 35 45 55 16 14 13 5 
5701500 5701615 0 0 0 -41 -163 0 -35 -159 5 98 117 89 87 25 20 18 10 13 33 35 45 55 16 11 12 5 
5760500 5760676 0 0 0 -25 -162 0 -26 -163 10 103 135 83 79 25 20 18 10 13 33 35 45 55 16 11 10 5 
5989000 5989034 0 0 0 -7 -140 0 -7 -140 -20 123 127 86 87 25 20 18 10 13 33 35 45 55 16 11 11 5 
6012500 6012615 0 -1 7 -72 -171 -66 -68 -167 -72 71 102 104 104 25 20 18 10 13 31 35 45 55 16 13 6 5 
6016000 6016070 0 2 7 -216 -267 -210 -229 -275 -231 -88 43 111 115 25 20 18 10 13 29 35 45 55 16 13 14 5 
6031500 6031569 0 -3 7 -53 -180 -47 -77 -192 -93 50 103 99 101 25 20 18 10 13 31 35 45 55 16 13 12 5 
6333500 6333613 0 0 0 0 -133 0 3 -131 -14 129 125 86 91 25 20 18 10 13 33 35 45 55 16 11 11 5 
6697500 6697666 0 0 0 -1 -134 0 1 -133 -15 128 125 91 91 25 20 18 10 13 33 35 45 55 16 12 12 5 
6846000 6846004 0 -1 7 -55 -160 -52 -44 -159 -54 89 105 100 95 25 20 18 10 13 33 35 45 55 16 13 12 5 
6854500 6854636 0 2 7 -106 -211 -103 -111 -212 -118 25 91 101 100 25 20 18 10 13 31 35 45 55 16 13 12 5 
6868000 6868056 0 -3 7 -48 -177 -46 -47 -176 -61 82 118 97 95 25 20 18 10 13 33 35 45 55 16 12 12 5 
7050000 7050011 0 0 0 -4 -141 0 -4 -140 -19 124 127 90 90 25 20 18 10 13 33 35 45 55 16 12 11 5 
7560000 7560016 0 0 0 -2 -131 0 -8 -136 -22 121 122 92 93 25 20 18 10 13 33 35 45 55 16 12 12 5 
7657500 7657515 0 0 0 19 -120 0 21 -120 5 148 133 90 88 25 20 18 10 13 33 35 45 55 16 11 12 5 
7817000 7817122 0 0 0 -5 -138 0 -2 -135 32 125 125 83 85 25 20 18 10 13 33 35 45 55 16 11 11 5 
7995000 7995048 0 0 0 4 -132 0 8 -128 6 149 134 90 90 25 20 18 10 13 33 35 45 55 16 11 12 5 
8156000 8156023 0 0 0 -12 -137 0 -8 -134 39 132 124 88 88 25 20 18 10 13 33 35 45 55 16 11 12 5 
8223500 8223593 0 -1 7 -54 -150 -51 -65 -152 -11 82 85 102 102 25 20 18 10 13 31 35 45 55 16 12 14 5 
8228500 8228579 0 2 7 -144 -196 -142 -151 -203 -86 7 52 112 112 25 20 18 10 13 29 35 45 55 16 15 14 5 
8236000 8236005 0 -3 7 -49 -170 -48 -52 -174 -14 79 111 104 104 25 20 18 10 13 31 35 45 55 16 13 14 5 
8262000 8262078 0 0 0 3 -134 0 6 -132 38 131 122 93 88 25 20 18 10 13 33 35 45 55 16 12 12 5 
8366500 8366526 0 0 0 3 -126 0 7 -124 -6 137 126 92 92 25 20 18 10 13 33 35 45 55 16 12 12 5 
8417000 8417081 0 0 0 -4 -128 0 3 -123 43 136 119 91 90 25 20 18 10 13 33 35 45 55 16 12 11 5 
8422000 8422110 0 -1 7 -60 -168 -56 -34 -162 6 99 120 100 97 25 20 18 10 13 33 35 45 55 16 10 11 5 
8426000 8426032 0 2 7 -174 -223 -169 -185 -229 -133 -40 44 116 121 25 20 18 10 13 28 35 45 55 16 15 14 5 
8452500 8452585 0 -3 7 -54 -167 -47 -68 -175 -29 64 95 101 106 25 20 18 10 13 31 35 45 55 16 12 12 5 
8462500 8462657 0 -1 7 -60 -173 -51 -63 -183 -24 69 113 98 95 25 20 18 10 13 33 35 45 55 16 12 13 5 
8622000 8622315 0 2 7 -368 -401 -344 -383 -417 -360 -267 23 141 143 25 20 18 10 13 28 35 45 55 16 11 14 5 
8833500 8833544 0 -3 7 -95 -193 -50 -103 -193 -57 36 86 100 103 25 20 18 10 13 31 35 45 55 16 13 13 5 
8843500 8843528 0 -1 7 -100 -187 -54 -79 -182 -36 57 98 100 96 25 20 18 10 13 33 35 45 55 16 13 13 5 
8872000 8872015 0 2 7 -156 -217 -107 -168 -221 -120 -27 56 109 118 25 20 18 10 13 29 35 45 55 16 15 14 5 
8883000 8883072 0 -3 7 -96 -189 -46 -103 -186 -58 35 79 101 104 25 20 18 10 13 31 35 45 55 16 13 13 5 
9075000 9075056 0 0 0 -69 -181 0 -82 -180 -28 65 99 99 100 25 20 18 10 13 31 35 45 55 16 13 13 5 
9085000 9085023 0 -1 7 -128 -222 -60 -138 -231 -79 14 97 106 107 25 20 18 10 13 31 35 45 55 16 11 14 5 
9090500 9090536 0 2 7 -198 -242 -130 -201 -245 -147 -54 49 118 117 25 20 18 10 13 29 35 45 55 16 15 13 5 
9096000 9096048 0 -3 7 -117 -196 -50 -111 -194 -59 34 83 109 109 25 20 18 10 13 31 35 45 55 16 15 13 5 
9106000 9106198 0 -1 7 -119 -214 -52 -112 -213 -54 39 90 108 109 25 20 18 10 13 31 35 45 55 16 11 5 5 
9115500 9115583 0 2 7 -245 -287 -179 -255 -292 -206 -113 41 128 136 25 20 18 10 13 28 35 45 55 16 12 17 5 
9122500 9122601 0 -3 7 -116 -214 -50 -121 -212 -74 19 88 110 112 25 20 18 10 13 29 35 45 55 16 15 14 5 
9143000 9143138 0 -1 7 -121 -223 -57 -128 -227 -77 16 100 106 107 25 20 18 10 13 31 35 45 55 16 13 14 5 
9160000 9160021 0 2 7 -206 -260 -142 -215 -265 -163 -70 50 119 123 25 20 18 10 13 28 35 45 55 16 12 15 5 
9168500 9168574 0 -3 7 -109 -223 -46 -116 -227 -63 30 111 103 103 25 20 18 10 13 31 35 45 55 16 14 13 5 
9363000 9363115 0 0 0 -50 -186 0 -51 -184 -9 84 132 96 97 25 20 18 10 13 33 35 45 55 16 12 12 5 
9414500 9414643 0 -1 7 -91 -192 -54 -92 -192 -50 43 96 105 102 25 20 18 10 13 31 35 45 55 16 13 14 5 
9424500 9424516 0 2 7 -158 -213 -124 -171 -219 -127 -34 50 118 120 25 20 18 10 13 28 35 45 55 16 15 15 5 
9431500 9431550 0 -3 7 -81 -189 -48 -80 -187 -42 51 104 105 105 25 20 18 10 13 31 35 45 55 16 13 14 5 
9439500 9439588 0 0 0 -31 -179 0 -31 -180 6 99 143 92 90 25 20 18 10 13 33 35 45 55 16 12 12 5 
9557000 9557009 0 0 0 -29 -168 0 -25 -166 15 108 137 97 96 25 20 18 10 13 33 35 45 55 16 12 12 5 
9645000 9645060 0 0 0 -25 -170 0 -24 -168 -22 121 143 98 98 25 20 18 10 13 33 35 45 55 16 13 13 5 
9755500 9755610 0 0 0 -25 -166 0 -15 -163 37 130 148 99 98 25 20 18 10 13 33 35 45 55 16 13 13 5 
9864500 9864631 0 0 0 -44 -178 0 -48 -177 2 95 125 102 101 25 20 18 10 13 31 35 45 55 16 13 13 5 
9892500 9892536 0 0 0 -21 -170 0 -22 -171 -20 123 147 98 97 25 20 18 10 13 33 35 45 55 16 12 13 5 
9917500 9917525 0 -1 7 -83 -190 -58 -91 -193 -40 53 102 113 114 25 20 18 10 13 29 35 45 55 16 13 14 5 
9923000 9923037 0 2 7 -158 -228 -133 -159 -229 -116 -23 70 123 121 25 20 18 10 13 28 35 45 55 16 16 15 5 
9940000 9940021 0 -3 7 -69 -196 -41 -82 -197 -40 53 109 113 114 25 20 18 10 13 29 35 45 55 16 16 14 5 
9948000 9948122 0 -1 7 -83 -189 -55 -88 -189 -45 48 97 113 115 25 20 18 10 13 29 35 45 55 16 14 14 5 
9969000 9969087 0 2 7 -132 -224 -101 -119 -223 -70 23 106 111 109 25 20 18 10 13 31 35 45 55 16 12 14 5 
9978500 9978648 0 -3 7 -75 -181 -43 -68 -178 -10 83 111 98 97 25 20 18 10 13 33 35 45 55 16 13 12 5 
10054000 10054088 0 0 0 -41 -139 0 -42 -134 -37 106 91 97 101 25 20 18 10 13 31 35 45 55 16 12 12 5 
10458000 10458000 0 0 0 -41 -139 0 -40 -138 10 103 96 84 85 25 20 18 10 13 33 35 45 55 16 11 11 5 
10478500 10478572 0 0 0 0 -129 0 3 -127 48 141 125 92 94 25 20 18 10 13 33 35 45 55 16 12 11 5 
10659500 10659503 0 0 0 8 -119 0 6 -119 40 133 114 94 98 25 20 18 10 13 33 35 45 55 16 12 12 5 
10681000 10681082 0 0 0 -8 -120 0 -11 -121 36 129 105 89 89 25 20 18 10 13 33 35 45 55 16 12 11 5 
10774000 10774115 0 0 0 -27 -121 0 -25 -119 -30 113 92 79 79 25 20 18 10 13 33 35 45 55 16 10 10 5 
10865500 10865506 0 0 0 -21 -115 0 -16 -114 22 115 93 82 82 25 20 18 10 12 32 35 45 55 16 10 11 5 
11153500 11153542 0 0 0 -13 -107 0 -13 -106 21 114 87 81 82 25 20 18 10 12 32 35 45 55 16 10 10 5 
11161000 11161178 0 0 0 -24 -116 0 -24 -116 15 108 87 83 79 25 20 18 10 12 32 35 45 55 16 11 10 5 
11184500 11184616 0 0 0 -25 -116 0 -26 -117 12 105 87 81 79 25 20 18 10 12 32 35 45 55 16 10 10 5 
11209500 11209660 0 0 0 3 -115 0 4 -114 43 136 111 91 88 25 20 18 10 12 32 35 45 55 16 12 12 5 
11302500 11302556 0 0 0 -32 -132 0 -29 -130 -41 102 96 79 79 25 20 18 10 12 32 35 45 55 16 10 10 5 
11463000 11463071 0 0 0 -33 -123 0 -32 -122 1 94 86 78 74 25 20 18 10 12 32 35 45 55 16 10 10 5 
11486000 11486095 0 0 0 -19 -127 0 -17 -124 26 119 105 92 92 25 20 18 10 12 32 35 45 55 16 12 12 5 
12259000 12259058 0 0 0 -29 -122 0 -30 -123 -41 102 90 80 78 25 20 18 10 12 32 35 45 55 16 10 10 5 
12307000 12307146 0 0 0 -28 -125 0 -27 -125 17 110 95 91 93 25 20 18 10 12 32 35 45 55 16 11 12 5 
12319000 12319000 0 0 0 5 -101 0 7 -98 61 154 100 93 90 25 20 18 10 13 33 35 45 55 16 12 11 5 
12547000 12547126 0 0 0 -13 -97 0 -12 -96 25 118 81 79 79 25 20 18 10 13 33 35 45 55 16 10 10 5 
12556500 12556538 0 0 0 -15 -114 0 -11 -111 38 131 98 85 81 25 20 18 10 13 33 35 45 55 16 11 11 5 
12578500 12578686 0 0 0 -39 -127 0 -37 -126 8 101 88 80 78 25 20 18 10 13 33 35 45 55 16 10 10 5 
12607500 12607606 0 0 0 -58 -136 0 -57 -135 -61 82 78 76 77 25 20 18 10 13 33 35 45 55 16 10 9 5 
12767500 12767656 0 0 0 -60 -133 0 -63 -134 -21 72 71 76 75 25 20 18 10 13 33 35 45 55 16 9 10 5 
12778000 12778118 0 0 0 -32 -126 0 -36 -126 14 107 87 88 86 25 20 18 10 13 33 35 45 55 16 11 11 5 
12786000 12786128 0 0 0 -25 -117 0 -20 -110 31 124 84 93 89 25 20 18 10 12 32 35 45 55 16 12 12 5 
12793000 12793131 0 0 0 -24 -107 0 -21 -104 17 110 80 78 80 25 20 18 10 12 32 35 45 55 16 10 10 5 
12821000 12821002 0 0 0 -33 -111 0 -32 -109 2 95 75 76 77 25 20 18 10 12 32 35 45 55 16 10 10 5 
12828500 12828630 0 0 0 -31 -108 0 -31 -107 6 99 71 78 77 25 20 18 10 12 32 35 45 55 16 10 9 5 
12875000 12875145 0 0 0 -43 -113 0 -44 -114 -7 86 67 76 76 25 20 18 10 13 33 35 45 55 16 10 10 5 
12882000 12882139 0 0 0 -30 -113 0 -30 -112 11 104 79 82 78 25 20 18 10 13 33 35 45 55 16 11 10 5 
13211000 13211122 0 0 0 -24 -105 0 -26 -105 5 98 74 79 79 25 20 18 10 13 33 35 45 55 16 10 10 5 
13222500 13222564 0 0 0 -6 -108 0 -6 -106 36 129 95 89 93 25 20 18 10 13 33 35 45 55 16 11 11 5 
13240500 13240609 0 0 0 -28 -110 0 -30 -112 8 101 81 75 73 25 20 18 10 13 33 35 45 55 16 9 9 5 
13269500 13269657 0 0 0 -19 -105 0 -19 -99 14 107 77 78 76 25 20 18 10 13 33 35 45 55 16 10 10 5 
13536000 13536263 0 0 0 -28 -118 0 -29 -119 12 105 87 85 85 25 20 18 10 13 33 35 45 55 16 9 12 5 
13548000 13548159 0 0 0 -18 -103 0 -25 -106 26 119 77 91 85 25 20 18 10 13 33 35 45 55 16 12 11 5 
13598500 13598622 0 0 0 -22 -101 0 -25 -103 10 103 73 78 76 25 20 18 10 13 33 35 45 55 16 10 9 5 
13608500 13608652 0 0 0 -10 -92 0 0 -84 38 131 78 83 88 25 20 18 10 13 33 35 45 55 16 11 10 5 
13614500 13614505 0 0 0 -35 -104 0 -35 -104 3 96 59 76 80 25 20 18 10 13 33 35 45 55 16 10 10 5 
13687500 13687620 0 0 0 -26 -105 0 -26 -105 6 99 76 76 75 25 20 18 10 13 33 35 45 55 16 10 10 5 
13698000 13698177 0 0 0 -33 -108 0 -31 -106 3 96 70 74 72 25 20 18 10 13 33 35 45 55 16 9 9 5 
13713500 13713590 0 0 0 -28 -109 0 -27 -109 9 102 78 81 78 25 20 18 10 13 33 35 45 55 16 10 10 5 
13724000 13724113 0 0 0 -33 -109 0 -32 -108 4 97 73 74 76 25 20 18 10 13 33 35 45 55 16 10 9 5 
13812000 13812233 0 0 0 -54 -127 0 -52 -125 -19 74 69 70 67 25 20 18 10 13 33 35 45 55 16 9 7 5 
13828000 13828129 0 0 0 -33 -107 0 -34 -108 3 96 73 76 78 25 20 18 10 13 33 35 45 55 16 10 10 5 
13848500 13848667 0 0 0 -52 -122 0 -54 -123 -18 75 65 71 72 25 20 18 10 13 33 35 45 55 16 9 9 5 
13916000 13916134 0 0 0 -27 -107 0 -25 -106 11 104 78 78 80 25 20 18 10 13 33 35 45 55 16 10 10 5 
14104000 14104127 0 0 0 -43 -118 0 -44 -118 -54 89 74 76 74 25 20 18 10 13 33 35 45 55 16 10 10 5 
14153500 14153511 0 0 0 -36 -119 0 -36 -117 2 95 80 82 76 25 20 18 10 13 33 35 45 55 16 9 7 5 
14165000 14165075 0 0 0 -26 -115 0 -26 -113 26 119 85 91 87 25 20 18 10 13 33 35 45 55 16 11 12 5 
14173000 14173108 0 0 0 -10 -105 0 -11 -105 27 120 87 83 82 25 20 18 10 13 33 35 45 55 16 11 10 5 
14238500 14238651 0 0 0 -35 -111 0 -31 -108 3 96 71 73 70 25 20 18 10 13 33 35 45 55 16 9 9 5 
14331500 14331628 0 0 0 -42 -117 0 -42 -118 -3 90 71 71 72 25 20 18 10 13 33 35 45 55 16 9 9 5 
14787000 14787170 0 0 0 -30 -111 0 -32 -111 6 99 75 75 75 25 20 18 10 13 33 35 45 55 16 10 9 5 
14807000 14807119 0 0 0 -33 -108 0 -34 -108 9 102 75 73 77 25 20 18 10 13 33 35 45 55 16 9 9 5 
14821000 14821072 0 0 0 -53 -127 0 -52 -127 -12 81 74 70 71 25 20 18 10 13 33 35 45 55 16 9 9 5 
14857500 14857646 0 0 0 -51 -123 0 -49 -122 -58 85 72 69 67 25 20 18 10 13 33 35 45 55 16 9 9 5 
15182500 15182581 0 0 0 -49 -122 0 -49 -121 -9 84 71 70 74 25 20 18 10 13 33 35 45 55 16 9 9 5 
15198000 15198009 0 0 0 -49 -125 0 -48 -124 -5 88 74 68 64 25 20 18 10 13 33 35 45 55 16 9 9 5 
15316000 15316098 0 0 0 -49 -124 0 -54 -126 -9 84 74 74 75 25 20 18 10 13 33 35 45 55 16 9 10 5 
15331000 15331083 0 0 0 -53 -122 0 -53 -122 -3 90 69 74 78 25 20 18 10 13 33 35 45 55 16 9 9 5 
15362000 15362161 0 0 0 -37 -109 0 -41 -111 7 100 66 72 80 25 20 18 10 13 33 35 45 55 16 9 9 5 
15390000 15390205 0 0 0 -49 -114 0 -49 -114 1 94 64 71 68 25 20 18 10 13 33 35 45 55 16 9 9 5 
15406500 15406524 0 0 0 -26 -104 0 -28 -106 -5 111 75 79 84 25 20 18 10 13 33 35 45 55 16 10 11 5 
15474000 15474092 0 -1 7 -79 -143 -55 -80 -142 -76 67 61 105 101 25 20 18 10 13 31 35 45 55 16 14 13 5 
15498000 15498106 0 2 7 -163 -223 -138 -174 -233 -176 -33 56 115 112 25 20 18 10 13 29 35 45 55 16 15 15 5 
15548000 15548167 0 -3 7 -73 -163 -49 -72 -162 -73 70 89 79 79 25 20 18 10 13 33 35 45 55 16 10 10 5 
15649000 15649165 0 0 0 -22 -109 0 -20 -108 -18 125 83 77 81 25 20 18 10 13 33 35 45 55 16 10 10 5 
15678000 15678080 0 0 0 -15 -100 0 -15 -100 -14 129 82 78 77 25 20 18 10 13 33 35 45 55 16 10 10 5 
15694500 15694635 0 0 0 -39 -118 0 -38 -117 -36 107 76 74 74 25 20 18 10 13 33 35 45 55 16 9 9 5 
15752000 15752175 0 0 0 -50 -128 0 -50 -127 -48 95 71 73 74 25 20 18 10 13 33 35 45 55 16 9 9 5 
15764000 15764158 0 0 0 -29 -113 0 -30 -113 -31 112 80 73 71 25 20 18 10 13 33 35 45 55 16 9 9 5 
15794000 15794126 0 0 0 -27 -113 0 -24 -112 -23 120 85 77 78 25 20 18 10 13 33 35 45 55 16 9 11 5 
15837500 15837586 0 0 0 -11 -110 0 -29 -115 16 109 80 96 101 25 20 18 10 13 31 35 45 55 16 12 12 5 
15871000 15871009 0 0 0 -11 -115 0 -10 -115 31 124 98 91 90 25 20 18 10 13 33 35 45 55 16 12 12 5 
15936000 15936066 0 0 0 -32 -142 0 -32 -141 12 105 103 87 87 25 20 18 10 13 33 35 45 55 16 10 12 5 
15947500 15947600 0 0 0 -52 -149 0 -48 -149 6 99 98 97 94 25 20 18 10 13 33 35 45 55 16 12 12 5 
15976000 15976112 0 0 0 -42 -143 0 -40 -143 15 108 101 74 72 25 20 18 10 13 33 35 45 55 16 9 9 5 
15992000 15992195 0 0 0 -25 -124 0 -23 -122 -17 126 96 78 77 25 20 18 10 13 33 35 45 55 16 10 9 5 
16078500 16078583 0 0 0 -35 -121 0 -28 -116 29 122 86 81 82 25 20 18 10 13 33 35 45 55 16 10 11 5 
16089500 16089519 0 0 0 -2 -105 0 4 -102 59 152 104 79 72 25 20 18 10 13 33 35 45 55 16 10 10 5 
16113500 16113516 0 0 0 -37 -124 0 -37 -124 20 113 85 80 80 25 20 18 10 13 33 35 45 55 16 10 10 5 
16160500 16160526 0 0 0 -50 -135 0 -49 -134 -41 102 85 75 75 25 20 18 10 13 33 35 45 55 16 9 10 5 
16292000 16292192 0 0 0 -56 -142 0 -55 -141 2 95 85 74 69 25 20 18 10 13 33 35 45 55 16 9 9 5 
16329500 16329622 0 0 0 -18 -123 0 -19 -122 35 128 97 86 86 25 20 18 10 13 33 35 45 55 16 10 11 5 
16405000 16405059 0 -1 7 -72 -158 -54 -73 -160 -21 72 87 103 105 25 20 18 10 13 31 35 45 55 16 13 13 5 
16426000 16426065 0 2 7 -146 -215 -127 -132 -219 -87 6 85 114 109 25 20 18 10 13 31 35 45 55 16 15 15 5 
16439000 16439053 0 -3 7 -64 -169 -46 -67 -170 -22 71 99 104 101 25 20 18 10 13 31 35 45 55 16 14 13 5 
16459500 16459605 0 -1 7 -78 -180 -59 -78 -184 -30 63 105 106 109 25 20 18 10 13 31 35 45 55 16 11 15 5 
16463000 16463012 0 2 7 -119 -197 -100 -120 -198 -73 20 78 115 114 25 20 18 10 13 29 35 45 55 16 15 15 5 
16473000 16473116 0 -3 7 -67 -178 -49 -68 -177 -20 73 106 105 104 25 20 18 10 13 31 35 45 55 16 14 13 5 
16531000 16531058 0 0 0 -19 -147 0 -18 -152 28 121 126 96 94 25 20 18 10 13 33 35 45 55 16 12 12 5 
16610500 16610520 0 0 0 -15 -139 0 -12 -139 37 130 123 94 99 25 20 18 10 13 33 35 45 55 16 12 12 5 
16709000 16709096 0 0 0 -5 -130 0 -7 -131 43 136 122 92 88 25 20 18 10 13 33 35 45 55 16 12 12 5 
16749500 16749640 0 0 0 0 -129 0 -1 -129 -2 141 124 88 88 25 20 18 10 13 33 35 45 55 16 11 11 5 
16810500 16810654 0 0 0 -7 -125 0 -8 -126 41 134 114 90 93 25 20 18 10 13 33 35 45 55 16 12 12 5 
17138500 17138622 0 0 0 -1 -131 0 -20 -132 19 112 104 98 100 25 20 18 10 13 31 35 45 55 16 13 12 5 
17240000 17240082 0 -1 7 -53 -154 -51 -58 -158 -20 73 98 104 106 25 20 18 10 13 31 35 45 55 16 13 13 5 
17265500 17265513 0 2 7 -139 -206 -137 -140 -209 -105 -12 66 118 116 25 20 18 10 13 29 35 45 55 16 15 13 5 
17270000 17270079 0 -3 7 -51 -170 -49 -43 -166 -10 83 114 107 104 25 20 18 10 13 31 35 45 55 16 14 13 5 
17297000 17297003 0 -1 7 -53 -167 -51 -52 -167 -14 79 110 103 106 25 20 18 10 13 31 35 45 55 16 12 14 5 
17326000 17326001 0 2 7 -115 -195 -112 -119 -192 -84 9 71 116 124 25 20 18 10 13 28 35 45 55 16 15 15 5 
17331500 17331569 0 -3 7 -49 -171 -46 -39 -167 -14 79 115 108 101 25 20 18 10 13 31 35 45 55 16 14 14 5 
17341500 17341542 0 -1 7 -54 -170 -51 -32 -172 1 94 129 102 99 25 20 18 10 13 33 35 45 55 16 13 13 5 
17383500 17383565 0 2 7 -118 -196 -115 -125 -195 -87 6 69 115 120 25 20 18 10 13 28 35 45 55 16 15 14 5 
17387500 17387647 0 -3 7 -47 -182 -44 -34 -176 -2 91 129 97 99 25 20 18 10 13 33 35 45 55 16 11 12 5 
17488000 17488112 0 0 0 -4 -127 0 -5 -127 41 134 115 96 94 25 20 18 10 13 33 35 45 55 16 12 12 5 
17560000 17560131 0 -1 7 -81 -170 -66 -79 -170 -35 58 87 114 118 25 20 18 10 13 29 35 45 55 16 13 15 5 
17569500 17569506 0 2 7 -149 -219 -132 -154 -222 -132 -39 65 130 136 25 20 18 10 13 28 35 45 55 16 16 17 5 
17573500 17573580 0 -3 7 -64 -173 -46 -59 -166 -20 73 109 114 111 25 20 18 10 13 29 35 45 55 16 14 14 5 
17663000 17663152 0 0 0 -32 -148 0 -31 -145 18 111 113 97 96 25 20 18 10 13 33 35 45 55 16 12 11 5 
17712000 17712013 0 0 0 -36 -148 0 -22 -145 27 120 118 97 95 25 20 18 10 13 33 35 45 55 16 13 12 5 
17748500 17748621 0 -1 7 -88 -178 -53 -87 -181 -43 50 92 109 104 25 20 18 10 13 31 35 45 55 16 13 14 5 
17768500 17768613 0 2 7 -245 -305 -209 -258 -315 -219 -126 52 120 120 25 20 18 10 13 28 35 45 55 16 15 14 5 
17884500 17884515 0 -3 7 -80 -190 -45 -88 -191 -40 53 101 101 102 25 20 18 10 13 31 35 45 55 16 14 12 5 
17951500 17951647 0 0 0 -34 -139 0 -32 -137 -28 115 103 95 97 25 20 18 10 13 33 35 45 55 16 12 12 5 
17965500 17965556 0 -1 7 -88 -159 -56 -91 -158 -44 49 64 107 116 25 20 17 10 13 29 35 45 55 16 13 14 5 
17981500 17981603 0 2 7 -180 -236 -149 -184 -241 -134 -41 57 129 128 25 20 16 10 13 28 35 45 55 16 15 16 5 
17997500 17997535 0 -3 7 -78 -194 -48 -84 -199 -50 43 107 131 130 25 20 15 10 13 28 35 45 55 16 16 16 5 
18019000 18019069 0 -1 7 -90 -199 -62 -84 -188 -44 49 103 116 115 25 20 16 10 13 29 35 45 55 16 13 15 5 
18030500 18030503 0 2 7 -248 -297 -221 -251 -300 -208 -115 48 142 142 25 20 16 10 13 28 35 45 55 16 17 18 5 
18039000 18039027 0 -3 7 -75 -212 -49 -82 -213 -52 41 118 115 114 25 20 16 10 13 29 35 45 55 16 15 14 5 
18052000 18052109 0 -1 7 -76 -218 -51 -74 -215 -37 56 131 90 93 25 20 16 10 13 33 35 45 55 16 12 10 5 
18073500 18073609 0 2 7 -195 -257 -172 -201 -259 -165 -72 57 121 124 25 20 17 10 13 28 35 45 55 16 16 16 5 
18116500 18116636 0 -3 7 -69 -172 -50 -70 -176 -33 60 98 96 99 25 20 18 10 13 33 35 45 55 16 11 12 5 
18183000 18183170 0 0 0 -14 -124 0 -14 -124 26 119 105 81 83 25 20 18 10 13 33 35 45 55 16 10 10 5 
18262500 18262590 0 0 0 -2 -120 0 3 -117 48 141 112 87 87 25 20 18 10 13 33 35 45 55 16 11 11 5 
18399500 18399597 0 0 0 -3 -118 0 -1 -115 52 145 112 84 80 25 20 17 10 13 33 35 45 55 16 11 10 5 
18670500 18670673 0 0 0 -14 -145 0 -22 -149 24 117 128 85 82 25 20 17 10 13 33 35 45 55 16 11 11 5 
18903000 18903016 0 0 0 -9 -129 0 -5 -126 40 133 118 86 86 25 20 17 10 13 33 35 45 55 16 11 11 5 
18988000 18988024 0 0 0 -16 -137 0 -18 -138 24 117 113 91 88 25 20 17 10 13 33 35 45 55 16 11 12 5 
19007500 19007580 0 -1 7 -76 -156 -59 -84 -151 -37 56 70 108 110 25 20 17 10 13 29 35 45 55 16 13 15 5 
19015500 19015589 0 2 7 -171 -219 -154 -178 -225 -130 -37 46 119 117 25 20 17 10 13 29 35 45 55 16 13 11 5 
19046000 19046055 0 -3 7 -67 -202 -48 -68 -203 -22 71 129 93 99 25 20 17 10 13 33 35 45 55 16 11 12 5 
19054500 19054647 0 -1 7 -71 -191 -52 -74 -192 -22 71 117 83 79 25 20 17 10 13 33 35 45 55 16 11 10 5 
19092000 19092028 0 2 7 -163 -210 -142 -162 -209 -109 -16 48 113 115 25 20 17 10 13 29 35 45 55 16 15 15 5 
19283500 19283634 0 -3 7 -79 -169 -49 -67 -162 -14 79 92 99 94 25 20 17 10 13 33 35 45 55 16 13 12 5 
19445500 19445526 0 0 0 -37 -149 0 -35 -146 22 115 109 88 88 25 20 17 10 13 33 35 45 55 16 11 11 5 
19495500 19495656 0 0 0 -46 -150 0 -40 -148 19 112 106 91 93 25 20 17 10 13 33 35 45 55 16 12 12 5 
45000 45169 1 0 0 22 -106 0 21 -107 -12 269 126 90 86 25 20 18 10 13 33 35 45 55 16 11 12 5 
116000 116155 1 0 0 28 -100 0 27 -101 -5 276 128 79 80 25 20 18 10 13 33 35 45 55 16 10 10 5 
149500 149604 1 -1 7 -38 -139 -55 -47 -141 -47 202 96 103 105 25 20 18 10 13 31 35 45 55 16 13 14 5 
155000 155095 1 2 7 -161 -216 -177 -165 -217 -166 83 51 118 118 25 20 18 10 13 29 35 45 55 16 15 16 5 
163000 163020 1 -3 7 -35 -147 -48 -28 -147 -27 222 119 109 108 25 20 18 10 13 31 35 45 55 16 15 13 5 
205500 205693 1 0 -1 0 0 0 0 0 0 220 0 75 79 25 20 18 10 13 33 35 45 55 16 9 10 5 
284000 284013 1 0 0 50 -77 0 47 -81 15 296 128 84 86 25 20 18 10 13 33 35 45 55 16 11 10 5 
316000 316185 1 0 0 39 -82 0 40 -82 6 287 122 80 82 25 20 18 10 13 33 35 45 55 16 10 10 5 
377000 377139 1 0 0 27 -93 0 24 -96 -9 272 119 69 68 25 20 18 10 13 33 35 45 55 16 9 9 5 
439000 439079 1 -1 7 -29 -129 -52 -32 -132 -66 215 99 106 102 25 20 18 10 13 31 35 45 55 16 14 14 5 
447500 447592 1 2 7 -103 -174 -126 -111 -181 -144 137 70 114 115 25 20 18 10 13 29 35 45 55 16 15 15 5 
467500 467539 1 -3 7 -22 -131 -44 -29 -131 -62 219 102 110 110 25 20 18 10 13 29 35 45 55 16 14 14 5 
499500 499503 1 -1 7 -41 -150 -60 -47 -151 -79 202 104 104 103 25 20 18 10 13 31 35 45 55 16 11 12 5 
505000 505051 1 2 7 -120 -182 -139 -123 -185 -156 125 60 115 118 25 20 18 10 13 29 35 45 55 16 15 15 5 
554000 554102 1 -3 7 -32 -127 -48 -30 -126 -62 219 96 85 85 25 20 18 10 13 33 35 45 55 16 10 11 5 
622500 622542 1 0 0 12 -100 0 16 -98 -16 265 114 93 95 25 20 18 10 13 33 35 45 55 16 12 11 5 
682500 682516 1 -1 7 -36 -130 -50 -40 -133 -74 207 92 102 101 25 20 18 10 13 31 35 45 55 16 13 13 5 
694500 694571 1 2 7 -88 -162 -102 -84 -161 -116 165 77 113 115 25 20 18 10 13 29 35 45 55 16 15 15 5 
701500 701521 1 -3 7 -31 -147 -45 -32 -147 -64 217 116 106 103 25 20 18 10 13 31 35 45 55 16 14 13 5 
978500 978548 1 0 0 24 -93 0 21 -96 -12 269 117 86 85 25 20 18 10 13 33 35 45 55 16 10 11 5 
1290000 1290090 1 0 0 42 -84 0 40 -86 7 288 125 84 84 25 20 18 10 13 33 35 45 55 16 10 11 5 
1336000 1336134 1 -1 7 -10 -110 -53 -16 -115 -48 233 99 105 104 25 20 18 10 13 31 35 45 55 16 13 14 5 
1340500 1340523 1 2 7 -85 -160 -129 -89 -164 -122 159 75 115 117 25 20 18 10 13 29 35 45 55 16 15 15 5 
1352500 1352513 1 -3 7 -5 -117 -49 -13 -115 -46 235 102 110 112 25 20 18 10 13 29 35 45 55 16 14 14 5 
1552500 1552640 1 -1 7 -1 -112 -52 -3 -111 -36 245 106 100 101 25 20 18 10 13 31 35 45 55 16 13 13 5 
1574500 1574530 1 2 7 -71 -152 -123 -77 -154 -109 172 77 112 114 25 20 18 10 13 29 35 45 55 16 15 14 5 
1590000 1590097 1 -3 7 5 -115 -47 14 -120 -18 263 134 100 99 25 20 18 10 13 33 35 45 55 16 13 13 5 
1690500 1690636 1 0 0 56 -78 0 54 -81 22 303 135 86 91 25 20 18 10 13 33 35 45 55 16 11 10 5 
1795500 1795608 1 0 0 55 -73 0 53 -74 18 299 125 89 91 25 20 18 10 13 33 35 45 55 16 11 11 5 
1860000 1860122 1 -1 7 -11 -113 -66 -18 -117 -50 231 100 105 106 25 20 18 10 13 31 35 45 55 16 13 13 5 
1865500 1865564 1 2 7 -157 -205 -211 -166 -210 -199 82 44 117 120 25 20 18 10 13 28 35 45 55 16 11 15 5 
1953000 1953140 1 -3 7 4 -113 -50 -11 -112 -43 238 101 97 105 25 20 18 10 13 31 35 45 55 16 12 12 5 
1960500 1960651 1 -1 7 -2 -111 -55 4 -113 -27 254 118 98 96 25 20 18 10 13 33 35 45 55 16 12 13 5 
2027000 2027043 1 2 7 -136 -189 -189 -139 -191 -171 110 53 118 122 25 20 18 10 13 28 35 45 55 16 13 13 5 
2035000 2035015 1 -3 7 9 -116 -44 16 -114 -16 265 130 99 98 25 20 18 10 13 33 35 45 55 16 13 13 5 
2077500 2077637 1 0 0 53 -83 0 52 -83 20 301 134 87 87 25 20 18 10 13 33 35 45 55 16 11 11 5 
2130000 2130027 1 -1 7 2 -110 -53 -5 -112 -38 243 106 101 101 25 20 18 10 13 31 35 45 55 16 9 12 5 
2135000 2135077 1 2 7 -143 -193 -199 -158 -202 -190 91 44 112 113 25 20 18 10 13 29 35 45 55 16 13 14 5 
2143000 2143116 1 -3 7 9 -117 -46 12 -119 -21 260 130 95 98 25 20 18 10 13 33 35 45 55 16 13 12 5 
2296000 2296047 1 0 0 63 -75 0 62 -76 30 311 138 88 91 25 20 18 10 13 33 35 45 55 16 11 11 5 
2439000 2439029 1 -1 7 -12 -120 -57 -18 -121 -51 230 103 104 104 25 20 18 10 13 31 35 45 55 16 10 13 5 
2450500 2450506 1 2 7 -116 -172 -160 -126 -180 -157 124 55 114 113 25 20 18 10 13 29 35 45 55 16 15 15 5 
2463000 2463005 1 -3 7 -3 -127 -46 -6 -133 -38 243 126 90 85 25 20 18 10 13 33 35 45 55 16 12 10 5 
2517000 2517109 1 -1 7 -19 -122 -55 -15 -127 -48 233 110 97 98 25 20 18 10 13 33 35 45 55 16 12 14 5 
2528000 2528088 1 2 7 -139 -183 -174 -146 -184 -179 102 39 117 120 25 20 18 10 13 28 35 45 55 16 15 14 5 
2618500 2618639 1 -3 7 -25 -127 -49 -23 -127 -55 226 105 98 97 25 20 18 10 13 33 35 45 55 16 11 12 5 
2667500 2667593 1 -1 7 -34 -139 -52 -48 -141 -82 199 91 111 110 25 20 18 10 13 29 35 45 55 16 14 13 5 
2677500 2677517 1 2 7 -92 -167 -108 -99 -175 -131 150 76 115 116 25 20 18 10 13 29 35 45 55 16 15 15 5 
2697500 2697635 1 -3 7 -32 -146 -46 -42 -149 -75 206 109 106 104 25 20 18 10 13 31 35 45 55 16 14 13 5 
2717500 2717519 1 -1 7 -44 -149 -55 -44 -151 -77 204 108 104 104 25 20 18 10 13 31 35 45 55 16 13 9 5 
2755000 2755084 1 2 7 -151 -219 -158 -160 -226 -194 87 66 119 120 25 20 18 10 13 28 35 45 55 16 11 15 5 
2770000 2770072 1 -3 7 -37 -165 -42 -46 -168 -79 202 122 103 101 25 20 18 10 13 31 35 45 55 16 14 13 5 
2906000 2906167 1 0 0 -12 -113 0 -12 -113 -45 236 100 83 85 25 20 18 10 13 33 35 45 55 16 10 11 5 
3033500 3033620 1 -1 7 -69 -164 -63 -67 -151 -100 181 84 106 105 25 20 17 10 13 31 35 45 55 16 11 7 5 
3073500 3073540 1 2 7 -247 -321 -243 -270 -341 -303 -22 69 127 130 25 20 17 10 13 28 35 45 55 16 8 11 5 
3161000 3161073 1 -3 7 -49 -156 -49 -49 -154 -82 199 105 103 102 25 20 18 10 13 31 35 45 55 16 13 13 5 
3173000 3173028 1 -1 7 -60 -158 -61 -68 -156 -100 181 89 101 103 25 20 18 10 13 31 35 45 55 16 13 13 5 
3176500 3176569 1 2 7 -111 -183 -111 -106 -189 -138 143 84 109 109 25 20 18 10 13 31 35 45 55 16 13 14 5 
3208000 3208089 1 -3 7 -45 -155 -47 -50 -155 -82 199 105 102 104 25 20 18 10 13 31 35 45 55 16 13 13 5 
3226500 3226557 1 -1 7 -49 -155 -52 -80 -164 -112 169 85 103 110 25 20 18 10 13 29 35 45 55 16 11 12 5 
3242500 3242557 1 2 7 -90 -173 -94 -107 -177 -140 141 70 112 120 25 20 18 10 13 28 35 45 55 16 12 14 5 
3252000 3252000 1 -3 7 -43 -151 -47 -23 -156 -55 226 134 103 92 25 20 18 10 13 33 35 45 55 16 14 13 5 
3292500 3292630 1 0 0 6 -121 0 6 -121 -27 254 127 97 96 25 20 18 10 13 33 35 45 55 16 13 12 5 
3322000 3322041 1 -1 7 -46 -145 -52 -34 -145 -68 213 111 99 84 25 20 18 10 13 33 35 45 55 16 13 10 5 
3325500 3325548 1 2 7 -112 -185 -117 -129 -198 -162 119 68 108 111 25 20 18 10 13 29 35 45 55 16 6 11 5 
3346500 3346506 1 -3 7 -39 -147 -44 -55 -146 -87 194 92 108 111 25 20 18 10 13 29 35 45 55 16 14 13 5 
3499000 3499147 1 -1 7 -48 -152 -50 -59 -153 -90 191 95 98 101 25 20 18 10 13 31 35 45 55 16 13 12 5 
3513000 3513018 1 2 7 -82 -169 -84 -70 -175 -104 177 104 101 97 25 20 18 10 13 33 35 45 55 16 13 13 5 
3525500 3525567 1 -3 7 -43 -154 -45 -33 -158 -66 215 123 102 91 25 20 18 10 13 33 35 45 55 16 13 13 5 
3601500 3601512 1 -1 7 -53 -149 -53 -53 -150 -84 197 97 101 103 25 20 18 10 13 31 35 45 55 16 12 14 5 
3613500 3613598 1 2 7 -85 -173 -85 -101 -176 -133 148 74 107 114 25 20 18 10 13 29 35 45 55 16 13 14 5 
3616000 3616064 1 -3 7 -49 -156 -49 -39 -154 -71 210 116 96 91 25 20 18 10 13 33 35 45 55 16 13 11 5 
3729500 3729583 1 0 0 -2 -122 0 -5 -123 -37 244 118 96 93 25 20 18 10 13 33 35 45 55 16 12 12 5 
3750000 3750165 1 -1 7 -59 -149 -58 -70 -153 -100 181 84 106 106 25 20 18 10 13 31 35 45 55 16 10 15 5 
3754000 3754006 1 2 7 -142 -204 -141 -149 -212 -183 98 62 111 109 25 20 18 10 13 31 35 45 55 16 13 13 5 
3759500 3759530 1 -3 7 -44 -154 -43 -29 -154 -62 219 125 101 98 25 20 18 10 13 33 35 45 55 16 13 13 5 
3791000 3791110 1 -1 7 -54 -150 -54 -59 -152 -92 189 92 87 89 25 20 18 10 13 33 35 45 55 16 10 11 5 
3810000 3810395 1 2 7 -151 -200 -151 -159 -203 -192 89 44 116 119 25 20 18 10 13 29 35 45 55 16 10 12 5 
3816500 3816606 1 -3 7 -48 -155 -49 -48 -157 -81 200 109 94 96 25 20 18 10 13 33 35 45 55 16 12 12 5 
3913500 3913554 1 -1 7 -53 -152 -58 -50 -144 -82 199 95 105 101 25 20 18 10 13 31 35 45 55 16 11 9 5 
3917000 3917049 1 2 7 -141 -208 -147 -148 -214 -181 100 67 113 116 25 20 18 10 13 29 35 45 55 16 12 14 5 
3945000 3945077 1 -3 7 -37 -150 -43 -34 -151 -65 216 117 97 96 25 20 18 10 13 33 35 45 55 16 13 12 5 
3982000 3982027 1 -1 7 -43 -142 -51 -53 -146 -86 195 94 86 82 25 20 18 10 13 33 35 45 55 16 10 11 5 
3994500 3994550 1 2 7 -124 -193 -132 -120 -195 -153 128 76 108 108 25 20 18 10 13 31 35 45 55 16 12 14 5 
4006000 4006144 1 -3 7 -35 -148 -44 -29 -147 -62 219 118 93 91 25 20 18 10 13 33 35 45 55 16 13 11 5 
4063000 4063032 1 0 0 11 -113 0 10 -114 -22 259 124 81 82 25 20 18 10 13 33 35 45 55 16 10 10 5 
4136000 4136066 1 0 0 35 -96 0 32 -99 0 281 131 86 84 25 20 18 10 13 33 35 45 55 16 11 11 5 
4181000 4181097 1 0 0 29 -100 0 28 -101 -3 278 131 82 81 25 20 18 10 13 33 35 45 55 16 10 10 5 
4247000 4247051 1 0 0 22 -98 0 17 -103 16 265 120 89 91 25 20 18 10 13 33 35 45 55 16 11 11 5 
4438000 4438138 1 0 0 4 -118 0 0 -122 0 249 122 88 87 25 20 18 10 13 33 35 45 55 16 11 11 5 
4608500 4608638 1 0 0 19 -115 0 22 -114 -11 270 136 87 87 25 20 18 10 13 33 35 45 55 16 11 10 5 
4700500 4700691 1 0 0 23 -94 0 19 -97 -14 267 116 80 76 25 20 18 10 13 33 35 45 55 16 10 10 5 
4910500 4910543 1 0 0 -17 -122 0 -18 -124 -52 229 105 86 84 25 20 18 10 13 33 35 45 55 16 11 11 5 
4982000 4982045 1 0 0 -31 -137 0 -31 -139 -65 216 108 84 81 25 20 18 10 13 33 35 45 55 16 11 11 5 
5056000 5056339 1 -1 7 -80 -173 -56 -77 -172 -109 172 95 104 107 25 20 18 10 13 31 35 45 55 16 10 10 5 
5061500 5061516 1 2 7 -343 -370 -319 -358 -383 -392 -111 24 143 147 25 20 18 10 13 28 35 45 55 16 14 17 5 
5117000 5117133 1 -3 7 -69 -162 -50 -71 -163 -103 178 92 90 93 25 20 18 10 13 33 35 45 55 16 11 12 5 
5139000 5139001 1 -1 7 -72 -153 -54 -69 -153 -101 180 84 89 93 25 20 18 10 13 33 35 45 55 16 11 11 5 
5143500 5143639 1 2 7 -106 -165 -89 -111 -166 -144 137 56 89 85 25 20 18 10 13 33 35 45 55 16 12 11 5 
5163500 5163735 1 -3 7 -64 -143 -48 -64 -143 -97 184 78 85 86 25 20 18 10 13 33 35 45 55 16 10 11 5 
5276000 5276157 1 0 0 -6 -125 0 -7 -125 -39 242 118 90 85 25 20 18 10 13 33 35 45 55 16 12 11 5 
5428000 5428064 1 0 0 0 -118 0 -4 -122 -35 246 120 87 88 25 20 18 10 13 33 35 45 55 16 11 11 5 
5475000 5475036 1 -1 7 -50 -143 -50 -45 -142 -46 203 97 96 97 25 20 18 10 13 33 35 45 55 16 13 12 5 
5491500 5491530 1 2 7 -167 -219 -167 -177 -229 -179 70 50 109 102 25 20 18 10 13 31 35 45 55 16 12 13 5 
5502500 5502514 1 -3 7 -47 -160 -47 -43 -161 -42 207 118 98 98 25 20 18 10 13 33 35 45 55 16 13 12 5 
5701000 5701098 1 0 0 -1 -116 0 -1 -118 -2 247 116 89 87 25 20 18 10 13 33 35 45 55 16 11 12 5 
5760500 5760676 1 0 0 1 -115 0 2 -114 2 251 117 83 79 25 20 18 10 13 33 35 45 55 16 11 10 5 
5980500 5980645 1 0 0 7 -112 0 5 -115 -27 254 121 93 94 25 20 18 10 13 33 35 45 55 16 12 12 5 
6012500 6012615 1 -1 7 -48 -141 -54 -34 -129 -66 215 95 104 104 25 20 18 10 13 31 35 45 55 16 13 6 5 
6016000 6016070 1 2 7 -178 -228 -184 -188 -235 -220 61 47 111 115 25 20 18 10 13 29 35 45 55 16 13 14 5 
6032500 6032630 1 -3 7 -44 -161 -50 -36 -161 -67 214 125 96 97 25 20 18 10 13 33 35 45 55 16 13 12 5 
6339500 6339594 1 0 0 -8 -119 0 -14 -127 -47 234 113 88 88 25 20 18 10 13 33 35 45 55 16 11 10 5 
6699500 6699635 1 0 0 -7 -115 0 -9 -117 -39 242 110 90 89 25 20 18 10 13 33 35 45 55 16 12 11 5 
7050000 7050011 1 0 0 1 -116 0 2 -116 -30 251 117 90 90 25 20 18 10 13 33 35 45 55 16 12 11 5 
7563500 7563640 1 0 0 1 -116 0 0 -116 -32 249 117 88 88 25 20 18 10 13 33 35 45 55 16 11 11 5 
7655500 7655505 1 0 0 37 -93 0 40 -92 39 288 132 89 90 25 20 18 10 13 33 35 45 55 16 11 11 5 
7818500 7818560 1 0 0 18 -103 0 16 -104 15 264 120 83 85 25 20 18 10 13 33 35 45 55 16 11 11 5 
8000500 8000575 1 0 0 11 -107 0 8 -111 -23 258 120 89 86 25 20 18 10 13 33 35 45 55 16 11 11 5 
8163500 8163531 1 0 0 -2 -114 0 -5 -116 -4 245 113 86 85 25 20 18 10 13 33 35 45 55 16 11 11 5 
8202000 8202066 1 0 0 0 -120 0 7 -121 6 255 126 99 94 25 20 18 10 13 33 35 45 55 16 13 12 5 
8263000 8263052 1 0 0 3 -111 0 3 -111 1 250 114 93 97 25 20 18 10 13 33 35 45 55 16 12 12 5 
8414000 8414153 1 0 0 13 -102 0 15 -101 14 263 115 91 91 25 20 18 10 13 33 35 45 55 16 12 12 5 
8423500 8423660 1 -1 7 -48 -137 -61 -62 -140 -60 189 79 110 113 25 20 18 10 13 29 35 45 55 16 11 13 5 
8426500 8426534 1 2 7 -125 -194 -137 -137 -202 -138 111 64 115 116 25 20 18 10 13 29 35 45 55 16 15 13 5 
8437500 8437512 1 -3 7 -31 -150 -42 -20 -152 -20 229 131 101 97 25 20 18 10 13 33 35 45 55 16 13 13 5 
8476000 8476120 1 -1 7 -47 -154 -54 -55 -155 -54 195 100 103 105 25 20 18 10 13 31 35 45 55 16 12 13 5 
8553500 8553713 1 2 7 -311 -351 -311 -322 -357 -323 -74 35 134 136 25 20 18 10 13 28 35 45 55 16 11 8 5 
8835000 8835072 1 -3 7 -76 -174 -49 -74 -176 -75 174 101 99 99 25 20 18 10 13 33 35 45 55 16 13 13 5 
8843500 8843528 1 -1 7 -82 -171 -55 -64 -172 -66 183 108 100 96 25 20 18 10 13 33 35 45 55 16 13 13 5 
8872000 8872015 1 2 7 -144 -205 -114 -157 -211 -156 93 56 109 118 25 20 18 10 13 29 35 45 55 16 15 14 5 
8888500 8888627 1 -3 7 -79 -173 -47 -71 -174 -71 178 103 99 96 25 20 18 10 13 33 35 45 55 16 13 12 5 
9059000 9059089 1 0 0 -48 -157 0 -62 -159 -63 186 97 99 101 25 20 18 10 13 31 35 45 55 16 12 13 5 
9086000 9086110 1 -1 7 -104 -186 -57 -109 -188 -110 139 79 110 112 25 20 18 10 13 29 35 45 55 16 12 15 5 
9092000 9092043 1 2 7 -175 -222 -129 -186 -229 -186 63 43 118 121 25 20 18 10 13 28 35 45 55 16 13 15 5 
9098000 9098061 1 -3 7 -93 -181 -47 -87 -182 -87 162 95 106 101 25 20 18 10 13 31 35 45 55 16 13 14 5 
9106000 9106198 1 -1 7 -111 -207 -65 -125 -209 -125 124 85 108 109 25 20 18 10 13 31 35 45 55 16 11 5 5 
9115000 9115021 1 2 7 -254 -294 -209 -267 -304 -268 -19 37 129 132 25 20 18 10 13 28 35 45 55 16 12 17 5 
9122500 9122601 1 -3 7 -89 -189 -44 -101 -190 -101 148 89 110 112 25 20 18 10 13 29 35 45 55 16 15 14 5 
9143500 9143561 1 -1 7 -97 -195 -53 -90 -196 -90 159 106 108 107 25 20 18 10 13 31 35 45 55 16 13 14 5 
9160000 9160021 1 2 7 -187 -240 -144 -195 -245 -196 53 50 119 123 25 20 18 10 13 28 35 45 55 16 12 15 5 
9167500 9167575 1 -3 7 -87 -186 -45 -91 -189 -92 157 97 104 107 25 20 18 10 13 31 35 45 55 16 14 13 5 
9365500 9365609 1 0 0 -33 -157 0 -33 -159 -33 216 128 98 97 25 20 18 10 13 33 35 45 55 16 12 13 5 
9415500 9415512 1 -1 7 -73 -164 -53 -69 -165 -68 181 97 108 106 25 20 18 10 13 31 35 45 55 16 13 14 5 
9425500 9425517 1 2 7 -145 -200 -127 -148 -203 -149 100 55 117 118 25 20 18 10 13 29 35 45 55 16 15 15 5 
9430500 9430561 1 -3 7 -66 -161 -49 -65 -160 -65 184 97 105 107 25 20 18 10 13 31 35 45 55 16 13 14 5 
9453500 9453588 1 0 0 -11 -148 0 -12 -149 -11 238 137 94 92 25 20 18 10 13 33 35 45 55 16 12 12 5 
9556000 9556083 1 0 0 -10 -134 0 -9 -134 -9 240 125 96 97 25 20 18 10 13 33 35 45 55 16 12 12 5 
9642000 9642136 1 0 0 18 -122 0 15 -124 14 263 140 96 97 25 20 18 10 13 33 35 45 55 16 12 12 5 
9754500 9754533 1 0 0 22 -116 0 26 -119 25 274 144 99 97 25 20 18 10 13 33 35 45 55 16 13 13 5 
9867000 9867020 1 0 0 11 -113 0 5 -114 -27 254 119 101 100 25 20 18 10 13 31 35 45 55 16 13 13 5 
9897000 9897142 1 0 0 2 -119 0 0 -123 0 249 123 102 103 25 20 18 10 13 31 35 45 55 16 13 13 5 
9918500 9918562 1 -1 7 -53 -146 -56 -51 -145 -49 200 95 116 117 25 20 18 10 13 29 35 45 55 16 13 15 5 
9927500 9927585 1 2 7 -132 -185 -134 -134 -188 -134 115 56 126 128 25 20 18 10 13 28 35 45 55 16 16 15 5 
9985000 9985001 1 -3 7 -45 -153 -50 -45 -155 -44 205 112 97 96 25 20 18 10 13 33 35 45 55 16 13 12 5 
10058000 10058079 1 0 0 7 -107 0 6 -108 7 256 115 93 91 25 20 18 10 13 33 35 45 55 16 12 12 5 
10459500 10459603 1 0 0 -3 -107 0 -5 -109 -38 243 104 84 83 25 20 18 10 13 33 35 45 55 16 11 11 5 
10477500 10477626 1 0 0 -29 -119 0 -29 -118 -29 220 90 94 96 25 20 18 10 13 33 35 45 55 16 12 12 5 
10658500 10658570 1 0 0 -28 -120 0 -29 -121 -29 220 93 93 96 25 20 18 10 13 33 35 45 55 16 12 12 5 
10682000 10682086 1 0 0 -25 -109 0 -27 -110 -26 223 84 87 89 25 20 18 10 13 33 35 45 55 16 11 11 5 
10774500 10774697 1 0 0 -47 -117 0 -48 -119 -47 202 71 79 79 25 20 18 10 13 33 35 45 55 16 10 10 5 
10864500 10864586 1 0 0 -80 -133 0 -81 -135 -113 168 53 82 81 25 20 18 10 12 32 35 45 55 16 10 10 5 
11151500 11151510 1 0 0 -82 -131 0 -83 -132 -116 165 48 82 81 25 20 18 10 12 32 35 45 55 16 10 10 5 
11160000 11160097 1 0 0 -43 -121 0 -43 -120 -44 205 77 85 85 25 20 18 10 12 32 35 45 55 16 11 10 5 
11183500 11183673 1 0 0 -49 -122 0 -51 -124 -51 198 75 81 79 25 20 18 10 12 32 35 45 55 16 10 10 5 
11206000 11206070 1 0 0 -57 -133 0 -61 -136 -61 188 76 90 91 25 20 18 10 12 32 35 45 55 16 11 12 5 
11304500 11304607 1 0 0 -46 -125 0 -47 -127 -46 203 82 80 83 25 20 18 10 12 32 35 45 55 16 10 10 5 
11463500 11463663 1 0 0 -53 -128 0 -55 -130 -56 193 74 78 75 25 20 18 10 12 32 35 45 55 16 10 10 5 
11486000 11486095 1 0 0 -56 -129 0 -60 -131 -60 189 72 92 92 25 20 18 10 12 32 35 45 55 16 12 12 5 
11758000 11758021 1 0 0 -46 -121 0 -47 -122 -79 202 75 81 81 25 20 18 10 12 32 35 45 55 16 10 10 5 
12260500 12260561 1 0 0 -59 -128 0 -60 -129 -59 190 68 80 79 25 20 18 10 12 32 35 45 55 16 10 10 5 
12307500 12307626 1 0 0 -48 -123 0 -50 -126 -50 199 75 92 95 25 20 18 10 12 32 35 45 55 16 11 12 5 
12312500 12312634 1 13 0 -96 -149 -18 -101 -154 -102 147 52 105 108 25 20 18 10 13 31 35 45 55 16 12 14 5 
12318500 12318507 1 0 0 -115 -161 0 -115 -162 -115 134 48 93 91 25 20 18 10 13 33 35 45 55 16 12 11 5 
12547000 12547126 1 0 0 -121 -158 0 -124 -160 -123 126 37 79 79 25 20 18 10 13 33 35 45 55 16 10 10 5 
12557000 12557093 1 0 0 -76 -135 0 -75 -135 -75 174 59 85 81 25 20 18 10 13 33 35 45 55 16 10 11 5 
12577500 12577557 1 0 0 -59 -126 0 -61 -128 -62 187 68 80 81 25 20 18 10 13 33 35 45 55 16 10 10 5 
12608000 12608000 1 0 0 -67 -129 0 -69 -130 -70 179 60 76 74 25 20 18 10 13 33 35 45 55 16 10 9 5 
12768000 12768059 1 0 0 -66 -130 0 -69 -132 -68 181 65 77 76 25 20 18 10 13 33 35 45 55 16 9 10 5 
12779000 12779153 1 0 0 -64 -130 0 -60 -127 -91 190 68 88 86 25 20 18 10 13 33 35 45 55 16 11 11 5 
12783000 12783014 1 13 0 -135 -171 -33 -145 -176 -178 103 29 98 103 25 20 18 10 13 31 35 45 55 16 10 13 5 
12786500 12786633 1 0 0 -135 -169 0 -135 -170 -167 114 35 92 91 25 20 18 10 12 32 35 45 55 16 11 12 5 
12793000 12793131 1 0 0 -119 -156 0 -120 -157 -120 129 38 78 80 25 20 18 10 12 32 35 45 55 16 10 10 5 
12821000 12821002 1 0 0 -130 -162 0 -130 -163 -130 119 33 76 77 25 20 18 10 12 32 35 45 55 16 10 10 5 
12829000 12829026 1 0 0 -88 -142 0 -93 -146 -126 155 52 77 75 25 20 18 10 12 32 35 45 55 16 10 9 5 
12875500 12875542 1 0 0 -94 -145 0 -94 -146 -94 155 52 77 77 25 20 18 10 13 33 35 45 55 16 10 10 5 
12879000 12879024 1 13 0 -123 -158 1 -125 -160 -125 124 35 83 87 25 20 18 10 13 33 35 45 55 16 9 11 5 
12882000 12882139 1 0 0 -150 -174 0 -154 -177 -154 95 22 82 78 25 20 18 10 13 33 35 45 55 16 11 10 5 
13212000 13212078 1 0 0 -167 -184 0 -169 -186 -171 78 15 81 78 25 20 18 10 13 33 35 45 55 16 10 10 5 
13216500 13216509 1 13 0 -127 -167 8 -125 -166 -125 124 41 90 90 25 20 18 10 13 33 35 45 55 16 9 12 5 
13222500 13222564 1 0 0 -92 -144 0 -94 -145 -94 155 52 89 93 25 20 18 10 13 33 35 45 55 16 11 11 5 
13240000 13240014 1 0 0 -88 -143 0 -88 -143 -88 161 56 75 77 25 20 18 10 13 33 35 45 55 16 9 9 5 
13268000 13268089 1 0 0 -72 -133 0 -74 -134 -75 174 58 78 78 25 20 18 10 13 33 35 45 55 16 10 10 5 
13536500 13536616 1 0 0 -97 -149 0 -96 -148 -127 154 52 88 88 25 20 18 10 13 33 35 45 55 16 9 12 5 
13548000 13548159 1 0 0 -136 -170 0 -138 -172 -169 112 35 91 85 25 20 18 10 13 33 35 45 55 16 12 11 5 
13560000 13560132 1 0 0 -118 -156 0 -119 -157 -119 130 38 81 82 25 20 18 10 13 33 35 45 55 16 10 10 5 
13597500 13597639 1 0 0 -123 -155 0 -129 -160 -161 120 31 77 78 25 20 18 10 13 33 35 45 55 16 10 10 5 
13607000 13607118 1 0 0 -81 -134 0 -81 -135 -115 166 53 83 84 25 20 18 10 13 33 35 45 55 16 10 11 5 
13615500 13615673 1 0 0 -77 -133 0 -79 -135 -82 167 54 76 74 25 20 18 10 13 33 35 45 55 16 10 10 5 
13687500 13687620 1 0 0 -92 -140 0 -95 -142 -96 153 47 76 75 25 20 18 10 13 33 35 45 55 16 10 10 5 
13692500 13692586 1 13 0 -143 -174 -6 -145 -177 -147 102 31 76 75 25 20 18 10 13 33 35 45 55 16 10 10 5 
13697000 13697166 1 0 0 -177 -198 0 -179 -200 -211 70 21 74 77 25 20 18 10 13 33 35 45 55 16 9 9 5 
13714500 13714544 1 0 0 -155 -183 0 -159 -186 -192 89 28 83 79 25 20 18 10 13 33 35 45 55 16 10 11 5 
13719500 13719670 1 13 0 -116 -158 5 -116 -159 -116 133 43 76 75 25 20 18 10 13 33 35 45 55 16 10 9 5 
13724500 13724505 1 0 0 -87 -138 0 -88 -138 -87 162 51 74 75 25 20 18 10 13 33 35 45 55 16 10 9 5 
13811000 13811107 1 0 0 -97 -143 0 -98 -144 -98 151 46 70 62 25 20 18 10 13 33 35 45 55 16 9 9 5 
13826500 13826535 1 0 0 -81 -132 0 -81 -134 -82 167 53 76 75 25 20 18 10 13 33 35 45 55 16 10 10 5 
13848500 13848667 1 0 0 -84 -135 0 -86 -136 -85 164 51 71 72 25 20 18 10 13 33 35 45 55 16 9 9 5 
13916000 13916134 1 0 0 -76 -131 0 -78 -132 -78 171 54 78 80 25 20 18 10 13 33 35 45 55 16 10 10 5 
14104000 14104127 1 0 0 -77 -132 0 -80 -133 -80 169 53 76 74 25 20 18 10 13 33 35 45 55 16 10 10 5 
14154500 14154744 1 0 0 -77 -138 0 -81 -142 -114 167 61 88 92 25 20 18 10 13 33 35 45 55 16 6 12 5 
14159500 14159503 1 13 0 -110 -153 -2 -115 -158 -116 133 43 107 108 25 20 18 10 13 31 35 45 55 16 11 14 5 
14164000 14164030 1 0 0 -136 -171 0 -137 -170 -170 111 33 93 86 25 20 18 10 13 33 35 45 55 16 12 11 5 
14172000 14172018 1 0 0 -125 -158 0 -126 -160 -126 123 34 84 83 25 20 18 10 13 33 35 45 55 16 11 11 5 
14240500 14240696 1 0 0 -139 -162 0 -141 -163 -140 109 25 72 71 25 20 18 10 13 33 35 45 55 16 9 9 5 
14331500 14331628 1 0 0 -146 -168 0 -147 -169 -148 101 22 71 72 25 20 18 10 13 33 35 45 55 16 9 9 5 
14786500 14786570 1 0 0 -149 -170 0 -151 -172 -185 96 20 75 77 25 20 18 10 13 33 35 45 55 16 10 10 5 
14795500 14795533 1 13 0 -127 -171 -9 -135 -175 -135 114 39 96 94 25 20 18 10 13 33 35 45 55 16 12 7 5 
14806000 14806130 1 0 0 -82 -135 0 -83 -136 -84 165 53 74 75 25 20 18 10 13 33 35 45 55 16 9 9 5 
14821000 14821072 1 0 0 -90 -140 0 -91 -142 -92 157 51 70 71 25 20 18 10 13 33 35 45 55 16 9 9 5 
14858500 14858509 1 0 0 -95 -140 0 -96 -141 -97 152 44 69 66 25 20 18 10 13 33 35 45 55 16 9 9 5 
15182000 15182157 1 0 0 -94 -141 0 -95 -143 -96 153 48 70 71 25 20 18 10 13 33 35 45 55 16 9 9 5 
15197000 15197118 1 0 0 -76 -132 0 -77 -134 -77 172 56 68 67 25 20 18 10 13 33 35 45 55 16 9 8 5 
15314000 15314161 1 0 0 -79 -133 0 -81 -134 -113 168 54 71 68 25 20 18 10 13 33 35 45 55 16 9 9 5 
15329000 15329018 1 0 0 -123 -153 0 -125 -154 -156 125 30 74 63 25 20 18 10 13 33 35 45 55 16 10 9 5 
15363500 15363667 1 0 0 -111 -140 0 -105 -137 -105 144 31 74 67 25 20 18 10 13 33 35 45 55 16 9 9 5 
15392000 15392091 1 0 0 -118 -144 0 -119 -145 -118 131 26 73 77 25 20 18 10 13 33 35 45 55 16 9 10 5 
15407000 15407042 1 0 0 -128 -153 0 -130 -154 -130 119 24 79 90 25 20 18 10 13 33 35 45 55 16 10 10 5 
15415000 15415012 1 13 0 -99 -136 -11 -105 -138 -105 144 35 82 80 25 20 18 10 13 33 35 45 55 16 9 5 5 
15417500 15417512 1 0 0 -75 -126 0 -71 -122 -72 177 51 95 103 25 20 18 10 13 31 35 45 55 16 7 11 5 
15427500 15427512 1 0 0 -65 -129 0 -68 -130 -70 179 62 103 106 25 20 18 10 13 31 35 45 55 16 12 13 5 
15456000 15456138 1 0 0 -28 -110 0 -30 -110 -61 220 83 92 91 25 20 18 10 13 33 35 45 55 16 9 9 5 
15465500 15465560 1 0 0 -29 -109 0 -29 -110 -29 220 81 93 93 25 20 18 10 13 33 35 45 55 16 12 10 5 
15477500 15477572 1 -1 7 -91 -141 -54 -95 -143 -93 156 49 113 116 25 20 18 10 13 29 35 45 55 16 14 15 5 
15497000 15497056 1 2 7 -157 -185 -106 -151 -182 -151 98 32 116 117 25 20 18 10 13 29 35 45 55 16 13 15 5 
15505000 15505051 1 -3 7 -106 -159 -49 -108 -158 -109 140 50 112 115 25 20 18 10 13 29 35 45 55 16 14 15 5 
15528500 15528625 1 0 0 -73 -139 0 -67 -137 -69 180 70 100 99 25 20 18 10 13 33 35 45 55 16 13 13 5 
15532500 15532635 1 13 0 -102 -159 0 -108 -164 -109 140 55 104 105 25 20 18 10 13 31 35 45 55 16 13 13 5 
15537500 15537604 1 0 0 -137 -170 0 -141 -173 -143 106 33 92 95 25 20 18 10 13 33 35 45 55 16 13 11 5 
15648000 15648191 1 0 0 -126 -161 0 -128 -163 -130 119 34 76 75 25 20 18 10 13 33 35 45 55 16 10 10 5 
15678500 15678671 1 0 0 -128 -162 0 -130 -163 -162 119 34 77 79 25 20 18 10 13 33 35 45 55 16 10 10 5 
15694500 15694635 1 0 0 -115 -154 0 -116 -156 -149 132 39 74 74 25 20 18 10 13 33 35 45 55 16 9 9 5 
15753500 15753632 1 0 0 -114 -155 0 -116 -156 -148 133 41 72 75 25 20 18 10 13 33 35 45 55 16 9 9 5 
15766000 15766057 1 0 0 -82 -135 0 -83 -137 -115 166 54 71 74 25 20 18 10 13 33 35 45 55 16 9 9 5 
15795000 15795039 1 0 0 -90 -141 0 -91 -143 -123 158 53 79 87 25 20 18 10 13 33 35 45 55 16 10 10 5 
15837000 15837139 1 0 0 -60 -133 0 -68 -135 -102 179 66 95 101 25 20 18 10 13 31 35 45 55 16 12 13 5 
15870500 15870507 1 0 0 -26 -116 0 -28 -118 -29 220 91 91 91 25 20 18 10 13 33 35 45 55 16 12 12 5 
15936500 15936575 1 0 0 -47 -129 0 -50 -132 -51 198 82 89 92 25 20 18 10 13 33 35 45 55 16 11 12 5 
15947000 15947121 1 0 0 -94 -156 0 -87 -152 -87 162 65 97 94 25 20 18 10 13 33 35 45 55 16 11 12 5 
15976000 15976112 1 0 0 -84 -147 0 -85 -149 -86 163 61 74 72 25 20 18 10 13 33 35 45 55 16 9 9 5 
15994500 15994595 1 0 0 -102 -153 0 -103 -154 -134 147 52 77 77 25 20 18 10 13 33 35 45 55 16 9 10 5 
16079000 16079129 1 0 0 -100 -155 0 -104 -159 -105 144 55 82 83 25 20 18 10 13 33 35 45 55 16 10 11 5 
16089500 16089519 1 0 0 -76 -142 0 -78 -142 -110 171 64 79 72 25 20 18 10 13 33 35 45 55 16 10 10 5 
16114500 16114642 1 0 0 -70 -139 0 -72 -141 -73 176 69 80 79 25 20 18 10 13 33 35 45 55 16 10 10 5 
16160000 16160120 1 0 0 -72 -138 0 -73 -140 -72 177 67 75 72 25 20 18 10 13 33 35 45 55 16 9 10 5 
16292000 16292192 1 0 0 -70 -142 0 -72 -144 -72 177 73 74 69 25 20 18 10 13 33 35 45 55 16 9 9 5 
16337000 16337062 1 0 0 -46 -131 0 -43 -132 -42 207 88 92 96 25 20 18 10 13 33 35 45 55 16 13 11 5 
16406000 16406064 1 -1 7 -96 -161 -53 -103 -168 -105 144 64 105 104 25 20 18 10 13 31 35 45 55 16 13 14 5 
16423500 16423590 1 2 7 -161 -200 -119 -163 -202 -165 84 40 114 115 25 20 18 10 13 29 35 45 55 16 14 15 5 
16439500 16439630 1 -3 7 -90 -173 -49 -91 -175 -91 158 85 103 106 25 20 18 10 13 31 35 45 55 16 13 13 5 
16458500 16458593 1 -1 7 -91 -172 -51 -81 -171 -82 167 89 100 97 25 20 18 10 13 33 35 45 55 16 12 13 5 
16463500 16463540 1 2 7 -142 -198 -103 -144 -199 -145 104 56 115 115 25 20 18 10 13 29 35 45 55 16 15 15 5 
16494000 16494084 1 -3 7 -86 -170 -48 -95 -173 -94 155 79 102 102 25 20 18 10 13 31 35 45 55 16 13 12 5 
16534500 16534657 1 0 0 -36 -129 0 -40 -132 -72 209 93 90 90 25 20 18 10 13 33 35 45 55 16 11 10 5 
16610500 16610520 1 0 0 -31 -129 0 -31 -130 -31 218 99 94 99 25 20 18 10 13 33 35 45 55 16 12 12 5 
16705500 16705533 1 0 0 -40 -131 0 -44 -134 -45 204 91 91 93 25 20 18 10 13 33 35 45 55 16 12 12 5 
16748500 16748642 1 0 0 -52 -133 0 -53 -134 -85 196 80 87 88 25 20 18 10 13 33 35 45 55 16 11 11 5 
16809500 16809664 1 0 0 -20 -124 0 -19 -125 -18 231 107 90 90 25 20 18 10 13 33 35 45 55 16 11 12 5 
17138500 17138622 1 0 0 -3 -117 0 -22 -118 -22 227 95 98 100 25 20 18 10 13 31 35 45 55 16 13 12 5 
17240500 17240514 1 -1 7 -57 -146 -53 -63 -152 -65 184 89 105 104 25 20 18 10 13 31 35 45 55 16 13 14 5 
17325500 17325517 1 2 7 -142 -203 -138 -147 -206 -148 101 59 117 124 25 20 18 10 13 28 35 45 55 16 14 15 5 
17389000 17389042 1 -3 7 -53 -155 -48 -48 -154 -50 199 106 95 85 25 20 18 10 13 33 35 45 55 16 11 12 5 
17480500 17480525 1 0 0 -5 -119 0 -7 -120 -5 244 115 95 93 25 20 18 10 13 33 35 45 55 16 12 12 5 
17559000 17559043 1 -1 7 -70 -153 -55 -58 -150 -59 190 92 109 107 25 20 18 10 13 31 35 45 55 16 13 14 5 
17570000 17570051 1 2 7 -182 -237 -166 -190 -244 -190 59 55 130 134 25 20 18 10 13 28 35 45 55 16 16 17 5 
17583500 17583524 1 -3 7 -68 -176 -50 -77 -181 -75 174 106 102 109 25 20 18 10 13 31 35 45 55 16 14 13 5 
17662000 17662044 1 0 0 -28 -140 0 -26 -143 -27 222 117 97 91 25 20 18 10 13 33 35 45 55 16 13 12 5 
17708500 17708599 1 0 0 -18 -129 0 -28 -131 -30 219 102 100 103 25 20 18 10 13 31 35 45 55 16 13 13 5 
17721000 17721048 1 -1 7 -76 -175 -58 -85 -171 -86 163 86 111 114 25 20 18 10 13 29 35 45 55 16 13 14 5 
17725000 17725192 1 2 7 -152 -208 -133 -164 -217 -165 84 52 122 121 25 20 18 10 13 28 35 45 55 16 12 16 5 
17735500 17735549 1 -3 7 -63 -159 -45 -52 -159 -54 195 107 111 108 25 20 18 10 13 31 35 45 55 16 15 14 5 
17746000 17746051 1 -1 7 -73 -156 -54 -87 -161 -87 162 75 107 111 25 20 18 10 13 29 35 45 55 16 12 12 5 
17878000 17878078 1 2 7 -193 -240 -172 -201 -245 -200 49 45 121 127 25 20 18 10 13 28 35 45 55 16 16 16 5 
17884500 17884515 1 -3 7 -69 -169 -48 -81 -171 -81 168 91 101 102 25 20 18 10 13 31 35 45 55 16 14 12 5 
17949500 17949570 1 0 0 -22 -124 0 -23 -125 -52 229 105 95 93 25 20 18 10 13 33 35 45 55 16 12 12 5 
17966000 17966074 1 -1 7 -74 -148 -53 -83 -152 -83 166 69 108 115 25 20 17 10 13 29 35 45 55 16 14 14 5 
18030500 18030503 1 2 7 -218 -277 -202 -221 -283 -220 29 62 142 142 25 20 16 10 13 28 35 45 55 16 17 18 5 
18041500 18041605 1 -3 7 -64 -190 -49 -63 -190 -64 185 126 105 109 25 20 16 10 13 31 35 45 55 16 14 13 5 
18049000 18049120 1 -1 7 -65 -189 -51 -68 -189 -68 181 121 86 81 25 20 16 10 13 33 35 45 55 16 9 11 5 
18073500 18073609 1 2 7 -175 -244 -163 -179 -245 -178 71 67 121 124 25 20 17 10 13 28 35 45 55 16 16 16 5 
18113000 18113045 1 -3 7 -53 -171 -45 -50 -174 -50 199 124 100 93 25 20 18 10 13 33 35 45 55 16 13 12 5 
18191000 18191141 1 0 0 -2 -110 0 -3 -112 -3 246 109 77 80 25 20 18 10 13 33 35 45 55 16 9 10 5 
18265500 18265624 1 0 0 13 -98 0 11 -100 10 259 110 84 84 25 20 18 10 13 33 35 45 55 16 11 11 5 
18399500 18399597 1 0 0 22 -95 0 19 -97 20 269 117 84 80 25 20 17 10 13 33 35 45 55 16 11 10 5 
18668500 18668534 1 0 0 6 -107 0 5 -108 5 254 111 83 82 25 20 17 10 13 33 35 45 55 16 11 11 5 
18903500 18903533 1 0 0 4 -109 0 4 -109 5 254 114 87 86 25 20 17 10 13 33 35 45 55 16 11 11 5 
18981500 18981655 1 0 0 7 -108 0 10 -107 11 260 117 95 96 25 20 17 10 13 33 35 45 55 16 12 12 5 
19007000 19007020 1 -1 7 -50 -134 -55 -45 -133 -45 204 89 107 104 25 20 17 10 13 31 35 45 55 16 13 15 5 
19016000 19016099 1 2 7 -149 -196 -154 -156 -205 -157 92 49 118 115 25 20 17 10 13 29 35 45 55 16 14 10 5 
19044500 19044592 1 -3 7 -48 -160 -50 -46 -161 -47 202 113 94 88 25 20 17 10 13 33 35 45 55 16 12 11 5 
19062500 19062656 1 -1 7 -53 -153 -53 -54 -159 -54 195 102 90 97 25 20 17 10 13 33 35 45 55 16 10 11 5 
19182000 19182079 1 2 7 -161 -212 -152 -166 -212 -167 82 45 118 120 25 20 17 10 13 28 35 45 55 16 15 15 5 
19197500 19197525 1 -3 7 -55 -170 -45 -51 -171 -52 197 120 93 94 25 20 17 10 13 33 35 45 55 16 13 11 5 
19207500 19207602 1 -1 7 -67 -170 -56 -82 -175 -81 168 93 99 101 25 20 17 10 13 31 35 45 55 16 12 13 5 
19227000 19227013 1 2 7 -126 -196 -113 -132 -201 -133 116 68 107 107 25 20 17 10 13 31 35 45 55 16 14 14 5 
19253500 19253612 1 -3 7 -65 -170 -50 -76 -170 -76 173 94 99 101 25 20 17 10 13 31 35 45 55 16 13 12 5 
19445500 19445526 1 0 0 -31 -126 0 -31 -126 -32 217 95 88 88 25 20 17 10 13 33 35 45 55 16 11 11 5 
19488500 19488630 1 0 0 -32 -125 0 -34 -126 -35 214 92 85 82 25 20 17 10 13 33 35 45 55 16 11 11 5 
19524500 19524576 1 -1 7 -85 -165 -53 -90 -164 -90 159 74 109 113 25 20 17 10 13 29 35 45 55 16 14 13 5 
19529000 19529068 1 2 7 -156 -218 -124 -161 -224 -163 86 63 114 114 25 20 17 10 13 29 35 45 55 16 13 13 5 
19548000 19548129 1 -3 7 -77 -181 -45 -91 -181 -91 158 90 108 111 25 20 17 10 13 29 35 45 55 16 14 14 5 
