34250 34418 0 0 0 86 -27 0 91 -27 120 306 125 73 72 25 20 16 10 16 36 35 45 55 16 9 8 5 
37250 37286 0 13 0 106 -24 -11 105 -21 150 336 146 73 74 25 20 16 10 16 36 35 45 55 16 7 8 5 
41750 41815 0 0 0 163 6 0 162 -6 246 432 227 72 74 25 20 16 10 16 36 35 45 55 16 7 0 5 
66750 66947 0 0 0 127 -9 0 104 -24 147 333 141 65 63 25 20 16 10 16 36 35 45 55 16 6 8 5 
89250 89320 0 0 0 123 -8 0 128 -3 166 352 138 64 63 25 20 16 10 16 36 35 45 55 16 8 8 5 
116250 116700 0 0 0 85 -24 0 89 -30 128 314 131 63 67 25 20 16 10 16 36 35 45 55 16 4 7 5 
136250 136305 0 0 0 122 -5 0 110 -17 150 336 133 65 66 25 20 16 10 16 36 35 45 55 16 8 8 5 
145750 146917 0 10 0 261 168 169 285 181 323 509 144 65 66 25 20 16 10 16 36 35 45 55 16 0 0 5 
149250 150298 0 0 0 81 -23 0 41 -59 78 264 121 65 64 25 20 16 10 16 36 35 45 55 16 1 2 5 
152250 153574 0 13 0 35 -56 -2 -5 -83 15 201 89 65 68 25 20 16 10 16 36 35 45 55 16 0 5 5 
155250 155350 0 0 0 -7 -81 0 -20 -92 1 187 84 64 67 25 20 16 10 16 36 35 45 55 16 5 7 5 
190750 190807 0 0 0 -8 -82 0 4 -70 29 215 79 58 58 25 20 16 10 17 37 35 45 55 16 7 7 5 
195750 196208 0 13 0 -82 -129 -115 -80 -137 -49 137 79 59 60 25 20 16 10 17 37 35 45 55 16 5 4 5 
201750 201783 0 0 0 84 -20 0 91 -26 130 316 126 60 61 25 20 16 10 17 37 35 45 55 16 3 7 5 
207250 207333 0 0 0 45 -58 0 28 -77 66 252 129 64 63 25 20 16 10 16 36 35 45 55 16 7 4 5 
209750 209883 0 -1 1 116 -2 72 42 -63 61 247 111 66 65 25 20 16 10 16 36 35 45 55 16 3 2 5 
264750 264784 0 2 1 592 726 553 595 729 566 752 -128 62 62 25 20 16 10 15 35 35 45 55 16 7 3 5 
284750 284805 0 -3 1 81 -35 44 79 -38 95 281 120 59 57 25 20 16 10 15 35 35 45 55 16 7 7 5 
293250 293475 0 0 0 36 -59 0 33 -62 37 223 95 57 56 25 20 16 10 15 35 35 45 55 16 6 7 5 
302750 302912 0 0 0 1 -84 0 -1 -85 6 192 90 57 56 25 20 16 10 15 35 35 45 55 16 7 7 5 
317750 317867 0 -1 1 53 -65 52 54 -63 55 241 112 56 57 25 20 16 10 15 35 35 45 55 16 7 6 5 
326750 326959 0 2 1 191 43 190 187 37 199 385 154 63 62 25 20 16 10 15 35 35 45 55 16 6 8 5 
339750 339937 0 -3 1 50 -43 49 47 -50 53 239 100 63 61 25 20 16 10 15 35 35 45 55 16 8 8 5 
425750 425857 0 0 -1 0 0 0 0 0 0 165 0 57 58 25 20 16 10 15 35 35 45 55 16 7 7 5 
532250 532299 0 0 0 0 -56 0 -2 -59 10 196 65 57 57 25 20 16 10 15 35 35 45 55 16 7 7 5 
543250 543258 0 0 0 36 -28 0 30 -33 45 231 71 54 55 25 20 16 10 16 36 35 45 55 16 7 7 5 
729750 730006 0 0 0 42 -26 0 41 -29 51 237 76 56 56 25 20 16 10 16 36 35 45 55 16 7 7 5 
734750 734772 0 13 0 47 -30 -21 53 -32 66 252 93 64 60 25 20 16 10 16 36 35 45 55 16 7 7 5 
741750 741817 0 0 0 104 13 0 112 24 123 309 99 62 63 25 20 16 10 16 36 35 45 55 16 5 5 5 
746250 746387 0 0 0 42 -36 0 37 -44 52 238 91 59 59 25 20 16 10 16 36 35 45 55 16 7 8 5 
753250 753262 0 0 0 46 -41 0 54 -35 68 254 98 59 63 25 20 16 10 16 36 35 45 55 16 7 7 5 
765250 765471 0 0 0 -3 -71 0 -13 -81 1 187 76 57 58 25 20 16 10 16 36 35 45 55 16 6 7 5 
881750 881834 0 0 0 6 -60 0 8 -61 25 211 75 58 58 25 20 16 10 16 36 35 45 55 16 7 7 5 
955750 955856 0 0 0 57 -35 0 52 -38 75 261 100 58 59 25 20 16 10 16 36 35 45 55 16 7 8 5 
1013750 1013940 0 -1 1 112 10 53 102 6 112 298 100 64 63 25 20 16 10 16 36 35 45 55 16 8 6 5 
1054250 1054263 0 2 1 475 375 414 493 382 504 690 118 65 65 25 20 16 10 16 36 35 45 55 16 6 7 5 
1083750 1083804 0 -3 1 109 -6 47 111 -4 133 319 126 62 57 25 20 16 10 16 36 35 45 55 16 8 7 5 
1134750 1134985 0 0 0 65 -44 0 55 -54 76 262 122 61 60 25 20 16 10 16 36 35 45 55 16 8 8 5 
1206750 1206813 0 0 0 81 -27 0 73 -36 104 290 126 62 62 25 20 16 10 16 36 35 45 55 16 8 7 5 
1243250 1243415 0 0 0 133 11 0 134 9 158 344 121 65 66 25 20 16 10 16 36 35 45 55 16 8 8 5 
1281750 1281894 0 0 0 140 17 0 141 17 168 354 133 65 66 25 20 16 10 16 36 35 45 55 16 8 8 5 
1291750 1291843 0 0 0 137 16 0 140 19 172 358 133 62 62 25 20 16 10 16 36 35 45 55 16 8 8 5 
1301750 1301935 0 0 0 -6 -89 0 -17 -99 3 189 92 59 57 25 20 16 10 16 36 35 45 55 16 7 7 5 
1310750 1310902 0 13 0 54 -45 -30 50 -43 83 269 116 62 64 25 20 16 10 16 36 35 45 55 16 7 6 5 
1315750 1316068 0 0 0 135 -6 0 125 -20 166 352 171 64 63 25 20 16 10 16 36 35 45 55 16 7 2 5 
1319250 1319456 0 13 0 173 31 74 180 35 210 396 154 66 70 25 20 16 10 16 36 35 45 55 16 2 9 5 
1327250 1327449 0 0 0 19 -44 0 15 -43 36 222 73 61 60 25 20 16 10 16 36 35 45 55 16 6 8 5 
1341250 1341492 0 0 0 6 -66 0 9 -63 28 214 87 57 58 25 20 16 10 16 36 35 45 55 16 6 7 5 
1349750 1349859 0 0 0 66 -32 0 61 -37 86 272 111 60 60 25 20 16 10 16 36 35 45 55 16 7 8 5 
1382750 1382804 0 0 0 59 -37 0 56 -38 86 272 109 59 59 25 20 17 10 16 36 35 45 55 16 7 7 5 
1442250 1442312 0 0 0 58 -37 0 71 -32 99 285 119 59 59 25 20 17 10 16 36 35 45 55 16 6 8 5 
1464250 1464552 0 -1 1 136 29 58 150 35 173 359 116 64 67 25 20 16 10 16 36 35 45 55 16 6 8 5 
1471250 1471349 0 2 1 257 114 173 279 133 317 503 156 69 68 25 20 16 10 16 36 35 45 55 16 6 8 5 
1481250 1481372 0 -3 1 140 23 46 136 23 169 355 124 69 68 25 20 16 10 16 36 35 45 55 16 8 8 5 
1534250 1534431 0 0 0 144 13 0 136 -1 168 354 146 64 64 25 20 16 10 16 36 35 45 55 16 8 7 5 
1574250 1574279 0 -1 1 214 108 65 202 97 213 399 102 67 68 25 20 16 10 16 36 35 45 55 16 9 7 5 
1584750 1584777 0 2 1 376 256 226 357 246 368 554 104 68 68 25 20 16 10 16 36 35 45 55 16 8 8 5 
1622250 1622441 0 -3 1 201 58 47 180 44 205 391 147 63 59 25 20 17 10 16 36 35 45 55 16 8 8 5 
1692250 1692389 0 0 0 162 22 0 168 30 179 365 144 67 70 25 20 17 10 16 36 35 45 55 16 8 9 5 
1736750 1736764 0 0 0 51 -50 0 49 -53 57 243 109 59 60 25 20 16 10 16 36 35 45 55 16 7 8 5 
1772250 1772254 0 0 0 167 56 0 163 54 173 359 119 67 68 25 20 16 10 16 36 35 45 55 16 8 8 5 
1817750 1817830 0 0 0 158 19 0 168 23 179 365 148 62 62 25 20 16 10 16 36 35 45 55 16 8 8 5 
1832250 1832347 0 -1 1 211 81 50 230 92 253 439 143 65 65 25 20 17 10 17 37 35 45 55 16 8 7 5 
1852250 1852262 0 2 1 291 129 126 296 132 321 507 169 68 69 25 20 17 10 17 37 35 45 55 16 8 9 5 
1889750 1890058 0 -3 1 219 56 47 197 54 214 400 152 70 71 25 20 17 10 17 37 35 45 55 16 4 6 5 
1992250 1992405 0 -1 1 247 104 55 252 111 260 446 144 67 67 25 20 15 10 17 37 35 45 55 16 8 7 5 
1996250 1996413 0 2 1 308 149 115 315 157 333 519 166 67 67 25 20 15 10 17 37 35 45 55 16 7 7 5 
2003750 2003826 0 -3 1 233 77 38 222 65 242 428 166 65 67 25 20 15 10 17 37 35 45 55 16 9 7 5 
2009250 2009436 0 0 0 196 52 0 201 52 219 405 155 65 68 25 20 15 10 17 37 35 45 55 16 8 8 5 
2236250 2236331 0 0 0 200 52 0 213 58 233 419 162 65 64 25 20 15 10 17 37 35 45 55 16 8 8 5 
2243750 2243989 0 0 0 103 -22 0 111 -15 132 318 143 60 59 25 20 15 10 17 37 35 45 55 16 7 8 5 
2278250 2278455 0 0 0 100 -32 0 97 -37 103 289 142 61 60 25 20 15 10 17 37 35 45 55 16 7 8 5 
2287250 2287319 0 -1 1 157 30 51 154 28 158 344 128 63 62 25 20 15 10 17 37 35 45 55 16 8 8 5 
2301250 2301404 0 2 1 300 160 183 302 162 303 489 139 64 65 25 20 15 10 17 37 35 45 55 16 8 8 5 
2332250 2332461 0 -3 1 189 49 50 183 45 205 391 157 63 63 25 20 15 10 18 38 35 45 55 16 8 7 5 
2335750 2335883 0 0 0 142 8 0 138 3 167 353 157 62 61 25 20 15 10 18 38 35 45 55 16 8 8 5 
2389250 2389366 0 0 0 150 20 0 145 14 164 350 145 72 72 25 20 15 10 18 38 35 45 55 16 9 9 5 
2398250 2398624 0 -1 1 198 38 54 195 36 220 406 177 69 69 25 20 15 10 18 38 35 45 55 16 7 8 5 
2420250 2420260 0 2 1 315 144 185 326 149 347 533 188 67 70 25 20 15 10 18 38 35 45 55 16 8 6 5 
2445750 2445899 0 -3 1 154 0 40 150 -1 177 363 170 63 64 25 20 15 10 18 38 35 45 55 16 8 8 5 
2452750 2452836 0 0 0 109 -31 0 105 -36 128 314 155 61 62 25 20 15 10 18 38 35 45 55 16 8 7 5 
2465750 2465872 0 0 0 160 -3 0 163 0 193 379 179 62 61 25 20 15 10 18 38 35 45 55 16 8 8 5 
2584250 2584304 0 0 0 142 -3 0 137 -7 149 335 149 62 65 25 20 15 10 17 37 35 45 55 16 8 8 5 
2600750 2600776 0 -1 1 200 53 52 190 46 199 385 148 65 62 25 20 15 10 17 37 35 45 55 16 8 8 5 
2689250 2689433 0 2 1 519 360 340 514 357 509 695 156 65 67 25 20 15 10 17 37 35 45 55 16 8 8 5 
2743750 2743818 0 -3 1 241 77 43 231 71 238 424 164 65 63 25 20 15 10 17 37 35 45 55 16 8 8 5 
2757250 2757253 0 0 0 203 49 0 190 41 194 380 156 70 70 25 20 15 10 17 37 35 45 55 16 9 6 5 
2812750 2812939 0 0 0 100 -36 0 103 -35 114 300 145 60 62 25 20 15 10 17 37 35 45 55 16 8 7 5 
2847250 2847373 0 0 0 162 22 0 169 29 170 356 144 65 66 25 20 15 10 16 36 35 45 55 16 8 7 5 
2873750 2873894 0 0 0 190 59 0 192 61 192 378 137 69 72 25 20 15 10 16 36 35 45 55 16 8 9 5 
2893250 2893354 0 -1 1 243 108 55 232 101 230 416 131 70 69 25 20 15 10 16 36 35 45 55 16 9 9 5 
2923750 2923897 0 2 1 492 326 308 496 332 497 683 169 68 69 25 20 15 10 16 36 35 45 55 16 9 7 5 
2961250 2961253 0 -3 1 218 60 38 229 61 236 422 172 63 66 25 20 15 10 16 36 35 45 55 16 8 8 5 
2967250 2967355 0 0 0 180 36 0 194 48 199 385 147 63 64 25 20 15 10 16 36 35 45 55 16 8 7 5 
3034250 3034319 0 0 0 138 6 0 131 0 136 322 136 76 79 25 20 15 10 16 36 35 45 55 16 10 9 5 
3049750 3049855 0 -1 1 191 56 51 202 64 206 392 140 77 73 25 20 15 10 16 36 35 45 55 16 10 9 5 
3069750 3069787 0 2 1 480 319 337 486 326 486 672 164 73 73 25 20 15 10 16 36 35 45 55 16 9 9 5 
3108750 3108833 0 -3 1 197 73 49 184 63 188 374 126 76 78 25 20 15 10 16 36 35 45 55 16 8 10 5 
3127750 3127934 0 0 0 151 5 0 145 0 155 341 152 77 78 25 20 15 10 16 36 35 45 55 16 10 10 5 
3147250 3147425 0 -1 1 210 67 52 202 64 199 385 138 75 71 25 20 16 10 15 35 35 45 55 16 10 9 5 
3162250 3162352 0 2 1 373 215 210 368 211 365 551 158 69 74 25 20 16 10 15 35 35 45 55 16 9 8 5 
3181750 3181834 0 -3 1 218 86 49 211 82 210 396 128 69 69 25 20 16 10 15 35 35 45 55 16 8 9 5 
3228250 3228422 0 0 0 185 31 0 175 21 170 356 155 67 65 25 20 16 10 15 35 35 45 55 16 9 8 5 
3286250 3286371 0 -1 1 193 41 50 196 43 191 377 152 68 66 25 20 16 10 15 35 35 45 55 16 9 9 5 
3299250 3299303 0 2 1 241 71 108 247 73 243 429 173 67 70 25 20 16 10 15 35 35 45 55 16 8 9 5 
3312750 3312760 0 -3 1 170 10 47 169 6 171 357 162 71 71 25 20 16 10 15 35 35 45 55 16 9 8 5 
3332750 3332883 0 0 0 109 -26 0 105 -30 101 287 135 77 78 25 20 16 10 15 35 35 45 55 16 10 10 5 
3365750 3365840 0 -1 1 192 27 51 188 25 183 369 161 71 71 25 20 16 10 15 35 35 45 55 16 9 9 5 
3396250 3396360 0 2 1 291 94 121 289 90 283 469 199 69 69 25 20 16 10 15 35 35 45 55 16 9 9 5 
3403750 3403951 0 -3 1 224 57 46 206 45 218 404 164 70 70 25 20 16 10 16 36 35 45 55 16 9 9 5 
3412250 3412417 0 0 0 186 16 0 187 19 202 388 173 68 69 25 20 16 10 16 36 35 45 55 16 9 9 5 
3452750 3452840 0 -1 1 223 64 53 221 64 232 418 162 68 69 25 20 16 10 16 36 35 45 55 16 8 8 5 
3457250 3457273 0 2 1 282 99 114 276 92 287 473 188 68 67 25 20 16 10 16 36 35 45 55 16 8 9 5 
3470750 3470786 0 -3 1 207 63 44 202 58 212 398 149 70 75 25 20 16 10 16 36 35 45 55 16 9 9 5 
3510750 3510902 0 0 0 147 21 0 144 15 152 338 134 68 67 25 20 16 10 16 36 35 45 55 16 8 9 5 
3545750 3545782 0 0 0 135 12 0 140 17 167 353 125 65 67 25 20 16 10 18 38 35 45 55 16 8 8 5 
3548250 3548331 0 13 0 118 -3 7 120 -8 152 338 143 64 61 25 20 16 10 18 38 35 45 55 16 8 8 5 
3552750 3552889 0 0 0 66 -47 0 62 -53 90 276 125 62 59 25 20 16 10 18 38 35 45 55 16 8 8 5 
3568250 3568277 0 0 0 50 -66 0 48 -69 75 261 126 62 62 25 20 16 10 18 38 35 45 55 16 8 8 5 
3739750 3739880 0 0 0 78 -29 0 88 -19 110 296 114 65 65 25 20 16 10 17 37 35 45 55 16 8 8 5 
3864750 3864972 0 0 0 77 -31 0 86 -29 85 271 116 66 64 25 20 16 10 16 36 35 45 55 16 8 7 5 
3874250 3874289 0 -1 1 143 13 55 143 10 142 328 133 71 68 25 20 16 10 16 36 35 45 55 16 9 9 5 
3887250 3887253 0 2 1 268 99 164 273 104 267 453 169 66 67 25 20 16 10 16 36 35 45 55 16 8 8 5 
3898250 3898387 0 -3 1 165 11 48 172 16 168 354 155 68 68 25 20 16 10 16 36 35 45 55 16 8 9 5 
3954750 3954878 0 0 0 186 48 0 185 44 181 367 142 67 66 25 20 16 10 16 36 35 45 55 16 8 9 5 
4174250 4174337 0 0 0 82 -12 0 81 -15 85 271 98 60 59 25 20 16 10 15 35 35 45 55 16 8 7 5 
4208250 4208326 0 -1 1 133 43 53 140 51 157 343 96 63 63 25 20 17 10 15 35 35 45 55 16 8 8 5 
4262750 4262857 0 2 1 423 405 346 432 415 425 611 18 66 65 25 20 16 10 15 35 35 45 55 16 8 8 5 
4354250 4354261 0 -3 1 112 46 41 97 35 116 302 72 62 61 25 20 16 10 14 34 35 45 55 16 8 8 5 
4375750 4375834 0 0 0 69 -28 0 66 -32 81 267 103 64 63 25 20 16 10 14 34 35 45 55 16 8 8 5 
4485250 4485450 0 -1 1 136 26 56 137 27 150 336 111 65 67 25 20 16 10 15 35 35 45 55 16 8 8 5 
4495750 4495909 0 2 1 180 47 99 179 42 200 386 142 66 66 25 20 17 10 15 35 35 45 55 16 8 8 5 
4500250 4500454 0 -3 1 119 0 37 117 -3 136 322 123 63 65 25 20 17 10 15 35 35 45 55 16 8 7 5 
4513250 4513263 0 0 0 83 -33 0 81 -33 98 284 120 61 62 25 20 17 10 15 35 35 45 55 16 8 8 5 
4789750 4789824 0 0 0 -23 -76 0 -28 -80 -18 168 58 56 56 25 20 17 10 15 35 35 45 55 16 7 7 5 
4860250 4860298 0 0 0 -1 -64 0 4 -69 16 202 84 55 53 25 20 17 10 15 35 35 45 55 16 7 7 5 
4878750 4878851 0 0 0 33 -45 0 27 -50 37 223 78 59 57 25 20 17 10 15 35 35 45 55 16 7 7 5 
4979250 4979274 0 0 0 28 -45 0 28 -46 39 225 80 57 56 25 20 17 10 15 35 35 45 55 16 7 7 5 
5008750 5008761 0 0 0 -4 -66 0 -8 -71 0 186 66 56 56 25 20 17 10 15 35 35 45 55 16 7 7 5 
5012250 5012400 0 13 0 54 -49 -24 38 -70 50 236 108 61 62 25 20 17 10 15 35 35 45 55 16 7 4 5 
5017250 5017406 0 0 0 193 76 0 202 89 223 409 123 67 66 25 20 17 10 15 35 35 45 55 16 7 8 5 
5026750 5026974 0 0 0 154 57 0 169 63 189 375 118 68 66 25 20 17 10 15 35 35 45 55 16 8 7 5 
5059750 5059925 0 0 0 125 15 0 107 2 123 309 111 65 64 25 20 17 10 15 35 35 45 55 16 8 6 5 
5137750 5137769 0 0 0 102 4 0 106 8 122 308 103 64 68 25 20 17 10 15 35 35 45 55 16 8 8 5 
5273750 5273929 0 0 0 139 19 0 131 13 149 335 124 69 72 25 20 17 10 15 35 35 45 55 16 9 9 5 
5407750 5407894 0 0 0 111 1 0 110 3 131 317 116 63 64 25 20 17 10 15 35 35 45 55 16 8 8 5 
5441750 5442006 0 0 0 132 3 0 125 -3 144 330 127 68 67 25 20 17 10 15 35 35 45 55 16 7 9 5 
5447250 5447617 0 13 0 54 -35 6 30 -51 43 229 84 60 61 25 20 17 10 15 35 35 45 55 16 6 7 5 
5453750 5453906 0 0 0 -52 -104 0 -49 -103 -45 141 53 56 55 25 20 17 10 15 35 35 45 55 16 7 7 5 
5546750 5546861 0 0 0 -33 -93 0 -35 -96 -24 162 68 54 52 25 20 17 10 15 35 35 45 55 16 7 7 5 
5551750 5551826 0 13 0 15 -62 -12 7 -65 20 206 71 57 57 25 20 17 10 15 35 35 45 55 16 7 5 5 
5558250 5558703 0 0 0 104 -4 0 103 -2 113 299 109 64 68 25 20 17 10 15 35 35 45 55 16 5 8 5 
5560750 5560759 0 13 0 75 -11 21 79 -8 89 275 89 63 62 25 20 17 10 15 35 35 45 55 16 8 8 5 
5564250 5564459 0 0 0 -15 -71 0 -40 -82 -29 157 55 59 57 25 20 17 10 15 35 35 45 55 16 6 7 5 
5570750 5570813 0 0 0 63 -30 0 66 -29 85 271 106 60 62 25 20 17 10 15 35 35 45 55 16 7 8 5 
5599750 5599982 0 0 0 -29 -104 0 -29 -104 -14 172 86 56 60 25 20 17 10 15 35 35 45 55 16 7 7 5 
5675750 5675819 0 0 0 4 -72 0 -3 -80 13 199 88 59 57 25 20 17 10 15 35 35 45 55 16 7 8 5 
6322750 6322864 0 0 0 1 -57 0 1 -63 18 204 67 57 57 25 20 17 10 15 35 35 45 55 16 7 7 5 
6356250 6356377 0 -1 1 55 -28 55 40 -45 56 242 100 60 60 25 20 17 10 15 35 35 45 55 16 6 1 5 
6359750 6359850 0 2 1 167 48 167 183 63 200 386 120 65 66 25 20 17 10 15 35 35 45 55 16 3 7 5 
6366250 6366350 0 -3 1 39 -40 39 37 -47 62 248 94 62 61 25 20 17 10 15 35 35 45 55 16 8 7 5 
6439750 6440028 0 0 0 -1 -54 0 -11 -65 4 190 66 55 55 25 20 17 10 15 35 35 45 55 16 7 7 5 
6600750 6600864 0 0 0 -5 -46 0 -11 -49 9 195 54 56 56 25 20 17 10 16 36 35 45 55 16 7 7 5 
6604250 6604393 0 13 0 13 -43 -24 15 -46 27 213 70 58 55 25 20 17 10 16 36 35 45 55 16 7 5 5 
6606250 6606420 0 0 0 60 -20 0 50 -25 65 251 84 61 63 25 20 17 10 16 36 35 45 55 16 5 7 5 
6639250 6639372 0 -1 1 114 26 57 123 30 140 326 99 60 58 25 20 16 10 16 36 35 45 55 16 5 7 5 
6650250 6650336 0 2 1 222 94 166 233 102 236 422 127 63 63 25 20 16 10 16 36 35 45 55 16 7 7 5 
6666250 6666321 0 -3 1 100 1 45 100 -3 107 293 106 63 65 25 20 16 10 16 36 35 45 55 16 8 8 5 
6683250 6683357 0 -1 1 108 9 55 113 7 116 302 105 62 62 25 20 16 10 16 36 35 45 55 16 7 8 5 
6686750 6686919 0 2 1 159 46 106 161 48 167 353 114 66 63 25 20 16 10 16 36 35 45 55 16 7 9 5 
6696250 6696301 0 -3 1 94 -13 41 91 -14 105 291 108 61 60 25 20 17 10 17 37 35 45 55 16 7 7 5 
6774250 6774325 0 0 0 46 -43 0 50 -43 69 255 100 63 63 25 20 17 10 17 37 35 45 55 16 8 7 5 
6780750 6780808 0 0 0 -1 -60 0 -10 -72 2 188 68 57 56 25 20 17 10 17 37 35 45 55 16 7 7 5 
6804750 6804784 0 0 0 -33 -86 0 -35 -92 -17 169 70 51 49 25 20 17 10 17 37 35 45 55 16 7 6 5 
6869250 6869526 0 0 0 -45 -87 0 -48 -91 -32 154 59 50 49 25 20 17 10 17 37 35 45 55 16 6 6 5 
6875250 6875380 0 13 0 -38 -75 -20 -36 -69 -21 165 47 54 53 25 20 17 10 17 37 35 45 55 16 7 7 5 
6880750 6881001 0 0 0 8 -55 0 3 -61 21 207 78 55 54 25 20 17 10 17 37 35 45 55 16 7 6 5 
6904250 6904419 0 0 0 -16 -81 0 -20 -84 0 186 77 53 52 25 20 17 10 17 37 35 45 55 16 7 7 5 
7083250 7083466 0 0 0 -7 -55 0 -19 -61 -2 184 58 54 52 25 20 17 10 17 37 35 45 55 16 6 6 5 
7086750 7086894 0 -1 1 48 -30 54 42 -33 62 248 80 61 64 25 20 17 10 17 37 35 45 55 16 7 6 5 
7146750 7146986 0 2 1 387 313 389 382 313 390 576 73 63 62 25 20 16 10 16 36 35 45 55 16 7 8 5 
7161250 7161398 0 -3 1 41 -43 42 40 -44 55 241 89 58 54 25 20 16 10 16 36 35 45 55 16 7 6 5 
7171250 7171356 0 0 0 0 -73 0 -3 -75 7 193 75 53 52 25 20 16 10 16 36 35 45 55 16 6 6 5 
7212250 7212490 0 0 0 -60 -91 0 -75 -96 -69 117 23 55 51 25 20 16 10 16 36 35 45 55 16 7 6 5 
7294250 7294488 0 0 0 -40 -101 0 -37 -97 -29 157 65 55 55 25 20 16 10 16 36 35 45 55 16 7 7 5 
7413250 7413357 0 0 0 -50 -86 0 -59 -91 -52 134 35 51 50 25 20 16 10 16 36 35 45 55 16 6 6 5 
7417250 7417311 0 13 0 5 -61 0 -2 -66 -1 185 64 61 63 25 20 16 10 16 36 35 45 55 16 7 4 5 
7419750 7419936 0 0 0 39 -48 0 58 -44 59 245 100 66 69 25 20 16 10 16 36 35 45 55 16 4 6 5 
7424250 7424503 0 0 0 -7 -75 0 -24 -80 -19 167 58 55 51 25 20 16 10 16 36 35 45 55 16 7 6 5 
8010250 8010495 0 0 0 4 -43 0 -4 -48 5 191 54 52 51 25 20 15 10 17 37 35 45 55 16 6 6 5 
8323250 8323515 0 0 0 31 -36 0 27 -40 31 217 69 53 52 25 20 15 10 17 37 35 45 55 16 7 6 5 
9152750 9152962 0 0 0 43 -32 0 34 -42 32 218 76 52 53 25 20 15 10 16 36 35 45 55 16 7 6 5 
9226750 9226821 0 0 0 49 -23 0 41 -29 43 229 73 54 53 25 20 15 10 17 37 35 45 55 16 7 7 5 
9484250 9484356 0 0 0 36 -29 0 34 -26 39 225 64 55 54 25 20 15 10 17 37 35 45 55 16 7 7 5 
9544250 9544258 0 0 0 47 -27 0 48 -31 54 240 83 55 55 25 20 15 10 17 37 35 45 55 16 7 7 5 
9591250 9591435 0 -1 1 94 35 55 97 41 101 287 61 53 51 25 20 15 10 17 37 35 45 55 16 7 6 5 
9607250 9607498 0 2 1 247 186 211 232 175 234 420 58 56 56 25 20 15 10 17 37 35 45 55 16 7 7 5 
9643750 9643793 0 -3 1 79 -2 49 79 -4 81 267 86 53 54 25 20 14 10 17 37 35 45 55 16 7 7 5 
9689250 9689501 0 0 0 21 -47 0 20 -46 22 208 71 53 54 25 20 14 10 17 37 35 45 55 16 6 7 5 
9754750 9754890 0 0 0 2 -63 0 0 -67 3 189 72 54 53 25 20 14 10 17 37 35 45 55 16 7 7 5 
9786750 9786886 0 0 0 48 -31 0 49 -29 52 238 81 55 55 25 20 14 10 17 37 35 45 55 16 7 7 5 
9850750 9850959 0 0 0 37 -36 0 45 -27 48 234 77 54 54 25 20 14 10 17 37 35 45 55 16 7 7 5 
9877750 9877910 0 -1 1 95 19 53 97 22 93 279 75 56 56 25 20 14 10 17 37 35 45 55 16 7 7 5 
9886750 9886770 0 2 1 143 68 99 142 67 140 326 76 56 56 25 20 14 10 17 37 35 45 55 16 7 7 5 
9895750 9895901 0 -3 1 93 19 48 94 14 96 282 83 54 52 25 20 14 10 17 37 35 45 55 16 7 7 5 
9936750 9936792 0 0 0 53 -16 0 53 -15 55 241 73 55 55 25 20 14 10 17 37 35 45 55 16 7 7 5 
10027750 10027867 0 0 0 19 -38 0 11 -46 12 198 59 53 51 25 20 14 10 17 37 35 45 55 16 7 6 5 
10039250 10039500 0 -1 1 66 -9 54 70 -6 64 250 77 56 57 25 20 14 10 16 36 35 45 55 16 7 7 5 
10094750 10095367 0 2 1 885 1029 907 908 1057 879 1065 -142 60 68 25 20 14 10 12 32 35 45 55 16 2 2 5 
10135750 10135773 0 -3 1 1 22 48 -6 17 -17 169 -26 56 54 25 20 14 10 12 32 35 45 55 16 7 6 5 
10150750 10150821 0 0 0 -56 -75 0 -56 -75 -62 124 16 53 52 25 20 15 10 13 33 35 45 55 16 5 6 5 
10404250 10404312 0 0 0 -54 -88 0 -51 -85 -51 135 35 52 53 25 20 16 10 13 33 35 45 55 16 6 7 5 
10480250 10480411 0 0 0 -40 -55 0 -51 -63 -49 137 13 54 53 25 20 16 10 13 33 35 45 55 16 7 7 5 
10530250 10530405 0 -1 1 9 -2 53 4 0 5 191 5 54 54 25 20 16 10 13 33 35 45 55 16 7 7 5 
10547750 10547869 0 2 1 86 60 132 86 60 87 273 28 56 57 25 20 16 10 13 33 35 45 55 16 7 7 5 
10563250 10563418 0 -3 1 3 -15 50 0 -21 0 186 20 52 52 25 20 16 10 13 33 35 45 55 16 5 6 5 
10593750 10594026 0 0 0 -50 -70 0 -57 -81 -57 129 22 53 55 25 20 16 10 13 33 35 45 55 16 7 7 5 
10725250 10725378 0 0 0 -59 -83 0 -55 -82 -53 133 30 54 55 25 20 16 10 14 34 35 45 55 16 7 7 5 
10746250 10746357 0 -1 1 -3 -28 51 -2 -26 0 186 24 55 55 25 20 16 10 14 34 35 45 55 16 7 7 5 
10774750 10774865 0 2 1 66 33 112 64 32 67 253 33 56 56 25 20 16 10 14 34 35 45 55 16 7 7 5 
10784750 10784859 0 -3 1 5 -9 49 0 -13 3 189 15 56 56 25 20 16 10 14 34 35 45 55 16 7 7 5 
10826250 10826380 0 0 0 -34 -57 0 -37 -59 -34 152 26 56 56 25 20 16 10 14 34 35 45 55 16 7 7 5 
10916250 10916281 0 -1 1 21 -23 61 2 -34 7 193 40 57 57 25 20 16 10 14 34 35 45 55 16 7 6 5 
10958250 10958373 0 2 1 73 22 115 79 25 84 270 58 58 60 25 20 16 10 14 34 35 45 55 16 7 8 5 
10962750 10962925 0 -3 1 1 -31 43 -8 -38 -3 183 36 53 54 25 20 16 10 14 34 35 45 55 16 6 7 5 
11007250 11007294 0 0 0 -45 -72 0 -47 -73 -44 142 30 54 53 25 20 16 10 14 34 35 45 55 16 7 7 5 
11058750 11058826 0 0 0 -26 -59 0 -29 -58 -24 162 35 53 54 25 20 16 10 14 34 35 45 55 16 6 7 5 
11089250 11089304 0 -1 1 25 -11 51 24 -11 29 215 38 56 57 25 20 16 10 14 34 35 45 55 16 7 7 5 
11119750 11119912 0 2 1 91 52 119 84 45 88 274 42 55 55 25 20 16 10 14 34 35 45 55 16 7 7 5 
11133250 11133291 0 -3 1 19 -4 48 21 -4 23 209 29 57 56 25 20 16 10 14 34 35 45 55 16 7 8 5 
11160250 11160460 0 -1 1 25 -14 54 27 -10 32 218 40 52 52 25 20 16 10 14 34 35 45 55 16 6 7 5 
11173250 11173374 0 2 1 248 147 278 252 149 261 447 106 66 68 25 20 16 10 14 34 35 45 55 16 9 8 5 
11211750 11211787 0 -3 1 17 11 49 12 6 16 202 13 51 52 25 20 16 10 13 33 35 45 55 16 6 6 5 
11297750 11297938 0 0 0 -35 -57 0 -36 -58 -32 154 28 54 53 25 20 16 10 14 34 35 45 55 16 7 5 5 
11313750 11313780 0 -1 1 16 -38 50 16 -39 20 206 61 58 61 25 20 16 10 14 34 35 45 55 16 7 8 5 
11405250 11405503 0 2 1 858 1131 891 853 1122 853 1039 -268 67 66 25 20 16 10 12 32 35 45 55 16 7 3 5 
11437250 11437408 0 -3 1 9 -24 43 8 -26 3 189 34 52 51 25 20 16 10 13 33 35 45 55 16 6 6 5 
11496750 11496753 0 0 0 -33 -87 0 -46 -98 -52 134 51 52 51 25 20 16 10 13 33 35 45 55 16 6 6 5 
11623250 11623389 0 0 0 -52 -111 0 -62 -115 -66 120 51 54 54 25 20 16 10 13 33 35 45 55 16 7 7 5 
11663750 11663823 0 -1 1 2 -61 51 6 -62 0 186 68 54 54 25 20 16 10 13 33 35 45 55 16 7 7 5 
11781750 11781895 0 2 1 979 1221 1017 1002 1243 1017 1203 -233 63 60 25 20 16 10 14 34 35 45 55 16 7 6 5 
11802750 11802808 0 -3 1 12 3 48 6 -4 6 192 12 54 54 25 20 16 10 14 34 35 45 55 16 7 7 5 
11852750 11852907 0 0 0 -31 -85 0 -37 -91 -36 150 56 53 53 25 20 16 10 14 34 35 45 55 16 6 7 5 
11982250 11982458 0 0 0 -44 -102 0 -43 -105 -49 137 57 55 56 25 20 16 10 14 34 35 45 55 16 7 7 5 
11996250 11996306 0 -1 1 18 -60 50 12 -66 5 191 77 56 56 25 20 16 10 14 34 35 45 55 16 7 7 5 
12011250 12011343 0 2 1 73 1 92 67 3 63 249 64 56 56 25 20 16 10 14 34 35 45 55 16 7 7 5 
12019750 12019750 0 -3 1 37 -21 49 41 -19 36 222 57 54 55 25 20 16 10 14 34 35 45 55 16 7 7 5 
12031750 12031975 0 0 0 -2 -52 0 2 -53 -5 181 50 54 53 25 20 16 10 14 34 35 45 55 16 7 7 5 
12046750 12047011 0 -1 1 47 -9 54 47 -9 47 233 55 56 55 25 20 16 10 14 34 35 45 55 16 7 7 5 
12094750 12094755 0 2 1 348 393 372 358 398 363 549 -21 57 59 25 20 16 10 14 34 35 45 55 16 7 6 5 
12125250 12125311 0 -3 1 14 -20 48 9 -21 13 199 32 54 54 25 20 16 10 14 34 35 45 55 16 7 7 5 
12150750 12151003 0 0 0 -43 -89 0 -39 -87 -41 145 47 55 55 25 20 16 10 14 34 35 45 55 16 7 7 5 
12230750 12231010 0 0 0 1 -57 0 6 -54 5 191 59 55 55 25 20 16 10 14 34 35 45 55 16 7 6 5 
12246250 12246280 0 -1 1 46 -27 52 44 -29 49 235 73 56 55 25 20 16 10 14 34 35 45 55 16 7 7 5 
12303750 12303978 0 2 1 364 404 397 370 406 374 560 -16 57 59 25 20 16 10 14 34 35 45 55 16 7 7 5 
12330250 12330338 0 -3 1 0 -30 47 2 -31 7 193 38 54 55 25 20 16 10 14 34 35 45 55 16 7 7 5 
12352750 12352959 0 0 0 -57 -101 0 -57 -100 -57 129 42 55 54 25 20 16 10 14 34 35 45 55 16 7 7 5 
12367250 12367264 0 -1 1 -1 -64 53 1 -64 0 186 65 56 57 25 20 16 10 14 34 35 45 55 16 7 7 5 
12552750 12552896 0 2 1 408 471 424 405 475 408 594 -46 58 56 25 20 16 10 14 34 35 45 55 16 6 7 5 
12572750 12572856 0 -3 1 34 20 47 36 14 42 228 28 56 57 25 20 16 10 14 34 35 45 55 16 7 7 5 
12645750 12645784 0 0 0 2 -52 0 -6 -57 -3 183 52 49 49 25 20 16 10 14 34 35 45 55 16 6 6 5 
12683250 12683514 0 -1 1 53 -7 50 53 -5 58 244 58 53 51 25 20 16 10 14 34 35 45 55 16 6 7 5 
12800750 12800902 0 2 1 740 906 733 751 903 735 921 -145 65 65 25 20 15 10 14 34 35 45 55 16 7 3 5 
12830750 12831019 0 -3 1 52 36 45 64 35 58 244 24 50 50 25 20 15 10 14 34 35 45 55 16 6 6 5 
12876750 12876774 0 0 0 8 -46 0 7 -43 3 189 47 50 51 25 20 15 10 14 34 35 45 55 16 6 6 5 
12975250 12975435 0 -1 1 41 -26 50 47 -22 43 229 69 54 58 25 20 15 10 15 35 35 45 55 16 7 7 5 
13012250 13012375 0 2 1 379 256 395 376 254 371 557 122 55 57 25 20 15 10 15 35 35 45 55 16 7 7 5 
13049750 13049830 0 -3 1 26 -33 49 24 -34 21 207 58 50 50 25 20 15 10 15 35 35 45 55 16 5 6 5 
13154750 13154956 0 0 0 -42 -96 0 -40 -98 -34 152 68 52 52 25 20 15 10 15 35 35 45 55 16 6 6 5 
13235750 13235950 0 -1 1 13 -59 56 21 -53 24 210 79 56 61 25 20 15 10 15 35 35 45 55 16 7 7 5 
13330250 13330412 0 2 1 833 1027 878 837 1027 793 979 -174 67 70 25 20 14 10 16 36 35 45 55 16 8 6 5 
13358750 13359188 0 -3 1 -4 14 42 -21 -8 -32 154 -2 55 52 25 20 15 10 16 36 35 45 55 16 5 7 5 
13381750 13381750 0 0 0 -46 -68 0 -44 -70 -39 147 35 50 50 25 20 15 10 16 36 35 45 55 16 6 6 5 
13530250 13530282 0 0 0 -129 -140 0 -130 -142 -120 66 32 50 50 25 20 16 10 16 36 35 45 55 16 6 6 5 
13559250 13559366 0 -1 1 -64 -90 53 -67 -92 -54 132 36 53 53 25 20 16 10 16 36 35 45 55 16 7 7 5 
13611750 13612018 0 2 1 95 197 190 95 192 92 278 -52 51 50 25 20 16 10 16 36 35 45 55 16 6 6 5 
13637250 13637385 0 -3 1 -36 -27 48 -36 -25 -32 154 -2 51 52 25 20 16 10 15 35 35 45 55 16 6 6 5 
13650750 13650928 0 0 0 -78 -84 0 -79 -83 -75 111 14 51 52 25 20 16 10 15 35 35 45 55 16 6 6 5 
13672250 13672345 0 -1 1 -24 -33 50 -27 -36 -25 161 14 52 51 25 20 16 10 15 35 35 45 55 16 6 7 5 
13745250 13745538 0 2 1 257 371 317 267 372 269 455 -73 61 62 25 20 16 10 15 35 35 45 55 16 5 8 5 
13850250 13850318 0 -3 1 10 3 49 2 -1 13 199 17 51 51 25 20 16 10 15 35 35 45 55 16 6 5 5 
13890250 13890304 0 0 0 -32 -50 0 -35 -53 -23 163 35 51 51 25 20 16 10 15 35 35 45 55 16 6 6 5 
13954750 13954960 0 0 0 -48 -90 0 -41 -84 -37 149 54 54 57 25 20 15 10 15 35 35 45 55 16 6 7 5 
14011250 14011255 0 -1 1 4 -59 54 -4 -67 5 191 70 59 57 25 20 15 10 15 35 35 45 55 16 7 7 5 
14077250 14077374 0 2 1 365 472 418 374 484 367 553 -75 56 56 25 20 15 10 15 35 35 45 55 16 7 7 5 
14172750 14172835 0 -3 1 -8 -96 50 -13 -102 -7 179 98 60 58 25 20 15 10 14 34 35 45 55 16 7 7 5 
14253750 14253821 0 0 0 -61 -113 0 -66 -119 -63 123 59 54 53 25 20 15 10 14 34 35 45 55 16 7 6 5 
14304750 14305001 0 -1 1 1 -49 51 -2 -51 6 192 53 54 56 25 20 15 10 15 35 35 45 55 16 7 7 5 
14374750 14374775 0 2 1 861 1076 895 848 1068 910 1096 -260 59 59 25 20 18 10 11 31 35 45 55 16 5 5 5 
14447750 14448161 0 -3 1 28 12 45 17 -6 15 201 25 52 57 25 20 15 10 15 35 35 45 55 16 5 7 5 
14475250 14475486 0 0 0 -11 -59 0 -20 -65 -14 172 54 54 51 25 20 15 10 16 36 35 45 55 16 7 7 5 
14560250 14560325 0 -1 1 35 -39 52 35 -41 52 238 98 61 63 25 20 15 10 15 35 35 45 55 16 7 8 5 
14745250 14745251 0 2 1 245 81 274 251 86 276 462 178 65 66 25 20 15 10 17 37 35 45 55 16 8 8 5 
14770250 14770279 0 -3 1 7 -73 39 10 -78 30 216 98 64 60 25 20 15 10 17 37 35 45 55 16 8 6 5 
14784750 14784906 0 0 0 -32 -97 0 -40 -106 -20 166 74 53 52 25 20 15 10 17 37 35 45 55 16 6 7 5 
14909250 14909323 0 0 0 -7 -75 0 -2 -72 11 197 77 59 60 25 20 15 10 16 36 35 45 55 16 7 7 5 
14965750 14965948 0 -1 1 49 -32 56 40 -35 65 251 91 59 57 25 20 15 10 16 36 35 45 55 16 7 7 5 
15003250 15003430 0 2 1 129 11 135 136 13 161 347 129 64 62 25 20 15 10 16 36 35 45 55 16 8 7 5 
15022750 15022752 0 -3 1 36 -45 42 36 -48 54 240 93 58 57 25 20 15 10 16 36 35 45 55 16 6 7 5 
15243250 15243296 0 0 0 -5 -77 0 -8 -80 3 189 79 56 58 25 20 15 10 16 36 35 45 55 16 7 7 5 
15256250 15256436 0 -1 1 62 -31 63 57 -36 91 277 125 64 63 25 20 15 10 16 36 35 45 55 16 6 7 5 
15271750 15271854 0 2 1 200 73 198 200 66 230 416 142 67 70 25 20 15 10 16 36 35 45 55 16 8 8 5 
15318750 15318803 0 -3 1 59 -47 45 65 -42 84 270 119 61 60 25 20 15 10 16 36 35 45 55 16 8 8 5 
15365750 15365957 0 0 0 26 -51 0 40 -38 52 238 91 59 58 25 20 15 10 16 36 35 45 55 16 7 8 5 
15374750 15374762 0 -1 1 88 0 60 95 5 107 293 100 62 65 25 20 15 10 16 36 35 45 55 16 7 8 5 
15410750 15410993 0 2 1 230 106 194 209 96 218 404 109 66 63 25 20 15 10 16 36 35 45 55 16 7 6 5 
15502750 15503673 0 -3 1 83 -32 27 5 -88 24 210 92 67 66 25 20 15 10 16 36 35 45 55 16 4 6 5 
15534250 15534445 0 0 0 63 -66 0 52 -73 67 253 132 60 61 25 20 15 10 16 36 35 45 55 16 8 7 5 
15581250 15581390 0 -1 1 121 -1 58 124 1 142 328 134 64 64 25 20 15 10 16 36 35 45 55 16 7 8 5 
15590750 15590815 0 2 1 198 66 134 199 70 215 401 140 66 66 25 20 15 10 16 36 35 45 55 16 7 8 5 
15603750 15603881 0 -3 1 111 -27 47 98 -38 120 306 145 62 61 25 20 15 10 16 36 35 45 55 16 7 8 5 
15670250 15670380 0 0 0 65 -48 0 61 -54 72 258 125 59 60 25 20 15 10 16 36 35 45 55 16 7 7 5 
15836250 15836467 0 0 0 38 -53 0 32 -59 29 215 91 54 53 25 20 15 10 15 35 35 45 55 16 7 6 5 
16228250 16228316 0 0 0 -9 -84 0 -13 -91 -9 177 82 53 54 25 20 15 10 15 35 35 45 55 16 6 7 5 
16500250 16500512 0 0 0 -9 -77 0 -8 -78 -2 184 73 52 52 25 20 15 10 16 36 35 45 55 16 6 7 5 
16633250 16633372 0 0 0 16 -62 0 25 -55 33 219 84 56 53 25 20 15 10 16 36 35 45 55 16 7 7 5 
16642250 16642745 0 13 0 31 -41 38 14 -54 21 207 69 75 80 25 20 15 10 16 36 35 45 55 16 7 10 5 
16654750 16654920 0 0 0 -40 -113 0 -31 -110 -21 165 79 57 57 25 20 15 10 16 36 35 45 55 16 6 8 5 
16671750 16671873 0 0 0 -31 -96 0 -36 -101 -28 158 64 51 52 25 20 15 10 16 36 35 45 55 16 6 6 5 
16752250 16752421 0 0 0 -21 -88 0 -24 -89 -19 167 65 50 48 25 20 15 10 16 36 35 45 55 16 6 6 5 
16766250 16766296 0 0 0 14 -72 0 14 -71 16 202 86 59 60 25 20 14 10 16 36 35 45 55 16 6 7 5 
16789750 16789831 0 0 0 -11 -84 0 -19 -91 -13 173 79 54 52 25 20 14 10 16 36 35 45 55 16 7 6 5 
16806750 16806792 0 0 0 -2 -65 0 -3 -63 3 189 64 56 58 25 20 15 10 16 36 35 45 55 16 5 7 5 
16818750 16819026 0 0 0 -30 -100 0 -34 -103 -25 161 73 56 55 25 20 15 10 16 36 35 45 55 16 7 7 5 
16861750 16862701 0 -1 1 31 -60 67 93 -8 113 299 111 62 69 25 20 15 10 16 36 35 45 55 16 2 9 5 
16883750 16883754 0 2 1 100 -27 139 105 -25 114 300 123 66 66 25 20 15 10 16 36 35 45 55 16 4 8 5 
16887750 16887750 0 -3 1 -4 -79 36 -4 -80 8 194 85 60 57 25 20 15 10 16 36 35 45 55 16 7 6 5 
16908750 16908868 0 0 0 -43 -100 0 -38 -100 -33 153 64 56 54 25 20 15 10 16 36 35 45 55 16 7 7 5 
17032250 17032305 0 0 0 -49 -103 0 -54 -109 -41 145 66 54 52 25 20 15 10 16 36 35 45 55 16 7 7 5 
17122250 17122457 0 0 0 -47 -107 0 -43 -103 -28 158 69 54 55 25 20 15 10 16 36 35 45 55 16 7 7 5 
17130750 17130789 0 13 0 67 -23 77 74 -19 82 268 95 61 66 25 20 15 10 16 36 35 45 55 16 7 7 5 
17134750 17134996 0 0 0 8 -67 0 13 -65 20 206 83 56 54 25 20 15 10 16 36 35 45 55 16 6 7 5 
17200250 17200298 0 0 0 7 -63 0 -2 -69 9 195 78 57 61 25 20 15 10 16 36 35 45 55 16 8 7 5 
17219750 17219956 0 0 0 -36 -95 0 -31 -93 -23 163 68 53 51 25 20 15 10 16 36 35 45 55 16 7 7 5 
17282250 17282471 0 0 0 -42 -96 0 -42 -96 -39 147 57 53 52 25 20 15 10 15 35 35 45 55 16 7 5 5 
17454750 17454786 0 -1 1 24 -57 52 15 -65 21 207 81 58 57 25 20 15 10 15 35 35 45 55 16 6 6 5 
17458250 17458343 0 2 1 92 -31 120 97 -33 118 304 137 61 61 25 20 15 10 15 35 35 45 55 16 7 8 5 
17466750 17466771 0 -3 1 20 -69 47 19 -67 30 216 94 55 55 25 20 15 10 15 35 35 45 55 16 7 7 5 
17568250 17568390 0 0 0 -19 -80 0 -21 -78 -13 173 63 53 52 25 20 15 10 15 35 35 45 55 16 7 6 5 
17582750 17582811 0 -1 1 50 -49 60 49 -51 75 261 121 63 64 25 20 15 10 15 35 35 45 55 16 5 8 5 
17586750 17586954 0 2 1 180 66 187 189 74 204 390 126 66 65 25 20 15 10 15 35 35 45 55 16 7 7 5 
17610250 17610289 0 -3 1 58 -58 50 59 -61 80 266 137 60 61 25 20 15 10 15 35 35 45 55 16 8 7 5 
17616750 17616805 0 0 0 12 -63 0 10 -70 21 207 87 55 53 25 20 15 10 15 35 35 45 55 16 7 7 5 
17654750 17654760 0 -1 1 74 -22 62 54 -34 61 247 95 58 54 25 20 15 10 15 35 35 45 55 16 7 7 5 
17659250 17659347 0 2 1 200 79 188 212 93 212 398 125 65 66 25 20 14 10 15 35 35 45 55 16 7 8 5 
17664750 17664841 0 -3 1 57 -38 44 51 -41 44 230 91 57 56 25 20 14 10 15 35 35 45 55 16 6 7 5 
17770750 17770879 0 -1 1 71 -30 56 67 -34 61 247 101 59 60 25 20 14 10 15 35 35 45 55 16 7 8 5 
17814250 17814344 0 2 1 210 63 194 227 67 220 406 160 66 64 25 20 14 10 15 35 35 45 55 16 8 7 5 
17896250 17896416 0 -3 1 66 -44 48 61 -52 49 235 114 56 56 25 20 14 10 15 35 35 45 55 16 7 7 5 
17909750 17909819 0 -1 1 71 -49 53 81 -47 80 266 129 57 58 25 20 14 10 15 35 35 45 55 16 7 7 5 
17921250 17921409 0 2 1 168 31 149 188 48 183 369 141 61 60 25 20 14 10 15 35 35 45 55 16 8 8 5 
17940250 17940507 0 -3 1 68 -36 49 65 -36 58 244 101 56 55 25 20 14 10 15 35 35 45 55 16 7 7 5 
18005750 18005753 0 0 0 20 -66 0 14 -70 18 204 90 53 54 25 20 15 10 15 35 35 45 55 16 7 7 5 
18116750 18116773 0 -1 1 70 -27 52 66 -33 71 257 105 56 56 25 20 13 10 16 36 35 45 55 16 7 7 5 
18139250 18139464 0 2 1 152 21 134 153 20 151 337 137 62 65 25 20 13 10 16 36 35 45 55 16 8 8 5 
18163750 18163840 0 -3 1 63 -39 46 47 -53 52 238 107 58 57 25 20 14 10 16 36 35 45 55 16 7 6 5 
18172250 18172427 0 -1 1 69 -38 52 62 -44 68 254 110 59 58 25 20 14 10 16 36 35 45 55 16 7 7 5 
18199250 18199354 0 2 1 202 51 185 203 51 193 379 152 63 65 25 20 14 10 15 35 35 45 55 16 8 8 5 
18205250 18205429 0 -3 1 64 -62 47 52 -78 51 237 129 61 60 25 20 15 10 15 35 35 45 55 16 7 8 5 
18213250 18213493 0 -1 1 71 -27 55 70 -32 66 252 103 59 59 25 20 15 10 15 35 35 45 55 16 7 8 5 
18239250 18239500 0 2 1 214 68 198 199 63 196 382 134 66 71 25 20 15 10 15 35 35 45 55 16 2 9 5 
18266250 18266377 0 -3 1 63 -45 47 54 -52 49 235 105 57 54 25 20 15 10 15 35 35 45 55 16 7 7 5 
18350750 18351001 0 0 0 13 -70 0 21 -67 19 205 87 55 56 25 20 15 10 15 35 35 45 55 16 7 7 5 
18448250 18448472 0 0 0 -5 -69 0 -1 -63 -4 182 63 54 53 25 20 15 10 15 35 35 45 55 16 7 7 5 
18763250 18763508 0 0 0 -2 -81 0 -3 -84 -7 179 80 52 53 25 20 15 10 15 35 35 45 55 16 7 6 5 
18787250 18787252 0 0 0 7 -64 0 6 -62 1 187 68 56 54 25 20 15 10 15 35 35 45 55 16 7 6 5 
18790250 18790891 0 -1 1 62 -26 53 99 2 97 283 98 61 66 25 20 15 10 15 35 35 45 55 16 5 7 5 
18793750 18793852 0 2 1 182 55 169 188 60 184 370 129 64 66 25 20 15 10 15 35 35 45 55 16 8 8 5 
18800250 18800376 0 -3 1 57 -16 39 46 -21 42 228 66 58 54 25 20 15 10 15 35 35 45 55 16 7 6 5 
18803250 18803501 0 0 0 21 -60 0 15 -76 12 198 90 54 54 25 20 15 10 15 35 35 45 55 16 6 6 5 
18812250 18812522 0 0 0 27 -33 0 25 -34 24 210 59 52 51 25 20 15 10 15 35 35 45 55 16 6 6 5 
18983750 18983751 0 0 0 62 -29 0 68 -26 58 244 95 56 54 25 20 14 10 15 35 35 45 55 16 7 7 5 
19078250 19078344 0 0 0 54 -31 0 59 -27 54 240 85 55 54 25 20 14 10 15 35 35 45 55 16 7 7 5 
19182250 19182502 0 0 0 99 -13 0 106 -5 93 279 112 58 56 25 20 14 10 15 35 35 45 55 16 8 7 5 
19237750 19237894 0 0 0 159 34 0 159 34 149 335 125 63 63 25 20 14 10 15 35 35 45 55 16 8 8 5 
19322250 19322387 0 0 0 93 -11 0 87 -18 79 265 105 57 60 25 20 14 10 15 35 35 45 55 16 7 7 5 
19527250 19527255 0 0 0 43 -30 0 37 -33 32 218 71 56 55 25 20 14 10 16 36 35 45 55 16 7 6 5 
19559250 19559438 0 0 0 95 -11 0 94 -11 93 279 108 59 61 25 20 14 10 16 36 35 45 55 16 7 7 5 
19594750 19594880 0 0 0 49 -32 0 41 -37 38 224 85 57 57 25 20 14 10 16 36 35 45 55 16 7 7 5 
19639750 19639884 0 0 0 146 24 0 145 29 145 331 119 63 64 25 20 14 10 16 36 35 45 55 16 7 6 5 
19661750 19661931 0 0 0 202 70 0 195 63 195 381 134 71 69 25 20 14 10 16 36 35 45 55 16 9 9 5 
19683250 19683382 0 0 0 256 95 0 253 92 260 446 166 67 71 25 20 14 10 16 36 35 45 55 16 9 8 5 
19706750 19706806 0 0 0 243 103 0 237 98 237 423 146 69 71 25 20 14 10 16 36 35 45 55 16 8 9 5 
19738250 19738381 0 0 0 237 95 0 243 99 244 430 147 62 63 25 20 14 10 16 36 35 45 55 16 8 8 5 
19756750 19756961 0 0 0 174 45 0 181 48 183 369 135 62 66 25 20 14 10 16 36 35 45 55 16 8 7 5 
19771250 19771430 0 0 0 233 84 0 232 87 230 416 145 65 65 25 20 14 10 16 36 35 45 55 16 8 8 5 
19795750 19795763 0 0 0 225 108 0 215 100 203 389 115 74 77 25 20 14 10 16 36 35 45 55 16 10 9 5 
19821750 19821770 0 0 0 277 119 0 275 118 263 449 156 71 70 25 20 14 10 16 36 35 45 55 16 10 9 5 
19884250 19884353 0 0 0 180 12 0 182 18 168 354 164 76 77 25 20 14 10 16 36 35 45 55 16 9 9 5 
20001750 20001753 0 0 0 203 18 0 200 14 188 374 184 71 72 25 20 14 10 16 36 35 45 55 16 9 8 5 
20028250 20028380 0 0 0 289 75 0 286 69 256 442 211 69 69 25 20 14 10 15 35 35 45 55 16 9 9 5 
20071250 20071293 0 0 0 192 5 0 189 2 160 346 185 71 68 25 20 14 10 15 35 35 45 55 16 9 9 5 
20158250 20158252 0 0 0 89 -85 0 85 -82 66 252 162 75 75 25 20 15 10 15 35 35 45 55 16 8 9 5 
20265250 20265358 0 0 0 109 -58 0 101 -66 66 252 152 73 73 25 20 15 10 14 34 35 45 55 16 9 8 5 
20292250 20292346 0 0 0 148 -24 0 140 -33 105 291 162 73 72 25 20 15 10 14 34 35 45 55 16 9 9 5 
20368250 20368320 0 0 0 184 -4 0 183 -8 143 329 175 73 71 25 20 15 10 14 34 35 45 55 16 9 9 5 
20546250 20546411 0 0 0 213 23 0 200 18 168 354 174 71 69 25 20 15 10 14 34 35 45 55 16 9 8 5 
20642250 20642296 0 0 0 182 -8 0 183 -11 148 334 178 76 75 25 20 15 10 14 34 35 45 55 16 9 10 5 
20720750 20720938 0 0 0 123 -53 0 124 -48 91 277 151 75 75 25 20 15 10 15 35 35 45 55 16 8 7 5 
20771750 20771964 0 0 0 107 -22 0 105 -22 71 257 118 69 69 25 20 15 10 15 35 35 45 55 16 9 9 5 
20808750 20808819 0 0 0 160 -12 0 161 -14 126 312 163 80 79 25 20 15 10 15 35 35 45 55 16 10 10 5 
20856750 20856878 0 0 0 153 -39 0 161 -32 123 309 179 77 77 25 20 15 10 15 35 35 45 55 16 10 8 5 
20957250 20957408 0 0 0 172 -11 0 174 -13 137 323 175 71 70 25 20 15 10 15 35 35 45 55 16 8 9 5 
21033750 21033854 0 0 0 208 3 0 196 -8 174 360 197 71 72 25 20 15 10 16 36 35 45 55 16 9 9 5 
21062750 21062905 0 0 0 210 4 0 203 6 180 366 188 73 72 25 20 15 10 16 36 35 45 55 16 8 8 5 
21130250 21130322 0 0 0 183 1 0 168 -12 146 332 170 72 72 25 20 15 10 16 36 35 45 55 16 9 8 5 
21205750 21205841 0 0 0 201 0 0 192 -4 168 354 187 76 78 25 20 15 10 16 36 35 45 55 16 10 10 5 
21356750 21356871 0 0 0 124 -69 0 114 -78 90 276 182 72 70 25 20 15 10 16 36 35 45 55 16 9 9 5 
34250 34418 1 0 0 21 40 0 27 45 22 -21 -18 73 72 25 20 16 10 16 36 35 45 55 16 9 8 5 
40750 40994 1 0 0 37 41 0 43 46 37 -6 -1 73 73 25 20 16 10 16 36 35 45 55 16 7 4 5 
68250 68340 1 0 0 43 54 0 37 52 28 -15 -16 65 66 25 20 16 10 16 36 35 45 55 16 8 8 5 
87250 87291 1 0 0 38 52 0 42 56 34 -9 -14 64 68 25 20 16 10 16 36 35 45 55 16 8 8 5 
116250 116700 1 0 0 12 26 0 9 28 1 -42 -19 63 67 25 20 16 10 16 36 35 45 55 16 4 7 5 
148750 149081 1 0 0 26 29 0 40 52 33 -10 -12 65 58 25 20 16 10 16 36 35 45 55 16 0 2 5 
157250 157259 1 0 0 11 21 0 9 23 1 -42 -15 61 58 25 20 16 10 16 36 35 45 55 16 7 7 5 
191250 191321 1 0 0 -11 0 0 -7 3 -15 -58 -11 58 58 25 20 16 10 17 37 35 45 55 16 7 7 5 
207250 207333 1 0 0 -9 7 0 -9 6 -16 -59 -14 64 63 25 20 16 10 16 36 35 45 55 16 7 4 5 
293250 293475 1 0 0 -2 0 0 2 4 -6 -49 -4 57 56 25 20 16 10 15 35 35 45 55 16 6 7 5 
303250 303438 1 0 0 -17 0 0 -18 4 -25 -68 -21 57 58 25 20 16 10 15 35 35 45 55 16 7 7 5 
362250 362462 1 0 -1 0 0 0 0 0 0 -49 0 58 58 25 20 16 10 15 35 35 45 55 16 7 7 5 
531750 531768 1 0 0 2 9 0 3 11 -4 -47 -9 57 56 25 20 16 10 15 35 35 45 55 16 7 7 5 
543250 543258 1 0 0 -9 3 0 -6 6 -12 -55 -12 54 55 25 20 16 10 16 36 35 45 55 16 7 7 5 
729750 730006 1 0 0 1 11 0 5 15 -3 -46 -10 56 56 25 20 16 10 16 36 35 45 55 16 7 7 5 
742250 742550 1 0 0 -16 3 0 -17 1 -24 -67 -16 61 58 25 20 16 10 16 36 35 45 55 16 4 7 5 
747750 747876 1 0 0 -1 10 0 1 12 -7 -50 -10 59 58 25 20 16 10 16 36 35 45 55 16 7 7 5 
754250 754250 1 0 0 8 18 0 8 18 -1 -44 -11 59 61 25 20 16 10 16 36 35 45 55 16 8 7 5 
765750 765975 1 0 0 -5 2 0 -3 4 -12 -55 -8 57 62 25 20 16 10 16 36 35 45 55 16 6 7 5 
883750 883921 1 0 0 5 20 0 7 22 -2 -45 -15 58 57 25 20 16 10 16 36 35 45 55 16 7 7 5 
956250 956359 1 0 0 -9 7 0 -10 6 -18 -61 -16 59 60 25 20 16 10 16 36 35 45 55 16 7 8 5 
1134250 1134250 1 0 0 -5 10 0 0 15 -7 -50 -15 61 62 25 20 16 10 16 36 35 45 55 16 8 8 5 
1264750 1264882 1 0 0 0 23 0 -2 21 -8 -51 -21 66 67 25 20 16 10 16 36 35 45 55 16 8 6 5 
1277750 1277750 1 0 0 -39 -11 0 -37 -10 -47 -90 -30 64 62 25 20 16 10 16 36 35 45 55 16 8 8 5 
1301750 1301935 1 0 0 -55 -46 0 -53 -43 -61 -104 -10 59 57 25 20 16 10 16 36 35 45 55 16 7 7 5 
1381750 1381805 1 0 0 -44 -37 0 -41 -35 -49 -92 -7 59 60 25 20 17 10 16 36 35 45 55 16 7 7 5 
1397750 1397949 1 0 0 -43 -36 0 -38 -30 -44 -87 -8 60 60 25 20 17 10 16 36 35 45 55 16 8 7 5 
1416750 1416838 1 0 0 5 28 0 6 31 -1 -44 -26 65 66 25 20 17 10 16 36 35 45 55 16 8 8 5 
1443750 1443816 1 0 0 -17 -12 0 -15 -9 -24 -67 -7 60 61 25 20 17 10 16 36 35 45 55 16 7 7 5 
1535750 1535836 1 0 0 11 26 0 17 31 11 -32 -14 64 64 25 20 16 10 16 36 35 45 55 16 8 7 5 
1698750 1698832 1 0 0 2 24 0 3 25 -5 -48 -23 65 64 25 20 17 10 16 36 35 45 55 16 8 8 5 
2058750 2058887 1 0 0 -4 19 0 -8 19 -15 -58 -28 66 68 25 20 15 10 16 36 35 45 55 16 8 7 5 
2257250 2257498 1 0 0 1 10 0 11 16 3 -40 -5 62 57 25 20 15 10 17 37 35 45 55 16 8 8 5 
2589250 2589371 1 0 0 -9 7 0 -6 9 -12 -55 -14 62 63 25 20 15 10 17 37 35 45 55 16 8 8 5 
2814250 2814481 1 0 0 10 18 0 13 21 5 -38 -8 59 56 25 20 15 10 17 37 35 45 55 16 7 7 5 
3125750 3125773 1 0 0 2 13 0 5 19 -3 -46 -14 76 74 25 20 15 10 16 36 35 45 55 16 9 10 5 
3231250 3231413 1 0 0 6 22 0 7 22 -1 -44 -16 66 66 25 20 16 10 15 35 35 45 55 16 8 8 5 
3530250 3530408 1 0 0 6 13 0 10 17 2 -41 -7 67 66 25 20 16 10 17 37 35 45 55 16 9 8 5 
3954250 3954418 1 0 0 -7 9 0 -4 12 -12 -55 -18 66 64 25 20 16 10 16 36 35 45 55 16 8 8 5 
4374250 4374436 1 0 0 -2 23 0 2 26 -5 -48 -25 65 67 25 20 16 10 14 34 35 45 55 16 8 8 5 
4787750 4787954 1 0 0 -3 4 0 6 13 -3 -46 -8 56 56 25 20 17 10 15 35 35 45 55 16 7 7 5 
4870250 4870333 1 0 0 7 17 0 13 22 6 -37 -9 54 58 25 20 17 10 15 35 35 45 55 16 7 7 5 
4986750 4986909 1 0 0 -8 -5 0 -7 -2 -13 -56 -6 55 54 25 20 17 10 15 35 35 45 55 16 7 7 5 
5012250 5012400 1 0 0 -12 -2 0 -17 -2 -24 -67 -15 61 62 25 20 17 10 15 35 35 45 55 16 7 4 5 
5262750 5262850 1 0 0 4 27 0 3 30 -4 -47 -27 64 63 25 20 17 10 15 35 35 45 55 16 8 7 5 
5453250 5453364 1 0 0 -1 -10 0 4 -7 -4 -47 11 56 56 25 20 17 10 15 35 35 45 55 16 7 7 5 
5600750 5601003 1 0 0 -14 -19 0 -15 -23 -23 -66 8 56 57 25 20 17 10 15 35 35 45 55 16 7 7 5 
5679250 5679378 1 0 0 -14 -12 0 -17 -13 -24 -67 -5 56 53 25 20 17 10 15 35 35 45 55 16 7 7 5 
6321750 6321788 1 0 0 -15 -3 0 -10 2 -18 -61 -11 56 56 25 20 17 10 15 35 35 45 55 16 7 7 5 
6393750 6393758 1 0 0 -19 -5 0 -22 -6 -30 -73 -15 53 52 25 20 17 10 15 35 35 45 55 16 7 6 5 
6599250 6599278 1 0 0 -33 -22 0 -34 -19 -41 -84 -15 56 57 25 20 17 10 16 36 35 45 55 16 6 7 5 
6611250 6611457 1 0 0 -2 23 0 -5 26 -12 -55 -30 61 61 25 20 16 10 16 36 35 45 55 16 6 8 5 
6792750 6792750 1 0 0 4 -20 0 9 -15 1 -42 24 53 51 25 20 17 10 17 37 35 45 55 16 7 7 5 
6805250 6805393 1 0 0 46 51 0 41 49 33 -10 -9 51 49 25 20 17 10 17 37 35 45 55 16 6 6 5 
6869750 6869835 1 0 0 67 79 0 71 87 64 21 -15 50 48 25 20 17 10 17 37 35 45 55 16 6 6 5 
6874750 6874808 1 13 0 -2 -14 -35 1 -13 -7 -50 14 53 52 25 20 17 10 17 37 35 45 55 16 7 7 5 
6880750 6881001 1 0 0 -6 -11 0 -1 -9 -7 -50 10 55 54 25 20 17 10 17 37 35 45 55 16 7 6 5 
6903750 6903855 1 0 0 -5 -11 0 -3 -10 -9 -52 8 53 54 25 20 17 10 17 37 35 45 55 16 7 7 5 
7080750 7080900 1 0 0 -32 -23 0 -34 -25 -42 -85 -9 53 54 25 20 17 10 17 37 35 45 55 16 7 7 5 
7084750 7084898 1 13 0 -1 11 -11 0 14 -7 -50 -14 57 57 25 20 17 10 17 37 35 45 55 16 6 7 5 
7087250 7087353 1 0 0 36 49 0 45 60 38 -5 -16 62 68 25 20 17 10 17 37 35 45 55 16 6 7 5 
7116750 7116756 1 0 0 35 46 0 41 50 34 -9 -9 69 72 25 20 16 10 16 36 35 45 55 16 9 9 5 
7124250 7124347 1 0 0 -16 4 0 -13 6 -20 -63 -18 63 64 25 20 16 10 16 36 35 45 55 16 8 8 5 
7168750 7168803 1 0 0 11 11 0 14 15 7 -36 -1 55 56 25 20 16 10 16 36 35 45 55 16 7 7 5 
7209250 7209407 1 0 0 3 8 0 6 10 0 -43 -2 58 58 25 20 16 10 16 36 35 45 55 16 7 7 5 
7294750 7294760 1 0 0 2 4 0 7 8 0 -43 -2 55 56 25 20 16 10 16 36 35 45 55 16 7 7 5 
7404750 7404890 1 0 0 11 18 0 10 19 2 -41 -9 53 52 25 20 16 10 16 36 35 45 55 16 6 7 5 
7412250 7412473 1 0 0 41 64 0 46 70 37 -6 -24 51 51 25 20 16 10 16 36 35 45 55 16 6 6 5 
7420750 7421018 1 0 0 9 20 0 15 26 7 -36 -12 66 70 25 20 16 10 16 36 35 45 55 16 4 8 5 
7424250 7424503 1 0 0 21 39 0 20 40 12 -31 -21 55 51 25 20 16 10 16 36 35 45 55 16 7 6 5 
8017250 8017439 1 0 0 22 37 0 23 39 15 -28 -17 52 51 25 20 15 10 17 37 35 45 55 16 6 7 5 
8321250 8321308 1 0 0 18 32 0 20 34 13 -30 -12 54 56 25 20 15 10 17 37 35 45 55 16 7 7 5 
9161250 9161412 1 0 0 24 41 0 26 43 19 -24 -17 53 53 25 20 15 10 16 36 35 45 55 16 6 7 5 
9229250 9229301 1 0 0 6 18 0 6 18 0 -43 -11 54 56 25 20 15 10 17 37 35 45 55 16 7 7 5 
9482750 9482973 1 0 0 5 18 0 7 19 0 -43 -12 55 55 25 20 15 10 17 37 35 45 55 16 7 7 5 
9542750 9542881 1 0 0 3 16 0 8 20 -1 -44 -12 55 54 25 20 15 10 17 37 35 45 55 16 7 7 5 
9683250 9683363 1 0 0 5 16 0 8 19 0 -43 -11 54 54 25 20 14 10 17 37 35 45 55 16 7 7 5 
9756750 9756824 1 0 0 11 23 0 12 24 5 -38 -11 55 54 25 20 14 10 17 37 35 45 55 16 7 7 5 
9782750 9782756 1 0 0 0 16 0 3 18 -4 -47 -14 54 55 25 20 14 10 17 37 35 45 55 16 7 7 5 
9850250 9850404 1 0 0 3 18 0 5 20 -2 -45 -14 54 54 25 20 14 10 17 37 35 45 55 16 7 7 5 
9935750 9935984 1 0 0 -1 13 0 2 16 -3 -46 -13 55 56 25 20 14 10 17 37 35 45 55 16 7 7 5 
10009250 10009406 1 0 0 16 30 0 19 32 10 -33 -14 58 59 25 20 14 10 17 37 35 45 55 16 7 7 5 
10081750 10082247 1 -1 1 -47 -45 -53 -46 -46 -52 -95 1 58 64 25 20 14 10 13 33 35 45 55 16 5 6 5 
10105750 10105972 1 2 1 -153 -197 -155 -155 -198 -163 -206 43 60 62 25 20 14 10 11 31 35 45 55 16 6 7 5 
10131250 10132130 1 -3 1 -50 -71 -49 -31 -36 -37 -80 5 57 52 25 20 14 10 12 32 35 45 55 16 0 7 5 
10192750 10192756 1 0 0 -11 -16 0 -7 -13 -14 -57 5 53 52 25 20 15 10 13 33 35 45 55 16 7 6 5 
10411750 10412015 1 0 0 -1 -2 0 -1 -2 -9 -52 1 53 53 25 20 16 10 13 33 35 45 55 16 7 7 5 
10597250 10597399 1 0 0 -16 -11 0 -13 -6 -20 -63 -6 54 54 25 20 16 10 13 33 35 45 55 16 7 7 5 
10724250 10724273 1 0 0 -27 -29 0 -29 -30 -36 -79 0 54 54 25 20 16 10 14 34 35 45 55 16 7 7 5 
10825250 10825307 1 0 0 1 -4 0 7 2 0 -43 6 56 56 25 20 16 10 14 34 35 45 55 16 7 7 5 
10998750 10998916 1 0 0 0 -2 0 4 1 -3 -46 4 54 56 25 20 16 10 14 34 35 45 55 16 7 6 5 
11055750 11055956 1 0 0 -3 5 0 -2 11 -10 -53 -12 55 54 25 20 16 10 14 34 35 45 55 16 7 6 5 
11293250 11293457 1 0 0 -3 12 0 2 16 -7 -50 -14 55 55 25 20 16 10 14 34 35 45 55 16 7 7 5 
11385750 11386287 1 -1 1 -51 -65 -50 -49 -63 -57 -100 13 55 52 25 20 16 10 12 32 35 45 55 16 4 6 5 
11399750 11399977 1 2 1 -142 -134 -141 -149 -139 -156 -199 -11 66 69 25 20 16 10 12 32 35 45 55 16 4 2 5 
11426250 11426393 1 -3 1 -48 -69 -48 -42 -62 -51 -94 20 55 53 25 20 16 10 12 32 35 45 55 16 4 6 5 
11499250 11499351 1 0 0 2 15 0 2 12 -5 -48 -10 53 53 25 20 16 10 13 33 35 45 55 16 6 7 5 
11625750 11625884 1 0 0 -7 6 0 -4 9 -12 -55 -12 54 54 25 20 16 10 13 33 35 45 55 16 7 7 5 
11690250 11690449 1 -1 1 -55 -38 -51 -54 -37 -62 -105 -17 54 55 25 20 16 10 13 33 35 45 55 16 7 7 5 
11748250 11748385 1 2 1 -93 -135 -93 -90 -132 -97 -140 43 55 54 25 20 16 10 14 34 35 45 55 16 7 7 5 
11759750 11759979 1 -3 1 -48 -86 -48 -43 -81 -50 -93 38 55 52 25 20 16 10 14 34 35 45 55 16 5 6 5 
11768750 11768957 1 -1 1 -51 -81 -51 -52 -82 -60 -103 31 61 61 25 20 16 10 14 34 35 45 55 16 7 6 5 
11781250 11781412 1 2 1 -99 -116 -101 -95 -114 -101 -144 18 62 62 25 20 16 10 14 34 35 45 55 16 6 6 5 
11796750 11799246 1 -3 1 -47 -60 -49 -11 -3 -19 -62 -8 58 53 25 20 16 10 14 34 35 45 55 16 0 6 5 
11858250 11858254 1 0 0 5 26 0 6 26 -3 -46 -22 54 54 25 20 16 10 14 34 35 45 55 16 7 7 5 
11984250 11984358 1 0 0 -3 20 0 -2 21 -10 -53 -23 55 55 25 20 16 10 14 34 35 45 55 16 7 7 5 
12031750 12031975 1 0 0 5 31 0 10 35 4 -39 -23 54 53 25 20 16 10 14 34 35 45 55 16 7 7 5 
12088250 12088364 1 -1 1 -46 -32 -51 -44 -31 -49 -94 -12 56 58 25 20 16 10 14 34 35 45 55 16 7 7 5 
12096750 12096838 1 2 1 -80 -68 -85 -78 -66 -83 -128 -12 57 57 25 20 16 10 14 34 35 45 55 16 6 7 5 
12109250 12109458 1 -3 1 -44 -30 -49 -41 -26 -45 -90 -14 56 57 25 20 16 10 14 34 35 45 55 16 7 6 5 
12150750 12151003 1 0 0 4 24 0 8 28 1 -42 -19 55 55 25 20 16 10 14 34 35 45 55 16 7 7 5 
12237250 12237441 1 0 0 4 27 0 10 33 3 -40 -23 57 56 25 20 16 10 14 34 35 45 55 16 7 7 5 
12349750 12349971 1 0 0 11 29 0 13 31 7 -36 -18 55 55 25 20 16 10 14 34 35 45 55 16 6 7 5 
12581250 12581306 1 0 0 5 20 0 8 23 3 -40 -13 55 55 25 20 16 10 14 34 35 45 55 16 7 7 5 
12595250 12595329 1 0 0 39 50 0 42 55 34 -9 -12 59 52 25 20 16 10 14 34 35 45 55 16 8 7 5 
12646750 12647013 1 0 0 54 77 0 57 83 49 6 -26 50 50 25 20 16 10 14 34 35 45 55 16 6 6 5 
12746750 12746812 1 -1 1 0 23 -51 2 24 -5 -48 -22 51 50 25 20 15 10 14 34 35 45 55 16 6 6 5 
12787750 12787778 1 2 1 -52 -53 -102 -49 -49 -56 -99 -2 58 60 25 20 15 10 14 34 35 45 55 16 7 4 5 
12826250 12826339 1 -3 1 1 12 -48 3 17 -5 -48 -15 52 54 25 20 15 10 14 34 35 45 55 16 5 7 5 
12879250 12879456 1 0 0 48 72 0 50 73 42 -1 -24 50 48 25 20 15 10 14 34 35 45 55 16 6 6 5 
12985750 12985797 1 -1 1 -7 16 -50 -3 19 -10 -53 -21 53 53 25 20 15 10 15 35 35 45 55 16 6 7 5 
13006750 13006812 1 2 1 -42 -19 -85 -40 -18 -49 -92 -24 55 56 25 20 15 10 15 35 35 45 55 16 7 7 5 
13024250 13024523 1 -3 1 -6 13 -49 -3 20 -10 -53 -23 52 54 25 20 15 10 15 35 35 45 55 16 5 5 5 
13152250 13152366 1 0 0 38 61 0 40 63 32 -11 -23 51 52 25 20 15 10 15 35 35 45 55 16 6 6 5 
13251250 13251344 1 -1 1 2 30 -51 1 29 -7 -50 -30 58 55 25 20 15 10 15 35 35 45 55 16 6 6 5 
13349750 13349949 1 2 1 -99 -165 -167 -100 -168 -107 -150 69 56 54 25 20 14 10 16 36 35 45 55 16 2 2 5 
13365250 13365405 1 -3 1 28 45 -42 41 63 34 -9 -20 51 49 25 20 15 10 16 36 35 45 55 16 6 6 5 
13382750 13382958 1 0 0 73 88 0 77 90 69 26 -14 50 50 25 20 15 10 16 36 35 45 55 16 6 6 5 
13527250 13527309 1 0 0 104 114 0 106 117 98 55 -12 50 50 25 20 16 10 16 36 35 45 55 16 6 6 5 
13650750 13650928 1 0 0 57 64 0 58 68 52 9 -10 51 52 25 20 16 10 15 35 35 45 55 16 6 6 5 
13817750 13817909 1 -1 1 -17 -37 -53 -12 -41 -20 -63 28 52 51 25 20 16 10 15 35 35 45 55 16 6 6 5 
13826750 13827004 1 2 1 -70 -87 -104 -72 -86 -78 -121 14 53 54 25 20 16 10 15 35 35 45 55 16 7 7 5 
13842250 13842403 1 -3 1 -10 6 -42 -4 9 -12 -55 -14 53 52 25 20 16 10 15 35 35 45 55 16 6 6 5 
13886250 13886518 1 0 0 27 39 0 31 43 22 -21 -14 52 51 25 20 16 10 15 35 35 45 55 16 6 6 5 
13957750 13957949 1 0 0 27 39 0 28 42 19 -24 -14 54 53 25 20 15 10 15 35 35 45 55 16 7 7 5 
14255750 14255845 1 0 0 22 28 0 27 34 18 -25 -9 53 53 25 20 15 10 14 34 35 45 55 16 6 7 5 
14343750 14344008 1 -1 1 -32 -26 -51 -27 -21 -34 -77 -6 54 55 25 20 17 10 13 33 35 45 55 16 7 7 5 
14375250 14375279 1 2 1 -175 -226 -192 -183 -241 -192 -235 57 58 61 25 20 18 10 11 31 35 45 55 16 4 5 5 
14439750 14444583 1 -3 1 -31 -64 -46 52 68 46 3 -14 50 48 25 20 15 10 14 34 35 45 55 16 0 5 5 
14470250 14470278 1 0 0 14 15 0 16 15 7 -36 1 55 52 25 20 15 10 16 36 35 45 55 16 7 7 5 
14785250 14785478 1 0 0 15 4 0 18 8 10 -33 9 54 52 25 20 15 10 17 37 35 45 55 16 6 7 5 
14896750 14896806 1 0 0 16 12 0 16 13 8 -35 3 57 58 25 20 15 10 16 36 35 45 55 16 7 7 5 
15239750 15239893 1 0 0 7 17 0 12 21 5 -38 -9 57 57 25 20 15 10 16 36 35 45 55 16 6 7 5 
15361750 15361973 1 0 0 -2 2 0 1 4 -8 -51 -5 57 57 25 20 15 10 16 36 35 45 55 16 7 7 5 
15533250 15533454 1 0 0 -1 5 0 4 8 -4 -47 -3 60 59 25 20 15 10 16 36 35 45 55 16 8 8 5 
15839250 15839256 1 0 0 -2 0 0 0 3 -9 -52 -4 55 55 25 20 15 10 15 35 35 45 55 16 7 7 5 
16230750 16230843 1 0 0 9 20 0 9 21 2 -41 -11 53 52 25 20 15 10 15 35 35 45 55 16 7 6 5 
16501750 16501920 1 0 0 19 31 0 20 33 15 -28 -11 52 54 25 20 15 10 16 36 35 45 55 16 7 7 5 
16635750 16635772 1 0 0 11 20 0 15 24 6 -37 -9 56 59 25 20 15 10 16 36 35 45 55 16 7 7 5 
16655750 16655926 1 0 0 20 21 0 24 24 17 -26 0 58 63 25 20 15 10 16 36 35 45 55 16 7 8 5 
16671750 16671873 1 0 0 45 62 0 51 66 44 1 -13 51 52 25 20 15 10 16 36 35 45 55 16 6 6 5 
16752250 16752421 1 0 0 56 74 0 55 76 48 5 -21 50 48 25 20 15 10 16 36 35 45 55 16 6 6 5 
16766250 16766296 1 0 0 12 33 0 15 36 9 -34 -20 59 60 25 20 14 10 16 36 35 45 55 16 6 7 5 
16789750 16789831 1 0 0 26 44 0 26 43 18 -25 -17 54 52 25 20 14 10 16 36 35 45 55 16 7 6 5 
16805750 16805980 1 0 0 18 27 0 9 18 2 -41 -8 57 55 25 20 15 10 16 36 35 45 55 16 6 6 5 
16815750 16815906 1 0 0 26 33 0 29 37 24 -19 -7 55 56 25 20 15 10 16 36 35 45 55 16 7 6 5 
16906750 16907000 1 0 0 10 10 0 10 9 1 -42 0 57 58 25 20 15 10 16 36 35 45 55 16 7 7 5 
17030750 17030889 1 0 0 10 13 0 14 16 7 -36 -1 53 52 25 20 15 10 16 36 35 45 55 16 7 7 5 
17122250 17122457 1 0 0 1 5 0 4 8 -5 -48 -6 54 55 25 20 15 10 16 36 35 45 55 16 7 7 5 
17139250 17139510 1 0 0 -6 14 0 -4 17 -12 -55 -21 57 56 25 20 15 10 16 36 35 45 55 16 7 7 5 
17201250 17201317 1 0 0 -7 8 0 -2 11 -9 -52 -12 56 55 25 20 15 10 16 36 35 45 55 16 7 7 5 
17218250 17218517 1 0 0 3 14 0 11 22 3 -40 -12 54 54 25 20 15 10 16 36 35 45 55 16 7 6 5 
17275250 17275256 1 0 0 -3 9 0 -2 8 -8 -51 -9 54 55 25 20 15 10 15 35 35 45 55 16 7 7 5 
17680250 17680310 1 0 0 -11 11 0 -10 15 -19 -62 -25 53 53 25 20 14 10 15 35 35 45 55 16 7 7 5 
17902250 17902471 1 0 0 2 18 0 3 21 -3 -46 -17 57 58 25 20 14 10 15 35 35 45 55 16 7 7 5 
18113250 18113286 1 0 0 -5 7 0 -1 10 -8 -51 -12 56 59 25 20 13 10 16 36 35 45 55 16 7 7 5 
18284250 18284455 1 0 0 -6 9 0 1 16 -7 -50 -15 55 54 25 20 15 10 15 35 35 45 55 16 7 7 5 
18355250 18355315 1 0 0 -9 -3 0 -5 0 -13 -56 -6 55 55 25 20 15 10 15 35 35 45 55 16 7 7 5 
18451750 18451798 1 0 0 -8 -2 0 -6 0 -15 -58 -7 53 53 25 20 15 10 15 35 35 45 55 16 7 7 5 
18753750 18753824 1 0 0 -5 11 0 -5 9 -13 -56 -15 56 59 25 20 15 10 15 35 35 45 55 16 7 7 5 
18985250 18985359 1 0 0 -2 12 0 0 14 -8 -51 -14 57 57 25 20 14 10 15 35 35 45 55 16 7 7 5 
19084750 19084781 1 0 0 0 24 0 1 26 -6 -49 -25 58 57 25 20 14 10 15 35 35 45 55 16 8 7 5 
19183250 19183294 1 0 0 5 29 0 7 30 -1 -44 -23 58 57 25 20 14 10 15 35 35 45 55 16 7 7 5 
19237250 19237423 1 0 0 2 36 0 6 40 -1 -44 -34 63 64 25 20 14 10 15 35 35 45 55 16 8 8 5 
19528250 19528331 1 0 0 -15 -9 0 -12 -5 -20 -63 -7 56 55 25 20 14 10 16 36 35 45 55 16 7 6 5 
19559250 19559438 1 0 0 -1 0 0 -2 -1 -11 -54 -2 59 61 25 20 14 10 16 36 35 45 55 16 7 7 5 
19595750 19595921 1 0 0 1 8 0 1 11 -9 -52 -11 58 57 25 20 14 10 16 36 35 45 55 16 7 7 5 
19730750 19730961 1 0 0 0 17 0 1 17 -6 -49 -16 63 63 25 20 14 10 16 36 35 45 55 16 8 8 5 
19885250 19885320 1 0 0 13 29 0 17 34 10 -33 -17 76 77 25 20 14 10 16 36 35 45 55 16 9 10 5 
20009250 20009258 1 0 0 -4 17 0 -1 22 -9 -52 -24 71 71 25 20 14 10 16 36 35 45 55 16 8 9 5 
20156250 20156288 1 0 0 13 40 0 12 44 4 -39 -33 76 75 25 20 15 10 15 35 35 45 55 16 10 8 5 
20265750 20265770 1 0 0 11 19 0 16 24 8 -35 -9 73 73 25 20 15 10 14 34 35 45 55 16 9 8 5 
20362250 20362273 1 0 0 3 13 0 1 10 -8 -51 -9 73 73 25 20 15 10 14 34 35 45 55 16 9 9 5 
20551750 20551921 1 0 0 19 24 0 23 27 17 -26 -3 70 68 25 20 15 10 14 34 35 45 55 16 9 9 5 
20643750 20643846 1 0 0 14 34 0 19 40 11 -32 -21 77 77 25 20 15 10 14 34 35 45 55 16 10 9 5 
20729250 20729380 1 0 0 -1 -19 0 3 -18 -3 -46 23 69 71 25 20 15 10 15 35 35 45 55 16 9 9 5 
20957750 20957833 1 0 0 -4 8 0 -1 11 -8 -51 -12 71 70 25 20 15 10 15 35 35 45 55 16 9 9 5 
21211750 21211805 1 0 0 18 21 0 25 26 18 -25 -2 76 75 25 20 15 10 16 36 35 45 55 16 9 10 5 
21351750 21351883 1 0 0 7 18 0 15 24 7 -36 -9 72 73 25 20 15 10 16 36 35 45 55 16 8 9 5 
