36000 36175 0 0 0 -27 -31 0 -51 -50 -37 -62 -9 62 59 25 20 17 10 11 31 35 45 55 16 8 7 5 
42000 42080 0 13 0 80 56 37 86 58 96 71 21 68 67 25 20 17 10 11 31 35 45 55 16 6 9 5 
45000 45129 0 0 0 79 53 0 72 45 84 59 21 66 62 25 20 17 10 11 31 35 45 55 16 9 8 5 
77500 77998 0 0 0 61 39 0 43 25 58 33 17 71 68 25 20 17 10 11 31 35 45 55 16 5 7 5 
97000 97059 0 0 0 104 65 0 89 53 100 75 25 73 71 25 20 17 10 11 31 35 45 55 16 10 9 5 
112000 112192 0 0 0 119 61 0 116 54 128 103 54 69 74 25 20 17 10 11 31 35 45 55 16 9 9 5 
183500 183637 0 0 0 137 80 0 131 72 141 116 50 68 68 25 20 17 10 11 31 35 45 55 16 8 7 5 
304000 304013 0 0 0 145 74 0 136 66 145 120 61 70 69 25 20 17 10 11 31 35 45 55 16 8 8 5 
344000 344072 0 0 0 106 55 0 94 44 108 83 46 67 68 25 20 17 10 11 31 35 45 55 16 8 9 5 
459500 459506 0 0 0 134 79 0 121 64 124 99 39 67 66 25 20 17 10 10 30 35 45 55 16 8 8 5 
518500 518531 0 0 0 132 81 0 124 78 129 104 31 70 70 25 20 17 10 10 30 35 45 55 16 9 9 5 
552000 552117 0 0 0 108 53 0 97 43 104 79 40 65 62 25 20 17 10 10 30 35 45 55 16 8 8 5 
582000 582024 0 0 0 129 77 0 126 71 132 107 37 68 67 25 20 17 10 10 30 35 45 55 16 9 9 5 
592500 592865 0 13 0 112 59 52 102 43 110 85 41 73 72 25 20 16 10 10 30 35 45 55 16 8 8 5 
602000 602163 0 0 0 -2 -1 0 -11 -8 0 -25 -17 64 61 25 20 16 10 10 30 35 45 55 16 6 6 5 
729500 729632 0 0 -1 0 0 0 0 0 0 -18 0 60 58 25 20 16 10 10 30 35 45 55 16 4 7 5 
868000 868082 0 0 0 -6 -4 0 -24 -18 -14 -39 -26 58 57 25 20 16 10 10 30 35 45 55 16 5 7 5 
1165500 1165587 0 0 0 4 9 0 5 1 19 -6 -11 57 58 25 20 17 10 10 30 35 45 55 16 7 7 5 
1477500 1477713 0 0 0 13 -1 0 9 -4 20 -5 -5 57 60 25 20 17 10 10 30 35 45 55 16 7 7 5 
1641000 1641150 0 0 0 -5 -3 0 -12 -10 3 -22 -12 60 55 25 20 17 10 10 30 35 45 55 16 8 7 5 
1646500 1646577 0 13 0 116 86 23 116 87 127 102 21 71 75 25 20 17 10 10 30 35 45 55 16 5 9 5 
1649000 1649038 0 0 0 139 92 0 134 85 145 120 43 71 71 25 20 17 10 10 30 35 45 55 16 9 9 5 
1653500 1653666 0 0 0 112 73 0 96 60 108 83 28 67 68 25 20 17 10 10 30 35 45 55 16 8 8 5 
1656000 1656126 0 13 0 110 77 22 104 73 119 94 25 68 65 25 20 17 10 10 30 35 45 55 16 8 9 5 
1664000 1664141 0 0 0 12 10 0 1 1 17 -8 -10 58 64 25 20 17 10 10 30 35 45 55 16 7 6 5 
1697500 1697695 0 0 0 4 1 0 -6 -9 7 -18 -8 63 61 25 20 17 10 10 30 35 45 55 16 8 8 5 
1735500 1735655 0 0 0 143 91 0 143 89 155 130 52 73 75 25 20 17 10 10 30 35 45 55 16 8 9 5 
1747500 1747503 0 0 0 41 20 0 26 4 41 16 16 61 61 25 20 17 10 10 30 35 45 55 16 7 7 5 
1758000 1758007 0 0 0 19 6 0 16 -1 31 6 8 57 59 25 20 17 10 10 30 35 45 55 16 7 7 5 
1894000 1894099 0 0 0 -3 -11 0 -16 -21 -2 -27 -13 58 60 25 20 17 10 10 30 35 45 55 16 7 7 5 
2029000 2029067 0 0 0 -7 4 0 -16 -5 3 -22 -24 62 58 25 20 17 10 9 29 35 45 55 16 8 7 5 
2046500 2046585 0 13 0 41 20 -36 34 15 43 18 4 63 61 25 20 16 10 10 30 35 45 55 16 5 8 5 
2056000 2056056 0 0 0 122 81 0 108 69 118 93 31 71 75 25 20 16 10 11 31 35 45 55 16 9 9 5 
2101000 2101145 0 0 0 147 110 0 136 98 154 129 38 69 67 25 20 17 10 11 31 35 45 55 16 8 5 5 
2108500 2108809 0 13 0 89 56 -8 81 52 94 69 28 72 77 25 20 17 10 11 31 35 45 55 16 7 7 5 
2121000 2121003 0 0 0 16 12 0 -6 -6 10 -15 -10 61 57 25 20 17 10 10 30 35 45 55 16 4 6 5 
2152500 2152744 0 0 0 -3 -12 0 -25 -32 -12 -37 -5 58 54 25 20 17 10 10 30 35 45 55 16 6 5 5 
2187000 2187090 0 0 0 4 -6 0 -6 -20 13 -12 6 64 65 25 20 17 10 10 30 35 45 55 16 4 8 5 
2239500 2239542 0 0 0 1 3 0 -8 -6 6 -19 -13 60 61 25 20 17 10 10 30 35 45 55 16 5 4 5 
2304000 2304513 0 0 0 -3 -9 0 -14 -15 7 -18 -6 57 58 25 20 17 10 10 30 35 45 55 16 6 5 5 
2374000 2374062 0 -1 1 -52 -23 -61 -62 -29 -47 -72 -42 61 61 25 20 17 10 10 30 35 45 55 16 7 6 5 
2384500 2384525 0 2 1 -141 -111 -151 -154 -117 -135 -160 -44 59 60 25 20 17 10 10 30 35 45 55 16 4 4 5 
2388500 2389208 0 -3 1 -37 -49 -47 -14 -32 0 -25 10 57 55 25 20 17 10 10 30 35 45 55 16 4 7 5 
2451500 2451747 0 0 0 20 7 0 12 -2 28 3 5 60 59 25 20 17 10 10 30 35 45 55 16 5 7 5 
2721000 2721012 0 -1 1 -7 16 -52 -9 12 3 -22 -35 61 62 25 20 17 10 10 30 35 45 55 16 8 8 5 
2756500 2756709 0 2 1 -144 -129 -192 -170 -153 -159 -184 -41 60 60 25 20 16 10 10 30 35 45 55 16 5 3 5 
2762000 2762318 0 -3 1 0 -11 -49 -6 -14 2 -23 -12 57 58 25 20 16 10 10 30 35 45 55 16 3 5 5 
2793000 2795326 0 0 0 52 11 0 46 4 55 30 19 55 58 25 20 16 10 10 30 35 45 55 16 0 4 5 
2843500 2844157 0 0 0 19 13 0 4 -4 12 -13 -13 59 60 25 20 16 10 10 30 35 45 55 16 3 7 5 
2913000 2913114 0 -1 1 -40 -13 -58 -40 -15 -23 -48 -37 63 62 25 20 17 10 10 30 35 45 55 16 8 8 5 
2930500 2930723 0 2 1 -119 -69 -137 -127 -79 -103 -128 -55 62 61 25 20 17 10 10 30 35 45 55 16 4 7 5 
2949000 2949699 0 -3 1 -26 -35 -43 -18 -38 -13 -38 1 62 62 25 20 17 10 10 30 35 45 55 16 2 6 5 
2956000 2956156 0 0 0 17 -5 0 2 -18 7 -18 -12 59 58 25 20 17 10 10 30 35 45 55 16 4 3 5 
3027000 3027215 0 0 0 16 10 0 19 7 32 7 -3 63 66 25 20 17 10 10 30 35 45 55 16 6 8 5 
3060000 3060095 0 -1 1 -43 -25 -50 -54 -33 -42 -67 -42 63 64 25 20 17 10 10 30 35 45 55 16 5 8 5 
3085500 3085687 0 2 1 -155 -124 -156 -170 -137 -152 -177 -50 63 64 25 20 17 10 10 30 35 45 55 16 8 8 5 
3098000 3098191 0 -3 1 -45 -48 -43 -54 -59 -38 -63 -8 64 64 25 20 17 10 10 30 35 45 55 16 7 7 5 
3150000 3150032 0 0 0 -17 -15 0 -24 -23 -10 -35 -18 62 61 25 20 17 10 10 30 35 45 55 16 8 7 5 
3236500 3236652 0 -1 1 -65 -37 -51 -75 -46 -57 -82 -40 63 65 25 20 17 10 10 30 35 45 55 16 6 6 5 
3268000 3268184 0 2 1 -214 -185 -201 -228 -199 -214 -239 -60 60 59 25 20 17 10 10 30 35 45 55 16 7 7 5 
3274000 3274030 0 -3 1 -59 -62 -46 -65 -67 -53 -78 -24 59 59 25 20 17 10 10 30 35 45 55 16 7 7 5 
3300000 3300050 0 0 0 -12 -24 0 -20 -31 -9 -34 -27 59 55 25 20 17 10 9 29 35 45 55 16 8 7 5 
3392000 3392136 0 0 0 -24 -25 0 -22 -25 -11 -36 -28 59 58 25 20 17 10 9 29 35 45 55 16 8 7 5 
3427000 3427183 0 -1 1 -84 -49 -61 -101 -62 -85 -110 -64 63 63 25 20 17 10 9 29 35 45 55 16 7 8 5 
3445500 3445747 0 2 1 -168 -108 -145 -183 -117 -163 -188 -96 60 59 25 20 17 10 9 29 35 45 55 16 6 8 5 
3457500 3457584 0 -3 1 -66 -70 -43 -65 -69 -60 -85 -37 59 59 25 20 17 10 9 29 35 45 55 16 7 6 5 
3628000 3628233 0 0 0 -20 -26 0 -30 -37 -23 -48 -27 59 63 25 20 17 10 9 29 35 45 55 16 8 7 5 
3741500 3741502 0 0 0 -32 -18 0 -41 -28 -33 -58 -46 62 61 25 20 17 10 9 29 35 45 55 16 8 7 5 
3862500 3862929 0 0 0 -13 -16 0 -26 -30 -15 -40 -18 58 55 25 20 17 10 10 30 35 45 55 16 5 6 5 
4043000 4043043 0 -1 1 -67 -34 -54 -83 -45 -68 -93 -39 63 63 25 20 17 10 12 32 35 45 55 16 8 8 5 
4056500 4056538 0 2 1 -184 -98 -170 -193 -103 -173 -198 -90 60 59 25 20 17 10 12 32 35 45 55 16 8 7 5 
4082000 4082120 0 -3 1 -56 -63 -41 -61 -67 -42 -67 5 59 61 25 20 17 10 12 32 35 45 55 16 7 6 5 
4310500 4310684 0 -1 1 -70 -63 -55 -79 -71 -63 -88 -22 65 64 25 20 17 10 10 30 35 45 55 16 8 7 5 
4327000 4327178 0 2 1 -187 -125 -172 -203 -134 -182 -207 -90 62 62 25 20 17 10 10 30 35 45 55 16 8 8 5 
4357000 4357560 0 -3 1 -64 -60 -49 -60 -60 -53 -78 -33 61 60 25 20 16 10 9 29 35 45 55 16 3 5 5 
4394000 4394128 0 0 0 -15 -12 0 -39 -30 -31 -56 -40 62 62 25 20 16 10 9 29 35 45 55 16 6 5 5 
4477500 4477571 0 0 0 -20 -10 0 -23 -11 -15 -40 -42 62 60 25 20 16 10 9 29 35 45 55 16 4 8 5 
4582500 4582715 0 -1 1 -73 -53 -52 -87 -62 -78 -103 -57 61 60 25 20 16 10 9 29 35 45 55 16 8 7 5 
4615000 4615049 0 2 1 -225 -143 -203 -250 -166 -228 -253 -131 62 62 25 20 16 10 9 29 35 45 55 16 8 8 5 
4637500 4637734 0 -3 1 -67 -55 -45 -74 -67 -65 -90 -34 62 64 25 20 16 10 9 29 35 45 55 16 6 6 5 
4839500 4839569 0 -1 1 -77 -61 -53 -90 -79 -72 -97 -33 65 64 25 20 16 10 9 29 35 45 55 16 8 8 5 
4857500 4857668 0 2 1 -172 -118 -147 -181 -129 -158 -183 -86 62 61 25 20 16 10 9 29 35 45 55 16 8 8 5 
4876500 4876627 0 -3 1 -70 -55 -46 -84 -67 -70 -95 -34 62 64 25 20 16 10 9 29 35 45 55 16 8 8 5 
4895500 4895601 0 0 0 -25 -34 0 -36 -45 -35 -60 -33 60 61 25 20 16 10 9 29 35 45 55 16 6 7 5 
4970500 4970596 0 0 0 -13 -6 0 -24 -23 -16 -41 -35 60 59 25 20 17 10 9 29 35 45 55 16 4 7 5 
5071500 5071602 0 -1 1 -69 -60 -58 -85 -75 -70 -95 -35 64 63 25 20 17 10 9 29 35 45 55 16 8 8 5 
5098500 5098520 0 2 1 -190 -126 -179 -207 -141 -179 -204 -87 62 60 25 20 17 10 9 29 35 45 55 16 8 8 5 
5132000 5132263 0 -3 1 -57 -39 -46 -60 -46 -49 -74 -56 61 63 25 20 17 10 8 28 35 45 55 16 6 5 5 
5194500 5194708 0 0 0 -10 -5 0 -18 -13 -8 -33 -44 61 63 25 20 17 10 8 28 35 45 55 16 7 8 5 
5330000 5330125 0 -1 1 -50 -50 -51 -51 -53 -38 -63 -34 65 66 25 20 17 10 8 28 35 45 55 16 8 8 5 
5354500 5354670 0 2 1 -147 -115 -149 -157 -123 -134 -159 -71 64 64 25 20 17 10 8 28 35 45 55 16 8 8 5 
5368500 5368627 0 -3 1 -43 -44 -46 -52 -53 -34 -59 -14 63 64 25 20 17 10 9 29 35 45 55 16 8 8 5 
5512000 5512097 0 0 0 14 -3 0 10 -9 13 -12 -17 60 60 25 20 17 10 9 29 35 45 55 16 7 8 5 
5574000 5574083 0 -1 1 -38 -26 -52 -53 -38 -33 -58 -40 65 73 25 20 17 10 9 29 35 45 55 16 8 8 5 
5589500 5589533 0 2 1 -130 -81 -144 -145 -92 -125 -150 -74 62 60 25 20 17 10 9 29 35 45 55 16 8 8 5 
5597000 5597083 0 -3 1 -31 -31 -45 -33 -37 -19 -44 -9 65 71 25 20 17 10 9 29 35 45 55 16 8 8 5 
5733000 5733014 0 0 0 14 -2 0 2 -13 10 -15 -7 61 60 25 20 17 10 10 30 35 45 55 16 8 6 5 
5981500 5981523 0 -1 1 -29 -2 -53 -46 -18 -28 -53 -40 67 68 25 20 17 10 10 30 35 45 55 16 9 8 5 
6001500 6001708 0 2 1 -134 -71 -158 -147 -82 -128 -153 -90 62 60 25 20 17 10 9 29 35 45 55 16 7 7 5 
6005500 6006088 0 -3 1 -22 -23 -47 -18 -25 -8 -33 -14 63 64 25 20 17 10 9 29 35 45 55 16 4 4 5 
6135000 6135224 0 0 0 29 17 0 24 10 36 11 -6 65 65 25 20 17 10 9 29 35 45 55 16 8 8 5 
6206500 6206599 0 -1 1 -14 5 -52 -30 -9 -16 -41 -47 69 68 25 20 17 10 9 29 35 45 55 16 9 9 5 
6241000 6241125 0 2 1 -108 -87 -151 -125 -103 -110 -135 -43 69 71 25 20 17 10 9 29 35 45 55 16 6 7 5 
6258000 6258112 0 -3 1 -1 -21 -46 5 -19 15 -10 5 65 65 25 20 17 10 9 29 35 45 55 16 8 8 5 
6309500 6309617 0 0 0 52 41 0 46 36 60 35 1 66 68 25 20 17 10 10 30 35 45 55 16 8 8 5 
6345000 6345130 0 0 0 -1 -2 0 -4 -6 10 -15 -6 65 63 25 20 17 10 10 30 35 45 55 16 8 8 5 
6386000 6386257 0 0 0 -5 -3 0 -10 -11 2 -23 -17 61 61 25 20 17 10 10 30 35 45 55 16 4 8 5 
6425500 6425740 0 0 0 15 9 0 3 0 14 -11 -10 62 62 25 20 17 10 10 30 35 45 55 16 8 8 5 
6460000 6460111 0 -1 1 -33 -2 -50 -55 -18 -37 -62 -49 63 62 25 20 17 10 10 30 35 45 55 16 8 8 5 
6488000 6488193 0 2 1 -83 -40 -102 -96 -52 -73 -98 -50 64 66 25 20 17 10 10 30 35 45 55 16 8 8 5 
6500000 6500005 0 -3 1 -29 -31 -49 -32 -37 -20 -45 -5 64 66 25 20 17 10 10 30 35 45 55 16 6 8 5 
6564500 6564515 0 0 0 24 15 0 18 7 29 4 -7 60 59 25 20 17 10 10 30 35 45 55 16 7 6 5 
6649500 6649926 0 0 0 -2 -1 0 -13 -12 -1 -26 -21 60 59 25 20 17 10 10 30 35 45 55 16 6 7 5 
6696000 6696142 0 -1 1 -52 -12 -50 -61 -21 -43 -68 -54 62 60 25 20 17 10 10 30 35 45 55 16 8 8 5 
6707500 6707569 0 2 1 -127 -81 -125 -140 -93 -122 -147 -59 63 59 25 20 17 10 10 30 35 45 55 16 8 7 5 
6721500 6721727 0 -3 1 -47 -39 -45 -48 -38 -30 -55 -21 62 63 25 20 17 10 10 30 35 45 55 16 8 6 5 
6894500 6894588 0 -1 1 -55 -12 -53 -59 -20 -40 -65 -57 65 64 25 20 17 10 10 30 35 45 55 16 8 8 5 
6899500 6899624 0 2 1 -111 -56 -109 -127 -69 -105 -130 -67 63 63 25 20 17 10 10 30 35 45 55 16 8 8 5 
6913000 6913009 0 -3 1 -51 -44 -48 -59 -54 -49 -74 -24 61 65 25 20 17 10 10 30 35 45 55 16 8 7 5 
7001000 7001021 0 0 0 -2 3 0 -13 -11 -1 -26 -17 62 62 25 20 17 10 10 30 35 45 55 16 8 8 5 
7017500 7017663 0 0 0 -23 -25 0 -35 -35 -22 -47 -24 58 58 25 20 17 10 10 30 35 45 55 16 7 6 5 
7053500 7053636 0 0 0 -21 -14 0 -30 -24 -20 -45 -27 60 61 25 20 17 10 10 30 35 45 55 16 8 8 5 
7071500 7071703 0 0 0 2 3 0 -7 -5 1 -24 -20 62 69 25 20 17 10 10 30 35 45 55 16 8 8 5 
7124000 7124102 0 -1 1 -50 -12 -50 -69 -25 -51 -76 -58 65 65 25 20 17 10 10 30 35 45 55 16 8 8 5 
7135500 7135509 0 2 1 -113 -76 -113 -127 -85 -107 -132 -53 64 64 25 20 17 10 10 30 35 45 55 16 7 4 5 
7154000 7154244 0 -3 1 -46 -41 -46 -52 -54 -40 -65 -19 59 55 25 20 17 10 10 30 35 45 55 16 3 6 5 
7218000 7218164 0 0 0 -1 5 0 1 5 13 -12 -19 63 64 25 20 17 10 10 30 35 45 55 16 8 8 5 
7231500 7231629 0 0 0 -20 -9 0 -27 -15 -12 -37 -27 62 69 25 20 17 10 10 30 35 45 55 16 8 8 5 
7254000 7254057 0 0 0 -29 -37 0 -34 -46 -25 -50 -6 61 57 25 20 17 10 10 30 35 45 55 16 8 7 5 
7274500 7274686 0 0 0 -11 -1 0 -20 -12 -8 -33 -27 61 64 25 20 17 10 10 30 35 45 55 16 8 7 5 
7414500 7414693 0 0 0 -2 -9 0 -18 -19 -7 -32 -8 55 57 25 20 17 10 10 30 35 45 55 16 7 7 5 
7597500 7597547 0 0 0 -1 -2 0 -11 -8 1 -24 -21 58 56 25 20 17 10 10 30 35 45 55 16 7 5 5 
8071500 8071690 0 -1 1 -43 -41 -58 -58 -56 -42 -67 -20 58 57 25 20 17 10 10 30 35 45 55 16 7 5 5 
8113500 8113714 0 2 1 -166 -91 -183 -179 -93 -156 -181 -110 60 59 25 20 17 10 10 30 35 45 55 16 7 8 5 
8151500 8151538 0 -3 1 -23 -29 -42 -25 -33 -13 -38 -12 58 58 25 20 17 10 10 30 35 45 55 16 7 7 5 
8411500 8411512 0 0 0 27 15 0 15 3 21 -4 -5 52 52 25 20 17 10 10 30 35 45 55 16 4 6 5 
8539000 8539261 0 -1 1 -18 -35 -54 -36 -52 -27 -52 0 55 54 25 20 17 10 10 30 35 45 55 16 5 7 5 
8554000 8554187 0 2 1 -75 -54 -112 -89 -67 -71 -96 -35 56 57 25 20 17 10 10 30 35 45 55 16 6 6 5 
8582000 8583402 0 -3 1 -7 -23 -47 22 6 31 6 0 54 52 25 20 17 10 10 30 35 45 55 16 0 6 5 
8645500 8645609 0 0 0 44 23 0 45 18 54 29 14 51 53 25 20 17 10 10 30 35 45 55 16 6 6 5 
8702500 8702696 0 -1 1 -13 -18 -51 -31 -31 -21 -46 -16 53 55 25 20 17 10 10 30 35 45 55 16 7 6 5 
8735500 8735530 0 2 1 -80 -65 -114 -79 -68 -65 -90 -28 56 55 25 20 17 10 10 30 35 45 55 16 6 6 5 
8760000 8760384 0 -3 1 -16 -6 -47 -24 -11 -10 -35 -27 57 57 25 20 17 10 10 30 35 45 55 16 5 6 5 
8782500 8782939 0 0 0 29 18 0 29 12 37 12 2 53 54 25 20 17 10 10 30 35 45 55 16 4 7 5 
9030000 9030084 0 0 0 28 5 0 23 1 34 9 11 51 51 25 20 16 10 10 30 35 45 55 16 6 6 5 
9446500 9446660 0 0 0 36 25 0 14 8 32 7 0 50 51 25 20 17 10 11 31 35 45 55 16 6 6 5 
9776500 9776594 0 0 0 45 29 0 34 20 52 27 9 52 55 25 20 17 10 10 30 35 45 55 16 6 5 5 
9928500 9928551 0 -1 1 -4 -8 -51 -6 -14 5 -20 -7 54 53 25 20 16 10 10 30 35 45 55 16 6 7 5 
9934000 9934021 0 2 1 -50 -49 -96 -56 -60 -42 -67 -8 54 53 25 20 16 10 10 30 35 45 55 16 5 7 5 
9946500 9946550 0 -3 1 -1 6 -47 -17 -12 -4 -29 -16 52 51 25 20 16 10 10 30 35 45 55 16 7 6 5 
10114000 10114052 0 -1 1 -3 12 -51 -1 7 10 -15 -25 57 60 25 20 16 10 10 30 35 45 55 16 7 7 5 
10131000 10131155 0 2 1 -49 -34 -97 -50 -38 -38 -63 -30 54 54 25 20 16 10 10 30 35 45 55 16 6 5 5 
10140000 10140256 0 -3 1 1 -11 -48 -1 -21 5 -20 0 52 51 25 20 16 10 10 30 35 45 55 16 6 5 5 
10279000 10279070 0 -1 1 -2 -11 -52 -19 -29 -8 -33 -3 53 52 25 20 16 10 10 30 35 45 55 16 6 7 5 
10321500 10321564 0 2 1 -73 -37 -123 -92 -55 -77 -102 -54 59 62 25 20 16 10 10 30 35 45 55 16 7 8 5 
10327000 10327021 0 -3 1 4 5 -46 -5 -7 9 -16 -7 53 51 25 20 16 10 10 30 35 45 55 16 6 6 5 
10482000 10482086 0 -1 1 2 -5 -50 -6 -9 7 -18 -10 53 53 25 20 16 10 10 30 35 45 55 16 6 7 5 
10523000 10523129 0 2 1 -49 -46 -101 -54 -52 -39 -64 -15 54 57 25 20 16 10 10 30 35 45 55 16 6 6 5 
10528500 10528528 0 -3 1 5 -15 -47 2 -21 8 -17 0 52 53 25 20 16 10 10 30 35 45 55 16 5 6 5 
10972500 10972697 0 0 0 57 37 0 56 31 66 41 12 51 49 25 20 17 10 9 29 35 45 55 16 6 6 5 
11003500 11003522 0 -1 1 1 -12 -50 -3 -18 1 -24 -12 54 55 25 20 17 10 9 29 35 45 55 16 6 5 5 
11031500 11031516 0 2 1 -58 -42 -106 -79 -59 -67 -92 -44 54 54 25 20 17 10 9 29 35 45 55 16 3 7 5 
11035000 11035198 0 -3 1 -3 -7 -50 -9 -13 4 -21 -9 52 50 25 20 17 10 9 29 35 45 55 16 5 6 5 
11295000 11295068 0 0 0 6 -7 0 -5 -18 8 -17 -18 49 50 25 20 17 10 9 29 35 45 55 16 6 6 5 
11576500 11576690 0 0 0 60 44 0 54 39 68 43 5 50 50 25 20 17 10 10 30 35 45 55 16 6 6 5 
11841500 11841726 0 -1 1 5 -4 -51 1 -11 13 -12 5 53 52 25 20 17 10 11 31 35 45 55 16 5 6 5 
11854000 11854000 0 2 1 -39 -36 -95 -51 -48 -36 -61 -7 54 53 25 20 17 10 11 31 35 45 55 16 6 4 5 
11878500 11878709 0 -3 1 8 18 -48 -5 10 15 -10 -22 48 47 25 20 17 10 11 31 35 45 55 16 6 6 5 
12014500 12014689 0 -1 1 2 1 -53 -10 -8 -2 -27 -21 52 54 25 20 17 10 10 30 35 45 55 16 6 6 5 
12036500 12036578 0 2 1 -48 -34 -102 -50 -37 -38 -63 -25 55 54 25 20 17 10 10 30 35 45 55 16 7 6 5 
12046000 12046228 0 -3 1 12 14 -43 6 11 24 -1 -10 51 52 25 20 17 10 10 30 35 45 55 16 6 6 5 
12190000 12190221 0 -1 1 0 -4 -52 -11 -16 2 -23 -6 54 54 25 20 17 10 10 30 35 45 55 16 5 7 5 
12209000 12209092 0 2 1 -67 -28 -119 -87 -41 -68 -93 -67 58 58 25 20 17 10 10 30 35 45 55 16 7 7 5 
12238000 12238106 0 -3 1 5 12 -47 0 2 13 -12 -21 49 48 25 20 17 10 10 30 35 45 55 16 6 6 5 
12495000 12495198 0 0 0 49 38 0 43 34 59 34 5 50 46 25 20 17 10 11 31 35 45 55 16 6 6 5 
12611500 12611737 0 0 0 27 20 0 15 5 24 -1 -9 48 49 25 20 16 10 10 30 35 45 55 16 6 6 5 
14389000 14389048 0 0 0 23 -3 0 13 -13 23 -2 12 54 52 25 20 16 10 10 30 35 45 55 16 6 6 5 
14640500 14640521 0 0 0 49 27 0 36 11 52 27 16 50 51 25 20 16 10 11 31 35 45 55 16 6 6 5 
15056500 15056761 0 0 0 34 23 0 35 13 44 19 6 51 52 25 20 17 10 10 30 35 45 55 16 6 6 5 
16721500 16721561 0 0 0 38 22 0 26 12 36 11 -10 51 49 25 20 17 10 10 30 35 45 55 16 6 6 5 
17362500 17362760 0 0 0 76 34 0 66 22 73 48 29 50 47 25 20 17 10 10 30 35 45 55 16 6 6 5 
17561500 17561673 0 -1 1 16 17 -53 9 11 24 -1 -12 62 63 25 20 17 10 9 29 35 45 55 16 6 7 5 
17572500 17572657 0 2 1 -91 1 -160 -125 -11 -102 -127 -140 60 60 25 20 17 10 9 29 35 45 55 16 1 0 5 
17596000 17596135 0 -3 1 22 -2 -46 29 4 37 12 3 59 57 25 20 17 10 9 29 35 45 55 16 4 4 5 
17629000 17629173 0 0 0 67 42 0 62 34 73 48 12 57 55 25 20 17 10 9 29 35 45 55 16 6 4 5 
17670500 17670923 0 -1 1 11 -4 -54 -10 -28 4 -21 5 60 58 25 20 17 10 10 30 35 45 55 16 5 6 5 
17679500 17679687 0 2 1 -53 -54 -117 -73 -75 -61 -86 -20 59 56 25 20 17 10 10 30 35 45 55 16 6 7 5 
17702500 17702565 0 -3 1 16 -19 -48 -3 -37 2 -23 16 54 52 25 20 17 10 10 30 35 45 55 16 7 6 5 
17771500 17771739 0 0 0 61 21 0 65 29 72 47 28 54 53 25 20 17 10 11 31 35 45 55 16 7 4 5 
18037500 18037757 0 0 0 30 19 0 28 14 45 20 8 49 50 25 20 17 10 11 31 35 45 55 16 6 6 5 
18784000 18784216 0 0 0 20 21 0 9 13 21 -4 -21 53 57 25 20 17 10 10 30 35 45 55 16 4 6 5 
19056500 19056784 0 0 0 12 15 0 -5 2 8 -17 -16 48 49 25 20 17 10 11 31 35 45 55 16 6 6 5 
19143000 19143190 0 0 0 23 19 0 4 0 18 -7 -5 48 49 25 20 17 10 11 31 35 45 55 16 6 6 5 
19162500 19162595 0 0 0 52 18 0 37 4 49 24 27 53 54 25 20 17 10 11 31 35 45 55 16 5 6 5 
19286000 19286125 0 0 0 65 32 0 53 22 69 44 29 59 60 25 20 17 10 12 32 35 45 55 16 7 7 5 
19308000 19308103 0 0 0 59 35 0 46 20 63 38 26 60 58 25 20 17 10 12 32 35 45 55 16 7 7 5 
19345500 19345587 0 0 0 142 98 0 144 102 161 136 43 66 65 25 20 17 10 12 32 35 45 55 16 8 9 5 
19393500 19393631 0 -1 1 86 72 -58 70 57 80 55 -12 58 55 25 20 17 10 10 30 35 45 55 16 6 7 5 
19413000 19413190 0 2 1 -53 -44 -198 -75 -68 -68 -93 -45 57 53 25 20 17 10 9 29 35 45 55 16 6 7 5 
19445000 19445194 0 -3 1 101 57 -44 100 57 106 81 31 63 62 25 20 17 10 10 30 35 45 55 16 8 8 5 
19475500 19475668 0 0 0 146 94 0 135 80 145 120 50 68 66 25 20 17 10 11 31 35 45 55 16 9 8 5 
19641500 19641526 0 0 0 109 65 0 97 53 106 81 35 71 69 25 20 17 10 11 31 35 45 55 16 9 9 5 
19713000 19713315 0 0 0 48 10 0 46 6 51 26 18 64 64 25 20 17 10 10 30 35 45 55 16 5 8 5 
19738000 19738041 0 0 0 7 -13 0 -9 -30 1 -24 5 58 56 25 20 17 10 10 30 35 45 55 16 7 7 5 
19834000 19834602 0 0 0 -7 5 0 -16 -6 -6 -31 -26 60 59 25 20 17 10 10 30 35 45 55 16 5 7 5 
20044000 20044155 0 0 0 -1 -4 0 -11 -12 0 -25 -15 63 60 25 20 17 10 10 30 35 45 55 16 8 8 5 
20280000 20280062 0 0 0 4 -5 0 -13 -23 -12 -37 -16 64 63 25 20 16 10 9 29 35 45 55 16 7 8 5 
20387000 20387029 0 0 0 4 -2 0 -4 -10 5 -20 -16 65 66 25 20 16 10 9 29 35 45 55 16 8 8 5 
20398000 20398149 0 0 0 37 24 0 11 0 12 -13 -1 66 64 25 20 16 10 9 29 35 45 55 16 8 8 5 
20683000 20683141 0 0 0 22 -2 0 7 -15 17 -8 12 68 69 25 20 16 10 10 30 35 45 55 16 8 8 5 
20772000 20772018 0 0 0 30 13 0 19 6 32 7 4 66 64 25 20 16 10 10 30 35 45 55 16 8 8 5 
20917500 20917541 0 0 0 46 13 0 48 12 55 30 23 67 67 25 20 16 10 10 30 35 45 55 16 8 9 5 
20950500 20950721 0 0 0 45 27 0 45 24 53 28 4 66 66 25 20 16 10 10 30 35 45 55 16 8 8 5 
21011500 21011520 0 0 0 50 10 0 43 -2 44 19 25 70 69 25 20 16 10 10 30 35 45 55 16 9 9 5 
21064000 21064150 0 0 0 77 47 0 67 37 68 43 15 68 70 25 20 16 10 10 30 35 45 55 16 9 8 5 
21069000 21069217 0 13 0 74 45 31 71 43 77 52 19 70 66 25 20 16 10 10 30 35 45 55 16 7 9 5 
21075500 21075619 0 0 0 0 -2 0 -5 -10 4 -21 -4 66 68 25 20 16 10 10 30 35 45 55 16 8 3 5 
21202500 21202636 0 0 0 -1 -7 0 -2 -10 8 -17 -5 65 63 25 20 16 10 10 30 35 45 55 16 5 8 5 
21274000 21274161 0 0 0 -6 -12 0 -10 -16 2 -23 -1 64 66 25 20 16 10 10 30 35 45 55 16 6 8 5 
35500 35708 1 0 0 6 -21 0 2 -26 5 41 28 62 63 25 20 17 10 11 31 35 45 55 16 8 7 5 
45000 45129 1 0 0 -28 -47 0 -27 -50 -23 13 24 66 62 25 20 17 10 11 31 35 45 55 16 9 8 5 
80000 80115 1 0 0 -58 -57 0 -53 -64 -50 -14 11 70 69 25 20 17 10 11 31 35 45 55 16 7 5 5 
101000 101080 1 0 0 -23 -23 0 -22 -22 -19 17 0 70 72 25 20 17 10 11 31 35 45 55 16 9 9 5 
113000 113026 1 0 0 -19 -26 0 -19 -24 -15 21 6 69 67 25 20 17 10 11 31 35 45 55 16 9 8 5 
135000 135112 1 -1 1 40 33 53 40 32 44 80 9 72 76 25 20 17 10 11 31 35 45 55 16 9 8 5 
143000 143137 1 2 1 81 74 91 83 76 87 123 7 71 75 25 20 17 10 11 31 35 45 55 16 7 8 5 
157500 157664 1 -3 1 43 28 49 39 23 43 79 17 64 63 25 20 17 10 11 31 35 45 55 16 8 8 5 
184500 184543 1 0 0 2 -22 0 2 -22 4 40 23 67 64 25 20 17 10 11 31 35 45 55 16 9 7 5 
254000 254204 1 -1 1 58 57 53 60 59 62 98 0 68 69 25 20 17 10 11 31 35 45 55 16 9 9 5 
279500 279526 1 2 1 157 165 150 162 167 165 201 -4 66 64 25 20 17 10 11 31 35 45 55 16 8 8 5 
289500 289693 1 -3 1 58 61 50 51 56 53 89 -4 65 65 25 20 17 10 11 31 35 45 55 16 8 8 5 
304000 304013 1 0 0 8 -19 0 10 -19 13 49 29 70 69 25 20 17 10 11 31 35 45 55 16 8 8 5 
342500 342702 1 0 0 -28 -45 0 -28 -45 -26 10 16 66 67 25 20 17 10 11 31 35 45 55 16 8 8 5 
462000 462203 1 0 0 -30 -41 0 -31 -40 -27 9 10 67 66 25 20 17 10 10 30 35 45 55 16 8 8 5 
521000 521050 1 0 0 -30 -35 0 -33 -38 -30 6 4 69 70 25 20 17 10 10 30 35 45 55 16 9 8 5 
554000 554192 1 0 0 -30 -46 0 -28 -44 -24 12 16 65 65 25 20 17 10 10 30 35 45 55 16 8 8 5 
583000 583168 1 0 0 -40 -53 0 -42 -54 -41 -5 11 67 66 25 20 17 10 10 30 35 45 55 16 8 9 5 
592500 592865 1 13 0 -7 -20 2 -7 -20 -4 32 13 73 72 25 20 16 10 10 30 35 45 55 16 8 8 5 
600000 600030 1 0 0 16 2 0 23 6 27 63 16 66 68 25 20 16 10 10 30 35 45 55 16 4 6 5 
729500 729632 1 0 -1 0 0 0 0 0 0 37 0 60 58 25 20 16 10 10 30 35 45 55 16 4 7 5 
869000 869108 1 0 0 -11 -17 0 -8 -17 -3 33 9 58 58 25 20 16 10 10 30 35 45 55 16 5 7 5 
1181500 1181646 1 0 0 -20 -27 0 -23 -29 -20 16 6 59 58 25 20 17 10 10 30 35 45 55 16 7 8 5 
1478500 1478738 1 0 0 -16 -20 0 -16 -19 -12 24 3 57 59 25 20 17 10 10 30 35 45 55 16 7 6 5 
1549000 1549044 1 -1 1 45 33 53 45 33 48 84 12 60 61 25 20 17 10 9 29 35 45 55 16 6 8 5 
1578000 1578139 1 2 1 197 294 201 200 298 203 239 -99 63 63 25 20 17 10 9 29 35 45 55 16 8 8 5 
1601500 1601705 1 -3 1 47 61 48 45 58 48 84 -13 61 54 25 20 17 10 9 29 35 45 55 16 8 6 5 
1664000 1664141 1 0 0 7 0 0 6 -1 8 44 7 58 64 25 20 17 10 10 30 35 45 55 16 7 6 5 
1702500 1702740 1 0 0 -15 -26 0 -21 -31 -19 17 9 62 61 25 20 17 10 10 30 35 45 55 16 8 8 5 
1733500 1733639 1 0 0 -65 -53 0 -64 -47 -62 -26 -17 72 76 25 20 17 10 10 30 35 45 55 16 9 8 5 
1750500 1750551 1 0 0 9 -2 0 8 -4 9 45 11 62 62 25 20 17 10 10 30 35 45 55 16 5 7 5 
1767000 1767088 1 0 0 -9 -14 0 -8 -12 -4 32 4 58 57 25 20 17 10 10 30 35 45 55 16 7 7 5 
1896500 1896677 1 0 0 3 -7 0 5 -6 8 44 11 58 56 25 20 17 10 10 30 35 45 55 16 6 5 5 
2154500 2154563 1 0 0 -1 -15 0 3 -11 5 41 14 59 70 25 20 17 10 10 30 35 45 55 16 5 8 5 
2240500 2240794 1 0 0 -3 -20 0 -1 -19 1 37 18 60 60 25 20 17 10 10 30 35 45 55 16 5 4 5 
2300500 2300553 1 0 0 -14 -18 0 -13 -17 -7 29 5 57 59 25 20 17 10 10 30 35 45 55 16 4 7 5 
2359000 2359357 1 -1 1 44 24 51 46 27 48 84 19 60 59 25 20 17 10 10 30 35 45 55 16 5 5 5 
2371500 2371607 1 2 1 84 79 89 83 79 87 123 4 61 61 25 20 17 10 10 30 35 45 55 16 8 7 5 
2376500 2376524 1 -3 1 41 39 46 36 34 40 76 2 61 61 25 20 17 10 10 30 35 45 55 16 6 8 5 
2453500 2453727 1 0 0 5 -22 0 7 -19 11 47 29 61 61 25 20 17 10 10 30 35 45 55 16 7 7 5 
2520000 2520230 1 -1 1 56 41 52 60 46 63 99 15 62 63 25 20 17 10 10 30 35 45 55 16 8 8 5 
2557500 2557517 1 2 1 178 299 174 178 302 181 217 -125 57 56 25 20 17 10 10 30 35 45 55 16 7 7 5 
2568500 2568592 1 -3 1 49 80 45 50 79 52 88 -30 56 53 25 20 17 10 10 30 35 45 55 16 7 4 5 
2709500 2709627 1 -1 1 54 55 50 57 58 61 97 -1 60 60 25 20 17 10 10 30 35 45 55 16 5 8 5 
2730000 2730017 1 2 1 130 141 126 131 143 135 171 -11 62 61 25 20 17 10 10 30 35 45 55 16 8 8 5 
2750500 2750739 1 -3 1 51 73 47 49 68 52 88 -20 60 61 25 20 16 10 10 30 35 45 55 16 7 8 5 
2803000 2804012 1 0 0 4 -6 0 6 -7 9 45 13 57 57 25 20 16 10 10 30 35 45 55 16 4 6 5 
2844500 2844919 1 0 0 -16 -27 0 -19 -29 -15 21 12 59 58 25 20 16 10 10 30 35 45 55 16 4 7 5 
2887500 2887639 1 -1 1 44 41 52 45 47 48 84 -3 62 61 25 20 16 10 10 30 35 45 55 16 8 8 5 
2912500 2912621 1 2 1 130 152 133 131 154 134 170 -24 63 62 25 20 17 10 10 30 35 45 55 16 8 8 5 
2928500 2929521 1 -3 1 46 82 46 36 73 37 73 -38 61 57 25 20 17 10 10 30 35 45 55 16 0 7 5 
2958000 2958444 1 0 0 5 -16 0 4 -18 6 42 21 59 59 25 20 17 10 10 30 35 45 55 16 2 8 5 
3025500 3026249 1 0 0 -4 -16 0 -1 -14 1 37 12 62 60 25 20 17 10 10 30 35 45 55 16 4 8 5 
3043000 3043136 1 -1 1 44 52 51 48 55 50 86 -9 69 70 25 20 17 10 10 30 35 45 55 16 9 9 5 
3067000 3067128 1 2 1 129 162 141 130 163 133 169 -33 61 62 25 20 17 10 10 30 35 45 55 16 8 6 5 
3078000 3078135 1 -3 1 31 70 45 39 76 44 80 -37 65 63 25 20 17 10 10 30 35 45 55 16 7 2 5 
3172500 3172539 1 0 0 -33 -35 0 -33 -35 -29 7 4 61 63 25 20 17 10 10 30 35 45 55 16 8 6 5 
3301000 3301090 1 0 0 -35 -38 0 -35 -37 -31 5 4 58 58 25 20 17 10 9 29 35 45 55 16 7 7 5 
3394500 3394765 1 0 0 -43 -39 0 -42 -37 -39 -3 -5 58 54 25 20 17 10 9 29 35 45 55 16 7 7 5 
3626000 3626233 1 0 0 -38 -34 0 -37 -34 -34 2 -2 59 60 25 20 17 10 9 29 35 45 55 16 7 8 5 
3740500 3740523 1 0 0 -37 -47 0 -33 -46 -31 5 13 61 61 25 20 17 10 9 29 35 45 55 16 8 7 5 
4027500 4027517 1 -1 1 16 15 51 14 15 17 53 -2 67 66 25 20 17 10 12 32 35 45 55 16 9 8 5 
4060500 4060569 1 2 1 102 187 137 109 193 112 148 -83 60 59 25 20 17 10 12 32 35 45 55 16 8 7 5 
4067000 4067062 1 -3 1 10 71 45 6 67 9 45 -61 62 61 25 20 17 10 12 32 35 45 55 16 7 8 5 
4293500 4293712 1 -1 1 20 5 53 25 11 27 63 14 65 64 25 20 17 10 10 30 35 45 55 16 8 8 5 
4324000 4324241 1 2 1 152 187 185 158 191 161 197 -33 61 60 25 20 17 10 10 30 35 45 55 16 8 8 5 
4341000 4341163 1 -3 1 13 37 46 11 34 12 48 -24 64 65 25 20 17 10 10 30 35 45 55 16 8 8 5 
4574000 4574178 1 -1 1 21 6 53 22 7 24 60 14 63 62 25 20 16 10 9 29 35 45 55 16 6 6 5 
4606500 4606655 1 2 1 157 184 188 158 183 161 197 -25 62 63 25 20 16 10 9 29 35 45 55 16 8 8 5 
4624000 4624203 1 -3 1 15 34 46 9 30 11 47 -21 64 63 25 20 16 10 9 29 35 45 55 16 8 6 5 
4818500 4818561 1 -1 1 26 12 56 28 13 30 66 14 65 64 25 20 16 10 9 29 35 45 55 16 8 8 5 
4850500 4850524 1 2 1 161 190 191 163 192 168 204 -28 62 59 25 20 16 10 9 29 35 45 55 16 8 8 5 
4865500 4865558 1 -3 1 17 38 47 8 33 11 47 -25 66 67 25 20 16 10 9 29 35 45 55 16 8 7 5 
5061000 5061024 1 -1 1 23 8 51 25 9 27 63 16 67 68 25 20 17 10 9 29 35 45 55 16 8 8 5 
5095000 5095142 1 2 1 164 190 193 170 193 173 209 -23 62 62 25 20 17 10 9 29 35 45 55 16 8 8 5 
5107500 5107896 1 -3 1 18 37 47 5 25 8 44 -19 66 68 25 20 17 10 9 29 35 45 55 16 7 6 5 
5319000 5319005 1 -1 1 24 8 51 23 10 26 62 13 64 63 25 20 17 10 8 28 35 45 55 16 7 7 5 
5350000 5350220 1 2 1 134 151 161 138 154 143 179 -13 64 65 25 20 17 10 8 28 35 45 55 16 8 8 5 
5357000 5357005 1 -3 1 17 38 44 18 38 21 57 -22 65 68 25 20 17 10 8 28 35 45 55 16 8 7 5 
5549000 5549669 1 -1 1 27 12 52 37 18 41 77 19 60 60 25 20 17 10 9 29 35 45 55 16 5 6 5 
5584500 5584676 1 2 1 122 122 147 122 122 124 160 -2 62 60 25 20 17 10 9 29 35 45 55 16 8 8 5 
5591500 5591698 1 -3 1 23 34 48 21 33 22 58 -12 63 61 25 20 17 10 9 29 35 45 55 16 8 8 5 
5872500 5872811 1 0 0 -23 -38 0 -22 -37 -19 17 17 61 60 25 20 17 10 10 30 35 45 55 16 6 8 5 
5942000 5942053 1 -1 1 28 11 51 27 11 31 67 17 67 66 25 20 17 10 10 30 35 45 55 16 8 9 5 
5976500 5976501 1 2 1 191 191 215 193 191 196 232 2 64 64 25 20 17 10 10 30 35 45 55 16 8 8 5 
5995500 5995833 1 -3 1 26 23 50 24 21 25 61 2 61 58 25 20 17 10 9 29 35 45 55 16 7 8 5 
6187500 6187589 1 -1 1 30 19 54 29 19 32 68 10 71 74 25 20 17 10 9 29 35 45 55 16 9 9 5 
6222500 6222520 1 2 1 194 209 218 196 209 198 234 -13 67 70 25 20 17 10 9 29 35 45 55 16 8 9 5 
6240000 6240052 1 -3 1 19 35 43 17 36 20 56 -18 69 68 25 20 17 10 9 29 35 45 55 16 9 5 5 
6439000 6439169 1 -1 1 28 12 51 28 12 32 68 16 65 61 25 20 17 10 10 30 35 45 55 16 8 8 5 
6475000 6475073 1 2 1 202 199 226 205 202 206 242 1 62 63 25 20 17 10 10 30 35 45 55 16 8 8 5 
6491500 6491911 1 -3 1 20 31 44 9 26 11 47 -19 64 64 25 20 17 10 10 30 35 45 55 16 5 3 5 
6660500 6660726 1 -1 1 31 16 55 35 20 37 73 15 63 63 25 20 17 10 10 30 35 45 55 16 7 8 5 
6694500 6694638 1 2 1 194 180 217 191 177 195 231 15 62 61 25 20 17 10 10 30 35 45 55 16 8 8 5 
6709500 6709943 1 -3 1 27 30 50 23 24 26 62 -1 63 65 25 20 17 10 10 30 35 45 55 16 6 7 5 
6854000 6854150 1 -1 1 28 10 51 34 14 37 73 20 65 65 25 20 17 10 10 30 35 45 55 16 8 8 5 
6890500 6890512 1 2 1 188 191 211 186 190 189 225 -4 65 65 25 20 17 10 10 30 35 45 55 16 8 8 5 
6902500 6902678 1 -3 1 22 32 45 19 27 22 58 -6 64 65 25 20 17 10 10 30 35 45 55 16 8 8 5 
7087500 7087609 1 -1 1 27 12 50 30 16 32 68 14 62 60 25 20 17 10 10 30 35 45 55 16 8 8 5 
7116500 7116565 1 2 1 173 161 195 173 161 177 213 14 67 65 25 20 17 10 10 30 35 45 55 16 9 8 5 
7134000 7134099 1 -3 1 22 32 45 19 31 24 60 -11 64 65 25 20 17 10 10 30 35 45 55 16 8 7 5 
7554500 7554627 1 0 0 -23 -36 0 -23 -37 -20 16 14 62 57 25 20 17 10 10 30 35 45 55 16 8 7 5 
8075500 8075503 1 -1 1 25 3 51 33 9 36 72 25 59 57 25 20 17 10 10 30 35 45 55 16 4 5 5 
8119000 8119015 1 2 1 193 215 219 192 215 196 232 -22 64 64 25 20 17 10 10 30 35 45 55 16 8 8 5 
8131500 8131709 1 -3 1 20 32 46 12 25 15 51 -14 63 62 25 20 17 10 10 30 35 45 55 16 8 8 5 
8528000 8528091 1 -1 1 22 2 50 23 1 25 61 21 56 54 25 20 17 10 10 30 35 45 55 16 6 6 5 
8546500 8546585 1 2 1 70 61 98 73 64 77 113 8 57 56 25 20 17 10 10 30 35 45 55 16 6 7 5 
8555000 8555266 1 -3 1 18 17 46 4 7 6 42 -3 55 54 25 20 17 10 10 30 35 45 55 16 6 6 5 
8904500 8904639 1 0 0 -30 -45 0 -37 -49 -33 3 13 52 53 25 20 17 10 10 30 35 45 55 16 6 6 5 
10102500 10102915 1 -1 1 23 10 52 31 17 33 69 13 53 52 25 20 16 10 10 30 35 45 55 16 5 7 5 
10116000 10116114 1 2 1 108 96 137 110 98 114 150 11 57 58 25 20 16 10 10 30 35 45 55 16 7 6 5 
10130000 10130038 1 -3 1 17 23 45 14 22 17 53 -8 54 53 25 20 16 10 10 30 35 45 55 16 6 5 5 
10220500 10220864 1 0 0 -29 -36 0 -27 -33 -25 11 6 53 52 25 20 16 10 10 30 35 45 55 16 4 6 5 
10293500 10293662 1 -1 1 23 14 53 24 14 28 64 11 55 54 25 20 16 10 10 30 35 45 55 16 7 7 5 
10304000 10304126 1 2 1 87 70 116 86 70 88 124 15 57 56 25 20 16 10 10 30 35 45 55 16 7 7 5 
10322000 10322057 1 -3 1 18 18 48 22 22 26 62 0 59 59 25 20 16 10 10 30 35 45 55 16 7 7 5 
10497000 10497023 1 -1 1 19 14 51 19 14 23 59 5 56 55 25 20 16 10 10 30 35 45 55 16 7 7 5 
10508500 10508712 1 2 1 67 57 99 71 60 74 110 9 58 57 25 20 16 10 10 30 35 45 55 16 7 7 5 
10519500 10519546 1 -3 1 16 15 48 22 20 23 59 0 55 55 25 20 16 10 10 30 35 45 55 16 6 5 5 
11006500 11006581 1 -1 1 12 2 50 16 6 20 56 10 54 53 25 20 17 10 9 29 35 45 55 16 5 7 5 
11022500 11022625 1 2 1 64 57 103 66 59 67 103 5 57 58 25 20 17 10 9 29 35 45 55 16 7 7 5 
11029000 11029034 1 -3 1 9 10 47 17 14 20 56 2 55 54 25 20 17 10 9 29 35 45 55 16 6 4 5 
11773000 11773057 1 0 0 -47 -53 0 -45 -53 -43 -7 6 49 52 25 20 17 10 11 31 35 45 55 16 6 6 5 
11840500 11840589 1 -1 1 5 -1 51 6 2 9 45 4 52 53 25 20 17 10 11 31 35 45 55 16 6 5 5 
11852500 11852615 1 2 1 49 42 95 47 39 51 87 8 54 54 25 20 17 10 11 31 35 45 55 16 6 6 5 
11858000 11858226 1 -3 1 -1 -3 45 -7 -10 -5 31 3 52 53 25 20 17 10 11 31 35 45 55 16 6 4 5 
12019000 12019296 1 -1 1 9 -5 51 7 -6 9 45 13 52 53 25 20 17 10 10 30 35 45 55 16 6 5 5 
12029000 12029145 1 2 1 64 57 106 61 55 64 100 7 54 53 25 20 17 10 10 30 35 45 55 16 6 7 5 
12042000 12042186 1 -3 1 6 7 48 4 5 7 43 1 53 55 25 20 17 10 10 30 35 45 55 16 4 6 5 
12186500 12186661 1 -1 1 13 3 53 17 6 19 55 10 53 55 25 20 17 10 10 30 35 45 55 16 6 5 5 
12208500 12208591 1 2 1 117 106 157 122 110 125 161 12 58 60 25 20 17 10 10 30 35 45 55 16 7 7 5 
12223500 12223543 1 -3 1 7 11 46 8 11 11 47 -3 54 52 25 20 17 10 10 30 35 45 55 16 4 5 5 
12389500 12389511 1 -1 1 14 7 50 16 8 18 54 8 54 53 25 20 17 10 11 31 35 45 55 16 6 7 5 
12410000 12410480 1 2 1 79 72 115 76 70 81 117 8 55 54 25 20 17 10 11 31 35 45 55 16 6 6 5 
12415000 12415144 1 -3 1 6 19 42 5 16 7 43 -11 52 48 25 20 17 10 11 31 35 45 55 16 7 5 5 
12555500 12555596 1 -1 1 19 12 52 17 11 19 55 7 53 53 25 20 17 10 11 31 35 45 55 16 6 6 5 
12566500 12566594 1 2 1 67 65 100 68 66 71 107 3 55 56 25 20 17 10 11 31 35 45 55 16 7 7 5 
12577000 12577104 1 -3 1 12 18 45 13 20 17 53 -6 53 53 25 20 17 10 11 31 35 45 55 16 4 3 5 
12797000 12797275 1 0 0 -29 -39 0 -31 -39 -28 8 8 48 49 25 20 16 10 10 30 35 45 55 16 6 6 5 
15384500 15384575 1 0 0 -35 -48 0 -35 -49 -31 5 14 48 47 25 20 17 10 10 30 35 45 55 16 6 6 5 
15821000 15821112 1 -1 1 16 8 51 15 6 17 53 8 51 51 25 20 17 10 10 30 35 45 55 16 5 6 5 
15834500 15834594 1 2 1 55 49 90 53 46 55 91 7 51 51 25 20 17 10 10 30 35 45 55 16 6 6 5 
15844500 15844725 1 -3 1 14 16 48 8 13 11 47 -4 47 47 25 20 17 10 10 30 35 45 55 16 6 6 5 
15982000 15982148 1 -1 1 18 11 53 19 13 24 60 7 52 53 25 20 17 10 10 30 35 45 55 16 6 6 5 
15995500 15995580 1 2 1 56 55 90 56 56 61 97 2 52 51 25 20 17 10 10 30 35 45 55 16 6 6 5 
16002000 16002025 1 -3 1 10 13 45 9 12 11 47 -4 51 51 25 20 17 10 10 30 35 45 55 16 6 6 5 
16117000 16117030 1 -1 1 19 21 53 19 23 22 58 -5 52 51 25 20 17 10 10 30 35 45 55 16 6 6 5 
16129000 16129070 1 2 1 69 70 103 71 70 75 111 2 58 59 25 20 17 10 10 30 35 45 55 16 7 6 5 
16140500 16140659 1 -3 1 11 14 45 6 12 8 44 -7 53 58 25 20 17 10 10 30 35 45 55 16 5 5 5 
16633000 16633091 1 0 0 -34 -39 0 -33 -39 -30 6 5 52 50 25 20 17 10 10 30 35 45 55 16 6 6 5 
17246500 17246540 1 0 0 -35 -33 0 -35 -27 -32 4 -8 54 57 25 20 17 10 10 30 35 45 55 16 7 6 5 
17403500 17403756 1 -1 1 27 16 50 21 16 24 60 5 56 57 25 20 17 10 9 29 35 45 55 16 6 5 5 
17431500 17431691 1 2 1 111 107 132 113 109 116 152 3 57 57 25 20 17 10 9 29 35 45 55 16 6 4 5 
17448500 17448770 1 -3 1 25 20 45 17 18 20 56 -1 55 55 25 20 17 10 9 29 35 45 55 16 4 6 5 
17548000 17548181 1 -1 1 42 17 54 49 22 51 87 25 64 65 25 20 17 10 9 29 35 45 55 16 5 7 5 
17566000 17566017 1 2 1 126 101 138 128 105 131 167 23 61 58 25 20 17 10 9 29 35 45 55 16 8 5 5 
17586500 17586608 1 -3 1 39 57 49 37 60 38 74 -23 55 58 25 20 17 10 9 29 35 45 55 16 4 5 5 
17634500 17634634 1 0 0 -6 0 0 -11 -6 -8 28 -4 57 56 25 20 17 10 10 30 35 45 55 16 5 5 5 
17662500 17662624 1 -1 1 48 38 54 50 43 53 89 8 58 56 25 20 17 10 10 30 35 45 55 16 6 2 5 
17684000 17684073 1 2 1 121 119 125 128 127 131 167 -1 57 60 25 20 17 10 10 30 35 45 55 16 7 7 5 
17697500 17698513 1 -3 1 44 54 48 36 44 38 74 -9 56 61 25 20 17 10 10 30 35 45 55 16 4 4 5 
17730000 17730572 1 0 0 -3 -5 0 -1 -1 2 38 1 54 54 25 20 17 10 10 30 35 45 55 16 5 7 5 
17972000 17972256 1 0 0 -33 -33 0 -32 -33 -29 7 2 49 50 25 20 17 10 11 31 35 45 55 16 6 6 5 
18995500 18995567 1 0 0 -46 -57 0 -45 -55 -41 -5 11 49 48 25 20 17 10 10 30 35 45 55 16 6 6 5 
19145500 19145666 1 0 0 -48 -54 0 -47 -53 -45 -9 6 49 47 25 20 17 10 11 31 35 45 55 16 6 6 5 
19166000 19166194 1 0 0 -43 -53 0 -42 -55 -38 -2 14 53 52 25 20 17 10 11 31 35 45 55 16 5 7 5 
19207500 19207631 1 0 0 -15 -27 0 -18 -30 -16 20 12 57 56 25 20 17 10 11 31 35 45 55 16 7 7 5 
19364000 19364171 1 -1 1 38 14 57 48 23 52 88 25 63 64 25 20 17 10 12 32 35 45 55 16 7 8 5 
19399500 19399564 1 2 1 266 355 285 283 367 287 323 -84 58 64 25 20 17 10 10 30 35 45 55 16 6 7 5 
19420500 19420523 1 -3 1 27 32 47 31 32 33 69 -1 54 51 25 20 17 10 9 29 35 45 55 16 4 5 5 
19473500 19473683 1 0 0 -21 -30 0 -19 -28 -15 21 9 69 71 25 20 17 10 11 31 35 45 55 16 9 9 5 
19715500 19715736 1 0 0 -13 -24 0 -8 -22 -6 30 14 63 61 25 20 17 10 10 30 35 45 55 16 8 7 5 
19762500 19762773 1 0 0 -5 -6 0 -7 -5 -4 32 -1 60 55 25 20 17 10 10 30 35 45 55 16 5 7 5 
20362500 20362593 1 0 0 -39 -44 0 -41 -46 -39 -3 4 67 67 25 20 16 10 9 29 35 45 55 16 8 8 5 
