56000 56068 0 0 -1 0 0 0 0 0 0 -63 0 76 75 25 20 16 10 14 34 35 45 55 16 9 8 5 
324000 324274 0 0 0 21 -3 0 14 -6 11 -52 21 80 82 25 20 16 10 13 33 35 45 55 16 5 4 5 
525000 525220 0 0 0 10 -7 0 9 -8 7 -56 17 65 67 25 20 16 10 12 32 35 45 55 16 8 8 5 
830500 830588 0 0 0 -7 -24 0 -5 -23 -13 -76 15 64 64 25 20 15 10 12 32 35 45 55 16 7 5 5 
5677500 5677654 0 0 0 9 -6 0 5 -9 2 -61 15 66 67 25 20 16 10 13 33 35 45 55 16 8 8 5 
6262500 6262636 0 0 0 -10 -23 0 -10 -23 -16 -79 14 58 60 25 20 16 10 13 33 35 45 55 16 4 3 5 
7950000 7950082 0 0 0 -23 -28 0 -22 -28 -26 -89 8 59 58 25 20 16 10 14 34 35 45 55 16 7 2 5 
9483500 9483586 0 0 0 6 -8 0 5 -10 -7 -64 15 62 60 25 20 16 10 13 33 35 45 55 16 4 5 5 
9827000 9828335 0 0 0 9 -3 0 10 -1 10 -53 11 58 59 25 20 17 10 14 34 35 45 55 16 0 7 5 
10698000 10698157 0 -1 1 -47 -62 -51 -50 -64 -59 -116 14 80 80 25 20 15 10 13 33 35 45 55 16 10 10 5 
10957500 10957640 0 2 1 -138 -113 -140 -150 -122 -162 -219 -25 87 87 25 20 15 10 14 34 35 45 55 16 11 11 5 
11109500 11109676 0 -3 1 -47 -48 -48 -48 -49 -62 -119 0 73 73 25 20 14 10 13 33 35 45 55 16 9 9 5 
11662500 11663639 0 0 0 -2 -6 0 -10 -12 -15 -78 3 68 68 25 20 15 10 13 33 35 45 55 16 3 3 5 
12112500 12112535 0 0 0 -18 -28 0 -19 -28 -26 -89 6 65 65 25 20 16 10 12 32 35 45 55 16 5 7 5 
12180000 12181218 0 0 0 -49 -50 0 -48 -51 -60 -117 1 60 59 25 20 16 10 13 33 35 45 55 16 0 7 5 
12197000 12197001 0 0 0 -32 -36 0 -31 -36 -43 -100 4 57 54 25 20 16 10 13 33 35 45 55 16 7 7 5 
12210000 12210208 0 0 0 -30 -33 0 -33 -35 -43 -100 3 59 59 25 20 16 10 13 33 35 45 55 16 7 7 5 
12227000 12227083 0 0 0 1 -10 0 -2 -12 -12 -69 10 59 58 25 20 16 10 13 33 35 45 55 16 7 7 5 
12247500 12247605 0 0 0 5 -5 0 2 -7 -10 -67 7 57 57 25 20 16 10 13 33 35 45 55 16 7 7 5 
12261500 12261548 0 0 0 -3 -16 0 -6 -19 -17 -74 13 57 59 25 20 16 10 13 33 35 45 55 16 7 7 5 
12326000 12326129 0 0 0 -7 -15 0 -6 -14 -17 -74 6 56 56 25 20 16 10 13 33 35 45 55 16 7 7 5 
12442500 12442569 0 0 0 -7 -15 0 -8 -15 -10 -73 9 56 56 25 20 17 10 14 34 35 45 55 16 7 7 5 
12521500 12521571 0 0 0 -42 -37 0 -42 -38 -48 -111 -5 57 57 25 20 16 10 13 33 35 45 55 16 4 7 5 
13323500 13323578 0 0 0 -26 -21 0 -33 -27 -43 -100 -7 62 64 25 20 16 10 12 32 35 45 55 16 1 8 5 
13415500 13418380 0 0 0 -26 -21 0 -23 -18 -33 -90 -5 63 65 25 20 16 10 12 32 35 45 55 16 0 1 5 
13436000 13436840 0 13 0 -30 -18 -38 -16 -11 -27 -84 -5 70 68 25 20 16 10 13 33 35 45 55 16 3 9 5 
13449500 13449716 0 0 0 31 16 0 29 15 19 -38 15 61 61 25 20 16 10 14 34 35 45 55 16 7 8 5 
13515000 13515136 0 0 0 21 11 0 15 6 6 -51 9 59 58 25 20 16 10 14 34 35 45 55 16 8 7 5 
13699000 13699847 0 0 0 29 21 0 24 17 23 -40 8 57 57 25 20 16 10 13 33 35 45 55 16 0 7 5 
14068000 14068145 0 0 0 22 14 0 22 14 18 -45 8 57 58 25 20 16 10 14 34 35 45 55 16 7 7 5 
14111500 14111613 0 0 0 -12 -4 0 -13 -5 -23 -86 -6 65 66 25 20 16 10 14 34 35 45 55 16 5 3 5 
14475000 14475135 0 0 0 -3 4 0 -5 2 -10 -73 -8 56 57 25 20 17 10 13 33 35 45 55 16 7 7 5 
14914000 14914127 0 0 0 10 13 0 9 12 5 -58 -3 59 58 25 20 16 10 13 33 35 45 55 16 7 7 5 
14936500 14936638 0 0 0 18 20 0 16 19 12 -51 -3 57 57 25 20 16 10 13 33 35 45 55 16 7 7 5 
15118000 15118202 0 0 0 24 24 0 22 22 12 -45 -1 59 59 25 20 16 10 13 33 35 45 55 16 7 7 5 
15889000 15889164 0 0 0 19 18 0 18 18 12 -51 0 58 57 25 20 16 10 13 33 35 45 55 16 7 7 5 
15918500 15920689 0 0 0 -15 -9 0 -25 -17 -29 -86 -7 65 66 25 20 16 10 13 33 35 45 55 16 0 8 5 
15964000 15964000 0 0 0 -44 -31 0 -46 -32 -46 -109 -13 58 58 25 20 16 10 13 33 35 45 55 16 7 7 5 
16222500 16222740 0 0 0 -32 -20 0 -34 -21 -37 -100 -15 56 56 25 20 16 10 12 32 35 45 55 16 7 7 5 
16256000 16256177 0 0 0 17 19 0 18 19 10 -47 1 58 58 25 20 16 10 13 33 35 45 55 16 5 7 5 
16545000 16545129 0 0 0 15 21 0 14 20 4 -53 -6 58 60 25 20 16 10 13 33 35 45 55 16 7 7 5 
16875000 16875075 0 0 0 9 14 0 7 12 6 -57 -3 57 56 25 20 18 10 13 33 35 45 55 16 7 7 5 
16939000 16939794 0 0 0 -23 -18 0 -23 -17 -29 -92 -8 62 63 25 20 16 10 12 32 35 45 55 16 2 8 5 
17098000 17098049 0 0 0 -20 -8 0 -23 -10 -35 -92 -15 56 57 25 20 16 10 12 32 35 45 55 16 7 7 5 
17287500 17287604 0 0 0 -16 -4 0 -16 -6 -28 -85 -14 56 55 25 20 17 10 12 32 35 45 55 16 7 7 5 
17812500 17813278 0 0 0 -22 -14 0 -26 -17 -28 -91 -9 61 63 25 20 17 10 13 33 35 45 55 16 0 7 5 
17837000 17837026 0 0 0 12 7 0 12 5 7 -56 6 61 64 25 20 16 10 13 33 35 45 55 16 8 3 5 
17876000 17876050 0 0 0 11 9 0 12 8 6 -51 5 67 67 25 20 17 10 14 34 35 45 55 16 3 3 5 
17889500 17889860 0 13 0 -40 -32 -21 -44 -34 -51 -108 -9 71 68 25 20 17 10 13 33 35 45 55 16 6 5 5 
17902500 17903872 0 0 0 -47 -37 0 -43 -35 -45 -108 -7 67 67 25 20 17 10 13 33 35 45 55 16 3 3 5 
18024500 18024911 0 0 0 -56 -46 0 -54 -45 -58 -121 -10 75 74 25 20 17 10 13 33 35 45 55 16 3 6 5 
18058000 18058131 0 0 0 -17 -26 0 -19 -27 -30 -93 4 82 79 25 20 15 10 12 32 35 45 55 16 9 9 5 
18180000 18180158 0 0 0 -54 -52 0 -56 -54 -63 -126 0 72 75 25 20 15 10 14 34 35 45 55 16 4 8 5 
18229000 18229407 0 0 0 -7 -19 0 -7 -19 -10 -73 12 81 81 25 20 15 10 13 33 35 45 55 16 7 6 5 
56500 56843 1 0 -1 0 0 0 0 0 0 57 0 76 75 25 20 16 10 14 34 35 45 55 16 9 9 5 
326000 326128 1 0 0 45 -23 0 45 -22 40 117 67 81 80 25 20 16 10 13 33 35 45 55 16 4 8 5 
525000 525220 1 0 0 24 -20 0 22 -21 16 93 43 65 67 25 20 16 10 12 32 35 45 55 16 8 8 5 
836500 836900 1 0 0 23 -18 0 24 -17 20 97 42 61 62 25 20 15 10 12 32 35 45 55 16 5 5 5 
5700000 5700542 1 0 0 2 -41 0 2 -41 -3 74 45 61 62 25 20 16 10 13 33 35 45 55 16 3 8 5 
6251000 6252031 1 0 0 6 -23 0 8 -23 2 79 30 58 59 25 20 16 10 13 33 35 45 55 16 3 2 5 
7923500 7923507 1 0 0 1 -26 0 1 -27 6 72 28 57 53 25 20 16 10 14 34 35 45 55 16 7 4 5 
8896000 8896045 1 -1 1 -52 -63 -52 -57 -66 -51 15 9 66 64 25 20 16 10 14 34 35 45 55 16 5 6 5 
8913500 8913542 1 2 1 -124 -129 -124 -124 -129 -120 -54 3 91 91 25 20 15 10 14 34 35 45 55 16 11 12 5 
8936000 8936428 1 -3 1 -49 -76 -48 -44 -76 -39 27 31 72 71 25 20 14 10 14 34 35 45 55 16 4 6 5 
9493000 9494286 1 0 0 -2 -28 0 -3 -31 2 68 28 64 56 25 20 16 10 13 33 35 45 55 16 1 4 5 
9825000 9825181 1 0 0 19 -10 0 20 -10 15 92 29 58 56 25 20 17 10 14 34 35 45 55 16 4 4 5 
10678000 10678075 1 -1 1 -43 -90 -50 -45 -93 -40 26 48 79 80 25 20 15 10 13 33 35 45 55 16 10 10 5 
10959000 10959010 1 2 1 -163 -155 -166 -161 -153 -156 -90 -8 88 87 25 20 15 10 14 34 35 45 55 16 11 11 5 
11167500 11167516 1 -3 1 -50 -77 -50 -51 -79 -46 20 28 73 71 25 20 14 10 13 33 35 45 55 16 6 5 5 
11677500 11678702 1 0 0 -7 -40 0 -2 -41 -8 69 38 68 68 25 20 15 10 13 33 35 45 55 16 3 4 5 
12108500 12108561 1 0 0 -33 -60 0 -33 -60 -27 39 28 65 61 25 20 16 10 12 32 35 45 55 16 8 8 5 
12180000 12181218 1 0 0 -24 -59 0 -20 -56 -13 53 37 60 59 25 20 16 10 13 33 35 45 55 16 0 7 5 
12195000 12195209 1 0 0 2 -36 0 3 -35 10 76 38 58 57 25 20 16 10 13 33 35 45 55 16 7 7 5 
12214500 12214510 1 0 0 7 -34 0 7 -34 12 78 41 59 60 25 20 16 10 13 33 35 45 55 16 7 7 5 
12228500 12228641 1 0 0 -36 -70 0 -40 -75 -35 31 35 59 58 25 20 16 10 13 33 35 45 55 16 7 7 5 
12248500 12248657 1 0 0 -39 -71 0 -37 -69 -31 35 32 57 58 25 20 16 10 13 33 35 45 55 16 7 7 5 
12262500 12262579 1 0 0 -14 -50 0 -14 -50 -7 59 37 57 58 25 20 16 10 13 33 35 45 55 16 7 7 5 
12328000 12328263 1 0 0 -28 -60 0 -27 -59 -21 45 32 56 55 25 20 16 10 13 33 35 45 55 16 7 7 5 
12440500 12440684 1 0 0 -31 -58 0 -31 -58 -26 40 27 56 56 25 20 17 10 14 34 35 45 55 16 7 7 5 
12521000 12521040 1 0 0 -22 -50 0 -22 -50 -17 49 28 58 56 25 20 16 10 13 33 35 45 55 16 3 7 5 
13327500 13327710 1 0 0 -28 -52 0 -31 -54 -36 41 24 62 61 25 20 16 10 12 32 35 45 55 16 8 3 5 
13415500 13418380 1 0 0 -22 -48 0 -24 -51 -19 47 27 63 65 25 20 16 10 12 32 35 45 55 16 0 1 5 
13451000 13451180 1 0 0 -32 -49 0 -33 -50 -27 39 17 61 61 25 20 16 10 14 34 35 45 55 16 8 8 5 
13515000 13515136 1 0 0 -48 -62 0 -53 -65 -47 19 12 59 58 25 20 16 10 14 34 35 45 55 16 8 7 5 
13697000 13699847 1 0 0 -40 -53 0 -42 -54 -38 28 11 57 57 25 20 16 10 13 33 35 45 55 16 0 7 5 
14066000 14066031 1 0 0 -28 -46 0 -26 -45 -20 46 18 57 56 25 20 16 10 14 34 35 45 55 16 7 7 5 
14109500 14110471 1 0 0 -5 -24 0 -5 -23 0 66 18 66 66 25 20 16 10 14 34 35 45 55 16 3 5 5 
14478500 14478604 1 0 0 -9 -29 0 -8 -27 -2 64 20 56 56 25 20 17 10 13 33 35 45 55 16 7 7 5 
14917500 14918390 1 0 0 -5 -29 0 -6 -30 -1 65 24 59 59 25 20 16 10 13 33 35 45 55 16 2 7 5 
14945500 14945689 1 0 0 -23 -39 0 -24 -39 -18 48 15 58 59 25 20 16 10 13 33 35 45 55 16 7 7 5 
15116500 15116677 1 0 0 -27 -44 0 -28 -45 -34 43 17 59 59 25 20 16 10 13 33 35 45 55 16 7 7 5 
15887000 15887114 1 0 0 -34 -49 0 -34 -49 -30 36 15 58 59 25 20 16 10 13 33 35 45 55 16 7 7 5 
15922500 15922629 1 0 0 -10 -28 0 -10 -28 -5 61 18 63 60 25 20 16 10 13 33 35 45 55 16 8 3 5 
15965500 15965533 1 0 0 -13 -32 0 -12 -31 -6 60 19 58 58 25 20 16 10 13 33 35 45 55 16 7 7 5 
16222500 16222740 1 0 0 -24 -43 0 -23 -42 -16 50 20 56 56 25 20 16 10 12 32 35 45 55 16 7 7 5 
16256000 16256177 1 0 0 -17 -39 0 -17 -39 -11 55 22 58 58 25 20 16 10 13 33 35 45 55 16 5 7 5 
16539500 16539689 1 0 0 -24 -39 0 -23 -38 -17 49 15 58 56 25 20 16 10 13 33 35 45 55 16 7 7 5 
16869500 16869536 1 0 0 -16 -35 0 -14 -33 -9 57 19 62 64 25 20 18 10 13 33 35 45 55 16 3 1 5 
16935000 16935697 1 0 0 -7 -34 0 -4 -31 1 67 26 64 63 25 20 16 10 12 32 35 45 55 16 0 8 5 
17096000 17096175 1 0 0 -24 -43 0 -25 -43 -18 48 19 56 56 25 20 16 10 12 32 35 45 55 16 7 7 5 
17287500 17287604 1 0 0 -17 -36 0 -16 -36 -22 55 19 56 55 25 20 17 10 12 32 35 45 55 16 7 7 5 
17816000 17816026 1 0 0 -13 -32 0 -14 -33 -9 57 20 60 60 25 20 17 10 13 33 35 45 55 16 7 6 5 
17837000 17837026 1 0 0 9 -20 0 10 -19 15 81 29 61 64 25 20 16 10 13 33 35 45 55 16 8 3 5 
17876000 17876050 1 0 0 16 -7 0 15 -9 19 85 23 67 67 25 20 17 10 14 34 35 45 55 16 3 3 5 
17902500 17903872 1 0 0 -11 -32 0 -8 -30 -1 65 24 67 67 25 20 17 10 13 33 35 45 55 16 3 3 5 
18030000 18030160 1 0 0 -15 -38 0 -14 -37 -7 59 24 75 75 25 20 16 10 13 33 35 45 55 16 9 4 5 
18063500 18063617 1 0 0 -4 -38 0 -2 -36 5 71 34 79 81 25 20 15 10 12 32 35 45 55 16 7 7 5 
18180000 18180158 1 0 0 -15 -40 0 -17 -42 -12 54 25 72 75 25 20 15 10 14 34 35 45 55 16 4 8 5 
18238000 18238176 1 0 0 -11 -61 0 -8 -58 -2 64 50 82 79 25 20 15 10 13 33 35 45 55 16 5 6 5 
