193000 193050 0 0 0 -22 -63 0 -15 -58 -13 -18 46 89 89 25 20 15 10 14 34 35 45 55 16 12 10 5 
221000 221117 0 0 0 -43 -72 0 -39 -68 -32 -37 33 94 97 25 20 15 10 14 34 35 45 55 16 12 8 5 
230500 230669 0 0 0 0 5 0 3 10 0 -5 -5 84 72 25 20 15 10 14 34 35 45 55 16 7 8 5 
301500 301556 0 0 -1 0 0 0 0 0 0 -12 0 87 89 25 20 15 10 14 34 35 45 55 16 11 11 5 
1204000 1204021 0 0 0 -12 -60 0 -4 -57 1 -4 56 100 99 25 20 15 10 14 34 35 45 55 16 13 12 5 
1231500 1231618 0 -1 1 -66 -110 -51 -66 -109 -49 -54 44 113 114 25 20 14 10 13 29 35 45 55 16 13 15 5 
1237000 1237077 0 2 1 -164 -166 -147 -167 -166 -158 -163 5 126 125 25 20 14 10 13 28 35 45 55 16 16 17 5 
1254000 1254111 0 -3 1 -66 -126 -47 -63 -124 -35 -40 59 114 116 25 20 14 10 13 29 35 45 55 16 15 13 5 
1288000 1288133 0 0 0 -23 -73 0 -20 -72 -15 -20 52 90 89 25 20 14 10 13 33 35 45 55 16 12 11 5 
1661000 1661010 0 0 0 1 -52 0 8 -46 15 10 54 85 82 25 20 14 10 14 34 35 45 55 16 6 11 5 
1890000 1890169 0 0 0 -22 -65 0 -14 -64 -9 -14 50 81 82 25 20 14 10 14 34 35 45 55 16 10 10 5 
1921000 1921075 0 0 0 -27 -55 0 -22 -54 -12 -17 33 73 71 25 20 14 10 14 34 35 45 55 16 9 9 5 
1930500 1930508 0 13 0 -38 -59 35 -31 -51 -20 -25 19 91 101 25 20 14 10 14 32 35 45 55 16 6 10 5 
1938500 1938673 0 0 0 -110 -132 0 -112 -133 -112 -117 17 84 83 25 20 15 10 14 34 35 45 55 16 11 11 5 
1945500 1945543 0 13 0 -49 -69 1 -40 -64 -36 -41 24 84 86 25 20 15 10 14 34 35 45 55 16 10 7 5 
1950000 1950158 0 0 0 -11 -49 0 -15 -56 -13 -18 41 84 78 25 20 15 10 14 34 35 45 55 16 11 9 5 
1956500 1956593 0 13 0 -28 -63 7 -17 -55 -16 -21 31 87 93 25 20 15 10 14 34 35 45 55 16 6 10 5 
1964000 1964060 0 0 0 -61 -92 0 -61 -94 -58 -63 34 83 89 25 20 15 10 14 34 35 45 55 16 11 11 5 
1972500 1972639 0 0 0 -81 -106 0 -73 -99 -69 -74 26 84 83 25 20 15 10 14 34 35 45 55 16 11 9 5 
2184500 2184583 0 0 0 -64 -96 0 -61 -96 -58 -63 35 80 77 25 20 15 10 14 34 35 45 55 16 10 10 5 
2242500 2242669 0 0 0 -64 -97 0 -61 -97 -58 -63 37 82 81 25 20 15 10 14 34 35 45 55 16 10 11 5 
2732000 2732183 0 0 0 -46 -80 0 -40 -80 -33 -38 39 81 81 25 20 15 10 14 34 35 45 55 16 10 11 5 
2740500 2740506 0 13 0 -34 -81 -21 -39 -86 -31 -36 50 88 84 25 20 15 10 14 34 35 45 55 16 11 7 5 
2750500 2750539 0 0 0 26 -23 0 32 -16 35 30 50 79 79 25 20 15 10 14 34 35 45 55 16 7 8 5 
2775000 2775156 0 0 0 6 -33 0 13 -26 23 18 43 78 77 25 20 15 10 14 34 35 45 55 16 10 10 5 
2918500 2918566 0 0 0 -1 -72 0 2 -70 13 8 76 92 97 25 20 15 10 14 34 35 45 55 16 11 12 5 
3216500 3216582 0 0 0 12 -69 0 17 -64 27 22 84 92 95 25 20 15 10 15 35 35 45 55 16 12 12 5 
3414500 3414630 0 0 0 -2 -71 0 -6 -69 3 -2 66 94 103 25 20 15 10 14 32 35 45 55 16 11 12 5 
3438000 3438033 0 0 0 -4 -71 0 -8 -72 6 1 73 99 101 25 20 15 10 14 32 35 45 55 16 10 9 5 
3483500 3483736 0 0 0 -47 -83 0 -50 -84 -47 -52 32 90 87 25 20 15 10 14 34 35 45 55 16 11 11 5 
3560500 3560611 0 0 0 -27 -68 0 -20 -63 -19 -24 42 84 83 25 20 15 10 14 34 35 45 55 16 10 11 5 
3643000 3643006 0 0 0 -26 -67 0 -19 -63 -19 -24 44 89 92 25 20 15 10 14 34 35 45 55 16 11 11 5 
4052000 4052293 0 0 0 -41 -73 0 -46 -76 -47 -52 31 94 94 25 20 16 10 15 35 35 45 55 16 10 4 5 
4063000 4063097 0 0 0 -6 -61 0 -3 -62 2 -3 60 101 96 25 20 16 10 15 35 35 45 55 16 13 12 5 
4083000 4083124 0 0 0 10 -52 0 13 -54 17 12 65 95 94 25 20 16 10 15 35 35 45 55 16 12 12 5 
4118500 4118590 0 0 0 -14 -79 0 -15 -78 -8 -13 63 96 93 25 20 15 10 14 34 35 45 55 16 12 10 5 
4146500 4146576 0 0 0 -22 -82 0 -13 -81 -5 -10 68 99 99 25 20 15 10 14 34 35 45 55 16 12 13 5 
4157000 4157102 0 0 0 -36 -74 0 -38 -75 -36 -41 32 91 94 25 20 15 10 14 34 35 45 55 16 12 11 5 
4224500 4224556 0 0 0 -59 -101 0 -63 -106 -60 -65 40 87 84 25 20 15 10 15 35 35 45 55 16 11 10 5 
4239500 4239596 0 0 0 -68 -94 0 -65 -88 -61 -66 20 86 91 25 20 15 10 15 35 35 45 55 16 10 10 5 
4248000 4248249 0 13 0 -5 -55 48 -1 -46 10 5 47 95 103 25 20 15 10 15 33 35 45 55 16 5 12 5 
4264500 4264600 0 0 0 -23 -66 0 -14 -57 -10 -15 30 107 101 25 20 15 10 15 33 35 45 55 16 12 12 5 
4299500 4299741 0 -1 1 8 -52 57 8 -50 19 14 59 92 76 25 20 14 10 14 34 35 45 55 16 10 11 5 
4305000 4305087 0 2 1 113 45 166 122 54 131 126 68 88 88 25 20 14 10 14 34 35 45 55 16 11 11 5 
4315000 4315039 0 -3 1 -17 -57 43 -21 -60 -18 -23 37 92 93 25 20 14 10 14 34 35 45 55 16 12 11 5 
4318000 4318143 0 0 0 -63 -114 0 -58 -113 -50 -55 55 87 86 25 20 14 10 14 34 35 45 55 16 11 11 5 
4327500 4327659 0 0 0 -60 -113 0 -56 -108 -45 -50 54 81 89 25 20 14 10 14 34 35 45 55 16 7 10 5 
4368500 4368593 0 0 0 -83 -111 0 -83 -109 -69 -74 25 77 77 25 20 14 10 14 34 35 45 55 16 10 10 5 
4375500 4375511 0 13 0 -50 -99 6 -40 -94 -29 -34 55 89 92 25 20 14 10 14 34 35 45 55 16 8 10 5 
4383500 4383615 0 0 0 -25 -80 0 -17 -76 -6 -11 60 96 91 25 20 14 10 14 34 35 45 55 16 13 12 5 
4392000 4392061 0 0 0 -24 -84 0 -28 -83 -17 -22 55 95 103 25 20 14 10 14 32 35 45 55 16 11 12 5 
4413500 4413507 0 -1 1 32 -32 58 42 -24 49 44 65 96 92 25 20 14 10 14 34 35 45 55 16 12 13 5 
4420000 4420095 0 2 1 156 66 183 146 72 158 153 75 95 104 25 20 14 10 14 32 35 45 55 16 13 11 5 
4435500 4435568 0 -3 1 12 -19 40 12 -20 11 6 29 96 97 25 20 15 10 14 34 35 45 55 16 11 11 5 
4513000 4513107 0 0 0 -35 -104 0 -36 -101 -30 -35 63 89 99 25 20 15 10 14 34 35 45 55 16 11 12 5 
4578500 4578536 0 0 0 -79 -114 0 -80 -112 -84 -89 30 95 99 25 20 16 10 14 34 35 45 55 16 13 12 5 
4607000 4607059 0 0 0 -102 -134 0 -99 -131 -101 -106 28 87 90 25 20 16 10 14 34 35 45 55 16 11 11 5 
4707000 4707065 0 0 0 -60 -101 0 -53 -98 -55 -60 44 89 89 25 20 16 10 14 34 35 45 55 16 11 12 5 
4768000 4768109 0 -1 1 3 -44 58 7 -41 7 2 48 88 88 25 20 16 10 14 34 35 45 55 16 11 11 5 
4783000 4784525 0 2 1 67 41 121 70 44 65 60 19 88 90 25 20 16 10 14 34 35 45 55 16 0 11 5 
4787500 4787558 0 -3 1 -12 -16 42 -12 -12 -20 -25 -10 84 78 25 20 16 10 14 34 35 45 55 16 11 11 5 
4832000 4832006 0 0 0 -50 -94 0 -55 -98 -54 -59 45 85 82 25 20 16 10 14 34 35 45 55 16 10 11 5 
4865500 4865523 0 0 0 -60 -101 0 -57 -100 -58 -63 39 91 90 25 20 16 10 14 34 35 45 55 16 12 12 5 
4934000 4934133 0 0 0 -42 -82 0 -45 -82 -45 -50 35 93 101 25 20 16 10 14 32 35 45 55 16 12 12 5 
4951000 4951060 0 0 0 -53 -95 0 -48 -90 -47 -52 42 90 94 25 20 16 10 14 34 35 45 55 16 12 12 5 
4980000 4980077 0 0 0 -47 -95 0 -40 -92 -43 -48 48 114 113 25 20 16 10 14 30 35 45 55 16 15 15 5 
5004500 5004597 0 0 0 -47 -95 0 -41 -96 -47 -52 54 89 92 25 20 16 10 14 34 35 45 55 16 11 11 5 
5035500 5035605 0 0 0 -77 -117 0 -72 -113 -76 -81 42 78 79 25 20 16 10 14 34 35 45 55 16 10 10 5 
5158000 5158050 0 0 0 -35 -65 0 -31 -61 -33 -38 29 80 78 25 20 16 10 15 35 35 45 55 16 10 10 5 
5334500 5334590 0 0 0 -53 -80 0 -49 -78 -52 -57 27 74 70 25 20 16 10 15 35 35 45 55 16 10 9 5 
5341000 5341068 0 13 0 -13 -54 12 -8 -51 -10 -15 42 85 90 25 20 16 10 15 35 35 45 55 16 9 12 5 
5347500 5347592 0 0 0 3 -63 0 7 -60 6 1 64 84 87 25 20 16 10 15 35 35 45 55 16 11 11 5 
5641000 5641003 0 0 0 -1 -50 0 -1 -49 -1 -6 49 81 80 25 20 16 10 15 35 35 45 55 16 11 10 5 
5694500 5694623 0 0 0 -5 -66 0 -4 -67 -5 -10 63 90 86 25 20 16 10 15 35 35 45 55 16 11 9 5 
5711000 5711124 0 0 0 -39 -64 0 -38 -63 -40 -45 24 81 72 25 20 16 10 15 35 35 45 55 16 10 6 5 
5765500 5765535 0 0 0 -45 -82 0 -46 -87 -50 -55 39 90 95 25 20 16 10 15 35 35 45 55 16 11 12 5 
5860500 5860631 0 -1 1 2 -42 59 3 -41 3 -2 41 91 90 25 20 16 10 15 35 35 45 55 16 12 12 5 
5865500 5865634 0 2 1 111 62 169 112 67 112 107 41 87 93 25 20 16 10 15 35 35 45 55 16 11 12 5 
5874500 5874607 0 -3 1 -13 -17 47 -21 -21 -30 -35 -8 81 77 25 20 16 10 15 35 35 45 55 16 10 10 5 
5934500 5934519 0 0 0 -68 -94 0 -71 -92 -76 -81 17 80 75 25 20 16 10 15 35 35 45 55 16 10 10 5 
6016000 6016149 0 -1 1 -10 -30 51 -17 -36 -19 -24 19 84 85 25 20 16 10 15 35 35 45 55 16 10 11 5 
6021500 6021500 0 2 1 141 93 201 147 100 145 140 46 80 80 25 20 16 10 15 35 35 45 55 16 10 10 5 
6037500 6037562 0 -3 1 -17 -8 42 -20 -11 -30 -35 -13 79 79 25 20 16 10 15 35 35 45 55 16 11 10 5 
6103000 6103033 0 0 0 -53 -85 0 -42 -84 -44 -49 40 86 86 25 20 16 10 15 35 35 45 55 16 4 9 5 
6161500 6161536 0 -1 1 6 -33 55 8 -31 5 0 40 86 86 25 20 16 10 15 35 35 45 55 16 8 10 5 
6166500 6166668 0 2 1 76 41 126 86 49 82 77 35 82 79 25 20 16 10 15 35 35 45 55 16 11 10 5 
6187500 6187619 0 -3 1 -90 -111 -42 -84 -107 -89 -94 18 83 89 25 20 16 10 15 35 35 45 55 16 10 11 5 
6264500 6264537 0 0 0 -43 -65 0 -41 -61 -46 -51 18 81 79 25 20 16 10 15 35 35 45 55 16 10 10 5 
6435000 6435038 0 0 0 -42 -79 0 -44 -83 -47 -52 37 79 83 25 20 16 10 15 35 35 45 55 16 10 10 5 
6465000 6465028 0 0 0 -37 -77 0 -34 -74 -38 -43 39 84 91 25 20 16 10 15 35 35 45 55 16 11 11 5 
6744500 6744520 0 0 0 -39 -70 0 -33 -65 -37 -42 31 80 82 25 20 16 10 15 35 35 45 55 16 10 9 5 
6780000 6780102 0 0 0 -40 -86 0 -42 -80 -40 -45 35 113 117 25 20 16 10 14 30 35 45 55 16 15 14 5 
6964000 6964039 0 0 0 -46 -91 0 -47 -88 -44 -49 42 98 100 25 20 16 10 14 32 35 45 55 16 12 13 5 
6996000 6996144 0 -1 1 2 -46 51 10 -45 15 10 59 102 93 25 20 16 10 14 34 35 45 55 16 13 13 5 
7004500 7004509 0 2 1 119 76 168 123 79 126 121 44 98 93 25 20 16 10 14 34 35 45 55 16 13 12 5 
7017000 7017055 0 -3 1 -3 -6 46 -18 -13 -30 -35 -13 88 88 25 20 16 10 14 34 35 45 55 16 11 10 5 
7093000 7093275 0 0 0 -55 -100 0 -57 -102 -56 -61 44 99 99 25 20 16 10 14 34 35 45 55 16 10 11 5 
7227500 7227565 0 -1 1 1 -54 55 11 -49 16 11 62 95 96 25 20 16 10 14 34 35 45 55 16 11 13 5 
7234500 7234612 0 2 1 95 43 149 105 51 108 103 53 87 94 25 20 16 10 14 34 35 45 55 16 11 11 5 
7243000 7243019 0 -3 1 -6 -22 48 -6 -21 -14 -19 8 84 79 25 20 16 10 14 34 35 45 55 16 9 9 5 
7319000 7319052 0 -1 1 10 -40 63 9 -39 13 8 49 91 94 25 20 16 10 14 34 35 45 55 16 11 11 5 
7329000 7329178 0 2 1 155 105 209 160 106 162 157 52 83 78 25 20 16 10 14 34 35 45 55 16 10 11 5 
7343000 7343190 0 -3 1 -9 -33 44 -15 -37 -16 -21 23 86 85 25 20 16 10 14 34 35 45 55 16 10 10 5 
7521000 7521029 0 -1 1 3 -50 55 3 -48 5 0 51 92 94 25 20 16 10 14 34 35 45 55 16 12 12 5 
7527000 7527045 0 2 1 98 39 150 109 47 113 108 62 92 90 25 20 16 10 14 34 35 45 55 16 12 12 5 
7532000 7532159 0 -3 1 -2 -36 50 -12 -41 -16 -21 26 88 90 25 20 16 10 14 34 35 45 55 16 11 11 5 
7741000 7741163 0 0 0 -50 -103 0 -48 -105 -49 -54 51 91 81 25 20 16 10 14 34 35 45 55 16 12 11 5 
7856000 7856017 0 0 0 -61 -109 0 -65 -113 -64 -69 48 95 94 25 20 16 10 14 34 35 45 55 16 12 12 5 
7875000 7875126 0 0 0 -18 -80 0 -11 -73 -9 -14 57 104 106 25 20 16 10 14 32 35 45 55 16 12 12 5 
7909500 7909541 0 0 0 -20 -108 0 -11 -108 -2 -7 98 101 99 25 20 16 10 14 34 35 45 55 16 14 11 5 
8013000 8013075 0 0 0 -24 -110 0 -23 -107 -12 -17 87 104 103 25 20 16 10 14 32 35 45 55 16 13 14 5 
8059500 8059531 0 0 0 -14 -91 0 -23 -87 -15 -20 65 105 110 25 20 16 10 14 30 35 45 55 16 14 13 5 
8123500 8123507 0 -1 1 -72 -134 -56 -80 -134 -80 -85 54 117 120 25 20 16 10 14 29 35 45 55 16 15 16 5 
8132000 8132087 0 2 1 190 111 207 196 119 198 193 78 116 118 25 20 16 10 14 30 35 45 55 16 15 14 5 
8143000 8143131 0 -3 1 32 -29 50 36 -26 36 31 59 100 95 25 20 16 10 14 34 35 45 55 16 13 12 5 
8311000 8311069 0 -1 1 26 -38 50 22 -40 28 23 64 90 82 25 20 16 10 14 34 35 45 55 16 12 11 5 
8319000 8319037 0 2 1 91 39 116 94 43 96 91 48 92 96 25 20 16 10 14 34 35 45 55 16 12 11 5 
8325500 8326021 0 -3 1 24 -2 49 0 -16 -5 -10 12 86 80 25 20 16 10 14 34 35 45 55 16 1 11 5 
8431500 8431586 0 -1 1 -79 -106 -50 -75 -104 -81 -86 24 86 84 25 20 16 10 14 34 35 45 55 16 12 10 5 
8440000 8440017 0 2 1 -120 -138 -90 -111 -134 -114 -119 19 88 80 25 20 16 10 14 34 35 45 55 16 11 10 5 
8446000 8446016 0 -3 1 -79 -103 -49 -73 -97 -78 -83 14 94 108 25 20 16 10 14 32 35 45 55 16 10 12 5 
8582000 8582071 0 0 0 -35 -86 0 -36 -87 -31 -36 52 90 89 25 20 15 10 14 34 35 45 55 16 12 11 5 
8620500 8620517 0 -1 1 22 -25 55 28 -18 32 27 45 103 107 25 20 15 10 14 32 35 45 55 16 13 14 5 
8644500 8644610 0 2 1 177 115 209 190 126 195 190 64 99 102 25 20 15 10 14 32 35 45 55 16 12 13 5 
8753000 8753109 0 -3 1 -70 -100 -46 -68 -100 -67 -72 30 85 84 25 20 15 10 14 34 35 45 55 16 10 12 5 
8902500 8902523 0 0 0 -15 -59 0 -40 -72 -36 -41 36 95 103 25 20 15 10 14 32 35 45 55 16 8 11 5 
9193000 9193095 0 0 0 -30 -80 0 -33 -80 -32 -37 47 85 84 25 20 15 10 14 34 35 45 55 16 11 11 5 
9210000 9210131 0 0 0 -25 -85 0 -20 -82 -15 -20 64 81 81 25 20 15 10 14 34 35 45 55 16 10 10 5 
9782000 9782045 0 0 0 -20 -55 0 -20 -54 -21 -26 35 74 74 25 20 15 10 14 34 35 45 55 16 9 9 5 
9840000 9840004 0 0 0 -30 -67 0 -27 -68 -26 -31 39 72 73 25 20 15 10 14 34 35 45 55 16 9 9 5 
9866000 9866241 0 0 0 -46 -87 0 -45 -86 -42 -47 37 91 91 25 20 15 10 14 34 35 45 55 16 9 12 5 
9967500 9967600 0 0 0 -41 -68 0 -41 -66 -42 -47 21 76 76 25 20 15 10 14 34 35 45 55 16 10 10 5 
10783000 10783040 0 0 0 -56 -80 0 -55 -76 -60 -65 21 80 79 25 20 16 10 14 34 35 45 55 16 10 10 5 
10801000 10801099 0 -1 1 -1 -40 54 4 -32 -2 -7 35 80 78 25 20 16 10 14 34 35 45 55 16 10 10 5 
10808000 10808149 0 2 1 135 61 190 138 66 134 129 72 82 79 25 20 16 10 14 34 35 45 55 16 11 10 5 
10815500 10815856 0 -3 1 -13 -19 41 -19 -18 -27 -32 -7 79 80 25 20 16 10 14 34 35 45 55 16 9 10 5 
10890000 10890108 0 0 0 -51 -95 0 -48 -86 -51 -56 37 79 77 25 20 16 10 14 34 35 45 55 16 10 10 5 
10919000 10919075 0 -1 1 5 -37 66 6 -35 7 2 42 82 80 25 20 16 10 14 34 35 45 55 16 11 10 5 
10937000 10937078 0 2 1 234 172 302 244 186 243 238 53 104 103 25 20 16 10 14 32 35 45 55 16 13 13 5 
10956000 10956087 0 -3 1 -27 -32 48 -35 -39 -43 -48 2 79 83 25 20 16 10 14 34 35 45 55 16 9 10 5 
10964000 10964199 0 0 0 -78 -109 0 -66 -99 -68 -73 31 74 71 25 20 16 10 14 34 35 45 55 16 9 9 5 
10968000 10968015 0 13 0 -41 -116 -3 -38 -121 -37 -42 86 91 94 25 20 16 10 14 34 35 45 55 16 8 12 5 
10972500 10972539 0 0 0 7 -100 0 26 -97 34 29 131 99 99 25 20 16 10 14 34 35 45 55 16 13 12 5 
10981000 10981035 0 0 0 1 -97 0 8 -92 13 8 105 107 109 25 20 16 10 14 32 35 45 55 16 14 14 5 
11032500 11032552 0 0 0 -94 -133 0 -92 -131 -94 -99 39 71 72 25 20 16 10 14 34 35 45 55 16 9 9 5 
11096000 11096147 0 0 0 -52 -84 0 -48 -85 -51 -56 35 75 74 25 20 16 10 14 34 35 45 55 16 9 10 5 
11109500 11109638 0 -1 1 -2 -27 51 -3 -26 -9 -14 20 73 71 25 20 16 10 14 34 35 45 55 16 9 9 5 
11137000 11137080 0 2 1 199 169 253 205 171 201 196 31 72 74 25 20 16 10 13 33 35 45 55 16 9 9 5 
11163000 11163056 0 -3 1 -106 -142 -49 -106 -141 -109 -114 32 73 67 25 20 16 10 14 34 35 45 55 16 8 9 5 
11168500 11168625 0 0 0 -57 -108 0 -49 -99 -50 -55 47 70 71 25 20 16 10 14 34 35 45 55 16 9 9 5 
11197500 11197576 0 0 0 3 -55 0 7 -55 5 0 59 83 84 25 20 16 10 14 34 35 45 55 16 11 11 5 
11217000 11217069 0 0 0 16 -53 0 21 -49 24 19 73 90 96 25 20 16 10 14 34 35 45 55 16 11 11 5 
11231000 11231247 0 0 0 -25 -65 0 -26 -64 -28 -33 36 81 81 25 20 16 10 14 34 35 45 55 16 8 9 5 
11345500 11345616 0 0 0 -34 -92 0 -28 -91 -28 -33 67 85 83 25 20 16 10 14 34 35 45 55 16 11 11 5 
11524500 11524596 0 0 0 -14 -57 0 -9 -51 -11 -16 41 78 75 25 20 16 10 14 34 35 45 55 16 10 10 5 
11554500 11554631 0 0 0 -25 -61 0 -21 -62 -23 -28 40 82 89 25 20 16 10 14 34 35 45 55 16 10 10 5 
11578000 11578117 0 0 0 -25 -64 0 -29 -65 -29 -34 38 78 84 25 20 16 10 15 35 35 45 55 16 10 10 5 
11602500 11602664 0 0 0 4 -59 0 8 -57 15 10 67 83 81 25 20 16 10 15 35 35 45 55 16 11 10 5 
11719500 11719624 0 0 0 4 -50 0 8 -46 11 6 57 89 88 25 20 16 10 14 34 35 45 55 16 10 11 5 
12275500 12275595 0 0 0 -3 -66 0 -9 -70 -3 -8 64 102 101 25 20 16 10 14 32 35 45 55 16 13 13 5 
12386000 12386089 0 0 0 -21 -86 0 -18 -85 -19 -24 69 83 87 25 20 16 10 14 34 35 45 55 16 11 11 5 
12457500 12457632 0 0 0 -23 -82 0 -23 -79 -26 -31 54 69 66 25 20 16 10 14 34 35 45 55 16 9 9 5 
12525000 12525172 0 0 0 -38 -89 0 -32 -83 -34 -39 52 71 72 25 20 16 10 14 34 35 45 55 16 9 9 5 
12554000 12554164 0 -1 1 28 -17 54 29 -13 27 22 42 76 70 25 20 16 10 14 34 35 45 55 16 9 10 5 
12581000 12581187 0 2 1 287 244 300 291 248 303 298 40 84 75 25 20 15 10 14 34 35 45 55 16 11 10 5 
12592000 12592092 0 -3 1 31 4 39 23 -5 26 21 30 87 95 25 20 15 10 14 34 35 45 55 16 10 10 5 
12618500 12618551 0 0 0 4 -65 0 9 -61 12 7 69 74 76 25 20 15 10 15 35 35 45 55 16 9 9 5 
12677000 12677131 0 0 0 -46 -84 0 -50 -86 -49 -54 34 72 68 25 20 15 10 15 35 35 45 55 16 9 9 5 
12723500 12723558 0 0 0 -59 -99 0 -59 -97 -60 -65 35 75 73 25 20 15 10 15 35 35 45 55 16 9 10 5 
12734500 12734561 0 -1 1 9 -29 58 8 -30 9 4 37 75 77 25 20 15 10 15 35 35 45 55 16 10 9 5 
12766000 12766032 0 2 1 230 204 253 243 215 255 250 38 82 84 25 20 15 10 15 35 35 45 55 16 11 10 5 
12773000 12773136 0 -3 1 20 1 36 11 -5 17 12 11 81 86 25 20 15 10 15 35 35 45 55 16 9 9 5 
12797000 12797160 0 0 0 4 -59 0 15 -53 25 20 65 71 68 25 20 15 10 15 35 35 45 55 16 9 9 5 
12862500 12862568 0 0 0 -37 -72 0 -40 -72 -38 -43 29 69 67 25 20 15 10 15 35 35 45 55 16 8 9 5 
12916000 12916138 0 -1 1 -83 -115 -52 -91 -115 -86 -91 21 90 96 25 20 15 10 15 35 35 45 55 16 8 9 5 
12960000 12960055 0 2 1 225 214 250 227 216 233 228 7 79 73 25 20 15 10 14 34 35 45 55 16 10 10 5 
12984000 12984228 0 -3 1 -64 -114 -42 -36 -93 -27 -32 56 66 66 25 20 15 10 15 35 35 45 55 16 8 9 5 
13012500 13012563 0 0 0 -18 -49 0 -17 -40 -12 -17 25 78 77 25 20 15 10 15 35 35 45 55 16 10 9 5 
13042500 13042602 0 0 0 8 -47 0 12 -44 18 13 51 69 72 25 20 15 10 15 35 35 45 55 16 9 9 5 
13175500 13175624 0 0 0 43 -21 0 43 -21 45 40 64 72 71 25 20 15 10 15 35 35 45 55 16 9 9 5 
13698500 13698613 0 0 0 6 -45 0 4 -47 6 1 53 75 81 25 20 15 10 15 35 35 45 55 16 11 9 5 
14102000 14102075 0 0 0 30 -19 0 42 -13 44 39 52 69 72 25 20 15 10 15 35 35 45 55 16 9 9 5 
14306500 14306694 0 0 0 -34 -75 0 -30 -74 -28 -33 43 73 73 25 20 15 10 15 35 35 45 55 16 9 9 5 
14359000 14359073 0 0 0 17 -35 0 24 -29 21 16 50 71 70 25 20 15 10 15 35 35 45 55 16 9 9 5 
14473000 14473061 0 0 0 15 -30 0 21 -26 20 15 45 70 71 25 20 15 10 15 35 35 45 55 16 8 9 5 
14488000 14488142 0 0 0 5 -32 0 0 -33 0 -5 33 80 75 25 20 15 10 15 35 35 45 55 16 10 10 5 
14492000 14492137 0 13 0 -31 -68 5 -32 -68 -30 -35 34 89 104 25 20 15 10 15 33 35 45 55 16 8 11 5 
14495500 14495609 0 0 0 -71 -93 0 -84 -104 -80 -85 19 65 61 25 20 15 10 15 35 35 45 55 16 7 8 5 
14518000 14518208 0 0 0 -23 -63 0 -23 -60 -21 -26 35 69 67 25 20 15 10 15 35 35 45 55 16 9 9 5 
14540500 14541046 0 0 0 -28 -61 0 -18 -57 -16 -21 42 81 84 25 20 15 10 15 35 35 45 55 16 7 8 5 
14555500 14555576 0 0 0 -32 -80 0 -33 -82 -29 -34 47 71 70 25 20 15 10 15 35 35 45 55 16 9 9 5 
14606500 14606598 0 0 0 -13 -48 0 -10 -46 -8 -13 42 77 69 25 20 15 10 15 35 35 45 55 16 10 9 5 
14682500 14682660 0 0 0 -33 -75 0 -27 -70 -17 -22 45 85 84 25 20 15 10 15 35 35 45 55 16 11 11 5 
14744000 14744182 0 0 0 -33 -67 0 -26 -59 -19 -24 39 75 72 25 20 15 10 15 35 35 45 55 16 10 9 5 
15199000 15199100 0 0 0 -15 -54 0 -15 -51 -15 -20 33 67 66 25 20 15 10 15 35 35 45 55 16 9 8 5 
15903000 15903136 0 0 0 -22 -65 0 -22 -65 -17 -22 44 73 70 25 20 15 10 15 35 35 45 55 16 9 9 5 
15918500 15918594 0 0 0 0 -35 0 5 -29 10 5 35 76 76 25 20 15 10 15 35 35 45 55 16 10 10 5 
15926000 15926117 0 13 0 -49 -74 -7 -43 -71 -42 -47 26 92 94 25 20 15 10 15 35 35 45 55 16 6 11 5 
15931000 15931126 0 0 0 -71 -86 0 -72 -87 -73 -78 7 79 78 25 20 15 10 15 35 35 45 55 16 10 10 5 
15938000 15938064 0 0 0 -77 -108 0 -72 -104 -68 -73 29 78 77 25 20 15 10 15 35 35 45 55 16 9 10 5 
16125500 16125610 0 0 0 -32 -74 0 -28 -70 -25 -30 43 73 75 25 20 15 10 15 35 35 45 55 16 9 9 5 
16139500 16139599 0 0 0 -20 -52 0 -22 -48 -22 -27 26 78 76 25 20 15 10 15 35 35 45 55 16 10 8 5 
16151000 16151010 0 0 0 -15 -70 0 -14 -68 -11 -16 55 84 86 25 20 15 10 15 35 35 45 55 16 11 11 5 
16167000 16167005 0 0 0 -11 -69 0 -11 -69 -7 -12 58 71 71 25 20 15 10 15 35 35 45 55 16 9 9 5 
16245000 16245050 0 0 0 -11 -60 0 -10 -60 -8 -13 50 71 70 25 20 15 10 15 35 35 45 55 16 9 9 5 
16317000 16317195 0 0 0 -10 -54 0 -10 -56 -8 -13 45 68 69 25 20 15 10 15 35 35 45 55 16 8 9 5 
16331000 16331183 0 0 0 -49 -90 0 -39 -81 -35 -40 41 69 71 25 20 15 10 15 35 35 45 55 16 8 9 5 
16458500 16458691 0 0 0 -20 -57 0 -19 -57 -17 -22 38 72 71 25 20 15 10 15 35 35 45 55 16 9 9 5 
16659500 16659528 0 0 0 -33 -68 0 -27 -61 -26 -31 35 71 68 25 20 15 10 15 35 35 45 55 16 9 9 5 
16713000 16713280 0 0 0 -13 -68 0 -9 -63 -4 -9 55 86 86 25 20 15 10 15 35 35 45 55 16 10 6 5 
16726000 16726151 0 0 0 -19 -61 0 -19 -61 -20 -25 42 82 85 25 20 15 10 15 35 35 45 55 16 12 9 5 
16971500 16971607 0 0 0 5 -45 0 8 -44 9 4 51 71 70 25 20 15 10 15 35 35 45 55 16 9 9 5 
17110500 17110540 0 0 0 -12 -44 0 -7 -41 -9 -14 31 69 64 25 20 15 10 15 35 35 45 55 16 9 9 5 
17360500 17360689 0 0 0 -15 -53 0 -19 -57 -20 -25 36 69 69 25 20 15 10 16 36 35 45 55 16 9 9 5 
17632500 17632579 0 0 0 -11 -54 0 -9 -54 -11 -16 46 71 70 25 20 15 10 15 35 35 45 55 16 9 9 5 
17870500 17870507 0 0 0 -33 -69 0 -27 -68 -24 -29 40 75 76 25 20 15 10 15 35 35 45 55 16 10 9 5 
17897000 17897049 0 0 0 -54 -90 0 -50 -84 -45 -50 34 89 93 25 20 15 10 15 35 35 45 55 16 11 11 5 
17934500 17934637 0 0 0 -57 -95 0 -55 -95 -51 -56 38 73 71 25 20 15 10 15 35 35 45 55 16 9 9 5 
18109000 18109037 0 0 0 -59 -97 0 -57 -95 -53 -58 38 73 75 25 20 15 10 15 35 35 45 55 16 9 9 5 
18307500 18307644 0 0 0 -26 -75 0 -19 -67 -20 -25 49 66 70 25 20 15 10 15 35 35 45 55 16 8 8 5 
18609500 18609741 0 0 0 -49 -84 0 -50 -82 -44 -49 31 67 60 25 20 15 10 16 36 35 45 55 16 8 9 5 
18798500 18798633 0 0 0 -61 -88 0 -54 -84 -57 -62 28 69 65 25 20 16 10 16 36 35 45 55 16 8 9 5 
18814000 18814199 0 0 0 -62 -86 0 -63 -86 -63 -68 25 71 75 25 20 16 10 16 36 35 45 55 16 9 9 5 
18820500 18820543 0 0 0 16 -29 0 30 -22 25 20 51 86 89 25 20 16 10 15 35 35 45 55 16 8 4 5 
18824500 18824513 0 13 0 -22 -60 6 -21 -57 -27 -32 34 91 87 25 20 16 10 15 35 35 45 55 16 7 5 5 
18828500 18828590 0 0 0 -72 -108 0 -66 -108 -70 -75 32 91 93 25 20 16 10 15 35 35 45 55 16 6 10 5 
18848500 18848607 0 0 0 -33 -85 0 -36 -84 -38 -43 48 92 94 25 20 16 10 14 34 35 45 55 16 10 11 5 
18932000 18932090 0 0 0 -47 -78 0 -45 -75 -48 -53 27 69 64 25 20 16 10 15 35 35 45 55 16 8 7 5 
19127000 19127138 0 0 0 -75 -94 0 -75 -93 -80 -85 15 67 63 25 20 16 10 15 35 35 45 55 16 9 8 5 
19145500 19145560 0 0 0 -74 -103 0 -82 -111 -86 -91 31 87 99 25 20 16 10 15 35 35 45 55 16 6 12 5 
19209500 19209632 0 0 0 -84 -96 0 -81 -92 -85 -90 10 69 71 25 20 16 10 15 35 35 45 55 16 9 8 5 
19237500 19237577 0 0 0 -80 -100 0 -75 -95 -80 -85 18 65 58 25 20 16 10 15 35 35 45 55 16 8 8 5 
19557000 19557031 0 0 0 -103 -83 0 -106 -77 -111 -116 -29 80 80 25 20 16 10 15 35 35 45 55 16 10 10 5 
19570500 19570594 0 0 0 -62 -94 0 -62 -95 -67 -72 32 74 72 25 20 16 10 15 35 35 45 55 16 9 9 5 
19579000 19579102 0 0 0 -43 -77 0 -45 -79 -50 -55 35 74 77 25 20 16 10 15 35 35 45 55 16 9 10 5 
19607000 19607082 0 0 0 -67 -97 0 -66 -99 -72 -77 34 74 76 25 20 16 10 15 35 35 45 55 16 10 9 5 
19623500 19623618 0 0 0 -102 -117 0 -99 -115 -105 -110 15 66 68 25 20 16 10 15 35 35 45 55 16 8 8 5 
19684000 19684062 0 0 0 -113 -115 0 -106 -107 -112 -117 -4 67 65 25 20 16 10 16 36 35 45 55 16 9 8 5 
19707000 19707010 0 0 0 -74 -92 0 -70 -88 -74 -79 17 76 77 25 20 16 10 15 35 35 45 55 16 8 8 5 
19716500 19716658 0 0 0 -44 -81 0 -52 -85 -53 -58 35 95 93 25 20 16 10 15 35 35 45 55 16 9 11 5 
19732500 19732602 0 0 0 -11 -59 0 -9 -54 -12 -17 43 105 108 25 20 16 10 15 33 35 45 55 16 10 12 5 
19749500 19749633 0 0 0 -25 -75 0 -29 -72 -30 -35 44 100 100 25 20 16 10 15 33 35 45 55 16 13 12 5 
19972500 19972521 0 0 0 -28 -92 0 -24 -90 -24 -29 68 102 108 25 20 16 10 14 32 35 45 55 16 13 13 5 
20201500 20201515 0 0 0 -43 -95 0 -29 -89 -34 -39 61 96 92 25 20 16 10 14 34 35 45 55 16 9 12 5 
20355000 20355003 0 -1 1 -100 -123 -53 -98 -120 -92 -97 23 105 106 25 20 15 10 15 33 35 45 55 16 13 14 5 
20503000 20503095 0 2 1 -191 -213 -140 -198 -222 -195 -200 23 116 119 25 20 15 10 14 30 35 45 55 16 15 15 5 
20540000 20540071 0 -3 1 -102 -153 -50 -95 -149 -88 -93 51 109 106 25 20 15 10 14 32 35 45 55 16 14 10 5 
20674000 20674158 0 0 0 -56 -101 0 -65 -106 -64 -69 41 91 94 25 20 15 10 14 34 35 45 55 16 11 12 5 
20838500 20838655 0 0 0 -111 -132 0 -109 -127 -107 -112 17 78 76 25 20 15 10 15 35 35 45 55 16 10 10 5 
20846500 20846549 0 0 0 -109 -137 0 -110 -134 -104 -109 24 80 82 25 20 15 10 15 35 35 45 55 16 10 10 5 
20854000 20854114 0 0 0 -64 -100 0 -56 -93 -54 -59 36 97 103 25 20 15 10 15 33 35 45 55 16 6 9 5 
20870500 20870544 0 0 0 -93 -123 0 -81 -111 -79 -84 29 93 93 25 20 15 10 15 35 35 45 55 16 5 12 5 
20894000 20894044 0 0 0 -139 -165 0 -144 -168 -140 -145 22 73 75 25 20 15 10 15 35 35 45 55 16 9 9 5 
20977500 20977663 0 0 0 -105 -116 0 -105 -114 -104 -109 3 76 79 25 20 15 10 15 35 35 45 55 16 10 9 5 
21017000 21017157 0 0 0 -138 -154 0 -134 -149 -133 -138 12 73 73 25 20 15 10 15 35 35 45 55 16 10 9 5 
21022500 21022539 0 13 0 -67 -114 31 -59 -111 -54 -59 50 96 104 25 20 15 10 15 33 35 45 55 16 8 12 5 
21025500 21025711 0 0 0 -77 -104 0 -79 -100 -79 -84 19 100 97 25 20 15 10 15 35 35 45 55 16 11 13 5 
21039500 21039641 0 0 0 -76 -110 0 -75 -110 -73 -78 31 87 87 25 20 15 10 15 35 35 45 55 16 11 11 5 
21054500 21054643 0 0 0 -103 -142 0 -105 -148 -103 -108 43 84 85 25 20 15 10 15 35 35 45 55 16 11 11 5 
21146000 21146187 0 0 0 -98 -111 0 -99 -107 -100 -105 5 78 78 25 20 15 10 15 35 35 45 55 16 10 10 5 
21195000 21195150 0 0 0 -88 -127 0 -80 -122 -77 -82 43 79 84 25 20 15 10 15 35 35 45 55 16 10 10 5 
21218000 21218134 0 0 0 -96 -124 0 -96 -122 -93 -98 25 78 83 25 20 15 10 15 35 35 45 55 16 10 10 5 
21222000 21222097 0 13 0 -53 -90 23 -42 -80 -38 -43 37 92 97 25 20 15 10 15 35 35 45 55 16 10 6 5 
21228500 21228532 0 0 0 -44 -70 0 -31 -63 -34 -39 24 102 99 25 20 15 10 15 35 35 45 55 16 8 10 5 
21237000 21237128 0 0 0 -74 -99 0 -70 -96 -70 -75 25 82 78 25 20 15 10 15 35 35 45 55 16 11 8 5 
21309000 21309829 0 0 0 -99 -102 0 -94 -106 -94 -99 5 95 95 25 20 15 10 14 34 35 45 55 16 3 3 5 
21478500 21478653 0 0 0 -86 -100 0 -81 -100 -76 -81 18 80 83 25 20 15 10 14 34 35 45 55 16 10 11 5 
21508500 21508666 0 0 0 -96 -134 0 -97 -136 -95 -100 37 80 82 25 20 15 10 14 34 35 45 55 16 11 10 5 
21534500 21534610 0 0 0 -106 -127 0 -97 -122 -95 -100 17 75 70 25 20 15 10 15 35 35 45 55 16 10 9 5 
21640500 21640500 0 0 0 -98 -115 0 -86 -111 -85 -90 20 74 72 25 20 15 10 15 35 35 45 55 16 9 9 5 
21651500 21651640 0 0 0 -85 -105 0 -83 -105 -81 -86 17 78 86 25 20 15 10 15 35 35 45 55 16 10 10 5 
21660000 21660019 0 0 0 -46 -76 0 -46 -77 -46 -51 25 83 91 25 20 15 10 15 35 35 45 55 16 10 11 5 
21728500 21728527 0 0 0 -65 -82 0 -61 -80 -58 -63 16 80 76 25 20 15 10 15 35 35 45 55 16 10 10 5 
21835500 21835569 0 0 0 -71 -88 0 -70 -89 -69 -74 9 77 81 25 20 15 10 15 35 35 45 55 16 10 10 5 
22010500 22010588 0 0 0 -91 -116 0 -93 -117 -86 -91 25 80 82 25 20 15 10 15 35 35 45 55 16 10 10 5 
22023500 22023668 0 0 0 -81 -108 0 -81 -114 -77 -82 31 81 80 25 20 15 10 15 35 35 45 55 16 10 10 5 
22111000 22111031 0 0 0 -94 -119 0 -95 -120 -92 -97 18 70 65 25 20 15 10 15 35 35 45 55 16 9 9 5 
22498000 22498011 0 0 0 -89 -104 0 -84 -99 -87 -92 8 68 68 25 20 15 10 15 35 35 45 55 16 8 9 5 
22530000 22530009 0 0 0 -64 -93 0 -60 -89 -55 -60 24 94 90 25 20 15 10 15 35 35 45 55 16 10 7 5 
22548500 22548641 0 0 0 -48 -75 0 -52 -80 -49 -54 26 76 64 25 20 15 10 15 35 35 45 55 16 10 9 5 
22723000 22723140 0 0 0 -71 -106 0 -70 -106 -67 -72 31 77 86 25 20 15 10 15 35 35 45 55 16 9 10 5 
22742500 22742637 0 -1 1 -41 -87 54 -34 -81 -30 -35 40 81 83 25 20 15 10 15 35 35 45 55 16 11 10 5 
22752500 22752571 0 2 1 89 52 196 97 58 92 87 25 70 68 25 20 15 10 15 35 35 45 55 16 9 9 5 
22765000 22765043 0 -3 1 -79 -86 44 -82 -90 -84 -89 -2 78 68 25 20 15 10 15 35 35 45 55 16 10 9 5 
22772000 22772049 0 0 0 -132 -133 0 -132 -134 -136 -141 -8 74 69 25 20 15 10 15 35 35 45 55 16 2 9 5 
22785000 22785043 0 0 0 -154 -165 0 -153 -166 -154 -159 3 71 67 25 20 15 10 15 35 35 45 55 16 9 9 5 
22793500 22793681 0 0 0 -106 -139 0 -103 -138 -101 -106 29 74 72 25 20 15 10 15 35 35 45 55 16 9 9 5 
22933000 22933127 0 0 0 -130 -146 0 -126 -147 -123 -128 15 68 64 25 20 15 10 15 35 35 45 55 16 9 9 5 
22966500 22966637 0 -1 1 -66 -88 61 -58 -82 -55 -60 19 72 78 25 20 15 10 15 35 35 45 55 16 9 9 5 
22970500 22970570 0 2 1 4 -31 130 11 -25 13 8 30 73 75 25 20 15 10 15 35 35 45 55 16 9 9 5 
22980500 22980637 0 -3 1 -79 -87 47 -74 -81 -72 -77 0 82 84 25 20 15 10 15 35 35 45 55 16 10 10 5 
23019500 23019568 0 0 0 -123 -154 0 -118 -153 -111 -116 30 67 59 25 20 15 10 15 35 35 45 55 16 8 8 5 
23053000 23053065 0 0 0 -135 -155 0 -135 -158 -126 -131 20 65 70 25 20 15 10 15 35 35 45 55 16 8 8 5 
23064500 23064512 0 0 0 -99 -121 0 -98 -119 -96 -101 9 81 78 25 20 15 10 15 35 35 45 55 16 10 8 5 
23317500 23317692 0 0 0 -100 -119 0 -99 -120 -92 -97 20 68 71 25 20 15 10 15 35 35 45 55 16 9 8 5 
161000 161055 1 0 0 -41 -85 0 -42 -82 -53 -9 41 95 109 25 20 15 10 14 32 35 45 55 16 10 11 5 
170500 170560 1 0 0 -10 -46 0 -8 -44 -20 24 35 92 84 25 20 15 10 14 34 35 45 55 16 12 12 5 
216500 216672 1 0 0 3 -25 0 0 -26 -13 31 26 90 90 25 20 15 10 14 34 35 45 55 16 10 12 5 
230500 230669 1 0 0 4 -27 0 7 -25 -3 41 33 84 72 25 20 15 10 14 34 35 45 55 16 7 8 5 
319000 319066 1 0 -1 0 0 0 0 0 0 35 0 86 72 25 20 15 10 14 34 35 45 55 16 11 11 5 
1215000 1215081 1 0 0 -1 -27 0 -8 -30 -19 25 22 98 103 25 20 15 10 14 32 35 45 55 16 12 13 5 
1230500 1230534 1 -1 1 50 8 50 63 15 53 97 48 109 108 25 20 14 10 13 31 35 45 55 16 10 15 5 
1248500 1248557 1 2 1 108 48 108 107 47 97 141 61 121 122 25 20 14 10 13 28 35 45 55 16 16 16 5 
1257500 1257617 1 -3 1 40 -4 39 50 -11 39 83 61 108 99 25 20 14 10 13 33 35 45 55 16 12 9 5 
1286000 1286136 1 0 0 1 -22 0 -2 -24 -14 30 21 89 92 25 20 14 10 13 33 35 45 55 16 11 12 5 
1653000 1653126 1 0 0 0 -16 0 1 -15 -8 36 17 85 88 25 20 14 10 14 34 35 45 55 16 11 11 5 
1901500 1901504 1 0 0 -8 -28 0 -6 -27 -18 26 20 86 93 25 20 14 10 14 34 35 45 55 16 11 12 5 
1922000 1922136 1 0 0 -12 -28 0 -10 -26 -22 22 16 73 68 25 20 14 10 14 34 35 45 55 16 9 9 5 
1931000 1931114 1 13 0 5 -23 -14 13 -17 2 46 29 91 96 25 20 14 10 14 34 35 45 55 16 8 10 5 
1939500 1939599 1 0 0 48 13 0 49 14 38 82 35 83 85 25 20 15 10 14 34 35 45 55 16 11 11 5 
1952000 1952210 1 0 0 1 -25 0 0 -25 -12 32 25 76 66 25 20 15 10 14 34 35 45 55 16 9 9 5 
1962000 1962115 1 0 0 30 -5 0 27 -6 17 61 34 82 77 25 20 15 10 14 34 35 45 55 16 10 11 5 
1972500 1972639 1 0 0 53 17 0 53 19 42 86 35 84 83 25 20 15 10 14 34 35 45 55 16 11 9 5 
2177000 2177070 1 0 0 16 -15 0 19 -13 9 53 32 78 76 25 20 15 10 14 34 35 45 55 16 10 10 5 
2244500 2244661 1 0 0 52 17 0 50 16 39 83 34 82 87 25 20 15 10 14 34 35 45 55 16 11 10 5 
2730000 2730081 1 0 0 24 -7 0 23 -9 12 56 33 79 77 25 20 15 10 14 34 35 45 55 16 9 10 5 
2741000 2741034 1 13 0 12 -6 14 13 -6 -1 43 17 89 88 25 20 15 10 14 34 35 45 55 16 11 6 5 
2752500 2752762 1 0 0 -28 -38 0 -39 -41 -48 -4 4 89 95 25 20 15 10 14 34 35 45 55 16 7 3 5 
2780500 2780651 1 0 0 -11 -29 0 -11 -30 -23 21 18 80 95 25 20 15 10 14 34 35 45 55 16 10 10 5 
2916500 2916525 1 0 0 -5 -14 0 -5 -14 -16 28 8 92 87 25 20 15 10 14 34 35 45 55 16 12 11 5 
3223000 3223026 1 0 0 -8 -28 0 -6 -28 -17 27 23 99 100 25 20 15 10 15 33 35 45 55 16 12 12 5 
3249500 3249543 1 -1 1 53 27 57 58 33 46 90 25 103 101 25 20 15 10 15 33 35 45 55 16 12 14 5 
3255500 3255559 1 2 1 87 65 90 83 63 71 115 18 114 117 25 20 15 10 15 31 35 45 55 16 14 13 5 
3271500 3271510 1 -3 1 46 9 47 50 13 39 83 37 107 108 25 20 15 10 15 33 35 45 55 16 14 14 5 
3409500 3409603 1 0 0 18 -3 0 23 2 12 56 21 94 87 25 20 15 10 14 34 35 45 55 16 12 12 5 
3436000 3436012 1 0 0 -10 -19 0 -4 -11 -14 30 8 98 95 25 20 15 10 14 34 35 45 55 16 12 10 5 
3492000 3492055 1 0 0 -5 -29 0 -5 -29 -17 27 23 81 78 25 20 15 10 14 34 35 45 55 16 10 10 5 
3577500 3577665 1 0 0 3 -21 0 4 -21 -9 35 24 87 88 25 20 15 10 14 34 35 45 55 16 11 10 5 
3643000 3643006 1 0 0 6 -11 0 8 -9 -4 40 16 89 92 25 20 15 10 14 34 35 45 55 16 11 11 5 
4049000 4049011 1 0 0 -1 -22 0 3 -18 -11 33 19 90 89 25 20 16 10 15 35 35 45 55 16 9 12 5 
4060500 4060579 1 0 0 -5 -20 0 -8 -22 -19 25 14 97 106 25 20 16 10 15 33 35 45 55 16 9 13 5 
4084500 4084506 1 0 0 5 -17 0 8 -15 -3 41 23 93 87 25 20 16 10 15 35 35 45 55 16 12 12 5 
4117500 4117650 1 0 0 7 -11 0 11 -7 -1 43 19 95 96 25 20 15 10 14 34 35 45 55 16 12 11 5 
4150500 4150648 1 0 0 8 -11 0 12 -8 1 45 19 101 97 25 20 15 10 14 34 35 45 55 16 12 7 5 
4159500 4159717 1 0 0 -5 -31 0 -7 -33 -20 24 27 89 81 25 20 15 10 14 34 35 45 55 16 9 10 5 
4227000 4227158 1 0 0 0 -21 0 1 -22 -11 33 22 88 90 25 20 15 10 15 35 35 45 55 16 10 11 5 
4241000 4241127 1 0 0 -10 -23 0 -11 -22 -21 23 12 87 82 25 20 15 10 15 35 35 45 55 16 10 7 5 
4249500 4249633 1 13 0 -12 -30 -21 -17 -35 -29 15 18 99 94 25 20 15 10 15 35 35 45 55 16 12 12 5 
4266500 4266604 1 0 0 45 7 0 44 9 35 79 34 106 115 25 20 15 10 15 31 35 45 55 16 12 14 5 
4319000 4319005 1 0 0 40 13 0 44 14 34 78 31 88 85 25 20 14 10 14 34 35 45 55 16 11 11 5 
4323000 4323087 1 13 0 -22 -20 -24 -28 -20 -40 4 -8 88 98 25 20 14 10 14 34 35 45 55 16 9 10 5 
4327500 4327659 1 0 0 -40 -38 0 -39 -37 -52 -8 -3 81 89 25 20 14 10 14 34 35 45 55 16 7 10 5 
4369500 4369578 1 0 0 -40 -50 0 -40 -50 -49 -5 13 78 78 25 20 14 10 14 34 35 45 55 16 10 10 5 
4382000 4382111 1 0 0 37 12 0 37 14 27 71 23 95 96 25 20 14 10 14 34 35 45 55 16 12 13 5 
4395000 4395141 1 0 0 42 12 0 48 13 37 81 35 94 92 25 20 14 10 14 34 35 45 55 16 11 13 5 
4415500 4415643 1 -1 1 -21 -39 -58 -31 -49 -42 2 19 100 91 25 20 14 10 14 34 35 45 55 16 13 13 5 
4430500 4430596 1 2 1 -83 -90 -116 -89 -93 -102 -58 3 96 101 25 20 14 10 14 32 35 45 55 16 11 12 5 
4436000 4436038 1 -3 1 -14 -46 -46 -3 -40 -14 30 35 94 95 25 20 15 10 14 34 35 45 55 16 9 12 5 
4518000 4518043 1 0 0 9 -5 0 4 -10 -6 38 15 94 90 25 20 15 10 14 34 35 45 55 16 12 12 5 
4581500 4581549 1 0 0 39 17 0 36 14 25 69 22 91 89 25 20 16 10 14 34 35 45 55 16 11 12 5 
4614500 4614610 1 0 0 -7 -19 0 -9 -20 -20 24 11 86 86 25 20 16 10 14 34 35 45 55 16 11 11 5 
4705500 4705665 1 0 0 19 6 0 23 8 11 55 14 87 86 25 20 16 10 14 34 35 45 55 16 11 11 5 
4769500 4769636 1 -1 1 -28 -37 -50 -27 -37 -38 6 9 89 89 25 20 16 10 14 34 35 45 55 16 11 12 5 
4773000 4773144 1 2 1 -62 -69 -85 -65 -73 -78 -34 6 89 85 25 20 16 10 14 34 35 45 55 16 11 11 5 
4787500 4787558 1 -3 1 -24 -52 -48 -22 -51 -34 10 29 84 78 25 20 16 10 14 34 35 45 55 16 11 11 5 
4834500 4834569 1 0 0 26 22 0 27 23 16 60 5 89 93 25 20 16 10 14 34 35 45 55 16 10 11 5 
4872000 4872156 1 0 0 41 24 0 42 24 30 74 18 90 94 25 20 16 10 14 34 35 45 55 16 11 11 5 
4937000 4937027 1 0 0 0 0 0 1 0 -12 32 1 94 99 25 20 16 10 14 34 35 45 55 16 9 11 5 
4952000 4952040 1 0 0 46 32 0 47 32 36 80 14 90 93 25 20 16 10 14 34 35 45 55 16 12 12 5 
4986500 4986525 1 0 0 56 11 0 46 5 35 79 41 108 115 25 20 16 10 14 30 35 45 55 16 14 14 5 
4992000 4992187 1 13 0 30 -4 6 31 -6 20 64 37 105 107 25 20 16 10 14 32 35 45 55 16 12 9 5 
5002000 5002120 1 0 0 -35 -50 0 -32 -48 -44 0 16 93 93 25 20 16 10 14 34 35 45 55 16 11 11 5 
5036500 5036593 1 0 0 -63 -68 0 -61 -66 -71 -27 6 77 77 25 20 16 10 14 34 35 45 55 16 10 10 5 
5160000 5160188 1 0 0 -46 -57 0 -48 -59 -60 -16 9 79 77 25 20 16 10 15 35 35 45 55 16 10 10 5 
5334500 5334590 1 0 0 -42 -52 0 -43 -54 -54 -10 10 74 70 25 20 16 10 15 35 35 45 55 16 10 9 5 
5348500 5348649 1 0 0 -42 -57 0 -39 -55 -52 -8 15 83 82 25 20 16 10 15 35 35 45 55 16 11 10 5 
5644000 5644177 1 0 0 -47 -62 0 -48 -64 -60 -16 14 81 83 25 20 16 10 15 35 35 45 55 16 10 10 5 
5694500 5694623 1 0 0 -24 -38 0 -22 -35 -32 12 13 90 86 25 20 16 10 15 35 35 45 55 16 11 9 5 
5709500 5709558 1 0 0 -3 -30 0 -1 -29 -11 33 28 84 77 25 20 16 10 15 35 35 45 55 16 10 9 5 
6262500 6262607 1 0 0 -3 -24 0 -7 -25 -20 24 17 81 78 25 20 16 10 15 35 35 45 55 16 11 10 5 
6437000 6437139 1 0 0 -21 -35 0 -22 -35 -32 12 13 80 87 25 20 16 10 15 35 35 45 55 16 10 10 5 
6463000 6463087 1 0 0 3 -10 0 2 -10 -9 35 12 84 85 25 20 16 10 15 35 35 45 55 16 9 11 5 
6746000 6746164 1 0 0 -18 -29 0 -22 -31 -34 10 8 76 68 25 20 16 10 15 35 35 45 55 16 9 9 5 
6761000 6761001 1 13 0 -33 -38 -41 -34 -40 -44 0 6 83 78 25 20 16 10 15 35 35 45 55 16 10 3 5 
6781000 6781034 1 0 0 42 10 0 58 20 47 91 38 114 109 25 20 16 10 14 32 35 45 55 16 15 15 5 
6966500 6966628 1 0 0 27 4 0 22 0 9 53 21 96 89 25 20 16 10 14 34 35 45 55 16 13 12 5 
7098500 7098626 1 0 0 26 4 0 24 2 12 56 22 93 96 25 20 16 10 14 34 35 45 55 16 12 12 5 
7320000 7320024 1 -1 1 -28 -37 -53 -24 -35 -34 10 12 91 94 25 20 16 10 14 34 35 45 55 16 11 12 5 
7329000 7329178 1 2 1 -65 -81 -90 -71 -87 -82 -38 16 83 78 25 20 16 10 14 34 35 45 55 16 10 11 5 
7339000 7339106 1 -3 1 -24 -54 -49 -29 -58 -40 4 27 83 92 25 20 16 10 14 34 35 45 55 16 10 11 5 
7740000 7740030 1 0 0 24 -1 0 22 -3 10 54 26 92 99 25 20 16 10 14 34 35 45 55 16 12 11 5 
7856000 7856017 1 0 0 22 -1 0 21 -1 10 54 23 95 94 25 20 16 10 14 34 35 45 55 16 12 12 5 
7880500 7880539 1 0 0 14 -19 0 8 -22 -5 39 28 107 109 25 20 16 10 14 32 35 45 55 16 14 14 5 
7915500 7915612 1 0 0 -7 -30 0 -6 -28 -18 26 22 101 103 25 20 16 10 14 32 35 45 55 16 13 13 5 
8016500 8016600 1 0 0 0 -16 0 1 -15 -9 35 16 102 106 25 20 16 10 14 32 35 45 55 16 14 13 5 
8062500 8062600 1 0 0 20 5 0 12 0 0 44 11 103 101 25 20 16 10 14 32 35 45 55 16 13 12 5 
8122500 8122606 1 -1 1 73 45 54 81 51 68 112 30 114 113 25 20 16 10 14 30 35 45 55 16 14 15 5 
8127500 8127584 1 2 1 121 84 102 122 82 111 155 39 122 120 25 20 16 10 14 29 35 45 55 16 16 16 5 
8135000 8135132 1 -3 1 68 31 49 73 31 63 107 42 111 107 25 20 16 10 14 32 35 45 55 16 15 13 5 
8584000 8584113 1 0 0 14 0 0 10 -4 -2 42 14 90 89 25 20 15 10 14 34 35 45 55 16 11 12 5 
8622500 8622504 1 -1 1 -39 -46 -50 -39 -45 -52 -8 6 101 107 25 20 15 10 14 32 35 45 55 16 14 11 5 
8647000 8647071 1 2 1 -144 -135 -153 -148 -138 -160 -116 -12 104 109 25 20 15 10 14 32 35 45 55 16 13 13 5 
8656500 8656531 1 -3 1 -41 -52 -49 -42 -53 -52 -8 10 93 92 25 20 15 10 14 34 35 45 55 16 12 11 5 
8764000 8764037 1 0 0 1 -15 0 0 -16 -11 33 17 89 91 25 20 15 10 14 34 35 45 55 16 11 11 5 
8898000 8898058 1 0 0 0 -33 0 -4 -36 -17 27 31 93 93 25 20 15 10 14 34 35 45 55 16 12 10 5 
9188500 9188674 1 0 0 2 -20 0 2 -20 -12 32 20 86 85 25 20 15 10 14 34 35 45 55 16 11 11 5 
9205500 9205672 1 0 0 -42 -53 0 -45 -57 -56 -12 14 85 85 25 20 15 10 14 34 35 45 55 16 11 10 5 
9791500 9791541 1 0 0 -62 -67 0 -66 -69 -78 -34 2 72 71 25 20 15 10 14 34 35 45 55 16 9 9 5 
9843500 9843687 1 0 0 -47 -54 0 -46 -53 -57 -13 8 73 72 25 20 15 10 14 34 35 45 55 16 9 9 5 
9857000 9857090 1 13 0 -32 -44 -16 -27 -42 -39 5 16 99 96 25 20 15 10 14 34 35 45 55 16 12 13 5 
9873500 9873547 1 0 0 22 -4 0 23 -1 12 56 24 81 81 25 20 15 10 14 34 35 45 55 16 9 10 5 
9980500 9980600 1 0 0 -10 -27 0 -8 -26 -18 26 19 75 77 25 20 15 10 14 34 35 45 55 16 9 9 5 
10783000 10783040 1 0 0 -3 -19 0 -5 -21 -15 29 16 80 79 25 20 16 10 14 34 35 45 55 16 10 10 5 
10893500 10893535 1 0 0 -5 -14 0 -7 -15 -19 25 8 78 76 25 20 16 10 14 34 35 45 55 16 10 9 5 
10922500 10922571 1 -1 1 -62 -63 -53 -59 -60 -71 -27 1 85 85 25 20 16 10 14 34 35 45 55 16 11 11 5 
10934500 10934515 1 2 1 -144 -135 -133 -149 -137 -161 -117 -12 100 103 25 20 16 10 14 32 35 45 55 16 12 13 5 
10941000 10941024 1 -3 1 -60 -73 -48 -60 -71 -71 -27 11 95 96 25 20 16 10 14 34 35 45 55 16 12 11 5 
10960500 10960653 1 0 0 -15 -39 0 -13 -39 -23 21 27 81 81 25 20 16 10 14 34 35 45 55 16 11 10 5 
10973500 10973620 1 0 0 -6 -13 0 -8 -14 -20 24 6 99 97 25 20 16 10 14 34 35 45 55 16 13 13 5 
10988500 10988557 1 0 0 68 37 0 70 39 59 103 30 114 114 25 20 16 10 14 30 35 45 55 16 15 15 5 
11034500 11034662 1 0 0 -24 -37 0 -23 -37 -35 9 13 71 74 25 20 16 10 14 34 35 45 55 16 9 9 5 
11099000 11099203 1 0 0 -33 -47 0 -31 -45 -43 1 15 75 68 25 20 16 10 14 34 35 45 55 16 10 9 5 
11171000 11171027 1 0 0 -47 -50 0 -48 -52 -61 -17 2 67 65 25 20 16 10 14 34 35 45 55 16 9 8 5 
11206000 11206150 1 0 0 -15 -24 0 -20 -27 -31 13 7 91 95 25 20 16 10 14 34 35 45 55 16 8 12 5 
11336000 11336025 1 0 0 -4 -27 0 -3 -26 -15 29 23 85 85 25 20 16 10 14 34 35 45 55 16 11 11 5 
11530500 11530674 1 0 0 -37 -53 0 -34 -51 -45 -1 18 78 77 25 20 16 10 14 34 35 45 55 16 10 10 5 
11554500 11554631 1 0 0 -19 -34 0 -16 -32 -26 18 17 82 89 25 20 16 10 14 34 35 45 55 16 10 10 5 
11582000 11582065 1 0 0 -52 -59 0 -53 -60 -64 -20 7 76 75 25 20 16 10 15 35 35 45 55 16 10 10 5 
11609000 11609150 1 0 0 -44 -51 0 -45 -53 -55 -11 9 79 76 25 20 16 10 15 35 35 45 55 16 10 9 5 
11720500 11720672 1 0 0 -29 -39 0 -32 -41 -42 2 12 88 88 25 20 16 10 14 34 35 45 55 16 11 11 5 
12283000 12283106 1 0 0 -9 -35 0 -16 -36 -25 19 22 99 101 25 20 16 10 14 32 35 45 55 16 13 12 5 
12390000 12390172 1 0 0 -20 -27 0 -25 -30 -36 8 6 83 83 25 20 16 10 14 34 35 45 55 16 10 11 5 
12463000 12463137 1 0 0 -52 -61 0 -54 -63 -64 -20 9 70 73 25 20 16 10 14 34 35 45 55 16 9 9 5 
12543500 12543704 1 0 0 -54 -62 0 -53 -60 -65 -21 5 72 68 25 20 16 10 14 34 35 45 55 16 9 9 5 
12620500 12620580 1 0 0 -50 -50 0 -50 -51 -62 -18 2 73 72 25 20 15 10 15 35 35 45 55 16 9 9 5 
12682500 12682718 1 0 0 -42 -49 0 -41 -49 -51 -7 8 67 63 25 20 15 10 15 35 35 45 55 16 8 8 5 
12699500 12699571 1 0 0 -1 -22 0 0 -20 -12 32 20 78 79 25 20 15 10 15 35 35 45 55 16 11 9 5 
12727500 12727587 1 0 0 -3 -22 0 -3 -22 -13 31 19 75 75 25 20 15 10 15 35 35 45 55 16 9 10 5 
12777000 12777042 1 0 0 0 -13 0 2 -10 -10 34 11 82 82 25 20 15 10 15 35 35 45 55 16 10 11 5 
12803500 12803718 1 0 0 -37 -44 0 -37 -44 -49 -5 6 70 72 25 20 15 10 15 35 35 45 55 16 9 9 5 
12862500 12862568 1 0 0 -25 -38 0 -24 -38 -36 8 13 69 67 25 20 15 10 15 35 35 45 55 16 8 9 5 
13020000 13020287 1 0 0 -35 -20 0 -40 -23 -52 -8 -18 85 88 25 20 15 10 15 35 35 45 55 16 8 10 5 
13046000 13046096 1 0 0 -62 -64 0 -62 -63 -75 -31 1 69 69 25 20 15 10 15 35 35 45 55 16 9 9 5 
13177500 13177689 1 0 0 -51 -56 0 -51 -55 -63 -19 4 72 72 25 20 15 10 15 35 35 45 55 16 9 9 5 
13712000 13712165 1 0 0 -50 -53 0 -49 -53 -61 -17 4 67 70 25 20 15 10 15 35 35 45 55 16 8 9 5 
14139500 14139637 1 0 0 -48 -53 0 -49 -55 -62 -18 4 68 68 25 20 15 10 15 35 35 45 55 16 9 8 5 
14312000 14312199 1 0 0 -61 -62 0 -62 -63 -74 -30 0 71 73 25 20 15 10 15 35 35 45 55 16 9 9 5 
14356000 14356099 1 0 0 -51 -56 0 -51 -56 -62 -18 6 71 75 25 20 15 10 15 35 35 45 55 16 9 9 5 
14519500 14519545 1 0 0 -54 -60 0 -54 -60 -65 -21 6 69 70 25 20 15 10 15 35 35 45 55 16 9 9 5 
14541000 14541046 1 0 0 -57 -58 0 -51 -57 -61 -17 7 83 84 25 20 15 10 15 35 35 45 55 16 7 8 5 
14544500 14544582 1 13 0 -27 -29 5 -25 -27 -36 8 2 86 89 25 20 15 10 15 35 35 45 55 16 12 11 5 
14549000 14549136 1 0 0 0 -18 0 -4 -22 -15 29 19 77 82 25 20 15 10 15 35 35 45 55 16 8 10 5 
14611500 14611650 1 0 0 -24 -36 0 -22 -36 -34 10 13 78 82 25 20 15 10 15 35 35 45 55 16 10 8 5 
14688500 14688599 1 0 0 -13 -30 0 -15 -31 -26 18 18 82 81 25 20 15 10 15 35 35 45 55 16 11 10 5 
14744000 14744182 1 0 0 -49 -53 0 -50 -54 -61 -17 3 75 72 25 20 15 10 15 35 35 45 55 16 10 9 5 
15208000 15208042 1 0 0 -62 -64 0 -65 -67 -78 -34 1 67 70 25 20 15 10 15 35 35 45 55 16 8 8 5 
15904000 15904198 1 0 0 -52 -61 0 -53 -63 -65 -21 8 72 72 25 20 15 10 15 35 35 45 55 16 9 9 5 
15921500 15921593 1 0 0 -50 -58 0 -43 -52 -55 -11 10 78 74 25 20 15 10 15 35 35 45 55 16 9 9 5 
15932000 15932073 1 0 0 -26 -37 0 -28 -39 -40 4 10 77 77 25 20 15 10 15 35 35 45 55 16 10 10 5 
15938500 15938631 1 0 0 -1 -17 0 -4 -19 -16 28 14 80 82 25 20 15 10 15 35 35 45 55 16 9 10 5 
16125000 16125005 1 0 0 -17 -38 0 -16 -37 -26 18 21 73 73 25 20 15 10 15 35 35 45 55 16 9 9 5 
16140000 16140180 1 0 0 -24 -45 0 -20 -44 -32 12 22 79 78 25 20 15 10 15 35 35 45 55 16 10 8 5 
16151500 16151527 1 0 0 -48 -54 0 -49 -56 -63 -19 5 83 88 25 20 15 10 15 35 35 45 55 16 11 10 5 
16168000 16168053 1 0 0 -67 -69 0 -67 -69 -77 -33 3 71 72 25 20 15 10 15 35 35 45 55 16 9 9 5 
16247500 16247607 1 0 0 -58 -60 0 -58 -60 -70 -26 2 71 68 25 20 15 10 15 35 35 45 55 16 9 9 5 
16318500 16318503 1 0 0 -47 -52 0 -48 -54 -59 -15 7 72 67 25 20 15 10 15 35 35 45 55 16 9 9 5 
16331000 16331183 1 0 0 -44 -52 0 -46 -54 -57 -13 7 69 71 25 20 15 10 15 35 35 45 55 16 8 9 5 
16459000 16459122 1 0 0 -52 -56 0 -50 -54 -60 -16 5 71 70 25 20 15 10 15 35 35 45 55 16 9 9 5 
16661000 16661084 1 0 0 -53 -57 0 -52 -56 -64 -20 2 71 68 25 20 15 10 15 35 35 45 55 16 9 9 5 
16715500 16715516 1 0 0 -8 -23 0 -8 -23 -20 24 14 86 93 25 20 15 10 15 35 35 45 55 16 7 11 5 
16726000 16726151 1 0 0 -47 -46 0 -50 -48 -60 -16 -1 82 85 25 20 15 10 15 35 35 45 55 16 12 9 5 
16974500 16974568 1 0 0 -42 -51 0 -44 -52 -55 -11 8 70 71 25 20 15 10 15 35 35 45 55 16 9 9 5 
17112000 17112075 1 0 0 -41 -48 0 -41 -48 -51 -7 8 69 68 25 20 15 10 15 35 35 45 55 16 9 9 5 
17366000 17366216 1 0 0 -39 -46 0 -38 -47 -51 -7 7 66 66 25 20 15 10 16 36 35 45 55 16 8 8 5 
17634000 17634058 1 0 0 -44 -52 0 -44 -52 -54 -10 8 71 72 25 20 15 10 15 35 35 45 55 16 9 9 5 
17872500 17872533 1 0 0 -59 -57 0 -63 -61 -75 -31 -1 75 74 25 20 15 10 15 35 35 45 55 16 9 9 5 
17900000 17900043 1 0 0 -22 -42 0 -23 -43 -34 10 18 75 70 25 20 15 10 15 35 35 45 55 16 10 9 5 
17933500 17933595 1 0 0 -41 -53 0 -40 -51 -50 -6 11 71 69 25 20 15 10 15 35 35 45 55 16 9 9 5 
18109000 18109037 1 0 0 -50 -56 0 -51 -58 -63 -19 6 73 75 25 20 15 10 15 35 35 45 55 16 9 9 5 
18310000 18310200 1 0 0 -35 -45 0 -34 -46 -44 0 11 64 61 25 20 15 10 15 35 35 45 55 16 8 8 5 
18613000 18613165 1 0 0 -48 -53 0 -51 -55 -61 -17 5 71 74 25 20 15 10 16 36 35 45 55 16 10 8 5 
18798500 18798633 1 0 0 -45 -54 0 -47 -54 -58 -14 7 69 65 25 20 16 10 16 36 35 45 55 16 8 9 5 
18813500 18813585 1 0 0 -51 -49 0 -53 -50 -64 -20 -2 71 73 25 20 16 10 16 36 35 45 55 16 9 9 5 
18821500 18822622 1 0 0 -19 -24 0 -20 -25 -31 13 4 88 86 25 20 16 10 15 35 35 45 55 16 4 7 5 
18830000 18830121 1 0 0 -2 -17 0 2 -15 -9 35 17 88 89 25 20 16 10 15 35 35 45 55 16 10 10 5 
18851500 18851586 1 0 0 -4 -16 0 1 -14 -9 35 15 91 87 25 20 16 10 14 34 35 45 55 16 10 12 5 
18937000 18937087 1 0 0 -25 -39 0 -27 -41 -37 7 15 69 66 25 20 16 10 15 35 35 45 55 16 8 8 5 
19128000 19128092 1 0 0 -32 -43 0 -31 -42 -42 2 12 67 63 25 20 16 10 15 35 35 45 55 16 8 8 5 
19144000 19144065 1 0 0 -35 -38 0 -40 -41 -52 -8 1 86 85 25 20 16 10 15 35 35 45 55 16 9 8 5 
19211500 19211663 1 0 0 -17 -26 0 -17 -27 -27 17 12 69 69 25 20 16 10 15 35 35 45 55 16 8 9 5 
19237500 19237577 1 0 0 -60 -61 0 -59 -60 -69 -25 1 65 58 25 20 16 10 15 35 35 45 55 16 8 8 5 
19559000 19559099 1 0 0 -43 -47 0 -43 -47 -52 -8 5 81 80 25 20 16 10 15 35 35 45 55 16 10 10 5 
19571000 19571006 1 0 0 -53 -56 0 -54 -57 -64 -20 4 74 75 25 20 16 10 15 35 35 45 55 16 9 9 5 
19579500 19579685 1 0 0 -47 -55 0 -47 -56 -59 -15 8 74 77 25 20 16 10 15 35 35 45 55 16 9 9 5 
19607500 19607673 1 0 0 -54 -58 0 -54 -58 -64 -20 5 74 76 25 20 16 10 15 35 35 45 55 16 10 9 5 
19624000 19624059 1 0 0 -44 -52 0 -45 -54 -55 -11 9 66 66 25 20 16 10 15 35 35 45 55 16 8 8 5 
19684000 19684062 1 0 0 -43 -51 0 -43 -49 -55 -11 8 67 65 25 20 16 10 16 36 35 45 55 16 9 8 5 
19708000 19708143 1 0 0 -44 -46 0 -42 -43 -53 -9 1 81 85 25 20 16 10 15 35 35 45 55 16 9 4 5 
19717500 19717649 1 0 0 -45 -44 0 -51 -46 -62 -18 -5 93 93 25 20 16 10 15 35 35 45 55 16 10 10 5 
19732500 19732602 1 0 0 -42 -54 0 -40 -52 -51 -7 12 105 108 25 20 16 10 15 33 35 45 55 16 10 12 5 
19756000 19756138 1 0 0 -2 -21 0 -1 -21 -11 33 20 92 88 25 20 16 10 15 35 35 45 55 16 12 10 5 
19978500 19978514 1 0 0 -2 -24 0 0 -22 -11 33 23 93 97 25 20 16 10 14 34 35 45 55 16 12 11 5 
20205000 20205135 1 0 0 -5 -29 0 -5 -30 -15 29 27 99 94 25 20 16 10 14 34 35 45 55 16 13 12 5 
20670000 20670082 1 0 0 17 -7 0 18 -6 5 49 25 89 91 25 20 15 10 14 34 35 45 55 16 11 11 5 
20839500 20839627 1 0 0 -19 -38 0 -25 -42 -37 7 16 77 75 25 20 15 10 15 35 35 45 55 16 10 10 5 
20846000 20846178 1 0 0 -10 -33 0 -14 -37 -25 19 22 79 81 25 20 15 10 15 35 35 45 55 16 10 10 5 
20854500 20854553 1 0 0 -34 -47 0 -32 -42 -44 0 10 97 100 25 20 15 10 15 33 35 45 55 16 8 8 5 
20873000 20873031 1 0 0 -32 -47 0 -28 -48 -41 3 17 89 91 25 20 15 10 15 35 35 45 55 16 12 11 5 
20897000 20897101 1 0 0 -51 -56 0 -51 -57 -63 -19 6 72 70 25 20 15 10 15 35 35 45 55 16 9 9 5 
20983000 20983188 1 0 0 -49 -53 0 -52 -53 -64 -20 0 76 80 25 20 15 10 15 35 35 45 55 16 10 10 5 
21015000 21015168 1 0 0 -58 -64 0 -59 -65 -71 -27 5 75 75 25 20 15 10 15 35 35 45 55 16 9 10 5 
21027000 21027049 1 0 0 -58 -60 0 -56 -58 -67 -23 2 101 106 25 20 15 10 15 33 35 45 55 16 12 13 5 
21041500 21041547 1 0 0 -12 -30 0 -11 -30 -23 21 19 86 87 25 20 15 10 15 35 35 45 55 16 11 11 5 
21056000 21056093 1 0 0 -11 -29 0 -15 -33 -26 18 18 84 82 25 20 15 10 15 35 35 45 55 16 11 11 5 
21142500 21142666 1 0 0 -48 -56 0 -49 -57 -60 -16 7 77 76 25 20 15 10 15 35 35 45 55 16 10 10 5 
21196000 21196098 1 0 0 -32 -46 0 -32 -46 -44 0 14 79 77 25 20 15 10 15 35 35 45 55 16 10 10 5 
21220500 21220648 1 0 0 -48 -57 0 -61 -63 -73 -29 1 83 74 25 20 15 10 15 35 35 45 55 16 10 10 5 
21233000 21233028 1 0 0 -10 -34 0 -8 -33 -18 26 25 85 81 25 20 15 10 15 35 35 45 55 16 12 10 5 
21243000 21243145 1 0 0 -1 -27 0 -1 -29 -12 32 28 88 85 25 20 15 10 15 35 35 45 55 16 11 10 5 
21309500 21309829 1 0 0 -3 -16 0 7 -9 -4 40 17 95 95 25 20 15 10 14 34 35 45 55 16 3 3 5 
21479500 21479524 1 0 0 -7 -28 0 -4 -25 -18 26 20 80 83 25 20 15 10 14 34 35 45 55 16 10 10 5 
21511500 21511522 1 0 0 -56 -60 0 -59 -62 -69 -25 4 77 77 25 20 15 10 14 34 35 45 55 16 10 10 5 
21535000 21535030 1 0 0 -49 -53 0 -51 -54 -62 -18 3 74 73 25 20 15 10 15 35 35 45 55 16 9 9 5 
21639000 21639061 1 0 0 -44 -48 0 -43 -46 -54 -10 4 72 70 25 20 15 10 15 35 35 45 55 16 9 9 5 
21652500 21652563 1 0 0 -15 -36 0 -11 -33 -23 21 23 81 75 25 20 15 10 15 35 35 45 55 16 10 9 5 
21660500 21660528 1 0 0 1 -20 0 0 -19 -11 33 19 84 82 25 20 15 10 15 35 35 45 55 16 11 10 5 
21731000 21731296 1 0 0 6 -18 0 12 -14 -1 43 26 82 83 25 20 15 10 15 35 35 45 55 16 10 11 5 
21837000 21837127 1 0 0 -39 -47 0 -39 -48 -52 -8 7 76 73 25 20 15 10 15 35 35 45 55 16 10 10 5 
22008500 22008692 1 0 0 -22 -33 0 -21 -33 -31 13 12 75 72 25 20 15 10 15 35 35 45 55 16 9 10 5 
22023500 22023668 1 0 0 -53 -55 0 -54 -55 -66 -22 1 81 80 25 20 15 10 15 35 35 45 55 16 10 10 5 
22114500 22114666 1 0 0 -42 -49 0 -41 -48 -52 -8 7 70 74 25 20 15 10 15 35 35 45 55 16 9 9 5 
22499000 22499081 1 0 0 -53 -54 0 -50 -53 -62 -18 2 68 70 25 20 15 10 15 35 35 45 55 16 9 8 5 
22528000 22528114 1 0 0 -56 -55 0 -59 -55 -71 -27 -5 81 83 25 20 15 10 15 35 35 45 55 16 9 10 5 
22541000 22541018 1 0 0 -20 -38 0 -15 -35 -26 18 21 78 72 25 20 15 10 15 35 35 45 55 16 8 5 5 
22722000 22722165 1 0 0 -33 -43 0 -33 -42 -44 0 10 75 70 25 20 15 10 15 35 35 45 55 16 9 10 5 
22772000 22772049 1 0 0 -10 -32 0 -11 -33 -23 21 21 74 69 25 20 15 10 15 35 35 45 55 16 2 9 5 
22783000 22783169 1 0 0 -17 -34 0 -16 -33 -29 15 16 74 76 25 20 15 10 15 35 35 45 55 16 10 9 5 
22790500 22790616 1 0 0 -27 -38 0 -27 -38 -39 5 10 75 75 25 20 15 10 15 35 35 45 55 16 9 9 5 
22938500 22938522 1 0 0 -30 -40 0 -33 -42 -45 -1 9 68 66 25 20 15 10 15 35 35 45 55 16 8 9 5 
23015500 23015684 1 0 0 -11 -28 0 -9 -27 -19 25 18 74 83 25 20 15 10 15 35 35 45 55 16 9 10 5 
23053000 23053065 1 0 0 -31 -35 0 -34 -36 -46 -2 2 65 70 25 20 15 10 15 35 35 45 55 16 8 8 5 
23063500 23063556 1 0 0 -5 -27 0 -12 -28 -24 20 15 81 80 25 20 15 10 15 35 35 45 55 16 10 9 5 
23317500 23317692 1 0 0 -2 -21 0 -3 -22 -13 31 20 68 71 25 20 15 10 15 35 35 45 55 16 9 8 5 
