41000 41033 0 0 0 -1 -107 0 -4 -107 -7 11 102 71 70 25 20 17 10 13 33 35 45 55 16 6 9 5 
131000 131083 0 0 0 -7 -114 0 -4 -111 -9 9 106 69 69 25 20 17 10 13 33 35 45 55 16 7 9 5 
194000 194017 0 0 -1 0 0 0 0 0 0 -12 0 79 77 25 20 17 10 13 33 35 45 55 16 7 10 5 
228000 228171 0 0 0 0 -106 0 0 -106 -4 14 105 73 72 25 20 17 10 13 33 35 45 55 16 9 8 5 
242000 242279 0 0 0 49 -63 0 49 -55 47 65 104 73 73 25 20 17 10 13 33 35 45 55 16 6 8 5 
322500 322701 0 0 0 64 -38 0 69 -41 80 98 116 71 72 25 20 17 10 13 33 35 45 55 16 9 8 5 
363000 363439 0 0 0 48 -50 0 56 -45 67 85 108 70 69 25 20 17 10 13 33 35 45 55 16 6 8 5 
401000 401149 0 0 0 -6 -77 0 6 -65 10 28 73 76 72 25 20 17 10 13 33 35 45 55 16 10 4 5 
473500 473557 0 0 0 -2 -89 0 6 -83 14 32 95 69 69 25 20 17 10 13 33 35 45 55 16 9 9 5 
583000 583184 0 0 0 13 -83 0 15 -80 23 41 97 64 63 25 20 17 10 13 33 35 45 55 16 8 8 5 
700500 700676 0 0 0 15 -66 0 18 -64 22 40 83 64 65 25 20 17 10 13 33 35 45 55 16 8 8 5 
720000 720058 0 0 0 33 -54 0 36 -51 42 60 88 63 64 25 20 17 10 13 33 35 45 55 16 8 8 5 
808000 808145 0 0 0 20 -62 0 24 -58 30 48 86 65 65 25 20 17 10 13 33 35 45 55 16 8 8 5 
877500 877553 0 0 0 11 -68 0 17 -64 22 40 81 63 63 25 20 17 10 13 33 35 45 55 16 8 8 5 
903500 903644 0 0 0 44 -47 0 49 -43 55 73 93 64 64 25 20 17 10 13 33 35 45 55 16 8 8 5 
916000 916145 0 0 0 -11 -85 0 -8 -81 -1 17 81 66 66 25 20 17 10 13 33 35 45 55 16 8 8 5 
931000 931124 0 0 0 18 -68 0 22 -64 29 47 90 70 69 25 20 17 10 13 33 35 45 55 16 8 9 5 
950500 951571 0 0 0 3 -84 0 1 -94 8 26 98 80 85 25 20 17 10 13 33 35 45 55 16 5 6 5 
1002000 1002025 0 0 0 -19 -99 0 -17 -95 -12 6 78 65 65 25 20 17 10 13 33 35 45 55 16 8 8 5 
1025500 1025629 0 0 0 -12 -95 0 -8 -91 -4 14 88 68 68 25 20 17 10 13 33 35 45 55 16 8 9 5 
1084000 1084150 0 0 0 -26 -99 0 -17 -91 -8 10 78 67 69 25 20 17 10 13 33 35 45 55 16 7 9 5 
1116500 1116597 0 0 0 -5 -92 0 -3 -89 2 20 88 66 65 25 20 17 10 13 33 35 45 55 16 8 8 5 
1192500 1192609 0 0 0 -1 -90 0 3 -88 6 24 92 70 69 25 20 17 10 13 33 35 45 55 16 9 9 5 
1274500 1274639 0 0 0 2 -84 0 9 -79 14 32 89 69 66 25 20 17 10 13 33 35 45 55 16 8 9 5 
1363000 1363107 0 0 0 -12 -94 0 -6 -89 -2 16 85 71 72 25 20 17 10 13 33 35 45 55 16 9 9 5 
1485000 1485013 0 -1 7 -62 -150 -50 -57 -144 -50 -32 94 77 78 25 20 17 10 13 33 35 45 55 16 10 10 5 
1812500 1812518 0 2 7 -149 -236 -138 -149 -234 -144 -126 84 91 90 25 20 16 10 12 32 35 45 55 16 12 12 5 
1892000 1892109 0 -3 7 -60 -167 -48 -58 -166 -60 -42 108 88 91 25 20 16 10 12 32 35 45 55 16 10 11 5 
1901500 1901573 0 -1 7 -66 -191 -55 -61 -188 -64 -46 125 80 81 25 20 16 10 12 32 35 45 55 16 10 10 5 
1952000 1952013 0 2 7 -149 -216 -138 -145 -209 -143 -125 64 84 85 25 20 16 10 12 32 35 45 55 16 11 11 5 
2067500 2067620 0 -3 7 -56 -173 -45 -43 -163 -37 -19 119 90 91 25 20 16 10 12 32 35 45 55 16 10 4 5 
2079500 2079684 0 -1 7 -63 -152 -52 -66 -152 -56 -38 92 85 88 25 20 16 10 13 33 35 45 55 16 8 11 5 
2142500 2142640 0 2 7 -109 -189 -98 -131 -201 -122 -104 81 80 83 25 20 16 10 13 33 35 45 55 16 6 5 5 
2166500 2166597 0 -3 7 -61 -164 -50 -54 -161 -47 -29 110 74 74 25 20 16 10 13 33 35 45 55 16 9 9 5 
2329000 2329203 0 0 0 -11 -101 0 -13 -99 -7 11 90 72 71 25 20 16 10 13 33 35 45 55 16 9 9 5 
2470500 2470512 0 0 0 -2 -102 0 2 -99 11 29 104 73 72 25 20 16 10 12 32 35 45 55 16 9 9 5 
2548000 2548130 0 0 0 -2 -95 0 2 -91 8 26 96 73 74 25 20 16 10 12 32 35 45 55 16 9 8 5 
2598000 2598141 0 -1 1 -46 -157 -50 -43 -152 -43 -25 107 68 68 25 20 17 10 13 33 35 45 55 16 7 9 5 
2613000 2613197 0 2 1 -96 -191 -101 -99 -195 -98 -80 96 73 77 25 20 17 10 13 33 35 45 55 16 9 9 5 
2667000 2667179 0 -3 1 -36 -127 -48 -30 -122 -18 0 96 68 68 25 20 17 10 13 33 35 45 55 16 9 9 5 
2712000 2712162 0 0 0 18 -77 0 23 -74 29 47 98 69 69 25 20 17 10 13 33 35 45 55 16 9 9 5 
2769500 2769682 0 0 0 15 -68 0 19 -64 26 44 87 73 74 25 20 17 10 13 33 35 45 55 16 9 9 5 
2823500 2823654 0 0 0 35 -56 0 36 -55 45 63 92 75 76 25 20 17 10 13 33 35 45 55 16 10 9 5 
2867000 2867052 0 0 0 24 -72 0 23 -71 32 50 97 75 74 25 20 17 10 13 33 35 45 55 16 9 10 5 
2949500 2949593 0 0 0 12 -87 0 20 -83 28 46 104 74 75 25 20 17 10 13 33 35 45 55 16 10 9 5 
2993000 2993176 0 0 0 2 -86 0 7 -73 18 36 86 72 72 25 20 17 10 13 33 35 45 55 16 9 9 5 
3008500 3008608 0 0 0 -33 -97 0 -30 -92 -18 0 71 74 75 25 20 17 10 14 34 35 45 55 16 9 9 5 
3059000 3059357 0 0 0 -29 -105 0 -25 -99 -5 13 89 70 67 25 20 17 10 14 34 35 45 55 16 8 9 5 
3204500 3204644 0 0 0 -58 -146 0 -55 -147 -49 -31 98 72 70 25 20 17 10 14 34 35 45 55 16 8 9 5 
3280500 3280625 0 0 0 -15 -98 0 -10 -98 0 18 93 70 70 25 20 17 10 14 34 35 45 55 16 9 9 5 
3528500 3528537 0 -1 7 -68 -158 -52 -62 -146 -58 -40 88 77 75 25 20 17 10 13 33 35 45 55 16 9 4 5 
3538000 3538002 0 2 7 -156 -229 -139 -162 -220 -162 -144 63 83 84 25 20 17 10 13 33 35 45 55 16 4 7 5 
3599000 3599025 0 -3 7 -67 -149 -50 -64 -147 -55 -37 88 74 73 25 20 17 10 13 33 35 45 55 16 10 9 5 
3609000 3609067 0 -1 7 -67 -141 -50 -64 -139 -56 -38 82 73 75 25 20 17 10 13 33 35 45 55 16 9 9 5 
3679000 3679098 0 2 7 -106 -188 -89 -100 -184 -96 -78 90 76 74 25 20 17 10 13 33 35 45 55 16 10 10 5 
3712500 3712633 0 -3 7 -67 -141 -49 -67 -138 -61 -43 75 80 77 25 20 17 10 13 33 35 45 55 16 9 6 5 
3761000 3761047 0 -1 7 -68 -183 -50 -65 -185 -58 -40 128 84 85 25 20 17 10 13 33 35 45 55 16 11 11 5 
3896500 3896567 0 2 7 -241 -325 -222 -246 -330 -245 -227 89 94 93 25 20 17 10 13 33 35 45 55 16 10 10 5 
4056000 4056014 0 -3 7 -69 -170 -49 -60 -164 -52 -34 110 82 82 25 20 17 10 13 33 35 45 55 16 10 11 5 
4151000 4151122 0 0 0 -21 -120 0 -16 -115 -20 -2 99 73 74 25 20 17 10 12 32 35 45 55 16 9 9 5 
4252000 4252161 0 -1 7 -79 -210 -54 -89 -213 -82 -64 128 77 76 25 20 15 10 13 33 35 45 55 16 10 10 5 
4300500 4300547 0 2 7 -156 -248 -129 -150 -243 -145 -127 102 78 79 25 20 15 10 13 33 35 45 55 16 10 10 5 
4370000 4370145 0 -3 7 -79 -160 -49 -70 -154 -65 -47 83 65 68 25 20 15 10 13 33 35 45 55 16 7 8 5 
4483000 4483115 0 0 0 -35 -105 0 -31 -102 -28 -10 74 61 60 25 20 15 10 13 33 35 45 55 16 8 8 5 
4646000 4646103 0 0 0 -23 -92 0 -19 -88 -15 3 71 60 60 25 20 15 10 13 33 35 45 55 16 7 8 5 
4857000 4857395 0 0 0 -38 -100 0 -34 -97 -24 -6 70 59 59 25 20 15 10 14 34 35 45 55 16 6 7 5 
4875500 4875513 0 0 0 -8 -74 0 -4 -69 6 24 73 59 58 25 20 15 10 14 34 35 45 55 16 7 7 5 
4893000 4893097 0 0 0 -33 -92 0 -29 -87 -25 -7 62 56 57 25 20 15 10 14 34 35 45 55 16 7 7 5 
4927500 4927714 0 0 0 -68 -118 0 -63 -114 -54 -36 52 56 58 25 20 15 10 14 34 35 45 55 16 7 7 5 
5228500 5228755 0 0 0 -74 -118 0 -69 -112 -59 -41 50 61 60 25 20 15 10 14 34 35 45 55 16 7 8 5 
5234000 5234422 0 13 0 -38 -82 4 -28 -71 -20 -2 51 66 70 25 20 15 10 14 34 35 45 55 16 5 9 5 
5239500 5239744 0 0 0 -8 -67 0 -4 -63 5 23 64 61 60 25 20 15 10 14 34 35 45 55 16 8 8 5 
5257500 5257728 0 0 0 -48 -98 0 -46 -95 -40 -22 51 56 57 25 20 15 10 14 34 35 45 55 16 7 7 5 
5405500 5405618 0 0 0 -73 -105 0 -72 -103 -64 -46 42 63 64 25 20 15 10 14 34 35 45 55 16 7 8 5 
5417000 5417089 0 0 0 -45 -93 0 -40 -89 -32 -14 55 58 59 25 20 15 10 14 34 35 45 55 16 7 7 5 
5552500 5552732 0 0 0 -47 -98 0 -43 -93 -32 -14 57 59 60 25 20 15 10 14 34 35 45 55 16 7 7 5 
5557000 5557446 0 13 0 8 -65 0 20 -56 23 41 86 67 70 25 20 15 10 13 33 35 45 55 16 5 9 5 
5561000 5561247 0 0 0 57 -24 0 63 -17 66 84 85 62 59 25 20 15 10 13 33 35 45 55 16 8 7 5 
5591000 5591062 0 0 0 41 -35 0 48 -28 40 58 79 61 60 25 20 14 10 13 33 35 45 55 16 7 8 5 
5594500 5594571 0 13 0 3 -65 -12 5 -63 0 18 70 66 70 25 20 14 10 13 33 35 45 55 16 4 9 5 
5598500 5598617 0 0 0 -17 -77 0 -16 -75 -17 1 64 62 60 25 20 14 10 13 33 35 45 55 16 8 7 5 
5647500 5647841 0 0 0 2 -72 0 2 -70 9 27 72 62 61 25 20 13 10 14 34 35 45 55 16 5 5 5 
5663000 5663029 0 0 0 -22 -88 0 -17 -84 -20 -2 63 59 59 25 20 14 10 14 34 35 45 55 16 7 7 5 
5712000 5712213 0 0 0 -40 -100 0 -36 -97 -29 -11 64 58 60 25 20 14 10 14 34 35 45 55 16 7 7 5 
5751500 5751700 0 0 0 -40 -99 0 -37 -94 -34 -16 61 58 56 25 20 14 10 14 34 35 45 55 16 7 6 5 
5790500 5790509 0 0 0 -28 -92 0 -23 -86 -24 -6 63 60 69 25 20 14 10 14 34 35 45 55 16 8 7 5 
5855500 5855642 0 0 0 -50 -105 0 -52 -100 -42 -24 51 60 60 25 20 15 10 13 33 35 45 55 16 7 7 5 
5882000 5882030 0 0 0 16 -60 0 22 -55 22 40 84 74 70 25 20 15 10 13 33 35 45 55 16 9 9 5 
5887000 5887078 0 0 0 -10 -73 0 -7 -68 -5 13 66 76 75 25 20 15 10 13 33 35 45 55 16 10 9 5 
5908500 5908666 0 0 0 3 -86 0 5 -89 17 35 101 75 74 25 20 15 10 13 33 35 45 55 16 6 5 5 
5956000 5956254 0 0 0 0 -82 0 4 -78 1 19 82 77 78 25 20 15 10 13 33 35 45 55 16 8 9 5 
5968000 5968175 0 0 0 -21 -92 0 -22 -90 -15 3 75 77 80 25 20 15 10 13 33 35 45 55 16 7 7 5 
5979500 5979539 0 0 0 -52 -117 0 -55 -111 -50 -32 64 76 76 25 20 15 10 13 33 35 45 55 16 8 8 5 
5999500 5999590 0 0 0 -31 -121 0 -29 -117 -28 -10 96 71 69 25 20 15 10 13 33 35 45 55 16 9 9 5 
6005500 6005601 0 0 0 -43 -125 0 -38 -119 -40 -22 81 71 70 25 20 15 10 13 33 35 45 55 16 9 9 5 
6082500 6082534 0 0 0 4 -100 0 10 -95 19 37 112 67 64 25 20 16 10 13 33 35 45 55 16 9 8 5 
6096500 6096679 0 -1 1 -57 -132 -60 -49 -125 -44 -26 76 84 88 25 20 16 10 13 33 35 45 55 16 8 11 5 
6100000 6100006 0 2 1 -199 -240 -202 -215 -245 -215 -197 34 101 103 25 20 16 10 13 31 35 45 55 16 13 12 5 
6105500 6105557 0 -3 1 -47 -183 -49 -30 -179 -13 5 160 100 97 25 20 16 10 13 33 35 45 55 16 13 13 5 
6121000 6121064 0 -1 7 -52 -157 -53 -54 -163 -50 -32 109 72 70 25 20 16 10 13 33 35 45 55 16 8 8 5 
6183500 6183531 0 2 7 -114 -172 -110 -111 -169 -106 -88 60 71 72 25 20 16 10 13 33 35 45 55 16 9 9 5 
6241000 6241216 0 -3 7 -57 -150 -49 -53 -146 -41 -23 103 70 70 25 20 16 10 13 33 35 45 55 16 9 9 5 
6321500 6321640 0 0 0 -15 -108 0 -9 -102 -12 6 94 71 70 25 20 16 10 13 33 35 45 55 16 9 9 5 
6515500 6515574 0 0 0 14 -97 0 17 -91 13 31 107 76 76 25 20 16 10 13 33 35 45 55 16 10 10 5 
6682500 6682617 0 0 0 5 -101 0 9 -97 20 38 109 76 77 25 20 16 10 13 33 35 45 55 16 8 10 5 
6714500 6714624 0 -1 7 -48 -133 -53 -45 -129 -36 -18 90 75 75 25 20 16 10 13 33 35 45 55 16 9 10 5 
6739000 6739023 0 2 7 -112 -182 -117 -110 -180 -104 -86 74 80 82 25 20 16 10 13 33 35 45 55 16 10 10 5 
6847500 6847670 0 -3 7 -47 -137 -50 -42 -134 -33 -15 101 82 87 25 20 16 10 13 33 35 45 55 16 9 10 5 
7301000 7301061 0 0 0 -1 -80 0 1 -76 7 25 79 62 62 25 20 16 10 13 33 35 45 55 16 8 8 5 
7460500 7460520 0 0 0 -4 -82 0 0 -77 3 21 79 61 61 25 20 16 10 13 33 35 45 55 16 8 8 5 
7818000 7818145 0 -1 7 -53 -128 -51 -46 -118 -39 -21 80 77 75 25 20 16 10 13 33 35 45 55 16 10 10 5 
7835500 7835635 0 2 7 -92 -159 -90 -85 -149 -78 -60 73 81 79 25 20 16 10 13 33 35 45 55 16 10 10 5 
7902500 7902658 0 -3 7 -50 -140 -48 -45 -137 -40 -22 92 65 64 25 20 16 10 13 33 35 45 55 16 8 8 5 
8264000 8264046 0 0 0 0 -83 0 5 -79 10 28 86 64 63 25 20 16 10 13 33 35 45 55 16 8 8 5 
8411500 8411705 0 0 0 -27 -101 0 -25 -96 -21 -3 75 68 68 25 20 16 10 13 33 35 45 55 16 9 8 5 
8518000 8518063 0 0 0 -13 -95 0 -10 -91 -4 14 84 64 64 25 20 16 10 13 33 35 45 55 16 8 8 5 
8574000 8574052 0 -1 1 -86 -145 -70 -71 -134 -75 -57 63 81 80 25 20 15 10 12 32 35 45 55 16 9 11 5 
8579500 8579623 0 2 1 -319 -364 -303 -316 -364 -315 -297 48 104 107 25 20 15 10 12 30 35 45 55 16 14 13 5 
8719500 8719720 0 -3 1 -71 -136 -50 -69 -132 -64 -46 66 64 63 25 20 16 10 13 33 35 45 55 16 8 8 5 
8823500 8823583 0 0 0 -26 -96 0 -22 -91 -17 1 71 65 64 25 20 16 10 13 33 35 45 55 16 8 8 5 
8870500 8870555 0 0 0 -24 -98 0 -20 -92 -12 6 83 79 81 25 20 16 10 13 33 35 45 55 16 10 10 5 
8890500 8890518 0 0 0 -13 -94 0 -13 -92 -6 12 84 70 69 25 20 16 10 13 33 35 45 55 16 9 9 5 
9018500 9018518 0 0 0 2 -82 0 6 -78 14 32 88 67 69 25 20 16 10 13 33 35 45 55 16 8 8 5 
9101000 9101165 0 0 0 -25 -93 0 -23 -88 -15 3 70 70 70 25 20 16 10 13 33 35 45 55 16 9 9 5 
9292500 9292584 0 0 0 -31 -106 0 -25 -99 -21 -3 75 72 70 25 20 16 10 13 33 35 45 55 16 9 9 5 
9474500 9474677 0 0 0 -19 -89 0 -15 -85 -10 8 73 65 64 25 20 16 10 13 33 35 45 55 16 8 8 5 
9637500 9637704 0 0 0 -20 -86 0 -16 -81 -13 5 63 60 59 25 20 16 10 13 33 35 45 55 16 7 7 5 
9649500 9649552 0 0 0 -8 -77 0 -5 -74 -1 17 70 60 60 25 20 16 10 13 33 35 45 55 16 8 8 5 
9800500 9800522 0 0 0 -38 -109 0 -34 -104 -30 -12 71 64 64 25 20 16 10 13 33 35 45 55 16 8 8 5 
10040500 10040607 0 0 0 -29 -92 0 -25 -89 -21 -3 65 65 65 25 20 16 10 13 33 35 45 55 16 8 8 5 
10054500 10054696 0 0 0 -43 -111 0 -40 -106 -36 -18 65 65 63 25 20 16 10 13 33 35 45 55 16 8 8 5 
10079000 10079079 0 0 0 -34 -107 0 -30 -102 -26 -8 75 65 63 25 20 16 10 13 33 35 45 55 16 8 8 5 
10144500 10144684 0 -1 1 -97 -145 -60 -83 -134 -80 -62 52 82 86 25 20 16 10 13 33 35 45 55 16 8 11 5 
10149500 10149526 0 2 1 -288 -323 -251 -288 -324 -288 -270 36 105 106 25 20 16 10 13 31 35 45 55 16 14 14 5 
10272500 10272664 0 -3 1 -91 -145 -49 -85 -140 -82 -64 59 72 71 25 20 16 10 13 33 35 45 55 16 9 9 5 
10463500 10463603 0 -1 7 -100 -176 -50 -96 -171 -83 -65 81 74 68 25 20 16 10 13 33 35 45 55 16 10 9 5 
10506500 10506525 0 2 7 -160 -232 -109 -155 -228 -136 -118 74 76 77 25 20 16 10 14 34 35 45 55 16 10 10 5 
10607000 10607180 0 -3 7 -98 -158 -43 -73 -136 -50 -32 71 70 68 25 20 16 10 14 34 35 45 55 16 9 6 5 
10824500 10824551 0 0 0 -63 -124 0 -57 -118 -45 -27 65 57 57 25 20 16 10 14 34 35 45 55 16 7 6 5 
11249000 11249099 0 0 0 14 -51 0 19 -46 30 48 67 57 55 25 20 16 10 14 34 35 45 55 16 7 7 5 
11377500 11377663 0 0 0 17 -48 0 19 -44 29 47 66 58 57 25 20 16 10 14 34 35 45 55 16 7 7 5 
11450500 11450676 0 0 0 41 -28 0 46 -23 49 67 69 57 57 25 20 16 10 14 34 35 45 55 16 7 7 5 
11617500 11617539 0 0 0 50 -19 0 54 -15 59 77 71 58 58 25 20 16 10 14 34 35 45 55 16 7 7 5 
11838500 11838647 0 0 0 56 -17 0 60 -13 63 81 74 59 59 25 20 16 10 14 34 35 45 55 16 7 8 5 
11941500 11941710 0 0 0 71 -3 0 74 1 81 99 76 60 60 25 20 16 10 14 34 35 45 55 16 7 7 5 
11947000 11947106 0 13 0 5 -57 -22 7 -54 9 27 64 66 70 25 20 16 10 14 34 35 45 55 16 5 6 5 
11952000 11952089 0 0 0 -14 -66 0 -10 -60 -8 10 50 60 57 25 20 16 10 14 34 35 45 55 16 8 7 5 
12001000 12001233 0 0 0 0 -58 0 4 -53 6 24 59 62 61 25 20 16 10 14 34 35 45 55 16 8 8 5 
12010500 12010566 0 0 0 26 -40 0 30 -36 34 52 68 60 60 25 20 16 10 14 34 35 45 55 16 8 7 5 
12026000 12026222 0 0 0 23 -41 0 27 -37 32 50 67 59 59 25 20 16 10 14 34 35 45 55 16 7 7 5 
12129000 12129213 0 0 0 41 -26 0 44 -22 48 66 67 57 57 25 20 16 10 14 34 35 45 55 16 7 7 5 
12133500 12133556 0 13 0 -19 -69 -6 -38 -81 -34 -16 44 66 66 25 20 16 10 14 34 35 45 55 16 8 8 5 
12136000 12136057 0 0 0 -43 -88 0 -53 -95 -50 -32 44 72 78 25 20 16 10 14 34 35 45 55 16 8 9 5 
12143500 12143648 0 0 0 -6 -63 0 0 -56 2 20 58 58 57 25 20 16 10 14 34 35 45 55 16 7 7 5 
12243500 12243669 0 0 0 -24 -75 0 -20 -70 -16 2 50 57 56 25 20 16 10 14 34 35 45 55 16 7 7 5 
12277500 12277715 0 0 0 9 -49 0 14 -43 17 35 59 58 58 25 20 16 10 14 34 35 45 55 16 7 7 5 
12437000 12437177 0 0 0 61 -11 0 66 -7 70 88 74 59 59 25 20 16 10 14 34 35 45 55 16 7 8 5 
12445000 12445032 0 0 0 81 5 0 85 10 91 109 78 59 58 25 20 16 10 14 34 35 45 55 16 7 7 5 
12451000 12451178 0 13 0 19 -44 -19 18 -45 22 40 66 68 72 25 20 16 10 14 34 35 45 55 16 8 9 5 
12455000 12455125 0 0 0 10 -49 0 13 -46 14 32 60 60 60 25 20 16 10 14 34 35 45 55 16 8 7 5 
12570000 12570215 0 0 0 -15 -69 0 -11 -65 -8 10 54 56 57 25 20 16 10 14 34 35 45 55 16 7 7 5 
12575000 12575172 0 13 0 -8 -65 39 -4 -55 0 18 56 63 65 25 20 16 10 14 34 35 45 55 16 7 5 5 
12578000 12578019 0 0 0 -66 -114 0 -76 -120 -76 -58 43 71 72 25 20 16 10 14 34 35 45 55 16 6 10 5 
12581000 12582260 0 13 0 -20 -80 0 51 -21 51 69 68 72 74 25 20 16 10 14 34 35 45 55 16 0 8 5 
12585000 12585087 0 0 0 41 -26 0 44 -21 47 65 66 59 54 25 20 16 10 14 34 35 45 55 16 8 7 5 
12669000 12669212 0 0 0 22 -35 0 25 -31 29 47 57 55 55 25 20 16 10 14 34 35 45 55 16 7 7 5 
12786000 12786100 0 0 0 7 -51 0 10 -47 13 31 59 56 55 25 20 16 10 14 34 35 45 55 16 7 7 5 
12789000 12789644 0 13 0 25 -43 -5 38 -33 44 62 70 61 66 25 20 16 10 14 34 35 45 55 16 6 8 5 
12793000 12793013 0 0 0 62 -8 0 64 -4 69 87 71 58 55 25 20 16 10 14 34 35 45 55 16 7 7 5 
12816500 12816629 0 0 0 64 -4 0 68 1 73 91 70 59 59 25 20 16 10 14 34 35 45 55 16 7 7 5 
12825000 12825158 0 0 0 71 0 0 77 6 82 100 74 62 63 25 20 16 10 14 34 35 45 55 16 8 7 5 
12831500 12831581 0 0 0 74 4 0 83 9 88 106 74 61 59 25 20 16 10 14 34 35 45 55 16 7 5 5 
12843000 12843224 0 0 0 106 24 0 111 28 117 135 87 62 58 25 20 16 10 14 34 35 45 55 16 7 8 5 
12857000 12857190 0 0 0 94 16 0 96 19 101 119 77 61 60 25 20 16 10 14 34 35 45 55 16 8 8 5 
12865000 12865144 0 0 0 53 -16 0 57 -13 61 79 71 56 55 25 20 16 10 14 34 35 45 55 16 7 7 5 
12878000 12878086 0 0 0 58 -11 0 63 -6 66 84 71 58 57 25 20 16 10 14 34 35 45 55 16 7 7 5 
12881500 12881555 0 -1 1 -7 -60 -63 19 -39 21 39 57 77 73 25 20 16 10 14 34 35 45 55 16 8 10 5 
12885000 12885015 0 2 1 -180 -219 -232 -188 -224 -189 -171 35 103 106 25 20 16 10 14 32 35 45 55 16 13 14 5 
12892500 12892571 0 -3 1 8 -122 -38 17 -114 24 42 135 91 93 25 20 16 10 14 34 35 45 55 16 12 11 5 
12896500 12896610 0 0 0 43 -88 0 48 -82 57 75 139 79 78 25 20 16 10 14 34 35 45 55 16 10 10 5 
12925000 12925025 0 0 0 -99 -135 0 -102 -135 -99 -81 33 60 61 25 20 16 10 14 34 35 45 55 16 7 8 5 
12931500 12931673 0 0 0 -70 -114 0 -67 -110 -64 -46 45 57 57 25 20 16 10 14 34 35 45 55 16 7 7 5 
13019500 13019667 0 0 0 -22 -73 0 -17 -68 -16 2 50 57 56 25 20 16 10 14 34 35 45 55 16 7 7 5 
13023000 13023163 0 13 0 -64 -106 5 -55 -98 -51 -33 39 66 69 25 20 16 10 14 34 35 45 55 16 7 7 5 
13026500 13026636 0 0 0 -116 -141 0 -117 -143 -113 -95 30 72 77 25 20 16 10 14 34 35 45 55 16 9 9 5 
13033000 13033089 0 0 0 -72 -109 0 -67 -104 -65 -47 37 55 54 25 20 16 10 14 34 35 45 55 16 7 7 5 
13166000 13166257 0 0 0 -50 -100 0 -48 -99 -39 -21 54 57 55 25 20 16 10 14 34 35 45 55 16 7 7 5 
13171500 13171641 0 0 0 -104 -149 0 -111 -159 -76 -58 54 68 68 25 20 16 10 14 34 35 45 55 16 8 4 5 
13176000 13176035 0 13 0 -7 -76 27 1 -68 24 42 65 69 71 25 20 16 10 14 34 35 45 55 16 5 9 5 
13180500 13180578 0 0 0 37 -31 0 45 -22 50 68 68 59 57 25 20 16 10 14 34 35 45 55 16 7 7 5 
13203500 13203712 0 0 0 61 -18 0 66 -13 64 82 76 56 56 25 20 16 10 14 34 35 45 55 16 7 7 5 
13215500 13215525 0 0 0 84 4 0 89 9 87 105 79 58 59 25 20 16 10 14 34 35 45 55 16 7 7 5 
13253000 13253180 0 0 0 43 -26 0 45 -24 46 64 69 55 56 25 20 16 10 14 34 35 45 55 16 7 7 5 
13343500 13343594 0 0 0 34 -42 0 37 -39 40 58 75 57 57 25 20 16 10 14 34 35 45 55 16 7 7 5 
13519000 13519008 0 0 0 44 -26 0 47 -22 51 69 69 58 60 25 20 16 10 14 34 35 45 55 16 7 7 5 
13653000 13653093 0 0 0 61 -15 0 65 -10 67 85 76 58 60 25 20 16 10 14 34 35 45 55 16 7 7 5 
13950500 13950581 0 0 0 60 -16 0 66 -10 71 89 78 60 57 25 20 16 10 14 34 35 45 55 16 7 7 5 
13961500 13961755 0 0 0 98 14 0 105 20 110 128 87 59 57 25 20 16 10 14 34 35 45 55 16 7 7 5 
14102000 14102150 0 0 0 74 -8 0 76 -6 86 104 80 58 58 25 20 16 10 14 34 35 45 55 16 7 7 5 
14223500 14223636 0 0 0 90 7 0 95 11 109 127 86 61 60 25 20 16 10 14 34 35 45 55 16 8 8 5 
14591000 14591171 0 0 0 99 20 0 103 23 114 132 82 61 62 25 20 16 10 14 34 35 45 55 16 8 8 5 
14623000 14623162 0 0 0 58 -15 0 64 -10 72 90 73 55 56 25 20 16 10 14 34 35 45 55 16 7 7 5 
14686500 14686586 0 0 0 19 -45 0 24 -40 37 55 66 56 58 25 20 16 10 14 34 35 45 55 16 7 7 5 
14757000 14757243 0 0 0 -6 -62 0 -2 -57 7 25 59 56 54 25 20 16 10 14 34 35 45 55 16 7 7 5 
15011000 15011243 0 0 0 16 -39 0 22 -35 25 43 58 55 55 25 20 16 10 14 34 35 45 55 16 7 7 5 
15041000 15041026 0 0 0 -8 -56 0 -4 -52 -1 17 51 53 54 25 20 16 10 14 34 35 45 55 16 6 7 5 
15057000 15057116 0 0 0 -16 -65 0 -10 -62 -8 10 52 55 56 25 20 16 10 14 34 35 45 55 16 7 7 5 
15064000 15064003 0 13 0 17 -41 -22 18 -40 23 41 59 69 70 25 20 16 10 14 34 35 45 55 16 5 8 5 
15069500 15069712 0 0 0 83 10 0 88 15 93 111 73 54 51 25 20 16 10 14 34 35 45 55 16 6 7 5 
15134000 15134109 0 0 0 114 39 0 116 42 119 137 73 63 63 25 20 16 10 14 34 35 45 55 16 8 8 5 
15249000 15249090 0 0 0 108 23 0 113 27 110 128 86 64 61 25 20 16 10 13 33 35 45 55 16 7 8 5 
15254000 15254226 0 0 0 70 0 0 73 4 70 88 69 61 60 25 20 16 10 13 33 35 45 55 16 8 7 5 
15302000 15302121 0 0 0 88 11 0 91 14 90 108 79 63 64 25 20 16 10 13 33 35 45 55 16 8 8 5 
15305000 15305031 0 -1 1 18 -38 -64 41 -22 38 56 63 78 74 25 20 16 10 13 33 35 45 55 16 8 9 5 
15309000 15309036 0 2 1 -157 -174 -230 -168 -177 -170 -152 9 96 97 25 20 16 10 13 33 35 45 55 16 13 12 5 
15317000 15317183 0 -3 1 12 -63 -45 22 -53 20 38 76 72 72 25 20 16 10 13 33 35 45 55 16 9 9 5 
15322500 15322535 0 0 0 45 -33 0 51 -27 49 67 78 62 63 25 20 16 10 13 33 35 45 55 16 8 7 5 
15333500 15333727 0 0 0 -14 -63 0 -10 -58 -12 6 49 53 52 25 20 16 10 13 33 35 45 55 16 6 7 5 
15352000 15352086 0 0 0 -29 -77 0 -25 -72 -29 -11 46 53 53 25 20 16 10 13 33 35 45 55 16 6 7 5 
15438500 15438609 0 0 0 -22 -75 0 -19 -72 -22 -4 53 53 52 25 20 16 10 13 33 35 45 55 16 7 6 5 
15445500 15445733 0 0 0 -6 -63 0 -1 -57 -5 13 55 55 55 25 20 16 10 13 33 35 45 55 16 7 7 5 
15565500 15565717 0 0 0 32 -28 0 36 -24 35 53 62 57 56 25 20 16 10 13 33 35 45 55 16 7 7 5 
15700500 15700642 0 0 0 34 -28 0 38 -25 36 54 64 56 57 25 20 16 10 13 33 35 45 55 16 7 7 5 
15814500 15814634 0 0 0 50 -10 0 54 -5 51 69 58 57 60 25 20 16 10 13 33 35 45 55 16 7 7 5 
16142000 16142223 0 0 0 50 -18 0 56 -12 54 72 69 63 63 25 20 16 10 13 33 35 45 55 16 7 8 5 
16154500 16154747 0 0 0 87 13 0 92 18 91 109 75 56 57 25 20 16 10 13 33 35 45 55 16 7 7 5 
16270500 16270659 0 0 0 77 8 0 81 12 78 96 69 57 57 25 20 16 10 13 33 35 45 55 16 7 7 5 
16514000 16514069 0 0 0 89 17 0 93 22 88 106 72 58 57 25 20 16 10 13 33 35 45 55 16 7 7 5 
16762500 16762758 0 0 0 83 16 0 88 21 81 99 67 55 56 25 20 16 10 13 33 35 45 55 16 7 7 5 
16976000 16976153 0 0 0 82 15 0 87 20 82 100 66 58 58 25 20 16 10 13 33 35 45 55 16 7 7 5 
17022000 17022216 0 0 0 55 -10 0 59 -6 53 71 65 55 56 25 20 16 10 13 33 35 45 55 16 7 7 5 
17117000 17117072 0 0 0 81 15 0 86 20 81 99 65 56 57 25 20 16 10 13 33 35 45 55 16 7 7 5 
17131000 17131041 0 0 0 41 -27 0 39 -29 35 53 67 76 79 25 20 16 10 13 33 35 45 55 16 6 9 5 
17142000 17142064 0 13 0 -32 -76 -24 -26 -70 -27 -9 45 71 68 25 20 16 10 13 33 35 45 55 16 10 8 5 
17148000 17148047 0 0 0 -35 -76 0 -31 -74 -32 -14 43 59 59 25 20 16 10 13 33 35 45 55 16 7 7 5 
17163500 17163501 0 0 0 -36 -79 0 -31 -76 -32 -14 46 60 60 25 20 16 10 13 33 35 45 55 16 7 8 5 
17187000 17187248 0 0 0 -64 -101 0 -61 -99 -60 -42 38 54 55 25 20 16 10 13 33 35 45 55 16 6 7 5 
17307000 17307277 0 0 0 -61 -93 0 -57 -89 -54 -36 31 53 53 25 20 16 10 14 34 35 45 55 16 7 7 5 
17414000 17414088 0 0 0 -45 -80 0 -40 -75 -36 -18 36 54 55 25 20 16 10 14 34 35 45 55 16 7 7 5 
17495000 17495172 0 0 0 -14 -55 0 -10 -49 -2 16 43 59 61 25 20 16 10 15 35 35 45 55 16 7 8 5 
17501000 17501177 0 -1 1 -77 -111 -59 -81 -112 -76 -58 33 79 79 25 20 16 10 14 34 35 45 55 16 9 12 5 
17504500 17504624 0 2 1 -218 -236 -198 -231 -246 -232 -214 18 98 99 25 20 16 10 13 33 35 45 55 16 13 12 5 
17511500 17511592 0 -3 1 -65 -147 -41 -57 -142 -36 -18 92 77 79 25 20 16 10 14 34 35 45 55 16 10 10 5 
17516000 17516074 0 0 0 -27 -99 0 -22 -94 -14 4 74 64 63 25 20 16 10 14 34 35 45 55 16 8 8 5 
17528000 17528051 0 0 0 -62 -104 0 -57 -98 -53 -35 43 54 54 25 20 16 10 14 34 35 45 55 16 7 7 5 
17540000 17540198 0 0 0 -94 -126 0 -89 -120 -87 -69 31 52 51 25 20 16 10 14 34 35 45 55 16 6 6 5 
17600500 17600518 0 0 0 -104 -135 0 -99 -131 -97 -79 32 52 53 25 20 16 10 14 34 35 45 55 16 6 6 5 
17803000 17803268 0 0 0 -48 -88 0 -44 -84 -32 -14 40 51 50 25 20 16 10 15 35 35 45 55 16 6 6 5 
17884000 17884221 0 0 0 -40 -79 0 -35 -75 -27 -9 41 52 52 25 20 16 10 15 35 35 45 55 16 6 6 5 
18405000 18405141 0 0 0 -28 -68 0 -24 -64 -18 0 42 52 50 25 20 16 10 15 35 35 45 55 16 7 6 5 
18482000 18482233 0 0 0 -16 -52 0 -13 -49 -1 17 44 51 49 25 20 16 10 15 35 35 45 55 16 6 6 5 
18570000 18570073 0 0 0 -33 -69 0 -28 -65 -20 -2 34 51 51 25 20 16 10 15 35 35 45 55 16 6 6 5 
18659500 18659765 0 0 0 -12 -50 0 -8 -45 1 19 35 52 53 25 20 16 10 15 35 35 45 55 16 6 6 5 
18719000 18719218 0 0 0 34 -19 0 40 -14 56 74 56 52 53 25 20 16 10 15 35 35 45 55 16 6 6 5 
18739500 18739635 0 0 0 -3 -39 0 1 -35 10 28 39 53 53 25 20 16 10 15 35 35 45 55 16 7 7 5 
18857000 18857054 0 0 0 -24 -62 0 -20 -57 -12 6 39 51 52 25 20 16 10 15 35 35 45 55 16 6 6 5 
18878500 18878905 0 0 0 -11 -49 0 3 -36 14 32 39 57 54 25 20 16 10 15 35 35 45 55 16 6 5 5 
18887000 18887136 0 0 0 -41 -68 0 -37 -65 -29 -11 31 57 53 25 20 16 10 15 35 35 45 55 16 7 4 5 
18898000 18898046 0 0 0 -44 -75 0 -39 -71 -30 -12 34 53 52 25 20 16 10 15 35 35 45 55 16 7 6 5 
18910500 18910555 0 0 0 -48 -76 0 -41 -71 -35 -17 28 53 53 25 20 16 10 15 35 35 45 55 16 7 7 5 
18921500 18921577 0 0 0 -9 -50 0 -6 -46 3 21 43 56 55 25 20 16 10 15 35 35 45 55 16 7 7 5 
19020000 19020132 0 0 0 -38 -72 0 -33 -68 -22 -4 36 52 53 25 20 16 10 15 35 35 45 55 16 6 6 5 
19035500 19035528 0 0 0 -29 -64 0 -25 -61 -12 6 39 54 50 25 20 16 10 15 35 35 45 55 16 4 6 5 
19173500 19173643 0 0 0 -47 -87 0 -46 -84 -40 -22 35 52 49 25 20 16 10 14 34 35 45 55 16 6 6 5 
19185000 19185033 0 0 0 -6 -47 0 -2 -43 10 28 44 53 54 25 20 16 10 14 34 35 45 55 16 6 7 5 
19223500 19223613 0 0 0 -5 -48 0 0 -43 9 27 41 53 54 25 20 16 10 14 34 35 45 55 16 7 7 5 
19239500 19239602 0 0 0 -29 -64 0 -25 -59 -17 1 37 49 47 25 20 16 10 14 34 35 45 55 16 6 6 5 
19252500 19252703 0 0 0 -47 -82 0 -43 -78 -37 -19 37 51 51 25 20 16 10 14 34 35 45 55 16 6 6 5 
19291000 19291172 0 0 0 -47 -84 0 -42 -78 -40 -22 37 53 53 25 20 16 10 14 34 35 45 55 16 7 6 5 
19302500 19302637 0 0 0 -37 -69 0 -33 -68 -23 -5 37 72 76 25 20 16 10 14 34 35 45 55 16 7 10 5 
19311500 19311503 0 0 0 -36 -71 0 -31 -69 -21 -3 35 77 79 25 20 16 10 14 34 35 45 55 16 9 9 5 
19338000 19338023 0 0 0 24 -30 0 28 -27 39 57 56 73 75 25 20 16 10 14 34 35 45 55 16 8 8 5 
19358500 19358674 0 0 0 8 -39 0 13 -34 18 36 48 62 59 25 20 16 10 14 34 35 45 55 16 8 7 5 
19372500 19372761 0 0 0 -44 -76 0 -41 -72 -35 -17 33 58 57 25 20 16 10 14 34 35 45 55 16 7 8 5 
19428000 19428222 0 0 0 -52 -96 0 -49 -91 -45 -27 42 56 57 25 20 16 10 14 34 35 45 55 16 7 7 5 
19527000 19527024 0 0 0 -39 -84 0 -34 -79 -29 -11 45 55 55 25 20 16 10 14 34 35 45 55 16 7 7 5 
19566500 19566503 0 0 0 -41 -86 0 -37 -83 -31 -13 47 53 52 25 20 16 10 14 34 35 45 55 16 6 7 5 
19579500 19579763 0 0 0 4 -47 0 11 -41 16 34 54 57 57 25 20 16 10 14 34 35 45 55 16 7 7 5 
19615000 19615250 0 0 0 -14 -65 0 -9 -60 -2 16 52 54 53 25 20 16 10 14 34 35 45 55 16 7 7 5 
19672500 19672668 0 0 0 -15 -63 0 -11 -60 -1 17 48 52 53 25 20 16 10 14 34 35 45 55 16 7 6 5 
19765500 19765570 0 0 0 -27 -72 0 -21 -67 -10 8 46 52 52 25 20 16 10 14 34 35 45 55 16 6 6 5 
19784000 19784052 0 0 0 -40 -81 0 -38 -79 -31 -13 42 54 55 25 20 16 10 14 34 35 45 55 16 7 7 5 
19926500 19926655 0 0 0 -77 -111 0 -71 -103 -70 -52 30 54 52 25 20 16 10 14 34 35 45 55 16 6 7 5 
19939500 19939747 0 0 0 -59 -92 0 -53 -86 -50 -32 34 62 61 25 20 16 10 14 34 35 45 55 16 8 8 5 
19957000 19957192 0 0 0 -3 -64 0 1 -61 16 34 59 76 75 25 20 16 10 14 34 35 45 55 16 7 9 5 
39000 39161 1 0 0 5 -69 0 14 -60 1 146 75 71 71 25 20 17 10 13 33 35 45 55 16 9 6 5 
124500 124518 1 0 -1 0 0 0 0 0 0 114 0 73 73 25 20 17 10 13 33 35 45 55 16 9 9 5 
169500 169675 1 0 0 3 -76 0 7 -73 -6 139 80 76 77 25 20 17 10 13 33 35 45 55 16 10 9 5 
477000 477031 1 0 0 2 -65 0 6 -61 -8 137 67 69 70 25 20 17 10 13 33 35 45 55 16 9 9 5 
586000 586035 1 0 0 -2 -69 0 -4 -69 -16 129 65 62 62 25 20 17 10 13 33 35 45 55 16 8 8 5 
700500 700676 1 0 0 18 -48 0 20 -47 4 149 65 64 65 25 20 17 10 13 33 35 45 55 16 8 8 5 
720000 720058 1 0 0 -7 -58 0 -6 -57 -20 125 51 63 64 25 20 17 10 13 33 35 45 55 16 8 8 5 
810000 810214 1 0 0 0 -59 0 2 -58 -13 132 60 65 65 25 20 17 10 13 33 35 45 55 16 8 8 5 
878500 878504 1 0 0 -11 -56 0 -11 -53 -25 120 41 63 64 25 20 17 10 13 33 35 45 55 16 8 8 5 
903000 903178 1 0 0 -11 -66 0 -8 -64 -22 123 56 64 64 25 20 17 10 13 33 35 45 55 16 8 8 5 
916000 916145 1 0 0 35 -38 0 37 -36 23 168 74 66 66 25 20 17 10 13 33 35 45 55 16 8 8 5 
932000 932002 1 0 0 42 -34 0 44 -32 30 175 76 72 67 25 20 17 10 13 33 35 45 55 16 9 6 5 
951500 951571 1 0 0 0 -49 0 -7 -51 -22 123 45 81 85 25 20 17 10 13 33 35 45 55 16 5 6 5 
1002000 1002025 1 0 0 -16 -67 0 -16 -68 -30 115 52 65 65 25 20 17 10 13 33 35 45 55 16 8 8 5 
1025500 1025629 1 0 0 8 -52 0 8 -51 -4 141 59 68 68 25 20 17 10 13 33 35 45 55 16 8 9 5 
1083500 1083712 1 0 0 8 -55 0 8 -54 -5 140 64 67 68 25 20 17 10 13 33 35 45 55 16 7 9 5 
1114500 1114575 1 0 0 10 -52 0 11 -48 -5 140 58 67 68 25 20 17 10 13 33 35 45 55 16 8 8 5 
1185000 1185064 1 0 0 10 -55 0 14 -51 -1 144 65 69 69 25 20 17 10 13 33 35 45 55 16 9 9 5 
1285500 1285524 1 0 0 13 -54 0 16 -51 2 147 67 71 71 25 20 17 10 13 33 35 45 55 16 9 9 5 
1363000 1363107 1 0 0 22 -48 0 25 -45 10 155 68 71 72 25 20 17 10 13 33 35 45 55 16 9 9 5 
2340000 2340036 1 0 0 25 -48 0 28 -46 15 160 75 74 71 25 20 16 10 13 33 35 45 55 16 9 9 5 
2474000 2474047 1 0 0 14 -61 0 18 -59 4 149 77 71 71 25 20 16 10 12 32 35 45 55 16 9 9 5 
2735500 2735634 1 0 0 -7 -73 0 -6 -72 -7 125 66 71 72 25 20 17 10 13 33 35 45 55 16 9 9 5 
2778500 2778519 1 0 0 -32 -76 0 -31 -74 -33 99 41 73 74 25 20 17 10 13 33 35 45 55 16 9 9 5 
2824000 2824050 1 0 0 -19 -73 0 -18 -71 -32 113 54 75 75 25 20 17 10 13 33 35 45 55 16 10 9 5 
2868500 2868645 1 0 0 -21 -72 0 -19 -70 -34 111 50 75 76 25 20 17 10 13 33 35 45 55 16 9 10 5 
2943000 2943016 1 0 0 -25 -79 0 -22 -76 -37 108 54 77 78 25 20 17 10 13 33 35 45 55 16 10 10 5 
2993000 2993176 1 0 0 -26 -77 0 -26 -75 -41 104 48 72 72 25 20 17 10 13 33 35 45 55 16 9 9 5 
3001500 3001824 1 0 0 -11 -73 0 -4 -69 -18 127 64 78 77 25 20 17 10 13 33 35 45 55 16 6 10 5 
3056500 3056586 1 0 0 -8 -65 0 -6 -62 -19 126 58 71 72 25 20 17 10 14 34 35 45 55 16 9 9 5 
3285000 3285144 1 0 0 7 -58 0 7 -57 -9 136 62 69 68 25 20 17 10 14 34 35 45 55 16 7 9 5 
3773000 3773111 1 -1 7 -43 -99 -51 -42 -97 -56 89 54 85 83 25 20 17 10 13 33 35 45 55 16 11 10 5 
3879500 3879821 1 2 7 -79 -135 -87 -78 -132 -92 53 56 92 90 25 20 17 10 13 33 35 45 55 16 10 10 5 
3984500 3984565 1 -3 7 -41 -113 -49 -39 -111 -53 92 73 91 90 25 20 17 10 13 33 35 45 55 16 10 11 5 
4257500 4257563 1 -1 7 -42 -131 -51 -42 -130 -57 88 87 80 78 25 20 15 10 13 33 35 45 55 16 10 10 5 
4272500 4272561 1 2 7 -82 -137 -91 -80 -134 -95 50 54 78 77 25 20 15 10 13 33 35 45 55 16 10 8 5 
4316500 4316597 1 -3 7 -41 -99 -50 -37 -95 -52 93 57 66 65 25 20 15 10 13 33 35 45 55 16 8 8 5 
4487000 4487108 1 0 0 9 -46 0 11 -43 -3 142 54 60 60 25 20 15 10 13 33 35 45 55 16 7 7 5 
4646000 4646103 1 0 0 15 -41 0 19 -38 6 151 56 60 60 25 20 15 10 13 33 35 45 55 16 7 8 5 
4860000 4860135 1 0 0 12 -42 0 14 -40 25 145 55 63 62 25 20 15 10 14 34 35 45 55 16 7 7 5 
4875500 4875513 1 0 0 -25 -64 0 -24 -62 -39 106 39 59 58 25 20 15 10 14 34 35 45 55 16 7 7 5 
4926500 4926672 1 0 0 -29 -72 0 -28 -70 -42 103 43 56 56 25 20 15 10 14 34 35 45 55 16 7 7 5 
5227500 5227513 1 0 0 -11 -54 0 -10 -52 -23 122 43 60 61 25 20 15 10 14 34 35 45 55 16 8 7 5 
5238500 5238745 1 0 0 -33 -68 0 -29 -64 -43 102 35 62 60 25 20 15 10 14 34 35 45 55 16 8 8 5 
5257500 5257728 1 0 0 -32 -69 0 -30 -67 -44 101 37 56 57 25 20 15 10 14 34 35 45 55 16 7 7 5 
5404500 5404641 1 0 0 -16 -59 0 -15 -58 -30 115 44 60 60 25 20 15 10 14 34 35 45 55 16 7 8 5 
5417000 5417089 1 0 0 9 -41 0 12 -39 -2 143 50 58 59 25 20 15 10 14 34 35 45 55 16 7 7 5 
5552500 5552732 1 0 0 6 -43 0 10 -39 -3 142 50 59 60 25 20 15 10 14 34 35 45 55 16 7 7 5 
5557000 5557446 1 13 0 -29 -69 -6 -33 -71 -45 100 38 67 70 25 20 15 10 13 33 35 45 55 16 5 9 5 
5561000 5561247 1 0 0 -48 -81 0 -46 -78 -60 85 32 62 59 25 20 15 10 13 33 35 45 55 16 8 7 5 
5591000 5591062 1 0 0 -55 -86 0 -54 -84 -67 78 30 61 60 25 20 14 10 13 33 35 45 55 16 7 8 5 
5598500 5598617 1 0 0 -45 -85 0 -44 -84 -59 86 39 62 60 25 20 14 10 13 33 35 45 55 16 8 7 5 
5648000 5648086 1 0 0 -38 -73 0 -35 -70 -49 96 34 63 61 25 20 13 10 14 34 35 45 55 16 5 4 5 
5662500 5662515 1 0 0 1 -51 0 4 -48 -10 135 52 59 58 25 20 14 10 14 34 35 45 55 16 7 7 5 
5713000 5713232 1 0 0 -7 -56 0 -6 -54 -20 125 48 59 58 25 20 14 10 14 34 35 45 55 16 7 7 5 
5751500 5751700 1 0 0 -11 -58 0 -8 -54 -22 123 46 58 56 25 20 14 10 14 34 35 45 55 16 7 6 5 
5789000 5789087 1 0 0 -11 -63 0 -10 -61 -24 121 51 61 60 25 20 14 10 14 34 35 45 55 16 7 8 5 
5857500 5857649 1 0 0 -13 -67 0 -11 -67 -25 120 56 61 60 25 20 15 10 13 33 35 45 55 16 7 7 5 
5884000 5884012 1 0 0 -12 -65 0 -10 -63 -21 124 53 76 75 25 20 15 10 13 33 35 45 55 16 9 10 5 
5887000 5887078 1 0 0 -17 -70 0 -16 -69 -31 114 55 76 75 25 20 15 10 13 33 35 45 55 16 10 9 5 
5909000 5909073 1 0 0 -11 -66 0 -16 -67 -29 116 52 75 73 25 20 15 10 13 33 35 45 55 16 5 7 5 
5961500 5961605 1 0 0 -22 -83 0 -17 -80 -30 115 64 77 75 25 20 15 10 13 33 35 45 55 16 4 7 5 
5968500 5968559 1 0 0 -29 -84 0 -28 -82 -42 103 54 77 74 25 20 15 10 13 33 35 45 55 16 9 7 5 
5982000 5982141 1 0 0 -30 -76 0 -29 -73 -43 102 44 74 73 25 20 15 10 13 33 35 45 55 16 7 7 5 
5998500 5998718 1 0 0 -20 -84 0 -17 -80 -32 113 63 70 69 25 20 15 10 13 33 35 45 55 16 9 9 5 
6007000 6007059 1 0 0 -34 -96 0 -33 -94 -46 99 62 70 71 25 20 15 10 13 33 35 45 55 16 9 9 5 
6088000 6088003 1 0 0 -22 -86 0 -19 -85 -34 111 66 69 68 25 20 16 10 13 33 35 45 55 16 8 9 5 
6320500 6320579 1 0 0 -22 -87 0 -20 -84 -35 110 63 71 71 25 20 16 10 13 33 35 45 55 16 9 9 5 
6514500 6514588 1 0 0 -28 -96 0 -25 -92 -39 106 68 76 76 25 20 16 10 13 33 35 45 55 16 9 10 5 
6681500 6681827 1 0 0 -21 -79 0 -18 -78 -32 113 58 76 76 25 20 16 10 13 33 35 45 55 16 8 10 5 
7303000 7303240 1 0 0 -11 -70 0 -9 -68 -25 120 57 61 60 25 20 16 10 13 33 35 45 55 16 8 8 5 
7457000 7457129 1 0 0 -2 -62 0 1 -60 -14 131 61 62 62 25 20 16 10 13 33 35 45 55 16 7 8 5 
8211500 8211717 1 0 0 -2 -66 0 1 -63 -14 131 62 68 68 25 20 16 10 13 33 35 45 55 16 9 9 5 
8411500 8411705 1 0 0 -4 -68 0 -4 -68 -18 127 65 68 68 25 20 16 10 13 33 35 45 55 16 9 8 5 
8519000 8519023 1 0 0 -7 -70 0 -5 -68 -20 125 63 64 62 25 20 16 10 13 33 35 45 55 16 8 8 5 
8827500 8827716 1 0 0 -25 -82 0 -22 -81 -36 109 60 66 65 25 20 16 10 13 33 35 45 55 16 8 8 5 
8869500 8869617 1 0 0 2 -69 0 5 -68 -10 135 72 79 78 25 20 16 10 13 33 35 45 55 16 10 10 5 
8890500 8890518 1 0 0 -31 -77 0 -30 -76 -43 102 46 70 69 25 20 16 10 13 33 35 45 55 16 9 9 5 
9017000 9017194 1 0 0 -33 -81 0 -31 -78 -46 99 46 67 67 25 20 16 10 13 33 35 45 55 16 8 9 5 
9107000 9107127 1 0 0 -34 -84 0 -30 -82 -45 100 52 71 71 25 20 16 10 13 33 35 45 55 16 9 9 5 
9296000 9296199 1 0 0 -42 -89 0 -40 -87 -54 91 48 70 71 25 20 16 10 13 33 35 45 55 16 9 9 5 
9485500 9485642 1 0 0 -37 -85 0 -35 -83 -49 96 49 62 60 25 20 16 10 13 33 35 45 55 16 8 8 5 
9638500 9638722 1 0 0 -36 -80 0 -34 -78 -49 96 43 60 59 25 20 16 10 13 33 35 45 55 16 7 8 5 
9648500 9648546 1 0 0 -36 -80 0 -35 -78 -49 96 44 61 60 25 20 16 10 13 33 35 45 55 16 8 7 5 
9797000 9797172 1 0 0 -35 -79 0 -34 -77 -48 97 44 62 60 25 20 16 10 13 33 35 45 55 16 8 8 5 
10038500 10038519 1 0 0 -30 -77 0 -28 -75 -42 103 48 65 65 25 20 16 10 13 33 35 45 55 16 8 8 5 
10054500 10054696 1 0 0 -9 -60 0 -8 -58 -23 122 50 65 63 25 20 16 10 13 33 35 45 55 16 8 8 5 
10078000 10078158 1 0 0 -12 -67 0 -10 -64 -24 121 54 65 67 25 20 16 10 13 33 35 45 55 16 8 8 5 
10773500 10773544 1 0 0 -27 -73 0 -24 -71 -37 108 48 58 57 25 20 16 10 14 34 35 45 55 16 7 7 5 
10879000 10879096 1 0 0 -29 -75 0 -27 -73 -40 105 46 57 58 25 20 16 10 14 34 35 45 55 16 7 7 5 
11248500 11248571 1 0 0 -36 -74 0 -33 -72 -46 99 39 57 58 25 20 16 10 14 34 35 45 55 16 7 7 5 
11384000 11384158 1 0 0 -33 -71 0 -30 -68 -44 101 39 57 56 25 20 16 10 14 34 35 45 55 16 7 7 5 
11448500 11448582 1 0 0 -35 -72 0 -31 -69 -45 100 38 58 58 25 20 16 10 14 34 35 45 55 16 7 7 5 
11617500 11617539 1 0 0 -41 -74 0 -39 -73 -53 92 33 58 58 25 20 16 10 14 34 35 45 55 16 7 7 5 
11838000 11838129 1 0 0 -42 -75 0 -40 -73 -54 91 33 59 58 25 20 16 10 14 34 35 45 55 16 7 7 5 
11942000 11942216 1 0 0 -40 -74 0 -38 -71 -51 94 35 60 59 25 20 16 10 14 34 35 45 55 16 7 7 5 
11952000 11952089 1 0 0 -27 -66 0 -26 -63 -39 106 37 60 57 25 20 16 10 14 34 35 45 55 16 8 7 5 
12001000 12001233 1 0 0 -29 -69 0 -25 -66 -39 106 42 62 61 25 20 16 10 14 34 35 45 55 16 8 8 5 
12010000 12010056 1 0 0 -26 -66 0 -24 -64 -36 109 41 60 59 25 20 16 10 14 34 35 45 55 16 8 7 5 
12026000 12026222 1 0 0 -30 -67 0 -28 -65 -43 102 37 59 59 25 20 16 10 14 34 35 45 55 16 7 7 5 
12129500 12129738 1 0 0 -36 -72 0 -33 -69 -47 98 36 57 58 25 20 16 10 14 34 35 45 55 16 7 7 5 
12136000 12136057 1 0 0 -38 -73 0 -37 -70 -52 93 31 72 78 25 20 16 10 14 34 35 45 55 16 8 9 5 
12144500 12144687 1 0 0 -19 -62 0 -17 -60 -31 114 43 58 59 25 20 16 10 14 34 35 45 55 16 7 7 5 
12242500 12242597 1 0 0 -30 -70 0 -28 -67 -43 102 39 56 56 25 20 16 10 14 34 35 45 55 16 7 7 5 
12277500 12277715 1 0 0 -32 -70 0 -29 -68 -45 100 39 58 58 25 20 16 10 14 34 35 45 55 16 7 7 5 
12437500 12437685 1 0 0 -33 -70 0 -30 -67 -44 101 36 59 59 25 20 16 10 14 34 35 45 55 16 7 8 5 
12445000 12445032 1 0 0 -36 -71 0 -34 -70 -50 95 36 59 58 25 20 16 10 14 34 35 45 55 16 7 7 5 
12454500 12454634 1 0 0 -26 -67 0 -22 -64 -36 109 41 61 60 25 20 16 10 14 34 35 45 55 16 8 7 5 
12570500 12570742 1 0 0 -30 -70 0 -28 -68 -41 104 41 56 57 25 20 16 10 14 34 35 45 55 16 7 7 5 
12577500 12577596 1 0 0 -37 -88 0 -33 -88 -48 97 54 70 70 25 20 16 10 14 34 35 45 55 16 6 9 5 
12585000 12585087 1 0 0 -38 -77 0 -37 -75 -51 94 37 59 54 25 20 16 10 14 34 35 45 55 16 8 7 5 
12669500 12669757 1 0 0 -34 -70 0 -32 -68 -46 99 36 55 56 25 20 16 10 14 34 35 45 55 16 7 7 5 
12783500 12783614 1 0 0 -32 -71 0 -31 -70 -46 99 40 56 53 25 20 16 10 14 34 35 45 55 16 7 7 5 
12843500 12843734 1 0 0 -38 -74 0 -36 -72 -51 94 36 62 61 25 20 16 10 14 34 35 45 55 16 7 8 5 
12877500 12877561 1 0 0 -33 -72 0 -30 -69 -45 100 38 58 57 25 20 16 10 14 34 35 45 55 16 7 7 5 
12896500 12896610 1 0 0 -58 -112 0 -57 -109 -69 76 55 79 78 25 20 16 10 14 34 35 45 55 16 10 10 5 
12926000 12926243 1 0 0 -98 -122 0 -97 -120 -112 33 21 61 62 25 20 16 10 14 34 35 45 55 16 8 8 5 
12932000 12932197 1 0 0 -90 -118 0 -88 -117 -103 42 28 57 57 25 20 16 10 14 34 35 45 55 16 7 7 5 
13014500 13014726 1 0 0 -57 -88 0 -54 -85 -67 78 32 55 54 25 20 16 10 14 34 35 45 55 16 7 7 5 
13026500 13026636 1 0 0 -58 -87 0 -55 -85 -69 76 31 72 77 25 20 16 10 14 34 35 45 55 16 9 9 5 
13041000 13041024 1 0 0 -33 -71 0 -31 -68 -47 98 38 55 55 25 20 16 10 14 34 35 45 55 16 7 7 5 
13166500 13166530 1 0 0 -18 -60 0 -15 -58 -30 115 43 57 54 25 20 16 10 14 34 35 45 55 16 7 6 5 
13172000 13172085 1 0 0 -20 -67 0 -18 -66 -33 112 49 69 69 25 20 16 10 14 34 35 45 55 16 8 4 5 
13181000 13181105 1 0 0 -30 -71 0 -27 -68 -40 105 42 59 57 25 20 16 10 14 34 35 45 55 16 7 7 5 
13203500 13203712 1 0 0 -35 -75 0 -34 -73 -47 98 40 56 56 25 20 16 10 14 34 35 45 55 16 7 7 5 
13216000 13216038 1 0 0 -35 -73 0 -31 -69 -47 98 38 58 58 25 20 16 10 14 34 35 45 55 16 7 7 5 
13254000 13254261 1 0 0 -41 -78 0 -39 -76 -51 94 38 56 56 25 20 16 10 14 34 35 45 55 16 7 7 5 
13344500 13344659 1 0 0 -46 -82 0 -44 -81 -57 88 37 57 58 25 20 16 10 14 34 35 45 55 16 7 7 5 
13518500 13518520 1 0 0 -47 -81 0 -44 -79 -59 86 34 58 61 25 20 16 10 14 34 35 45 55 16 7 7 5 
13654500 13654640 1 0 0 -39 -76 0 -37 -74 -51 94 37 58 56 25 20 16 10 14 34 35 45 55 16 7 7 5 
13951000 13951098 1 0 0 -35 -75 0 -33 -72 -50 95 39 61 60 25 20 16 10 14 34 35 45 55 16 7 8 5 
13961000 13961239 1 0 0 -34 -72 0 -33 -71 -47 98 38 59 59 25 20 16 10 14 34 35 45 55 16 7 7 5 
14102000 14102150 1 0 0 -43 -75 0 -41 -73 -56 89 31 58 58 25 20 16 10 14 34 35 45 55 16 7 7 5 
14225500 14225593 1 0 0 -35 -71 0 -32 -68 -46 99 37 61 62 25 20 16 10 14 34 35 45 55 16 8 8 5 
14593000 14593135 1 0 0 -36 -69 0 -33 -66 -47 98 34 61 61 25 20 16 10 14 34 35 45 55 16 8 8 5 
14617500 14617737 1 0 0 -2 -44 0 -3 -43 -18 127 40 57 61 25 20 16 10 14 34 35 45 55 16 7 7 5 
14687000 14687095 1 0 0 -11 -53 0 -7 -50 -21 124 42 56 61 25 20 16 10 14 34 35 45 55 16 7 7 5 
14757500 14757520 1 0 0 -7 -48 0 -5 -46 -19 126 40 56 54 25 20 16 10 14 34 35 45 55 16 7 7 5 
15008500 15008537 1 0 0 -13 -49 0 -12 -48 -26 119 36 55 55 25 20 16 10 14 34 35 45 55 16 7 7 5 
15043000 15043004 1 0 0 -1 -41 0 1 -38 -13 132 39 55 54 25 20 16 10 14 34 35 45 55 16 7 7 5 
15057500 15057656 1 0 0 -8 -49 0 -6 -47 -21 124 40 56 56 25 20 16 10 14 34 35 45 55 16 7 7 5 
15075000 15075124 1 0 0 -36 -70 0 -34 -68 -47 98 34 56 59 25 20 16 10 14 34 35 45 55 16 7 7 5 
15133000 15133144 1 0 0 -36 -70 0 -34 -67 -48 97 34 62 62 25 20 16 10 14 34 35 45 55 16 8 8 5 
15248500 15248591 1 0 0 -45 -78 0 -43 -76 -57 88 33 63 60 25 20 16 10 13 33 35 45 55 16 7 8 5 
15254500 15254732 1 0 0 -43 -78 0 -41 -77 -56 89 35 60 57 25 20 16 10 13 33 35 45 55 16 8 7 5 
15302000 15302121 1 0 0 -43 -77 0 -40 -74 -53 92 34 63 64 25 20 16 10 13 33 35 45 55 16 8 8 5 
15323000 15323019 1 0 0 -53 -95 0 -51 -93 -66 79 43 61 61 25 20 16 10 13 33 35 45 55 16 8 7 5 
15331500 15331712 1 0 0 -67 -104 0 -64 -102 -77 68 38 52 52 25 20 16 10 13 33 35 45 55 16 7 6 5 
15350500 15350661 1 0 0 -72 -105 0 -70 -102 -85 60 31 53 53 25 20 16 10 13 33 35 45 55 16 6 7 5 
15440000 15440061 1 0 0 -64 -98 0 -62 -96 -77 68 34 53 53 25 20 16 10 13 33 35 45 55 16 6 7 5 
15447500 15447694 1 0 0 -63 -97 0 -61 -96 -75 70 34 53 52 25 20 16 10 13 33 35 45 55 16 7 6 5 
15566000 15566256 1 0 0 -51 -86 0 -50 -84 -63 82 36 57 56 25 20 16 10 13 33 35 45 55 16 7 7 5 
15701500 15701709 1 0 0 -44 -83 0 -41 -81 -55 90 40 56 55 25 20 16 10 13 33 35 45 55 16 7 7 5 
15815500 15815698 1 0 0 -41 -79 0 -38 -77 -52 93 39 56 56 25 20 16 10 13 33 35 45 55 16 7 7 5 
16143000 16143149 1 0 0 -44 -83 0 -41 -79 -55 90 38 66 67 25 20 16 10 13 33 35 45 55 16 8 9 5 
16155000 16155012 1 0 0 -38 -76 0 -37 -74 -50 95 37 56 57 25 20 16 10 13 33 35 45 55 16 7 7 5 
16270500 16270659 1 0 0 -49 -82 0 -47 -80 -61 84 33 57 57 25 20 16 10 13 33 35 45 55 16 7 7 5 
16516000 16516147 1 0 0 -50 -84 0 -49 -82 -62 83 33 58 59 25 20 16 10 13 33 35 45 55 16 7 7 5 
16763500 16763554 1 0 0 -51 -86 0 -49 -84 -63 82 35 55 55 25 20 16 10 13 33 35 45 55 16 7 7 5 
16976000 16976153 1 0 0 -55 -86 0 -53 -83 -67 78 30 58 58 25 20 16 10 13 33 35 45 55 16 7 7 5 
17022000 17022216 1 0 0 -55 -88 0 -52 -86 -65 80 33 55 56 25 20 16 10 13 33 35 45 55 16 7 7 5 
17117000 17117072 1 0 0 -51 -84 0 -49 -81 -64 81 31 56 57 25 20 16 10 13 33 35 45 55 16 7 7 5 
17131000 17131041 1 0 0 -55 -88 0 -54 -86 -70 75 31 76 79 25 20 16 10 13 33 35 45 55 16 6 9 5 
17148500 17148557 1 0 0 -46 -81 0 -43 -79 -57 88 36 59 60 25 20 16 10 13 33 35 45 55 16 7 7 5 
17163500 17163501 1 0 0 -48 -82 0 -46 -79 -60 85 33 60 60 25 20 16 10 13 33 35 45 55 16 7 8 5 
17187000 17187248 1 0 0 -56 -92 0 -53 -90 -67 78 38 54 55 25 20 16 10 13 33 35 45 55 16 6 7 5 
17306000 17306145 1 0 0 -51 -87 0 -49 -85 -62 83 38 54 53 25 20 16 10 14 34 35 45 55 16 7 7 5 
17416500 17416560 1 0 0 -49 -84 0 -47 -82 -61 84 36 54 52 25 20 16 10 14 34 35 45 55 16 7 7 5 
17494000 17494169 1 0 0 -35 -71 0 -33 -68 -47 98 37 59 59 25 20 16 10 15 35 35 45 55 16 7 8 5 
17516000 17516074 1 0 0 -58 -105 0 -56 -103 -69 76 46 64 63 25 20 16 10 14 34 35 45 55 16 8 8 5 
17528500 17528613 1 0 0 -84 -116 0 -84 -115 -97 48 32 54 53 25 20 16 10 14 34 35 45 55 16 7 7 5 
17540000 17540198 1 0 0 -84 -113 0 -81 -111 -96 49 29 52 51 25 20 16 10 14 34 35 45 55 16 6 6 5 
17600500 17600518 1 0 0 -76 -103 0 -74 -101 -89 56 27 52 53 25 20 16 10 14 34 35 45 55 16 6 6 5 
17804500 17804744 1 0 0 -52 -86 0 -49 -84 -66 79 34 52 51 25 20 16 10 15 35 35 45 55 16 6 7 5 
17884000 17884221 1 0 0 -49 -83 0 -45 -80 -59 86 36 52 52 25 20 16 10 15 35 35 45 55 16 6 6 5 
18404000 18404271 1 0 0 -48 -81 0 -45 -78 -60 85 33 53 52 25 20 16 10 15 35 35 45 55 16 7 6 5 
18479000 18479024 1 0 0 -40 -72 0 -38 -70 -52 93 32 52 51 25 20 16 10 15 35 35 45 55 16 6 6 5 
18573000 18573064 1 0 0 -53 -83 0 -51 -81 -65 80 30 50 49 25 20 16 10 15 35 35 45 55 16 6 6 5 
18664500 18664526 1 0 0 -50 -78 0 -48 -76 -62 83 27 50 50 25 20 16 10 15 35 35 45 55 16 6 6 5 
18719000 18719218 1 0 0 -55 -82 0 -53 -80 -67 78 27 52 53 25 20 16 10 15 35 35 45 55 16 6 6 5 
18738500 18738501 1 0 0 -40 -73 0 -39 -72 -53 92 33 53 52 25 20 16 10 15 35 35 45 55 16 7 7 5 
18855000 18855008 1 0 0 -45 -79 0 -43 -77 -57 88 34 51 49 25 20 16 10 15 35 35 45 55 16 6 6 5 
18877500 18877507 1 0 0 -43 -78 0 -40 -75 -54 91 35 56 55 25 20 16 10 15 35 35 45 55 16 7 6 5 
18886500 18886575 1 0 0 -54 -84 0 -52 -82 -67 78 29 59 54 25 20 16 10 15 35 35 45 55 16 7 4 5 
18897000 18897194 1 0 0 -47 -80 0 -44 -77 -57 88 34 53 53 25 20 16 10 15 35 35 45 55 16 7 7 5 
18912000 18912254 1 0 0 -46 -79 0 -42 -76 -55 90 34 54 54 25 20 16 10 15 35 35 45 55 16 7 7 5 
18929000 18929232 1 0 0 -40 -73 0 -37 -70 -52 93 32 54 54 25 20 16 10 15 35 35 45 55 16 7 7 5 
19021000 19021284 1 0 0 -45 -78 0 -43 -77 -57 88 34 52 52 25 20 16 10 15 35 35 45 55 16 6 7 5 
19037500 19037581 1 0 0 -39 -72 0 -36 -69 -50 95 32 52 51 25 20 16 10 15 35 35 45 55 16 6 6 5 
19173500 19173643 1 0 0 -50 -87 0 -49 -85 -64 81 35 52 49 25 20 16 10 14 34 35 45 55 16 6 6 5 
19186000 19186145 1 0 0 -47 -82 0 -44 -79 -58 87 36 53 53 25 20 16 10 14 34 35 45 55 16 7 7 5 
19224500 19224743 1 0 0 -48 -83 0 -45 -81 -60 85 35 53 53 25 20 16 10 14 34 35 45 55 16 7 6 5 
19239500 19239602 1 0 0 -44 -77 0 -42 -75 -56 89 32 49 47 25 20 16 10 14 34 35 45 55 16 6 6 5 
19252500 19252703 1 0 0 -43 -79 0 -41 -78 -54 91 38 51 51 25 20 16 10 14 34 35 45 55 16 6 6 5 
19291000 19291172 1 0 0 -34 -71 0 -31 -70 -47 98 37 53 53 25 20 16 10 14 34 35 45 55 16 7 6 5 
19302000 19302023 1 0 0 -44 -86 0 -41 -86 -56 89 44 71 71 25 20 16 10 14 34 35 45 55 16 6 10 5 
19311500 19311503 1 0 0 -44 -80 0 -40 -76 -52 93 36 77 79 25 20 16 10 14 34 35 45 55 16 9 9 5 
19337500 19337628 1 0 0 -40 -78 0 -40 -78 -54 91 39 73 76 25 20 16 10 14 34 35 45 55 16 6 8 5 
19359500 19359684 1 0 0 -32 -65 0 -30 -63 -43 102 34 62 59 25 20 16 10 14 34 35 45 55 16 7 7 5 
19373500 19373526 1 0 0 -24 -58 0 -22 -56 -36 109 34 59 63 25 20 16 10 14 34 35 45 55 16 7 8 5 
19428000 19428222 1 0 0 -30 -69 0 -27 -66 -43 102 38 56 57 25 20 16 10 14 34 35 45 55 16 7 7 5 
19531000 19531151 1 0 0 -33 -73 0 -31 -71 -46 99 40 54 54 25 20 16 10 14 34 35 45 55 16 7 6 5 
19566500 19566503 1 0 0 -28 -66 0 -27 -64 -41 104 37 53 52 25 20 16 10 14 34 35 45 55 16 6 7 5 
19579500 19579763 1 0 0 -47 -82 0 -43 -78 -57 88 36 57 57 25 20 16 10 14 34 35 45 55 16 7 7 5 
19614500 19614687 1 0 0 -47 -84 0 -44 -81 -59 86 37 54 53 25 20 16 10 14 34 35 45 55 16 7 7 5 
19672500 19672668 1 0 0 -48 -84 0 -45 -82 -59 86 37 52 53 25 20 16 10 14 34 35 45 55 16 7 6 5 
19764500 19764676 1 0 0 -51 -88 0 -50 -88 -64 81 37 52 51 25 20 16 10 14 34 35 45 55 16 6 6 5 
19786000 19786276 1 0 0 -50 -87 0 -48 -85 -63 82 36 54 53 25 20 16 10 14 34 35 45 55 16 7 7 5 
19925500 19925768 1 0 0 -43 -83 0 -38 -80 -52 93 42 52 50 25 20 16 10 14 34 35 45 55 16 6 6 5 
19938500 19938509 1 0 0 -42 -78 0 -40 -77 -56 89 36 61 60 25 20 16 10 14 34 35 45 55 16 8 8 5 
19959000 19959166 1 0 0 -53 -89 0 -54 -88 -69 76 33 78 79 25 20 16 10 14 34 35 45 55 16 9 10 5 
