62000 62624 0 0 0 1 -5 0 -10 -18 -9 -104 0 85 84 25 20 16 10 13 33 35 45 55 16 3 6 5 
127500 128589 0 0 -1 0 0 0 0 0 0 -87 0 83 82 25 20 16 10 13 33 35 45 55 16 3 0 5 
358000 358167 0 0 0 12 10 0 2 2 15 -80 2 84 83 25 20 17 10 12 32 35 45 55 16 5 3 5 
405000 407586 0 0 0 34 15 0 27 -2 39 -56 25 92 88 25 20 17 10 12 32 35 45 55 16 0 0 5 
561500 561601 0 0 0 20 1 0 11 -7 23 -72 15 104 105 25 20 17 10 11 29 35 45 55 16 7 7 5 
572000 572193 0 -1 1 -32 -43 -53 -47 -58 -38 -133 9 100 104 25 20 17 10 11 29 35 45 55 16 1 4 5 
583000 583140 0 2 1 -83 -83 -102 -115 -114 -112 -207 -4 97 97 25 20 17 10 12 32 35 45 55 16 3 1 5 
586500 586975 0 -3 1 -29 -34 -49 -17 -22 -16 -111 -7 98 98 25 20 17 10 12 32 35 45 55 16 1 3 5 
610000 610295 0 -1 1 -36 -31 -55 -50 -44 -46 -141 -16 88 70 25 20 17 10 12 32 35 45 55 16 9 8 5 
689500 689563 0 2 1 -111 -83 -129 -114 -88 -108 -203 -32 84 84 25 20 17 10 12 32 35 45 55 16 7 3 5 
696500 696633 0 -3 1 -29 -22 -47 -37 -30 -30 -125 -9 87 90 25 20 17 10 12 32 35 45 55 16 5 6 5 
778000 778019 0 0 0 16 12 0 8 4 15 -80 3 81 81 25 20 16 10 12 32 35 45 55 16 5 7 5 
959000 959158 0 0 0 18 17 0 12 10 13 -82 -2 81 80 25 20 15 10 12 32 35 45 55 16 4 7 5 
1026500 1026657 0 0 0 33 23 0 23 14 28 -67 8 84 85 25 20 15 10 12 32 35 45 55 16 10 11 5 
1245000 1245076 0 0 0 41 30 0 32 21 35 -60 10 81 80 25 20 15 10 11 31 35 45 55 16 7 7 5 
1262000 1262574 0 0 0 15 8 0 7 -2 12 -83 1 79 80 25 20 15 10 12 32 35 45 55 16 2 2 5 
1477500 1477546 0 0 0 21 15 0 15 8 17 -78 5 81 81 25 20 15 10 12 32 35 45 55 16 2 4 5 
1503000 1503091 0 0 0 -7 -5 0 -16 -16 -13 -108 -3 83 82 25 20 15 10 12 32 35 45 55 16 4 1 5 
1660500 1661396 0 -1 1 -68 -116 -63 -136 -178 -124 -219 44 116 117 25 20 16 10 12 28 35 45 55 16 1 7 5 
1670500 1670570 0 2 1 -203 -245 -198 -211 -253 -194 -289 45 111 111 25 20 16 10 12 28 35 45 55 16 14 14 5 
1682500 1682505 0 -3 1 -54 -94 -50 -61 -98 -50 -145 33 114 115 25 20 15 10 13 29 35 45 55 16 4 5 5 
1703500 1703558 0 -1 1 -57 -95 -53 -61 -100 -48 -143 28 120 122 25 20 15 10 13 28 35 45 55 16 10 8 5 
1721000 1721130 0 2 1 -238 -233 -234 -251 -246 -216 -311 -4 108 104 25 20 15 10 13 31 35 45 55 16 8 10 5 
1789500 1789725 0 -3 1 -51 -41 -48 -58 -47 -62 -157 -20 87 89 25 20 15 10 13 33 35 45 55 16 7 10 5 
1856500 1856859 0 0 0 -2 -11 0 -9 -19 -4 -99 5 84 85 25 20 15 10 13 33 35 45 55 16 2 7 5 
1926500 1928050 0 0 0 1 -13 0 -5 -23 -19 -114 2 89 94 25 20 13 10 14 34 35 45 55 16 0 6 5 
1941500 1941853 0 13 0 25 2 -7 19 -8 31 -64 22 94 91 25 20 13 10 14 34 35 45 55 16 1 3 5 
1953000 1953634 0 0 0 55 29 0 47 24 60 -35 30 91 90 25 20 14 10 14 34 35 45 55 16 2 2 5 
1993500 1995354 0 -1 1 -13 -30 -51 -25 -56 -41 -136 -4 97 96 25 20 14 10 14 34 35 45 55 16 0 0 5 
2013500 2013599 0 2 1 -81 -102 -110 -95 -115 -76 -171 15 104 106 25 20 14 10 14 32 35 45 55 16 3 5 5 
2029500 2029500 0 -3 1 -23 -39 -46 -29 -44 -20 -115 10 91 92 25 20 14 10 14 34 35 45 55 16 7 9 5 
2079500 2079554 0 0 0 2 -4 0 -6 -11 -8 -103 -1 87 86 25 20 14 10 14 34 35 45 55 16 7 5 5 
2147000 2147237 0 0 0 20 11 0 15 5 14 -81 3 86 86 25 20 14 10 13 33 35 45 55 16 10 10 5 
2263000 2263048 0 0 0 10 4 0 2 -3 7 -88 2 86 86 25 20 15 10 12 32 35 45 55 16 8 9 5 
2372500 2372922 0 -1 1 -41 -37 -53 -59 -52 -65 -160 -12 96 93 25 20 16 10 12 32 35 45 55 16 2 0 5 
2387000 2387262 0 2 1 -104 -80 -116 -119 -99 -84 -179 -29 101 101 25 20 16 10 12 30 35 45 55 16 1 1 5 
2418500 2418583 0 -3 1 -37 -35 -49 -44 -41 -39 -134 -9 88 88 25 20 16 10 12 32 35 45 55 16 10 10 5 
2582000 2582100 0 0 0 16 16 0 7 8 12 -83 -7 87 90 25 20 16 10 12 32 35 45 55 16 9 9 5 
2645000 2646410 0 -1 1 -43 -32 -59 -117 -94 -69 -164 -21 86 90 25 20 14 10 12 32 35 45 55 16 0 1 5 
2647000 2648248 0 2 1 -75 -62 -91 -59 -54 -46 -141 -5 87 89 25 20 14 10 12 32 35 45 55 16 1 4 5 
2676000 2676008 0 -3 1 -31 -47 -46 -38 -54 -33 -128 11 101 102 25 20 13 10 12 30 35 45 55 16 2 4 5 
2709500 2709731 0 0 0 16 -13 0 8 -23 17 -78 26 98 97 25 20 15 10 12 32 35 45 55 16 3 6 5 
2790000 2790063 0 -1 1 -39 -86 -50 -49 -95 -31 -126 42 122 123 25 20 16 10 12 27 35 45 55 16 15 15 5 
2810000 2810063 0 2 1 -155 -130 -165 -173 -144 -174 -269 -46 96 94 25 20 16 10 12 32 35 45 55 16 13 12 5 
2902500 2903811 0 -3 1 -42 -22 -47 -40 -61 -50 -145 8 97 96 25 20 17 10 12 32 35 45 55 16 0 2 5 
2959000 2959583 0 0 0 1 -7 0 -8 -16 1 -94 3 85 85 25 20 17 10 12 32 35 45 55 16 6 6 5 
3365500 3366063 0 0 0 11 -1 0 7 -5 17 -78 5 87 86 25 20 17 10 12 32 35 45 55 16 4 8 5 
3500500 3500590 0 0 0 24 13 0 18 6 30 -65 9 85 86 25 20 17 10 12 32 35 45 55 16 8 6 5 
3530000 3531465 0 -1 1 -32 -33 -57 -63 -58 -32 -127 22 89 90 25 20 17 10 12 32 35 45 55 16 1 0 5 
3535500 3535506 0 2 1 -93 -86 -118 -105 -97 -99 -194 -12 92 92 25 20 17 10 12 32 35 45 55 16 1 7 5 
3544000 3547607 0 -3 1 -25 -44 -50 7 -22 14 -81 35 98 97 25 20 17 10 12 32 35 45 55 16 0 1 5 
3650500 3650577 0 0 0 27 13 0 18 5 29 -66 10 86 90 25 20 17 10 12 32 35 45 55 16 5 8 5 
3952500 3954641 0 0 0 28 15 0 17 14 28 -67 2 89 92 25 20 17 10 11 31 35 45 55 16 0 1 5 
4000500 4000581 0 0 0 62 38 0 52 29 64 -31 21 90 90 25 20 17 10 11 31 35 45 55 16 3 7 5 
4040500 4040640 0 0 0 69 37 0 63 29 64 -31 22 90 94 25 20 16 10 12 32 35 45 55 16 7 0 5 
4064500 4064654 0 0 0 65 29 0 58 23 68 -27 29 89 90 25 20 16 10 12 32 35 45 55 16 6 4 5 
4084500 4084617 0 -1 1 14 9 -50 7 2 13 -82 12 91 95 25 20 16 10 12 32 35 45 55 16 5 1 5 
4115000 4116284 0 2 1 -139 -114 -202 -150 -123 -149 -244 -34 95 101 25 20 17 10 13 31 35 45 55 16 1 4 5 
4134000 4134011 0 -3 1 13 6 -50 16 5 28 -67 5 96 96 25 20 17 10 13 33 35 45 55 16 4 9 5 
4143000 4143205 0 0 0 62 47 0 72 51 80 -15 12 89 88 25 20 17 10 13 33 35 45 55 16 6 7 5 
4147500 4147565 0 -1 1 11 10 -50 13 9 18 -77 -2 92 88 25 20 16 10 12 32 35 45 55 16 6 6 5 
4152500 4153644 0 2 1 -42 -34 -101 -47 -36 -38 -133 -18 98 96 25 20 16 10 12 32 35 45 55 16 2 11 5 
4174000 4174505 0 -3 1 3 -14 -49 -6 -23 2 -93 9 95 93 25 20 16 10 12 32 35 45 55 16 2 7 5 
4203500 4203603 0 0 0 41 15 0 32 6 40 -55 18 92 89 25 20 16 10 12 32 35 45 55 16 9 11 5 
4238000 4238088 0 0 0 28 6 0 22 1 29 -66 19 86 85 25 20 16 10 12 32 35 45 55 16 6 7 5 
4277000 4277256 0 0 0 -37 -32 0 -46 -41 -41 -136 -9 93 92 25 20 16 10 12 32 35 45 55 16 11 7 5 
4320000 4320593 0 0 0 -38 -44 0 -56 -57 -50 -145 -5 99 101 25 20 16 10 13 31 35 45 55 16 6 8 5 
4373500 4373640 0 0 0 -35 -38 0 -46 -47 -41 -136 -8 93 95 25 20 16 10 13 33 35 45 55 16 12 11 5 
4472000 4472132 0 0 0 -71 -70 0 -79 -77 -76 -171 -9 96 98 25 20 16 10 12 32 35 45 55 16 12 12 5 
4530000 4530086 0 0 0 -74 -73 0 -81 -79 -75 -170 -9 97 99 25 20 16 10 12 32 35 45 55 16 12 12 5 
4639000 4639016 0 0 0 -46 -45 0 -51 -52 -43 -138 -4 97 97 25 20 16 10 12 32 35 45 55 16 12 12 5 
4700500 4700511 0 0 0 -19 -23 0 -25 -28 -16 -111 0 97 96 25 20 16 10 12 32 35 45 55 16 12 12 5 
4725000 4725072 0 0 0 -20 -16 0 -29 -24 -21 -116 -10 91 90 25 20 16 10 12 32 35 45 55 16 10 12 5 
4749000 4749247 0 -1 1 -79 -61 -57 -86 -70 -81 -176 -22 93 97 25 20 16 10 12 32 35 45 55 16 11 7 5 
4753000 4753199 0 2 1 -194 -146 -172 -200 -152 -194 -289 -47 92 94 25 20 16 10 12 32 35 45 55 16 11 12 5 
4759000 4759001 0 -3 1 -70 -54 -47 -55 -49 -50 -145 -13 92 93 25 20 16 10 12 32 35 45 55 16 10 8 5 
4850500 4850561 0 0 0 -31 -14 0 -33 -17 -26 -121 -20 93 94 25 20 16 10 12 32 35 45 55 16 10 10 5 
4999000 4999152 0 0 0 -26 -14 0 -31 -21 -24 -119 -12 92 91 25 20 16 10 12 32 35 45 55 16 11 12 5 
5158000 5158119 0 0 0 -26 -13 0 -33 -22 -26 -121 -13 89 88 25 20 16 10 12 32 35 45 55 16 10 11 5 
5428000 5428117 0 0 0 -45 -35 0 -51 -40 -44 -139 -17 88 89 25 20 16 10 12 32 35 45 55 16 11 10 5 
5562000 5562077 0 0 0 -52 -34 0 -61 -44 -58 -153 -20 87 86 25 20 15 10 12 32 35 45 55 16 9 9 5 
5623000 5623286 0 0 0 -41 -25 0 -47 -31 -45 -140 -20 83 84 25 20 15 10 12 32 35 45 55 16 10 10 5 
5956000 5956175 0 0 0 -4 -1 0 -14 -10 -10 -105 -8 83 82 25 20 15 10 12 32 35 45 55 16 5 6 5 
6088000 6088409 0 0 0 2 -1 0 -5 -8 0 -95 -1 82 82 25 20 16 10 12 32 35 45 55 16 7 8 5 
6763000 6764184 0 0 0 -6 1 0 -27 -14 -25 -120 -12 85 87 25 20 15 10 13 33 35 45 55 16 2 5 5 
7157000 7158202 0 -1 1 -72 -83 -52 -104 -109 -96 -191 -5 101 101 25 20 15 10 12 30 35 45 55 16 0 7 5 
7171500 7171519 0 2 1 -155 -119 -135 -161 -129 -167 -262 -15 102 102 25 20 16 10 12 30 35 45 55 16 3 4 5 
7238000 7238458 0 -3 1 -71 -49 -49 -71 -54 -68 -163 -23 89 89 25 20 17 10 11 31 35 45 55 16 4 7 5 
7327500 7327649 0 0 0 -25 -23 0 -36 -33 -29 -124 -6 87 87 25 20 17 10 11 31 35 45 55 16 9 8 5 
7618000 7618101 0 0 0 -35 -22 0 -43 -30 -40 -135 -16 82 82 25 20 16 10 12 32 35 45 55 16 9 8 5 
7738000 7738071 0 0 0 -59 -41 0 -69 -49 -70 -165 -26 85 85 25 20 16 10 13 33 35 45 55 16 10 11 5 
7769500 7770823 0 -1 1 -120 -106 -60 -166 -157 -160 -255 -15 100 108 25 20 16 10 13 31 35 45 55 16 0 11 5 
7800000 7800078 0 2 1 -228 -269 -169 -233 -280 -228 -323 17 128 127 25 20 16 10 12 27 35 45 55 16 8 9 5 
7826000 7826134 0 -3 1 -108 -155 -48 -101 -151 -84 -179 46 122 123 25 20 16 10 11 26 35 45 55 16 9 13 5 
7834000 7834034 0 -1 1 -110 -150 -51 -116 -157 -98 -193 38 126 126 25 20 16 10 11 26 35 45 55 16 12 13 5 
7877000 7877098 0 2 1 -507 -439 -447 -534 -455 -548 -643 -103 97 96 25 20 16 10 11 31 35 45 55 16 13 8 5 
8084500 8084975 0 -3 1 -109 -107 -48 -107 -110 -100 -195 -3 90 89 25 20 15 10 13 33 35 45 55 16 7 7 5 
8105500 8105840 0 0 0 -61 -66 0 -70 -74 -65 -160 -1 85 88 25 20 15 10 13 33 35 45 55 16 9 8 5 
8209000 8209081 0 0 0 -5 -30 0 -12 -37 1 -94 25 86 85 25 20 15 10 13 33 35 45 55 16 7 6 5 
8249000 8249367 0 0 0 3 -23 0 -3 -29 9 -86 25 85 86 25 20 15 10 13 33 35 45 55 16 6 11 5 
8333500 8333589 0 0 0 -20 -36 0 -27 -43 -10 -105 17 83 84 25 20 17 10 13 33 35 45 55 16 6 7 5 
8349000 8349602 0 -1 1 -78 -82 -55 -96 -97 -85 -180 -5 88 85 25 20 17 10 13 33 35 45 55 16 5 2 5 
8381000 8381716 0 2 1 -196 -248 -167 -201 -261 -179 -274 45 126 128 25 20 16 10 13 28 35 45 55 16 3 9 5 
8391500 8391882 0 -3 1 -75 -135 -44 -63 -128 -33 -128 66 119 117 25 20 16 10 12 28 35 45 55 16 7 8 5 
8400500 8400527 0 -1 1 -83 -133 -50 -82 -133 -60 -155 56 124 125 25 20 16 10 11 26 35 45 55 16 13 10 5 
8415500 8415600 0 2 1 -292 -272 -256 -312 -286 -309 -404 -45 103 106 25 20 16 10 13 31 35 45 55 16 10 9 5 
8423000 8423040 0 -3 1 -85 -127 -48 -86 -129 -63 -158 47 117 117 25 20 15 10 12 28 35 45 55 16 14 12 5 
8439500 8439561 0 0 0 -40 -96 0 -45 -104 -22 -117 56 124 123 25 20 15 10 12 27 35 45 55 16 15 8 5 
8444000 8444014 0 -1 1 -98 -136 -59 -101 -140 -85 -180 35 124 124 25 20 15 10 12 27 35 45 55 16 14 12 5 
8467000 8467007 0 2 1 -415 -343 -380 -456 -375 -477 -572 -75 104 104 25 20 16 10 12 30 35 45 55 16 7 12 5 
8478000 8478111 0 -3 1 -82 -131 -48 -85 -133 -64 -159 46 116 116 25 20 16 10 12 28 35 45 55 16 12 12 5 
8503000 8503214 0 -1 1 -79 -71 -50 -84 -75 -76 -171 -13 103 102 25 20 17 10 11 29 35 45 55 16 8 8 5 
8525500 8525600 0 2 1 -233 -220 -208 -258 -236 -243 -338 -24 111 107 25 20 17 10 11 29 35 45 55 16 11 10 5 
8579500 8579501 0 -3 1 -64 -68 -50 -69 -74 -61 -156 0 92 91 25 20 16 10 12 32 35 45 55 16 6 10 5 
8611000 8611373 0 0 0 -9 -25 0 -14 -29 -1 -96 12 88 91 25 20 16 10 12 32 35 45 55 16 2 2 5 
8653000 8653071 0 0 0 2 -21 0 -6 -28 9 -86 23 87 88 25 20 16 10 12 32 35 45 55 16 9 9 5 
8884500 8884557 0 0 0 -10 -25 0 -20 -35 -11 -106 12 84 83 25 20 16 10 12 32 35 45 55 16 10 7 5 
8894000 8894163 0 13 0 -42 -46 -7 -55 -62 -48 -143 5 86 88 25 20 16 10 12 32 35 45 55 16 9 9 5 
8906000 8906186 0 0 0 -66 -61 0 -75 -70 -68 -163 -8 79 79 25 20 16 10 13 33 35 45 55 16 9 10 5 
8941000 8941080 0 0 0 -49 -52 0 -58 -60 -49 -144 1 81 82 25 20 16 10 13 33 35 45 55 16 9 8 5 
9207000 9207072 0 0 0 -62 -55 0 -70 -64 -64 -159 -7 82 82 25 20 15 10 12 32 35 45 55 16 8 10 5 
9230500 9230518 0 0 0 -91 -79 0 -99 -86 -97 -192 -16 84 84 25 20 15 10 13 33 35 45 55 16 11 11 5 
9256000 9256141 0 0 0 -68 -58 0 -75 -66 -74 -169 -12 80 81 25 20 15 10 13 33 35 45 55 16 10 9 5 
9349500 9349655 0 0 0 -76 -70 0 -83 -77 -74 -169 -6 80 80 25 20 16 10 12 32 35 45 55 16 8 8 5 
9361000 9361036 0 0 0 -54 -46 0 -62 -54 -57 -152 -11 83 80 25 20 16 10 13 33 35 45 55 16 8 11 5 
9894500 9894542 0 0 0 -49 -38 0 -56 -45 -54 -149 -12 76 74 25 20 14 10 12 32 35 45 55 16 7 7 5 
10565500 10565654 0 0 0 -77 -56 0 -85 -64 -83 -178 -23 79 84 25 20 15 10 13 33 35 45 55 16 10 9 5 
10592000 10592148 0 0 0 -54 -42 0 -61 -49 -58 -153 -13 83 87 25 20 15 10 12 32 35 45 55 16 10 11 5 
10765500 10765633 0 0 0 -55 -45 0 -63 -52 -63 -158 -13 82 82 25 20 15 10 12 32 35 45 55 16 10 10 5 
10776500 10776653 0 0 0 -76 -60 0 -86 -71 -82 -177 -17 84 82 25 20 15 10 13 33 35 45 55 16 11 8 5 
11096000 11096178 0 0 0 -64 -50 0 -71 -57 -71 -166 -17 80 80 25 20 15 10 12 32 35 45 55 16 10 10 5 
11240500 11240507 0 0 0 -50 -35 0 -58 -43 -55 -150 -23 80 81 25 20 16 10 13 33 35 45 55 16 10 10 5 
11589500 11589533 0 0 0 -57 -34 0 -65 -41 -62 -157 -26 77 78 25 20 15 10 12 32 35 45 55 16 10 10 5 
11779000 11779134 0 0 0 -58 -34 0 -65 -42 -60 -155 -23 76 75 25 20 15 10 12 32 35 45 55 16 9 6 5 
11828500 11828511 0 -1 1 -110 -107 -52 -119 -112 -114 -209 -4 91 91 25 20 15 10 12 32 35 45 55 16 5 2 5 
12102500 12102522 0 2 1 -414 -332 -355 -430 -346 -441 -536 -100 90 87 25 20 16 10 12 32 35 45 55 16 12 11 5 
12301500 12301544 0 -3 1 -109 -93 -50 -115 -100 -114 -209 -15 75 76 25 20 15 10 13 33 35 45 55 16 9 6 5 
12444500 12444558 0 0 0 -60 -53 0 -67 -60 -62 -157 -11 76 77 25 20 16 10 12 32 35 45 55 16 10 7 5 
12872000 12872238 0 0 0 -65 -43 0 -72 -50 -65 -160 -23 76 76 25 20 16 10 12 32 35 45 55 16 8 10 5 
13005000 13005066 0 -1 1 -109 -83 -50 -117 -91 -114 -209 -28 82 82 25 20 15 10 12 32 35 45 55 16 10 11 5 
13151000 13151149 0 2 1 -672 -490 -622 -686 -501 -705 -800 -201 94 94 25 20 15 10 12 32 35 45 55 16 12 11 5 
13230000 13230145 0 -3 1 -96 -55 -50 -101 -61 -109 -204 -47 74 76 25 20 15 10 13 33 35 45 55 16 8 5 5 
13395000 13395256 0 0 0 -37 -28 0 -44 -35 -41 -136 -9 74 72 25 20 15 10 12 32 35 45 55 16 6 5 5 
13539500 13539562 0 0 0 -41 -24 0 -46 -30 -45 -140 -21 75 75 25 20 15 10 12 32 35 45 55 16 8 8 5 
14400000 14400088 0 0 0 -78 -50 0 -87 -58 -89 -184 -31 66 66 25 20 15 10 12 32 35 45 55 16 7 8 5 
14704000 14704035 0 -1 1 -113 -78 -50 -123 -88 -135 -230 -44 76 77 25 20 14 10 13 33 35 45 55 16 10 9 5 
14714000 14714160 0 2 1 -169 -128 -107 -179 -136 -196 -291 -57 80 80 25 20 14 10 13 33 35 45 55 16 9 10 5 
14734000 14734136 0 -3 1 -110 -76 -49 -117 -83 -126 -221 -40 75 76 25 20 14 10 13 33 35 45 55 16 10 8 5 
14749000 14749200 0 -1 1 -114 -79 -54 -122 -86 -132 -227 -43 77 74 25 20 14 10 13 33 35 45 55 16 6 7 5 
14857000 14857119 0 2 1 -473 -393 -418 -485 -404 -511 -606 -110 87 87 25 20 16 10 12 32 35 45 55 16 11 11 5 
15013500 15013691 0 -3 1 -97 -84 -50 -105 -92 -101 -196 -19 77 76 25 20 16 10 12 32 35 45 55 16 10 10 5 
15251500 15251574 0 0 0 -35 -34 0 -43 -41 -36 -131 -6 73 72 25 20 16 10 12 32 35 45 55 16 6 3 5 
15581000 15582186 0 0 0 -40 -27 0 -43 -28 -38 -133 -19 75 80 25 20 16 10 12 32 35 45 55 16 1 4 5 
15607500 15607622 0 0 0 -34 -8 0 -41 -14 -35 -130 -28 76 78 25 20 16 10 11 31 35 45 55 16 9 10 5 
15933500 15933634 0 -1 1 -100 -59 -54 -106 -67 -112 -207 -44 82 82 25 20 14 10 12 32 35 45 55 16 8 10 5 
15963000 15963046 0 2 1 -169 -127 -122 -178 -136 -182 -277 -50 74 72 25 20 15 10 12 32 35 45 55 16 10 9 5 
15999500 15999647 0 -3 1 -99 -67 -50 -105 -74 -106 -201 -34 71 71 25 20 15 10 12 32 35 45 55 16 9 9 5 
16219000 16219064 0 0 0 -57 -34 0 -65 -42 -64 -159 -27 68 67 25 20 15 10 12 32 35 45 55 16 9 6 5 
16426500 16426596 0 -1 1 -108 -78 -50 -118 -87 -118 -213 -35 78 79 25 20 15 10 12 32 35 45 55 16 9 10 5 
16469000 16469096 0 2 1 -197 -148 -139 -213 -163 -232 -327 -57 79 79 25 20 15 10 13 33 35 45 55 16 9 7 5 
16475000 16475060 0 -3 1 -106 -91 -48 -111 -96 -108 -203 -16 92 94 25 20 15 10 12 32 35 45 55 16 10 7 5 
16483000 16483020 0 -1 1 -109 -99 -50 -115 -104 -105 -200 -11 101 103 25 20 16 10 11 29 35 45 55 16 7 11 5 
18143500 18143596 0 2 1 -798 -634 -731 -817 -654 -857 -952 -177 94 94 25 20 16 10 13 33 35 45 55 16 10 11 5 
18260000 18260069 0 -3 1 -113 -98 -45 -121 -102 -120 -215 -29 96 98 25 20 16 10 12 32 35 45 55 16 9 11 5 
18378000 18378099 0 0 0 -68 -72 0 -74 -80 -67 -162 1 96 96 25 20 15 10 12 32 35 45 55 16 5 8 5 
18579500 18579717 0 -1 1 -126 -168 -58 -137 -179 -111 -206 29 132 135 25 20 16 10 13 28 35 45 55 16 10 14 5 
18630500 18630503 0 2 1 -273 -250 -206 -291 -265 -296 -391 -47 102 102 25 20 16 10 13 31 35 45 55 16 9 13 5 
18638000 18638361 0 -3 1 -109 -133 -41 -110 -134 -103 -198 10 106 104 25 20 16 10 13 31 35 45 55 16 7 9 5 
18645500 18645645 0 -1 1 -118 -108 -51 -131 -117 -122 -217 -21 106 104 25 20 16 10 13 31 35 45 55 16 10 6 5 
18667000 18667268 0 2 1 -283 -219 -215 -290 -222 -306 -401 -87 98 99 25 20 16 10 13 33 35 45 55 16 8 8 5 
18683500 18683631 0 -3 1 -114 -133 -46 -120 -138 -109 -204 21 110 109 25 20 16 10 13 31 35 45 55 16 6 6 5 
18695000 18695126 0 -1 1 -119 -167 -52 -128 -174 -94 -189 49 132 133 25 20 17 10 13 28 35 45 55 16 15 13 5 
18700000 18700102 0 2 1 -175 -220 -107 -173 -220 -163 -258 23 130 128 25 20 17 10 13 28 35 45 55 16 14 8 5 
18705000 18705072 0 -3 1 -118 -164 -50 -117 -164 -98 -193 33 126 125 25 20 17 10 13 28 35 45 55 16 13 14 5 
18765500 18765522 0 -1 1 -121 -173 -53 -119 -175 -91 -186 49 133 133 25 20 17 10 13 28 35 45 55 16 11 9 5 
18773000 18773056 0 2 1 -194 -235 -127 -205 -246 -200 -295 18 130 128 25 20 17 10 13 28 35 45 55 16 16 16 5 
18782000 18782547 0 -3 1 -117 -169 -50 -117 -169 -96 -191 41 130 132 25 20 17 10 13 28 35 45 55 16 7 6 5 
18806000 18806042 0 -1 1 -120 -170 -53 -129 -182 -115 -210 39 132 132 25 20 17 10 13 28 35 45 55 16 9 12 5 
18821000 18821170 0 2 1 -212 -220 -145 -233 -240 -238 -333 -17 124 127 25 20 17 10 13 28 35 45 55 16 11 12 5 
66500 66598 1 0 -1 0 0 0 0 0 0 66 0 85 82 25 20 16 10 13 33 35 45 55 16 3 1 5 
130500 130758 1 0 0 -3 -6 0 -13 -14 3 64 1 84 83 25 20 16 10 13 33 35 45 55 16 0 2 5 
358000 358167 1 0 0 -12 -16 0 -24 -29 -7 54 5 84 83 25 20 17 10 12 32 35 45 55 16 5 3 5 
431500 433610 1 -1 7 41 18 52 45 8 62 123 38 98 100 25 20 17 10 12 30 35 45 55 16 0 4 5 
581000 581013 1 2 7 98 79 106 89 75 105 166 14 96 97 25 20 17 10 12 32 35 45 55 16 3 3 5 
592000 592017 1 -3 7 41 23 49 28 10 44 105 18 94 94 25 20 17 10 12 32 35 45 55 16 10 12 5 
778000 778019 1 0 0 -5 -6 0 -13 -15 5 66 3 81 81 25 20 16 10 12 32 35 45 55 16 5 7 5 
958000 958037 1 0 0 2 -1 0 -7 -8 9 70 1 81 81 25 20 15 10 12 32 35 45 55 16 7 5 5 
1025500 1025589 1 0 0 17 3 0 9 -6 26 87 15 84 84 25 20 15 10 12 32 35 45 55 16 8 11 5 
1245000 1245076 1 0 0 18 7 0 9 -2 26 87 11 81 80 25 20 15 10 11 31 35 45 55 16 7 7 5 
1262000 1262574 1 0 0 1 -2 0 -8 -12 10 71 5 79 80 25 20 15 10 12 32 35 45 55 16 2 2 5 
1478500 1478658 1 0 0 -7 -11 0 -17 -20 0 61 3 81 81 25 20 15 10 12 32 35 45 55 16 3 6 5 
1502000 1502222 1 0 0 -7 -15 0 -14 -23 2 63 8 83 87 25 20 15 10 12 32 35 45 55 16 3 3 5 
1854500 1854728 1 0 0 18 9 0 8 2 24 85 6 84 84 25 20 15 10 13 33 35 45 55 16 6 2 5 
1926500 1928050 1 0 0 31 12 0 24 5 42 103 20 89 94 25 20 13 10 14 34 35 45 55 16 0 6 5 
1953500 1953634 1 0 0 10 -1 0 -2 -10 15 76 9 91 90 25 20 14 10 14 34 35 45 55 16 2 2 5 
2082000 2082303 1 0 0 17 7 0 8 -1 24 85 7 88 86 25 20 14 10 14 34 35 45 55 16 6 6 5 
2146000 2146010 1 0 0 12 -1 0 3 -9 20 81 14 86 86 25 20 14 10 13 33 35 45 55 16 9 9 5 
2263000 2263048 1 0 0 5 -5 0 -4 -14 12 73 9 86 86 25 20 15 10 12 32 35 45 55 16 8 9 5 
2576000 2576335 1 0 0 9 0 0 -2 -9 16 77 8 84 85 25 20 16 10 12 32 35 45 55 16 9 9 5 
2707500 2708951 1 0 0 4 -9 0 -5 -20 13 74 16 98 96 25 20 15 10 12 32 35 45 55 16 0 7 5 
2958000 2958343 1 0 0 20 2 0 13 -4 31 92 18 85 85 25 20 17 10 12 32 35 45 55 16 6 6 5 
3363500 3363966 1 0 0 2 -8 0 -7 -16 10 71 10 87 87 25 20 17 10 12 32 35 45 55 16 4 4 5 
3508000 3508304 1 0 0 3 -8 0 -9 -18 7 68 7 86 86 25 20 17 10 12 32 35 45 55 16 4 9 5 
3648500 3648634 1 0 0 -2 -8 0 -11 -17 7 68 7 85 83 25 20 17 10 12 32 35 45 55 16 7 5 5 
3951500 3952118 1 0 0 -7 -21 0 -18 -33 -1 60 15 89 88 25 20 17 10 11 31 35 45 55 16 4 0 5 
3995500 3995530 1 0 0 3 3 0 -2 -1 16 77 1 91 91 25 20 17 10 11 31 35 45 55 16 5 7 5 
4039500 4039642 1 0 0 15 -2 0 10 -10 26 87 19 89 90 25 20 16 10 12 32 35 45 55 16 6 4 5 
4063500 4063821 1 0 0 16 -1 0 5 -11 22 83 17 89 90 25 20 16 10 12 32 35 45 55 16 4 7 5 
4142500 4142528 1 0 0 36 23 0 23 10 38 99 12 89 90 25 20 17 10 13 33 35 45 55 16 7 6 5 
4203500 4203603 1 0 0 35 10 0 25 2 41 102 22 92 89 25 20 16 10 12 32 35 45 55 16 9 11 5 
4238500 4238780 1 0 0 15 -4 0 6 -13 21 82 18 86 83 25 20 16 10 12 32 35 45 55 16 5 9 5 
4278000 4278238 1 0 0 5 -9 0 -7 -19 10 71 12 93 94 25 20 16 10 12 32 35 45 55 16 10 4 5 
4320000 4320593 1 0 0 27 13 0 18 6 33 94 12 99 101 25 20 16 10 13 31 35 45 55 16 6 8 5 
4374500 4374598 1 0 0 33 16 0 25 7 42 103 17 93 94 25 20 16 10 13 33 35 45 55 16 11 12 5 
4470000 4470092 1 0 0 23 2 0 12 -9 28 89 20 95 96 25 20 16 10 12 32 35 45 55 16 12 12 5 
4532000 4532097 1 0 0 29 4 0 20 -6 36 97 25 98 93 25 20 16 10 12 32 35 45 55 16 12 11 5 
4640000 4640102 1 0 0 25 -1 0 16 -10 34 95 27 96 98 25 20 16 10 12 32 35 45 55 16 12 12 5 
4700500 4700511 1 0 0 23 2 0 14 -6 31 92 20 97 96 25 20 16 10 12 32 35 45 55 16 12 12 5 
4725000 4725072 1 0 0 26 3 0 18 -6 34 95 23 91 90 25 20 16 10 12 32 35 45 55 16 10 12 5 
4848500 4848634 1 0 0 21 4 0 11 -6 29 90 20 95 97 25 20 16 10 12 32 35 45 55 16 9 10 5 
4998500 4998509 1 0 0 30 8 0 21 -2 39 100 23 92 96 25 20 16 10 12 32 35 45 55 16 11 12 5 
5157000 5157102 1 0 0 22 4 0 12 -5 30 91 18 89 89 25 20 16 10 12 32 35 45 55 16 10 10 5 
5428000 5428117 1 0 0 19 5 0 10 -4 29 90 15 88 89 25 20 16 10 12 32 35 45 55 16 11 10 5 
5563000 5563282 1 0 0 20 5 0 9 -5 27 88 14 87 88 25 20 15 10 12 32 35 45 55 16 8 10 5 
5622000 5622027 1 0 0 0 -3 0 -10 -13 6 67 3 83 84 25 20 15 10 12 32 35 45 55 16 8 10 5 
5956000 5956175 1 0 0 0 -6 0 -10 -15 8 69 6 83 82 25 20 15 10 12 32 35 45 55 16 5 6 5 
6088000 6088409 1 0 0 7 0 0 -1 -9 16 77 7 82 82 25 20 16 10 12 32 35 45 55 16 7 8 5 
6763000 6764184 1 0 0 7 11 0 6 10 22 83 -4 85 87 25 20 15 10 13 33 35 45 55 16 2 5 5 
7327500 7327649 1 0 0 8 -5 0 -1 -14 16 77 12 87 87 25 20 17 10 11 31 35 45 55 16 9 8 5 
7618000 7618101 1 0 0 5 -1 0 -6 -11 12 73 5 82 82 25 20 16 10 12 32 35 45 55 16 9 8 5 
7737000 7737012 1 0 0 -6 -6 0 -15 -15 3 64 1 85 84 25 20 16 10 13 33 35 45 55 16 10 10 5 
8103500 8103548 1 0 0 0 -11 0 -7 -18 9 70 10 86 85 25 20 15 10 13 33 35 45 55 16 8 10 5 
8214500 8214573 1 0 0 -17 -23 0 -27 -32 -10 51 6 85 85 25 20 15 10 13 33 35 45 55 16 8 9 5 
8248000 8248143 1 0 0 -16 -20 0 -25 -30 -9 52 5 85 86 25 20 15 10 13 33 35 45 55 16 7 8 5 
8334500 8334676 1 0 0 -19 -21 0 -27 -31 -12 49 4 82 81 25 20 17 10 13 33 35 45 55 16 7 4 5 
8386000 8386044 1 -1 7 35 12 51 27 2 43 104 24 125 123 25 20 16 10 12 27 35 45 55 16 13 10 5 
8393500 8393524 1 2 7 98 51 113 101 47 117 178 53 120 119 25 20 16 10 12 28 35 45 55 16 7 7 5 
8457500 8457541 1 -3 7 38 17 49 28 9 44 105 19 98 97 25 20 17 10 13 33 35 45 55 16 13 12 5 
8604500 8606234 1 0 0 -2 -3 0 -11 -12 6 67 1 86 85 25 20 16 10 12 32 35 45 55 16 1 1 5 
8659500 8659635 1 0 0 25 11 0 17 2 33 94 15 87 87 25 20 16 10 12 32 35 45 55 16 11 10 5 
8879000 8879094 1 0 0 19 10 0 9 0 26 87 10 82 82 25 20 16 10 12 32 35 45 55 16 7 8 5 
8907000 8907141 1 0 0 -7 -13 0 -16 -22 -1 60 4 79 81 25 20 16 10 13 33 35 45 55 16 10 10 5 
8943500 8943702 1 0 0 -11 -14 0 -22 -24 -6 55 1 81 80 25 20 16 10 13 33 35 45 55 16 6 8 5 
9203500 9203578 1 0 0 -9 -18 0 -18 -27 -1 60 10 81 80 25 20 15 10 12 32 35 45 55 16 10 9 5 
9230500 9230518 1 0 0 -5 -11 0 -13 -21 3 64 6 84 84 25 20 15 10 13 33 35 45 55 16 11 11 5 
9258500 9258584 1 0 0 -6 -11 0 -15 -21 1 62 4 80 79 25 20 15 10 13 33 35 45 55 16 9 10 5 
9348000 9348144 1 0 0 7 -10 0 -2 -17 15 76 16 81 82 25 20 16 10 12 32 35 45 55 16 7 8 5 
9361000 9361036 1 0 0 -17 -23 0 -28 -33 -11 50 7 83 80 25 20 16 10 13 33 35 45 55 16 8 11 5 
9892500 9892549 1 0 0 -21 -25 0 -30 -33 -12 49 4 76 74 25 20 14 10 12 32 35 45 55 16 6 7 5 
10563500 10563749 1 0 0 -25 -26 0 -36 -36 -19 42 0 77 75 25 20 15 10 13 33 35 45 55 16 6 10 5 
10591000 10591068 1 0 0 0 -10 0 -9 -18 8 69 9 82 80 25 20 15 10 12 32 35 45 55 16 10 11 5 
10767000 10767100 1 0 0 -3 -9 0 -13 -19 3 64 5 81 81 25 20 15 10 13 33 35 45 55 16 10 10 5 
10781000 10781036 1 0 0 -12 -16 0 -22 -26 -6 55 4 82 82 25 20 15 10 13 33 35 45 55 16 8 9 5 
11096000 11096178 1 0 0 -17 -22 0 -27 -32 -8 53 5 80 80 25 20 15 10 12 32 35 45 55 16 10 10 5 
11239500 11239574 1 0 0 6 -2 0 -4 -12 11 72 6 80 81 25 20 16 10 13 33 35 45 55 16 9 10 5 
11586500 11586625 1 0 0 0 -6 0 -8 -15 10 71 8 77 78 25 20 15 10 12 32 35 45 55 16 10 10 5 
11779500 11779537 1 0 0 1 -5 0 -7 -13 9 70 4 76 75 25 20 15 10 12 32 35 45 55 16 9 6 5 
12445500 12445544 1 0 0 -9 -17 0 -20 -26 -4 57 6 76 75 25 20 16 10 12 32 35 45 55 16 10 6 5 
12875500 12875596 1 0 0 1 -2 0 -9 -11 9 70 2 77 77 25 20 16 10 12 32 35 45 55 16 8 10 5 
13389500 13389582 1 0 0 -11 -16 0 -22 -27 -6 55 5 76 76 25 20 15 10 12 32 35 45 55 16 8 7 5 
13554500 13554744 1 0 0 -3 -14 0 -11 -23 4 65 11 76 75 25 20 15 10 12 32 35 45 55 16 7 5 5 
14400000 14400088 1 0 0 -28 -29 0 -37 -39 -21 40 1 66 66 25 20 15 10 12 32 35 45 55 16 7 8 5 
15253000 15253045 1 0 0 -11 -13 0 -20 -23 -2 59 4 73 72 25 20 16 10 12 32 35 45 55 16 3 7 5 
15585000 15585064 1 0 0 -3 -1 0 -13 -9 6 67 -3 72 70 25 20 16 10 12 32 35 45 55 16 5 6 5 
15608500 15608598 1 0 0 -32 -32 0 -41 -40 -26 35 -1 75 75 25 20 16 10 11 31 35 45 55 16 10 9 5 
16220500 16220650 1 0 0 -35 -32 0 -43 -42 -26 35 -1 68 67 25 20 15 10 12 32 35 45 55 16 6 4 5 
17384000 17384143 1 0 0 -31 -39 0 -40 -47 -24 37 8 89 88 25 20 16 10 12 32 35 45 55 16 11 11 5 
17400000 17400077 1 0 0 0 -14 0 -10 -23 7 68 14 92 91 25 20 16 10 12 32 35 45 55 16 12 12 5 
17514500 17514520 1 0 0 -3 -20 0 -12 -29 6 67 19 99 98 25 20 16 10 12 32 35 45 55 16 8 13 5 
17533000 17533107 1 0 0 -19 -29 0 -31 -43 -15 46 11 93 93 25 20 16 10 12 32 35 45 55 16 12 11 5 
18379500 18379513 1 0 0 -9 -26 0 -20 -34 -1 60 15 96 96 25 20 15 10 12 32 35 45 55 16 8 6 5 
18551000 18551003 1 -1 7 45 7 54 30 -11 46 107 41 112 114 25 20 16 10 12 28 35 45 55 16 9 5 5 
18572500 18572675 1 2 7 101 63 110 93 59 109 170 34 128 129 25 20 16 10 13 28 35 45 55 16 15 7 5 
18597000 18597005 1 -3 7 40 11 49 29 1 45 106 28 111 109 25 20 16 10 13 31 35 45 55 16 13 12 5 
18681500 18681537 1 -1 7 44 25 53 47 34 62 123 11 107 106 25 20 16 10 13 31 35 45 55 16 4 6 5 
18722000 18722000 1 2 7 113 71 122 109 67 124 185 41 134 133 25 20 17 10 13 28 35 45 55 16 5 11 5 
