63500 63699 0 0 0 -21 4 0 -24 3 -20 -203 -26 62 62 25 20 18 10 11 31 35 45 55 16 3 2 5 
93000 93212 0 0 0 23 43 0 24 45 23 -160 -18 63 64 25 20 18 10 11 31 35 45 55 16 0 4 5 
103000 103159 0 0 0 -27 6 0 -29 6 -32 -215 -29 61 62 25 20 18 10 11 31 35 45 55 16 2 4 5 
123500 124210 0 0 0 -16 14 0 -10 20 -12 -195 -25 61 60 25 20 18 10 11 31 35 45 55 16 1 7 5 
150000 150370 0 0 -1 0 0 0 0 0 0 -187 0 61 60 25 20 18 10 11 31 35 45 55 16 5 8 5 
272000 274558 0 0 0 -5 29 0 -8 19 -22 -205 -20 60 61 25 20 18 10 11 31 35 45 55 16 0 0 5 
292500 292537 0 0 0 -35 -1 0 -35 0 -34 -217 -29 59 58 25 20 18 10 11 31 35 45 55 16 7 7 5 
406000 406305 0 0 0 -45 -2 0 -43 -1 -43 -226 -37 56 54 25 20 18 10 11 31 35 45 55 16 5 5 5 
416500 416660 0 0 0 -1 28 0 0 28 1 -182 -22 58 56 25 20 18 10 11 31 35 45 55 16 7 7 5 
587000 587164 0 0 0 -16 11 0 -16 10 -12 -194 -23 59 59 25 20 18 10 11 31 35 45 55 16 7 6 5 
659000 659095 0 0 0 -21 4 0 -18 6 -16 -199 -24 58 58 25 20 18 10 11 31 35 45 55 16 7 7 5 
718000 718237 0 0 0 -25 2 0 -23 2 -18 -200 -15 60 60 25 20 18 10 11 31 35 45 55 16 7 2 5 
783500 783540 0 0 0 -19 4 0 -19 5 -13 -195 -19 61 60 25 20 18 10 11 31 35 45 55 16 8 8 5 
894500 894697 0 0 0 -22 6 0 -23 5 -22 -204 -28 57 55 25 20 18 10 11 31 35 45 55 16 5 5 5 
1003000 1003102 0 0 0 -18 8 0 -17 9 -14 -196 -24 59 59 25 20 18 10 11 31 35 45 55 16 7 7 5 
1025500 1025714 0 0 0 -11 14 0 -8 16 -7 -189 -18 60 61 25 20 18 10 11 31 35 45 55 16 7 8 5 
1104500 1104690 0 0 0 -18 10 0 -19 9 -18 -200 -26 59 60 25 20 18 10 11 31 35 45 55 16 7 6 5 
1138000 1140452 0 0 0 0 20 0 3 21 12 -170 -7 66 65 25 20 18 10 11 31 35 45 55 16 0 1 5 
1175500 1175634 0 0 0 -3 11 0 0 12 0 -182 -11 60 61 25 20 18 10 11 31 35 45 55 16 2 8 5 
1213000 1214081 0 0 0 -12 10 0 -9 12 -10 -192 -21 58 57 25 20 18 10 11 31 35 45 55 16 2 7 5 
1376000 1376179 0 0 0 -19 4 0 -16 7 -16 -198 -21 59 61 25 20 18 10 11 31 35 45 55 16 7 7 5 
1419500 1420409 0 0 0 -6 12 0 -6 11 -1 -183 -13 63 65 25 20 18 10 11 31 35 45 55 16 2 1 5 
1532000 1532228 0 0 0 -17 9 0 -15 12 -15 -197 -23 59 60 25 20 18 10 11 31 35 45 55 16 3 3 5 
1578500 1578725 0 0 0 -15 7 0 -16 7 -16 -198 -22 63 64 25 20 18 10 11 31 35 45 55 16 3 5 5 
1612500 1612536 0 0 0 -1 13 0 0 13 3 -179 -10 62 60 25 20 18 10 11 31 35 45 55 16 8 8 5 
1762500 1762515 0 0 0 -3 16 0 -5 16 -2 -184 -18 58 58 25 20 18 10 11 31 35 45 55 16 7 5 5 
2045500 2045514 0 0 0 -11 14 0 -7 17 -8 -190 -24 59 60 25 20 18 10 11 31 35 45 55 16 4 5 5 
2102000 2102202 0 0 0 -30 -1 0 -29 1 -25 -207 -28 65 65 25 20 18 10 11 31 35 45 55 16 5 4 5 
2172000 2172220 0 0 0 6 24 0 6 25 12 -171 -16 62 63 25 20 18 10 11 31 35 45 55 16 6 7 5 
2192000 2192174 0 0 0 -24 0 0 -22 2 -20 -202 -21 58 56 25 20 18 10 11 31 35 45 55 16 7 7 5 
2265000 2265086 0 0 0 -21 6 0 -21 6 -18 -200 -24 58 58 25 20 18 10 11 31 35 45 55 16 7 7 5 
2300500 2300523 0 0 0 -12 12 0 -12 12 -12 -194 -24 59 60 25 20 18 10 11 31 35 45 55 16 7 7 5 
2411000 2411271 0 0 0 -15 2 0 -16 1 -14 -196 -13 62 63 25 20 18 10 11 31 35 45 55 16 3 6 5 
2443000 2443792 0 0 0 -16 4 0 -9 10 -7 -189 -16 61 61 25 20 18 10 11 31 35 45 55 16 2 2 5 
2463500 2463551 0 0 0 -17 5 0 -19 4 -20 -202 -21 61 61 25 20 18 10 11 31 35 45 55 16 8 7 5 
2507000 2507146 0 0 0 -13 10 0 -12 11 -8 -190 -17 58 57 25 20 18 10 11 31 35 45 55 16 7 7 5 
2557500 2557585 0 0 0 3 24 0 -1 22 0 -182 -19 65 65 25 20 18 10 11 31 35 45 55 16 8 6 5 
2597000 2597151 0 0 0 0 11 0 -1 12 -2 -184 -12 64 64 25 20 18 10 11 31 35 45 55 16 8 8 5 
2913000 2913296 0 0 0 -4 20 0 -2 24 6 -176 -22 61 60 25 20 18 10 11 31 35 45 55 16 3 3 5 
3258500 3258708 0 0 0 -4 17 0 -2 17 -1 -183 -14 65 65 25 20 18 10 11 31 35 45 55 16 8 8 5 
3480000 3480052 0 0 0 -25 1 0 -21 4 -20 -202 -19 64 66 25 20 18 10 11 31 35 45 55 16 8 8 5 
3637500 3637743 0 0 0 -32 -15 0 -35 -20 -41 -223 -15 65 66 25 20 18 10 11 31 35 45 55 16 2 2 5 
3671000 3671316 0 0 0 -33 -8 0 -31 -8 -34 -216 -21 63 63 25 20 18 10 11 31 35 45 55 16 7 4 5 
3697500 3697663 0 0 0 -15 5 0 -15 4 -15 -197 -17 66 68 25 20 18 10 11 31 35 45 55 16 8 8 5 
3776000 3776173 0 0 0 -9 9 0 -7 10 -5 -187 -14 62 62 25 20 18 10 11 31 35 45 55 16 7 7 5 
3935500 3935733 0 0 0 -20 -1 0 -21 -2 -20 -202 -15 62 61 25 20 18 10 11 31 35 45 55 16 8 8 5 
4057500 4057623 0 0 0 -24 -1 0 -24 0 -25 -207 -18 64 63 25 20 18 10 11 31 35 45 55 16 8 8 5 
4305000 4305232 0 0 0 -8 11 0 -8 10 -7 -189 -18 64 64 25 20 18 10 11 31 35 45 55 16 2 8 5 
4350000 4350004 0 0 0 -14 6 0 -13 7 -11 -193 -15 63 62 25 20 18 10 11 31 35 45 55 16 8 8 5 
4488500 4488729 0 0 0 -14 4 0 -15 3 -13 -195 -12 65 65 25 20 18 10 11 31 35 45 55 16 7 8 5 
4655500 4656522 0 0 0 -19 0 0 -3 16 -8 -190 -23 65 66 25 20 18 10 11 31 35 45 55 16 1 1 5 
5280000 5280695 0 0 0 -16 15 0 -21 20 -24 -206 -33 66 69 25 20 18 10 11 31 35 45 55 16 0 4 5 
5396000 5396197 0 0 0 -16 6 0 -17 5 -17 -199 -18 61 61 25 20 18 10 11 31 35 45 55 16 8 8 5 
5491500 5492173 0 -1 1 -64 -41 -51 -68 -45 -66 -248 -27 77 77 25 20 18 10 11 31 35 45 55 16 0 2 5 
5547000 5547058 0 2 1 -114 -101 -104 -121 -103 -117 -299 -18 77 78 25 20 18 10 11 31 35 45 55 16 2 7 5 
5587500 5587621 0 -3 1 -59 -33 -50 -61 -34 -57 -239 -25 72 73 25 20 18 10 11 31 35 45 55 16 9 9 5 
5711000 5711150 0 0 0 -4 10 0 -4 11 1 -181 -11 68 68 25 20 18 10 11 31 35 45 55 16 8 7 5 
6024500 6024658 0 0 0 -10 4 0 -12 1 -15 -197 -7 69 72 25 20 18 10 11 31 35 45 55 16 1 3 5 
6383500 6384067 0 -1 1 -61 -46 -51 -63 -47 -61 -243 -10 78 77 25 20 18 10 11 31 35 45 55 16 5 6 5 
6413000 6413436 0 2 1 -121 -104 -110 -123 -107 -117 -299 -14 78 79 25 20 18 10 11 31 35 45 55 16 2 4 5 
6462500 6462632 0 -3 1 -58 -37 -47 -58 -36 -57 -239 -16 73 72 25 20 18 10 11 31 35 45 55 16 2 2 5 
6573500 6573590 0 0 0 -11 14 0 -11 15 -4 -186 -16 64 63 25 20 18 10 11 31 35 45 55 16 8 8 5 
7098500 7098619 0 0 0 -12 4 0 -11 3 -7 -189 -13 66 66 25 20 18 10 11 31 35 45 55 16 8 7 5 
7181000 7181352 0 -1 1 -66 -54 -56 -75 -56 -72 -254 -16 76 80 25 20 18 10 11 31 35 45 55 16 1 5 5 
7283000 7283135 0 2 1 -157 -133 -147 -153 -129 -135 -317 -20 78 77 25 20 18 10 11 31 35 45 55 16 5 5 5 
7340500 7340837 0 -3 1 -58 -34 -49 -62 -37 -59 -241 -28 72 72 25 20 18 10 11 31 35 45 55 16 0 3 5 
7672500 7672552 0 0 0 -5 -2 0 -5 -3 1 -181 1 71 71 25 20 18 10 11 31 35 45 55 16 9 4 5 
7862500 7873514 0 -1 1 -53 -36 -52 -48 -48 -59 -241 -9 76 79 25 20 18 10 11 31 35 45 55 16 0 0 5 
7925000 7927169 0 2 1 -92 -79 -91 -85 -83 -77 -259 2 78 76 25 20 18 10 11 31 35 45 55 16 0 2 5 
7962500 7963648 0 -3 1 -48 -29 -49 -38 -27 -28 -210 -7 75 75 25 20 18 10 11 31 35 45 55 16 0 5 5 
8124500 8124658 0 0 0 3 12 0 6 13 11 -171 -5 64 65 25 20 18 10 11 31 35 45 55 16 4 8 5 
8431500 8432687 0 -1 1 -48 -33 -53 -36 -34 -19 -201 1 77 78 25 20 18 10 11 31 35 45 55 16 3 1 5 
8467000 8467005 0 2 1 -111 -113 -116 -109 -109 -115 -297 3 83 82 25 20 18 10 11 31 35 45 55 16 5 5 5 
8517500 8517510 0 -3 1 -43 -34 -48 -40 -34 -40 -222 -5 77 75 25 20 18 10 11 31 35 45 55 16 9 5 5 
9109000 9109133 0 0 0 7 15 0 7 15 9 -174 -6 67 67 25 20 18 10 11 31 35 45 55 16 9 8 5 
9623000 9625705 0 -1 1 -47 -33 -51 -58 -38 -61 -243 -18 75 77 25 20 18 10 12 32 35 45 55 16 0 1 5 
9755000 9755137 0 2 1 -145 -130 -148 -146 -132 -151 -333 -10 86 85 25 20 18 10 12 32 35 45 55 16 9 9 5 
9828000 9828114 0 -3 1 -45 3 -48 -44 4 -55 -237 -48 74 72 25 20 18 10 12 32 35 45 55 16 9 9 5 
10109500 10109677 0 -1 1 -49 -49 -50 -47 -47 -47 -229 9 82 82 25 20 18 10 11 31 35 45 55 16 3 2 5 
10130500 10131904 0 2 1 -117 -110 -117 -108 -113 -101 -283 13 85 86 25 20 18 10 11 31 35 45 55 16 1 3 5 
10271000 10271152 0 -3 1 -49 -20 -49 -51 -20 -46 -228 -23 80 79 25 20 18 10 12 32 35 45 55 16 10 9 5 
10415500 10415541 0 0 0 -1 7 0 3 9 18 -164 8 75 76 25 20 18 10 12 32 35 45 55 16 2 5 5 
10549000 10549163 0 -1 1 -56 -48 -50 -56 -45 -42 -225 4 80 82 25 20 18 10 11 31 35 45 55 16 0 0 5 
10620500 10620670 0 2 1 -104 -98 -96 -104 -98 -92 -275 2 81 82 25 20 18 10 11 31 35 45 55 16 4 5 5 
10674500 10674666 0 -3 1 -57 -47 -48 -58 -46 -55 -238 -9 81 80 25 20 18 10 11 31 35 45 55 16 9 9 5 
10835500 10835898 0 0 0 -14 11 0 -14 12 -17 -199 -19 78 79 25 20 18 10 11 31 35 45 55 16 3 1 5 
11081000 11081459 0 0 0 -49 -25 0 -49 -25 -53 -236 -19 73 73 25 20 18 10 11 31 35 45 55 16 5 4 5 
11484500 11485827 0 0 0 -39 -26 0 -43 -33 -40 -222 0 73 74 25 20 11 10 12 32 35 45 55 16 1 4 5 
11612000 11612407 0 0 0 -52 -16 0 -55 -19 -63 -245 -32 74 74 25 20 11 10 12 32 35 45 55 16 6 3 5 
11662500 11662519 0 0 0 -41 -15 0 -41 -16 -39 -222 -15 69 69 25 20 12 10 12 32 35 45 55 16 9 7 5 
11954000 11954188 0 0 0 -57 -30 0 -59 -32 -53 -235 -20 68 68 25 20 14 10 11 31 35 45 55 16 9 9 5 
11976500 11976554 0 0 0 -74 -44 0 -73 -43 -68 -250 -23 67 66 25 20 14 10 11 31 35 45 55 16 8 8 5 
12042000 12042637 0 0 0 -64 -39 0 -65 -40 -60 -242 -20 69 70 25 20 14 10 11 31 35 45 55 16 4 4 5 
12074000 12074108 0 0 0 -55 -34 0 -57 -35 -56 -239 -22 71 70 25 20 14 10 11 31 35 45 55 16 2 3 5 
12080500 12080539 0 13 0 -44 -23 -12 -45 -23 -39 -222 -15 70 70 25 20 14 10 11 31 35 45 55 16 8 5 5 
12089000 12089581 0 0 0 -1 9 0 -3 8 5 -177 -9 71 71 25 20 14 10 11 31 35 45 55 16 3 2 5 
12108000 12108636 0 0 0 -7 -12 0 2 -5 13 -170 15 74 75 25 20 14 10 11 31 35 45 55 16 3 2 5 
12119000 12119337 0 13 0 -45 -22 1 -39 -16 -36 -219 -19 76 77 25 20 14 10 11 31 35 45 55 16 3 1 5 
12123000 12123003 0 0 0 -60 -41 0 -49 -34 -40 -223 -7 77 76 25 20 14 10 11 31 35 45 55 16 0 2 5 
12165000 12165956 0 0 0 -41 -22 0 -42 -21 -36 -218 -15 74 75 25 20 14 10 11 31 35 45 55 16 2 9 5 
12189500 12189520 0 -1 1 -94 -82 -51 -97 -84 -91 -274 -9 76 76 25 20 14 10 11 31 35 45 55 16 10 10 5 
12228500 12228554 0 2 1 -164 -147 -119 -168 -149 -160 -343 -14 78 79 25 20 14 10 11 31 35 45 55 16 10 9 5 
12247500 12247685 0 -3 1 -96 -82 -49 -94 -79 -90 -273 -11 78 77 25 20 14 10 11 31 35 45 55 16 10 10 5 
12387000 12387328 0 0 0 -56 -31 0 -63 -35 -59 -241 -25 74 74 25 20 14 10 11 31 35 45 55 16 6 6 5 
12631000 12631038 0 0 0 -68 -42 0 -68 -41 -62 -245 -24 66 66 25 20 14 10 11 31 35 45 55 16 8 8 5 
12638500 12638667 0 13 0 -46 -27 2 -47 -29 -42 -225 -16 67 67 25 20 14 10 11 31 35 45 55 16 7 8 5 
12658000 12658196 0 0 0 6 11 0 2 9 7 -176 -6 67 67 25 20 14 10 11 31 35 45 55 16 8 8 5 
12671000 12671099 0 0 0 41 42 0 40 41 49 -134 2 69 70 25 20 14 10 11 31 35 45 55 16 9 9 5 
12765000 12765047 0 0 0 -6 -15 0 -5 -13 1 -182 8 75 75 25 20 14 10 10 30 35 45 55 16 9 10 5 
12773500 12773662 0 13 0 -91 -89 -17 -96 -93 -88 -271 2 76 75 25 20 14 10 10 30 35 45 55 16 9 6 5 
12778000 12778160 0 0 0 -111 -100 0 -110 -98 -104 -287 -10 77 78 25 20 14 10 10 30 35 45 55 16 10 10 5 
12791000 12791161 0 0 0 -85 -70 0 -85 -69 -78 -261 -13 77 78 25 20 14 10 10 30 35 45 55 16 10 10 5 
12861500 12862488 0 0 0 -75 -31 0 -80 -34 -76 -259 -44 77 77 25 20 14 10 10 30 35 45 55 16 0 5 5 
12896000 12896012 0 0 0 -49 -22 0 -47 -20 -41 -224 -24 72 74 25 20 14 10 10 30 35 45 55 16 9 9 5 
12957000 12957011 0 0 0 -67 -39 0 -67 -40 -63 -246 -22 67 68 25 20 14 10 11 31 35 45 55 16 8 9 5 
13015500 13015586 0 0 0 -62 -32 0 -60 -31 -60 -243 -25 65 64 25 20 14 10 12 32 35 45 55 16 7 5 5 
13075500 13075558 0 0 0 -69 -38 0 -70 -38 -67 -250 -22 66 67 25 20 14 10 12 32 35 45 55 16 8 7 5 
13156000 13156032 0 0 0 -63 -31 0 -64 -33 -61 -244 -26 66 67 25 20 14 10 11 31 35 45 55 16 6 8 5 
13235500 13235682 0 0 0 -77 -48 0 -74 -44 -73 -256 -28 65 64 25 20 14 10 11 31 35 45 55 16 7 3 5 
13267500 13267505 0 0 0 -71 -40 0 -71 -39 -67 -250 -26 64 64 25 20 14 10 11 31 35 45 55 16 6 6 5 
13301000 13301007 0 0 0 -69 -30 0 -70 -30 -65 -248 -30 65 64 25 20 14 10 11 31 35 45 55 16 7 7 5 
13349000 13349089 0 0 0 -63 -38 0 -63 -38 -58 -241 -18 67 68 25 20 14 10 11 31 35 45 55 16 8 8 5 
13414500 13414535 0 0 0 -67 -31 0 -67 -32 -62 -245 -28 64 63 25 20 14 10 11 31 35 45 55 16 8 8 5 
13428000 13428016 0 0 0 -69 -38 0 -72 -39 -67 -250 -25 63 61 25 20 14 10 11 31 35 45 55 16 8 8 5 
13507500 13507529 0 0 0 -59 -25 0 -57 -23 -54 -237 -30 66 66 25 20 14 10 11 31 35 45 55 16 6 7 5 
13513000 13513018 0 13 0 -50 -29 -21 -48 -33 -41 -224 -9 66 66 25 20 14 10 11 31 35 45 55 16 3 4 5 
13522500 13522582 0 0 0 23 33 0 27 38 31 -152 -13 67 65 25 20 14 10 11 31 35 45 55 16 4 8 5 
13552500 13552598 0 0 0 8 27 0 8 27 14 -169 -19 63 63 25 20 14 10 11 31 35 45 55 16 8 8 5 
13721000 13721201 0 0 0 11 36 0 12 36 17 -166 -23 61 62 25 20 14 10 11 31 35 45 55 16 8 8 5 
14229500 14229633 0 0 0 -15 5 0 -15 6 -9 -192 -19 65 67 25 20 14 10 11 31 35 45 55 16 8 8 5 
14253500 14253672 0 0 0 12 32 0 13 33 17 -166 -20 65 66 25 20 14 10 11 31 35 45 55 16 8 8 5 
14340000 14340062 0 0 0 25 39 0 26 40 29 -154 -15 66 64 25 20 14 10 11 31 35 45 55 16 8 8 5 
14643500 14643520 0 0 0 8 23 0 8 24 11 -172 -17 67 65 25 20 14 10 11 31 35 45 55 16 8 8 5 
14758000 14758218 0 0 0 15 28 0 15 28 20 -163 -13 66 66 25 20 14 10 11 31 35 45 55 16 8 8 5 
15415500 15415566 0 0 0 22 32 0 23 31 27 -156 -9 70 71 25 20 14 10 12 32 35 45 55 16 9 7 5 
15424000 15424185 0 0 0 -20 0 0 -18 1 -9 -192 -16 75 76 25 20 14 10 12 32 35 45 55 16 10 10 5 
15451000 15451055 0 0 0 -19 -4 0 -14 -2 -13 -196 -8 76 73 25 20 14 10 12 32 35 45 55 16 7 5 5 
15457500 15458265 0 0 0 -29 -6 0 -35 -6 -28 -211 -26 79 80 25 20 14 10 12 32 35 45 55 16 1 9 5 
15495000 15495559 0 0 0 -27 -5 0 -26 -5 -22 -205 -20 73 72 25 20 14 10 12 32 35 45 55 16 6 9 5 
15516000 15516035 0 0 0 -24 -2 0 -25 -2 -20 -203 -22 73 71 25 20 14 10 11 31 35 45 55 16 0 7 5 
15525500 15525552 0 0 0 -18 4 0 -20 3 -16 -199 -22 68 67 25 20 14 10 11 31 35 45 55 16 9 8 5 
15577500 15577626 0 0 0 -35 -4 0 -34 -3 -30 -213 -26 64 65 25 20 14 10 11 31 35 45 55 16 8 8 5 
15633000 15633046 0 0 0 -26 11 0 -24 13 -23 -206 -33 64 64 25 20 14 10 11 31 35 45 55 16 8 8 5 
15636500 15636584 0 13 0 -8 18 -11 -7 17 -3 -186 -23 65 65 25 20 14 10 11 31 35 45 55 16 8 7 5 
15639500 15639513 0 0 0 29 43 0 31 45 38 -145 -13 66 66 25 20 14 10 11 31 35 45 55 16 8 8 5 
15866500 15866578 0 0 0 34 46 0 34 47 42 -141 -11 63 63 25 20 14 10 11 31 35 45 55 16 8 8 5 
15876500 15876700 0 0 0 -11 16 0 -11 17 -4 -187 -19 69 70 25 20 14 10 11 31 35 45 55 16 9 9 5 
15998500 15998641 0 0 0 -15 19 0 -16 18 -12 -195 -31 62 60 25 20 14 10 11 31 35 45 55 16 8 8 5 
16011500 16011736 0 0 0 -31 6 0 -31 6 -27 -210 -30 64 65 25 20 14 10 11 31 35 45 55 16 8 8 5 
16411000 16411099 0 0 0 -32 6 0 -31 7 -30 -213 -35 63 62 25 20 14 10 11 31 35 45 55 16 8 8 5 
16419500 16419583 0 0 0 5 31 0 6 32 8 -175 -23 65 64 25 20 14 10 11 31 35 45 55 16 8 8 5 
16439000 16439004 0 0 0 -2 28 0 -4 26 0 -183 -27 61 60 25 20 14 10 11 31 35 45 55 16 8 8 5 
16447500 16447572 0 0 0 35 50 0 36 51 40 -143 -14 63 64 25 20 14 10 12 32 35 45 55 16 8 8 5 
16489500 16489707 0 0 0 30 47 0 32 50 37 -146 -17 60 59 25 20 14 10 12 32 35 45 55 16 7 7 5 
16498000 16498234 0 0 0 -8 24 0 -8 25 -7 -190 -27 61 60 25 20 14 10 12 32 35 45 55 16 8 8 5 
16549000 16549134 0 0 0 1 33 0 -3 30 1 -182 -27 64 62 25 20 14 10 12 32 35 45 55 16 5 8 5 
16553500 16553515 0 13 0 30 46 -3 33 47 36 -147 -13 65 64 25 20 14 10 12 32 35 45 55 16 5 8 5 
16559000 16559227 0 0 0 72 81 0 72 81 77 -106 -9 62 61 25 20 14 10 12 32 35 45 55 16 8 8 5 
17349500 17349559 0 0 0 76 85 0 77 86 79 -104 -11 60 58 25 20 14 10 13 33 35 45 55 16 7 7 5 
17355000 17355291 0 13 0 7 27 -3 -1 21 1 -182 -26 63 63 25 20 14 10 13 33 35 45 55 16 6 6 5 
17359500 17359663 0 0 0 -45 -11 0 -46 -12 -47 -230 -32 65 66 25 20 14 10 13 33 35 45 55 16 8 8 5 
17382500 17382658 0 0 0 -44 -9 0 -43 -8 -44 -227 -34 61 60 25 20 14 10 13 33 35 45 55 16 8 8 5 
17386000 17386083 0 13 0 -27 4 -21 -32 0 -34 -217 -32 62 62 25 20 14 10 13 33 35 45 55 16 8 8 5 
17390000 17390163 0 0 0 38 54 0 45 60 45 -138 -17 61 60 25 20 14 10 13 33 35 45 55 16 8 7 5 
17581000 17581113 0 0 0 40 58 0 40 58 45 -138 -19 58 57 25 20 14 10 13 33 35 45 55 16 7 7 5 
17584000 17584201 0 13 0 17 38 6 7 30 10 -173 -23 60 59 25 20 14 10 13 33 35 45 55 16 7 7 5 
17586000 17586190 0 0 0 -10 18 0 -12 17 -15 -198 -30 62 65 25 20 14 10 13 33 35 45 55 16 7 8 5 
17598000 17598074 0 0 0 5 30 0 7 32 7 -176 -22 64 65 25 20 14 10 13 33 35 45 55 16 8 8 5 
17602000 17602058 0 13 0 48 59 0 49 60 54 -129 -11 64 64 25 20 14 10 13 33 35 45 55 16 8 8 5 
17605000 17605108 0 0 0 79 85 0 81 87 85 -98 -11 62 61 25 20 14 10 13 33 35 45 55 16 8 8 5 
17799500 17799707 0 0 0 75 83 0 75 83 78 -105 -11 58 58 25 20 14 10 13 33 35 45 55 16 7 7 5 
17802500 17802545 0 13 0 30 47 12 21 41 20 -163 -21 60 62 25 20 14 10 13 33 35 45 55 16 7 7 5 
17805000 17805229 0 0 0 -31 -2 0 -47 -15 -46 -229 -29 63 61 25 20 14 10 13 33 35 45 55 16 7 8 5 
17820000 17820129 0 0 0 -22 13 0 -20 14 -24 -207 -32 62 63 25 20 14 10 13 33 35 45 55 16 8 8 5 
17824500 17824703 0 13 0 30 50 12 35 55 36 -147 -16 63 65 25 20 14 10 13 33 35 45 55 16 7 8 5 
17827500 17827550 0 0 0 45 62 0 42 61 46 -137 -17 61 60 25 20 14 10 13 33 35 45 55 16 8 7 5 
17865000 17865147 0 0 0 30 50 0 31 50 33 -150 -20 58 58 25 20 14 10 13 33 35 45 55 16 7 7 5 
18054500 18054667 0 0 0 28 48 0 30 48 30 -153 -19 58 57 25 20 14 10 13 33 35 45 55 16 7 7 5 
18058500 18058658 0 13 0 51 61 -4 55 63 62 -121 -9 62 65 25 20 14 10 13 33 35 45 55 16 6 8 5 
18062000 18062214 0 0 0 78 82 0 79 83 84 -99 -6 61 62 25 20 14 10 13 33 35 45 55 16 8 7 5 
18509500 18509500 0 0 0 81 87 0 85 90 91 -92 -7 60 60 25 20 14 10 12 32 35 45 55 16 7 7 5 
18512500 18512953 0 13 0 17 29 -6 -4 10 -1 -184 -15 65 68 25 20 14 10 12 32 35 45 55 16 4 9 5 
18515500 18515596 0 0 0 -36 -12 0 -40 -15 -37 -220 -25 68 66 25 20 14 10 12 32 35 45 55 16 9 9 5 
18541000 18541045 0 0 0 -21 4 0 -23 3 -21 -204 -23 70 69 25 20 14 10 12 32 35 45 55 16 9 5 5 
18559500 18560151 0 0 0 -22 -3 0 -20 -3 -18 -201 -11 68 68 25 20 14 10 12 32 35 45 55 16 3 7 5 
18588000 18588075 0 0 0 -21 2 0 -22 4 -17 -200 -11 67 68 25 20 14 10 12 32 35 45 55 16 7 5 5 
18637000 18637132 0 0 0 -10 12 0 -8 13 -3 -186 -19 69 70 25 20 14 10 11 31 35 45 55 16 4 3 5 
18666000 18666086 0 0 0 -14 10 0 -16 10 -10 -193 -20 68 68 25 20 14 10 11 31 35 45 55 16 3 3 5 
18689000 18691510 0 0 0 -4 21 0 -15 12 -9 -192 -20 69 70 25 20 14 10 11 31 35 45 55 16 0 1 5 
18696000 18696088 0 0 0 6 23 0 7 23 12 -171 -12 68 66 25 20 14 10 11 31 35 45 55 16 3 9 5 
18770000 18775220 0 0 0 -16 2 0 -8 3 -18 -201 -19 67 66 25 20 14 10 11 31 35 45 55 16 0 1 5 
18861000 18861664 0 0 0 -5 15 0 -3 18 -3 -186 -18 65 65 25 20 14 10 12 32 35 45 55 16 0 6 5 
19170500 19170715 0 0 0 -10 9 0 -8 11 -3 -186 -14 63 63 25 20 14 10 11 31 35 45 55 16 5 7 5 
63500 63699 1 0 0 45 26 0 44 25 46 170 18 62 62 25 20 18 10 11 31 35 45 55 16 3 2 5 
93500 93677 1 0 0 76 27 0 75 26 77 201 49 63 64 25 20 18 10 11 31 35 45 55 16 1 3 5 
102000 102422 1 0 0 72 56 0 69 57 72 196 11 61 61 25 20 18 10 11 31 35 45 55 16 2 3 5 
123500 124210 1 0 0 75 40 0 74 38 76 200 36 61 60 25 20 18 10 11 31 35 45 55 16 1 7 5 
133000 133062 1 13 0 48 1 1 47 -3 51 175 52 61 60 25 20 18 10 11 31 35 45 55 16 1 0 5 
149000 149145 1 0 -1 0 0 0 0 0 0 123 0 61 60 25 20 18 10 11 31 35 45 55 16 8 5 5 
273000 274558 1 0 0 17 13 0 10 23 11 135 -13 61 61 25 20 18 10 11 31 35 45 55 16 0 0 5 
292500 292537 1 0 0 5 -12 0 5 -11 6 130 17 59 58 25 20 18 10 11 31 35 45 55 16 7 7 5 
408000 408179 1 0 0 6 -13 0 3 -14 4 128 16 56 58 25 20 18 10 11 31 35 45 55 16 5 7 5 
421000 421157 1 0 0 14 -7 0 13 -9 15 139 23 57 56 25 20 18 10 11 31 35 45 55 16 7 7 5 
447500 447601 1 0 0 23 3 0 20 1 19 143 18 57 56 25 20 18 10 11 31 35 45 55 16 6 2 5 
587000 587164 1 0 0 33 5 0 31 3 33 155 27 59 59 25 20 18 10 11 31 35 45 55 16 7 6 5 
661000 661161 1 0 0 32 10 0 31 8 32 156 24 58 58 25 20 18 10 11 31 35 45 55 16 7 7 5 
716000 716232 1 0 0 44 18 0 43 17 46 168 26 61 60 25 20 18 10 11 31 35 45 55 16 8 7 5 
782000 782075 1 0 0 20 3 0 17 0 20 142 18 62 62 25 20 18 10 11 31 35 45 55 16 8 8 5 
894500 894697 1 0 0 36 12 0 35 11 38 160 23 57 55 25 20 18 10 11 31 35 45 55 16 5 5 5 
1003000 1003102 1 0 0 25 5 0 22 6 26 148 18 59 59 25 20 18 10 11 31 35 45 55 16 7 7 5 
1025500 1025714 1 0 0 30 13 0 31 14 33 155 17 60 61 25 20 18 10 11 31 35 45 55 16 7 8 5 
1102500 1102652 1 0 0 36 16 0 33 14 36 158 19 59 58 25 20 18 10 11 31 35 45 55 16 7 7 5 
1140000 1140452 1 0 0 42 44 0 39 44 45 167 -4 66 65 25 20 18 10 11 31 35 45 55 16 0 1 5 
1177500 1177631 1 0 0 25 6 0 25 7 28 150 18 59 59 25 20 18 10 11 31 35 45 55 16 8 6 5 
1207500 1207632 1 0 0 35 12 0 32 10 36 158 23 58 57 25 20 18 10 11 31 35 45 55 16 7 7 5 
1372500 1372639 1 0 0 28 6 0 28 5 33 155 24 60 58 25 20 18 10 11 31 35 45 55 16 7 7 5 
1417500 1418544 1 0 0 39 5 0 37 1 39 161 36 63 63 25 20 18 10 11 31 35 45 55 16 0 2 5 
1532000 1532228 1 0 0 52 27 0 55 28 59 181 29 59 60 25 20 18 10 11 31 35 45 55 16 3 3 5 
1578500 1578725 1 0 0 52 22 0 55 21 59 181 35 63 64 25 20 18 10 11 31 35 45 55 16 3 5 5 
1612500 1612536 1 0 0 18 0 0 18 2 22 144 15 62 60 25 20 18 10 11 31 35 45 55 16 8 8 5 
1758500 1758693 1 0 0 33 11 0 31 9 33 155 22 59 57 25 20 18 10 11 31 35 45 55 16 6 7 5 
2045500 2045514 1 0 0 34 15 0 28 11 31 153 18 59 60 25 20 18 10 11 31 35 45 55 16 4 5 5 
2102000 2102202 1 0 0 44 23 0 47 23 51 173 24 65 65 25 20 18 10 11 31 35 45 55 16 5 4 5 
2173000 2173183 1 0 0 25 -1 0 26 -3 28 152 28 62 63 25 20 18 10 11 31 35 45 55 16 7 6 5 
2190000 2190107 1 0 0 26 3 0 24 2 25 147 21 58 60 25 20 18 10 11 31 35 45 55 16 7 7 5 
2268500 2268736 1 0 0 36 11 0 35 10 38 160 25 57 57 25 20 18 10 11 31 35 45 55 16 7 7 5 
2306000 2306210 1 0 0 41 15 0 40 13 44 166 27 58 59 25 20 18 10 11 31 35 45 55 16 7 7 5 
2411000 2411271 1 0 0 45 24 0 40 22 43 165 19 62 63 25 20 18 10 11 31 35 45 55 16 3 6 5 
2443000 2443792 1 0 0 50 29 0 52 29 55 179 24 61 61 25 20 18 10 11 31 35 45 55 16 2 2 5 
2463500 2463551 1 0 0 26 7 0 26 5 28 150 19 61 61 25 20 18 10 11 31 35 45 55 16 8 7 5 
2512500 2512608 1 0 0 24 2 0 21 -2 26 148 24 58 58 25 20 18 10 11 31 35 45 55 16 7 6 5 
2557500 2557585 1 0 0 10 -8 0 11 -6 14 136 18 65 65 25 20 18 10 11 31 35 45 55 16 8 6 5 
2602500 2602627 1 0 0 14 -9 0 13 -11 17 139 24 62 60 25 20 18 10 11 31 35 45 55 16 3 8 5 
2913000 2913296 1 0 0 14 -1 0 22 5 26 148 18 61 60 25 20 18 10 11 31 35 45 55 16 3 3 5 
3257000 3257075 1 0 0 29 4 0 28 1 32 154 28 64 63 25 20 18 10 11 31 35 45 55 16 6 8 5 
3487500 3487592 1 0 0 33 6 0 33 5 35 157 28 63 63 25 20 18 10 11 31 35 45 55 16 7 8 5 
3633500 3633590 1 0 0 47 10 0 44 8 47 169 36 65 65 25 20 18 10 11 31 35 45 55 16 5 7 5 
3675000 3675883 1 0 0 42 28 0 38 37 43 165 0 64 65 25 20 18 10 11 31 35 45 55 16 0 1 5 
3701000 3701070 1 0 0 17 -4 0 18 -4 20 142 21 66 66 25 20 18 10 11 31 35 45 55 16 7 8 5 
3782000 3782036 1 0 0 36 9 0 35 7 39 161 28 62 62 25 20 18 10 11 31 35 45 55 16 8 6 5 
3939500 3939601 1 0 0 33 8 0 33 9 37 159 25 62 63 25 20 18 10 11 31 35 45 55 16 8 8 5 
4057500 4057623 1 0 0 28 3 0 25 0 27 149 25 64 63 25 20 18 10 11 31 35 45 55 16 8 8 5 
4295500 4295693 1 0 0 40 8 0 38 5 42 164 33 61 61 25 20 18 10 11 31 35 45 55 16 8 8 5 
4353000 4353111 1 0 0 33 7 0 32 6 34 158 28 63 63 25 20 18 10 11 31 35 45 55 16 8 8 5 
4490500 4490577 1 0 0 31 6 0 30 4 33 155 25 64 64 25 20 18 10 11 31 35 45 55 16 8 8 5 
4659500 4660890 1 0 0 62 27 0 60 12 65 187 48 65 66 25 20 18 10 11 31 35 45 55 16 0 3 5 
5270500 5273437 1 0 0 45 6 0 40 8 44 166 31 65 66 25 20 18 10 11 31 35 45 55 16 0 3 5 
5396000 5396197 1 0 0 37 4 0 34 2 37 159 32 61 61 25 20 18 10 11 31 35 45 55 16 8 8 5 
5712500 5712676 1 0 0 7 -18 0 6 -19 9 131 24 68 68 25 20 18 10 11 31 35 45 55 16 7 9 5 
6033500 6033693 1 0 0 15 -10 0 16 -9 20 142 26 68 68 25 20 18 10 11 31 35 45 55 16 9 9 5 
6208000 6208130 1 0 0 12 -13 0 12 -14 13 137 27 68 68 25 20 18 10 11 31 35 45 55 16 9 8 5 
6218000 6218812 1 0 0 46 9 0 45 10 50 172 35 72 71 25 20 18 10 11 31 35 45 55 16 2 3 5 
6455500 6455916 1 0 0 71 15 0 68 14 73 195 55 74 74 25 20 18 10 11 31 35 45 55 16 1 4 5 
6463000 6463462 1 13 0 28 -1 -5 21 -7 27 149 29 73 72 25 20 18 10 11 31 35 45 55 16 4 1 5 
6468000 6468005 1 0 0 8 -17 0 7 -18 10 134 26 72 74 25 20 18 10 11 31 35 45 55 16 9 7 5 
6573500 6573590 1 0 0 30 -6 0 29 -7 31 153 34 64 63 25 20 18 10 11 31 35 45 55 16 8 8 5 
6585000 6586298 1 0 0 66 25 0 65 26 69 191 39 67 68 25 20 18 10 11 31 35 45 55 16 1 4 5 
6883000 6884056 1 0 0 81 53 0 59 20 60 184 38 69 68 25 20 18 10 11 31 35 45 55 16 0 2 5 
6886000 6886243 1 13 0 55 18 -6 51 14 53 175 37 69 69 25 20 18 10 11 31 35 45 55 16 2 6 5 
6890500 6890521 1 0 0 31 6 0 29 5 30 154 23 69 70 25 20 18 10 11 31 35 45 55 16 9 9 5 
7102500 7102674 1 0 0 27 -5 0 27 -5 31 153 33 66 67 25 20 18 10 11 31 35 45 55 16 4 8 5 
7394000 7396825 1 0 0 54 -31 0 43 -26 49 171 70 71 69 25 20 18 10 11 31 35 45 55 16 0 1 5 
7401500 7401684 1 13 0 14 -18 -13 4 -26 9 131 30 71 72 25 20 18 10 11 31 35 45 55 16 0 5 5 
7408000 7408113 1 0 0 4 -15 0 1 -17 5 127 19 71 70 25 20 18 10 11 31 35 45 55 16 9 4 5 
7674500 7674688 1 0 0 20 -8 0 18 -10 18 142 28 70 71 25 20 18 10 11 31 35 45 55 16 4 6 5 
7872500 7873514 1 10 0 218 208 191 231 226 234 356 5 76 79 25 20 18 10 11 31 35 45 55 16 0 0 5 
8130000 8130321 1 0 0 36 -2 0 31 -5 34 156 36 64 64 25 20 18 10 11 31 35 45 55 16 4 8 5 
9110000 9110027 1 0 0 34 4 0 33 4 35 159 29 67 67 25 20 18 10 11 31 35 45 55 16 8 8 5 
9820500 9820521 1 0 0 50 10 0 48 12 49 173 36 80 82 25 20 18 10 12 32 35 45 55 16 6 9 5 
9825000 9825083 1 13 0 5 -16 -11 2 -21 5 127 22 76 79 25 20 18 10 12 32 35 45 55 16 7 9 5 
9829000 9829134 1 0 0 -13 -37 0 -11 -34 -11 113 22 74 74 25 20 18 10 12 32 35 45 55 16 9 9 5 
9889500 9889501 1 0 0 -9 -32 0 -10 -33 -7 117 24 70 71 25 20 18 10 12 32 35 45 55 16 9 9 5 
9897500 9897544 1 13 0 15 -15 -1 14 -14 19 141 29 72 72 25 20 18 10 12 32 35 45 55 16 7 4 5 
9907000 9908630 1 0 0 44 -3 0 41 -10 43 167 52 73 74 25 20 18 10 12 32 35 45 55 16 1 7 5 
10057500 10057549 1 0 0 79 19 0 78 18 78 202 61 71 69 25 20 18 10 11 31 35 45 55 16 6 6 5 
10078000 10078078 1 13 0 71 43 41 67 37 70 194 30 78 79 25 20 18 10 11 31 35 45 55 16 2 6 5 
10091500 10091624 1 0 0 -3 -64 0 -2 -69 3 125 69 80 79 25 20 18 10 11 31 35 45 55 16 2 1 5 
10106000 10106021 1 0 0 46 19 0 41 16 46 168 25 82 81 25 20 18 10 11 31 35 45 55 16 3 0 5 
10118500 10118524 1 0 0 18 -20 0 21 -17 23 145 36 85 83 25 20 18 10 11 31 35 45 55 16 10 7 5 
10329500 10329537 1 0 0 19 -19 0 19 -22 22 144 41 77 77 25 20 18 10 12 32 35 45 55 16 8 9 5 
10413500 10414747 1 0 0 44 12 0 42 14 45 167 29 75 76 25 20 18 10 12 32 35 45 55 16 0 5 5 
10684000 10684131 1 0 0 13 -29 0 13 -29 15 139 43 81 80 25 20 18 10 11 31 35 45 55 16 4 3 5 
10736000 10736038 1 0 0 29 -33 0 25 -37 29 151 63 80 80 25 20 18 10 11 31 35 45 55 16 7 10 5 
10768000 10768102 1 0 0 49 -18 0 50 -17 54 176 67 75 75 25 20 18 10 11 31 35 45 55 16 9 6 5 
10835500 10835898 1 0 0 47 -15 0 42 -19 46 168 60 78 79 25 20 18 10 11 31 35 45 55 16 3 1 5 
11081000 11081459 1 0 0 79 25 0 76 26 79 201 50 73 73 25 20 18 10 11 31 35 45 55 16 5 4 5 
11484500 11485827 1 0 0 40 10 0 45 12 48 170 32 73 74 25 20 11 10 12 32 35 45 55 16 1 4 5 
11604500 11605086 1 0 0 38 -5 0 37 -9 40 162 46 74 74 25 20 11 10 12 32 35 45 55 16 4 7 5 
11660500 11660569 1 0 0 5 -31 0 2 -33 7 129 36 70 70 25 20 12 10 12 32 35 45 55 16 7 9 5 
11955000 11955072 1 0 0 8 -22 0 5 -23 8 130 28 68 68 25 20 14 10 11 31 35 45 55 16 9 9 5 
11974500 11974552 1 0 0 54 16 0 51 15 55 177 37 68 68 25 20 14 10 11 31 35 45 55 16 9 8 5 
12038500 12038764 1 0 0 63 32 0 65 32 67 189 31 69 69 25 20 14 10 11 31 35 45 55 16 4 7 5 
12073000 12073470 1 0 0 52 17 0 43 14 45 169 28 71 71 25 20 14 10 11 31 35 45 55 16 2 3 5 
12088000 12088528 1 0 0 34 -7 0 33 -7 36 158 39 71 71 25 20 14 10 11 31 35 45 55 16 3 3 5 
12110500 12111824 1 0 0 41 -11 0 16 -1 19 141 17 75 74 25 20 14 10 11 31 35 45 55 16 0 2 5 
12122000 12123003 1 0 0 74 17 0 63 11 68 190 54 77 76 25 20 14 10 11 31 35 45 55 16 0 2 5 
12165000 12165956 1 0 0 38 7 0 36 6 37 161 32 74 75 25 20 14 10 11 31 35 45 55 16 2 9 5 
12188000 12188137 1 0 0 6 -21 0 6 -21 -20 131 27 76 75 25 20 14 10 11 31 35 45 55 16 10 10 5 
12389000 12389167 1 0 0 56 17 0 57 19 58 180 38 74 73 25 20 14 10 11 31 35 45 55 16 6 8 5 
12622500 12622691 1 0 0 20 -9 0 19 -11 23 145 30 67 68 25 20 14 10 11 31 35 45 55 16 8 8 5 
12657000 12657062 1 0 0 1 -18 0 -1 -19 1 125 19 66 66 25 20 14 10 11 31 35 45 55 16 8 8 5 
12671000 12671099 1 0 0 2 -18 0 0 -19 1 125 18 69 70 25 20 14 10 11 31 35 45 55 16 9 9 5 
12764000 12764033 1 0 0 -1 -25 0 -2 -26 -3 121 23 74 72 25 20 14 10 10 30 35 45 55 16 9 9 5 
12782000 12782083 1 0 0 22 -10 0 24 -8 25 149 33 77 77 25 20 14 10 10 30 35 45 55 16 10 9 5 
12797000 12797025 1 0 0 18 -20 0 18 -20 20 144 37 77 77 25 20 14 10 10 30 35 45 55 16 10 10 5 
12856000 12857414 1 0 0 54 -5 0 42 -21 43 167 62 76 76 25 20 14 10 10 30 35 45 55 16 0 1 5 
12896000 12896012 1 0 0 36 -4 0 33 -8 35 159 40 72 74 25 20 14 10 10 30 35 45 55 16 9 9 5 
12961000 12961030 1 0 0 35 -3 0 32 -6 34 158 38 66 66 25 20 14 10 11 31 35 45 55 16 8 8 5 
13015500 13015586 1 0 0 23 -5 0 24 -4 25 149 27 65 64 25 20 14 10 12 32 35 45 55 16 7 5 5 
13032000 13032392 1 0 0 74 35 0 76 36 77 201 41 66 66 25 20 14 10 12 32 35 45 55 16 4 5 5 
13074500 13074638 1 0 0 59 24 0 58 24 59 183 34 65 66 25 20 14 10 12 32 35 45 55 16 8 8 5 
13120500 13120554 1 0 0 56 26 0 54 24 55 179 31 66 64 25 20 14 10 12 32 35 45 55 16 8 8 5 
13157000 13157175 1 0 0 75 35 0 75 33 77 201 42 66 64 25 20 14 10 11 31 35 45 55 16 8 8 5 
13187000 13187227 1 0 0 73 42 0 76 44 77 201 32 66 66 25 20 14 10 11 31 35 45 55 16 3 3 5 
13209500 13209719 1 0 0 54 24 0 54 24 55 179 30 65 65 25 20 14 10 11 31 35 45 55 16 8 8 5 
13235500 13235682 1 0 0 49 17 0 48 16 49 173 31 65 64 25 20 14 10 11 31 35 45 55 16 7 3 5 
13244000 13244504 1 0 0 78 42 0 76 39 75 199 35 65 65 25 20 14 10 11 31 35 45 55 16 3 3 5 
13256000 13256574 1 0 0 82 47 0 81 48 84 208 34 64 64 25 20 14 10 11 31 35 45 55 16 4 3 5 
13267500 13267505 1 0 0 44 19 0 45 20 47 171 24 64 64 25 20 14 10 11 31 35 45 55 16 6 6 5 
13301000 13301007 1 0 0 39 9 0 37 8 37 161 29 65 64 25 20 14 10 11 31 35 45 55 16 7 7 5 
13349000 13349089 1 0 0 32 5 0 30 3 32 156 27 67 68 25 20 14 10 11 31 35 45 55 16 8 8 5 
13422000 13422097 1 0 0 33 2 0 33 1 35 159 31 63 64 25 20 14 10 11 31 35 45 55 16 8 6 5 
13429500 13429711 1 0 0 55 22 0 50 20 53 177 31 63 62 25 20 14 10 11 31 35 45 55 16 8 8 5 
13495500 13495661 1 0 0 38 12 0 36 11 36 160 24 64 64 25 20 14 10 11 31 35 45 55 16 8 6 5 
13522500 13522582 1 0 0 17 -1 0 15 -4 16 140 19 67 65 25 20 14 10 11 31 35 45 55 16 4 8 5 
13552500 13552598 1 0 0 15 -7 0 13 -9 15 139 23 63 63 25 20 14 10 11 31 35 45 55 16 8 8 5 
13723000 13723146 1 0 0 18 -5 0 15 -8 14 138 22 62 61 25 20 14 10 11 31 35 45 55 16 8 8 5 
14227500 14227532 1 0 0 1 -16 0 -1 -17 1 125 17 65 63 25 20 14 10 11 31 35 45 55 16 8 8 5 
14252000 14252076 1 0 0 16 -5 0 15 -7 16 140 22 65 65 25 20 14 10 11 31 35 45 55 16 8 8 5 
14342000 14342146 1 0 0 17 0 0 16 -1 19 143 18 65 65 25 20 14 10 11 31 35 45 55 16 8 8 5 
14643500 14643520 1 0 0 16 -4 0 16 -4 16 140 19 67 65 25 20 14 10 11 31 35 45 55 16 8 8 5 
14756000 14756205 1 0 0 9 -9 0 8 -10 8 132 18 67 70 25 20 14 10 11 31 35 45 55 16 9 8 5 
15412500 15412600 1 0 0 18 -1 0 17 -3 16 140 18 71 69 25 20 14 10 12 32 35 45 55 16 9 9 5 
15431000 15431190 1 0 0 -2 -19 0 -4 -21 -2 122 18 74 77 25 20 14 10 12 32 35 45 55 16 9 10 5 
15452000 15452039 1 0 0 -5 -26 0 -9 -29 -7 117 21 76 77 25 20 14 10 12 32 35 45 55 16 6 6 5 
15454500 15454815 1 13 0 4 -16 -6 1 -19 3 127 20 78 76 25 20 14 10 12 32 35 45 55 16 5 0 5 
15460500 15461596 1 0 0 45 12 0 46 10 47 171 35 80 79 25 20 14 10 12 32 35 45 55 16 5 8 5 
15495000 15495559 1 0 0 54 14 0 51 12 53 177 39 73 72 25 20 14 10 12 32 35 45 55 16 6 9 5 
15517000 15517058 1 0 0 41 4 0 39 1 41 165 38 73 75 25 20 14 10 11 31 35 45 55 16 4 6 5 
15524500 15524675 1 0 0 -7 -26 0 -8 -26 -7 117 18 69 70 25 20 14 10 11 31 35 45 55 16 8 9 5 
15578000 15578088 1 0 0 -7 -32 0 -9 -34 -9 115 26 64 64 25 20 14 10 11 31 35 45 55 16 8 8 5 
15634000 15634223 1 0 0 -6 -30 0 -8 -31 -7 117 22 64 63 25 20 14 10 11 31 35 45 55 16 8 8 5 
15642500 15642545 1 0 0 10 -14 0 9 -15 10 134 23 63 63 25 20 14 10 11 31 35 45 55 16 8 8 5 
15866500 15866578 1 0 0 9 -12 0 8 -13 8 132 19 63 63 25 20 14 10 11 31 35 45 55 16 8 8 5 
15877000 15877128 1 0 0 -15 -33 0 -16 -34 -16 108 17 68 69 25 20 14 10 11 31 35 45 55 16 9 8 5 
15999000 15999135 1 0 0 -17 -33 0 -18 -34 -15 109 18 62 63 25 20 14 10 11 31 35 45 55 16 8 8 5 
16010500 16010544 1 0 0 -3 -21 0 -3 -22 -2 122 19 64 63 25 20 14 10 11 31 35 45 55 16 8 8 5 
16413000 16413239 1 0 0 1 -14 0 2 -12 4 128 15 64 65 25 20 14 10 11 31 35 45 55 16 8 1 5 
16423000 16423081 1 0 0 -9 -24 0 -8 -25 -8 116 16 65 66 25 20 14 10 11 31 35 45 55 16 8 8 5 
16439000 16439004 1 0 0 -17 -31 0 -19 -34 -18 106 16 61 60 25 20 14 10 11 31 35 45 55 16 8 8 5 
16446500 16446640 1 0 0 -4 -16 0 -6 -17 -3 121 11 64 65 25 20 14 10 12 32 35 45 55 16 8 8 5 
16491500 16491719 1 0 0 -3 -17 0 -5 -18 -4 120 14 61 61 25 20 14 10 12 32 35 45 55 16 7 8 5 
16502000 16502186 1 0 0 -18 -30 0 -20 -32 -20 104 10 61 62 25 20 14 10 12 32 35 45 55 16 8 8 5 
16548500 16549134 1 0 0 -11 -23 0 -12 -25 -11 113 14 64 62 25 20 14 10 12 32 35 45 55 16 5 8 5 
16559000 16559227 1 0 0 3 -15 0 3 -16 3 127 20 62 61 25 20 14 10 12 32 35 45 55 16 8 8 5 
17349000 17349060 1 0 0 4 -11 0 3 -12 4 128 15 60 61 25 20 14 10 13 33 35 45 55 16 7 7 5 
17360000 17360122 1 0 0 -26 -33 0 -26 -33 -27 97 7 65 67 25 20 14 10 13 33 35 45 55 16 8 8 5 
17383000 17383150 1 0 0 -25 -33 0 -25 -33 -23 101 9 61 59 25 20 14 10 13 33 35 45 55 16 8 8 5 
17390500 17390659 1 0 0 -11 -22 0 -12 -23 -11 113 10 60 60 25 20 14 10 13 33 35 45 55 16 8 7 5 
17579500 17579559 1 0 0 -7 -22 0 -8 -22 -7 117 14 58 56 25 20 14 10 13 33 35 45 55 16 7 7 5 
17585000 17585210 1 0 0 -25 -29 0 -26 -28 -25 99 2 61 60 25 20 14 10 13 33 35 45 55 16 7 7 5 
17598500 17598531 1 0 0 -20 -30 0 -21 -31 -21 103 9 64 63 25 20 14 10 13 33 35 45 55 16 8 8 5 
17606000 17606091 1 0 0 -3 -17 0 -5 -19 -4 120 13 61 61 25 20 14 10 13 33 35 45 55 16 8 8 5 
17798000 17798152 1 0 0 2 -12 0 2 -12 1 125 12 58 59 25 20 14 10 13 33 35 45 55 16 7 7 5 
17805500 17805712 1 0 0 -21 -34 0 -22 -35 -21 103 14 63 64 25 20 14 10 13 33 35 45 55 16 8 8 5 
17818500 17818688 1 0 0 -9 -19 0 -8 -18 -9 115 9 63 65 25 20 14 10 13 33 35 45 55 16 8 8 5 
17828000 17828058 1 0 0 -4 -16 0 -6 -18 -4 120 14 60 60 25 20 14 10 13 33 35 45 55 16 8 7 5 
17864500 17864632 1 0 0 -7 -21 0 -8 -21 -9 115 13 58 60 25 20 14 10 13 33 35 45 55 16 7 7 5 
18056000 18056216 1 0 0 -11 -24 0 -12 -25 -11 113 13 60 59 25 20 14 10 13 33 35 45 55 16 7 6 5 
18064000 18064221 1 0 0 -8 -23 0 -8 -23 -7 117 15 59 60 25 20 14 10 13 33 35 45 55 16 7 7 5 
18507000 18507148 1 0 0 0 -22 0 -2 -24 -2 122 21 58 59 25 20 14 10 12 32 35 45 55 16 7 7 5 
18517000 18517146 1 0 0 -24 -35 0 -25 -37 -24 100 11 67 67 25 20 14 10 12 32 35 45 55 16 9 8 5 
18540500 18540611 1 0 0 21 3 0 17 3 17 141 12 70 70 25 20 14 10 12 32 35 45 55 16 9 5 5 
18559500 18560151 1 0 0 35 13 0 34 15 36 160 19 68 68 25 20 14 10 12 32 35 45 55 16 3 7 5 
18589000 18589415 1 0 0 33 10 0 29 9 31 155 21 67 67 25 20 14 10 12 32 35 45 55 16 5 6 5 
18636000 18636048 1 0 0 47 26 0 50 31 52 176 20 69 69 25 20 14 10 11 31 35 45 55 16 3 3 5 
18665500 18665644 1 0 0 53 8 0 51 2 54 178 50 68 68 25 20 14 10 11 31 35 45 55 16 2 3 5 
18690500 18691510 1 0 0 43 27 0 26 12 29 153 14 69 70 25 20 14 10 11 31 35 45 55 16 0 1 5 
18695000 18695429 1 0 0 20 1 0 16 -5 17 141 21 69 67 25 20 14 10 11 31 35 45 55 16 0 9 5 
18769000 18769312 1 0 0 54 14 0 50 6 52 176 43 67 67 25 20 14 10 11 31 35 45 55 16 3 0 5 
18863000 18863026 1 0 0 35 12 0 34 11 37 161 24 66 67 25 20 14 10 12 32 35 45 55 16 5 6 5 
19172500 19172629 1 0 0 45 21 0 44 19 46 170 24 63 63 25 20 14 10 11 31 35 45 55 16 7 2 5 
