37500 38010 0 0 0 -2 14 0 52 50 62 6 1 66 66 25 20 16 10 14 34 35 45 55 16 1 2 5 
152000 152287 0 0 -1 0 0 0 0 0 0 -45 0 65 61 25 20 16 10 14 34 35 45 55 16 5 2 5 
163500 163509 0 0 0 1 11 0 -2 8 9 -47 -9 65 68 25 20 16 10 14 34 35 45 55 16 5 4 5 
207000 207031 0 0 0 -9 3 0 -15 -1 -9 -65 -13 65 68 25 20 16 10 14 34 35 45 55 16 3 2 5 
255000 255220 0 0 0 -1 -13 0 5 -9 15 -41 13 62 64 25 20 16 10 14 34 35 45 55 16 4 4 5 
294000 295300 0 -1 1 -63 -46 -64 -96 -70 -76 -132 -27 60 62 25 20 16 10 14 34 35 45 55 16 1 5 5 
306000 308148 0 2 1 -101 -67 -102 -90 -38 -72 -128 -52 56 67 25 20 16 10 14 34 35 45 55 16 0 4 5 
357500 375434 0 -3 1 -46 -29 -49 -6 15 2 -54 -24 71 69 25 20 16 10 14 34 35 45 55 16 0 8 5 
464000 464121 0 0 0 9 21 0 15 23 26 -30 -8 62 67 25 20 16 10 14 34 35 45 55 16 4 5 5 
839000 839095 0 0 0 -4 11 0 -3 16 5 -51 -14 64 67 25 20 15 10 14 34 35 45 55 16 4 6 5 
1037000 1037229 0 0 0 10 15 0 7 16 15 -41 -10 72 71 25 20 14 10 14 34 35 45 55 16 8 8 5 
1061000 1061047 0 0 0 -36 -19 0 -23 -8 -28 -71 -15 80 78 25 20 14 10 14 34 35 45 55 16 4 8 5 
1068500 1068571 0 -1 1 20 17 55 49 36 44 1 12 75 72 25 20 14 10 14 34 35 45 55 16 4 8 5 
1084000 1084109 0 2 1 119 104 154 129 105 125 82 23 80 77 25 20 14 10 14 34 35 45 55 16 5 3 5 
1093500 1093536 0 -3 1 15 34 49 22 40 19 -24 -18 84 84 25 20 14 10 14 34 35 45 55 16 4 3 5 
1231000 1231195 0 0 0 -31 -14 0 -28 -10 -19 -75 -18 67 68 25 20 13 10 14 34 35 45 55 16 7 9 5 
1285500 1285719 0 0 0 -32 -13 0 -15 -2 -6 -62 -13 68 65 25 20 13 10 14 34 35 45 55 16 9 7 5 
1331500 1331910 0 -1 1 31 33 63 40 41 32 -11 -5 86 91 25 20 14 10 12 32 35 45 55 16 4 3 5 
1346500 1346520 0 2 1 155 138 187 158 140 138 95 -1 90 90 25 20 14 10 11 31 35 45 55 16 11 11 5 
1355000 1355141 0 -3 1 17 42 49 12 36 6 -37 -31 89 90 25 20 14 10 11 31 35 45 55 16 5 5 5 
1413000 1413032 0 -1 1 23 18 54 25 21 22 -21 4 79 84 25 20 13 10 14 34 35 45 55 16 1 4 5 
1422000 1422009 0 2 1 91 85 123 91 84 88 45 8 78 77 25 20 13 10 14 34 35 45 55 16 10 7 5 
1427500 1427514 0 -3 1 16 29 47 14 25 9 -34 -10 82 81 25 20 13 10 14 34 35 45 55 16 9 5 5 
1544000 1544114 0 0 0 -30 -16 0 -30 -16 -21 -77 -14 63 64 25 20 13 10 14 34 35 45 55 16 7 7 5 
1790500 1790511 0 0 0 -21 6 0 -19 6 -10 -66 -25 70 69 25 20 13 10 14 34 35 45 55 16 9 8 5 
2403500 2403625 0 0 0 -21 5 0 -17 10 -14 -70 -34 80 81 25 20 14 10 13 33 35 45 55 16 6 6 5 
2689000 2689149 0 0 0 -20 4 0 -11 10 -7 -63 -26 89 90 25 20 14 10 13 33 35 45 55 16 10 11 5 
2790000 2790108 0 0 0 -8 -1 0 -12 -3 -3 -59 -10 87 87 25 20 14 10 13 33 35 45 55 16 11 10 5 
3566500 3566588 0 0 0 -6 11 0 -5 11 5 -51 -20 75 78 25 20 14 10 14 34 35 45 55 16 10 9 5 
3592500 3592676 0 0 0 -23 4 0 -24 4 -15 -71 -35 75 77 25 20 14 10 14 34 35 45 55 16 9 10 5 
4079500 4079504 0 0 0 -27 -2 0 -28 -2 -15 -71 -51 81 78 25 20 14 10 13 33 35 45 55 16 10 10 5 
4535500 4535677 0 0 0 -34 -17 0 -37 -21 -22 -78 -34 78 79 25 20 14 10 13 33 35 45 55 16 10 10 5 
4886500 4886602 0 0 0 -22 1 0 -23 1 -7 -63 -45 71 71 25 20 14 10 13 33 35 45 55 16 9 9 5 
5083000 5083085 0 0 0 -30 -3 0 -27 -1 -23 -66 -45 79 78 25 20 14 10 13 33 35 45 55 16 8 10 5 
5334500 5334622 0 0 0 -18 -6 0 -19 -6 -23 -66 -19 80 87 25 20 14 10 14 34 35 45 55 16 10 11 5 
5431000 5431145 0 0 0 -13 0 0 -11 1 -1 -57 -21 72 71 25 20 14 10 13 33 35 45 55 16 9 9 5 
5947500 5947601 0 0 0 -17 1 0 -15 2 -5 -61 -20 67 67 25 20 14 10 14 34 35 45 55 16 8 9 5 
6427500 6427564 0 0 0 1 13 0 -5 10 5 -51 -23 74 72 25 20 14 10 13 33 35 45 55 16 7 9 5 
7608500 7608684 0 0 0 -6 11 0 -7 11 -12 -55 -42 72 71 25 20 14 10 12 32 35 45 55 16 8 7 5 
7691500 7691692 0 0 0 -24 -5 0 -23 -3 -10 -66 -34 67 67 25 20 14 10 12 32 35 45 55 16 7 9 5 
8156500 8156739 0 0 0 -15 -4 0 -15 -3 -2 -58 -18 67 61 25 20 14 10 14 34 35 45 55 16 8 8 5 
8291500 8291609 0 0 0 -3 6 0 -3 6 3 -53 -18 75 74 25 20 14 10 14 34 35 45 55 16 9 10 5 
8677500 8677639 0 0 0 1 11 0 8 16 15 -41 -15 72 73 25 20 14 10 14 34 35 45 55 16 7 9 5 
8812500 8812622 0 0 0 -11 -2 0 -11 -5 -15 -58 -17 69 72 25 20 14 10 14 34 35 45 55 16 8 8 5 
8926000 8926074 0 -1 1 45 46 53 44 47 40 -3 -6 82 82 25 20 14 10 14 34 35 45 55 16 6 7 5 
8950500 8950656 0 2 1 221 189 228 228 193 220 177 28 87 87 25 20 14 10 13 33 35 45 55 16 7 9 5 
8972500 8972673 0 -3 1 31 46 38 22 38 21 -22 -20 77 80 25 20 14 10 13 33 35 45 55 16 5 9 5 
9324500 9324662 0 0 0 1 10 0 3 12 0 -43 -11 69 69 25 20 14 10 14 34 35 45 55 16 8 8 5 
9780000 9780113 0 0 0 -6 7 0 1 13 -2 -45 -12 67 67 25 20 14 10 15 35 35 45 55 16 8 7 5 
10273000 10273156 0 0 0 -1 6 0 0 5 -6 -49 -8 71 73 25 20 14 10 14 34 35 45 55 16 7 8 5 
11098000 11098224 0 0 0 19 17 0 19 16 15 -28 -1 64 66 25 20 15 10 14 34 35 45 55 16 8 8 5 
11497500 11497588 0 0 0 18 28 0 22 32 32 -24 -12 64 60 25 20 15 10 13 33 35 45 55 16 5 5 5 
11778500 11778814 0 0 0 14 16 0 17 16 12 -31 -2 65 65 25 20 16 10 14 34 35 45 55 16 6 7 5 
11803000 11803191 0 0 0 1 7 0 -1 9 -7 -50 -10 66 68 25 20 16 10 15 35 35 45 55 16 5 6 5 
11932500 11932565 0 0 0 8 15 0 11 15 7 -36 -4 65 67 25 20 16 10 15 35 35 45 55 16 8 5 5 
11970000 11971107 0 0 0 21 25 0 23 28 16 -27 -6 64 64 25 20 16 10 15 35 35 45 55 16 4 5 5 
12799000 12799131 0 0 0 20 23 0 21 27 28 -28 -9 66 67 25 20 15 10 14 34 35 45 55 16 4 6 5 
13545000 13545872 0 0 0 22 30 0 26 31 21 -22 -8 66 63 25 20 16 10 14 34 35 45 55 16 4 3 5 
13575000 13575073 0 0 0 5 19 0 4 17 2 -41 -16 63 59 25 20 16 10 14 34 35 45 55 16 5 5 5 
13655500 13655946 0 0 0 1 5 0 -3 3 -7 -50 -10 67 65 25 20 16 10 14 34 35 45 55 16 8 7 5 
13749500 13749731 0 0 0 2 10 0 6 13 2 -41 -6 62 62 25 20 16 10 15 35 35 45 55 16 7 6 5 
13792500 13792882 0 0 0 21 23 0 21 24 17 -26 -6 64 64 25 20 16 10 14 34 35 45 55 16 6 5 5 
14439500 14440110 0 0 0 34 40 0 36 44 35 -8 -10 59 59 25 20 16 10 14 34 35 45 55 16 3 7 5 
14492000 14492033 0 0 0 1 14 0 2 17 -1 -44 -15 60 60 25 20 16 10 16 36 35 45 55 16 6 7 5 
14550000 14550294 0 0 0 3 12 0 4 14 2 -41 -11 61 63 25 20 16 10 15 35 35 45 55 16 7 7 5 
14578000 14578165 0 0 0 29 26 0 30 25 22 -21 -2 62 63 25 20 16 10 14 34 35 45 55 16 5 7 5 
15051500 15052302 0 0 0 29 32 0 31 31 44 -12 -5 60 60 25 20 16 10 14 34 35 45 55 16 3 1 5 
15093500 15093660 0 0 0 5 12 0 7 14 4 -39 -10 61 59 25 20 16 10 15 35 35 45 55 16 8 5 5 
15388000 15388044 0 0 0 -1 7 0 1 7 -3 -46 -6 55 57 25 20 16 10 15 35 35 45 55 16 5 7 5 
15408500 15409047 0 0 0 34 35 0 36 36 33 -10 1 61 61 25 20 16 10 14 34 35 45 55 16 5 3 5 
15993500 15993780 0 0 0 35 47 0 34 51 31 -12 -23 58 61 25 20 16 10 14 34 35 45 55 16 1 4 5 
16033000 16033035 0 0 0 9 19 0 11 21 8 -35 -10 61 64 25 20 16 10 16 36 35 45 55 16 7 7 5 
16074500 16074812 0 0 0 5 8 0 6 8 3 -40 -1 57 57 25 20 16 10 16 36 35 45 55 16 3 3 5 
16232000 16232027 0 0 0 2 6 0 4 7 3 -40 -3 56 56 25 20 16 10 16 36 35 45 55 16 6 6 5 
16258000 16258122 0 0 0 -5 7 0 -7 9 -8 -51 -19 58 57 25 20 16 10 16 36 35 45 55 16 4 6 5 
16629500 16629626 0 0 0 -5 21 0 -4 24 -7 -50 -23 54 55 25 20 16 10 16 36 35 45 55 16 5 7 5 
16693000 16693347 0 0 0 3 20 0 4 21 1 -42 -12 64 65 25 20 16 10 15 35 35 45 55 16 5 8 5 
16775500 16775737 0 0 0 -6 26 0 -8 27 -15 -58 -35 60 61 25 20 16 10 15 35 35 45 55 16 6 7 5 
17430000 17430249 0 0 0 17 41 0 18 43 15 -28 -24 56 56 25 20 16 10 14 34 35 45 55 16 4 6 5 
17533000 17533255 0 0 0 -8 14 0 -5 13 -10 -53 -20 55 55 25 20 16 10 14 34 35 45 55 16 6 4 5 
17973500 17973665 0 0 0 -2 25 0 0 25 -5 -48 -21 62 63 25 20 15 10 15 35 35 45 55 16 7 7 5 
18395500 18395638 0 0 0 -5 14 0 -6 16 -15 -58 -22 59 58 25 20 15 10 15 35 35 45 55 16 7 7 5 
18917000 18917028 0 0 0 0 17 0 1 18 -2 -45 -17 64 63 25 20 14 10 15 35 35 45 55 16 8 8 5 
19691500 19691620 0 0 0 2 32 0 5 34 14 -42 -22 70 72 25 20 15 10 14 34 35 45 55 16 9 9 5 
20115000 20115005 0 0 0 -12 20 0 -11 23 -19 -62 -26 62 64 25 20 14 10 15 35 35 45 55 16 8 8 5 
20726000 20726063 0 0 0 -19 15 0 -18 16 -24 -67 -26 62 62 25 20 14 10 15 35 35 45 55 16 8 8 5 
21099500 21099693 0 0 0 -18 12 0 -19 13 -26 -69 -27 56 55 25 20 14 10 15 35 35 45 55 16 7 7 5 
21135000 21135211 0 0 0 0 20 0 5 21 3 -40 -10 65 64 25 20 14 10 15 35 35 45 55 16 8 8 5 
21257000 21257215 0 0 0 -2 21 0 -4 23 -9 -52 -24 65 65 25 20 14 10 15 35 35 45 55 16 8 8 5 
21568000 21568196 0 0 0 -7 8 0 -5 9 6 -50 -14 64 64 25 20 14 10 15 35 35 45 55 16 7 8 5 
40500 41187 1 0 0 -2 -14 0 -12 -16 -13 -72 6 67 66 25 20 16 10 14 34 35 45 55 16 3 6 5 
148000 148174 1 0 -1 0 0 0 0 0 0 -60 0 67 66 25 20 16 10 14 34 35 45 55 16 2 4 5 
158500 158513 1 0 0 7 -16 0 8 -16 9 -50 24 65 62 25 20 16 10 14 34 35 45 55 16 1 5 5 
206000 206386 1 0 0 4 -5 0 4 -5 4 -55 10 65 69 25 20 16 10 14 34 35 45 55 16 3 2 5 
244500 244874 1 0 0 -1 -25 0 -5 -24 -6 -65 19 64 64 25 20 16 10 14 34 35 45 55 16 2 3 5 
463000 463899 1 0 0 4 -13 0 -1 -16 0 -59 17 61 68 25 20 16 10 14 34 35 45 55 16 3 5 5 
841000 841485 1 0 0 -4 -19 0 5 -13 4 -55 16 63 60 25 20 15 10 14 34 35 45 55 16 5 3 5 
1039500 1039624 1 0 0 -2 -13 0 -1 -13 -2 -61 11 71 69 25 20 14 10 14 34 35 45 55 16 7 9 5 
1058500 1058756 1 0 0 4 -15 0 -3 -20 -5 -64 17 80 80 25 20 14 10 14 34 35 45 55 16 7 3 5 
1239500 1239552 1 0 0 -16 -42 0 -10 -37 -11 -70 27 71 72 25 20 13 10 14 34 35 45 55 16 9 9 5 
1284500 1284564 1 0 0 -9 -31 0 -11 -30 -13 -72 20 68 65 25 20 13 10 14 34 35 45 55 16 9 8 5 
1330500 1330552 1 -1 1 47 2 56 52 12 39 -8 41 85 89 25 20 14 10 12 32 35 45 55 16 4 4 5 
1347000 1347013 1 2 1 163 93 172 169 98 154 107 69 90 92 25 20 14 10 11 31 35 45 55 16 12 10 5 
1354000 1354144 1 -3 1 27 2 37 24 -4 10 -37 27 90 91 25 20 14 10 11 31 35 45 55 16 7 3 5 
1413000 1413032 1 -1 1 49 19 58 52 25 40 -7 27 79 84 25 20 13 10 14 34 35 45 55 16 1 4 5 
1422000 1422009 1 2 1 136 79 146 147 85 134 87 61 78 77 25 20 13 10 14 34 35 45 55 16 10 7 5 
1427000 1427149 1 -3 1 36 19 45 32 18 18 -29 13 82 82 25 20 13 10 14 34 35 45 55 16 8 5 5 
1562000 1562214 1 0 0 -10 -39 0 -8 -39 -11 -70 30 63 63 25 20 13 10 14 34 35 45 55 16 7 8 5 
1786000 1786049 1 0 0 2 -13 0 6 -7 5 -54 13 69 63 25 20 13 10 14 34 35 45 55 16 8 9 5 
2405500 2405566 1 0 0 1 -25 0 4 -21 24 -57 25 80 79 25 20 14 10 13 33 35 45 55 16 6 9 5 
2674000 2674198 1 0 0 -1 -20 0 -2 -23 -2 -61 21 75 74 25 20 14 10 13 33 35 45 55 16 9 9 5 
2790000 2790108 1 0 0 0 -28 0 -1 -28 -1 -60 27 87 87 25 20 14 10 13 33 35 45 55 16 11 10 5 
3558000 3558140 1 0 0 -21 -29 0 -19 -29 -19 -78 10 74 73 25 20 14 10 14 34 35 45 55 16 10 9 5 
3597000 3597073 1 0 0 -5 -18 0 -1 -14 -2 -61 13 75 74 25 20 14 10 14 34 35 45 55 16 9 10 5 
4072500 4072678 1 0 0 -21 -27 0 -21 -28 -1 -82 6 79 77 25 20 14 10 13 33 35 45 55 16 10 10 5 
4539500 4539577 1 0 0 2 -12 0 4 -10 26 -55 14 76 76 25 20 14 10 13 33 35 45 55 16 10 10 5 
4892000 4892000 1 0 0 6 0 0 9 5 29 -52 3 76 75 25 20 14 10 13 33 35 45 55 16 8 10 5 
5076500 5076602 1 0 0 8 -1 0 11 1 10 -49 11 77 76 25 20 14 10 13 33 35 45 55 16 8 10 5 
5334500 5334622 1 0 0 -4 -13 0 -5 -11 15 -66 5 80 87 25 20 14 10 14 34 35 45 55 16 10 11 5 
5431000 5431145 1 0 0 5 -13 0 4 -12 3 -56 15 72 71 25 20 14 10 13 33 35 45 55 16 9 9 5 
6431000 6431050 1 0 0 11 7 0 14 8 35 -46 6 74 73 25 20 14 10 13 33 35 45 55 16 8 10 5 
7611500 7611500 1 0 0 6 -3 0 6 -4 6 -53 11 74 74 25 20 14 10 12 32 35 45 55 16 9 9 5 
7705500 7705714 1 0 0 -13 -11 0 -11 -10 -10 -69 1 68 67 25 20 14 10 12 32 35 45 55 16 9 9 5 
8149500 8149597 1 0 0 -13 -16 0 -16 -17 -17 -76 1 71 70 25 20 14 10 14 34 35 45 55 16 9 9 5 
8309000 8309368 1 0 0 -4 -10 0 -6 -14 -6 -65 9 74 73 25 20 14 10 14 34 35 45 55 16 7 9 5 
8689000 8689399 1 0 0 5 -5 0 1 -4 1 -58 6 70 68 25 20 14 10 14 34 35 45 55 16 6 8 5 
8812500 8812622 1 0 0 3 0 0 1 2 0 -59 -2 69 72 25 20 14 10 14 34 35 45 55 16 8 8 5 
8926500 8926626 1 -1 1 57 -5 54 61 -5 81 0 66 82 82 25 20 14 10 14 34 35 45 55 16 5 7 5 
8950500 8950656 1 2 1 179 118 176 189 131 209 128 58 87 87 25 20 14 10 13 33 35 45 55 16 7 9 5 
8981000 8981251 1 -3 1 -44 -89 -46 -36 -82 -14 -95 47 69 73 25 20 14 10 13 33 35 45 55 16 7 9 5 
9330000 9330093 1 0 0 1 -5 0 3 -4 3 -56 7 68 66 25 20 14 10 14 34 35 45 55 16 7 9 5 
9783500 9783686 1 0 0 0 -16 0 2 -15 22 -59 16 66 66 25 20 14 10 15 35 35 45 55 16 8 7 5 
10275000 10275019 1 0 0 -2 -17 0 -1 -14 21 -60 13 72 72 25 20 14 10 14 34 35 45 55 16 8 7 5 
11088500 11088697 1 0 0 2 -13 0 3 -11 25 -56 14 64 64 25 20 15 10 14 34 35 45 55 16 8 7 5 
11497500 11497588 1 0 0 11 -9 0 9 -11 30 -51 19 64 60 25 20 15 10 13 33 35 45 55 16 5 5 5 
11775000 11775080 1 0 0 6 -3 0 9 0 29 -52 9 64 62 25 20 16 10 14 34 35 45 55 16 8 6 5 
11803000 11803191 1 0 0 8 -6 0 8 -6 30 -51 15 66 68 25 20 16 10 15 35 35 45 55 16 5 6 5 
11936000 11936385 1 0 0 6 -13 0 5 -14 24 -57 17 63 63 25 20 16 10 15 35 35 45 55 16 7 8 5 
11968000 11968311 1 0 0 12 -11 0 15 -9 36 -45 26 64 65 25 20 16 10 15 35 35 45 55 16 3 6 5 
12791500 12791556 1 0 0 6 -8 0 5 -11 4 -55 16 65 64 25 20 15 10 14 34 35 45 55 16 5 6 5 
13545000 13545872 1 0 0 17 5 0 13 -2 35 -46 15 66 63 25 20 16 10 14 34 35 45 55 16 4 3 5 
13573000 13573039 1 0 0 48 29 0 51 31 73 -8 20 66 62 25 20 16 10 14 34 35 45 55 16 6 5 5 
13661000 13661006 1 0 0 0 -19 0 3 -17 24 -57 20 63 65 25 20 16 10 14 34 35 45 55 16 6 7 5 
13749500 13749731 1 0 0 0 -9 0 3 -8 24 -57 10 62 62 25 20 16 10 15 35 35 45 55 16 7 6 5 
13794500 13794532 1 0 0 1 -13 0 -1 -9 21 -60 8 64 66 25 20 16 10 14 34 35 45 55 16 4 2 5 
14441000 14441122 1 0 0 9 -4 0 15 -2 35 -46 15 60 58 25 20 16 10 14 34 35 45 55 16 4 7 5 
14490000 14490063 1 0 0 22 3 0 23 4 43 -38 17 61 60 25 20 16 10 16 36 35 45 55 16 7 6 5 
14550000 14550294 1 0 0 12 -3 0 14 0 36 -45 15 61 63 25 20 16 10 15 35 35 45 55 16 7 7 5 
14578000 14578165 1 0 0 -1 -10 0 -2 -13 20 -61 11 62 63 25 20 16 10 14 34 35 45 55 16 5 7 5 
15049000 15049737 1 0 0 10 -5 0 12 -6 9 -50 18 59 58 25 20 16 10 14 34 35 45 55 16 5 5 5 
15097500 15097585 1 0 0 14 -3 0 15 0 38 -43 16 61 61 25 20 16 10 15 35 35 45 55 16 8 5 5 
15382500 15382598 1 0 0 11 -11 0 16 -10 37 -44 26 56 56 25 20 16 10 15 35 35 45 55 16 6 5 5 
15408500 15409047 1 0 0 2 -10 0 5 -10 27 -54 15 61 61 25 20 16 10 14 34 35 45 55 16 5 3 5 
15990000 15990440 1 0 0 27 27 0 30 28 53 -28 4 58 58 25 20 16 10 14 34 35 45 55 16 3 1 5 
16033000 16033035 1 0 0 43 26 0 45 27 68 -13 18 61 64 25 20 16 10 16 36 35 45 55 16 7 7 5 
16078000 16078410 1 0 0 17 1 0 15 0 36 -45 14 60 61 25 20 16 10 16 36 35 45 55 16 6 5 5 
16230000 16230149 1 0 0 16 0 0 22 2 44 -37 20 56 56 25 20 16 10 16 36 35 45 55 16 4 6 5 
16254500 16255071 1 0 0 36 25 0 39 29 60 -21 10 59 60 25 20 16 10 16 36 35 45 55 16 4 5 5 
16631000 16631006 1 0 0 52 35 0 53 36 74 -7 18 54 54 25 20 16 10 16 36 35 45 55 16 7 7 5 
16697000 16697074 1 0 0 36 30 0 33 32 54 -27 2 63 62 25 20 16 10 15 35 35 45 55 16 5 5 5 
16779500 16779761 1 0 0 -2 -3 0 0 -1 22 -59 1 59 61 25 20 16 10 15 35 35 45 55 16 5 7 5 
17437500 17437738 1 0 0 14 17 0 13 20 34 -47 -8 56 55 25 20 16 10 14 34 35 45 55 16 7 4 5 
17535000 17535435 1 0 0 19 7 0 20 7 42 -39 14 55 53 25 20 16 10 14 34 35 45 55 16 4 7 5 
17977500 17977512 1 0 0 15 0 0 17 2 17 -42 15 63 63 25 20 15 10 15 35 35 45 55 16 8 7 5 
18400500 18400509 1 0 0 15 -3 0 13 -2 12 -47 15 59 59 25 20 15 10 15 35 35 45 55 16 7 7 5 
18915000 18915131 1 0 0 9 2 0 13 6 35 -46 7 63 63 25 20 14 10 15 35 35 45 55 16 7 8 5 
19699000 19699092 1 0 0 0 -7 0 3 -5 3 -56 8 66 64 25 20 15 10 14 34 35 45 55 16 8 8 5 
20115000 20115005 1 0 0 6 -8 0 12 -4 32 -49 15 62 64 25 20 14 10 15 35 35 45 55 16 8 8 5 
20726000 20726063 1 0 0 -7 -19 0 -6 -19 14 -67 12 62 62 25 20 14 10 15 35 35 45 55 16 8 8 5 
21101000 21101058 1 0 0 -6 -13 0 -7 -13 15 -66 7 56 55 25 20 14 10 15 35 35 45 55 16 7 7 5 
21140500 21140543 1 0 0 23 6 0 23 8 43 -38 14 67 69 25 20 14 10 15 35 35 45 55 16 7 8 5 
21258500 21258603 1 0 0 11 -6 0 15 -3 36 -45 17 65 66 25 20 14 10 15 35 35 45 55 16 8 8 5 
21560500 21560673 1 0 0 1 -17 0 -1 -21 -1 -60 20 64 62 25 20 14 10 15 35 35 45 55 16 8 8 5 
