135000 135463 0 10 0 133 -32 133 140 -28 143 255 187 93 93 25 20 17 10 12 32 35 45 55 16 2 4 5 
362000 362130 0 10 0 264 98 264 257 82 254 366 170 82 75 25 20 17 10 14 34 35 45 55 16 6 8 5 
439000 439118 0 0 -1 0 0 0 0 0 0 82 0 73 71 25 20 17 10 15 35 35 45 55 16 9 9 5 
923000 923553 0 10 0 -319 -297 -318 -303 -266 -294 -182 -35 103 106 25 20 17 10 15 33 35 45 55 16 2 6 5 
1047500 1047703 0 10 0 -301 -315 -299 -331 -342 -320 -208 13 87 90 25 20 17 10 16 36 35 45 55 16 7 7 5 
1197000 1197062 0 10 0 -175 -208 -172 -192 -225 -180 -68 33 96 99 25 20 17 10 15 35 35 45 55 16 10 9 5 
1773500 1773597 0 0 0 -5 -78 0 -18 -90 44 94 64 78 76 25 20 17 10 14 34 35 45 55 16 9 10 5 
1781500 1781526 0 0 0 33 -49 0 21 -64 86 136 83 80 84 25 20 17 10 14 34 35 45 55 16 10 10 5 
1795000 1795040 0 0 0 34 -57 0 29 -65 96 146 92 74 72 25 20 17 10 14 34 35 45 55 16 9 9 5 
1827000 1827167 0 0 0 43 -55 0 28 -68 102 152 98 89 85 25 20 17 10 15 35 35 45 55 16 11 11 5 
1841000 1841127 0 0 0 0 -99 0 -6 -107 66 116 100 85 87 25 20 17 10 15 35 35 45 55 16 11 11 5 
1845500 1845622 0 13 0 71 -58 9 58 -72 130 180 130 80 76 25 20 17 10 15 35 35 45 55 16 9 8 5 
1849500 1849583 0 0 0 117 -19 0 108 -26 179 229 131 94 96 25 20 17 10 15 35 35 45 55 16 12 12 5 
1862000 1862056 0 0 0 59 -73 0 39 -76 112 162 116 97 102 25 20 17 10 15 33 35 45 55 16 12 12 5 
1965500 1965657 0 0 0 77 -58 0 68 -65 79 191 134 87 90 25 20 17 10 15 35 35 45 55 16 10 10 5 
2017500 2017654 0 0 0 72 -58 0 79 -56 91 203 134 90 93 25 20 17 10 15 35 35 45 55 16 10 11 5 
2081000 2081153 0 0 0 105 -57 0 94 -70 106 218 165 94 97 25 20 17 10 15 35 35 45 55 16 12 12 5 
2170500 2170579 0 0 0 86 -75 0 81 -80 92 204 160 91 88 25 20 17 10 15 35 35 45 55 16 12 11 5 
2183500 2183555 0 0 0 72 -75 0 58 -85 69 181 144 92 93 25 20 17 10 15 35 35 45 55 16 11 12 5 
2188000 2188080 0 0 0 5 -129 0 -33 -151 -22 90 117 98 101 25 20 17 10 15 33 35 45 55 16 13 13 5 
2193500 2193738 0 13 0 94 -62 23 87 -68 98 210 154 85 83 25 20 17 10 15 35 35 45 55 16 9 9 5 
2197000 2197017 0 0 0 113 -50 0 107 -59 118 230 166 91 91 25 20 17 10 15 35 35 45 55 16 10 12 5 
2212000 2212072 0 0 0 157 -20 0 155 -25 166 278 179 92 89 25 20 17 10 15 35 35 45 55 16 12 10 5 
2219500 2219616 0 13 0 67 -75 -6 33 -89 46 158 123 98 101 25 20 17 10 15 33 35 45 55 16 11 12 5 
2225000 2225004 0 0 0 11 -112 0 -6 -126 6 118 120 102 103 25 20 17 10 15 33 35 45 55 16 13 13 5 
2236000 2236074 0 0 0 152 -58 0 154 -58 165 277 212 95 94 25 20 17 10 15 35 35 45 55 16 12 12 5 
2242000 2242022 0 0 0 31 -116 0 7 -136 18 130 143 99 101 25 20 17 10 15 33 35 45 55 16 13 10 5 
2246500 2246624 0 0 0 124 -64 0 134 -59 147 259 194 93 91 25 20 17 10 15 35 35 45 55 16 12 11 5 
2258500 2258567 0 0 0 135 -66 0 136 -70 146 258 205 95 96 25 20 17 10 15 35 35 45 55 16 12 10 5 
2261000 2261025 0 13 0 85 -88 -7 46 -102 57 169 148 99 102 25 20 17 10 15 33 35 45 55 16 12 13 5 
2267000 2267081 0 0 0 -12 -131 0 -44 -161 -33 79 117 103 103 25 20 17 10 15 33 35 45 55 16 13 12 5 
2270000 2270122 0 13 0 34 -92 6 8 -104 20 132 112 95 100 25 20 17 10 15 33 35 45 55 16 12 11 5 
2272500 2272582 0 0 0 63 -79 0 22 -109 33 145 131 86 93 25 20 17 10 15 35 35 45 55 16 11 10 5 
2288000 2288051 0 0 0 105 -60 0 91 -73 102 214 164 90 91 25 20 17 10 15 35 35 45 55 16 12 10 5 
2551000 2551076 0 0 0 114 -9 0 111 -14 112 224 120 84 83 25 20 17 10 14 34 35 45 55 16 11 11 5 
2718500 2718503 0 0 0 102 -30 0 96 -39 106 218 134 84 88 25 20 17 10 15 35 35 45 55 16 11 11 5 
2748500 2748556 0 0 0 191 26 0 176 17 185 297 159 94 94 25 20 17 10 15 35 35 45 55 16 12 12 5 
2753500 2753523 0 13 0 101 -41 -23 78 -54 151 201 131 101 101 25 20 17 10 15 33 35 45 55 16 8 12 5 
2759000 2759007 0 0 0 51 -55 0 43 -65 55 167 109 108 104 25 20 17 10 15 33 35 45 55 16 13 12 5 
2766500 2766558 0 13 0 116 -36 12 135 -41 147 259 177 100 91 25 20 17 10 15 35 35 45 55 16 14 9 5 
2774000 2774084 0 0 0 157 -26 0 145 -36 171 283 188 90 97 25 20 17 10 16 36 35 45 55 16 11 11 5 
2777000 2777280 0 13 0 138 -24 6 125 -33 149 261 165 84 90 25 20 17 10 16 36 35 45 55 16 9 11 5 
2780500 2780557 0 0 0 102 -37 0 89 -45 114 226 139 77 73 25 20 17 10 16 36 35 45 55 16 10 9 5 
2848000 2848037 0 0 0 84 -94 0 41 -107 71 183 157 108 110 25 20 17 10 16 32 35 45 55 16 12 12 5 
2927000 2927136 0 0 0 52 -113 0 26 -130 53 165 161 104 106 25 20 17 10 16 34 35 45 55 16 12 11 5 
2941000 2941034 0 0 0 -40 -193 0 -53 -203 -23 89 160 105 106 25 20 17 10 16 34 35 45 55 16 13 13 5 
2944000 2944044 0 13 0 22 -156 -20 4 -167 35 147 182 104 107 25 20 17 10 16 34 35 45 55 16 13 13 5 
2947500 2947621 0 0 0 138 -103 0 130 -115 142 254 246 97 99 25 20 17 10 15 35 35 45 55 16 11 12 5 
2955500 2955644 0 0 0 198 -11 0 195 -15 206 318 211 94 94 25 20 17 10 15 35 35 45 55 16 12 12 5 
2958000 2958368 0 13 0 150 -32 7 127 -51 137 249 177 96 96 25 20 17 10 15 35 35 45 55 16 8 10 5 
2961000 2961012 0 0 0 77 -78 0 57 -93 68 180 151 95 96 25 20 17 10 15 35 35 45 55 16 12 11 5 
2972000 2972064 0 0 0 41 -99 0 16 -107 28 140 124 101 101 25 20 17 10 15 33 35 45 55 16 13 8 5 
3035000 3035126 0 0 0 43 -105 0 37 -112 111 161 150 89 87 25 20 17 10 15 35 35 45 55 16 11 11 5 
3048000 3048115 0 0 0 87 -79 0 77 -88 150 200 165 91 90 25 20 17 10 15 35 35 45 55 16 12 12 5 
3199000 3199056 0 0 0 121 -39 0 118 -50 131 243 169 103 106 25 20 17 10 15 33 35 45 55 16 12 11 5 
3208000 3208090 0 13 0 76 -93 -17 76 -93 86 198 169 102 101 25 20 17 10 15 33 35 45 55 16 12 12 5 
3215500 3215797 0 0 0 69 -104 0 67 -112 57 169 164 90 83 25 20 17 10 14 34 35 45 55 16 11 9 5 
3225500 3225533 0 0 0 -35 -134 0 -44 -144 -41 71 100 76 71 25 20 17 10 14 34 35 45 55 16 9 10 5 
3256000 3256115 0 0 0 -9 -101 0 -18 -110 -12 100 97 77 89 25 20 17 10 14 34 35 45 55 16 10 9 5 
3300000 3300065 0 0 0 -16 -127 0 -27 -140 -17 95 113 72 73 25 20 17 10 15 35 35 45 55 16 9 9 5 
3354000 3354305 0 0 0 -35 -105 0 -49 -116 -39 73 66 68 68 25 20 17 10 15 35 35 45 55 16 8 8 5 
3361000 3361034 0 13 0 27 -59 14 20 -71 31 143 89 82 87 25 20 17 10 15 35 35 45 55 16 9 10 5 
3367500 3367668 0 0 0 57 -34 0 40 -50 51 163 90 70 67 25 20 17 10 15 35 35 45 55 16 9 8 5 
3424500 3424719 0 0 0 35 -48 0 27 -56 38 150 83 67 67 25 20 17 10 15 35 35 45 55 16 8 8 5 
3524000 3524154 0 0 0 37 -50 0 20 -65 32 144 85 65 65 25 20 17 10 15 35 35 45 55 16 8 8 5 
3531000 3531087 0 0 0 -1 -78 0 -6 -87 5 117 80 84 82 25 20 17 10 15 35 35 45 55 16 11 10 5 
3567000 3567158 0 0 0 -7 -101 0 -23 -118 -12 100 96 63 61 25 20 17 10 15 35 35 45 55 16 8 8 5 
3573000 3573099 0 13 0 43 -21 0 38 -21 110 160 58 82 93 25 20 17 10 15 35 35 45 55 16 7 11 5 
3578500 3578552 0 0 0 88 -6 0 81 -11 92 204 92 68 65 25 20 17 10 15 35 35 45 55 16 9 8 5 
3588500 3588649 0 0 0 61 -39 0 56 -45 67 179 102 63 63 25 20 17 10 15 35 35 45 55 16 8 8 5 
3593000 3593128 0 0 0 82 -12 0 80 -14 155 205 95 70 72 25 20 17 10 15 35 35 45 55 16 7 10 5 
3602000 3602150 0 0 0 58 -35 0 44 -49 53 165 92 61 61 25 20 17 10 15 35 35 45 55 16 8 8 5 
3845000 3845196 0 0 0 72 -33 0 66 -38 77 189 105 64 64 25 20 17 10 15 35 35 45 55 16 8 8 5 
3945000 3945084 0 0 0 60 -39 0 50 -50 60 172 100 64 63 25 20 17 10 15 35 35 45 55 16 8 8 5 
4019000 4019163 0 0 0 59 -36 0 46 -48 58 170 94 62 63 25 20 17 10 15 35 35 45 55 16 8 8 5 
4031000 4031531 0 0 0 78 -2 0 63 -15 75 187 79 71 76 25 20 17 10 15 35 35 45 55 16 6 9 5 
4063500 4063594 0 0 0 90 13 0 78 1 88 200 76 67 65 25 20 17 10 15 35 35 45 55 16 8 8 5 
4103500 4103648 0 0 0 53 -43 0 44 -58 56 168 102 64 63 25 20 17 10 15 35 35 45 55 16 7 8 5 
4110500 4110588 0 0 0 51 -21 0 50 -22 61 173 72 86 87 25 20 17 10 15 35 35 45 55 16 10 10 5 
4141500 4141564 0 0 0 25 -47 0 18 -58 28 140 75 83 86 25 20 17 10 15 35 35 45 55 16 11 10 5 
4185500 4185630 0 0 0 -7 -76 0 -15 -87 -3 109 72 73 72 25 20 17 10 15 35 35 45 55 16 9 9 5 
4242500 4242611 0 0 0 1 -63 0 -9 -73 -2 110 65 71 71 25 20 17 10 14 34 35 45 55 16 9 9 5 
4271500 4271701 0 0 0 -33 -79 0 -40 -86 -33 79 48 71 66 25 20 17 10 14 34 35 45 55 16 9 8 5 
4281000 4281095 0 13 0 19 -58 -6 14 -62 18 130 76 89 90 25 20 17 10 14 34 35 45 55 16 11 10 5 
4285500 4285607 0 0 0 53 -40 0 49 -49 61 173 99 97 99 25 20 17 10 15 35 35 45 55 16 12 11 5 
4289000 4289040 0 13 0 24 -37 16 20 -41 31 143 61 103 106 25 20 17 10 15 33 35 45 55 16 13 12 5 
4293500 4293529 0 0 0 -50 -112 0 -68 -128 -57 55 59 104 103 25 20 17 10 15 33 35 45 55 16 13 11 5 
4298500 4298546 0 0 0 -31 -108 0 -44 -123 -33 79 79 105 103 25 20 17 10 15 33 35 45 55 16 13 10 5 
4303500 4303596 0 0 0 -14 -83 0 -36 -98 -25 87 62 112 114 25 20 17 10 15 31 35 45 55 16 14 14 5 
4308500 4308567 0 0 0 33 -72 0 30 -80 102 152 109 113 116 25 20 17 10 15 31 35 45 55 16 14 15 5 
4313000 4313090 0 0 0 67 -53 0 52 -66 74 186 124 84 81 25 20 17 10 16 36 35 45 55 16 11 10 5 
4331000 4331033 0 0 0 45 -31 0 36 -36 54 166 75 76 71 25 20 17 10 16 36 35 45 55 16 9 10 5 
4361000 4361122 0 0 0 -11 -113 0 -21 -121 -10 102 100 94 93 25 20 17 10 15 35 35 45 55 16 12 12 5 
4375000 4375005 0 0 0 11 -106 0 2 -122 13 125 124 89 89 25 20 17 10 15 35 35 45 55 16 12 10 5 
4427000 4427071 0 0 0 40 -93 0 20 -100 30 142 118 100 101 25 20 17 10 15 33 35 45 55 16 11 12 5 
4512500 4512627 0 0 0 15 -102 0 1 -115 13 125 116 81 75 25 20 17 10 15 35 35 45 55 16 9 11 5 
4627500 4627570 0 0 0 6 -77 0 -7 -89 5 117 82 76 77 25 20 17 10 15 35 35 45 55 16 10 9 5 
4704500 4704654 0 0 0 0 -82 0 -14 -96 -2 110 83 81 88 25 20 17 10 15 35 35 45 55 16 10 10 5 
4743500 4743663 0 0 0 25 -57 0 -1 -83 10 122 82 79 68 25 20 17 10 15 35 35 45 55 16 8 8 5 
4774500 4774625 0 0 0 0 -90 0 -15 -104 -3 109 91 64 61 25 20 17 10 15 35 35 45 55 16 8 8 5 
4799000 4799185 0 0 0 28 -63 0 20 -69 29 141 88 76 75 25 20 17 10 15 35 35 45 55 16 9 10 5 
4927500 4927616 0 0 0 23 -58 0 10 -67 20 132 76 74 74 25 20 17 10 15 35 35 45 55 16 10 9 5 
5050500 5050673 0 0 0 32 -43 0 22 -53 32 144 74 74 71 25 20 17 10 15 35 35 45 55 16 9 9 5 
5079500 5079582 0 0 0 9 -58 0 -2 -69 9 121 67 73 68 25 20 17 10 15 35 35 45 55 16 9 7 5 
5083500 5083538 0 13 0 49 -53 8 43 -63 55 167 105 84 90 25 20 17 10 15 35 35 45 55 16 6 12 5 
5086500 5086570 0 0 0 64 -28 0 40 -45 51 163 85 87 81 25 20 17 10 15 35 35 45 55 16 10 8 5 
5102500 5102705 0 0 0 69 -18 0 57 -29 131 181 87 71 70 25 20 17 10 15 35 35 45 55 16 9 9 5 
5118000 5118151 0 0 0 100 7 0 93 3 103 215 89 69 69 25 20 17 10 15 35 35 45 55 16 8 9 5 
5210000 5210041 0 0 0 21 -50 0 8 -62 18 130 70 72 72 25 20 17 10 15 35 35 45 55 16 9 8 5 
5216500 5216558 0 0 0 21 -54 0 7 -70 79 129 75 74 75 25 20 17 10 15 35 35 45 55 16 9 10 5 
5220000 5220049 0 13 0 60 -26 12 51 -36 124 174 87 76 74 25 20 17 10 15 35 35 45 55 16 9 8 5 
5223500 5223570 0 0 0 75 -9 0 67 -17 140 190 85 80 85 25 20 17 10 15 35 35 45 55 16 10 10 5 
5252500 5252553 0 0 0 50 -15 0 44 -18 55 167 63 68 67 25 20 17 10 15 35 35 45 55 16 8 8 5 
5283000 5283125 0 0 0 58 -22 0 53 -28 58 170 81 69 66 25 20 17 10 14 34 35 45 55 16 9 9 5 
5332500 5332645 0 0 0 61 -36 0 49 -44 54 166 95 71 70 25 20 17 10 14 34 35 45 55 16 9 9 5 
5342000 5342154 0 0 0 27 -71 0 38 -62 107 157 104 92 93 25 20 17 10 14 34 35 45 55 16 12 12 5 
5353000 5353018 0 0 0 39 -73 0 26 -84 37 149 109 95 99 25 20 17 10 15 35 35 45 55 16 11 12 5 
5362500 5362874 0 0 0 70 -27 0 58 -33 132 182 91 76 71 25 20 17 10 15 35 35 45 55 16 6 7 5 
5370000 5370148 0 0 0 76 -41 0 65 -49 137 187 113 89 90 25 20 17 10 15 35 35 45 55 16 10 11 5 
5379000 5379010 0 0 0 128 -3 0 120 -19 205 255 141 87 93 25 20 17 10 16 36 35 45 55 16 11 9 5 
5396000 5396127 0 0 0 57 -37 0 45 -47 125 175 95 78 88 25 20 17 10 16 36 35 45 55 16 8 9 5 
5403500 5403642 0 13 0 51 -40 19 40 -49 112 162 88 79 85 25 20 17 10 15 35 35 45 55 16 10 9 5 
5411500 5411740 0 0 0 6 -84 0 -10 -98 63 113 87 63 61 25 20 17 10 15 35 35 45 55 16 8 8 5 
5470500 5470630 0 0 0 35 -55 0 20 -68 67 179 102 75 75 25 20 17 10 19 39 35 45 55 16 8 9 5 
5490000 5490082 0 0 0 19 -62 0 11 -71 109 159 94 84 90 25 20 17 10 18 38 35 45 55 16 11 11 5 
5543500 5543674 0 0 0 27 -51 0 4 -60 94 144 81 86 81 25 20 17 10 17 37 35 45 55 16 10 10 5 
5563000 5563090 0 0 0 27 -82 0 14 -93 108 158 113 93 93 25 20 17 10 17 37 35 45 55 16 10 10 5 
5609000 5609070 0 0 0 18 -101 0 12 -103 102 152 124 91 95 25 20 17 10 16 36 35 45 55 16 9 11 5 
5617500 5617651 0 13 0 67 -55 1 68 -60 90 202 133 94 93 25 20 17 10 16 36 35 45 55 16 8 12 5 
5622000 5622059 0 0 0 90 -73 0 86 -88 173 223 180 96 93 25 20 17 10 16 36 35 45 55 16 11 12 5 
5626500 5626672 0 13 0 84 -41 20 75 -46 102 214 130 92 93 25 20 17 10 16 36 35 45 55 16 6 8 5 
5633500 5633932 0 0 0 22 -76 0 -3 -105 77 127 103 88 84 25 20 17 10 16 36 35 45 55 16 8 7 5 
5665500 5665698 0 0 0 46 -59 0 27 -76 38 150 101 74 76 25 20 17 10 15 35 35 45 55 16 7 9 5 
5693500 5693551 0 0 0 83 -45 0 78 -54 149 199 131 84 89 25 20 17 10 15 35 35 45 55 16 7 7 5 
5695500 5695832 0 13 0 51 -59 -4 35 -73 108 158 109 85 85 25 20 17 10 15 35 35 45 55 16 7 9 5 
5699000 5699041 0 0 0 6 -76 0 -8 -83 64 114 75 86 85 25 20 17 10 15 35 35 45 55 16 9 10 5 
5713000 5713058 0 0 0 -31 -107 0 -47 -118 27 77 73 83 84 25 20 17 10 15 35 35 45 55 16 9 8 5 
5716000 5716040 0 13 0 16 -94 12 22 -106 95 145 128 86 92 25 20 17 10 15 35 35 45 55 16 8 9 5 
5720500 5720584 0 0 0 55 -58 0 45 -58 118 168 104 82 77 25 20 17 10 15 35 35 45 55 16 8 8 5 
5737500 5737524 0 0 0 29 -75 0 25 -79 37 149 104 74 73 25 20 17 10 15 35 35 45 55 16 9 9 5 
5748500 5748680 0 13 0 91 -19 14 86 -23 97 209 110 73 70 25 20 17 10 15 35 35 45 55 16 9 8 5 
5753500 5753625 0 0 0 98 -20 0 86 -28 160 210 115 76 75 25 20 17 10 15 35 35 45 55 16 9 10 5 
5774000 5774187 0 0 0 103 -6 0 94 -17 167 217 111 75 71 25 20 17 10 15 35 35 45 55 16 9 10 5 
5778000 5778002 0 13 0 91 -5 20 82 -16 155 205 97 71 66 25 20 17 10 15 35 35 45 55 16 9 7 5 
5782500 5782504 0 0 0 36 -45 0 11 -63 21 133 73 76 80 25 20 17 10 15 35 35 45 55 16 7 9 5 
5860500 5860725 0 0 0 -8 -108 0 -24 -122 -24 88 95 82 90 25 20 17 10 14 34 35 45 55 16 9 10 5 
5922000 5922113 0 0 0 -42 -128 0 -85 -160 -81 31 74 87 82 25 20 17 10 14 34 35 45 55 16 10 9 5 
5936000 5936146 0 0 0 -3 -77 0 6 -66 12 124 74 88 97 25 20 17 10 14 34 35 45 55 16 10 8 5 
6094000 6094153 0 0 0 24 -58 0 13 -67 77 127 77 85 88 25 20 17 10 14 34 35 45 55 16 11 11 5 
6215500 6215662 0 0 0 11 -74 0 1 -87 73 123 87 82 82 25 20 17 10 15 35 35 45 55 16 10 9 5 
6485500 6485531 0 0 0 34 -67 0 25 -78 99 149 104 73 75 25 20 17 10 15 35 35 45 55 16 9 9 5 
6704000 6704118 0 0 0 23 -60 0 16 -66 91 141 83 76 75 25 20 17 10 15 35 35 45 55 16 10 8 5 
6873500 6873535 0 0 0 4 -56 0 -10 -66 9 121 62 76 74 25 20 17 10 16 36 35 45 55 16 9 9 5 
7286000 7286036 0 0 0 21 -48 0 6 -60 17 129 66 77 68 25 20 17 10 15 35 35 45 55 16 11 9 5 
7311500 7311525 0 0 0 27 -60 0 18 -68 30 142 88 78 93 25 20 17 10 15 35 35 45 55 16 11 9 5 
7329500 7329501 0 0 0 27 -62 0 -4 -89 2 114 85 86 90 25 20 17 10 14 34 35 45 55 16 10 10 5 
7335000 7335319 0 13 0 -25 -90 -13 -13 -85 -10 102 72 85 89 25 20 17 10 14 34 35 45 55 16 8 11 5 
7340500 7340602 0 0 0 -53 -120 0 -75 -143 -72 40 67 83 81 25 20 17 10 14 34 35 45 55 16 10 9 5 
7473500 7473507 0 0 0 -34 -101 0 -43 -109 -32 80 66 60 61 25 20 17 10 15 35 35 45 55 16 7 7 5 
7478500 7478656 0 13 0 31 -51 5 26 -57 38 150 84 64 63 25 20 17 10 15 35 35 45 55 16 8 8 5 
7483000 7483199 0 0 0 80 2 0 74 -7 147 197 80 67 66 25 20 17 10 15 35 35 45 55 16 8 8 5 
7505500 7505540 0 0 0 102 17 0 92 7 102 214 84 69 68 25 20 17 10 15 35 35 45 55 16 9 9 5 
7574000 7574310 0 0 0 77 -11 0 64 -24 75 187 88 71 70 25 20 17 10 15 35 35 45 55 16 8 9 5 
7914000 7914155 0 0 0 50 -46 0 47 -53 57 169 99 85 88 25 20 17 10 15 35 35 45 55 16 10 11 5 
7957500 7957591 0 0 0 93 -3 0 88 -8 99 211 97 81 87 25 20 17 10 15 35 35 45 55 16 10 10 5 
8854000 8854154 0 0 0 100 -43 0 82 -58 105 217 147 86 85 25 20 17 10 15 35 35 45 55 16 11 10 5 
8868000 8868137 0 0 0 124 -31 0 117 -39 147 259 165 90 94 25 20 17 10 15 35 35 45 55 16 11 12 5 
8872500 8872535 0 13 0 139 -44 62 148 -45 183 295 197 94 96 25 20 17 10 15 35 35 45 55 16 10 10 5 
8877000 8877103 0 0 0 29 -120 0 17 -131 49 161 152 93 94 25 20 17 10 15 35 35 45 55 16 12 12 5 
8960500 8960596 0 0 0 41 -122 0 28 -137 60 172 172 91 89 25 20 17 10 15 35 35 45 55 16 9 8 5 
8964500 8964542 0 13 0 106 -73 -4 97 -79 131 243 181 91 93 25 20 17 10 15 35 35 45 55 16 10 12 5 
8968500 8968602 0 0 0 177 -16 0 159 -31 188 300 198 92 93 25 20 17 10 15 35 35 45 55 16 8 6 5 
9042500 9042607 0 0 0 180 -2 0 188 0 213 325 205 91 90 25 20 17 10 15 35 35 45 55 16 12 12 5 
9046000 9046009 0 13 0 118 -51 -8 111 -56 136 248 170 92 92 25 20 17 10 15 35 35 45 55 16 10 12 5 
9049500 9049558 0 0 0 72 -84 0 71 -90 110 222 165 93 99 25 20 17 10 15 35 35 45 55 16 9 12 5 
9099500 9099771 0 0 0 99 -16 0 90 -26 115 227 120 83 79 25 20 17 10 15 35 35 45 55 16 10 11 5 
9332000 9332133 0 0 0 100 -20 0 89 -33 116 228 126 77 76 25 20 17 10 16 36 35 45 55 16 9 7 5 
9340500 9340559 0 0 0 151 27 0 144 17 157 269 127 84 80 25 20 17 10 15 35 35 45 55 16 10 7 5 
9342500 9342599 0 13 0 122 -6 12 113 -21 124 236 134 93 96 25 20 17 10 15 35 35 45 55 16 7 12 5 
9347000 9347015 0 0 0 18 -110 0 17 -113 34 146 130 97 96 25 20 17 10 15 35 35 45 55 16 13 11 5 
9364000 9364080 0 0 0 134 -25 0 117 -44 139 251 161 88 93 25 20 17 10 15 35 35 45 55 16 8 11 5 
9379500 9379538 0 13 0 170 16 9 167 11 240 290 155 78 72 25 20 17 10 15 35 35 45 55 16 10 7 5 
9395500 9395535 0 0 0 190 37 0 180 28 245 295 152 82 86 25 20 17 10 15 35 35 45 55 16 10 11 5 
9452000 9452031 0 0 0 179 34 0 173 26 184 296 145 81 78 25 20 17 10 15 35 35 45 55 16 10 10 5 
9463000 9463109 0 13 0 87 -46 -40 61 -68 144 194 129 93 92 25 20 17 10 15 35 35 45 55 16 7 4 5 
9479000 9479134 0 0 0 53 -84 0 41 -92 58 170 132 105 109 25 20 17 10 15 33 35 45 55 16 12 13 5 
9515000 9515170 0 0 0 -68 -215 0 -75 -224 -60 52 149 94 88 25 20 17 10 15 35 35 45 55 16 11 12 5 
9525500 9525654 0 0 0 -44 -209 0 -63 -228 -42 70 164 91 90 25 20 17 10 15 35 35 45 55 16 12 9 5 
9530500 9530869 0 13 0 35 -131 16 26 -134 31 143 158 87 85 25 20 17 10 15 35 35 45 55 16 8 11 5 
9535000 9535153 0 0 0 75 -104 0 79 -107 100 212 186 91 90 25 20 17 10 15 35 35 45 55 16 10 12 5 
9559500 9559594 0 0 0 31 -78 0 30 -79 104 154 108 90 90 25 20 17 10 15 35 35 45 55 16 10 11 5 
9564500 9564648 0 13 0 51 -74 -21 41 -84 54 166 126 87 84 25 20 17 10 15 35 35 45 55 16 10 10 5 
9575500 9575535 0 0 0 160 -17 0 147 -33 232 282 180 89 87 25 20 17 10 15 35 35 45 55 16 6 5 5 
9582000 9582009 0 13 0 123 -40 22 121 -45 145 257 167 93 96 25 20 17 10 15 35 35 45 55 16 9 10 5 
9588500 9588531 0 0 0 41 -82 0 43 -79 55 167 121 85 86 25 20 17 10 15 35 35 45 55 16 9 10 5 
9594500 9594541 0 13 0 113 -46 13 100 -57 121 233 158 90 89 25 20 17 10 15 35 35 45 55 16 9 12 5 
9598000 9598099 0 0 0 134 -54 0 130 -55 155 267 186 94 94 25 20 17 10 15 35 35 45 55 16 12 12 5 
9610000 9610097 0 0 0 79 -46 0 73 -54 95 207 127 86 86 25 20 17 10 15 35 35 45 55 16 9 9 5 
9614000 9614049 0 13 0 137 -5 -7 125 -16 134 246 141 87 89 25 20 17 10 15 35 35 45 55 16 10 12 5 
9617000 9617125 0 0 0 192 32 0 191 30 197 309 161 93 93 25 20 17 10 15 35 35 45 55 16 12 10 5 
9621000 9621136 0 13 0 121 -45 -3 98 -68 109 221 165 88 77 25 20 17 10 15 35 35 45 55 16 8 5 5 
9626000 9626250 0 0 0 38 -90 0 17 -98 26 138 115 85 84 25 20 17 10 15 35 35 45 55 16 5 11 5 
9659000 9659044 0 0 0 20 -105 0 17 -106 29 141 123 75 72 25 20 17 10 15 35 35 45 55 16 10 9 5 
9670500 9670659 0 0 0 49 -70 0 33 -80 46 158 113 75 70 25 20 17 10 15 35 35 45 55 16 9 9 5 
9674000 9674194 0 13 0 77 -57 0 59 -74 75 187 134 78 73 25 20 17 10 15 35 35 45 55 16 10 9 5 
9680500 9680720 0 0 0 131 2 0 124 -7 138 250 131 66 66 25 20 17 10 15 35 35 45 55 16 8 8 5 
9712500 9712575 0 0 0 85 -38 0 71 -49 82 194 121 74 75 25 20 17 10 15 35 35 45 55 16 9 9 5 
9827000 9827004 0 0 0 80 -31 0 71 -43 82 194 114 73 72 25 20 17 10 15 35 35 45 55 16 9 9 5 
9892500 9892691 0 0 0 150 32 0 141 18 155 267 123 70 69 25 20 17 10 15 35 35 45 55 16 9 9 5 
10011500 10011709 0 0 0 150 34 0 143 24 156 268 118 72 73 25 20 17 10 15 35 35 45 55 16 9 9 5 
10016000 10016177 0 13 0 104 1 -23 86 -15 104 216 100 76 71 25 20 17 10 15 35 35 45 55 16 10 9 5 
10022000 10022172 0 0 0 96 -28 0 75 -48 101 213 122 92 96 25 20 17 10 15 35 35 45 55 16 11 10 5 
10036000 10036168 0 0 0 34 -105 0 23 -126 48 160 149 93 87 25 20 17 10 15 35 35 45 55 16 12 7 5 
10044500 10044594 0 13 0 80 -40 -20 69 -47 85 197 115 83 81 25 20 17 10 15 35 35 45 55 16 9 10 5 
10052000 10052166 0 0 0 158 14 0 154 7 152 264 147 76 73 25 20 17 10 15 35 35 45 55 16 7 7 5 
10097000 10097132 0 0 0 150 44 0 138 32 151 263 106 74 75 25 20 17 10 15 35 35 45 55 16 9 10 5 
10101500 10101772 0 13 0 109 -10 10 95 -30 111 223 125 68 58 25 20 17 10 15 35 35 45 55 16 7 8 5 
10107500 10107714 0 0 0 31 -61 0 19 -71 36 148 91 58 55 25 20 17 10 15 35 35 45 55 16 7 7 5 
10120000 10120003 0 0 0 90 -19 0 73 -41 87 199 114 64 60 25 20 17 10 15 35 35 45 55 16 8 8 5 
10192000 10192217 0 0 0 129 14 0 114 3 129 241 113 64 64 25 20 17 10 15 35 35 45 55 16 8 8 5 
10232500 10232698 0 0 0 184 72 0 175 62 186 298 113 68 67 25 20 17 10 15 35 35 45 55 16 8 9 5 
10248000 10248070 0 0 0 137 32 0 142 32 148 260 110 81 85 25 20 17 10 15 35 35 45 55 16 9 8 5 
10250500 10250622 0 13 0 117 26 6 117 24 126 238 92 79 85 25 20 17 10 15 35 35 45 55 16 8 9 5 
10255000 10255169 0 0 0 65 -16 0 52 -28 65 177 80 70 79 25 20 17 10 15 35 35 45 55 16 9 9 5 
10263500 10263654 0 13 0 130 33 -10 120 23 130 242 95 70 75 25 20 17 10 15 35 35 45 55 16 8 8 5 
10266500 10266672 0 0 0 166 62 0 165 59 179 291 106 68 68 25 20 17 10 15 35 35 45 55 16 7 9 5 
10305000 10305173 0 0 0 132 26 0 125 18 135 247 107 73 74 25 20 17 10 15 35 35 45 55 16 9 9 5 
10408000 10408009 0 0 0 77 -13 0 63 -25 77 189 91 73 72 25 20 17 10 15 35 35 45 55 16 9 9 5 
10477500 10477631 0 0 0 113 17 0 96 3 172 222 93 70 71 25 20 17 10 15 35 35 45 55 16 9 9 5 
10541000 10541604 0 0 0 118 21 0 115 18 127 239 98 67 73 25 20 17 10 15 35 35 45 55 16 5 9 5 
10719500 10719617 0 0 0 100 2 0 83 -9 96 208 91 72 69 25 20 17 10 15 35 35 45 55 16 9 9 5 
10873000 10873201 0 0 0 107 21 0 104 17 113 225 86 68 68 25 20 17 10 15 35 35 45 55 16 9 8 5 
11059000 11059795 0 0 0 118 13 0 95 -8 104 216 103 78 87 25 20 17 10 15 35 35 45 55 16 6 11 5 
11113500 11113640 0 0 0 131 25 0 115 12 126 238 102 67 71 25 20 17 10 15 35 35 45 55 16 8 9 5 
11117500 11118016 0 13 0 173 58 -3 182 65 186 298 117 74 80 25 20 17 10 15 35 35 45 55 16 6 9 5 
11120000 11120034 0 0 0 205 88 0 197 79 206 318 116 76 78 25 20 17 10 15 35 35 45 55 16 9 8 5 
11125000 11125363 0 13 0 146 31 -18 114 2 130 242 113 78 83 25 20 17 10 15 35 35 45 55 16 8 8 5 
11136500 11136586 0 0 0 69 -10 0 52 -25 65 177 79 73 73 25 20 17 10 15 35 35 45 55 16 9 9 5 
11239500 11239534 0 0 0 102 10 0 92 3 100 212 88 70 68 25 20 17 10 15 35 35 45 55 16 9 8 5 
11352500 11352700 0 0 0 77 1 0 69 -8 76 188 76 67 66 25 20 17 10 15 35 35 45 55 16 8 9 5 
11464500 11464617 0 0 0 53 -37 0 39 -49 56 168 89 82 92 25 20 17 10 15 35 35 45 55 16 11 9 5 
11485500 11485564 0 0 0 163 58 0 156 48 170 282 108 65 65 25 20 17 10 15 35 35 45 55 16 8 8 5 
11513500 11513525 0 0 0 24 -51 0 7 -65 23 135 71 80 82 25 20 17 10 15 35 35 45 55 16 10 11 5 
11825500 11825613 0 0 0 66 -34 0 59 -33 69 181 93 80 79 25 20 17 10 15 35 35 45 55 16 9 10 5 
11852500 11852689 0 0 0 59 -33 0 41 -47 63 175 87 63 62 25 20 17 10 15 35 35 45 55 16 8 7 5 
11892000 11892071 0 0 0 129 46 0 122 40 128 240 81 68 71 25 20 17 10 15 35 35 45 55 16 8 9 5 
11920500 11920694 0 0 0 116 21 0 106 13 115 227 91 64 63 25 20 17 10 15 35 35 45 55 16 8 8 5 
11960500 11960646 0 0 0 22 -58 0 7 -67 15 127 74 85 90 25 20 17 10 15 35 35 45 55 16 8 11 5 
12024500 12024624 0 0 0 6 -74 0 -15 -93 6 118 77 81 84 25 20 17 10 15 35 35 45 55 16 9 8 5 
12043000 12043009 0 0 0 -3 -123 0 -5 -132 70 120 129 87 89 25 20 17 10 15 35 35 45 55 16 5 6 5 
12045000 12045000 0 13 0 -37 -119 -11 -36 -116 41 91 88 81 87 25 20 17 10 15 35 35 45 55 16 6 8 5 
12049500 12049704 0 0 0 -78 -134 0 -91 -149 -72 40 62 65 63 25 20 17 10 15 35 35 45 55 16 8 8 5 
12308500 12308544 0 0 0 -55 -98 0 -61 -103 14 64 41 57 57 25 20 17 10 15 35 35 45 55 16 7 7 5 
12315500 12315615 0 13 0 -9 -66 -3 -1 -53 71 121 41 75 79 25 20 17 10 15 35 35 45 55 16 3 6 5 
12319000 12319186 0 0 0 18 -41 0 -2 -63 12 124 58 81 79 25 20 17 10 15 35 35 45 55 16 8 10 5 
12427500 12427618 0 0 0 -1 -57 0 -16 -69 1 113 50 57 56 25 20 17 10 15 35 35 45 55 16 7 7 5 
12505500 12505555 0 0 0 -12 -74 0 -23 -86 55 105 59 59 59 25 20 17 10 15 35 35 45 55 16 7 8 5 
12585500 12585746 0 0 0 -37 -75 0 -52 -88 -41 71 36 58 57 25 20 17 10 15 35 35 45 55 16 7 7 5 
12591000 12591986 0 13 0 -14 -69 -12 -5 -68 72 122 61 71 84 25 20 17 10 15 35 35 45 55 16 2 8 5 
12601500 12601606 0 0 0 64 -14 0 59 -22 69 181 84 63 65 25 20 17 10 14 34 35 45 55 16 8 8 5 
12626000 12626103 0 0 0 20 -35 0 10 -44 20 132 57 58 61 25 20 17 10 14 34 35 45 55 16 7 7 5 
12747000 12747098 0 0 0 30 -3 0 21 -15 35 147 38 62 56 25 20 17 10 15 35 35 45 55 16 6 4 5 
12751000 12751363 0 13 0 8 -38 -2 -30 -74 38 88 44 79 87 25 20 17 10 15 35 35 45 55 16 2 9 5 
12757500 12757883 0 0 0 -21 -59 0 -28 -67 -14 98 40 76 79 25 20 17 10 15 35 35 45 55 16 8 10 5 
12870000 12870194 0 0 0 3 -64 0 -6 -74 7 119 69 62 61 25 20 17 10 15 35 35 45 55 16 8 8 5 
13007500 13007718 0 0 0 8 -50 0 -6 -67 8 120 62 62 62 25 20 17 10 15 35 35 45 55 16 8 8 5 
13035000 13035020 0 0 0 86 14 0 96 21 107 219 76 75 76 25 20 17 10 15 35 35 45 55 16 9 9 5 
13043000 13043236 0 0 0 -31 -88 0 -42 -99 -28 84 57 60 59 25 20 17 10 15 35 35 45 55 16 8 7 5 
13076000 13076048 0 0 0 -39 -79 0 -53 -93 -41 71 40 58 57 25 20 17 10 15 35 35 45 55 16 7 7 5 
13087500 13087597 0 0 0 68 10 0 53 -5 63 175 58 69 68 25 20 17 10 15 35 35 45 55 16 9 9 5 
13166500 13166632 0 0 0 4 -42 0 -7 -52 4 116 44 71 69 25 20 17 10 15 35 35 45 55 16 9 9 5 
13433500 13433506 0 0 0 16 -35 0 10 -43 85 135 53 79 78 25 20 17 10 15 35 35 45 55 16 9 9 5 
13438000 13438121 0 13 0 -54 -91 -43 -75 -108 3 53 33 98 102 25 20 17 10 15 33 35 45 55 16 9 12 5 
13445500 13445610 0 0 0 -58 -101 0 -67 -111 10 60 44 78 74 25 20 17 10 15 35 35 45 55 16 10 9 5 
13531000 13531024 0 0 0 -48 -90 0 -62 -102 15 65 39 63 63 25 20 17 10 15 35 35 45 55 16 8 8 5 
13535500 13536328 0 13 0 -20 -65 -9 -23 -72 57 107 49 76 86 25 20 17 10 15 35 35 45 55 16 5 9 5 
13541500 13541621 0 0 0 39 -25 0 28 -36 103 153 64 70 67 25 20 17 10 15 35 35 45 55 16 10 8 5 
13549500 13549522 0 0 0 7 -46 0 -4 -56 73 123 51 58 59 25 20 17 10 15 35 35 45 55 16 7 7 5 
13601500 13601727 0 0 0 6 -35 0 -5 -45 8 120 39 55 54 25 20 17 10 15 35 35 45 55 16 7 7 5 
13653000 13653087 0 0 0 4 -40 0 -12 -54 63 113 43 57 58 25 20 17 10 15 35 35 45 55 16 7 7 5 
13837500 13837749 0 0 0 23 -19 0 17 -26 27 139 46 58 58 25 20 17 10 15 35 35 45 55 16 7 7 5 
13979500 13979736 0 0 0 15 -22 0 34 -11 43 155 48 58 58 25 20 17 10 15 35 35 45 55 16 6 7 5 
14117500 14117749 0 0 0 -1 -36 0 13 -28 20 132 43 58 58 25 20 17 10 15 35 35 45 55 16 5 7 5 
14224500 14224595 0 0 0 7 -37 0 -17 -59 53 103 43 58 59 25 20 17 10 15 35 35 45 55 16 7 7 5 
14240500 14240732 0 0 0 10 -28 0 3 -37 71 121 42 58 58 25 20 17 10 15 35 35 45 55 16 7 6 5 
14247000 14247215 0 13 0 55 8 1 46 1 118 168 50 73 77 25 20 17 10 15 35 35 45 55 16 7 10 5 
14250000 14250170 0 0 0 74 25 0 64 13 137 187 54 69 66 25 20 17 10 15 35 35 45 55 16 9 8 5 
14258000 14258139 0 0 0 32 0 0 16 -16 91 141 34 57 57 25 20 17 10 15 35 35 45 55 16 7 7 5 
14306000 14306024 0 0 0 10 -17 0 21 -15 32 144 40 57 57 25 20 17 10 15 35 35 45 55 16 7 6 5 
14352500 14352741 0 0 0 11 -17 0 6 -23 79 129 31 59 58 25 20 17 10 15 35 35 45 55 16 7 7 5 
14356500 14356616 0 13 0 83 26 25 72 15 142 192 59 69 77 25 20 17 10 15 35 35 45 55 16 6 9 5 
14359000 14359032 0 0 0 88 29 0 66 11 136 186 58 68 67 25 20 17 10 15 35 35 45 55 16 8 8 5 
14364500 14364691 0 0 0 60 9 0 73 18 142 192 58 58 57 25 20 17 10 15 35 35 45 55 16 7 6 5 
14482500 14482663 0 0 0 30 -7 0 8 -24 81 131 34 57 57 25 20 17 10 15 35 35 45 55 16 7 7 5 
14487500 14487543 0 0 0 55 7 0 54 2 64 176 53 63 63 25 20 17 10 15 35 35 45 55 16 7 8 5 
14494500 14494526 0 0 0 11 -30 0 0 -43 10 122 45 72 68 25 20 17 10 15 35 35 45 55 16 10 8 5 
14549000 14549120 0 0 0 20 -35 0 10 -47 80 130 60 60 61 25 20 17 10 15 35 35 45 55 16 8 8 5 
14554000 14554388 0 13 0 72 23 7 70 22 78 190 53 71 77 25 20 17 10 15 35 35 45 55 16 6 10 5 
14557500 14557502 0 0 0 96 41 0 88 34 94 206 56 70 67 25 20 17 10 15 35 35 45 55 16 10 8 5 
14564000 14564021 0 0 0 41 -5 0 33 -13 103 153 47 59 58 25 20 17 10 15 35 35 45 55 16 7 7 5 
14619500 14619578 0 0 0 35 -7 0 26 -17 96 146 44 59 60 25 20 17 10 15 35 35 45 55 16 7 8 5 
14638000 14638086 0 0 0 30 -9 0 28 -15 98 148 45 58 60 25 20 17 10 15 35 35 45 55 16 7 7 5 
14647500 14647600 0 0 0 36 11 0 20 -3 92 142 26 58 55 25 20 17 10 15 35 35 45 55 16 7 7 5 
14811500 14811645 0 0 0 64 15 0 52 3 126 176 55 62 62 25 20 17 10 15 35 35 45 55 16 8 8 5 
14833000 14833156 0 0 0 53 11 0 42 0 115 165 46 61 61 25 20 17 10 15 35 35 45 55 16 8 8 5 
14835500 14835606 0 0 0 64 18 0 59 10 132 182 52 66 62 25 20 17 10 15 35 35 45 55 16 8 8 5 
14838000 14838207 0 13 0 29 -4 21 15 -17 80 130 36 83 87 25 20 17 10 15 35 35 45 55 16 8 11 5 
14842000 14842080 0 0 0 -80 -93 0 -89 -104 -18 32 16 93 90 25 20 17 10 15 35 35 45 55 16 12 11 5 
14850000 14850003 0 0 0 -37 -71 0 -44 -79 29 79 35 60 59 25 20 17 10 15 35 35 45 55 16 8 7 5 
14861000 14861225 0 0 0 -34 -62 0 -42 -70 33 83 30 56 56 25 20 17 10 15 35 35 45 55 16 7 7 5 
14907000 14907071 0 0 0 -48 -59 0 -51 -63 25 75 13 59 59 25 20 17 10 16 36 35 45 55 16 7 7 5 
15033500 15033732 0 0 0 -40 -60 0 -51 -71 23 73 24 59 58 25 20 17 10 15 35 35 45 55 16 7 7 5 
15181000 15181074 0 0 0 -30 -55 0 -37 -63 38 88 29 60 59 25 20 17 10 15 35 35 45 55 16 7 8 5 
15215500 15215544 0 0 0 -64 -77 0 -76 -88 -64 48 15 62 64 25 20 17 10 15 35 35 45 55 16 8 8 5 
15305500 15305633 0 0 0 -51 -71 0 -59 -79 14 64 23 60 61 25 20 17 10 15 35 35 45 55 16 7 8 5 
15519500 15519653 0 0 0 -54 -74 0 -68 -87 2 52 21 58 57 25 20 17 10 15 35 35 45 55 16 7 7 5 
15578500 15578563 0 0 0 -82 -98 0 -92 -109 -21 29 20 59 59 25 20 17 10 15 35 35 45 55 16 7 7 5 
15588000 15588079 0 13 0 -9 -36 28 -16 -43 56 106 31 74 78 25 20 17 10 15 35 35 45 55 16 8 10 5 
15593500 15593514 0 0 0 -12 -37 0 -17 -44 53 103 27 64 66 25 20 17 10 15 35 35 45 55 16 8 7 5 
15603000 15603192 0 0 0 -46 -69 0 -68 -87 6 56 23 58 58 25 20 17 10 15 35 35 45 55 16 7 7 5 
15776000 15776208 0 0 0 -40 -62 0 -37 -63 34 84 28 57 55 25 20 17 10 15 35 35 45 55 16 7 7 5 
15830500 15830632 0 0 0 -35 -69 0 -43 -78 29 79 39 60 60 25 20 17 10 15 35 35 45 55 16 7 8 5 
15844000 15844009 0 0 0 19 -11 0 25 -7 34 146 37 70 66 25 20 17 10 15 35 35 45 55 16 8 6 5 
15848500 15848586 0 13 0 -57 -69 -11 -75 -84 -3 47 12 95 103 25 20 17 10 15 33 35 45 55 16 12 13 5 
15852500 15852617 0 0 0 -103 -94 0 -116 -105 -102 10 -8 74 69 25 20 17 10 15 35 35 45 55 16 9 8 5 
15881500 15881702 0 0 0 -55 -81 0 -65 -91 -54 58 28 56 56 25 20 17 10 15 35 35 45 55 16 6 7 5 
15913000 15913181 0 0 0 -70 -89 0 -79 -100 -3 47 26 58 58 25 20 17 10 15 35 35 45 55 16 8 6 5 
16043500 16043686 0 0 0 -38 -70 0 -51 -81 21 71 29 64 64 25 20 17 10 15 35 35 45 55 16 8 7 5 
16143500 16143597 0 0 0 -55 -79 0 -66 -88 9 59 21 64 66 25 20 17 10 15 35 35 45 55 16 8 8 5 
16165500 16165584 0 0 0 -94 -108 0 -106 -117 -94 18 12 64 65 25 20 17 10 15 35 35 45 55 16 8 8 5 
16192500 16192582 0 0 0 -48 -70 0 -59 -81 -47 65 21 82 81 25 20 17 10 15 35 35 45 55 16 10 11 5 
16229000 16229147 0 0 0 -87 -86 0 -97 -96 -24 26 -1 67 67 25 20 17 10 15 35 35 45 55 16 8 8 5 
16236500 16236570 0 13 0 -58 -78 -15 -85 -96 -9 41 13 68 65 25 20 17 10 15 35 35 45 55 16 8 8 5 
16242500 16242535 0 0 0 -9 -48 0 -26 -63 -15 97 35 80 78 25 20 17 10 15 35 35 45 55 16 10 9 5 
16290000 16290046 0 0 0 9 -35 0 -8 -51 66 116 44 60 57 25 20 17 10 15 35 35 45 55 16 7 8 5 
16294000 16294164 0 13 0 32 -18 -7 20 -27 31 143 49 66 65 25 20 17 10 15 35 35 45 55 16 6 6 5 
16298000 16298134 0 0 0 70 18 0 33 -11 103 153 44 69 67 25 20 17 10 15 35 35 45 55 16 9 8 5 
16301500 16302212 0 13 0 30 -14 -4 -1 -43 68 118 43 73 73 25 20 17 10 15 35 35 45 55 16 5 8 5 
16306000 16306066 0 0 0 -13 -71 0 -7 -75 67 117 68 88 89 25 20 17 10 15 35 35 45 55 16 10 11 5 
16322500 16322591 0 0 0 -33 -78 0 -46 -89 25 75 42 105 108 25 20 17 10 15 33 35 45 55 16 13 13 5 
16328000 16328154 0 13 0 23 -50 14 15 -56 85 135 71 77 75 25 20 17 10 15 35 35 45 55 16 10 9 5 
16331500 16331587 0 0 0 36 -39 0 20 -51 90 140 71 73 74 25 20 17 10 15 35 35 45 55 16 9 8 5 
16339500 16339654 0 0 0 17 -40 0 18 -43 31 143 61 85 85 25 20 17 10 15 35 35 45 55 16 11 9 5 
16345000 16345107 0 13 0 -35 -85 -19 -41 -96 -33 79 55 76 74 25 20 17 10 15 35 35 45 55 16 9 10 5 
16348000 16348073 0 0 0 -34 -71 0 -38 -75 -28 84 38 74 77 25 20 17 10 15 35 35 45 55 16 10 9 5 
16354500 16354545 0 13 0 22 -15 6 5 -33 15 127 37 68 66 25 20 17 10 15 35 35 45 55 16 8 9 5 
16358000 16358108 0 0 0 42 -11 0 30 -23 41 153 52 77 83 25 20 17 10 15 35 35 45 55 16 8 10 5 
16363000 16363196 0 0 0 32 -21 0 32 -26 103 153 57 72 71 25 20 17 10 15 35 35 45 55 16 8 9 5 
16368000 16368431 0 13 0 14 -22 17 4 -28 69 119 34 75 82 25 20 17 10 15 35 35 45 55 16 3 6 5 
16375500 16375626 0 0 0 -57 -87 0 -27 -65 42 92 37 74 73 25 20 17 10 15 35 35 45 55 16 4 7 5 
16433500 16433689 0 0 0 -44 -72 0 -51 -80 21 71 28 56 58 25 20 17 10 15 35 35 45 55 16 7 6 5 
16641500 16641753 0 0 0 -47 -78 0 -53 -84 -40 72 30 56 56 25 20 17 10 15 35 35 45 55 16 7 7 5 
16655500 16655630 0 0 0 -16 -61 0 -26 -73 -15 97 48 62 63 25 20 17 10 15 35 35 45 55 16 8 7 5 
16715500 16715515 0 0 0 -34 -74 0 -46 -86 26 76 40 59 57 25 20 17 10 15 35 35 45 55 16 7 7 5 
16864500 16864640 0 0 0 -10 -57 0 -16 -65 56 106 47 62 64 25 20 17 10 15 35 35 45 55 16 8 8 5 
16960500 16960544 0 0 0 -24 -56 0 -32 -64 39 89 32 56 55 25 20 17 10 15 35 35 45 55 16 7 7 5 
16982000 16982000 0 0 0 -37 -64 0 -47 -74 29 79 28 56 55 25 20 17 10 15 35 35 45 55 16 7 7 5 
17096000 17096187 0 0 0 -50 -69 0 -67 -83 4 54 15 58 58 25 20 17 10 15 35 35 45 55 16 7 7 5 
17134500 17134504 0 0 0 -22 -50 0 -31 -59 43 93 27 56 57 25 20 17 10 15 35 35 45 55 16 7 7 5 
17240500 17240560 0 0 0 -44 -73 0 -56 -84 18 68 29 60 60 25 20 17 10 15 35 35 45 55 16 8 7 5 
17263000 17263818 0 0 0 -15 -44 0 -21 -51 52 102 30 65 65 25 20 17 10 15 35 35 45 55 16 4 8 5 
17311000 17311162 0 0 0 15 -45 0 9 -52 84 134 61 63 63 25 20 17 10 15 35 35 45 55 16 8 8 5 
17334000 17334437 0 0 0 12 -40 0 -2 -55 70 120 52 62 61 25 20 17 10 15 35 35 45 55 16 7 8 5 
17357000 17357012 0 0 0 -25 -72 0 -32 -82 41 91 48 63 63 25 20 17 10 15 35 35 45 55 16 8 8 5 
17427000 17427047 0 0 0 -41 -77 0 -53 -89 21 71 36 60 59 25 20 17 10 15 35 35 45 55 16 7 7 5 
17435500 17435636 0 13 0 9 -36 2 -1 -46 71 121 46 81 89 25 20 17 10 15 35 35 45 55 16 10 10 5 
17440000 17440054 0 0 0 34 -13 0 24 -21 96 146 44 71 71 25 20 17 10 15 35 35 45 55 16 9 9 5 
17449500 17449640 0 0 0 31 -38 0 20 -49 93 143 69 60 60 25 20 17 10 15 35 35 45 55 16 8 8 5 
17520000 17520133 0 0 0 19 -41 0 5 -53 76 126 57 60 59 25 20 17 10 15 35 35 45 55 16 7 7 5 
17557500 17557538 0 0 0 11 -40 0 0 -49 73 123 50 58 58 25 20 17 10 15 35 35 45 55 16 7 7 5 
17603500 17603681 0 0 0 -16 -62 0 -30 -74 -19 93 46 59 59 25 20 17 10 15 35 35 45 55 16 7 7 5 
17653000 17653158 0 0 0 -36 -72 0 -47 -82 26 76 35 57 56 25 20 17 10 15 35 35 45 55 16 7 7 5 
17844500 17844663 0 0 0 -45 -75 0 -61 -89 15 65 28 55 53 25 20 17 10 15 35 35 45 55 16 7 7 5 
17903500 17903572 0 0 0 -39 -65 0 -46 -74 29 79 27 55 55 25 20 17 10 15 35 35 45 55 16 7 7 5 
18230500 18230519 0 0 0 -43 -72 0 -50 -81 24 74 30 60 58 25 20 17 10 15 35 35 45 55 16 8 7 5 
18515500 18515610 0 0 0 -47 -79 0 -61 -91 13 63 34 61 60 25 20 17 10 14 34 35 45 55 16 8 8 5 
18554000 18554059 0 0 0 -42 -78 0 -49 -87 22 72 39 93 93 25 20 17 10 14 34 35 45 55 16 12 12 5 
18572000 18572000 0 0 0 -24 -47 0 -34 -56 39 89 22 66 66 25 20 17 10 15 35 35 45 55 16 9 5 5 
18716000 18716126 0 0 0 0 -36 0 -7 -43 65 115 37 68 71 25 20 17 10 15 35 35 45 55 16 9 8 5 
18857000 18857032 0 0 0 -5 -45 0 -9 -49 66 116 39 89 86 25 20 17 10 16 36 35 45 55 16 12 8 5 
18918500 18918662 0 0 0 -9 -50 0 -16 -61 55 105 43 80 82 25 20 17 10 15 35 35 45 55 16 10 9 5 
18993000 18993101 0 0 0 10 -21 0 1 -32 71 121 38 68 68 25 20 17 10 14 34 35 45 55 16 9 9 5 
19126000 19126070 0 0 0 81 27 0 67 13 133 183 53 65 66 25 20 17 10 14 34 35 45 55 16 8 8 5 
19146500 19146503 0 0 0 108 40 0 101 29 171 221 75 68 67 25 20 17 10 14 34 35 45 55 16 9 9 5 
19154500 19154561 0 13 0 31 -8 -10 20 -18 93 143 38 75 77 25 20 17 10 15 35 35 45 55 16 8 10 5 
19157500 19157676 0 0 0 16 -22 0 1 -36 12 124 38 78 79 25 20 17 10 15 35 35 45 55 16 10 10 5 
19279500 19279583 0 0 0 51 -13 0 39 -24 50 162 64 71 68 25 20 17 10 15 35 35 45 55 16 9 9 5 
19292500 19292577 0 0 0 56 -42 0 44 -62 117 167 108 90 92 25 20 17 10 15 35 35 45 55 16 6 11 5 
19297000 19297031 0 13 0 -6 -73 6 -8 -77 65 115 70 89 93 25 20 17 10 15 35 35 45 55 16 12 11 5 
19299500 19299635 0 0 0 -49 -84 0 -63 -93 -52 60 31 85 80 25 20 17 10 15 35 35 45 55 16 11 9 5 
19308000 19308087 0 0 0 -23 -83 0 -33 -92 -21 91 60 87 88 25 20 17 10 15 35 35 45 55 16 11 10 5 
19314500 19314500 0 13 0 58 -38 25 64 -32 137 187 96 72 70 25 20 17 10 15 35 35 45 55 16 8 9 5 
19319000 19319192 0 0 0 70 -29 0 55 -44 66 178 99 77 77 25 20 17 10 15 35 35 45 55 16 10 10 5 
19333000 19333105 0 0 0 72 -7 0 63 -15 136 186 78 76 78 25 20 17 10 15 35 35 45 55 16 10 10 5 
19336500 19336878 0 13 0 42 -22 9 30 -29 103 153 58 79 77 25 20 17 10 15 35 35 45 55 16 9 10 5 
19339000 19339042 0 0 0 6 -44 0 -5 -52 70 120 49 82 87 25 20 17 10 15 35 35 45 55 16 10 9 5 
19349000 19349054 0 0 0 54 -6 0 51 -6 124 174 58 82 80 25 20 17 10 15 35 35 45 55 16 10 10 5 
19409000 19409186 0 0 0 41 -42 0 34 -47 106 156 84 80 78 25 20 17 10 15 35 35 45 55 16 10 10 5 
19493500 19493525 0 0 0 1 -67 0 -9 -79 10 122 73 80 79 25 20 17 10 16 36 35 45 55 16 10 9 5 
19509500 19509548 0 0 0 14 -46 0 5 -50 23 135 62 76 76 25 20 17 10 16 36 35 45 55 16 10 10 5 
19531000 19531061 0 0 0 17 -83 0 4 -99 28 140 111 90 91 25 20 17 10 16 36 35 45 55 16 9 9 5 
19556000 19556124 0 0 0 -21 -120 0 -42 -137 -22 90 99 88 97 25 20 17 10 16 36 35 45 55 16 10 11 5 
19574000 19574041 0 0 0 -88 -144 0 -97 -159 -77 35 70 98 96 25 20 17 10 16 36 35 45 55 16 12 13 5 
19639000 19639052 0 0 0 -101 -177 0 -114 -194 -91 21 89 99 99 25 20 17 10 16 36 35 45 55 16 12 12 5 
19671000 19671037 0 0 0 -16 -109 0 -31 -125 -32 80 84 89 85 25 20 17 10 15 35 35 45 55 16 10 11 5 
19688500 19688606 0 0 0 -32 -105 0 -32 -104 -30 82 62 90 87 25 20 17 10 15 35 35 45 55 16 8 10 5 
19704500 19704652 0 0 0 -9 -116 0 -18 -125 -19 93 100 96 97 25 20 17 10 15 35 35 45 55 16 11 11 5 
19811500 19811660 0 0 0 -12 -94 0 -14 -106 -14 98 86 83 88 25 20 17 10 15 35 35 45 55 16 10 10 5 
19820000 19820088 0 0 0 -4 -98 0 -15 -110 -13 99 89 88 85 25 20 17 10 15 35 35 45 55 16 10 8 5 
19827500 19827605 0 13 0 92 -39 11 101 -37 96 208 130 72 68 25 20 17 10 15 35 35 45 55 16 9 6 5 
19832000 19832125 0 0 0 132 -14 0 121 -25 116 228 139 70 70 25 20 17 10 15 35 35 45 55 16 8 7 5 
19836500 19836602 0 13 0 78 -31 -4 64 -44 60 172 102 77 76 25 20 17 10 15 35 35 45 55 16 8 10 5 
19842500 19842623 0 0 0 15 -91 0 6 -104 5 117 107 88 90 25 20 17 10 15 35 35 45 55 16 10 8 5 
19862500 19862643 0 0 0 71 -61 0 40 -94 38 150 123 88 89 25 20 17 10 15 35 35 45 55 16 10 12 5 
19920000 19920179 0 0 0 50 -68 0 40 -73 39 151 107 89 85 25 20 17 10 15 35 35 45 55 16 12 11 5 
19928500 19928541 0 13 0 9 -105 11 1 -115 -2 110 104 84 91 25 20 17 10 15 35 35 45 55 16 10 11 5 
19932500 19932518 0 0 0 -26 -106 0 -55 -124 -54 58 62 79 77 25 20 17 10 15 35 35 45 55 16 9 11 5 
19938500 19938552 0 13 0 41 -77 -4 33 -92 93 143 117 88 90 25 20 17 10 15 35 35 45 55 16 11 10 5 
19941500 19941747 0 0 0 81 -39 0 81 -39 79 191 114 91 87 25 20 17 10 15 35 35 45 55 16 9 11 5 
19953000 19953007 0 0 0 137 11 0 128 2 124 236 120 69 68 25 20 17 10 15 35 35 45 55 16 9 9 5 
20003000 20003189 0 0 0 154 44 0 143 35 140 252 102 69 66 25 20 17 10 15 35 35 45 55 16 8 5 5 
20011000 20011706 0 0 0 -21 -106 0 -36 -120 -35 77 75 97 98 25 20 17 10 15 35 35 45 55 16 8 13 5 
20018000 20018033 0 0 0 125 -13 0 136 -11 131 243 137 107 108 25 20 17 10 15 33 35 45 55 16 11 12 5 
20040500 20040551 0 0 0 65 -82 0 38 -94 33 145 126 105 105 25 20 17 10 15 33 35 45 55 16 6 11 5 
20109500 20109664 0 0 0 31 -79 0 14 -95 69 119 102 76 78 25 20 17 10 15 35 35 45 55 16 9 10 5 
20190000 20190027 0 0 0 46 -76 0 37 -85 100 150 114 92 96 25 20 17 10 15 35 35 45 55 16 12 9 5 
20296000 20296046 0 0 0 27 -62 0 17 -70 90 140 87 81 77 25 20 17 10 15 35 35 45 55 16 8 8 5 
20313500 20313509 0 0 0 26 -86 0 16 -99 26 138 117 79 80 25 20 17 10 15 35 35 45 55 16 9 9 5 
20573500 20573597 0 0 0 28 -50 0 19 -65 19 131 83 76 75 25 20 17 10 15 35 35 45 55 16 10 9 5 
20766500 20766646 0 0 0 35 -49 0 33 -57 35 147 89 81 79 25 20 17 10 14 34 35 45 55 16 9 9 5 
21073000 21073177 0 0 0 25 -58 0 17 -69 18 130 79 78 77 25 20 17 10 15 35 35 45 55 16 10 10 5 
21136500 21136555 0 0 0 -7 -106 0 1 -114 12 124 116 102 99 25 20 17 10 15 35 35 45 55 16 9 13 5 
21448000 21448072 0 0 0 5 -89 0 -3 -92 -2 110 84 81 75 25 20 17 10 14 34 35 45 55 16 7 10 5 
21480000 21480150 0 0 0 56 -53 0 36 -71 36 148 102 76 76 25 20 17 10 14 34 35 45 55 16 9 10 5 
21526500 21526606 0 0 0 65 -31 0 52 -42 52 164 87 79 77 25 20 17 10 14 34 35 45 55 16 10 11 5 
21549500 21549518 0 0 0 49 -55 0 63 -42 62 174 99 80 73 25 20 17 10 14 34 35 45 55 16 10 10 5 
21581500 21581666 0 0 0 7 -84 0 -9 -97 -7 105 85 86 84 25 20 17 10 14 34 35 45 55 16 10 10 5 
147500 147553 1 2 1 -232 -319 -232 -232 -324 -232 -216 93 94 96 25 20 17 10 12 32 35 45 55 16 12 9 5 
435000 435056 1 -3 1 -50 -130 -50 -51 -132 -53 -37 82 75 75 25 20 17 10 15 35 35 45 55 16 10 9 5 
535500 535596 1 0 -1 0 0 0 0 0 0 -28 0 74 75 25 20 17 10 16 36 35 45 55 16 8 8 5 
836500 836616 1 0 0 20 -59 0 26 -57 34 41 82 73 72 25 20 17 10 15 35 35 45 55 16 9 8 5 
906500 906517 1 -1 1 -36 -115 -53 -32 -109 -33 -17 77 102 103 25 20 17 10 15 33 35 45 55 16 8 8 5 
1008500 1008580 1 2 1 -362 -394 -375 -371 -397 -372 -356 27 116 118 25 20 17 10 16 32 35 45 55 16 14 11 5 
1152500 1152530 1 -3 1 -42 -176 -49 -39 -175 -40 -24 137 88 87 25 20 17 10 16 36 35 45 55 16 9 11 5 
1794500 1794614 1 0 0 -17 -86 0 -17 -83 -19 -3 66 73 69 25 20 17 10 14 34 35 45 55 16 9 9 5 
2177000 2177120 1 0 0 -100 -159 0 -102 -161 -104 -88 61 90 92 25 20 17 10 15 35 35 45 55 16 11 11 5 
2553500 2553557 1 0 0 -71 -170 0 -66 -166 -58 -51 100 84 87 25 20 17 10 14 34 35 45 55 16 11 11 5 
2788500 2788530 1 -1 1 -133 -240 -52 -132 -245 -125 -118 113 89 90 25 20 17 10 16 36 35 45 55 16 11 11 5 
2802500 2802574 1 2 1 -201 -256 -119 -193 -253 -187 -180 59 111 109 25 20 17 10 16 34 35 45 55 16 10 12 5 
2811500 2811560 1 -3 1 -131 -209 -49 -138 -209 -129 -122 72 103 102 25 20 17 10 16 34 35 45 55 16 13 12 5 
2827500 2827685 1 -1 1 -139 -183 -56 -144 -185 -137 -130 40 102 103 25 20 17 10 16 34 35 45 55 16 10 6 5 
2903500 2903609 1 2 1 -229 -274 -142 -237 -275 -230 -223 38 108 111 25 20 17 10 16 32 35 45 55 16 13 13 5 
2944000 2944044 1 -3 1 -137 -238 -48 -136 -234 -127 -120 100 104 107 25 20 17 10 16 34 35 45 55 16 13 13 5 
2958000 2958368 1 -1 1 -142 -259 -53 -147 -253 -139 -132 107 96 96 25 20 17 10 15 35 35 45 55 16 8 10 5 
2971000 2971148 1 2 1 -191 -241 -101 -176 -236 -166 -159 60 100 96 25 20 17 10 15 35 35 45 55 16 12 8 5 
3069000 3069087 1 -3 1 -144 -206 -50 -143 -206 -135 -128 64 95 91 25 20 17 10 15 35 35 45 55 16 12 11 5 
3219500 3219594 1 -1 1 -153 -229 -52 -159 -233 -152 -145 76 89 94 25 20 17 10 14 34 35 45 55 16 12 11 5 
3253500 3253600 1 2 1 -187 -213 -85 -188 -213 -179 -172 26 76 66 25 20 17 10 14 34 35 45 55 16 9 9 5 
3277500 3277666 1 -3 1 -151 -190 -47 -144 -184 -137 -130 40 78 72 25 20 17 10 14 34 35 45 55 16 10 9 5 
3359000 3359097 1 0 0 -107 -151 0 -97 -143 -90 -83 47 78 82 25 20 17 10 15 35 35 45 55 16 8 9 5 
3361500 3361558 1 13 0 -94 -161 -8 -93 -159 -86 -79 66 82 84 25 20 17 10 15 35 35 45 55 16 8 10 5 
3366500 3366585 1 0 0 -42 -126 0 -38 -123 -29 -22 85 70 70 25 20 17 10 15 35 35 45 55 16 9 9 5 
3376500 3376552 1 0 0 -120 -172 0 -120 -172 -113 -106 50 72 70 25 20 17 10 15 35 35 45 55 16 8 10 5 
3387000 3387047 1 0 0 -149 -178 0 -138 -174 -130 -123 36 66 67 25 20 17 10 15 35 35 45 55 16 8 8 5 
3423500 3423591 1 0 0 -151 -181 0 -149 -181 -142 -135 32 66 66 25 20 17 10 15 35 35 45 55 16 8 8 5 
3524000 3524154 1 0 0 -172 -187 0 -168 -184 -159 -152 18 65 65 25 20 17 10 15 35 35 45 55 16 8 8 5 
3531500 3531630 1 0 0 -154 -184 0 -151 -186 -145 -138 34 83 85 25 20 17 10 15 35 35 45 55 16 11 10 5 
3563000 3563030 1 0 0 -147 -168 0 -142 -165 -137 -130 22 72 85 25 20 17 10 15 35 35 45 55 16 9 10 5 
3568000 3568129 1 0 0 -202 -188 0 -206 -187 -200 -193 -21 63 61 25 20 17 10 15 35 35 45 55 16 8 8 5 
3573000 3573099 1 13 0 -103 -147 16 -94 -142 -86 -79 48 82 93 25 20 17 10 15 35 35 45 55 16 7 11 5 
3575000 3575044 1 0 0 -86 -136 0 -85 -135 -78 -71 50 80 75 25 20 17 10 15 35 35 45 55 16 11 10 5 
3588500 3588649 1 0 0 -160 -186 0 -166 -191 -158 -151 24 63 63 25 20 17 10 15 35 35 45 55 16 8 8 5 
3593500 3593536 1 0 0 -109 -153 0 -104 -151 -104 -88 48 71 77 25 20 17 10 15 35 35 45 55 16 7 10 5 
3596500 3596576 1 13 0 -153 -187 7 -155 -191 -156 -140 36 68 64 25 20 17 10 15 35 35 45 55 16 9 8 5 
3600000 3600206 1 0 0 -219 -227 0 -217 -223 -210 -203 5 62 63 25 20 17 10 15 35 35 45 55 16 8 8 5 
3837000 3837121 1 0 0 -222 -202 0 -222 -202 -215 -208 -22 63 63 25 20 17 10 15 35 35 45 55 16 8 8 5 
3947000 3947197 1 0 0 -202 -186 0 -199 -183 -191 -184 -16 63 64 25 20 17 10 15 35 35 45 55 16 8 8 5 
4023500 4023543 1 0 0 -230 -212 0 -223 -206 -215 -208 -15 62 62 25 20 17 10 15 35 35 45 55 16 8 8 5 
4032500 4032528 1 0 0 -144 -156 0 -150 -158 -143 -136 7 72 68 25 20 17 10 15 35 35 45 55 16 6 9 5 
4066000 4066102 1 0 0 -151 -169 0 -156 -174 -149 -142 18 73 74 25 20 17 10 15 35 35 45 55 16 8 10 5 
4104500 4104595 1 0 0 -188 -177 0 -187 -175 -180 -173 -13 67 64 25 20 17 10 15 35 35 45 55 16 8 8 5 
4107500 4107667 1 13 0 -87 -124 38 -79 -120 -72 -65 41 81 88 25 20 17 10 15 35 35 45 55 16 8 11 5 
4110500 4110588 1 0 0 -61 -109 0 -58 -109 -51 -44 51 86 87 25 20 17 10 15 35 35 45 55 16 10 10 5 
4116500 4116555 1 0 0 -100 -116 0 -95 -113 -87 -80 19 81 75 25 20 17 10 15 35 35 45 55 16 11 10 5 
4140000 4140033 1 0 0 -89 -136 0 -88 -135 -81 -74 47 84 85 25 20 17 10 15 35 35 45 55 16 11 11 5 
4185500 4185630 1 0 0 -127 -139 0 -138 -143 -130 -123 5 73 72 25 20 17 10 15 35 35 45 55 16 9 9 5 
4241000 4241145 1 0 0 -100 -123 0 -101 -123 -93 -86 22 72 72 25 20 17 10 14 34 35 45 55 16 9 9 5 
4337500 4337578 1 -1 1 -151 -258 -52 -151 -259 -143 -136 109 80 66 25 20 17 10 16 36 35 45 55 16 10 9 5 
4342000 4342094 1 2 1 -210 -304 -111 -216 -309 -207 -200 95 90 91 25 20 17 10 16 36 35 45 55 16 11 11 5 
4393500 4393636 1 -3 1 -148 -196 -50 -140 -182 -133 -126 42 82 70 25 20 17 10 15 35 35 45 55 16 10 9 5 
4462000 4462156 1 -1 1 -150 -210 -52 -153 -211 -146 -139 58 92 94 25 20 17 10 15 35 35 45 55 16 12 10 5 
4495000 4495134 1 2 1 -185 -225 -88 -189 -225 -181 -174 35 90 93 25 20 17 10 15 35 35 45 55 16 12 12 5 
4518000 4518116 1 -3 1 -146 -225 -49 -142 -224 -134 -127 83 92 96 25 20 17 10 15 35 35 45 55 16 9 11 5 
4714500 4714648 1 0 0 -95 -155 0 -96 -158 -90 -83 62 81 81 25 20 17 10 15 35 35 45 55 16 10 10 5 
4723500 4723509 1 0 0 -83 -149 0 -79 -147 -81 -65 67 84 79 25 20 17 10 15 35 35 45 55 16 10 10 5 
4727500 4727531 1 13 0 -118 -173 1 -115 -169 -117 -101 54 95 99 25 20 17 10 15 35 35 45 55 16 12 13 5 
4730500 4730658 1 0 0 -151 -203 0 -163 -210 -165 -149 47 96 95 25 20 17 10 15 35 35 45 55 16 12 11 5 
4734000 4734053 1 13 0 -118 -168 -6 -121 -171 -123 -107 50 88 93 25 20 17 10 15 35 35 45 55 16 11 10 5 
4737000 4737210 1 0 0 -78 -135 0 -69 -129 -71 -55 59 86 94 25 20 17 10 15 35 35 45 55 16 9 10 5 
4749500 4749569 1 0 0 -85 -147 0 -83 -145 -76 -69 62 90 87 25 20 17 10 15 35 35 45 55 16 11 11 5 
4773500 4773698 1 0 0 -100 -143 0 -88 -133 -82 -75 45 64 66 25 20 17 10 15 35 35 45 55 16 8 8 5 
4801000 4801154 1 0 0 -108 -127 0 -111 -126 -104 -97 14 75 75 25 20 17 10 15 35 35 45 55 16 10 9 5 
4924500 4924704 1 0 0 -75 -114 0 -74 -112 -67 -60 38 73 70 25 20 17 10 15 35 35 45 55 16 9 10 5 
5054000 5054145 1 0 0 -64 -102 0 -59 -96 -51 -44 38 74 75 25 20 17 10 15 35 35 45 55 16 9 10 5 
5081000 5081165 1 0 0 -62 -115 0 -63 -115 -57 -50 52 76 68 25 20 17 10 15 35 35 45 55 16 8 6 5 
5092000 5092198 1 0 0 -22 -83 0 -19 -78 -13 -6 58 71 70 25 20 17 10 15 35 35 45 55 16 9 9 5 
5103500 5103523 1 0 0 -32 -94 0 -36 -97 -29 -22 60 71 73 25 20 17 10 15 35 35 45 55 16 9 9 5 
5118500 5118587 1 0 0 -32 -111 0 -29 -111 -21 -14 82 70 70 25 20 17 10 15 35 35 45 55 16 8 9 5 
5210000 5210041 1 0 0 -58 -110 0 -59 -113 -50 -43 54 72 72 25 20 17 10 15 35 35 45 55 16 9 8 5 
5253500 5253670 1 0 0 -62 -111 0 -60 -108 -54 -47 48 69 66 25 20 17 10 15 35 35 45 55 16 8 9 5 
5279000 5279156 1 0 0 -102 -139 0 -108 -142 -99 -92 34 67 66 25 20 17 10 14 34 35 45 55 16 8 8 5 
5334500 5334578 1 0 0 -50 -93 0 -51 -98 -45 -38 45 70 70 25 20 17 10 14 34 35 45 55 16 9 9 5 
5342000 5342154 1 0 0 -109 -146 0 -110 -147 -111 -95 37 92 93 25 20 17 10 14 34 35 45 55 16 12 12 5 
5353500 5353650 1 0 0 -100 -167 0 -101 -167 -102 -86 65 95 89 25 20 17 10 15 35 35 45 55 16 11 12 5 
5358000 5358121 1 13 0 -68 -143 -20 -64 -139 -65 -49 76 91 93 25 20 17 10 15 35 35 45 55 16 12 11 5 
5363000 5363084 1 0 0 9 -114 0 11 -114 10 26 125 76 72 25 20 17 10 15 35 35 45 55 16 6 7 5 
5367000 5367124 1 13 0 -71 -151 -42 -76 -151 -78 -62 74 84 95 25 20 17 10 15 35 35 45 55 16 3 10 5 
5371000 5371005 1 0 0 -66 -150 0 -67 -151 -68 -52 85 89 86 25 20 17 10 15 35 35 45 55 16 11 12 5 
5380000 5380115 1 0 0 -36 -147 0 -37 -144 -38 -22 107 85 91 25 20 17 10 16 36 35 45 55 16 12 7 5 
5397000 5397002 1 0 0 -48 -127 0 -53 -129 -55 -39 77 78 77 25 20 17 10 16 36 35 45 55 16 9 8 5 
5403500 5403642 1 13 0 -68 -136 21 -69 -140 -71 -55 70 79 85 25 20 17 10 15 35 35 45 55 16 10 9 5 
5411000 5411012 1 0 0 -137 -156 0 -143 -162 -145 -129 19 63 61 25 20 17 10 15 35 35 45 55 16 8 8 5 
5456500 5456679 1 0 0 -6 -145 0 2 -137 0 16 140 78 67 25 20 17 10 19 39 35 45 55 16 10 7 5 
5472000 5472095 1 0 0 -71 -161 0 -70 -161 -73 -57 90 76 83 25 20 17 10 18 38 35 45 55 16 9 9 5 
5497500 5497545 1 0 0 -90 -177 0 -86 -172 -87 -71 85 87 95 25 20 17 10 18 38 35 45 55 16 9 12 5 
5543500 5543674 1 0 0 -74 -159 0 -68 -155 -70 -54 86 86 81 25 20 17 10 17 37 35 45 55 16 10 10 5 
5570500 5570528 1 0 0 -55 -169 0 -53 -165 -46 -39 112 84 94 25 20 17 10 17 37 35 45 55 16 9 8 5 
5610000 5610017 1 0 0 -135 -216 0 -136 -216 -138 -122 81 89 94 25 20 17 10 16 36 35 45 55 16 10 11 5 
5624000 5624079 1 0 0 -100 -213 0 -91 -209 -91 -75 119 95 92 25 20 17 10 16 36 35 45 55 16 12 7 5 
5644500 5644542 1 0 0 -83 -188 0 -79 -181 -82 -66 103 83 83 25 20 17 10 16 36 35 45 55 16 9 9 5 
5694000 5694043 1 0 0 -115 -191 0 -117 -191 -117 -101 74 84 95 25 20 17 10 15 35 35 45 55 16 8 7 5 
5700000 5700062 1 0 0 -101 -159 0 -103 -158 -103 -87 57 87 90 25 20 17 10 15 35 35 45 55 16 9 10 5 
5713000 5713058 1 0 0 -67 -143 0 -60 -134 -62 -46 74 83 84 25 20 17 10 15 35 35 45 55 16 9 8 5 
5721000 5721180 1 0 0 -79 -148 0 -85 -152 -86 -70 67 82 74 25 20 17 10 15 35 35 45 55 16 9 7 5 
5746000 5746018 1 0 0 -82 -174 0 -78 -170 -71 -64 92 73 84 25 20 17 10 15 35 35 45 55 16 9 9 5 
5779500 5779603 1 0 0 -69 -155 0 -74 -158 -68 -61 83 70 66 25 20 17 10 15 35 35 45 55 16 7 6 5 
5873000 5873101 1 -1 1 -121 -179 -57 -126 -178 -129 -113 53 88 91 25 20 17 10 14 34 35 45 55 16 11 11 5 
5895500 5895642 1 2 1 -203 -267 -141 -209 -275 -212 -196 63 89 90 25 20 17 10 14 34 35 45 55 16 10 11 5 
5981500 5981617 1 -3 1 -104 -196 -45 -98 -195 -99 -83 99 88 90 25 20 17 10 14 34 35 45 55 16 8 11 5 
6102000 6102149 1 0 0 -52 -137 0 -48 -136 -41 -34 88 83 84 25 20 17 10 14 34 35 45 55 16 9 10 5 
6243000 6243035 1 0 0 -4 -95 0 -7 -91 -2 5 83 78 77 25 20 17 10 15 35 35 45 55 16 10 8 5 
6881000 6881185 1 0 0 1 -100 0 3 -102 10 17 104 80 80 25 20 17 10 16 36 35 45 55 16 9 10 5 
7287000 7287112 1 0 0 1 -88 0 0 -92 6 13 91 75 73 25 20 17 10 15 35 35 45 55 16 10 9 5 
7317000 7317003 1 0 0 0 -86 0 2 -84 8 15 85 73 75 25 20 17 10 15 35 35 45 55 16 5 9 5 
7342500 7342633 1 -1 1 -56 -124 -56 -58 -125 -50 -43 67 85 88 25 20 17 10 14 34 35 45 55 16 9 10 5 
7399000 7399055 1 2 1 -216 -290 -219 -211 -286 -205 -198 74 110 109 25 20 17 10 15 33 35 45 55 16 13 14 5 
7513500 7513682 1 -3 1 -39 -114 -46 -35 -110 -29 -22 76 68 68 25 20 17 10 15 35 35 45 55 16 9 8 5 
7596500 7596607 1 0 0 10 -64 0 17 -57 25 32 75 68 66 25 20 17 10 15 35 35 45 55 16 8 8 5 
7914500 7914664 1 0 0 -20 -99 0 -24 -99 -17 -10 75 86 89 25 20 17 10 15 35 35 45 55 16 11 10 5 
7961000 7961054 1 0 0 -19 -88 0 -7 -74 0 7 67 80 79 25 20 17 10 15 35 35 45 55 16 9 11 5 
7997000 7997111 1 0 0 -39 -114 0 -46 -118 -39 -32 71 82 76 25 20 17 10 15 35 35 45 55 16 11 8 5 
8296000 8296018 1 0 0 -83 -153 0 -81 -150 -73 -66 69 82 87 25 20 17 10 15 35 35 45 55 16 10 9 5 
8543500 8543788 1 0 0 -106 -179 0 -108 -181 -101 -94 73 87 84 25 20 17 10 15 35 35 45 55 16 9 11 5 
9108500 9108559 1 0 0 -90 -175 0 -92 -178 -94 -78 85 87 86 25 20 17 10 15 35 35 45 55 16 11 11 5 
9394000 9394045 1 0 0 -72 -159 0 -74 -159 -68 -61 85 81 72 25 20 17 10 15 35 35 45 55 16 10 10 5 
9491500 9491592 1 -1 1 -128 -219 -51 -140 -225 -133 -126 85 102 105 25 20 17 10 15 33 35 45 55 16 11 12 5 
9539500 9539527 1 2 1 -214 -309 -135 -223 -317 -216 -209 94 90 92 25 20 17 10 15 35 35 45 55 16 12 7 5 
9626500 9626608 1 -3 1 -129 -206 -45 -122 -196 -116 -109 74 85 82 25 20 17 10 15 35 35 45 55 16 5 11 5 
9937500 9937600 1 0 0 -100 -139 0 -99 -140 -93 -86 41 73 71 25 20 17 10 15 35 35 45 55 16 9 8 5 
10233500 10233577 1 0 0 -101 -151 0 -92 -144 -84 -77 54 69 72 25 20 17 10 15 35 35 45 55 16 8 9 5 
10242000 10242040 1 0 0 -104 -148 0 -101 -146 -101 -85 46 67 68 25 20 17 10 15 35 35 45 55 16 8 8 5 
10268500 10268664 1 0 0 -97 -155 0 -95 -153 -89 -82 57 68 70 25 20 17 10 15 35 35 45 55 16 9 8 5 
10308000 10308025 1 0 0 -100 -144 0 -95 -145 -87 -80 51 75 74 25 20 17 10 15 35 35 45 55 16 9 9 5 
10409000 10409059 1 0 0 -109 -134 0 -110 -131 -102 -95 21 73 79 25 20 17 10 15 35 35 45 55 16 9 10 5 
10485000 10485142 1 0 0 -103 -150 0 -99 -147 -102 -86 47 67 71 25 20 17 10 15 35 35 45 55 16 7 9 5 
10543000 10543148 1 0 0 -121 -154 0 -123 -155 -116 -109 32 67 67 25 20 17 10 15 35 35 45 55 16 7 9 5 
10720000 10720057 1 0 0 -82 -122 0 -77 -116 -70 -63 39 71 69 25 20 17 10 15 35 35 45 55 16 9 9 5 
10874000 10874288 1 0 0 -83 -140 0 -80 -137 -71 -64 60 68 69 25 20 17 10 15 35 35 45 55 16 8 9 5 
11058500 11058665 1 0 0 -91 -133 0 -89 -133 -82 -75 45 76 72 25 20 17 10 15 35 35 45 55 16 9 7 5 
11114500 11114703 1 0 0 -93 -131 0 -93 -131 -85 -78 38 68 69 25 20 17 10 15 35 35 45 55 16 9 8 5 
11122500 11122582 1 0 0 -63 -148 0 -61 -148 -53 -46 89 77 80 25 20 17 10 15 35 35 45 55 16 7 9 5 
11136500 11136586 1 0 0 -77 -120 0 -81 -121 -73 -66 41 73 73 25 20 17 10 15 35 35 45 55 16 9 9 5 
11240500 11240652 1 0 0 -70 -104 0 -70 -101 -63 -56 32 68 66 25 20 17 10 15 35 35 45 55 16 8 8 5 
11351500 11351581 1 0 0 -78 -103 0 -83 -107 -76 -69 24 67 67 25 20 17 10 15 35 35 45 55 16 8 8 5 
11405000 11405175 1 -1 1 -131 -159 -58 -140 -166 -142 -126 26 61 61 25 20 17 10 15 35 35 45 55 16 8 7 5 
11413500 11413647 1 2 1 -193 -199 -120 -195 -201 -197 -181 6 61 59 25 20 17 10 15 35 35 45 55 16 7 8 5 
11417500 11417502 1 -3 1 -120 -148 -48 -114 -142 -115 -99 28 63 66 25 20 17 10 15 35 35 45 55 16 8 8 5 
11531000 11531117 1 0 0 -63 -91 0 -62 -85 -63 -47 24 71 70 25 20 17 10 15 35 35 45 55 16 9 8 5 
11634500 11634538 1 -1 1 -107 -163 -50 -107 -163 -108 -92 54 56 56 25 20 17 10 15 35 35 45 55 16 7 7 5 
11678000 11678006 1 2 1 -194 -206 -140 -204 -212 -206 -190 8 60 59 25 20 17 10 15 35 35 45 55 16 7 8 5 
11801500 11801604 1 -3 1 -94 -127 -47 -83 -120 -85 -69 38 76 81 25 20 17 10 15 35 35 45 55 16 7 10 5 
11830000 11830128 1 0 0 -45 -89 0 -39 -88 -31 -24 49 79 85 25 20 17 10 15 35 35 45 55 16 8 9 5 
11893500 11893610 1 0 0 -43 -92 0 -35 -89 -26 -19 55 67 66 25 20 17 10 15 35 35 45 55 16 9 7 5 
11906500 11906689 1 0 0 -43 -101 0 -40 -98 -33 -26 59 67 70 25 20 17 10 15 35 35 45 55 16 8 8 5 
12018500 12018993 1 -1 1 -103 -166 -50 -118 -172 -119 -103 55 84 87 25 20 17 10 15 35 35 45 55 16 3 7 5 
12109500 12109506 1 2 1 -228 -234 -168 -245 -246 -245 -229 0 58 58 25 20 17 10 15 35 35 45 55 16 7 7 5 
12252000 12252233 1 -3 1 -121 -131 -49 -117 -126 -119 -103 9 58 56 25 20 17 10 15 35 35 45 55 16 7 6 5 
12260000 12260192 1 -1 1 -123 -146 -51 -124 -147 -125 -109 23 56 55 25 20 17 10 15 35 35 45 55 16 7 7 5 
12295500 12295531 1 2 1 -205 -168 -130 -216 -175 -217 -201 -41 59 60 25 20 17 10 15 35 35 45 55 16 7 6 5 
12313500 12314134 1 -3 1 -124 -122 -47 -122 -122 -124 -108 -1 67 65 25 20 17 10 15 35 35 45 55 16 6 4 5 
12443500 12443694 1 0 0 -88 -109 0 -84 -108 -77 -70 22 56 56 25 20 17 10 15 35 35 45 55 16 6 7 5 
12596500 12596589 1 -1 1 -154 -160 -62 -156 -160 -159 -143 4 71 66 25 20 17 10 15 35 35 45 55 16 10 8 5 
12599000 12599214 1 2 1 -210 -195 -119 -224 -199 -226 -210 -26 63 59 25 20 17 10 14 34 35 45 55 16 8 8 5 
12626500 12626603 1 -3 1 -142 -154 -50 -144 -156 -145 -129 13 58 59 25 20 17 10 14 34 35 45 55 16 7 7 5 
12645000 12645200 1 -1 1 -143 -153 -51 -143 -154 -145 -129 10 57 57 25 20 17 10 14 34 35 45 55 16 7 7 5 
12651500 12651742 1 2 1 -231 -217 -139 -242 -222 -244 -228 -19 61 60 25 20 17 10 14 34 35 45 55 16 8 8 5 
12671500 12671662 1 -3 1 -138 -144 -45 -134 -141 -137 -121 6 57 58 25 20 17 10 15 35 35 45 55 16 7 6 5 
12681500 12681517 1 -1 1 -145 -168 -52 -140 -164 -140 -124 23 56 55 25 20 17 10 15 35 35 45 55 16 7 7 5 
12721500 12721517 1 2 1 -179 -202 -85 -174 -197 -176 -160 24 54 55 25 20 17 10 15 35 35 45 55 16 7 7 5 
12736000 12736161 1 -3 1 -139 -167 -45 -141 -170 -141 -125 30 60 56 25 20 17 10 15 35 35 45 55 16 7 7 5 
13069500 13069585 1 0 0 -101 -108 0 -98 -102 -89 -82 5 58 59 25 20 17 10 15 35 35 45 55 16 7 7 5 
13261500 13261668 1 -1 1 -151 -140 -52 -148 -138 -150 -134 -10 76 77 25 20 17 10 15 35 35 45 55 16 10 10 5 
13276000 13276085 1 2 1 -272 -255 -173 -275 -259 -279 -263 -17 72 67 25 20 17 10 15 35 35 45 55 16 9 8 5 
13285500 13285669 1 -3 1 -145 -166 -45 -143 -164 -143 -127 21 60 62 25 20 17 10 15 35 35 45 55 16 8 7 5 
13437500 13437514 1 -1 1 -161 -150 -63 -163 -153 -165 -149 -10 96 98 25 20 17 10 15 35 35 45 55 16 6 12 5 
13442000 13442033 1 2 1 -264 -254 -166 -265 -257 -266 -250 -8 91 91 25 20 17 10 15 35 35 45 55 16 11 11 5 
13446000 13446017 1 -3 1 -136 -156 -39 -126 -142 -127 -111 16 77 74 25 20 17 10 15 35 35 45 55 16 10 9 5 
13483000 13483102 1 -1 1 -147 -150 -50 -145 -146 -146 -130 0 66 62 25 20 17 10 15 35 35 45 55 16 8 8 5 
13504000 13504156 1 2 1 -225 -219 -128 -225 -220 -227 -211 -5 60 60 25 20 17 10 15 35 35 45 55 16 7 8 5 
13533500 13533647 1 -3 1 -142 -137 -45 -144 -138 -144 -128 -6 68 64 25 20 17 10 15 35 35 45 55 16 8 7 5 
13651000 13651248 1 0 0 -96 -123 0 -97 -123 -90 -83 24 57 56 25 20 17 10 15 35 35 45 55 16 7 7 5 
13844000 13844328 1 0 0 -85 -96 0 -91 -97 -93 -77 7 57 59 25 20 17 10 15 35 35 45 55 16 6 7 5 
13983500 13983658 1 0 0 -79 -88 0 -81 -88 -82 -66 7 57 57 25 20 17 10 15 35 35 45 55 16 7 7 5 
14120500 14120861 1 0 0 -82 -89 0 -88 -92 -91 -75 3 58 58 25 20 17 10 15 35 35 45 55 16 6 7 5 
14223500 14223576 1 0 0 -106 -110 0 -108 -109 -109 -93 1 58 59 25 20 17 10 15 35 35 45 55 16 7 7 5 
14241000 14241507 1 0 0 -105 -110 0 -114 -116 -116 -100 1 58 58 25 20 17 10 15 35 35 45 55 16 6 7 5 
14246000 14246176 1 13 0 -48 -65 0 -39 -60 -39 -23 22 69 68 25 20 17 10 15 35 35 45 55 16 8 8 5 
14249500 14249527 1 0 0 -7 -41 0 -1 -39 -1 15 39 71 72 25 20 17 10 15 35 35 45 55 16 10 8 5 
14257500 14257620 1 0 0 -43 -63 0 -41 -60 -42 -26 19 58 58 25 20 17 10 15 35 35 45 55 16 7 7 5 
14313500 14313587 1 0 0 -54 -74 0 -57 -76 -60 -44 18 57 57 25 20 17 10 15 35 35 45 55 16 7 7 5 
14349500 14349617 1 0 0 -55 -77 0 -61 -82 -63 -47 21 57 57 25 20 17 10 15 35 35 45 55 16 6 7 5 
14367000 14367081 1 0 0 -97 -109 0 -93 -107 -94 -78 14 56 55 25 20 17 10 15 35 35 45 55 16 6 7 5 
14481500 14481606 1 0 0 -99 -109 0 -97 -107 -99 -83 9 57 56 25 20 17 10 15 35 35 45 55 16 7 7 5 
14498500 14498545 1 0 0 -95 -86 0 -99 -87 -101 -85 -12 62 66 25 20 17 10 15 35 35 45 55 16 7 8 5 
14568000 14568074 1 0 0 -90 -98 0 -93 -101 -95 -79 7 60 60 25 20 17 10 15 35 35 45 55 16 7 8 5 
14623000 14623131 1 0 0 -94 -99 0 -92 -98 -93 -77 6 58 57 25 20 17 10 15 35 35 45 55 16 7 7 5 
14638000 14638086 1 0 0 -82 -93 0 -81 -92 -83 -67 11 58 60 25 20 17 10 15 35 35 45 55 16 7 7 5 
14643000 14643108 1 13 0 -30 -58 23 -23 -55 -23 -7 31 64 66 25 20 17 10 15 35 35 45 55 16 8 9 5 
14647500 14647600 1 0 0 -26 -56 0 -37 -61 -36 -20 24 58 55 25 20 17 10 15 35 35 45 55 16 7 7 5 
14812500 14812613 1 0 0 -50 -84 0 -47 -81 -49 -33 34 62 61 25 20 17 10 15 35 35 45 55 16 8 8 5 
14833000 14833156 1 0 0 -58 -92 0 -57 -92 -60 -44 35 61 61 25 20 17 10 15 35 35 45 55 16 8 8 5 
14839500 14839636 1 13 0 -162 -156 -77 -185 -174 -186 -170 -12 95 102 25 20 17 10 15 33 35 45 55 16 10 13 5 
14850000 14850003 1 0 0 -130 -142 0 -138 -148 -131 -124 9 60 59 25 20 17 10 15 35 35 45 55 16 8 7 5 
14863000 14863081 1 0 0 -73 -107 0 -74 -108 -75 -59 34 57 57 25 20 17 10 15 35 35 45 55 16 7 7 5 
14908000 14908096 1 0 0 -100 -123 0 -98 -124 -98 -82 27 59 58 25 20 17 10 16 36 35 45 55 16 7 7 5 
15031500 15031709 1 0 0 -103 -126 0 -104 -125 -97 -90 21 59 60 25 20 17 10 16 36 35 45 55 16 7 7 5 
15183500 15183560 1 0 0 -96 -104 0 -95 -103 -95 -79 10 60 60 25 20 17 10 15 35 35 45 55 16 8 7 5 
15215500 15215544 1 0 0 -95 -104 0 -92 -105 -84 -77 12 62 64 25 20 17 10 15 35 35 45 55 16 8 8 5 
15304500 15304634 1 0 0 -89 -93 0 -86 -87 -87 -71 2 60 59 25 20 17 10 15 35 35 45 55 16 7 8 5 
15517500 15517580 1 0 0 -106 -96 0 -104 -96 -106 -90 -9 58 59 25 20 17 10 15 35 35 45 55 16 7 7 5 
15583000 15583152 1 0 0 -103 -96 0 -104 -98 -106 -90 -5 60 59 25 20 17 10 15 35 35 45 55 16 6 7 5 
15588000 15588079 1 13 0 -50 -68 -3 -52 -73 -53 -37 21 74 78 25 20 17 10 15 35 35 45 55 16 8 10 5 
15592500 15592591 1 0 0 2 -16 0 15 -10 12 28 23 66 64 25 20 17 10 15 35 35 45 55 16 8 8 5 
15599000 15599002 1 0 0 -44 -58 0 -36 -47 -39 -23 9 57 57 25 20 17 10 15 35 35 45 55 16 7 7 5 
15773500 15773624 1 0 0 -55 -64 0 -49 -60 -41 -34 11 57 60 25 20 17 10 15 35 35 45 55 16 7 7 5 
15788500 15788542 1 0 0 -89 -81 0 -89 -81 -81 -74 -8 61 61 25 20 17 10 15 35 35 45 55 16 8 8 5 
15833000 15833083 1 0 0 -86 -86 0 -93 -91 -96 -80 -2 63 63 25 20 17 10 15 35 35 45 55 16 8 8 5 
15843000 15843103 1 0 0 30 0 0 34 5 42 49 30 68 67 25 20 17 10 15 35 35 45 55 16 8 8 5 
15847500 15847529 1 13 0 -59 -66 -17 -76 -76 -77 -61 0 91 94 25 20 17 10 15 35 35 45 55 16 7 13 5 
15854000 15854197 1 0 0 -146 -122 0 -144 -122 -144 -128 -20 66 64 25 20 17 10 15 35 35 45 55 16 8 8 5 
15884500 15884635 1 0 0 -50 -66 0 -57 -74 -49 -42 17 56 57 25 20 17 10 15 35 35 45 55 16 7 7 5 
15916000 15916135 1 0 0 -86 -89 0 -97 -96 -97 -81 0 56 54 25 20 17 10 15 35 35 45 55 16 6 7 5 
16046000 16046059 1 0 0 -102 -94 0 -102 -93 -103 -87 -9 64 64 25 20 17 10 15 35 35 45 55 16 7 8 5 
16119500 16119716 1 0 0 -102 -94 0 -106 -98 -99 -92 -8 60 60 25 20 17 10 15 35 35 45 55 16 7 8 5 
16152000 16152104 1 -1 1 -144 -149 -54 -161 -158 -163 -147 -2 98 105 25 20 17 10 15 33 35 45 55 16 6 14 5 
16155500 16155509 1 2 1 -258 -236 -168 -273 -245 -276 -260 -29 102 103 25 20 17 10 15 33 35 45 55 16 11 10 5 
16161000 16161032 1 -3 1 -125 -147 -38 -120 -144 -120 -104 25 78 73 25 20 17 10 15 35 35 45 55 16 10 9 5 
16228000 16228019 1 0 0 -64 -78 0 -70 -82 -62 -55 13 66 67 25 20 17 10 15 35 35 45 55 16 8 8 5 
16241500 16241634 1 0 0 -66 -97 0 -56 -93 -58 -42 37 82 90 25 20 17 10 15 35 35 45 55 16 8 10 5 
16298500 16298579 1 0 0 -47 -87 0 -46 -87 -46 -30 41 69 67 25 20 17 10 15 35 35 45 55 16 9 7 5 
16302000 16302212 1 13 0 -57 -93 21 -45 -86 -47 -31 41 75 73 25 20 17 10 15 35 35 45 55 16 5 8 5 
16307500 16307546 1 0 0 -128 -143 0 -136 -149 -138 -122 11 89 91 25 20 17 10 15 35 35 45 55 16 10 9 5 
16323000 16323008 1 0 0 -93 -184 0 -97 -188 -99 -83 92 104 108 25 20 17 10 15 33 35 45 55 16 14 12 5 
16328500 16328550 1 13 0 14 -91 23 20 -84 19 35 104 76 75 25 20 17 10 15 35 35 45 55 16 10 9 5 
16332000 16332198 1 0 0 44 -77 0 47 -75 46 62 123 73 74 25 20 17 10 15 35 35 45 55 16 9 8 5 
16335000 16335082 1 13 0 2 -102 -1 1 -103 0 16 104 79 75 25 20 17 10 15 35 35 45 55 16 8 11 5 
16338500 16338616 1 0 0 -44 -118 0 -40 -113 -41 -25 73 86 88 25 20 17 10 15 35 35 45 55 16 11 10 5 
16363000 16363196 1 0 0 -33 -104 0 -26 -98 -28 -12 72 72 71 25 20 17 10 15 35 35 45 55 16 8 9 5 
16368500 16369344 1 13 0 -84 -116 -3 -106 -132 -108 -92 25 75 81 25 20 17 10 15 35 35 45 55 16 2 9 5 
16371000 16371312 1 0 0 -104 -124 0 -98 -118 -100 -84 20 77 73 25 20 17 10 15 35 35 45 55 16 9 6 5 
16382000 16382061 1 0 0 -166 -165 0 -173 -168 -174 -158 -4 63 63 25 20 17 10 15 35 35 45 55 16 8 8 5 
16434500 16434748 1 0 0 -104 -131 0 -108 -134 -100 -93 26 56 56 25 20 17 10 15 35 35 45 55 16 7 6 5 
16641500 16641753 1 0 0 -86 -117 0 -90 -122 -82 -75 31 56 56 25 20 17 10 15 35 35 45 55 16 7 7 5 
16653500 16653511 1 0 0 -115 -116 0 -108 -117 -110 -94 9 62 62 25 20 17 10 15 35 35 45 55 16 6 8 5 
16714500 16714753 1 0 0 -77 -90 0 -70 -84 -70 -54 16 58 59 25 20 17 10 15 35 35 45 55 16 7 7 5 
16868500 16868525 1 0 0 -85 -85 0 -84 -84 -84 -68 1 60 60 25 20 17 10 15 35 35 45 55 16 8 7 5 
16957500 16957617 1 0 0 -58 -76 0 -51 -73 -51 -35 22 56 57 25 20 17 10 15 35 35 45 55 16 5 7 5 
16985500 16985709 1 0 0 -81 -101 0 -80 -101 -81 -65 21 56 54 25 20 17 10 15 35 35 45 55 16 7 7 5 
17098000 17098002 1 0 0 -49 -68 0 -52 -72 -54 -38 19 57 57 25 20 17 10 15 35 35 45 55 16 7 7 5 
17134500 17134504 1 0 0 -49 -72 0 -49 -74 -50 -34 25 56 57 25 20 17 10 15 35 35 45 55 16 7 7 5 
17239500 17239551 1 0 0 -76 -77 0 -75 -76 -78 -62 0 60 59 25 20 17 10 15 35 35 45 55 16 8 7 5 
17256500 17256870 1 0 0 -33 -56 0 -33 -56 -34 -18 24 74 81 25 20 17 10 15 35 35 45 55 16 6 10 5 
17313000 17313087 1 0 0 -67 -70 0 -63 -63 -63 -47 1 62 61 25 20 17 10 15 35 35 45 55 16 8 8 5 
17333000 17333230 1 0 0 -68 -67 0 -66 -62 -67 -51 -3 62 62 25 20 17 10 15 35 35 45 55 16 8 7 5 
17349500 17349620 1 0 0 47 7 0 48 8 48 64 41 68 69 25 20 17 10 15 35 35 45 55 16 9 9 5 
17361500 17361653 1 0 0 -90 -87 0 -88 -87 -90 -74 -1 60 60 25 20 17 10 15 35 35 45 55 16 8 8 5 
17428000 17428049 1 0 0 -94 -94 0 -94 -94 -87 -80 -1 60 61 25 20 17 10 15 35 35 45 55 16 7 7 5 
17435500 17435636 1 13 0 -20 -50 -6 -23 -55 -26 -10 31 81 89 25 20 17 10 15 35 35 45 55 16 10 10 5 
17440000 17440054 1 0 0 33 -7 0 45 6 45 61 40 71 71 25 20 17 10 15 35 35 45 55 16 9 9 5 
17446500 17446687 1 0 0 -45 -86 0 -38 -78 -40 -24 41 61 61 25 20 17 10 15 35 35 45 55 16 8 8 5 
17523500 17523633 1 0 0 -45 -67 0 -45 -67 -47 -31 22 60 60 25 20 17 10 15 35 35 45 55 16 8 8 5 
17558500 17558586 1 0 0 -27 -52 0 -25 -50 -29 -13 24 58 57 25 20 17 10 15 35 35 45 55 16 7 7 5 
17603500 17603681 1 0 0 -27 -52 0 -25 -49 -25 -9 26 59 59 25 20 17 10 15 35 35 45 55 16 7 7 5 
17653000 17653158 1 0 0 -7 -31 0 -9 -31 -11 5 21 57 56 25 20 17 10 15 35 35 45 55 16 7 7 5 
17844500 17844663 1 0 0 -28 -57 0 -22 -53 -13 -6 31 55 53 25 20 17 10 15 35 35 45 55 16 7 7 5 
17860500 17860501 1 -1 1 -85 -89 -51 -95 -95 -96 -80 1 90 92 25 20 17 10 15 35 35 45 55 16 6 10 5 
17865000 17865107 1 2 1 -252 -213 -216 -279 -233 -279 -263 -43 87 88 25 20 17 10 15 35 35 45 55 16 10 10 5 
17874500 17874566 1 -3 1 -89 -110 -50 -88 -109 -90 -74 21 62 60 25 20 17 10 15 35 35 45 55 16 8 8 5 
17902500 17902759 1 0 0 -50 -78 0 -47 -73 -40 -33 27 55 56 25 20 17 10 15 35 35 45 55 16 7 7 5 
17922500 17922726 1 -1 1 -111 -106 -58 -111 -104 -112 -96 -7 61 61 25 20 17 10 15 35 35 45 55 16 7 8 5 
17927000 17927228 1 2 1 -161 -147 -109 -157 -148 -158 -142 -9 60 60 25 20 17 10 15 35 35 45 55 16 7 8 5 
17943000 17943013 1 -3 1 -96 -97 -41 -99 -101 -99 -83 4 58 57 25 20 17 10 15 35 35 45 55 16 7 7 5 
18230500 18230519 1 0 0 -83 -80 0 -83 -80 -76 -69 -3 60 58 25 20 17 10 15 35 35 45 55 16 8 7 5 
18515500 18515610 1 0 0 -94 -93 0 -93 -92 -85 -78 0 61 60 25 20 17 10 14 34 35 45 55 16 8 8 5 
18552000 18552146 1 0 0 -102 -119 0 -117 -128 -120 -104 11 92 97 25 20 17 10 14 34 35 45 55 16 10 12 5 
18559500 18559503 1 13 0 -53 -77 -7 -56 -78 -57 -41 21 74 70 25 20 17 10 15 35 35 45 55 16 10 9 5 
18566000 18566098 1 0 0 3 -37 0 -1 -39 -2 14 39 65 64 25 20 17 10 15 35 35 45 55 16 8 8 5 
18616000 18616024 1 -1 1 -51 -69 -51 -48 -69 -50 -34 21 64 64 25 20 17 10 15 35 35 45 55 16 8 8 5 
18623500 18623536 1 2 1 -129 -123 -129 -136 -129 -137 -121 -7 61 61 25 20 17 10 15 35 35 45 55 16 7 8 5 
18636500 18636531 1 -3 1 -49 -75 -49 -40 -70 -43 -27 30 65 67 25 20 17 10 15 35 35 45 55 16 7 8 5 
18656000 18656182 1 -1 1 -57 -84 -55 -64 -90 -65 -49 27 64 64 25 20 17 10 15 35 35 45 55 16 8 8 5 
18664000 18664052 1 2 1 -120 -120 -118 -127 -125 -128 -112 -1 62 60 25 20 17 10 15 35 35 45 55 16 7 8 5 
18668000 18668140 1 -3 1 -52 -77 -49 -44 -72 -45 -29 29 64 65 25 20 17 10 15 35 35 45 55 16 8 8 5 
18711500 18711728 1 0 0 -5 -45 0 -10 -53 -2 5 44 66 63 25 20 17 10 15 35 35 45 55 16 8 8 5 
18737500 18737564 1 -1 1 -64 -85 -57 -67 -87 -67 -51 20 64 63 25 20 17 10 15 35 35 45 55 16 8 8 5 
18789000 18789116 1 2 1 -191 -161 -180 -200 -166 -200 -184 -33 59 58 25 20 17 10 15 35 35 45 55 16 7 7 5 
18837000 18837199 1 -3 1 -52 -85 -37 -46 -74 -48 -32 26 69 70 25 20 17 10 16 36 35 45 55 16 6 8 5 
18855000 18855030 1 0 0 -16 -72 0 -3 -61 3 10 57 91 96 25 20 17 10 16 36 35 45 55 16 6 12 5 
18924500 18924559 1 0 0 -23 -82 0 -17 -82 -9 -2 67 76 77 25 20 17 10 15 35 35 45 55 16 10 6 5 
18991000 18991124 1 0 0 -5 -57 0 0 -54 0 16 55 68 68 25 20 17 10 14 34 35 45 55 16 9 9 5 
19027500 19027662 1 -1 1 -43 -67 -52 -37 -64 -38 -22 28 81 81 25 20 17 10 14 34 35 45 55 16 9 11 5 
19032000 19032141 1 2 1 -91 -124 -102 -95 -127 -97 -81 33 84 84 25 20 17 10 14 34 35 45 55 16 8 10 5 
19042000 19042019 1 -3 1 -32 -97 -46 -28 -92 -30 -14 63 69 69 25 20 17 10 14 34 35 45 55 16 9 9 5 
19068500 19068566 1 -1 1 -30 -96 -54 -32 -95 -33 -17 65 64 65 25 20 17 10 14 34 35 45 55 16 8 8 5 
19075500 19075532 1 2 1 -107 -161 -134 -109 -162 -111 -95 53 62 61 25 20 17 10 14 34 35 45 55 16 8 8 5 
19081500 19081731 1 -3 1 -18 -82 -47 -20 -90 -22 -6 70 65 66 25 20 17 10 14 34 35 45 55 16 7 8 5 
19143000 19143013 1 0 0 52 -33 0 50 -30 47 63 80 68 67 25 20 17 10 14 34 35 45 55 16 8 9 5 
19264000 19264092 1 0 0 37 -24 0 38 -23 46 53 61 75 74 25 20 17 10 15 35 35 45 55 16 9 9 5 
19293000 19293068 1 10 0 -97 -130 -113 -108 -135 -101 -94 26 90 91 25 20 17 10 15 35 35 45 55 16 6 10 5 
19329500 19329549 1 0 0 -9 -83 0 -7 -83 0 7 78 74 72 25 20 17 10 15 35 35 45 55 16 8 9 5 
19411500 19411541 1 0 0 -48 -83 0 -39 -78 -41 -25 37 80 77 25 20 17 10 15 35 35 45 55 16 10 9 5 
19493500 19493525 1 0 0 -50 -143 0 -47 -143 -39 -32 96 80 79 25 20 17 10 16 36 35 45 55 16 10 9 5 
19512000 19512081 1 0 0 -51 -90 0 -52 -86 -43 -36 34 77 77 25 20 17 10 16 36 35 45 55 16 10 10 5 
19548500 19548632 1 -1 1 -103 -180 -52 -107 -182 -98 -91 76 97 98 25 20 17 10 16 36 35 45 55 16 9 10 5 
19749000 19749207 1 2 1 -208 -275 -151 -197 -274 -189 -182 77 108 107 25 20 17 10 15 33 35 45 55 16 8 8 5 
19822500 19822636 1 -3 1 -106 -175 -48 -106 -175 -98 -91 70 88 85 25 20 17 10 15 35 35 45 55 16 7 10 5 
19986500 19986553 1 0 0 -62 -140 0 -69 -143 -60 -53 74 68 68 25 20 17 10 15 35 35 45 55 16 8 9 5 
20113000 20113027 1 -1 1 -94 -183 -53 -89 -180 -80 -73 91 84 81 25 20 17 10 15 35 35 45 55 16 8 9 5 
20151000 20151113 1 2 1 -158 -242 -124 -155 -247 -148 -141 92 111 113 25 20 17 10 15 31 35 45 55 16 5 7 5 
20157000 20157137 1 -3 1 -79 -183 -45 -81 -180 -73 -66 100 101 104 25 20 17 10 15 33 35 45 55 16 10 10 5 
20184000 20184150 1 -1 1 -80 -151 -51 -80 -150 -73 -66 69 77 75 25 20 17 10 15 35 35 45 55 16 8 10 5 
20191500 20191641 1 2 1 -137 -225 -109 -131 -222 -123 -116 92 93 95 25 20 17 10 15 35 35 45 55 16 9 11 5 
20209000 20209167 1 -3 1 -73 -156 -49 -73 -157 -66 -59 83 88 86 25 20 17 10 15 35 35 45 55 16 10 8 5 
20250000 20250037 1 0 0 -18 -112 0 -22 -111 -15 -8 89 70 71 25 20 17 10 15 35 35 45 55 16 9 9 5 
20339000 20339213 1 -1 1 -69 -141 -53 -103 -167 -95 -88 65 107 113 25 20 17 10 15 31 35 45 55 16 1 7 5 
20341000 20341078 1 2 1 -110 -163 -95 -109 -160 -102 -95 51 109 112 25 20 17 10 15 31 35 45 55 16 6 10 5 
20350000 20350095 1 -3 1 -59 -195 -44 -42 -193 -34 -27 152 98 94 25 20 17 10 15 35 35 45 55 16 11 12 5 
20370000 20370216 1 -1 1 -65 -161 -50 -65 -154 -58 -51 89 95 101 25 20 17 10 15 33 35 45 55 16 5 11 5 
20402000 20402133 1 2 1 -132 -208 -118 -120 -206 -113 -106 86 101 97 25 20 17 10 15 35 35 45 55 16 4 12 5 
20423500 20423735 1 -3 1 -62 -164 -48 -62 -159 -54 -47 97 81 86 25 20 17 10 14 34 35 45 55 16 5 6 5 
20576500 20576629 1 0 0 -10 -78 0 -13 -77 -5 2 65 75 76 25 20 17 10 15 35 35 45 55 16 9 10 5 
20761000 20761003 1 0 0 -37 -109 0 -37 -106 -30 -23 69 85 82 25 20 17 10 14 34 35 45 55 16 11 11 5 
21072000 21072010 1 0 0 -6 -82 0 -3 -77 5 12 75 78 77 25 20 17 10 15 35 35 45 55 16 10 10 5 
21111500 21111530 1 -1 1 -60 -112 -55 -53 -105 -46 -39 52 104 106 25 20 17 10 16 34 35 45 55 16 4 1 5 
21116500 21116549 1 2 1 -217 -242 -213 -236 -257 -227 -220 21 107 111 25 20 17 10 16 32 35 45 55 16 2 12 5 
21121000 21121128 1 -3 1 -52 -157 -47 -29 -164 -23 -16 134 103 106 25 20 17 10 16 34 35 45 55 16 2 3 5 
21131000 21131143 1 -1 1 -62 -182 -57 -80 -186 -73 -66 107 102 102 25 20 17 10 15 33 35 45 55 16 11 9 5 
21201500 21201503 1 2 1 -156 -222 -153 -156 -222 -149 -142 65 89 93 25 20 17 10 14 34 35 45 55 16 11 9 5 
21260000 21260106 1 -3 1 -48 -143 -46 -42 -137 -34 -27 94 86 94 25 20 17 10 14 34 35 45 55 16 12 10 5 
21480000 21480150 1 0 0 3 -88 0 2 -85 11 18 88 76 76 25 20 17 10 14 34 35 45 55 16 9 10 5 
21549000 21549093 1 0 0 -7 -109 0 -3 -103 3 10 99 79 69 25 20 17 10 14 34 35 45 55 16 10 10 5 
21583000 21583161 1 0 0 1 -106 0 3 -99 10 17 103 84 81 25 20 17 10 14 34 35 45 55 16 10 10 5 
