45000 45031 0 0 -1 0 0 0 0 0 0 -12 0 96 97 25 20 16 10 12 32 35 45 55 16 12 12 5 
283000 283166 0 0 0 0 -35 0 3 -33 -4 -2 33 89 88 25 20 16 10 12 32 35 45 55 16 11 11 5 
339000 339137 0 0 0 -2 -25 0 1 -20 -6 -4 17 102 104 25 20 16 10 12 30 35 45 55 16 13 13 5 
418500 418514 0 0 0 -10 -47 0 -6 -42 -9 -7 36 88 88 25 20 16 10 12 32 35 45 55 16 11 11 5 
539000 539086 0 0 0 -1 -34 0 0 -30 -5 -3 27 94 94 25 20 16 10 12 32 35 45 55 16 12 11 5 
756500 756623 0 0 0 10 -32 0 11 -28 9 11 41 95 93 25 20 16 10 12 32 35 45 55 16 12 12 5 
946000 946047 0 0 0 -1 -41 0 4 -37 1 3 39 97 94 25 20 16 10 12 32 35 45 55 16 12 12 5 
1092000 1092110 0 0 0 -6 -53 0 -2 -51 -5 -3 44 89 89 25 20 16 10 12 32 35 45 55 16 11 11 5 
1117500 1117629 0 0 0 -21 -51 0 -20 -46 -24 -22 24 95 100 25 20 16 10 12 30 35 45 55 16 12 13 5 
1200500 1200512 0 -1 1 25 -9 51 35 -8 31 33 37 97 99 25 20 16 10 12 32 35 45 55 16 10 13 5 
1233500 1233534 0 2 1 -174 -184 -147 -174 -178 -182 -180 7 91 94 25 20 16 10 12 32 35 45 55 16 11 12 5 
1261000 1261058 0 -3 1 -76 -91 -47 -69 -85 -80 -78 12 101 99 25 20 16 10 12 32 35 45 55 16 13 13 5 
1380000 1380067 0 0 0 -35 -66 0 -27 -62 -27 -25 28 88 90 25 20 16 10 12 32 35 45 55 16 10 11 5 
1446500 1446658 0 0 0 -8 -48 0 -2 -43 -5 -3 38 95 91 25 20 16 10 12 32 35 45 55 16 12 12 5 
1805500 1805546 0 0 0 -35 -57 0 -30 -52 -41 -39 17 83 81 25 20 16 10 12 32 35 45 55 16 10 10 5 
2043500 2043593 0 0 0 -20 -45 0 -15 -42 -22 -20 24 85 85 25 20 16 10 14 34 35 45 55 16 11 11 5 
2261000 2261083 0 0 0 -13 -32 0 -10 -29 -15 -16 19 84 84 25 20 16 10 13 33 35 45 55 16 11 9 5 
2394500 2394590 0 -1 1 -61 -74 -50 -56 -68 -57 -58 13 103 103 25 20 16 10 13 31 35 45 55 16 12 12 5 
2467500 2467615 0 2 1 -120 -125 -111 -120 -126 -127 -128 5 120 122 25 20 16 10 13 28 35 45 55 16 16 15 5 
2492000 2492029 0 -3 1 -58 -88 -50 -57 -86 -55 -56 32 95 94 25 20 16 10 14 34 35 45 55 16 12 12 5 
2706500 2706616 0 0 0 -4 -39 0 -1 -39 5 4 40 89 91 25 20 16 10 13 33 35 45 55 16 12 11 5 
2779500 2779565 0 0 0 -3 -41 0 3 -37 5 4 43 97 98 25 20 16 10 13 33 35 45 55 16 12 12 5 
3215500 3215551 0 0 0 -5 -41 0 1 -36 -5 -3 33 96 97 25 20 16 10 13 33 35 45 55 16 12 13 5 
3256000 3256142 0 0 0 0 -39 0 6 -32 7 9 39 97 98 25 20 16 10 13 33 35 45 55 16 12 12 5 
3339500 3339565 0 0 0 -14 -51 0 -9 -48 -14 -12 37 105 106 25 20 16 10 13 31 35 45 55 16 14 13 5 
3355500 3355511 0 0 0 -37 -61 0 -30 -56 -35 -33 23 113 113 25 20 16 10 13 29 35 45 55 16 14 10 5 
3465000 3465092 0 0 0 -54 -78 0 -50 -73 -61 -59 25 104 103 25 20 16 10 13 31 35 45 55 16 13 13 5 
3533500 3533627 0 -1 1 0 -42 53 5 -37 6 8 37 106 104 25 20 16 10 13 31 35 45 55 16 14 14 5 
3558500 3558592 0 2 1 -205 -229 -152 -202 -225 -201 -199 22 100 101 25 20 16 10 14 32 35 45 55 16 13 13 5 
3644500 3644518 0 -3 1 -100 -106 -49 -96 -102 -106 -104 -1 103 103 25 20 16 10 13 31 35 45 55 16 13 13 5 
3706000 3706114 0 0 0 -50 -73 0 -43 -67 -49 -47 19 105 105 25 20 16 10 13 31 35 45 55 16 12 14 5 
3870000 3870008 0 0 0 -27 -61 0 -26 -58 -18 -21 38 103 103 25 20 16 10 13 31 35 45 55 16 13 13 5 
3952500 3952600 0 0 0 -36 -86 0 -32 -81 -24 -27 50 96 93 25 20 16 10 13 33 35 45 55 16 12 12 5 
4046000 4046039 0 0 0 -27 -66 0 -23 -64 -11 -12 40 94 92 25 20 16 10 13 33 35 45 55 16 12 12 5 
4140000 4140091 0 0 0 -33 -66 0 -29 -61 -24 -25 35 97 94 25 20 16 10 13 33 35 45 55 16 13 12 5 
4251500 4251545 0 0 0 -34 -76 0 -36 -76 -33 -36 34 94 96 25 20 16 10 13 33 35 45 55 16 12 12 5 
4305000 4305068 0 0 0 -61 -78 0 -59 -72 -59 -57 14 111 112 25 20 16 10 13 29 35 45 55 16 14 15 5 
4352000 4352051 0 -1 1 -2 -57 52 3 -51 11 8 54 84 87 25 20 16 10 13 33 35 45 55 16 11 11 5 
4367500 4367604 0 2 1 -186 -193 -134 -184 -190 -187 -190 4 91 88 25 20 16 10 13 33 35 45 55 16 11 12 5 
4412500 4412660 0 -3 1 -93 -96 -47 -87 -90 -94 -97 -7 87 89 25 20 16 10 13 33 35 45 55 16 11 11 5 
4492500 4492561 0 0 0 -34 -87 0 -28 -84 -24 -22 53 86 86 25 20 16 10 13 33 35 45 55 16 10 11 5 
5085000 5085107 0 0 0 -48 -77 0 -45 -75 5 -42 33 104 103 25 20 16 10 13 31 35 45 55 16 13 12 5 
5117000 5117023 0 0 0 -36 -74 0 -29 -71 16 -31 42 93 99 25 20 16 10 13 33 35 45 55 16 8 11 5 
5247000 5247149 0 0 0 -29 -59 0 -28 -57 -25 -23 37 89 91 25 20 16 10 13 33 35 45 55 16 10 11 5 
5268500 5268538 0 0 0 -18 -39 0 -14 -36 -14 -17 15 89 87 25 20 16 10 13 33 35 45 55 16 12 10 5 
5471500 5471622 0 0 0 -42 -71 0 -34 -66 -36 -34 32 98 97 25 20 16 10 13 33 35 45 55 16 12 13 5 
5508500 5508618 0 -1 1 10 -29 52 16 -23 26 23 47 104 103 25 20 16 10 13 31 35 45 55 16 13 13 5 
5546500 5546506 0 2 1 -218 -229 -176 -217 -228 -219 -222 8 94 94 25 20 16 10 13 33 35 45 55 16 12 12 5 
5655000 5655074 0 -3 1 -90 -94 -49 -87 -94 -93 -96 -1 96 96 25 20 16 10 13 33 35 45 55 16 12 12 5 
5700000 5700030 0 0 0 -41 -78 0 -36 -74 -39 -37 37 93 90 25 20 16 10 13 33 35 45 55 16 11 12 5 
6022500 6022598 0 0 0 -41 -73 0 -36 -67 -41 -39 31 90 91 25 20 16 10 13 33 35 45 55 16 11 12 5 
6069500 6069647 0 -1 1 9 -40 52 15 -34 22 19 48 90 86 25 20 16 10 13 33 35 45 55 16 9 11 5 
6130500 6130625 0 2 1 -220 -200 -175 -218 -197 -225 -228 -25 95 96 25 20 16 10 13 33 35 45 55 16 12 12 5 
6186500 6186519 0 -3 1 -94 -83 -47 -90 -77 -100 -103 -23 93 94 25 20 16 10 13 33 35 45 55 16 12 12 5 
6240000 6240127 0 0 0 -48 -82 0 -45 -76 -46 -44 35 94 96 25 20 16 10 13 33 35 45 55 16 12 11 5 
6303500 6303608 0 0 0 -28 -65 0 -25 -62 -22 -25 36 93 91 25 20 16 10 13 33 35 45 55 16 12 12 5 
6388000 6388161 0 0 0 -28 -65 0 -23 -61 -23 -26 33 83 80 25 20 16 10 13 33 35 45 55 16 10 11 5 
6463000 6463095 0 0 0 -25 -56 0 -23 -52 -21 -24 27 90 92 25 20 16 10 13 33 35 45 55 16 11 12 5 
6528000 6528034 0 0 0 -10 -44 0 -5 -40 -10 -13 28 84 83 25 20 16 10 13 33 35 45 55 16 11 11 5 
6555000 6555102 0 0 0 -22 -50 0 -19 -48 -19 -22 26 84 82 25 20 16 10 13 33 35 45 55 16 11 11 5 
6574500 6574575 0 0 0 -11 -37 0 -6 -33 -7 -10 24 83 88 25 20 16 10 13 33 35 45 55 16 10 11 5 
6610500 6610663 0 0 0 -2 -40 0 2 -37 4 1 34 81 82 25 20 16 10 13 33 35 45 55 16 10 9 5 
6732000 6732116 0 0 0 -3 -31 0 0 -27 0 -3 25 80 84 25 20 16 10 13 33 35 45 55 16 10 10 5 
6826000 6826025 0 0 0 -12 -42 0 -9 -39 -9 -12 27 96 95 25 20 16 10 13 33 35 45 55 16 12 12 5 
6896000 6896179 0 0 0 22 -20 0 27 -16 26 23 38 95 94 25 20 16 10 13 33 35 45 55 16 11 12 5 
7008000 7008047 0 0 0 13 -31 0 15 -29 20 17 44 84 87 25 20 16 10 13 33 35 45 55 16 11 10 5 
7024500 7024640 0 0 0 8 -26 0 15 -21 20 17 37 79 82 25 20 16 10 13 33 35 45 55 16 9 7 5 
7053000 7053148 0 0 0 -9 -38 0 -7 -34 -7 -10 24 71 71 25 20 16 10 13 33 35 45 55 16 9 9 5 
7069500 7069601 0 0 0 15 -27 0 15 -27 19 16 35 81 82 25 20 16 10 13 33 35 45 55 16 9 10 5 
7114500 7114658 0 0 0 6 -32 0 8 -31 10 7 35 85 85 25 20 16 10 13 33 35 45 55 16 11 11 5 
7215000 7215136 0 0 0 17 -22 0 18 -21 11 8 30 87 85 25 20 16 10 13 33 35 45 55 16 11 12 5 
7281500 7281600 0 0 0 0 -42 0 -2 -47 10 7 49 92 94 25 20 16 10 13 33 35 45 55 16 11 9 5 
7361000 7361003 0 0 0 -2 -36 0 -3 -32 -3 -6 28 98 101 25 20 16 10 13 31 35 45 55 16 13 12 5 
7398000 7398050 0 -1 1 50 0 51 60 8 71 68 58 98 99 25 20 16 10 13 33 35 45 55 16 10 13 5 
7446500 7446652 0 2 1 -164 -187 -164 -163 -184 -166 -169 15 81 82 25 20 16 10 13 33 35 45 55 16 10 10 5 
7472500 7472511 0 -3 1 -48 -66 -49 -45 -63 -47 -50 13 91 92 25 20 16 10 13 33 35 45 55 16 11 12 5 
7519000 7519163 0 0 0 2 -22 0 5 -18 -3 -1 18 91 95 25 20 16 10 13 33 35 45 55 16 12 12 5 
7549500 7549538 0 0 0 -6 -34 0 -2 -30 -5 -8 19 89 91 25 20 16 10 13 33 35 45 55 16 12 10 5 
7571000 7571162 0 0 0 12 -20 0 18 -18 22 19 43 81 83 25 20 16 10 13 33 35 45 55 16 8 10 5 
7583500 7583520 0 0 0 1 -35 0 4 -32 4 1 30 74 72 25 20 16 10 13 33 35 45 55 16 10 9 5 
7619000 7619170 0 0 0 -35 -61 0 -31 -57 -34 -37 20 70 70 25 20 16 10 13 33 35 45 55 16 9 9 5 
7638500 7638594 0 0 0 -5 -31 0 -3 -29 -10 -13 14 67 67 25 20 16 10 13 33 35 45 55 16 9 8 5 
7744500 7744644 0 0 0 4 -38 0 0 -39 0 -3 39 94 93 25 20 16 10 13 33 35 45 55 16 12 12 5 
7766000 7766061 0 0 0 -6 -48 0 2 -42 -5 -3 33 82 80 25 20 16 10 14 34 35 45 55 16 11 7 5 
7771000 7771075 0 0 0 0 -40 0 6 -35 2 -1 24 78 73 25 20 16 10 14 34 35 45 55 16 9 10 5 
7795500 7795549 0 0 0 -6 -43 0 0 -40 -2 -5 25 68 66 25 20 16 10 14 34 35 45 55 16 9 8 5 
7867000 7867053 0 0 0 -12 -41 0 -8 -36 -12 -15 22 71 74 25 20 16 10 13 33 35 45 55 16 9 9 5 
7878000 7878035 0 0 0 3 -25 0 6 -22 4 1 19 72 71 25 20 16 10 13 33 35 45 55 16 9 9 5 
7939000 7939074 0 0 0 -15 -41 0 -11 -36 -19 -17 13 69 75 25 20 16 10 14 34 35 45 55 16 9 9 5 
7999000 7999158 0 -1 1 -75 -82 -53 -80 -85 -86 -89 -3 78 76 25 20 16 10 14 34 35 45 55 16 9 6 5 
8018500 8018603 0 2 1 -261 -252 -237 -259 -250 -266 -269 -15 71 70 25 20 16 10 14 34 35 45 55 16 9 9 5 
8047000 8047136 0 -3 1 -78 -71 -49 -73 -66 -77 -80 -7 69 75 25 20 16 10 13 33 35 45 55 16 9 8 5 
8081500 8081515 0 0 0 -33 -38 0 -26 -33 -37 -35 4 71 74 25 20 16 10 13 33 35 45 55 16 10 8 5 
8390500 8390698 0 0 0 -27 -42 0 -25 -40 -31 -34 11 72 72 25 20 16 10 13 33 35 45 55 16 9 9 5 
8688500 8688515 0 0 0 -18 -32 0 -15 -28 -20 -23 9 73 72 25 20 16 10 13 33 35 45 55 16 9 9 5 
8711000 8711049 0 0 0 -26 -38 0 -21 -35 -29 -32 8 73 74 25 20 16 10 13 33 35 45 55 16 9 9 5 
8782500 8782556 0 0 0 -26 -39 0 -23 -35 -28 -31 11 74 72 25 20 16 10 13 33 35 45 55 16 9 9 5 
8803000 8803154 0 0 0 0 -23 0 3 -18 -1 -4 19 70 69 25 20 16 10 13 33 35 45 55 16 9 9 5 
8827500 8827621 0 0 0 0 -27 0 1 -26 -4 -7 23 70 71 25 20 16 10 13 33 35 45 55 16 9 9 5 
8853500 8853668 0 0 0 -23 -35 0 -21 -32 -26 -29 9 73 74 25 20 16 10 13 33 35 45 55 16 9 9 5 
8874500 8874584 0 0 0 -27 -38 0 -25 -36 -31 -34 8 72 73 25 20 16 10 13 33 35 45 55 16 9 9 5 
8912000 8912007 0 0 0 -24 -41 0 -21 -38 -25 -28 15 72 73 25 20 16 10 13 33 35 45 55 16 9 9 5 
8991500 8991555 0 0 0 -9 -34 0 0 -26 -6 -9 22 72 74 25 20 16 10 13 33 35 45 55 16 10 8 5 
9021500 9021640 0 0 0 -17 -30 0 -15 -26 -22 -25 6 70 69 25 20 16 10 14 34 35 45 55 16 9 9 5 
9049500 9049643 0 0 0 -42 -53 0 -38 -49 -42 -45 6 71 72 25 20 16 10 14 34 35 45 55 16 9 9 5 
9304000 9304120 0 0 0 -7 -28 0 -3 -24 -13 -11 17 68 69 25 20 16 10 13 33 35 45 55 16 9 9 5 
9367000 9367088 0 -1 1 -61 -61 -53 -56 -57 -63 -66 -5 78 77 25 20 16 10 14 34 35 45 55 16 10 10 5 
9380000 9380056 0 2 1 -159 -161 -150 -157 -159 -164 -167 -7 72 73 25 20 16 10 14 34 35 45 55 16 10 9 5 
9401000 9401086 0 -3 1 -58 -76 -49 -52 -72 -60 -63 9 66 66 25 20 16 10 14 34 35 45 55 16 8 8 5 
9825000 9825003 0 0 0 -16 -30 0 -13 -25 -25 -23 7 68 68 25 20 16 10 13 33 35 45 55 16 8 9 5 
9913000 9913020 0 -1 1 -78 -76 -57 -74 -73 -80 -83 -5 74 74 25 20 16 10 13 33 35 45 55 16 9 9 5 
9922500 9922703 0 2 1 -215 -198 -193 -215 -198 -225 -228 -22 66 68 25 20 16 10 13 33 35 45 55 16 8 8 5 
9952500 9952630 0 -3 1 -73 -84 -49 -67 -81 -75 -78 7 59 60 25 20 16 10 13 33 35 45 55 16 7 7 5 
10149500 10149590 0 0 0 -35 -51 0 -36 -50 -39 -42 13 66 66 25 20 16 10 13 33 35 45 55 16 8 8 5 
10168000 10168049 0 0 0 -1 -22 0 1 -18 -5 -8 14 64 64 25 20 16 10 13 33 35 45 55 16 8 8 5 
10196000 10196010 0 0 0 7 -18 0 12 -14 6 3 21 64 65 25 20 16 10 13 33 35 45 55 16 8 8 5 
10212000 10212041 0 0 0 -14 -33 0 -5 -25 -11 -14 16 65 65 25 20 16 10 13 33 35 45 55 16 8 8 5 
10826500 10826568 0 0 0 -21 -40 0 -14 -34 -26 -24 15 61 58 25 20 16 10 13 33 35 45 55 16 8 8 5 
10890000 10890422 0 -1 1 -76 -70 -53 -76 -68 -87 -90 -21 73 83 25 20 16 10 13 33 35 45 55 16 0 3 5 
10899500 10899723 0 2 1 -207 -197 -184 -205 -195 -217 -220 -23 67 66 25 20 16 10 13 33 35 45 55 16 9 8 5 
10923500 10923536 0 -3 1 -71 -83 -48 -69 -82 -79 -82 0 68 57 25 20 16 10 13 33 35 45 55 16 8 8 5 
10965000 10966833 0 0 0 -24 -39 0 -23 -35 -33 -31 10 59 69 25 20 16 10 13 33 35 45 55 16 0 8 5 
11197500 11197743 0 0 0 -28 -46 0 -23 -41 -34 -32 18 60 58 25 20 16 10 13 33 35 45 55 16 7 8 5 
11261500 11261622 0 -1 1 -74 -78 -53 -74 -77 -80 -83 4 69 73 25 20 16 10 13 33 35 45 55 16 9 9 5 
11281500 11281617 0 2 1 -135 -138 -117 -133 -135 -138 -141 3 68 60 25 20 16 10 13 33 35 45 55 16 9 7 5 
11305000 11305166 0 -3 1 -65 -83 -49 -61 -80 -67 -70 19 61 65 25 20 16 10 13 33 35 45 55 16 7 8 5 
11377500 11377746 0 0 0 -8 -29 0 -5 -27 -15 -13 21 57 55 25 20 16 10 13 33 35 45 55 16 7 7 5 
11738500 11738650 0 0 0 -8 -35 0 -5 -32 -13 -16 20 56 57 25 20 16 10 14 34 35 45 55 16 7 7 5 
11768500 11768657 0 0 0 -3 -31 0 2 -24 -4 -7 19 62 61 25 20 16 10 14 34 35 45 55 16 7 8 5 
11943500 11943648 0 0 0 -17 -45 0 -13 -43 -20 -23 22 55 55 25 20 16 10 14 34 35 45 55 16 7 7 5 
11964500 11964542 0 0 0 -23 -40 0 -22 -40 -27 -30 13 58 56 25 20 16 10 14 34 35 45 55 16 7 7 5 
12044000 12044148 0 0 0 -19 -34 0 -13 -27 -16 -19 11 59 58 25 20 16 10 14 34 35 45 55 16 7 7 5 
12051000 12051106 0 13 0 31 5 15 38 11 34 31 22 76 81 25 20 16 10 14 34 35 45 55 16 10 10 5 
12056000 12056089 0 0 0 41 -4 0 47 1 43 40 40 59 57 25 20 16 10 14 34 35 45 55 16 7 7 5 
12102500 12102572 0 0 0 29 -5 0 36 2 30 27 26 59 57 25 20 16 10 14 34 35 45 55 16 7 7 5 
12107000 12107127 0 13 0 -17 -34 -13 -21 -35 -25 -28 10 67 75 25 20 16 10 14 34 35 45 55 16 7 9 5 
12110500 12110666 0 0 0 -30 -40 0 -28 -36 -33 -36 7 58 55 25 20 16 10 14 34 35 45 55 16 7 7 5 
12144500 12144705 0 0 0 -34 -43 0 -30 -40 -37 -40 4 57 55 25 20 16 10 14 34 35 45 55 16 7 7 5 
12147500 12147597 0 13 0 -14 -36 -6 -8 -31 -19 -17 18 66 71 25 20 16 10 14 34 35 45 55 16 7 10 5 
12153000 12153100 0 0 0 39 2 0 43 6 36 33 29 58 58 25 20 16 10 14 34 35 45 55 16 7 7 5 
12198500 12198555 0 0 0 34 -2 0 38 1 32 29 30 63 66 25 20 16 10 14 34 35 45 55 16 8 8 5 
12205500 12205508 0 0 0 -6 -18 0 -3 -13 -10 -13 6 60 59 25 20 16 10 14 34 35 45 55 16 8 7 5 
12234500 12234589 0 0 0 -43 -50 0 -41 -49 -47 -50 5 60 60 25 20 16 10 14 34 35 45 55 16 7 8 5 
12239000 12239126 0 13 0 7 -19 9 16 -11 8 5 21 70 79 25 20 16 10 14 34 35 45 55 16 8 10 5 
12243000 12243005 0 0 0 34 -5 0 39 -1 35 32 34 63 61 25 20 16 10 14 34 35 45 55 16 8 8 5 
12248500 12248703 0 0 0 8 -12 0 15 -3 7 4 10 70 79 25 20 16 10 14 34 35 45 55 16 9 8 5 
12300500 12300709 0 0 0 12 -17 0 14 -16 10 7 24 61 61 25 20 16 10 14 34 35 45 55 16 8 8 5 
12323000 12323029 0 0 0 -12 -47 0 -9 -44 -18 -16 21 67 69 25 20 16 10 14 34 35 45 55 16 9 8 5 
12337000 12341596 0 -1 1 -66 -80 -53 -114 -103 -131 -129 -25 75 75 25 20 16 10 14 34 35 45 55 16 0 1 5 
12348000 12348057 0 2 1 -173 -170 -159 -171 -169 -186 -184 -17 63 61 25 20 16 10 14 34 35 45 55 16 8 8 5 
12393000 12393128 0 -3 1 -65 -74 -49 -61 -70 -77 -75 -6 58 57 25 20 16 10 14 34 35 45 55 16 7 7 5 
12431500 12431623 0 0 0 -19 -36 0 -12 -29 -23 -21 2 59 58 25 20 16 10 14 34 35 45 55 16 7 7 5 
12554000 12554158 0 0 0 -22 -24 0 -20 -18 -16 -19 11 76 82 25 20 16 10 14 34 35 45 55 16 8 10 5 
12563500 12563742 0 0 0 -22 -48 0 -16 -44 -25 -28 9 61 61 25 20 16 10 14 34 35 45 55 16 7 8 5 
12709000 12709140 0 0 0 -13 -33 0 -8 -27 -17 -15 8 64 58 25 20 16 10 13 33 35 45 55 16 8 7 5 
12752000 12756738 0 -1 1 -61 -76 -53 -108 -112 -104 -107 14 87 92 25 20 16 10 13 33 35 45 55 16 0 5 5 
12772000 12772080 0 2 1 -146 -160 -141 -147 -159 -155 -158 2 63 62 25 20 16 10 13 33 35 45 55 16 8 7 5 
12794500 12794606 0 -3 1 -51 -86 -48 -48 -84 -54 -57 27 69 78 25 20 16 10 13 33 35 45 55 16 7 8 5 
12814000 12814136 0 0 0 -1 -34 0 4 -31 -8 -6 33 59 58 25 20 16 10 13 33 35 45 55 16 8 7 5 
12869000 12869089 0 0 0 -7 -34 0 -2 -30 -12 -10 22 61 61 25 20 16 10 14 34 35 45 55 16 8 8 5 
13010500 13010725 0 0 0 5 -17 0 13 -11 7 4 23 59 58 25 20 16 10 13 33 35 45 55 16 7 7 5 
13031500 13031522 0 0 0 -11 -31 0 -6 -24 -11 -14 18 60 58 25 20 16 10 13 33 35 45 55 16 7 8 5 
13044000 13044119 0 0 0 -16 -26 0 -13 -24 -17 -20 12 69 63 25 20 16 10 13 33 35 45 55 16 10 7 5 
13117000 13117200 0 0 0 -21 -32 0 -19 -29 -25 -28 10 59 64 25 20 16 10 13 33 35 45 55 16 7 7 5 
13123000 13123203 0 0 0 -19 -36 0 -17 -35 -21 -24 18 59 55 25 20 16 10 13 33 35 45 55 16 7 7 5 
13128500 13128524 0 13 0 38 15 27 44 20 37 34 24 72 82 25 20 16 10 13 33 35 45 55 16 8 9 5 
13133500 13133723 0 0 0 40 1 0 44 6 39 36 38 61 57 25 20 16 10 13 33 35 45 55 16 7 5 5 
13140500 13140563 0 0 0 -5 -32 0 -1 -30 -7 -10 29 58 55 25 20 16 10 13 33 35 45 55 16 7 7 5 
13177500 13177593 0 0 0 12 -21 0 22 -14 12 14 36 61 59 25 20 16 10 13 33 35 45 55 16 7 8 5 
13227500 13227575 0 -1 1 -50 -68 -52 -47 -64 -54 -57 15 64 62 25 20 16 10 13 33 35 45 55 16 8 8 5 
13249500 13249533 0 2 1 -181 -174 -178 -180 -170 -186 -189 -11 61 58 25 20 16 10 13 33 35 45 55 16 8 7 5 
13269000 13269196 0 -3 1 -57 -76 -50 -50 -69 -56 -59 18 56 53 25 20 16 10 13 33 35 45 55 16 7 7 5 
13294000 13294070 0 0 0 -12 -28 0 -10 -25 -19 -17 15 55 56 25 20 16 10 13 33 35 45 55 16 7 7 5 
13307000 13307018 0 0 0 -32 -48 0 -29 -43 -34 -37 14 56 56 25 20 16 10 13 33 35 45 55 16 6 7 5 
13540500 13540540 0 0 0 -29 -42 0 -22 -37 -26 -29 15 64 60 25 20 16 10 13 33 35 45 55 16 8 8 5 
13556000 13556012 0 0 0 -10 -34 0 -4 -29 -9 -12 20 63 62 25 20 16 10 13 33 35 45 55 16 8 8 5 
13811500 13811561 0 0 0 -13 -42 0 -7 -36 -19 -17 24 62 61 25 20 16 10 13 33 35 45 55 16 8 8 5 
13845500 13850096 0 -1 1 -69 -71 -52 -125 -110 -134 -137 -22 69 84 25 20 16 10 13 33 35 45 55 16 0 3 5 
13860000 13860043 0 2 1 -135 -132 -116 -131 -129 -141 -144 -8 66 64 25 20 16 10 13 33 35 45 55 16 9 8 5 
13882500 13882589 0 -3 1 -69 -92 -48 -63 -88 -69 -72 19 63 61 25 20 16 10 13 33 35 45 55 16 8 8 5 
13912500 13912649 0 0 0 -25 -50 0 -19 -45 -31 -29 15 61 60 25 20 16 10 13 33 35 45 55 16 8 8 5 
14105500 14105731 0 0 0 -12 -39 0 -11 -37 -17 -20 17 61 61 25 20 16 10 13 33 35 45 55 16 8 8 5 
14125500 14125622 0 0 0 -20 -38 0 -15 -35 -21 -24 13 78 82 25 20 16 10 13 33 35 45 55 16 10 9 5 
14186500 14186680 0 0 0 -21 -40 0 -15 -34 -25 -23 11 70 79 25 20 16 10 13 33 35 45 55 16 8 10 5 
14222000 14224833 0 -1 1 -74 -71 -51 -94 -84 -104 -107 -22 88 102 25 20 16 10 13 31 35 45 55 16 0 4 5 
14249500 14249508 0 2 1 -134 -141 -108 -137 -139 -142 -145 -7 64 55 25 20 16 10 13 33 35 45 55 16 9 7 5 
14260000 14260220 0 -3 1 -76 -98 -50 -69 -91 -74 -77 13 58 57 25 20 16 10 13 33 35 45 55 16 7 7 5 
14291500 14291718 0 0 0 -29 -49 0 -25 -46 -37 -35 12 61 59 25 20 16 10 13 33 35 45 55 16 7 8 5 
14659000 14659111 0 0 0 -31 -46 0 -25 -40 -36 -34 12 83 82 25 20 16 10 12 32 35 45 55 16 10 11 5 
14712000 14712094 0 -1 1 -88 -95 -56 -85 -90 -98 -96 1 93 94 25 20 16 10 11 31 35 45 55 16 12 12 5 
14733500 14733553 0 2 1 -176 -177 -143 -174 -176 -186 -184 -5 87 86 25 20 16 10 11 31 35 45 55 16 11 10 5 
14778500 14778619 0 -3 1 -83 -85 -50 -82 -82 -95 -93 -13 76 75 25 20 16 10 12 32 35 45 55 16 9 10 5 
15079000 15079055 0 0 0 -37 -52 0 -34 -47 -41 -39 12 85 84 25 20 16 10 12 32 35 45 55 16 10 11 5 
15138500 15138946 0 -1 1 -90 -91 -54 -98 -91 -94 -92 9 91 89 25 20 16 10 13 33 35 45 55 16 8 0 5 
15177500 15177685 0 2 1 -194 -195 -158 -194 -196 -213 -211 -22 73 76 25 20 16 10 13 33 35 45 55 16 9 9 5 
15194000 15194138 0 -3 1 -85 -93 -49 -80 -87 -94 -92 -3 69 69 25 20 16 10 13 33 35 45 55 16 9 9 5 
15380500 15380665 0 0 0 -35 -63 0 -34 -61 -40 -38 21 80 76 25 20 16 10 12 32 35 45 55 16 10 10 5 
15476000 15476092 0 0 0 -38 -64 0 -35 -60 -37 -40 21 86 87 25 20 16 10 12 32 35 45 55 16 11 11 5 
15604000 15604146 0 0 0 -46 -68 0 -40 -63 -48 -46 13 85 83 25 20 16 10 12 32 35 45 55 16 11 11 5 
15666000 15666009 0 -1 1 -109 -114 -57 -100 -111 -121 -119 -6 91 85 25 20 16 10 12 32 35 45 55 16 12 11 5 
15686000 15686053 0 2 1 -244 -234 -189 -243 -232 -256 -254 -20 77 75 25 20 16 10 12 32 35 45 55 16 10 9 5 
15726000 15726189 0 -3 1 -107 -82 -49 -107 -80 -126 -124 -36 78 78 25 20 16 10 12 32 35 45 55 16 10 10 5 
15830500 15830611 0 0 0 -68 -78 0 -64 -75 -76 -74 4 90 89 25 20 16 10 12 32 35 45 55 16 11 11 5 
15982500 15982629 0 0 0 -40 -65 0 -36 -61 -43 -41 17 84 88 25 20 16 10 12 32 35 45 55 16 11 11 5 
16008500 16008557 0 -1 1 -92 -103 -51 -88 -101 -91 -94 8 103 103 25 20 16 10 12 30 35 45 55 16 13 13 5 
16017000 16017010 0 2 1 43 -4 84 57 5 67 64 59 104 104 25 20 16 10 12 30 35 45 55 16 13 13 5 
16028500 16028566 0 -3 1 6 -34 48 10 -32 20 17 48 102 102 25 20 16 10 12 30 35 45 55 16 13 13 5 
16038000 16038094 0 -1 1 -95 -119 -54 -94 -117 -94 -97 21 95 96 25 20 16 10 12 32 35 45 55 16 11 12 5 
16068500 16068622 0 2 1 -258 -264 -216 -253 -262 -255 -258 5 80 79 25 20 16 10 12 32 35 45 55 16 10 10 5 
16116500 16116603 0 -3 1 -92 -82 -50 -86 -78 -100 -103 -22 80 78 25 20 16 10 12 32 35 45 55 16 10 10 5 
16342500 16342584 0 0 0 -47 -72 0 -44 -69 -49 -52 22 76 77 25 20 16 10 13 33 35 45 55 16 10 9 5 
16365000 16365159 0 0 0 -49 -65 0 -47 -67 -50 -53 20 83 81 25 20 16 10 13 33 35 45 55 16 11 10 5 
16427500 16427599 0 -1 1 -97 -135 -52 -98 -132 -98 -101 35 103 103 25 20 16 10 12 30 35 45 55 16 12 13 5 
16449500 16449573 0 2 1 -233 -262 -188 -228 -264 -227 -230 33 84 74 25 20 16 10 12 32 35 45 55 16 4 8 5 
16480500 16480611 0 -3 1 -92 -91 -50 -88 -89 -96 -99 -6 96 95 25 20 16 10 12 32 35 45 55 16 12 12 5 
16634000 16634013 0 0 0 -33 -70 0 -25 -64 -27 -30 33 89 94 25 20 16 10 12 32 35 45 55 16 9 11 5 
16653500 16653581 0 0 0 -26 -50 0 -20 -46 -29 -32 14 91 89 25 20 16 10 12 32 35 45 55 16 12 11 5 
16779500 16779594 0 0 0 -43 -74 0 -37 -67 -33 -36 25 84 83 25 20 16 10 12 32 35 45 55 16 11 11 5 
16817000 16817046 0 0 0 -44 -73 0 -43 -71 -40 -43 39 89 88 25 20 16 10 12 32 35 45 55 16 11 11 5 
16840500 16840526 0 0 0 -26 -57 0 -20 -53 -21 -24 26 79 79 25 20 16 10 12 32 35 45 55 16 10 10 5 
16964000 16964059 0 0 0 -14 -46 0 -15 -46 -17 -20 23 83 81 25 20 16 10 12 32 35 45 55 16 10 11 5 
17083000 17083121 0 -1 1 -69 -80 -55 -66 -76 -74 -77 1 85 84 25 20 16 10 12 32 35 45 55 16 11 11 5 
17101000 17101158 0 2 1 -181 -198 -168 -180 -197 -183 -186 12 85 80 25 20 16 10 12 32 35 45 55 16 11 11 5 
17136000 17136063 0 -3 1 -63 -82 -50 -60 -76 -63 -66 12 87 85 25 20 16 10 12 32 35 45 55 16 10 11 5 
17208000 17208109 0 0 0 -13 -36 0 -12 -32 -20 -23 7 104 108 25 20 16 10 12 30 35 45 55 16 10 14 5 
17239500 17239615 0 0 0 11 -34 0 15 -29 20 17 45 88 88 25 20 16 10 12 32 35 45 55 16 11 11 5 
17264000 17264019 0 0 0 -2 -58 0 6 -52 7 4 53 90 91 25 20 16 10 12 32 35 45 55 16 10 11 5 
17681000 17681123 0 0 0 1 -37 0 6 -34 4 1 35 86 86 25 20 16 10 12 32 35 45 55 16 11 11 5 
17751500 17751604 0 0 0 9 -40 0 12 -37 13 10 46 84 83 25 20 16 10 12 32 35 45 55 16 11 11 5 
17797500 17797537 0 0 0 5 -34 0 9 -30 9 6 36 90 92 25 20 16 10 12 32 35 45 55 16 11 12 5 
18099500 18099667 0 0 0 3 -36 0 10 -25 13 10 36 88 86 25 20 16 10 12 32 35 45 55 16 11 11 5 
18129500 18129660 0 0 0 -31 -63 0 -27 -62 -28 -31 32 77 80 25 20 16 10 12 32 35 45 55 16 10 10 5 
18198500 18198652 0 0 0 -20 -44 0 -15 -40 -14 -17 23 84 83 25 20 16 10 12 32 35 45 55 16 11 11 5 
18618500 18618501 0 0 0 -46 -60 0 -41 -55 -46 -49 7 77 77 25 20 16 10 13 33 35 45 55 16 10 10 5 
18693500 18693601 0 0 0 -47 -60 0 -40 -55 -44 -47 6 77 75 25 20 16 10 13 33 35 45 55 16 9 11 5 
18706000 18706024 0 0 0 -31 -57 0 -28 -52 -28 -31 24 86 89 25 20 16 10 13 33 35 45 55 16 11 11 5 
18726500 18726501 0 0 0 -26 -61 0 -22 -58 -23 -26 32 78 75 25 20 16 10 13 33 35 45 55 16 10 10 5 
18737000 18737189 0 0 0 -39 -55 0 -31 -48 -37 -40 10 77 80 25 20 16 10 13 33 35 45 55 16 10 10 5 
18774500 18774628 0 0 0 -51 -63 0 -48 -60 -52 -55 4 73 74 25 20 16 10 13 33 35 45 55 16 10 9 5 
18795000 18795081 0 0 0 -58 -73 0 -56 -71 -60 -63 7 74 71 25 20 16 10 13 33 35 45 55 16 9 9 5 
18819500 18819525 0 0 0 -45 -58 0 -39 -50 -40 -43 23 98 99 25 20 16 10 13 33 35 45 55 16 9 8 5 
18843500 18843577 0 0 0 -48 -62 0 -44 -58 -45 -48 14 78 78 25 20 16 10 13 33 35 45 55 16 10 10 5 
18926000 18926126 0 0 0 -51 -64 0 -50 -61 -56 -59 5 97 97 25 20 16 10 13 33 35 45 55 16 12 13 5 
18963000 18963000 0 0 0 -49 -62 0 -44 -58 -50 -53 7 75 75 25 20 16 10 13 33 35 45 55 16 9 10 5 
19109000 19109119 0 0 0 -51 -61 0 -48 -56 -55 -58 1 75 75 25 20 16 10 13 33 35 45 55 16 9 9 5 
19161500 19161506 0 0 0 -27 -41 0 -22 -37 -24 -27 16 79 83 25 20 16 10 13 33 35 45 55 16 10 10 5 
19183000 19183153 0 0 0 -28 -47 0 -26 -43 -30 -28 16 86 89 25 20 16 10 13 33 35 45 55 16 11 11 5 
19215000 19215054 0 0 0 -27 -46 0 -26 -42 -27 -30 19 85 85 25 20 16 10 13 33 35 45 55 16 11 11 5 
19269500 19269502 0 0 0 -26 -40 0 -20 -36 -20 -23 11 83 87 25 20 16 10 13 33 35 45 55 16 11 11 5 
19293500 19293510 0 0 0 -36 -52 0 -35 -48 -41 -44 7 77 79 25 20 16 10 13 33 35 45 55 16 10 10 5 
19368000 19368136 0 0 0 -43 -57 0 -40 -52 -44 -47 8 74 76 25 20 16 10 13 33 35 45 55 16 9 9 5 
19437000 19437019 0 0 0 -39 -55 0 -33 -50 -46 -44 13 73 72 25 20 16 10 13 33 35 45 55 16 9 9 5 
19620000 19620188 0 0 0 -23 -46 0 -19 -44 -16 -19 24 79 76 25 20 16 10 13 33 35 45 55 16 9 9 5 
20035500 20035582 0 0 0 -27 -54 0 -24 -45 -22 -25 14 89 88 25 20 16 10 13 33 35 45 55 16 11 12 5 
20114000 20114032 0 0 0 -12 -38 0 -8 -33 7 9 55 91 93 25 20 16 10 13 33 35 45 55 16 11 7 5 
20233000 20233088 0 0 0 -4 -49 0 -2 -48 -4 -7 43 86 86 25 20 16 10 13 33 35 45 55 16 10 11 5 
20522000 20522019 0 0 0 -14 -66 0 -15 -67 -5 -3 56 110 107 25 20 16 10 13 31 35 45 55 16 14 14 5 
20707500 20707568 0 0 0 -25 -90 0 -18 -87 10 7 87 100 98 25 20 16 10 13 33 35 45 55 16 13 12 5 
20730500 20730560 0 -1 1 -82 -118 -58 -87 -120 -48 -51 60 101 102 25 20 16 10 13 31 35 45 55 16 12 12 5 
20758000 20758141 0 2 1 -129 -163 -105 -126 -162 -120 -123 31 93 96 25 20 16 10 13 33 35 45 55 16 12 12 5 
20784000 20784121 0 -3 1 -70 -106 -47 -63 -101 -58 -61 46 94 94 25 20 16 10 13 33 35 45 55 16 12 12 5 
20943500 20943586 0 0 0 -18 -53 0 -18 -47 0 -3 41 112 113 25 20 16 10 13 29 35 45 55 16 13 15 5 
21293500 21293636 0 0 0 -27 -67 0 -24 -65 -16 -19 43 90 90 25 20 16 10 13 33 35 45 55 16 11 11 5 
101500 101873 1 0 -1 0 0 0 0 0 0 116 0 91 91 25 20 16 10 12 32 35 45 55 16 9 12 5 
287000 287009 1 0 0 -15 -111 0 -18 -112 -11 129 95 89 90 25 20 16 10 12 32 35 45 55 16 12 11 5 
339500 339571 1 0 0 5 -73 0 4 -73 11 151 78 103 103 25 20 16 10 12 30 35 45 55 16 13 13 5 
363500 363570 1 0 0 15 -91 0 14 -92 20 160 106 103 103 25 20 16 10 12 30 35 45 55 16 13 12 5 
374000 374096 1 0 0 78 -74 0 80 -77 88 228 158 99 99 25 20 16 10 12 32 35 45 55 16 13 12 5 
379000 379015 1 13 0 71 -75 38 76 -71 82 222 147 95 90 25 20 16 10 12 32 35 45 55 16 12 12 5 
386000 386493 1 0 0 -30 -139 0 -26 -136 -20 120 110 101 104 25 20 16 10 12 30 35 45 55 16 6 11 5 
399500 399650 1 0 0 19 -105 0 17 -106 23 163 124 97 96 25 20 16 10 12 32 35 45 55 16 12 13 5 
418000 418169 1 0 0 -26 -130 0 -24 -128 -19 121 102 88 88 25 20 16 10 12 32 35 45 55 16 11 11 5 
465000 465147 1 0 0 -33 -126 0 -51 -128 -45 95 77 98 100 25 20 16 10 12 30 35 45 55 16 12 13 5 
468500 468541 1 13 0 -3 -105 4 -7 -108 -3 137 99 94 96 25 20 16 10 12 32 35 45 55 16 12 12 5 
473500 473560 1 0 0 31 -94 0 26 -99 34 174 127 88 91 25 20 16 10 12 32 35 45 55 16 10 11 5 
540000 540055 1 0 0 3 -104 0 6 -105 13 153 111 93 90 25 20 16 10 12 32 35 45 55 16 11 12 5 
570000 570110 1 0 0 31 -83 0 29 -87 36 176 115 89 91 25 20 16 10 12 32 35 45 55 16 11 11 5 
588500 588625 1 0 0 15 -93 0 15 -92 23 163 108 92 93 25 20 16 10 12 32 35 45 55 16 12 12 5 
603000 603091 1 0 0 51 -66 0 51 -66 56 196 119 91 89 25 20 16 10 12 32 35 45 55 16 10 11 5 
629000 629072 1 0 0 70 -51 0 70 -52 76 216 122 87 87 25 20 16 10 12 32 35 45 55 16 11 11 5 
693500 693502 1 0 0 25 -75 0 20 -79 25 165 99 88 86 25 20 16 10 12 32 35 45 55 16 11 11 5 
753500 753630 1 0 0 35 -95 0 37 -93 44 184 130 94 96 25 20 16 10 12 32 35 45 55 16 12 12 5 
819500 819578 1 0 0 -3 -80 0 -6 -80 0 140 74 112 113 25 20 16 10 12 28 35 45 55 16 12 14 5 
823500 823680 1 13 0 31 -79 7 29 -82 34 174 111 109 108 25 20 16 10 12 30 35 45 55 16 12 12 5 
833500 833612 1 0 0 93 -75 0 97 -76 105 245 174 99 99 25 20 16 10 12 32 35 45 55 16 13 13 5 
843000 843062 1 0 0 87 -69 0 87 -69 93 233 155 93 91 25 20 16 10 12 32 35 45 55 16 12 12 5 
861500 861625 1 0 0 -8 -114 0 0 -117 5 145 116 100 98 25 20 16 10 12 32 35 45 55 16 13 13 5 
886000 886098 1 0 0 29 -109 0 27 -111 33 173 138 96 94 25 20 16 10 12 32 35 45 55 16 12 12 5 
951500 951639 1 0 0 -19 -133 0 -19 -133 -10 130 115 96 99 25 20 16 10 12 32 35 45 55 16 12 12 5 
1097000 1097066 1 0 0 -46 -139 0 -54 -144 -49 91 90 92 92 25 20 16 10 12 32 35 45 55 16 12 12 5 
1109000 1109037 1 0 0 -108 -173 0 -108 -174 -103 37 65 92 91 25 20 16 10 12 32 35 45 55 16 12 11 5 
1112000 1112077 1 13 0 -73 -156 3 -71 -156 -65 75 84 91 90 25 20 16 10 12 32 35 45 55 16 11 12 5 
1117500 1117629 1 0 0 -17 -110 0 -23 -106 -16 124 84 95 100 25 20 16 10 12 30 35 45 55 16 12 13 5 
1187500 1187607 1 -1 1 -78 -179 -53 -81 -181 -74 66 101 90 91 25 20 16 10 12 32 35 45 55 16 12 11 5 
1228500 1228556 1 2 1 -324 -395 -296 -343 -408 -338 -198 66 88 88 25 20 16 10 12 32 35 45 55 16 11 11 5 
1266000 1266028 1 -3 1 -83 -142 -50 -81 -140 -74 66 59 94 93 25 20 16 10 12 32 35 45 55 16 12 10 5 
1380000 1380067 1 0 0 -45 -146 0 -35 -139 -28 112 104 88 90 25 20 16 10 12 32 35 45 55 16 10 11 5 
1389500 1389648 1 0 0 -22 -134 0 -30 -138 -22 118 109 92 91 25 20 16 10 12 32 35 45 55 16 12 11 5 
1398500 1398505 1 13 0 -82 -141 -32 -87 -145 -79 61 58 106 106 25 20 16 10 12 30 35 45 55 16 13 14 5 
1403500 1403599 1 0 0 -66 -131 0 -60 -125 -54 86 64 111 111 25 20 16 10 12 28 35 45 55 16 14 14 5 
1438000 1438108 1 0 0 0 -123 0 -4 -123 3 143 119 104 107 25 20 16 10 12 30 35 45 55 16 12 13 5 
1499000 1499059 1 0 0 -48 -161 0 -56 -166 -58 88 110 94 96 25 20 16 10 12 32 35 45 55 16 12 12 5 
1955500 1955628 1 0 0 -43 -129 0 -45 -132 -44 102 86 85 85 25 20 16 10 13 33 35 45 55 16 11 11 5 
2043000 2043062 1 0 0 -15 -106 0 -15 -106 -9 131 90 85 84 25 20 16 10 14 34 35 45 55 16 11 11 5 
2071000 2071112 1 0 0 -37 -112 0 -37 -112 -30 110 77 92 93 25 20 16 10 14 34 35 45 55 16 12 12 5 
2256500 2256604 1 0 0 -34 -111 0 -37 -114 -29 111 78 83 82 25 20 16 10 13 33 35 45 55 16 11 11 5 
2268500 2268535 1 0 0 -17 -100 0 -16 -99 -11 129 82 84 85 25 20 16 10 13 33 35 45 55 16 11 11 5 
2377500 2377640 1 0 0 -9 -129 0 -21 -137 -15 125 115 102 106 25 20 16 10 13 31 35 45 55 16 12 13 5 
2395000 2395022 1 -1 1 -64 -142 -55 -69 -148 -61 79 80 103 106 25 20 16 10 13 31 35 45 55 16 12 12 5 
2467000 2467115 1 2 1 -245 -262 -237 -247 -266 -241 -101 20 120 121 25 20 16 10 13 28 35 45 55 16 15 15 5 
2575500 2575626 1 -3 1 -53 -166 -47 -46 -168 -40 100 122 101 99 25 20 16 10 14 34 35 45 55 16 10 13 5 
2692500 2692519 1 0 0 -4 -115 0 -2 -115 4 144 113 94 97 25 20 16 10 13 33 35 45 55 16 12 12 5 
2779500 2779565 1 0 0 20 -100 0 20 -100 27 167 122 97 98 25 20 16 10 13 33 35 45 55 16 12 12 5 
2848500 2848571 1 -1 1 -40 -106 -56 -39 -107 -32 108 69 118 116 25 20 16 10 13 29 35 45 55 16 13 15 5 
2853500 2853596 1 2 1 -112 -165 -128 -117 -172 -110 30 56 123 123 25 20 16 10 13 28 35 45 55 16 14 14 5 
2869500 2869606 1 -3 1 -31 -157 -46 -34 -147 -28 112 113 108 111 25 20 16 10 13 29 35 45 55 16 12 13 5 
2882000 2882026 1 -1 1 -36 -156 -51 -47 -155 -40 100 107 99 100 25 20 16 10 13 31 35 45 55 16 12 13 5 
2897500 2897602 1 2 1 -132 -187 -146 -142 -193 -136 4 51 102 103 25 20 16 10 13 31 35 45 55 16 13 13 5 
2916500 2916629 1 -3 1 -30 -148 -43 -29 -148 -21 119 119 93 95 25 20 16 10 13 33 35 45 55 16 12 12 5 
2939500 2939651 1 -1 1 -42 -139 -54 -38 -135 -34 106 95 97 99 25 20 16 10 13 33 35 45 55 16 11 6 5 
2952000 2952003 1 2 1 -90 -163 -101 -103 -172 -96 44 69 105 107 25 20 16 10 13 31 35 45 55 16 12 13 5 
2970000 2970097 1 -3 1 -40 -156 -50 -46 -154 -39 101 108 103 101 25 20 16 10 13 31 35 45 55 16 13 13 5 
3219500 3219541 1 0 0 -2 -119 0 -2 -119 4 144 118 92 90 25 20 16 10 13 33 35 45 55 16 12 12 5 
3262500 3262649 1 0 0 5 -114 0 5 -115 10 150 119 97 99 25 20 16 10 13 33 35 45 55 16 12 12 5 
3340500 3340571 1 0 0 3 -114 0 0 -115 6 146 116 104 104 25 20 16 10 13 31 35 45 55 16 13 13 5 
3348500 3348546 1 13 0 -62 -144 -24 -71 -148 -64 76 77 113 114 25 20 16 10 13 29 35 45 55 16 14 15 5 
3352500 3352580 1 0 0 -58 -129 0 -56 -128 -50 90 71 114 113 25 20 16 10 13 29 35 45 55 16 15 15 5 
3429500 3429519 1 0 0 -62 -164 0 -68 -172 -68 78 104 105 104 25 20 16 10 13 31 35 45 55 16 14 13 5 
3458500 3458508 1 0 0 -48 -154 0 -47 -154 -40 100 107 102 101 25 20 16 10 13 31 35 45 55 16 13 13 5 
3516000 3516012 1 -1 1 6 -161 55 15 -160 22 162 177 99 96 25 20 16 10 13 33 35 45 55 16 13 12 5 
3560000 3560071 1 2 1 -251 -344 -202 -251 -345 -246 -106 93 101 100 25 20 16 10 14 32 35 45 55 16 13 13 5 
3645000 3645093 1 -3 1 -96 -167 -46 -98 -168 -91 49 71 103 104 25 20 16 10 13 31 35 45 55 16 13 13 5 
3705000 3705113 1 0 0 -51 -146 0 -57 -144 -50 90 88 104 105 25 20 16 10 13 31 35 45 55 16 12 14 5 
3869000 3869132 1 0 0 2 -127 0 -1 -129 7 147 129 103 103 25 20 16 10 13 31 35 45 55 16 13 13 5 
3897000 3897189 1 0 0 0 -154 0 -1 -155 7 147 156 96 97 25 20 16 10 13 33 35 45 55 16 11 12 5 
3903000 3903128 1 13 0 -50 -179 7 -67 -179 -61 79 111 100 100 25 20 16 10 13 31 35 45 55 16 13 13 5 
3908500 3908649 1 0 0 -109 -220 0 -102 -221 -97 43 117 100 98 25 20 16 10 13 33 35 45 55 16 13 13 5 
3914000 3914006 1 0 0 -94 -197 0 -114 -203 -108 32 91 100 100 25 20 16 10 13 31 35 45 55 16 13 12 5 
3916000 3916019 1 13 0 -63 -182 4 -83 -185 -82 64 102 98 100 25 20 16 10 13 31 35 45 55 16 12 13 5 
3919000 3919130 1 0 0 -26 -167 0 -24 -166 -22 124 142 93 90 25 20 16 10 13 33 35 45 55 16 12 11 5 
3952500 3952600 1 0 0 -35 -161 0 -34 -160 -33 113 126 96 93 25 20 16 10 13 33 35 45 55 16 12 12 5 
4046500 4046523 1 0 0 14 -119 0 16 -117 22 162 136 94 93 25 20 16 10 13 33 35 45 55 16 12 12 5 
4135500 4135591 1 0 0 -7 -138 0 -2 -136 -3 143 133 94 94 25 20 16 10 13 33 35 45 55 16 12 12 5 
4250500 4250589 1 0 0 -12 -148 0 -13 -151 -7 133 137 93 94 25 20 16 10 13 33 35 45 55 16 12 12 5 
4333000 4333155 1 -1 1 -78 -244 -51 -81 -247 -81 65 165 96 96 25 20 16 10 13 33 35 45 55 16 12 12 5 
4364500 4364586 1 2 1 -283 -381 -251 -289 -386 -289 -143 96 90 91 25 20 16 10 13 33 35 45 55 16 11 12 5 
4443500 4443654 1 -3 1 -89 -181 -43 -88 -180 -87 59 93 96 97 25 20 16 10 13 33 35 45 55 16 13 12 5 
4470000 4470036 1 0 0 -50 -176 0 -53 -178 -50 90 123 95 99 25 20 16 10 13 33 35 45 55 16 12 12 5 
5087000 5087132 1 0 0 -57 -162 0 -50 -158 -44 96 108 103 103 25 20 16 10 13 31 35 45 55 16 12 12 5 
5096500 5096615 1 -1 1 -121 -202 -61 -124 -204 -126 20 79 106 106 25 20 16 10 13 31 35 45 55 16 11 13 5 
5100500 5100672 1 2 1 -179 -229 -118 -170 -230 -171 -25 58 105 99 25 20 16 10 13 33 35 45 55 16 11 13 5 
5113000 5113021 1 -3 1 -110 -217 -46 -115 -220 -115 31 106 95 92 25 20 16 10 13 33 35 45 55 16 12 10 5 
5119000 5119109 1 0 0 -66 -193 0 -67 -193 -60 80 127 91 94 25 20 16 10 13 33 35 45 55 16 11 11 5 
5248000 5248137 1 0 0 -55 -154 0 -56 -154 -48 92 98 89 87 25 20 16 10 13 33 35 45 55 16 11 11 5 
5265000 5265134 1 0 0 -19 -120 0 -24 -124 -17 123 100 89 89 25 20 16 10 13 33 35 45 55 16 11 12 5 
5273500 5273588 1 0 0 5 -107 0 3 -110 7 147 112 94 99 25 20 16 10 13 33 35 45 55 16 12 12 5 
5285500 5285622 1 13 0 -66 -132 3 -69 -134 -64 76 63 111 111 25 20 16 10 13 29 35 45 55 16 13 14 5 
5289500 5289600 1 0 0 -93 -158 0 -91 -154 -85 55 63 115 115 25 20 16 10 13 29 35 45 55 16 11 14 5 
5304500 5304577 1 0 0 -4 -134 0 -5 -135 0 140 128 103 103 25 20 16 10 13 31 35 45 55 16 13 13 5 
5470500 5470526 1 0 0 -39 -156 0 -35 -154 -34 112 120 99 96 25 20 16 10 13 33 35 45 55 16 13 12 5 
5492000 5492125 1 -1 1 -91 -230 -53 -107 -233 -107 39 125 100 102 25 20 16 10 13 31 35 45 55 16 13 13 5 
5553500 5553621 1 2 1 -317 -358 -281 -325 -361 -324 -178 35 94 97 25 20 16 10 13 33 35 45 55 16 12 12 5 
5654000 5654140 1 -3 1 -82 -172 -50 -83 -173 -84 62 90 96 97 25 20 16 10 13 33 35 45 55 16 12 12 5 
5704500 5704583 1 0 0 -30 -165 0 -33 -167 -32 114 135 96 96 25 20 16 10 13 33 35 45 55 16 12 12 5 
6007500 6007642 1 0 0 -42 -149 0 -40 -147 -34 106 108 87 86 25 20 16 10 13 33 35 45 55 16 11 11 5 
6059000 6059114 1 -1 1 -86 -232 -52 -87 -232 -85 61 146 86 79 25 20 16 10 13 33 35 45 55 16 11 11 5 
6107000 6107013 1 2 1 -316 -351 -289 -318 -352 -318 -172 34 94 97 25 20 16 10 13 33 35 45 55 16 11 12 5 
6229500 6229645 1 -3 1 -58 -187 -49 -57 -186 -56 90 129 96 96 25 20 16 10 13 33 35 45 55 16 12 12 5 
6303500 6303608 1 0 0 2 -141 0 1 -142 2 148 143 93 91 25 20 16 10 13 33 35 45 55 16 12 12 5 
6385500 6385611 1 0 0 6 -129 0 5 -132 6 152 137 83 85 25 20 16 10 13 33 35 45 55 16 11 10 5 
6464000 6464079 1 0 0 -30 -135 0 -36 -138 -36 110 102 89 86 25 20 16 10 13 33 35 45 55 16 12 11 5 
6529500 6529647 1 0 0 -26 -130 0 -29 -130 -29 117 101 82 83 25 20 16 10 13 33 35 45 55 16 11 10 5 
6553000 6553120 1 0 0 -48 -139 0 -51 -141 -51 95 91 83 82 25 20 16 10 13 33 35 45 55 16 10 11 5 
6572000 6572015 1 0 0 -6 -104 0 -11 -107 -10 136 96 82 81 25 20 16 10 13 33 35 45 55 16 10 10 5 
6614000 6614160 1 0 0 -2 -98 0 -1 -97 -1 145 95 80 78 25 20 16 10 13 33 35 45 55 16 10 10 5 
6733000 6733013 1 0 0 -1 -97 0 -6 -101 -6 140 95 79 78 25 20 16 10 13 33 35 45 55 16 11 10 5 
6789500 6790041 1 0 0 13 -86 0 5 -86 6 152 90 100 103 25 20 16 10 13 31 35 45 55 16 8 13 5 
6793500 6793576 1 13 0 -15 -81 1 -16 -82 -10 130 65 105 105 25 20 16 10 13 31 35 45 55 16 13 14 5 
6798500 6798584 1 0 0 -51 -105 0 -53 -108 -46 94 56 109 109 25 20 16 10 13 31 35 45 55 16 14 14 5 
6809000 6809070 1 0 0 113 -45 0 121 -39 127 267 160 93 93 25 20 16 10 13 33 35 45 55 16 11 11 5 
6828000 6828047 1 0 0 -1 -108 0 1 -110 1 147 110 98 99 25 20 16 10 13 33 35 45 55 16 12 13 5 
6842000 6842004 1 0 0 57 -62 0 64 -58 65 211 123 84 81 25 20 16 10 13 33 35 45 55 16 11 10 5 
6894500 6894597 1 0 0 54 -71 0 47 -75 48 194 124 95 96 25 20 16 10 13 33 35 45 55 16 12 11 5 
7008500 7008564 1 0 0 61 -74 0 60 -75 62 208 137 84 87 25 20 16 10 13 33 35 45 55 16 11 10 5 
7015500 7015589 1 13 0 46 -80 12 48 -79 54 194 126 80 76 25 20 16 10 13 33 35 45 55 16 10 10 5 
7025500 7025748 1 0 0 -4 -99 0 -7 -99 -6 140 91 79 82 25 20 16 10 13 33 35 45 55 16 6 10 5 
7052000 7052091 1 0 0 1 -99 0 0 -99 1 147 99 71 72 25 20 16 10 13 33 35 45 55 16 9 9 5 
7070500 7070510 1 0 0 47 -72 0 55 -69 55 201 124 81 82 25 20 16 10 13 33 35 45 55 16 10 9 5 
7117500 7117673 1 0 0 5 -93 0 7 -92 7 153 99 84 81 25 20 16 10 13 33 35 45 55 16 11 11 5 
7133500 7133602 1 0 0 -31 -124 0 -30 -124 -25 115 94 84 84 25 20 16 10 13 33 35 45 55 16 11 11 5 
7143000 7143039 1 13 0 29 -81 11 29 -80 35 175 109 86 87 25 20 16 10 13 33 35 45 55 16 11 10 5 
7148500 7148549 1 0 0 47 -61 0 48 -58 56 196 109 89 89 25 20 16 10 13 33 35 45 55 16 11 8 5 
7213000 7213172 1 0 0 64 -53 0 63 -52 62 208 116 86 86 25 20 16 10 13 33 35 45 55 16 9 11 5 
7281500 7281600 1 0 0 36 -104 0 30 -110 30 176 138 92 94 25 20 16 10 13 33 35 45 55 16 11 9 5 
7362000 7362076 1 0 0 50 -81 0 58 -81 59 205 139 98 97 25 20 16 10 13 33 35 45 55 16 13 13 5 
7403000 7403026 1 -1 1 -18 -154 -55 -19 -153 -18 128 134 97 96 25 20 16 10 13 33 35 45 55 16 12 12 5 
7450000 7450050 1 2 1 -187 -271 -208 -193 -277 -193 -47 85 79 79 25 20 16 10 13 33 35 45 55 16 10 10 5 
7497000 7497042 1 -3 1 -45 -99 -50 -44 -97 -43 103 54 94 95 25 20 16 10 13 33 35 45 55 16 13 12 5 
7518000 7518032 1 0 0 -3 -97 0 -3 -97 -4 142 95 91 93 25 20 16 10 13 33 35 45 55 16 12 12 5 
7548500 7548547 1 0 0 -26 -120 0 -26 -121 -26 120 94 89 90 25 20 16 10 13 33 35 45 55 16 11 12 5 
7571500 7571529 1 0 0 48 -73 0 51 -72 57 197 124 81 82 25 20 16 10 13 33 35 45 55 16 8 9 5 
7582500 7582700 1 0 0 2 -113 0 4 -111 6 152 116 76 75 25 20 16 10 13 33 35 45 55 16 10 9 5 
7617000 7617217 1 0 0 -49 -152 0 -50 -151 -50 96 101 68 69 25 20 16 10 13 33 35 45 55 16 8 9 5 
7639000 7639039 1 0 0 0 -96 0 -1 -96 6 146 96 67 68 25 20 16 10 13 33 35 45 55 16 9 8 5 
7742000 7742101 1 0 0 19 -88 0 17 -93 24 164 111 96 97 25 20 16 10 13 33 35 45 55 16 12 12 5 
7765000 7765151 1 0 0 27 -91 0 31 -89 38 178 120 83 84 25 20 16 10 14 34 35 45 55 16 11 10 5 
7768000 7768131 1 13 0 -29 -119 -8 -34 -118 -28 112 82 79 82 25 20 16 10 14 34 35 45 55 16 7 10 5 
7771500 7771679 1 0 0 -77 -142 0 -74 -140 -75 71 66 78 77 25 20 16 10 14 34 35 45 55 16 9 10 5 
7796500 7796684 1 0 0 -99 -148 0 -99 -148 -93 47 50 67 66 25 20 16 10 14 34 35 45 55 16 8 8 5 
7866500 7866637 1 0 0 -62 -126 0 -62 -126 -56 84 65 71 71 25 20 16 10 13 33 35 45 55 16 9 9 5 
7874000 7874069 1 13 0 69 -53 37 90 -39 89 235 128 77 78 25 20 16 10 13 33 35 45 55 16 7 9 5 
7878000 7878035 1 0 0 82 -32 0 81 -33 80 226 113 72 71 25 20 16 10 13 33 35 45 55 16 9 9 5 
7942500 7942822 1 0 0 35 -56 0 32 -58 38 178 90 67 68 25 20 16 10 14 34 35 45 55 16 7 9 5 
7978500 7978505 1 -1 1 -30 -145 -52 -28 -146 -28 118 118 79 80 25 20 16 10 14 34 35 45 55 16 7 9 5 
7997500 7997540 1 2 1 -166 -242 -180 -171 -245 -169 -23 74 79 71 25 20 16 10 14 34 35 45 55 16 10 9 5 
8053000 8053035 1 -3 1 -55 -112 -48 -54 -112 -53 93 59 65 66 25 20 16 10 13 33 35 45 55 16 8 8 5 
8077500 8077553 1 0 0 -16 -74 0 -16 -73 -9 131 57 68 67 25 20 16 10 13 33 35 45 55 16 8 8 5 
8387000 8387169 1 0 0 -19 -93 0 -22 -94 -21 125 73 73 72 25 20 16 10 13 33 35 45 55 16 9 9 5 
8690500 8690569 1 0 0 -16 -86 0 -17 -87 -16 130 71 74 74 25 20 16 10 13 33 35 45 55 16 9 9 5 
8713000 8713075 1 0 0 -44 -110 0 -42 -109 -42 104 66 74 74 25 20 16 10 13 33 35 45 55 16 9 9 5 
8786000 8786187 1 0 0 -41 -106 0 -41 -106 -39 107 66 74 76 25 20 16 10 13 33 35 45 55 16 9 9 5 
8808500 8808673 1 0 0 -1 -79 0 -1 -78 0 146 78 68 69 25 20 16 10 13 33 35 45 55 16 8 9 5 
8831000 8831068 1 0 0 7 -71 0 6 -72 7 153 77 71 69 25 20 16 10 13 33 35 45 55 16 9 9 5 
8855500 8855511 1 0 0 0 -67 0 0 -68 -1 145 67 74 74 25 20 16 10 13 33 35 45 55 16 9 9 5 
8876000 8876044 1 0 0 -44 -110 0 -46 -112 -46 100 67 72 68 25 20 16 10 13 33 35 45 55 16 9 9 5 
8915500 8915666 1 0 0 -28 -100 0 -28 -101 -22 118 73 73 72 25 20 16 10 13 33 35 45 55 16 9 9 5 
8946500 8946545 1 0 0 -57 -123 0 -50 -123 -44 96 72 75 74 25 20 16 10 13 33 35 45 55 16 9 9 5 
8953000 8953162 1 -1 1 -100 -137 -53 -102 -139 -101 45 36 85 89 25 20 16 10 13 33 35 45 55 16 12 10 5 
8971000 8971058 1 2 1 -111 -159 -93 -116 -162 -115 31 47 75 75 25 20 16 10 13 33 35 45 55 16 9 9 5 
8980500 8980587 1 -3 1 -49 -126 -46 -53 -129 -53 93 76 74 74 25 20 16 10 13 33 35 45 55 16 9 9 5 
8986500 8986521 1 0 0 7 -84 0 8 -83 16 156 92 72 73 25 20 16 10 13 33 35 45 55 16 9 9 5 
9020500 9020570 1 0 0 -14 -78 0 -17 -81 -15 131 65 70 70 25 20 16 10 14 34 35 45 55 16 9 9 5 
9047000 9047093 1 0 0 -49 -102 0 -50 -103 -44 96 53 71 72 25 20 16 10 14 34 35 45 55 16 9 9 5 
9110500 9110592 1 0 0 -11 -71 0 -12 -72 -6 134 59 72 71 25 20 16 10 14 34 35 45 55 16 9 9 5 
9150000 9150175 1 0 0 1 -69 0 -1 -72 4 144 71 75 77 25 20 16 10 13 33 35 45 55 16 10 9 5 
9183500 9183549 1 0 0 -29 -96 0 -31 -97 -25 115 66 68 68 25 20 16 10 13 33 35 45 55 16 9 9 5 
9298000 9298052 1 0 0 -21 -89 0 -22 -91 -16 124 68 69 68 25 20 16 10 13 33 35 45 55 16 9 9 5 
9332500 9332667 1 -1 1 -75 -133 -53 -80 -136 -79 67 56 73 74 25 20 16 10 13 33 35 45 55 16 9 9 5 
9372500 9372633 1 2 1 -231 -266 -209 -236 -268 -235 -89 32 79 78 25 20 16 10 14 34 35 45 55 16 10 4 5 
9451500 9451557 1 -3 1 -73 -120 -50 -76 -120 -74 72 45 70 73 25 20 16 10 13 33 35 45 55 16 9 9 5 
9506500 9506667 1 0 0 -25 -99 0 -27 -100 -21 119 72 66 69 25 20 16 10 13 33 35 45 55 16 8 8 5 
9703000 9703136 1 0 0 -15 -89 0 -13 -88 -13 133 74 69 64 25 20 16 10 13 33 35 45 55 16 9 8 5 
9848000 9848099 1 0 0 -35 -101 0 -33 -100 -26 114 68 92 92 25 20 16 10 13 33 35 45 55 16 10 12 5 
9881500 9881551 1 -1 1 -94 -183 -56 -97 -185 -96 50 91 87 91 25 20 16 10 13 33 35 45 55 16 11 12 5 
9920000 9920189 1 2 1 -264 -303 -224 -261 -301 -261 -115 41 71 67 25 20 16 10 13 33 35 45 55 16 10 8 5 
9972500 9972627 1 -3 1 -92 -131 -49 -91 -130 -91 55 40 62 63 25 20 16 10 13 33 35 45 55 16 8 8 5 
10017500 10017534 1 0 0 -46 -108 0 -47 -109 -39 101 62 63 64 25 20 16 10 13 33 35 45 55 16 8 8 5 
10149500 10149590 1 0 0 -53 -115 0 -55 -117 -54 92 63 66 66 25 20 16 10 13 33 35 45 55 16 8 8 5 
10170000 10170182 1 0 0 15 -62 0 16 -62 23 163 79 64 63 25 20 16 10 13 33 35 45 55 16 8 8 5 
10198000 10198110 1 0 0 31 -49 0 31 -51 37 177 81 64 64 25 20 16 10 13 33 35 45 55 16 8 8 5 
10215000 10215094 1 0 0 -37 -102 0 -39 -103 -38 108 65 64 65 25 20 16 10 13 33 35 45 55 16 8 8 5 
10367000 10367183 1 0 0 -30 -95 0 -32 -97 -27 113 65 62 60 25 20 16 10 13 33 35 45 55 16 8 8 5 
10391000 10391175 1 0 0 -10 -75 0 -12 -76 -5 135 65 63 62 25 20 16 10 13 33 35 45 55 16 8 8 5 
10451000 10451066 1 0 0 -14 -83 0 -14 -83 -9 131 68 60 59 25 20 16 10 13 33 35 45 55 16 8 8 5 
10464500 10464645 1 0 0 -26 -92 0 -27 -93 -22 118 67 61 61 25 20 16 10 13 33 35 45 55 16 8 8 5 
10547000 10547215 1 0 0 -33 -97 0 -33 -97 -27 113 64 61 61 25 20 16 10 13 33 35 45 55 16 8 8 5 
10605000 10605234 1 0 0 -16 -81 0 -17 -82 -11 129 67 62 63 25 20 16 10 13 33 35 45 55 16 8 8 5 
10657500 10657594 1 0 0 0 -66 0 -3 -69 3 143 68 63 62 25 20 16 10 13 33 35 45 55 16 8 8 5 
10689500 10689694 1 0 0 -33 -94 0 -32 -93 -27 113 61 61 61 25 20 16 10 13 33 35 45 55 16 8 8 5 
10811500 10811712 1 0 0 -56 -113 0 -57 -114 -53 87 56 61 62 25 20 16 10 13 33 35 45 55 16 8 8 5 
10860000 10860028 1 -1 1 -112 -168 -52 -114 -170 -114 32 57 66 66 25 20 16 10 13 33 35 45 55 16 8 8 5 
10903000 10903196 1 2 1 -242 -287 -177 -241 -287 -242 -96 46 65 66 25 20 16 10 13 33 35 45 55 16 8 8 5 
10924500 10924502 1 -3 1 -109 -162 -42 -112 -163 -113 33 49 72 74 25 20 16 10 13 33 35 45 55 16 7 10 5 
10974500 10974618 1 0 0 -73 -130 0 -72 -134 -67 73 62 73 79 25 20 16 10 13 33 35 45 55 16 2 8 5 
11188000 11188133 1 0 0 -76 -126 0 -74 -125 -67 73 52 66 59 25 20 16 10 13 33 35 45 55 16 9 8 5 
11231500 11231695 1 -1 1 -126 -170 -50 -128 -172 -129 17 44 65 63 25 20 16 10 13 33 35 45 55 16 8 8 5 
11268500 11268650 1 2 1 -266 -289 -190 -271 -292 -270 -124 21 71 69 25 20 16 10 13 33 35 45 55 16 9 9 5 
11316500 11316686 1 -3 1 -126 -163 -49 -128 -164 -129 17 35 62 66 25 20 16 10 13 33 35 45 55 16 8 7 5 
11374000 11374191 1 0 0 -78 -129 0 -78 -128 -72 68 49 59 61 25 20 16 10 13 33 35 45 55 16 7 8 5 
11430000 11430098 1 0 0 -74 -123 0 -73 -123 -67 73 50 57 57 25 20 16 10 13 33 35 45 55 16 7 7 5 
11450000 11450243 1 0 0 -93 -141 0 -94 -143 -89 51 48 60 59 25 20 16 10 13 33 35 45 55 16 7 8 5 
11459000 11459063 1 13 0 -30 -104 -20 -27 -106 -27 119 80 78 81 25 20 16 10 13 33 35 45 55 16 10 7 5 
11467000 11467055 1 0 0 64 -46 0 67 -45 74 214 112 61 54 25 20 16 10 13 33 35 45 55 16 8 7 5 
11486500 11486540 1 0 0 33 -74 0 32 -76 37 177 108 58 59 25 20 16 10 13 33 35 45 55 16 7 7 5 
11739500 11739708 1 0 0 63 -40 0 60 -42 60 206 103 56 57 25 20 16 10 14 34 35 45 55 16 7 7 5 
11767500 11767660 1 0 0 99 -14 0 96 -16 103 243 112 61 60 25 20 16 10 14 34 35 45 55 16 7 8 5 
11942000 11942035 1 0 0 80 -22 0 77 -25 84 224 102 55 57 25 20 16 10 14 34 35 45 55 16 7 7 5 
11954500 11954676 1 13 0 8 -65 -33 4 -70 9 149 71 72 77 25 20 16 10 14 34 35 45 55 16 7 8 5 
11968000 11968159 1 0 0 -2 -78 0 -1 -78 6 146 78 57 57 25 20 16 10 14 34 35 45 55 16 7 7 5 
12045500 12045686 1 0 0 -3 -75 0 -5 -75 2 142 70 62 60 25 20 16 10 14 34 35 45 55 16 7 8 5 
12051000 12051106 1 13 0 40 -55 1 40 -57 42 188 98 76 81 25 20 16 10 14 34 35 45 55 16 10 10 5 
12058000 12058162 1 0 0 93 -16 0 94 -15 99 239 109 60 59 25 20 16 10 14 34 35 45 55 16 7 8 5 
12103500 12103635 1 0 0 85 -26 0 84 -29 91 231 113 61 59 25 20 16 10 14 34 35 45 55 16 7 8 5 
12106500 12106503 1 13 0 41 -43 -5 38 -46 44 184 83 67 71 25 20 16 10 14 34 35 45 55 16 8 8 5 
12110500 12110666 1 0 0 -6 -64 0 -6 -64 -1 139 56 58 55 25 20 16 10 14 34 35 45 55 16 7 7 5 
12143500 12143618 1 0 0 -42 -94 0 -43 -95 -36 104 52 56 54 25 20 16 10 14 34 35 45 55 16 7 7 5 
12147500 12147597 1 13 0 11 -70 -3 14 -70 21 161 84 66 71 25 20 16 10 14 34 35 45 55 16 7 10 5 
12152000 12152042 1 0 0 78 -27 0 78 -26 83 223 103 59 56 25 20 16 10 14 34 35 45 55 16 7 7 5 
12199000 12199012 1 0 0 84 -29 0 83 -31 89 229 114 63 66 25 20 16 10 14 34 35 45 55 16 8 8 5 
12201500 12201685 1 13 0 62 -35 4 55 -39 62 202 95 65 65 25 20 16 10 14 34 35 45 55 16 8 8 5 
12204500 12204545 1 0 0 26 -41 0 23 -42 28 168 65 63 65 25 20 16 10 14 34 35 45 55 16 9 7 5 
12235000 12235095 1 0 0 -44 -96 0 -47 -98 -42 98 51 60 60 25 20 16 10 14 34 35 45 55 16 7 8 5 
12239000 12239126 1 13 0 26 -65 4 32 -64 38 178 96 70 79 25 20 16 10 14 34 35 45 55 16 8 10 5 
12242000 12242038 1 0 0 73 -38 0 72 -39 78 218 111 66 64 25 20 16 10 14 34 35 45 55 16 9 8 5 
12247000 12247171 1 0 0 71 -39 0 69 -43 68 214 111 71 77 25 20 16 10 14 34 35 45 55 16 9 9 5 
12299500 12299737 1 0 0 89 -28 0 88 -29 93 233 118 61 61 25 20 16 10 14 34 35 45 55 16 8 8 5 
12320500 12320621 1 0 0 -1 -116 0 -1 -116 6 146 115 66 67 25 20 16 10 14 34 35 45 55 16 8 9 5 
12334500 12341596 1 -1 1 -56 -163 -50 -225 -250 -218 -78 26 76 75 25 20 16 10 14 34 35 45 55 16 0 1 5 
12347500 12347573 1 2 1 -231 -275 -220 -230 -277 -225 -85 46 63 62 25 20 16 10 14 34 35 45 55 16 8 8 5 
12400000 12400083 1 -3 1 -78 -124 -48 -78 -125 -72 68 47 58 58 25 20 16 10 14 34 35 45 55 16 7 7 5 
12425500 12425716 1 0 0 -39 -81 0 -39 -81 -32 108 42 59 60 25 20 16 10 14 34 35 45 55 16 7 7 5 
12553500 12553781 1 0 0 -30 -87 0 -39 -96 -39 107 56 73 79 25 20 16 10 14 34 35 45 55 16 7 10 5 
12558000 12558013 1 13 0 -63 -97 -2 -60 -93 -58 88 32 86 90 25 20 16 10 14 34 35 45 55 16 11 11 5 
12563000 12563240 1 0 0 -94 -131 0 -95 -135 -96 50 38 61 59 25 20 16 10 14 34 35 45 55 16 7 8 5 
12679000 12679228 1 0 0 -80 -138 0 -80 -138 -74 66 57 61 61 25 20 16 10 13 33 35 45 55 16 8 8 5 
12720500 12720663 1 -1 1 -90 -144 -51 -93 -146 -92 54 54 62 62 25 20 16 10 13 33 35 45 55 16 8 8 5 
12761000 12761229 1 2 1 -284 -306 -284 -288 -310 -287 -141 23 69 63 25 20 16 10 13 33 35 45 55 16 6 8 5 
12795500 12795719 1 -3 1 -13 -121 -47 -14 -122 -13 133 110 65 60 25 20 16 10 13 33 35 45 55 16 9 7 5 
12808000 12808006 1 0 0 46 -71 0 47 -69 54 194 117 58 57 25 20 16 10 13 33 35 45 55 16 7 7 5 
12835000 12835044 1 0 0 51 -58 0 54 -54 60 200 108 58 53 25 20 16 10 13 33 35 45 55 16 7 7 5 
12841500 12841825 1 -1 1 4 -71 -54 1 -70 0 146 69 76 75 25 20 16 10 13 33 35 45 55 16 9 10 5 
12848000 12848154 1 2 1 -69 -116 -132 -70 -116 -68 78 48 61 58 25 20 16 10 13 33 35 45 55 16 7 4 5 
12854500 12854636 1 -3 1 25 -85 -44 31 -85 32 178 117 80 87 25 20 16 10 13 33 35 45 55 16 9 10 5 
12866500 12866634 1 0 0 80 -39 0 81 -38 88 228 120 64 66 25 20 16 10 14 34 35 45 55 16 9 8 5 
13010500 13010725 1 0 0 66 -52 0 66 -52 72 212 118 59 58 25 20 16 10 13 33 35 45 55 16 7 7 5 
13031500 13031522 1 0 0 66 -54 0 66 -54 73 213 119 60 58 25 20 16 10 13 33 35 45 55 16 7 8 5 
13037000 13037170 1 13 0 36 -68 28 32 -73 38 178 104 72 77 25 20 16 10 13 33 35 45 55 16 8 8 5 
13044500 13044611 1 0 0 -71 -115 0 -74 -117 -68 72 42 66 61 25 20 16 10 13 33 35 45 55 16 9 7 5 
13115500 13115724 1 0 0 -41 -95 0 -43 -97 -36 104 54 60 60 25 20 16 10 13 33 35 45 55 16 7 8 5 
13122500 13122695 1 0 0 -28 -91 0 -26 -90 -26 120 63 58 60 25 20 16 10 13 33 35 45 55 16 7 7 5 
13128500 13128524 1 13 0 47 -58 7 50 -56 52 198 107 72 82 25 20 16 10 13 33 35 45 55 16 8 9 5 
13134000 13134246 1 0 0 102 -29 0 106 -26 108 254 132 61 59 25 20 16 10 13 33 35 45 55 16 7 5 5 
13140000 13140018 1 0 0 74 -46 0 71 -46 78 218 117 58 55 25 20 16 10 13 33 35 45 55 16 7 7 5 
13185000 13185153 1 0 0 68 -49 0 66 -50 73 213 116 55 54 25 20 16 10 13 33 35 45 55 16 7 7 5 
13207000 13207598 1 -1 1 10 -109 -51 8 -112 8 154 118 60 60 25 20 16 10 13 33 35 45 55 16 5 8 5 
13236000 13236180 1 2 1 -180 -229 -233 -194 -237 -194 -48 43 75 89 25 20 16 10 13 33 35 45 55 16 1 1 5 
13273500 13273765 1 -3 1 -8 -92 -49 -7 -91 -8 138 82 57 56 25 20 16 10 13 33 35 45 55 16 7 7 5 
13297500 13297632 1 0 0 33 -48 0 32 -48 38 178 79 55 56 25 20 16 10 13 33 35 45 55 16 7 7 5 
13301000 13301121 1 13 0 -4 -71 -16 -6 -72 1 141 66 57 57 25 20 16 10 13 33 35 45 55 16 7 7 5 
13307000 13307018 1 0 0 -24 -94 0 -27 -95 -26 120 69 56 56 25 20 16 10 13 33 35 45 55 16 6 7 5 
13542000 13542224 1 0 0 -56 -103 0 -56 -104 -54 92 49 70 71 25 20 16 10 13 33 35 45 55 16 8 6 5 
13548000 13548121 1 13 0 -68 -113 10 -72 -118 -71 75 46 86 86 25 20 16 10 13 33 35 45 55 16 10 9 5 
13557000 13557210 1 0 0 -111 -155 0 -114 -156 -113 33 42 63 64 25 20 16 10 13 33 35 45 55 16 8 8 5 
13781500 13781662 1 0 0 -111 -157 0 -111 -157 -106 34 46 64 65 25 20 16 10 13 33 35 45 55 16 8 8 5 
13817000 13817009 1 -1 1 -167 -202 -52 -171 -205 -171 -25 34 64 66 25 20 16 10 13 33 35 45 55 16 8 8 5 
13860500 13860511 1 2 1 -338 -355 -217 -343 -360 -344 -198 16 65 65 25 20 16 10 13 33 35 45 55 16 8 8 5 
13891500 13891504 1 -3 1 -170 -203 -47 -170 -204 -170 -24 33 62 62 25 20 16 10 13 33 35 45 55 16 8 8 5 
13910500 13910692 1 0 0 -126 -166 0 -125 -165 -120 20 39 61 62 25 20 16 10 13 33 35 45 55 16 8 8 5 
14104500 14104503 1 0 0 -111 -150 0 -111 -151 -110 36 41 61 61 25 20 16 10 13 33 35 45 55 16 8 8 5 
14124500 14124531 1 0 0 -95 -135 0 -97 -137 -98 48 39 79 82 25 20 16 10 13 33 35 45 55 16 10 10 5 
14164000 14164168 1 0 0 -117 -153 0 -123 -158 -116 24 36 69 63 25 20 16 10 13 33 35 45 55 16 8 9 5 
14200000 14200233 1 -1 1 -162 -195 -51 -162 -197 -161 -15 36 62 60 25 20 16 10 13 33 35 45 55 16 8 7 5 
14250500 14250620 1 2 1 -304 -318 -201 -313 -326 -312 -166 13 60 55 25 20 16 10 13 33 35 45 55 16 7 7 5 
14273500 14273701 1 -3 1 -149 -186 -50 -152 -189 -152 -6 38 61 57 25 20 16 10 13 33 35 45 55 16 7 8 5 
14321500 14321615 1 0 0 -92 -131 0 -94 -133 -87 53 39 63 69 25 20 16 10 13 33 35 45 55 16 8 7 5 
14388000 14388068 1 0 0 -97 -133 0 -98 -132 -91 49 35 79 82 25 20 16 10 13 33 35 45 55 16 8 8 5 
14396000 14396137 1 13 0 -48 -104 6 -45 -103 -38 102 57 82 83 25 20 16 10 13 33 35 45 55 16 10 11 5 
14404500 14404738 1 0 0 -10 -78 0 -31 -92 -25 115 60 79 81 25 20 16 10 13 33 35 45 55 16 7 9 5 
14420500 14420656 1 0 0 -48 -108 0 -46 -109 -41 99 62 88 88 25 20 16 10 13 33 35 45 55 16 10 12 5 
14461000 14461106 1 0 0 -49 -126 0 -49 -124 -43 97 76 88 89 25 20 16 10 13 33 35 45 55 16 11 11 5 
14502000 14502123 1 0 0 -50 -111 0 -52 -111 -46 94 60 91 89 25 20 16 10 13 33 35 45 55 16 12 11 5 
14534000 14534130 1 0 0 -73 -137 0 -79 -142 -73 67 65 78 76 25 20 16 10 13 33 35 45 55 16 10 10 5 
14574500 14574599 1 0 0 -69 -137 0 -72 -139 -66 74 65 74 77 25 20 16 10 12 32 35 45 55 16 9 9 5 
14630500 14630689 1 0 0 -31 -113 0 -34 -114 -27 113 81 74 74 25 20 16 10 12 32 35 45 55 16 9 9 5 
14673000 14673060 1 -1 1 -81 -133 -50 -88 -137 -82 58 48 100 103 25 20 16 10 12 30 35 45 55 16 13 13 5 
14724500 14724566 1 2 1 -248 -324 -219 -245 -322 -240 -100 77 89 89 25 20 16 10 11 31 35 45 55 16 12 7 5 
14830500 14830625 1 -3 1 -73 -143 -45 -56 -139 -49 91 84 99 95 25 20 16 10 13 33 35 45 55 16 13 11 5 
14848000 14848208 1 0 0 -28 -139 0 -27 -139 -27 119 112 70 71 25 20 16 10 13 33 35 45 55 16 6 9 5 
14894000 14894144 1 -1 1 -78 -162 -55 -73 -160 -66 74 88 81 79 25 20 16 10 13 33 35 45 55 16 10 10 5 
14903500 14903596 1 2 1 -182 -241 -161 -181 -246 -175 -35 65 95 99 25 20 16 10 13 33 35 45 55 16 13 12 5 
15027500 15027536 1 -3 1 -55 -113 -48 -62 -120 -53 87 59 83 81 25 20 16 10 15 35 35 45 55 16 11 10 5 
15085000 15085137 1 0 0 -1 -95 0 -12 -100 -12 134 88 88 89 25 20 16 10 12 32 35 45 55 16 10 10 5 
15127500 15127597 1 -1 1 -61 -172 -58 -62 -176 -56 84 113 91 84 25 20 16 10 13 33 35 45 55 16 11 12 5 
15170500 15170587 1 2 1 -276 -295 -270 -275 -292 -269 -129 16 77 79 25 20 16 10 13 33 35 45 55 16 10 10 5 
15281000 15281151 1 -3 1 -62 -134 -47 -65 -139 -60 80 73 75 75 25 20 16 10 12 32 35 45 55 16 9 10 5 
15373000 15373151 1 0 0 -22 -116 0 -22 -114 -15 125 93 80 79 25 20 16 10 12 32 35 45 55 16 10 10 5 
15474500 15474671 1 0 0 -21 -117 0 -24 -120 -23 123 97 85 83 25 20 16 10 12 32 35 45 55 16 11 11 5 
15592500 15592595 1 0 0 -35 -126 0 -32 -127 -25 115 94 87 87 25 20 16 10 12 32 35 45 55 16 10 11 5 
15635000 15635076 1 -1 1 -93 -181 -51 -94 -183 -89 51 89 84 83 25 20 16 10 12 32 35 45 55 16 11 11 5 
15692500 15692580 1 2 1 -319 -344 -268 -318 -343 -312 -172 26 76 73 25 20 16 10 12 32 35 45 55 16 10 9 5 
15730000 15730160 1 -3 1 -106 -118 -50 -105 -116 -100 40 10 81 81 25 20 16 10 12 32 35 45 55 16 10 10 5 
15827000 15827132 1 0 0 -73 -160 0 -75 -161 -69 71 87 91 92 25 20 16 10 12 32 35 45 55 16 12 12 5 
15992000 15992110 1 0 0 -76 -154 0 -72 -153 -66 74 81 84 81 25 20 16 10 12 32 35 45 55 16 10 11 5 
16008000 16008125 1 -1 1 -131 -202 -51 -140 -202 -140 6 62 102 103 25 20 16 10 12 30 35 45 55 16 13 13 5 
16085500 16085623 1 2 1 -376 -352 -280 -387 -358 -386 -240 -28 85 85 25 20 16 10 12 32 35 45 55 16 11 11 5 
16207000 16207060 1 -3 1 -171 -202 -49 -173 -204 -173 -27 31 83 84 25 20 16 10 13 33 35 45 55 16 11 11 5 
16346000 16346139 1 0 0 -151 -199 0 -154 -201 -154 -8 47 72 71 25 20 16 10 13 33 35 45 55 16 9 9 5 
16368000 16368049 1 0 0 -119 -167 0 -120 -166 -121 25 45 85 83 25 20 16 10 13 33 35 45 55 16 11 11 5 
16393000 16393142 1 -1 1 -170 -211 -56 -169 -213 -170 -24 43 103 103 25 20 16 10 13 31 35 45 55 16 13 13 5 
16448500 16449021 1 2 1 -290 -359 -190 -294 -365 -294 -148 70 84 83 25 20 16 10 12 32 35 45 55 16 1 8 5 
16512000 16512005 1 -3 1 -133 -172 -48 -135 -173 -135 11 39 95 95 25 20 16 10 12 32 35 45 55 16 12 12 5 
16636000 16636049 1 0 0 -55 -149 0 -59 -156 -59 87 97 89 84 25 20 16 10 12 32 35 45 55 16 11 10 5 
16655500 16655604 1 0 0 -25 -118 0 -24 -117 -18 122 94 89 87 25 20 16 10 12 32 35 45 55 16 11 11 5 
16688500 16688581 1 0 0 -18 -132 0 -12 -129 -5 135 116 92 90 25 20 16 10 12 32 35 45 55 16 11 10 5 
16696000 16696096 1 13 0 -25 -114 26 -9 -106 -4 136 96 99 99 25 20 16 10 12 32 35 45 55 16 11 2 5 
16701500 16701507 1 0 0 -76 -145 0 -84 -150 -76 64 68 104 103 25 20 16 10 12 30 35 45 55 16 12 6 5 
16734500 16734644 1 0 0 -32 -132 0 -38 -130 -33 107 92 99 100 25 20 16 10 12 30 35 45 55 16 13 13 5 
16777500 16777628 1 0 0 -43 -147 0 -40 -143 -33 107 104 82 83 25 20 16 10 12 32 35 45 55 16 10 11 5 
16815000 16815178 1 0 0 -60 -149 0 -61 -152 -55 85 91 91 92 25 20 16 10 12 32 35 45 55 16 10 11 5 
16841000 16841096 1 0 0 -15 -107 0 -16 -108 -16 130 92 80 79 25 20 16 10 12 32 35 45 55 16 10 10 5 
16965000 16965147 1 0 0 19 -77 0 21 -76 28 168 98 83 82 25 20 16 10 12 32 35 45 55 16 10 11 5 
17007500 17007547 1 -1 1 -32 -88 -50 -46 -99 -45 101 53 91 90 25 20 16 10 12 32 35 45 55 16 12 11 5 
17091500 17091537 1 2 1 -322 -356 -339 -327 -360 -326 -180 33 81 79 25 20 16 10 12 32 35 45 55 16 10 10 5 
17152000 17152185 1 -3 1 -31 -81 -48 -26 -78 -26 120 53 83 78 25 20 16 10 12 32 35 45 55 16 11 10 5 
17208500 17208528 1 0 0 16 -52 0 21 -47 22 168 68 104 109 25 20 16 10 12 30 35 45 55 16 10 14 5 
17227500 17227502 1 0 0 63 -60 0 63 -61 69 209 123 89 89 25 20 16 10 12 32 35 45 55 16 11 11 5 
17269500 17269553 1 0 0 51 -84 0 53 -82 59 199 135 82 80 25 20 16 10 12 32 35 45 55 16 10 10 5 
17279000 17279079 1 0 0 -9 -126 0 -6 -124 0 140 118 88 89 25 20 16 10 12 32 35 45 55 16 12 11 5 
17307000 17307099 1 0 0 -15 -126 0 -15 -125 -9 131 109 93 94 25 20 16 10 12 32 35 45 55 16 11 12 5 
17321000 17321049 1 0 0 42 -92 0 39 -93 45 185 132 93 93 25 20 16 10 12 32 35 45 55 16 12 11 5 
17350500 17350596 1 0 0 29 -100 0 27 -103 33 173 129 89 88 25 20 16 10 12 32 35 45 55 16 11 11 5 
17358500 17358607 1 0 0 66 -76 0 66 -75 73 213 141 86 85 25 20 16 10 12 32 35 45 55 16 11 11 5 
17380500 17380597 1 0 0 59 -81 0 60 -82 67 207 143 88 87 25 20 16 10 12 32 35 45 55 16 11 11 5 
17391500 17391554 1 0 0 13 -106 0 10 -109 15 155 118 89 86 25 20 16 10 12 32 35 45 55 16 11 11 5 
17439500 17439606 1 0 0 -3 -116 0 -5 -118 1 141 114 90 88 25 20 16 10 12 32 35 45 55 16 12 11 5 
17448500 17448550 1 0 0 36 -92 0 34 -93 40 180 127 87 87 25 20 16 10 12 32 35 45 55 16 11 11 5 
17569500 17569619 1 0 0 -1 -106 0 1 -104 6 146 105 91 91 25 20 16 10 12 32 35 45 55 16 12 12 5 
17597000 17597068 1 0 0 30 -94 0 28 -95 34 174 123 85 84 25 20 16 10 12 32 35 45 55 16 11 11 5 
17627000 17627157 1 0 0 67 -70 0 66 -72 72 212 138 86 87 25 20 16 10 12 32 35 45 55 16 11 11 5 
17643000 17643126 1 0 0 8 -103 0 7 -104 14 154 112 85 83 25 20 16 10 12 32 35 45 55 16 11 11 5 
17656000 17656024 1 0 0 1 -111 0 -1 -114 5 145 114 89 87 25 20 16 10 12 32 35 45 55 16 11 10 5 
17677500 17677591 1 0 0 29 -80 0 25 -83 26 172 108 83 82 25 20 16 10 12 32 35 45 55 16 10 11 5 
17747000 17747081 1 0 0 60 -71 0 57 -73 57 203 130 83 81 25 20 16 10 12 32 35 45 55 16 10 11 5 
17797500 17797537 1 0 0 38 -85 0 36 -86 36 182 123 90 92 25 20 16 10 12 32 35 45 55 16 11 12 5 
17814500 17814505 1 0 0 -3 -78 0 -6 -80 0 140 75 108 108 25 20 16 10 12 30 35 45 55 16 13 13 5 
17923000 17923149 1 0 0 -22 -142 0 -24 -143 -25 121 118 95 92 25 20 16 10 12 32 35 45 55 16 12 12 5 
18127500 18127588 1 0 0 -33 -129 0 -34 -129 -34 112 95 76 75 25 20 16 10 12 32 35 45 55 16 9 10 5 
18215500 18215583 1 0 0 -43 -120 0 -44 -121 -45 101 76 81 80 25 20 16 10 12 32 35 45 55 16 10 10 5 
18622500 18622620 1 0 0 -96 -144 0 -94 -143 -94 52 49 75 74 25 20 16 10 13 33 35 45 55 16 9 9 5 
18693500 18693601 1 0 0 -98 -143 0 -95 -142 -90 50 45 77 75 25 20 16 10 13 33 35 45 55 16 9 11 5 
18703000 18703049 1 13 0 -67 -128 -8 -69 -129 -61 79 59 84 86 25 20 16 10 13 33 35 45 55 16 10 11 5 
18706000 18706024 1 0 0 -48 -113 0 -46 -112 -46 100 66 86 89 25 20 16 10 13 33 35 45 55 16 11 11 5 
18725500 18725530 1 0 0 -33 -112 0 -35 -112 -31 109 77 78 79 25 20 16 10 13 33 35 45 55 16 10 10 5 
18731000 18731081 1 13 0 -79 -138 -9 -82 -139 -77 63 56 84 92 25 20 16 10 13 33 35 45 55 16 11 11 5 
18736000 18736048 1 0 0 -103 -156 0 -104 -156 -98 42 52 77 79 25 20 16 10 13 33 35 45 55 16 10 10 5 
18774500 18774628 1 0 0 -130 -165 0 -132 -167 -131 15 36 73 74 25 20 16 10 13 33 35 45 55 16 10 9 5 
18800000 18800078 1 0 0 -80 -138 0 -86 -145 -81 59 58 81 82 25 20 16 10 13 33 35 45 55 16 10 11 5 
18803500 18803554 1 13 0 -93 -131 24 -87 -128 -81 59 40 93 93 25 20 16 10 13 33 35 45 55 16 11 12 5 
18808000 18808052 1 0 0 -164 -173 0 -171 -176 -165 -25 3 102 103 25 20 16 10 13 31 35 45 55 16 13 12 5 
18818500 18818614 1 0 0 -77 -133 0 -84 -135 -84 62 52 98 99 25 20 16 10 13 33 35 45 55 16 11 7 5 
18826500 18826668 1 0 0 6 -104 0 9 -101 17 157 110 84 82 25 20 16 10 13 33 35 45 55 16 11 10 5 
18841000 18841063 1 0 0 -44 -129 0 -42 -128 -41 105 85 80 79 25 20 16 10 13 33 35 45 55 16 10 10 5 
18871500 18871631 1 0 0 -83 -148 0 -87 -151 -82 58 62 79 75 25 20 16 10 13 33 35 45 55 16 10 10 5 
18929000 18929008 1 0 0 -102 -159 0 -100 -159 -100 46 58 95 94 25 20 16 10 13 33 35 45 55 16 13 12 5 
18961000 18961168 1 0 0 -99 -159 0 -100 -160 -100 46 63 74 73 25 20 16 10 13 33 35 45 55 16 9 9 5 
19106500 19106520 1 0 0 -12 -87 0 -14 -88 -8 132 76 78 79 25 20 16 10 13 33 35 45 55 16 10 10 5 
19162500 19162598 1 0 0 -11 -84 0 -13 -85 -13 133 73 78 79 25 20 16 10 13 33 35 45 55 16 10 10 5 
19184000 19184031 1 0 0 -36 -101 0 -39 -104 -32 108 65 84 81 25 20 16 10 13 33 35 45 55 16 11 10 5 
19215000 19215054 1 0 0 -38 -113 0 -40 -114 -35 105 74 85 85 25 20 16 10 13 33 35 45 55 16 11 11 5 
19270500 19270552 1 0 0 -45 -109 0 -41 -105 -41 105 65 82 84 25 20 16 10 13 33 35 45 55 16 11 10 5 
19294500 19294677 1 0 0 -47 -114 0 -49 -116 -49 97 66 77 75 25 20 16 10 13 33 35 45 55 16 10 10 5 
19369500 19369540 1 0 0 -75 -127 0 -75 -127 -76 70 51 75 75 25 20 16 10 13 33 35 45 55 16 9 9 5 
19387500 19387619 1 0 0 -29 -102 0 -31 -104 -29 117 74 76 76 25 20 16 10 13 33 35 45 55 16 10 9 5 
19425000 19425103 1 0 0 -18 -94 0 -19 -95 -18 128 76 78 82 25 20 16 10 13 33 35 45 55 16 10 10 5 
19438000 19438060 1 0 0 -48 -111 0 -49 -111 -48 98 61 73 72 25 20 16 10 13 33 35 45 55 16 9 9 5 
19463500 19463667 1 0 0 -52 -121 0 -54 -124 -47 93 70 71 72 25 20 16 10 13 33 35 45 55 16 9 9 5 
19566500 19566563 1 0 0 -51 -112 0 -52 -111 -46 94 59 67 68 25 20 16 10 13 33 35 45 55 16 9 8 5 
19572000 19572137 1 13 0 -25 -92 -3 -33 -98 -26 114 65 73 71 25 20 16 10 13 33 35 45 55 16 9 10 5 
19577000 19577078 1 0 0 5 -68 0 -7 -77 0 140 71 80 77 25 20 16 10 13 33 35 45 55 16 11 10 5 
19590000 19590142 1 0 0 28 -61 0 28 -61 35 175 89 70 70 25 20 16 10 13 33 35 45 55 16 9 9 5 
19598500 19598669 1 13 0 -38 -91 -28 -41 -94 -35 105 53 84 87 25 20 16 10 13 33 35 45 55 16 9 10 5 
19604000 19604090 1 0 0 -35 -91 0 -36 -93 -30 110 56 84 82 25 20 16 10 13 33 35 45 55 16 10 10 5 
19616500 19616666 1 0 0 -27 -94 0 -27 -95 -21 119 68 81 80 25 20 16 10 13 33 35 45 55 16 11 10 5 
19890000 19890067 1 -1 1 -68 -161 -51 -68 -163 -66 80 97 94 92 25 20 16 10 13 33 35 45 55 16 13 11 5 
19913000 19913141 1 2 1 -95 -176 -79 -98 -179 -96 50 82 92 91 25 20 16 10 13 33 35 45 55 16 12 12 5 
19939000 19939134 1 -3 1 -65 -156 -49 -67 -158 -67 79 92 91 95 25 20 16 10 13 33 35 45 55 16 12 12 5 
20135000 20135136 1 -1 1 -59 -160 -51 -64 -163 -64 82 99 86 88 25 20 16 10 13 33 35 45 55 16 10 12 5 
20157000 20157172 1 2 1 -118 -222 -111 -117 -224 -115 31 109 84 84 25 20 16 10 13 33 35 45 55 16 11 11 5 
20190000 20190048 1 -3 1 -51 -143 -44 -56 -145 -54 92 90 88 88 25 20 16 10 13 33 35 45 55 16 11 10 5 
20239500 20239514 1 0 0 -5 -95 0 -4 -95 -4 142 90 92 93 25 20 16 10 13 33 35 45 55 16 12 11 5 
20519000 20519039 1 0 0 -13 -139 0 -27 -138 -28 118 111 110 112 25 20 16 10 13 29 35 45 55 16 13 13 5 
20728500 20728572 1 -1 1 -64 -207 -52 -67 -213 -68 78 146 97 97 25 20 16 10 13 33 35 45 55 16 11 12 5 
20754500 20754630 1 2 1 -215 -334 -203 -209 -329 -207 -61 121 94 94 25 20 16 10 13 33 35 45 55 16 12 12 5 
20806000 20806099 1 -3 1 -61 -142 -50 -60 -141 -61 85 81 90 90 25 20 16 10 13 33 35 45 55 16 11 12 5 
20819000 20819066 1 0 0 -11 -111 0 -13 -110 -13 133 98 89 87 25 20 16 10 13 33 35 45 55 16 11 11 5 
20938000 20938000 1 0 0 -15 -138 0 -8 -140 -8 138 132 108 106 25 20 16 10 13 31 35 45 55 16 13 13 5 
21292500 21292634 1 0 0 -46 -155 0 -48 -157 -42 98 109 90 89 25 20 16 10 13 33 35 45 55 16 11 11 5 
