94000 94191 0 0 -1 0 0 0 0 0 0 18 0 56 58 25 20 18 10 3 23 35 45 55 16 8 7 5 
157500 157634 0 0 0 50 -10 0 47 -13 49 30 -86 59 60 25 20 18 10 3 23 35 45 55 16 7 7 5 
281000 281055 0 0 0 -1 -56 0 -4 -58 -2 -21 -87 64 64 25 20 18 10 3 23 35 45 55 16 8 8 5 
312000 312139 0 0 0 19 -42 0 19 -42 8 -11 -91 67 59 25 20 18 10 3 23 35 45 55 16 8 9 5 
405000 405010 0 -1 7 -26 -81 -50 -33 -87 -50 -69 -52 103 103 25 20 18 10 3 21 35 45 55 16 13 13 5 
453000 453064 0 2 7 -151 -183 -177 -168 -195 -190 -209 -66 123 119 25 20 18 10 3 19 35 45 55 16 16 14 5 
565000 565090 0 -3 7 -16 -88 -48 -14 -90 -30 -49 -48 82 88 25 20 18 10 3 23 35 45 55 16 10 10 5 
644000 644033 0 0 0 36 -37 0 31 -43 16 -3 -64 81 89 25 20 18 10 3 23 35 45 55 16 10 10 5 
977000 977133 0 0 0 12 -67 0 19 -73 -17 -36 -41 99 99 25 20 18 10 3 23 35 45 55 16 13 13 5 
1156000 1156112 0 -1 7 -41 -119 -52 -38 -120 -71 -90 -42 91 83 25 20 18 10 3 23 35 45 55 16 11 12 5 
1255500 1255639 0 2 7 -121 -178 -133 -117 -186 -160 -179 -68 104 106 25 20 18 10 3 21 35 45 55 16 14 13 5 
1389000 1389173 0 -3 7 -37 -103 -48 -38 -106 -45 -64 -48 86 90 25 20 18 10 3 23 35 45 55 16 9 12 5 
1439500 1439547 0 -1 7 -40 -108 -50 -32 -109 -76 -95 -47 99 97 25 20 18 10 3 23 35 45 55 16 12 11 5 
1449500 1449630 0 2 7 -115 -148 -125 -118 -154 -154 -173 -105 115 116 25 20 18 10 3 19 35 45 55 16 13 15 5 
1622000 1622169 0 -3 7 -38 -103 -47 -38 -104 -60 -79 -71 80 88 25 20 18 10 3 23 35 45 55 16 9 10 5 
1995000 1995158 0 0 0 8 -49 0 7 -51 11 -8 -72 68 67 25 20 18 10 3 23 35 45 55 16 8 9 5 
2184500 2184748 0 0 0 42 -14 0 39 -13 42 23 -74 67 61 25 20 18 10 3 23 35 45 55 16 8 6 5 
2576000 2576113 0 0 0 42 -22 0 39 -23 26 7 -63 79 88 25 20 18 10 3 23 35 45 55 16 9 10 5 
3384500 3384571 0 0 0 50 -23 0 48 -25 46 27 -54 68 75 25 20 18 10 3 23 35 45 55 16 9 9 5 
3489500 3489620 0 0 0 59 -14 0 55 -15 53 34 -66 63 62 25 20 18 10 3 23 35 45 55 16 8 8 5 
4277000 4277103 0 -1 7 0 -87 -51 -15 -89 -49 -68 -29 99 101 25 20 18 10 3 21 35 45 55 16 12 13 5 
4281000 4281069 0 2 7 -38 -110 -88 -46 -119 -73 -92 -29 104 103 25 20 18 10 3 21 35 45 55 16 13 13 5 
4349000 4349086 0 -3 7 0 -73 -50 -5 -74 -6 -25 -64 70 61 25 20 18 10 3 23 35 45 55 16 9 8 5 
4438000 4438061 0 0 0 49 -25 0 46 -27 32 13 -52 77 69 25 20 18 10 3 23 35 45 55 16 10 9 5 
4952000 4952269 0 0 0 23 -61 0 19 -64 4 -15 -45 73 79 25 20 18 10 3 23 35 45 55 16 9 9 5 
5304500 5304515 0 0 0 49 -28 0 48 -30 40 21 -58 64 62 25 20 18 10 3 23 35 45 55 16 8 8 5 
5486000 5486000 0 -1 7 -6 -82 -55 -15 -81 -41 -60 -48 95 101 25 20 18 10 3 21 35 45 55 16 12 13 5 
5490500 5490584 0 2 7 -45 -118 -94 -49 -125 -66 -85 -53 89 93 25 20 18 10 3 23 35 45 55 16 11 11 5 
5501000 5501107 0 -3 7 1 -95 -49 -17 -99 -50 -69 -46 92 103 25 20 18 10 3 21 35 45 55 16 12 11 5 
5508500 5508639 0 -1 7 0 -94 -50 3 -100 -43 -62 -42 90 90 25 20 18 10 3 23 35 45 55 16 12 10 5 
5538000 5538219 0 2 7 -37 -103 -87 -38 -103 -44 -63 -49 75 70 25 20 18 10 3 23 35 45 55 16 9 8 5 
5586000 5586015 0 -3 7 1 -69 -49 -6 -77 -21 -40 -35 80 73 25 20 18 10 3 23 35 45 55 16 10 10 5 
5962500 5962636 0 0 0 52 -28 0 49 -33 55 36 -44 68 64 25 20 18 10 3 23 35 45 55 16 9 9 5 
6568000 6568021 0 0 0 55 -25 0 57 -24 57 38 -49 67 62 25 20 18 10 3 23 35 45 55 16 8 9 5 
7070500 7070640 0 0 0 64 -17 0 63 -19 51 32 -40 69 66 25 20 18 10 3 23 35 45 55 16 9 6 5 
7470000 7470132 0 0 0 42 -39 0 31 -44 11 -8 -27 81 70 25 20 18 10 3 23 35 45 55 16 9 8 5 
7759000 7759025 0 0 0 33 -37 0 29 -39 23 4 -18 74 67 25 20 18 10 4 24 35 45 55 16 10 8 5 
7802500 7802506 0 -1 7 -18 -88 -52 -12 -81 -32 -51 -8 104 101 25 20 18 10 4 22 35 45 55 16 13 12 5 
7898500 7899154 0 2 7 -146 -194 -181 -185 -227 -212 -231 -60 112 111 25 20 18 10 3 19 35 45 55 16 10 12 5 
7971000 7971040 0 -3 7 -14 -74 -50 -19 -77 -15 -34 -66 59 56 25 20 18 10 3 23 35 45 55 16 7 7 5 
8092500 8092639 0 0 0 37 -16 0 34 -18 50 31 -78 52 52 25 20 18 10 3 23 35 45 55 16 6 6 5 
8462000 8462158 0 0 0 66 -10 0 61 -13 51 32 -46 65 71 25 20 18 10 3 23 35 45 55 16 7 9 5 
8498500 8498589 0 -1 7 5 -45 -59 -15 -46 -37 -56 -61 102 114 25 20 18 10 3 19 35 45 55 16 11 14 5 
8629000 8629093 0 2 7 -167 -203 -225 -172 -208 -218 -237 -59 119 117 25 20 18 10 3 19 35 45 55 16 15 16 5 
8927500 8927660 0 -3 7 -7 -76 -50 -8 -78 -12 -31 -40 69 70 25 20 18 10 3 23 35 45 55 16 9 9 5 
9253000 9253091 0 0 0 26 -44 0 25 -45 20 1 -61 62 55 25 20 18 10 3 23 35 45 55 16 7 9 5 
9358000 9358071 0 0 0 53 -16 0 49 -19 52 33 -58 57 57 25 20 18 10 3 23 35 45 55 16 7 7 5 
9851000 9851169 0 0 0 36 -13 0 37 -12 58 39 -77 60 57 25 20 18 10 3 23 35 45 55 16 7 8 5 
9909500 9909774 0 0 0 33 -20 0 25 -27 39 20 -83 59 55 25 20 18 10 3 23 35 45 55 16 7 7 5 
10097000 10097007 0 0 0 27 -29 0 33 -26 41 22 -75 66 74 25 20 18 10 3 23 35 45 55 16 8 7 5 
10185000 10185234 0 0 0 30 -30 0 26 -34 30 11 -81 58 55 25 20 18 10 3 23 35 45 55 16 7 7 5 
10265500 10265588 0 0 0 27 -28 0 17 -38 19 0 -71 72 68 25 20 18 10 3 23 35 45 55 16 9 9 5 
10305000 10305061 0 0 0 14 -36 0 6 -42 21 2 -67 59 56 25 20 18 10 3 23 35 45 55 16 7 7 5 
10603000 10603124 0 0 0 46 -6 0 45 -6 60 41 -85 57 58 25 20 18 10 3 23 35 45 55 16 7 7 5 
10723000 10723106 0 0 0 26 -37 0 23 -41 32 13 -69 58 60 25 20 18 10 3 23 35 45 55 16 8 7 5 
11420500 11420581 0 0 0 36 -34 0 33 -38 32 13 -62 65 62 25 20 18 10 3 23 35 45 55 16 8 8 5 
11625000 11625047 0 0 0 46 -29 0 43 -33 33 14 -68 74 84 25 20 18 10 3 23 35 45 55 16 8 10 5 
11707500 11707715 0 0 0 27 -33 0 25 -35 31 12 -91 52 51 25 20 18 10 3 23 35 45 55 16 6 6 5 
12002000 12002097 0 0 0 49 -5 0 44 -9 61 42 -103 50 48 25 20 18 10 3 23 35 45 55 16 6 6 5 
12133000 12133017 0 0 0 28 -16 0 26 -19 41 22 -97 46 48 25 20 18 10 3 23 35 45 55 16 6 6 5 
12437000 12437129 0 0 0 42 -4 0 40 -6 65 46 -70 56 52 25 20 18 10 3 23 35 45 55 16 7 7 5 
13192500 13192543 0 0 0 5 -26 0 3 -28 32 13 -93 52 48 25 20 18 10 4 24 35 45 55 16 7 6 5 
13665000 13665276 0 0 0 16 -10 0 14 -13 45 26 -98 47 50 25 20 18 10 4 24 35 45 55 16 6 6 5 
13946500 13946809 0 0 0 45 13 0 40 10 70 51 -96 50 48 25 20 18 10 4 24 35 45 55 16 6 6 5 
14336000 14336037 0 0 0 60 20 0 57 18 79 60 -90 50 50 25 20 18 10 4 24 35 45 55 16 6 6 5 
14846000 14846173 0 0 0 62 23 0 58 19 86 67 -92 50 49 25 20 18 10 4 24 35 45 55 16 6 6 5 
15024500 15024517 0 0 0 58 20 0 56 18 83 64 -94 49 48 25 20 18 10 4 24 35 45 55 16 6 6 5 
15092000 15092077 0 0 0 38 -1 0 35 -3 55 36 -101 47 46 25 20 18 10 4 24 35 45 55 16 6 6 5 
15607500 15607504 0 0 0 58 17 0 55 15 77 58 -96 51 47 25 20 18 10 4 24 35 45 55 16 6 6 5 
15928000 15928063 0 0 0 73 9 0 70 5 78 59 -71 49 51 25 20 18 10 4 24 35 45 55 16 6 6 5 
15950500 15950684 0 0 0 47 -21 0 41 -25 39 20 -86 48 46 25 20 18 10 4 24 35 45 55 16 6 6 5 
16140000 16140210 0 0 0 56 1 0 53 -2 67 48 -77 48 46 25 20 18 10 4 24 35 45 55 16 6 6 5 
17015500 17015690 0 0 0 84 35 0 81 32 103 84 -80 51 52 25 20 18 10 4 24 35 45 55 16 6 6 5 
17437500 17437591 0 0 0 67 38 0 64 34 93 74 -93 49 47 25 20 18 10 4 24 35 45 55 16 6 6 5 
18033500 18033617 0 0 0 75 39 0 72 36 100 81 -83 49 47 25 20 18 10 4 24 35 45 55 16 6 6 5 
18163000 18163180 0 0 0 66 23 0 64 21 78 59 -95 50 52 25 20 18 10 4 24 35 45 55 16 6 6 5 
18817500 18817575 0 0 0 76 27 0 74 25 87 68 -88 53 51 25 20 18 10 4 24 35 45 55 16 6 7 5 
18943000 18943228 0 0 0 86 26 0 84 24 100 81 -76 58 58 25 20 18 10 4 24 35 45 55 16 8 7 5 
18971000 18971094 0 0 0 48 6 0 45 3 65 46 -86 48 48 25 20 18 10 4 24 35 45 55 16 6 5 5 
19157000 19157271 0 0 0 56 15 0 53 11 75 56 -87 47 47 25 20 18 10 4 24 35 45 55 16 6 4 5 
19333000 19333163 0 0 0 51 12 0 48 7 70 51 -70 49 49 25 20 18 10 4 24 35 45 55 16 6 6 5 
19543500 19543655 0 0 0 62 31 0 60 28 92 73 -75 47 46 25 20 18 10 4 24 35 45 55 16 6 6 5 
19690500 19690574 0 -1 7 7 -65 -55 17 -66 -4 -23 -23 99 98 25 20 18 10 4 24 35 45 55 16 12 12 5 
20136000 20136000 0 2 7 -202 -234 -263 -213 -238 -278 -297 -45 137 139 25 20 18 10 4 19 35 45 55 16 16 11 5 
20317000 20317017 0 -3 7 11 -41 -49 4 -46 18 -1 -69 64 59 25 20 18 10 4 24 35 45 55 16 8 8 5 
20449000 20449071 0 0 0 60 6 0 59 6 74 55 -53 61 60 25 20 18 10 4 24 35 45 55 16 8 8 5 
20604500 20604757 0 0 0 64 7 0 61 4 78 59 -57 56 59 25 20 18 10 4 24 35 45 55 16 7 7 5 
20684000 20684137 0 -1 7 -2 -54 -53 4 -55 -13 -32 -26 100 99 25 20 18 10 4 24 35 45 55 16 13 13 5 
20800000 20800091 0 2 7 -198 -200 -231 -207 -207 -240 -259 -75 136 140 25 20 18 10 4 19 35 45 55 16 17 18 5 
20906000 20906181 0 -3 7 -34 -94 -50 -36 -95 -46 -65 -54 78 81 25 20 18 10 4 24 35 45 55 16 10 10 5 
20968000 20968202 0 0 0 6 -41 0 4 -45 22 3 -62 65 62 25 20 18 10 4 24 35 45 55 16 8 8 5 
21016000 21016076 0 0 0 38 -55 0 32 -57 0 -19 -1 90 92 25 20 18 10 4 24 35 45 55 16 11 12 5 
99500 99501 1 0 -1 0 0 0 0 0 0 253 0 56 60 25 20 18 10 3 23 35 45 55 16 7 7 5 
157500 157634 1 0 0 16 -60 0 17 -59 12 243 74 59 60 25 20 18 10 3 23 35 45 55 16 7 7 5 
258000 258190 1 0 0 0 -76 0 -1 -76 -5 226 75 72 83 25 20 18 10 3 23 35 45 55 16 9 9 5 
312000 312139 1 0 0 25 -48 0 26 -48 22 253 74 67 59 25 20 18 10 3 23 35 45 55 16 8 9 5 
443500 443539 1 -1 7 -36 -112 -53 -32 -111 -36 195 79 108 107 25 20 18 10 3 21 35 45 55 16 14 14 5 
452000 452106 1 2 7 -110 -165 -126 -113 -164 -116 115 51 122 128 25 20 18 10 3 18 35 45 55 16 16 14 5 
465000 465059 1 -3 7 -28 -119 -44 -40 -120 -44 187 81 115 121 25 20 18 10 3 18 35 45 55 16 15 14 5 
644000 644033 1 0 0 4 -71 0 6 -71 2 233 77 81 89 25 20 18 10 3 23 35 45 55 16 10 10 5 
971000 971088 1 0 0 11 -80 0 1 -81 -3 228 81 94 101 25 20 18 10 3 21 35 45 55 16 11 11 5 
1137500 1137546 1 -1 7 -42 -120 -53 -40 -119 -45 186 78 91 97 25 20 18 10 3 23 35 45 55 16 12 11 5 
1149500 1149536 1 2 7 -80 -141 -92 -77 -138 -82 149 60 85 86 25 20 18 10 3 23 35 45 55 16 9 11 5 
1172500 1172517 1 -3 7 -38 -117 -49 -43 -118 -46 185 75 94 106 25 20 18 10 3 21 35 45 55 16 12 12 5 
1187500 1187571 1 -1 7 -39 -125 -50 -49 -128 -52 179 80 95 100 25 20 18 10 3 21 35 45 55 16 12 12 5 
1237000 1237118 1 2 7 -99 -156 -111 -99 -157 -104 127 59 105 109 25 20 18 10 3 21 35 45 55 16 14 13 5 
1268000 1268094 1 -3 7 -35 -118 -47 -38 -120 -41 190 81 100 103 25 20 18 10 3 21 35 45 55 16 13 13 5 
1440500 1440600 1 -1 7 -42 -120 -54 -47 -121 -50 181 74 103 105 25 20 18 10 3 21 35 45 55 16 10 13 5 
1448500 1448562 1 2 7 -87 -138 -99 -92 -143 -96 135 51 116 113 25 20 18 10 3 19 35 45 55 16 13 15 5 
1458500 1458577 1 -3 7 -35 -107 -47 -43 -110 -48 183 66 108 115 25 20 18 10 3 19 35 45 55 16 15 13 5 
1481000 1481013 1 -1 7 -38 -119 -51 -37 -120 -42 189 82 91 89 25 20 18 10 3 23 35 45 55 16 12 11 5 
1504500 1504513 1 2 7 -79 -138 -92 -73 -138 -77 154 65 110 109 25 20 18 10 3 21 35 45 55 16 14 14 5 
1513000 1513025 1 -3 7 -36 -109 -49 -36 -110 -39 192 75 89 82 25 20 18 10 3 23 35 45 55 16 12 10 5 
2012000 2012192 1 0 0 15 -59 0 13 -61 9 240 75 66 65 25 20 18 10 3 23 35 45 55 16 8 8 5 
2209000 2209122 1 0 0 45 -32 0 43 -34 41 272 77 68 67 25 20 18 10 3 23 35 45 55 16 9 9 5 
2578000 2578076 1 0 0 28 -51 0 29 -51 26 257 81 76 71 25 20 18 10 3 23 35 45 55 16 10 8 5 
3397500 3397721 1 0 0 18 -53 0 15 -53 13 244 69 70 66 25 20 18 10 3 23 35 45 55 16 8 8 5 
3491000 3491062 1 0 0 26 -46 0 27 -45 23 254 73 64 59 25 20 18 10 3 23 35 45 55 16 8 8 5 
4432500 4432540 1 0 0 -7 -79 0 -9 -82 -13 218 73 71 74 25 20 18 10 3 23 35 45 55 16 8 9 5 
4950000 4950100 1 0 0 23 -58 0 23 -57 19 250 81 76 66 25 20 18 10 3 23 35 45 55 16 9 9 5 
5313500 5313675 1 0 0 33 -49 0 30 -50 26 257 80 66 67 25 20 18 10 3 23 35 45 55 16 8 9 5 
5975500 5975640 1 0 0 26 -51 0 27 -51 22 253 77 73 71 25 20 18 10 3 23 35 45 55 16 9 10 5 
6570000 6570217 1 0 0 20 -56 0 16 -59 13 244 75 67 62 25 20 18 10 3 23 35 45 55 16 9 9 5 
7063000 7063199 1 0 0 29 -49 0 28 -50 25 256 77 73 68 25 20 18 10 3 23 35 45 55 16 9 9 5 
7481000 7481152 1 0 0 1 -74 0 0 -74 -5 226 74 73 63 25 20 18 10 3 23 35 45 55 16 9 9 5 
7753000 7753033 1 0 0 16 -53 0 18 -51 14 245 68 69 64 25 20 18 10 4 24 35 45 55 16 8 8 5 
7801500 7801504 1 -1 7 -40 -107 -52 -37 -108 -39 192 73 104 109 25 20 18 10 4 22 35 45 55 16 14 12 5 
7877000 7877051 1 2 7 -98 -162 -106 -101 -161 -106 125 60 117 121 25 20 18 10 4 19 35 45 55 16 13 15 5 
7962000 7962216 1 -3 7 -46 -113 -49 -42 -109 -47 184 66 60 56 25 20 18 10 3 23 35 45 55 16 8 7 5 
8087000 8087174 1 0 0 -5 -77 0 -6 -77 -10 221 72 53 54 25 20 18 10 3 23 35 45 55 16 6 6 5 
8465500 8465663 1 0 0 22 -51 0 20 -53 16 247 73 61 60 25 20 18 10 3 23 35 45 55 16 8 7 5 
8497000 8497127 1 -1 7 -32 -93 -53 -35 -98 -37 194 63 96 91 25 20 18 10 3 23 35 45 55 16 10 13 5 
8500000 8500094 1 2 7 -76 -124 -97 -78 -128 -83 148 49 103 94 25 20 18 10 3 23 35 45 55 16 14 12 5 
8514500 8514512 1 -3 7 -28 -101 -49 -24 -99 -27 204 74 98 98 25 20 18 10 3 23 35 45 55 16 12 12 5 
8542000 8542020 1 -1 7 -32 -100 -52 -35 -102 -39 192 67 89 86 25 20 18 10 3 23 35 45 55 16 11 11 5 
8629500 8629606 1 2 7 -119 -175 -136 -128 -181 -131 100 53 118 121 25 20 18 10 3 18 35 45 55 16 15 15 5 
8901500 8901577 1 -3 7 -41 -121 -49 -43 -121 -46 185 79 80 85 25 20 18 10 3 23 35 45 55 16 10 10 5 
9258500 9258539 1 0 0 -5 -81 0 -3 -80 -7 224 77 57 52 25 20 18 10 3 23 35 45 55 16 7 7 5 
9371500 9371708 1 0 0 6 -68 0 5 -68 2 233 74 59 63 25 20 18 10 3 23 35 45 55 16 7 8 5 
9849500 9849602 1 0 0 3 -66 0 4 -65 0 231 70 58 55 25 20 18 10 3 23 35 45 55 16 7 7 5 
9907500 9907667 1 0 0 53 -31 0 51 -32 48 279 83 59 62 25 20 18 10 3 23 35 45 55 16 7 7 5 
10095000 10095197 1 0 0 41 -39 0 38 -39 34 265 76 66 70 25 20 18 10 3 23 35 45 55 16 8 8 5 
10179500 10179630 1 0 0 25 -50 0 25 -51 20 251 74 60 68 25 20 18 10 3 23 35 45 55 16 7 8 5 
10273000 10273060 1 0 0 12 -64 0 12 -64 9 240 78 73 64 25 20 18 10 3 23 35 45 55 16 9 9 5 
10308500 10308664 1 0 0 52 -34 0 54 -34 51 282 87 57 59 25 20 18 10 3 23 35 45 55 16 7 7 5 
10612500 10613292 1 0 0 50 -30 0 48 -32 44 275 82 68 93 25 20 18 10 3 23 35 45 55 16 4 9 5 
10727000 10727140 1 0 0 26 -52 0 24 -54 20 251 77 56 58 25 20 18 10 3 23 35 45 55 16 7 7 5 
11418500 11418688 1 0 0 7 -64 0 10 -61 6 237 71 65 65 25 20 18 10 3 23 35 45 55 16 8 8 5 
11625000 11625047 1 0 0 26 -54 0 24 -55 19 250 79 74 84 25 20 18 10 3 23 35 45 55 16 8 10 5 
11711500 11711528 1 0 0 -19 -88 0 -21 -89 -26 205 68 51 54 25 20 18 10 3 23 35 45 55 16 6 6 5 
12002000 12002097 1 0 0 -8 -75 0 -6 -73 -10 221 66 50 48 25 20 18 10 3 23 35 45 55 16 6 6 5 
12133000 12133017 1 0 0 -31 -91 0 -30 -91 -34 197 61 46 48 25 20 18 10 3 23 35 45 55 16 6 6 5 
12435000 12435045 1 0 0 1 -63 0 1 -63 -3 228 64 58 64 25 20 18 10 3 23 35 45 55 16 7 7 5 
13196000 13196151 1 0 0 -19 -77 0 -19 -76 -23 208 56 50 49 25 20 18 10 4 24 35 45 55 16 6 6 5 
13663000 13663070 1 0 0 -7 -70 0 -7 -70 -10 221 64 47 49 25 20 18 10 4 24 35 45 55 16 6 6 5 
13948000 13948041 1 0 0 -10 -66 0 -13 -69 -15 216 58 49 49 25 20 18 10 4 24 35 45 55 16 6 6 5 
14340000 14340170 1 0 0 -6 -66 0 -5 -65 -11 220 58 51 50 25 20 18 10 4 24 35 45 55 16 6 6 5 
14848000 14848271 1 0 0 -6 -64 0 -5 -64 -9 222 58 50 50 25 20 18 10 4 24 35 45 55 16 6 6 5 
15026000 15026058 1 0 0 -10 -70 0 -10 -70 -14 217 61 49 50 25 20 18 10 4 24 35 45 55 16 6 6 5 
15101000 15101008 1 0 0 -26 -83 0 -27 -85 -32 199 58 47 48 25 20 18 10 4 24 35 45 55 16 6 6 5 
15603500 15603791 1 0 0 -9 -72 0 -11 -73 -14 217 62 47 50 25 20 18 10 4 24 35 45 55 16 6 6 5 
16147500 16147512 1 0 0 -3 -65 0 -2 -65 -6 225 62 47 45 25 20 18 10 4 24 35 45 55 16 6 6 5 
17015500 17015690 1 0 0 16 -55 0 15 -56 10 241 70 51 52 25 20 18 10 4 24 35 45 55 16 6 6 5 
17441000 17441159 1 0 0 8 -57 0 10 -56 6 237 65 52 52 25 20 18 10 4 24 35 45 55 16 6 7 5 
18037500 18037552 1 0 0 14 -50 0 15 -49 11 242 63 50 51 25 20 18 10 4 24 35 45 55 16 6 6 5 
18167000 18167104 1 0 0 48 -31 0 47 -34 41 272 79 50 49 25 20 18 10 4 24 35 45 55 16 6 6 5 
18817500 18817575 1 0 0 50 -28 0 50 -28 48 279 78 53 51 25 20 18 10 4 24 35 45 55 16 6 7 5 
18943000 18943228 1 0 0 45 -30 0 44 -31 39 270 73 58 58 25 20 18 10 4 24 35 45 55 16 8 7 5 
18973000 18973742 1 0 0 29 -46 0 29 -45 27 258 75 50 49 25 20 18 10 4 24 35 45 55 16 3 6 5 
19157500 19157589 1 0 0 15 -54 0 13 -56 10 241 68 47 47 25 20 18 10 4 24 35 45 55 16 6 3 5 
19333000 19333163 1 0 0 4 -61 0 2 -63 -2 229 64 49 49 25 20 18 10 4 24 35 45 55 16 6 6 5 
19543000 19543019 1 0 0 17 -50 0 20 -48 18 249 68 47 46 25 20 18 10 4 24 35 45 55 16 6 6 5 
19619500 19619521 1 -1 7 -39 -89 -55 -42 -87 -46 185 45 94 104 25 20 18 10 4 22 35 45 55 16 12 8 5 
19632500 19632631 1 2 7 -84 -127 -100 -78 -131 -82 149 53 113 109 25 20 18 10 4 22 35 45 55 16 11 13 5 
19639500 19639628 1 -3 7 -30 -93 -46 -25 -93 -28 203 70 97 81 25 20 18 10 4 24 35 45 55 16 12 12 5 
19674000 19674054 1 -1 7 -35 -95 -51 -36 -95 -40 191 59 88 96 25 20 18 10 4 24 35 45 55 16 11 11 5 
20053500 20053706 1 2 7 -127 -182 -139 -132 -183 -136 95 52 134 135 25 20 18 10 4 19 35 45 55 16 14 14 5 
20069500 20069604 1 -3 7 -34 -133 -46 -36 -132 -40 191 95 124 125 25 20 18 10 4 19 35 45 55 16 17 15 5 
20093500 20093542 1 -1 7 -39 -147 -51 -44 -145 -48 183 102 102 109 25 20 18 10 4 22 35 45 55 16 11 12 5 
20136000 20136000 1 2 7 -122 -184 -134 -125 -185 -129 102 59 137 139 25 20 18 10 4 19 35 45 55 16 16 11 5 
20154500 20154623 1 -3 7 -37 -133 -49 -37 -133 -42 189 96 105 102 25 20 18 10 4 22 35 45 55 16 15 12 5 
20178500 20178603 1 -1 7 -42 -131 -53 -41 -132 -43 188 92 79 64 25 20 18 10 4 24 35 45 55 16 10 9 5 
20191000 20191089 1 2 7 -128 -187 -139 -136 -196 -141 90 58 121 122 25 20 18 10 4 19 35 45 55 16 10 14 5 
20204000 20204058 1 -3 7 -38 -127 -49 -38 -125 -41 190 89 107 109 25 20 18 10 4 22 35 45 55 16 13 13 5 
20448500 20448599 1 0 0 8 -56 0 8 -57 5 236 66 61 64 25 20 18 10 4 24 35 45 55 16 8 8 5 
20604000 20604224 1 0 0 3 -64 0 2 -64 -2 229 67 56 57 25 20 18 10 4 24 35 45 55 16 7 7 5 
20686500 20686630 1 -1 7 -60 -118 -57 -61 -119 -65 166 56 107 105 25 20 18 10 4 22 35 45 55 16 13 14 5 
20693000 20693024 1 2 7 -170 -204 -166 -179 -210 -182 49 32 138 142 25 20 18 10 4 19 35 45 55 16 17 17 5 
20708500 20708557 1 -3 7 -48 -130 -42 -55 -132 -59 172 77 118 121 25 20 18 10 4 19 35 45 55 16 15 14 5 
20779500 20779582 1 -1 7 -62 -125 -51 -64 -126 -67 164 63 72 66 25 20 18 10 4 24 35 45 55 16 8 10 5 
20799500 20799549 1 2 7 -195 -219 -183 -202 -223 -207 24 20 135 138 25 20 18 10 4 19 35 45 55 16 16 18 5 
20809500 20809545 1 -3 7 -60 -136 -47 -52 -135 -56 175 84 116 107 25 20 18 10 4 22 35 45 55 16 14 15 5 
20844000 20844029 1 -1 7 -71 -141 -55 -71 -144 -74 157 74 104 106 25 20 18 10 4 22 35 45 55 16 13 13 5 
20851500 20851556 1 2 7 -112 -164 -96 -114 -165 -118 113 51 117 119 25 20 18 10 4 20 35 45 55 16 15 15 5 
20860000 20860043 1 -3 7 -61 -136 -44 -55 -134 -58 173 78 111 106 25 20 18 10 4 22 35 45 55 16 14 13 5 
20968000 20968202 1 0 0 -26 -84 0 -25 -85 -29 202 58 65 62 25 20 18 10 4 24 35 45 55 16 8 8 5 
21018500 21018537 1 0 0 -2 -93 0 0 -94 -6 225 94 93 89 25 20 18 10 4 24 35 45 55 16 12 12 5 
