78500 78626 0 0 0 -15 -29 0 -17 -31 -22 -31 15 79 82 25 20 18 10 10 30 35 45 55 16 8 2 5 
427500 427522 0 0 -1 0 0 0 0 0 0 -9 0 91 94 25 20 18 10 10 30 35 45 55 16 6 6 5 
2094500 2094678 0 0 0 -16 -43 0 -19 -48 -23 -32 30 80 80 25 20 18 10 11 31 35 45 55 16 8 9 5 
2340000 2340196 0 0 0 -22 -31 0 -25 -28 -30 -39 4 86 88 25 20 18 10 11 31 35 45 55 16 2 2 5 
2410500 2410549 0 -1 1 -74 -79 -51 -72 -82 -77 -86 8 108 106 25 20 18 10 11 29 35 45 55 16 14 14 5 
2482000 2482091 0 2 1 -122 -108 -97 -122 -109 -125 -134 -12 104 103 25 20 18 10 11 29 35 45 55 16 14 13 5 
2488000 2488051 0 -3 1 -73 -71 -49 -72 -70 -76 -85 -2 94 92 25 20 18 10 11 31 35 45 55 16 12 12 5 
2614000 2614293 0 0 0 -28 -48 0 -29 -48 -34 -43 17 88 89 25 20 18 10 11 31 35 45 55 16 10 11 5 
2835000 2835226 0 0 0 -15 -33 0 -15 -35 -14 -23 24 84 79 25 20 18 10 11 31 35 45 55 16 9 7 5 
3313000 3313096 0 0 0 -11 -37 0 -14 -37 -19 -28 21 87 88 25 20 18 10 10 30 35 45 55 16 8 10 5 
3472000 3472127 0 -1 1 -63 -78 -51 -60 -76 -59 -68 19 103 106 25 20 18 10 11 29 35 45 55 16 12 11 5 
3498500 3498542 0 2 1 -104 -114 -93 -107 -114 -109 -118 8 116 117 25 20 18 10 11 27 35 45 55 16 14 14 5 
3514000 3514111 0 -3 1 -60 -84 -48 -54 -84 -55 -64 29 96 98 25 20 18 10 11 31 35 45 55 16 12 12 5 
3780000 3780035 0 0 0 -12 -34 0 -12 -36 -14 -23 24 79 79 25 20 18 10 11 31 35 45 55 16 10 9 5 
4025500 4025631 0 0 0 -20 -35 0 -18 -33 -22 -31 13 85 82 25 20 18 10 11 31 35 45 55 16 10 10 5 
4218500 4218609 0 0 0 -21 -38 0 -22 -39 -27 -36 16 81 83 25 20 18 10 11 31 35 45 55 16 7 8 5 
5422500 5422650 0 0 0 -25 -25 0 -28 -26 -34 -43 -2 79 79 25 20 18 10 11 31 35 45 55 16 7 10 5 
6041000 6041221 0 0 0 -21 -23 0 -15 -20 -19 -28 6 73 69 25 20 18 10 11 31 35 45 55 16 7 7 5 
7297500 7297573 0 0 0 -10 -41 0 -13 -45 -9 -18 37 86 85 25 20 18 10 11 31 35 45 55 16 10 9 5 
8434000 8434026 0 0 0 -31 -49 0 -29 -47 -33 -42 19 88 91 25 20 18 10 9 29 35 45 55 16 9 9 5 
8853500 8853549 0 0 0 -28 -36 0 -28 -39 -34 -43 12 81 81 25 20 18 10 10 30 35 45 55 16 3 4 5 
10159000 10159185 0 0 0 -27 -36 0 -28 -36 -32 -41 8 67 72 25 20 18 10 11 31 35 45 55 16 8 8 5 
11895000 11895026 0 0 0 -17 -25 0 -15 -24 -18 -27 10 63 63 25 20 18 10 11 31 35 45 55 16 7 5 5 
13312500 13312539 0 0 0 -35 -28 0 -34 -28 -38 -47 -6 61 59 25 20 18 10 11 31 35 45 55 16 8 8 5 
13789000 13789021 0 0 0 -30 -23 0 -29 -23 -35 -44 -9 54 58 25 20 18 10 12 32 35 45 55 16 7 7 5 
14940000 14940031 0 0 0 -9 -9 0 -8 -9 -12 -21 1 59 52 25 20 18 10 11 31 35 45 55 16 5 5 5 
15806500 15806714 0 0 0 -11 -10 0 -11 -9 -14 -23 -1 64 62 25 20 18 10 11 31 35 45 55 16 8 6 5 
16196500 16196635 0 0 0 -18 -15 0 -20 -15 -25 -34 -5 61 65 25 20 18 10 11 31 35 45 55 16 6 8 5 
16961000 16961081 0 0 0 -25 -20 0 -27 -22 -32 -41 -5 67 68 25 20 18 10 11 31 35 45 55 16 8 5 5 
17561500 17561515 0 0 0 -29 -22 0 -30 -23 -39 -48 -11 62 61 25 20 18 10 12 32 35 45 55 16 7 8 5 
18532500 18532587 0 0 0 -33 -36 0 -34 -38 -41 -50 -1 78 86 25 20 18 10 12 32 35 45 55 16 10 8 5 
19492500 19492573 0 0 0 -16 -30 0 -15 -30 -19 -28 16 79 79 25 20 18 10 10 30 35 45 55 16 7 6 5 
20396500 20396565 0 0 0 -5 -27 0 -4 -26 -6 -15 20 80 78 25 20 18 10 11 31 35 45 55 16 8 8 5 
21229000 21229186 0 0 0 -19 -34 0 -20 -33 -25 -34 14 72 72 25 20 18 10 11 31 35 45 55 16 8 8 5 
67500 67755 1 0 0 -5 -18 0 -10 -22 4 -33 13 82 87 25 20 18 10 10 30 35 45 55 16 8 5 5 
472500 472652 1 0 -1 0 0 0 0 0 0 -31 0 71 72 25 20 18 10 11 31 35 45 55 16 8 8 5 
898000 898082 1 0 0 -22 -25 0 -25 -29 -13 -50 4 88 91 25 20 18 10 10 30 35 45 55 16 10 9 5 
995000 995044 1 -1 1 -71 -67 -51 -78 -74 -63 -100 -4 94 91 25 20 18 10 10 30 35 45 55 16 9 12 5 
1089500 1089592 1 2 1 -129 -96 -110 -136 -101 -122 -159 -34 91 89 25 20 18 10 11 31 35 45 55 16 9 11 5 
1104000 1104037 1 -3 1 -65 -69 -47 -69 -73 -58 -95 3 85 84 25 20 18 10 11 31 35 45 55 16 10 11 5 
1113500 1113573 1 -1 1 -69 -71 -51 -75 -76 -61 -98 2 88 87 25 20 18 10 11 31 35 45 55 16 11 11 5 
1132500 1132509 1 2 1 -103 -83 -85 -112 -91 -99 -136 -22 93 96 25 20 18 10 11 31 35 45 55 16 9 12 5 
1220500 1220714 1 -3 1 -63 -71 -46 -62 -73 -49 -86 12 93 94 25 20 18 10 11 31 35 45 55 16 10 12 5 
1494500 1494820 1 0 0 -12 -36 0 -17 -42 -4 -41 24 87 87 25 20 18 10 11 31 35 45 55 16 10 7 5 
2089000 2089107 1 0 0 -16 -35 0 -23 -41 -10 -47 19 88 88 25 20 18 10 11 31 35 45 55 16 6 10 5 
2338000 2338134 1 0 0 -5 -29 0 -6 -33 8 -29 28 86 85 25 20 18 10 11 31 35 45 55 16 8 2 5 
2396000 2396123 1 -1 1 -62 -73 -52 -65 -76 -51 -88 12 106 107 25 20 18 10 11 29 35 45 55 16 13 13 5 
2482500 2482533 1 2 1 -223 -163 -205 -241 -171 -229 -266 -70 103 99 25 20 18 10 11 31 35 45 55 16 13 13 5 
2546500 2546585 1 -3 1 -74 -73 -50 -77 -79 -65 -102 2 96 99 25 20 18 10 11 31 35 45 55 16 12 12 5 
2627000 2627120 1 0 0 -31 -55 0 -37 -61 -24 -61 24 88 88 25 20 18 10 11 31 35 45 55 16 9 9 5 
2838500 2838622 1 0 0 -5 -31 0 -11 -36 1 -36 25 84 91 25 20 18 10 11 31 35 45 55 16 9 11 5 
3311000 3311033 1 0 0 -12 -34 0 -15 -38 -1 -38 22 87 85 25 20 18 10 10 30 35 45 55 16 11 8 5 
3456500 3456515 1 -1 1 -65 -74 -54 -71 -80 -58 -95 8 94 91 25 20 18 10 11 31 35 45 55 16 11 12 5 
3502000 3502187 1 2 1 -166 -165 -156 -179 -175 -166 -203 -4 113 115 25 20 18 10 11 27 35 45 55 16 14 14 5 
3553500 3553703 1 -3 1 -59 -66 -49 -67 -71 -55 -92 3 81 75 25 20 18 10 11 31 35 45 55 16 10 7 5 
3780000 3780035 1 0 0 -9 -30 0 -15 -38 -2 -39 22 79 79 25 20 18 10 11 31 35 45 55 16 10 9 5 
4024000 4024076 1 0 0 -24 -37 0 -32 -42 -20 -57 10 86 94 25 20 18 10 11 31 35 45 55 16 10 10 5 
4081000 4081078 1 -1 1 -77 -80 -54 -82 -83 -69 -106 0 108 108 25 20 18 10 11 29 35 45 55 16 14 12 5 
4086000 4086067 1 2 1 -114 -114 -91 -121 -121 -107 -144 0 112 112 25 20 18 10 11 27 35 45 55 16 12 13 5 
4123500 4123531 1 -3 1 -71 -72 -49 -79 -79 -67 -104 0 100 101 25 20 18 10 11 29 35 45 55 16 12 13 5 
4217000 4217321 1 0 0 -19 -34 0 -24 -39 -12 -49 15 82 80 25 20 18 10 11 31 35 45 55 16 8 8 5 
5415000 5415062 1 0 0 -14 -23 0 -19 -29 -4 -41 12 74 74 25 20 18 10 11 31 35 45 55 16 10 7 5 
6041500 6041659 1 0 0 -18 -27 0 -22 -34 -9 -46 12 72 68 25 20 18 10 11 31 35 45 55 16 7 7 5 
7293500 7293576 1 0 0 -10 -36 0 -15 -41 -3 -40 26 86 83 25 20 18 10 11 31 35 45 55 16 9 9 5 
8437500 8437980 1 0 0 -16 -44 0 -21 -51 -8 -45 30 86 83 25 20 18 10 9 29 35 45 55 16 6 10 5 
8855500 8855631 1 0 0 -17 -33 0 -23 -37 -10 -47 13 81 82 25 20 18 10 10 30 35 45 55 16 4 5 5 
10166000 10166159 1 0 0 -17 -28 0 -21 -32 -10 -47 11 67 71 25 20 18 10 11 31 35 45 55 16 8 7 5 
11884000 11884130 1 0 0 -14 -25 0 -19 -30 -7 -44 11 62 61 25 20 18 10 11 31 35 45 55 16 8 8 5 
13312500 13312539 1 0 0 -25 -19 0 -30 -24 -18 -55 -7 61 59 25 20 18 10 11 31 35 45 55 16 8 8 5 
13788500 13788524 1 0 0 -16 -10 0 -22 -17 -9 -46 -4 54 59 25 20 18 10 12 32 35 45 55 16 7 7 5 
14914000 14914117 1 0 0 13 4 0 9 0 22 -15 9 58 60 25 20 18 10 11 31 35 45 55 16 5 6 5 
15791000 15791018 1 0 0 11 6 0 6 0 18 -19 4 63 64 25 20 18 10 11 31 35 45 55 16 6 6 5 
16200000 16200053 1 0 0 8 4 0 1 -4 16 -21 8 61 57 25 20 18 10 11 31 35 45 55 16 7 8 5 
16957500 16957586 1 0 0 1 -5 0 -6 -11 6 -31 6 68 69 25 20 18 10 11 31 35 45 55 16 8 8 5 
17568500 17568522 1 0 0 -8 0 0 -15 -6 -3 -40 -11 61 61 25 20 18 10 12 32 35 45 55 16 7 8 5 
18540000 18540067 1 0 0 -23 -19 0 -26 -24 -13 -50 -2 70 66 25 20 18 10 12 32 35 45 55 16 9 9 5 
19489000 19489181 1 0 0 -9 -27 0 -15 -33 -2 -39 17 80 82 25 20 18 10 10 30 35 45 55 16 3 6 5 
20396000 20396194 1 0 0 2 -19 0 -2 -24 12 -25 22 80 78 25 20 18 10 11 31 35 45 55 16 6 8 5 
21195000 21195417 1 0 0 -15 -35 0 -19 -40 -6 -43 20 70 70 25 20 18 10 11 31 35 45 55 16 6 8 5 
