94250 94343 0 0 -1 0 0 0 0 0 0 -34 0 76 71 25 20 15 10 13 33 35 45 55 16 3 5 5 
149250 149323 0 0 0 10 -26 0 16 -21 7 -28 31 67 66 25 20 15 10 13 33 35 45 55 16 8 9 5 
243750 243851 0 0 0 20 -9 0 26 -2 -3 -17 22 67 67 25 20 15 10 12 32 35 45 55 16 8 8 5 
274250 274344 0 0 0 22 -8 0 27 -4 19 -16 34 62 61 25 20 15 10 12 32 35 45 55 16 8 8 5 
532250 532432 0 0 0 33 -3 0 38 2 7 -7 36 61 60 25 20 15 10 12 32 35 45 55 16 8 8 5 
1233750 1233977 0 0 0 35 2 0 41 7 13 -1 40 59 59 25 20 15 10 12 32 35 45 55 16 7 8 5 
1400750 1400855 0 0 0 27 -9 0 32 -8 -3 -17 36 61 59 25 20 15 10 12 32 35 45 55 16 8 8 5 
1974250 1974303 0 0 0 42 9 0 48 14 19 5 36 64 63 25 20 15 10 12 32 35 45 55 16 8 8 5 
2253750 2253779 0 0 0 28 1 0 34 6 3 -11 27 62 61 25 20 15 10 12 32 35 45 55 16 8 8 5 
2614250 2614387 0 0 0 34 3 0 40 9 34 -1 35 62 62 25 20 15 10 12 32 35 45 55 16 8 8 5 
2731750 2731890 0 0 0 25 -12 0 29 -7 3 -11 39 60 62 25 20 15 10 12 32 35 45 55 16 8 8 5 
2958750 2958941 0 0 0 46 6 0 53 13 25 11 42 63 63 25 20 15 10 12 32 35 45 55 16 8 5 5 
3300250 3300302 0 0 0 48 11 0 53 16 44 9 37 63 64 25 20 15 10 12 32 35 45 55 16 8 8 5 
3446750 3446962 0 0 0 11 -24 0 16 -19 11 -24 36 64 65 25 20 15 10 12 32 35 45 55 16 7 8 5 
3491750 3491767 0 0 0 33 -6 0 41 -1 34 -1 42 68 68 25 20 15 10 12 32 35 45 55 16 9 8 5 
3763250 3763316 0 0 0 30 -12 0 34 -5 7 -7 41 72 73 25 20 15 10 12 32 35 45 55 16 9 9 5 
3969250 3969366 0 0 0 26 -15 0 33 -7 4 -10 40 76 76 25 20 15 10 12 32 35 45 55 16 10 10 5 
3994750 3994793 0 0 0 22 -24 0 26 -20 19 -16 43 75 74 25 20 15 10 12 32 35 45 55 16 10 10 5 
3999250 4000537 0 -1 7 -32 -38 -54 -74 -50 -101 -115 -17 94 79 25 20 15 10 12 32 35 45 55 16 0 1 5 
4729250 4730447 0 2 7 -321 -303 -333 -326 -245 -396 -410 -120 126 109 25 20 15 10 12 30 35 45 55 16 0 0 5 
5176750 5177480 0 -3 7 -41 -80 -47 1 -47 -29 -43 49 89 75 25 20 15 10 12 32 35 45 55 16 3 10 5 
5197750 5197856 0 0 0 6 -35 0 13 -28 -16 -30 40 79 78 25 20 15 10 12 32 35 45 55 16 10 9 5 
5264250 5264320 0 0 0 19 -22 0 22 -18 -10 -24 40 78 76 25 20 15 10 10 30 35 45 55 16 10 6 5 
5272750 5272839 0 13 0 43 0 -4 45 1 10 -4 43 80 80 25 20 15 10 10 30 35 45 55 16 8 8 5 
5279250 5279364 0 0 0 70 10 0 75 14 63 28 62 79 75 25 20 15 10 10 30 35 45 55 16 8 5 5 
5359750 5359772 0 0 0 51 5 0 54 8 25 11 45 81 81 25 20 15 10 11 31 35 45 55 16 7 9 5 
5566750 5567015 0 0 0 49 0 0 57 6 29 15 52 81 80 25 20 15 10 12 32 35 45 55 16 7 9 5 
6658250 6658418 0 0 0 51 4 0 55 8 24 10 48 72 72 25 20 15 10 12 32 35 45 55 16 8 9 5 
7046250 7046255 0 0 0 42 -6 0 45 -3 16 2 48 71 71 25 20 15 10 12 32 35 45 55 16 9 9 5 
7614750 7614938 0 0 0 56 9 0 62 17 56 21 47 70 68 25 20 15 10 12 32 35 45 55 16 7 9 5 
7672250 7672465 0 0 0 39 -6 0 42 -1 13 -1 39 78 79 25 20 15 10 12 32 35 45 55 16 9 9 5 
7842250 7842252 0 0 0 36 -15 0 39 -12 9 -5 50 84 83 25 20 15 10 12 32 35 45 55 16 7 8 5 
8171750 8171890 0 0 0 35 -17 0 42 -12 35 0 53 84 83 25 20 15 10 12 32 35 45 55 16 10 10 5 
8392250 8392287 0 0 0 34 -19 0 40 -13 13 -1 51 83 83 25 20 15 10 12 32 35 45 55 16 7 4 5 
8608250 8608388 0 0 0 53 -10 0 57 -8 35 21 68 79 77 25 20 15 10 12 32 35 45 55 16 6 8 5 
9119750 9119829 0 0 0 47 1 0 53 8 21 7 46 72 73 25 20 15 10 12 32 35 45 55 16 9 9 5 
10243250 10243388 0 0 0 42 -9 0 47 -4 20 6 55 68 68 25 20 15 10 12 32 35 45 55 16 8 9 5 
11124750 11124958 0 0 0 37 -2 0 41 3 35 0 42 60 60 25 20 15 10 12 32 35 45 55 16 8 8 5 
11256750 11256927 0 -1 7 -15 -50 -50 -11 -46 -37 -51 34 82 81 25 20 15 10 13 33 35 45 55 16 10 10 5 
11386250 11386387 0 2 7 -95 -107 -128 -84 -102 -122 -136 5 101 103 25 20 15 10 13 31 35 45 55 16 10 10 5 
11463250 11463553 0 -3 7 -18 -58 -50 -10 -52 -41 -55 34 75 74 25 20 15 10 13 33 35 45 55 16 9 9 5 
11651250 11651273 0 0 0 30 -15 0 35 -9 11 -3 51 74 74 25 20 15 10 13 33 35 45 55 16 9 9 5 
12262250 12262441 0 0 0 9 -31 0 14 -27 -17 -31 35 74 75 25 20 15 10 13 33 35 45 55 16 9 9 5 
12793250 12793258 0 0 0 3 -26 0 8 -21 -24 -38 29 75 75 25 20 15 10 12 32 35 45 55 16 10 10 5 
12937250 12937359 0 0 0 1 -30 0 5 -24 -27 -41 29 76 75 25 20 15 10 12 32 35 45 55 16 10 10 5 
13046250 13046332 0 0 0 1 -24 0 4 -20 -25 -39 27 75 75 25 20 15 10 12 32 35 45 55 16 10 10 5 
13074250 13074395 0 0 0 49 8 0 53 11 23 9 42 71 70 25 20 15 10 12 32 35 45 55 16 9 9 5 
13636750 13636843 0 0 0 24 -4 0 29 2 -3 -17 27 68 69 25 20 15 10 12 32 35 45 55 16 9 8 5 
14429750 14429812 0 0 0 41 0 0 45 4 13 -1 40 67 66 25 20 15 10 12 32 35 45 55 16 9 8 5 
14861250 14861370 0 0 0 44 3 0 50 7 19 5 44 64 65 25 20 15 10 12 32 35 45 55 16 8 8 5 
14876250 14876283 0 0 0 64 22 0 70 27 39 25 43 62 61 25 20 15 10 12 32 35 45 55 16 8 8 5 
15126750 15126993 0 0 0 67 28 0 71 33 41 27 41 61 62 25 20 15 10 12 32 35 45 55 16 8 8 5 
15833250 15833502 0 0 0 56 15 0 62 21 31 17 40 58 56 25 20 15 10 12 32 35 45 55 16 7 7 5 
16570250 16570496 0 0 0 50 14 0 57 19 25 11 36 57 58 25 20 15 10 12 32 35 45 55 16 7 7 5 
17121750 17121799 0 0 0 43 8 0 48 13 17 3 37 59 59 25 20 15 10 12 32 35 45 55 16 7 7 5 
17704750 17704772 0 0 0 63 19 0 67 24 46 32 47 62 64 25 20 15 10 13 33 35 45 55 16 8 8 5 
18296250 18296409 0 0 0 59 13 0 61 16 33 19 43 62 60 25 20 15 10 13 33 35 45 55 16 8 7 5 
19086750 19086884 0 -1 7 3 -52 -51 9 -44 -13 -27 49 107 109 25 20 15 10 13 31 35 45 55 16 10 13 5 
19131750 19131843 0 2 7 -47 -69 -100 -43 -64 -79 -93 9 96 96 25 20 15 10 13 33 35 45 55 16 11 11 5 
19158250 19158478 0 -3 7 5 -36 -48 14 -28 -10 -24 32 91 90 25 20 15 10 13 33 35 45 55 16 10 6 5 
19378250 19378253 0 0 0 51 0 0 54 5 29 15 49 71 70 25 20 15 10 13 33 35 45 55 16 9 9 5 
19683750 19683776 0 0 0 44 0 0 51 6 27 13 51 68 68 25 20 15 10 13 33 35 45 55 16 9 9 5 
20045750 20045764 0 0 0 54 11 0 60 17 30 16 41 66 67 25 20 15 10 13 33 35 45 55 16 8 8 5 
20328750 20328810 0 0 0 32 0 0 36 5 6 -8 30 66 66 25 20 15 10 13 33 35 45 55 16 8 8 5 
20553250 20553267 0 0 0 21 -8 0 28 -3 20 -15 31 66 65 25 20 15 10 13 33 35 45 55 16 8 8 5 
20934250 20934442 0 0 0 32 0 0 36 5 5 -9 32 70 70 25 20 15 10 13 33 35 45 55 16 9 9 5 
26750 26881 1 0 0 -22 -24 0 7 -10 15 142 18 83 84 25 20 15 10 13 33 35 45 55 16 4 0 5 
40250 41265 1 10 0 -351 -364 -331 -394 -407 -388 -261 13 83 81 25 20 15 10 13 33 35 45 55 16 0 0 5 
93750 94343 1 0 0 -9 -61 0 -7 -63 0 127 55 76 71 25 20 15 10 13 33 35 45 55 16 3 5 5 
152750 152840 1 0 0 -17 -60 0 -20 -67 -14 113 47 69 68 25 20 15 10 13 33 35 45 55 16 9 9 5 
245750 245877 1 0 -1 0 0 0 0 0 0 130 0 67 66 25 20 15 10 12 32 35 45 55 16 8 8 5 
277250 277258 1 0 0 11 -41 0 7 -43 14 141 51 62 60 25 20 15 10 12 32 35 45 55 16 8 8 5 
536250 536380 1 0 0 18 -35 0 12 -40 17 144 52 58 54 25 20 15 10 12 32 35 45 55 16 8 7 5 
1226250 1226386 1 0 0 27 -27 0 21 -33 28 155 54 59 59 25 20 15 10 12 32 35 45 55 16 7 7 5 
1397250 1397257 1 0 0 4 -38 0 -2 -45 12 133 43 63 64 25 20 15 10 12 32 35 45 55 16 8 7 5 
1976750 1976874 1 0 0 38 -14 0 36 -18 49 170 56 63 63 25 20 15 10 12 32 35 45 55 16 8 8 5 
2253750 2253779 1 0 0 27 -23 0 24 -27 31 158 52 62 61 25 20 15 10 12 32 35 45 55 16 8 8 5 
2615750 2615838 1 0 0 29 -24 0 24 -30 31 158 55 62 63 25 20 15 10 12 32 35 45 55 16 8 8 5 
2733750 2733878 1 0 0 26 -26 0 23 -29 31 158 53 60 59 25 20 15 10 12 32 35 45 55 16 8 7 5 
2960750 2961321 1 0 0 6 -38 0 2 -42 9 136 45 63 64 25 20 15 10 12 32 35 45 55 16 4 8 5 
3301250 3301255 1 0 0 18 -33 0 13 -38 24 145 50 63 62 25 20 15 10 12 32 35 45 55 16 8 8 5 
3446250 3446266 1 0 0 -1 -51 0 -5 -54 2 129 49 64 64 25 20 15 10 12 32 35 45 55 16 7 8 5 
3489250 3489346 1 0 0 5 -41 0 -1 -46 6 133 45 68 68 25 20 15 10 12 32 35 45 55 16 8 9 5 
3763750 3763934 1 0 0 -3 -53 0 -5 -57 0 127 51 72 72 25 20 15 10 12 32 35 45 55 16 9 9 5 
3969750 3969761 1 0 0 5 -43 0 -1 -50 11 132 49 76 76 25 20 15 10 12 32 35 45 55 16 10 10 5 
3996750 3996783 1 0 0 17 -36 0 11 -40 25 146 51 83 77 25 20 15 10 12 32 35 45 55 16 10 6 5 
4000250 4000537 1 -1 7 -34 -69 -51 -44 -79 -38 89 34 95 79 25 20 15 10 12 32 35 45 55 16 0 1 5 
4197750 4197828 1 2 7 -151 -200 -166 -162 -212 -156 -29 50 134 155 25 20 15 10 12 27 35 45 55 16 6 9 5 
4527750 4527936 1 -3 7 -39 -72 -49 -43 -77 -36 91 32 120 115 25 20 15 10 12 28 35 45 55 16 4 7 5 
4557250 4557323 1 -1 7 -41 -79 -52 -41 -72 -36 91 32 129 121 25 20 15 10 12 27 35 45 55 16 5 2 5 
4682250 4682366 1 2 7 -138 -151 -147 -141 -149 -134 -7 10 125 122 25 20 15 10 12 27 35 45 55 16 2 4 5 
4693250 4694392 1 -3 7 -38 -94 -46 -28 -84 -22 105 56 126 123 25 20 15 10 12 27 35 45 55 16 0 1 5 
4738750 4740338 1 -1 7 -44 -108 -52 -65 -124 -59 68 59 131 161 25 20 15 10 12 27 35 45 55 16 0 0 5 
4781750 4782587 1 2 7 -98 -145 -105 -123 -162 -117 10 38 119 129 25 20 15 10 12 27 35 45 55 16 2 2 5 
4784250 4784818 1 -3 7 -39 -123 -47 5 -105 10 137 109 121 109 25 20 15 10 12 30 35 45 55 16 2 4 5 
4793750 4794001 1 -1 7 -46 -122 -54 -24 -125 -19 108 100 115 99 25 20 15 10 12 32 35 45 55 16 4 6 5 
4807250 4808545 1 2 7 -80 -135 -87 -92 -149 -87 40 55 117 119 25 20 15 10 12 28 35 45 55 16 0 4 5 
4878250 4878663 1 -3 7 -41 -94 -47 -50 -108 -43 84 58 124 114 25 20 15 10 12 28 35 45 55 16 9 4 5 
5197750 5197856 1 0 0 2 -36 0 -2 -40 11 132 40 79 78 25 20 15 10 12 32 35 45 55 16 10 9 5 
5264250 5264320 1 0 0 9 -37 0 4 -42 10 137 45 78 76 25 20 15 10 10 30 35 45 55 16 10 6 5 
5272750 5272839 1 13 0 38 -18 7 32 -23 38 165 55 80 80 25 20 15 10 10 30 35 45 55 16 8 8 5 
5280250 5280341 1 0 0 51 -16 0 38 -27 45 172 66 80 79 25 20 15 10 10 30 35 45 55 16 9 2 5 
5358750 5358838 1 0 0 57 -8 0 52 -15 60 187 69 81 81 25 20 15 10 11 31 35 45 55 16 8 9 5 
5564750 5564973 1 0 0 68 3 0 62 -3 69 196 66 81 80 25 20 15 10 12 32 35 45 55 16 7 7 5 
6670750 6670879 1 0 0 41 -20 0 33 -26 46 167 61 72 73 25 20 15 10 12 32 35 45 55 16 6 9 5 
7053250 7053443 1 0 0 41 -23 0 40 -26 52 173 65 72 74 25 20 15 10 12 32 35 45 55 16 7 9 5 
7613750 7613863 1 0 0 54 -10 0 51 -15 65 186 66 70 71 25 20 15 10 12 32 35 45 55 16 8 8 5 
7649750 7649767 1 13 0 3 -41 -16 -3 -46 3 130 42 84 83 25 20 15 10 12 32 35 45 55 16 11 10 5 
7657250 7657392 1 0 0 1 -44 0 -1 -48 5 132 46 84 84 25 20 15 10 12 32 35 45 55 16 10 10 5 
7839750 7839916 1 0 0 23 -29 0 18 -34 30 151 52 82 82 25 20 15 10 12 32 35 45 55 16 7 8 5 
8014250 8014329 1 0 0 -15 -54 0 -21 -61 -10 111 40 111 111 25 20 15 10 12 28 35 45 55 16 13 13 5 
8020750 8021226 1 13 0 34 -29 11 36 -33 43 170 70 110 110 25 20 15 10 12 28 35 45 55 16 10 11 5 
8024750 8024873 1 0 0 46 -23 0 41 -27 47 174 67 112 111 25 20 15 10 12 28 35 45 55 16 13 14 5 
8036750 8036824 1 0 0 60 -34 0 56 -38 67 188 94 108 106 25 20 15 10 12 30 35 45 55 16 14 14 5 
8042250 8042354 1 13 0 22 -64 -6 15 -72 22 149 87 105 106 25 20 15 10 12 30 35 45 55 16 8 11 5 
8050250 8050666 1 0 0 -18 -88 0 -23 -95 -17 110 72 99 99 25 20 15 10 12 32 35 45 55 16 10 8 5 
8073250 8073403 1 0 0 -46 -95 0 -53 -102 -40 81 49 89 89 25 20 15 10 12 32 35 45 55 16 10 8 5 
8156750 8156992 1 0 0 18 -33 0 11 -39 24 145 52 89 89 25 20 15 10 12 32 35 45 55 16 7 6 5 
8390750 8390836 1 0 0 51 -14 0 48 -18 55 182 67 82 82 25 20 15 10 12 32 35 45 55 16 6 6 5 
8611250 8611405 1 0 0 17 -39 0 10 -46 23 144 56 80 82 25 20 15 10 12 32 35 45 55 16 9 8 5 
9119750 9119829 1 0 0 25 -29 0 23 -32 29 156 55 72 73 25 20 15 10 12 32 35 45 55 16 9 9 5 
9691750 9691889 1 0 0 15 -42 0 11 -46 18 145 58 69 69 25 20 15 10 12 32 35 45 55 16 9 9 5 
10255750 10255874 1 0 0 16 -39 0 13 -42 23 144 53 66 63 25 20 15 10 12 32 35 45 55 16 8 8 5 
10541250 10541477 1 0 0 12 -39 0 7 -45 11 138 52 61 63 25 20 15 10 12 32 35 45 55 16 8 8 5 
11132250 11132483 1 0 0 19 -39 0 14 -45 25 146 59 63 64 25 20 15 10 12 32 35 45 55 16 8 8 5 
11347750 11347797 1 -1 7 -42 -89 -53 -54 -99 -47 80 45 95 98 25 20 15 10 13 33 35 45 55 16 10 11 5 
11379250 11379313 1 2 7 -79 -97 -89 -83 -101 -77 50 18 98 97 25 20 15 10 13 33 35 45 55 16 12 11 5 
11399250 11399361 1 -3 7 -38 -86 -48 -44 -93 -39 88 48 103 104 25 20 15 10 13 31 35 45 55 16 10 13 5 
11645750 11645794 1 0 0 1 -47 0 -4 -53 2 129 48 73 73 25 20 15 10 13 33 35 45 55 16 9 9 5 
12262250 12262441 1 0 0 21 -33 0 16 -38 22 149 56 74 75 25 20 15 10 13 33 35 45 55 16 9 9 5 
12798750 12798827 1 0 0 -6 -56 0 -12 -62 -7 120 49 75 74 25 20 15 10 12 32 35 45 55 16 10 9 5 
12936750 12936766 1 0 0 6 -51 0 1 -55 13 134 56 76 76 25 20 15 10 12 32 35 45 55 16 10 10 5 
13044250 13044344 1 0 0 23 -38 0 18 -42 23 150 58 76 76 25 20 15 10 12 32 35 45 55 16 10 10 5 
13072250 13072262 1 0 0 -10 -53 0 -16 -59 -9 118 42 70 70 25 20 15 10 12 32 35 45 55 16 9 9 5 
13636750 13636843 1 0 0 4 -41 0 -1 -46 6 133 44 68 69 25 20 15 10 12 32 35 45 55 16 9 8 5 
14431250 14431397 1 0 0 -11 -57 0 -15 -62 -9 118 46 67 66 25 20 15 10 12 32 35 45 55 16 8 9 5 
14861750 14861835 1 0 0 26 -35 0 19 -43 31 152 63 64 66 25 20 15 10 12 32 35 45 55 16 8 8 5 
14876750 14876777 1 0 0 -16 -54 0 -21 -58 -7 114 38 62 62 25 20 15 10 12 32 35 45 55 16 8 8 5 
15127750 15127981 1 0 0 -11 -55 0 -15 -60 -2 119 45 61 62 25 20 15 10 12 32 35 45 55 16 8 8 5 
15834750 15834823 1 0 0 -12 -55 0 -18 -60 -6 115 42 58 57 25 20 15 10 12 32 35 45 55 16 7 7 5 
16568750 16568944 1 0 0 -14 -55 0 -19 -60 -7 114 42 57 57 25 20 15 10 12 32 35 45 55 16 7 7 5 
17122750 17122818 1 0 0 -2 -48 0 -8 -53 4 125 47 59 60 25 20 15 10 12 32 35 45 55 16 7 7 5 
17706750 17706910 1 0 0 -3 -42 0 -8 -48 6 127 40 63 63 25 20 15 10 13 33 35 45 55 16 8 8 5 
18296250 18296409 1 0 0 -2 -40 0 -6 -45 1 128 38 62 60 25 20 15 10 13 33 35 45 55 16 8 7 5 
18690750 18690868 1 -1 7 -43 -82 -51 -48 -89 -44 83 40 93 99 25 20 15 10 13 33 35 45 55 16 5 5 5 
18729250 18729456 1 2 7 -72 -98 -81 -76 -102 -71 56 25 65 63 25 20 15 10 13 33 35 45 55 16 8 8 5 
18736750 18736799 1 -3 7 -40 -81 -49 -42 -84 -35 92 42 69 71 25 20 15 10 13 33 35 45 55 16 8 8 5 
19376250 19376377 1 0 0 24 -33 0 19 -37 25 152 55 71 71 25 20 15 10 13 33 35 45 55 16 9 9 5 
19679250 19679431 1 0 0 20 -39 0 16 -45 28 149 60 69 70 25 20 15 10 13 33 35 45 55 16 9 9 5 
20054750 20054922 1 0 0 49 -12 0 44 -16 51 178 60 68 69 25 20 15 10 13 33 35 45 55 16 9 9 5 
20327250 20327445 1 0 0 28 -26 0 23 -30 37 158 55 65 67 25 20 15 10 13 33 35 45 55 16 8 8 5 
20553750 20553963 1 0 0 2 -46 0 -2 -51 4 131 49 66 66 25 20 15 10 13 33 35 45 55 16 8 8 5 
20936250 20936353 1 0 0 -4 -44 0 -4 -46 3 130 42 71 69 25 20 15 10 13 33 35 45 55 16 9 3 5 
