80750 80778 0 0 -1 0 0 0 0 0 0 -98 0 72 71 25 20 14 10 12 32 35 45 55 16 7 8 5 
133250 133344 0 0 0 -5 -46 0 -8 -51 -1 -94 43 74 73 25 20 14 10 12 32 35 45 55 16 5 5 5 
335750 335863 0 0 0 5 -36 0 2 -39 11 -82 42 73 72 25 20 14 10 13 33 35 45 55 16 9 9 5 
425750 425889 0 0 0 24 1 0 22 2 37 -56 27 72 75 25 20 14 10 14 34 35 45 55 16 8 8 5 
478250 478254 0 0 0 45 -6 0 45 -10 58 -35 57 71 64 25 20 14 10 14 34 35 45 55 16 8 6 5 
583250 583456 0 0 0 49 19 0 42 12 66 -27 36 70 71 25 20 14 10 15 35 35 45 55 16 8 7 5 
654250 654322 0 0 0 59 22 0 60 20 60 -33 35 70 68 25 20 14 10 15 35 35 45 55 16 6 9 5 
664750 664757 0 0 0 51 25 0 55 25 62 -38 30 72 72 25 20 14 10 15 35 35 45 55 16 8 7 5 
778250 778327 0 0 0 41 -4 0 37 -7 45 -48 44 80 80 25 20 14 10 16 36 35 45 55 16 10 9 5 
916750 917013 0 0 0 6 -26 0 -1 -31 3 -90 30 79 77 25 20 14 10 16 36 35 45 55 16 3 6 5 
1085750 1085982 0 0 0 3 -35 0 -2 -39 -1 -94 37 74 74 25 20 13 10 15 35 35 45 55 16 7 5 5 
1402250 1402436 0 0 0 36 -16 0 35 -14 33 -60 47 82 83 25 20 13 10 16 36 35 45 55 16 6 9 5 
1616750 1616852 0 0 0 3 -22 0 1 -23 -3 -96 24 85 83 25 20 12 10 16 36 35 45 55 16 10 8 5 
1775750 1776027 0 0 0 -2 -46 0 -4 -47 -6 -99 44 85 86 25 20 12 10 16 36 35 45 55 16 6 8 5 
1912250 1912334 0 0 0 -3 -46 0 -12 -52 -20 -113 39 77 77 25 20 12 10 14 34 35 45 55 16 8 9 5 
2088750 2088839 0 0 0 -6 -44 0 -9 -48 -9 -102 40 75 75 25 20 12 10 13 33 35 45 55 16 8 10 5 
2270750 2270965 0 0 0 9 -33 0 2 -34 0 -93 36 80 80 25 20 12 10 13 33 35 45 55 16 9 8 5 
2383250 2383367 0 0 0 -1 -46 0 -5 -53 -12 -105 46 85 86 25 20 12 10 13 33 35 45 55 16 5 8 5 
2439250 2439372 0 0 0 5 -51 0 -6 -62 0 -100 56 84 84 25 20 12 10 14 34 35 45 55 16 8 8 5 
2466750 2468083 0 0 0 54 6 0 63 14 72 -28 49 88 86 25 20 12 10 14 34 35 45 55 16 2 5 5 
2516250 2516311 0 0 0 -8 -53 0 -14 -57 -11 -104 43 103 103 25 20 12 10 15 33 35 45 55 16 12 7 5 
2546250 2546551 0 0 0 56 -40 0 54 -44 51 -42 98 89 88 25 20 12 10 15 35 35 45 55 16 8 8 5 
2579750 2579890 0 0 0 -2 -44 0 -9 -47 -18 -111 38 78 79 25 20 12 10 15 35 35 45 55 16 7 9 5 
2602250 2602316 0 0 0 8 -23 0 8 -27 -1 -94 34 75 74 25 20 12 10 15 35 35 45 55 16 7 8 5 
2666750 2666799 0 0 0 1 -25 0 -2 -32 -8 -101 30 77 78 25 20 12 10 14 34 35 45 55 16 7 7 5 
2786250 2786360 0 0 0 23 -13 0 20 -18 16 -77 37 83 83 25 20 12 10 15 35 35 45 55 16 9 11 5 
2814250 2814314 0 0 0 -3 -60 0 -5 -63 -15 -108 57 72 71 25 20 12 10 15 35 35 45 55 16 9 8 5 
2902750 2902914 0 0 0 -28 -71 0 -32 -75 -48 -141 42 70 70 25 20 12 10 15 35 35 45 55 16 7 8 5 
3004250 3004333 0 0 0 1 -50 0 -3 -52 -21 -114 49 69 70 25 20 12 10 15 35 35 45 55 16 9 9 5 
3192750 3193196 0 0 0 12 1 0 9 -9 -3 -96 18 68 68 25 20 12 10 16 36 35 45 55 16 6 7 5 
3200750 3200843 0 13 0 64 14 27 60 7 74 -19 53 77 81 25 20 12 10 16 36 35 45 55 16 10 8 5 
3217250 3217532 0 0 0 89 46 0 87 41 88 -5 46 69 70 25 20 12 10 16 36 35 45 55 16 8 9 5 
3238250 3238578 0 0 0 92 50 0 90 49 85 -8 40 68 69 25 20 12 10 15 35 35 45 55 16 7 9 5 
3313250 3313371 0 0 0 39 -11 0 30 -18 31 -62 49 87 88 25 20 12 10 14 34 35 45 55 16 10 7 5 
3401750 3401859 0 0 0 24 -22 0 20 -23 15 -78 44 83 83 25 20 12 10 14 34 35 45 55 16 10 10 5 
3444250 3444410 0 0 0 32 -10 0 35 -8 28 -65 43 82 83 25 20 12 10 14 34 35 45 55 16 10 11 5 
3467750 3467914 0 0 0 38 -31 0 37 -34 32 -61 70 82 81 25 20 12 10 15 35 35 45 55 16 8 11 5 
3494250 3494268 0 0 0 -5 -51 0 -6 -52 -11 -104 46 72 71 25 20 12 10 15 35 35 45 55 16 8 8 5 
3534250 3534443 0 0 0 15 -24 0 9 -31 3 -90 41 70 71 25 20 12 10 15 35 35 45 55 16 9 7 5 
3614750 3614992 0 0 0 10 -36 0 8 -34 -3 -96 42 76 76 25 20 12 10 15 35 35 45 55 16 6 10 5 
3626250 3626323 0 0 0 51 3 0 48 0 36 -57 47 81 83 25 20 12 10 15 35 35 45 55 16 8 11 5 
3641250 3641270 0 0 0 52 7 0 51 3 52 -41 49 85 86 25 20 12 10 15 35 35 45 55 16 10 9 5 
3679750 3679836 0 0 0 4 -32 0 -3 -31 -18 -111 26 84 83 25 20 12 10 15 35 35 45 55 16 7 9 5 
3843750 3843830 0 0 0 12 -40 0 10 -45 16 -77 54 92 92 25 20 12 10 15 35 35 45 55 16 9 8 5 
3868250 3868250 0 0 0 15 -37 0 12 -40 18 -75 53 88 86 25 20 12 10 15 35 35 45 55 16 10 11 5 
3884750 3884785 0 0 0 15 -34 0 13 -37 17 -76 49 86 86 25 20 12 10 15 35 35 45 55 16 10 11 5 
3905750 3905966 0 0 0 20 -31 0 14 -34 20 -73 49 90 90 25 20 12 10 15 35 35 45 55 16 11 11 5 
3985250 3985278 0 0 0 29 -16 0 28 -17 33 -60 46 84 82 25 20 12 10 15 35 35 45 55 16 11 9 5 
4005750 4005865 0 0 0 13 -38 0 11 -41 15 -78 52 79 78 25 20 12 10 15 35 35 45 55 16 10 10 5 
4131750 4131836 0 0 0 -4 -30 0 -10 -33 -5 -98 24 80 79 25 20 12 10 15 35 35 45 55 16 8 6 5 
4262250 4262396 0 0 0 11 -20 0 9 -21 11 -82 29 82 82 25 20 12 10 14 34 35 45 55 16 7 8 5 
4456750 4456855 0 0 0 -13 -53 0 -12 -51 -6 -99 41 82 83 25 20 12 10 15 35 35 45 55 16 8 10 5 
4567250 4567362 0 0 0 -11 -53 0 -18 -58 -10 -103 40 85 84 25 20 12 10 14 34 35 45 55 16 9 10 5 
4615250 4615360 0 0 0 -64 -87 0 -67 -90 -74 -167 21 80 80 25 20 12 10 14 34 35 45 55 16 7 10 5 
4707250 4707274 0 0 0 15 -52 0 10 -53 8 -85 63 84 86 25 20 12 10 15 35 35 45 55 16 5 10 5 
4720250 4720606 0 0 0 39 -27 0 35 -31 39 -54 66 80 77 25 20 12 10 15 35 35 45 55 16 7 9 5 
4752250 4752580 0 -1 7 -16 -76 -64 -30 -84 2 -91 54 88 88 25 20 12 10 15 35 35 45 55 16 9 7 5 
4765750 4765925 0 2 7 -140 -176 -191 -165 -188 -147 -240 25 102 104 25 20 12 10 15 33 35 45 55 16 1 3 5 
4772750 4772861 0 -3 7 6 -104 -46 3 -106 16 -77 108 97 96 25 20 12 10 15 35 35 45 55 16 10 12 5 
4789750 4789802 0 0 0 57 -35 0 52 -38 57 -36 91 81 82 25 20 12 10 14 34 35 45 55 16 11 9 5 
4879750 4879858 0 0 0 40 -24 0 35 -30 40 -53 66 78 77 25 20 12 10 14 34 35 45 55 16 10 10 5 
4886250 4886339 0 -1 7 -17 -55 -54 -18 -56 -15 -108 38 94 94 25 20 12 10 14 34 35 45 55 16 8 8 5 
4959750 4960002 0 2 7 -199 -253 -201 -215 -266 -173 -266 50 114 113 25 20 12 10 14 30 35 45 55 16 3 5 5 
5069750 5069750 0 -3 7 -100 -123 -49 -104 -126 -108 -201 23 82 82 25 20 12 10 14 34 35 45 55 16 9 10 5 
5111750 5111816 0 0 0 -70 -104 0 -75 -110 -81 -174 35 77 77 25 20 12 10 15 35 35 45 55 16 10 9 5 
5235250 5235267 0 0 0 -52 -66 0 -56 -67 -65 -158 9 80 79 25 20 12 10 16 36 35 45 55 16 10 10 5 
5385250 5385310 0 0 0 -30 -59 0 -33 -61 -38 -131 28 76 77 25 20 12 10 16 36 35 45 55 16 10 10 5 
5548250 5548385 0 0 0 -24 -52 0 -28 -55 -36 -129 27 77 78 25 20 13 10 17 37 35 45 55 16 8 10 5 
5616750 5617017 0 0 0 -8 -42 0 -9 -42 -9 -102 33 78 78 25 20 13 10 17 37 35 45 55 16 8 9 5 
5770250 5770382 0 0 0 -35 -71 0 -37 -72 -38 -131 36 77 77 25 20 13 10 16 36 35 45 55 16 7 10 5 
6041750 6041758 0 0 0 -33 -63 0 -37 -66 -39 -132 32 76 77 25 20 13 10 14 34 35 45 55 16 9 10 5 
6069750 6069827 0 0 0 -14 -64 0 -19 -69 -22 -115 50 75 76 25 20 13 10 14 34 35 45 55 16 10 10 5 
6409250 6409272 0 0 0 -16 -55 0 -20 -59 -24 -117 39 74 74 25 20 13 10 15 35 35 45 55 16 9 9 5 
6431750 6431908 0 0 0 8 -40 0 7 -42 1 -92 49 75 76 25 20 12 10 16 36 35 45 55 16 8 7 5 
6481250 6481345 0 -1 7 -52 -123 -54 -59 -128 -56 -149 69 104 104 25 20 12 10 16 34 35 45 55 16 9 10 5 
6487250 6487340 0 2 7 -96 -175 -97 -104 -189 -96 -189 85 107 105 25 20 12 10 16 34 35 45 55 16 9 8 5 
6494750 6494974 0 -3 7 -49 -146 -49 -47 -144 -36 -129 97 106 106 25 20 12 10 16 34 35 45 55 16 5 12 5 
6525250 6525260 0 0 0 -4 -54 0 -4 -54 -6 -99 50 82 82 25 20 12 10 16 36 35 45 55 16 7 9 5 
6689250 6689325 0 0 0 9 -83 0 6 -83 -4 -97 91 85 87 25 20 11 10 15 35 35 45 55 16 8 8 5 
6728250 6728267 0 0 0 -36 -88 0 -40 -92 -58 -151 53 73 73 25 20 11 10 14 34 35 45 55 16 9 7 5 
6735750 6735939 0 13 0 90 27 54 91 25 72 -21 65 74 72 25 20 11 10 14 34 35 45 55 16 9 8 5 
6746250 6746350 0 0 0 137 69 0 133 66 117 24 67 72 72 25 20 11 10 14 34 35 45 55 16 9 9 5 
6804250 6804597 0 0 0 119 54 0 115 52 109 16 64 70 68 25 20 11 10 14 34 35 45 55 16 8 9 5 
6824750 6824868 0 0 0 43 -13 0 42 -15 36 -57 57 70 69 25 20 11 10 15 35 35 45 55 16 9 9 5 
6851250 6851254 0 0 0 84 26 0 81 24 76 -17 59 68 68 25 20 11 10 15 35 35 45 55 16 8 9 5 
6856750 6856763 0 13 0 30 -18 -19 20 -26 3 -90 44 76 77 25 20 11 10 15 35 35 45 55 16 8 8 5 
6864250 6864400 0 0 0 2 -28 0 -1 -31 -17 -110 31 72 73 25 20 11 10 15 35 35 45 55 16 9 9 5 
6916750 6916816 0 0 0 18 -28 0 13 -32 -9 -102 45 71 72 25 20 11 10 16 36 35 45 55 16 9 8 5 
7167250 7167431 0 0 0 24 -15 0 20 -18 13 -80 39 70 71 25 20 12 10 17 37 35 45 55 16 8 8 5 
7184250 7184387 0 0 0 40 -14 0 35 -18 33 -60 53 70 68 25 20 13 10 16 36 35 45 55 16 9 9 5 
7231750 7231888 0 0 0 35 -18 0 30 -21 32 -61 51 67 68 25 20 14 10 16 36 35 45 55 16 8 8 5 
7244750 7244850 0 0 0 16 -27 0 13 -28 13 -80 40 69 74 25 20 14 10 16 36 35 45 55 16 9 9 5 
7310750 7310955 0 0 0 21 -19 0 21 -20 23 -70 42 69 66 25 20 14 10 16 36 35 45 55 16 8 9 5 
7331750 7331907 0 0 0 49 -6 0 44 -9 48 -45 53 71 71 25 20 14 10 16 36 35 45 55 16 9 9 5 
7384250 7384268 0 0 0 84 24 0 80 20 84 -9 60 71 70 25 20 14 10 16 36 35 45 55 16 9 9 5 
7443750 7444065 0 0 0 60 -2 0 54 -6 58 -35 60 74 76 25 20 14 10 16 36 35 45 55 16 8 9 5 
7554750 7554814 0 0 0 46 -5 0 41 -9 43 -50 51 70 69 25 20 14 10 15 35 35 45 55 16 8 9 5 
7674250 7674446 0 0 0 49 -4 0 44 -9 49 -44 53 71 70 25 20 14 10 15 35 35 45 55 16 9 9 5 
7681750 7681872 0 13 0 70 17 -6 68 14 73 -20 55 71 73 25 20 14 10 15 35 35 45 55 16 9 8 5 
7690250 7690344 0 0 0 108 44 0 104 40 109 16 65 69 69 25 20 14 10 15 35 35 45 55 16 9 9 5 
7717750 7717921 0 0 0 97 33 0 95 29 102 9 68 70 70 25 20 14 10 15 35 35 45 55 16 9 9 5 
7725750 7725845 0 13 0 60 4 -11 55 0 60 -33 54 70 69 25 20 14 10 15 35 35 45 55 16 8 8 5 
7732250 7732343 0 0 0 50 -1 0 47 -3 52 -41 50 72 74 25 20 14 10 15 35 35 45 55 16 9 8 5 
7794250 7794296 0 0 0 27 -22 0 24 -24 25 -68 48 69 68 25 20 14 10 15 35 35 45 55 16 8 8 5 
7871250 7871389 0 0 0 26 -18 0 21 -22 24 -69 43 68 68 25 20 14 10 15 35 35 45 55 16 9 8 5 
7878750 7878903 0 13 0 58 7 -17 57 5 63 -30 51 70 72 25 20 14 10 15 35 35 45 55 16 9 9 5 
7884750 7884914 0 0 0 113 53 0 109 49 113 20 59 65 65 25 20 14 10 15 35 35 45 55 16 7 8 5 
7916750 7916914 0 0 0 22 -21 0 16 -27 20 -73 43 68 67 25 20 14 10 15 35 35 45 55 16 9 8 5 
8013750 8014035 0 0 0 33 -19 0 29 -23 34 -59 53 73 72 25 20 14 10 15 35 35 45 55 16 7 8 5 
8050250 8050348 0 0 0 43 -5 0 40 -9 43 -50 48 69 70 25 20 14 10 16 36 35 45 55 16 9 9 5 
8156250 8156437 0 0 0 25 -11 0 21 -15 23 -70 36 66 65 25 20 14 10 17 37 35 45 55 16 9 8 5 
8378250 8378433 0 0 0 37 2 0 35 -2 35 -58 35 66 66 25 20 14 10 17 37 35 45 55 16 7 8 5 
8733750 8733830 0 0 0 24 -5 0 20 -8 19 -74 29 66 67 25 20 14 10 16 36 35 45 55 16 7 8 5 
8773250 8773273 0 0 0 15 -13 0 12 -15 12 -81 28 66 67 25 20 14 10 16 36 35 45 55 16 8 8 5 
9046750 9046963 0 0 0 13 -14 0 10 -18 11 -82 29 68 67 25 20 14 10 15 35 35 45 55 16 9 9 5 
9055250 9055276 0 13 0 24 0 -13 23 -2 27 -66 25 82 86 25 20 14 10 15 35 35 45 55 16 5 10 5 
9066750 9066952 0 0 0 69 35 0 68 34 70 -23 34 69 68 25 20 14 10 15 35 35 45 55 16 8 9 5 
9102750 9102867 0 0 0 76 39 0 73 37 73 -20 36 71 71 25 20 14 10 15 35 35 45 55 16 9 8 5 
9110750 9110895 0 0 0 38 12 0 35 8 36 -57 26 65 66 25 20 14 10 15 35 35 45 55 16 8 7 5 
9830750 9830958 0 0 0 50 24 0 47 22 47 -46 26 67 66 25 20 14 10 15 35 35 45 55 16 8 9 5 
9858750 9858792 0 0 0 28 2 0 25 -1 25 -68 27 67 66 25 20 14 10 15 35 35 45 55 16 8 9 5 
9929750 9929867 0 0 0 45 18 0 40 13 41 -52 26 67 68 25 20 14 10 16 36 35 45 55 16 8 9 5 
10310750 10310858 0 0 0 43 15 0 41 13 41 -52 27 68 69 25 20 14 10 15 35 35 45 55 16 9 8 5 
10552750 10552943 0 0 0 33 9 0 27 2 27 -66 24 71 75 25 20 14 10 17 37 35 45 55 16 8 10 5 
10584250 10584350 0 0 0 69 17 0 65 13 68 -25 51 60 59 25 20 14 10 17 37 35 45 55 16 7 7 5 
10682750 10682919 0 0 0 61 13 0 55 7 58 -35 48 60 59 25 20 14 10 15 35 35 45 55 16 7 8 5 
10691250 10691277 0 13 0 205 147 53 208 148 212 119 60 66 65 25 20 15 10 15 35 35 45 55 16 8 8 5 
10701750 10701779 0 0 0 263 207 0 260 204 255 162 57 61 60 25 20 15 10 14 34 35 45 55 16 8 8 5 
10763250 10763259 0 0 0 299 246 0 296 243 278 185 53 61 61 25 20 15 10 13 33 35 45 55 16 8 8 5 
11168250 11168471 0 0 0 317 275 0 312 271 263 170 42 65 65 25 20 14 10 14 34 35 45 55 16 8 8 5 
11174750 11176722 0 13 0 194 148 -13 100 53 99 6 47 64 63 25 20 13 10 15 35 35 45 55 16 0 6 5 
11180750 11180832 0 0 0 105 58 0 100 54 97 4 47 62 61 25 20 13 10 15 35 35 45 55 16 8 8 5 
11188250 11188480 0 0 0 148 98 0 144 94 142 49 49 63 59 25 20 13 10 16 36 35 45 55 16 8 7 5 
11215750 11215813 0 0 0 145 96 0 145 94 146 53 51 63 61 25 20 13 10 16 36 35 45 55 16 8 6 5 
11220250 11220653 0 13 0 211 167 1 220 178 165 72 42 64 59 25 20 14 10 15 35 35 45 55 16 3 7 5 
11224750 11224972 0 0 0 275 234 0 271 230 199 106 40 60 60 25 20 14 10 14 34 35 45 55 16 8 7 5 
11331250 11331354 0 0 0 297 252 0 294 248 291 198 46 63 63 25 20 16 10 11 31 35 45 55 16 8 8 5 
11384750 11384985 0 0 0 282 238 0 278 234 268 175 43 63 63 25 20 16 10 11 31 35 45 55 16 8 8 5 
11807250 11807429 0 0 0 289 249 0 285 245 287 194 38 69 70 25 20 16 10 11 31 35 45 55 16 9 9 5 
11816250 11816301 0 0 0 296 254 0 292 251 283 190 41 75 74 25 20 15 10 12 32 35 45 55 16 9 9 5 
11819750 11819962 0 13 0 85 48 -34 43 5 75 -18 38 87 88 25 20 15 10 13 33 35 45 55 16 2 10 5 
11823250 11823276 0 0 0 -58 -82 0 -63 -85 -27 -120 21 95 99 25 20 14 10 14 34 35 45 55 16 8 9 5 
11832750 11832939 0 0 0 48 5 0 47 1 43 -50 45 68 68 25 20 13 10 16 36 35 45 55 16 8 9 5 
12029250 12029293 0 0 0 16 -18 0 12 -22 8 -85 34 57 56 25 20 13 10 16 36 35 45 55 16 7 7 5 
12418250 12418465 0 0 0 10 -22 0 11 -21 15 -78 33 63 63 25 20 14 10 14 34 35 45 55 16 7 8 5 
12424750 12424912 0 13 0 227 194 46 267 235 234 141 32 73 84 25 20 15 10 13 33 35 45 55 16 0 9 5 
12428750 12428832 0 0 0 287 255 0 284 252 250 157 33 65 62 25 20 15 10 12 32 35 45 55 16 8 8 5 
12673250 12673353 0 0 0 323 279 0 319 275 320 227 43 67 64 25 20 16 10 11 31 35 45 55 16 8 8 5 
12959750 12959854 0 0 0 326 286 0 323 283 313 220 39 66 65 25 20 15 10 13 33 35 45 55 16 8 8 5 
12983250 12983398 0 0 0 326 281 0 323 278 300 207 45 66 67 25 20 15 10 13 33 35 45 55 16 8 8 5 
13005250 13005349 0 0 0 362 314 0 357 311 358 265 47 66 67 25 20 15 10 14 34 35 45 55 16 8 8 5 
13252750 13252950 0 0 0 344 301 0 341 297 343 250 46 64 63 25 20 15 10 15 35 35 45 55 16 8 8 5 
13262750 13263559 0 13 0 290 236 -9 256 196 263 170 59 75 81 25 20 15 10 15 35 35 45 55 16 2 6 5 
13269250 13269264 0 0 0 269 211 0 266 208 268 175 57 66 65 25 20 15 10 15 35 35 45 55 16 7 8 5 
13337750 13337944 0 0 0 252 194 0 248 190 251 158 59 64 64 25 20 15 10 14 34 35 45 55 16 8 8 5 
13343250 13343884 0 13 0 274 221 -14 284 233 283 190 51 72 77 25 20 16 10 14 34 35 45 55 16 4 9 5 
13350250 13350440 0 0 0 335 288 0 332 286 335 242 46 60 60 25 20 16 10 13 33 35 45 55 16 7 8 5 
13614750 13614765 0 0 0 345 304 0 343 302 345 252 41 66 66 25 20 15 10 14 34 35 45 55 16 8 8 5 
13617750 13617947 0 0 0 345 304 0 341 301 343 250 40 67 65 25 20 15 10 14 34 35 45 55 16 8 8 5 
13624750 13624783 0 0 0 99 63 0 95 59 116 23 40 89 94 25 20 15 10 13 33 35 45 55 16 9 10 5 
13630750 13630812 0 13 0 205 159 24 206 160 213 120 47 67 65 25 20 15 10 13 33 35 45 55 16 9 8 5 
13636250 13636471 0 0 0 257 204 0 254 201 245 152 54 66 64 25 20 15 10 13 33 35 45 55 16 8 8 5 
13676750 13676846 0 0 0 299 249 0 297 247 275 182 51 64 63 25 20 15 10 12 32 35 45 55 16 8 8 5 
14035750 14035755 0 0 0 317 271 0 315 268 307 214 46 65 64 25 20 15 10 12 32 35 45 55 16 8 8 5 
14039250 14040130 0 13 0 192 149 -30 98 59 112 19 38 74 82 25 20 15 10 13 33 35 45 55 16 2 10 5 
14044750 14044970 0 0 0 72 33 0 74 36 79 -14 39 65 62 25 20 14 10 14 34 35 45 55 16 8 7 5 
14167750 14167944 0 0 0 78 39 0 74 35 75 -18 39 59 60 25 20 14 10 16 36 35 45 55 16 7 7 5 
14173750 14173913 0 13 0 227 189 23 251 213 203 110 39 65 73 25 20 14 10 15 35 35 45 55 16 2 8 5 
14177750 14177768 0 0 0 288 251 0 287 250 235 142 37 61 59 25 20 14 10 14 34 35 45 55 16 8 8 5 
14261250 14261459 0 0 0 294 250 0 290 246 229 136 44 62 61 25 20 14 10 12 32 35 45 55 16 8 8 5 
14276250 14276408 0 0 0 306 265 0 304 264 274 181 39 61 63 25 20 14 10 12 32 35 45 55 16 8 8 5 
14354250 14354428 0 0 0 298 256 0 292 251 270 177 42 71 73 25 20 14 10 12 32 35 45 55 16 5 10 5 
14361750 14361790 0 0 0 331 289 0 329 287 326 233 45 61 62 25 20 14 10 12 32 35 45 55 16 8 8 5 
14434250 14434317 0 0 0 321 284 0 317 280 311 218 37 63 62 25 20 14 10 13 33 35 45 55 16 8 8 5 
14636750 14636855 0 0 0 313 269 0 311 267 307 214 44 62 62 25 20 14 10 12 32 35 45 55 16 8 8 5 
14648250 14648312 0 0 0 332 289 0 330 287 327 234 44 62 64 25 20 14 10 12 32 35 45 55 16 7 8 5 
14760250 14760441 0 0 0 335 293 0 332 290 326 233 41 63 64 25 20 14 10 12 32 35 45 55 16 8 8 5 
14781750 14781955 0 0 0 370 316 0 367 313 339 246 52 68 67 25 20 14 10 12 32 35 45 55 16 9 8 5 
15030250 15030250 0 0 0 387 332 0 385 330 377 284 55 64 66 25 20 14 10 12 32 35 45 55 16 8 8 5 
15079750 15079836 0 0 0 341 286 0 339 284 273 180 55 66 65 25 20 14 10 12 32 35 45 55 16 8 9 5 
15137250 15137405 0 0 0 348 299 0 347 296 296 203 51 69 65 25 20 14 10 13 33 35 45 55 16 9 9 5 
15142250 15142732 0 13 0 147 107 -56 56 21 57 -36 36 79 85 25 20 14 10 14 34 35 45 55 16 1 9 5 
15147750 15147890 0 0 0 41 6 0 43 6 43 -50 36 74 70 25 20 13 10 15 35 35 45 55 16 10 8 5 
15208250 15208462 0 0 0 30 -6 0 25 -12 19 -74 37 63 61 25 20 13 10 17 37 35 45 55 16 6 8 5 
15532250 15532367 0 0 0 6 -22 0 0 -29 0 -93 29 78 70 25 20 12 10 16 36 35 45 55 16 9 9 5 
15581750 15581969 0 0 0 52 12 0 47 9 46 -47 39 68 66 25 20 12 10 16 36 35 45 55 16 8 8 5 
15637250 15637385 0 0 0 82 39 0 78 35 77 -16 42 68 55 25 20 12 10 16 36 35 45 55 16 8 8 5 
15769750 15769798 0 0 0 96 51 0 94 49 94 1 45 66 66 25 20 12 10 16 36 35 45 55 16 8 8 5 
15849750 15849756 0 0 0 84 41 0 79 35 77 -16 44 62 62 25 20 12 10 17 37 35 45 55 16 8 8 5 
15861750 15861965 0 13 0 119 71 -4 117 69 115 22 46 65 68 25 20 12 10 17 37 35 45 55 16 8 7 5 
15870250 15870316 0 0 0 150 104 0 148 100 149 56 48 63 61 25 20 12 10 17 37 35 45 55 16 8 8 5 
15896250 15896288 0 0 0 153 103 0 152 100 152 59 52 64 62 25 20 12 10 17 37 35 45 55 16 7 8 5 
15908250 15908449 0 0 0 120 70 0 115 64 112 19 50 60 58 25 20 12 10 17 37 35 45 55 16 7 7 5 
16084250 16084390 0 0 0 104 63 0 102 61 102 9 41 63 62 25 20 12 10 17 37 35 45 55 16 8 8 5 
16329250 16329750 0 0 0 81 37 0 77 33 73 -20 43 60 60 25 20 12 10 16 36 35 45 55 16 6 7 5 
16338750 16338831 0 0 0 129 85 0 127 82 127 34 45 59 61 25 20 12 10 16 36 35 45 55 16 6 7 5 
16352750 16352796 0 0 0 112 77 0 103 70 108 15 33 59 60 25 20 12 10 16 36 35 45 55 16 7 7 5 
16355750 16355770 0 13 0 104 67 10 104 66 103 10 38 62 69 25 20 12 10 16 36 35 45 55 16 8 8 5 
16362250 16362506 0 0 0 54 28 0 51 23 49 -44 29 57 57 25 20 12 10 16 36 35 45 55 16 7 7 5 
16393750 16393940 0 0 0 86 47 0 81 43 77 -16 37 64 61 25 20 12 10 16 36 35 45 55 16 8 8 5 
16521250 16521280 0 -1 7 20 -16 -50 20 -20 22 -78 39 74 78 25 20 12 10 15 35 35 45 55 16 7 8 5 
16562250 16562332 0 2 7 -49 -82 -114 -45 -74 -27 -127 29 88 87 25 20 12 10 15 35 35 45 55 16 6 9 5 
16580750 16581772 0 -3 7 13 -9 -50 25 -18 42 -58 43 92 94 25 20 12 10 15 35 35 45 55 16 3 6 5 
16615750 16616626 0 -1 7 6 -66 -52 -17 -103 9 -91 87 92 93 25 20 12 10 15 35 35 45 55 16 3 3 5 
16620250 16620372 0 2 7 -38 -113 -97 -32 -106 -17 -117 74 92 93 25 20 12 10 15 35 35 45 55 16 7 6 5 
16631750 16631877 0 -3 7 8 -48 -49 7 -53 16 -84 61 82 87 25 20 12 10 15 35 35 45 55 16 5 10 5 
16642250 16642342 0 -1 7 5 -48 -50 5 -48 16 -84 52 78 79 25 20 12 10 15 35 35 45 55 16 8 8 5 
16674750 16674916 0 2 7 -48 -69 -100 -56 -75 -38 -138 19 86 85 25 20 12 10 15 35 35 45 55 16 6 3 5 
16680750 16680795 0 -3 7 5 -58 -46 8 -71 -7 -107 80 87 86 25 20 12 10 15 35 35 45 55 16 5 2 5 
16702250 16702339 0 0 0 48 -10 0 47 -17 45 -48 64 69 70 25 20 12 10 15 35 35 45 55 16 8 8 5 
16955750 16955827 0 0 0 51 16 0 50 15 43 -50 34 64 63 25 20 12 10 14 34 35 45 55 16 8 8 5 
17297250 17297329 0 0 0 37 -14 0 35 -15 39 -54 50 73 68 25 20 12 10 15 35 35 45 55 16 9 8 5 
17499750 17499776 0 0 0 53 10 0 50 4 44 -49 45 61 62 25 20 12 10 15 35 35 45 55 16 6 8 5 
17849250 17849436 0 0 0 37 -3 0 37 -4 31 -62 41 63 62 25 20 12 10 15 35 35 45 55 16 8 6 5 
17906750 17906851 0 0 0 42 6 0 41 5 31 -62 37 65 68 25 20 11 10 16 36 35 45 55 16 8 9 5 
18015750 18016185 0 0 0 56 6 0 53 2 42 -51 51 63 62 25 20 11 10 16 36 35 45 55 16 7 6 5 
18036750 18037001 0 0 0 15 -28 0 11 -31 -8 -101 43 60 61 25 20 11 10 16 36 35 45 55 16 7 7 5 
18066750 18066815 0 0 0 9 -33 0 7 -38 -4 -97 44 58 58 25 20 11 10 16 36 35 45 55 16 7 7 5 
18077250 18077464 0 0 0 36 -5 0 31 -10 19 -74 43 60 60 25 20 11 10 16 36 35 45 55 16 8 7 5 
18121750 18121996 0 0 0 78 34 0 72 28 65 -28 44 60 62 25 20 11 10 16 36 35 45 55 16 6 8 5 
18140750 18140809 0 0 0 65 26 0 61 22 51 -42 38 62 64 25 20 11 10 16 36 35 45 55 16 8 8 5 
18252250 18252453 0 0 0 76 37 0 71 32 58 -35 38 65 66 25 20 11 10 15 35 35 45 55 16 7 7 5 
18477250 18477610 0 0 0 14 -17 0 13 -20 9 -84 32 70 72 25 20 11 10 15 35 35 45 55 16 3 8 5 
18506250 18506306 0 0 0 44 8 0 43 7 13 -80 36 68 65 25 20 10 10 16 36 35 45 55 16 9 6 5 
18536250 18536381 0 0 0 31 0 0 26 -4 4 -89 29 70 69 25 20 10 10 16 36 35 45 55 16 8 8 5 
18675250 18675359 0 0 0 47 21 0 49 18 12 -81 31 67 65 25 20 10 10 15 35 35 45 55 16 4 7 5 
18740750 18740877 0 0 0 57 39 0 52 37 42 -51 16 70 68 25 20 10 10 15 35 35 45 55 16 9 9 5 
18833750 18834164 0 -1 7 4 -67 -54 -3 -71 -25 -118 68 90 90 25 20 10 10 16 36 35 45 55 16 8 6 5 
18880250 18880271 0 2 7 -59 -80 -116 -63 -85 -80 -173 25 86 87 25 20 10 10 16 36 35 45 55 16 10 2 5 
75250 75294 1 0 -1 0 0 0 0 0 0 149 0 72 72 25 20 14 10 12 32 35 45 55 16 7 6 5 
125750 125874 1 0 0 -4 -27 0 -9 -33 10 126 25 74 72 25 20 14 10 12 32 35 45 55 16 8 8 5 
333750 333789 1 0 0 34 0 0 32 -2 50 166 34 73 72 25 20 14 10 13 33 35 45 55 16 9 9 5 
433250 433417 1 0 0 71 37 0 75 39 94 210 37 73 75 25 20 14 10 14 34 35 45 55 16 9 8 5 
466750 467086 1 0 0 63 30 0 65 31 83 199 33 68 71 25 20 14 10 14 34 35 45 55 16 7 6 5 
581750 581955 1 0 0 91 56 0 93 58 112 228 36 70 69 25 20 14 10 15 35 35 45 55 16 9 8 5 
650750 650833 1 0 0 77 47 0 76 46 94 210 31 68 70 25 20 14 10 15 35 35 45 55 16 8 9 5 
664750 664757 1 0 0 105 68 0 104 68 101 238 34 72 72 25 20 14 10 15 35 35 45 55 16 8 7 5 
778250 778327 1 0 0 -12 -22 0 -8 -16 9 125 7 80 80 25 20 14 10 16 36 35 45 55 16 10 9 5 
918750 919137 1 0 0 6 -17 0 5 -17 24 140 21 78 78 25 20 14 10 16 36 35 45 55 16 6 7 5 
1087750 1087778 1 0 0 22 3 0 24 4 41 157 20 73 73 25 20 13 10 15 35 35 45 55 16 5 8 5 
1404250 1404255 1 0 0 20 -9 0 18 -10 37 153 28 82 82 25 20 13 10 16 36 35 45 55 16 9 6 5 
1612750 1612786 1 0 0 20 3 0 17 2 35 151 15 84 82 25 20 12 10 16 36 35 45 55 16 8 9 5 
1779750 1780665 1 0 0 18 -14 0 19 -10 39 155 30 85 86 25 20 12 10 16 36 35 45 55 16 3 7 5 
1912250 1912334 1 0 0 52 22 0 49 22 68 184 27 77 77 25 20 12 10 14 34 35 45 55 16 8 9 5 
2090750 2090832 1 0 0 19 -6 0 17 -7 34 150 23 76 76 25 20 12 10 13 33 35 45 55 16 10 8 5 
2279750 2279823 1 0 0 38 11 0 33 8 16 167 24 82 82 25 20 12 10 13 33 35 45 55 16 5 8 5 
2390750 2391260 1 0 0 47 16 0 48 15 67 183 32 87 87 25 20 12 10 13 33 35 45 55 16 6 5 5 
2439250 2439372 1 0 0 31 0 0 29 -2 26 163 30 84 84 25 20 12 10 14 34 35 45 55 16 8 8 5 
2467250 2468083 1 0 0 0 -21 0 -20 -37 -1 115 18 88 86 25 20 12 10 14 34 35 45 55 16 2 5 5 
2514250 2514417 1 0 0 -7 -13 0 -9 -10 9 125 1 101 103 25 20 12 10 15 33 35 45 55 16 5 12 5 
2546250 2546551 1 0 0 51 6 0 50 5 69 185 47 89 88 25 20 12 10 15 35 35 45 55 16 8 8 5 
2576250 2576395 1 0 0 16 -4 0 14 -4 32 148 18 77 77 25 20 12 10 15 35 35 45 55 16 8 8 5 
2600750 2600911 1 0 0 20 4 0 15 -1 34 150 16 75 77 25 20 12 10 15 35 35 45 55 16 8 7 5 
2662750 2662889 1 0 0 69 39 0 68 37 86 202 32 76 76 25 20 12 10 14 34 35 45 55 16 6 9 5 
2789750 2789845 1 0 0 44 20 0 47 23 65 181 25 86 87 25 20 12 10 15 35 35 45 55 16 9 10 5 
2816250 2816411 1 0 0 43 21 0 41 20 59 175 22 71 72 25 20 12 10 15 35 35 45 55 16 8 8 5 
2898750 2898870 1 0 0 57 29 0 58 31 75 191 28 70 69 25 20 12 10 15 35 35 45 55 16 8 8 5 
3013250 3013267 1 0 0 61 35 0 59 32 76 192 27 70 75 25 20 12 10 15 35 35 45 55 16 9 9 5 
3193250 3193418 1 0 0 63 37 0 64 37 82 198 26 68 68 25 20 12 10 16 36 35 45 55 16 6 7 5 
3217750 3217956 1 0 0 101 67 0 102 68 121 237 33 69 70 25 20 12 10 16 36 35 45 55 16 8 9 5 
3236750 3236785 1 0 0 103 68 0 99 64 118 234 34 67 66 25 20 12 10 15 35 35 45 55 16 8 7 5 
3315750 3315779 1 0 0 36 15 0 30 12 47 163 18 86 86 25 20 12 10 14 34 35 45 55 16 7 8 5 
3399250 3399678 1 0 0 53 23 0 52 23 69 185 30 82 82 25 20 12 10 14 34 35 45 55 16 8 9 5 
3441750 3441789 1 0 0 40 16 0 37 14 56 172 23 80 79 25 20 12 10 14 34 35 45 55 16 7 9 5 
3465750 3465894 1 0 0 0 -16 0 -1 -17 18 134 16 85 84 25 20 12 10 15 35 35 45 55 16 10 8 5 
3492250 3492579 1 0 0 13 2 0 14 3 34 150 11 72 73 25 20 12 10 15 35 35 45 55 16 8 9 5 
3534250 3534443 1 0 0 11 -6 0 12 -6 31 147 19 70 71 25 20 12 10 15 35 35 45 55 16 9 7 5 
3613250 3613421 1 0 0 46 23 0 46 22 64 180 23 76 78 25 20 12 10 15 35 35 45 55 16 8 7 5 
3626250 3626323 1 0 0 53 30 0 51 28 70 186 23 81 83 25 20 12 10 15 35 35 45 55 16 8 11 5 
3640250 3640405 1 0 0 71 45 0 74 46 90 206 27 85 87 25 20 12 10 15 35 35 45 55 16 8 10 5 
3684250 3684326 1 0 0 51 22 0 50 18 67 183 33 86 86 25 20 12 10 15 35 35 45 55 16 6 9 5 
3844750 3845126 1 0 0 24 7 0 24 8 43 159 17 91 92 25 20 12 10 15 35 35 45 55 16 7 10 5 
3858750 3858881 1 13 0 59 34 2 59 35 78 194 23 87 86 25 20 12 10 15 35 35 45 55 16 9 10 5 
3867250 3867394 1 0 0 77 50 0 76 50 96 212 28 88 88 25 20 12 10 15 35 35 45 55 16 10 11 5 
3884750 3884785 1 0 0 101 70 0 98 68 117 233 30 86 86 25 20 12 10 15 35 35 45 55 16 10 11 5 
3904750 3904810 1 0 0 78 49 0 72 44 90 206 27 91 91 25 20 12 10 15 35 35 45 55 16 11 11 5 
3986750 3986914 1 0 0 111 75 0 112 75 131 247 37 83 82 25 20 12 10 15 35 35 45 55 16 9 11 5 
3999250 3999309 1 13 0 65 39 4 66 40 85 201 28 78 76 25 20 12 10 15 35 35 45 55 16 10 9 5 
4005750 4005865 1 0 0 36 12 0 34 9 53 169 25 79 78 25 20 12 10 15 35 35 45 55 16 10 10 5 
4134250 4134343 1 0 0 32 9 0 30 9 48 164 21 78 76 25 20 12 10 15 35 35 45 55 16 7 8 5 
4265750 4265832 1 0 0 32 3 0 31 4 49 165 27 83 82 25 20 12 10 14 34 35 45 55 16 9 8 5 
4457750 4457750 1 0 0 33 15 0 32 14 49 165 17 82 83 25 20 12 10 15 35 35 45 55 16 9 9 5 
4568250 4568255 1 0 0 45 13 0 46 13 65 181 34 84 83 25 20 12 10 14 34 35 45 55 16 10 10 5 
4614250 4614424 1 0 0 26 2 0 24 0 41 157 22 80 81 25 20 12 10 14 34 35 45 55 16 8 9 5 
4709250 4709251 1 0 0 28 -1 0 29 -2 47 163 30 81 81 25 20 12 10 15 35 35 45 55 16 10 7 5 
4720250 4720606 1 0 0 15 -6 0 16 -6 35 151 21 80 77 25 20 12 10 15 35 35 45 55 16 7 9 5 
4790750 4790935 1 0 0 46 12 0 45 11 63 179 34 80 78 25 20 12 10 14 34 35 45 55 16 10 8 5 
4863750 4863885 1 0 0 7 -9 0 7 -8 26 142 16 79 79 25 20 12 10 14 34 35 45 55 16 10 10 5 
5113250 5113375 1 0 0 40 13 0 42 16 62 178 28 77 78 25 20 12 10 15 35 35 45 55 16 10 9 5 
5237750 5238027 1 0 0 45 17 0 46 18 66 182 28 80 84 25 20 12 10 16 36 35 45 55 16 8 10 5 
5387750 5387880 1 0 0 43 18 0 45 20 64 180 25 77 76 25 20 12 10 16 36 35 45 55 16 10 9 5 
5548250 5548385 1 0 0 19 -5 0 20 -4 38 154 25 77 78 25 20 13 10 17 37 35 45 55 16 8 10 5 
5613750 5613888 1 0 0 16 -5 0 19 -3 38 154 23 77 77 25 20 13 10 17 37 35 45 55 16 9 9 5 
5765750 5765849 1 0 0 19 -3 0 17 -5 36 152 22 76 77 25 20 13 10 16 36 35 45 55 16 10 10 5 
6042250 6042350 1 0 0 2 -13 0 1 -15 19 135 16 76 74 25 20 13 10 14 34 35 45 55 16 9 10 5 
6070250 6070425 1 0 0 -12 -30 0 -12 -31 6 122 18 75 74 25 20 13 10 14 34 35 45 55 16 10 9 5 
6410750 6410903 1 0 0 3 -12 0 4 -12 22 138 16 74 74 25 20 13 10 15 35 35 45 55 16 9 8 5 
6439750 6439900 1 0 0 -10 -20 0 -10 -20 9 125 12 75 74 25 20 12 10 16 36 35 45 55 16 10 9 5 
6524750 6525074 1 0 0 8 -11 0 14 -6 32 148 20 82 81 25 20 12 10 16 36 35 45 55 16 7 9 5 
6689750 6689842 1 0 0 -4 -13 0 -4 -14 16 132 11 85 86 25 20 11 10 15 35 35 45 55 16 8 7 5 
6728250 6728267 1 0 0 -28 -34 0 -34 -36 -15 101 3 73 73 25 20 11 10 14 34 35 45 55 16 9 7 5 
6747250 6747395 1 0 0 -32 -39 0 -33 -42 -14 102 11 72 73 25 20 11 10 14 34 35 45 55 16 9 9 5 
6804250 6804597 1 0 0 -22 -32 0 -24 -35 -5 111 10 70 68 25 20 11 10 14 34 35 45 55 16 8 9 5 
6818250 6818316 1 0 0 -19 -32 0 -19 -33 1 117 15 70 70 25 20 11 10 14 34 35 45 55 16 8 9 5 
6824250 6824440 1 0 0 -20 -28 0 -21 -30 -1 115 10 70 70 25 20 11 10 15 35 35 45 55 16 9 9 5 
6852250 6852360 1 0 0 -13 -24 0 -11 -23 7 123 11 69 68 25 20 11 10 15 35 35 45 55 16 8 9 5 
6865250 6865446 1 0 0 -14 -21 0 -13 -20 4 120 8 72 71 25 20 11 10 15 35 35 45 55 16 9 9 5 
6919250 6919321 1 0 0 -5 -12 0 -7 -13 12 128 5 72 71 25 20 11 10 16 36 35 45 55 16 8 8 5 
7166750 7166786 1 0 0 -3 -7 0 -3 -7 16 132 5 70 69 25 20 12 10 17 37 35 45 55 16 9 7 5 
7183250 7183307 1 0 0 -31 -28 0 -35 -30 -16 100 -5 70 69 25 20 13 10 16 36 35 45 55 16 8 9 5 
7230750 7230779 1 0 0 -29 -34 0 -30 -33 -11 105 4 67 68 25 20 14 10 16 36 35 45 55 16 8 8 5 
7244750 7244850 1 0 0 -21 -26 0 -22 -27 -4 112 7 69 74 25 20 14 10 16 36 35 45 55 16 9 9 5 
7308750 7308938 1 0 0 -15 -20 0 -18 -22 1 117 4 67 67 25 20 14 10 16 36 35 45 55 16 8 8 5 
7329250 7329343 1 0 0 -29 -31 0 -32 -33 -13 103 4 70 69 25 20 14 10 16 36 35 45 55 16 9 9 5 
7381750 7381919 1 0 0 -36 -43 0 -34 -41 -17 99 6 74 73 25 20 14 10 16 36 35 45 55 16 7 9 5 
7448250 7448296 1 0 0 -38 -48 0 -39 -48 -21 95 10 74 73 25 20 14 10 16 36 35 45 55 16 9 7 5 
7556250 7556294 1 0 0 -27 -39 0 -26 -39 -7 109 15 70 72 25 20 14 10 15 35 35 45 55 16 8 9 5 
7675250 7675300 1 0 0 -32 -42 0 -34 -45 -16 100 10 71 72 25 20 14 10 15 35 35 45 55 16 9 9 5 
7690250 7690344 1 0 0 -44 -49 0 -43 -49 -25 91 8 69 69 25 20 14 10 15 35 35 45 55 16 9 9 5 
7716750 7716843 1 0 0 -43 -47 0 -42 -46 -24 92 5 70 70 25 20 14 10 15 35 35 45 55 16 9 9 5 
7732250 7732343 1 0 0 -31 -36 0 -30 -36 -12 104 5 72 74 25 20 14 10 15 35 35 45 55 16 9 8 5 
7790750 7790966 1 0 0 -25 -33 0 -24 -32 -7 109 7 67 68 25 20 14 10 15 35 35 45 55 16 8 8 5 
7871250 7871389 1 0 0 -37 -39 0 -39 -40 -20 96 1 68 68 25 20 14 10 15 35 35 45 55 16 9 8 5 
7885250 7885375 1 0 0 -45 -47 0 -45 -48 -27 89 1 65 64 25 20 14 10 15 35 35 45 55 16 7 8 5 
7917250 7917359 1 0 0 -27 -33 0 -28 -33 -10 106 5 68 69 25 20 14 10 15 35 35 45 55 16 9 7 5 
8009750 8009953 1 0 0 -24 -34 0 -23 -33 -4 112 12 71 66 25 20 14 10 15 35 35 45 55 16 9 8 5 
8051750 8051878 1 0 0 -15 -19 0 -16 -20 3 119 5 68 68 25 20 14 10 16 36 35 45 55 16 9 9 5 
8159250 8159444 1 0 0 -3 -4 0 -3 -3 15 131 0 65 66 25 20 14 10 17 37 35 45 55 16 8 8 5 
8380250 8380260 1 0 0 -1 -4 0 -4 -6 15 131 1 65 66 25 20 14 10 17 37 35 45 55 16 8 8 5 
8731750 8731785 1 0 0 -3 -3 0 -4 -4 15 131 0 66 66 25 20 14 10 16 36 35 45 55 16 8 7 5 
8776750 8776938 1 0 0 -2 -13 0 -3 -14 15 131 11 65 65 25 20 14 10 16 36 35 45 55 16 7 8 5 
9045750 9045861 1 0 0 -7 -20 0 -8 -21 10 126 13 68 68 25 20 14 10 15 35 35 45 55 16 9 9 5 
9067250 9067386 1 0 0 -39 -49 0 -40 -50 -21 95 11 69 72 25 20 14 10 15 35 35 45 55 16 8 9 5 
9102250 9102447 1 0 0 -40 -49 0 -40 -49 -22 94 9 70 71 25 20 14 10 15 35 35 45 55 16 9 8 5 
9111250 9111357 1 0 0 -13 -26 0 -13 -26 4 120 13 65 64 25 20 14 10 15 35 35 45 55 16 8 7 5 
9834250 9834294 1 0 0 -24 -32 0 -25 -33 -7 109 8 66 65 25 20 14 10 15 35 35 45 55 16 8 7 5 
9856750 9856750 1 0 0 -25 -34 0 -25 -34 -7 109 9 66 68 25 20 14 10 15 35 35 45 55 16 8 8 5 
9924250 9924441 1 0 0 -32 -42 0 -34 -43 -16 100 11 65 65 25 20 14 10 16 36 35 45 55 16 8 7 5 
10310750 10310858 1 0 0 -29 -36 0 -29 -36 -9 107 9 68 69 25 20 14 10 15 35 35 45 55 16 9 8 5 
10556250 10556342 1 0 0 -43 -46 0 -42 -45 -23 93 3 76 68 25 20 14 10 17 37 35 45 55 16 9 7 5 
10585250 10585359 1 0 0 -48 -46 0 -50 -46 -32 84 -2 61 59 25 20 14 10 17 37 35 45 55 16 7 8 5 
10681750 10681911 1 0 0 -52 -53 0 -51 -53 -32 84 1 60 60 25 20 14 10 15 35 35 45 55 16 8 7 5 
10703250 10703295 1 0 0 -63 -65 0 -63 -66 -45 71 2 60 61 25 20 15 10 14 34 35 45 55 16 7 8 5 
10765250 10765445 1 0 0 -69 -69 0 -69 -68 -50 66 0 61 60 25 20 15 10 13 33 35 45 55 16 8 8 5 
11167250 11167323 1 0 0 -78 -76 0 -78 -76 -59 57 0 65 66 25 20 14 10 14 34 35 45 55 16 8 8 5 
11181250 11181318 1 0 0 -52 -49 0 -53 -50 -33 83 -3 62 63 25 20 13 10 16 36 35 45 55 16 8 8 5 
11188250 11188480 1 0 0 -55 -53 0 -54 -52 -35 81 -3 63 59 25 20 13 10 16 36 35 45 55 16 8 7 5 
11215250 11215315 1 0 0 -57 -56 0 -56 -55 -37 79 0 63 60 25 20 13 10 16 36 35 45 55 16 8 7 5 
11225250 11225472 1 0 0 -71 -67 0 -70 -67 -50 66 -1 61 61 25 20 15 10 13 33 35 45 55 16 8 8 5 
11331250 11331354 1 0 0 -73 -73 0 -73 -74 -56 60 0 63 63 25 20 16 10 11 31 35 45 55 16 8 8 5 
11385750 11385931 1 0 0 -70 -69 0 -70 -69 -51 65 0 63 62 25 20 16 10 11 31 35 45 55 16 8 8 5 
11807750 11807854 1 0 0 -73 -74 0 -75 -75 -56 60 1 70 70 25 20 16 10 11 31 35 45 55 16 9 9 5 
11816250 11816301 1 0 0 -75 -76 0 -77 -77 -60 56 1 75 74 25 20 15 10 12 32 35 45 55 16 9 9 5 
11823250 11823276 1 0 0 -96 -89 0 -98 -94 -80 36 -4 95 99 25 20 14 10 14 34 35 45 55 16 8 9 5 
11833250 11833381 1 0 0 -47 -47 0 -46 -48 -30 86 0 68 69 25 20 13 10 16 36 35 45 55 16 8 9 5 
12029750 12029833 1 0 0 -39 -43 0 -38 -43 -19 97 5 57 56 25 20 13 10 16 36 35 45 55 16 7 7 5 
12418250 12418465 1 0 0 -36 -40 0 -38 -42 -20 96 5 63 63 25 20 14 10 14 34 35 45 55 16 7 8 5 
12429250 12429310 1 0 0 -69 -71 0 -69 -71 -51 65 1 65 65 25 20 15 10 12 32 35 45 55 16 8 8 5 
12676750 12676809 1 0 0 -81 -83 0 -83 -84 -66 50 0 67 68 25 20 16 10 11 31 35 45 55 16 8 9 5 
12959750 12959854 1 0 0 -81 -82 0 -81 -82 -61 55 1 66 65 25 20 15 10 13 33 35 45 55 16 8 8 5 
12983250 12983398 1 0 0 -81 -81 0 -81 -81 -64 52 1 66 67 25 20 15 10 13 33 35 45 55 16 8 8 5 
13005750 13005794 1 0 0 -61 -56 0 -62 -58 -44 72 -5 66 66 25 20 15 10 14 34 35 45 55 16 8 8 5 
13254250 13254387 1 0 0 -60 -57 0 -60 -56 -41 75 -5 64 64 25 20 15 10 15 35 35 45 55 16 8 8 5 
13269250 13269264 1 0 0 -53 -51 0 -54 -51 -37 79 -4 66 65 25 20 15 10 15 35 35 45 55 16 7 8 5 
13336750 13336752 1 0 0 -50 -48 0 -49 -48 -29 87 0 63 63 25 20 15 10 14 34 35 45 55 16 8 8 5 
13349750 13349919 1 0 0 -50 -48 0 -49 -47 -32 84 -3 60 57 25 20 16 10 13 33 35 45 55 16 7 7 5 
13614250 13614310 1 0 0 -55 -52 0 -54 -51 -36 80 -4 66 66 25 20 15 10 14 34 35 45 55 16 8 8 5 
13617750 13617947 1 0 0 -54 -51 0 -55 -52 -38 78 -5 67 65 25 20 15 10 14 34 35 45 55 16 8 8 5 
13625250 13625263 1 0 0 -76 -77 0 -78 -79 -58 58 3 89 94 25 20 15 10 13 33 35 45 55 16 9 11 5 
13635750 13635789 1 0 0 -54 -57 0 -54 -58 -37 79 2 66 66 25 20 15 10 13 33 35 45 55 16 7 8 5 
13677250 13677324 1 0 0 -59 -59 0 -57 -59 -36 80 2 65 62 25 20 15 10 12 32 35 45 55 16 8 8 5 
14035250 14035295 1 0 0 -58 -62 0 -59 -63 -41 75 3 64 66 25 20 15 10 12 32 35 45 55 16 8 8 5 
14045250 14045461 1 0 0 -33 -36 0 -33 -36 -13 103 4 63 60 25 20 14 10 14 34 35 45 55 16 7 8 5 
14167750 14167944 1 0 0 -34 -36 0 -34 -36 -15 101 4 59 60 25 20 14 10 16 36 35 45 55 16 7 7 5 
14177750 14177768 1 0 0 -63 -62 0 -64 -64 -46 70 0 61 59 25 20 14 10 14 34 35 45 55 16 8 8 5 
14261250 14261459 1 0 0 -57 -58 0 -56 -57 -40 76 0 62 61 25 20 14 10 12 32 35 45 55 16 8 8 5 
14276250 14276408 1 0 0 -65 -66 0 -65 -66 -49 67 0 61 63 25 20 14 10 12 32 35 45 55 16 8 8 5 
14354750 14354831 1 0 0 -68 -70 0 -69 -71 -51 65 1 71 77 25 20 14 10 12 32 35 45 55 16 6 10 5 
14361750 14361790 1 0 0 -70 -72 0 -70 -72 -53 63 3 61 62 25 20 14 10 12 32 35 45 55 16 8 8 5 
14434250 14434317 1 0 0 -60 -63 0 -59 -62 -41 75 4 63 62 25 20 14 10 13 33 35 45 55 16 8 8 5 
14636750 14636855 1 0 0 -69 -72 0 -69 -71 -50 66 2 62 62 25 20 14 10 12 32 35 45 55 16 8 8 5 
14646250 14646268 1 0 0 -74 -77 0 -72 -75 -52 64 4 65 59 25 20 14 10 12 32 35 45 55 16 9 7 5 
14759250 14759253 1 0 0 -78 -79 0 -79 -81 -60 56 3 63 64 25 20 14 10 12 32 35 45 55 16 8 8 5 
14782250 14782407 1 0 0 -65 -67 0 -66 -68 -46 70 2 67 66 25 20 14 10 12 32 35 45 55 16 9 8 5 
15032750 15032816 1 0 0 -71 -72 0 -71 -71 -54 62 2 64 65 25 20 14 10 12 32 35 45 55 16 8 8 5 
15082250 15082281 1 0 0 -69 -71 0 -69 -72 -51 65 2 66 66 25 20 14 10 12 32 35 45 55 16 9 8 5 
15137750 15137862 1 0 0 -71 -72 0 -70 -71 -52 64 0 69 68 25 20 14 10 13 33 35 45 55 16 8 9 5 
15148250 15148319 1 0 0 -22 -27 0 -20 -25 -2 114 4 73 68 25 20 13 10 15 35 35 45 55 16 10 7 5 
15207750 15207967 1 0 0 -23 -24 0 -20 -21 -3 113 0 62 60 25 20 13 10 17 37 35 45 55 16 6 8 5 
15531750 15531790 1 0 0 1 -17 0 3 -15 22 138 18 78 75 25 20 12 10 16 36 35 45 55 16 9 9 5 
15584750 15584861 1 0 0 2 -15 0 4 -14 23 139 16 69 73 25 20 12 10 16 36 35 45 55 16 7 9 5 
15640250 15640260 1 0 0 18 -1 0 19 -2 35 151 22 67 75 25 20 12 10 16 36 35 45 55 16 9 7 5 
15776250 15776423 1 0 0 16 -2 0 18 0 34 150 18 62 61 25 20 12 10 16 36 35 45 55 16 8 8 5 
15849250 15849271 1 0 0 27 9 0 27 10 47 163 17 62 61 25 20 12 10 17 37 35 45 55 16 8 8 5 
15868250 15868369 1 0 0 -2 -22 0 -1 -22 17 133 21 62 61 25 20 12 10 17 37 35 45 55 16 8 8 5 
15897250 15897487 1 0 0 4 -16 0 5 -13 24 140 18 64 61 25 20 12 10 17 37 35 45 55 16 7 8 5 
15908250 15908449 1 0 0 4 -12 0 6 -12 25 141 18 60 58 25 20 12 10 17 37 35 45 55 16 7 7 5 
16089250 16089469 1 0 0 16 0 0 14 -2 35 151 18 61 62 25 20 12 10 17 37 35 45 55 16 8 7 5 
16330250 16330252 1 0 0 28 7 0 30 8 47 163 20 59 58 25 20 12 10 16 36 35 45 55 16 7 7 5 
16339750 16339841 1 0 0 11 -7 0 10 -7 28 144 18 58 58 25 20 12 10 16 36 35 45 55 16 7 7 5 
16352250 16352287 1 0 0 4 -16 0 5 -15 24 140 19 59 58 25 20 12 10 16 36 35 45 55 16 7 7 5 
16361250 16361469 1 0 0 32 12 0 32 14 49 165 18 58 57 25 20 12 10 16 36 35 45 55 16 7 7 5 
16392250 16392285 1 0 0 18 1 0 17 1 36 152 17 64 63 25 20 12 10 16 36 35 45 55 16 7 8 5 
16703250 16703422 1 0 0 16 -12 0 12 -15 30 146 27 67 67 25 20 12 10 15 35 35 45 55 16 7 8 5 
16954250 16954375 1 0 0 33 5 0 35 6 54 170 29 64 63 25 20 12 10 14 34 35 45 55 16 8 8 5 
17297750 17297776 1 0 0 15 -13 0 9 -18 27 143 28 73 70 25 20 12 10 15 35 35 45 55 16 9 8 5 
17501250 17501475 1 0 0 25 -1 0 23 -3 42 158 26 62 60 25 20 12 10 15 35 35 45 55 16 7 8 5 
17848250 17848474 1 0 0 19 -5 0 17 -6 36 152 23 64 61 25 20 12 10 15 35 35 45 55 16 6 8 5 
17909250 17909313 1 0 0 44 20 0 46 22 64 180 23 64 63 25 20 11 10 16 36 35 45 55 16 8 7 5 
18016250 18016668 1 0 0 1 -19 0 0 -18 18 134 17 63 62 25 20 11 10 16 36 35 45 55 16 6 7 5 
18039750 18039776 1 0 0 34 13 0 33 12 53 169 22 59 59 25 20 11 10 16 36 35 45 55 16 7 7 5 
18065750 18065777 1 0 0 33 13 0 33 12 49 165 21 58 57 25 20 11 10 16 36 35 45 55 16 7 7 5 
18076750 18076975 1 0 0 40 18 0 38 16 56 172 21 60 62 25 20 11 10 16 36 35 45 55 16 8 8 5 
18123750 18123966 1 0 0 36 12 0 36 13 54 170 23 60 58 25 20 11 10 16 36 35 45 55 16 8 7 5 
18141750 18141754 1 0 0 49 24 0 47 23 65 181 26 62 64 25 20 11 10 16 36 35 45 55 16 8 8 5 
18251250 18251275 1 0 0 53 31 0 53 31 74 190 23 65 63 25 20 11 10 15 35 35 45 55 16 7 7 5 
18477250 18477610 1 0 0 5 -11 0 1 -12 19 135 12 70 72 25 20 11 10 15 35 35 45 55 16 3 8 5 
18506250 18506306 1 0 0 27 4 0 25 2 44 160 24 68 65 25 20 10 10 16 36 35 45 55 16 9 6 5 
18539250 18539356 1 0 0 35 16 0 37 18 55 171 20 70 70 25 20 10 10 16 36 35 45 55 16 7 8 5 
18675250 18675359 1 0 0 47 16 0 46 12 65 181 34 67 65 25 20 10 10 15 35 35 45 55 16 4 7 5 
18740750 18740877 1 0 0 44 16 0 41 12 59 175 28 70 68 25 20 10 10 15 35 35 45 55 16 9 9 5 
