60000 60173 0 0 -1 0 0 0 0 0 0 -106 0 62 59 25 20 18 10 7 27 35 45 55 16 8 8 5 
79000 79059 0 0 0 1 40 0 -3 39 8 -100 -42 64 65 25 20 18 10 7 27 35 45 55 16 6 7 5 
142000 142610 0 0 0 -28 4 0 -31 3 -28 -136 -42 63 73 25 20 18 10 7 27 35 45 55 16 4 7 5 
168500 168884 0 0 0 17 33 0 23 39 29 -79 -17 59 58 25 20 18 10 7 27 35 45 55 16 5 7 5 
193000 193196 0 0 0 25 50 0 26 50 29 -79 -28 59 60 25 20 18 10 8 28 35 45 55 16 7 7 5 
264500 264768 0 0 0 2 27 0 1 25 4 -104 -24 61 62 25 20 18 10 9 29 35 45 55 16 7 8 5 
455500 455631 0 0 0 -19 7 0 -8 19 -35 -117 -33 63 61 25 20 18 10 8 28 35 45 55 16 7 3 5 
472500 472587 0 0 0 6 22 0 11 23 -9 -91 -12 59 61 25 20 18 10 8 28 35 45 55 16 7 7 5 
523000 523153 0 0 0 7 30 0 6 30 -14 -96 -20 62 63 25 20 18 10 8 28 35 45 55 16 7 8 5 
535500 535674 0 0 0 0 33 0 0 41 -23 -105 -35 69 59 25 20 18 10 8 28 35 45 55 16 9 8 5 
571000 571348 0 0 0 6 38 0 8 45 10 -98 -34 72 77 25 20 18 10 8 28 35 45 55 16 8 9 5 
603000 603072 0 0 0 -9 27 0 -9 25 -27 -109 -39 69 66 25 20 18 10 8 28 35 45 55 16 9 8 5 
651500 651609 0 0 0 -8 44 0 -8 43 11 -97 -47 70 71 25 20 18 10 8 28 35 45 55 16 9 9 5 
731000 731042 0 0 0 -8 24 0 -7 25 8 -100 -23 70 74 25 20 18 10 8 28 35 45 55 16 9 9 5 
836000 836030 0 0 0 -22 10 0 -25 6 -11 -119 -26 71 75 25 20 18 10 8 28 35 45 55 16 9 9 5 
854000 854009 0 -1 1 -61 -16 -51 -67 -20 -60 -168 -52 72 70 25 20 18 10 8 28 35 45 55 16 9 9 5 
869500 869573 0 2 1 -179 -132 -179 -184 -131 -177 -285 -60 75 72 25 20 18 10 8 28 35 45 55 16 9 9 5 
882000 882056 0 -3 1 -36 0 -44 -34 3 -32 -140 -42 68 64 25 20 18 10 8 28 35 45 55 16 8 8 5 
903500 903686 0 0 0 22 65 0 26 67 36 -72 -35 62 59 25 20 18 10 7 27 35 45 55 16 8 8 5 
935500 935710 0 0 0 17 46 0 18 48 24 -84 -35 64 63 25 20 18 10 7 27 35 45 55 16 8 8 5 
977000 977021 0 0 0 -14 28 0 -13 29 -33 -115 -52 66 64 25 20 18 10 6 26 35 45 55 16 9 8 5 
1040500 1040727 0 0 0 -4 25 0 -2 27 13 -95 -26 63 63 25 20 18 10 6 26 35 45 55 16 8 8 5 
1084500 1084639 0 0 0 -41 5 0 -47 2 -44 -152 -57 80 89 25 20 19 10 7 27 35 45 55 16 9 9 5 
1451500 1451825 0 0 0 -49 -14 0 -46 -12 -48 -156 -38 71 68 25 20 20 10 8 28 35 45 55 16 8 9 5 
1536500 1536839 0 0 0 26 59 0 22 58 32 -76 -30 63 64 25 20 20 10 8 28 35 45 55 16 7 7 5 
1584500 1584580 0 0 0 -7 8 0 -8 6 -16 -124 -16 69 73 25 20 20 10 8 28 35 45 55 16 9 9 5 
1606000 1606120 0 0 0 8 45 0 7 46 -13 -95 -37 65 62 25 20 20 10 8 28 35 45 55 16 7 8 5 
1617000 1617113 0 0 0 -7 21 0 -5 23 -50 -132 -30 67 69 25 20 20 10 8 28 35 45 55 16 8 9 5 
1633000 1633061 0 0 0 -45 6 0 -53 0 -97 -179 -54 68 65 25 20 20 10 8 28 35 45 55 16 8 9 5 
1709000 1709167 0 0 0 -24 2 0 -31 -8 -69 -151 -31 74 75 25 20 20 10 8 28 35 45 55 16 9 8 5 
1720500 1720707 0 13 0 17 45 8 20 47 11 -71 -22 61 59 25 20 20 10 8 28 35 45 55 16 8 7 5 
1728000 1728085 0 0 0 30 51 0 32 51 29 -79 -21 59 58 25 20 20 10 8 28 35 45 55 16 7 7 5 
1772000 1772223 0 0 0 11 38 0 9 34 13 -95 -43 64 59 25 20 20 10 8 28 35 45 55 16 6 5 5 
1792500 1792658 0 0 0 -30 -5 0 -29 -6 -13 -121 -29 54 60 25 20 20 10 9 29 35 45 55 16 6 6 5 
1963000 1963152 0 0 0 -27 -6 0 -29 -10 -27 -135 -19 52 52 25 20 21 10 10 30 35 45 55 16 4 6 5 
1988500 1988694 0 0 0 -35 -8 0 -32 -7 -28 -136 -23 54 51 25 20 21 10 10 30 35 45 55 16 7 4 5 
2004500 2004723 0 0 0 -14 8 0 -13 8 -13 -121 -21 62 59 25 20 21 10 10 30 35 45 55 16 8 7 5 
2022000 2022127 0 0 0 24 33 0 24 32 26 -82 -10 56 55 25 20 21 10 10 30 35 45 55 16 7 7 5 
2030500 2030731 0 -1 1 -30 -15 -51 -32 -17 -31 -139 -15 56 56 25 20 21 10 10 30 35 45 55 16 7 7 5 
2052000 2052156 0 2 1 -235 -240 -251 -241 -245 -247 -355 5 57 57 25 20 21 10 10 30 35 45 55 16 7 7 5 
2060000 2060000 0 -3 1 -32 -45 -47 -34 -42 -40 -148 8 57 57 25 20 21 10 10 30 35 45 55 16 7 6 5 
2066000 2066127 0 0 0 13 26 0 13 27 12 -96 -15 56 56 25 20 21 10 10 30 35 45 55 16 7 7 5 
2078500 2078697 0 0 0 4 27 0 6 28 8 -100 -22 54 53 25 20 21 10 10 30 35 45 55 16 7 7 5 
2241500 2241730 0 0 0 3 15 0 7 16 9 -99 -10 52 51 25 20 21 10 10 30 35 45 55 16 6 6 5 
2273000 2273154 0 -1 1 -49 -42 -51 -50 -44 -51 -159 -7 54 55 25 20 21 10 10 30 35 45 55 16 7 7 5 
2282500 2282757 0 2 1 -119 -125 -121 -119 -124 -121 -229 4 54 53 25 20 21 10 10 30 35 45 55 16 7 7 5 
2288500 2288627 0 -3 1 -46 -63 -47 -40 -61 -38 -146 19 53 52 25 20 21 10 10 30 35 45 55 16 7 7 5 
2313500 2313790 0 0 0 0 16 0 -9 8 -7 -115 -16 51 51 25 20 21 10 10 30 35 45 55 16 6 6 5 
2493000 2493189 0 0 0 11 18 0 11 20 16 -92 -10 51 51 25 20 21 10 10 30 35 45 55 16 6 6 5 
2630500 2631562 0 -1 1 -45 17 -52 -91 2 -94 -202 -105 64 64 25 20 21 10 10 30 35 45 55 16 1 0 5 
2643000 2643094 0 2 1 -92 -39 -99 -90 -38 -90 -198 -49 71 75 25 20 21 10 10 30 35 45 55 16 3 9 5 
2648500 2648696 0 -3 1 -41 -8 -47 -42 -10 -46 -154 -32 64 65 25 20 21 10 10 30 35 45 55 16 8 8 5 
2761000 2761112 0 0 0 4 26 0 3 26 16 -92 -20 56 55 25 20 21 10 10 30 35 45 55 16 7 7 5 
2812500 2812655 0 -1 1 -55 -38 -59 -60 -42 -63 -171 -17 57 57 25 20 21 10 10 30 35 45 55 16 7 7 5 
2843000 2843169 0 2 1 -425 -435 -429 -421 -436 -434 -542 5 62 62 25 20 21 10 10 30 35 45 55 16 8 8 5 
2853000 2853165 0 -3 1 -35 -36 -39 -26 -27 -28 -136 4 58 59 25 20 21 10 10 30 35 45 55 16 6 7 5 
2858500 2858651 0 0 0 4 31 0 3 32 -2 -110 -30 56 56 25 20 21 10 10 30 35 45 55 16 7 7 5 
2891000 2891151 0 0 0 6 27 0 5 26 8 -100 -22 53 53 25 20 21 10 10 30 35 45 55 16 7 7 5 
2981000 2981549 0 0 0 11 41 0 8 42 -13 -95 -34 63 61 25 20 21 10 10 30 35 45 55 16 3 8 5 
3071500 3071654 0 0 0 -4 25 0 -3 27 -2 -110 -31 58 59 25 20 21 10 10 30 35 45 55 16 6 7 5 
3155500 3155671 0 0 0 0 29 0 1 29 3 -105 -24 59 58 25 20 21 10 10 30 35 45 55 16 6 5 5 
3172000 3172078 0 -1 1 -63 -17 -56 -62 -14 -58 -166 -29 58 57 25 20 21 10 10 30 35 45 55 16 7 7 5 
3189500 3189655 0 2 1 -276 -231 -261 -287 -240 -300 -408 -58 62 64 25 20 21 10 10 30 35 45 55 16 6 7 5 
3197000 3197421 0 -3 1 -67 -33 -48 -51 -18 -37 -145 -21 60 63 25 20 21 10 10 30 35 45 55 16 7 7 5 
3226000 3226212 0 0 0 -31 22 0 -32 24 -41 -149 -54 50 50 25 20 21 10 10 30 35 45 55 16 6 6 5 
3339500 3339668 0 0 0 -4 34 0 1 37 1 -107 -26 60 58 25 20 21 10 10 30 35 45 55 16 7 7 5 
3501500 3502037 0 0 0 -35 -8 0 -29 -5 -24 -132 -11 52 52 25 20 21 10 10 30 35 45 55 16 5 5 5 
3758500 3758508 0 0 0 -2 31 0 1 35 5 -103 -22 57 60 25 20 21 10 10 30 35 45 55 16 7 7 5 
3890500 3890740 0 0 0 -5 22 0 -1 27 9 -99 -18 57 56 25 20 21 10 10 30 35 45 55 16 7 7 5 
3929000 3929037 0 0 0 2 28 0 1 29 17 -91 -19 60 59 25 20 21 10 10 30 35 45 55 16 7 8 5 
3959000 3959000 0 0 0 42 70 0 39 66 45 -63 -19 60 57 25 20 21 10 10 30 35 45 55 16 7 7 5 
4082000 4082209 0 0 0 23 65 0 22 66 20 -88 -34 61 67 25 20 21 10 10 30 35 45 55 16 7 7 5 
4125000 4125146 0 0 0 -3 34 0 3 39 4 -104 -29 57 56 25 20 21 10 10 30 35 45 55 16 6 7 5 
4141500 4141625 0 -1 1 -57 -5 -53 -58 -7 -56 -164 -39 64 69 25 20 21 10 10 30 35 45 55 16 7 8 5 
4144500 4144662 0 15 0 -59 -13 -55 -53 -9 -80 -162 -32 63 61 25 20 21 10 10 30 35 45 55 16 8 2 5 
4174000 4176176 0 16 0 -113 -97 -108 -118 -103 -154 -236 2 61 68 25 20 21 10 10 30 35 45 55 16 0 5 5 
4174500 4176176 0 2 1 -114 -98 -109 -118 -103 -128 -236 2 61 68 25 20 21 10 10 30 35 45 55 16 0 5 5 
4179000 4179178 0 -3 1 -48 -28 -42 -41 -20 -44 -152 -9 61 61 25 20 21 10 10 30 35 45 55 16 5 8 5 
4216000 4216175 0 0 0 -7 22 0 -7 19 -8 -116 -16 54 55 25 20 21 10 10 30 35 45 55 16 6 7 5 
4274000 4274163 0 0 0 -2 17 0 1 21 3 -105 -10 54 52 25 20 21 10 10 30 35 45 55 16 6 7 5 
4319000 4319120 0 0 0 -6 20 0 -8 20 6 -102 -16 55 54 25 20 21 10 10 30 35 45 55 16 7 6 5 
4331500 4331527 0 -1 1 -59 -45 -53 -53 -39 -49 -157 -9 56 55 25 20 21 10 10 30 35 45 55 16 7 7 5 
4344000 4344167 0 2 1 -242 -210 -237 -240 -211 -240 -348 -21 59 61 25 20 21 10 10 30 35 45 55 16 7 5 5 
4362500 4365168 0 -3 1 -51 -31 -47 -21 -2 -15 -123 -4 58 55 25 20 21 10 10 30 35 45 55 16 0 6 5 
4404500 4404576 0 0 0 -1 31 0 0 33 8 -100 -27 58 59 25 20 21 10 10 30 35 45 55 16 7 7 5 
4605000 4605175 0 0 0 -7 8 0 -5 7 8 -100 -12 55 56 25 20 20 10 9 29 35 45 55 16 7 7 5 
4672500 4672573 0 0 0 -8 5 0 -8 3 -1 -109 -11 52 53 25 20 20 10 9 29 35 45 55 16 6 6 5 
4766000 4766143 0 0 0 0 -1 0 2 -1 15 -93 7 53 53 25 20 20 10 9 29 35 45 55 16 6 7 5 
4942500 4942545 0 0 0 -1 35 0 0 39 -29 -111 -38 65 65 25 20 20 10 9 29 35 45 55 16 7 8 5 
4990500 4990550 0 0 0 -7 29 0 -9 28 7 -101 -36 62 64 25 20 20 10 8 28 35 45 55 16 7 7 5 
5004000 5004237 0 -1 1 -55 -29 -52 -61 -35 -55 -163 -30 59 59 25 20 20 10 8 28 35 45 55 16 7 8 5 
5019000 5019126 0 2 1 -149 -106 -151 -155 -108 -140 -248 -43 63 66 25 20 20 10 7 27 35 45 55 16 8 4 5 
5024500 5025318 0 -3 1 -37 -24 -41 -10 -6 -25 -133 -16 61 56 25 20 20 10 7 27 35 45 55 16 0 4 5 
5055000 5055186 0 0 0 15 57 0 12 55 13 -95 -44 63 66 25 20 20 10 7 27 35 45 55 16 8 8 5 
5157000 5157126 0 0 0 3 32 0 7 33 3 -105 -27 71 69 25 20 20 10 8 28 35 45 55 16 9 9 5 
5163500 5163522 0 -1 1 -51 4 -56 -54 1 -53 -161 -55 72 75 25 20 20 10 8 28 35 45 55 16 9 9 5 
5186000 5186143 0 2 1 -355 -287 -368 -375 -306 -369 -477 -69 72 74 25 20 20 10 8 28 35 45 55 16 9 1 5 
5198500 5199717 0 -3 1 -28 -2 -45 7 30 20 -88 -21 72 74 25 20 20 10 8 28 35 45 55 16 0 9 5 
5211500 5211587 0 0 0 21 93 0 23 98 16 -92 -76 63 58 25 20 20 10 8 28 35 45 55 16 7 8 5 
5236000 5236212 0 0 0 42 75 0 45 76 46 -62 -33 65 61 25 20 20 10 8 28 35 45 55 16 8 8 5 
5254500 5254625 0 0 0 29 59 0 25 59 39 -69 -33 61 65 25 20 19 10 9 29 35 45 55 16 8 7 5 
5283000 5283300 0 0 0 1 32 0 1 31 2 -106 -29 63 61 25 20 19 10 9 29 35 45 55 16 4 8 5 
5334500 5334646 0 0 0 -20 9 0 -23 9 -32 -140 -28 69 66 25 20 18 10 10 30 35 45 55 16 6 4 5 
5345000 5345142 0 -1 1 -69 -31 -51 -72 -37 -74 -182 -32 71 66 25 20 18 10 9 29 35 45 55 16 9 9 5 
5366000 5366151 0 2 1 -420 -363 -406 -414 -356 -406 -514 -58 70 74 25 20 17 10 7 27 35 45 55 16 8 8 5 
5380500 5380631 0 -3 1 39 58 49 44 58 51 -57 -14 59 58 25 20 17 10 7 27 35 45 55 16 7 7 5 
5404500 5404558 0 0 0 -5 45 0 -7 43 -2 -110 -49 63 64 25 20 17 10 7 27 35 45 55 16 7 7 5 
5439500 5439659 0 0 0 -26 6 0 -23 8 -15 -123 -39 72 70 25 20 17 10 7 27 35 45 55 16 9 9 5 
5552000 5552042 0 0 0 -36 9 0 -34 12 -25 -133 -51 67 65 25 20 17 10 7 27 35 45 55 16 8 8 5 
5607000 5607014 0 0 0 -49 13 0 -49 13 -76 -158 -61 66 67 25 20 17 10 8 28 35 45 55 16 5 8 5 
5613500 5613582 0 -1 1 -103 -47 -59 -102 -50 -128 -210 -46 65 64 25 20 17 10 8 28 35 45 55 16 8 8 5 
5623500 5623598 0 2 1 -269 -218 -234 -272 -222 -299 -381 -49 69 69 25 20 17 10 8 28 35 45 55 16 9 9 5 
5634500 5634636 0 -3 1 -71 -22 -45 -61 -16 -83 -165 -42 67 63 25 20 17 10 8 28 35 45 55 16 7 8 5 
5659500 5659739 0 0 0 -3 50 0 -2 51 -24 -106 -51 62 62 25 20 17 10 8 28 35 45 55 16 8 8 5 
5718500 5718635 0 0 0 -8 46 0 1 50 -24 -106 -50 66 66 25 20 17 10 8 28 35 45 55 16 8 8 5 
5759000 5759818 0 0 0 -18 15 0 -32 0 -43 -151 -32 66 66 25 20 17 10 8 28 35 45 55 16 5 8 5 
5865000 5865002 0 0 0 -50 6 0 -54 6 -79 -161 -59 72 75 25 20 17 10 8 28 35 45 55 16 8 7 5 
5888500 5888583 0 0 0 8 39 0 5 34 -16 -98 -28 60 59 25 20 17 10 8 28 35 45 55 16 7 7 5 
5924000 5924170 0 0 0 0 28 0 -5 24 -28 -110 -30 62 63 25 20 17 10 8 28 35 45 55 16 8 8 5 
5929500 5929784 0 13 0 -25 17 2 -30 15 -54 -136 -46 65 69 25 20 17 10 8 28 35 45 55 16 5 9 5 
5935500 5935730 0 0 0 -56 3 0 -56 4 -81 -163 -60 68 64 25 20 17 10 8 28 35 45 55 16 7 7 5 
6069500 6069644 0 0 0 -59 8 0 -66 4 -90 -172 -70 66 64 25 20 17 10 8 28 35 45 55 16 8 8 5 
6154500 6154742 0 0 0 -40 4 0 -37 7 -61 -143 -46 67 67 25 20 17 10 8 28 35 45 55 16 7 9 5 
6208000 6208222 0 0 0 -8 16 0 -5 17 -23 -105 -20 69 68 25 20 17 10 8 28 35 45 55 16 7 6 5 
6258000 6258208 0 0 0 12 38 0 9 35 -10 -92 -34 57 56 25 20 17 10 7 27 35 45 55 16 7 7 5 
6298000 6298145 0 0 0 0 22 0 -1 20 -18 -100 -30 53 52 25 20 17 10 7 27 35 45 55 16 7 7 5 
6372000 6372024 0 0 0 -1 29 0 2 28 -14 -96 -39 55 53 25 20 17 10 6 26 35 45 55 16 7 7 5 
6697500 6697563 0 0 0 -11 21 0 -10 24 -2 -110 -31 56 57 25 20 17 10 8 28 35 45 55 16 7 7 5 
6749000 6749217 0 0 0 -9 -10 0 -11 -13 -27 -109 4 53 52 25 20 17 10 8 28 35 45 55 16 6 7 5 
6764000 6764186 0 -1 1 -64 -53 -53 -63 -51 -78 -160 -12 54 52 25 20 17 10 8 28 35 45 55 16 7 7 5 
6783500 6783666 0 2 1 -173 -149 -161 -173 -149 -190 -272 -24 58 57 25 20 17 10 8 28 35 45 55 16 7 7 5 
6790000 6790821 0 -3 1 -61 -61 -49 -11 -27 -26 -108 18 55 56 25 20 17 10 8 28 35 45 55 16 1 6 5 
6810000 6810008 0 0 0 -13 28 0 -12 30 -28 -110 -41 54 53 25 20 17 10 8 28 35 45 55 16 6 6 5 
6891500 6891737 0 0 0 7 23 0 8 24 -8 -90 -17 55 54 25 20 17 10 8 28 35 45 55 16 7 7 5 
6978000 6978138 0 0 0 -14 17 0 -17 13 -8 -116 -32 57 55 25 20 17 10 8 28 35 45 55 16 7 7 5 
6993000 6993230 0 0 0 -22 13 0 -22 12 -40 -122 -34 56 57 25 20 18 10 8 28 35 45 55 16 6 7 5 
7009500 7009503 0 0 0 -2 36 0 1 39 -15 -97 -40 57 55 25 20 18 10 8 28 35 45 55 16 5 7 5 
7029500 7029547 0 0 0 7 32 0 12 35 -4 -86 -23 59 58 25 20 18 10 8 28 35 45 55 16 7 7 5 
7256000 7256240 0 0 0 -3 44 0 0 47 -25 -107 -54 59 57 25 20 20 10 7 27 35 45 55 16 5 4 5 
7278500 7278709 0 0 0 23 30 0 28 35 0 -82 -5 61 58 25 20 20 10 7 27 35 45 55 16 6 5 5 
7326500 7326711 0 0 0 1 40 0 0 37 -19 -101 -36 66 64 25 20 20 10 7 27 35 45 55 16 8 8 5 
7570500 7570593 0 0 0 -9 17 0 -7 14 -25 -107 -14 64 64 25 20 20 10 7 27 35 45 55 16 3 7 5 
7619000 7619315 0 0 0 22 58 0 22 60 -2 -84 -41 64 67 25 20 20 10 7 27 35 45 55 16 2 7 5 
7647000 7647141 0 0 0 4 22 0 -6 18 -40 -122 -16 75 73 25 20 20 10 7 27 35 45 55 16 8 10 5 
7663000 7663154 0 0 0 23 49 0 23 49 6 -76 -25 61 62 25 20 20 10 7 27 35 45 55 16 8 8 5 
7736000 7736268 0 0 0 -34 13 0 -29 13 -51 -133 -49 51 51 25 20 20 10 7 27 35 45 55 16 6 5 5 
7794500 7794768 0 0 0 10 7 0 10 2 -2 -84 2 52 52 25 20 20 10 7 27 35 45 55 16 6 6 5 
7846000 7846187 0 0 0 13 11 0 10 9 21 -87 -4 53 54 25 20 20 10 7 27 35 45 55 16 7 7 5 
7878500 7878871 0 0 0 -30 -12 0 -31 -11 -47 -129 -24 52 51 25 20 20 10 7 27 35 45 55 16 5 6 5 
7924500 7924519 0 0 0 -37 -21 0 -35 -22 -51 -133 -20 54 54 25 20 20 10 7 27 35 45 55 16 7 7 5 
7952500 7952706 0 -1 1 -84 -56 -53 -88 -61 -107 -189 -31 56 56 25 20 20 10 7 27 35 45 55 16 7 7 5 
7966000 7966061 0 2 1 -174 -138 -145 -173 -140 -193 -275 -39 59 59 25 20 20 10 7 27 35 45 55 16 7 7 5 
7973000 7973134 0 -3 1 -76 -51 -48 -68 -46 -89 -171 -29 58 57 25 20 20 10 7 27 35 45 55 16 7 7 5 
8026000 8026243 0 0 0 -16 6 0 -14 13 -4 -112 -32 55 56 25 20 20 10 7 27 35 45 55 16 6 7 5 
8081000 8081221 0 0 0 5 26 0 5 22 -11 -93 -24 53 55 25 20 20 10 7 27 35 45 55 16 6 7 5 
8177000 8177178 0 0 0 -23 11 0 -21 8 -48 -130 -32 59 57 25 20 20 10 7 27 35 45 55 16 7 7 5 
8334500 8334748 0 0 0 -16 19 0 -14 17 -28 -110 -36 54 55 25 20 20 10 7 27 35 45 55 16 7 7 5 
8519000 8519270 0 0 0 10 28 0 9 28 17 -91 -23 52 51 25 20 20 10 7 27 35 45 55 16 6 6 5 
8668000 8668286 0 0 0 20 36 0 17 32 0 -82 -19 52 52 25 20 20 10 7 27 35 45 55 16 6 7 5 
8872500 8872754 0 0 0 33 36 0 31 35 15 -67 -4 54 52 25 20 20 10 7 27 35 45 55 16 7 7 5 
8900500 8900585 0 0 0 -3 41 0 -1 46 7 -101 -46 50 50 25 20 20 10 7 27 35 45 55 16 6 6 5 
9041500 9041674 0 0 0 -4 28 0 -5 31 -21 -103 -31 51 51 25 20 20 10 8 28 35 45 55 16 6 6 5 
9068500 9068715 0 -1 1 -54 -21 -52 -58 -20 -69 -151 -30 58 59 25 20 20 10 8 28 35 45 55 16 7 7 5 
9084000 9084157 0 2 1 -139 -112 -137 -141 -111 -163 -245 -24 58 58 25 20 20 10 8 28 35 45 55 16 7 7 5 
9092500 9092566 0 -3 1 -47 -34 -46 -48 -33 -71 -153 -6 57 57 25 20 20 10 8 28 35 45 55 16 7 3 5 
9100500 9100711 0 0 0 0 17 0 0 19 -16 -98 -12 52 52 25 20 20 10 8 28 35 45 55 16 6 7 5 
9131000 9131034 0 0 0 -3 35 0 -3 38 -17 -99 -34 51 51 25 20 20 10 8 28 35 45 55 16 6 6 5 
9161000 9161053 0 0 0 2 33 0 1 31 -13 -95 -30 50 54 25 20 20 10 8 28 35 45 55 16 6 6 5 
9238000 9238174 0 0 0 11 26 0 9 29 20 -88 -19 52 51 25 20 20 10 8 28 35 45 55 16 7 6 5 
9258000 9258107 0 0 0 13 31 0 13 31 -2 -84 -16 51 52 25 20 20 10 8 28 35 45 55 16 6 6 5 
9266000 9266663 0 -1 1 -42 -8 -53 -48 -5 -48 -130 -42 60 64 25 20 20 10 8 28 35 45 55 16 5 4 5 
9287000 9287007 0 2 1 -320 -304 -328 -325 -310 -346 -428 -16 60 60 25 20 20 10 8 28 35 45 55 16 7 2 5 
9304000 9304112 0 -3 1 -39 -11 -44 -42 -10 -72 -154 -33 61 60 25 20 20 10 8 28 35 45 55 16 0 1 5 
9326500 9326744 0 0 0 2 25 0 3 26 -19 -101 -23 52 53 25 20 20 10 8 28 35 45 55 16 6 6 5 
9365500 9365672 0 0 0 4 8 0 7 9 -8 -90 -2 53 54 25 20 20 10 8 28 35 45 55 16 7 6 5 
9405000 9405163 0 0 0 7 20 0 4 16 -9 -91 -10 52 52 25 20 20 10 8 28 35 45 55 16 6 6 5 
9492000 9492210 0 0 0 3 30 0 3 30 -14 -96 -27 51 48 25 20 20 10 8 28 35 45 55 16 6 6 5 
9516500 9516745 0 -1 1 -53 -49 -52 -58 -51 -75 -157 -5 53 54 25 20 20 10 8 28 35 45 55 16 7 7 5 
9537000 9537256 0 2 1 -234 -214 -230 -233 -214 -257 -339 -21 55 53 25 20 20 10 8 28 35 45 55 16 7 7 5 
9548500 9550886 0 -3 1 -46 -45 -40 2 -2 -19 -101 4 54 51 25 20 20 10 8 28 35 45 55 16 0 5 5 
9562500 9562576 0 0 0 -8 31 0 -13 31 -44 -126 -43 60 60 25 20 20 10 8 28 35 45 55 16 5 5 5 
9569500 9569641 0 0 0 -16 11 0 -17 9 -27 -109 -28 56 54 25 20 20 10 8 28 35 45 55 16 3 6 5 
9595500 9595577 0 0 0 2 8 0 6 10 -3 -85 3 60 61 25 20 20 10 8 28 35 45 55 16 4 3 5 
9606500 9606647 0 0 0 -3 27 0 1 34 -24 -106 -38 63 58 25 20 20 10 8 28 35 45 55 16 6 6 5 
9614500 9614629 0 0 0 26 39 0 30 38 10 -72 -12 56 55 25 20 20 10 8 28 35 45 55 16 7 5 5 
9629500 9629555 0 0 0 -31 14 0 -23 23 -57 -139 -45 68 70 25 20 20 10 8 28 35 45 55 16 8 4 5 
9643000 9643029 0 0 0 26 42 0 28 42 -7 -89 -15 67 76 25 20 20 10 8 28 35 45 55 16 4 7 5 
9668000 9668033 0 0 0 37 40 0 38 40 22 -60 -3 52 52 25 20 20 10 8 28 35 45 55 16 6 6 5 
9719500 9719681 0 0 0 21 28 0 21 27 1 -81 -10 53 55 25 20 20 10 8 28 35 45 55 16 7 7 5 
9725500 9725513 0 -1 1 -39 -22 -56 -38 -19 -49 -131 -21 57 56 25 20 20 10 8 28 35 45 55 16 7 7 5 
9746000 9746081 0 2 1 -269 -256 -275 -269 -256 -289 -371 -11 56 59 25 20 20 10 9 29 35 45 55 16 7 6 5 
9756500 9758648 0 -3 1 -44 -34 -44 11 20 -8 -90 -13 54 52 25 20 20 10 9 29 35 45 55 16 0 6 5 
9772500 9772756 0 0 0 -9 20 0 -10 22 -26 -108 -34 50 52 25 20 21 10 9 29 35 45 55 16 6 6 5 
9789000 9789148 0 0 0 -11 29 0 -8 34 -33 -115 -50 58 63 25 20 21 10 8 28 35 45 55 16 6 2 5 
9796000 9796009 0 0 0 -18 12 0 -18 15 -36 -118 -36 55 49 25 20 21 10 8 28 35 45 55 16 6 6 5 
9811000 9811142 0 0 0 -20 19 0 -21 19 -16 -124 -45 50 51 25 20 22 10 8 28 35 45 55 16 6 6 5 
9876500 9876720 0 0 0 9 26 0 8 23 -6 -88 -17 48 49 25 20 22 10 8 28 35 45 55 16 6 6 5 
9992000 9992057 0 0 0 1 23 0 -2 21 -20 -102 -24 47 48 25 20 22 10 8 28 35 45 55 16 6 6 5 
10280500 10280509 0 0 0 -4 17 0 -6 13 11 -97 -22 47 46 25 20 22 10 8 28 35 45 55 16 6 6 5 
10729000 10729034 0 0 0 -9 19 0 -13 16 -6 -114 -33 52 51 25 20 22 10 8 28 35 45 55 16 6 7 5 
11183500 11183722 0 0 0 -25 2 0 -29 -1 -42 -124 -28 47 47 25 20 22 10 8 28 35 45 55 16 6 3 5 
11275500 11275571 0 0 0 -8 10 0 0 16 -18 -100 -19 49 46 25 20 22 10 8 28 35 45 55 16 6 6 5 
11288000 11288163 0 -1 1 -54 -41 -54 -60 -44 -78 -160 -19 53 49 25 20 22 10 8 28 35 45 55 16 6 7 5 
11313500 11314946 0 2 1 -550 -568 -565 -533 -408 -550 -632 -121 66 75 25 20 22 10 8 28 35 45 55 16 0 5 5 
11334500 11334534 0 -3 1 -22 -36 -50 -7 -22 -29 -111 14 52 52 25 20 22 10 8 28 35 45 55 16 0 5 5 
11341000 11341245 0 0 0 32 36 0 29 32 8 -74 -2 48 47 25 20 22 10 8 28 35 45 55 16 6 6 5 
11359500 11359531 0 0 0 2 26 0 2 24 -29 -111 -23 47 48 25 20 22 10 8 28 35 45 55 16 6 6 5 
11379500 11379686 0 0 0 -19 3 0 -20 4 -21 -129 -27 47 46 25 20 22 10 8 28 35 45 55 16 6 6 5 
11524500 11524809 0 0 0 20 29 0 17 27 -4 -86 -11 49 49 25 20 22 10 10 30 35 45 55 16 6 6 5 
11540500 11540783 0 -1 1 -44 -30 -55 -43 -27 -64 -146 -15 50 50 25 20 22 10 10 30 35 45 55 16 6 6 5 
11577000 11577138 0 2 1 -442 -415 -434 -446 -418 -483 -565 -28 51 51 25 20 22 10 10 30 35 45 55 16 5 6 5 
11588000 11589528 0 -3 1 -60 -49 -47 5 14 -22 -104 -8 51 50 25 20 22 10 10 30 35 45 55 16 0 6 5 
11600500 11600639 0 0 0 -20 -1 0 -21 -3 -51 -133 -18 48 48 25 20 22 10 10 30 35 45 55 16 3 6 5 
11614500 11614700 0 0 0 -26 15 0 -27 15 -49 -131 -44 68 74 25 20 22 10 10 30 35 45 55 16 9 9 5 
11628000 11628209 0 0 0 -29 2 0 -27 2 -53 -135 -30 49 43 25 20 22 10 10 30 35 45 55 16 6 6 5 
11728000 11728141 0 0 0 -1 19 0 -4 20 -27 -109 -24 46 43 25 20 22 10 10 30 35 45 55 16 6 5 5 
11773000 11773115 0 -1 1 -62 -50 -51 -65 -56 -94 -176 -8 51 55 25 20 22 10 10 30 35 45 55 16 6 7 5 
11790000 11790102 0 2 1 -256 -239 -242 -259 -242 -298 -380 -18 51 51 25 20 22 10 10 30 35 45 55 16 6 6 5 
11797500 11797614 0 -3 1 -63 -55 -47 -40 -29 -69 -151 -11 50 51 25 20 22 10 10 30 35 45 55 16 0 5 5 
11824500 11824759 0 0 0 -22 2 0 -21 1 -47 -129 -24 46 47 25 20 22 10 10 30 35 45 55 16 6 6 5 
11855500 11855812 0 0 0 -6 10 0 -5 10 -30 -112 -20 47 47 25 20 22 10 10 30 35 45 55 16 6 6 5 
12113500 12113670 0 0 0 -7 15 0 -8 14 4 -104 -23 49 44 25 20 22 10 10 30 35 45 55 16 6 6 5 
12182000 12182029 0 0 0 -1 14 0 1 15 -21 -103 -16 47 48 25 20 22 10 10 30 35 45 55 16 6 6 5 
12221000 12221117 0 0 0 -9 23 0 -7 25 -24 -106 -34 47 44 25 20 22 10 10 30 35 45 55 16 6 6 5 
12695500 12695683 0 0 0 -33 -3 0 -31 0 -52 -134 -32 47 47 25 20 22 10 10 30 35 45 55 16 6 5 5 
12755500 12755733 0 0 0 -25 5 0 -27 3 -53 -135 -30 52 51 25 20 22 10 10 30 35 45 55 16 5 6 5 
12806000 12806288 0 0 0 13 30 0 19 37 2 -80 -16 47 48 25 20 22 10 10 30 35 45 55 16 6 6 5 
12982500 12982626 0 0 0 4 23 0 9 30 19 -89 -20 50 49 25 20 23 10 10 30 35 45 55 16 6 6 5 
13304000 13304168 0 0 0 1 22 0 -5 18 -27 -109 -25 46 44 25 20 22 10 10 30 35 45 55 16 5 6 5 
13334500 13334725 0 -1 1 -51 -32 -51 -52 -35 -71 -153 -19 47 48 25 20 22 10 10 30 35 45 55 16 6 6 5 
13357500 13357685 0 2 1 -315 -299 -315 -325 -306 -357 -439 -20 54 58 25 20 22 10 10 30 35 45 55 16 7 2 5 
13384000 13388561 0 -3 1 -47 -55 -46 2 -11 -29 -111 11 52 49 25 20 22 10 10 30 35 45 55 16 0 6 5 
13494500 13494531 0 0 0 -2 23 0 -3 22 -17 -99 -24 46 47 25 20 22 10 10 30 35 45 55 16 6 6 5 
13552500 13552683 0 -1 1 -57 -44 -56 -60 -49 -80 -162 -12 48 47 25 20 22 10 10 30 35 45 55 16 6 5 5 
13584500 13584671 0 2 1 -379 -349 -380 -381 -350 -411 -493 -31 51 49 25 20 22 10 10 30 35 45 55 16 6 5 5 
13594000 13594604 0 -3 1 -49 -48 -49 -8 -9 -28 -110 2 49 49 25 20 22 10 10 30 35 45 55 16 0 6 5 
13760500 13760736 0 0 0 6 24 0 8 26 22 -86 -19 47 47 25 20 22 10 10 30 35 45 55 16 6 6 5 
13779000 13779120 0 -1 1 -52 -39 -55 -53 -43 -76 -158 -12 50 50 25 20 22 10 10 30 35 45 55 16 6 6 5 
13791000 13791044 0 2 1 -174 -172 -175 -177 -174 -211 -293 -7 52 53 25 20 22 10 10 30 35 45 55 16 5 7 5 
13799500 13800043 0 -3 1 -42 -36 -42 -21 -17 -45 -127 -6 50 49 25 20 22 10 10 30 35 45 55 16 3 6 5 
13813000 13813085 0 0 0 -2 15 0 0 16 13 -95 -18 54 50 25 20 22 10 9 29 35 45 55 16 6 5 5 
13844000 13844099 0 0 0 -40 -16 0 -41 -15 -39 -147 -24 44 42 25 20 23 10 9 29 35 45 55 16 5 5 5 
13945500 13945762 0 0 0 -33 -7 0 -34 -9 -55 -137 -30 44 43 25 20 24 10 7 27 35 45 55 16 5 5 5 
13986500 13986511 0 -1 1 -87 -64 -50 -87 -66 -105 -187 -24 45 45 25 20 22 10 7 27 35 45 55 16 5 6 5 
13995000 13995029 0 2 1 -134 -103 -96 -135 -105 -153 -235 -34 45 45 25 20 22 10 7 27 35 45 55 16 6 5 5 
14001000 14001031 0 -3 1 -87 -65 -49 -85 -65 -100 -182 -23 45 45 25 20 22 10 7 27 35 45 55 16 6 5 5 
14078500 14078748 0 0 0 -45 -19 0 -47 -16 -61 -143 -33 43 43 25 20 22 10 7 27 35 45 55 16 5 5 5 
14287500 14287799 0 0 0 -43 -5 0 -45 -5 -55 -137 -39 48 48 25 20 22 10 7 27 35 45 55 16 6 6 5 
14400000 14400105 0 0 0 -49 -27 0 -47 -25 -63 -145 -30 49 47 25 20 22 10 7 27 35 45 55 16 6 6 5 
14417000 14417090 0 -1 1 -104 -73 -52 -109 -74 -124 -206 -44 47 45 25 20 22 10 7 27 35 45 55 16 6 6 5 
14441500 14441675 0 2 1 -312 -289 -256 -317 -296 -344 -426 -24 53 53 25 20 22 10 7 27 35 45 55 16 7 2 5 
14450500 14451839 0 -3 1 -106 -90 -49 -69 -55 -95 -177 -17 51 50 25 20 22 10 7 27 35 45 55 16 0 3 5 
14460000 14460208 0 0 0 -59 -31 0 -55 -24 -73 -155 -40 44 41 25 20 22 10 7 27 35 45 55 16 5 1 5 
14496500 14496761 0 0 0 -40 -14 0 -38 -12 -61 -143 -39 50 58 25 20 22 10 7 27 35 45 55 16 6 6 5 
14627000 14627286 0 0 0 -46 -25 0 -44 -23 -62 -144 -27 48 45 25 20 22 10 8 28 35 45 55 16 6 6 5 
14690000 14690166 0 0 0 -55 -28 0 -52 -25 -76 -158 -27 49 49 25 20 22 10 9 29 35 45 55 16 6 6 5 
14700000 14700094 0 0 0 -63 -33 0 -60 -32 -89 -171 -28 54 48 25 20 22 10 9 29 35 45 55 16 7 6 5 
14708000 14708103 0 0 0 -60 -29 0 -61 -29 -82 -164 -29 45 44 25 20 22 10 9 29 35 45 55 16 5 6 5 
14749000 14749227 0 0 0 -38 -8 0 -41 -9 -35 -143 -30 46 43 25 20 21 10 9 29 35 45 55 16 6 5 5 
14796500 14796574 0 0 0 -26 -12 0 -22 -11 -44 -126 -10 56 56 25 20 20 10 8 28 35 45 55 16 7 7 5 
14807000 14807123 0 -1 1 -72 -58 -50 -72 -59 -96 -178 -14 55 53 25 20 20 10 8 28 35 45 55 16 5 7 5 
14826500 14826560 0 2 1 -279 -215 -267 -281 -216 -303 -385 -66 68 73 25 20 20 10 8 28 35 45 55 16 9 9 5 
14838000 14838025 0 -3 1 -44 -38 -37 -38 -35 -64 -146 -5 56 55 25 20 20 10 8 28 35 45 55 16 7 6 5 
14847500 14847507 0 0 0 -3 3 0 -2 7 -19 -101 -12 54 50 25 20 20 10 8 28 35 45 55 16 7 7 5 
14921500 14921583 0 0 0 0 21 0 4 25 -14 -96 -24 46 48 25 20 20 10 9 29 35 45 55 16 6 5 5 
15015000 15015265 0 0 0 1 18 0 1 20 0 -101 -23 46 46 25 20 21 10 10 30 35 45 55 16 6 6 5 
15214000 15214259 0 0 0 7 28 0 11 32 20 -88 -21 46 47 25 20 21 10 10 30 35 45 55 16 5 6 5 
15236500 15236725 0 -1 1 -48 -29 -55 -48 -27 -60 -142 -24 48 49 25 20 21 10 10 30 35 45 55 16 6 6 5 
15245000 15245202 0 2 1 -128 -113 -134 -129 -114 -150 -232 -19 48 45 25 20 21 10 10 30 35 45 55 16 6 6 5 
15251500 15251521 0 -3 1 -37 -24 -44 -36 -19 -54 -136 -18 48 48 25 20 21 10 10 30 35 45 55 16 6 5 5 
15311000 15311102 0 0 0 6 25 0 4 28 -13 -95 -26 45 46 25 20 21 10 10 30 35 45 55 16 5 6 5 
15427500 15427607 0 0 0 -8 11 0 -11 10 -33 -115 -24 46 45 25 20 21 10 10 30 35 45 55 16 6 5 5 
15444500 15444604 0 0 0 24 48 0 24 50 3 -79 -33 55 58 25 20 21 10 10 30 35 45 55 16 7 6 5 
15466000 15466006 0 0 0 3 12 0 -4 15 -28 -110 -21 57 57 25 20 21 10 10 30 35 45 55 16 6 7 5 
15534500 15534699 0 0 0 13 23 0 10 22 -10 -92 -11 52 52 25 20 21 10 10 30 35 45 55 16 6 6 5 
15604500 15604682 0 0 0 9 35 0 6 32 -11 -93 -26 50 50 25 20 21 10 10 30 35 45 55 16 6 4 5 
15659000 15659229 0 0 0 1 24 0 3 27 15 -93 -24 48 48 25 20 21 10 10 30 35 45 55 16 6 6 5 
15765000 15765174 0 0 0 -1 29 0 0 30 -26 -108 -40 61 65 25 20 21 10 10 30 35 45 55 16 3 1 5 
15782000 15782058 0 -1 1 -54 -39 -51 -51 -36 -77 -159 -17 55 53 25 20 21 10 10 30 35 45 55 16 6 7 5 
15792000 15792165 0 2 1 -137 -122 -133 -140 -125 -164 -246 -17 50 50 25 20 21 10 10 30 35 45 55 16 6 6 5 
15798000 15798171 0 -3 1 -47 -33 -43 -35 -25 -56 -138 -13 49 49 25 20 21 10 10 30 35 45 55 16 5 6 5 
15838000 15838052 0 0 0 -8 21 0 -4 23 -28 -110 -30 46 46 25 20 21 10 10 30 35 45 55 16 5 6 5 
15893500 15893640 0 0 0 -17 8 0 -17 8 -33 -115 -27 45 45 25 20 21 10 10 30 35 45 55 16 5 6 5 
15918000 15918057 0 0 0 30 39 0 32 39 15 -67 -3 51 52 25 20 21 10 10 30 35 45 55 16 5 6 5 
15931000 15931321 0 0 0 22 38 0 24 39 7 -75 -16 47 45 25 20 21 10 10 30 35 45 55 16 6 6 5 
16002000 16002138 0 0 0 3 26 0 -2 22 -23 -105 -25 46 46 25 20 21 10 10 30 35 45 55 16 6 6 5 
16143500 16143713 0 0 0 13 23 0 21 25 -1 -83 -6 47 47 25 20 21 10 10 30 35 45 55 16 6 6 5 
16166000 16166322 0 0 0 14 30 0 14 26 -4 -86 -12 49 47 25 20 21 10 10 30 35 45 55 16 6 6 5 
16244500 16244696 0 0 0 39 49 0 42 50 26 -56 -8 52 52 25 20 21 10 10 30 35 45 55 16 6 6 5 
16341500 16341775 0 0 0 13 25 0 14 26 19 -89 -16 50 50 25 20 22 10 9 29 35 45 55 16 6 6 5 
16351000 16351198 0 0 0 -24 10 0 -18 11 -21 -129 -26 74 79 25 20 22 10 9 29 35 45 55 16 3 5 5 
16368500 16368556 0 0 0 2 24 0 9 28 -6 -88 -17 49 49 25 20 22 10 9 29 35 45 55 16 6 6 5 
16421500 16421728 0 0 0 -57 -26 0 -59 -30 -43 -151 -35 44 44 25 20 23 10 8 28 35 45 55 16 5 5 5 
16470500 16470556 0 0 0 -51 -16 0 -59 -20 -77 -159 -39 44 44 25 20 22 10 8 28 35 45 55 16 5 5 5 
16520500 16520754 0 0 0 -50 -16 0 -54 -20 -46 -154 -35 44 43 25 20 21 10 8 28 35 45 55 16 5 3 5 
16531500 16531679 0 0 0 -2 20 0 -2 23 -21 -103 -25 53 49 25 20 21 10 8 28 35 45 55 16 7 6 5 
16545000 16545181 0 0 0 -1 26 0 -4 23 -21 -103 -27 47 49 25 20 20 10 8 28 35 45 55 16 6 6 5 
16556000 16556058 0 0 0 -25 7 0 -16 15 -31 -113 -30 44 44 25 20 20 10 8 28 35 45 55 16 5 5 5 
16564500 16564718 0 0 0 -38 -6 0 -35 -6 -55 -137 -29 64 69 25 20 20 10 8 28 35 45 55 16 6 7 5 
16577000 16577063 0 -1 1 -83 -37 -51 -88 -41 -108 -190 -50 65 66 25 20 20 10 8 28 35 45 55 16 8 8 5 
16587500 16587681 0 2 1 -238 -178 -212 -239 -183 -259 -341 -66 71 74 25 20 20 10 8 28 35 45 55 16 8 7 5 
16599500 16599596 0 -3 1 -64 -33 -45 -60 -30 -92 -174 -44 65 66 25 20 20 10 8 28 35 45 55 16 9 7 5 
16625500 16625563 0 0 0 -5 35 0 -4 35 -30 -112 -45 59 65 25 20 19 10 8 28 35 45 55 16 7 7 5 
16712000 16712020 0 0 0 -1 33 0 2 34 -30 -112 -29 61 62 25 20 19 10 9 29 35 45 55 16 8 8 5 
16746500 16746823 0 0 0 15 18 0 22 22 36 -72 6 57 52 25 20 20 10 10 30 35 45 55 16 6 7 5 
16764000 16764206 0 -1 1 -36 4 -51 -42 0 -71 -153 -28 67 69 25 20 21 10 11 31 35 45 55 16 8 9 5 
16802000 16802076 0 2 1 -264 -183 -278 -265 -184 -306 -388 -78 70 72 25 20 20 10 9 29 35 45 55 16 9 9 5 
16810500 16810515 0 -3 1 -27 14 -41 -27 16 -54 -136 -31 68 66 25 20 20 10 9 29 35 45 55 16 8 8 5 
16832000 16832222 0 0 0 14 30 0 18 35 -8 -90 -20 57 57 25 20 19 10 9 29 35 45 55 16 5 7 5 
16915000 16915238 0 0 0 17 38 0 19 38 -4 -86 -12 52 51 25 20 19 10 10 30 35 45 55 16 6 6 5 
16947000 16947192 0 0 0 14 40 0 12 38 -6 -88 -18 53 51 25 20 19 10 10 30 35 45 55 16 6 7 5 
16961000 16961114 0 0 0 21 35 0 17 33 -3 -85 -9 53 51 25 20 19 10 10 30 35 45 55 16 7 7 5 
17019500 17019598 0 0 0 1 19 0 0 16 -17 -99 -8 53 53 25 20 19 10 11 31 35 45 55 16 7 7 5 
17126000 17126480 0 0 0 10 33 0 9 35 -15 -97 -21 51 51 25 20 20 10 12 32 35 45 55 16 5 6 5 
17240500 17240522 0 0 0 4 22 0 5 21 -13 -95 -7 52 50 25 20 20 10 11 31 35 45 55 16 5 6 5 
17374000 17374393 0 0 0 0 35 0 -4 32 -30 -112 -30 51 50 25 20 20 10 11 31 35 45 55 16 4 6 5 
17391500 17391670 0 0 0 21 33 0 20 36 1 -81 -6 52 51 25 20 20 10 11 31 35 45 55 16 6 6 5 
17400500 17400588 0 0 0 -9 15 0 -10 14 -40 -122 -28 61 60 25 20 20 10 11 31 35 45 55 16 9 5 5 
17410000 17410100 0 0 0 -5 22 0 -3 20 -25 -107 -22 49 47 25 20 20 10 11 31 35 45 55 16 5 3 5 
17516500 17516694 0 0 0 0 26 0 0 25 8 -100 -17 53 51 25 20 20 10 11 31 35 45 55 16 6 6 5 
17541000 17541163 0 0 0 18 40 0 16 42 -4 -86 -22 57 55 25 20 20 10 11 31 35 45 55 16 8 7 5 
17620000 17620100 0 0 0 13 43 0 12 42 -7 -89 -27 58 57 25 20 21 10 10 30 35 45 55 16 7 7 5 
17748000 17748156 0 0 0 24 37 0 24 35 35 -73 -10 52 50 25 20 21 10 9 29 35 45 55 16 6 6 5 
17760000 17760744 0 0 0 -26 22 0 -25 27 -57 -139 -52 66 74 25 20 21 10 9 29 35 45 55 16 5 5 5 
17771500 17771732 0 0 0 5 28 0 10 32 -10 -92 -22 59 54 25 20 21 10 9 29 35 45 55 16 6 6 5 
17786500 17786542 0 0 0 -45 11 0 -51 7 -76 -158 -57 68 71 25 20 20 10 9 29 35 45 55 16 8 4 5 
17793500 17793772 0 0 0 -17 16 0 -15 19 -31 -113 -33 59 55 25 20 20 10 9 29 35 45 55 16 6 6 5 
17802000 17802156 0 0 0 -42 4 0 -45 3 -75 -157 -47 66 64 25 20 20 10 9 29 35 45 55 16 8 8 5 
17812000 17812012 0 0 0 -55 -6 0 -61 -11 -90 -172 -43 79 79 25 20 20 10 9 29 35 45 55 16 9 10 5 
17829500 17829643 0 0 0 -80 -21 0 -80 -20 -84 -192 -53 71 69 25 20 20 10 9 29 35 45 55 16 9 9 5 
17906000 17906209 0 0 0 -63 -1 0 -59 1 -95 -177 -54 74 74 25 20 19 10 9 29 35 45 55 16 8 7 5 
17951500 17951574 0 0 0 -97 -27 0 -98 -28 -121 -203 -57 68 67 25 20 18 10 9 29 35 45 55 16 9 9 5 
17965000 17965098 0 0 0 -91 -8 0 -94 -8 -117 -199 -78 71 74 25 20 18 10 9 29 35 45 55 16 8 9 5 
17972500 17972587 0 13 0 -32 11 -12 -18 22 -39 -121 -37 63 61 25 20 18 10 9 29 35 45 55 16 6 7 5 
17976500 17976616 0 0 0 18 41 0 15 39 -8 -90 -22 59 60 25 20 18 10 9 29 35 45 55 16 7 3 5 
18045000 18045117 0 0 0 1 24 0 2 27 -17 -99 -25 58 57 25 20 18 10 9 29 35 45 55 16 7 7 5 
18171500 18171646 0 0 0 9 16 0 13 21 -1 -83 -8 60 58 25 20 18 10 9 29 35 45 55 16 7 8 5 
18258500 18258622 0 0 0 13 25 0 6 20 -12 -94 -15 57 55 25 20 18 10 9 29 35 45 55 16 7 7 5 
18318000 18318058 0 0 0 -5 22 0 -2 24 3 -105 -27 63 65 25 20 18 10 8 28 35 45 55 16 8 8 5 
18331000 18331048 0 0 0 -35 13 0 -42 14 -64 -146 -58 73 70 25 20 18 10 8 28 35 45 55 16 9 9 5 
18406500 18406688 0 0 0 -58 -40 0 -59 -38 -78 -160 -28 79 82 25 20 18 10 7 27 35 45 55 16 9 10 5 
18421000 18421125 0 0 0 -30 -2 0 -25 3 -39 -121 -26 66 65 25 20 18 10 7 27 35 45 55 16 8 8 5 
18426500 18426662 0 0 0 -32 -16 0 -37 -22 -54 -136 -29 68 64 25 20 18 10 7 27 35 45 55 16 8 8 5 
18482000 18482178 0 0 0 -48 -3 0 -52 -7 -70 -152 -41 84 86 25 20 18 10 7 27 35 45 55 16 9 11 5 
18539000 18539102 0 -1 1 -84 -28 -52 -95 -43 -140 -222 -62 88 81 25 20 18 10 7 27 35 45 55 16 9 10 5 
18569000 18569170 0 2 1 -122 -50 -98 -125 -46 -158 -240 -77 72 73 25 20 18 10 8 28 35 45 55 16 9 8 5 
18577500 18577528 0 -3 1 -72 -14 -50 -67 -15 -102 -184 -52 72 74 25 20 18 10 8 28 35 45 55 16 9 8 5 
18608500 18609062 0 0 0 -13 22 0 -10 22 -35 -117 -34 67 65 25 20 18 10 8 28 35 45 55 16 0 8 5 
18708500 18708758 0 0 0 -6 34 0 -7 34 -32 -114 -42 57 56 25 20 18 10 8 28 35 45 55 16 7 7 5 
18808000 18808113 0 0 0 -5 29 0 -8 28 -24 -106 -36 56 57 25 20 18 10 8 28 35 45 55 16 6 7 5 
19018000 19018220 0 0 0 5 31 0 8 35 -9 -91 -26 53 51 25 20 18 10 8 28 35 45 55 16 7 7 5 
19161500 19161702 0 0 0 4 32 0 0 29 -22 -104 -28 58 58 25 20 18 10 8 28 35 45 55 16 7 7 5 
19253500 19253524 0 0 0 -9 22 0 -8 21 -31 -113 -29 60 57 25 20 18 10 8 28 35 45 55 16 8 7 5 
19310500 19310935 0 0 0 2 39 0 9 49 -33 -115 -40 61 56 25 20 19 10 8 28 35 45 55 16 5 2 5 
19333000 19333260 0 0 0 -7 26 0 -8 24 -32 -114 -33 55 54 25 20 19 10 8 28 35 45 55 16 7 7 5 
19404500 19404685 0 0 0 -6 19 0 -5 20 -27 -109 -27 55 56 25 20 19 10 8 28 35 45 55 16 7 5 5 
19447500 19447669 0 0 0 -16 22 0 -15 28 -41 -123 -43 51 53 25 20 20 10 8 28 35 45 55 16 3 6 5 
19529000 19529171 0 0 0 16 47 0 18 48 -2 -84 -30 56 59 25 20 21 10 8 28 35 45 55 16 7 7 5 
19597500 19597593 0 0 0 14 54 0 5 54 3 -79 -42 52 51 25 20 21 10 8 28 35 45 55 16 2 1 5 
19608000 19608086 0 0 0 13 49 0 14 51 -13 -95 -31 49 47 25 20 21 10 8 28 35 45 55 16 6 6 5 
19732500 19732668 0 0 0 2 47 0 0 47 -20 -102 -40 49 46 25 20 22 10 8 28 35 45 55 16 5 4 5 
19741000 19741737 0 0 0 -20 27 0 -20 29 -59 -141 -43 59 69 25 20 22 10 8 28 35 45 55 16 1 8 5 
19797000 19797130 0 0 0 -8 29 0 -5 30 -28 -110 -27 48 50 25 20 22 10 8 28 35 45 55 16 6 6 5 
19979000 19979385 0 0 0 -6 37 0 -5 37 -23 -105 -42 46 46 25 20 22 10 8 28 35 45 55 16 3 5 5 
20065500 20065609 0 0 0 -4 42 0 -7 41 -21 -103 -47 46 47 25 20 22 10 8 28 35 45 55 16 6 6 5 
20085000 20085271 0 0 0 -13 24 0 -15 21 -36 -118 -36 47 47 25 20 22 10 8 28 35 45 55 16 5 6 5 
20103000 20103199 0 0 0 -22 2 0 -22 0 -51 -133 -23 49 49 25 20 22 10 8 28 35 45 55 16 6 6 5 
20113500 20113744 0 0 0 -26 6 0 -30 1 -47 -129 -31 46 46 25 20 22 10 8 28 35 45 55 16 5 6 5 
20141500 20141618 0 0 0 -32 -9 0 -35 -13 -57 -139 -22 42 42 25 20 22 10 8 28 35 45 55 16 5 5 5 
20175000 20175987 0 0 0 30 60 0 31 66 0 -82 -37 50 50 25 20 22 10 8 28 35 45 55 16 3 4 5 
20250000 20251431 0 0 0 2 34 0 5 30 -21 -103 -26 56 61 25 20 22 10 8 28 35 45 55 16 0 7 5 
20340000 20340303 0 0 0 -19 22 0 -20 22 -16 -98 -42 46 47 25 20 22 10 8 28 35 45 55 16 6 6 5 
20354000 20354056 0 0 0 12 38 0 14 40 -2 -84 -25 49 47 25 20 22 10 8 28 35 45 55 16 6 6 5 
20380500 20380784 0 0 0 12 40 0 9 37 -2 -84 -28 53 51 25 20 22 10 8 28 35 45 55 16 7 6 5 
20439500 20439628 0 0 0 34 60 0 30 59 19 -63 -29 52 52 25 20 22 10 8 28 35 45 55 16 6 6 5 
20547000 20547131 0 0 0 38 67 0 40 68 23 -59 -28 50 51 25 20 22 10 8 28 35 45 55 16 6 6 5 
20603500 20603646 0 0 0 -18 13 0 -24 11 -45 -127 -34 52 49 25 20 22 10 8 28 35 45 55 16 6 5 5 
20624000 20624317 0 0 0 -19 27 0 -18 24 -39 -121 -38 47 49 25 20 22 10 8 28 35 45 55 16 6 6 5 
20655000 20655030 0 0 0 -44 0 0 -43 3 -66 -148 -42 45 45 25 20 22 10 8 28 35 45 55 16 6 5 5 
45000 45201 1 0 0 7 9 0 12 11 -36 145 3 60 58 25 20 18 10 7 27 35 45 55 16 8 4 5 
133000 133136 1 0 0 2 -28 0 -2 -31 -49 132 29 61 57 25 20 18 10 7 27 35 45 55 16 8 7 5 
168500 168884 1 0 0 -18 -24 0 -19 -23 -68 113 2 59 58 25 20 18 10 7 27 35 45 55 16 5 7 5 
193500 193700 1 0 -1 0 0 0 0 0 0 145 0 59 59 25 20 18 10 8 28 35 45 55 16 7 7 5 
272000 272185 1 0 0 0 -20 0 -6 -21 -55 126 14 65 66 25 20 18 10 9 29 35 45 55 16 9 8 5 
450000 450221 1 0 0 5 -11 0 2 -12 -47 134 14 63 64 25 20 18 10 8 28 35 45 55 16 8 8 5 
476000 476089 1 0 0 -33 -36 0 -33 -36 -81 100 2 63 63 25 20 18 10 8 28 35 45 55 16 8 8 5 
516500 516627 1 0 0 -36 -45 0 -34 -45 -83 98 11 63 60 25 20 18 10 8 28 35 45 55 16 4 8 5 
528000 528140 1 0 0 -3 -41 0 -10 -50 -59 122 40 70 75 25 20 18 10 8 28 35 45 55 16 8 8 5 
561500 561703 1 0 0 -12 -47 0 -10 -47 -59 122 39 66 65 25 20 18 10 8 28 35 45 55 16 8 8 5 
607500 607629 1 0 0 -12 -60 0 -13 -64 -13 121 51 70 69 25 20 18 10 8 28 35 45 55 16 8 8 5 
652500 652694 1 0 0 -61 -94 0 -60 -96 -108 73 36 69 68 25 20 18 10 8 28 35 45 55 16 9 9 5 
728500 728546 1 0 0 -30 -57 0 -29 -57 -77 104 27 71 70 25 20 18 10 8 28 35 45 55 16 8 9 5 
838000 838182 1 0 0 -17 -56 0 -23 -59 -71 110 36 70 75 25 20 18 10 8 28 35 45 55 16 9 9 5 
851000 851036 1 -1 1 13 -45 53 19 -41 -29 152 61 75 76 25 20 18 10 8 28 35 45 55 16 10 10 5 
871500 871577 1 2 1 214 146 287 223 162 175 356 60 77 78 25 20 18 10 8 28 35 45 55 16 9 8 5 
883000 883126 1 -3 1 -44 -89 49 -47 -94 -97 84 45 66 66 25 20 18 10 8 28 35 45 55 16 8 7 5 
902500 902690 1 0 0 -126 -117 0 -129 -118 -178 3 -11 62 62 25 20 18 10 7 27 35 45 55 16 8 7 5 
928500 928599 1 0 0 -120 -100 0 -121 -100 -170 11 -21 64 63 25 20 18 10 7 27 35 45 55 16 8 7 5 
969500 969509 1 0 0 -73 8 0 -74 7 -76 58 -82 74 80 25 20 18 10 6 26 35 45 55 16 9 9 5 
1040500 1040727 1 0 0 -50 -45 0 -49 -45 -98 83 -5 63 63 25 20 18 10 6 26 35 45 55 16 8 8 5 
1089500 1089632 1 0 0 -33 -17 0 -34 -17 -84 97 -18 77 82 25 20 19 10 7 27 35 45 55 16 10 9 5 
1464500 1464738 1 0 0 -43 -55 0 -47 -58 -95 86 12 70 69 25 20 20 10 8 28 35 45 55 16 6 9 5 
1530000 1530077 1 0 0 -86 -90 0 -92 -93 -142 39 0 62 61 25 20 20 10 8 28 35 45 55 16 8 8 5 
1583500 1583501 1 0 0 -47 -29 0 -46 -23 -94 87 -23 69 69 25 20 20 10 8 28 35 45 55 16 9 9 5 
1605000 1605152 1 0 0 -67 -67 0 -73 -72 -76 58 -2 64 61 25 20 20 10 8 28 35 45 55 16 8 7 5 
1610500 1610715 1 13 0 1 -11 37 10 2 8 142 8 70 70 25 20 20 10 8 28 35 45 55 16 6 7 5 
1616000 1616167 1 0 0 -5 -36 0 -11 -33 -12 122 24 67 63 25 20 20 10 8 28 35 45 55 16 8 9 5 
1635000 1635019 1 0 0 9 -4 0 8 -2 6 140 9 68 72 25 20 20 10 8 28 35 45 55 16 9 9 5 
1711000 1711169 1 0 0 -1 -9 0 7 2 7 141 5 74 80 25 20 20 10 8 28 35 45 55 16 8 4 5 
1728000 1728085 1 0 0 -38 -33 0 -43 -36 -92 89 -7 59 58 25 20 20 10 8 28 35 45 55 16 7 7 5 
1771000 1771057 1 0 0 -51 -61 0 -49 -59 -99 82 10 64 70 25 20 20 10 8 28 35 45 55 16 1 6 5 
1780500 1780650 1 13 0 -108 -104 -28 -115 -111 -163 18 -3 57 54 25 20 20 10 8 28 35 45 55 16 7 7 5 
1792500 1792658 1 0 0 -116 -170 0 -117 -174 -165 16 58 54 60 25 20 20 10 9 29 35 45 55 16 6 6 5 
1961000 1961113 1 0 0 -88 -127 0 -86 -130 -134 47 44 52 53 25 20 21 10 10 30 35 45 55 16 6 4 5 
1989500 1989567 1 0 0 -93 -130 0 -96 -130 -143 38 36 55 51 25 20 21 10 10 30 35 45 55 16 7 1 5 
1996000 1996823 1 13 0 -53 -75 -9 -22 -58 -71 110 37 65 68 25 20 21 10 10 30 35 45 55 16 1 3 5 
2002500 2002550 1 0 0 6 -37 0 4 -42 -45 136 46 67 64 25 20 21 10 10 30 35 45 55 16 7 8 5 
2022500 2022667 1 0 0 -55 -91 0 -54 -95 -104 77 39 56 56 25 20 21 10 10 30 35 45 55 16 7 7 5 
2033000 2033165 1 -1 1 -8 -52 56 -4 -54 -53 128 50 56 55 25 20 21 10 10 30 35 45 55 16 7 7 5 
2047500 2047733 1 2 1 262 269 338 260 270 212 393 -9 58 58 25 20 21 10 10 30 35 45 55 16 7 7 5 
2060500 2060528 1 -3 1 -47 -31 41 -55 -37 -103 78 -17 56 56 25 20 21 10 10 30 35 45 55 16 7 6 5 
2065000 2065070 1 0 0 -91 -105 0 -91 -103 -139 42 11 56 57 25 20 21 10 10 30 35 45 55 16 7 7 5 
2075000 2075113 1 0 0 -26 -125 0 -27 -126 -75 106 99 54 54 25 20 21 10 10 30 35 45 55 16 7 7 5 
2128000 2128034 1 0 0 -58 -109 0 -55 -105 -105 76 49 52 51 25 20 21 10 10 30 35 45 55 16 6 6 5 
2243500 2243760 1 0 0 -41 -100 0 -45 -107 -94 87 62 52 54 25 20 21 10 10 30 35 45 55 16 6 7 5 
2274000 2274258 1 -1 1 12 -41 52 14 -38 -34 147 54 55 54 25 20 21 10 10 30 35 45 55 16 7 7 5 
2282500 2282757 1 2 1 82 41 122 81 38 34 215 43 54 53 25 20 21 10 10 30 35 45 55 16 7 7 5 
2288500 2288627 1 -3 1 2 -57 42 -3 -64 -52 129 61 53 52 25 20 21 10 10 30 35 45 55 16 7 7 5 
2312000 2312029 1 0 0 -40 -74 0 -44 -67 -95 86 22 51 51 25 20 21 10 10 30 35 45 55 16 6 6 5 
2493000 2493189 1 0 0 -62 -109 0 -64 -107 -113 68 44 51 51 25 20 21 10 10 30 35 45 55 16 6 6 5 
2763500 2763552 1 0 0 -100 -124 0 -102 -125 -149 32 22 56 56 25 20 21 10 10 30 35 45 55 16 7 7 5 
2811000 2811067 1 -1 1 -41 -56 59 -49 -63 -95 86 15 57 57 25 20 21 10 10 30 35 45 55 16 7 7 5 
2843000 2843169 1 2 1 650 705 750 648 709 599 780 -61 62 62 25 20 21 10 10 30 35 45 55 16 8 8 5 
2854000 2854205 1 -3 1 -55 -48 45 -67 -64 -116 65 -4 58 58 25 20 21 10 10 30 35 45 55 16 7 7 5 
2859000 2859192 1 0 0 -100 -151 0 -100 -157 -148 33 58 56 56 25 20 21 10 10 30 35 45 55 16 7 7 5 
2889500 2889732 1 0 0 -57 -162 0 -58 -165 -107 74 107 54 52 25 20 21 10 10 30 35 45 55 16 7 7 5 
2981500 2981549 1 0 0 -51 -71 0 -52 -71 -55 79 17 63 61 25 20 21 10 10 30 35 45 55 16 3 8 5 
3073000 3073148 1 0 0 -94 -102 0 -85 -100 -134 47 15 58 57 25 20 21 10 10 30 35 45 55 16 6 7 5 
3151000 3151213 1 0 0 -53 -59 0 -54 -60 -103 78 7 60 62 25 20 21 10 10 30 35 45 55 16 7 8 5 
3172500 3172597 1 -1 1 -8 6 53 -23 -6 -72 109 -17 58 56 25 20 21 10 10 30 35 45 55 16 7 7 5 
3188500 3188521 1 2 1 384 374 451 395 378 346 527 15 63 66 25 20 21 10 10 30 35 45 55 16 5 8 5 
3202500 3204121 1 -3 1 -118 -101 -45 -77 -83 -125 56 5 57 59 25 20 21 10 10 30 35 45 55 16 0 4 5 
3221500 3221754 1 0 0 -80 -94 0 -80 -99 -129 52 19 51 50 25 20 21 10 10 30 35 45 55 16 6 5 5 
3347000 3347081 1 0 0 -86 -148 0 -87 -153 -135 46 67 52 51 25 20 21 10 10 30 35 45 55 16 7 6 5 
3496000 3496238 1 0 0 -91 -140 0 -94 -153 -143 38 58 51 51 25 20 21 10 10 30 35 45 55 16 4 3 5 
3759500 3759540 1 0 0 -74 -77 0 -69 -64 -118 63 -6 57 58 25 20 21 10 10 30 35 45 55 16 7 7 5 
3886000 3886020 1 0 0 -91 -103 0 -89 -93 -137 44 4 56 57 25 20 21 10 10 30 35 45 55 16 6 4 5 
3930000 3930027 1 0 0 -35 -42 0 -38 -45 -87 94 7 60 64 25 20 21 10 10 30 35 45 55 16 7 8 5 
3958000 3958000 1 0 0 -57 -75 0 -59 -77 -108 73 18 60 59 25 20 21 10 10 30 35 45 55 16 7 7 5 
4072500 4072625 1 0 0 -87 -86 0 -90 -89 -138 43 -2 60 59 25 20 21 10 10 30 35 45 55 16 6 7 5 
4142000 4142062 1 -1 1 -18 -47 51 -22 -51 -70 111 30 64 66 25 20 21 10 10 30 35 45 55 16 7 8 5 
4144500 4144662 1 15 0 2 -15 70 3 -9 1 135 12 63 61 25 20 21 10 10 30 35 45 55 16 8 2 5 
4174000 4176176 1 16 0 48 73 109 50 78 49 183 -28 61 68 25 20 21 10 10 30 35 45 55 16 0 5 5 
4184500 4184587 1 2 1 -174 -165 -116 -184 -171 -233 -52 -13 62 61 25 20 21 10 10 30 35 45 55 16 8 8 5 
4188000 4188135 1 -3 1 -100 -153 -43 -91 -152 -138 43 62 62 64 25 20 21 10 10 30 35 45 55 16 8 7 5 
4215000 4215138 1 0 0 -50 -150 0 -51 -153 -100 81 104 54 57 25 20 21 10 10 30 35 45 55 16 7 6 5 
4274000 4274163 1 0 0 -125 -183 0 -122 -186 -172 9 62 54 52 25 20 21 10 10 30 35 45 55 16 6 7 5 
4317500 4317748 1 0 0 -136 -163 0 -135 -168 -185 -4 32 55 54 25 20 21 10 10 30 35 45 55 16 6 7 5 
4330000 4330180 1 -1 1 -68 -78 53 -72 -76 -121 60 4 56 56 25 20 21 10 10 30 35 45 55 16 7 7 5 
4344000 4344167 1 2 1 388 406 492 390 411 340 521 -22 59 61 25 20 21 10 10 30 35 45 55 16 7 5 5 
4369500 4369978 1 -3 1 -121 -105 -48 -111 -95 -159 22 -15 61 62 25 20 21 10 10 30 35 45 55 16 2 5 5 
4396000 4396167 1 0 0 -42 -134 0 -48 -143 -95 86 98 53 52 25 20 21 10 10 30 35 45 55 16 6 7 5 
4610500 4610676 1 0 0 -105 -106 0 -110 -100 -157 24 -9 51 51 25 20 20 10 9 29 35 45 55 16 6 6 5 
4670500 4670539 1 0 0 -58 -111 0 -61 -119 -109 72 58 52 51 25 20 20 10 9 29 35 45 55 16 5 6 5 
4769000 4769229 1 0 0 -61 -136 0 -61 -138 -109 72 76 53 55 25 20 20 10 9 29 35 45 55 16 7 7 5 
4937000 4937442 1 0 0 -4 -45 0 -3 -47 -4 130 46 66 63 25 20 20 10 9 29 35 45 55 16 4 8 5 
4985500 4985691 1 0 0 -57 -68 0 -62 -70 -111 70 8 60 62 25 20 20 10 8 28 35 45 55 16 4 6 5 
4996500 4996592 1 -1 1 -6 -42 52 -4 -41 -53 128 37 62 62 25 20 20 10 8 28 35 45 55 16 8 7 5 
5018500 5018660 1 2 1 172 132 232 174 131 126 307 44 63 65 25 20 20 10 7 27 35 45 55 16 8 6 5 
5026000 5026099 1 -3 1 -14 -28 47 -18 -38 -66 115 20 60 62 25 20 20 10 7 27 35 45 55 16 2 4 5 
5159000 5159039 1 0 0 -75 -100 0 -76 -100 -124 57 24 71 75 25 20 20 10 8 28 35 45 55 16 9 9 5 
5164500 5164527 1 -1 1 -27 -74 52 -32 -79 -80 101 48 73 74 25 20 20 10 8 28 35 45 55 16 9 9 5 
5184500 5184685 1 2 1 534 427 630 544 438 496 677 105 74 72 25 20 20 10 8 28 35 45 55 16 10 8 5 
5209000 5209223 1 -3 1 -165 -219 -50 -166 -215 -214 -33 50 65 65 25 20 20 10 8 28 35 45 55 16 8 7 5 
5222000 5222715 1 0 0 -126 -157 0 -133 -164 -182 -1 30 60 57 25 20 20 10 8 28 35 45 55 16 5 7 5 
5238500 5238522 1 0 0 -141 -163 0 -144 -164 -192 -11 19 68 68 25 20 20 10 8 28 35 45 55 16 8 9 5 
5254500 5254625 1 0 0 -77 -113 0 -80 -117 -128 53 38 61 65 25 20 19 10 9 29 35 45 55 16 8 7 5 
5293000 5293129 1 0 0 -85 -84 0 -83 -85 -131 50 3 69 71 25 20 19 10 9 29 35 45 55 16 6 4 5 
5338000 5338026 1 0 0 -72 -77 0 -78 -78 -127 54 -1 71 78 25 20 18 10 9 29 35 45 55 16 3 8 5 
5343500 5343668 1 -1 1 -22 -44 56 -26 -48 -75 106 22 72 79 25 20 18 10 9 29 35 45 55 16 9 9 5 
5364000 5364083 1 2 1 660 577 759 670 588 620 801 82 73 74 25 20 18 10 7 27 35 45 55 16 10 8 5 
5375000 5375451 1 -3 1 -73 -47 36 -92 -66 -141 40 -26 63 56 25 20 17 10 7 27 35 45 55 16 1 1 5 
5408500 5408867 1 0 0 -143 -138 0 -138 -129 -186 -5 -8 71 71 25 20 17 10 7 27 35 45 55 16 4 5 5 
5437500 5437668 1 0 0 -61 -36 0 -61 -44 -108 73 -15 71 67 25 20 17 10 7 27 35 45 55 16 4 9 5 
5554000 5554114 1 0 0 -53 -29 0 -56 -29 -104 77 -26 66 66 25 20 17 10 7 27 35 45 55 16 8 8 5 
5606000 5606114 1 0 0 -50 -66 0 -44 -65 -47 87 19 66 62 25 20 17 10 8 28 35 45 55 16 5 8 5 
5612000 5612135 1 -1 1 1 -15 61 -1 -14 -2 132 14 64 61 25 20 17 10 8 28 35 45 55 16 8 8 5 
5626500 5626555 1 2 1 350 273 436 360 281 359 493 79 71 71 25 20 17 10 8 28 35 45 55 16 9 6 5 
5638000 5638069 1 -3 1 -58 -75 48 -68 -83 -70 64 15 65 62 25 20 17 10 8 28 35 45 55 16 8 8 5 
5660500 5660719 1 0 0 -145 -159 0 -146 -159 -194 -13 14 62 60 25 20 17 10 8 28 35 45 55 16 8 8 5 
5720500 5720621 1 0 0 -102 -107 0 -104 -105 -105 29 1 66 69 25 20 17 10 8 28 35 45 55 16 8 8 5 
5769500 5769579 1 0 0 -74 -90 0 -73 -90 -124 57 16 66 61 25 20 17 10 8 28 35 45 55 16 7 8 5 
5864000 5864126 1 0 0 -79 -73 0 -83 -78 -83 51 -5 70 65 25 20 17 10 8 28 35 45 55 16 9 7 5 
5886500 5886538 1 0 0 -46 -86 0 -47 -88 -50 84 40 60 60 25 20 17 10 8 28 35 45 55 16 6 7 5 
5923000 5923216 1 0 0 -46 -94 0 -46 -97 -48 86 50 63 64 25 20 17 10 8 28 35 45 55 16 8 8 5 
5938000 5938063 1 0 0 -73 -63 0 -80 -65 -81 53 -16 68 65 25 20 17 10 8 28 35 45 55 16 7 8 5 
6069500 6069644 1 0 0 -94 -90 0 -97 -91 -97 37 -6 66 64 25 20 17 10 8 28 35 45 55 16 8 8 5 
6154500 6154742 1 0 0 -71 -65 0 -65 -63 -65 69 -2 67 67 25 20 17 10 8 28 35 45 55 16 7 9 5 
6214000 6214116 1 0 0 -71 -83 0 -75 -88 -124 57 12 67 68 25 20 17 10 8 28 35 45 55 16 8 8 5 
6258500 6258742 1 0 0 -151 -161 0 -156 -161 -157 -23 7 59 58 25 20 17 10 7 27 35 45 55 16 7 6 5 
6298000 6298145 1 0 0 -165 -221 0 -169 -230 -170 -36 62 53 52 25 20 17 10 7 27 35 45 55 16 7 7 5 
6371500 6371752 1 0 0 -177 -176 0 -173 -172 -220 -39 -1 55 55 25 20 17 10 6 26 35 45 55 16 7 7 5 
6694500 6694656 1 0 0 -110 -99 0 -114 -103 -115 19 -11 57 56 25 20 17 10 8 28 35 45 55 16 7 7 5 
6747000 6747208 1 0 0 -99 -161 0 -96 -161 -95 39 66 53 52 25 20 17 10 8 28 35 45 55 16 7 6 5 
6763500 6763626 1 -1 1 -42 -98 56 -38 -97 -40 94 57 53 53 25 20 17 10 8 28 35 45 55 16 6 7 5 
6782500 6782633 1 2 1 310 346 408 312 349 311 445 -37 58 58 25 20 17 10 8 28 35 45 55 16 7 7 5 
6790500 6790821 1 -3 1 -55 -47 43 -104 -108 -107 27 4 55 56 25 20 17 10 8 28 35 45 55 16 1 6 5 
6810500 6810567 1 0 0 -98 -123 0 -100 -133 -151 30 32 55 55 25 20 17 10 8 28 35 45 55 16 6 5 5 
6890000 6890101 1 0 0 -169 -179 0 -170 -179 -220 -39 7 55 55 25 20 17 10 8 28 35 45 55 16 7 7 5 
6978000 6978138 1 0 0 -83 -85 0 -90 -89 -91 43 -1 57 55 25 20 17 10 8 28 35 45 55 16 7 7 5 
6983500 6984393 1 13 0 -99 -91 36 -120 -108 -122 12 -13 63 78 25 20 17 10 8 28 35 45 55 16 4 8 5 
6990000 6990008 1 0 0 -195 -164 0 -210 -178 -259 -78 -31 56 55 25 20 17 10 8 28 35 45 55 16 7 7 5 
7010500 7010583 1 0 0 -161 -135 0 -174 -146 -175 -41 -28 57 57 25 20 18 10 8 28 35 45 55 16 7 7 5 
7021000 7021147 1 13 0 -87 -88 33 -89 -88 -92 42 -1 69 64 25 20 18 10 8 28 35 45 55 16 7 7 5 
7027500 7027517 1 0 0 -95 -84 0 -95 -85 -96 38 -11 60 61 25 20 18 10 8 28 35 45 55 16 8 7 5 
7255500 7255731 1 0 0 -98 -72 0 -102 -74 -104 30 -28 59 58 25 20 20 10 7 27 35 45 55 16 6 5 5 
7276000 7276115 1 0 0 -24 -21 0 -20 -17 -21 113 -2 67 82 25 20 20 10 7 27 35 45 55 16 9 8 5 
7328500 7328560 1 0 0 -1 -36 0 -4 -42 -6 128 38 65 67 25 20 20 10 7 27 35 45 55 16 8 8 5 
7570500 7570593 1 0 0 -26 -38 0 -29 -38 -31 103 8 64 64 25 20 20 10 7 27 35 45 55 16 3 7 5 
7617000 7617187 1 0 0 -57 -57 0 -56 -56 -103 78 -1 62 63 25 20 20 10 7 27 35 45 55 16 6 2 5 
7627500 7627668 1 13 0 -19 -37 7 -19 -33 -20 114 14 69 65 25 20 20 10 7 27 35 45 55 16 5 9 5 
7649000 7649116 1 0 0 38 5 0 45 13 42 176 30 76 78 25 20 20 10 7 27 35 45 55 16 10 4 5 
7656500 7656673 1 13 0 0 -27 3 -3 -33 -4 130 31 73 72 25 20 20 10 7 27 35 45 55 16 10 9 5 
7663000 7663154 1 0 0 -39 -31 0 -41 -31 -43 91 -9 61 62 25 20 20 10 7 27 35 45 55 16 8 8 5 
7734500 7734556 1 0 0 -111 -94 0 -113 -98 -114 20 -16 51 53 25 20 20 10 7 27 35 45 55 16 6 6 5 
7796000 7796207 1 0 0 -60 -110 0 -63 -114 -64 70 52 52 52 25 20 20 10 7 27 35 45 55 16 6 6 5 
7849500 7849592 1 0 0 -78 -139 0 -82 -144 -83 51 61 53 53 25 20 20 10 7 27 35 45 55 16 7 7 5 
7878000 7878001 1 0 0 -101 -154 0 -105 -159 -105 29 55 52 52 25 20 20 10 7 27 35 45 55 16 6 5 5 
7924000 7924240 1 0 0 -125 -162 0 -132 -170 -181 0 38 54 54 25 20 20 10 7 27 35 45 55 16 7 7 5 
7953500 7953768 1 -1 1 -62 -53 52 -62 -53 -64 70 -8 57 57 25 20 20 10 7 27 35 45 55 16 7 7 5 
7963500 7963540 1 2 1 138 144 248 139 144 137 271 -5 61 62 25 20 20 10 7 27 35 45 55 16 8 7 5 
7973000 7973134 1 -3 1 -59 -18 47 -68 -26 -70 64 -42 58 57 25 20 20 10 7 27 35 45 55 16 7 7 5 
8024000 8024103 1 0 0 -87 -138 0 -88 -138 -91 43 49 54 54 25 20 20 10 7 27 35 45 55 16 6 6 5 
8073500 8073689 1 0 0 -134 -117 0 -136 -118 -139 -5 -18 52 52 25 20 20 10 7 27 35 45 55 16 6 6 5 
8177000 8177178 1 0 0 -63 -51 0 -69 -57 -71 63 -12 59 57 25 20 20 10 7 27 35 45 55 16 7 7 5 
8338000 8338100 1 0 0 -147 -172 0 -150 -176 -151 -17 27 54 52 25 20 20 10 7 27 35 45 55 16 7 7 5 
8512500 8512688 1 0 0 -88 -151 0 -89 -152 -91 43 63 53 55 25 20 20 10 7 27 35 45 55 16 7 7 5 
8666000 8666232 1 0 0 -82 -112 0 -84 -111 -85 49 28 52 51 25 20 20 10 7 27 35 45 55 16 6 6 5 
8870500 8870502 1 0 0 -62 -108 0 -62 -112 -63 71 51 53 53 25 20 20 10 7 27 35 45 55 16 6 7 5 
8900500 8900585 1 0 0 -54 -16 0 -62 -9 -64 70 -54 50 50 25 20 20 10 7 27 35 45 55 16 6 6 5 
9041500 9041674 1 0 0 -24 -58 0 -28 -55 -77 104 26 51 51 25 20 20 10 8 28 35 45 55 16 6 6 5 
9064000 9064043 1 -1 1 7 -60 53 8 -62 5 139 69 53 54 25 20 20 10 8 28 35 45 55 16 7 7 5 
9084000 9084157 1 2 1 293 304 359 300 311 297 431 -12 58 58 25 20 20 10 8 28 35 45 55 16 7 7 5 
9094500 9094964 1 -3 1 -36 -52 40 -72 -110 -72 62 38 55 54 25 20 20 10 8 28 35 45 55 16 2 5 5 
9101500 9101563 1 0 0 -83 -145 0 -79 -153 -128 53 74 52 51 25 20 20 10 8 28 35 45 55 16 7 6 5 
9133500 9133660 1 0 0 -5 -66 0 -7 -69 -8 126 62 51 51 25 20 20 10 8 28 35 45 55 16 6 6 5 
9163000 9163100 1 0 0 -42 -31 0 -40 -38 -41 93 -1 50 51 25 20 20 10 8 28 35 45 55 16 6 6 5 
9240000 9240233 1 0 0 -17 -56 0 -19 -52 -68 113 33 51 51 25 20 20 10 8 28 35 45 55 16 6 6 5 
9258500 9258687 1 0 0 -20 -54 0 -20 -64 -23 111 42 51 51 25 20 20 10 8 28 35 45 55 16 6 6 5 
9266500 9266663 1 -1 1 33 18 51 22 18 21 155 4 60 64 25 20 20 10 8 28 35 45 55 16 5 4 5 
9287000 9287007 1 2 1 485 532 495 490 539 488 622 -48 60 60 25 20 20 10 8 28 35 45 55 16 7 2 5 
9313000 9313279 1 -3 1 -52 -133 -49 -48 -126 -49 85 79 52 52 25 20 20 10 8 28 35 45 55 16 5 6 5 
9326500 9326744 1 0 0 2 -87 0 1 -91 -46 135 93 52 53 25 20 20 10 8 28 35 45 55 16 6 6 5 
9367500 9367673 1 0 0 -1 -77 0 2 -71 2 136 75 52 52 25 20 20 10 8 28 35 45 55 16 6 6 5 
9407000 9407167 1 0 0 -41 -76 0 -48 -84 -49 85 38 51 54 25 20 20 10 8 28 35 45 55 16 6 6 5 
9491500 9491614 1 0 0 -18 -22 0 -20 -25 -68 113 6 51 51 25 20 20 10 8 28 35 45 55 16 6 6 5 
9515000 9515058 1 -1 1 37 -21 56 36 -26 34 168 60 53 53 25 20 20 10 8 28 35 45 55 16 7 7 5 
9538000 9538086 1 2 1 446 471 467 447 474 448 582 -27 55 57 25 20 20 10 8 28 35 45 55 16 7 4 5 
9557000 9557019 1 -3 1 -72 -82 -49 -76 -88 -78 56 12 52 51 25 20 20 10 8 28 35 45 55 16 6 6 5 
9562500 9562576 1 0 0 -23 -43 0 -27 -54 -77 104 28 60 60 25 20 20 10 8 28 35 45 55 16 5 5 5 
9566000 9566103 1 13 0 4 -16 -5 8 -3 5 139 10 61 59 25 20 20 10 8 28 35 45 55 16 4 7 5 
9569500 9569641 1 0 0 41 -2 0 45 -2 44 178 47 56 54 25 20 20 10 8 28 35 45 55 16 3 6 5 
9596500 9596569 1 0 0 45 6 0 35 0 33 167 35 61 62 25 20 20 10 8 28 35 45 55 16 2 5 5 
9603500 9603531 1 13 0 -9 -33 -2 -7 -34 -9 125 28 67 73 25 20 20 10 8 28 35 45 55 16 7 7 5 
9607000 9607149 1 0 0 -33 -34 0 -39 -38 -40 94 0 62 56 25 20 20 10 8 28 35 45 55 16 6 7 5 
9631500 9631544 1 0 0 -13 -29 0 -8 -25 -9 125 18 69 68 25 20 20 10 8 28 35 45 55 16 4 3 5 
9643500 9643640 1 0 0 -31 -48 0 -39 -55 -41 93 16 66 66 25 20 20 10 8 28 35 45 55 16 6 7 5 
9668500 9668605 1 0 0 -46 -127 0 -45 -126 -46 88 81 52 52 25 20 20 10 8 28 35 45 55 16 6 7 5 
9719500 9719681 1 0 0 -42 -118 0 -46 -121 -47 87 75 53 55 25 20 20 10 8 28 35 45 55 16 7 7 5 
9725500 9725513 1 -1 1 19 2 56 17 4 17 151 14 57 56 25 20 20 10 8 28 35 45 55 16 7 7 5 
9746500 9746599 1 2 1 393 415 412 404 425 404 538 -21 56 57 25 20 20 10 9 29 35 45 55 16 7 4 5 
9764500 9764610 1 -3 1 -53 -64 -50 -51 -62 -53 81 10 51 51 25 20 20 10 9 29 35 45 55 16 6 6 5 
9772500 9772756 1 0 0 3 2 0 2 1 -46 135 1 50 52 25 20 21 10 9 29 35 45 55 16 6 6 5 
9789500 9790882 1 0 0 -9 -28 0 -22 -38 -70 111 15 58 62 25 20 21 10 8 28 35 45 55 16 2 4 5 
9794500 9794735 1 13 0 30 -24 -7 45 -18 44 178 64 58 64 25 20 21 10 8 28 35 45 55 16 1 7 5 
9797500 9797536 1 0 0 64 7 0 69 8 20 201 61 53 50 25 20 21 10 8 28 35 45 55 16 6 6 5 
9814500 9814760 1 0 0 81 29 0 79 28 76 210 51 49 48 25 20 22 10 8 28 35 45 55 16 6 6 5 
9874500 9874516 1 0 0 46 12 0 40 8 37 171 31 48 47 25 20 22 10 8 28 35 45 55 16 6 6 5 
9993500 9993659 1 0 0 50 14 0 48 12 46 180 35 47 46 25 20 22 10 8 28 35 45 55 16 6 6 5 
10279500 10279552 1 0 0 57 6 0 56 4 55 189 52 47 47 25 20 22 10 8 28 35 45 55 16 6 6 5 
10730500 10730647 1 0 0 38 -3 0 36 -4 34 168 40 52 66 25 20 22 10 8 28 35 45 55 16 7 6 5 
11182500 11182766 1 0 0 41 6 0 45 10 44 178 36 47 47 25 20 22 10 8 28 35 45 55 16 4 4 5 
11272500 11272811 1 0 0 39 -3 0 38 -1 37 171 39 48 47 25 20 22 10 8 28 35 45 55 16 5 6 5 
11289000 11289016 1 -1 1 73 48 53 74 50 73 207 25 53 53 25 20 22 10 8 28 35 45 55 16 6 7 5 
11313500 11314946 1 2 1 952 813 959 918 745 919 1053 175 66 75 25 20 22 10 8 28 35 45 55 16 0 5 5 
11334000 11334534 1 -3 1 2 44 32 -43 -2 -45 89 -42 52 52 25 20 22 10 8 28 35 45 55 16 0 5 5 
11339000 11339301 1 0 0 -36 -56 0 -34 -67 -34 100 33 49 47 25 20 22 10 8 28 35 45 55 16 3 6 5 
11356000 11356317 1 0 0 13 -15 0 7 -20 5 139 28 47 46 25 20 22 10 8 28 35 45 55 16 6 6 5 
11385000 11385186 1 0 0 32 30 0 31 34 30 164 -3 48 47 25 20 22 10 8 28 35 45 55 16 6 6 5 
11524000 11524191 1 0 0 -11 24 0 -7 27 -55 126 -35 48 49 25 20 22 10 10 30 35 45 55 16 6 6 5 
11542500 11542575 1 -1 1 72 60 63 71 54 70 204 17 51 51 25 20 22 10 10 30 35 45 55 16 6 6 5 
11577500 11577723 1 2 1 637 612 588 635 608 634 768 28 51 51 25 20 22 10 10 30 35 45 55 16 6 5 5 
11594500 11594757 1 -3 1 18 18 -49 20 15 20 154 5 48 49 25 20 22 10 10 30 35 45 55 16 6 6 5 
11602500 11602543 1 0 0 76 34 0 68 28 19 200 39 47 47 25 20 22 10 10 30 35 45 55 16 6 6 5 
11615000 11615101 1 0 0 14 -40 0 15 -45 -33 148 60 68 76 25 20 22 10 10 30 35 45 55 16 9 9 5 
11628000 11628209 1 0 0 37 5 0 36 0 -12 169 36 49 43 25 20 22 10 10 30 35 45 55 16 6 6 5 
11730000 11730192 1 0 0 -23 -20 0 -30 -22 -78 103 -8 46 46 25 20 22 10 10 30 35 45 55 16 5 6 5 
11774500 11774776 1 -1 1 71 62 62 65 49 63 197 15 51 53 25 20 22 10 10 30 35 45 55 16 7 4 5 
11789500 11789531 1 2 1 333 337 313 333 330 330 464 1 51 53 25 20 22 10 10 30 35 45 55 16 6 6 5 
11802500 11802500 1 -3 1 -19 22 -49 -25 17 -26 108 -40 48 49 25 20 22 10 10 30 35 45 55 16 6 6 5 
11821000 11821163 1 0 0 42 -1 0 35 -9 34 168 43 46 45 25 20 22 10 10 30 35 45 55 16 6 6 5 
11856500 11856762 1 0 0 35 20 0 34 21 -13 168 13 47 47 25 20 22 10 10 30 35 45 55 16 6 6 5 
12110500 12110502 1 0 0 -5 -24 0 -11 -30 -12 122 19 49 49 25 20 22 10 10 30 35 45 55 16 6 7 5 
12185500 12185804 1 0 0 9 5 0 12 8 -38 143 4 47 47 25 20 22 10 10 30 35 45 55 16 6 6 5 
12219500 12219586 1 0 0 -30 -11 0 -34 -11 -35 99 -23 47 51 25 20 22 10 10 30 35 45 55 16 6 6 5 
12699500 12699792 1 0 0 -30 32 0 -39 29 -41 93 -69 48 48 25 20 22 10 10 30 35 45 55 16 6 6 5 
12754500 12754571 1 0 0 -34 -22 0 -41 -27 -43 91 -14 55 50 25 20 22 10 10 30 35 45 55 16 6 6 5 
12808000 12808183 1 0 0 1 10 0 2 16 2 136 -14 47 48 25 20 22 10 10 30 35 45 55 16 6 5 5 
12982500 12982626 1 0 0 -25 -13 0 -26 -13 -28 106 -13 50 49 25 20 23 10 10 30 35 45 55 16 6 6 5 
13302000 13302142 1 0 0 0 -13 0 -6 -22 -7 127 15 47 45 25 20 22 10 10 30 35 45 55 16 6 5 5 
13335500 13335670 1 -1 1 52 54 53 56 59 56 190 -1 47 49 25 20 22 10 10 30 35 45 55 16 6 6 5 
13358000 13358210 1 2 1 429 424 431 438 435 439 573 3 54 52 25 20 22 10 10 30 35 45 55 16 7 0 5 
13385000 13388561 1 -3 1 42 81 44 -13 32 -13 121 -46 52 49 25 20 22 10 10 30 35 45 55 16 0 6 5 
13503000 13503252 1 0 0 -5 -13 0 -10 -20 -12 122 9 46 45 25 20 22 10 10 30 35 45 55 16 6 6 5 
13552000 13552072 1 -1 1 56 72 58 55 72 51 185 -18 48 51 25 20 22 10 10 30 35 45 55 16 6 5 5 
13584500 13584671 1 2 1 568 576 568 577 584 576 710 -7 51 49 25 20 22 10 10 30 35 45 55 16 6 5 5 
13594500 13594604 1 -3 1 40 81 40 2 46 2 136 -43 49 49 25 20 22 10 10 30 35 45 55 16 0 6 5 
13759500 13759760 1 0 0 12 11 0 11 7 10 144 5 47 46 25 20 22 10 10 30 35 45 55 16 6 6 5 
13780000 13780063 1 -1 1 59 85 53 56 85 55 189 -28 50 48 25 20 22 10 10 30 35 45 55 16 6 6 5 
13791500 13791609 1 2 1 232 222 229 231 215 230 364 16 52 54 25 20 22 10 10 30 35 45 55 16 6 7 5 
13799000 13799093 1 -3 1 41 79 39 32 78 29 163 -46 50 49 25 20 22 10 10 30 35 45 55 16 3 5 5 
13817000 13817080 1 0 0 -3 -30 0 -7 -33 -55 126 27 67 68 25 20 22 10 9 29 35 45 55 16 7 8 5 
13829000 13829203 1 13 0 65 23 15 63 20 59 193 42 55 49 25 20 23 10 9 29 35 45 55 16 8 6 5 
13836500 13836794 1 0 0 83 43 0 80 39 31 212 41 46 49 25 20 23 10 9 29 35 45 55 16 6 6 5 
13943500 13943648 1 0 0 59 28 0 61 30 12 193 30 43 42 25 20 24 10 7 27 35 45 55 16 5 5 5 
13984500 13984832 1 -1 1 93 63 51 90 61 88 222 29 44 45 25 20 22 10 7 27 35 45 55 16 5 5 5 
13994500 13994691 1 2 1 170 144 134 171 143 170 304 27 45 44 25 20 22 10 7 27 35 45 55 16 6 5 5 
14002500 14002707 1 -3 1 82 54 48 78 52 77 211 26 44 43 25 20 22 10 7 27 35 45 55 16 5 5 5 
14084000 14084315 1 0 0 -2 -14 0 -6 -18 -9 125 11 43 43 25 20 22 10 7 27 35 45 55 16 5 5 5 
14296000 14296194 1 0 0 -18 -4 0 -21 -5 -23 111 -17 48 49 25 20 22 10 7 27 35 45 55 16 6 6 5 
14404500 14405425 1 0 0 -12 -19 0 -7 -22 -8 126 14 48 45 25 20 22 10 7 27 35 45 55 16 1 6 5 
14418000 14418050 1 -1 1 56 59 54 55 60 55 189 -4 47 45 25 20 22 10 7 27 35 45 55 16 6 6 5 
14439500 14439774 1 2 1 321 338 297 318 337 318 452 -16 53 54 25 20 22 10 7 27 35 45 55 16 6 7 5 
14456000 14456166 1 -3 1 -7 -12 -48 -8 -17 -9 125 9 46 44 25 20 22 10 7 27 35 45 55 16 6 5 5 
14468500 14470958 1 0 0 54 34 0 52 30 3 184 22 44 41 25 20 22 10 7 27 35 45 55 16 0 0 5 
14503000 14503262 1 0 0 -30 -21 0 -23 -18 -72 109 -6 52 47 25 20 22 10 7 27 35 45 55 16 6 6 5 
14626000 14626003 1 0 0 -11 -1 0 -16 -4 -16 118 -10 47 45 25 20 22 10 8 28 35 45 55 16 6 6 5 
14690500 14690788 1 0 0 -18 19 0 -19 26 -21 113 -44 49 49 25 20 22 10 9 29 35 45 55 16 6 6 5 
14695500 14695535 1 13 0 25 13 11 29 13 30 164 18 60 65 25 20 22 10 9 29 35 45 55 16 7 9 5 
14699000 14699181 1 0 0 36 8 0 32 3 28 162 29 57 50 25 20 22 10 9 29 35 45 55 16 8 6 5 
14709500 14709784 1 0 0 75 42 0 74 40 71 205 34 46 48 25 20 22 10 9 29 35 45 55 16 5 5 5 
14750000 14750266 1 0 0 49 38 0 51 39 49 183 12 46 42 25 20 21 10 9 29 35 45 55 16 5 6 5 
14797500 14797656 1 0 0 -29 -33 0 -37 -40 -85 96 5 56 54 25 20 20 10 8 28 35 45 55 16 7 7 5 
14808000 14808207 1 -1 1 27 6 54 24 6 23 157 19 57 53 25 20 20 10 8 28 35 45 55 16 7 7 5 
14826000 14826142 1 2 1 254 184 277 254 183 251 385 70 68 73 25 20 20 10 8 28 35 45 55 16 9 9 5 
14837500 14837503 1 -3 1 25 17 45 17 12 14 148 4 57 57 25 20 20 10 8 28 35 45 55 16 5 6 5 
14848500 14848694 1 0 0 -17 -45 0 -17 -46 -19 115 29 55 54 25 20 20 10 8 28 35 45 55 16 6 4 5 
14922500 14922590 1 0 0 -29 -37 0 -27 -33 -28 106 7 46 45 25 20 20 10 9 29 35 45 55 16 6 5 5 
15017000 15017214 1 0 0 5 -13 0 4 -14 -46 135 18 46 46 25 20 21 10 10 30 35 45 55 16 6 6 5 
15214000 15214259 1 0 0 9 -8 0 13 -5 -34 147 18 46 47 25 20 21 10 10 30 35 45 55 16 5 6 5 
15236000 15236119 1 -1 1 57 60 57 56 57 55 189 -1 48 50 25 20 21 10 10 30 35 45 55 16 6 6 5 
15246500 15246501 1 2 1 168 157 172 176 161 174 308 15 47 47 25 20 21 10 10 30 35 45 55 16 6 6 5 
15251000 15251207 1 -3 1 36 45 41 25 38 25 159 -13 48 48 25 20 21 10 10 30 35 45 55 16 6 5 5 
15308500 15308780 1 0 0 -27 -50 0 -30 -52 -31 103 23 45 47 25 20 21 10 10 30 35 45 55 16 5 6 5 
15429500 15429615 1 0 0 -5 -23 0 -11 -27 -12 122 14 46 45 25 20 21 10 10 30 35 45 55 16 5 6 5 
15440500 15440614 1 0 0 -14 -27 0 -17 -31 -20 114 13 62 66 25 20 21 10 10 30 35 45 55 16 2 8 5 
15459500 15459618 1 0 0 -40 -75 0 -49 -88 -50 84 39 54 50 25 20 21 10 10 30 35 45 55 16 5 2 5 
15535500 15535572 1 0 0 -43 -78 0 -46 -84 -49 85 37 53 52 25 20 21 10 10 30 35 45 55 16 6 5 5 
15612000 15612188 1 0 0 -41 -46 0 -43 -45 -43 91 4 51 50 25 20 21 10 10 30 35 45 55 16 6 6 5 
15656000 15656013 1 0 0 6 -18 0 10 -17 10 144 29 46 45 25 20 21 10 10 30 35 45 55 16 6 6 5 
15763000 15763276 1 0 0 -28 -16 0 -35 -22 -84 97 -13 59 49 25 20 21 10 10 30 35 45 55 16 3 3 5 
15780500 15780578 1 -1 1 24 36 53 17 20 14 148 -4 53 50 25 20 21 10 10 30 35 45 55 16 6 6 5 
15791500 15791572 1 2 1 189 239 219 191 246 189 323 -54 50 51 25 20 21 10 10 30 35 45 55 16 6 6 5 
15797500 15797861 1 -3 1 13 90 42 -5 72 -5 129 -76 49 48 25 20 21 10 10 30 35 45 55 16 5 6 5 
15846500 15846527 1 0 0 -33 -46 0 -30 -44 -31 103 13 46 45 25 20 21 10 10 30 35 45 55 16 6 6 5 
15895500 15895621 1 0 0 -57 -60 0 -62 -66 -63 71 4 46 44 25 20 21 10 10 30 35 45 55 16 6 6 5 
15919000 15919220 1 0 0 -45 -79 0 -42 -80 -89 92 37 51 51 25 20 21 10 10 30 35 45 55 16 6 6 5 
15934000 15934235 1 0 0 -5 -22 0 -6 -24 -54 127 18 47 47 25 20 21 10 10 30 35 45 55 16 6 5 5 
16004000 16004097 1 0 0 -4 -25 0 1 -22 0 134 23 46 47 25 20 21 10 10 30 35 45 55 16 6 6 5 
16144500 16144657 1 0 0 2 -11 0 -2 -16 -3 131 14 47 47 25 20 21 10 10 30 35 45 55 16 6 6 5 
16169000 16169094 1 0 0 -58 -14 0 -66 -17 -115 66 -51 49 49 25 20 21 10 10 30 35 45 55 16 6 6 5 
16246000 16246131 1 0 0 -42 -100 0 -41 -107 -43 91 68 52 52 25 20 21 10 10 30 35 45 55 16 6 7 5 
16345500 16345937 1 0 0 -44 -56 0 -67 -78 -115 66 11 59 56 25 20 22 10 9 29 35 45 55 16 5 2 5 
16350500 16350653 1 13 0 13 -10 15 28 -3 -22 159 31 75 82 25 20 22 10 9 29 35 45 55 16 4 4 5 
16354500 16354705 1 0 0 33 -6 0 27 -10 -22 159 37 59 47 25 20 22 10 9 29 35 45 55 16 8 6 5 
16370000 16370112 1 0 0 26 -5 0 23 -8 21 155 31 50 47 25 20 22 10 9 29 35 45 55 16 6 5 5 
16382500 16382750 1 -1 1 87 58 52 84 57 81 215 25 56 60 25 20 23 10 8 28 35 45 55 16 7 7 5 
16390000 16390196 1 2 1 148 132 109 150 134 150 284 16 51 50 25 20 23 10 8 28 35 45 55 16 6 6 5 
16395000 16395418 1 -3 1 89 74 47 73 59 71 205 12 49 49 25 20 23 10 8 28 35 45 55 16 3 6 5 
16422500 16422792 1 0 0 59 6 0 58 7 56 190 50 43 43 25 20 23 10 8 28 35 45 55 16 5 5 5 
16470500 16470556 1 0 0 23 -22 0 22 -23 19 153 43 44 44 25 20 22 10 8 28 35 45 55 16 5 5 5 
16524000 16524025 1 0 0 30 -7 0 27 -10 25 159 37 47 47 25 20 21 10 8 28 35 45 55 16 5 6 5 
16534500 16534790 1 0 0 19 -8 0 17 -9 16 150 25 48 49 25 20 21 10 8 28 35 45 55 16 6 6 5 
16545500 16545811 1 0 0 18 -13 0 15 -14 14 148 30 47 46 25 20 20 10 8 28 35 45 55 16 6 6 5 
16556000 16556058 1 0 0 44 1 0 38 -3 36 170 41 44 44 25 20 20 10 8 28 35 45 55 16 5 5 5 
16561500 16561724 1 13 0 -6 -20 5 -19 -31 -22 112 10 60 72 25 20 20 10 8 28 35 45 55 16 5 5 5 
16566000 16566146 1 0 0 -57 -28 0 -57 -27 -59 75 -30 60 55 25 20 20 10 8 28 35 45 55 16 6 6 5 
16571500 16571619 1 -1 1 -2 -27 50 3 -29 2 136 30 56 52 25 20 20 10 8 28 35 45 55 16 6 5 5 
16590000 16590214 1 2 1 366 298 405 371 314 369 503 56 68 67 25 20 20 10 8 28 35 45 55 16 7 8 5 
16600000 16600053 1 -3 1 8 10 40 2 4 1 135 -2 64 67 25 20 20 10 8 28 35 45 55 16 9 7 5 
16633500 16633732 1 0 0 -7 -24 0 -12 -29 -13 121 16 62 60 25 20 19 10 8 28 35 45 55 16 7 8 5 
16717500 16717505 1 0 0 17 -19 0 9 -25 10 144 37 61 65 25 20 20 10 10 30 35 45 55 16 7 8 5 
16744500 16744717 1 0 0 -18 -42 0 -26 -45 -76 105 18 59 67 25 20 20 10 10 30 35 45 55 16 7 6 5 
16770500 16770664 1 -1 1 23 -19 50 23 -21 21 155 44 69 74 25 20 21 10 11 31 35 45 55 16 8 9 5 
16802000 16802076 1 2 1 377 261 416 376 258 375 509 119 70 72 25 20 20 10 9 29 35 45 55 16 9 9 5 
16810500 16810515 1 -3 1 6 -18 48 5 -18 5 139 25 68 66 25 20 20 10 9 29 35 45 55 16 8 8 5 
16834000 16834108 1 0 0 -51 -82 0 -48 -75 -97 84 27 58 59 25 20 19 10 9 29 35 45 55 16 7 6 5 
16916000 16916115 1 0 0 -99 -175 0 -100 -178 -101 33 78 52 54 25 20 19 10 10 30 35 45 55 16 6 7 5 
16948500 16948630 1 0 0 -89 -156 0 -87 -155 -87 47 70 53 53 25 20 19 10 10 30 35 45 55 16 6 7 5 
16964000 16964246 1 0 0 -66 -137 0 -64 -138 -65 69 75 52 51 25 20 19 10 10 30 35 45 55 16 7 6 5 
17018000 17018161 1 0 0 -72 -147 0 -71 -150 -73 61 79 52 52 25 20 19 10 11 31 35 45 55 16 6 7 5 
17028000 17028038 1 -1 1 -18 -56 55 -20 -57 -22 112 36 55 55 25 20 20 10 11 31 35 45 55 16 7 7 5 
17034000 17034246 1 2 1 47 37 122 46 39 45 179 8 56 57 25 20 20 10 11 31 35 45 55 16 7 7 5 
17038500 17038733 1 -3 1 -32 -52 43 -46 -66 -47 87 21 56 56 25 20 20 10 11 31 35 45 55 16 7 5 5 
17125500 17125593 1 0 0 -88 -128 0 -87 -128 -135 46 42 51 51 25 20 20 10 12 32 35 45 55 16 6 5 5 
17242500 17242561 1 0 0 -88 -114 0 -84 -114 -86 48 30 51 51 25 20 20 10 11 31 35 45 55 16 6 6 5 
17375500 17375593 1 0 0 -113 -122 0 -117 -125 -120 14 7 51 51 25 20 20 10 11 31 35 45 55 16 5 5 5 
17391500 17391670 1 0 0 -110 -156 0 -112 -156 -112 22 45 52 51 25 20 20 10 11 31 35 45 55 16 6 6 5 
17396000 17396265 1 13 0 -75 -120 8 -74 -123 -75 59 49 60 61 25 20 20 10 11 31 35 45 55 16 7 4 5 
17400000 17400095 1 0 0 -59 -85 0 -67 -91 -69 65 23 63 62 25 20 20 10 11 31 35 45 55 16 7 7 5 
17407500 17407646 1 0 0 -81 -82 0 -83 -91 -86 48 8 50 49 25 20 20 10 11 31 35 45 55 16 3 5 5 
17516000 17516110 1 0 0 -92 -113 0 -100 -118 -101 33 20 52 51 25 20 20 10 11 31 35 45 55 16 6 6 5 
17541000 17541163 1 0 0 -90 -137 0 -84 -135 -85 49 52 57 55 25 20 20 10 11 31 35 45 55 16 8 7 5 
17619500 17619559 1 0 0 -98 -129 0 -102 -134 -151 30 33 58 56 25 20 21 10 10 30 35 45 55 16 7 6 5 
17747500 17747564 1 0 0 -106 -145 0 -109 -148 -110 24 40 52 52 25 20 21 10 9 29 35 45 55 16 6 6 5 
17767000 17767225 1 0 0 -119 -119 0 -120 -120 -121 13 1 60 61 25 20 21 10 9 29 35 45 55 16 7 6 5 
17774000 17774014 1 0 0 -81 -88 0 -77 -76 -79 55 -1 61 64 25 20 21 10 9 29 35 45 55 16 5 7 5 
17787500 17788014 1 0 0 -38 -47 0 -40 -56 -41 93 16 68 72 25 20 20 10 9 29 35 45 55 16 4 8 5 
17793500 17793772 1 0 0 -117 -122 0 -122 -133 -124 10 11 59 55 25 20 20 10 9 29 35 45 55 16 6 6 5 
17802000 17802156 1 0 0 -20 -25 0 -24 -26 -25 109 3 66 64 25 20 20 10 9 29 35 45 55 16 8 8 5 
17811500 17811636 1 0 0 4 -15 0 1 -14 -1 133 15 78 79 25 20 20 10 9 29 35 45 55 16 9 10 5 
17829500 17829643 1 0 0 12 -22 0 15 -21 14 148 36 71 69 25 20 20 10 9 29 35 45 55 16 9 9 5 
17908000 17908067 1 0 0 -5 -46 0 -3 -49 -3 131 47 80 80 25 20 19 10 9 29 35 45 55 16 7 10 5 
17953000 17953135 1 0 0 -35 -38 0 -37 -39 -38 96 3 68 68 25 20 18 10 9 29 35 45 55 16 9 9 5 
17965000 17965098 1 0 0 24 -19 0 19 -25 18 152 46 71 74 25 20 18 10 9 29 35 45 55 16 8 9 5 
17972500 17972587 1 13 0 -26 -53 -13 -27 -54 -28 106 27 63 61 25 20 18 10 9 29 35 45 55 16 6 7 5 
17977500 17978650 1 0 0 -36 -54 0 -41 -53 -43 91 10 59 58 25 20 18 10 9 29 35 45 55 16 3 7 5 
18053500 18053734 1 0 0 -54 -62 0 -57 -64 -57 77 7 59 55 25 20 18 10 9 29 35 45 55 16 8 7 5 
18170500 18170636 1 0 0 -40 -57 0 -39 -56 -41 93 17 60 60 25 20 18 10 9 29 35 45 55 16 8 7 5 
18260500 18260738 1 0 0 -73 -61 0 -72 -59 -73 61 -13 57 57 25 20 18 10 9 29 35 45 55 16 7 7 5 
18317000 18317102 1 0 0 -45 -44 0 -48 -47 -50 84 -2 62 63 25 20 18 10 8 28 35 45 55 16 8 8 5 
18326000 18326445 1 13 0 10 16 8 16 14 15 149 3 70 66 25 20 18 10 8 28 35 45 55 16 7 7 5 
18330000 18330000 1 0 0 22 15 0 20 19 18 152 2 72 73 25 20 18 10 8 28 35 45 55 16 9 9 5 
18406500 18406688 1 0 0 34 -20 0 38 -22 38 172 60 79 82 25 20 18 10 7 27 35 45 55 16 9 10 5 
18421000 18421125 1 0 0 -40 -51 0 -42 -53 -42 92 11 66 65 25 20 18 10 7 27 35 45 55 16 8 8 5 
18432000 18432067 1 0 0 -4 -49 0 -11 -63 -12 122 54 67 66 25 20 18 10 7 27 35 45 55 16 8 9 5 
18484500 18484521 1 0 0 -22 -23 0 -29 -26 -32 102 -3 81 82 25 20 18 10 7 27 35 45 55 16 11 10 5 
18521500 18521812 1 -1 1 22 -14 54 25 -16 22 156 39 87 88 25 20 18 10 7 27 35 45 55 16 8 9 5 
18550500 18550606 1 2 1 86 -22 125 80 -27 77 211 106 83 83 25 20 18 10 7 27 35 45 55 16 11 8 5 
18570000 18570217 1 -3 1 6 -62 50 1 -64 0 134 65 73 68 25 20 18 10 8 28 35 45 55 16 9 8 5 
18610500 18610637 1 0 0 -54 -69 0 -57 -71 -59 75 13 66 62 25 20 18 10 8 28 35 45 55 16 7 6 5 
18653000 18653372 1 -1 1 -17 -32 51 -18 -30 -19 115 14 65 67 25 20 18 10 8 28 35 45 55 16 5 6 5 
18682500 18682652 1 2 1 69 -11 147 66 -14 64 198 81 70 79 25 20 18 10 8 28 35 45 55 16 9 9 5 
18700000 18700080 1 -3 1 -38 -56 45 -45 -63 -46 88 18 62 59 25 20 18 10 8 28 35 45 55 16 8 7 5 
18709500 18709565 1 0 0 -86 -82 0 -86 -80 -87 47 -6 57 57 25 20 18 10 8 28 35 45 55 16 7 6 5 
18812000 18812234 1 0 0 -52 -95 0 -55 -97 -57 77 42 54 55 25 20 18 10 8 28 35 45 55 16 7 6 5 
18919500 18920122 1 0 0 -41 -40 0 -40 -33 -89 92 -8 57 58 25 20 18 10 8 28 35 45 55 16 4 7 5 
18930500 18930673 1 -1 1 15 -12 57 21 -14 20 154 35 64 65 25 20 18 10 8 28 35 45 55 16 7 6 5 
18953500 18953722 1 2 1 98 49 142 111 54 110 244 58 70 70 25 20 18 10 8 28 35 45 55 16 4 7 5 
18962500 18962627 1 -3 1 2 -33 47 -7 -40 -9 125 33 62 65 25 20 18 10 8 28 35 45 55 16 6 7 5 
19015500 19015635 1 0 0 -49 -63 0 -52 -61 -53 81 9 53 51 25 20 18 10 8 28 35 45 55 16 6 6 5 
19042500 19042684 1 -1 1 6 -3 52 4 -3 2 136 7 64 59 25 20 18 10 8 28 35 45 55 16 7 9 5 
19050500 19050566 1 2 1 83 70 127 87 69 86 220 17 71 74 25 20 18 10 8 28 35 45 55 16 9 6 5 
19066500 19066758 1 -3 1 5 -31 48 -1 -38 -2 132 37 64 55 25 20 18 10 8 28 35 45 55 16 9 7 5 
19164500 19164536 1 0 0 -30 -18 0 -28 -19 -76 105 -10 58 58 25 20 18 10 8 28 35 45 55 16 7 7 5 
19251500 19251535 1 0 0 -15 -34 0 -17 -37 -18 116 20 62 67 25 20 18 10 8 28 35 45 55 16 8 8 5 
19313500 19313635 1 0 0 -41 -42 0 -41 -40 -43 91 -1 59 55 25 20 19 10 8 28 35 45 55 16 3 6 5 
19331500 19331634 1 0 0 -29 -57 0 -27 -56 -75 106 30 56 57 25 20 19 10 8 28 35 45 55 16 7 7 5 
19410000 19410390 1 0 0 -54 -109 0 -58 -121 -59 75 63 54 53 25 20 19 10 8 28 35 45 55 16 5 4 5 
19450500 19450607 1 0 0 -52 -83 0 -54 -87 -55 79 32 52 52 25 20 20 10 8 28 35 45 55 16 6 7 5 
19531000 19531271 1 0 0 -59 -73 0 -58 -72 -106 75 13 56 53 25 20 21 10 8 28 35 45 55 16 7 7 5 
19597500 19597593 1 0 0 -48 -96 0 -49 -98 -48 86 51 52 51 25 20 21 10 8 28 35 45 55 16 2 1 5 
19603000 19603579 1 13 0 -9 -15 8 -4 -2 -7 127 -2 52 62 25 20 21 10 8 28 35 45 55 16 3 6 5 
19608500 19608714 1 0 0 14 23 0 16 20 14 148 -4 49 50 25 20 21 10 8 28 35 45 55 16 6 6 5 
19732500 19732668 1 0 0 26 18 0 29 19 27 161 10 49 46 25 20 22 10 8 28 35 45 55 16 5 4 5 
19736000 19737421 1 13 0 1 -4 6 -51 -61 -53 81 10 55 53 25 20 22 10 8 28 35 45 55 16 0 3 5 
19740000 19740615 1 0 0 -40 -51 0 -34 -44 -35 99 11 59 65 25 20 22 10 8 28 35 45 55 16 0 5 5 
19801000 19801229 1 0 0 14 23 0 13 20 11 145 -7 46 45 25 20 22 10 8 28 35 45 55 16 6 6 5 
19980000 19980052 1 0 0 19 19 0 15 12 15 149 5 46 43 25 20 22 10 8 28 35 45 55 16 3 5 5 
20064500 20064591 1 0 0 43 48 0 41 48 42 176 -7 46 43 25 20 22 10 8 28 35 45 55 16 6 5 5 
20085000 20085271 1 0 0 35 41 0 32 40 30 164 -8 47 47 25 20 22 10 8 28 35 45 55 16 5 6 5 
20103500 20103508 1 0 0 51 43 0 49 45 48 182 5 49 52 25 20 22 10 8 28 35 45 55 16 6 6 5 
20115000 20115028 1 0 0 78 46 0 77 46 75 209 30 46 46 25 20 22 10 8 28 35 45 55 16 6 6 5 
20141000 20141266 1 0 0 82 43 0 85 45 84 218 40 42 43 25 20 22 10 8 28 35 45 55 16 5 5 5 
20175000 20175987 1 0 0 11 55 0 10 50 8 142 -40 50 50 25 20 22 10 8 28 35 45 55 16 3 4 5 
20238500 20238564 1 0 0 5 2 0 0 -7 -1 133 8 53 50 25 20 22 10 8 28 35 45 55 16 4 7 5 
20343500 20343578 1 0 0 27 21 0 27 22 25 159 4 46 47 25 20 22 10 8 28 35 45 55 16 6 6 5 
20354000 20354056 1 0 0 -18 26 0 -25 27 -26 108 -53 49 47 25 20 22 10 8 28 35 45 55 16 6 6 5 
20382000 20382222 1 0 0 -53 -65 0 -63 -69 -66 68 4 54 52 25 20 22 10 8 28 35 45 55 16 7 6 5 
20439500 20439628 1 0 0 -12 -20 0 -21 -26 -23 111 6 52 52 25 20 22 10 8 28 35 45 55 16 6 6 5 
20547000 20547131 1 0 0 -29 0 0 -30 -9 -32 102 -21 50 51 25 20 22 10 8 28 35 45 55 16 6 6 5 
20559500 20559870 1 -1 1 18 -2 54 22 0 22 156 22 59 63 25 20 22 10 8 28 35 45 55 16 4 2 5 
20578000 20578146 1 2 1 63 42 110 57 43 54 188 13 62 71 25 20 22 10 8 28 35 45 55 16 5 7 5 
20592500 20592559 1 -3 1 -7 -21 49 -4 -11 -6 128 8 61 68 25 20 22 10 8 28 35 45 55 16 6 7 5 
20602500 20602767 1 0 0 -62 -62 0 -65 -53 -66 68 -11 52 52 25 20 22 10 8 28 35 45 55 16 6 5 5 
20623000 20623020 1 0 0 2 9 0 0 8 -1 133 -8 46 45 25 20 22 10 8 28 35 45 55 16 6 6 5 
20655000 20655030 1 0 0 -3 9 0 -4 9 -4 130 -12 45 45 25 20 22 10 8 28 35 45 55 16 6 5 5 
