62000 62235 0 0 -1 0 0 0 0 0 0 -29 0 69 71 25 20 23 10 6 26 35 45 55 16 4 9 5 
140500 140565 0 0 0 23 59 0 25 61 21 12 -30 74 79 25 20 21 10 6 26 35 45 55 16 8 7 5 
230500 230673 0 0 0 12 43 0 13 45 11 2 -27 69 65 25 20 21 10 6 26 35 45 55 16 9 8 5 
328000 328027 0 0 0 35 83 0 34 85 28 19 -42 68 70 25 20 21 10 6 26 35 45 55 16 9 8 5 
457500 457608 0 0 0 30 63 0 33 66 31 22 -26 74 77 25 20 21 10 6 26 35 45 55 16 9 9 5 
475500 475575 0 0 0 6 41 0 5 40 0 -9 -32 78 80 25 20 21 10 6 26 35 45 55 16 8 10 5 
696500 696591 0 0 0 37 63 0 40 66 35 26 -17 73 74 25 20 21 10 6 26 35 45 55 16 8 9 5 
1045500 1045605 0 0 0 39 76 0 34 75 31 22 -34 71 74 25 20 21 10 6 26 35 45 55 16 9 9 5 
1472000 1472196 0 0 0 20 62 0 25 64 19 10 -37 85 85 25 20 21 10 6 26 35 45 55 16 8 9 5 
1833500 1833579 0 0 0 -25 27 0 -28 24 -29 -38 -50 81 84 25 20 21 10 6 26 35 45 55 16 7 10 5 
2370000 2370012 0 0 0 4 40 0 5 41 3 -6 -33 73 72 25 20 21 10 6 26 35 45 55 16 9 9 5 
2541500 2541507 0 0 0 15 56 0 13 55 6 -3 -37 74 73 25 20 21 10 6 26 35 45 55 16 10 9 5 
3553000 3553119 0 0 0 -11 22 0 -14 21 -21 -30 -35 71 70 25 20 21 10 6 26 35 45 55 16 7 8 5 
4353000 4353104 0 0 0 -6 17 0 -5 17 -8 -17 -18 66 66 25 20 21 10 6 26 35 45 55 16 7 8 5 
4464500 4464637 0 0 0 -12 16 0 -12 16 -13 -22 -24 67 66 25 20 21 10 6 26 35 45 55 16 9 8 5 
4668500 4668611 0 0 0 9 33 0 7 30 6 -3 -23 81 82 25 20 21 10 6 26 35 45 55 16 9 10 5 
4884500 4884640 0 0 0 -14 18 0 -15 16 -22 -31 -29 81 85 25 20 21 10 6 26 35 45 55 16 10 9 5 
5090500 5090597 0 0 0 -1 26 0 3 27 -2 -11 -25 79 72 25 20 21 10 6 26 35 45 55 16 9 7 5 
5957000 5957155 0 0 0 -12 23 0 -11 25 -13 -22 -35 82 82 25 20 21 10 6 26 35 45 55 16 11 9 5 
6001000 6001042 0 -1 1 -65 -17 -53 -65 -14 -65 -74 -55 93 93 25 20 21 10 6 26 35 45 55 16 8 8 5 
6030000 6030121 0 2 1 -176 -132 -164 -173 -130 -174 -183 -46 96 96 25 20 21 10 6 26 35 45 55 16 13 12 5 
6052500 6052535 0 -3 1 -58 -7 -47 -60 -7 -63 -72 -54 82 80 25 20 21 10 6 26 35 45 55 16 9 9 5 
6079000 6079046 0 0 0 -12 50 0 -11 52 -16 -25 -63 82 78 25 20 21 10 6 26 35 45 55 16 10 10 5 
6502500 6502636 0 0 0 -1 34 0 -9 28 -11 -20 -35 76 73 25 20 21 10 6 26 35 45 55 16 9 7 5 
6932000 6932023 0 0 0 5 25 0 7 27 9 0 -17 78 78 25 20 21 10 6 26 35 45 55 16 10 10 5 
6966000 6966035 0 -1 1 -50 -21 -52 -53 -24 -56 -65 -27 87 87 25 20 21 10 6 26 35 45 55 16 10 11 5 
6989500 6989518 0 2 1 -107 -65 -108 -111 -68 -110 -119 -43 92 93 25 20 21 10 6 26 35 45 55 16 12 12 5 
7010500 7010645 0 -3 1 -48 2 -48 -41 8 -45 -54 -44 84 89 25 20 21 10 6 26 35 45 55 16 9 10 5 
7115500 7115642 0 0 0 -6 18 0 -3 18 0 -9 -19 79 78 25 20 21 10 6 26 35 45 55 16 8 10 5 
7192000 7192070 0 -1 1 -57 -27 -54 -63 -35 -63 -72 -29 94 99 25 20 21 10 6 26 35 45 55 16 6 11 5 
7216000 7216029 0 2 1 -156 -112 -154 -162 -115 -161 -170 -48 98 96 25 20 21 10 6 26 35 45 55 16 13 11 5 
7231500 7231504 0 -3 1 -51 -21 -49 -53 -21 -56 -65 -31 86 89 25 20 21 10 6 26 35 45 55 16 8 11 5 
7380000 7380175 0 0 0 4 30 0 7 29 8 -1 -20 83 81 25 20 21 10 6 26 35 45 55 16 11 10 5 
7517000 7517076 0 -1 1 -48 -7 -52 -49 -7 -54 -63 -45 89 93 25 20 21 10 6 26 35 45 55 16 11 9 5 
7546500 7546578 0 2 1 -112 -72 -116 -108 -73 -106 -115 -34 98 100 25 20 21 10 6 24 35 45 55 16 12 13 5 
7570000 7570299 0 -3 1 -46 -10 -50 -47 -11 -48 -57 -32 86 87 25 20 21 10 6 26 35 45 55 16 8 11 5 
7895500 7895586 0 0 0 3 25 0 2 24 1 -8 -19 90 87 25 20 21 10 6 26 35 45 55 16 11 10 5 
7908500 7908638 0 -1 1 -48 -16 -51 -48 -15 -45 -54 -33 104 104 25 20 21 10 6 24 35 45 55 16 11 9 5 
7941000 7941024 0 2 1 -135 -88 -138 -139 -96 -143 -152 -44 98 101 25 20 21 10 6 24 35 45 55 16 11 11 5 
7992500 7992520 0 -3 1 -48 -5 -50 -46 -3 -50 -59 -42 83 83 25 20 21 10 6 26 35 45 55 16 10 11 5 
8319500 8319660 0 0 0 -2 27 0 -4 25 -3 -12 -23 84 85 25 20 21 10 6 26 35 45 55 16 10 10 5 
8792000 8792159 0 0 0 15 36 0 18 36 19 10 -14 83 82 25 20 21 10 6 26 35 45 55 16 10 11 5 
9208000 9208003 0 0 0 -4 15 0 -2 16 -2 -11 -15 76 78 25 20 21 10 6 26 35 45 55 16 8 10 5 
9607500 9607623 0 0 0 18 44 0 21 48 17 8 -23 75 77 25 20 21 10 6 26 35 45 55 16 9 9 5 
9646500 9646578 0 -1 1 -35 -2 -51 -41 -7 -41 -50 -35 96 98 25 20 21 10 6 26 35 45 55 16 11 10 5 
9696000 9696030 0 2 1 -134 -103 -146 -131 -104 -129 -138 -29 95 97 25 20 21 10 6 26 35 45 55 16 6 12 5 
9714000 9714128 0 -3 1 -38 -14 -49 -37 -14 -42 -51 -22 82 81 25 20 21 10 6 26 35 45 55 16 3 9 5 
10048000 10048135 0 0 0 -11 23 0 -13 23 -20 -29 -36 74 76 25 20 21 10 6 26 35 45 55 16 10 9 5 
10106500 10106643 0 -1 1 -62 -11 -52 -62 -9 -65 -74 -50 94 92 25 20 21 10 6 26 35 45 55 16 11 10 5 
10271000 10271356 0 2 1 -258 -165 -249 -253 -164 -262 -271 -94 101 101 25 20 22 10 6 24 35 45 55 16 10 11 5 
10456000 10456055 0 -3 1 -54 -19 -48 -55 -17 -52 -61 -38 80 76 25 20 22 10 5 25 35 45 55 16 7 10 5 
10783000 10783027 0 0 0 -1 43 0 -1 46 -2 -11 -47 63 66 25 20 22 10 5 25 35 45 55 16 8 8 5 
11032500 11032702 0 0 0 -12 31 0 -13 32 -14 -23 -46 66 64 25 20 22 10 5 25 35 45 55 16 8 8 5 
11222000 11222185 0 0 0 -13 31 0 -13 32 -14 -23 -46 68 68 25 20 22 10 5 25 35 45 55 16 9 8 5 
11307000 11307298 0 0 0 -12 32 0 -15 31 -20 -29 -46 67 64 25 20 22 10 5 25 35 45 55 16 5 9 5 
11321000 11321235 0 0 0 -4 28 0 -3 30 -3 -12 -32 67 64 25 20 22 10 5 25 35 45 55 16 8 9 5 
11394500 11394730 0 0 0 -16 15 0 -19 15 -18 -27 -33 59 58 25 20 22 10 5 25 35 45 55 16 7 7 5 
11413500 11413606 0 0 0 -13 14 0 -8 19 -8 -17 -27 68 69 25 20 22 10 5 25 35 45 55 16 8 9 5 
11421000 11421094 0 13 0 7 32 -10 7 32 6 -3 -26 64 63 25 20 22 10 5 25 35 45 55 16 8 8 5 
11430000 11430090 0 0 0 53 70 0 57 73 56 47 -15 65 64 25 20 22 10 5 25 35 45 55 16 8 8 5 
11609500 11609687 0 0 0 46 58 0 47 58 45 36 -9 64 59 25 20 22 10 5 25 35 45 55 16 8 8 5 
11612500 11612552 0 13 0 15 30 3 14 27 13 4 -12 72 75 25 20 22 10 5 25 35 45 55 16 9 8 5 
11616000 11616192 0 0 0 -27 0 0 -28 3 -29 -38 -32 69 72 25 20 22 10 5 25 35 45 55 16 9 8 5 
11638500 11638614 0 0 0 28 48 0 27 50 24 15 -22 62 60 25 20 22 10 5 25 35 45 55 16 7 8 5 
11688000 11688150 0 0 0 -29 6 0 -29 7 -29 -38 -36 65 65 25 20 22 10 5 25 35 45 55 16 8 8 5 
11745000 11745054 0 0 0 -42 -7 0 -41 -8 -40 -49 -33 84 83 25 20 22 10 5 25 35 45 55 16 11 10 5 
11762500 11762614 0 -1 1 -93 -38 -52 -93 -38 -98 -107 -55 88 87 25 20 22 10 5 25 35 45 55 16 11 11 5 
11776000 11776479 0 2 1 -188 -128 -148 -192 -134 -188 -197 -58 89 81 25 20 22 10 5 25 35 45 55 16 9 7 5 
11814500 11814634 0 -3 1 -86 -32 -49 -83 -32 -84 -93 -52 69 68 25 20 22 10 5 25 35 45 55 16 8 6 5 
11864000 11864035 0 0 0 -33 16 0 -34 18 -36 -45 -52 69 62 25 20 22 10 5 25 35 45 55 16 8 8 5 
11906500 11906520 0 0 0 -40 3 0 -41 0 -43 -52 -41 62 60 25 20 22 10 5 25 35 45 55 16 8 8 5 
11912000 11912019 0 0 0 -37 1 0 -32 5 -32 -41 -36 78 79 25 20 22 10 5 25 35 45 55 16 9 4 5 
11918000 11918060 0 13 0 -101 -59 -20 -99 -57 -99 -108 -41 78 71 25 20 22 10 5 25 35 45 55 16 10 9 5 
11921000 11921052 0 0 0 -104 -62 0 -106 -63 -107 -116 -45 72 68 25 20 22 10 5 25 35 45 55 16 10 8 5 
11927500 11927647 0 0 0 -65 -37 0 -58 -29 -57 -66 -30 77 81 25 20 22 10 5 25 35 45 55 16 9 7 5 
12007500 12007670 0 0 0 -54 -10 0 -55 -8 -55 -64 -45 61 59 25 20 22 10 5 25 35 45 55 16 8 8 5 
12183500 12183748 0 0 0 -43 1 0 -43 -2 -43 -52 -41 61 60 25 20 22 10 5 25 35 45 55 16 7 7 5 
12190500 12190625 0 13 0 13 54 33 22 64 21 12 -41 79 85 25 20 22 10 5 25 35 45 55 16 6 10 5 
12202000 12202182 0 0 0 17 55 0 16 54 17 8 -38 62 62 25 20 22 10 5 25 35 45 55 16 8 8 5 
12527000 12527126 0 0 0 49 88 0 49 87 46 37 -37 66 69 25 20 22 10 5 25 35 45 55 16 8 8 5 
12539000 12539101 0 13 0 33 66 41 35 63 34 25 -28 73 75 25 20 22 10 5 25 35 45 55 16 8 3 5 
12557000 12557134 0 0 0 -92 -41 0 -93 -44 -93 -102 -49 91 91 25 20 22 10 5 25 35 45 55 16 11 12 5 
12640500 12640611 0 0 0 -64 -2 0 -60 -2 -64 -73 -60 77 81 25 20 22 10 5 25 35 45 55 16 6 6 5 
12682000 12682014 0 -1 1 -119 -49 -55 -124 -54 -126 -135 -70 93 93 25 20 22 10 5 25 35 45 55 16 11 12 5 
12718000 12718018 0 2 1 -233 -155 -169 -233 -157 -231 -240 -75 79 74 25 20 22 10 5 25 35 45 55 16 8 9 5 
12750500 12751375 0 -3 1 -108 -41 -44 -91 -24 -92 -101 -67 69 68 25 20 22 10 5 25 35 45 55 16 5 9 5 
12902000 12902056 0 0 0 -65 -13 0 -69 -17 -66 -75 -52 81 82 25 20 22 10 5 25 35 45 55 16 9 10 5 
12988000 12988128 0 0 0 -31 14 0 -31 14 -30 -39 -44 67 64 25 20 22 10 5 25 35 45 55 16 8 9 5 
13003000 13003085 0 0 0 25 60 0 32 69 31 22 -37 72 70 25 20 22 10 5 25 35 45 55 16 8 9 5 
13210500 13210701 0 0 0 23 72 0 25 71 23 14 -45 61 61 25 20 22 10 5 25 35 45 55 16 7 8 5 
13352000 13352206 0 0 0 35 74 0 35 71 34 25 -35 62 62 25 20 22 10 5 25 35 45 55 16 8 7 5 
13487000 13487012 0 -1 1 -19 23 -54 -25 20 -24 -33 -45 83 87 25 20 22 10 5 25 35 45 55 16 8 11 5 
13506500 13506677 0 2 1 -68 -17 -103 -71 -19 -71 -80 -52 69 64 25 20 22 10 5 25 35 45 55 16 9 8 5 
13526500 13526601 0 -3 1 -13 25 -48 -12 25 -15 -24 -39 68 61 25 20 22 10 5 25 35 45 55 16 8 8 5 
13637000 13637120 0 0 0 34 70 0 33 71 30 21 -39 63 64 25 20 22 10 5 25 35 45 55 16 5 8 5 
13665500 13665575 0 -1 1 -22 19 -53 -23 17 -21 -30 -40 89 91 25 20 22 10 5 25 35 45 55 16 12 11 5 
13735500 13735958 0 2 1 -217 -137 -242 -218 -137 -216 -225 -80 82 74 25 20 22 10 5 25 35 45 55 16 8 9 5 
13940500 13940543 0 -3 1 -40 13 -48 -40 18 -43 -52 -60 71 65 25 20 22 10 5 25 35 45 55 16 8 8 5 
13989500 13989654 0 0 0 4 58 0 9 63 7 -2 -55 73 75 25 20 22 10 5 25 35 45 55 16 9 9 5 
14118500 14118515 0 0 0 31 73 0 31 75 28 19 -43 63 62 25 20 22 10 5 25 35 45 55 16 8 8 5 
14126000 14126168 0 13 0 11 51 15 10 50 10 1 -39 84 86 25 20 22 10 5 25 35 45 55 16 8 7 5 
14133000 14133016 0 0 0 -36 11 0 -37 11 -36 -45 -48 63 64 25 20 22 10 5 25 35 45 55 16 8 8 5 
14217000 14217035 0 0 0 -37 14 0 -39 15 -40 -49 -53 66 61 25 20 22 10 5 25 35 45 55 16 7 9 5 
14223500 14223648 0 13 0 -14 37 4 -21 29 -16 -25 -49 81 84 25 20 22 10 5 25 35 45 55 16 6 9 5 
14237000 14237095 0 0 0 23 58 0 24 58 23 14 -35 72 76 25 20 22 10 5 25 35 45 55 16 10 9 5 
14261000 14261048 0 0 0 16 68 0 16 68 14 5 -53 62 60 25 20 22 10 5 25 35 45 55 16 8 8 5 
14368000 14368078 0 0 0 -9 45 0 -10 42 -12 -21 -53 69 69 25 20 22 10 5 25 35 45 55 16 9 9 5 
14561000 14561145 0 0 0 -28 -3 0 -30 -6 -29 -38 -24 64 62 25 20 22 10 5 25 35 45 55 16 8 8 5 
14885500 14885752 0 0 0 -17 14 0 -17 16 -15 -24 -32 59 59 25 20 22 10 5 25 35 45 55 16 7 8 5 
14894500 14894596 0 13 0 15 67 0 7 63 13 4 -55 80 79 25 20 22 10 5 25 35 45 55 16 5 4 5 
14904500 14904662 0 0 0 50 85 0 53 86 50 41 -34 71 73 25 20 22 10 5 25 35 45 55 16 8 10 5 
14987000 14987093 0 0 0 31 69 0 33 72 32 23 -40 77 78 25 20 22 10 5 25 35 45 55 16 9 10 5 
14991500 14991540 0 13 0 -8 33 -5 -13 29 -7 -16 -41 86 89 25 20 22 10 5 25 35 45 55 16 8 9 5 
14996000 14996119 0 0 0 -36 -6 0 -36 -4 -35 -44 -30 71 72 25 20 22 10 5 25 35 45 55 16 9 9 5 
15469000 15469023 0 0 0 -9 29 0 -8 30 -7 -16 -37 81 80 25 20 22 10 5 25 35 45 55 16 11 10 5 
15495500 15495608 0 -1 1 -64 -14 -51 -63 -12 -66 -75 -51 89 88 25 20 22 10 5 25 35 45 55 16 10 11 5 
15566500 15566601 0 2 1 -321 -202 -301 -326 -206 -325 -334 -120 87 86 25 20 22 10 5 25 35 45 55 16 11 11 5 
15631500 15632369 0 -3 1 -76 27 -49 -68 32 -71 -80 -101 69 70 25 20 22 10 5 25 35 45 55 16 6 8 5 
15639500 15639658 0 0 0 -28 62 0 -28 62 -31 -40 -91 77 85 25 20 22 10 5 25 35 45 55 16 10 10 5 
15809000 15809029 0 0 0 -34 18 0 -34 21 -35 -44 -54 73 75 25 20 22 10 5 25 35 45 55 16 10 8 5 
15829000 15829152 0 0 0 26 66 0 27 69 26 17 -42 64 63 25 20 22 10 5 25 35 45 55 16 8 8 5 
15887000 15887053 0 0 0 35 77 0 35 76 34 25 -41 80 81 25 20 22 10 5 25 35 45 55 16 10 10 5 
15945000 15945049 0 0 0 -20 40 0 -20 40 -21 -30 -61 81 82 25 20 22 10 5 25 35 45 55 16 11 10 5 
15987000 15987002 0 -1 1 -72 -7 -51 -74 -8 -73 -82 -64 83 83 25 20 22 10 5 25 35 45 55 16 11 10 5 
16121000 16121125 0 2 1 -394 -251 -372 -394 -252 -392 -401 -143 90 93 25 20 22 10 5 25 35 45 55 16 12 11 5 
16294000 16294044 0 -3 1 -71 -23 -48 -72 -21 -73 -82 -53 75 71 25 20 22 10 5 25 35 45 55 16 8 9 5 
16357500 16357604 0 0 0 -24 22 0 -18 26 -18 -27 -46 83 87 25 20 22 10 5 25 35 45 55 16 10 8 5 
16743500 16743662 0 0 0 -32 28 0 -36 27 -35 -44 -51 67 63 25 20 22 10 6 26 35 45 55 16 8 8 5 
16797500 16797588 0 -1 1 -84 -23 -55 -83 -20 -84 -93 -63 93 97 25 20 22 10 5 25 35 45 55 16 10 13 5 
16819000 16819098 0 2 1 -269 -174 -242 -276 -181 -284 -293 -96 88 86 25 20 22 10 6 26 35 45 55 16 11 11 5 
16865500 16865596 0 -3 1 -69 8 -45 -70 7 -74 -83 -70 67 67 25 20 22 10 6 26 35 45 55 16 9 8 5 
17023000 17023197 0 0 0 -14 63 0 -13 67 -17 -26 -73 73 68 25 20 22 10 6 26 35 45 55 16 7 8 5 
17178000 17178179 0 0 0 -6 12 0 -15 3 -12 -21 -23 76 82 25 20 22 10 6 26 35 45 55 16 9 5 5 
17184500 17184598 0 0 0 34 64 0 32 60 35 26 -24 66 65 25 20 22 10 6 26 35 45 55 16 8 8 5 
17231000 17231191 0 0 0 35 60 0 31 58 33 24 -23 61 61 25 20 22 10 6 26 35 45 55 16 8 8 5 
17236000 17236170 0 13 0 3 30 -1 -2 27 -4 -13 -30 74 79 25 20 22 10 6 26 35 45 55 16 8 7 5 
17240500 17240532 0 0 0 -25 32 0 -24 33 -25 -34 -56 87 94 25 20 22 10 6 26 35 45 55 16 8 11 5 
17273000 17273119 0 0 0 -16 48 0 -14 50 -14 -23 -57 71 77 25 20 22 10 6 26 35 45 55 16 2 8 5 
17465000 17465182 0 0 0 -3 61 0 -5 62 -6 -15 -60 71 68 25 20 22 10 6 26 35 45 55 16 8 9 5 
17476000 17476006 0 0 0 12 51 0 14 52 16 7 -32 65 65 25 20 22 10 6 26 35 45 55 16 8 8 5 
17542500 17542657 0 0 0 -8 14 0 -9 13 -7 -16 -23 71 69 25 20 22 10 6 26 35 45 55 16 8 9 5 
17547000 17547163 0 13 0 60 88 0 69 97 71 62 -18 77 83 25 20 22 10 6 26 35 45 55 16 9 9 5 
17549000 17549081 0 0 0 90 114 0 92 116 96 87 -11 67 60 25 20 22 10 6 26 35 45 55 16 9 8 5 
17569500 17569711 0 0 0 79 106 0 86 113 90 81 -18 62 61 25 20 22 10 6 26 35 45 55 16 8 8 5 
17571500 17571653 0 13 0 48 71 -6 46 68 46 37 -20 67 69 25 20 22 10 6 26 35 45 55 16 8 9 5 
17576000 17576093 0 0 0 -2 27 0 -3 27 -3 -12 -27 67 66 25 20 22 10 6 26 35 45 55 16 9 8 5 
17607500 17607677 0 0 0 -2 45 0 -3 47 -6 -15 -49 80 82 25 20 22 10 6 26 35 45 55 16 11 10 5 
17619500 17619530 0 0 0 46 73 0 44 72 44 35 -25 68 66 25 20 22 10 6 26 35 45 55 16 8 9 5 
17627500 17627745 0 0 0 88 114 0 86 111 88 79 -16 62 60 25 20 22 10 6 26 35 45 55 16 8 8 5 
17636000 17636184 0 0 0 83 114 0 89 121 89 80 -27 66 64 25 20 22 10 6 26 35 45 55 16 8 8 5 
17638000 17638185 0 13 0 48 87 -6 39 82 34 25 -40 73 74 25 20 22 10 6 26 35 45 55 16 8 10 5 
17641500 17641514 0 0 0 3 43 0 3 43 0 -9 -39 79 83 25 20 22 10 6 26 35 45 55 16 8 10 5 
17664500 17664500 0 0 0 26 55 0 27 54 26 17 -26 64 63 25 20 22 10 6 26 35 45 55 16 8 8 5 
17682000 17682207 0 0 0 -14 49 0 -11 48 -12 -21 -52 70 71 25 20 22 10 6 26 35 45 55 16 7 9 5 
17772000 17772198 0 0 0 -4 59 0 -4 61 -4 -13 -58 72 69 25 20 22 10 6 26 35 45 55 16 8 10 5 
17784000 17784100 0 0 0 28 69 0 26 68 28 19 -36 63 64 25 20 22 10 6 26 35 45 55 16 8 8 5 
17927500 17927563 0 0 0 -12 12 0 -13 12 -11 -20 -26 61 59 25 20 22 10 6 26 35 45 55 16 8 8 5 
17935500 17935642 0 0 0 -4 46 0 -8 44 -9 -18 -49 80 87 25 20 22 10 6 26 35 45 55 16 7 10 5 
18002000 18002059 0 0 0 -6 48 0 -7 45 -6 -15 -45 61 60 25 20 22 10 6 26 35 45 55 16 8 8 5 
18023000 18023011 0 0 0 -5 49 0 -4 52 -2 -11 -49 71 68 25 20 22 10 6 26 35 45 55 16 8 8 5 
18033500 18033709 0 0 0 5 43 0 5 44 7 -2 -34 65 64 25 20 22 10 6 26 35 45 55 16 8 8 5 
18211000 18211085 0 0 0 3 28 0 2 27 3 -6 -25 71 77 25 20 22 10 6 26 35 45 55 16 8 9 5 
18217500 18217576 0 0 0 38 64 0 38 64 39 30 -19 64 64 25 20 22 10 6 26 35 45 55 16 8 8 5 
18261500 18261574 0 0 0 31 58 0 27 56 31 22 -21 67 68 25 20 22 10 6 26 35 45 55 16 4 8 5 
18263500 18263634 0 13 0 16 47 5 17 48 18 9 -26 67 64 25 20 22 10 6 26 35 45 55 16 8 8 5 
18268000 18268259 0 0 0 -33 -3 0 -35 -5 -36 -45 -29 61 58 25 20 22 10 6 26 35 45 55 16 8 7 5 
18288500 18288592 0 0 0 -20 4 0 -21 2 -22 -31 -26 66 68 25 20 22 10 6 26 35 45 55 16 8 9 5 
18293500 18293664 0 13 0 28 61 5 30 65 28 19 -32 78 84 25 20 22 10 6 26 35 45 55 16 9 10 5 
18296500 18296622 0 0 0 50 87 0 51 90 53 44 -31 70 69 25 20 22 10 6 26 35 45 55 16 9 8 5 
18338500 18338733 0 0 0 49 86 0 51 88 55 46 -29 63 62 25 20 22 10 6 26 35 45 55 16 8 8 5 
18341000 18341019 0 13 0 38 72 19 43 74 43 34 -28 70 69 25 20 22 10 6 26 35 45 55 16 8 9 5 
18345500 18345710 0 0 0 -33 6 0 -36 3 -38 -47 -38 67 63 25 20 22 10 6 26 35 45 55 16 9 8 5 
18439500 18439590 0 0 0 -21 29 0 -22 29 -22 -31 -52 63 62 25 20 22 10 5 25 35 45 55 16 8 8 5 
18446000 18446081 0 13 0 40 79 32 45 86 50 41 -38 73 70 25 20 22 10 5 25 35 45 55 16 10 8 5 
18452000 18452107 0 0 0 36 66 0 33 64 34 25 -29 60 61 25 20 22 10 5 25 35 45 55 16 7 8 5 
18576500 18576673 0 0 0 37 71 0 38 72 38 29 -37 62 61 25 20 22 10 5 25 35 45 55 16 5 8 5 
18581000 18581173 0 13 0 31 71 14 31 71 24 15 -39 78 82 25 20 22 10 5 25 35 45 55 16 9 7 5 
18588500 18588507 0 0 0 -16 30 0 -18 29 -14 -23 -46 70 64 25 20 22 10 5 25 35 45 55 16 9 9 5 
18791500 18791689 0 0 0 -7 51 0 -8 51 -7 -16 -57 72 73 25 20 22 10 5 25 35 45 55 16 10 9 5 
18916000 18916123 0 -1 1 -56 1 -51 -59 -1 -60 -69 -57 94 97 25 20 22 10 6 26 35 45 55 16 12 6 5 
18935000 18935055 0 2 1 -111 -41 -107 -112 -42 -118 -127 -69 92 93 25 20 22 10 6 26 35 45 55 16 12 11 5 
18956500 18956685 0 -3 1 -53 9 -49 -50 13 -54 -63 -57 80 78 25 20 22 10 6 26 35 45 55 16 10 10 5 
19164500 19164660 0 0 0 0 63 0 -3 65 -5 -14 -63 80 76 25 20 22 10 6 26 35 45 55 16 10 10 5 
19459500 19459649 0 -1 1 -47 22 -55 -55 17 -58 -67 -69 94 94 25 20 22 10 6 26 35 45 55 16 12 11 5 
19493500 19493566 0 2 1 -99 -32 -109 -98 -29 -102 -111 -68 94 96 25 20 22 10 6 26 35 45 55 16 12 11 5 
19504000 19504172 0 -3 1 -39 35 -49 -38 37 -37 -46 -71 86 84 25 20 22 10 6 26 35 45 55 16 10 11 5 
19514500 19514969 0 -1 1 -45 30 -55 -54 21 -60 -69 -74 93 96 25 20 22 10 6 26 35 45 55 16 8 8 5 
19652500 19652528 0 2 1 -271 -148 -285 -277 -152 -282 -291 -123 98 97 25 20 22 10 6 26 35 45 55 16 13 13 5 
19833500 19833670 0 -3 1 -30 17 -50 -30 17 -33 -42 -46 83 84 25 20 22 10 6 26 35 45 55 16 10 11 5 
19942500 19942510 0 0 0 23 76 0 19 71 16 7 -48 93 96 25 20 22 10 6 26 35 45 55 16 8 9 5 
20135500 20135530 0 0 0 -5 52 0 -5 52 -6 -15 -52 86 89 25 20 22 10 6 26 35 45 55 16 11 11 5 
49000 49167 1 0 -1 0 0 0 0 0 0 -107 0 73 77 25 20 23 10 6 26 35 45 55 16 9 7 5 
80500 80539 1 0 0 29 81 0 31 82 26 -56 -50 70 69 25 20 22 10 6 26 35 45 55 16 9 9 5 
143500 143569 1 0 0 22 65 0 12 55 7 -75 -42 74 75 25 20 21 10 6 26 35 45 55 16 9 8 5 
229500 229573 1 0 0 21 77 0 20 78 15 -67 -58 69 69 25 20 21 10 6 26 35 45 55 16 9 8 5 
326500 326507 1 0 0 14 76 0 15 78 11 -71 -62 70 71 25 20 21 10 6 26 35 45 55 16 9 9 5 
456500 456590 1 0 0 4 53 0 7 56 2 -80 -48 74 72 25 20 21 10 6 26 35 45 55 16 9 10 5 
470500 470637 1 0 0 -27 35 0 -27 34 -31 -113 -62 74 75 25 20 21 10 6 26 35 45 55 16 9 8 5 
703000 703182 1 0 0 26 78 0 27 79 22 -60 -53 76 77 25 20 21 10 6 26 35 45 55 16 10 10 5 
1046500 1046624 1 0 0 33 86 0 35 87 29 -53 -53 72 72 25 20 21 10 6 26 35 45 55 16 9 9 5 
1476500 1476616 1 0 0 18 85 0 15 84 10 -72 -70 84 82 25 20 21 10 6 26 35 45 55 16 11 11 5 
1830000 1830067 1 0 0 -11 62 0 -11 64 -15 -97 -75 80 81 25 20 21 10 6 26 35 45 55 16 10 10 5 
2368000 2368179 1 0 0 2 58 0 4 62 -1 -83 -57 74 72 25 20 21 10 6 26 35 45 55 16 9 9 5 
2539000 2539144 1 0 0 9 71 0 13 73 7 -75 -60 78 78 25 20 21 10 6 26 35 45 55 16 10 10 5 
3555000 3555038 1 0 0 -2 53 0 -1 54 -6 -88 -56 71 72 25 20 21 10 6 26 35 45 55 16 8 9 5 
4352000 4352191 1 0 0 6 50 0 5 49 1 -81 -44 66 65 25 20 21 10 6 26 35 45 55 16 8 7 5 
4468000 4468051 1 0 0 6 60 0 6 61 2 -80 -55 70 68 25 20 21 10 6 26 35 45 55 16 8 9 5 
4669000 4669153 1 0 0 25 71 0 27 71 22 -60 -44 82 83 25 20 21 10 6 26 35 45 55 16 9 10 5 
4886000 4886105 1 0 0 -4 48 0 -1 51 -4 -86 -52 82 78 25 20 21 10 6 26 35 45 55 16 9 10 5 
5090500 5090597 1 0 0 7 57 0 10 61 6 -76 -51 79 72 25 20 21 10 6 26 35 45 55 16 9 7 5 
5958500 5958632 1 0 0 2 57 0 8 62 4 -78 -52 81 81 25 20 21 10 6 26 35 45 55 16 10 9 5 
6018500 6018640 1 -1 1 -49 2 -55 -36 7 -41 -123 -43 101 100 25 20 21 10 6 24 35 45 55 16 10 9 5 
6028500 6028593 1 2 1 -111 -56 -117 -118 -61 -123 -205 -57 97 98 25 20 21 10 6 26 35 45 55 16 13 13 5 
6051500 6051593 1 -3 1 -39 23 -47 -37 25 -44 -126 -63 81 79 25 20 21 10 6 26 35 45 55 16 9 8 5 
6088000 6088167 1 0 0 10 68 0 12 69 8 -74 -57 75 75 25 20 21 10 6 26 35 45 55 16 9 8 5 
6500500 6500694 1 0 0 20 63 0 21 61 16 -66 -40 75 73 25 20 21 10 6 26 35 45 55 16 8 9 5 
6930000 6930093 1 0 0 1 47 0 3 48 -1 -83 -44 79 77 25 20 21 10 6 26 35 45 55 16 10 10 5 
7098500 7098667 1 0 0 0 40 0 4 45 -4 -86 -43 78 79 25 20 21 10 6 26 35 45 55 16 10 10 5 
7201500 7201537 1 -1 1 -52 -8 -54 -46 -5 -50 -132 -42 104 104 25 20 21 10 6 24 35 45 55 16 12 12 5 
7216000 7216029 1 2 1 -119 -63 -121 -120 -62 -124 -206 -58 98 96 25 20 21 10 6 26 35 45 55 16 13 11 5 
7230000 7230135 1 -3 1 -46 7 -48 -44 9 -48 -130 -54 87 87 25 20 21 10 6 26 35 45 55 16 11 8 5 
7502000 7502162 1 0 0 6 49 0 16 61 11 -71 -46 84 81 25 20 21 10 6 26 35 45 55 16 8 8 5 
7895500 7895586 1 0 0 3 41 0 6 43 1 -81 -37 90 87 25 20 21 10 6 26 35 45 55 16 11 10 5 
8323000 8323041 1 0 0 -4 41 0 -3 43 -8 -90 -47 79 75 25 20 21 10 6 26 35 45 55 16 10 10 5 
8795500 8795544 1 0 0 16 54 0 15 55 10 -72 -40 85 87 25 20 21 10 6 26 35 45 55 16 9 10 5 
9212000 9212132 1 0 0 19 50 0 23 53 19 -63 -30 76 77 25 20 21 10 6 26 35 45 55 16 7 10 5 
9613000 9613295 1 0 0 28 72 0 29 70 26 -56 -39 74 75 25 20 21 10 6 26 35 45 55 16 8 9 5 
9669000 9669082 1 -1 1 -31 6 -51 -26 12 -31 -113 -38 95 98 25 20 21 10 6 26 35 45 55 16 10 8 5 
9696000 9696030 1 2 1 -90 -43 -106 -86 -43 -91 -173 -45 95 97 25 20 21 10 6 26 35 45 55 16 6 12 5 
9711000 9711174 1 -3 1 -36 8 -49 -31 13 -35 -117 -44 82 79 25 20 21 10 6 26 35 45 55 16 10 7 5 
9789500 9789602 1 0 0 2 49 0 4 51 0 -82 -46 72 70 25 20 21 10 6 26 35 45 55 16 8 9 5 
10157500 10157693 1 -1 1 -39 35 -51 -33 40 -37 -119 -72 97 99 25 20 22 10 6 26 35 45 55 16 5 7 5 
10271500 10271505 1 2 1 -187 -106 -202 -194 -104 -199 -281 -90 101 99 25 20 22 10 6 26 35 45 55 16 10 10 5 
10399500 10400144 1 -3 1 -31 36 -50 -26 41 -31 -113 -67 89 94 25 20 22 10 5 25 35 45 55 16 6 11 5 
10787000 10787089 1 0 0 29 84 0 31 86 27 -55 -54 66 71 25 20 22 10 5 25 35 45 55 16 9 8 5 
11030500 11030608 1 0 0 -2 62 0 -1 62 -6 -88 -63 65 64 25 20 22 10 5 25 35 45 55 16 8 8 5 
11226000 11226144 1 0 0 10 66 0 10 66 7 -75 -55 62 62 25 20 22 10 5 25 35 45 55 16 8 8 5 
11307000 11307298 1 0 0 11 74 0 12 78 8 -74 -66 67 64 25 20 22 10 5 25 35 45 55 16 5 9 5 
11314500 11314641 1 13 0 -45 24 -9 -54 18 -59 -141 -71 76 81 25 20 22 10 5 25 35 45 55 16 5 9 5 
11318500 11318640 1 0 0 -61 20 0 -62 20 -65 -147 -81 64 64 25 20 22 10 5 25 35 45 55 16 8 8 5 
11397000 11397240 1 0 0 -49 22 0 -47 23 -51 -133 -70 64 63 25 20 22 10 5 25 35 45 55 16 8 8 5 
11414000 11414045 1 0 0 -15 53 0 -14 54 -18 -100 -69 69 71 25 20 22 10 5 25 35 45 55 16 8 8 5 
11421000 11421094 1 13 0 -77 -6 -19 -76 -5 -83 -165 -73 64 63 25 20 22 10 5 25 35 45 55 16 8 8 5 
11426500 11426530 1 0 0 -92 -21 0 -92 -22 -96 -178 -69 61 60 25 20 22 10 5 25 35 45 55 16 7 8 5 
11609500 11609687 1 0 0 -83 -17 0 -81 -15 -86 -168 -66 64 59 25 20 22 10 5 25 35 45 55 16 8 8 5 
11612000 11612140 1 13 0 -44 21 17 -45 20 -48 -130 -63 71 69 25 20 22 10 5 25 35 45 55 16 9 8 5 
11616500 11616625 1 0 0 -23 57 0 -24 56 -29 -111 -80 67 66 25 20 22 10 5 25 35 45 55 16 9 8 5 
11688500 11688615 1 0 0 -8 58 0 -7 59 -13 -95 -65 65 65 25 20 22 10 5 25 35 45 55 16 8 8 5 
11745000 11745054 1 0 0 -48 17 0 -46 20 -50 -132 -67 84 83 25 20 22 10 5 25 35 45 55 16 11 10 5 
11835000 11835062 1 0 0 10 73 0 18 78 15 -67 -60 81 87 25 20 22 10 5 25 35 45 55 16 8 5 5 
11862500 11862626 1 0 0 -13 61 0 -11 64 -15 -97 -74 65 62 25 20 22 10 5 25 35 45 55 16 5 8 5 
11906000 11906020 1 0 0 -21 43 0 -20 44 -27 -109 -65 62 60 25 20 22 10 5 25 35 45 55 16 8 8 5 
11912000 11912019 1 0 0 15 58 0 12 58 7 -75 -45 78 79 25 20 22 10 5 25 35 45 55 16 9 4 5 
11917500 11917649 1 13 0 -65 13 -20 -75 9 -78 -160 -83 79 74 25 20 22 10 5 25 35 45 55 16 11 9 5 
11922000 11922155 1 0 0 -94 -3 0 -97 -3 -102 -184 -94 69 68 25 20 22 10 5 25 35 45 55 16 9 8 5 
11928000 11928014 1 0 0 -41 29 0 -34 36 -40 -122 -71 78 84 25 20 22 10 5 25 35 45 55 16 10 7 5 
12007000 12007167 1 0 0 -22 49 0 -18 51 -25 -107 -71 61 60 25 20 22 10 5 25 35 45 55 16 8 8 5 
12183500 12183748 1 0 0 -16 59 0 -17 60 -21 -103 -78 61 60 25 20 22 10 5 25 35 45 55 16 7 7 5 
12201500 12201695 1 0 0 -8 45 0 -5 46 -10 -92 -51 61 62 25 20 22 10 5 25 35 45 55 16 8 8 5 
12526000 12526007 1 0 0 12 67 0 15 71 10 -72 -56 66 69 25 20 22 10 5 25 35 45 55 16 8 8 5 
12539000 12539101 1 13 0 20 69 30 19 66 14 -68 -48 73 75 25 20 22 10 5 25 35 45 55 16 8 3 5 
12558000 12558131 1 0 0 -43 36 0 -39 40 -43 -125 -80 91 91 25 20 22 10 5 25 35 45 55 16 12 12 5 
12639500 12639636 1 0 0 -15 59 0 -15 59 -20 -102 -73 73 76 25 20 22 10 5 25 35 45 55 16 8 6 5 
12648000 12648053 1 -1 1 -76 9 -61 -79 9 -84 -166 -88 95 90 25 20 22 10 5 25 35 45 55 16 12 12 5 
12689500 12689610 1 2 1 -158 -66 -143 -158 -67 -164 -246 -91 89 90 25 20 22 10 5 25 35 45 55 16 11 11 5 
12750000 12750040 1 -3 1 -65 17 -49 -67 16 -72 -154 -83 69 66 25 20 22 10 5 25 35 45 55 16 8 6 5 
12903000 12903166 1 0 0 -16 58 0 -15 58 -19 -101 -73 77 81 25 20 22 10 5 25 35 45 55 16 10 9 5 
12986000 12986146 1 0 0 -20 53 0 -17 56 -21 -103 -73 61 60 25 20 22 10 5 25 35 45 55 16 7 8 5 
13004000 13004119 1 0 0 -11 48 0 -13 48 -18 -100 -62 76 79 25 20 22 10 5 25 35 45 55 16 9 10 5 
13207500 13207646 1 0 0 -9 61 0 -9 62 -13 -95 -72 59 56 25 20 22 10 5 25 35 45 55 16 7 7 5 
13352000 13352206 1 0 0 3 59 0 4 59 0 -82 -55 62 62 25 20 22 10 5 25 35 45 55 16 8 7 5 
13392500 13392613 1 -1 1 -52 23 -55 -56 24 -62 -144 -79 78 81 25 20 22 10 5 25 35 45 55 16 8 9 5 
13427000 13427181 1 2 1 -97 -18 -99 -93 -14 -100 -182 -80 60 60 25 20 22 10 5 25 35 45 55 16 8 7 5 
13449500 13449668 1 -3 1 -41 37 -43 -34 45 -40 -122 -80 67 66 25 20 22 10 5 25 35 45 55 16 8 9 5 
13637000 13637120 1 0 0 0 58 0 2 60 -3 -85 -60 63 64 25 20 22 10 5 25 35 45 55 16 5 8 5 
13707000 13707088 1 -1 1 -53 23 -53 -51 26 -55 -137 -77 92 93 25 20 22 10 5 25 35 45 55 16 12 7 5 
13737000 13737185 1 2 1 -109 -30 -109 -111 -33 -116 -198 -79 75 71 25 20 22 10 5 25 35 45 55 16 7 9 5 
13755500 13755542 1 -3 1 -49 21 -50 -44 25 -50 -132 -69 71 61 25 20 22 10 5 25 35 45 55 16 9 8 5 
13837000 13837418 1 -1 1 -55 21 -56 -65 16 -70 -152 -81 92 91 25 20 22 10 5 25 35 45 55 16 8 9 5 
13842500 13842709 1 2 1 -125 -36 -126 -129 -39 -134 -216 -90 71 69 25 20 22 10 5 25 35 45 55 16 9 9 5 
13861500 13861550 1 -3 1 -48 29 -49 -45 31 -49 -131 -76 77 82 25 20 22 10 5 25 35 45 55 16 9 10 5 
13993000 13993076 1 0 0 2 70 0 6 75 0 -82 -71 76 82 25 20 22 10 5 25 35 45 55 16 10 9 5 
14118000 14118022 1 0 0 -20 41 0 -20 42 -24 -106 -61 62 60 25 20 22 10 5 25 35 45 55 16 8 8 5 
14133500 14133735 1 0 0 -16 56 0 -16 56 -21 -103 -72 62 61 25 20 22 10 5 25 35 45 55 16 8 8 5 
14216000 14216033 1 0 0 -21 52 0 -23 53 -28 -110 -77 62 60 25 20 22 10 5 25 35 45 55 16 7 8 5 
14238000 14238138 1 0 0 6 61 0 7 61 3 -79 -55 69 66 25 20 22 10 5 25 35 45 55 16 10 8 5 
14263000 14263231 1 0 0 -1 63 0 2 65 -2 -84 -63 65 64 25 20 22 10 5 25 35 45 55 16 8 8 5 
14368000 14368078 1 0 0 11 79 0 12 81 8 -74 -69 69 69 25 20 22 10 5 25 35 45 55 16 9 9 5 
14559500 14559519 1 0 0 -50 22 0 -45 25 -50 -132 -70 69 66 25 20 22 10 5 25 35 45 55 16 9 8 5 
14885500 14885752 1 0 0 -68 19 0 -64 23 -69 -151 -88 59 59 25 20 22 10 5 25 35 45 55 16 7 8 5 
14893500 14893691 1 13 0 17 96 51 36 114 31 -51 -79 79 86 25 20 22 10 5 25 35 45 55 16 2 8 5 
14903000 14903106 1 0 0 6 64 0 9 66 3 -79 -58 66 65 25 20 22 10 5 25 35 45 55 16 8 9 5 
14981500 14981560 1 0 0 -5 61 0 -1 64 -5 -87 -65 60 58 25 20 22 10 5 25 35 45 55 16 8 7 5 
14991000 14991033 1 13 0 9 83 52 20 89 15 -67 -69 87 89 25 20 22 10 5 25 35 45 55 16 5 9 5 
15000000 15000123 1 0 0 -78 1 0 -79 0 -83 -165 -80 67 65 25 20 22 10 5 25 35 45 55 16 8 9 5 
15465000 15465140 1 0 0 -7 63 0 -3 66 -7 -89 -69 86 86 25 20 22 10 5 25 35 45 55 16 11 9 5 
15478500 15478636 1 -1 1 -58 13 -52 -56 16 -59 -141 -69 87 88 25 20 22 10 5 25 35 45 55 16 11 11 5 
15582000 15582145 1 2 1 -365 -227 -365 -364 -228 -370 -452 -137 89 87 25 20 22 10 5 25 35 45 55 16 7 8 5 
15621000 15621123 1 -3 1 -48 53 -50 -44 56 -49 -131 -100 76 72 25 20 22 10 5 25 35 45 55 16 9 10 5 
15640500 15640556 1 0 0 4 94 0 8 99 4 -78 -91 77 76 25 20 22 10 5 25 35 45 55 16 11 10 5 
15808000 15808062 1 0 0 5 77 0 5 79 0 -82 -74 78 81 25 20 22 10 5 25 35 45 55 16 10 9 5 
15887000 15887053 1 0 0 31 86 0 32 88 26 -56 -55 80 81 25 20 22 10 5 25 35 45 55 16 10 10 5 
15940500 15940640 1 0 0 -20 48 0 -17 51 -21 -103 -69 80 81 25 20 22 10 5 25 35 45 55 16 10 10 5 
15997000 15997094 1 -1 1 -69 9 -53 -67 11 -70 -152 -77 89 89 25 20 22 10 5 25 35 45 55 16 11 12 5 
16101500 16101608 1 2 1 -352 -219 -342 -360 -226 -363 -445 -133 96 96 25 20 22 10 5 25 35 45 55 16 12 12 5 
16180500 16180555 1 -3 1 -52 64 -46 -53 64 -56 -138 -116 84 81 25 20 22 10 5 25 35 45 55 16 11 11 5 
16360500 16360559 1 0 0 5 78 0 8 80 3 -79 -72 76 73 25 20 22 10 5 25 35 45 55 16 10 9 5 
16742000 16742068 1 0 0 -6 67 0 -5 70 -9 -91 -76 72 68 25 20 22 10 6 26 35 45 55 16 10 8 5 
16772000 16772019 1 -1 1 -56 22 -51 -50 25 -55 -137 -77 99 102 25 20 22 10 5 23 35 45 55 16 11 13 5 
16820000 16820147 1 2 1 -139 -50 -136 -136 -50 -140 -222 -86 87 86 25 20 22 10 6 26 35 45 55 16 11 11 5 
16853500 16853666 1 -3 1 -49 28 -48 -48 30 -53 -135 -79 72 70 25 20 22 10 6 26 35 45 55 16 9 9 5 
17023000 17023197 1 0 0 7 76 0 8 77 3 -79 -70 73 68 25 20 22 10 6 26 35 45 55 16 7 8 5 
17049500 17049597 1 0 0 18 74 0 16 73 13 -69 -56 82 88 25 20 22 10 6 26 35 45 55 16 9 5 5 
17059000 17059046 1 0 0 -46 18 0 -48 16 -52 -134 -66 66 63 25 20 22 10 6 26 35 45 55 16 8 8 5 
17234000 17234109 1 0 0 -96 -50 0 -98 -54 -104 -186 -46 66 64 25 20 22 10 6 26 35 45 55 16 8 8 5 
17236500 17236546 1 13 0 -46 15 5 -57 8 -61 -143 -65 77 80 25 20 22 10 6 26 35 45 55 16 8 6 5 
17239500 17239718 1 0 0 4 71 0 13 78 8 -74 -66 88 92 25 20 22 10 6 26 35 45 55 16 4 12 5 
17274500 17274666 1 0 0 4 73 0 2 73 -3 -85 -71 68 63 25 20 22 10 6 26 35 45 55 16 8 8 5 
17464000 17464075 1 0 0 17 76 0 18 77 14 -68 -59 68 67 25 20 22 10 6 26 35 45 55 16 8 9 5 
17475000 17475065 1 0 0 -72 -7 0 -76 -10 -79 -161 -65 65 62 25 20 22 10 6 26 35 45 55 16 8 8 5 
17664500 17664500 1 0 0 -76 -24 0 -71 -21 -75 -157 -50 64 63 25 20 22 10 6 26 35 45 55 16 8 8 5 
17681500 17681564 1 0 0 13 80 0 15 81 10 -72 -67 69 70 25 20 22 10 6 26 35 45 55 16 7 9 5 
17771500 17771529 1 0 0 18 83 0 15 81 11 -71 -66 70 65 25 20 22 10 6 26 35 45 55 16 8 9 5 
17779000 17779126 1 13 0 -68 -5 -32 -69 -9 -73 -155 -60 71 65 25 20 22 10 6 26 35 45 55 16 10 8 5 
17784500 17784565 1 0 0 -76 -13 0 -77 -11 -81 -163 -66 63 64 25 20 22 10 6 26 35 45 55 16 8 8 5 
17928500 17928561 1 0 0 -54 2 0 -52 4 -58 -140 -57 61 61 25 20 22 10 6 26 35 45 55 16 8 8 5 
17932000 17932169 1 13 0 -32 26 -17 -36 24 -40 -122 -61 71 69 25 20 22 10 6 26 35 45 55 16 8 7 5 
17934500 17934789 1 0 0 13 69 0 24 79 19 -63 -56 81 89 25 20 22 10 6 26 35 45 55 16 7 10 5 
18001500 18001560 1 0 0 13 65 0 15 65 9 -73 -51 60 60 25 20 22 10 6 26 35 45 55 16 7 8 5 
18023000 18023011 1 0 0 26 77 0 26 79 20 -62 -53 71 68 25 20 22 10 6 26 35 45 55 16 8 8 5 
18032000 18032091 1 0 0 -95 -26 0 -94 -25 -99 -181 -68 65 64 25 20 22 10 6 26 35 45 55 16 8 8 5 
18288500 18288592 1 0 0 -58 6 0 -58 7 -63 -145 -65 66 68 25 20 22 10 6 26 35 45 55 16 8 9 5 
18295500 18295586 1 0 0 -59 7 0 -60 7 -66 -148 -67 74 73 25 20 22 10 6 26 35 45 55 16 10 9 5 
18338500 18338733 1 0 0 -99 -46 0 -99 -45 -102 -184 -53 63 62 25 20 22 10 6 26 35 45 55 16 8 8 5 
18341500 18341653 1 13 0 -54 8 18 -47 16 -52 -134 -64 72 69 25 20 22 10 6 26 35 45 55 16 9 10 5 
18346000 18346184 1 0 0 -32 37 0 -37 33 -41 -123 -70 66 64 25 20 22 10 6 26 35 45 55 16 8 8 5 
18441000 18441034 1 0 0 -17 52 0 -14 56 -18 -100 -70 66 63 25 20 22 10 5 25 35 45 55 16 8 8 5 
18446000 18446081 1 13 0 -32 32 9 -26 38 -31 -113 -63 73 70 25 20 22 10 5 25 35 45 55 16 10 8 5 
18453000 18453097 1 0 0 -76 -20 0 -75 -20 -81 -163 -57 60 61 25 20 22 10 5 25 35 45 55 16 7 8 5 
18575500 18575691 1 0 0 -80 -19 0 -81 -21 -87 -169 -61 62 63 25 20 22 10 5 25 35 45 55 16 5 8 5 
18579500 18579504 1 13 0 -35 27 4 -33 29 -39 -121 -64 71 68 25 20 22 10 5 25 35 45 55 16 8 8 5 
18585500 18585551 1 0 0 23 77 0 18 73 13 -69 -54 85 92 25 20 22 10 5 25 35 45 55 16 12 10 5 
18795000 18795079 1 0 0 16 79 0 15 81 11 -71 -66 64 65 25 20 22 10 5 25 35 45 55 16 8 8 5 
18879500 18879653 1 -1 1 -41 24 -51 -36 28 -40 -122 -62 86 87 25 20 22 10 5 25 35 45 55 16 11 11 5 
18935000 18935055 1 2 1 -88 -8 -94 -88 -8 -92 -174 -80 92 93 25 20 22 10 6 26 35 45 55 16 12 11 5 
18966500 18966884 1 -3 1 -46 35 -50 -40 41 -47 -129 -83 83 77 25 20 22 10 6 26 35 45 55 16 6 9 5 
19170000 19170100 1 0 0 -10 59 0 -6 62 -12 -94 -69 85 85 25 20 22 10 6 26 35 45 55 16 10 11 5 
19516000 19516072 1 -1 1 -48 43 -57 -49 41 -53 -135 -90 95 96 25 20 22 10 6 26 35 45 55 16 6 11 5 
19618500 19618546 1 2 1 -256 -143 -271 -241 -140 -247 -329 -102 99 101 25 20 22 10 6 24 35 45 55 16 13 10 5 
19815000 19815015 1 -3 1 -25 38 -50 -22 40 -26 -108 -62 80 82 25 20 22 10 6 26 35 45 55 16 7 10 5 
19939500 19939501 1 0 0 32 83 0 40 90 35 -47 -49 96 97 25 20 22 10 6 26 35 45 55 16 8 12 5 
20137500 20137632 1 0 0 -12 49 0 -10 50 -14 -96 -61 85 87 25 20 22 10 6 26 35 45 55 16 11 11 5 
