65500 65652 0 0 -1 0 0 0 0 0 0 28 0 68 68 25 20 17 10 13 33 35 45 55 16 7 9 5 
112500 113561 0 -1 1 -63 -89 -54 -71 -97 -70 -43 27 88 91 25 20 17 10 13 33 35 45 55 16 5 3 5 
145000 145117 0 2 1 -215 -223 -199 -218 -225 -218 -191 8 70 68 25 20 17 10 13 33 35 45 55 16 9 9 5 
189500 189563 0 -3 1 -71 -41 -46 -76 -44 -75 -48 -32 106 109 25 20 17 10 13 31 35 45 55 16 12 7 5 
267000 267117 0 0 0 -40 -64 0 -41 -65 -42 -15 22 71 70 25 20 17 10 13 33 35 45 55 16 9 6 5 
313000 313141 0 0 0 -25 -47 0 -27 -48 -28 -1 21 70 71 25 20 17 10 13 33 35 45 55 16 8 7 5 
380500 380514 0 0 0 -16 -48 0 -16 -51 -16 11 34 90 92 25 20 17 10 13 33 35 45 55 16 10 8 5 
437500 437762 0 -1 1 -68 -81 -51 -69 -82 -68 -41 13 66 65 25 20 16 10 14 34 35 45 55 16 7 8 5 
471500 471579 0 2 1 -187 -181 -170 -197 -186 -194 -167 -12 90 90 25 20 16 10 15 35 35 45 55 16 9 4 5 
509500 509661 0 -3 1 -64 -83 -47 -63 -79 -66 -39 15 66 66 25 20 16 10 15 35 35 45 55 16 7 8 5 
538000 538095 0 0 0 -18 -30 0 -16 -28 -15 12 12 70 70 25 20 16 10 15 35 35 45 55 16 9 6 5 
712500 712553 0 0 0 3 -22 0 2 -22 2 29 23 66 65 25 20 16 10 15 35 35 45 55 16 6 8 5 
919000 919171 0 0 0 -18 -63 0 -22 -66 -23 4 44 82 85 25 20 17 10 15 35 35 45 55 16 9 11 5 
946000 946236 0 -1 1 -74 -113 -52 -74 -113 -88 -46 40 99 103 25 20 18 10 15 33 35 45 55 16 10 6 5 
990000 990353 0 2 1 -204 -199 -176 -215 -202 -229 -187 -12 72 78 25 20 18 10 15 35 35 45 55 16 6 6 5 
1057000 1057611 0 -3 1 -89 -91 -50 -87 -91 -101 -59 5 71 79 25 20 17 10 15 35 35 45 55 16 3 9 5 
1129000 1129634 0 0 0 -50 -74 0 -52 -76 -55 -28 24 77 82 25 20 17 10 15 35 35 45 55 16 7 6 5 
1314500 1314631 0 0 0 -47 -64 0 -49 -66 -49 -22 17 61 61 25 20 16 10 15 35 35 45 55 16 8 8 5 
1389000 1389758 0 -1 1 -104 -111 -52 -118 -124 -131 -89 7 74 68 25 20 16 10 15 35 35 45 55 16 4 6 5 
1417500 1417599 0 2 1 -149 -155 -95 -149 -156 -161 -119 8 62 62 25 20 16 10 15 35 35 45 55 16 8 8 5 
1435500 1435721 0 -3 1 -104 -123 -49 -103 -122 -115 -73 19 61 61 25 20 16 10 15 35 35 45 55 16 7 8 5 
1520500 1520736 0 0 0 -61 -69 0 -64 -70 -64 -37 5 63 61 25 20 16 10 15 35 35 45 55 16 8 8 5 
1532000 1532165 0 0 0 -57 -71 0 -57 -72 -59 -32 13 62 63 25 20 16 10 15 35 35 45 55 16 8 8 5 
1538000 1538039 0 13 0 -34 -43 -7 -36 -50 -35 -8 14 82 86 25 20 16 10 15 35 35 45 55 16 6 11 5 
1542000 1542111 0 0 0 -7 -25 0 -6 -18 -9 18 13 87 84 25 20 17 10 15 35 35 45 55 16 9 4 5 
1556500 1557645 0 0 0 -2 -39 0 -3 -42 -3 24 39 91 89 25 20 17 10 15 35 35 45 55 16 3 5 5 
1606000 1606000 0 0 0 2 -25 0 0 -26 -3 24 26 76 82 25 20 17 10 15 35 35 45 55 16 6 9 5 
1659500 1659578 0 0 0 -18 -43 0 -18 -44 -19 8 26 78 69 25 20 17 10 15 35 35 45 55 16 6 4 5 
1697500 1697701 0 -1 1 -76 -104 -51 -82 -109 -81 -54 27 86 93 25 20 17 10 14 34 35 45 55 16 0 1 5 
1758000 1758126 0 2 1 -222 -204 -187 -218 -201 -218 -191 -16 90 85 25 20 17 10 13 33 35 45 55 16 10 6 5 
1764000 1764009 0 -3 1 -85 -111 -49 -83 -113 -82 -55 31 84 68 25 20 17 10 13 33 35 45 55 16 8 5 5 
1875000 1875182 0 0 0 -54 -67 0 -54 -68 -54 -27 15 66 67 25 20 16 10 13 33 35 45 55 16 8 8 5 
1955500 1955703 0 0 0 -51 -63 0 -51 -63 -52 -25 11 61 60 25 20 16 10 14 34 35 45 55 16 8 8 5 
2009000 2009004 0 -1 1 -106 -116 -55 -103 -112 -117 -75 8 90 82 25 20 16 10 13 33 35 45 55 16 8 8 5 
2044000 2044456 0 2 1 -206 -213 -156 -211 -216 -225 -183 6 81 85 25 20 16 10 13 33 35 45 55 16 6 8 5 
2071000 2071246 0 -3 1 -99 -105 -49 -101 -108 -115 -73 6 71 67 25 20 16 10 13 33 35 45 55 16 6 5 5 
2105500 2105606 0 0 0 -49 -66 0 -48 -67 -47 -20 18 80 81 25 20 16 10 13 33 35 45 55 16 7 7 5 
2263000 2263134 0 0 0 -50 -66 0 -53 -67 -53 -26 13 80 79 25 20 16 10 13 33 35 45 55 16 10 10 5 
2275500 2275845 0 -1 1 -107 -115 -54 -114 -118 -125 -83 5 86 97 25 20 16 10 13 33 35 45 55 16 2 9 5 
2292000 2292121 0 2 1 -208 -200 -152 -209 -201 -225 -183 -8 72 71 25 20 17 10 13 33 35 45 55 16 9 9 5 
2338500 2338503 0 -3 1 -113 -118 -50 -115 -118 -131 -89 1 68 70 25 20 17 10 13 33 35 45 55 16 8 6 5 
2409500 2409660 0 0 0 -76 -87 0 -78 -88 -79 -52 9 72 74 25 20 16 10 13 33 35 45 55 16 9 7 5 
2604500 2604540 0 0 0 -61 -71 0 -62 -71 -76 -34 8 66 65 25 20 16 10 13 33 35 45 55 16 8 6 5 
2732000 2732113 0 0 0 -54 -68 0 -56 -69 -57 -30 14 73 72 25 20 16 10 13 33 35 45 55 16 5 4 5 
2741500 2741650 0 0 0 -41 -42 0 -55 -51 -56 -29 -5 83 82 25 20 16 10 13 33 35 45 55 16 9 10 5 
2751000 2751354 0 13 0 33 -13 -10 62 9 62 89 54 85 91 25 20 17 10 14 34 35 45 55 16 2 9 5 
2756000 2756092 0 0 0 87 27 0 86 24 87 114 63 76 91 25 20 17 10 14 34 35 45 55 16 0 9 5 
2777000 2777541 0 0 0 126 54 0 124 54 124 151 69 68 74 25 20 17 10 14 34 35 45 55 16 5 8 5 
2799500 2799621 0 0 0 109 49 0 108 49 108 135 60 62 62 25 20 17 10 14 34 35 45 55 16 8 8 5 
2819500 2820691 0 -1 1 15 -13 -73 -51 -53 -64 -22 2 73 88 25 20 17 10 14 34 35 45 55 16 0 10 5 
2824500 2824554 0 2 1 -56 -54 -139 -59 -56 -72 -30 -3 72 75 25 20 17 10 14 34 35 45 55 16 9 8 5 
2833500 2833881 0 -3 1 35 -8 -38 43 -4 29 71 46 72 81 25 20 17 10 14 34 35 45 55 16 5 8 5 
2861500 2861738 0 0 0 43 6 0 41 5 41 68 36 63 63 25 20 17 10 14 34 35 45 55 16 8 8 5 
2960500 2960598 0 0 0 59 19 0 58 19 60 87 40 66 68 25 20 17 10 14 34 35 45 55 16 8 6 5 
2968000 2968348 0 0 0 69 25 0 74 28 60 102 47 66 72 25 20 16 10 14 34 35 45 55 16 5 6 5 
2974500 2975733 0 13 0 -26 -36 -5 -84 -74 -98 -56 -9 72 87 25 20 16 10 14 34 35 45 55 16 0 6 5 
2979500 2979596 0 0 0 -91 -84 0 -93 -86 -109 -67 -8 66 61 25 20 16 10 15 35 35 45 55 16 8 8 5 
2990500 2990680 0 0 0 -65 -59 0 -65 -59 -64 -37 -4 73 75 25 20 15 10 15 35 35 45 55 16 6 3 5 
3022500 3022529 0 0 0 -82 -77 0 -83 -78 -84 -57 -6 64 64 25 20 16 10 15 35 35 45 55 16 8 5 5 
3043000 3043055 0 -1 1 -127 -116 -50 -130 -119 -146 -104 -11 73 71 25 20 16 10 14 34 35 45 55 16 9 7 5 
3080500 3080500 0 2 1 -199 -193 -132 -202 -196 -218 -176 -8 70 67 25 20 17 10 14 34 35 45 55 16 9 5 5 
3105000 3105087 0 -3 1 -108 -119 -48 -109 -122 -124 -82 11 76 79 25 20 17 10 14 34 35 45 55 16 4 5 5 
3140500 3140716 0 0 0 -52 -56 0 -52 -57 -51 -24 4 80 90 25 20 16 10 14 34 35 45 55 16 8 10 5 
3313000 3313002 0 0 0 -50 -79 0 -48 -79 -44 -17 30 91 91 25 20 16 10 13 33 35 45 55 16 11 12 5 
3387000 3387121 0 -1 1 -103 -139 -51 -110 -142 -123 -81 31 100 106 25 20 16 10 12 30 35 45 55 16 7 13 5 
3435000 3435070 0 2 1 -375 -318 -320 -378 -318 -389 -347 -61 72 62 25 20 16 10 12 32 35 45 55 16 2 5 5 
3477000 3477001 0 -3 1 -106 -70 -50 -104 -69 -117 -75 -35 75 72 25 20 16 10 12 32 35 45 55 16 9 7 5 
3583000 3583228 0 0 0 -60 -66 0 -65 -68 -65 -38 3 72 68 25 20 16 10 13 33 35 45 55 16 7 6 5 
3607000 3607451 0 0 0 -53 -70 0 -53 -69 -68 -26 17 84 83 25 20 16 10 13 33 35 45 55 16 8 11 5 
3637000 3637168 0 0 0 -5 -60 0 -7 -60 -22 20 53 87 85 25 20 16 10 13 33 35 45 55 16 11 7 5 
3674500 3674512 0 0 0 -59 -79 0 -61 -80 -77 -35 18 76 74 25 20 16 10 13 33 35 45 55 16 9 4 5 
3714000 3714109 0 0 0 -74 -92 0 -75 -95 -90 -48 20 76 86 25 20 17 10 13 33 35 45 55 16 6 9 5 
3742500 3742643 0 0 0 -30 -56 0 -32 -59 -46 -4 27 90 92 25 20 17 10 13 33 35 45 55 16 11 10 5 
3789500 3789954 0 0 0 -20 -75 0 -38 -77 -37 -10 40 100 111 25 20 17 10 13 29 35 45 55 16 1 10 5 
3820500 3820558 0 -1 1 -83 -118 -54 -86 -121 -85 -58 36 107 104 25 20 17 10 13 31 35 45 55 16 7 0 5 
3860000 3860454 0 2 1 -254 -284 -212 -257 -286 -256 -229 29 96 94 25 20 17 10 13 33 35 45 55 16 5 12 5 
3903000 3903015 0 -3 1 -104 -90 -50 -103 -88 -101 -74 -15 81 78 25 20 16 10 13 33 35 45 55 16 11 8 5 
3974000 3974061 0 0 0 -76 -89 0 -75 -87 -73 -46 11 75 77 25 20 16 10 13 33 35 45 55 16 5 9 5 
4084000 4084090 0 0 0 -25 -57 0 -25 -61 -38 4 36 82 74 25 20 16 10 13 33 35 45 55 16 9 5 5 
4129000 4129128 0 0 0 -35 -62 0 -33 -59 -30 -3 26 82 79 25 20 16 10 13 33 35 45 55 16 10 9 5 
4172000 4172794 0 0 0 9 -26 0 -1 -30 1 28 30 85 87 25 20 16 10 13 33 35 45 55 16 7 10 5 
4189500 4189575 0 -1 1 -46 -66 -50 -48 -67 -63 -21 17 79 80 25 20 17 10 13 33 35 45 55 16 10 10 5 
4230000 4230027 0 2 1 -233 -238 -227 -237 -244 -252 -210 6 73 67 25 20 17 10 13 33 35 45 55 16 8 8 5 
4289500 4289679 0 -3 1 -70 -69 -47 -63 -62 -77 -35 0 81 85 25 20 17 10 13 33 35 45 55 16 7 9 5 
4350000 4350170 0 0 0 -38 -69 0 -33 -65 -32 -5 32 71 70 25 20 17 10 13 33 35 45 55 16 5 8 5 
4422500 4423152 0 0 0 -44 -67 0 -43 -68 -56 -14 23 71 71 25 20 16 10 13 33 35 45 55 16 6 6 5 
4470000 4471303 0 0 0 -50 -71 0 -43 -64 -57 -15 21 69 75 25 20 16 10 13 33 35 45 55 16 0 3 5 
4507000 4507703 0 -1 1 -104 -108 -51 -107 -112 -122 -80 6 79 82 25 20 16 10 13 33 35 45 55 16 3 3 5 
4519000 4519552 0 2 1 -221 -204 -168 -221 -205 -236 -194 -16 72 74 25 20 16 10 13 33 35 45 55 16 3 6 5 
4563500 4564276 0 -3 1 -108 -114 -50 -110 -117 -123 -81 8 67 68 25 20 16 10 14 34 35 45 55 16 6 5 5 
4586500 4586694 0 0 0 -59 -64 0 -60 -65 -73 -31 5 65 64 25 20 16 10 14 34 35 45 55 16 8 8 5 
4663000 4663163 0 0 0 -38 -50 0 -35 -50 -34 -7 13 72 73 25 20 16 10 16 36 35 45 55 16 4 3 5 
4764500 4764551 0 0 0 -40 -44 0 -42 -44 -55 -13 2 62 61 25 20 16 10 16 36 35 45 55 16 8 8 5 
4835500 4835584 0 0 0 -42 -42 0 -42 -42 -57 -15 1 65 61 25 20 16 10 16 36 35 45 55 16 8 7 5 
4847500 4847505 0 0 0 -16 -32 0 -17 -33 -31 11 17 87 81 25 20 16 10 16 36 35 45 55 16 8 11 5 
4890000 4890170 0 0 0 5 -30 0 5 -31 5 32 37 81 83 25 20 16 10 16 36 35 45 55 16 10 10 5 
4946500 4946660 0 0 0 -10 -43 0 -12 -44 -26 16 33 82 81 25 20 16 10 16 36 35 45 55 16 9 11 5 
5005500 5005746 0 -1 1 -70 -104 -51 -62 -99 -77 -35 37 95 86 25 20 17 10 14 34 35 45 55 16 4 6 5 
5033000 5033164 0 2 1 -282 -298 -260 -284 -304 -298 -256 19 81 78 25 20 17 10 13 33 35 45 55 16 8 3 5 
5096000 5096147 0 -3 1 -80 -62 -48 -97 -72 -115 -73 -29 65 63 25 20 14 10 17 37 35 45 55 16 7 4 5 
5193500 5193553 0 0 0 -45 -63 0 -43 -62 -57 -15 20 83 83 25 20 15 10 15 35 35 45 55 16 11 11 5 
5229500 5229767 0 0 0 -29 -57 0 -27 -56 -26 1 31 78 81 25 20 16 10 14 34 35 45 55 16 5 9 5 
5292500 5292565 0 -1 1 -86 -99 -50 -88 -99 -100 -58 11 85 87 25 20 16 10 14 34 35 45 55 16 4 7 5 
5333500 5333524 0 2 1 -262 -235 -220 -260 -234 -276 -234 -26 75 71 25 20 16 10 14 34 35 45 55 16 9 7 5 
5379000 5379153 0 -3 1 -96 -96 -50 -92 -93 -105 -63 1 88 86 25 20 16 10 14 34 35 45 55 16 6 6 5 
5413000 5413088 0 0 0 -51 -81 0 -51 -81 -65 -23 30 88 86 25 20 16 10 14 34 35 45 55 16 11 11 5 
5681500 5681561 0 0 0 -29 -71 0 -29 -71 -29 -2 41 89 90 25 20 16 10 15 35 35 45 55 16 12 11 5 
5779500 5780035 0 -1 1 28 -48 56 39 -41 22 64 79 108 106 25 20 16 10 15 33 35 45 55 16 6 11 5 
5877500 5877525 0 2 1 -306 -273 -278 -310 -277 -328 -286 -34 121 122 25 20 16 10 14 29 35 45 55 16 16 14 5 
6005000 6005021 0 -3 1 -68 -151 -43 -68 -150 -69 -27 95 145 147 25 20 16 10 14 29 35 45 55 16 15 16 5 
6023000 6023012 0 -1 1 -79 -162 -54 -87 -162 -88 -46 83 120 121 25 20 16 10 14 29 35 45 55 16 12 11 5 
6036500 6036596 0 2 1 -107 -165 -82 -109 -164 -123 -81 55 126 126 25 20 16 10 14 29 35 45 55 16 11 12 5 
6047000 6047083 0 -3 1 -72 -155 -46 -74 -159 -88 -46 86 127 130 25 20 16 10 14 29 35 45 55 16 17 15 5 
6137000 6137109 0 0 0 -24 -80 0 -37 -81 -37 -10 45 109 118 25 20 16 10 14 30 35 45 55 16 11 9 5 
6247000 6247026 0 0 0 -18 -78 0 -25 -77 -40 2 52 111 110 25 20 16 10 14 30 35 45 55 16 13 11 5 
6298000 6298019 0 0 0 -5 -68 0 1 -66 -13 29 68 107 108 25 20 16 10 14 32 35 45 55 16 13 8 5 
6482000 6482056 0 0 0 7 -53 0 6 -54 6 33 58 96 94 25 20 16 10 14 34 35 45 55 16 12 12 5 
6607500 6607632 0 0 0 -3 -61 0 0 -61 -14 28 60 114 117 25 20 16 10 14 30 35 45 55 16 13 11 5 
6683000 6683141 0 -1 1 -59 -107 -54 -71 -115 -86 -44 44 89 87 25 20 16 10 12 32 35 45 55 16 9 11 5 
6708000 6708160 0 2 1 -219 -231 -213 -229 -239 -243 -201 10 87 86 25 20 16 10 12 32 35 45 55 16 9 10 5 
6773000 6773052 0 -3 1 -56 -77 -48 -56 -78 -69 -27 22 129 127 25 20 16 10 13 28 35 45 55 16 17 16 5 
6935500 6935644 0 0 0 -12 -65 0 -15 -66 -12 15 54 90 89 25 20 16 10 14 34 35 45 55 16 12 11 5 
6968500 6968603 0 0 0 -29 -69 0 -32 -64 -46 -4 32 102 107 25 20 16 10 14 32 35 45 55 16 12 4 5 
7003000 7003123 0 0 0 5 -49 0 9 -48 -6 36 56 97 99 25 20 16 10 14 34 35 45 55 16 13 12 5 
7061500 7061553 0 0 0 -16 -64 0 -16 -66 -16 11 51 89 89 25 20 16 10 14 34 35 45 55 16 12 9 5 
7091000 7091029 0 -1 1 35 -25 53 27 -30 28 55 58 99 100 25 20 16 10 14 32 35 45 55 16 10 13 5 
7147000 7147035 0 2 1 -224 -248 -203 -225 -251 -224 -197 25 86 85 25 20 16 10 13 33 35 45 55 16 11 11 5 
7177000 7177137 0 -3 1 -71 -101 -48 -69 -97 -69 -42 28 91 91 25 20 16 10 13 33 35 45 55 16 11 12 5 
7285500 7285500 0 0 0 -29 -63 0 -26 -61 -26 1 34 86 89 25 20 16 10 14 34 35 45 55 16 9 10 5 
7575000 7575100 0 0 0 -21 -70 0 -27 -73 -27 0 44 88 85 25 20 16 10 14 34 35 45 55 16 11 11 5 
7642000 7642025 0 -1 1 -77 -126 -57 -81 -128 -96 -54 47 91 93 25 20 16 10 15 35 35 45 55 16 9 10 5 
7657000 7657107 0 2 1 -195 -227 -176 -198 -232 -212 -170 35 86 83 25 20 16 10 15 35 35 45 55 16 11 11 5 
7684500 7685125 0 -3 1 -68 -104 -49 -62 -98 -77 -35 36 88 91 25 20 16 10 15 35 35 45 55 16 6 10 5 
7839500 7839597 0 0 0 -17 -76 0 -18 -77 -18 9 60 87 85 25 20 16 10 15 35 35 45 55 16 11 10 5 
7944500 7944505 0 0 0 -24 -73 0 -24 -73 -24 3 49 89 92 25 20 16 10 15 35 35 45 55 16 11 12 5 
8020000 8020177 0 -1 1 -85 -115 -62 -85 -114 -100 -58 30 107 106 25 20 16 10 14 32 35 45 55 16 8 12 5 
8075000 8075102 0 2 1 -323 -282 -300 -322 -283 -337 -295 -40 108 109 25 20 16 10 14 32 35 45 55 16 13 14 5 
8186500 8186644 0 -3 1 -71 -124 -49 -70 -124 -83 -41 53 93 98 25 20 16 10 14 34 35 45 55 16 9 8 5 
8334500 8334572 0 0 0 -21 -80 0 -25 -84 -24 3 58 94 94 25 20 16 10 15 35 35 45 55 16 12 12 5 
8471000 8471459 0 -1 1 -76 -121 -51 -84 -124 -83 -56 40 99 95 25 20 16 10 14 34 35 45 55 16 6 7 5 
8508000 8508116 0 2 1 -223 -246 -197 -222 -247 -222 -195 24 95 94 25 20 16 10 14 34 35 45 55 16 7 8 5 
8570000 8570007 0 -3 1 -76 -85 -49 -72 -82 -72 -45 10 90 81 25 20 16 10 14 34 35 45 55 16 4 5 5 
8752500 8753485 0 0 0 -31 -59 0 -35 -64 -35 -8 28 83 83 25 20 16 10 14 34 35 45 55 16 5 4 5 
8813000 8813314 0 -1 1 -80 -105 -53 -81 -106 -80 -53 24 98 99 25 20 16 10 14 34 35 45 55 16 7 9 5 
8834000 8836363 0 2 1 -198 -237 -171 -189 -242 -187 -160 53 83 88 25 20 16 10 14 34 35 45 55 16 0 6 5 
8886000 8886128 0 -3 1 -73 -86 -49 -72 -85 -72 -45 13 85 92 25 20 16 10 14 34 35 45 55 16 5 11 5 
9005500 9005918 0 0 0 -17 -57 0 -24 -70 -23 4 45 82 82 25 20 16 10 15 35 35 45 55 16 4 10 5 
9101000 9102307 0 -1 1 -69 -97 -51 -75 -103 -73 -46 29 98 103 25 20 16 10 13 31 35 45 55 16 4 6 5 
9124500 9124611 0 2 1 -205 -248 -187 -206 -250 -205 -178 44 86 87 25 20 16 10 13 33 35 45 55 16 7 8 5 
9187000 9187143 0 -3 1 -68 -60 -49 -67 -58 -68 -41 -10 87 86 25 20 16 10 15 35 35 45 55 16 7 10 5 
9272000 9272286 0 0 0 -20 -50 0 -20 -51 -20 7 30 83 79 25 20 16 10 15 35 35 45 55 16 5 9 5 
9322500 9322649 0 -1 1 -77 -102 -57 -84 -107 -85 -58 23 90 89 25 20 16 10 15 35 35 45 55 16 5 11 5 
9340500 9340605 0 2 1 -273 -292 -253 -283 -302 -283 -256 17 110 112 25 20 16 10 14 30 35 45 55 16 11 11 5 
9447000 9447022 0 -3 1 -67 -84 -47 -68 -88 -67 -40 22 78 75 25 20 16 10 15 35 35 45 55 16 8 8 5 
9549500 9549624 0 0 0 -19 -53 0 -19 -53 -19 8 34 80 77 25 20 16 10 16 36 35 45 55 16 9 7 5 
9791500 9791577 0 0 0 -21 -69 0 -23 -72 -23 4 47 84 83 25 20 16 10 16 36 35 45 55 16 10 5 5 
10060000 10060167 0 -1 1 -73 -111 -53 -76 -116 -92 -50 39 84 84 25 20 16 10 15 35 35 45 55 16 8 11 5 
10083500 10083540 0 2 1 -170 -204 -150 -168 -205 -183 -141 37 85 85 25 20 16 10 15 35 35 45 55 16 9 5 5 
10129500 10129664 0 -3 1 -69 -91 -50 -68 -94 -81 -39 26 85 83 25 20 16 10 15 35 35 45 55 16 8 8 5 
10284500 10284666 0 0 0 -19 -87 0 -13 -87 -13 14 74 90 88 25 20 16 10 16 36 35 45 55 16 11 7 5 
10543000 10544167 0 0 0 -38 -78 0 -36 -75 -36 -9 38 84 87 25 20 16 10 16 36 35 45 55 16 3 10 5 
10585000 10585186 0 -1 1 -87 -124 -51 -90 -126 -104 -62 36 86 80 25 20 16 10 15 35 35 45 55 16 10 11 5 
10630500 10630562 0 2 1 -264 -280 -229 -269 -282 -284 -242 14 106 106 25 20 16 10 15 33 35 45 55 16 14 13 5 
10705500 10705562 0 -3 1 -82 -106 -49 -82 -105 -96 -54 24 88 93 25 20 16 10 15 35 35 45 55 16 11 10 5 
10790000 10790136 0 -1 1 -82 -100 -52 -79 -98 -93 -51 20 72 70 25 20 16 10 15 35 35 45 55 16 8 3 5 
10824000 10824123 0 2 1 -188 -195 -159 -192 -197 -206 -164 6 70 70 25 20 16 10 15 35 35 45 55 16 6 8 5 
10851500 10851864 0 -3 1 -77 -102 -49 -76 -100 -91 -49 23 69 62 25 20 16 10 15 35 35 45 55 16 7 5 5 
10955500 10955699 0 0 0 -25 -42 0 -24 -41 -22 5 17 71 66 25 20 16 10 16 36 35 45 55 16 6 5 5 
11133500 11133621 0 0 0 -33 -59 0 -34 -59 -34 -7 26 78 79 25 20 16 10 16 36 35 45 55 16 9 10 5 
11297000 11297099 0 0 0 -1 -54 0 2 -53 3 30 56 94 89 25 20 16 10 16 36 35 45 55 16 11 10 5 
11345000 11345144 0 -1 1 -60 -96 -51 -60 -98 -59 -32 38 73 77 25 20 16 10 15 35 35 45 55 16 6 8 5 
11382500 11382530 0 2 1 -203 -220 -189 -214 -223 -214 -187 9 84 93 25 20 16 10 14 34 35 45 55 16 1 11 5 
11409500 11409648 0 -3 1 -68 -88 -49 -66 -84 -66 -39 18 87 88 25 20 16 10 15 35 35 45 55 16 11 8 5 
11585500 11585589 0 0 0 -47 -66 0 -49 -67 -49 -22 19 63 60 25 20 16 10 16 36 35 45 55 16 8 6 5 
11730000 11730242 0 0 0 -52 -66 0 -51 -63 -51 -24 12 66 64 25 20 16 10 14 34 35 45 55 16 2 6 5 
11767500 11767582 0 0 0 -75 -83 0 -75 -83 -74 -47 8 70 82 25 20 16 10 15 35 35 45 55 16 9 8 5 
11786000 11786094 0 13 0 -48 -62 3 -37 -51 -36 -9 15 71 76 25 20 17 10 16 36 35 45 55 16 5 9 5 
11808500 11808596 0 0 0 -20 -30 0 -22 -30 -21 6 8 77 74 25 20 17 10 16 36 35 45 55 16 10 7 5 
11827500 11828039 0 0 0 -13 -28 0 -15 -27 -14 13 12 78 78 25 20 17 10 16 36 35 45 55 16 7 5 5 
11889000 11889640 0 -1 1 -64 -81 -50 -80 -95 -79 -52 15 84 83 25 20 16 10 15 35 35 45 55 16 2 3 5 
11911500 11911539 0 2 1 -223 -219 -209 -224 -220 -224 -197 -4 80 81 25 20 16 10 14 34 35 45 55 16 7 8 5 
11974000 11974444 0 -3 1 -63 -62 -50 -61 -63 -61 -34 1 80 78 25 20 17 10 16 36 35 45 55 16 4 7 5 
12131500 12131528 0 0 0 -14 -45 0 -12 -45 -12 15 32 80 80 25 20 17 10 17 37 35 45 55 16 4 7 5 
12193000 12193172 0 0 0 -18 -51 0 -22 -54 -20 7 32 80 80 25 20 17 10 17 37 35 45 55 16 10 4 5 
12241500 12242468 0 -1 1 -90 -112 -59 -123 -134 -137 -95 11 86 88 25 20 16 10 15 35 35 45 55 16 0 4 5 
12287500 12287540 0 2 1 -218 -206 -174 -217 -206 -230 -188 -11 67 75 25 20 16 10 14 34 35 45 55 16 5 9 5 
12323500 12323509 0 -3 1 -104 -101 -50 -103 -102 -116 -74 0 72 65 25 20 16 10 14 34 35 45 55 16 9 9 5 
12435000 12435128 0 0 0 -85 -94 0 -89 -97 -87 -60 10 74 82 25 20 16 10 14 34 35 45 55 16 7 1 5 
12539500 12539642 0 -1 1 -28 -42 51 -31 -45 -30 -3 13 75 72 25 20 16 10 14 34 35 45 55 16 9 7 5 
12618500 12618616 0 2 1 -265 -227 -191 -266 -232 -266 -239 -33 82 85 25 20 16 10 14 34 35 45 55 16 9 9 5 
12633500 12633693 0 -3 1 -123 -131 -50 -121 -130 -122 -95 8 67 60 25 20 16 10 14 34 35 45 55 16 8 6 5 
12729500 12729509 0 0 0 -68 -79 0 -69 -80 -68 -41 11 80 76 25 20 16 10 15 35 35 45 55 16 8 7 5 
12840500 12841077 0 -1 1 -126 -120 -60 -152 -141 -151 -124 -10 84 88 25 20 16 10 14 34 35 45 55 16 1 4 5 
12861500 12861591 0 2 1 -227 -208 -161 -227 -208 -226 -199 -20 72 72 25 20 16 10 14 34 35 45 55 16 9 9 5 
12907000 12907100 0 -3 1 -115 -130 -49 -116 -131 -116 -89 14 69 64 25 20 16 10 15 35 35 45 55 16 6 8 5 
13267500 13267689 0 0 0 -61 -76 0 -60 -75 -59 -32 15 85 85 25 20 16 10 15 35 35 45 55 16 5 8 5 
13311000 13311007 0 -1 1 -111 -115 -51 -112 -116 -113 -86 2 85 84 25 20 16 10 14 34 35 45 55 16 11 11 5 
13327500 13327663 0 2 1 -214 -208 -155 -215 -210 -215 -188 -5 85 86 25 20 16 10 14 34 35 45 55 16 5 4 5 
13358000 13359613 0 -3 1 -107 -121 -49 -87 -109 -86 -59 24 83 87 25 20 16 10 14 34 35 45 55 16 2 6 5 
13625500 13625561 0 0 0 -47 -64 0 -48 -63 -47 -20 15 84 82 25 20 16 10 15 35 35 45 55 16 8 3 5 
13679000 13679072 0 -1 1 -103 -115 -51 -106 -118 -119 -77 13 83 80 25 20 16 10 14 34 35 45 55 16 11 2 5 
13761500 13761947 0 2 1 -249 -204 -189 -249 -200 -263 -221 -47 98 97 25 20 16 10 13 33 35 45 55 16 5 7 5 
13783000 13783708 0 13 0 -182 -183 -121 -172 -176 -171 -144 5 115 116 25 20 16 10 13 29 35 45 55 16 7 3 5 
13786000 13786107 0 -3 1 -109 -134 -47 -97 -128 -112 -70 29 120 120 25 20 16 10 13 28 35 45 55 16 3 8 5 
13805000 13805050 0 -1 1 -114 -119 -51 -122 -128 -139 -97 3 94 93 25 20 16 10 14 34 35 45 55 16 9 8 5 
13817500 13817660 0 2 1 -149 -126 -85 -149 -126 -163 -121 -22 73 75 25 20 16 10 14 34 35 45 55 16 9 7 5 
13848000 13848059 0 -3 1 -117 -101 -49 -117 -104 -133 -91 -13 67 57 25 20 16 10 14 34 35 45 55 16 9 6 5 
13970500 13970547 0 0 0 -78 -97 0 -80 -97 -80 -53 16 73 78 25 20 16 10 14 34 35 45 55 16 9 9 5 
14060000 14060037 0 -1 1 -121 -118 -52 -120 -116 -134 -92 -2 75 69 25 20 17 10 13 33 35 45 55 16 8 6 5 
14098500 14098547 0 2 1 -218 -211 -153 -220 -212 -235 -193 -8 67 65 25 20 17 10 13 33 35 45 55 16 8 5 5 
14122500 14122574 0 -3 1 -109 -123 -47 -110 -124 -125 -83 13 68 73 25 20 17 10 14 34 35 45 55 16 5 9 5 
14218000 14218154 0 0 0 -52 -65 0 -55 -67 -54 -27 12 67 71 25 20 16 10 16 36 35 45 55 16 6 8 5 
14306000 14306252 0 -1 1 -1 -22 52 5 -16 -10 32 20 64 67 25 20 17 10 15 35 35 45 55 16 2 5 5 
14365500 14366132 0 2 1 -215 -201 -161 -216 -201 -232 -190 -15 68 70 25 20 17 10 13 33 35 45 55 16 5 9 5 
14394500 14395166 0 -3 1 -103 -111 -48 -97 -107 -112 -70 9 65 66 25 20 17 10 14 34 35 45 55 16 5 5 5 
14672000 14672091 0 0 0 -57 -58 0 -59 -60 -60 -33 0 60 59 25 20 17 10 16 36 35 45 55 16 4 5 5 
14751000 14751544 0 -1 1 -4 -11 53 -2 -10 -14 28 8 68 68 25 20 17 10 15 35 35 45 55 16 5 9 5 
14799500 14800411 0 2 1 -258 -237 -202 -258 -240 -272 -230 -18 76 73 25 20 17 10 13 33 35 45 55 16 3 9 5 
14849500 14849602 0 -3 1 -104 -101 -49 -107 -103 -122 -80 -4 61 60 25 20 17 10 14 34 35 45 55 16 8 4 5 
15035500 15035707 0 0 0 -53 -59 0 -51 -57 -48 -21 8 63 61 25 20 17 10 15 35 35 45 55 16 8 7 5 
15099500 15099670 0 -1 1 -3 -21 51 -1 -20 -15 27 19 69 72 25 20 17 10 14 34 35 45 55 16 7 6 5 
15113500 15113554 0 2 1 33 6 87 32 6 17 59 25 69 68 25 20 17 10 14 34 35 45 55 16 6 3 5 
15125500 15128828 0 -3 1 -6 -24 49 -30 -44 -44 -2 15 75 83 25 20 17 10 14 34 35 45 55 16 0 0 5 
15134500 15135255 0 -1 1 -108 -99 -53 -127 -114 -142 -100 -13 76 84 25 20 17 10 14 34 35 45 55 16 0 3 5 
15167000 15167127 0 2 1 -221 -206 -165 -218 -204 -232 -190 -14 83 91 25 20 17 10 14 34 35 45 55 16 8 12 5 
15196500 15196654 0 -3 1 -106 -115 -50 -109 -117 -124 -82 8 66 63 25 20 16 10 15 35 35 45 55 16 9 8 5 
15206500 15206728 0 0 0 -57 -74 0 -55 -71 -69 -27 16 61 57 25 20 16 10 16 36 35 45 55 16 8 5 5 
15226500 15226529 0 0 0 -46 -49 0 -45 -48 -60 -18 4 63 59 25 20 16 10 16 36 35 45 55 16 7 8 5 
15232500 15232604 0 0 0 -71 -61 0 -66 -57 -81 -39 -9 77 82 25 20 16 10 16 36 35 45 55 16 10 9 5 
15304000 15304183 0 0 0 -68 -66 0 -70 -68 -85 -43 -2 63 61 25 20 17 10 16 36 35 45 55 16 5 4 5 
15315000 15315170 0 0 0 -35 -37 0 -35 -36 -50 -8 1 77 69 25 20 17 10 16 36 35 45 55 16 7 5 5 
15332000 15332118 0 0 0 -54 -61 0 -45 -55 -59 -17 10 69 66 25 20 17 10 16 36 35 45 55 16 5 5 5 
15337500 15337610 0 13 0 -24 -37 1 -21 -34 -35 7 13 76 79 25 20 17 10 16 36 35 45 55 16 5 8 5 
15347000 15347143 0 0 0 22 -4 0 21 -5 4 46 24 77 81 25 20 17 10 17 37 35 45 55 16 7 10 5 
15428000 15428209 0 -1 1 -39 -68 -51 -41 -70 -55 -13 30 73 70 25 20 17 10 15 35 35 45 55 16 8 8 5 
15470500 15470675 0 2 1 -293 -274 -301 -293 -274 -308 -266 -20 72 76 25 20 17 10 13 33 35 45 55 16 7 8 5 
15506500 15506567 0 -3 1 -44 -68 -47 -45 -67 -58 -16 24 66 73 25 20 17 10 15 35 35 45 55 16 5 8 5 
15594500 15594529 0 0 0 -7 -27 0 -8 -28 -9 18 20 68 69 25 20 17 10 16 36 35 45 55 16 9 5 5 
15620500 15620574 0 -1 1 -56 -76 -51 -58 -78 -73 -31 18 65 61 25 20 17 10 15 35 35 45 55 16 4 8 5 
15640500 15640532 0 2 1 -114 -129 -111 -118 -131 -133 -91 12 65 67 25 20 17 10 14 34 35 45 55 16 5 6 5 
15647500 15648099 0 -3 1 -49 -76 -46 -44 -73 -58 -16 31 65 65 25 20 17 10 14 34 35 45 55 16 2 6 5 
15738000 15738064 0 0 0 4 -12 0 0 -15 -14 28 17 68 61 25 20 17 10 16 36 35 45 55 16 6 3 5 
15743500 15743611 0 13 0 -50 -57 -27 -57 -61 -72 -30 4 75 78 25 20 17 10 16 36 35 45 55 16 11 6 5 
15751500 15751688 0 0 0 -63 -64 0 -66 -64 -79 -37 -1 64 63 25 20 17 10 16 36 35 45 55 16 5 5 5 
15813000 15813508 0 0 0 -28 -29 0 -36 -35 -52 -10 -2 65 67 25 20 17 10 16 36 35 45 55 16 2 8 5 
15829500 15829603 0 0 0 -44 -55 0 -40 -52 -54 -12 12 75 80 25 20 17 10 16 36 35 45 55 16 3 10 5 
15892000 15892765 0 -1 1 -103 -90 -54 -111 -97 -125 -83 -14 69 69 25 20 17 10 15 35 35 45 55 16 3 8 5 
15914500 15914717 0 2 1 -205 -194 -155 -213 -201 -228 -186 -12 63 62 25 20 17 10 14 34 35 45 55 16 4 3 5 
15934000 15934460 0 -3 1 -100 -111 -49 -94 -106 -108 -66 13 60 57 25 20 17 10 15 35 35 45 55 16 6 7 5 
16037000 16037106 0 0 0 -59 -61 0 -60 -64 -60 -33 3 66 68 25 20 17 10 16 36 35 45 55 16 3 6 5 
16162000 16162051 0 -1 1 -116 -101 -55 -113 -99 -126 -84 -12 76 82 25 20 17 10 14 34 35 45 55 16 2 3 5 
16186500 16186570 0 2 1 -199 -185 -137 -200 -186 -213 -171 -13 79 72 25 20 17 10 13 33 35 45 55 16 11 9 5 
16217500 16217672 0 -3 1 -110 -109 -47 -107 -105 -121 -79 -1 64 63 25 20 17 10 14 34 35 45 55 16 6 8 5 
16419500 16419681 0 0 0 -67 -68 0 -65 -70 -65 -38 5 64 63 25 20 17 10 16 36 35 45 55 16 5 3 5 
16625500 16626219 0 0 0 -65 -66 0 -68 -67 -67 -40 0 81 90 25 20 17 10 16 36 35 45 55 16 5 12 5 
16661000 16661120 0 -1 1 -14 -38 52 -14 -40 -28 14 25 72 71 25 20 17 10 15 35 35 45 55 16 9 9 5 
16674500 16675038 0 2 1 34 -17 100 36 -18 22 64 52 83 86 25 20 17 10 15 35 35 45 55 16 0 4 5 
16683500 16683620 0 -3 1 -21 -50 45 -27 -54 -45 -3 25 85 87 25 20 17 10 14 34 35 45 55 16 1 3 5 
16695000 16696006 0 -1 1 -117 -118 -51 -124 -122 -138 -96 -1 81 84 25 20 17 10 14 34 35 45 55 16 0 4 5 
16725000 16725107 0 2 1 -250 -234 -183 -251 -235 -266 -224 -15 70 70 25 20 17 10 13 33 35 45 55 16 9 8 5 
16766000 16766198 0 -3 1 -114 -117 -48 -115 -116 -132 -90 0 72 77 25 20 17 10 15 35 35 45 55 16 6 9 5 
16933000 16933205 0 0 0 -67 -73 0 -67 -74 -67 -40 5 72 70 25 20 17 10 16 36 35 45 55 16 9 9 5 
16994000 16994058 0 -1 1 -16 -45 51 -18 -46 -33 9 27 74 74 25 20 17 10 15 35 35 45 55 16 9 9 5 
17040500 17041006 0 2 1 -233 -218 -167 -233 -219 -249 -207 -14 70 77 25 20 17 10 13 33 35 45 55 16 6 7 5 
17086000 17086702 0 -3 1 -115 -119 -48 -112 -117 -128 -86 3 62 68 25 20 17 10 15 35 35 45 55 16 5 8 5 
17263000 17263058 0 0 0 -64 -72 0 -65 -73 -65 -38 8 77 74 25 20 17 10 16 36 35 45 55 16 8 8 5 
17296000 17296308 0 0 0 -60 -66 0 -58 -63 -56 -29 7 75 75 25 20 17 10 16 36 35 45 55 16 3 6 5 
17373000 17373148 0 -1 1 -110 -113 -51 -124 -124 -139 -97 0 89 95 25 20 17 10 14 34 35 45 55 16 5 9 5 
17397500 17398114 0 2 1 -242 -214 -184 -244 -216 -258 -216 -28 67 68 25 20 17 10 13 33 35 45 55 16 6 8 5 
17463500 17464207 0 -3 1 -108 -108 -50 -108 -107 -121 -79 1 58 57 25 20 17 10 14 34 35 45 55 16 4 6 5 
17522500 17522586 0 0 0 -58 -69 0 -51 -62 -65 -23 10 84 85 25 20 17 10 15 35 35 45 55 16 3 7 5 
17534500 17535225 0 0 0 -108 -107 0 -105 -106 -102 -75 1 93 94 25 20 17 10 15 35 35 45 55 16 5 7 5 
17547500 17547556 0 0 0 -165 -152 0 -167 -154 -167 -140 -14 103 103 25 20 17 10 16 34 35 45 55 16 9 7 5 
17555500 17555583 0 13 0 -98 -136 14 -105 -137 -103 -76 33 101 103 25 20 17 10 16 34 35 45 55 16 13 13 5 
17562000 17562148 0 0 0 -70 -116 0 -79 -114 -95 -53 33 100 100 25 20 17 10 16 34 35 45 55 16 11 9 5 
17602500 17602544 0 -1 1 -124 -252 -60 -134 -261 -149 -107 127 94 94 25 20 17 10 14 34 35 45 55 16 6 11 5 
17607500 17607642 0 2 1 -206 -245 -142 -218 -248 -233 -191 30 98 97 25 20 17 10 14 34 35 45 55 16 9 8 5 
17771500 17771523 0 -3 1 -89 -96 -49 -92 -98 -106 -64 7 60 63 25 20 17 10 14 34 35 45 55 16 7 3 5 
17867000 17867062 0 0 0 -26 -42 0 -27 -42 -28 -1 14 84 83 25 20 17 10 16 36 35 45 55 16 11 10 5 
17883000 17883147 0 0 0 -29 -37 0 -34 -34 -49 -7 -1 78 73 25 20 17 10 15 35 35 45 55 16 10 6 5 
17912000 17912074 0 0 0 -58 -63 0 -58 -64 -74 -32 6 85 86 25 20 17 10 15 35 35 45 55 16 11 11 5 
17924000 17924082 0 0 0 -41 -60 0 -42 -61 -54 -12 20 82 79 25 20 17 10 15 35 35 45 55 16 11 10 5 
17980500 17981050 0 -1 1 -103 -105 -56 -110 -110 -124 -82 2 79 82 25 20 17 10 14 34 35 45 55 16 2 4 5 
18033000 18033479 0 2 1 -298 -262 -245 -303 -266 -317 -275 -37 74 75 25 20 17 10 13 33 35 45 55 16 3 6 5 
18088500 18088569 0 -3 1 -108 -105 -50 -105 -102 -120 -78 -3 66 67 25 20 17 10 14 34 35 45 55 16 4 8 5 
18199000 18199191 0 0 0 -71 -67 0 -73 -68 -71 -44 -5 70 68 25 20 17 10 16 36 35 45 55 16 9 6 5 
18251000 18251167 0 0 0 -49 -54 0 -47 -53 -62 -20 6 77 78 25 20 17 10 16 36 35 45 55 16 10 7 5 
18263000 18263094 0 0 0 -31 -44 0 -33 -46 -49 -7 12 83 84 25 20 17 10 16 36 35 45 55 16 9 10 5 
18273500 18273652 0 0 0 -27 -49 0 -33 -55 -47 -5 22 84 88 25 20 17 10 16 36 35 45 55 16 10 0 5 
18282500 18282598 0 0 0 -20 -43 0 -15 -41 -30 12 25 80 78 25 20 17 10 16 36 35 45 55 16 10 9 5 
18295500 18295894 0 0 0 -33 -74 0 -26 -79 -40 2 54 100 96 25 20 17 10 16 36 35 45 55 16 4 13 5 
18299000 18300286 0 13 0 0 -68 -4 32 -53 34 61 85 92 96 25 20 17 10 16 36 35 45 55 16 1 7 5 
18303500 18304828 0 0 0 53 -36 0 59 -25 43 85 83 77 79 25 20 17 10 16 36 35 45 55 16 3 10 5 
18309500 18309626 0 13 0 13 -61 10 3 -69 4 31 71 91 94 25 20 17 10 16 36 35 45 55 16 3 11 5 
18314500 18314596 0 0 0 -39 -92 0 -23 -92 -36 6 68 100 99 25 20 17 10 16 36 35 45 55 16 10 13 5 
18318000 18318115 0 13 0 -7 -68 2 -3 -66 -1 26 62 102 108 25 20 17 10 16 34 35 45 55 16 7 12 5 
18320500 18320648 0 0 0 11 -66 0 19 -66 21 48 87 99 96 25 20 17 10 16 36 35 45 55 16 10 9 5 
18326000 18326110 0 0 0 -16 -87 0 -20 -92 -20 7 72 88 85 25 20 17 10 16 36 35 45 55 16 11 3 5 
18346000 18346612 0 0 0 -41 -61 0 -42 -59 -56 -14 18 73 74 25 20 17 10 16 36 35 45 55 16 5 10 5 
18371000 18371112 0 0 0 -85 -88 0 -85 -89 -85 -58 3 69 68 25 20 17 10 16 36 35 45 55 16 5 6 5 
18399500 18399617 0 0 0 -79 -84 0 -75 -83 -90 -48 9 69 66 25 20 17 10 16 36 35 45 55 16 8 5 5 
18431500 18431536 0 0 0 -42 -71 0 -44 -75 -45 -18 30 87 93 25 20 17 10 16 36 35 45 55 16 8 8 5 
18440500 18440978 0 0 0 -15 -54 0 1 -49 -14 28 48 86 89 25 20 17 10 16 36 35 45 55 16 4 5 5 
18447000 18447191 0 13 0 -64 -76 -16 -68 -77 -82 -40 9 95 97 25 20 17 10 16 36 35 45 55 16 4 9 5 
18452500 18452523 0 0 0 -77 -94 0 -78 -95 -93 -51 16 105 104 25 20 17 10 16 34 35 45 55 16 14 12 5 
18458000 18458094 0 13 0 -50 -82 -4 -45 -81 -59 -17 35 103 101 25 20 17 10 16 34 35 45 55 16 13 7 5 
18462500 18462674 0 0 0 -20 -72 0 -31 -73 -44 -2 42 97 103 25 20 17 10 16 34 35 45 55 16 3 9 5 
18471000 18471031 0 0 0 2 -63 0 -2 -64 -16 26 63 87 88 25 20 17 10 16 36 35 45 55 16 7 11 5 
18480500 18481135 0 0 0 -74 -97 0 -78 -98 -77 -50 20 97 95 25 20 17 10 16 36 35 45 55 16 7 9 5 
18491500 18491820 0 0 0 -57 -86 0 -68 -92 -82 -40 24 99 101 25 20 17 10 16 34 35 45 55 16 3 10 5 
18498500 18498577 0 0 0 -91 -114 0 -96 -115 -111 -69 20 101 103 25 20 17 10 16 34 35 45 55 16 9 8 5 
18506000 18506249 0 13 0 22 -61 32 41 -55 41 68 96 97 94 25 20 17 10 16 36 35 45 55 16 9 10 5 
18511000 18511273 0 0 0 43 -51 0 58 -43 43 85 102 95 90 25 20 17 10 16 36 35 45 55 16 7 5 5 
18515500 18515544 0 13 0 -20 -82 -6 -12 -82 -14 28 79 99 97 25 20 17 10 16 36 35 45 55 16 11 4 5 
18518500 18518769 0 0 0 -53 -101 0 -51 -102 -57 -15 57 101 101 25 20 17 10 16 34 35 45 55 16 8 8 5 
18537000 18537037 0 -1 1 9 -70 63 -10 -73 -9 18 63 114 115 25 20 17 10 15 31 35 45 55 16 6 5 5 
18618500 18618563 0 2 1 -313 -288 -255 -319 -292 -319 -292 -27 102 101 25 20 17 10 13 31 35 45 55 16 9 12 5 
18701500 18701615 0 -3 1 -111 -112 -49 -113 -112 -113 -86 -1 86 87 25 20 17 10 14 34 35 45 55 16 11 11 5 
18831500 18831613 0 -1 1 -14 -76 56 -17 -76 -17 10 59 114 114 25 20 17 10 15 31 35 45 55 16 14 13 5 
18903500 18903503 0 2 1 -318 -336 -245 -327 -340 -327 -300 13 76 76 25 20 17 10 13 33 35 45 55 16 6 3 5 
18950000 18950091 0 -3 1 -122 -122 -46 -122 -125 -122 -95 2 75 74 25 20 17 10 14 34 35 45 55 16 8 7 5 
19029500 19029674 0 0 0 -80 -85 0 -81 -85 -80 -53 4 63 63 25 20 17 10 16 36 35 45 55 16 8 8 5 
19067000 19068225 0 0 0 -62 -64 0 -68 -67 -81 -39 0 67 71 25 20 17 10 15 35 35 45 55 16 2 6 5 
19106500 19107023 0 0 0 -48 -56 0 -48 -58 -49 -22 9 72 71 25 20 17 10 14 34 35 45 55 16 6 5 5 
19146000 19147637 0 -1 1 -104 -105 -50 -122 -121 -121 -94 -1 71 73 25 20 17 10 13 33 35 45 55 16 1 2 5 
19188000 19189002 0 2 1 -254 -222 -193 -260 -225 -261 -234 -34 87 94 25 20 17 10 14 34 35 45 55 16 3 8 5 
19198500 19198656 0 -3 1 -105 -121 -43 -105 -119 -103 -76 15 90 89 25 20 17 10 14 34 35 45 55 16 3 7 5 
19227000 19227052 0 -1 1 -14 -73 53 -12 -73 -12 15 61 103 103 25 20 17 10 16 34 35 45 55 16 9 13 5 
19234500 19234799 0 2 1 36 -47 103 41 -35 42 69 77 92 97 25 20 17 10 16 36 35 45 55 16 8 7 5 
19248000 19248016 0 -3 1 -20 -57 50 -16 -54 -16 11 38 79 75 25 20 17 10 16 36 35 45 55 16 7 7 5 
19271000 19271292 0 0 0 -73 -95 0 -69 -94 -67 -40 27 77 75 25 20 17 10 16 36 35 45 55 16 9 10 5 
19350000 19350819 0 0 0 -25 -47 0 -23 -47 -22 5 25 72 73 25 20 17 10 16 36 35 45 55 16 3 6 5 
19402000 19402050 0 -1 1 28 -32 54 36 -32 21 63 68 100 99 25 20 17 10 16 36 35 45 55 16 9 12 5 
19407000 19407130 0 2 1 79 3 106 82 5 69 111 77 102 103 25 20 17 10 15 33 35 45 55 16 12 12 5 
19418500 19419373 0 -3 1 23 -45 49 23 -44 10 52 67 94 97 25 20 17 10 15 35 35 45 55 16 4 12 5 
19442500 19442594 0 -1 1 -83 -111 -55 -87 -115 -101 -59 28 81 88 25 20 17 10 14 34 35 45 55 16 4 7 5 
19484500 19484891 0 2 1 -253 -249 -224 -259 -254 -273 -231 -4 78 82 25 20 17 10 13 33 35 45 55 16 7 7 5 
19520500 19520662 0 -3 1 -79 -81 -50 -82 -83 -95 -53 1 72 69 25 20 17 10 16 36 35 45 55 16 5 6 5 
19613000 19613151 0 0 0 -33 -65 0 -31 -65 -45 -3 34 81 86 25 20 17 10 17 37 35 45 55 16 7 10 5 
19630000 19630513 0 -1 1 -77 -120 -50 -86 -130 -88 -61 44 77 82 25 20 17 10 17 37 35 45 55 16 3 8 5 
19650000 19650026 0 2 1 -116 -142 -96 -120 -146 -119 -92 25 75 77 25 20 17 10 17 37 35 45 55 16 5 8 5 
19669500 19669674 0 -3 1 -62 -84 -49 -63 -84 -63 -36 19 79 78 25 20 17 10 17 37 35 45 55 16 9 7 5 
19695500 19695667 0 0 0 -4 -53 0 -5 -56 -19 23 51 87 87 25 20 17 10 17 37 35 45 55 16 11 10 5 
19738500 19738528 0 0 0 13 -51 0 17 -49 2 44 67 83 77 25 20 17 10 17 37 35 45 55 16 9 8 5 
19774500 19774568 0 0 0 -29 -71 0 -29 -71 -42 0 43 76 85 25 20 17 10 17 37 35 45 55 16 5 10 5 
19819000 19819084 0 0 0 -42 -63 0 -38 -60 -37 -10 22 74 60 25 20 17 10 17 37 35 45 55 16 7 3 5 
20012000 20012111 0 0 0 -79 -89 0 -82 -93 -98 -56 10 86 87 25 20 17 10 16 36 35 45 55 16 8 8 5 
20021000 20021078 0 13 0 -35 -65 15 -37 -66 -53 -11 27 85 91 25 20 17 10 16 36 35 45 55 16 10 8 5 
20029500 20029835 0 0 0 -23 -49 0 -19 -43 -34 8 24 75 75 25 20 17 10 16 36 35 45 55 16 4 4 5 
20053000 20055407 0 0 0 -41 -69 0 -46 -65 -44 -17 21 79 85 25 20 17 10 16 36 35 45 55 16 0 8 5 
20107000 20107036 0 -1 1 -99 -132 -52 -99 -134 -99 -72 36 72 69 25 20 17 10 14 34 35 45 55 16 5 7 5 
20133500 20133652 0 2 1 -272 -281 -223 -264 -277 -263 -236 13 85 81 25 20 17 10 13 33 35 45 55 16 6 5 5 
20307500 20307501 0 -3 1 -115 -131 -48 -123 -135 -122 -95 11 98 104 25 20 17 10 14 32 35 45 55 16 10 5 5 
20443000 20443163 0 0 0 -82 -92 0 -81 -91 -80 -53 10 69 69 25 20 17 10 16 36 35 45 55 16 5 9 5 
20505000 20505177 0 0 0 -58 -73 0 -59 -74 -59 -32 15 75 75 25 20 17 10 15 35 35 45 55 16 10 9 5 
20543500 20543719 0 0 0 -46 -66 0 -50 -64 -51 -24 12 100 101 25 20 17 10 14 32 35 45 55 16 10 13 5 
20552500 20552511 0 0 0 -1 -49 0 -4 -49 -3 24 47 97 97 25 20 17 10 14 34 35 45 55 16 12 12 5 
20568500 20569102 0 0 0 6 -59 0 9 -58 -6 36 67 90 90 25 20 17 10 14 34 35 45 55 16 8 2 5 
20576000 20576143 0 0 0 -34 -87 0 -33 -87 -47 -5 53 90 91 25 20 17 10 14 34 35 45 55 16 11 6 5 
20582500 20582561 0 -1 1 22 -38 57 22 -34 7 49 55 98 101 25 20 17 10 14 32 35 45 55 16 13 12 5 
20638500 20638694 0 2 1 -244 -253 -199 -245 -254 -258 -216 9 70 70 25 20 17 10 13 33 35 45 55 16 6 9 5 
20661000 20661116 0 -3 1 -97 -106 -48 -99 -108 -115 -73 8 82 83 25 20 17 10 14 34 35 45 55 16 10 8 5 
20709500 20709647 0 0 0 -58 -76 0 -62 -79 -62 -35 17 77 80 25 20 17 10 15 35 35 45 55 16 7 10 5 
20728000 20728098 0 0 0 -20 -64 0 -19 -64 -18 9 46 84 84 25 20 17 10 16 36 35 45 55 16 11 11 5 
20762500 20762616 0 0 0 5 -35 0 7 -39 -8 34 45 89 86 25 20 17 10 16 36 35 45 55 16 6 6 5 
20771000 20771014 0 0 0 -61 -87 0 -67 -91 -66 -39 25 104 104 25 20 17 10 16 34 35 45 55 16 7 13 5 
20778500 20778630 0 0 0 -39 -75 0 -56 -87 -52 -25 33 107 104 25 20 17 10 16 34 35 45 55 16 11 12 5 
20786500 20786504 0 0 0 -55 -87 0 -70 -99 -71 -44 27 113 117 25 20 17 10 15 31 35 45 55 16 5 9 5 
20793500 20793578 0 13 0 -36 -76 -9 -40 -76 -39 -12 36 119 122 25 20 17 10 15 30 35 45 55 16 6 6 5 
20800500 20800512 0 0 0 0 -81 0 -2 -83 -3 24 80 113 118 25 20 17 10 15 31 35 45 55 16 14 10 5 
20807500 20807554 0 0 0 13 -84 0 11 -85 -5 37 96 106 103 25 20 17 10 15 33 35 45 55 16 12 8 5 
20813000 20813082 0 13 0 -23 -92 -6 -24 -84 -24 3 60 109 115 25 20 17 10 15 31 35 45 55 16 3 10 5 
20819500 20819609 0 0 0 -53 -96 0 -52 -96 -64 -22 44 113 115 25 20 17 10 15 31 35 45 55 16 14 15 5 
20829500 20829515 0 13 0 -23 -92 -33 -26 -95 -26 1 69 113 114 25 20 17 10 15 31 35 45 55 16 13 15 5 
20837000 20837161 0 0 0 57 -81 0 91 -79 92 119 169 103 99 25 20 17 10 15 35 35 45 55 16 7 11 5 
20842500 20842585 0 13 0 -4 -94 -11 5 -89 5 32 93 104 100 25 20 17 10 15 33 35 45 55 16 9 12 5 
20848500 20848630 0 0 0 -48 -105 0 -46 -108 -59 -17 62 109 109 25 20 17 10 15 33 35 45 55 16 14 13 5 
20865000 20865042 0 0 0 -59 -101 0 -57 -100 -72 -30 44 108 109 25 20 17 10 14 32 35 45 55 16 10 13 5 
20874500 20874515 0 0 0 -18 -80 0 -13 -76 -27 15 64 97 93 25 20 17 10 14 34 35 45 55 16 12 8 5 
20940500 20940575 0 -1 1 -79 -97 -51 -80 -99 -95 -53 18 86 87 25 20 17 10 13 33 35 45 55 16 11 11 5 
20977500 20977542 0 2 1 -210 -221 -176 -217 -224 -231 -189 8 83 83 25 20 17 10 13 33 35 45 55 16 10 10 5 
20999500 20999666 0 -3 1 -86 -100 -48 -86 -101 -100 -58 15 78 77 25 20 17 10 14 34 35 45 55 16 10 10 5 
21039500 21039541 0 0 0 -44 -50 0 -47 -52 -46 -19 5 80 78 25 20 17 10 16 36 35 45 55 16 10 10 5 
21131500 21131588 0 0 0 -15 -50 0 -14 -47 -14 13 33 79 77 25 20 17 10 16 36 35 45 55 16 8 10 5 
21194000 21194050 0 -1 1 31 -32 52 33 -31 19 61 64 106 105 25 20 17 10 15 33 35 45 55 16 8 14 5 
21214000 21214064 0 2 1 85 4 108 84 4 70 112 81 96 96 25 20 17 10 15 35 35 45 55 16 12 4 5 
21226500 21226546 0 -3 1 22 -48 46 16 -52 2 44 68 90 93 25 20 17 10 14 34 35 45 55 16 6 11 5 
21245500 21245793 0 -1 1 -77 -125 -50 -87 -120 -101 -59 34 88 120 25 20 17 10 14 29 35 45 55 16 5 4 5 
21270000 21270227 0 2 1 -263 -267 -235 -269 -268 -283 -241 0 83 80 25 20 17 10 13 33 35 45 55 16 10 1 5 
21322500 21322634 0 -3 1 -82 -74 -48 -82 -77 -96 -54 -4 116 118 25 20 17 10 15 31 35 45 55 16 7 15 5 
21337500 21337714 0 0 0 -36 -60 0 -37 -60 -36 -9 25 79 81 25 20 17 10 16 36 35 45 55 16 4 7 5 
62000 62127 1 0 -1 0 0 0 0 0 0 128 0 69 73 25 20 17 10 13 33 35 45 55 16 7 9 5 
88500 88645 1 -1 1 -61 -132 -54 -47 -120 -57 62 73 90 88 25 20 17 10 13 33 35 45 55 16 10 6 5 
146000 146212 1 2 1 -244 -282 -221 -235 -274 -246 -127 37 71 68 25 20 17 10 13 33 35 45 55 16 9 9 5 
193000 193445 1 -3 1 -82 -105 -46 -61 -92 -69 50 32 91 99 25 20 17 10 13 33 35 45 55 16 2 9 5 
266500 266689 1 0 0 -56 -126 0 -46 -118 -56 63 71 71 70 25 20 17 10 13 33 35 45 55 16 9 7 5 
309500 309591 1 0 0 -34 -105 0 -28 -99 -37 82 72 76 79 25 20 17 10 13 33 35 45 55 16 7 9 5 
380500 380514 1 0 0 -20 -91 0 -11 -84 -20 99 74 90 92 25 20 17 10 13 33 35 45 55 16 10 8 5 
435500 435699 1 -1 1 -79 -138 -53 -71 -129 -80 39 58 66 66 25 20 16 10 14 34 35 45 55 16 8 7 5 
472500 474082 1 2 1 -212 -256 -182 -202 -252 -211 -92 49 91 93 25 20 16 10 15 35 35 45 55 16 2 8 5 
508500 508501 1 -3 1 -83 -151 -49 -76 -147 -84 35 72 66 64 25 20 16 10 15 35 35 45 55 16 6 8 5 
538000 538095 1 0 0 -37 -83 0 -29 -75 -39 80 44 70 70 25 20 16 10 15 35 35 45 55 16 9 6 5 
710500 710719 1 0 0 -2 -71 0 2 -66 -8 111 68 66 64 25 20 16 10 15 35 35 45 55 16 8 6 5 
877500 877634 1 0 0 -13 -94 0 -8 -88 -15 104 82 83 85 25 20 17 10 15 35 35 45 55 16 10 11 5 
929500 929593 1 -1 1 -86 -164 -54 -89 -162 -98 19 73 91 94 25 20 17 10 15 35 35 45 55 16 10 11 5 
998000 998214 1 2 1 -295 -286 -240 -294 -282 -301 -184 -12 71 66 25 20 18 10 15 35 35 45 55 16 10 8 5 
1084500 1084598 1 -3 1 -136 -171 -50 -129 -165 -137 -20 36 69 68 25 20 17 10 15 35 35 45 55 16 9 9 5 
1164500 1164520 1 0 0 -115 -149 0 -110 -141 -118 1 32 70 68 25 20 16 10 15 35 35 45 55 16 9 9 5 
1322000 1322124 1 0 0 -111 -142 0 -106 -137 -116 3 32 68 69 25 20 16 10 15 35 35 45 55 16 9 8 5 
1381500 1381651 1 -1 1 -172 -202 -51 -168 -198 -175 -58 30 70 68 25 20 16 10 15 35 35 45 55 16 6 8 5 
1415500 1415643 1 2 1 -260 -279 -135 -256 -274 -264 -147 19 62 61 25 20 16 10 15 35 35 45 55 16 8 8 5 
1440000 1440004 1 -3 1 -179 -202 -50 -171 -194 -179 -62 21 62 62 25 20 16 10 15 35 35 45 55 16 8 8 5 
1524500 1524601 1 0 0 -143 -165 0 -134 -159 -142 -23 25 61 64 25 20 16 10 15 35 35 45 55 16 8 8 5 
1533000 1533136 1 0 0 -141 -157 0 -133 -149 -144 -25 16 63 60 25 20 16 10 15 35 35 45 55 16 8 8 5 
1538500 1538558 1 13 0 -62 -105 15 -37 -85 -47 72 49 83 89 25 20 16 10 15 35 35 45 55 16 8 11 5 
1542000 1542111 1 0 0 -37 -88 0 -30 -80 -40 79 48 87 84 25 20 17 10 15 35 35 45 55 16 9 4 5 
1556500 1557645 1 0 0 -14 -86 0 -1 -77 -11 108 75 91 89 25 20 17 10 15 35 35 45 55 16 3 5 5 
1604000 1604343 1 0 0 -5 -75 0 2 -68 -7 112 70 78 77 25 20 17 10 15 35 35 45 55 16 6 7 5 
1673000 1673113 1 0 0 -48 -114 0 -45 -110 -54 65 64 72 75 25 20 17 10 14 34 35 45 55 16 8 9 5 
1692500 1697701 1 -1 1 -111 -185 -55 -215 -262 -223 -104 49 86 93 25 20 17 10 14 34 35 45 55 16 0 1 5 
1731500 1731577 1 2 1 -314 -333 -244 -312 -330 -320 -201 20 70 65 25 20 17 10 13 33 35 45 55 16 8 8 5 
1766000 1766294 1 -3 1 -129 -174 -46 -111 -157 -121 -2 45 81 91 25 20 17 10 13 33 35 45 55 16 4 10 5 
1875000 1875182 1 0 0 -123 -159 0 -116 -152 -125 -6 36 66 67 25 20 16 10 13 33 35 45 55 16 8 8 5 
1959500 1959700 1 0 0 -123 -152 0 -118 -147 -127 -8 30 62 59 25 20 16 10 14 34 35 45 55 16 7 8 5 
1968000 1968252 1 13 0 -72 -119 4 -62 -113 -70 49 52 79 76 25 20 16 10 14 34 35 45 55 16 3 6 5 
1971500 1972653 1 0 0 -58 -108 0 -48 -116 -58 61 68 89 96 25 20 16 10 14 34 35 45 55 16 2 9 5 
1992000 1992118 1 -1 1 -109 -182 -51 -112 -181 -118 -1 69 79 76 25 20 16 10 13 33 35 45 55 16 6 4 5 
2014000 2014848 1 2 1 -268 -281 -211 -258 -279 -265 -148 21 94 90 25 20 16 10 13 33 35 45 55 16 3 7 5 
2074000 2074167 1 -3 1 -104 -144 -47 -96 -137 -104 13 41 74 84 25 20 16 10 13 33 35 45 55 16 4 7 5 
2141500 2141622 1 0 0 -56 -117 0 -46 -107 -54 65 62 75 77 25 20 16 10 13 33 35 45 55 16 5 10 5 
2145000 2145024 1 13 0 -74 -133 7 -74 -131 -84 35 57 84 88 25 20 16 10 13 33 35 45 55 16 7 11 5 
2153500 2153616 1 0 0 -142 -171 0 -140 -169 -149 -30 28 74 76 25 20 16 10 13 33 35 45 55 16 8 10 5 
2255000 2255026 1 0 0 -156 -191 0 -150 -184 -158 -39 35 74 71 25 20 16 10 13 33 35 45 55 16 9 7 5 
2275000 2275845 1 -1 1 -212 -240 -58 -229 -248 -235 -118 19 85 97 25 20 16 10 13 33 35 45 55 16 2 9 5 
2298000 2298020 1 2 1 -362 -366 -210 -356 -360 -365 -248 4 74 64 25 20 17 10 13 33 35 45 55 16 6 6 5 
2335000 2335096 1 -3 1 -199 -227 -50 -182 -211 -189 -72 30 70 76 25 20 17 10 13 33 35 45 55 16 3 8 5 
2413000 2413449 1 0 0 -142 -169 0 -136 -162 -145 -26 26 71 75 25 20 16 10 13 33 35 45 55 16 5 8 5 
2609000 2609403 1 0 0 -153 -170 0 -148 -163 -156 -39 15 67 74 25 20 16 10 13 33 35 45 55 16 5 6 5 
2722500 2722608 1 0 0 -136 -154 0 -135 -151 -145 -26 16 68 82 25 20 16 10 13 33 35 45 55 16 8 5 5 
2741000 2741121 1 0 0 -77 -112 0 -69 -103 -79 40 32 84 83 25 20 16 10 13 33 35 45 55 16 8 10 5 
2750000 2750332 1 13 0 27 -53 -2 24 -55 16 135 79 85 86 25 20 17 10 14 34 35 45 55 16 5 4 5 
2756000 2756092 1 0 0 100 1 0 106 6 97 216 100 76 91 25 20 17 10 14 34 35 45 55 16 0 9 5 
2765500 2765665 1 0 0 109 -1 0 116 7 107 226 111 76 71 25 20 17 10 14 34 35 45 55 16 7 6 5 
2778000 2778205 1 0 0 120 12 0 126 17 116 235 108 66 58 25 20 17 10 14 34 35 45 55 16 6 8 5 
2798000 2798152 1 0 0 96 7 0 103 14 93 212 89 61 60 25 20 17 10 14 34 35 45 55 16 8 8 5 
2818500 2820691 1 -1 1 44 -27 -55 -47 -88 -53 64 42 72 88 25 20 17 10 14 34 35 45 55 16 0 10 5 
2824500 2824554 1 2 1 -78 -111 -178 -76 -108 -82 35 34 72 75 25 20 17 10 14 34 35 45 55 16 9 8 5 
2834500 2834625 1 -3 1 60 -27 -42 82 -10 72 189 90 71 82 25 20 17 10 14 34 35 45 55 16 4 9 5 
2862000 2862223 1 0 0 106 10 0 114 19 104 223 94 63 61 25 20 17 10 14 34 35 45 55 16 8 8 5 
2959000 2959129 1 0 0 127 21 0 133 26 124 243 108 65 56 25 20 17 10 14 34 35 45 55 16 6 6 5 
2968000 2968348 1 0 0 139 31 0 148 39 140 257 108 66 72 25 20 16 10 14 34 35 45 55 16 5 6 5 
2975000 2975733 1 13 0 -26 -84 -30 -81 -122 -87 30 42 72 87 25 20 16 10 14 34 35 45 55 16 0 6 5 
2979500 2979596 1 0 0 -84 -118 0 -76 -111 -84 33 34 66 61 25 20 16 10 15 35 35 45 55 16 8 8 5 
2987000 2987163 1 0 0 -65 -102 0 -58 -94 -69 50 36 71 69 25 20 15 10 15 35 35 45 55 16 9 6 5 
3045500 3045664 1 -1 1 -115 -156 -52 -108 -150 -116 1 41 75 70 25 20 16 10 14 34 35 45 55 16 9 10 5 
3090000 3090079 1 2 1 -231 -260 -170 -224 -252 -231 -114 28 70 70 25 20 17 10 14 34 35 45 55 16 9 7 5 
3114500 3114584 1 -3 1 -105 -141 -45 -97 -135 -105 12 36 82 86 25 20 17 10 14 34 35 45 55 16 10 10 5 
3142500 3142590 1 0 0 -59 -104 0 -54 -98 -63 56 45 79 79 25 20 16 10 14 34 35 45 55 16 10 7 5 
3311500 3311503 1 0 0 -74 -135 0 -66 -127 -75 44 62 91 89 25 20 16 10 13 33 35 45 55 16 12 12 5 
3384500 3384603 1 -1 1 -149 -252 -59 -126 -234 -132 -15 108 98 96 25 20 16 10 12 32 35 45 55 16 6 7 5 
3424500 3424767 1 2 1 -565 -512 -467 -577 -518 -584 -467 -58 79 91 25 20 16 10 12 32 35 45 55 16 1 6 5 
3517500 3517617 1 -3 1 -165 -191 -47 -158 -186 -165 -48 29 79 70 25 20 16 10 13 33 35 45 55 16 7 10 5 
3590500 3590718 1 0 0 -134 -174 0 -128 -168 -137 -18 40 70 65 25 20 16 10 13 33 35 45 55 16 7 7 5 
3600000 3600192 1 13 0 -114 -164 -14 -96 -151 -104 15 55 75 78 25 20 16 10 13 33 35 45 55 16 3 10 5 
3605500 3605628 1 0 0 -81 -139 0 -75 -135 -85 34 59 83 85 25 20 16 10 13 33 35 45 55 16 7 7 5 
3638000 3638053 1 0 0 -31 -133 0 -23 -125 -30 87 102 86 75 25 20 16 10 13 33 35 45 55 16 11 6 5 
3676000 3676457 1 0 0 -102 -156 0 -96 -149 -105 14 53 77 82 25 20 16 10 13 33 35 45 55 16 4 7 5 
3714500 3714632 1 0 0 -122 -169 0 -114 -161 -121 -4 47 77 86 25 20 17 10 13 33 35 45 55 16 7 9 5 
3743500 3743647 1 0 0 -37 -118 0 -22 -105 -28 89 83 91 91 25 20 17 10 13 33 35 45 55 16 11 10 5 
3785500 3785548 1 0 0 -42 -151 0 -36 -148 -45 74 112 103 100 25 20 17 10 13 31 35 45 55 16 12 6 5 
3798000 3798075 1 -1 1 -105 -186 -57 -145 -194 -154 -35 48 98 110 25 20 17 10 13 29 35 45 55 16 1 12 5 
3860000 3860454 1 2 1 -377 -421 -302 -369 -411 -378 -259 42 96 94 25 20 17 10 13 33 35 45 55 16 5 12 5 
3891500 3892009 1 -3 1 -131 -147 -41 -109 -132 -117 2 23 93 94 25 20 16 10 13 33 35 45 55 16 8 11 5 
3976000 3976165 1 0 0 -127 -182 0 -120 -174 -129 -10 53 75 71 25 20 16 10 13 33 35 45 55 16 9 6 5 
4084500 4084501 1 0 0 -49 -126 0 -49 -124 -57 62 75 82 70 25 20 16 10 13 33 35 45 55 16 10 4 5 
4149500 4149713 1 0 0 -56 -122 0 -54 -123 -60 59 71 88 94 25 20 16 10 13 33 35 45 55 16 4 11 5 
4172500 4172794 1 -1 1 -109 -186 -50 -104 -179 -110 7 74 85 87 25 20 16 10 13 33 35 45 55 16 7 10 5 
4230500 4230706 1 2 1 -330 -364 -263 -328 -361 -337 -220 31 73 68 25 20 17 10 13 33 35 45 55 16 9 6 5 
4285000 4285082 1 -3 1 -118 -158 -43 -110 -152 -117 0 43 81 83 25 20 17 10 13 33 35 45 55 16 7 10 5 
4300500 4301195 1 0 0 -77 -123 0 -70 -121 -80 39 50 79 77 25 20 17 10 13 33 35 45 55 16 7 7 5 
4345000 4345160 1 0 0 -49 -131 0 -38 -123 -46 71 84 81 79 25 20 17 10 13 33 35 45 55 16 10 5 5 
4410500 4410746 1 0 0 -50 -131 0 -43 -124 -51 66 80 76 78 25 20 17 10 13 33 35 45 55 16 3 7 5 
4415000 4415027 1 13 0 -79 -143 -11 -74 -136 -82 35 63 76 86 25 20 17 10 13 33 35 45 55 16 5 6 5 
4423000 4423152 1 0 0 -101 -160 0 -95 -155 -102 15 59 71 71 25 20 16 10 13 33 35 45 55 16 6 6 5 
4466500 4466651 1 0 0 -131 -180 0 -120 -171 -128 -11 51 67 60 25 20 16 10 13 33 35 45 55 16 6 7 5 
4494500 4494633 1 -1 1 -183 -237 -58 -198 -249 -205 -88 51 76 77 25 20 16 10 13 33 35 45 55 16 3 9 5 
4519000 4519552 1 2 1 -390 -388 -270 -384 -384 -390 -273 0 72 74 25 20 16 10 13 33 35 45 55 16 3 6 5 
4567500 4567679 1 -3 1 -160 -197 -49 -145 -182 -151 -34 37 66 63 25 20 16 10 14 34 35 45 55 16 3 8 5 
4586500 4586694 1 0 0 -107 -141 0 -100 -135 -109 10 34 65 64 25 20 16 10 14 34 35 45 55 16 8 8 5 
4666000 4666064 1 0 0 -46 -97 0 -37 -88 -46 73 52 71 71 25 20 16 10 16 36 35 45 55 16 3 6 5 
4765500 4765519 1 0 0 -51 -96 0 -45 -89 -55 64 43 62 61 25 20 16 10 16 36 35 45 55 16 8 8 5 
4836500 4836547 1 0 0 -84 -117 0 -79 -111 -85 32 34 66 63 25 20 16 10 16 36 35 45 55 16 8 5 5 
4842000 4842141 1 13 0 -12 -74 25 0 -64 -6 111 64 79 82 25 20 16 10 16 36 35 45 55 16 4 9 5 
4846000 4846297 1 0 0 -3 -65 0 0 -60 -10 109 60 87 91 25 20 16 10 16 36 35 45 55 16 9 10 5 
4893500 4893604 1 0 0 20 -67 0 26 -60 19 136 87 84 86 25 20 16 10 16 36 35 45 55 16 10 8 5 
4947500 4947575 1 0 0 0 -82 0 1 -80 -6 111 82 82 83 25 20 16 10 16 36 35 45 55 16 9 11 5 
4996000 4996114 1 0 0 -68 -161 0 -60 -152 -70 49 91 87 86 25 20 17 10 14 34 35 45 55 16 11 5 5 
5005500 5005746 1 -1 1 -123 -201 -55 -117 -198 -124 -7 82 95 86 25 20 17 10 14 34 35 45 55 16 4 6 5 
5051000 5051130 1 2 1 -297 -310 -232 -289 -305 -296 -179 15 79 80 25 20 16 10 14 34 35 45 55 16 10 4 5 
5079500 5079508 1 -3 1 -114 -129 -50 -105 -118 -112 5 14 65 71 25 20 15 10 16 36 35 45 55 16 5 8 5 
5197500 5197554 1 0 0 -60 -129 0 -53 -121 -60 57 69 80 77 25 20 15 10 15 35 35 45 55 16 9 9 5 
5233000 5233011 1 0 0 -23 -108 0 -19 -104 -30 89 84 78 84 25 20 16 10 14 34 35 45 55 16 6 9 5 
5284000 5284005 1 -1 1 -86 -160 -51 -81 -151 -87 30 71 87 90 25 20 16 10 14 34 35 45 55 16 10 9 5 
5332500 5332700 1 2 1 -398 -385 -351 -392 -379 -399 -282 -13 75 73 25 20 16 10 14 34 35 45 55 16 9 6 5 
5399000 5400002 1 -3 1 -105 -131 -43 -79 -107 -87 30 28 95 104 25 20 16 10 14 32 35 45 55 16 0 11 5 
5415000 5415165 1 0 0 -66 -139 0 -61 -136 -71 48 75 87 87 25 20 16 10 14 34 35 45 55 16 11 11 5 
5683000 5683083 1 0 0 -25 -117 0 -17 -109 -23 96 94 88 88 25 20 16 10 15 35 35 45 55 16 11 11 5 
5789500 5789635 1 -1 1 -88 -198 -53 -83 -196 -90 27 112 109 109 25 20 16 10 14 32 35 45 55 16 9 11 5 
5850000 5850089 1 2 1 -390 -385 -349 -383 -379 -391 -274 -3 116 115 25 20 16 10 13 29 35 45 55 16 15 15 5 
6005500 6005537 1 -3 1 -90 -243 -34 -86 -238 -93 24 151 144 142 25 20 16 10 14 29 35 45 55 16 18 13 5 
6024000 6024010 1 -1 1 -115 -257 -57 -120 -253 -126 -9 135 120 120 25 20 16 10 14 29 35 45 55 16 11 12 5 
6041000 6041037 1 2 1 -185 -297 -125 -186 -296 -192 -75 111 129 129 25 20 16 10 14 29 35 45 55 16 17 17 5 
6048000 6048029 1 -3 1 -110 -252 -49 -99 -242 -107 10 143 126 130 25 20 16 10 14 29 35 45 55 16 15 14 5 
6106500 6107460 1 -1 1 -123 -204 -57 -143 -209 -150 -33 66 104 109 25 20 16 10 14 32 35 45 55 16 3 11 5 
6114000 6114033 1 2 1 -174 -235 -107 -171 -233 -178 -61 62 120 120 25 20 16 10 14 29 35 45 55 16 10 16 5 
6124500 6124606 1 -3 1 -113 -194 -45 -106 -188 -112 5 82 122 121 25 20 16 10 14 29 35 45 55 16 15 15 5 
6142500 6142593 1 0 0 -70 -171 0 -69 -165 -80 39 95 104 106 25 20 16 10 14 32 35 45 55 16 7 13 5 
6249500 6249604 1 0 0 -18 -134 0 -22 -132 -30 89 111 112 110 25 20 16 10 14 30 35 45 55 16 11 12 5 
6297000 6297012 1 0 0 9 -104 0 15 -96 6 125 112 106 103 25 20 16 10 14 32 35 45 55 16 13 12 5 
6476500 6476521 1 0 0 8 -110 0 10 -108 2 121 120 97 98 25 20 16 10 14 34 35 45 55 16 11 11 5 
6609500 6609504 1 0 0 -5 -103 0 8 -93 -3 116 100 114 112 25 20 16 10 14 30 35 45 55 16 11 13 5 
6620000 6620017 1 -1 1 43 -102 52 60 -97 53 170 157 109 103 25 20 16 10 14 32 35 45 55 16 12 11 5 
6706000 6706006 1 2 1 -294 -339 -250 -292 -335 -301 -184 42 95 86 25 20 16 10 12 32 35 45 55 16 12 9 5 
6762500 6762517 1 -3 1 -115 -140 -48 -107 -133 -115 2 25 126 127 25 20 16 10 13 28 35 45 55 16 15 13 5 
6790500 6790555 1 0 0 -79 -159 0 -70 -151 -80 39 81 120 117 25 20 16 10 13 29 35 45 55 16 15 12 5 
6874000 6874012 1 0 0 -82 -181 0 -74 -172 -84 35 98 94 91 25 20 16 10 13 33 35 45 55 16 12 11 5 
6933000 6933016 1 0 0 -29 -134 0 -25 -129 -32 85 105 91 91 25 20 16 10 14 34 35 45 55 16 11 12 5 
6966500 6966538 1 0 0 -62 -142 0 -63 -133 -70 47 70 100 101 25 20 16 10 14 32 35 45 55 16 10 12 5 
7004000 7004039 1 0 0 3 -100 0 11 -94 2 121 106 97 99 25 20 16 10 14 34 35 45 55 16 13 12 5 
7097500 7097656 1 -1 1 -66 -174 -51 -60 -168 -70 49 108 95 96 25 20 16 10 14 34 35 45 55 16 12 12 5 
7144500 7144603 1 2 1 -309 -371 -285 -305 -368 -314 -195 63 86 86 25 20 16 10 13 33 35 45 55 16 11 11 5 
7218000 7218154 1 -3 1 -84 -141 -46 -72 -130 -80 39 58 88 90 25 20 16 10 14 34 35 45 55 16 11 11 5 
7289000 7289017 1 0 0 -52 -134 0 -44 -126 -52 67 84 86 90 25 20 16 10 14 34 35 45 55 16 8 11 5 
7575000 7575100 1 0 0 -10 -119 0 -4 -113 -13 106 109 88 85 25 20 16 10 14 34 35 45 55 16 11 11 5 
7635500 7635666 1 -1 1 -60 -188 -51 -50 -179 -55 62 129 89 90 25 20 16 10 15 35 35 45 55 16 11 12 5 
7657000 7657107 1 2 1 -191 -288 -182 -188 -284 -195 -78 96 86 83 25 20 16 10 15 35 35 45 55 16 11 11 5 
7685000 7685125 1 -3 1 -59 -146 -50 -42 -134 -49 68 90 87 91 25 20 16 10 15 35 35 45 55 16 6 10 5 
7830000 7830552 1 0 0 -8 -117 0 1 -108 -8 111 109 84 85 25 20 16 10 15 35 35 45 55 16 7 9 5 
7944500 7944505 1 0 0 -32 -132 0 -23 -125 -32 87 102 89 92 25 20 16 10 15 35 35 45 55 16 11 12 5 
7998500 7998956 1 -1 1 -80 -165 -52 -86 -161 -92 25 76 97 100 25 20 16 10 14 32 35 45 55 16 8 8 5 
8073500 8073716 1 2 1 -381 -355 -358 -377 -350 -383 -266 -27 107 109 25 20 16 10 14 32 35 45 55 16 13 14 5 
8192500 8194220 1 -3 1 -63 -177 -47 -37 -162 -44 73 125 97 99 25 20 16 10 14 34 35 45 55 16 0 12 5 
8362500 8362565 1 0 0 -5 -118 0 3 -111 -6 113 114 92 90 25 20 16 10 15 35 35 45 55 16 10 11 5 
8458500 8458571 1 -1 1 -61 -178 -51 -53 -170 -62 55 117 94 96 25 20 16 10 14 34 35 45 55 16 11 9 5 
8525500 8525503 1 2 1 -240 -300 -227 -230 -294 -236 -119 64 97 99 25 20 16 10 14 34 35 45 55 16 11 5 5 
8608000 8608525 1 -3 1 -67 -152 -49 -63 -146 -71 46 82 87 89 25 20 16 10 15 35 35 45 55 16 7 8 5 
8765500 8765693 1 0 0 -27 -113 0 -18 -103 -26 93 87 83 86 25 20 16 10 14 34 35 45 55 16 4 10 5 
8800000 8800050 1 -1 1 -76 -188 -50 -66 -182 -74 45 118 93 99 25 20 16 10 14 34 35 45 55 16 6 6 5 
8840500 8840574 1 2 1 -205 -300 -181 -203 -296 -212 -93 94 86 85 25 20 16 10 14 34 35 45 55 16 5 8 5 
8878500 8878632 1 -3 1 -68 -136 -45 -53 -125 -62 57 72 92 93 25 20 16 10 14 34 35 45 55 16 9 12 5 
9024500 9025180 1 0 0 -16 -109 0 -15 -103 -22 97 89 83 81 25 20 16 10 15 35 35 45 55 16 3 5 5 
9085500 9085580 1 -1 1 -65 -177 -50 -55 -167 -64 55 113 95 97 25 20 16 10 14 34 35 45 55 16 5 9 5 
9117000 9117148 1 2 1 -213 -309 -198 -207 -301 -215 -96 94 94 93 25 20 16 10 13 33 35 45 55 16 12 6 5 
9200000 9200073 1 -3 1 -62 -119 -49 -61 -116 -69 50 55 92 92 25 20 16 10 15 35 35 45 55 16 10 6 5 
9275500 9275510 1 0 0 -12 -108 0 -3 -101 -12 107 98 86 93 25 20 16 10 15 35 35 45 55 16 7 11 5 
9304500 9304559 1 -1 1 -64 -169 -52 -57 -163 -66 53 105 83 84 25 20 16 10 15 35 35 45 55 16 9 10 5 
9341000 9341010 1 2 1 -321 -385 -310 -319 -382 -328 -209 64 110 109 25 20 16 10 14 32 35 45 55 16 13 11 5 
9456000 9456175 1 -3 1 -60 -149 -49 -54 -142 -62 57 89 74 69 25 20 16 10 15 35 35 45 55 16 7 4 5 
9540000 9542050 1 0 0 -10 -113 0 -2 -94 -12 107 92 83 92 25 20 16 10 16 36 35 45 55 16 0 8 5 
9789500 9789778 1 0 0 -6 -105 0 5 -97 -5 114 101 83 87 25 20 16 10 16 36 35 45 55 16 8 10 5 
9936500 9936647 1 -1 1 -64 -187 -50 -58 -181 -65 52 124 76 76 25 20 16 10 16 36 35 45 55 16 10 9 5 
9954500 9955641 1 2 1 -134 -206 -119 -126 -197 -133 -16 71 83 89 25 20 16 10 16 36 35 45 55 16 2 11 5 
10021000 10021205 1 -3 1 -67 -150 -48 -60 -145 -68 49 86 82 87 25 20 16 10 15 35 35 45 55 16 8 5 5 
10061500 10061616 1 -1 1 -77 -180 -56 -69 -172 -76 41 103 84 82 25 20 16 10 15 35 35 45 55 16 11 8 5 
10083500 10083540 1 2 1 -165 -265 -143 -161 -262 -169 -52 101 85 85 25 20 16 10 15 35 35 45 55 16 9 5 5 
10124500 10124548 1 -3 1 -73 -144 -48 -70 -139 -76 41 72 80 82 25 20 16 10 15 35 35 45 55 16 10 9 5 
10271500 10271643 1 0 0 -33 -120 0 -26 -114 -34 85 88 86 79 25 20 16 10 15 35 35 45 55 16 4 10 5 
10535500 10535553 1 0 0 -33 -132 0 -27 -126 -36 83 100 80 75 25 20 16 10 16 36 35 45 55 16 6 7 5 
10584000 10584097 1 -1 1 -83 -171 -51 -75 -164 -84 35 88 85 86 25 20 16 10 15 35 35 45 55 16 8 10 5 
10625500 10625872 1 2 1 -270 -323 -239 -259 -319 -267 -148 60 100 96 25 20 16 10 15 35 35 45 55 16 8 12 5 
10855000 10855146 1 -3 1 -72 -148 -48 -66 -145 -75 44 78 69 72 25 20 16 10 15 35 35 45 55 16 4 7 5 
10878000 10878038 1 0 0 -23 -92 0 -16 -86 -25 94 71 74 79 25 20 16 10 15 35 35 45 55 16 6 5 5 
10959500 10959527 1 0 0 -24 -91 0 -15 -84 -24 95 68 72 70 25 20 16 10 16 36 35 45 55 16 6 6 5 
11175000 11175003 1 0 0 -23 -93 0 -16 -87 -24 95 71 68 66 25 20 16 10 16 36 35 45 55 16 6 4 5 
11295000 11295009 1 0 0 1 -106 0 10 -98 1 120 109 94 93 25 20 16 10 16 36 35 45 55 16 11 11 5 
11345500 11345539 1 -1 1 -54 -151 -52 -44 -143 -52 67 100 74 69 25 20 16 10 15 35 35 45 55 16 6 6 5 
11384500 11384502 1 2 1 -290 -325 -285 -281 -317 -292 -173 34 82 77 25 20 16 10 14 34 35 45 55 16 11 10 5 
11413000 11413142 1 -3 1 -50 -113 -44 -39 -100 -48 71 61 89 96 25 20 16 10 15 35 35 45 55 16 6 11 5 
11583500 11583671 1 0 0 -18 -97 0 -11 -90 -20 99 80 63 65 25 20 16 10 16 36 35 45 55 16 4 8 5 
11618500 11618715 1 0 0 -37 -109 0 -30 -102 -38 81 73 64 65 25 20 16 10 15 35 35 45 55 16 8 8 5 
11624500 11624504 1 13 0 -116 -157 -29 -120 -157 -128 -9 38 64 62 25 20 16 10 15 35 35 45 55 16 7 7 5 
11630000 11630286 1 0 0 -132 -167 0 -127 -162 -136 -17 36 61 61 25 20 16 10 15 35 35 45 55 16 4 5 5 
11729000 11729048 1 0 0 -118 -153 0 -108 -145 -114 3 38 65 64 25 20 16 10 14 34 35 45 55 16 2 3 5 
11768000 11768001 1 0 0 -157 -178 0 -151 -170 -159 -40 21 70 74 25 20 16 10 15 35 35 45 55 16 8 9 5 
11786000 11786094 1 13 0 -90 -139 16 -68 -122 -78 41 53 71 76 25 20 17 10 16 36 35 45 55 16 5 9 5 
11805000 11805209 1 0 0 -52 -102 0 -37 -90 -48 71 54 82 86 25 20 17 10 16 36 35 45 55 16 4 10 5 
11824000 11824012 1 0 0 -66 -116 0 -61 -112 -69 50 51 75 64 25 20 17 10 16 36 35 45 55 16 8 5 5 
11872000 11872204 1 -1 1 -120 -182 -56 -111 -173 -120 -1 61 67 66 25 20 17 10 16 36 35 45 55 16 8 3 5 
11911500 11911539 1 2 1 -382 -380 -319 -376 -375 -384 -265 1 80 81 25 20 16 10 14 34 35 45 55 16 7 8 5 
12000500 12000833 1 -3 1 -110 -143 -49 -108 -138 -117 2 29 80 82 25 20 17 10 17 37 35 45 55 16 5 4 5 
12133000 12133593 1 0 0 -58 -130 0 -53 -125 -61 58 73 80 80 25 20 17 10 17 37 35 45 55 16 7 10 5 
12189500 12189579 1 0 0 -66 -134 0 -61 -128 -68 51 69 80 82 25 20 17 10 17 37 35 45 55 16 7 10 5 
12228500 12228685 1 -1 1 -134 -208 -51 -130 -203 -138 -21 74 80 80 25 20 16 10 15 35 35 45 55 16 10 9 5 
12295000 12295193 1 2 1 -374 -362 -263 -365 -352 -373 -256 -11 70 61 25 20 16 10 14 34 35 45 55 16 6 9 5 
12327000 12327055 1 -3 1 -173 -185 -48 -165 -177 -171 -54 14 75 77 25 20 16 10 14 34 35 45 55 16 9 7 5 
12431500 12431559 1 0 0 -170 -191 0 -164 -184 -174 -55 20 74 68 25 20 16 10 14 34 35 45 55 16 9 9 5 
12559000 12559055 1 -1 1 -207 -222 -54 -204 -213 -213 -94 9 91 89 25 20 16 10 14 34 35 45 55 16 3 5 5 
12618500 12618616 1 2 1 -410 -386 -264 -403 -381 -413 -294 -23 82 85 25 20 16 10 14 34 35 45 55 16 9 9 5 
12646500 12646586 1 -3 1 -192 -198 -50 -184 -193 -193 -74 9 72 68 25 20 16 10 14 34 35 45 55 16 9 10 5 
12731000 12731269 1 0 0 -131 -168 0 -128 -163 -139 -20 35 80 81 25 20 16 10 15 35 35 45 55 16 7 10 5 
12834500 12836629 1 -1 1 -201 -226 -51 -212 -230 -222 -103 17 84 87 25 20 16 10 14 34 35 45 55 16 0 5 5 
12861000 12861178 1 2 1 -396 -380 -242 -390 -375 -398 -279 -14 72 72 25 20 16 10 14 34 35 45 55 16 9 9 5 
12908500 12908688 1 -3 1 -212 -231 -50 -205 -223 -215 -96 18 70 68 25 20 16 10 15 35 35 45 55 16 8 9 5 
12990000 12990106 1 0 0 -176 -195 0 -173 -191 -182 -63 17 73 72 25 20 16 10 15 35 35 45 55 16 9 9 5 
13275000 13275695 1 0 0 -134 -177 0 -127 -171 -138 -19 42 79 77 25 20 16 10 15 35 35 45 55 16 4 9 5 
13304500 13304522 1 -1 1 -185 -220 -53 -179 -214 -188 -69 36 86 87 25 20 16 10 15 35 35 45 55 16 5 11 5 
13326500 13326608 1 2 1 -401 -388 -270 -397 -384 -407 -288 -13 84 86 25 20 16 10 14 34 35 45 55 16 7 7 5 
13362000 13362998 1 -3 1 -175 -205 -46 -159 -186 -168 -49 27 84 87 25 20 16 10 15 35 35 45 55 16 0 8 5 
13618000 13619312 1 0 0 -111 -153 0 -109 -147 -118 1 39 83 86 25 20 16 10 15 35 35 45 55 16 0 10 5 
13670500 13670718 1 -1 1 -180 -214 -59 -174 -207 -183 -66 32 86 86 25 20 16 10 14 34 35 45 55 16 5 9 5 
13762000 13762101 1 2 1 -442 -380 -302 -443 -375 -451 -334 -69 98 98 25 20 16 10 13 33 35 45 55 16 6 6 5 
13783000 13783708 1 13 0 -354 -343 -210 -335 -329 -343 -224 -5 115 116 25 20 16 10 13 29 35 45 55 16 7 3 5 
13789000 13789076 1 -3 1 -194 -231 -48 -190 -226 -198 -81 35 122 122 25 20 16 10 13 28 35 45 55 16 11 11 5 
13804500 13804573 1 -1 1 -206 -231 -58 -215 -233 -222 -105 19 94 94 25 20 16 10 14 34 35 45 55 16 7 11 5 
13817500 13817660 1 2 1 -287 -255 -136 -280 -248 -286 -169 -32 73 75 25 20 16 10 14 34 35 45 55 16 9 7 5 
13874500 13874949 1 -3 1 -212 -213 -50 -205 -208 -213 -96 2 76 85 25 20 16 10 14 34 35 45 55 16 4 7 5 
13968000 13968099 1 0 0 -181 -210 0 -174 -202 -183 -64 28 74 75 25 20 16 10 14 34 35 45 55 16 9 9 5 
14055000 14055058 1 -1 1 -220 -241 -56 -207 -229 -212 -95 23 85 89 25 20 17 10 13 33 35 45 55 16 10 6 5 
14071000 14071408 1 2 1 -389 -380 -228 -383 -375 -392 -275 -9 72 74 25 20 17 10 13 33 35 45 55 16 6 9 5 
14127500 14127586 1 -3 1 -199 -219 -49 -190 -211 -197 -80 21 68 62 25 20 17 10 14 34 35 45 55 16 9 6 5 
14216500 14216581 1 0 0 -133 -158 0 -124 -152 -134 -15 28 68 69 25 20 16 10 16 36 35 45 55 16 9 5 5 
14338000 14340987 1 -1 1 -179 -201 -51 -219 -222 -225 -108 4 71 77 25 20 17 10 14 34 35 45 55 16 0 4 5 
14361500 14361503 1 2 1 -375 -361 -249 -370 -356 -377 -260 -16 70 62 25 20 17 10 13 33 35 45 55 16 7 9 5 
14405500 14405672 1 -3 1 -174 -192 -50 -168 -185 -174 -57 17 66 61 25 20 17 10 14 34 35 45 55 16 7 5 5 
14674000 14674067 1 0 0 -113 -123 0 -104 -114 -113 6 10 60 62 25 20 17 10 16 36 35 45 55 16 5 5 5 
14776000 14778241 1 -1 1 -170 -199 -54 -198 -218 -205 -88 20 79 79 25 20 17 10 14 34 35 45 55 16 0 0 5 
14797500 14797648 1 2 1 -380 -367 -263 -377 -364 -384 -267 -13 78 77 25 20 17 10 13 33 35 45 55 16 10 4 5 
14849000 14849091 1 -3 1 -167 -179 -48 -160 -172 -167 -50 12 60 58 25 20 17 10 14 34 35 45 55 16 7 6 5 
15015000 15015168 1 0 0 -124 -140 0 -118 -134 -126 -7 17 61 66 25 20 17 10 15 35 35 45 55 16 5 7 5 
15117000 15117106 1 -1 1 -157 -186 -53 -149 -179 -157 -40 29 70 69 25 20 17 10 14 34 35 45 55 16 7 9 5 
15153000 15153038 1 2 1 -357 -352 -260 -353 -346 -361 -244 -6 64 64 25 20 17 10 13 33 35 45 55 16 5 5 5 
15190500 15190584 1 -3 1 -129 -174 -39 -117 -165 -124 -7 49 78 78 25 20 16 10 15 35 35 45 55 16 2 8 5 
15192000 15192019 1 13 0 -108 -160 -19 -94 -151 -102 15 55 82 88 25 20 16 10 15 35 35 45 55 16 5 10 5 
15193500 15193570 1 0 0 -89 -147 0 -89 -145 -98 21 57 81 88 25 20 16 10 15 35 35 45 55 16 11 9 5 
15208500 15208625 1 0 0 22 -40 0 32 -32 23 142 63 62 61 25 20 16 10 16 36 35 45 55 16 5 8 5 
15226500 15226529 1 0 0 30 -22 0 38 -13 28 147 52 63 59 25 20 16 10 16 36 35 45 55 16 7 8 5 
15230000 15230043 1 13 0 -76 -99 -14 -81 -103 -90 29 23 78 89 25 20 16 10 16 36 35 45 55 16 2 10 5 
15232000 15232085 1 0 0 -114 -124 0 -107 -118 -116 3 11 78 87 25 20 16 10 16 36 35 45 55 16 10 9 5 
15247500 15247545 1 0 0 -114 -125 0 -112 -122 -122 -3 10 65 66 25 20 16 10 16 36 35 45 55 16 4 5 5 
15303500 15303686 1 0 0 -100 -117 0 -94 -111 -101 16 16 63 61 25 20 17 10 16 36 35 45 55 16 3 5 5 
15310000 15310317 1 0 0 -38 -90 0 -1 -69 -8 109 67 81 88 25 20 17 10 16 36 35 45 55 16 1 1 5 
15331000 15331892 1 0 0 -61 -106 0 -59 -104 -67 50 45 67 66 25 20 17 10 16 36 35 45 55 16 5 5 5 
15338500 15338597 1 13 0 36 -46 25 40 -43 32 149 83 74 73 25 20 17 10 16 36 35 45 55 16 10 6 5 
15347000 15347143 1 0 0 91 -6 0 96 0 88 207 95 77 81 25 20 17 10 17 37 35 45 55 16 7 10 5 
15428500 15428627 1 -1 1 36 -60 -50 42 -54 35 152 95 73 72 25 20 17 10 15 35 35 45 55 16 9 8 5 
15468500 15468664 1 2 1 -88 -167 -171 -85 -164 -92 25 78 72 74 25 20 17 10 13 33 35 45 55 16 6 7 5 
15504500 15504689 1 -3 1 33 -54 -47 43 -49 38 155 93 65 59 25 20 17 10 14 34 35 45 55 16 5 5 5 
15602000 15602235 1 0 0 74 -8 0 81 -1 72 191 82 65 61 25 20 17 10 15 35 35 45 55 16 8 5 5 
15627000 15627003 1 -1 1 24 -61 -52 31 -55 23 140 84 66 62 25 20 17 10 14 34 35 45 55 16 5 4 5 
15637000 15637093 1 2 1 -10 -85 -87 -3 -77 -12 105 73 65 65 25 20 17 10 14 34 35 45 55 16 8 5 5 
15645500 15645807 1 -3 1 30 -65 -48 37 -60 30 147 99 65 64 25 20 17 10 14 34 35 45 55 16 5 3 5 
15736000 15736652 1 0 0 85 4 0 89 9 82 199 80 65 67 25 20 17 10 16 36 35 45 55 16 2 8 5 
15743500 15743611 1 13 0 -34 -88 -64 -31 -85 -40 77 53 75 78 25 20 17 10 16 36 35 45 55 16 11 6 5 
15751000 15751688 1 0 0 -25 -75 0 -21 -70 -27 90 49 64 63 25 20 17 10 16 36 35 45 55 16 5 5 5 
15814500 15814660 1 0 0 -13 -58 0 -2 -49 -8 109 47 67 64 25 20 17 10 16 36 35 45 55 16 5 5 5 
15820500 15822701 1 13 0 -38 -78 15 -117 -130 -123 -6 14 78 85 25 20 17 10 16 36 35 45 55 16 0 9 5 
15828500 15828841 1 0 0 -105 -121 0 -85 -106 -92 25 21 76 81 25 20 17 10 16 36 35 45 55 16 5 7 5 
15871000 15871099 1 -1 1 -152 -183 -51 -148 -177 -153 -36 31 68 70 25 20 17 10 15 35 35 45 55 16 9 5 5 
15914500 15914717 1 2 1 -345 -341 -247 -347 -343 -354 -237 -3 63 62 25 20 17 10 14 34 35 45 55 16 4 3 5 
15944000 15944037 1 -3 1 -141 -164 -46 -134 -156 -140 -23 24 68 63 25 20 17 10 15 35 35 45 55 16 5 6 5 
16014500 16014742 1 0 0 -90 -113 0 -84 -109 -92 27 26 61 59 25 20 17 10 16 36 35 45 55 16 8 5 5 
16143000 16143027 1 -1 1 -153 -172 -51 -146 -166 -153 -36 20 70 67 25 20 17 10 15 35 35 45 55 16 9 9 5 
16186500 16186570 1 2 1 -392 -369 -286 -389 -365 -395 -278 -22 79 72 25 20 17 10 13 33 35 45 55 16 11 9 5 
16233500 16233616 1 -3 1 -159 -171 -49 -152 -164 -158 -41 13 65 66 25 20 17 10 15 35 35 45 55 16 5 8 5 
16417500 16417831 1 0 0 -127 -138 0 -126 -136 -134 -15 10 64 65 25 20 17 10 16 36 35 45 55 16 2 5 5 
16603000 16603716 1 0 0 -153 -165 0 -147 -157 -156 -37 9 69 65 25 20 17 10 16 36 35 45 55 16 6 9 5 
16683500 16683620 1 -1 1 -200 -236 -51 -202 -237 -210 -93 35 85 87 25 20 17 10 14 34 35 45 55 16 1 3 5 
16726000 16726201 1 2 1 -437 -423 -291 -428 -415 -437 -320 -15 71 65 25 20 17 10 13 33 35 45 55 16 9 6 5 
16770000 16770214 1 -3 1 -193 -197 -50 -184 -187 -190 -73 4 71 70 25 20 17 10 15 35 35 45 55 16 9 9 5 
16940500 16940601 1 0 0 -132 -152 0 -128 -148 -135 -16 21 71 75 25 20 17 10 16 36 35 45 55 16 6 9 5 
17008500 17010494 1 -1 1 -185 -221 -51 -213 -243 -219 -102 31 83 86 25 20 17 10 14 34 35 45 55 16 0 4 5 
17032500 17032515 1 2 1 -417 -397 -284 -411 -392 -419 -302 -19 69 75 25 20 17 10 13 33 35 45 55 16 5 9 5 
17091500 17091584 1 -3 1 -184 -197 -50 -177 -189 -186 -69 12 61 62 25 20 17 10 15 35 35 45 55 16 8 8 5 
17138500 17138549 1 -1 1 -187 -199 -51 -185 -197 -192 -75 12 66 63 25 20 17 10 16 36 35 45 55 16 5 8 5 
17168000 17168016 1 2 1 -231 -236 -95 -226 -231 -233 -116 5 69 63 25 20 17 10 16 36 35 45 55 16 9 9 5 
17189500 17189679 1 -3 1 -185 -198 -49 -176 -188 -182 -65 13 64 70 25 20 17 10 16 36 35 45 55 16 5 7 5 
17257500 17257645 1 0 0 -137 -161 0 -128 -155 -136 -17 27 74 79 25 20 17 10 16 36 35 45 55 16 9 7 5 
17280000 17280006 1 0 0 -95 -137 0 -87 -128 -96 23 40 66 65 25 20 17 10 16 36 35 45 55 16 8 8 5 
17343500 17343571 1 -1 1 -147 -170 -50 -141 -163 -147 -30 22 75 74 25 20 17 10 15 35 35 45 55 16 9 9 5 
17381000 17381012 1 2 1 -427 -378 -330 -425 -375 -433 -316 -52 87 86 25 20 17 10 14 34 35 45 55 16 12 8 5 
17498500 17498805 1 -3 1 -146 -155 -47 -137 -145 -144 -27 9 75 73 25 20 17 10 15 35 35 45 55 16 4 7 5 
17526000 17526140 1 0 0 -100 -131 0 -111 -138 -118 -1 25 85 79 25 20 17 10 15 35 35 45 55 16 8 4 5 
17538500 17538637 1 0 0 -94 -139 0 -96 -138 -105 14 42 97 97 25 20 17 10 15 35 35 45 55 16 8 12 5 
17550000 17550264 1 0 0 -179 -224 0 -182 -225 -189 -72 42 106 108 25 20 17 10 16 34 35 45 55 16 5 5 5 
17555500 17555583 1 13 0 -54 -161 6 -44 -145 -54 65 101 101 103 25 20 17 10 16 34 35 45 55 16 13 13 5 
17559000 17559067 1 0 0 15 -118 0 38 -106 30 149 145 98 99 25 20 17 10 16 36 35 45 55 16 13 11 5 
17590500 17590886 1 -1 1 74 -122 63 95 -100 86 205 195 127 132 25 20 17 10 15 30 35 45 55 16 8 3 5 
17638500 17638511 1 2 1 -274 -276 -279 -279 -278 -288 -169 -2 77 79 25 20 17 10 13 33 35 45 55 16 5 7 5 
17804500 17804513 1 -3 1 -65 -107 -49 -55 -97 -64 55 41 76 75 25 20 17 10 15 35 35 45 55 16 10 10 5 
17865000 17865077 1 0 0 -24 -84 0 -14 -74 -24 95 60 82 82 25 20 17 10 16 36 35 45 55 16 11 11 5 
17883500 17884173 1 0 0 -37 -86 0 -29 -76 -37 80 47 76 74 25 20 17 10 15 35 35 45 55 16 7 9 5 
17913500 17913650 1 0 0 -87 -128 0 -82 -122 -90 27 40 85 85 25 20 17 10 15 35 35 45 55 16 11 11 5 
17919500 17919595 1 13 0 -45 -106 1 -40 -101 -46 71 63 87 88 25 20 17 10 15 35 35 45 55 16 11 11 5 
17924500 17924658 1 0 0 -12 -85 0 -7 -80 -14 103 74 81 78 25 20 17 10 15 35 35 45 55 16 11 10 5 
17946500 17947878 1 -1 1 -80 -140 -59 -113 -157 -120 -3 44 89 99 25 20 17 10 14 34 35 45 55 16 3 11 5 
18033000 18033479 1 2 1 -472 -440 -417 -473 -440 -481 -364 -33 74 75 25 20 17 10 13 33 35 45 55 16 3 6 5 
18136500 18136652 1 -3 1 -147 -163 -50 -143 -158 -151 -34 15 66 69 25 20 17 10 15 35 35 45 55 16 5 3 5 
18172500 18172713 1 0 0 -112 -133 0 -101 -123 -109 10 22 66 66 25 20 17 10 16 36 35 45 55 16 8 5 5 
18250500 18250579 1 0 0 -114 -143 0 -106 -134 -113 4 29 76 75 25 20 17 10 16 36 35 45 55 16 10 9 5 
18256500 18257126 1 13 0 -45 -96 31 -40 -85 -49 70 46 87 90 25 20 17 10 16 36 35 45 55 16 3 2 5 
18263000 18263094 1 0 0 -35 -89 0 -32 -84 -39 78 52 83 84 25 20 17 10 16 36 35 45 55 16 9 10 5 
18274500 18276326 1 0 0 -6 -81 0 -6 -73 -13 104 67 85 92 25 20 17 10 16 36 35 45 55 16 0 10 5 
18283000 18283175 1 0 0 -13 -79 0 -2 -71 -10 107 68 81 79 25 20 17 10 16 36 35 45 55 16 10 9 5 
18295000 18295894 1 0 0 -15 -105 0 7 -104 1 118 112 100 96 25 20 17 10 16 36 35 45 55 16 4 13 5 
18299000 18300286 1 13 0 47 -86 -10 112 -47 102 221 159 92 96 25 20 17 10 16 36 35 45 55 16 1 7 5 
18303500 18304828 1 0 0 138 -27 0 144 -16 136 253 159 77 79 25 20 17 10 16 36 35 45 55 16 3 10 5 
18309000 18309301 1 13 0 99 -58 46 94 -59 85 204 153 89 90 25 20 17 10 16 36 35 45 55 16 1 12 5 
18314500 18314596 1 0 0 -32 -139 0 -1 -130 -10 107 128 100 99 25 20 17 10 16 36 35 45 55 16 10 13 5 
18317500 18317972 1 13 0 15 -103 1 43 -83 33 152 124 102 105 25 20 17 10 16 34 35 45 55 16 7 12 5 
18320500 18320648 1 0 0 60 -90 0 83 -80 73 192 162 99 96 25 20 17 10 16 36 35 45 55 16 10 9 5 
18327500 18328296 1 0 0 7 -132 0 14 -120 5 122 132 86 94 25 20 17 10 16 36 35 45 55 16 2 8 5 
18347000 18347014 1 0 0 2 -73 0 3 -71 -4 113 74 74 78 25 20 17 10 16 36 35 45 55 16 5 10 5 
18369500 18370013 1 0 0 -98 -135 0 -91 -129 -98 19 38 69 67 25 20 17 10 16 36 35 45 55 16 6 8 5 
18401000 18401182 1 0 0 -109 -143 0 -102 -135 -109 8 34 70 71 25 20 17 10 16 36 35 45 55 16 5 6 5 
18432500 18432512 1 0 0 -63 -126 0 -59 -122 -68 51 62 84 93 25 20 17 10 16 36 35 45 55 16 6 10 5 
18441000 18441322 1 0 0 -23 -108 0 5 -91 -2 115 97 86 87 25 20 17 10 16 36 35 45 55 16 4 6 5 
18447000 18447191 1 13 0 -114 -152 -23 -105 -146 -112 5 40 95 97 25 20 17 10 16 36 35 45 55 16 4 9 5 
18451500 18451532 1 0 0 -141 -174 0 -138 -170 -144 -27 33 105 106 25 20 17 10 16 34 35 45 55 16 14 13 5 
18457500 18457506 1 13 0 -110 -167 -28 -124 -174 -130 -13 49 104 103 25 20 17 10 16 34 35 45 55 16 13 8 5 
18462000 18462674 1 0 0 -37 -144 0 -41 -126 -50 67 84 97 103 25 20 17 10 16 34 35 45 55 16 3 9 5 
18469000 18469459 1 0 0 32 -102 0 40 -96 32 149 136 89 84 25 20 17 10 16 36 35 45 55 16 1 9 5 
18480000 18480028 1 0 0 -97 -156 0 -96 -152 -103 14 56 96 96 25 20 17 10 16 36 35 45 55 16 9 9 5 
18493500 18493874 1 0 0 -91 -153 0 -80 -142 -86 31 63 102 104 25 20 17 10 16 34 35 45 55 16 10 11 5 
18498500 18498577 1 0 0 -109 -176 0 -112 -175 -119 -2 63 101 103 25 20 17 10 16 34 35 45 55 16 9 8 5 
18506000 18506249 1 13 0 15 -138 -3 57 -122 47 166 179 97 94 25 20 17 10 16 36 35 45 55 16 9 10 5 
18511500 18511606 1 0 0 111 -67 0 126 -54 119 236 180 95 91 25 20 17 10 16 36 35 45 55 16 9 3 5 
18515500 18515544 1 13 0 49 -107 -8 85 -97 79 196 182 99 97 25 20 17 10 16 36 35 45 55 16 11 4 5 
18520500 18520535 1 0 0 -10 -126 0 -18 -120 -25 92 101 102 102 25 20 17 10 16 34 35 45 55 16 7 3 5 
18550000 18550178 1 -1 1 -67 -243 -52 -83 -249 -91 28 167 120 121 25 20 17 10 15 30 35 45 55 16 4 12 5 
18618500 18618563 1 2 1 -495 -451 -468 -498 -448 -508 -389 -51 102 101 25 20 17 10 13 31 35 45 55 16 9 12 5 
18728500 18728569 1 -3 1 -90 -176 -43 -78 -173 -87 32 94 98 96 25 20 17 10 15 35 35 45 55 16 11 11 5 
18744000 18744002 1 -1 1 -104 -191 -54 -94 -185 -103 16 90 99 96 25 20 17 10 15 35 35 45 55 16 6 11 5 
18751500 18751632 1 2 1 -151 -196 -100 -144 -186 -154 -35 41 110 110 25 20 17 10 15 31 35 45 55 16 14 14 5 
18759000 18759013 1 -3 1 -97 -187 -44 -103 -186 -112 7 84 111 110 25 20 17 10 15 31 35 45 55 16 8 9 5 
18853000 18854317 1 -1 1 -121 -288 -52 -175 -295 -185 -66 119 111 121 25 20 17 10 14 29 35 45 55 16 5 14 5 
18903500 18903503 1 2 1 -469 -509 -390 -473 -509 -484 -365 35 76 76 25 20 17 10 13 33 35 45 55 16 6 3 5 
18955000 18955128 1 -3 1 -137 -168 -49 -120 -154 -129 -10 34 79 77 25 20 17 10 14 34 35 45 55 16 5 5 5 
19033000 19033019 1 0 0 -102 -149 0 -93 -141 -103 16 47 63 61 25 20 17 10 16 36 35 45 55 16 8 8 5 
19065000 19065392 1 0 0 -76 -131 0 -66 -123 -72 45 58 67 68 25 20 17 10 16 36 35 45 55 16 3 5 5 
19102500 19102881 1 0 0 -56 -112 0 -51 -105 -60 59 54 71 69 25 20 17 10 14 34 35 45 55 16 4 6 5 
19121000 19121174 1 -1 1 -109 -163 -52 -105 -158 -114 5 54 73 71 25 20 17 10 14 34 35 45 55 16 5 6 5 
19189000 19189002 1 2 1 -335 -319 -274 -337 -320 -347 -228 -18 88 94 25 20 17 10 14 34 35 45 55 16 3 8 5 
19255000 19255013 1 -3 1 -14 -95 50 -1 -82 -10 109 82 70 67 25 20 17 10 16 36 35 45 55 16 9 5 5 
19269500 19269507 1 0 0 -65 -130 0 -61 -127 -70 49 67 74 75 25 20 17 10 16 36 35 45 55 16 9 9 5 
19346500 19346846 1 0 0 -28 -92 0 -19 -85 -28 91 66 72 74 25 20 17 10 16 36 35 45 55 16 6 8 5 
19436000 19436521 1 -1 1 -76 -195 -52 -72 -189 -79 38 116 86 85 25 20 17 10 15 35 35 45 55 16 3 6 5 
19489000 19489040 1 2 1 -308 -341 -286 -309 -339 -317 -200 31 79 78 25 20 17 10 13 33 35 45 55 16 6 7 5 
19521000 19521095 1 -3 1 -66 -109 -46 -53 -99 -60 57 46 72 68 25 20 17 10 16 36 35 45 55 16 6 5 5 
19613500 19613505 1 0 0 -16 -112 0 -2 -102 -9 108 99 81 84 25 20 17 10 17 37 35 45 55 16 8 10 5 
19633000 19633601 1 -1 1 -65 -165 -56 -69 -163 -78 41 95 73 73 25 20 17 10 17 37 35 45 55 16 5 9 5 
19651000 19651000 1 2 1 -144 -211 -141 -145 -209 -153 -34 65 75 75 25 20 17 10 17 37 35 45 55 16 7 6 5 
19673500 19674200 1 -3 1 -43 -131 -47 -32 -123 -40 79 91 82 84 25 20 17 10 17 37 35 45 55 16 7 11 5 
19693000 19693040 1 0 0 11 -82 0 11 -79 4 121 90 85 86 25 20 17 10 17 37 35 45 55 16 8 11 5 
19737500 19737562 1 0 0 52 -82 0 39 -83 32 149 123 83 86 25 20 17 10 17 37 35 45 55 16 4 8 5 
19776000 19776117 1 0 0 10 -98 0 24 -86 17 134 111 74 66 25 20 17 10 17 37 35 45 55 16 8 9 5 
19819000 19819084 1 0 0 -33 -107 0 -22 -96 -30 89 73 74 60 25 20 17 10 17 37 35 45 55 16 7 3 5 
19957500 19957661 1 0 0 -102 -156 0 -99 -151 -107 12 54 66 68 25 20 17 10 16 36 35 45 55 16 4 4 5 
20014500 20014587 1 0 0 -110 -147 0 -98 -131 -106 11 32 87 87 25 20 17 10 16 36 35 45 55 16 8 8 5 
20022000 20022350 1 13 0 -61 -139 14 -54 -137 -61 56 84 83 80 25 20 17 10 16 36 35 45 55 16 8 4 5 
20030000 20030036 1 0 0 -38 -117 0 -29 -108 -39 80 78 75 74 25 20 17 10 16 36 35 45 55 16 5 4 5 
20055000 20055407 1 0 0 -50 -130 0 -48 -123 -60 59 74 79 85 25 20 17 10 16 36 35 45 55 16 0 8 5 
20106500 20106600 1 -1 1 -114 -209 -55 -109 -204 -118 1 96 71 68 25 20 17 10 14 34 35 45 55 16 5 6 5 
20155500 20155517 1 2 1 -377 -428 -310 -380 -421 -390 -271 41 99 101 25 20 17 10 13 31 35 45 55 16 13 13 5 
20317000 20317636 1 -3 1 -143 -170 -50 -133 -157 -142 -23 23 94 94 25 20 17 10 14 34 35 45 55 16 3 5 5 
20446000 20446001 1 0 0 -114 -171 0 -107 -164 -116 3 58 70 70 25 20 17 10 16 36 35 45 55 16 9 9 5 
20505000 20505177 1 0 0 -76 -138 0 -72 -132 -80 39 60 75 75 25 20 17 10 15 35 35 45 55 16 10 9 5 
20544500 20544604 1 0 0 -77 -150 0 -75 -145 -82 35 69 102 102 25 20 17 10 14 32 35 45 55 16 11 12 5 
20548000 20548077 1 13 0 -37 -137 -5 -43 -132 -51 66 89 101 103 25 20 17 10 14 32 35 45 55 16 13 13 5 
20553500 20553590 1 0 0 39 -91 0 51 -79 46 163 132 97 99 25 20 17 10 14 34 35 45 55 16 13 12 5 
20567500 20567555 1 0 0 24 -101 0 40 -89 30 149 129 90 86 25 20 17 10 14 34 35 45 55 16 6 8 5 
20573000 20573168 1 0 0 -50 -155 0 -44 -149 -50 67 105 91 90 25 20 17 10 14 34 35 45 55 16 7 9 5 
20600500 20600588 1 -1 1 -96 -215 -51 -83 -206 -89 28 125 92 93 25 20 17 10 13 33 35 45 55 16 5 6 5 
20631500 20631812 1 2 1 -272 -335 -233 -270 -331 -277 -160 61 84 87 25 20 17 10 13 33 35 45 55 16 5 9 5 
20667000 20667179 1 -3 1 -81 -144 -49 -75 -139 -81 36 65 80 81 25 20 17 10 14 34 35 45 55 16 10 10 5 
20705500 20705657 1 0 0 -25 -102 0 -18 -94 -27 92 76 82 83 25 20 17 10 15 35 35 45 55 16 9 6 5 
20728500 20728634 1 0 0 39 -87 0 48 -78 39 158 126 84 83 25 20 17 10 16 36 35 45 55 16 11 11 5 
20763500 20763668 1 0 0 8 -85 0 17 -76 9 126 92 90 86 25 20 17 10 16 36 35 45 55 16 6 5 5 
20771500 20771586 1 0 0 -77 -138 0 -72 -130 -82 37 57 104 104 25 20 17 10 16 34 35 45 55 16 10 12 5 
20778500 20778630 1 0 0 -56 -150 0 -53 -145 -62 57 92 107 104 25 20 17 10 16 34 35 45 55 16 11 12 5 
20786500 20786504 1 0 0 -98 -167 0 -104 -169 -109 8 66 113 117 25 20 17 10 15 31 35 45 55 16 5 9 5 
20793500 20793578 1 13 0 -53 -143 -16 -57 -142 -68 51 85 119 122 25 20 17 10 15 30 35 45 55 16 6 6 5 
20802000 20802079 1 0 0 39 -127 0 74 -113 64 183 187 111 109 25 20 17 10 15 33 35 45 55 16 12 7 5 
20809000 20809059 1 0 0 72 -132 0 64 -118 56 173 182 106 106 25 20 17 10 15 33 35 45 55 16 9 3 5 
20813000 20813082 1 13 0 12 -147 -9 9 -145 0 119 155 109 115 25 20 17 10 15 31 35 45 55 16 3 10 5 
20820500 20820524 1 0 0 -74 -179 0 -69 -173 -79 38 103 114 114 25 20 17 10 15 31 35 45 55 16 15 15 5 
20829500 20829515 1 13 0 -37 -166 -18 -31 -161 -39 80 130 113 114 25 20 17 10 15 31 35 45 55 16 13 15 5 
20840500 20840525 1 0 0 49 -135 0 61 -122 55 172 183 103 106 25 20 17 10 15 33 35 45 55 16 10 9 5 
20843000 20843033 1 13 0 16 -146 11 16 -147 6 125 163 104 103 25 20 17 10 15 33 35 45 55 16 11 13 5 
20849000 20849042 1 0 0 -98 -199 0 -77 -193 -85 34 117 109 109 25 20 17 10 15 33 35 45 55 16 14 12 5 
20864500 20864638 1 0 0 -107 -206 0 -115 -199 -123 -6 82 108 110 25 20 17 10 14 30 35 45 55 16 11 12 5 
20875500 20875638 1 0 0 -37 -171 0 -35 -170 -43 74 134 95 94 25 20 17 10 14 34 35 45 55 16 11 9 5 
20886000 20886342 1 -1 1 -88 -195 -50 -85 -187 -92 25 103 84 88 25 20 17 10 14 34 35 45 55 16 7 10 5 
20969500 20969620 1 2 1 -309 -353 -265 -303 -347 -309 -192 43 81 82 25 20 17 10 13 33 35 45 55 16 9 10 5 
21006000 21006142 1 -3 1 -94 -128 -49 -89 -121 -97 20 31 77 78 25 20 17 10 15 35 35 45 55 16 10 10 5 
21041500 21041628 1 0 0 -47 -97 0 -42 -92 -50 69 48 80 82 25 20 17 10 16 36 35 45 55 16 10 10 5 
21135000 21135050 1 0 0 -17 -93 0 -11 -88 -20 99 77 78 76 25 20 17 10 16 36 35 45 55 16 10 7 5 
21219000 21219010 1 -1 1 -80 -206 -52 -73 -200 -82 35 126 98 97 25 20 17 10 14 34 35 45 55 16 12 4 5 
21269500 21269667 1 2 1 -289 -350 -254 -284 -345 -292 -175 61 84 81 25 20 17 10 13 33 35 45 55 16 11 3 5 
21330000 21330126 1 -3 1 -88 -137 -46 -79 -130 -87 30 51 111 115 25 20 17 10 16 32 35 45 55 16 14 10 5 
21337500 21337714 1 0 0 -43 -131 0 -35 -126 -43 76 93 79 81 25 20 17 10 16 36 35 45 55 16 4 7 5 
21342000 21342528 1 -1 1 -97 -156 -54 -112 -161 -119 -2 49 75 73 25 20 17 10 16 36 35 45 55 16 4 6 5 
21351000 21351017 1 2 1 -172 -196 -129 -166 -191 -173 -56 25 69 67 25 20 17 10 16 36 35 45 55 16 9 9 5 
