31000 31130 0 0 -1 0 0 0 0 0 0 72 0 91 89 25 20 14 10 13 33 35 45 55 16 12 11 5 
37500 37570 0 -1 7 -57 -138 -56 -67 -157 -49 49 91 101 98 25 20 14 10 13 33 35 45 55 16 11 13 5 
94500 94544 0 2 7 -167 -235 -160 -189 -255 -166 -68 69 123 123 25 20 14 10 13 28 35 45 55 16 15 13 5 
202500 202677 0 -3 7 -68 -142 -50 -80 -153 -62 36 73 77 71 25 20 14 10 13 33 35 45 55 16 10 9 5 
249500 249564 0 0 0 -23 -101 0 -35 -112 -15 83 76 77 72 25 20 14 10 12 32 35 45 55 16 10 9 5 
290000 290066 0 -1 7 -87 -146 -50 -112 -161 -92 6 49 108 112 25 20 14 10 11 27 35 45 55 16 14 14 5 
300000 300092 0 2 7 -150 -198 -110 -157 -211 -134 -36 54 120 119 25 20 14 10 10 26 35 45 55 16 15 16 5 
304000 304084 0 -3 7 -79 -163 -37 -108 -178 -85 13 70 109 115 25 20 14 10 11 27 35 45 55 16 15 11 5 
317000 317128 0 0 0 -46 -139 0 -65 -152 -48 50 86 85 91 25 20 14 10 12 32 35 45 55 16 11 10 5 
460500 460610 0 0 0 -7 -110 0 -21 -123 -4 94 100 92 96 25 20 14 10 13 33 35 45 55 16 11 12 5 
538000 538011 0 0 0 -4 -99 0 -21 -113 -3 95 91 79 85 25 20 14 10 13 33 35 45 55 16 9 10 5 
690000 690143 0 0 0 -30 -114 0 -42 -127 -22 76 86 84 84 25 20 14 10 13 33 35 45 55 16 11 10 5 
700500 700936 0 -1 7 -82 -153 -52 -104 -181 -76 22 78 92 73 25 20 14 10 13 33 35 45 55 16 10 9 5 
756500 756775 0 2 7 -260 -328 -230 -282 -348 -254 -156 67 146 146 25 20 14 10 13 28 35 45 55 16 12 14 5 
1082000 1082129 0 -3 7 -80 -156 -50 -90 -170 -67 31 80 100 97 25 20 14 10 12 32 35 45 55 16 13 13 5 
1139000 1139165 0 0 0 -30 -114 0 -44 -128 -24 74 82 90 94 25 20 14 10 12 32 35 45 55 16 11 12 5 
1199000 1199054 0 0 0 -31 -113 0 -46 -129 -26 72 82 89 89 25 20 14 10 12 32 35 45 55 16 12 11 5 
1266500 1266560 0 -1 7 -88 -150 -53 -104 -168 -79 19 62 93 93 25 20 14 10 12 32 35 45 55 16 12 8 5 
1277500 1277628 0 2 7 -169 -220 -133 -194 -238 -169 -71 43 112 115 25 20 14 10 12 28 35 45 55 16 12 15 5 
1286500 1286596 0 -3 7 -77 -154 -41 -81 -161 -59 39 79 87 70 25 20 14 10 12 32 35 45 55 16 12 9 5 
1460500 1460579 0 0 0 -45 -114 0 -59 -129 -35 63 71 78 80 25 20 14 10 13 33 35 45 55 16 10 10 5 
1522500 1522630 0 0 0 -44 -102 0 -58 -116 -44 54 56 66 66 25 20 15 10 13 33 35 45 55 16 8 8 5 
2261500 2261552 0 0 0 -42 -94 0 -55 -108 -39 59 53 68 62 25 20 17 10 14 34 35 45 55 16 8 6 5 
2279000 2279024 0 0 0 -62 -142 0 -73 -155 -58 40 81 81 86 25 20 17 10 14 34 35 45 55 16 11 10 5 
2296000 2296214 0 0 0 -118 -169 0 -132 -184 -117 -19 51 62 60 25 20 17 10 14 34 35 45 55 16 8 8 5 
2370000 2370121 0 0 0 -76 -116 0 -90 -130 -74 24 39 59 58 25 20 17 10 14 34 35 45 55 16 7 7 5 
2523000 2523161 0 0 0 -45 -95 0 -59 -108 -44 54 49 64 61 25 20 17 10 13 33 35 45 55 16 8 8 5 
2644500 2644726 0 0 0 -40 -89 0 -54 -103 -38 60 48 65 63 25 20 17 10 13 33 35 45 55 16 8 8 5 
2708500 2708650 0 0 0 -45 -95 0 -59 -110 -42 56 51 67 64 25 20 17 10 13 33 35 45 55 16 8 9 5 
2778000 2778058 0 0 0 -53 -100 0 -66 -113 -51 47 47 67 69 25 20 17 10 13 33 35 45 55 16 9 8 5 
2808000 2808105 0 -1 7 -124 -159 -63 -144 -176 -128 -30 33 101 106 25 20 17 10 13 31 35 45 55 16 11 14 5 
2811000 2811138 0 2 7 -170 -200 -108 -185 -215 -170 -72 29 107 104 25 20 17 10 13 31 35 45 55 16 14 13 5 
2828500 2828508 0 -3 7 -111 -193 -44 -125 -208 -111 -13 81 89 83 25 20 17 10 13 33 35 45 55 16 13 10 5 
2840500 2840528 0 -1 7 -121 -197 -51 -148 -218 -131 -33 71 98 109 25 20 17 10 13 31 35 45 55 16 12 12 5 
2865000 2865067 0 2 7 -246 -280 -169 -281 -306 -266 -168 25 105 110 25 20 17 10 13 29 35 45 55 16 15 11 5 
2932000 2932135 0 -3 7 -141 -212 -47 -154 -226 -137 -39 74 102 106 25 20 17 10 13 31 35 45 55 16 11 12 5 
2939500 2939591 0 0 0 -97 -181 0 -107 -195 -92 6 87 89 91 25 20 17 10 13 33 35 45 55 16 12 11 5 
3041500 3041603 0 0 0 -50 -125 0 -65 -139 -49 49 74 84 85 25 20 16 10 12 32 35 45 55 16 11 11 5 
3202500 3202670 0 0 0 -51 -128 0 -68 -143 -50 48 76 92 88 25 20 16 10 12 32 35 45 55 16 12 12 5 
3211000 3211123 0 -1 7 -110 -145 -55 -114 -155 -103 -5 43 102 95 25 20 16 10 12 32 35 45 55 16 12 13 5 
3232500 3232608 0 2 7 -296 -376 -230 -306 -387 -290 -192 81 147 149 25 20 16 10 13 28 35 45 55 16 16 17 5 
3265000 3265009 0 -3 7 -125 -225 -43 -132 -235 -116 -18 102 109 108 25 20 16 10 13 31 35 45 55 16 13 14 5 
3331000 3331075 0 0 0 -114 -176 0 -126 -190 -110 -12 63 88 89 25 20 16 10 12 32 35 45 55 16 11 11 5 
3367500 3367666 0 0 0 -94 -156 0 -105 -168 -89 9 62 88 92 25 20 16 10 12 32 35 45 55 16 11 11 5 
3404000 3404092 0 0 0 -70 -139 0 -79 -151 -64 34 71 93 91 25 20 16 10 12 32 35 45 55 16 11 12 5 
3427500 3427504 0 0 0 -70 -140 0 -85 -156 -70 28 71 93 99 25 20 16 10 12 32 35 45 55 16 12 12 5 
3502500 3502642 0 0 0 -30 -105 0 -44 -119 -28 70 76 86 88 25 20 16 10 12 32 35 45 55 16 11 11 5 
3758500 3758703 0 0 0 -28 -106 0 -41 -117 -23 75 77 81 83 25 20 16 10 12 32 35 45 55 16 9 7 5 
3991000 3991083 0 0 0 -18 -96 0 -30 -109 -15 83 79 78 78 25 20 16 10 12 32 35 45 55 16 10 8 5 
4175500 4175680 0 0 0 2 -85 0 -10 -98 7 105 88 79 78 25 20 16 10 13 33 35 45 55 16 10 10 5 
4221500 4221515 0 0 0 -16 -93 0 -32 -108 -17 81 74 75 76 25 20 16 10 13 33 35 45 55 16 9 10 5 
4447500 4447541 0 0 0 -26 -96 0 -39 -108 -24 74 69 73 63 25 20 16 10 13 33 35 45 55 16 10 9 5 
4524500 4524505 0 0 0 -19 -89 0 -37 -109 -22 76 72 69 72 25 20 16 10 13 33 35 45 55 16 9 8 5 
4587000 4587177 0 0 0 -18 -88 0 -32 -101 -18 80 70 78 75 25 20 16 10 13 33 35 45 55 16 10 10 5 
4743000 4743111 0 0 0 -15 -92 0 -30 -106 -15 83 75 72 73 25 20 16 10 13 33 35 45 55 16 9 9 5 
4818500 4818514 0 -1 7 -80 -135 -53 -99 -144 -83 15 46 96 101 25 20 16 10 13 31 35 45 55 16 8 12 5 
4830000 4830087 0 2 7 -176 -188 -148 -204 -217 -189 -91 14 119 124 25 20 16 10 13 28 35 45 55 16 9 9 5 
4895000 4895076 0 -3 7 -88 -147 -49 -100 -156 -83 15 57 74 66 25 20 16 10 13 33 35 45 55 16 8 8 5 
4961000 4961007 0 0 0 -50 -109 0 -61 -120 -44 54 60 70 67 25 20 16 10 13 33 35 45 55 16 8 8 5 
4973500 4973627 0 0 0 -19 -93 0 -31 -105 -16 82 74 84 84 25 20 16 10 13 33 35 45 55 16 10 11 5 
5023000 5023104 0 0 0 1 -83 0 -11 -96 5 103 86 77 80 25 20 16 10 13 33 35 45 55 16 9 10 5 
5074500 5074678 0 0 0 -6 -99 0 -15 -109 1 99 95 81 84 25 20 16 10 13 33 35 45 55 16 9 11 5 
5232000 5232005 0 0 0 -70 -137 0 -85 -151 -69 29 67 66 59 25 20 16 10 14 34 35 45 55 16 8 8 5 
5272500 5272652 0 0 0 -42 -118 0 -54 -129 -37 61 76 76 69 25 20 16 10 13 33 35 45 55 16 10 9 5 
5345500 5345518 0 0 0 -7 -80 0 -21 -94 -5 93 72 73 73 25 20 16 10 12 32 35 45 55 16 9 9 5 
5368000 5368188 0 0 0 -15 -90 0 -28 -104 -12 86 77 74 82 25 20 16 10 12 32 35 45 55 16 9 9 5 
5380500 5380610 0 -1 7 -92 -141 -58 -114 -161 -99 -1 47 100 101 25 20 16 10 13 31 35 45 55 16 13 13 5 
5396000 5396008 0 2 7 -248 -286 -190 -287 -321 -271 -173 33 125 126 25 20 16 10 14 29 35 45 55 16 13 14 5 
5405000 5405131 0 -3 7 -115 -209 -44 -133 -234 -119 -21 100 111 109 25 20 16 10 14 32 35 45 55 16 14 14 5 
5433500 5433678 0 0 0 -115 -191 0 -129 -204 -112 -14 77 76 52 25 20 16 10 13 33 35 45 55 16 11 8 5 
5510500 5510543 0 0 0 -60 -125 0 -63 -135 -49 49 72 83 67 25 20 16 10 11 31 35 45 55 16 10 9 5 
5516000 5516110 0 -1 7 -120 -162 -57 -134 -175 -117 -19 42 99 103 25 20 16 10 11 29 35 45 55 16 12 14 5 
5524500 5524517 0 2 7 -222 -235 -153 -236 -254 -221 -123 17 114 117 25 20 16 10 11 27 35 45 55 16 13 14 5 
5539000 5539084 0 -3 7 -125 -185 -47 -139 -190 -124 -26 50 104 105 25 20 16 10 11 29 35 45 55 16 10 7 5 
5565000 5565014 0 0 0 -95 -160 0 -108 -170 -94 4 62 74 78 25 20 16 10 11 31 35 45 55 16 9 9 5 
5643000 5643025 0 0 0 -34 -109 0 -48 -123 -31 67 73 74 71 25 20 16 10 12 32 35 45 55 16 9 9 5 
5784500 5784632 0 0 0 -17 -93 0 -30 -106 -14 84 77 78 81 25 20 16 10 12 32 35 45 55 16 10 10 5 
5828500 5828554 0 0 0 -51 -113 0 -69 -130 -52 46 62 72 71 25 20 16 10 12 32 35 45 55 16 9 8 5 
5860000 5860102 0 -1 7 -112 -156 -60 -129 -171 -114 -16 41 100 103 25 20 16 10 12 30 35 45 55 16 12 10 5 
5883500 5883500 0 2 7 -247 -282 -194 -264 -295 -247 -149 31 130 129 25 20 16 10 12 27 35 45 55 16 10 16 5 
5970000 5970149 0 -3 7 -102 -164 -46 -109 -175 -93 5 66 80 86 25 20 16 10 13 33 35 45 55 16 10 9 5 
5994500 5994639 0 0 0 -57 -124 0 -71 -137 -56 42 67 72 65 25 20 16 10 13 33 35 45 55 16 9 9 5 
6039500 6039624 0 0 0 -28 -97 0 -42 -110 -26 72 68 74 70 25 20 16 10 13 33 35 45 55 16 10 9 5 
6140500 6140610 0 0 0 -44 -104 0 -58 -120 -43 55 60 66 59 25 20 16 10 13 33 35 45 55 16 8 8 5 
6166000 6166130 0 0 0 -19 -95 0 -29 -107 -14 84 78 74 77 25 20 16 10 13 33 35 45 55 16 10 9 5 
6329000 6329078 0 0 0 -11 -84 0 -22 -97 -7 91 74 71 70 25 20 16 10 12 32 35 45 55 16 9 9 5 
6344000 6344000 0 0 0 -28 -97 0 -35 -104 -20 78 69 86 95 25 20 16 10 12 32 35 45 55 16 11 7 5 
6356000 6356113 0 0 0 -40 -90 0 -52 -101 -37 61 47 63 68 25 20 16 10 12 32 35 45 55 16 5 3 5 
6555000 6555022 0 0 0 -41 -92 0 -54 -105 -38 60 51 62 63 25 20 16 10 14 34 35 45 55 16 8 8 5 
6653500 6653632 0 0 0 -48 -96 0 -61 -109 -45 53 48 58 62 25 20 16 10 14 34 35 45 55 16 7 7 5 
6665000 6665059 0 0 0 -38 -97 0 -50 -110 -33 65 60 65 66 25 20 16 10 14 34 35 45 55 16 8 8 5 
6753500 6753676 0 0 0 -50 -103 0 -62 -116 -46 52 53 58 58 25 20 16 10 14 34 35 45 55 16 7 7 5 
6996500 6996535 0 0 0 -18 -81 0 -32 -95 -15 83 65 65 66 25 20 16 10 14 34 35 45 55 16 8 8 5 
7099500 7099520 0 0 0 -13 -78 0 -27 -93 -10 88 65 67 70 25 20 16 10 14 34 35 45 55 16 8 8 5 
7114000 7114177 0 0 0 -56 -101 0 -71 -115 -55 43 44 64 61 25 20 16 10 14 34 35 45 55 16 7 8 5 
7464500 7464669 0 0 0 -73 -106 0 -86 -119 -71 27 33 61 61 25 20 16 10 13 33 35 45 55 16 7 8 5 
7519500 7519572 0 0 0 -62 -101 0 -77 -115 -64 37 37 65 64 25 20 16 10 13 33 35 45 55 16 8 8 5 
7526500 7526504 0 0 0 -49 -97 0 -64 -111 -50 51 47 74 81 25 20 16 10 13 33 35 45 55 16 6 3 5 
7571000 7571003 0 0 0 -55 -96 0 -68 -109 -55 46 41 68 74 25 20 16 10 13 33 35 45 55 16 6 7 5 
7580000 7580029 0 0 0 -59 -106 0 -76 -121 -64 37 45 69 69 25 20 16 10 13 33 35 45 55 16 9 8 5 
7586500 7586669 0 0 0 -73 -117 0 -86 -130 -74 27 44 67 68 25 20 16 10 13 33 35 45 55 16 9 8 5 
7878000 7878051 0 0 0 -53 -97 0 -65 -109 -50 48 43 69 71 25 20 16 10 13 33 35 45 55 16 9 9 5 
7921000 7921119 0 -1 7 -100 -154 -51 -130 -172 -118 -17 42 102 109 25 20 16 10 12 30 35 45 55 16 14 12 5 
7929500 7929615 0 2 7 -169 -201 -121 -188 -215 -176 -75 26 117 120 25 20 16 10 12 27 35 45 55 16 14 15 5 
7946500 7946626 0 -3 7 -94 -175 -48 -101 -184 -87 14 83 94 83 25 20 16 10 12 32 35 45 55 16 11 12 5 
8056000 8056083 0 0 0 -36 -97 0 -51 -108 -38 63 56 76 71 25 20 16 10 12 32 35 45 55 16 10 9 5 
8129000 8129044 0 0 0 -50 -120 0 -61 -132 -46 52 69 78 81 25 20 16 10 12 32 35 45 55 16 10 10 5 
8139500 8139526 0 0 0 -47 -118 0 -62 -133 -51 50 70 74 73 25 20 16 10 12 32 35 45 55 16 9 9 5 
8160000 8160074 0 -1 7 -107 -157 -56 -125 -173 -113 -12 48 93 104 25 20 16 10 12 30 35 45 55 16 13 11 5 
8166000 8166032 0 2 7 -139 -191 -87 -167 -203 -155 -54 36 100 110 25 20 16 10 12 28 35 45 55 16 12 12 5 
8178000 8178102 0 -3 7 -99 -182 -44 -131 -194 -120 -19 61 101 110 25 20 16 10 12 28 35 45 55 16 13 11 5 
8238000 8238089 0 0 0 -68 -135 0 -82 -149 -69 32 66 66 65 25 20 16 10 12 32 35 45 55 16 8 8 5 
8318500 8318527 0 0 0 -9 -79 0 -23 -93 -7 91 70 78 80 25 20 16 10 12 32 35 45 55 16 10 10 5 
8456500 8456507 0 0 0 0 -73 0 -15 -87 2 100 72 81 86 25 20 16 10 12 32 35 45 55 16 10 10 5 
8512500 8512638 0 0 0 -5 -83 0 -19 -97 -3 95 77 89 91 25 20 16 10 12 32 35 45 55 16 11 11 5 
8544000 8544044 0 -1 7 -73 -144 -60 -98 -162 -82 16 64 101 103 25 20 16 10 12 30 35 45 55 16 12 11 5 
8548000 8548077 0 2 7 -152 -198 -137 -169 -211 -154 -56 43 114 120 25 20 16 10 12 27 35 45 55 16 7 15 5 
8555000 8555124 0 -3 7 -56 -153 -39 -53 -167 -38 60 114 104 97 25 20 16 10 12 32 35 45 55 16 14 13 5 
8572000 8572061 0 -1 7 -76 -153 -54 -92 -160 -76 22 68 97 101 25 20 16 10 12 30 35 45 55 16 9 13 5 
8590500 8590643 0 2 7 -192 -230 -165 -203 -251 -188 -90 50 112 109 25 20 16 10 12 30 35 45 55 16 7 14 5 
8607500 8607539 0 -3 7 -73 -193 -41 -99 -198 -83 15 100 104 114 25 20 16 10 12 28 35 45 55 16 14 13 5 
8611500 8611623 0 0 0 -33 -162 0 -37 -174 -25 76 137 97 89 25 20 16 10 12 32 35 45 55 16 13 12 5 
8626500 8626596 0 -1 7 -91 -181 -52 -109 -202 -93 5 94 93 96 25 20 16 10 12 32 35 45 55 16 7 9 5 
8684000 8684083 0 2 7 -246 -308 -188 -278 -333 -261 -163 55 140 142 25 20 16 10 13 28 35 45 55 16 12 19 5 
8691000 8691085 0 -3 7 -107 -213 -46 -123 -227 -107 -9 104 131 125 25 20 16 10 13 28 35 45 55 16 16 14 5 
8776000 8776098 0 0 0 -90 -152 0 -104 -166 -90 8 59 78 80 25 20 16 10 13 33 35 45 55 16 10 10 5 
8830500 8830535 0 0 0 -81 -130 0 -92 -143 -77 21 50 76 74 25 20 16 10 13 33 35 45 55 16 10 10 5 
8840500 8840600 0 0 0 -58 -122 0 -71 -136 -55 43 66 75 77 25 20 16 10 13 33 35 45 55 16 9 10 5 
8889500 8889664 0 0 0 -58 -112 0 -71 -126 -59 42 56 74 71 25 20 16 10 14 34 35 45 55 16 9 9 5 
8911000 8911081 0 0 0 -43 -106 0 -55 -118 -41 60 64 71 70 25 20 16 10 14 34 35 45 55 16 9 9 5 
8923500 8923565 0 0 0 -42 -87 0 -55 -100 -42 59 46 69 72 25 20 16 10 14 34 35 45 55 16 9 9 5 
9031000 9031193 0 0 0 -46 -97 0 -61 -111 -48 53 51 66 62 25 20 16 10 14 34 35 45 55 16 8 8 5 
9034500 9034551 0 13 0 -64 -109 3 -71 -117 -58 43 45 70 69 25 20 16 10 14 34 35 45 55 16 9 8 5 
9039500 9039580 0 0 0 -98 -134 0 -103 -143 -91 10 40 74 78 25 20 16 10 14 34 35 45 55 16 10 9 5 
9089500 9089686 0 0 0 -53 -112 0 -67 -126 -54 47 58 71 75 25 20 16 10 14 34 35 45 55 16 9 9 5 
9145500 9145634 0 0 0 -77 -126 0 -93 -141 -76 22 49 68 67 25 20 16 10 14 34 35 45 55 16 9 8 5 
9150500 9151296 0 13 0 -36 -92 13 -25 -90 -12 89 67 76 79 25 20 16 10 14 34 35 45 55 16 5 11 5 
9155500 9155683 0 0 0 -21 -85 0 -38 -100 -21 77 63 69 68 25 20 16 10 14 34 35 45 55 16 8 8 5 
9196500 9197283 0 0 0 -40 -95 0 -63 -114 -51 50 50 71 67 25 20 16 10 13 33 35 45 55 16 6 9 5 
9224000 9224020 0 0 0 -18 -89 0 -30 -99 -18 83 68 72 74 25 20 16 10 13 33 35 45 55 16 9 8 5 
9348000 9348054 0 0 0 -33 -95 0 -47 -110 -31 67 62 76 73 25 20 16 10 13 33 35 45 55 16 10 8 5 
9353500 9353642 0 13 0 -52 -108 10 -71 -127 -58 43 57 73 68 25 20 16 10 13 33 35 45 55 16 9 5 5 
9359500 9359622 0 0 0 -94 -142 0 -108 -155 -96 5 47 72 79 25 20 16 10 13 33 35 45 55 16 9 7 5 
9368500 9368641 0 0 0 -54 -119 0 -67 -130 -50 48 62 80 88 25 20 16 10 13 33 35 45 55 16 11 10 5 
9411500 9411584 0 0 0 -74 -119 0 -88 -132 -73 28 45 74 81 25 20 16 10 13 33 35 45 55 16 9 9 5 
9508500 9508512 0 0 0 -58 -103 0 -70 -115 -57 44 46 69 72 25 20 16 10 13 33 35 45 55 16 9 9 5 
9646000 9646053 0 0 0 -49 -95 0 -62 -106 -46 52 45 68 61 25 20 16 10 12 32 35 45 55 16 8 9 5 
9695500 9695576 0 0 0 -47 -96 0 -60 -110 -48 53 49 71 71 25 20 16 10 12 32 35 45 55 16 9 9 5 
9733500 9733602 0 0 0 -34 -96 0 -47 -109 -34 67 62 75 77 25 20 16 10 12 32 35 45 55 16 10 9 5 
9769000 9769126 0 0 0 -24 -92 0 -38 -107 -22 76 69 74 82 25 20 16 10 12 32 35 45 55 16 9 9 5 
9999500 9999503 0 0 0 -31 -82 0 -44 -94 -27 71 52 71 66 25 20 16 10 12 32 35 45 55 16 9 9 5 
10060500 10060619 0 0 0 -2 -80 0 -18 -96 -5 96 77 64 62 25 20 16 10 13 33 35 45 55 16 5 8 5 
10198000 10198107 0 0 0 18 -76 0 6 -89 22 120 95 75 76 25 20 16 10 13 33 35 45 55 16 10 10 5 
10243500 10243575 0 0 0 -3 -90 0 -18 -106 -6 95 87 72 68 25 20 16 10 13 33 35 45 55 16 10 8 5 
10297000 10297156 0 0 0 7 -74 0 -5 -87 10 111 83 70 69 25 20 16 10 13 33 35 45 55 16 8 8 5 
10343500 10343621 0 0 0 25 -64 0 8 -80 21 122 89 74 69 25 20 16 10 13 33 35 45 55 16 10 9 5 
10377000 10377029 0 0 0 27 -61 0 11 -75 27 125 88 72 57 25 20 16 10 13 33 35 45 55 16 8 9 5 
10460000 10460035 0 0 0 28 -58 0 18 -68 30 131 85 74 74 25 20 16 10 13 33 35 45 55 16 9 9 5 
10524500 10524706 0 0 0 5 -71 0 -9 -86 4 105 78 70 71 25 20 16 10 13 33 35 45 55 16 9 9 5 
10610000 10610162 0 0 0 23 -63 0 11 -76 22 123 85 75 75 25 20 16 10 13 33 35 45 55 16 9 10 5 
10682000 10682048 0 0 0 28 -60 0 15 -74 31 129 89 72 69 25 20 16 10 13 33 35 45 55 16 9 9 5 
10744500 10744738 0 0 0 -8 -74 0 -22 -87 -10 91 64 62 63 25 20 16 10 13 33 35 45 55 16 8 8 5 
10860000 10860028 0 0 0 30 -54 0 17 -66 33 131 83 73 70 25 20 16 10 13 33 35 45 55 16 9 9 5 
10946500 10946582 0 0 0 28 -60 0 12 -76 29 127 88 72 72 25 20 16 10 12 32 35 45 55 16 9 9 5 
10962000 10962281 0 0 0 -6 -80 0 -8 -87 7 105 78 66 55 25 20 16 10 12 32 35 45 55 16 8 6 5 
11111500 11111575 0 0 0 23 -62 0 12 -74 28 126 84 73 74 25 20 16 10 12 32 35 45 55 16 8 9 5 
11156500 11156622 0 0 0 13 -63 0 0 -77 11 112 77 71 60 25 20 16 10 12 32 35 45 55 16 9 9 5 
11254000 11254138 0 0 0 -1 -78 0 -12 -92 4 102 80 72 63 25 20 16 10 12 32 35 45 55 16 9 9 5 
11357500 11357694 0 0 0 9 -67 0 -5 -81 7 108 76 67 73 25 20 16 10 12 32 35 45 55 16 8 8 5 
11492000 11492126 0 0 0 5 -69 0 -8 -84 7 105 75 65 78 25 20 16 10 13 33 35 45 55 16 8 8 5 
11631500 11631728 0 0 0 4 -63 0 -9 -75 2 103 66 65 61 25 20 16 10 13 33 35 45 55 16 8 8 5 
11810500 11810626 0 0 0 13 -60 0 -2 -74 11 112 72 63 62 25 20 16 10 13 33 35 45 55 16 8 8 5 
11854500 11854680 0 0 0 7 -70 0 -7 -84 6 107 77 69 67 25 20 16 10 13 33 35 45 55 16 9 8 5 
11884500 11884886 0 0 0 -27 -76 0 -39 -88 -23 75 50 63 68 25 20 16 10 13 33 35 45 55 16 5 8 5 
12229500 12229584 0 0 0 -44 -78 0 -61 -93 -48 53 32 57 59 25 20 16 10 14 34 35 45 55 16 6 8 5 
12269000 12269274 0 0 0 -65 -98 0 -82 -114 -69 32 33 54 51 25 20 16 10 13 33 35 45 55 16 6 7 5 
12380000 12380322 0 0 0 -66 -93 0 -81 -108 -68 33 26 51 46 25 20 16 10 13 33 35 45 55 16 6 6 5 
12898000 12898188 0 0 0 -76 -102 0 -89 -115 -76 25 26 57 60 25 20 16 10 13 33 35 45 55 16 7 7 5 
12906000 12906008 0 13 0 -49 -89 -7 -70 -111 -58 43 41 67 64 25 20 16 10 13 33 35 45 55 16 7 6 5 
12911000 12911028 0 0 0 -22 -72 0 -36 -88 -23 78 53 66 58 25 20 16 10 13 33 35 45 55 16 9 8 5 
12925000 12925098 0 0 0 -38 -81 0 -50 -94 -37 64 44 59 66 25 20 16 10 13 33 35 45 55 16 7 8 5 
13137000 13137145 0 0 0 -29 -77 0 -43 -92 -27 71 49 62 62 25 20 16 10 13 33 35 45 55 16 8 8 5 
13358500 13358699 0 0 0 -28 -72 0 -39 -82 -23 75 43 60 57 25 20 16 10 13 33 35 45 55 16 7 8 5 
13370500 13370591 0 0 0 -52 -93 0 -66 -105 -51 47 40 59 55 25 20 16 10 13 33 35 45 55 16 7 7 5 
13503500 13503679 0 0 0 -72 -114 0 -87 -128 -74 27 42 70 70 25 20 16 10 13 33 35 45 55 16 9 9 5 
13515000 13515101 0 0 0 -95 -126 0 -109 -140 -96 5 30 65 65 25 20 16 10 13 33 35 45 55 16 8 8 5 
13579500 13579524 0 0 0 -84 -115 0 -96 -128 -81 17 31 63 63 25 20 16 10 13 33 35 45 55 16 8 8 5 
13587000 13587103 0 13 0 -34 -85 9 -42 -95 -28 70 56 74 75 25 20 16 10 13 33 35 45 55 16 9 10 5 
13592000 13592088 0 0 0 -17 -67 0 -31 -80 -14 84 50 60 62 25 20 16 10 14 34 35 45 55 16 7 7 5 
13675000 13675023 0 0 0 -4 -59 0 -19 -74 -6 95 56 64 62 25 20 16 10 14 34 35 45 55 16 8 8 5 
13689000 13689108 0 0 0 -49 -87 0 -64 -102 -51 50 39 57 54 25 20 16 10 14 34 35 45 55 16 7 7 5 
14133000 14133119 0 0 0 -41 -88 0 -55 -101 -42 59 47 58 59 25 20 16 10 14 34 35 45 55 16 7 7 5 
14148000 14148026 0 0 0 -49 -86 0 -61 -100 -48 53 38 55 53 25 20 16 10 14 34 35 45 55 16 7 7 5 
14573500 14573632 0 0 0 -39 -74 0 -52 -88 -39 62 36 59 59 25 20 16 10 14 34 35 45 55 16 7 7 5 
14585500 14585553 0 0 0 -51 -85 0 -66 -99 -53 48 34 64 76 25 20 16 10 14 34 35 45 55 16 8 7 5 
14662500 14662548 0 0 0 -61 -94 0 -76 -109 -61 37 32 60 57 25 20 16 10 14 34 35 45 55 16 8 7 5 
14670000 14670120 0 13 0 -24 -70 7 -34 -82 -27 74 49 73 69 25 20 16 10 14 34 35 45 55 16 9 9 5 
14675500 14675674 0 0 0 -9 -62 0 -22 -75 -8 93 54 65 70 25 20 16 10 15 35 35 45 55 16 9 7 5 
14799500 14799544 0 0 0 -28 -67 0 -39 -79 -24 74 39 58 63 25 20 16 10 14 34 35 45 55 16 7 7 5 
14863000 14863118 0 0 0 -15 -64 0 -32 -79 -20 81 48 59 59 25 20 16 10 15 35 35 45 55 16 7 7 5 
14876000 14876157 0 0 0 -36 -79 0 -51 -93 -39 62 42 60 57 25 20 16 10 14 34 35 45 55 16 8 7 5 
15155500 15155644 0 0 0 -34 -77 0 -49 -91 -33 65 43 58 57 25 20 16 10 14 34 35 45 55 16 8 7 5 
15169500 15169771 0 0 0 -34 -78 0 -49 -91 -36 65 42 62 60 25 20 16 10 14 34 35 45 55 16 7 7 5 
15351500 15351708 0 0 0 -39 -78 0 -51 -89 -39 62 38 60 60 25 20 16 10 14 34 35 45 55 16 8 7 5 
15369000 15369149 0 0 0 -29 -78 0 -43 -91 -30 71 48 59 60 25 20 16 10 14 34 35 45 55 16 7 7 5 
15492000 15492061 0 0 0 -32 -85 0 -45 -98 -32 69 54 62 63 25 20 16 10 14 34 35 45 55 16 8 8 5 
15501500 15501577 0 0 0 -46 -94 0 -60 -106 -48 53 45 62 57 25 20 16 10 14 34 35 45 55 16 8 7 5 
15631000 15631032 0 0 0 -62 -98 0 -76 -112 -65 36 35 60 64 25 20 16 10 14 34 35 45 55 16 7 8 5 
15646000 15646163 0 0 0 -33 -80 0 -44 -91 -29 69 47 65 70 25 20 16 10 14 34 35 45 55 16 7 9 5 
16107000 16107280 0 0 0 -20 -76 0 -34 -90 -19 79 56 59 54 25 20 16 10 14 34 35 45 55 16 8 7 5 
16117500 16117659 0 0 0 -50 -95 0 -57 -103 -42 56 46 67 56 25 20 16 10 14 34 35 45 55 16 9 5 5 
16381000 16381048 0 0 0 -62 -99 0 -78 -115 -61 37 38 62 65 25 20 16 10 14 34 35 45 55 16 8 8 5 
16387500 16387645 0 13 0 -20 -71 5 -29 -83 -13 85 54 71 70 25 20 16 10 14 34 35 45 55 16 9 10 5 
16390500 16390543 0 0 0 -7 -61 0 -18 -73 -1 97 56 66 61 25 20 16 10 14 34 35 45 55 16 9 7 5 
16421000 16421114 0 0 0 -36 -79 0 -50 -93 -37 64 43 56 51 25 20 16 10 14 34 35 45 55 16 7 7 5 
16629500 16629621 0 0 0 -37 -80 0 -51 -94 -38 63 44 58 58 25 20 16 10 14 34 35 45 55 16 7 7 5 
16648000 16648088 0 0 0 -29 -77 0 -42 -90 -29 72 48 67 69 25 20 16 10 14 34 35 45 55 16 8 8 5 
16816000 16816015 0 0 0 -31 -77 0 -46 -91 -33 68 46 61 63 25 20 16 10 14 34 35 45 55 16 8 8 5 
16960500 16960785 0 0 0 -32 -85 0 -44 -99 -29 69 55 61 59 25 20 16 10 14 34 35 45 55 16 7 8 5 
17053000 17053126 0 0 0 -45 -88 0 -61 -103 -48 53 42 60 61 25 20 16 10 14 34 35 45 55 16 8 7 5 
17072000 17072132 0 0 0 -75 -103 0 -90 -117 -75 23 26 64 46 25 20 16 10 14 34 35 45 55 16 8 8 5 
17373500 17373757 0 0 0 -81 -108 0 -95 -121 -82 19 26 62 64 25 20 16 10 13 33 35 45 55 16 7 8 5 
17649500 17649539 0 0 0 -68 -102 0 -84 -117 -69 29 33 59 59 25 20 16 10 13 33 35 45 55 16 7 7 5 
17658500 17658883 0 13 0 -38 -86 -2 -43 -96 -29 72 54 76 79 25 20 16 10 13 33 35 45 55 16 7 9 5 
17663500 17663504 0 0 0 -18 -73 0 -32 -86 -16 82 54 71 60 25 20 16 10 13 33 35 45 55 16 10 7 5 
17795500 17795604 0 0 0 -37 -80 0 -53 -96 -37 61 43 59 61 25 20 16 10 13 33 35 45 55 16 7 7 5 
17805000 17805045 0 0 0 -65 -102 0 -79 -115 -64 34 34 65 73 25 20 16 10 13 33 35 45 55 16 7 9 5 
18021500 18021701 0 0 0 -74 -107 0 -88 -121 -76 25 32 66 66 25 20 16 10 13 33 35 45 55 16 8 8 5 
18206500 18206704 0 0 0 -53 -96 0 -67 -110 -52 46 43 67 66 25 20 16 10 14 34 35 45 55 16 8 9 5 
18211000 18211083 0 13 0 -28 -87 3 -43 -102 -27 71 58 75 80 25 20 16 10 14 34 35 45 55 16 9 4 5 
18217500 18217713 0 0 0 2 -62 0 -12 -74 4 102 63 62 66 25 20 16 10 14 34 35 45 55 16 7 7 5 
18255000 18255101 0 0 0 -11 -68 0 -24 -81 -8 90 57 58 63 25 20 16 10 14 34 35 45 55 16 7 7 5 
18396500 18396529 0 0 0 -17 -67 0 -29 -80 -19 82 50 58 57 25 20 16 10 14 34 35 45 55 16 7 7 5 
18671000 18671177 0 0 0 -12 -63 0 -26 -76 -13 88 50 57 57 25 20 16 10 14 34 35 45 55 16 7 7 5 
18693000 18693231 0 0 0 -26 -67 0 -41 -82 -29 72 41 56 62 25 20 16 10 14 34 35 45 55 16 7 7 5 
18730500 18730504 0 0 0 -23 -66 0 -38 -80 -26 75 42 57 54 25 20 16 10 13 33 35 45 55 16 7 4 5 
18742500 18742663 0 0 0 -39 -81 0 -54 -96 -42 59 41 63 59 25 20 16 10 13 33 35 45 55 16 8 8 5 
18943000 18943057 0 0 0 -56 -89 0 -68 -101 -54 44 33 58 65 25 20 16 10 13 33 35 45 55 16 8 7 5 
18958000 18958091 0 0 0 -14 -62 0 -30 -77 -18 83 46 61 57 25 20 16 10 13 33 35 45 55 16 8 7 5 
19023000 19023181 0 0 0 -15 -69 0 -27 -80 -11 87 53 60 63 25 20 16 10 13 33 35 45 55 16 7 8 5 
19095000 19095050 0 0 0 1 -63 0 -13 -77 5 103 66 71 71 25 20 16 10 13 33 35 45 55 16 10 8 5 
19102500 19102505 0 0 0 -46 -92 0 -55 -103 -39 59 48 68 64 25 20 16 10 13 33 35 45 55 16 10 7 5 
19234000 19234149 0 0 0 -62 -96 0 -76 -110 -60 38 32 64 65 25 20 16 10 13 33 35 45 55 16 8 8 5 
19240500 19240655 0 13 0 -67 -113 -26 -81 -137 -66 32 55 90 91 25 20 16 10 13 33 35 45 55 16 1 8 5 
19252500 19252529 0 0 0 -2 -75 0 -14 -85 3 101 72 80 78 25 20 16 10 13 33 35 45 55 16 10 10 5 
19283500 19283575 0 -1 7 -65 -125 -55 -70 -137 -55 43 67 104 103 25 20 16 10 13 31 35 45 55 16 12 8 5 
19323000 19323063 0 2 7 -182 -227 -163 -194 -246 -177 -79 52 112 103 25 20 16 10 12 30 35 45 55 16 14 13 5 
19359000 19359031 0 -3 7 -75 -163 -48 -87 -175 -71 27 89 93 93 25 20 16 10 12 32 35 45 55 16 12 12 5 
19420500 19420586 0 0 0 -41 -112 0 -55 -126 -39 59 70 90 89 25 20 16 10 12 32 35 45 55 16 11 12 5 
19444000 19444119 0 0 0 -15 -92 0 -28 -105 -12 86 79 82 85 25 20 16 10 12 32 35 45 55 16 11 10 5 
19544000 19544131 0 0 0 -19 -111 0 -33 -124 -23 78 90 89 89 25 20 16 10 12 32 35 45 55 16 11 9 5 
19637000 19637169 0 0 0 -12 -89 0 -25 -103 -11 87 77 88 88 25 20 16 10 12 32 35 45 55 16 11 11 5 
19856500 19856562 0 0 0 12 -76 0 -3 -91 13 111 88 88 85 25 20 16 10 12 32 35 45 55 16 11 11 5 
19977500 19977608 0 0 0 18 -72 0 -1 -88 13 114 87 85 82 25 20 16 10 13 33 35 45 55 16 11 11 5 
20025000 20025134 0 0 0 10 -83 0 -3 -96 13 111 92 80 84 25 20 16 10 13 33 35 45 55 16 10 10 5 
20134000 20134026 0 0 0 30 -59 0 17 -74 32 130 92 71 69 25 20 16 10 13 33 35 45 55 16 9 9 5 
20177000 20177148 0 0 0 55 -42 0 42 -56 57 155 98 86 81 25 20 16 10 13 33 35 45 55 16 11 11 5 
20229500 20229562 0 0 0 -11 -84 0 -24 -98 -12 89 73 71 60 25 20 16 10 13 33 35 45 55 16 9 9 5 
20286500 20286601 0 0 0 14 -71 0 0 -85 16 114 86 90 93 25 20 16 10 13 33 35 45 55 16 11 11 5 
20419000 20419033 0 0 0 1 -84 0 -15 -100 -2 99 84 80 81 25 20 16 10 13 33 35 45 55 16 10 10 5 
20526000 20526097 0 -1 7 -60 -147 -51 -67 -162 -51 47 95 98 99 25 20 16 10 13 33 35 45 55 16 12 11 5 
20536500 20536638 0 2 7 -100 -159 -90 -115 -169 -101 -3 54 107 107 25 20 16 10 13 31 35 45 55 16 14 14 5 
20545500 20545554 0 -3 7 -60 -156 -48 -78 -170 -62 36 92 101 104 25 20 16 10 13 31 35 45 55 16 11 9 5 
20619500 20619509 0 0 0 -19 -91 0 -31 -104 -15 83 73 75 76 25 20 16 10 13 33 35 45 55 16 10 9 5 
20631500 20631654 0 -1 7 -73 -119 -54 -82 -137 -67 31 56 98 97 25 20 16 10 13 33 35 45 55 16 7 11 5 
20693000 20693002 0 2 7 -254 -303 -235 -278 -323 -262 -164 44 129 127 25 20 16 10 13 28 35 45 55 16 15 17 5 
29000 29134 1 0 -1 0 0 0 0 0 0 137 0 91 87 25 20 14 10 13 33 35 45 55 16 10 12 5 
244000 244068 1 0 0 3 -53 0 3 -52 11 145 55 77 76 25 20 14 10 12 32 35 45 55 16 10 10 5 
322500 322613 1 0 0 1 -73 0 7 -73 15 149 81 95 88 25 20 14 10 12 32 35 45 55 16 12 11 5 
467000 467157 1 0 0 21 -40 0 21 -40 29 163 60 81 86 25 20 14 10 13 33 35 45 55 16 8 11 5 
534500 534582 1 0 0 28 -43 0 27 -44 35 169 70 85 91 25 20 14 10 13 33 35 45 55 16 11 10 5 
682500 682637 1 0 0 1 -50 0 -1 -52 8 142 52 86 88 25 20 14 10 13 33 35 45 55 16 11 11 5 
736500 736574 1 -1 7 -50 -89 -52 -56 -93 -47 87 37 113 115 25 20 14 10 13 29 35 45 55 16 14 12 5 
755500 755636 1 2 7 -138 -171 -139 -151 -181 -142 -8 30 143 144 25 20 14 10 13 28 35 45 55 16 12 14 5 
761000 761037 1 -3 7 -40 -120 -42 -37 -117 -28 106 80 148 152 25 20 14 10 13 28 35 45 55 16 12 19 5 
1138000 1138151 1 0 0 3 -53 0 -1 -56 8 142 55 91 87 25 20 14 10 12 32 35 45 55 16 12 12 5 
1200000 1200050 1 0 0 2 -53 0 2 -53 8 142 53 88 91 25 20 14 10 12 32 35 45 55 16 12 10 5 
1459500 1459617 1 0 0 24 -38 0 22 -39 30 164 60 79 78 25 20 14 10 13 33 35 45 55 16 10 10 5 
1517000 1517182 1 0 0 43 -14 0 42 -16 51 185 59 67 66 25 20 14 10 13 33 35 45 55 16 9 8 5 
2258500 2258504 1 0 0 60 3 0 59 2 68 202 58 65 67 25 20 17 10 14 34 35 45 55 16 8 8 5 
2266000 2266132 1 13 0 -55 -84 -82 -68 -97 -59 75 29 97 105 25 20 17 10 14 32 35 45 55 16 2 14 5 
2280000 2280094 1 0 0 -33 -63 0 -35 -65 -27 107 30 78 88 25 20 17 10 14 34 35 45 55 16 11 9 5 
2298500 2298594 1 0 0 -21 -55 0 -22 -57 -13 121 34 65 62 25 20 17 10 14 34 35 45 55 16 8 8 5 
2370000 2370121 1 0 0 -11 -42 0 -13 -43 -2 132 33 59 58 25 20 17 10 14 34 35 45 55 16 7 7 5 
2530500 2530530 1 0 0 0 -39 0 0 -39 11 145 40 60 61 25 20 17 10 13 33 35 45 55 16 7 8 5 
2657000 2657197 1 0 0 7 -31 0 6 -32 15 149 39 61 60 25 20 17 10 13 33 35 45 55 16 8 8 5 
2709500 2709550 1 0 0 4 -33 0 4 -34 13 147 40 68 71 25 20 17 10 13 33 35 45 55 16 8 9 5 
2777000 2777200 1 0 0 2 -36 0 1 -37 9 143 38 67 68 25 20 17 10 13 33 35 45 55 16 8 9 5 
2800500 2800584 1 0 0 22 -18 0 22 -18 31 165 39 65 67 25 20 17 10 13 33 35 45 55 16 8 8 5 
2807000 2807064 1 -1 7 -33 -70 -52 -34 -75 -24 110 42 95 97 25 20 17 10 13 33 35 45 55 16 5 14 5 
2811000 2811138 1 2 7 -96 -112 -113 -102 -116 -94 40 13 107 104 25 20 17 10 13 31 35 45 55 16 14 13 5 
2926500 2926523 1 -3 7 -82 -115 -49 -81 -115 -72 62 34 110 115 25 20 17 10 13 29 35 45 55 16 11 14 5 
2941000 2941168 1 0 0 -40 -88 0 -41 -89 -33 101 48 87 85 25 20 17 10 13 33 35 45 55 16 11 11 5 
3041000 3041057 1 0 0 -21 -65 0 -22 -66 -14 120 45 83 80 25 20 16 10 12 32 35 45 55 16 11 11 5 
3201500 3201647 1 0 0 -6 -56 0 -8 -58 0 134 51 92 91 25 20 16 10 12 32 35 45 55 16 12 11 5 
3211500 3211584 1 -1 7 -65 -87 -57 -72 -92 -63 71 19 104 101 25 20 16 10 12 30 35 45 55 16 11 14 5 
3224500 3224606 1 2 7 -143 -165 -132 -145 -166 -135 -1 22 134 139 25 20 16 10 13 28 35 45 55 16 12 13 5 
3264000 3264026 1 -3 7 -70 -126 -49 -66 -127 -56 78 61 114 101 25 20 16 10 13 31 35 45 55 16 15 13 5 
3329000 3329038 1 0 0 -35 -82 0 -33 -81 -24 110 48 87 96 25 20 16 10 12 32 35 45 55 16 11 11 5 
3406000 3406126 1 0 0 -10 -58 0 -16 -60 -7 127 45 94 101 25 20 16 10 12 30 35 45 55 16 12 12 5 
3427500 3427504 1 0 0 -7 -57 0 -9 -59 -1 133 49 93 99 25 20 16 10 12 32 35 45 55 16 12 12 5 
3507000 3507167 1 0 0 9 -42 0 6 -44 15 149 51 90 88 25 20 16 10 12 32 35 45 55 16 11 12 5 
3756500 3756640 1 0 0 11 -39 0 10 -40 18 152 51 82 83 25 20 16 10 12 32 35 45 55 16 10 9 5 
3994000 3994058 1 0 0 15 -33 0 14 -33 24 158 48 76 69 25 20 16 10 12 32 35 45 55 16 9 9 5 
4175500 4175680 1 0 0 29 -20 0 29 -21 38 172 49 79 78 25 20 16 10 13 33 35 45 55 16 10 10 5 
4219500 4219639 1 0 0 37 -15 0 36 -17 45 179 52 77 65 25 20 16 10 13 33 35 45 55 16 10 9 5 
4443000 4443196 1 0 0 24 -25 0 21 -27 29 163 48 70 69 25 20 16 10 13 33 35 45 55 16 9 9 5 
4525500 4525641 1 0 0 24 -27 0 24 -29 32 166 54 69 64 25 20 16 10 13 33 35 45 55 16 9 9 5 
4595500 4595645 1 0 0 27 -19 0 28 -18 37 171 45 71 72 25 20 16 10 13 33 35 45 55 16 9 9 5 
4742000 4742124 1 0 0 -23 -57 0 -25 -57 -17 117 33 72 72 25 20 16 10 13 33 35 45 55 16 9 9 5 
4958500 4958511 1 0 0 0 -42 0 -2 -43 8 142 41 70 66 25 20 16 10 13 33 35 45 55 16 9 8 5 
4989500 4989510 1 0 0 24 -24 0 23 -25 32 166 47 70 74 25 20 16 10 13 33 35 45 55 16 9 9 5 
5025000 5025171 1 0 0 45 -11 0 43 -12 53 187 55 74 63 25 20 16 10 13 33 35 45 55 16 10 9 5 
5076500 5076594 1 0 0 -2 -49 0 -2 -50 8 142 49 82 89 25 20 16 10 12 32 35 45 55 16 11 10 5 
5237000 5237215 1 0 0 -15 -46 0 -15 -46 -5 129 33 64 67 25 20 16 10 14 34 35 45 55 16 8 8 5 
5274500 5274646 1 0 0 -2 -50 0 -2 -50 7 141 48 75 82 25 20 16 10 13 33 35 45 55 16 9 8 5 
5350500 5350530 1 0 0 0 -45 0 -1 -45 9 143 44 76 78 25 20 16 10 12 32 35 45 55 16 8 9 5 
5369000 5369016 1 0 0 1 -47 0 -1 -48 10 144 49 74 78 25 20 16 10 12 32 35 45 55 16 9 9 5 
5381500 5381639 1 -1 7 -58 -89 -50 -67 -94 -58 76 26 103 102 25 20 16 10 13 31 35 45 55 16 13 13 5 
5391500 5391568 1 2 7 -125 -133 -110 -124 -128 -115 19 4 122 122 25 20 16 10 14 29 35 45 55 16 12 16 5 
5399000 5399024 1 -3 7 -66 -117 -45 -67 -116 -58 76 50 121 125 25 20 16 10 14 29 35 45 55 16 11 15 5 
5436500 5436575 1 0 0 -47 -93 0 -48 -96 -41 93 48 77 85 25 20 16 10 13 33 35 45 55 16 9 10 5 
5510500 5510543 1 0 0 -36 -76 0 -33 -77 -24 110 44 83 67 25 20 16 10 11 31 35 45 55 16 10 9 5 
5517000 5517099 1 -1 7 -84 -109 -51 -90 -113 -81 53 24 104 109 25 20 16 10 11 29 35 45 55 16 13 14 5 
5524500 5524517 1 2 7 -122 -140 -90 -123 -142 -113 21 22 114 117 25 20 16 10 11 27 35 45 55 16 13 14 5 
5532000 5532076 1 -3 7 -79 -113 -49 -80 -112 -71 63 32 111 114 25 20 16 10 11 27 35 45 55 16 12 13 5 
5563000 5563005 1 0 0 -20 -70 0 -21 -71 -12 122 52 74 71 25 20 16 10 11 31 35 45 55 16 10 9 5 
5643000 5643025 1 0 0 7 -44 0 5 -45 13 147 52 74 71 25 20 16 10 12 32 35 45 55 16 9 9 5 
5785500 5785552 1 0 0 14 -41 0 12 -45 18 152 55 78 82 25 20 16 10 12 32 35 45 55 16 10 8 5 
5824000 5824140 1 0 0 19 -32 0 18 -33 28 162 52 70 60 25 20 16 10 12 32 35 45 55 16 9 9 5 
5897000 5897013 1 -1 7 -44 -89 -55 -53 -97 -43 91 45 121 124 25 20 16 10 12 27 35 45 55 16 14 9 5 
5906500 5906603 1 2 7 -88 -144 -97 -92 -147 -84 50 56 122 123 25 20 16 10 12 27 35 45 55 16 15 15 5 
5970500 5970509 1 -3 7 -45 -85 -47 -40 -80 -31 103 39 79 57 25 20 16 10 13 33 35 45 55 16 10 9 5 
5994500 5994639 1 0 0 -2 -46 0 -2 -47 6 140 44 72 65 25 20 16 10 13 33 35 45 55 16 9 9 5 
6033000 6033119 1 0 0 25 -27 0 24 -28 33 167 52 75 71 25 20 16 10 13 33 35 45 55 16 9 10 5 
6141500 6141561 1 0 0 9 -33 0 7 -34 15 149 41 67 67 25 20 16 10 13 33 35 45 55 16 8 9 5 
6166000 6166130 1 0 0 -3 -48 0 -4 -49 4 138 46 74 77 25 20 16 10 13 33 35 45 55 16 10 9 5 
6328000 6328056 1 0 0 2 -41 0 1 -42 9 143 43 71 72 25 20 16 10 12 32 35 45 55 16 9 9 5 
6344000 6344000 1 0 0 -10 -52 0 -10 -52 -1 133 42 86 95 25 20 16 10 12 32 35 45 55 16 11 7 5 
6348500 6350352 1 13 0 -7 -50 -25 14 -31 24 158 44 77 67 25 20 16 10 12 32 35 45 55 16 1 2 5 
6355500 6355632 1 0 0 62 0 0 59 -2 66 200 59 64 64 25 20 16 10 12 32 35 45 55 16 5 5 5 
6392000 6406176 1 10 0 508 512 445 56 -2 65 199 60 60 66 25 20 16 10 13 33 35 45 55 16 0 4 5 
6555500 6555759 1 0 0 68 13 0 66 11 74 208 55 62 60 25 20 16 10 14 34 35 45 55 16 8 8 5 
6653500 6653632 1 0 0 56 6 0 54 5 65 199 52 58 62 25 20 16 10 14 34 35 45 55 16 7 7 5 
6660000 6661368 1 13 0 18 -25 -1 -19 -55 -12 122 35 63 73 25 20 16 10 14 34 35 45 55 16 0 8 5 
6665500 6665712 1 0 0 -12 -46 0 -12 -47 -2 132 35 65 61 25 20 16 10 14 34 35 45 55 16 8 8 5 
6752000 6752126 1 0 0 -18 -49 0 -19 -50 -10 124 30 58 57 25 20 16 10 14 34 35 45 55 16 7 7 5 
6998500 6998609 1 0 0 -21 -52 0 -21 -53 -12 122 31 65 68 25 20 16 10 14 34 35 45 55 16 8 8 5 
7100500 7100671 1 0 0 -22 -55 0 -22 -55 -14 120 34 67 69 25 20 16 10 14 34 35 45 55 16 9 8 5 
7108000 7108133 1 13 0 118 45 98 165 76 175 309 89 76 89 25 20 16 10 14 34 35 45 55 16 3 2 5 
7113000 7113170 1 0 0 48 0 0 51 3 60 194 48 64 57 25 20 16 10 14 34 35 45 55 16 8 8 5 
7465000 7465167 1 0 0 43 -3 0 43 -2 53 187 45 61 63 25 20 16 10 13 33 35 45 55 16 7 8 5 
7521000 7521230 1 0 0 47 -6 0 48 -6 48 191 55 69 64 25 20 16 10 13 33 35 45 55 16 8 8 5 
7527500 7527739 1 0 0 134 53 0 106 29 104 247 76 72 60 25 20 16 10 13 33 35 45 55 16 6 1 5 
7571000 7571003 1 0 0 55 -17 0 52 -23 60 194 74 68 74 25 20 16 10 13 33 35 45 55 16 6 7 5 
7575000 7575263 1 13 0 -14 -58 -27 -26 -64 -18 116 38 76 81 25 20 16 10 13 33 35 45 55 16 4 8 5 
7579500 7579588 1 0 0 -35 -72 0 -33 -70 -24 110 38 70 67 25 20 16 10 13 33 35 45 55 16 9 8 5 
7587000 7587134 1 0 0 -46 -79 0 -48 -81 -39 95 34 67 59 25 20 16 10 13 33 35 45 55 16 9 8 5 
7878000 7878051 1 0 0 -36 -71 0 -37 -72 -38 105 36 69 71 25 20 16 10 13 33 35 45 55 16 9 9 5 
8055500 8055684 1 0 0 0 -44 0 -1 -44 -1 142 44 76 76 25 20 16 10 12 32 35 45 55 16 8 9 5 
8129000 8129044 1 0 0 -32 -70 0 -34 -73 -25 109 39 78 81 25 20 16 10 12 32 35 45 55 16 10 10 5 
8135500 8135602 1 13 0 -10 -56 -8 -11 -57 -2 132 44 81 88 25 20 16 10 12 32 35 45 55 16 10 10 5 
8140500 8140694 1 0 0 22 -31 0 20 -32 19 162 52 74 75 25 20 16 10 12 32 35 45 55 16 10 9 5 
8236000 8236186 1 0 0 15 -36 0 14 -37 15 158 51 64 64 25 20 16 10 12 32 35 45 55 16 8 8 5 
8319500 8319614 1 0 0 31 -28 0 29 -29 27 170 58 77 83 25 20 16 10 12 32 35 45 55 16 10 9 5 
8458000 8458060 1 0 0 -1 -46 0 -2 -47 -1 142 45 81 83 25 20 16 10 12 32 35 45 55 16 10 11 5 
8512500 8512638 1 0 0 1 -45 0 0 -46 -2 141 47 89 91 25 20 16 10 12 32 35 45 55 16 11 11 5 
8576000 8576014 1 -1 7 -52 -103 -51 -48 -103 -40 94 53 99 99 25 20 16 10 12 32 35 45 55 16 12 12 5 
8589500 8589708 1 2 7 -118 -148 -116 -122 -147 -114 20 25 111 114 25 20 16 10 12 28 35 45 55 16 9 9 5 
8607000 8607002 1 -3 7 -51 -110 -48 -53 -112 -45 89 58 106 109 25 20 16 10 12 30 35 45 55 16 14 13 5 
8611000 8611000 1 0 0 -3 -81 0 -9 -81 -1 133 72 97 100 25 20 16 10 12 30 35 45 55 16 13 12 5 
8628000 8628171 1 -1 7 -62 -110 -54 -66 -111 -58 76 44 96 96 25 20 16 10 12 32 35 45 55 16 8 12 5 
8684000 8684083 1 2 7 -169 -195 -144 -177 -202 -168 -34 24 140 142 25 20 16 10 13 28 35 45 55 16 12 19 5 
8691000 8691085 1 -3 7 -77 -125 -50 -78 -125 -70 64 48 131 125 25 20 16 10 13 28 35 45 55 16 16 14 5 
8777000 8777068 1 0 0 -53 -93 0 -53 -94 -46 88 40 77 75 25 20 16 10 13 33 35 45 55 16 10 10 5 
8833000 8833133 1 0 0 -29 -71 0 -31 -72 -31 112 41 74 71 25 20 16 10 13 33 35 45 55 16 10 9 5 
8840500 8840600 1 0 0 -24 -71 0 -26 -73 -27 116 46 75 77 25 20 16 10 13 33 35 45 55 16 9 10 5 
8889500 8889664 1 0 0 -8 -57 0 -9 -59 -10 133 49 74 71 25 20 16 10 14 34 35 45 55 16 9 9 5 
8911000 8911081 1 0 0 -6 -56 0 -7 -56 -8 135 49 71 70 25 20 16 10 14 34 35 45 55 16 9 9 5 
8923000 8923110 1 0 0 -15 -47 0 -16 -49 -16 127 33 69 63 25 20 16 10 14 34 35 45 55 16 9 9 5 
9031500 9031666 1 0 0 -22 -54 0 -22 -54 -24 119 32 66 62 25 20 16 10 14 34 35 45 55 16 8 8 5 
9041000 9041058 1 0 0 -41 -71 0 -42 -73 -43 100 32 72 68 25 20 16 10 14 34 35 45 55 16 9 9 5 
9090500 9090526 1 0 0 -14 -57 0 -14 -56 -15 128 42 72 68 25 20 16 10 14 34 35 45 55 16 9 9 5 
9146000 9146088 1 0 0 -17 -54 0 -18 -56 -19 124 38 68 69 25 20 16 10 14 34 35 45 55 16 8 9 5 
9155000 9155044 1 0 0 -19 -57 0 -19 -58 -18 125 39 70 69 25 20 16 10 14 34 35 45 55 16 8 9 5 
9197000 9197283 1 0 0 -16 -53 0 -17 -53 -17 126 37 71 67 25 20 16 10 13 33 35 45 55 16 6 9 5 
9224000 9224020 1 0 0 -12 -56 0 -14 -57 -13 130 44 72 74 25 20 16 10 13 33 35 45 55 16 9 8 5 
9347500 9347667 1 0 0 -9 -50 0 -10 -51 -10 133 41 76 79 25 20 16 10 13 33 35 45 55 16 10 7 5 
9360000 9360168 1 0 0 -30 -73 0 -27 -69 -28 115 42 72 67 25 20 16 10 13 33 35 45 55 16 8 7 5 
9369000 9369177 1 0 0 -30 -74 0 -31 -74 -31 112 44 79 74 25 20 16 10 13 33 35 45 55 16 11 9 5 
9411500 9411584 1 0 0 -26 -64 0 -27 -65 -20 114 37 74 81 25 20 16 10 13 33 35 45 55 16 9 9 5 
9509500 9509592 1 0 0 -38 -69 0 -40 -70 -41 102 30 68 69 25 20 16 10 13 33 35 45 55 16 9 8 5 
9645500 9645546 1 0 0 -33 -68 0 -34 -70 -36 107 34 67 57 25 20 16 10 12 32 35 45 55 16 8 9 5 
9697000 9697125 1 0 0 -23 -58 0 -24 -59 -23 120 37 72 70 25 20 16 10 12 32 35 45 55 16 9 9 5 
9736000 9736201 1 0 0 2 -44 0 2 -44 11 145 47 69 69 25 20 16 10 12 32 35 45 55 16 9 8 5 
9768500 9768533 1 0 0 10 -38 0 9 -39 9 152 48 74 72 25 20 16 10 12 32 35 45 55 16 9 10 5 
9996500 9996525 1 0 0 20 -30 0 19 -32 28 162 51 72 67 25 20 16 10 12 32 35 45 55 16 9 9 5 
10062500 10062510 1 0 0 10 -37 0 9 -38 10 153 48 66 66 25 20 16 10 13 33 35 45 55 16 8 9 5 
10197500 10197670 1 0 0 16 -32 0 15 -34 14 157 50 76 67 25 20 16 10 13 33 35 45 55 16 10 9 5 
10243500 10243575 1 0 0 -7 -51 0 -12 -55 -12 131 43 72 68 25 20 16 10 13 33 35 45 55 16 10 8 5 
10298500 10298695 1 0 0 -11 -44 0 -14 -45 -6 128 31 69 63 25 20 16 10 13 33 35 45 55 16 9 9 5 
10343500 10343621 1 0 0 19 -30 0 16 -33 25 159 50 74 69 25 20 16 10 13 33 35 45 55 16 10 9 5 
10379000 10379166 1 0 0 27 -25 0 24 -27 22 165 49 74 71 25 20 16 10 13 33 35 45 55 16 9 10 5 
10460500 10460642 1 0 0 33 -20 0 31 -22 38 172 52 74 72 25 20 16 10 13 33 35 45 55 16 9 9 5 
10476000 10476180 1 0 0 33 -21 0 31 -24 30 173 54 76 75 25 20 16 10 13 33 35 45 55 16 10 10 5 
10484000 10484120 1 0 0 0 -36 0 -1 -38 -1 142 38 66 67 25 20 16 10 13 33 35 45 55 16 8 9 5 
10495000 10495200 1 0 0 -6 -41 0 -7 -42 -7 136 36 65 67 25 20 16 10 13 33 35 45 55 16 8 8 5 
10502500 10502679 1 0 0 23 -26 0 20 -28 20 163 50 76 83 25 20 16 10 13 33 35 45 55 16 10 10 5 
10514500 10514519 1 0 0 30 -20 0 32 -18 32 175 52 72 62 25 20 16 10 13 33 35 45 55 16 9 8 5 
10525500 10525539 1 0 0 -7 -43 0 -8 -45 -8 135 38 70 74 25 20 16 10 13 33 35 45 55 16 9 9 5 
10610500 10610565 1 0 0 30 -19 0 28 -20 28 171 49 76 73 25 20 16 10 13 33 35 45 55 16 9 10 5 
10683000 10683105 1 0 0 22 -26 0 23 -26 23 166 49 72 73 25 20 16 10 13 33 35 45 55 16 9 9 5 
10745500 10745713 1 0 0 14 -28 0 14 -28 24 158 43 63 67 25 20 16 10 13 33 35 45 55 16 8 8 5 
10863000 10863172 1 0 0 37 -16 0 37 -16 36 179 53 74 72 25 20 16 10 13 33 35 45 55 16 9 10 5 
10948000 10948066 1 0 0 35 -14 0 34 -15 34 177 50 71 76 25 20 16 10 12 32 35 45 55 16 9 9 5 
10963500 10963552 1 0 0 17 -29 0 17 -29 17 160 46 65 70 25 20 16 10 12 32 35 45 55 16 7 7 5 
11110000 11110104 1 0 0 28 -25 0 26 -27 27 170 55 73 71 25 20 16 10 12 32 35 45 55 16 9 8 5 
11156500 11156622 1 0 0 20 -26 0 18 -28 16 159 46 71 60 25 20 16 10 12 32 35 45 55 16 9 9 5 
11253500 11253700 1 0 0 -12 -50 0 -12 -50 -12 131 38 71 71 25 20 16 10 12 32 35 45 55 16 9 9 5 
11358500 11358576 1 0 0 26 -26 0 27 -26 26 169 52 68 67 25 20 16 10 12 32 35 45 55 16 9 9 5 
11493500 11493581 1 0 0 34 -14 0 33 -14 33 176 48 65 66 25 20 16 10 13 33 35 45 55 16 8 8 5 
11633500 11633625 1 0 0 27 -18 0 27 -19 35 169 45 65 69 25 20 16 10 13 33 35 45 55 16 8 8 5 
11811500 11811513 1 0 0 17 -26 0 15 -28 24 158 42 63 62 25 20 16 10 13 33 35 45 55 16 8 7 5 
11855500 11855671 1 0 0 -6 -43 0 -9 -45 0 134 35 69 64 25 20 16 10 13 33 35 45 55 16 9 9 5 
11885000 11885108 1 0 0 -5 -37 0 -7 -39 -6 137 33 64 74 25 20 16 10 13 33 35 45 55 16 5 8 5 
12230500 12230545 1 0 0 -14 -43 0 -15 -43 -6 128 27 59 71 25 20 16 10 14 34 35 45 55 16 7 7 5 
12268000 12268092 1 0 0 -49 -74 0 -50 -75 -41 93 25 56 50 25 20 16 10 13 33 35 45 55 16 7 6 5 
12380000 12380322 1 0 0 -42 -67 0 -43 -68 -42 101 26 51 46 25 20 16 10 13 33 35 45 55 16 6 6 5 
12898500 12898689 1 0 0 -38 -67 0 -38 -67 -39 104 28 57 62 25 20 16 10 13 33 35 45 55 16 7 7 5 
12912500 12912740 1 0 0 -8 -45 0 -10 -46 -11 132 36 59 53 25 20 16 10 13 33 35 45 55 16 8 6 5 
12926000 12926207 1 0 0 -3 -40 0 -6 -41 -7 136 37 60 71 25 20 16 10 13 33 35 45 55 16 8 7 5 
13137000 13137145 1 0 0 10 -26 0 8 -28 8 151 34 62 62 25 20 16 10 13 33 35 45 55 16 8 8 5 
13358500 13358699 1 0 0 14 -25 0 12 -26 21 155 38 60 57 25 20 16 10 13 33 35 45 55 16 7 8 5 
13365000 13365888 1 13 0 -23 -57 -9 -62 -90 -53 81 28 69 74 25 20 16 10 13 33 35 45 55 16 1 9 5 
13371500 13371664 1 0 0 -42 -69 0 -44 -70 -34 100 27 59 61 25 20 16 10 13 33 35 45 55 16 7 8 5 
13579000 13579043 1 0 0 -58 -84 0 -58 -84 -49 85 26 63 61 25 20 16 10 13 33 35 45 55 16 8 8 5 
13588000 13588052 1 13 0 -33 -62 -9 -33 -62 -25 109 28 72 83 25 20 16 10 14 34 35 45 55 16 10 9 5 
13593000 13593102 1 0 0 -5 -36 0 -6 -36 4 138 32 60 57 25 20 16 10 14 34 35 45 55 16 7 7 5 
13674500 13674554 1 0 0 1 -33 0 3 -32 3 146 35 64 65 25 20 16 10 14 34 35 45 55 16 8 8 5 
13689000 13689108 1 0 0 -15 -41 0 -15 -41 -16 127 27 57 54 25 20 16 10 14 34 35 45 55 16 7 7 5 
14132000 14132038 1 0 0 -34 -61 0 -35 -61 -26 108 27 58 59 25 20 16 10 14 34 35 45 55 16 8 7 5 
14139500 14139571 1 13 0 -2 -36 5 -1 -35 9 143 35 70 74 25 20 16 10 14 34 35 45 55 16 10 8 5 
14148000 14148026 1 0 0 24 -14 0 24 -15 31 165 38 55 53 25 20 16 10 14 34 35 45 55 16 7 7 5 
14573500 14573632 1 0 0 29 -10 0 28 -10 38 172 39 59 59 25 20 16 10 14 34 35 45 55 16 7 7 5 
14580000 14580076 1 13 0 -41 -74 -22 -56 -87 -46 88 31 73 73 25 20 16 10 14 34 35 45 55 16 2 10 5 
14584000 14584001 1 0 0 -49 -74 0 -50 -75 -41 93 24 67 64 25 20 16 10 14 34 35 45 55 16 8 9 5 
14665500 14665660 1 0 0 -50 -72 0 -51 -73 -42 92 23 61 60 25 20 16 10 14 34 35 45 55 16 7 8 5 
14670000 14670120 1 13 0 -36 -61 -10 -36 -61 -37 106 24 73 69 25 20 16 10 14 34 35 45 55 16 9 9 5 
14677500 14677601 1 0 0 12 -26 0 12 -26 21 155 38 60 60 25 20 16 10 15 35 35 45 55 16 7 7 5 
14801000 14801031 1 0 0 18 -20 0 16 -20 17 160 39 57 58 25 20 16 10 15 35 35 45 55 16 8 7 5 
14862000 14862019 1 0 0 24 -17 0 23 -18 33 167 41 58 55 25 20 16 10 15 35 35 45 55 16 8 7 5 
14867000 14867050 1 13 0 -6 -40 -2 -5 -41 3 137 34 69 72 25 20 16 10 14 34 35 45 55 16 8 3 5 
14875500 14875647 1 0 0 -53 -70 0 -55 -72 -46 88 17 61 58 25 20 16 10 14 34 35 45 55 16 8 7 5 
15157500 15157516 1 0 0 -51 -70 0 -53 -72 -46 88 18 57 59 25 20 16 10 14 34 35 45 55 16 7 7 5 
15166000 15166240 1 13 0 -18 -52 -15 -17 -52 -8 126 35 74 79 25 20 16 10 14 34 35 45 55 16 4 10 5 
15170500 15170828 1 0 0 23 -13 0 25 -12 34 168 37 59 57 25 20 16 10 14 34 35 45 55 16 7 7 5 
15352500 15352740 1 0 0 37 -4 0 36 -4 45 179 41 60 57 25 20 16 10 14 34 35 45 55 16 7 8 5 
15362000 15362209 1 13 0 11 -26 20 8 -28 16 150 35 69 68 25 20 16 10 14 34 35 45 55 16 8 7 5 
15368500 15368672 1 0 0 -40 -64 0 -38 -63 -29 105 25 60 63 25 20 16 10 14 34 35 45 55 16 7 7 5 
15492000 15492061 1 0 0 -41 -65 0 -42 -66 -34 100 24 62 63 25 20 16 10 14 34 35 45 55 16 8 8 5 
15497000 15497159 1 13 0 -15 -49 -8 -14 -50 -4 130 37 71 77 25 20 16 10 14 34 35 45 55 16 8 9 5 
15501500 15501577 1 0 0 24 -16 0 24 -16 33 167 41 62 57 25 20 16 10 14 34 35 45 55 16 8 7 5 
15632000 15632117 1 0 0 18 -19 0 13 -24 13 156 36 59 50 25 20 16 10 14 34 35 45 55 16 8 7 5 
15639500 15639575 1 13 0 -12 -43 -2 -18 -48 -11 123 29 66 72 25 20 16 10 14 34 35 45 55 16 5 9 5 
15648000 15648115 1 0 0 -42 -64 0 -43 -65 -34 100 23 68 73 25 20 16 10 14 34 35 45 55 16 9 9 5 
16108000 16108137 1 0 0 -34 -59 0 -35 -60 -36 107 23 58 58 25 20 16 10 14 34 35 45 55 16 7 7 5 
16119500 16120175 1 0 0 -43 -70 0 -44 -69 -45 98 24 60 57 25 20 16 10 14 34 35 45 55 16 4 5 5 
16382000 16382212 1 0 0 -38 -63 0 -39 -64 -30 104 25 63 64 25 20 16 10 14 34 35 45 55 16 8 8 5 
16388500 16388671 1 13 0 -20 -51 -14 -18 -51 -11 123 32 70 79 25 20 16 10 14 34 35 45 55 16 9 9 5 
16393000 16393060 1 0 0 16 -24 0 16 -24 25 159 41 62 72 25 20 16 10 14 34 35 45 55 16 7 8 5 
16421000 16421114 1 0 0 26 -15 0 23 -18 21 164 40 56 51 25 20 16 10 14 34 35 45 55 16 7 7 5 
16628500 16628636 1 0 0 26 -14 0 25 -16 32 166 39 58 60 25 20 16 10 14 34 35 45 55 16 7 7 5 
16648000 16648088 1 0 0 -21 -49 0 -22 -49 -23 120 27 67 69 25 20 16 10 14 34 35 45 55 16 8 8 5 
16818500 16818706 1 0 0 -15 -43 0 -16 -44 -17 126 28 59 58 25 20 16 10 14 34 35 45 55 16 8 7 5 
16960500 16960785 1 0 0 -30 -57 0 -30 -58 -30 113 27 61 59 25 20 16 10 14 34 35 45 55 16 7 8 5 
17053000 17053126 1 0 0 -25 -51 0 -27 -53 -18 116 26 60 61 25 20 16 10 14 34 35 45 55 16 8 7 5 
17070000 17070062 1 0 0 -55 -79 0 -57 -80 -58 85 22 63 61 25 20 16 10 14 34 35 45 55 16 8 8 5 
17378500 17378560 1 0 0 -48 -78 0 -49 -79 -48 95 31 58 46 25 20 16 10 13 33 35 45 55 16 8 6 5 
17651000 17651044 1 0 0 -40 -75 0 -41 -76 -41 102 35 58 53 25 20 16 10 13 33 35 45 55 16 7 7 5 
17666000 17666194 1 0 0 -14 -48 0 -14 -49 -15 128 34 67 74 25 20 16 10 13 33 35 45 55 16 8 9 5 
17793000 17793172 1 0 0 -8 -42 0 -9 -43 0 134 35 58 63 25 20 16 10 13 33 35 45 55 16 8 7 5 
17803000 17803241 1 0 0 -47 -79 0 -47 -79 -39 95 33 69 53 25 20 16 10 13 33 35 45 55 16 9 7 5 
18022500 18022614 1 0 0 -52 -78 0 -53 -80 -54 89 27 67 65 25 20 16 10 13 33 35 45 55 16 8 8 5 
18206000 18206030 1 0 0 -40 -69 0 -41 -70 -42 101 29 66 66 25 20 16 10 14 34 35 45 55 16 8 9 5 
18219500 18219716 1 0 0 -28 -56 0 -28 -56 -28 115 28 62 64 25 20 16 10 14 34 35 45 55 16 7 8 5 
18258000 18258220 1 0 0 -20 -51 0 -21 -51 -19 124 32 58 52 25 20 16 10 14 34 35 45 55 16 7 7 5 
18399500 18399658 1 0 0 -18 -47 0 -19 -48 -10 124 30 58 55 25 20 16 10 14 34 35 45 55 16 7 7 5 
18671500 18671682 1 0 0 -32 -56 0 -32 -56 -23 111 25 56 62 25 20 16 10 14 34 35 45 55 16 7 7 5 
18682500 18682543 1 13 0 0 -41 -11 -10 -47 0 134 38 75 87 25 20 16 10 14 34 35 45 55 16 5 9 5 
18692000 18692235 1 0 0 47 4 0 45 2 54 188 44 56 56 25 20 16 10 14 34 35 45 55 16 7 7 5 
18730500 18730504 1 0 0 44 0 0 43 -1 53 187 45 57 54 25 20 16 10 13 33 35 45 55 16 7 4 5 
18736000 18737379 1 13 0 9 -33 0 -42 -76 -34 100 35 67 74 25 20 16 10 13 33 35 45 55 16 0 9 5 
18741500 18741559 1 0 0 -28 -61 0 -27 -61 -19 115 35 65 66 25 20 16 10 13 33 35 45 55 16 8 8 5 
18942000 18942040 1 0 0 -32 -62 0 -33 -63 -34 109 29 60 59 25 20 16 10 13 33 35 45 55 16 8 8 5 
18959000 18959077 1 0 0 6 -30 0 7 -29 8 151 36 60 63 25 20 16 10 13 33 35 45 55 16 8 7 5 
19095000 19095050 1 0 0 15 -29 0 15 -29 23 157 44 71 71 25 20 16 10 13 33 35 45 55 16 10 8 5 
19103500 19103555 1 0 0 -22 -58 0 -23 -60 -14 120 37 64 54 25 20 16 10 13 33 35 45 55 16 9 7 5 
19232000 19232058 1 0 0 -31 -62 0 -32 -64 -23 111 32 64 64 25 20 16 10 13 33 35 45 55 16 8 8 5 
19252500 19252529 1 0 0 -30 -62 0 -27 -58 -27 116 32 80 78 25 20 16 10 13 33 35 45 55 16 10 10 5 
19419500 19419560 1 0 0 -28 -67 0 -30 -67 -21 113 38 89 90 25 20 16 10 12 32 35 45 55 16 11 11 5 
19445500 19445625 1 0 0 -20 -58 0 -21 -59 -20 123 38 81 77 25 20 16 10 12 32 35 45 55 16 10 10 5 
19549500 19549557 1 0 0 9 -55 0 1 -55 10 144 56 96 101 25 20 16 10 12 30 35 45 55 16 12 12 5 
19639500 19639571 1 0 0 6 -43 0 5 -45 6 149 51 87 84 25 20 16 10 12 32 35 45 55 16 11 11 5 
19857500 19857579 1 0 0 18 -37 0 16 -39 16 159 53 88 91 25 20 16 10 12 32 35 45 55 16 11 11 5 
19979500 19979584 1 0 0 0 -44 0 -2 -46 -2 141 44 85 87 25 20 16 10 13 33 35 45 55 16 11 11 5 
20025000 20025134 1 0 0 4 -41 0 3 -42 4 147 45 80 84 25 20 16 10 13 33 35 45 55 16 10 10 5 
20136000 20136090 1 0 0 1 -41 0 -1 -43 -1 142 41 74 71 25 20 16 10 13 33 35 45 55 16 9 10 5 
20177500 20177518 1 0 0 0 -44 0 -2 -46 0 143 45 86 85 25 20 16 10 13 33 35 45 55 16 11 11 5 
20228500 20228672 1 0 0 1 -37 0 1 -38 0 143 37 71 66 25 20 16 10 13 33 35 45 55 16 9 9 5 
20286000 20286092 1 0 0 2 -47 0 1 -48 1 144 49 90 89 25 20 16 10 13 33 35 45 55 16 12 11 5 
20421500 20421508 1 0 0 8 -43 0 6 -44 15 149 50 82 86 25 20 16 10 13 33 35 45 55 16 10 11 5 
20620500 20620538 1 0 0 2 -44 0 3 -45 12 146 47 75 72 25 20 16 10 13 33 35 45 55 16 10 9 5 
20632500 20632688 1 -1 7 -49 -84 -51 -54 -87 -46 88 33 103 102 25 20 16 10 13 31 35 45 55 16 8 14 5 
20647500 20647595 1 2 7 -109 -137 -112 -113 -138 -104 30 26 129 129 25 20 16 10 13 28 35 45 55 16 17 17 5 
20658500 20658564 1 -3 7 -44 -115 -47 -46 -116 -38 96 70 127 125 25 20 16 10 13 28 35 45 55 16 17 16 5 
20671000 20671118 1 -1 7 -50 -111 -53 -57 -114 -48 86 57 116 118 25 20 16 10 13 29 35 45 55 16 13 15 5 
20696000 20696005 1 2 7 -149 -184 -152 -153 -186 -145 -11 32 130 129 25 20 16 10 13 28 35 45 55 16 17 14 5 
20734500 20734517 1 -3 7 -47 -120 -49 -45 -119 -36 98 74 115 115 25 20 16 10 13 29 35 45 55 16 15 14 5 
20744500 20744532 1 -1 7 -48 -101 -51 -54 -104 -48 86 48 102 105 25 20 16 10 13 31 35 45 55 16 13 14 5 
20774500 20774614 1 2 7 -106 -139 -108 -113 -142 -105 29 28 124 128 25 20 16 10 13 28 35 45 55 16 15 13 5 
20792000 20792094 1 -3 7 -47 -116 -50 -51 -120 -42 92 70 115 117 25 20 16 10 13 29 35 45 55 16 15 15 5 
