49500 49623 0 0 -1 0 0 0 0 0 0 -31 0 67 67 25 20 17 10 15 35 35 45 55 16 9 8 5 
79500 79638 0 0 0 4 4 0 4 4 2 -32 -2 68 71 25 20 17 10 15 35 35 45 55 16 8 8 5 
111500 111673 0 -1 1 -55 -45 -53 -56 -46 -54 -88 -9 71 70 25 20 17 10 15 35 35 45 55 16 9 9 5 
140000 140194 0 2 1 -139 -133 -132 -137 -131 -137 -171 -4 72 75 25 20 17 10 15 35 35 45 55 16 5 9 5 
163500 163719 0 -3 1 -59 -61 -48 -58 -60 -60 -94 3 67 64 25 20 17 10 15 35 35 45 55 16 8 8 5 
180000 180039 0 0 0 -14 -20 0 -11 -17 -12 -46 5 68 67 25 20 17 10 15 35 35 45 55 16 9 8 5 
239000 239088 0 0 0 -6 -5 0 -8 -7 -7 -41 0 66 64 25 20 17 10 15 35 35 45 55 16 8 8 5 
265500 265508 0 0 0 0 -9 0 -7 -14 -6 -40 8 81 78 25 20 17 10 15 35 35 45 55 16 10 9 5 
278500 278649 0 0 0 42 17 0 42 18 42 8 23 76 76 25 20 17 10 15 35 35 45 55 16 10 10 5 
386500 386519 0 -1 1 -14 -39 -52 -16 -41 -9 -43 25 93 93 25 20 16 10 15 35 35 45 55 16 12 11 5 
433000 433122 0 2 1 -63 -72 -99 -62 -72 -37 -71 9 98 101 25 20 16 10 15 33 35 45 55 16 6 8 5 
443000 443014 0 -3 1 -12 -44 -48 -8 -41 4 -30 34 95 96 25 20 16 10 15 35 35 45 55 16 12 10 5 
451000 451116 0 -1 1 -18 -42 -54 -18 -41 -6 -40 22 90 92 25 20 16 10 15 35 35 45 55 16 11 11 5 
467000 467907 0 2 1 -72 -92 -107 -85 -111 -71 -105 26 95 98 25 20 16 10 15 35 35 45 55 16 7 10 5 
483500 483527 0 -3 1 -11 -54 -46 -6 -48 -1 -35 42 100 102 25 20 16 10 15 33 35 45 55 16 11 9 5 
495000 495133 0 -1 1 -17 -56 -51 -16 -48 -5 -39 32 102 103 25 20 16 10 15 33 35 45 55 16 13 12 5 
525500 525574 0 2 1 -147 -155 -180 -156 -160 -155 -189 2 78 77 25 20 17 10 15 35 35 45 55 16 10 9 5 
576500 576609 0 -3 1 -17 -4 -48 -18 -3 -12 -46 -14 81 83 25 20 16 10 15 35 35 45 55 16 8 10 5 
664500 664637 0 0 0 28 8 0 27 7 27 -7 19 73 70 25 20 16 10 15 35 35 45 55 16 9 9 5 
986500 986521 0 0 0 16 4 0 14 4 14 -20 10 70 69 25 20 16 10 15 35 35 45 55 16 9 9 5 
1144500 1144589 0 -1 1 -47 -57 -50 -49 -59 -49 -83 10 75 73 25 20 16 10 15 35 35 45 55 16 9 10 5 
1168500 1168620 0 2 1 -91 -95 -92 -93 -99 -94 -128 4 69 68 25 20 16 10 15 35 35 45 55 16 9 9 5 
1183500 1183837 0 -3 1 -48 -66 -49 -47 -65 -45 -79 19 80 81 25 20 16 10 15 35 35 45 55 16 9 10 5 
1211000 1211002 0 0 0 -2 -11 0 -2 -10 -1 -35 9 72 73 25 20 16 10 15 35 35 45 55 16 9 9 5 
1405500 1405594 0 0 0 5 -6 0 1 -9 1 -33 10 70 70 25 20 16 10 15 35 35 45 55 16 9 9 5 
1473000 1473048 0 0 0 -1 -22 0 -1 -21 -1 -35 21 86 86 25 20 16 10 15 35 35 45 55 16 10 9 5 
1499000 1499071 0 0 0 -9 -33 0 -2 -28 -2 -36 27 83 84 25 20 16 10 15 35 35 45 55 16 11 9 5 
1505000 1505024 0 -1 1 -60 -77 -52 -61 -79 -60 -94 19 80 81 25 20 16 10 15 35 35 45 55 16 10 9 5 
1535500 1536051 0 2 1 -99 -110 -93 -98 -107 -97 -131 9 76 76 25 20 16 10 15 35 35 45 55 16 8 9 5 
1549000 1549131 0 -3 1 -55 -69 -50 -57 -69 -57 -91 12 72 70 25 20 16 10 15 35 35 45 55 16 9 9 5 
1587000 1587096 0 0 0 -2 -7 0 -4 -6 -4 -38 2 82 84 25 20 16 10 15 35 35 45 55 16 4 11 5 
1661000 1661142 0 0 0 23 -7 0 26 -5 26 -8 30 79 81 25 20 16 10 15 35 35 45 55 16 10 10 5 
1706000 1706001 0 0 0 24 0 0 22 -3 22 -12 25 78 76 25 20 16 10 15 35 35 45 55 16 10 10 5 
1756500 1756695 0 0 0 18 -1 0 20 1 19 -15 17 77 75 25 20 16 10 15 35 35 45 55 16 10 10 5 
1938000 1938135 0 0 0 13 -6 0 12 -6 11 -23 20 73 70 25 20 16 10 15 35 35 45 55 16 9 9 5 
2028000 2028023 0 0 0 22 4 0 23 5 24 -10 18 74 74 25 20 16 10 15 35 35 45 55 16 10 9 5 
2064500 2064563 0 0 0 27 14 0 26 11 25 -9 15 75 74 25 20 16 10 15 35 35 45 55 16 9 9 5 
2123500 2123719 0 0 0 18 10 0 18 11 18 -16 6 69 68 25 20 16 10 15 35 35 45 55 16 9 9 5 
2141000 2141154 0 0 0 27 6 0 27 6 25 -9 21 79 78 25 20 16 10 15 35 35 45 55 16 10 10 5 
2251000 2251104 0 0 0 28 5 0 19 -1 19 -15 20 80 80 25 20 16 10 15 35 35 45 55 16 10 10 5 
2445000 2445089 0 0 0 28 14 0 29 15 28 -6 13 72 76 25 20 16 10 15 35 35 45 55 16 9 8 5 
2503000 2503044 0 0 0 25 5 0 25 6 26 -8 18 74 72 25 20 16 10 15 35 35 45 55 16 10 9 5 
2587500 2587931 0 0 0 20 3 0 26 6 25 -9 19 83 82 25 20 16 10 15 35 35 45 55 16 5 7 5 
2615000 2615139 0 -1 1 -38 -44 -52 -40 -45 -40 -74 6 76 74 25 20 16 10 15 35 35 45 55 16 10 10 5 
2647500 2647851 0 2 1 -133 -121 -141 -149 -133 -150 -184 -16 84 85 25 20 16 10 15 35 35 45 55 16 8 9 5 
2668500 2668586 0 -3 1 -43 -58 -47 -47 -61 -48 -82 14 78 79 25 20 16 10 15 35 35 45 55 16 7 5 5 
2683000 2683047 0 0 0 1 -5 0 3 -3 3 -31 6 75 73 25 20 16 10 15 35 35 45 55 16 9 9 5 
2763500 2763541 0 0 0 9 1 0 11 3 10 -24 7 70 69 25 20 16 10 15 35 35 45 55 16 9 9 5 
2799000 2799015 0 0 0 8 -4 0 6 -5 7 -27 11 77 74 25 20 16 10 15 35 35 45 55 16 10 5 5 
2833000 2833130 0 0 0 52 8 0 51 9 51 17 41 88 88 25 20 16 10 15 35 35 45 55 16 11 11 5 
2843000 2843096 0 0 0 5 -12 0 -1 -14 -1 -35 13 88 97 25 20 16 10 15 35 35 45 55 16 10 9 5 
2876000 2876169 0 0 0 -16 -21 0 -12 -19 -12 -46 6 70 70 25 20 16 10 15 35 35 45 55 16 8 9 5 
2991500 2991555 0 0 0 -7 -9 0 -8 -10 -8 -42 3 68 70 25 20 16 10 15 35 35 45 55 16 9 9 5 
3079500 3079588 0 0 0 -5 -5 0 -6 -5 -5 -39 -2 69 72 25 20 16 10 15 35 35 45 55 16 9 9 5 
3180000 3180036 0 0 0 1 5 0 2 6 1 -33 -4 69 70 25 20 16 10 15 35 35 45 55 16 9 9 5 
3205500 3205686 0 -1 1 -51 -45 -51 -51 -45 -50 -84 -6 71 71 25 20 16 10 15 35 35 45 55 16 9 9 5 
3217000 3217190 0 2 1 -83 -79 -84 -85 -80 -84 -118 -5 68 66 25 20 16 10 15 35 35 45 55 16 8 9 5 
3238000 3238181 0 -3 1 -50 -49 -49 -49 -48 -48 -82 1 69 68 25 20 16 10 15 35 35 45 55 16 9 9 5 
3258000 3258018 0 0 0 -1 0 0 0 0 1 -33 0 67 66 25 20 16 10 15 35 35 45 55 16 9 8 5 
3483000 3483054 0 0 0 2 -6 0 3 -5 4 -30 8 69 71 25 20 16 10 15 35 35 45 55 16 9 9 5 
3573500 3573653 0 0 0 -5 -8 0 -6 -8 -5 -39 4 66 65 25 20 16 10 15 35 35 45 55 16 8 8 5 
3630000 3630096 0 0 0 -4 -12 0 -5 -13 -4 -38 9 70 71 25 20 16 10 15 35 35 45 55 16 9 9 5 
3677500 3677700 0 0 0 8 5 0 5 5 4 -30 0 72 69 25 20 16 10 15 35 35 45 55 16 9 9 5 
3744500 3744869 0 -1 1 -60 -62 -55 -66 -67 -65 -99 2 84 81 25 20 16 10 14 34 35 45 55 16 9 7 5 
3756000 3756198 0 2 1 -126 -120 -119 -122 -118 -123 -157 -6 100 102 25 20 16 10 13 31 35 45 55 16 11 14 5 
3773000 3773061 0 -3 1 -55 -97 -46 -50 -102 -50 -84 52 93 99 25 20 16 10 13 33 35 45 55 16 7 11 5 
3860500 3860626 0 0 0 -25 -23 0 -25 -23 -24 -58 -2 66 68 25 20 16 10 15 35 35 45 55 16 8 8 5 
3920500 3920651 0 0 0 -11 -5 0 -13 -8 -12 -46 -4 68 64 25 20 16 10 16 36 35 45 55 16 9 7 5 
4015000 4015024 0 0 0 1 -5 0 0 -5 0 -34 4 65 69 25 20 16 10 15 35 35 45 55 16 8 8 5 
4029000 4029166 0 0 0 -11 -15 0 -10 -17 -10 -44 6 72 69 25 20 16 10 15 35 35 45 55 16 9 9 5 
4125000 4125088 0 0 0 -11 -18 0 -13 -19 -12 -46 6 68 69 25 20 16 10 15 35 35 45 55 16 9 9 5 
4136500 4136658 0 0 0 10 -9 0 10 -9 10 -24 19 74 71 25 20 16 10 15 35 35 45 55 16 9 9 5 
4278000 4278148 0 0 0 -23 -44 0 -26 -47 -25 -59 22 84 85 25 20 16 10 15 35 35 45 55 16 11 11 5 
4293000 4293049 0 -1 1 -72 -90 -52 -72 -90 -72 -106 19 86 84 25 20 16 10 15 35 35 45 55 16 11 11 5 
4307500 4307630 0 2 1 -139 -143 -120 -140 -144 -141 -175 3 93 98 25 20 16 10 15 35 35 45 55 16 12 12 5 
4339000 4339007 0 -3 1 -60 -78 -45 -63 -82 -62 -96 20 92 93 25 20 16 10 15 35 35 45 55 16 12 11 5 
4370500 4370557 0 0 0 -11 -21 0 -12 -22 -13 -47 9 76 74 25 20 16 10 15 35 35 45 55 16 10 9 5 
4592000 4592090 0 0 0 -1 -11 0 0 -10 1 -33 10 77 77 25 20 16 10 15 35 35 45 55 16 8 10 5 
4697000 4697130 0 0 0 -12 -43 0 -12 -45 -12 -46 33 94 93 25 20 16 10 15 35 35 45 55 16 11 10 5 
4721000 4721070 0 -1 1 -64 -90 -54 -66 -89 -66 -100 22 81 81 25 20 16 10 15 35 35 45 55 16 10 10 5 
4752000 4752278 0 2 1 -142 -143 -134 -147 -149 -148 -182 2 92 90 25 20 16 10 15 35 35 45 55 16 10 10 5 
4762500 4762541 0 -3 1 -53 -75 -46 -57 -79 -55 -89 22 91 96 25 20 16 10 15 35 35 45 55 16 12 11 5 
4802000 4802014 0 0 0 -4 -7 0 -1 -3 0 -34 1 72 69 25 20 16 10 15 35 35 45 55 16 9 8 5 
5033500 5033607 0 0 0 5 -18 0 4 -20 2 -32 22 84 82 25 20 16 10 15 35 35 45 55 16 11 10 5 
5435500 5435603 0 0 0 -3 -43 0 0 -44 -1 -35 43 97 99 25 20 16 10 15 35 35 45 55 16 11 12 5 
5500500 5500502 0 -1 1 54 -24 58 50 -28 50 16 77 107 106 25 20 16 10 15 33 35 45 55 16 8 13 5 
5522000 5522077 0 2 1 -110 -146 -106 -112 -152 -111 -145 40 107 106 25 20 16 10 15 33 35 45 55 16 14 13 5 
5526500 5526553 0 -3 1 -43 -110 -39 -38 -107 -38 -72 69 114 115 25 20 16 10 15 31 35 45 55 16 14 13 5 
5535000 5535102 0 -1 1 -59 -139 -55 -62 -142 -63 -97 80 108 108 25 20 16 10 15 33 35 45 55 16 14 14 5 
5571500 5571529 0 2 1 -195 -191 -190 -198 -192 -199 -233 -5 100 101 25 20 16 10 15 33 35 45 55 16 13 13 5 
5685500 5685655 0 -3 1 -55 -94 -49 -55 -96 -57 -91 41 97 95 25 20 16 10 15 35 35 45 55 16 12 12 5 
5810500 5810639 0 -1 1 46 -7 53 48 -6 47 13 54 98 99 25 20 16 10 15 35 35 45 55 16 12 13 5 
5927000 5927115 0 2 1 -183 -199 -174 -183 -200 -184 -218 15 122 125 25 20 16 10 13 28 35 45 55 16 15 16 5 
6062500 6062555 0 -3 1 -59 -117 -49 -58 -117 -59 -93 57 104 101 25 20 16 10 14 32 35 45 55 16 13 13 5 
6180000 6180007 0 0 0 -11 -74 0 -12 -77 -13 -47 65 95 94 25 20 16 10 15 35 35 45 55 16 12 12 5 
6250500 6250530 0 -1 1 -61 -103 -52 -60 -108 -60 -94 49 119 118 25 20 17 10 13 29 35 45 55 16 15 14 5 
6272500 6272719 0 2 1 -185 -220 -176 -188 -222 -189 -223 33 120 121 25 20 17 10 13 28 35 45 55 16 15 15 5 
6445500 6445572 0 -3 1 -54 -99 -50 -55 -98 -56 -90 42 117 118 25 20 17 10 13 29 35 45 55 16 13 14 5 
6505500 6505569 0 0 0 -3 -48 0 -11 -52 -13 -47 40 101 101 25 20 17 10 14 32 35 45 55 16 14 12 5 
6698000 6698078 0 -1 1 -53 -104 -51 -44 -91 -45 -79 47 107 109 25 20 17 10 15 33 35 45 55 16 5 2 5 
6738500 6738600 0 2 1 -167 -193 -166 -159 -188 -157 -191 30 98 94 25 20 17 10 15 35 35 45 55 16 10 13 5 
6821000 6821113 0 -3 1 -49 -98 -48 -45 -95 -44 -78 49 125 128 25 20 17 10 15 30 35 45 55 16 15 16 5 
6855500 6855612 0 -1 1 -51 -145 -51 -65 -149 -51 -85 96 105 107 25 20 17 10 15 33 35 45 55 16 11 13 5 
6879500 6879561 0 2 1 -194 -227 -193 -190 -226 -191 -225 35 110 110 25 20 17 10 14 30 35 45 55 16 10 14 5 
6947000 6947040 0 -3 1 -48 -89 -49 -48 -91 -47 -81 44 90 90 25 20 17 10 15 35 35 45 55 16 11 10 5 
7020000 7020123 0 0 0 1 -51 0 2 -53 3 -31 56 94 97 25 20 17 10 16 36 35 45 55 16 12 12 5 
7098000 7098028 0 -1 1 -57 -112 -51 -60 -114 -62 -96 54 113 114 25 20 17 10 15 31 35 45 55 16 14 15 5 
7138000 7138098 0 2 1 -188 -223 -178 -180 -221 -181 -215 40 110 109 25 20 17 10 14 32 35 45 55 16 14 13 5 
7245000 7245148 0 -3 1 -68 -89 -49 -66 -88 -66 -100 22 93 90 25 20 17 10 15 35 35 45 55 16 12 12 5 
7294500 7294575 0 0 0 -23 -60 0 -24 -61 -25 -59 36 90 88 25 20 17 10 15 35 35 45 55 16 12 11 5 
7352000 7352046 0 0 0 3 -44 0 6 -42 6 -28 47 95 96 25 20 17 10 16 36 35 45 55 16 12 12 5 
7409000 7409117 0 -1 1 54 -26 53 58 -25 58 24 83 90 88 25 20 17 10 15 35 35 45 55 16 11 11 5 
7469500 7469507 0 2 1 -198 -204 -197 -202 -207 -200 -234 7 111 113 25 20 17 10 14 30 35 45 55 16 15 12 5 
7524500 7524569 0 -3 1 -53 -44 -50 -50 -43 -50 -84 -8 91 90 25 20 17 10 15 35 35 45 55 16 11 12 5 
7588000 7588012 0 0 0 -6 -45 0 -7 -46 -7 -41 38 87 90 25 20 17 10 16 36 35 45 55 16 11 11 5 
7791500 7791622 0 0 0 4 -44 0 3 -43 4 -30 46 92 90 25 20 17 10 16 36 35 45 55 16 12 10 5 
7820000 7820104 0 -1 1 -58 -89 -59 -58 -92 -58 -92 33 108 105 25 20 17 10 15 33 35 45 55 16 13 14 5 
7824500 7824585 0 2 1 -138 -164 -139 -146 -169 -145 -179 24 115 118 25 20 17 10 15 31 35 45 55 16 13 15 5 
7829000 7829099 0 -3 1 -49 -144 -50 -51 -147 -51 -85 97 107 107 25 20 17 10 15 33 35 45 55 16 14 12 5 
7838000 7838034 0 -1 1 -53 -151 -53 -58 -153 -57 -91 96 89 90 25 20 17 10 15 35 35 45 55 16 11 11 5 
7863000 7863104 0 2 1 -237 -238 -235 -241 -240 -241 -275 0 115 115 25 20 17 10 15 31 35 45 55 16 15 15 5 
7961500 7961500 0 -3 1 -59 -74 -48 -57 -72 -60 -94 13 109 108 25 20 17 10 15 33 35 45 55 16 14 11 5 
7999500 7999652 0 0 0 -14 -44 0 -14 -41 -14 -48 27 96 94 25 20 17 10 15 35 35 45 55 16 10 11 5 
8035500 8035606 0 0 0 42 -42 0 52 -39 51 17 90 97 94 25 20 17 10 16 36 35 45 55 16 12 13 5 
8088000 8088012 0 0 0 19 -44 0 13 -40 13 -21 55 98 100 25 20 17 10 16 34 35 45 55 16 11 13 5 
8188000 8188139 0 -1 1 -29 -92 -51 -30 -95 -28 -62 66 105 104 25 20 17 10 14 32 35 45 55 16 14 12 5 
8235000 8235051 0 2 1 -181 -200 -204 -180 -200 -180 -214 19 95 96 25 20 17 10 14 34 35 45 55 16 12 12 5 
8258500 8258587 0 -3 1 -23 -29 -48 -23 -25 -23 -57 1 90 94 25 20 16 10 15 35 35 45 55 16 6 11 5 
8334500 8334509 0 0 0 26 -9 0 25 -9 24 -10 34 90 91 25 20 16 10 16 36 35 45 55 16 12 12 5 
8362500 8362517 0 0 0 34 -8 0 33 -9 34 0 43 87 83 25 20 16 10 16 36 35 45 55 16 9 11 5 
8449000 8449136 0 0 0 69 14 0 72 16 73 39 56 94 94 25 20 16 10 16 36 35 45 55 16 12 10 5 
8657000 8657104 0 0 0 49 7 0 44 5 42 8 37 101 101 25 20 16 10 16 34 35 45 55 16 13 13 5 
8676500 8676553 0 0 0 57 -3 0 55 -3 56 22 59 97 95 25 20 16 10 15 35 35 45 55 16 12 12 5 
8705000 8705016 0 -1 1 -6 -35 -56 -8 -37 -8 -42 30 111 111 25 20 17 10 14 30 35 45 55 16 14 14 5 
8738000 8738065 0 2 1 -136 -163 -181 -138 -166 -138 -172 29 122 123 25 20 17 10 12 27 35 45 55 16 15 13 5 
8825000 8825036 0 -3 1 -22 -38 -49 -24 -37 -24 -58 12 113 110 25 20 17 10 14 30 35 45 55 16 15 14 5 
8862000 8862062 0 0 0 20 -20 0 18 -20 20 -14 39 104 103 25 20 16 10 14 32 35 45 55 16 14 13 5 
9013000 9013041 0 0 0 74 4 0 74 5 75 41 69 99 98 25 20 16 10 16 36 35 45 55 16 13 13 5 
9116500 9116651 0 0 0 73 16 0 73 17 80 46 56 95 94 25 20 15 10 15 35 35 45 55 16 12 12 5 
9126500 9126625 0 0 0 71 19 0 76 19 83 49 63 98 97 25 20 15 10 16 36 35 45 55 16 10 8 5 
9134500 9134520 0 0 0 33 -3 0 32 -3 32 -2 34 93 90 25 20 15 10 16 36 35 45 55 16 12 12 5 
9146500 9146515 0 0 0 42 1 0 44 1 45 11 43 92 92 25 20 14 10 16 36 35 45 55 16 12 12 5 
9224000 9224022 0 0 0 28 -19 0 28 -19 28 -6 45 91 92 25 20 14 10 15 35 35 45 55 16 12 11 5 
9250500 9250506 0 -1 1 -25 -59 -52 -23 -58 -23 -57 35 93 94 25 20 14 10 14 34 35 45 55 16 12 12 5 
9275500 9275660 0 2 1 -102 -127 -127 -103 -127 -104 -138 25 93 92 25 20 14 10 14 34 35 45 55 16 12 12 5 
9307000 9307132 0 -3 1 -25 -48 -50 -27 -49 -29 -63 21 90 90 25 20 14 10 15 35 35 45 55 16 12 11 5 
9422000 9422204 0 0 0 19 -1 0 18 -1 18 -16 19 84 87 25 20 14 10 16 36 35 45 55 16 8 11 5 
9457500 9457554 0 0 0 29 -1 0 29 -1 30 -4 31 86 87 25 20 14 10 16 36 35 45 55 16 11 11 5 
9521000 9521151 0 0 0 35 3 0 34 2 34 0 31 83 82 25 20 14 10 16 36 35 45 55 16 10 11 5 
9773000 9773087 0 -1 1 86 48 51 96 56 96 62 40 89 90 25 20 14 10 15 35 35 45 55 16 7 12 5 
9783000 9783017 0 2 1 128 86 93 119 78 120 86 42 118 118 25 20 14 10 15 31 35 45 55 16 14 13 5 
9789000 9789012 0 -3 1 85 45 49 82 43 83 49 39 121 120 25 20 14 10 15 30 35 45 55 16 13 16 5 
9809000 9809097 0 -1 1 -17 -70 -53 -19 -71 -19 -53 52 113 114 25 20 14 10 14 30 35 45 55 16 14 14 5 
9839500 9839518 0 2 1 -81 -108 -116 -82 -108 -83 -117 26 113 114 25 20 14 10 12 28 35 45 55 16 15 13 5 
9918500 9918574 0 -3 1 -14 -14 -50 -13 -13 -12 -46 1 98 97 25 20 16 10 15 35 35 45 55 16 12 13 5 
10025500 10025624 0 0 0 36 -11 0 37 -10 37 3 47 105 106 25 20 16 10 15 33 35 45 55 16 13 13 5 
10128500 10129155 0 0 0 29 -8 0 29 -10 34 0 39 90 92 25 20 15 10 14 34 35 45 55 16 3 12 5 
10191500 10191634 0 -1 1 -35 -53 -53 -37 -54 -31 -65 17 87 87 25 20 14 10 13 33 35 45 55 16 11 11 5 
10209000 10209155 0 2 1 -140 -158 -154 -140 -159 -134 -168 18 86 87 25 20 14 10 13 33 35 45 55 16 11 11 5 
10235500 10235617 0 -3 1 -39 -73 -49 -40 -73 -38 -72 34 84 84 25 20 15 10 14 34 35 45 55 16 10 10 5 
10316000 10316016 0 0 0 -4 -38 0 -1 -35 -1 -35 35 89 90 25 20 16 10 15 35 35 45 55 16 12 11 5 
10435500 10435540 0 0 0 4 -27 0 4 -27 4 -30 31 84 84 25 20 16 10 15 35 35 45 55 16 11 11 5 
10492500 10492552 0 0 0 7 -16 0 8 -15 8 -26 23 83 85 25 20 16 10 16 36 35 45 55 16 10 11 5 
10625500 10625626 0 0 0 -3 -11 0 -1 -9 -1 -35 8 83 82 25 20 16 10 16 36 35 45 55 16 10 11 5 
10666000 10666138 0 -1 1 49 10 50 47 8 47 13 39 86 85 25 20 16 10 15 35 35 45 55 16 11 10 5 
10690500 10690944 0 2 1 134 88 136 131 87 129 95 40 100 106 25 20 15 10 14 32 35 45 55 16 4 4 5 
10701500 10701589 0 -3 1 48 5 50 46 5 47 13 43 95 91 25 20 15 10 14 34 35 45 55 16 12 12 5 
10709000 10709044 0 -1 1 -56 -83 -55 -59 -85 -53 -87 28 97 99 25 20 14 10 13 33 35 45 55 16 13 12 5 
10716000 10716060 0 2 1 -128 -144 -127 -128 -144 -123 -157 14 89 86 25 20 14 10 13 33 35 45 55 16 11 11 5 
10748000 10748098 0 -3 1 -50 -57 -49 -50 -56 -50 -84 5 85 86 25 20 15 10 14 34 35 45 55 16 11 11 5 
10887000 10887151 0 0 0 2 -24 0 2 -24 2 -32 26 87 88 25 20 16 10 16 36 35 45 55 16 11 11 5 
10936000 10936013 0 0 0 -11 -27 0 -12 -27 -13 -47 16 84 84 25 20 16 10 16 36 35 45 55 16 11 11 5 
11083000 11083067 0 0 0 1 -19 0 1 -17 3 -31 19 83 82 25 20 16 10 16 36 35 45 55 16 10 8 5 
11178000 11178078 0 0 0 -11 -25 0 -12 -26 -12 -46 14 92 94 25 20 16 10 16 36 35 45 55 16 11 11 5 
11469500 11469564 0 0 0 -2 -25 0 1 -25 1 -33 25 81 78 25 20 16 10 15 35 35 45 55 16 10 10 5 
11521500 11521599 0 -1 1 -55 -61 -53 -56 -62 -56 -90 7 86 88 25 20 15 10 14 34 35 45 55 16 11 11 5 
11544000 11544088 0 2 1 -131 -133 -129 -134 -135 -133 -167 2 82 79 25 20 15 10 14 34 35 45 55 16 10 10 5 
11567500 11567612 0 -3 1 -52 -57 -49 -52 -58 -54 -88 5 82 80 25 20 15 10 15 35 35 45 55 16 11 10 5 
11667000 11667065 0 0 0 -4 -22 0 -4 -22 -3 -37 19 82 84 25 20 16 10 16 36 35 45 55 16 9 11 5 
11844500 11844570 0 0 0 6 -14 0 6 -14 7 -27 20 80 79 25 20 16 10 16 36 35 45 55 16 10 10 5 
11860500 11860545 0 0 0 -8 -20 0 -8 -20 -7 -41 12 76 80 25 20 15 10 16 36 35 45 55 16 9 10 5 
11908000 11908031 0 0 0 -9 -25 0 -9 -26 -10 -44 15 78 79 25 20 15 10 15 35 35 45 55 16 10 10 5 
11943000 11943123 0 0 0 14 5 0 15 5 16 -18 10 81 82 25 20 15 10 15 35 35 45 55 16 10 10 5 
11964000 11964142 0 -1 1 -43 -52 -52 -43 -53 -44 -78 9 82 82 25 20 15 10 14 34 35 45 55 16 10 11 5 
11983000 11983110 0 2 1 -110 -119 -114 -109 -119 -108 -142 10 79 77 25 20 15 10 14 34 35 45 55 16 10 10 5 
12002000 12002032 0 -3 1 -51 -72 -50 -51 -73 -50 -84 23 79 82 25 20 15 10 14 34 35 45 55 16 10 10 5 
12027000 12027018 0 0 0 -7 -27 0 -5 -26 -5 -39 22 85 85 25 20 15 10 14 34 35 45 55 16 11 11 5 
12072000 12072124 0 -1 1 -60 -66 -52 -63 -66 -62 -96 4 78 77 25 20 15 10 15 35 35 45 55 16 9 10 5 
12101500 12101504 0 2 1 -103 -106 -94 -103 -105 -103 -137 2 79 79 25 20 15 10 15 35 35 45 55 16 10 10 5 
12116500 12116567 0 -3 1 -59 -70 -49 -58 -69 -58 -92 10 78 77 25 20 15 10 15 35 35 45 55 16 10 10 5 
12142500 12142659 0 0 0 -11 -25 0 -12 -27 -14 -48 13 76 76 25 20 15 10 16 36 35 45 55 16 9 10 5 
12404000 12404088 0 0 0 -5 -16 0 -5 -16 -6 -40 11 77 77 25 20 15 10 16 36 35 45 55 16 10 10 5 
12430500 12431344 0 -1 1 -60 -62 -53 -69 -69 -67 -101 1 82 81 25 20 15 10 15 35 35 45 55 16 2 10 5 
12456500 12456692 0 2 1 -121 -118 -113 -121 -118 -121 -155 -2 74 74 25 20 15 10 15 35 35 45 55 16 10 9 5 
12475500 12475501 0 -3 1 -58 -65 -49 -57 -65 -57 -91 9 73 71 25 20 15 10 16 36 35 45 55 16 9 9 5 
12512000 12512195 0 0 0 -10 -11 0 -7 -9 -7 -41 2 69 67 25 20 15 10 17 37 35 45 55 16 8 9 5 
12596000 12596180 0 0 0 -15 -19 0 -15 -19 -15 -49 4 76 78 25 20 15 10 17 37 35 45 55 16 10 10 5 
12681500 12681574 0 0 0 -1 -10 0 4 -6 3 -31 10 82 78 25 20 15 10 16 36 35 45 55 16 10 10 5 
13038000 13038001 0 0 0 2 -6 0 2 -6 2 -32 7 74 75 25 20 15 10 17 37 35 45 55 16 9 9 5 
13199000 13199094 0 0 0 -3 -5 0 -3 -5 -3 -37 2 74 76 25 20 15 10 17 37 35 45 55 16 9 9 5 
13282000 13282150 0 -1 1 -53 -54 -52 -55 -55 -54 -88 0 75 71 25 20 15 10 15 35 35 45 55 16 9 9 5 
13297000 13297102 0 2 1 -99 -99 -98 -102 -100 -101 -135 -2 73 71 25 20 15 10 15 35 35 45 55 16 9 9 5 
13312000 13312169 0 -3 1 -50 -65 -49 -49 -64 -49 -83 15 73 73 25 20 15 10 15 35 35 45 55 16 9 9 5 
13347000 13347022 0 0 0 -1 0 0 -2 0 0 -34 -1 75 78 25 20 15 10 16 36 35 45 55 16 6 9 5 
13399500 13399575 0 0 0 -5 -8 0 -6 -9 -5 -39 4 73 75 25 20 15 10 17 37 35 45 55 16 9 9 5 
13415500 13415678 0 0 0 -18 -7 0 -15 -5 -14 -48 -9 76 68 25 20 15 10 17 37 35 45 55 16 10 9 5 
13495500 13495521 0 0 0 -23 -17 0 -21 -16 -20 -54 -6 64 63 25 20 15 10 17 37 35 45 55 16 8 8 5 
13576000 13576142 0 0 0 -4 1 0 -5 2 -6 -40 -9 64 65 25 20 15 10 17 37 35 45 55 16 8 8 5 
13724000 13724033 0 0 0 -4 4 0 -1 5 0 -34 -5 67 66 25 20 15 10 17 37 35 45 55 16 8 8 5 
13741000 13741161 0 0 0 -4 -2 0 -3 -3 -3 -37 0 68 70 25 20 15 10 17 37 35 45 55 16 8 9 5 
13902500 13902541 0 -1 1 44 -12 57 34 -21 34 0 55 111 106 25 20 15 10 16 34 35 45 55 16 11 8 5 
13907500 13907519 0 2 1 98 4 111 107 5 107 73 102 95 96 25 20 15 10 16 36 35 45 55 16 12 11 5 
13915500 13915504 0 -3 1 36 -19 50 32 -22 33 -1 53 87 89 25 20 15 10 16 36 35 45 55 16 11 11 5 
13985500 13985511 0 -1 1 -70 -77 -52 -72 -78 -74 -108 5 90 89 25 20 15 10 14 34 35 45 55 16 12 11 5 
14024500 14024561 0 2 1 -181 -170 -161 -185 -171 -185 -219 -15 78 75 25 20 15 10 14 34 35 45 55 16 10 10 5 
14060000 14060171 0 -3 1 -71 -54 -49 -74 -56 -75 -109 -18 77 78 25 20 15 10 14 34 35 45 55 16 10 10 5 
14110500 14110664 0 0 0 -25 -19 0 -24 -18 -23 -57 -6 81 79 25 20 15 10 15 35 35 45 55 16 10 10 5 
14154500 14154631 0 0 0 -12 -35 0 -10 -33 -11 -45 23 76 76 25 20 16 10 16 36 35 45 55 16 10 10 5 
14254500 14254648 0 0 0 16 -4 0 15 -4 16 -18 20 76 77 25 20 16 10 16 36 35 45 55 16 10 10 5 
14308000 14308135 0 0 0 3 -10 0 -1 -14 0 -34 13 73 72 25 20 16 10 16 36 35 45 55 16 9 9 5 
14395500 14395652 0 0 0 5 -9 0 4 -10 5 -29 14 75 72 25 20 16 10 16 36 35 45 55 16 7 9 5 
14416000 14416048 0 0 0 -16 -21 0 -14 -19 -12 -46 7 72 74 25 20 16 10 16 36 35 45 55 16 9 9 5 
14543000 14543052 0 0 0 -13 -16 0 -11 -15 -12 -46 4 71 72 25 20 16 10 16 36 35 45 55 16 9 9 5 
14553500 14553676 0 0 0 -2 -8 0 4 -4 3 -31 7 96 97 25 20 16 10 16 36 35 45 55 16 5 11 5 
14604000 14604190 0 -1 1 -56 -63 -51 -56 -65 -57 -91 9 69 70 25 20 15 10 14 34 35 45 55 16 9 9 5 
14628500 14628556 0 2 1 -114 -108 -107 -116 -108 -117 -151 -8 62 62 25 20 15 10 14 34 35 45 55 16 7 8 5 
14647000 14647225 0 -3 1 -57 -65 -49 -57 -66 -58 -92 9 64 62 25 20 15 10 15 35 35 45 55 16 8 8 5 
14693500 14693594 0 0 0 -11 -10 0 -10 -11 -9 -43 0 65 65 25 20 16 10 18 38 35 45 55 16 8 8 5 
14846000 14846163 0 0 0 4 3 0 5 3 6 -28 3 67 74 25 20 16 10 18 38 35 45 55 16 8 9 5 
14985000 14985172 0 0 0 -14 -20 0 -8 -15 -7 -41 8 69 68 25 20 16 10 18 38 35 45 55 16 8 9 5 
14996000 14996176 0 0 0 9 6 0 8 4 7 -27 3 64 58 25 20 16 10 18 38 35 45 55 16 8 8 5 
15050500 15050719 0 0 0 3 -2 0 3 -3 3 -31 6 62 63 25 20 16 10 17 37 35 45 55 16 8 8 5 
15228000 15228149 0 0 0 -3 -3 0 -3 -3 -1 -35 1 61 62 25 20 16 10 17 37 35 45 55 16 8 8 5 
15283000 15283178 0 0 0 -5 -3 0 -4 -2 -4 -38 -2 67 60 25 20 16 10 17 37 35 45 55 16 8 6 5 
15395500 15395657 0 0 0 -6 0 0 -8 -3 -8 -42 -5 61 62 25 20 16 10 17 37 35 45 55 16 8 8 5 
15454500 15454672 0 -1 1 -50 -35 -53 -51 -36 -51 -85 -15 72 75 25 20 16 10 17 37 35 45 55 16 10 8 5 
15493000 15493034 0 2 1 -116 -97 -124 -116 -97 -114 -148 -18 68 64 25 20 16 10 17 37 35 45 55 16 9 8 5 
15553000 15553020 0 -3 1 -33 -42 -49 -35 -45 -36 -70 10 112 110 25 20 16 10 17 33 35 45 55 16 13 13 5 
15572000 15572094 0 0 0 19 -7 0 17 -9 17 -17 25 107 106 25 20 16 10 17 35 35 45 55 16 14 12 5 
15671500 15671522 0 0 0 7 -44 0 8 -46 8 -26 54 102 102 25 20 16 10 17 35 35 45 55 16 11 11 5 
15776000 15776138 0 0 0 -14 -42 0 -14 -39 -15 -49 24 86 80 25 20 16 10 17 37 35 45 55 16 7 7 5 
15806500 15806560 0 0 0 17 -4 0 17 -6 14 -20 22 85 84 25 20 16 10 15 35 35 45 55 16 10 10 5 
15818000 15818034 0 -1 1 -38 -53 -51 -42 -55 -40 -74 14 89 89 25 20 17 10 15 35 35 45 55 16 11 10 5 
15847000 15847083 0 2 1 -146 -160 -146 -147 -160 -146 -180 15 105 105 25 20 17 10 13 31 35 45 55 16 14 12 5 
15875000 15875095 0 -3 1 -62 -98 -49 -62 -98 -63 -97 36 89 91 25 20 17 10 13 33 35 45 55 16 11 11 5 
15904000 15904072 0 0 0 -25 -40 0 -25 -42 -26 -60 16 93 91 25 20 17 10 13 33 35 45 55 16 12 11 5 
15942000 15942180 0 0 0 6 -46 0 11 -47 9 -25 58 97 96 25 20 17 10 14 34 35 45 55 16 11 11 5 
16019000 16019044 0 0 0 12 -38 0 21 -29 21 -13 50 90 89 25 20 17 10 14 34 35 45 55 16 11 10 5 
16116500 16116606 0 0 0 14 -31 0 11 -33 9 -25 43 101 101 25 20 17 10 14 32 35 45 55 16 13 13 5 
16238500 16238500 0 0 0 15 -29 0 12 -29 13 -21 42 93 90 25 20 17 10 15 35 35 45 55 16 8 10 5 
16280000 16280060 0 -1 1 -51 -70 -53 -54 -74 -55 -89 20 87 86 25 20 17 10 15 35 35 45 55 16 11 11 5 
16306500 16306531 0 2 1 -133 -156 -127 -135 -159 -136 -170 24 91 93 25 20 17 10 15 35 35 45 55 16 10 12 5 
16322500 16322535 0 -3 1 -59 -88 -48 -58 -87 -58 -92 30 86 85 25 20 17 10 15 35 35 45 55 16 11 11 5 
16344500 16344614 0 0 0 -17 -24 0 -19 -22 -18 -52 4 89 89 25 20 17 10 15 35 35 45 55 16 12 9 5 
16407000 16407092 0 0 0 13 -11 0 12 -10 13 -21 22 92 97 25 20 17 10 16 36 35 45 55 16 9 6 5 
16483000 16483130 0 0 0 13 -47 0 12 -48 10 -24 59 107 108 25 20 17 10 16 34 35 45 55 16 13 14 5 
16710000 16710137 0 0 0 8 -28 0 9 -28 10 -24 36 90 89 25 20 17 10 17 37 35 45 55 16 11 11 5 
16839000 16839067 0 -1 1 56 18 51 45 11 46 12 35 110 111 25 20 17 10 17 33 35 45 55 16 13 14 5 
16853500 16854035 0 2 1 133 61 128 145 73 135 101 64 110 110 25 20 17 10 16 32 35 45 55 16 4 3 5 
16857500 16857528 0 -3 1 51 -17 46 48 -16 49 15 64 104 104 25 20 17 10 16 34 35 45 55 16 10 12 5 
16877500 16877576 0 -1 1 -47 -121 -51 -50 -126 -51 -85 77 95 96 25 20 17 10 16 36 35 45 55 16 11 12 5 
16904000 16904136 0 2 1 -175 -178 -178 -182 -178 -183 -217 -5 105 104 25 20 17 10 16 34 35 45 55 16 14 13 5 
17004000 17004304 0 -3 1 -49 -65 -50 -48 -65 -48 -82 16 102 104 25 20 17 10 16 34 35 45 55 16 11 13 5 
17083000 17083084 0 0 0 0 -48 0 -1 -48 0 -34 48 94 95 25 20 17 10 16 36 35 45 55 16 12 12 5 
17271000 17271010 0 -1 1 62 -48 57 65 -55 66 32 120 108 109 25 20 17 10 15 33 35 45 55 16 14 14 5 
17278500 17278636 0 2 1 185 75 180 182 77 181 147 105 102 103 25 20 17 10 15 33 35 45 55 16 13 13 5 
17295500 17295568 0 -3 1 53 -9 47 54 -9 53 19 64 99 99 25 20 17 10 15 35 35 45 55 16 13 13 5 
17309000 17309053 0 -1 1 -46 -109 -53 -39 -105 -37 -71 66 98 99 25 20 17 10 15 35 35 45 55 16 13 13 5 
17451500 17451571 0 2 1 -183 -106 -194 -179 -104 -180 -214 -76 101 102 25 20 17 10 16 34 35 45 55 16 13 11 5 
17492000 17492013 0 -3 1 -37 -69 -50 -33 -62 -35 -69 28 99 99 25 20 17 10 16 36 35 45 55 16 13 12 5 
17572500 17572616 0 0 0 15 -50 0 14 -50 15 -19 64 96 97 25 20 17 10 16 36 35 45 55 16 12 12 5 
17645000 17645035 0 -1 1 -41 -151 -53 -42 -150 -44 -78 106 105 103 25 20 17 10 15 33 35 45 55 16 14 13 5 
17666500 17666580 0 2 1 -178 -212 -189 -180 -210 -181 -215 30 108 111 25 20 17 10 15 31 35 45 55 16 14 14 5 
17777500 17777525 0 -3 1 -42 -73 -48 -46 -77 -47 -81 31 101 102 25 20 17 10 16 34 35 45 55 16 13 13 5 
17827500 17827609 0 0 0 4 -49 0 5 -48 4 -30 52 93 90 25 20 17 10 16 36 35 45 55 16 12 12 5 
17995500 17995607 0 -1 1 -45 -116 -53 -36 -121 -36 -70 84 113 109 25 20 17 10 16 34 35 45 55 16 14 15 5 
18010500 18010508 0 2 1 -95 -151 -104 -100 -154 -100 -134 54 138 139 25 20 17 10 16 31 35 45 55 16 18 17 5 
18016000 18016046 0 -3 1 -41 -146 -50 -42 -146 -43 -77 103 140 144 25 20 17 10 16 31 35 45 55 16 19 17 5 
18045500 18045625 0 -1 1 -47 -97 -56 -59 -108 -60 -94 48 108 109 25 20 17 10 16 34 35 45 55 16 9 12 5 
18058000 18058116 0 2 1 -98 -111 -107 -104 -114 -105 -139 10 116 120 25 20 17 10 16 31 35 45 55 16 11 15 5 
18118000 18118045 0 -3 1 -38 -87 -48 -42 -89 -42 -76 47 102 102 25 20 17 10 16 34 35 45 55 16 13 13 5 
18184500 18184655 0 0 0 12 -76 0 11 -75 12 -22 86 96 98 25 20 17 10 16 36 35 45 55 16 12 12 5 
18211500 18211639 0 -1 1 -41 -96 -52 -45 -96 -45 -79 51 101 104 25 20 17 10 16 34 35 45 55 16 13 13 5 
18237500 18237645 0 2 1 -121 -172 -131 -123 -172 -124 -158 48 98 94 25 20 17 10 16 36 35 45 55 16 11 12 5 
18279500 18279500 0 -3 1 -41 -80 -49 -48 -80 -48 -82 33 99 100 25 20 17 10 16 34 35 45 55 16 10 13 5 
18412000 18412515 0 0 0 3 -98 0 1 -98 0 -34 99 105 108 25 20 17 10 15 33 35 45 55 16 10 7 5 
18426000 18426059 0 -1 1 -53 -111 -56 -47 -108 -47 -81 61 96 93 25 20 17 10 15 35 35 45 55 16 12 12 5 
18459000 18459153 0 2 1 -106 -116 -109 -100 -113 -101 -135 12 99 96 25 20 17 10 15 35 35 45 55 16 13 12 5 
18485000 18485132 0 -3 1 -41 -98 -45 -33 -97 -24 -58 71 111 109 25 20 17 10 16 34 35 45 55 16 14 14 5 
18602000 18602112 0 0 0 6 -67 0 4 -69 5 -29 73 96 99 25 20 17 10 15 35 35 45 55 16 10 12 5 
18616500 18616529 0 -1 1 -45 -102 -50 -42 -102 -43 -77 60 99 97 25 20 17 10 15 35 35 45 55 16 12 13 5 
18648500 18648592 0 2 1 -184 -196 -186 -187 -195 -189 -223 5 116 115 25 20 17 10 14 30 35 45 55 16 15 15 5 
18750000 18750052 0 -3 1 -57 -78 -47 -50 -71 -50 -84 21 98 97 25 20 17 10 16 36 35 45 55 16 13 9 5 
18771500 18771643 0 0 0 -11 -58 0 -4 -53 -3 -37 50 91 90 25 20 17 10 16 36 35 45 55 16 12 11 5 
18976000 18976079 0 0 0 -1 -88 0 -8 -91 -7 -41 82 105 103 25 20 17 10 14 32 35 45 55 16 13 10 5 
18989000 18989145 0 -1 1 -58 -140 -57 -75 -149 -75 -109 75 99 100 25 20 17 10 14 32 35 45 55 16 12 9 5 
19024500 19024943 0 2 1 -155 -158 -154 -158 -161 -157 -191 3 117 120 25 20 17 10 14 29 35 45 55 16 11 6 5 
19060500 19060644 0 -3 1 -49 -54 -48 -43 -56 -42 -76 14 99 96 25 20 17 10 14 34 35 45 55 16 7 10 5 
19229000 19229087 0 0 0 -1 -37 0 -5 -39 -4 -38 35 89 89 25 20 17 10 15 35 35 45 55 16 11 11 5 
19298500 19298555 0 0 0 4 -31 0 2 -32 2 -32 35 92 90 25 20 17 10 16 36 35 45 55 16 11 11 5 
19438000 19438157 0 0 0 15 -6 0 19 -3 19 -15 23 88 87 25 20 17 10 15 35 35 45 55 16 10 11 5 
19521500 19521591 0 -1 1 -45 -85 -54 -45 -86 -44 -78 42 91 86 25 20 17 10 14 34 35 45 55 16 12 11 5 
19556000 19556008 0 2 1 -86 -92 -92 -84 -91 -84 -118 7 94 97 25 20 17 10 14 34 35 45 55 16 12 12 5 
19590500 19590562 0 -3 1 -45 -63 -48 -44 -62 -45 -79 18 93 93 25 20 17 10 15 35 35 45 55 16 12 9 5 
19635000 19635155 0 0 0 1 -35 0 -2 -36 -3 -37 33 88 88 25 20 17 10 16 36 35 45 55 16 11 10 5 
19724000 19724124 0 -1 1 -46 -125 -51 -40 -126 -39 -73 87 99 99 25 20 17 10 14 34 35 45 55 16 12 12 5 
19739000 19739053 0 2 1 -120 -166 -126 -121 -167 -121 -155 46 87 87 25 20 17 10 14 34 35 45 55 16 11 11 5 
19781500 19781537 0 -3 1 -41 -45 -49 -42 -47 -43 -77 4 87 88 25 20 17 10 15 35 35 45 55 16 11 10 5 
19869500 19869642 0 0 0 12 -31 0 13 -31 11 -23 43 89 90 25 20 17 10 16 36 35 45 55 16 11 11 5 
20103500 20103673 0 0 0 14 -38 0 20 -37 21 -13 57 89 86 25 20 17 10 16 36 35 45 55 16 11 11 5 
20181500 20181550 0 -1 1 -51 -116 -60 -56 -127 -58 -92 71 99 98 25 20 17 10 15 35 35 45 55 16 6 13 5 
20205000 20205110 0 2 1 -149 -174 -156 -149 -172 -147 -181 24 103 109 25 20 17 10 14 32 35 45 55 16 13 13 5 
20250500 20251736 0 -3 1 -44 -36 -48 -35 -32 -36 -70 -4 90 94 25 20 17 10 16 36 35 45 55 16 4 9 5 
20429000 20429027 0 0 0 -9 -72 0 -1 -69 -3 -37 68 88 86 25 20 17 10 16 36 35 45 55 16 11 11 5 
20499500 20499581 0 0 0 0 -40 0 1 -42 1 -33 43 100 103 25 20 17 10 16 34 35 45 55 16 2 13 5 
20513500 20513532 0 0 0 57 -9 0 57 -9 56 22 66 92 93 25 20 17 10 16 36 35 45 55 16 11 12 5 
20537500 20537853 0 -1 1 0 -58 -51 -7 -60 -6 -40 52 91 91 25 20 17 10 16 36 35 45 55 16 6 10 5 
20554500 20554521 0 2 1 -66 -102 -113 -66 -101 -64 -98 36 87 87 25 20 17 10 16 36 35 45 55 16 11 11 5 
20567500 20567611 0 -3 1 -6 -60 -49 -8 -62 -8 -42 54 90 89 25 20 17 10 16 36 35 45 55 16 12 11 5 
20627000 20627030 0 0 0 29 -11 0 30 -12 29 -5 41 85 87 25 20 17 10 16 36 35 45 55 16 11 11 5 
49500 49623 1 0 -1 0 0 0 0 0 0 129 0 67 67 25 20 17 10 15 35 35 45 55 16 9 8 5 
80500 80712 1 0 0 22 -47 0 23 -47 18 137 71 69 70 25 20 17 10 15 35 35 45 55 16 9 8 5 
94000 94154 1 -1 1 -32 -88 -50 -26 -82 -31 88 55 69 68 25 20 17 10 15 35 35 45 55 16 9 9 5 
134000 134088 1 2 1 -111 -156 -119 -105 -150 -110 9 45 71 69 25 20 17 10 15 35 35 45 55 16 9 9 5 
162500 162568 1 -3 1 -48 -109 -49 -42 -104 -46 73 62 68 66 25 20 17 10 15 35 35 45 55 16 9 8 5 
178000 178070 1 0 0 -2 -67 0 3 -60 -1 118 63 70 68 25 20 17 10 15 35 35 45 55 16 9 9 5 
237000 237053 1 0 0 12 -44 0 18 -38 10 129 53 67 68 25 20 17 10 15 35 35 45 55 16 8 8 5 
268000 268048 1 0 0 18 -50 0 15 -50 11 130 65 81 82 25 20 17 10 15 35 35 45 55 16 10 10 5 
278500 278649 1 0 0 50 -37 0 56 -32 52 171 88 76 76 25 20 17 10 15 35 35 45 55 16 10 10 5 
385500 385540 1 -1 1 -20 -99 -58 -12 -93 -18 101 81 94 91 25 20 16 10 15 35 35 45 55 16 11 12 5 
512000 512085 1 2 1 -221 -301 -246 -218 -298 -221 -102 81 94 92 25 20 17 10 15 35 35 45 55 16 12 11 5 
576500 576609 1 -3 1 -30 -65 -49 -17 -53 -23 96 36 81 83 25 20 16 10 15 35 35 45 55 16 8 10 5 
652500 652585 1 0 0 11 -66 0 19 -59 15 134 79 75 73 25 20 16 10 15 35 35 45 55 16 10 10 5 
986500 986521 1 0 0 8 -63 0 11 -59 6 125 70 70 69 25 20 16 10 15 35 35 45 55 16 9 9 5 
1047500 1047513 1 -1 1 -44 -112 -51 -39 -107 -45 74 67 90 90 25 20 16 10 15 35 35 45 55 16 11 12 5 
1077000 1077103 1 2 1 -98 -157 -104 -95 -154 -100 19 58 80 79 25 20 16 10 15 35 35 45 55 16 10 9 5 
1092000 1092151 1 -3 1 -41 -114 -46 -35 -106 -40 79 71 94 97 25 20 16 10 15 35 35 45 55 16 10 10 5 
1118500 1118585 1 -1 1 -45 -113 -50 -41 -107 -47 72 65 75 79 25 20 16 10 15 35 35 45 55 16 9 10 5 
1167500 1167508 1 2 1 -103 -173 -106 -97 -168 -102 17 69 69 68 25 20 16 10 15 35 35 45 55 16 9 9 5 
1186500 1186535 1 -3 1 -43 -115 -45 -40 -109 -44 75 69 82 85 25 20 16 10 15 35 35 45 55 16 10 10 5 
1209500 1209567 1 0 0 2 -66 0 4 -65 -3 116 67 71 71 25 20 16 10 15 35 35 45 55 16 9 9 5 
1298000 1298004 1 0 0 56 -43 0 63 -38 58 177 101 76 75 25 20 16 10 15 35 35 45 55 16 9 10 5 
1303500 1303651 1 -1 1 1 -78 -56 4 -75 0 119 80 74 75 25 20 16 10 15 35 35 45 55 16 9 9 5 
1336000 1336078 1 2 1 -103 -123 -164 -102 -122 -108 11 20 100 102 25 20 16 10 15 33 35 45 55 16 11 13 5 
1343500 1343533 1 -3 1 19 -62 -44 32 -53 28 147 86 94 96 25 20 16 10 15 35 35 45 55 16 12 8 5 
1349500 1349643 1 0 0 63 -53 0 85 -32 81 200 118 85 86 25 20 16 10 15 35 35 45 55 16 9 8 5 
1377000 1377111 1 0 0 9 -76 0 15 -68 11 130 84 79 78 25 20 16 10 15 35 35 45 55 16 9 10 5 
1503500 1503554 1 -1 1 -44 -150 -51 -44 -150 -48 71 106 82 88 25 20 16 10 15 35 35 45 55 16 8 10 5 
1537000 1537050 1 2 1 -136 -202 -142 -140 -204 -144 -25 63 76 74 25 20 16 10 15 35 35 45 55 16 8 9 5 
1553500 1553660 1 -3 1 -42 -120 -48 -35 -115 -40 79 79 74 75 25 20 16 10 15 35 35 45 55 16 9 9 5 
1589000 1589092 1 0 0 6 -66 0 13 -60 9 128 73 79 74 25 20 16 10 15 35 35 45 55 16 11 10 5 
1660500 1660584 1 0 0 45 -63 0 51 -57 48 167 110 79 80 25 20 16 10 15 35 35 45 55 16 10 10 5 
1705500 1705607 1 0 0 33 -68 0 39 -61 35 154 100 78 77 25 20 16 10 15 35 35 45 55 16 10 10 5 
1753000 1753043 1 0 0 0 -92 0 5 -85 -1 118 91 79 77 25 20 16 10 15 35 35 45 55 16 9 7 5 
1807500 1807546 1 0 0 -29 -102 0 -27 -99 -31 88 73 79 77 25 20 16 10 15 35 35 45 55 16 10 10 5 
1867500 1867636 1 0 0 -2 -101 0 2 -97 -2 117 100 78 77 25 20 16 10 15 35 35 45 55 16 10 10 5 
1936000 1936089 1 0 0 3 -80 0 9 -73 6 125 82 76 77 25 20 16 10 15 35 35 45 55 16 10 9 5 
2028500 2028638 1 0 0 3 -72 0 8 -67 2 121 75 73 70 25 20 16 10 15 35 35 45 55 16 9 9 5 
2067000 2067158 1 0 0 25 -58 0 31 -53 25 144 83 76 75 25 20 16 10 15 35 35 45 55 16 10 6 5 
2123500 2123719 1 0 0 34 -47 0 38 -41 32 151 78 69 68 25 20 16 10 15 35 35 45 55 16 9 9 5 
2139500 2139637 1 0 0 -4 -82 0 1 -77 -4 115 79 80 79 25 20 16 10 15 35 35 45 55 16 10 10 5 
2251000 2251104 1 0 0 36 -50 0 40 -46 36 155 86 80 80 25 20 16 10 15 35 35 45 55 16 10 10 5 
2445000 2445089 1 0 0 43 -40 0 50 -33 46 165 85 72 76 25 20 16 10 15 35 35 45 55 16 9 8 5 
2508000 2508070 1 0 0 29 -54 0 31 -52 26 145 81 73 74 25 20 16 10 15 35 35 45 55 16 9 9 5 
2577000 2577129 1 0 0 26 -52 0 32 -45 28 147 76 77 76 25 20 16 10 15 35 35 45 55 16 10 3 5 
2606000 2606124 1 -1 1 -26 -109 -51 -20 -104 -24 95 84 73 70 25 20 16 10 15 35 35 45 55 16 9 9 5 
2646500 2646595 1 2 1 -110 -179 -132 -103 -172 -108 11 70 83 83 25 20 16 10 15 35 35 45 55 16 9 9 5 
2668000 2668401 1 -3 1 -28 -114 -50 -23 -107 -27 92 85 78 81 25 20 16 10 15 35 35 45 55 16 7 5 5 
2686000 2686083 1 0 0 21 -52 0 27 -45 21 140 72 74 75 25 20 16 10 15 35 35 45 55 16 9 9 5 
2762500 2762662 1 0 0 12 -63 0 19 -58 13 132 76 71 68 25 20 16 10 15 35 35 45 55 16 9 9 5 
2789000 2789038 1 0 0 11 -65 0 22 -55 17 136 79 75 72 25 20 16 10 15 35 35 45 55 16 9 9 5 
2801000 2801101 1 0 0 41 -52 0 49 -46 45 164 97 78 80 25 20 16 10 15 35 35 45 55 16 5 9 5 
2805500 2805580 1 -1 1 -15 -79 -59 -10 -72 -15 104 61 86 85 25 20 16 10 15 35 35 45 55 16 9 11 5 
2819000 2819062 1 2 1 -74 -120 -127 -69 -112 -74 45 42 101 102 25 20 16 10 15 33 35 45 55 16 13 12 5 
2826500 2826503 1 -3 1 13 -65 -45 28 -57 23 142 87 99 99 25 20 16 10 15 35 35 45 55 16 11 12 5 
2832500 2832625 1 0 0 61 -61 0 67 -56 64 183 124 88 90 25 20 16 10 15 35 35 45 55 16 11 11 5 
2838500 2838577 1 13 0 36 -72 15 38 -71 34 153 108 88 85 25 20 16 10 15 35 35 45 55 16 8 10 5 
2843500 2843563 1 0 0 -12 -92 0 -5 -85 -10 109 81 85 91 25 20 16 10 15 35 35 45 55 16 10 8 5 
2874500 2874682 1 0 0 -3 -71 0 5 -64 0 119 68 69 68 25 20 16 10 15 35 35 45 55 16 9 8 5 
2989500 2989565 1 0 0 4 -57 0 8 -53 5 124 62 68 66 25 20 16 10 15 35 35 45 55 16 8 9 5 
3008000 3008022 1 -1 1 -51 -95 -53 -47 -88 -52 67 41 73 68 25 20 16 10 15 35 35 45 55 16 10 9 5 
3032000 3032109 1 2 1 -114 -136 -114 -109 -129 -115 4 20 78 77 25 20 16 10 15 35 35 45 55 16 10 10 5 
3068000 3068168 1 -3 1 -52 -93 -48 -44 -87 -50 69 42 75 74 25 20 16 10 15 35 35 45 55 16 9 10 5 
3079500 3079588 1 0 0 -5 -57 0 1 -50 -4 115 51 69 72 25 20 16 10 15 35 35 45 55 16 9 9 5 
3184000 3184200 1 0 0 -10 -59 0 -5 -54 -11 108 49 68 69 25 20 16 10 15 35 35 45 55 16 8 8 5 
3197000 3197171 1 -1 1 -64 -110 -51 -61 -106 -65 54 46 68 67 25 20 16 10 15 35 35 45 55 16 9 9 5 
3221500 3221563 1 2 1 -106 -152 -89 -100 -146 -105 14 47 68 69 25 20 16 10 15 35 35 45 55 16 9 9 5 
3241500 3241673 1 -3 1 -67 -113 -48 -59 -105 -64 55 48 69 67 25 20 16 10 15 35 35 45 55 16 9 9 5 
3260500 3260694 1 0 0 -22 -64 0 -15 -58 -21 98 41 68 68 25 20 16 10 15 35 35 45 55 16 8 9 5 
3449000 3449100 1 0 0 -5 -58 0 -2 -54 -6 113 54 70 68 25 20 16 10 15 35 35 45 55 16 9 9 5 
3454000 3454061 1 13 0 -46 -82 -4 -39 -75 -45 74 36 79 82 25 20 16 10 15 35 35 45 55 16 8 10 5 
3461500 3461660 1 0 0 -97 -122 0 -89 -115 -93 26 26 70 75 25 20 16 10 15 35 35 45 55 16 9 9 5 
3572500 3572506 1 0 0 -116 -130 0 -110 -124 -116 3 13 66 67 25 20 16 10 15 35 35 45 55 16 8 8 5 
3580500 3580557 1 13 0 -78 -110 -2 -74 -106 -79 40 32 73 69 25 20 16 10 15 35 35 45 55 16 9 8 5 
3583000 3583083 1 0 0 -64 -95 0 -58 -88 -64 55 28 77 82 25 20 16 10 15 35 35 45 55 16 8 10 5 
3619000 3619046 1 0 0 -42 -83 0 -20 -67 -26 93 46 69 67 25 20 16 10 15 35 35 45 55 16 8 7 5 
3624000 3624056 1 13 0 -87 -114 -19 -90 -114 -96 23 24 69 70 25 20 16 10 15 35 35 45 55 16 9 8 5 
3630000 3630096 1 0 0 -99 -115 0 -103 -116 -107 12 13 70 71 25 20 16 10 15 35 35 45 55 16 9 9 5 
3669000 3669100 1 0 0 -102 -122 0 -96 -116 -100 19 20 66 67 25 20 16 10 15 35 35 45 55 16 8 5 5 
3672500 3672706 1 13 0 -75 -111 5 -63 -101 -67 52 38 71 70 25 20 16 10 15 35 35 45 55 16 6 6 5 
3677000 3677064 1 0 0 -51 -83 0 -49 -79 -53 66 30 73 72 25 20 16 10 15 35 35 45 55 16 10 9 5 
3717000 3717016 1 -1 1 -108 -140 -53 -108 -138 -114 5 29 80 77 25 20 16 10 14 34 35 45 55 16 9 10 5 
3760000 3760042 1 2 1 -317 -322 -258 -321 -325 -327 -208 4 107 107 25 20 16 10 13 31 35 45 55 16 13 14 5 
3807000 3807086 1 -3 1 -112 -144 -49 -107 -139 -111 8 34 66 67 25 20 16 10 14 34 35 45 55 16 8 8 5 
3863500 3863584 1 0 0 -68 -107 0 -64 -103 -69 50 38 66 66 25 20 16 10 15 35 35 45 55 16 8 8 5 
3921500 3921571 1 0 0 2 -53 0 11 -42 7 126 53 67 67 25 20 16 10 16 36 35 45 55 16 7 8 5 
4014500 4014584 1 0 0 -6 -63 0 5 -57 0 119 62 65 68 25 20 16 10 15 35 35 45 55 16 8 8 5 
4028500 4028536 1 0 0 -93 -119 0 -116 -135 -122 -3 18 73 74 25 20 16 10 15 35 35 45 55 16 8 9 5 
4125000 4125088 1 0 0 -107 -132 0 -103 -128 -108 11 24 68 69 25 20 16 10 15 35 35 45 55 16 9 9 5 
4133000 4133321 1 13 0 -17 -72 19 3 -59 -1 118 63 78 78 25 20 16 10 15 35 35 45 55 16 9 10 5 
4137000 4137074 1 0 0 0 -66 0 13 -54 8 127 66 73 70 25 20 16 10 15 35 35 45 55 16 9 9 5 
4156000 4156090 1 -1 1 -57 -96 -57 -53 -86 -58 61 32 88 86 25 20 16 10 15 35 35 45 55 16 8 9 5 
4171000 4171082 1 2 1 -119 -132 -117 -103 -119 -107 12 15 105 105 25 20 16 10 15 33 35 45 55 16 9 9 5 
4182500 4182502 1 -3 1 -52 -110 -50 -42 -103 -47 72 62 101 101 25 20 16 10 15 33 35 45 55 16 10 11 5 
4232000 4232047 1 -1 1 -57 -115 -53 -49 -109 -53 66 60 92 91 25 20 16 10 15 35 35 45 55 16 9 10 5 
4237000 4237063 1 2 1 -131 -145 -127 -131 -143 -136 -17 11 98 96 25 20 16 10 15 35 35 45 55 16 12 11 5 
4245500 4245620 1 -3 1 -52 -119 -48 -43 -114 -48 71 71 95 96 25 20 16 10 15 35 35 45 55 16 11 12 5 
4255500 4255956 1 -1 1 -56 -141 -52 -60 -141 -65 54 81 96 99 25 20 16 10 15 35 35 45 55 16 7 12 5 
4307500 4307630 1 2 1 -249 -280 -242 -246 -276 -250 -131 32 93 98 25 20 16 10 15 35 35 45 55 16 12 12 5 
4362500 4362593 1 -3 1 -58 -97 -49 -56 -94 -62 57 38 79 75 25 20 16 10 15 35 35 45 55 16 10 10 5 
4409000 4409028 1 0 0 -10 -88 0 -1 -79 -6 113 77 80 77 25 20 16 10 15 35 35 45 55 16 10 5 5 
4579500 4579508 1 0 0 -1 -82 0 6 -74 1 120 79 75 73 25 20 16 10 15 35 35 45 55 16 9 10 5 
4691500 4691650 1 0 0 1 -96 0 7 -90 1 120 97 92 91 25 20 16 10 15 35 35 45 55 16 8 9 5 
4699500 4699685 1 -1 1 -60 -138 -59 -60 -127 -65 54 67 96 98 25 20 16 10 15 35 35 45 55 16 8 10 5 
4752000 4752278 1 2 1 -229 -263 -210 -234 -263 -238 -119 30 92 90 25 20 16 10 15 35 35 45 55 16 10 10 5 
4768000 4768124 1 -3 1 -74 -142 -49 -68 -136 -72 47 68 85 83 25 20 16 10 15 35 35 45 55 16 11 10 5 
4776500 4776516 1 0 0 -27 -98 0 -17 -89 -23 96 71 76 72 25 20 16 10 15 35 35 45 55 16 8 9 5 
4879500 4879571 1 0 0 -35 -106 0 -30 -100 -36 83 70 77 75 25 20 16 10 15 35 35 45 55 16 10 10 5 
4913000 4913171 1 0 0 16 -77 0 24 -67 20 139 91 79 74 25 20 16 10 15 35 35 45 55 16 8 8 5 
5032500 5032554 1 0 0 26 -67 0 34 -60 29 148 95 84 86 25 20 16 10 15 35 35 45 55 16 11 11 5 
5095000 5095254 1 -1 1 -37 -87 -50 -36 -81 -40 79 46 101 101 25 20 16 10 15 33 35 45 55 16 10 9 5 
5098500 5098605 1 2 1 -110 -129 -122 -108 -125 -113 6 17 110 112 25 20 16 10 15 31 35 45 55 16 14 14 5 
5121500 5121615 1 -3 1 -39 -129 -47 -30 -123 -34 85 93 108 109 25 20 16 10 15 33 35 45 55 16 14 11 5 
5129000 5129114 1 -1 1 -44 -135 -50 -36 -128 -42 77 91 105 106 25 20 16 10 15 33 35 45 55 16 7 13 5 
5154500 5154532 1 2 1 -121 -171 -122 -123 -170 -128 -9 47 112 110 25 20 16 10 15 31 35 45 55 16 15 13 5 
5158500 5158854 1 -3 1 -45 -152 -45 -31 -139 -36 83 109 105 101 25 20 16 10 15 33 35 45 55 16 7 10 5 
5168000 5168497 1 -1 1 -63 -153 -62 -77 -151 -81 38 74 103 105 25 20 16 10 15 33 35 45 55 16 6 10 5 
5172000 5172063 1 2 1 -173 -224 -171 -176 -223 -182 -63 45 109 110 25 20 16 10 15 31 35 45 55 16 14 14 5 
5242500 5242569 1 -3 1 -58 -161 -41 -54 -154 -59 60 100 105 109 25 20 16 10 15 33 35 45 55 16 12 13 5 
5271500 5271575 1 -1 1 -77 -161 -55 -70 -151 -76 43 79 100 101 25 20 16 10 15 33 35 45 55 16 12 13 5 
5287000 5287041 1 2 1 -180 -217 -154 -181 -216 -185 -66 35 120 123 25 20 16 10 15 30 35 45 55 16 15 13 5 
5296000 5296095 1 -3 1 -73 -179 -45 -73 -169 -78 41 96 113 114 25 20 16 10 15 31 35 45 55 16 11 13 5 
5329000 5329051 1 -1 1 -87 -160 -52 -82 -154 -87 32 73 101 101 25 20 16 10 15 33 35 45 55 16 12 13 5 
5353000 5353063 1 2 1 -189 -223 -150 -189 -221 -192 -73 33 122 123 25 20 16 10 15 30 35 45 55 16 13 15 5 
5361000 5361019 1 -3 1 -84 -190 -44 -73 -183 -79 40 110 117 115 25 20 16 10 15 31 35 45 55 16 15 15 5 
5441000 5441114 1 0 0 -57 -170 0 -48 -162 -53 66 114 94 95 25 20 16 10 15 35 35 45 55 16 12 12 5 
5507000 5507046 1 -1 1 -107 -255 -51 -100 -250 -104 15 150 108 108 25 20 16 10 15 33 35 45 55 16 11 14 5 
5571500 5571529 1 2 1 -357 -368 -301 -354 -363 -360 -241 7 100 101 25 20 16 10 15 33 35 45 55 16 13 13 5 
5713000 5713113 1 -3 1 -101 -215 -46 -91 -206 -96 23 116 106 106 25 20 16 10 15 33 35 45 55 16 14 13 5 
5809000 5809098 1 -1 1 -106 -243 -52 -97 -235 -102 17 138 97 96 25 20 16 10 15 35 35 45 55 16 12 13 5 
5927000 5927115 1 2 1 -398 -432 -345 -393 -427 -398 -279 34 122 125 25 20 16 10 13 28 35 45 55 16 15 16 5 
6136500 6136605 1 -3 1 -99 -223 -48 -92 -217 -96 23 125 104 103 25 20 16 10 15 33 35 45 55 16 14 13 5 
6180000 6180007 1 0 0 -51 -208 0 -44 -202 -49 70 159 95 94 25 20 16 10 15 35 35 45 55 16 12 12 5 
6183500 6183609 1 -1 1 -114 -227 -63 -125 -225 -131 -12 99 101 102 25 20 16 10 14 32 35 45 55 16 12 13 5 
6270500 6270613 1 2 1 -422 -491 -374 -414 -484 -419 -300 71 121 122 25 20 17 10 13 28 35 45 55 16 15 15 5 
6471000 6471063 1 -3 1 -88 -245 -49 -103 -242 -108 11 139 102 100 25 20 17 10 13 31 35 45 55 16 13 12 5 
6510000 6510055 1 0 0 -37 -187 0 -28 -180 -33 86 153 92 91 25 20 17 10 14 34 35 45 55 16 12 12 5 
6515500 6515592 1 -1 1 -91 -204 -54 -58 -198 -64 55 139 103 97 25 20 17 10 14 34 35 45 55 16 10 13 5 
6523500 6523602 1 2 1 -134 -222 -98 -137 -216 -143 -24 79 108 110 25 20 17 10 14 30 35 45 55 16 13 14 5 
6527000 6527001 1 -3 1 -81 -204 -45 -74 -191 -80 39 117 103 103 25 20 17 10 14 32 35 45 55 16 9 13 5 
6536000 6536091 1 -1 1 -94 -207 -60 -93 -205 -97 22 115 105 105 25 20 17 10 14 32 35 45 55 16 12 13 5 
6543500 6543524 1 2 1 -142 -216 -108 -137 -212 -142 -23 76 111 115 25 20 17 10 14 30 35 45 55 16 9 14 5 
6548000 6548051 1 -3 1 -84 -196 -50 -75 -187 -81 38 110 107 106 25 20 17 10 14 32 35 45 55 16 13 5 5 
6585500 6585500 1 -1 1 -91 -184 -61 -87 -176 -91 28 90 103 103 25 20 17 10 15 33 35 45 55 16 10 13 5 
6589500 6589612 1 2 1 -169 -224 -139 -172 -221 -178 -59 48 110 110 25 20 17 10 15 31 35 45 55 16 14 14 5 
6600500 6600545 1 -3 1 -69 -169 -40 -57 -165 -63 56 108 109 106 25 20 17 10 15 33 35 45 55 16 8 12 5 
6645000 6645002 1 -1 1 -79 -168 -54 -78 -160 -82 37 83 102 105 25 20 17 10 15 33 35 45 55 16 13 13 5 
6657000 6657071 1 2 1 -143 -215 -120 -141 -213 -146 -27 73 117 118 25 20 17 10 15 31 35 45 55 16 12 15 5 
6669000 6669044 1 -3 1 -64 -206 -42 -83 -203 -87 32 120 111 111 25 20 17 10 15 31 35 45 55 16 15 14 5 
6684000 6684081 1 -1 1 -75 -267 -54 -81 -256 -86 33 174 99 101 25 20 17 10 15 33 35 45 55 16 8 13 5 
6878500 6878619 1 2 1 -362 -448 -360 -367 -443 -371 -252 77 109 111 25 20 17 10 14 30 35 45 55 16 10 14 5 
6977000 6977051 1 -3 1 -40 -174 -47 -53 -168 -58 61 115 98 101 25 20 17 10 15 33 35 45 55 16 13 12 5 
7009000 7009073 1 0 0 10 -142 0 18 -137 13 132 154 94 92 25 20 17 10 16 36 35 45 55 16 12 12 5 
7061000 7061101 1 -1 1 -48 -177 -52 -39 -172 -42 77 134 95 91 25 20 17 10 15 35 35 45 55 16 12 12 5 
7145500 7145560 1 2 1 -332 -407 -324 -337 -405 -340 -221 68 101 103 25 20 17 10 14 32 35 45 55 16 13 13 5 
7266500 7266573 1 -3 1 -70 -173 -48 -67 -171 -69 50 106 91 90 25 20 17 10 15 35 35 45 55 16 11 11 5 
7298500 7298641 1 0 0 -26 -155 0 -18 -149 -24 95 130 90 88 25 20 17 10 16 36 35 45 55 16 11 12 5 
7351000 7351088 1 0 0 -18 -137 0 -11 -130 -16 103 119 95 95 25 20 17 10 16 36 35 45 55 16 12 12 5 
7390500 7390521 1 0 0 11 -129 0 21 -120 17 136 142 92 93 25 20 17 10 15 35 35 45 55 16 12 8 5 
7411500 7411564 1 -1 1 -41 -200 -52 -36 -197 -41 78 160 93 92 25 20 17 10 15 35 35 45 55 16 11 11 5 
7469000 7469107 1 2 1 -334 -371 -341 -339 -373 -344 -225 34 112 113 25 20 17 10 14 30 35 45 55 16 15 14 5 
7540000 7540035 1 -3 1 -45 -132 -49 -39 -126 -44 75 87 87 85 25 20 17 10 16 36 35 45 55 16 10 11 5 
7586500 7586612 1 0 0 2 -121 0 8 -115 5 124 123 85 81 25 20 17 10 16 36 35 45 55 16 11 11 5 
7786000 7786005 1 0 0 14 -123 0 24 -114 18 137 137 92 90 25 20 17 10 16 36 35 45 55 16 12 12 5 
7809000 7809145 1 -1 1 -45 -185 -56 -25 -177 -29 90 152 99 97 25 20 17 10 16 36 35 45 55 16 11 12 5 
7867000 7867014 1 2 1 -360 -389 -361 -357 -385 -361 -242 27 124 127 25 20 17 10 14 29 35 45 55 16 16 16 5 
7976500 7976566 1 -3 1 -63 -174 -46 -62 -165 -65 54 103 101 101 25 20 17 10 15 33 35 45 55 16 8 12 5 
8004500 8004669 1 0 0 -21 -146 0 -14 -142 -19 100 127 97 99 25 20 17 10 15 35 35 45 55 16 9 11 5 
8009500 8009763 1 -1 1 -65 -156 -56 -69 -153 -75 44 83 102 108 25 20 17 10 15 33 35 45 55 16 8 12 5 
8016000 8016005 1 2 1 -139 -195 -146 -136 -191 -140 -21 55 112 111 25 20 17 10 15 31 35 45 55 16 13 15 5 
8023000 8023121 1 -3 1 -21 -153 -45 -18 -142 -24 95 125 112 113 25 20 17 10 16 32 35 45 55 16 9 11 5 
8041000 8041001 1 0 0 69 -125 0 74 -121 69 188 195 95 94 25 20 17 10 16 36 35 45 55 16 12 12 5 
8053000 8053140 1 0 0 12 -135 0 23 -127 18 137 151 97 96 25 20 17 10 16 36 35 45 55 16 12 12 5 
8084000 8084105 1 0 0 22 -143 0 36 -139 33 152 177 97 99 25 20 17 10 16 36 35 45 55 16 13 12 5 
8106000 8106130 1 -1 1 -34 -142 -59 -25 -137 -30 89 113 101 99 25 20 17 10 15 35 35 45 55 16 11 13 5 
8226500 8226558 1 2 1 -243 -322 -285 -239 -321 -243 -124 83 95 97 25 20 17 10 14 34 35 45 55 16 12 13 5 
8257000 8257158 1 -3 1 0 -89 -47 8 -83 4 123 90 91 95 25 20 16 10 15 35 35 45 55 16 11 7 5 
8324000 8324111 1 0 0 57 -61 0 62 -57 58 177 119 87 89 25 20 16 10 16 36 35 45 55 16 11 11 5 
8362500 8362517 1 0 0 99 -45 0 106 -38 101 220 144 87 83 25 20 16 10 16 36 35 45 55 16 9 11 5 
8451000 8451419 1 0 0 124 -24 0 122 -22 118 237 145 94 93 25 20 16 10 16 36 35 45 55 16 9 12 5 
8634500 8634557 1 0 0 94 -55 0 103 -50 98 217 153 100 99 25 20 16 10 16 36 35 45 55 16 13 13 5 
8683500 8683586 1 -1 1 51 -84 -51 52 -81 47 166 134 102 101 25 20 16 10 15 33 35 45 55 16 13 13 5 
8739000 8739162 1 2 1 -252 -306 -363 -252 -305 -257 -138 53 123 124 25 20 17 10 12 27 35 45 55 16 13 15 5 
8948500 8948578 1 -3 1 96 -57 -50 103 -52 99 218 156 104 103 25 20 16 10 16 34 35 45 55 16 13 13 5 
9014000 9014105 1 0 0 157 -24 0 164 -17 159 278 180 98 99 25 20 16 10 16 36 35 45 55 16 13 13 5 
9117000 9117128 1 0 0 153 -10 0 162 -3 157 276 164 96 96 25 20 15 10 15 35 35 45 55 16 12 12 5 
9126500 9126625 1 0 0 159 -13 0 180 3 176 295 178 98 97 25 20 15 10 16 36 35 45 55 16 10 8 5 
9129000 9129649 1 13 0 93 -40 -14 50 -60 44 163 108 101 104 25 20 15 10 16 34 35 45 55 16 7 11 5 
9135000 9135016 1 0 0 -20 -107 0 -21 -107 -26 93 85 92 90 25 20 15 10 16 36 35 45 55 16 12 11 5 
9147000 9147000 1 0 0 -43 -121 0 -39 -116 -43 76 77 92 94 25 20 14 10 16 36 35 45 55 16 12 12 5 
9224000 9224022 1 0 0 -50 -140 0 -45 -136 -51 68 90 91 92 25 20 14 10 15 35 35 45 55 16 12 11 5 
9241000 9241100 1 -1 1 -101 -170 -52 -98 -166 -104 15 68 93 93 25 20 14 10 15 35 35 45 55 16 12 12 5 
9273500 9273553 1 2 1 -292 -326 -244 -287 -320 -291 -172 33 93 92 25 20 14 10 14 34 35 45 55 16 12 12 5 
9313000 9313016 1 -3 1 -95 -140 -49 -90 -134 -94 25 45 91 93 25 20 14 10 15 35 35 45 55 16 11 12 5 
9415500 9415634 1 0 0 -42 -104 0 -37 -100 -43 76 64 85 86 25 20 14 10 16 36 35 45 55 16 11 11 5 
9456500 9456506 1 0 0 -22 -93 0 -16 -87 -21 98 70 86 86 25 20 14 10 16 36 35 45 55 16 11 11 5 
9521000 9521151 1 0 0 5 -74 0 9 -70 4 123 80 83 82 25 20 14 10 16 36 35 45 55 16 10 11 5 
9659000 9659020 1 0 0 13 -56 0 17 -51 13 132 70 81 80 25 20 14 10 16 36 35 45 55 16 10 10 5 
9669500 9669638 1 0 0 49 -29 0 53 -24 48 167 78 78 76 25 20 14 10 16 36 35 45 55 16 10 10 5 
9767000 9767032 1 -1 1 -6 -80 -52 -2 -76 -7 112 73 81 81 25 20 14 10 15 35 35 45 55 16 10 10 5 
9839500 9839518 1 2 1 -212 -253 -255 -208 -249 -212 -93 41 113 114 25 20 14 10 12 28 35 45 55 16 15 13 5 
9904000 9904148 1 -3 1 -8 -61 -49 -7 -59 -12 107 52 97 98 25 20 16 10 15 35 35 45 55 16 9 13 5 
10018000 10018147 1 0 0 37 -87 0 32 -83 28 147 115 100 100 25 20 16 10 15 33 35 45 55 16 13 13 5 
10081500 10081596 1 -1 1 61 -69 50 61 -67 57 176 128 118 118 25 20 16 10 15 31 35 45 55 16 15 13 5 
10097500 10097559 1 2 1 155 -51 150 174 -38 168 287 211 98 94 25 20 16 10 15 35 35 45 55 16 12 11 5 
10106500 10106829 1 -3 1 50 -98 49 41 -98 37 156 141 90 91 25 20 15 10 14 34 35 45 55 16 4 9 5 
10128500 10129155 1 0 0 -8 -103 0 -6 -100 -13 106 93 90 92 25 20 15 10 14 34 35 45 55 16 3 12 5 
10140000 10140095 1 -1 1 -73 -149 -62 -70 -146 -75 44 75 89 91 25 20 15 10 14 34 35 45 55 16 9 11 5 
10202000 10202080 1 2 1 -317 -339 -290 -314 -336 -318 -199 22 88 87 25 20 14 10 13 33 35 45 55 16 11 11 5 
10261500 10261522 1 -3 1 -91 -142 -49 -85 -137 -89 30 53 84 87 25 20 15 10 14 34 35 45 55 16 8 11 5 
10282500 10282513 1 -1 1 15 -68 62 39 -54 34 153 94 90 92 25 20 15 10 14 34 35 45 55 16 3 8 5 
10298000 10298526 1 2 1 43 -69 94 57 -61 53 172 120 96 97 25 20 16 10 15 35 35 45 55 16 5 10 5 
10301000 10301046 1 -3 1 -15 -106 36 -10 -101 -14 105 92 94 97 25 20 16 10 15 35 35 45 55 16 10 11 5 
10313500 10313522 1 0 0 -54 -129 0 -50 -125 -55 64 74 91 93 25 20 16 10 15 35 35 45 55 16 9 12 5 
10433500 10433560 1 0 0 -57 -124 0 -51 -117 -56 63 65 84 82 25 20 16 10 15 35 35 45 55 16 11 11 5 
10491500 10491639 1 0 0 -64 -117 0 -60 -112 -65 54 52 82 81 25 20 16 10 16 36 35 45 55 16 10 11 5 
10624500 10624531 1 0 0 -34 -90 0 -28 -84 -32 87 58 83 82 25 20 16 10 16 36 35 45 55 16 10 10 5 
10704000 10704099 1 -1 1 -101 -184 -54 -83 -171 -89 30 86 96 98 25 20 14 10 14 34 35 45 55 16 12 12 5 
10711000 10711094 1 2 1 -273 -301 -224 -282 -308 -288 -169 26 94 93 25 20 14 10 13 33 35 45 55 16 12 11 5 
10789500 10789541 1 -3 1 -113 -136 -50 -110 -130 -115 4 20 86 87 25 20 16 10 16 36 35 45 55 16 11 11 5 
10887000 10887151 1 0 0 -80 -131 0 -73 -124 -77 42 51 87 88 25 20 16 10 16 36 35 45 55 16 11 11 5 
10936000 10936013 1 0 0 -84 -133 0 -80 -129 -86 33 50 84 84 25 20 16 10 16 36 35 45 55 16 11 11 5 
11011000 11011055 1 -1 1 -10 -93 68 -15 -95 -21 98 79 89 87 25 20 16 10 16 36 35 45 55 16 11 6 5 
11013500 11013949 1 2 1 62 -39 139 70 -32 67 186 103 95 97 25 20 16 10 16 36 35 45 55 16 7 9 5 
11058000 11058030 1 -3 1 -25 -115 49 -19 -107 -25 94 88 89 89 25 20 16 10 16 36 35 45 55 16 11 11 5 
11080500 11080652 1 0 0 -72 -125 0 -75 -123 -80 39 47 85 81 25 20 16 10 16 36 35 45 55 16 7 10 5 
11178000 11178078 1 0 0 -84 -130 0 -77 -123 -83 36 44 92 94 25 20 16 10 16 36 35 45 55 16 11 11 5 
11472000 11472154 1 0 0 -74 -127 0 -67 -121 -72 47 54 82 83 25 20 16 10 15 35 35 45 55 16 10 10 5 
11494500 11494568 1 -1 1 -123 -170 -51 -117 -164 -121 -2 47 85 85 25 20 15 10 15 35 35 45 55 16 11 11 5 
11541000 11541166 1 2 1 -265 -279 -197 -262 -276 -266 -147 15 83 82 25 20 15 10 14 34 35 45 55 16 11 10 5 
11580500 11580677 1 -3 1 -113 -123 -48 -106 -117 -111 8 12 83 84 25 20 16 10 15 35 35 45 55 16 9 11 5 
11677500 11677548 1 0 0 -56 -111 0 -49 -104 -55 64 55 82 82 25 20 16 10 16 36 35 45 55 16 11 10 5 
11845500 11845503 1 0 0 -48 -105 0 -41 -99 -45 74 59 80 80 25 20 16 10 16 36 35 45 55 16 10 10 5 
11852000 11852085 1 13 0 -64 -118 21 -58 -114 -61 58 58 88 94 25 20 16 10 16 36 35 45 55 16 11 11 5 
11859500 11859530 1 0 0 -126 -151 0 -122 -147 -127 -8 26 75 72 25 20 15 10 16 36 35 45 55 16 9 10 5 
11951500 11951593 1 -1 1 -175 -210 -50 -169 -204 -173 -54 36 82 82 25 20 15 10 14 34 35 45 55 16 10 10 5 
11974500 11974558 1 2 1 -266 -283 -141 -263 -279 -266 -147 19 79 80 25 20 15 10 14 34 35 45 55 16 10 10 5 
11997500 11997571 1 -3 1 -173 -213 -48 -168 -207 -172 -53 39 78 77 25 20 15 10 14 34 35 45 55 16 10 10 5 
12042000 12042002 1 0 0 -124 -150 0 -120 -145 -124 -5 26 78 77 25 20 15 10 15 35 35 45 55 16 10 10 5 
12071500 12071546 1 -1 1 -174 -199 -52 -169 -194 -174 -55 23 78 80 25 20 15 10 15 35 35 45 55 16 9 10 5 
12106500 12106688 1 2 1 -253 -262 -134 -250 -257 -256 -137 7 78 79 25 20 15 10 15 35 35 45 55 16 10 10 5 
12119000 12119075 1 -3 1 -166 -200 -48 -158 -192 -161 -42 37 77 77 25 20 15 10 15 35 35 45 55 16 10 10 5 
12169500 12169634 1 0 0 -114 -142 0 -108 -135 -113 6 25 77 77 25 20 15 10 16 36 35 45 55 16 10 10 5 
12379000 12379050 1 0 0 -107 -134 0 -101 -128 -106 13 26 76 77 25 20 15 10 16 36 35 45 55 16 9 10 5 
12419000 12419144 1 -1 1 -164 -186 -50 -160 -180 -165 -46 20 88 88 25 20 15 10 15 35 35 45 55 16 11 7 5 
12456500 12456692 1 2 1 -287 -292 -167 -281 -286 -288 -169 3 74 74 25 20 15 10 15 35 35 45 55 16 10 9 5 
12479500 12479667 1 -3 1 -172 -190 -49 -164 -181 -170 -51 16 73 76 25 20 15 10 16 36 35 45 55 16 10 9 5 
12517500 12517620 1 0 0 -130 -140 0 -123 -132 -129 -10 8 75 79 25 20 15 10 17 37 35 45 55 16 10 9 5 
12596500 12596573 1 0 0 -117 -138 0 -112 -133 -118 1 21 77 74 25 20 15 10 17 37 35 45 55 16 10 10 5 
12604500 12604611 1 13 0 -57 -96 9 -47 -88 -51 68 43 90 88 25 20 15 10 17 37 35 45 55 16 10 11 5 
12615000 12615108 1 0 0 0 -59 0 5 -54 0 119 57 67 66 25 20 15 10 16 36 35 45 55 16 8 8 5 
12663500 12663540 1 0 0 -29 -81 0 -26 -77 -31 88 49 73 65 25 20 15 10 16 36 35 45 55 16 8 7 5 
12668500 12668542 1 13 0 -38 -79 11 -38 -76 -42 77 38 75 70 25 20 15 10 16 36 35 45 55 16 11 8 5 
12681500 12681574 1 0 0 -99 -123 0 -94 -115 -98 21 24 82 78 25 20 15 10 16 36 35 45 55 16 10 10 5 
13041500 13041617 1 0 0 -89 -117 0 -80 -109 -85 34 30 75 73 25 20 15 10 17 37 35 45 55 16 10 9 5 
13200000 13200101 1 0 0 -95 -119 0 -90 -114 -96 23 23 74 73 25 20 15 10 17 37 35 45 55 16 9 9 5 
13255000 13255141 1 -1 1 -146 -175 -50 -141 -171 -146 -27 29 77 77 25 20 15 10 16 36 35 45 55 16 10 10 5 
13295000 13295068 1 2 1 -274 -284 -178 -268 -278 -274 -155 10 74 73 25 20 15 10 15 35 35 45 55 16 9 9 5 
13319500 13319599 1 -3 1 -145 -166 -49 -139 -160 -142 -23 22 73 73 25 20 15 10 16 36 35 45 55 16 9 9 5 
13346500 13346634 1 0 0 -95 -108 0 -89 -101 -94 25 12 76 77 25 20 15 10 16 36 35 45 55 16 4 9 5 
13399000 13399151 1 0 0 -106 -123 0 -103 -120 -107 12 18 72 70 25 20 15 10 17 37 35 45 55 16 9 9 5 
13408000 13408184 1 13 0 -43 -86 11 -34 -78 -40 79 43 91 93 25 20 15 10 17 37 35 45 55 16 8 12 5 
13415500 13415678 1 0 0 -10 -45 0 1 -34 -4 115 36 76 68 25 20 15 10 17 37 35 45 55 16 10 9 5 
13495500 13495521 1 0 0 -44 -72 0 -37 -66 -42 77 29 64 63 25 20 15 10 17 37 35 45 55 16 8 8 5 
13576000 13576142 1 0 0 -10 -53 0 -4 -47 -10 109 42 64 65 25 20 15 10 17 37 35 45 55 16 8 8 5 
13726000 13726040 1 0 0 -14 -52 0 -8 -46 -14 105 38 68 68 25 20 15 10 17 37 35 45 55 16 8 9 5 
13734500 13734595 1 13 0 -39 -68 5 -32 -63 -36 83 32 84 90 25 20 15 10 17 37 35 45 55 16 4 11 5 
13741000 13741161 1 0 0 -67 -86 0 -58 -78 -63 56 21 68 70 25 20 15 10 17 37 35 45 55 16 8 9 5 
13883500 13883530 1 -1 1 -118 -120 -54 -110 -112 -115 4 3 101 104 25 20 15 10 16 34 35 45 55 16 12 10 5 
13907500 13907519 1 2 1 93 -75 156 107 -71 102 221 177 95 96 25 20 15 10 16 36 35 45 55 16 12 11 5 
13920000 13920048 1 -3 1 -16 -110 46 -6 -102 -12 107 97 86 81 25 20 15 10 16 36 35 45 55 16 11 11 5 
13932000 13932313 1 -1 1 -114 -146 -51 -114 -145 -118 1 32 75 75 25 20 15 10 15 35 35 45 55 16 6 9 5 
13947000 13947088 1 2 1 -145 -164 -83 -138 -157 -143 -24 19 73 75 25 20 15 10 15 35 35 45 55 16 9 9 5 
13952000 13952075 1 -3 1 -112 -147 -50 -93 -131 -97 22 39 83 84 25 20 15 10 15 35 35 45 55 16 9 8 5 
13961000 13961041 1 -1 1 -112 -171 -51 -111 -169 -118 1 57 94 95 25 20 15 10 15 35 35 45 55 16 2 10 5 
14006500 14006600 1 2 1 -342 -342 -281 -338 -337 -344 -225 -1 90 91 25 20 15 10 14 34 35 45 55 16 8 9 5 
14040500 14040656 1 -3 1 -108 -177 -48 -103 -174 -107 12 70 76 77 25 20 15 10 14 34 35 45 55 16 8 10 5 
14060000 14060171 1 0 0 -59 -120 0 -57 -115 -63 56 58 77 78 25 20 15 10 14 34 35 45 55 16 10 10 5 
14063000 14064130 1 -1 1 -117 -138 -58 -173 -154 -180 -61 -21 83 88 25 20 15 10 14 34 35 45 55 16 4 6 5 
14066000 14066051 1 2 1 -195 -147 -135 -200 -146 -206 -87 -54 93 97 25 20 15 10 14 34 35 45 55 16 6 10 5 
14108500 14108615 1 -3 1 -106 -121 -47 -104 -113 -109 10 10 81 82 25 20 15 10 15 35 35 45 55 16 8 10 5 
14115000 14115104 1 0 0 -59 -100 0 -40 -83 -46 73 41 85 84 25 20 16 10 15 35 35 45 55 16 10 6 5 
14118500 14118678 1 13 0 -14 -84 12 -7 -81 -12 107 73 93 99 25 20 16 10 15 35 35 45 55 16 3 7 5 
14122500 14122576 1 0 0 11 -60 0 14 -57 9 128 69 89 84 25 20 16 10 15 35 35 45 55 16 10 11 5 
14133000 14133054 1 0 0 82 -15 0 87 -10 82 201 95 78 77 25 20 16 10 16 36 35 45 55 16 10 10 5 
14256500 14256618 1 0 0 82 -16 0 87 -11 80 199 98 78 77 25 20 16 10 16 36 35 45 55 16 10 8 5 
14261500 14262112 1 -1 1 27 -43 -54 -8 -58 -14 105 49 84 87 25 20 16 10 16 36 35 45 55 16 2 7 5 
14286500 14286804 1 2 1 -145 -175 -221 -172 -202 -177 -58 31 73 74 25 20 16 10 16 36 35 45 55 16 4 4 5 
14304500 14304628 1 -3 1 23 -64 -49 45 -44 40 159 89 82 88 25 20 16 10 16 36 35 45 55 16 5 9 5 
14309000 14309204 1 0 0 71 -18 0 76 -13 71 190 88 71 70 25 20 16 10 16 36 35 45 55 16 9 9 5 
14395500 14395652 1 0 0 67 -22 0 71 -16 66 185 88 75 72 25 20 16 10 16 36 35 45 55 16 7 9 5 
14416000 14416048 1 0 0 52 -33 0 58 -28 53 172 87 72 74 25 20 16 10 16 36 35 45 55 16 9 9 5 
14543500 14543679 1 0 0 67 -18 0 73 -14 68 187 86 70 69 25 20 16 10 16 36 35 45 55 16 9 9 5 
14549500 14549983 1 13 0 19 -42 55 -6 -53 -10 109 48 82 82 25 20 16 10 16 36 35 45 55 16 7 5 5 
14553000 14553676 1 0 0 -96 -108 0 -99 -108 -103 16 11 95 97 25 20 16 10 16 36 35 45 55 16 5 11 5 
14571500 14571688 1 -1 1 -147 -192 -50 -141 -186 -147 -28 46 67 66 25 20 16 10 15 35 35 45 55 16 9 8 5 
14618000 14618186 1 2 1 -290 -303 -192 -286 -299 -289 -170 15 63 63 25 20 15 10 14 34 35 45 55 16 8 8 5 
14654500 14654663 1 -3 1 -149 -173 -49 -143 -167 -147 -28 25 64 62 25 20 15 10 16 36 35 45 55 16 8 8 5 
14690500 14690555 1 0 0 -101 -120 0 -95 -114 -101 18 20 64 64 25 20 16 10 17 37 35 45 55 16 8 8 5 
14847000 14847000 1 0 0 -70 -96 0 -63 -90 -69 50 27 68 69 25 20 16 10 18 38 35 45 55 16 9 9 5 
14981500 14981723 1 0 0 -126 -145 0 -121 -139 -125 -6 17 65 64 25 20 16 10 18 38 35 45 55 16 8 8 5 
14987000 14987009 1 13 0 -103 -130 -1 -105 -125 -110 9 21 75 65 25 20 16 10 18 38 35 45 55 16 9 4 5 
14994500 14994515 1 0 0 -69 -95 0 -66 -91 -71 48 25 67 67 25 20 16 10 18 38 35 45 55 16 6 8 5 
15049500 15049507 1 0 0 -85 -111 0 -80 -105 -85 34 26 62 61 25 20 16 10 17 37 35 45 55 16 8 8 5 
15229000 15229131 1 0 0 -47 -78 0 -42 -73 -47 72 31 61 62 25 20 16 10 17 37 35 45 55 16 8 8 5 
15277500 15277563 1 0 0 -62 -86 0 -60 -83 -64 55 24 61 60 25 20 16 10 17 37 35 45 55 16 8 8 5 
15398500 15398607 1 0 0 -41 -73 0 -34 -67 -40 79 33 61 62 25 20 16 10 17 37 35 45 55 16 8 8 5 
15424500 15424679 1 -1 1 -89 -115 -50 -85 -109 -89 30 25 65 66 25 20 16 10 17 37 35 45 55 16 8 8 5 
15456000 15456234 1 2 1 -179 -186 -143 -173 -178 -178 -59 5 67 61 25 20 16 10 17 37 35 45 55 16 9 7 5 
15529000 15529166 1 -3 1 -80 -108 -50 -76 -104 -80 39 29 65 62 25 20 16 10 17 37 35 45 55 16 8 8 5 
15540500 15540520 1 -1 1 -82 -85 -52 -68 -76 -73 46 8 98 99 25 20 16 10 17 37 35 45 55 16 9 6 5 
15545000 15545039 1 2 1 -196 -155 -168 -193 -150 -196 -77 -41 108 108 25 20 16 10 17 35 35 45 55 16 7 11 5 
15559000 15559260 1 -3 1 -72 -108 -44 -65 -104 -71 48 38 113 115 25 20 16 10 17 33 35 45 55 16 11 5 5 
15631000 15632224 1 -1 1 -78 -127 -56 -99 -130 -106 13 29 88 95 25 20 16 10 17 37 35 45 55 16 2 11 5 
15636000 15636059 1 2 1 -151 -155 -130 -143 -148 -148 -29 5 100 97 25 20 16 10 17 37 35 45 55 16 13 12 5 
15660000 15660011 1 -3 1 -67 -141 -48 -84 -139 -89 30 55 110 111 25 20 16 10 17 33 35 45 55 16 12 7 5 
15676000 15676142 1 -1 1 43 -99 60 69 -89 66 185 159 101 99 25 20 16 10 17 37 35 45 55 16 8 6 5 
15692000 15692072 1 2 1 -164 -191 -147 -169 -190 -175 -56 20 116 119 25 20 16 10 17 33 35 45 55 16 7 15 5 
15700000 15700004 1 -3 1 -57 -148 -41 -54 -137 -60 59 82 117 120 25 20 16 10 17 32 35 45 55 16 12 12 5 
15793000 15793049 1 -1 1 -60 -137 -52 -52 -129 -58 61 78 86 86 25 20 16 10 16 36 35 45 55 16 11 11 5 
15854500 15854568 1 2 1 -280 -322 -277 -280 -321 -284 -165 41 105 104 25 20 17 10 13 31 35 45 55 16 13 14 5 
15877000 15877125 1 -3 1 -46 -152 -46 -39 -145 -43 76 107 87 86 25 20 17 10 13 33 35 45 55 16 11 11 5 
15903000 15903115 1 0 0 1 -88 0 12 -79 8 127 90 93 95 25 20 17 10 13 33 35 45 55 16 12 12 5 
15906500 15906537 1 -1 1 -53 -126 -55 -37 -118 -42 77 82 96 94 25 20 17 10 13 33 35 45 55 16 10 11 5 
15909500 15909529 1 2 1 -89 -140 -92 -70 -128 -74 45 58 101 99 25 20 17 10 13 33 35 45 55 16 12 11 5 
15919500 15919519 1 -3 1 -41 -116 -47 -35 -111 -40 79 76 106 107 25 20 17 10 13 31 35 45 55 16 14 13 5 
16022000 16022128 1 0 0 32 -100 0 40 -94 35 154 135 95 99 25 20 17 10 14 34 35 45 55 16 9 12 5 
16117500 16117508 1 0 0 49 -86 0 44 -82 41 160 126 100 101 25 20 17 10 14 32 35 45 55 16 13 13 5 
16242000 16242122 1 0 0 34 -98 0 45 -91 42 161 137 92 88 25 20 17 10 15 35 35 45 55 16 11 9 5 
16251000 16251030 1 -1 1 -21 -142 -52 -20 -140 -24 95 121 93 95 25 20 17 10 15 35 35 45 55 16 12 12 5 
16295500 16295610 1 2 1 -175 -260 -191 -168 -256 -172 -53 89 92 90 25 20 17 10 15 35 35 45 55 16 12 11 5 
16329500 16329601 1 -3 1 -42 -120 -46 -35 -115 -41 78 79 92 95 25 20 17 10 15 35 35 45 55 16 12 9 5 
16348000 16348162 1 0 0 -1 -79 0 3 -75 -1 118 78 88 89 25 20 17 10 15 35 35 45 55 16 11 11 5 
16365500 16365514 1 -1 1 -56 -105 -55 -52 -101 -57 62 48 98 98 25 20 17 10 16 36 35 45 55 16 11 12 5 
16371500 16371579 1 2 1 -101 -129 -101 -101 -126 -105 14 25 109 107 25 20 17 10 16 34 35 45 55 16 14 13 5 
16377500 16377613 1 -3 1 -46 -97 -46 -32 -87 -38 81 56 108 108 25 20 17 10 16 34 35 45 55 16 10 14 5 
16452500 16452618 1 -1 1 -45 -144 -51 -43 -145 -48 71 103 89 88 25 20 17 10 16 36 35 45 55 16 10 9 5 
16467500 16467564 1 2 1 -128 -166 -135 -123 -158 -129 -10 34 115 115 25 20 17 10 16 32 35 45 55 16 11 10 5 
16475500 16477403 1 -3 1 -30 -143 -37 50 -100 45 164 150 115 109 25 20 17 10 16 34 35 45 55 16 0 13 5 
16481000 16481062 1 0 0 8 -127 0 10 -123 4 123 132 107 106 25 20 17 10 16 34 35 45 55 16 14 13 5 
16490000 16490015 1 -1 1 -47 -172 -55 -43 -166 -48 71 125 105 104 25 20 17 10 16 34 35 45 55 16 14 13 5 
16516000 16516071 1 2 1 -108 -190 -117 -99 -180 -104 15 81 104 104 25 20 17 10 16 34 35 45 55 16 12 12 5 
16530000 16530116 1 -3 1 -38 -144 -47 -35 -142 -40 79 106 107 106 25 20 17 10 16 34 35 45 55 16 14 14 5 
16554500 16554575 1 -1 1 -41 -149 -51 -31 -139 -36 83 109 90 88 25 20 17 10 16 36 35 45 55 16 10 9 5 
16575000 16575018 1 2 1 -158 -192 -169 -155 -186 -158 -39 32 108 108 25 20 17 10 16 34 35 45 55 16 13 14 5 
16608000 16608147 1 -3 1 -36 -143 -49 -33 -138 -37 82 105 94 94 25 20 17 10 17 37 35 45 55 16 12 12 5 
16712000 16712140 1 0 0 16 -100 0 20 -94 15 134 115 89 89 25 20 17 10 17 37 35 45 55 16 11 11 5 
16727000 16727425 1 -1 1 -45 -131 -60 -46 -129 -51 68 82 96 97 25 20 17 10 17 37 35 45 55 16 9 13 5 
16732000 16732011 1 2 1 -132 -165 -148 -128 -161 -134 -15 31 103 103 25 20 17 10 17 35 35 45 55 16 12 13 5 
16779000 16779053 1 -3 1 63 -115 49 78 -109 75 194 189 98 97 25 20 17 10 17 37 35 45 55 16 13 12 5 
16804500 16804584 1 -1 1 -38 -128 -51 -35 -124 -39 80 89 89 88 25 20 17 10 17 37 35 45 55 16 11 11 5 
16904000 16904136 1 2 1 -296 -311 -305 -300 -308 -303 -184 8 105 104 25 20 17 10 16 34 35 45 55 16 14 13 5 
17031500 17031542 1 -3 1 -37 -165 -42 -21 -159 -25 94 138 99 99 25 20 17 10 16 36 35 45 55 16 13 12 5 
17083000 17083084 1 0 0 3 -139 0 8 -135 4 123 143 94 95 25 20 17 10 16 36 35 45 55 16 12 12 5 
17180500 17180548 1 -1 1 -49 -150 -52 -44 -144 -49 70 98 96 95 25 20 17 10 16 36 35 45 55 16 11 12 5 
17205000 17205078 1 2 1 -124 -176 -126 -125 -172 -129 -10 47 116 122 25 20 17 10 15 30 35 45 55 16 15 15 5 
17209500 17209543 1 -3 1 -43 -159 -45 -29 -150 -34 85 120 107 106 25 20 17 10 15 33 35 45 55 16 14 13 5 
17229500 17229547 1 -1 1 -48 -172 -50 -43 -165 -48 71 123 94 95 25 20 17 10 15 35 35 45 55 16 12 12 5 
17370500 17371187 1 2 1 -362 -308 -364 -366 -313 -371 -252 -53 131 135 25 20 17 10 15 30 35 45 55 16 10 16 5 
17558000 17558005 1 -3 1 -45 -162 -47 -38 -157 -45 74 118 107 109 25 20 17 10 16 34 35 45 55 16 14 14 5 
17572500 17572616 1 0 0 2 -156 0 5 -150 0 119 155 96 97 25 20 17 10 16 36 35 45 55 16 12 12 5 
17604500 17604583 1 -1 1 -49 -213 -51 -31 -209 -37 82 178 100 99 25 20 17 10 15 35 35 45 55 16 12 13 5 
17667000 17667127 1 2 1 -331 -383 -333 -332 -378 -338 -219 45 108 110 25 20 17 10 15 31 35 45 55 16 14 14 5 
17797500 17797552 1 -3 1 -43 -170 -46 -31 -162 -38 81 129 99 99 25 20 17 10 16 36 35 45 55 16 13 13 5 
17828500 17828611 1 0 0 2 -147 0 8 -141 4 123 150 93 90 25 20 17 10 16 36 35 45 55 16 12 12 5 
17886000 17886092 1 -1 1 -51 -151 -54 -47 -145 -53 66 97 103 102 25 20 17 10 16 34 35 45 55 16 13 13 5 
18000000 18000049 1 2 1 -214 -278 -217 -206 -269 -211 -92 63 122 122 25 20 17 10 16 31 35 45 55 16 15 16 5 
18020000 18020048 1 -3 1 -46 -232 -50 -36 -225 -40 79 189 129 128 25 20 17 10 16 31 35 45 55 16 16 15 5 
18037000 18037063 1 -1 1 -53 -221 -57 -63 -213 -67 52 151 111 111 25 20 17 10 16 32 35 45 55 16 13 11 5 
18058000 18058116 1 2 1 -180 -250 -184 -183 -248 -188 -69 64 116 120 25 20 17 10 16 31 35 45 55 16 11 15 5 
18119000 18119067 1 -3 1 -45 -193 -49 -40 -187 -44 75 147 102 103 25 20 17 10 16 34 35 45 55 16 13 13 5 
18159000 18159033 1 -1 1 -51 -184 -56 -35 -177 -39 80 142 100 97 25 20 17 10 16 36 35 45 55 16 11 13 5 
18164500 18164502 1 2 1 -124 -198 -129 -124 -194 -128 -9 70 112 112 25 20 17 10 16 32 35 45 55 16 12 13 5 
18177500 18177616 1 -3 1 -43 -168 -48 -18 -157 -22 97 139 108 107 25 20 17 10 16 34 35 45 55 16 14 13 5 
18211000 18211063 1 -1 1 -46 -186 -51 -42 -182 -48 71 138 101 103 25 20 17 10 16 34 35 45 55 16 13 13 5 
18256000 18256100 1 2 1 -201 -260 -207 -202 -256 -207 -88 53 110 112 25 20 17 10 16 32 35 45 55 16 14 14 5 
18289500 18289538 1 -3 1 -41 -154 -47 -26 -148 -32 87 122 98 96 25 20 17 10 16 36 35 45 55 16 13 12 5 
18297500 18297532 1 -1 1 -48 -153 -54 -41 -149 -47 72 109 98 98 25 20 17 10 16 36 35 45 55 16 11 13 5 
18306500 18306626 1 2 1 -178 -217 -185 -183 -218 -190 -71 33 114 118 25 20 17 10 15 31 35 45 55 16 15 13 5 
18323000 18323057 1 -3 1 -40 -179 -46 -37 -169 -43 76 133 101 102 25 20 17 10 15 33 35 45 55 16 13 13 5 
18335000 18335130 1 -1 1 -45 -194 -51 -37 -188 -42 77 152 96 98 25 20 17 10 15 35 35 45 55 16 12 12 5 
18441000 18441120 1 2 1 -200 -280 -207 -200 -278 -206 -87 77 104 104 25 20 17 10 15 33 35 45 55 16 14 13 5 
18486000 18486102 1 -3 1 -32 -178 -39 -18 -171 -21 98 155 107 105 25 20 17 10 16 34 35 45 55 16 13 13 5 
18499500 18499588 1 -1 1 -46 -204 -54 -38 -197 -44 75 158 95 92 25 20 17 10 16 36 35 45 55 16 11 12 5 
18542500 18542635 1 2 1 -98 -197 -106 -93 -192 -98 21 98 93 92 25 20 17 10 16 36 35 45 55 16 12 12 5 
18595500 18595588 1 -3 1 -38 -145 -46 -27 -136 -30 89 110 107 109 25 20 17 10 15 33 35 45 55 16 14 14 5 
18616000 18616062 1 -1 1 -42 -213 -51 -32 -206 -37 82 175 98 96 25 20 17 10 15 35 35 45 55 16 12 13 5 
18648500 18648592 1 2 1 -246 -303 -255 -246 -299 -251 -132 52 116 115 25 20 17 10 14 30 35 45 55 16 15 15 5 
18751000 18751138 1 -3 1 -40 -155 -50 -30 -148 -35 84 118 97 97 25 20 17 10 16 36 35 45 55 16 12 9 5 
18775500 18775576 1 0 0 10 -140 0 16 -135 10 129 149 90 89 25 20 17 10 16 36 35 45 55 16 12 11 5 
18791500 18791527 1 -1 1 -53 -155 -62 -48 -149 -55 64 100 103 103 25 20 17 10 16 34 35 45 55 16 13 14 5 
18795000 18795112 1 2 1 -127 -184 -136 -119 -183 -123 -4 63 111 107 25 20 17 10 16 34 35 45 55 16 14 14 5 
18835000 18835049 1 -3 1 -37 -223 -44 -15 -215 -21 98 199 108 108 25 20 17 10 15 33 35 45 55 16 14 14 5 
18846000 18846097 1 -1 1 -54 -233 -60 -73 -232 -78 41 159 96 100 25 20 17 10 15 33 35 45 55 16 12 3 5 
18861000 18861129 1 2 1 -113 -233 -119 -109 -227 -114 5 117 97 98 25 20 17 10 15 35 35 45 55 16 13 12 5 
18920500 18920547 1 -3 1 -47 -169 -49 -53 -164 -57 62 112 98 100 25 20 17 10 15 33 35 45 55 16 13 12 5 
18945500 18945588 1 -1 1 -53 -155 -54 -62 -152 -66 53 91 99 107 25 20 17 10 15 33 35 45 55 16 9 12 5 
18954500 18954515 1 2 1 -124 -190 -125 -122 -186 -128 -9 64 115 119 25 20 17 10 14 30 35 45 55 16 15 15 5 
18975000 18975089 1 -3 1 -44 -203 -44 -34 -199 -38 81 164 108 109 25 20 17 10 14 32 35 45 55 16 14 11 5 
18977000 18977128 1 0 0 -1 -202 0 29 -198 25 144 228 102 99 25 20 17 10 14 34 35 45 55 16 11 10 5 
18987000 18987006 1 -1 1 -64 -271 -64 -53 -263 -57 62 211 96 94 25 20 17 10 14 34 35 45 55 16 12 12 5 
19022000 19022384 1 2 1 -259 -298 -258 -251 -289 -257 -138 40 115 115 25 20 17 10 14 30 35 45 55 16 4 14 5 
19060000 19060051 1 -3 1 -51 -139 -49 -47 -128 -50 69 81 100 104 25 20 17 10 14 32 35 45 55 16 6 9 5 
19071500 19071509 1 -1 1 -56 -167 -54 -56 -161 -61 58 104 98 100 25 20 17 10 14 32 35 45 55 16 9 7 5 
19110500 19110516 1 2 1 -212 -220 -209 -213 -215 -218 -99 1 113 114 25 20 17 10 15 31 35 45 55 16 13 15 5 
19152500 19152607 1 -3 1 -46 -176 -42 -40 -169 -47 72 128 105 106 25 20 17 10 15 33 35 45 55 16 14 12 5 
19230000 19230082 1 0 0 -5 -123 0 1 -118 -4 115 119 88 91 25 20 17 10 15 35 35 45 55 16 11 10 5 
19301000 19301064 1 0 0 11 -101 0 18 -95 13 132 114 89 88 25 20 17 10 16 36 35 45 55 16 11 10 5 
19397500 19397567 1 -1 1 -31 -150 -51 -25 -143 -29 90 119 90 89 25 20 17 10 16 36 35 45 55 16 10 12 5 
19403000 19403119 1 2 1 -96 -205 -116 -105 -203 -108 11 98 98 103 25 20 17 10 15 33 35 45 55 16 11 13 5 
19415000 19415138 1 -3 1 -26 -155 -47 -27 -155 -31 88 128 89 88 25 20 17 10 15 35 35 45 55 16 9 10 5 
19442000 19442136 1 0 0 23 -70 0 21 -69 14 133 88 91 86 25 20 17 10 15 35 35 45 55 16 9 11 5 
19467000 19467079 1 -1 1 -27 -94 -52 -28 -91 -34 85 62 111 112 25 20 17 10 15 31 35 45 55 16 14 15 5 
19473500 19473563 1 2 1 -76 -137 -101 -71 -132 -77 42 61 129 133 25 20 17 10 15 30 35 45 55 16 13 16 5 
19477500 19477567 1 -3 1 -15 -124 -40 -2 -114 -6 113 113 132 133 25 20 17 10 15 30 35 45 55 16 16 17 5 
19489000 19489058 1 -1 1 -32 -184 -57 -32 -183 -37 82 151 117 119 25 20 17 10 15 31 35 45 55 16 12 15 5 
19554000 19554122 1 2 1 -143 -220 -172 -138 -215 -142 -23 77 93 91 25 20 17 10 14 34 35 45 55 16 12 12 5 
19611000 19611003 1 -3 1 -19 -137 -50 -14 -133 -19 100 117 93 90 25 20 17 10 15 35 35 45 55 16 8 9 5 
19697000 19697077 1 -1 1 -24 -131 -59 -30 -127 -34 85 99 101 101 25 20 17 10 15 33 35 45 55 16 13 14 5 
19707500 19707526 1 2 1 -116 -194 -151 -111 -189 -114 5 78 124 124 25 20 17 10 15 30 35 45 55 16 16 16 5 
19712000 19712056 1 -3 1 -9 -188 -45 15 -180 10 129 195 111 107 25 20 17 10 15 33 35 45 55 16 10 14 5 
19721500 19721626 1 -1 1 -14 -229 -50 -27 -220 -33 86 192 99 100 25 20 17 10 14 32 35 45 55 16 12 12 5 
19739000 19739053 1 2 1 -149 -285 -185 -144 -279 -149 -30 135 87 87 25 20 17 10 14 34 35 45 55 16 11 11 5 
19827000 19827074 1 -3 1 -8 -121 -49 1 -114 -2 117 116 105 106 25 20 17 10 16 34 35 45 55 16 8 5 5 
19856000 19856123 1 0 0 42 -110 0 47 -105 41 160 150 92 93 25 20 17 10 16 36 35 45 55 16 12 12 5 
20103500 20103673 1 0 0 50 -97 0 57 -91 52 171 148 89 86 25 20 17 10 16 36 35 45 55 16 11 11 5 
20179500 20179532 1 -1 1 -3 -237 -52 13 -226 8 127 241 98 97 25 20 17 10 15 35 35 45 55 16 11 6 5 
20205000 20205110 1 2 1 -223 -310 -272 -225 -307 -229 -110 82 103 109 25 20 17 10 14 32 35 45 55 16 13 13 5 
20422000 20422132 1 -3 1 1 -144 -46 9 -134 4 123 143 93 93 25 20 17 10 16 36 35 45 55 16 12 11 5 
20480500 20480691 1 0 0 46 -95 0 52 -89 47 166 139 88 92 25 20 17 10 16 36 35 45 55 16 5 2 5 
20513500 20513532 1 0 0 120 -57 0 125 -50 119 238 176 92 93 25 20 17 10 16 36 35 45 55 16 11 12 5 
20528500 20528652 1 -1 1 57 -108 -63 59 -99 55 174 159 91 89 25 20 17 10 16 36 35 45 55 16 9 12 5 
20558000 20558128 1 2 1 -61 -185 -181 -60 -181 -65 54 123 88 91 25 20 17 10 16 36 35 45 55 16 6 11 5 
20569500 20569612 1 -3 1 73 -89 -47 75 -87 70 189 162 88 88 25 20 17 10 16 36 35 45 55 16 11 11 5 
20629500 20629664 1 0 0 120 -32 0 125 -26 121 240 153 86 87 25 20 17 10 16 36 35 45 55 16 11 11 5 
