101500 101637 0 0 -1 0 0 0 0 0 0 -49 0 54 57 25 20 18 10 10 30 35 45 55 16 2 6 5 
140500 140647 0 0 0 17 28 0 17 28 25 -25 -11 52 52 25 20 18 10 10 30 35 45 55 16 4 4 5 
212000 212140 0 0 0 8 27 0 6 28 9 -41 -21 54 54 25 20 18 10 10 30 35 45 55 16 4 3 5 
339500 339839 0 0 0 -7 13 0 -6 15 -5 -55 -22 50 50 25 20 18 10 10 30 35 45 55 16 4 5 5 
470500 470779 0 0 0 8 27 0 13 28 15 -35 -14 51 52 25 20 18 10 9 29 35 45 55 16 3 5 5 
685500 685572 0 0 0 2 22 0 0 21 3 -47 -21 51 50 25 20 18 10 9 29 35 45 55 16 5 5 5 
744500 744740 0 0 0 -13 15 0 -16 13 -16 -66 -30 50 50 25 20 18 10 9 29 35 45 55 16 5 6 5 
1517000 1517614 0 0 0 9 32 0 7 28 12 -38 -20 54 52 25 20 18 10 10 30 35 45 55 16 4 5 5 
1620000 1620196 0 -1 1 -45 -20 -53 -41 -8 -41 -91 -32 57 57 25 20 18 10 9 29 35 45 55 16 5 3 5 
1671000 1671006 0 2 1 -187 -147 -194 -182 -146 -170 -220 -30 65 69 25 20 18 10 9 29 35 45 55 16 6 8 5 
1749000 1749062 0 -3 1 -42 -16 -49 -37 -11 -32 -82 -23 61 60 25 20 18 10 9 29 35 45 55 16 1 6 5 
2006000 2007205 0 0 0 4 20 0 3 16 13 -37 -16 60 63 25 20 18 10 9 29 35 45 55 16 1 5 5 
2068000 2068325 0 -1 1 -52 -33 -56 -58 -39 -54 -104 -19 61 60 25 20 18 10 10 30 35 45 55 16 2 3 5 
2085000 2086337 0 2 1 -121 -100 -125 -140 -98 -169 -219 -43 68 68 25 20 18 10 10 30 35 45 55 16 1 0 5 
2122000 2122400 0 -3 1 -40 -27 -43 -42 -29 -35 -85 -13 58 57 25 20 18 10 10 30 35 45 55 16 2 1 5 
2368000 2368048 0 -1 1 -51 -36 -52 -59 -40 -67 -117 -10 66 64 25 20 18 10 9 29 35 45 55 16 2 3 5 
2400000 2400295 0 2 1 -98 -64 -99 -101 -65 -98 -148 -36 61 62 25 20 18 10 9 29 35 45 55 16 6 5 5 
2417000 2417145 0 -3 1 -48 -31 -50 -49 -31 -45 -95 -16 54 56 25 20 18 10 9 29 35 45 55 16 7 7 5 
2557500 2557602 0 0 0 1 18 0 7 21 8 -42 -15 52 48 25 20 18 10 10 30 35 45 55 16 5 1 5 
3540000 3540329 0 0 0 0 16 0 1 17 2 -48 -15 56 55 25 20 18 10 9 29 35 45 55 16 1 3 5 
4550500 4550635 0 0 0 20 32 0 21 32 26 -24 -10 52 50 25 20 18 10 9 29 35 45 55 16 5 6 5 
5043500 5043927 0 0 0 22 30 0 19 27 21 -29 -7 53 54 25 20 18 10 8 28 35 45 55 16 3 2 5 
5390500 5390778 0 0 0 -3 23 0 -8 21 -13 -63 -30 53 51 25 20 18 10 9 29 35 45 55 16 2 1 5 
5925000 5925058 0 0 0 13 32 0 11 31 8 -42 -18 48 47 25 20 18 10 9 29 35 45 55 16 2 3 5 
6330000 6330058 0 -1 1 -27 -9 -51 -34 -18 -31 -81 -17 59 60 25 20 18 10 9 29 35 45 55 16 4 4 5 
6346000 6346002 0 2 1 -78 -56 -103 -80 -58 -76 -126 -17 63 64 25 20 18 10 9 29 35 45 55 16 5 8 5 
6359000 6359218 0 -3 1 -18 -14 -43 -19 -18 -10 -60 5 56 55 25 20 18 10 9 29 35 45 55 16 5 6 5 
6536000 6536288 0 0 0 30 39 0 27 35 29 -21 -8 50 52 25 20 18 10 10 30 35 45 55 16 3 1 5 
7263500 7264087 0 0 0 -4 23 0 -6 25 -9 -59 -32 52 56 25 20 18 10 9 29 35 45 55 16 2 1 5 
8032500 8033130 0 0 0 0 9 0 3 9 7 -43 -8 52 51 25 20 18 10 8 28 35 45 55 16 0 6 5 
8360500 8360619 0 0 0 -4 14 0 -5 14 -3 -53 -19 48 48 25 20 18 10 9 29 35 45 55 16 5 3 5 
8488500 8488588 0 -1 1 -55 -44 -52 -52 -48 -46 -96 -1 60 60 25 20 18 10 9 29 35 45 55 16 6 7 5 
8516000 8516122 0 2 1 -122 -89 -119 -128 -98 -114 -164 -24 59 58 25 20 18 10 9 29 35 45 55 16 5 5 5 
8563500 8563579 0 -3 1 -51 -34 -49 -49 -32 -47 -97 -14 49 49 25 20 18 10 9 29 35 45 55 16 5 6 5 
8713000 8713345 0 0 0 0 24 0 -1 21 4 -46 -19 48 49 25 20 18 10 9 29 35 45 55 16 3 5 5 
9525000 9525029 0 0 0 16 38 0 14 36 24 -26 -15 47 46 25 20 18 10 7 27 35 45 55 16 6 5 5 
9682500 9682760 0 0 0 18 39 0 19 40 31 -19 -11 47 48 25 20 18 10 7 27 35 45 55 16 6 6 5 
10065000 10065155 0 0 0 0 20 0 0 20 8 -42 -13 50 51 25 20 18 10 7 27 35 45 55 16 6 6 5 
10507500 10507786 0 0 0 13 34 0 14 33 20 -30 -11 47 46 25 20 18 10 7 27 35 45 55 16 6 5 5 
11330500 11330636 0 0 0 13 32 0 13 31 21 -29 -11 51 54 25 20 18 10 7 27 35 45 55 16 6 5 5 
11677500 11678103 0 0 0 14 32 0 12 32 14 -36 -19 49 48 25 20 18 10 9 29 35 45 55 16 3 3 5 
12095500 12095757 0 0 0 10 25 0 9 25 12 -38 -15 49 50 25 20 18 10 9 29 35 45 55 16 5 4 5 
12422000 12422902 0 0 0 3 19 0 3 18 9 -41 -15 48 48 25 20 18 10 9 29 35 45 55 16 3 3 5 
12800500 12800718 0 0 0 -6 16 0 -5 15 -2 -52 -19 47 46 25 20 18 10 9 29 35 45 55 16 4 5 5 
13340500 13340604 0 0 0 -4 19 0 -6 18 -6 -56 -22 55 54 25 20 18 10 9 29 35 45 55 16 3 3 5 
13532000 13532286 0 0 0 -6 16 0 -6 18 -2 -52 -23 49 47 25 20 18 10 9 29 35 45 55 16 5 5 5 
13747500 13747884 0 0 0 -4 11 0 -4 12 -2 -52 -15 48 48 25 20 18 10 9 29 35 45 55 16 4 4 5 
13842000 13842377 0 -1 1 -51 -18 -54 -55 -19 -50 -100 -34 58 59 25 20 18 10 9 29 35 45 55 16 4 5 5 
13862500 13862619 0 2 1 -95 -65 -99 -96 -64 -90 -140 -30 50 51 25 20 18 10 9 29 35 45 55 16 6 6 5 
13884000 13884082 0 -3 1 -42 -22 -48 -42 -22 -39 -89 -19 48 48 25 20 18 10 9 29 35 45 55 16 6 6 5 
14062500 14062713 0 0 0 19 35 0 19 35 24 -26 -12 46 48 25 20 18 10 8 28 35 45 55 16 6 6 5 
14861000 14861293 0 0 0 23 39 0 24 40 30 -20 -7 47 46 25 20 18 10 7 27 35 45 55 16 6 6 5 
15215500 15215589 0 0 0 -3 16 0 -6 12 -5 -55 -16 49 49 25 20 18 10 9 29 35 45 55 16 3 3 5 
15356000 15356187 0 0 0 23 40 0 23 40 21 -29 -17 47 46 25 20 18 10 9 29 35 45 55 16 6 6 5 
15933500 15933748 0 0 0 25 40 0 24 39 27 -23 -15 46 46 25 20 18 10 9 29 35 45 55 16 6 5 5 
16292000 16292290 0 0 0 27 41 0 29 42 32 -18 -10 45 45 25 20 18 10 8 28 35 45 55 16 6 6 5 
16550500 16550674 0 -1 1 -22 9 -52 -23 7 -16 -66 -24 58 57 25 20 18 10 8 28 35 45 55 16 5 6 5 
16577000 16577210 0 2 1 -68 -31 -99 -72 -32 -64 -114 -39 50 42 25 20 18 10 9 29 35 45 55 16 6 6 5 
16592500 16592688 0 -3 1 -16 1 -47 -17 0 -12 -62 -15 53 52 25 20 18 10 9 29 35 45 55 16 5 4 5 
16605000 16608378 0 -1 1 -21 32 -52 -122 -38 -100 -150 -72 55 57 25 20 18 10 9 29 35 45 55 16 0 0 5 
16608500 16611027 0 2 1 -100 -29 -131 -66 -33 -67 -117 -29 55 56 25 20 18 10 9 29 35 45 55 16 0 5 5 
16742000 16742264 0 -3 1 -16 11 -49 -19 7 -11 -61 -25 51 55 25 20 18 10 9 29 35 45 55 16 5 1 5 
16775000 16775920 0 -1 1 -23 12 -56 -55 -3 -61 -111 -50 55 59 25 20 18 10 10 30 35 45 55 16 1 2 5 
16798500 16798623 0 2 1 -107 -64 -141 -107 -62 -102 -152 -45 51 49 25 20 18 10 10 30 35 45 55 16 6 6 5 
16869000 16870945 0 -3 1 -6 21 -40 60 37 61 11 23 51 49 25 20 18 10 10 30 35 45 55 16 0 0 5 
17127000 17127072 0 -1 1 -18 5 -56 -37 -6 -8 -58 -24 52 54 25 20 18 10 9 29 35 45 55 16 1 1 5 
17135500 17136955 0 2 1 -43 -29 -81 -44 -29 -24 -74 -11 52 51 25 20 18 10 9 29 35 45 55 16 2 0 5 
17142000 17142352 0 -3 1 -11 4 -49 -9 2 0 -50 -16 50 51 25 20 18 10 9 29 35 45 55 16 1 1 5 
17231000 17231057 0 0 0 39 61 0 43 61 40 -10 -21 47 49 25 20 18 10 9 29 35 45 55 16 5 3 5 
17531000 17531177 0 0 0 46 58 0 46 58 49 -1 -11 49 49 25 20 18 10 9 29 35 45 55 16 6 5 5 
17736500 17736906 0 -1 1 -14 18 -55 -19 17 -8 -58 -37 54 50 25 20 18 10 9 29 35 45 55 16 3 2 5 
17758000 17758224 0 2 1 -51 -19 -92 -48 -18 -38 -88 -23 55 56 25 20 18 10 9 29 35 45 55 16 3 3 5 
17840500 17840771 0 -3 1 -7 24 -47 -6 26 -2 -52 -25 54 54 25 20 18 10 9 29 35 45 55 16 2 1 5 
17848000 17848326 0 -1 1 -11 15 -51 -13 12 -10 -60 -19 53 57 25 20 18 10 9 29 35 45 55 16 4 3 5 
17987500 17987758 0 2 1 -116 -53 -152 -148 -58 -141 -191 -84 52 55 25 20 18 10 9 29 35 45 55 16 1 0 5 
18028500 18029337 0 -3 1 -10 28 -46 -2 33 -5 -55 -28 52 52 25 20 18 10 9 29 35 45 55 16 2 2 5 
18082000 18082372 0 -1 1 -15 24 -50 -17 23 0 -50 -9 56 56 25 20 18 10 9 29 35 45 55 16 1 2 5 
18101000 18119443 0 2 1 -62 -16 -97 -19 -3 -25 -75 -20 52 52 25 20 18 10 9 29 35 45 55 16 0 2 5 
18125500 18127129 0 -3 1 -13 16 -48 4 26 0 -50 -13 52 51 25 20 18 10 9 29 35 45 55 16 0 3 5 
18482000 18482388 0 0 0 28 41 0 22 36 29 -21 -10 49 50 25 20 18 10 9 29 35 45 55 16 1 3 5 
18608000 18608242 0 -1 1 -16 21 -52 -20 25 -30 -80 -45 57 55 25 20 18 10 9 29 35 45 55 16 3 2 5 
18710500 18710740 0 2 1 -95 -67 -138 -91 -66 -81 -131 -22 57 57 25 20 18 10 9 29 35 45 55 16 5 3 5 
18728000 18729303 0 -3 1 -1 33 -45 12 24 18 -32 -9 53 50 25 20 18 10 9 29 35 45 55 16 1 1 5 
18842000 18842028 0 0 0 52 67 0 50 66 51 1 -12 51 50 25 20 18 10 9 29 35 45 55 16 3 5 5 
19968500 19968554 0 0 0 55 72 0 56 72 58 8 -13 51 50 25 20 18 10 8 28 35 45 55 16 6 4 5 
20981000 20981069 0 0 0 40 44 0 35 38 42 -8 2 53 52 25 20 18 10 8 28 35 45 55 16 6 5 5 
135000 135130 1 0 -1 0 0 0 0 0 0 12 0 52 52 25 20 18 10 10 30 35 45 55 16 6 6 5 
214000 214916 1 0 0 -11 -8 0 -8 -10 -6 5 2 53 52 25 20 18 10 10 30 35 45 55 16 1 5 5 
343000 343800 1 0 0 -19 -18 0 -20 -19 -18 -7 -2 49 49 25 20 18 10 10 30 35 45 55 16 4 5 5 
473500 473618 1 0 0 -17 -17 0 -18 -17 -17 -6 -1 51 52 25 20 18 10 9 29 35 45 55 16 6 5 5 
682500 682656 1 0 0 -6 -2 0 -7 -2 -5 6 -6 52 51 25 20 18 10 9 29 35 45 55 16 6 5 5 
742500 742656 1 0 0 -2 2 0 0 2 -1 10 -5 50 51 25 20 18 10 9 29 35 45 55 16 5 5 5 
1515000 1515102 1 0 0 3 -1 0 4 0 5 16 3 54 53 25 20 18 10 10 30 35 45 55 16 3 5 5 
1647000 1647058 1 -1 1 -50 -45 -51 -52 -50 -50 -39 -2 65 65 25 20 18 10 10 30 35 45 55 16 7 7 5 
1668500 1668687 1 2 1 -84 -68 -85 -82 -67 -80 -69 -15 64 63 25 20 18 10 9 29 35 45 55 16 8 6 5 
1730500 1730683 1 -3 1 -48 -44 -49 -49 -42 -47 -36 -5 53 47 25 20 18 10 9 29 35 45 55 16 5 5 5 
2002500 2002912 1 0 0 -2 1 0 -1 -1 2 13 1 59 58 25 20 18 10 9 29 35 45 55 16 3 4 5 
2550000 2550411 1 0 0 -11 -12 0 -12 -13 -12 -1 0 55 56 25 20 18 10 10 30 35 45 55 16 5 5 5 
3542000 3542471 1 0 0 -1 4 0 0 5 4 15 -4 56 57 25 20 18 10 9 29 35 45 55 16 3 1 5 
4547000 4547150 1 0 0 0 -2 0 0 -2 1 12 2 52 52 25 20 18 10 9 29 35 45 55 16 4 6 5 
5004500 5005661 1 0 0 -3 -16 0 -2 -17 0 11 16 54 53 25 20 18 10 8 28 35 45 55 16 1 0 5 
5398000 5398821 1 0 0 -25 -23 0 -24 -22 -23 -12 -3 52 55 25 20 18 10 9 29 35 45 55 16 2 1 5 
5912000 5912118 1 0 0 -6 -2 0 -6 -2 -3 8 -3 49 48 25 20 18 10 9 29 35 45 55 16 3 3 5 
6547500 6547610 1 0 0 -15 -10 0 -15 -8 -13 -2 -7 51 52 25 20 18 10 10 30 35 45 55 16 1 2 5 
7269500 7269641 1 0 0 -9 -9 0 -10 -8 -8 3 -2 52 53 25 20 18 10 9 29 35 45 55 16 4 6 5 
8055000 8057570 1 0 0 -3 12 0 -9 1 -9 2 -11 54 52 25 20 18 10 8 28 35 45 55 16 0 2 5 
8366000 8366440 1 0 0 -6 -9 0 -8 -11 -4 7 2 50 52 25 20 18 10 9 29 35 45 55 16 3 4 5 
8717000 8717082 1 0 0 -10 -12 0 -9 -12 -10 1 1 49 49 25 20 18 10 9 29 35 45 55 16 4 4 5 
9512000 9512145 1 0 0 5 4 0 6 3 9 20 4 46 45 25 20 18 10 7 27 35 45 55 16 6 6 5 
9688000 9688225 1 0 0 9 6 0 10 6 11 22 4 52 52 25 20 18 10 7 27 35 45 55 16 6 7 5 
10067000 10067227 1 0 0 6 3 0 6 3 9 20 4 50 51 25 20 18 10 7 27 35 45 55 16 6 5 5 
10509500 10509688 1 0 0 7 6 0 8 6 10 21 1 48 49 25 20 18 10 7 27 35 45 55 16 5 6 5 
11334500 11334500 1 0 0 14 11 0 15 12 15 26 3 50 52 25 20 18 10 7 27 35 45 55 16 6 6 5 
11692500 11692710 1 0 0 -22 -22 0 -21 -23 -19 -8 1 48 48 25 20 18 10 9 29 35 45 55 16 4 4 5 
11992500 11992685 1 0 0 -17 -18 0 -17 -19 -16 -5 0 51 50 25 20 18 10 9 29 35 45 55 16 5 4 5 
12105000 12105259 1 0 0 -11 -13 0 -11 -13 -9 2 3 50 52 25 20 18 10 9 29 35 45 55 16 5 3 5 
12420000 12420111 1 0 0 -6 -7 0 -6 -7 -5 6 -1 48 50 25 20 18 10 9 29 35 45 55 16 3 5 5 
12791000 12791081 1 0 0 -25 -25 0 -24 -24 -23 -12 0 47 47 25 20 18 10 9 29 35 45 55 16 5 5 5 
13348000 13348002 1 0 0 -8 -11 0 -8 -10 -6 5 1 50 50 25 20 18 10 9 29 35 45 55 16 6 4 5 
13535500 13535681 1 0 0 -31 -20 0 -32 -20 -30 -19 -13 50 49 25 20 18 10 9 29 35 45 55 16 6 5 5 
13747500 13747884 1 0 0 -4 -9 0 -4 -10 -2 9 5 48 48 25 20 18 10 9 29 35 45 55 16 4 4 5 
14073500 14073725 1 0 0 10 7 0 9 7 11 22 2 46 47 25 20 18 10 8 28 35 45 55 16 6 6 5 
14861000 14861293 1 0 0 12 9 0 13 9 14 25 3 47 46 25 20 18 10 7 27 35 45 55 16 6 6 5 
15232500 15232667 1 0 0 -19 -18 0 -19 -17 -17 -6 -1 48 46 25 20 18 10 9 29 35 45 55 16 4 4 5 
15367500 15367614 1 0 0 3 0 0 4 1 3 14 1 48 47 25 20 18 10 9 29 35 45 55 16 6 6 5 
15939500 15939604 1 0 0 -3 -7 0 -2 -6 -1 10 3 46 45 25 20 18 10 9 29 35 45 55 16 5 6 5 
16307000 16307085 1 0 0 2 -1 0 2 -2 3 14 3 46 46 25 20 18 10 8 28 35 45 55 16 5 6 5 
17233000 17233538 1 0 0 1 2 0 4 8 8 19 -4 48 49 25 20 18 10 9 29 35 45 55 16 2 3 5 
17527500 17527740 1 0 0 1 -4 0 3 -1 6 17 5 49 48 25 20 18 10 9 29 35 45 55 16 4 6 5 
17884500 17884573 1 -1 1 -52 -35 -51 -54 -39 -52 -41 -15 56 56 25 20 18 10 9 29 35 45 55 16 6 4 5 
17920500 17920704 1 2 1 -84 -61 -84 -86 -56 -84 -73 -29 55 54 25 20 18 10 9 29 35 45 55 16 1 6 5 
17924000 17924047 1 -3 1 -47 -37 -46 -45 -37 -42 -31 -8 54 55 25 20 18 10 9 29 35 45 55 16 5 6 5 
18476000 18477532 1 0 0 -3 -3 0 -3 -6 0 11 2 50 49 25 20 18 10 9 29 35 45 55 16 1 2 5 
18843000 18843456 1 0 0 6 2 0 5 1 8 19 5 51 53 25 20 18 10 9 29 35 45 55 16 4 6 5 
19972500 19972758 1 0 0 12 7 0 9 4 11 22 6 49 46 25 20 18 10 8 28 35 45 55 16 6 4 5 
20977500 20977667 1 0 0 2 0 0 5 2 8 19 3 53 52 25 20 18 10 8 28 35 45 55 16 4 5 5 
