95500 95611 0 0 0 2 0 0 17 16 -14 6 6 62 60 25 20 14 10 12 32 35 45 55 16 8 6 5 
199500 199733 0 0 -1 0 0 0 0 0 0 2 0 55 54 25 20 15 10 13 33 35 45 55 16 7 7 5 
387000 387256 0 0 0 0 -6 0 13 8 -16 4 7 56 57 25 20 14 10 13 33 35 45 55 16 7 7 5 
502500 502707 0 0 0 2 -2 0 19 11 5 7 12 59 59 25 20 14 10 13 33 35 45 55 16 8 7 5 
551000 551102 0 -1 1 -48 -50 -51 -34 -35 -47 -45 2 63 62 25 20 14 10 13 33 35 45 55 16 8 8 5 
573500 573963 0 2 1 -99 -86 -102 -89 -71 -97 -95 -13 76 77 25 20 14 10 13 33 35 45 55 16 7 10 5 
581500 581676 0 -3 1 -45 -54 -47 -31 -38 -42 -40 8 67 64 25 20 14 10 13 33 35 45 55 16 9 8 5 
717000 717133 0 0 0 4 -9 0 15 5 -15 5 12 60 58 25 20 14 10 13 33 35 45 55 16 7 8 5 
836500 836512 0 0 0 0 -15 0 13 -3 -4 -2 17 55 55 25 20 14 10 13 33 35 45 55 16 7 7 5 
1008500 1008710 0 0 0 0 -8 0 14 6 -18 2 11 56 53 25 20 14 10 13 33 35 45 55 16 7 7 5 
1196500 1196643 0 -1 1 -48 -53 -50 -34 -36 -48 -46 1 75 78 25 20 15 10 13 33 35 45 55 16 5 8 5 
1245500 1245540 0 2 1 -109 -83 -111 -93 -68 -107 -105 -25 79 77 25 20 15 10 13 33 35 45 55 16 7 10 5 
1260500 1260625 0 -3 1 -47 -52 -50 -31 -39 -44 -42 8 68 69 25 20 15 10 13 33 35 45 55 16 8 9 5 
1365000 1365113 0 0 0 4 -4 0 17 11 3 5 7 64 65 25 20 14 10 13 33 35 45 55 16 8 8 5 
1615000 1615820 0 -1 1 -49 -56 -53 -54 -64 -71 -69 10 90 89 25 20 14 10 13 33 35 45 55 16 6 9 5 
1652000 1652066 0 2 1 -117 -126 -121 -103 -112 -113 -111 8 74 76 25 20 14 10 13 33 35 45 55 16 9 10 5 
1676000 1676050 0 -3 1 -45 -54 -49 -33 -40 -44 -42 9 78 77 25 20 14 10 13 33 35 45 55 16 10 9 5 
1935000 1935213 0 0 0 4 -17 0 18 -2 7 9 20 68 67 25 20 14 10 13 33 35 45 55 16 8 6 5 
2060500 2060522 0 0 0 7 -14 0 19 -1 10 12 21 71 69 25 20 14 10 13 33 35 45 55 16 9 9 5 
2090500 2092535 0 -1 1 -51 -55 -58 -86 -79 -96 -94 -7 79 85 25 20 14 10 13 33 35 45 55 16 0 3 5 
2122500 2122708 0 2 1 -156 -148 -162 -149 -138 -158 -156 -11 69 71 25 20 14 10 13 33 35 45 55 16 9 9 5 
2149500 2149700 0 -3 1 -43 -64 -48 -31 -51 -42 -40 19 68 72 25 20 14 10 13 33 35 45 55 16 8 9 5 
2652500 2652677 0 -1 1 -60 -69 -52 -57 -61 -70 -68 4 74 81 25 20 14 10 13 33 35 45 55 16 1 2 5 
2684500 2684719 0 2 1 -140 -147 -131 -126 -135 -134 -132 9 65 64 25 20 14 10 13 33 35 45 55 16 7 8 5 
2706500 2706636 0 -3 1 -58 -75 -49 -43 -59 -56 -54 15 68 69 25 20 14 10 13 33 35 45 55 16 9 9 5 
2809000 2809040 0 0 0 -12 -26 0 2 -11 -13 -11 15 67 70 25 20 14 10 13 33 35 45 55 16 9 8 5 
3234500 3234677 0 0 0 -9 -27 0 6 -10 -4 -2 16 68 66 25 20 14 10 13 33 35 45 55 16 9 9 5 
3323500 3323539 0 -1 1 -64 -73 -52 -50 -59 -64 -62 9 92 93 25 20 15 10 13 33 35 45 55 16 12 12 5 
3426000 3426116 0 2 1 -191 -174 -175 -174 -156 -185 -183 -18 81 83 25 20 14 10 13 33 35 45 55 16 10 10 5 
3464500 3464907 0 -3 1 -65 -79 -48 -46 -37 -63 -61 -9 84 86 25 20 14 10 13 33 35 45 55 16 0 6 5 
3671000 3671029 0 0 0 -24 -54 0 -5 -37 -15 -13 33 76 75 25 20 14 10 13 33 35 45 55 16 9 8 5 
3799000 3799087 0 -1 1 29 -1 53 46 13 37 39 27 76 74 25 20 14 10 14 34 35 45 55 16 10 9 5 
3849500 3849595 0 2 1 -160 -174 -137 -144 -158 -157 -155 14 89 89 25 20 15 10 13 33 35 45 55 16 11 11 5 
3949000 3949188 0 -3 1 -71 -81 -48 -58 -67 -71 -69 6 79 78 25 20 15 10 14 34 35 45 55 16 10 8 5 
4269500 4269815 0 0 0 -22 -43 0 -6 -33 -15 -13 13 75 78 25 20 14 10 14 34 35 45 55 16 6 10 5 
4298500 4298553 0 -1 1 35 -1 56 48 10 37 39 29 75 74 25 20 14 10 14 34 35 45 55 16 10 9 5 
4344500 4344555 0 2 1 -168 -172 -147 -154 -158 -166 -164 -5 74 74 25 20 14 10 14 34 35 45 55 16 9 9 5 
4376500 4376632 0 -3 1 -69 -88 -49 -52 -73 -61 -59 15 74 74 25 20 14 10 14 34 35 45 55 16 9 8 5 
4899500 4899653 0 0 0 -12 -43 0 2 -30 -4 -2 30 78 79 25 20 14 10 14 34 35 45 55 16 10 10 5 
4967500 4967513 0 -1 1 -65 -77 -54 -52 -63 -58 -56 6 79 79 25 20 14 10 14 34 35 45 55 16 10 10 5 
4990500 4990587 0 2 1 -153 -165 -143 -136 -150 -147 -145 2 82 83 25 20 14 10 14 34 35 45 55 16 10 10 5 
5015500 5015605 0 -3 1 -59 -78 -50 -46 -66 -54 -52 14 76 75 25 20 14 10 14 34 35 45 55 16 9 10 5 
5345500 5345525 0 0 0 -3 -25 0 10 -11 1 3 19 74 77 25 20 14 10 14 34 35 45 55 16 6 10 5 
5421500 5421600 0 -1 1 -56 -70 -53 -43 -57 -51 -49 12 79 81 25 20 14 10 14 34 35 45 55 16 10 10 5 
5459000 5459053 0 2 1 -129 -138 -125 -113 -122 -119 -117 6 72 70 25 20 14 10 14 34 35 45 55 16 9 9 5 
5478500 5478612 0 -3 1 -54 -67 -49 -38 -53 -52 -50 8 75 75 25 20 14 10 14 34 35 45 55 16 9 10 5 
5489000 5489030 0 -1 1 -56 -54 -51 -42 -41 -54 -52 -4 82 82 25 20 14 10 14 34 35 45 55 16 10 11 5 
5500000 5500012 0 2 1 -114 -109 -110 -102 -96 -112 -110 -3 106 109 25 20 14 10 14 32 35 45 55 16 13 14 5 
5542500 5542735 0 -3 1 -55 -67 -50 -36 -50 -45 -43 5 73 75 25 20 14 10 14 34 35 45 55 16 8 10 5 
5835000 5835172 0 0 0 -8 -21 0 7 -8 -4 -2 15 74 75 25 20 14 10 14 34 35 45 55 16 9 9 5 
5870500 5870558 0 -1 1 -62 -75 -54 -50 -62 -57 -55 10 80 77 25 20 14 10 14 34 35 45 55 16 10 9 5 
5881000 5881103 0 2 1 -107 -114 -98 -93 -102 -101 -99 10 77 77 25 20 14 10 14 34 35 45 55 16 10 9 5 
5903500 5903614 0 -3 1 -58 -72 -48 -44 -57 -53 -51 12 67 63 25 20 14 10 14 34 35 45 55 16 8 8 5 
6431500 6431673 0 0 0 -17 -32 0 2 -13 -6 -4 14 69 68 25 20 14 10 14 34 35 45 55 16 9 8 5 
6513500 6513660 0 -1 1 -67 -80 -51 -53 -66 -64 -62 9 77 79 25 20 14 10 14 34 35 45 55 16 10 10 5 
6529500 6529529 0 2 1 -98 -109 -82 -86 -96 -96 -94 6 75 74 25 20 14 10 14 34 35 45 55 16 10 9 5 
6546500 6546619 0 -3 1 -65 -84 -50 -49 -67 -60 -58 17 70 68 25 20 14 10 14 34 35 45 55 16 9 9 5 
6701000 6701213 0 0 0 -14 -29 0 0 -14 -12 -10 14 74 70 25 20 14 10 14 34 35 45 55 16 10 9 5 
6887000 6887175 0 0 0 -13 -21 0 3 -3 -11 -9 3 67 66 25 20 14 10 14 34 35 45 55 16 8 8 5 
6937500 6937631 0 -1 1 -66 -76 -51 -49 -61 -59 -57 10 75 77 25 20 14 10 14 34 35 45 55 16 10 10 5 
6965500 6965617 0 2 1 -97 -103 -82 -82 -90 -94 -92 3 68 68 25 20 14 10 14 34 35 45 55 16 8 9 5 
6981500 6981504 0 -3 1 -65 -82 -50 -54 -68 -62 -60 16 67 67 25 20 14 10 14 34 35 45 55 16 8 9 5 
7162500 7162691 0 0 0 -19 -28 0 -1 -13 -14 -12 11 69 69 25 20 14 10 14 34 35 45 55 16 9 9 5 
7301000 7301104 0 0 0 -4 -25 0 9 -11 1 3 17 69 70 25 20 14 10 14 34 35 45 55 16 9 9 5 
7468000 7468130 0 0 0 -14 -28 0 1 -17 -9 -7 15 69 67 25 20 14 10 14 34 35 45 55 16 9 9 5 
7652000 7652124 0 -1 1 -61 -73 -50 -44 -58 -58 -56 10 68 68 25 20 14 10 14 34 35 45 55 16 8 7 5 
7663500 7663575 0 2 1 -122 -130 -111 -105 -116 -121 -119 9 69 70 25 20 14 10 14 34 35 45 55 16 6 7 5 
7694500 7694519 0 -3 1 -59 -81 -48 -47 -62 -55 -53 13 66 66 25 20 14 10 14 34 35 45 55 16 6 7 5 
7790500 7790579 0 0 0 -9 -22 0 4 -7 -3 -1 12 70 72 25 20 14 10 14 34 35 45 55 16 9 9 5 
8580000 8580142 0 0 0 -25 -38 0 -11 -27 -20 -18 15 77 77 25 20 14 10 14 34 35 45 55 16 10 10 5 
8629500 8629602 0 -1 1 -74 -85 -50 -61 -72 -68 -66 12 79 78 25 20 14 10 14 34 35 45 55 16 10 10 5 
8660500 8660572 0 2 1 -144 -156 -120 -129 -143 -134 -132 14 80 81 25 20 14 10 14 34 35 45 55 16 10 10 5 
8679000 8679055 0 -3 1 -72 -82 -49 -57 -62 -62 -60 4 83 81 25 20 14 10 14 34 35 45 55 16 10 7 5 
9264500 9264559 0 0 0 -18 -33 0 1 -16 -15 -13 13 64 62 25 20 14 10 14 34 35 45 55 16 8 8 5 
9315500 9315563 0 -1 1 -73 -75 -55 -58 -59 -70 -68 2 68 67 25 20 14 10 13 33 35 45 55 16 8 5 5 
9343000 9343579 0 2 1 -157 -145 -137 -142 -132 -152 -150 -10 77 77 25 20 14 10 13 33 35 45 55 16 8 10 5 
9367500 9367632 0 -3 1 -69 -75 -49 -53 -60 -64 -62 6 74 75 25 20 14 10 13 33 35 45 55 16 9 9 5 
9608500 9608760 0 0 0 -25 -46 0 -8 -32 -41 -21 23 68 77 25 20 14 10 13 33 35 45 55 16 6 9 5 
9871000 9871079 0 0 0 -34 -49 0 -19 -35 -31 -29 15 77 75 25 20 14 10 13 33 35 45 55 16 10 10 5 
9890500 9890595 0 0 0 -36 -52 0 -24 -38 -34 -32 11 79 78 25 20 14 10 13 33 35 45 55 16 9 10 5 
9963500 9963502 0 0 0 -32 -54 0 -18 -41 -28 -26 20 79 79 25 20 14 10 13 33 35 45 55 16 10 10 5 
9992000 9992000 0 0 0 -36 -52 0 -22 -39 -35 -33 13 77 74 25 20 14 10 13 33 35 45 55 16 10 10 5 
10173500 10173589 0 -1 1 -89 -86 -52 -72 -70 -85 -83 -5 77 77 25 20 14 10 15 35 35 45 55 16 9 6 5 
10248000 10248126 0 2 1 -194 -185 -157 -183 -174 -193 -191 -9 85 86 25 20 14 10 14 34 35 45 55 16 11 10 5 
10268000 10268168 0 -3 1 -85 -84 -48 -71 -69 -83 -81 -1 71 72 25 20 14 10 14 34 35 45 55 16 9 9 5 
10504500 10504549 0 0 0 -39 -41 0 -22 -25 -53 -33 -2 72 74 25 20 13 10 15 35 35 45 55 16 9 9 5 
10713000 10713025 0 -1 1 -87 -77 -53 -71 -60 -82 -80 -13 77 80 25 20 13 10 14 34 35 45 55 16 9 9 5 
10729500 10729506 0 2 1 -160 -157 -128 -146 -143 -153 -151 -8 69 67 25 20 13 10 14 34 35 45 55 16 9 8 5 
10759000 10759209 0 -3 1 -80 -93 -48 -67 -79 -76 -74 9 66 65 25 20 13 10 14 34 35 45 55 16 8 8 5 
10850500 10850577 0 0 0 -29 -41 0 -13 -25 -42 -22 8 68 66 25 20 13 10 14 34 35 45 55 16 8 8 5 
11133000 11133057 0 0 0 -30 -39 0 -20 -29 -48 -28 6 72 69 25 20 14 10 14 34 35 45 55 16 9 9 5 
11599000 11599191 0 0 0 -30 -52 0 -22 -42 -31 -29 14 72 69 25 20 14 10 15 35 35 45 55 16 9 9 5 
11722000 11722146 0 -1 1 -82 -135 -51 -66 -119 -70 -68 54 85 75 25 20 14 10 13 33 35 45 55 16 12 9 5 
11763500 11763534 0 2 1 -213 -198 -182 -195 -181 -202 -200 -15 88 89 25 20 14 10 14 34 35 45 55 16 12 10 5 
11795500 11795655 0 -3 1 -81 -65 -50 -58 -44 -70 -68 -19 92 94 25 20 14 10 14 34 35 45 55 16 12 12 5 
12289000 12289172 0 0 0 -33 -54 0 -21 -42 -27 -25 18 72 67 25 20 14 10 15 35 35 45 55 16 9 9 5 
12371500 12371544 0 -1 1 -85 -97 -51 -68 -81 -76 -74 10 79 79 25 20 14 10 15 35 35 45 55 16 10 6 5 
12397000 12397007 0 2 1 -141 -155 -107 -129 -144 -137 -135 10 71 63 25 20 14 10 15 35 35 45 55 16 9 8 5 
12414000 12414112 0 -3 1 -84 -106 -50 -69 -92 -74 -72 18 67 64 25 20 14 10 15 35 35 45 55 16 9 8 5 
12898000 12898097 0 0 0 -38 -53 0 -22 -37 -31 -29 8 78 87 25 20 14 10 15 35 35 45 55 16 11 10 5 
13539500 13539562 0 0 0 -47 -48 0 -31 -33 -39 -37 -1 64 63 25 20 13 10 15 35 35 45 55 16 8 8 5 
13600500 13600623 0 -1 1 -100 -93 -53 -90 -83 -99 -97 -7 66 61 25 20 13 10 14 34 35 45 55 16 9 8 5 
13627500 13627578 0 2 1 -159 -148 -112 -143 -133 -150 -148 -10 64 60 25 20 13 10 14 34 35 45 55 16 8 8 5 
13652500 13652562 0 -3 1 -96 -93 -49 -83 -78 -93 -91 -3 62 58 25 20 14 10 14 34 35 45 55 16 8 8 5 
14065000 14065072 0 -1 1 -104 -118 -54 -102 -118 -108 -106 14 112 113 25 20 14 10 13 29 35 45 55 16 9 12 5 
14070500 14070662 0 2 1 -197 -200 -148 -200 -202 -215 -213 -5 115 113 25 20 14 10 13 29 35 45 55 16 9 11 5 
14084000 14084023 0 -3 1 -96 -193 -47 -88 -179 -107 -105 83 116 112 25 20 14 10 13 29 35 45 55 16 15 14 5 
14092000 14092114 0 -1 1 -109 -195 -60 -93 -178 -111 -109 77 97 99 25 20 14 10 13 33 35 45 55 16 12 12 5 
14162500 14162660 0 2 1 -304 -235 -254 -294 -224 -301 -299 -66 71 70 25 20 14 10 13 33 35 45 55 16 7 7 5 
14287500 14287669 0 -3 1 -96 -81 -46 -77 -65 -87 -85 -15 110 109 25 20 14 10 13 31 35 45 55 16 13 12 5 
14346500 14346616 0 0 0 -51 -80 0 -35 -64 -63 -43 28 87 87 25 20 14 10 14 34 35 45 55 16 10 11 5 
14413500 14413511 0 0 0 -61 -76 0 -52 -66 -81 -61 14 75 69 25 20 14 10 14 34 35 45 55 16 9 9 5 
14428500 14428597 0 0 0 -80 -88 0 -66 -75 -97 -77 7 67 63 25 20 14 10 14 34 35 45 55 16 8 8 5 
14432500 14432627 0 13 0 -45 -66 17 -29 -50 -37 -35 21 79 81 25 20 14 10 14 34 35 45 55 16 9 9 5 
14441000 14441151 0 0 0 -23 -56 0 -8 -42 -17 -15 34 85 85 25 20 14 10 14 34 35 45 55 16 11 11 5 
14467500 14467622 0 0 0 -24 -50 0 -10 -34 -36 -16 25 78 77 25 20 14 10 14 34 35 45 55 16 10 10 5 
14482500 14482685 0 0 0 -58 -73 0 -44 -58 -70 -50 16 77 77 25 20 14 10 14 34 35 45 55 16 10 9 5 
14514000 14514040 0 0 0 -59 -70 0 -44 -57 -72 -52 13 73 74 25 20 14 10 14 34 35 45 55 16 9 9 5 
14524500 14524637 0 0 0 -26 -45 0 -13 -31 -38 -18 19 81 78 25 20 14 10 14 34 35 45 55 16 10 10 5 
14560000 14560171 0 0 0 -19 -45 0 -5 -31 -35 -15 24 77 76 25 20 14 10 14 34 35 45 55 16 9 10 5 
14570500 14570610 0 0 0 -54 -61 0 -41 -48 -68 -48 7 76 78 25 20 14 10 14 34 35 45 55 16 9 7 5 
14587500 14587655 0 0 0 -66 -66 0 -54 -54 -83 -63 0 72 68 25 20 14 10 14 34 35 45 55 16 9 9 5 
14700000 14700081 0 0 0 -44 -58 0 -31 -45 -40 -38 15 70 68 25 20 14 10 14 34 35 45 55 16 9 9 5 
14724500 14724692 0 0 0 -52 -63 0 -36 -48 -65 -45 13 70 71 25 20 14 10 14 34 35 45 55 16 9 9 5 
14734500 14734609 0 0 0 -28 -38 0 -13 -25 -23 -21 11 78 76 25 20 14 10 14 34 35 45 55 16 11 9 5 
14743500 14743667 0 0 0 -47 -49 0 -37 -38 -66 -46 1 84 85 25 20 14 10 14 34 35 45 55 16 11 11 5 
14751000 14751093 0 0 0 -60 -55 0 -49 -42 -74 -54 -7 96 97 25 20 14 10 14 34 35 45 55 16 11 10 5 
14758000 14758152 0 0 0 -7 -31 0 8 -17 -19 1 25 83 86 25 20 14 10 14 34 35 45 55 16 11 10 5 
14820500 14820591 0 0 0 -24 -36 0 -10 -21 -40 -20 6 71 71 25 20 14 10 15 35 35 45 55 16 9 9 5 
14833000 14833049 0 0 0 -57 -64 0 -43 -49 -72 -52 2 72 71 25 20 14 10 15 35 35 45 55 16 9 9 5 
14844500 14844661 0 0 0 -55 -58 0 -43 -46 -73 -53 1 76 80 25 20 14 10 15 35 35 45 55 16 10 7 5 
15012000 15014796 0 -1 1 -100 -101 -50 -130 -120 -141 -139 -12 76 84 25 20 14 10 15 35 35 45 55 16 0 5 5 
15038500 15038639 0 2 1 -173 -164 -124 -160 -150 -168 -166 -10 72 72 25 20 14 10 14 34 35 45 55 16 9 9 5 
15081500 15081686 0 -3 1 -98 -96 -50 -84 -83 -94 -92 -2 70 70 25 20 14 10 14 34 35 45 55 16 9 9 5 
15172500 15172609 0 0 0 -46 -42 0 -35 -30 -60 -40 -8 80 77 25 20 14 10 14 34 35 45 55 16 9 10 5 
15583000 15583067 0 -1 1 -82 -134 -58 -79 -120 -78 -76 51 108 119 25 20 15 10 13 29 35 45 55 16 12 10 5 
15685000 15685095 0 2 1 -277 -164 -258 -304 -172 -332 -330 -149 100 108 25 20 15 10 13 31 35 45 55 16 0 3 5 
15757500 15757624 0 -3 1 -60 -72 -45 -38 -54 -38 -36 26 82 83 25 20 15 10 13 33 35 45 55 16 5 8 5 
15812000 15812137 0 0 0 -12 -45 0 1 -30 -20 0 31 77 79 25 20 14 10 13 33 35 45 55 16 10 10 5 
15956000 15956108 0 -1 1 -67 -107 -55 -49 -90 -57 -55 40 86 93 25 20 14 10 12 32 35 45 55 16 1 1 5 
15987500 15987550 0 2 1 -170 -169 -158 -156 -154 -160 -158 -4 99 103 25 20 14 10 12 30 35 45 55 16 13 13 5 
16021500 16021522 0 -3 1 -61 -66 -49 -47 -49 -54 -52 3 89 94 25 20 14 10 12 32 35 45 55 16 10 12 5 
16048000 16048122 0 0 0 -12 -28 0 1 -16 -25 -5 16 73 71 25 20 14 10 13 33 35 45 55 16 9 8 5 
16283500 16283523 0 0 0 -10 -36 0 3 -23 -26 -6 25 81 84 25 20 14 10 13 33 35 45 55 16 11 10 5 
16357500 16357518 0 0 0 -17 -43 0 -1 -29 -10 -8 28 80 78 25 20 14 10 13 33 35 45 55 16 10 10 5 
16484000 16484082 0 -1 1 -66 -70 -51 -52 -61 -64 -62 8 89 85 25 20 14 10 13 33 35 45 55 16 2 6 5 
16526500 16526587 0 2 1 -134 -144 -120 -123 -129 -131 -129 7 76 78 25 20 14 10 13 33 35 45 55 16 9 10 5 
16547000 16547028 0 -3 1 -63 -66 -49 -48 -52 -58 -56 3 75 75 25 20 14 10 13 33 35 45 55 16 7 10 5 
16657500 16657552 0 0 0 -13 -32 0 1 -20 -29 -9 20 76 75 25 20 14 10 13 33 35 45 55 16 10 10 5 
16914500 16914575 0 0 0 -19 -36 0 -3 -21 -13 -11 18 78 83 25 20 14 10 13 33 35 45 55 16 10 8 5 
16974500 16974532 0 -1 1 -69 -80 -52 -55 -66 -67 -65 11 71 70 25 20 14 10 13 33 35 45 55 16 9 9 5 
17011000 17011134 0 2 1 -135 -140 -118 -122 -124 -133 -131 2 69 65 25 20 14 10 13 33 35 45 55 16 9 8 5 
17030500 17030637 0 -3 1 -64 -74 -48 -49 -59 -58 -56 9 71 71 25 20 14 10 13 33 35 45 55 16 9 8 5 
17336500 17336575 0 0 0 -10 -23 0 5 -8 -4 -2 14 72 71 25 20 13 10 13 33 35 45 55 16 9 9 5 
17473500 17473589 0 -1 1 -60 -75 -51 -41 -54 -56 -54 10 84 84 25 20 14 10 13 33 35 45 55 16 11 10 5 
17525000 17525197 0 2 1 -199 -178 -190 -188 -163 -207 -205 -22 85 84 25 20 15 10 13 33 35 45 55 16 10 10 5 
17603000 17603092 0 -3 1 -59 -53 -49 -40 -30 -53 -51 -4 80 82 25 20 15 10 13 33 35 45 55 16 9 10 5 
17987000 17987007 0 0 0 -9 -17 0 5 -6 -9 -7 10 74 75 25 20 14 10 13 33 35 45 55 16 9 10 5 
18414500 18415275 0 -1 1 -66 -73 -51 -54 -60 -67 -65 6 87 85 25 20 14 10 13 33 35 45 55 16 4 0 5 
18452000 18452144 0 2 1 -191 -185 -175 -176 -172 -184 -182 -1 70 75 25 20 14 10 13 33 35 45 55 16 7 8 5 
18492000 18492941 0 -3 1 -64 -78 -47 -34 -60 -43 -41 22 89 88 25 20 14 10 13 33 35 45 55 16 0 5 5 
18624500 18624528 0 0 0 -18 -39 0 -3 -24 -14 -12 23 69 72 25 20 14 10 13 33 35 45 55 16 9 8 5 
18767000 18767060 0 -1 1 -83 -81 -53 -69 -67 -78 -76 3 62 61 25 20 14 10 13 33 35 45 55 16 8 8 5 
18789500 18789600 0 2 1 -189 -165 -157 -175 -150 -183 -181 -21 66 68 25 20 14 10 13 33 35 45 55 16 7 9 5 
18831000 18831068 0 -3 1 -83 -81 -47 -63 -62 -71 -69 4 66 66 25 20 14 10 13 33 35 45 55 16 8 5 5 
18971500 18971702 0 0 0 -47 -50 0 -33 -36 -47 -45 5 58 57 25 20 14 10 14 34 35 45 55 16 7 7 5 
19288000 19288108 0 0 0 -25 -48 0 -7 -32 -16 -14 23 75 68 25 20 14 10 14 34 35 45 55 16 10 6 5 
19367000 19367220 0 -1 1 -70 -78 -51 -56 -66 -66 -64 8 69 64 25 20 14 10 14 34 35 45 55 16 9 9 5 
19396500 19396576 0 2 1 -167 -160 -150 -158 -147 -167 -165 -10 65 67 25 20 14 10 14 34 35 45 55 16 7 8 5 
19434000 19434143 0 -3 1 -62 -83 -48 -46 -67 -58 -56 19 68 69 25 20 15 10 14 34 35 45 55 16 9 9 5 
19578000 19578183 0 0 0 -4 -18 0 11 -2 -1 1 13 66 66 25 20 13 10 14 34 35 45 55 16 8 8 5 
19704000 19704108 0 0 0 -3 -14 0 10 0 4 6 13 66 65 25 20 13 10 14 34 35 45 55 16 8 8 5 
19787500 19787679 0 -1 1 -56 -46 -52 -43 -33 -52 -50 -6 66 63 25 20 13 10 14 34 35 45 55 16 7 9 5 
19809500 19809715 0 2 1 -171 -151 -167 -159 -139 -163 -161 -15 63 63 25 20 13 10 14 34 35 45 55 16 8 8 5 
19840500 19840629 0 -3 1 -52 -69 -47 -35 -54 -47 -45 20 64 64 25 20 13 10 14 34 35 45 55 16 8 8 5 
19953000 19953066 0 0 0 -5 -16 0 9 -3 -4 -2 13 67 65 25 20 14 10 14 34 35 45 55 16 7 9 5 
19965000 19965143 0 0 0 -15 -26 0 -3 -14 -16 -14 13 70 77 25 20 14 10 14 34 35 45 55 16 9 9 5 
20225500 20225721 0 0 0 -29 -34 0 -16 -22 -26 -24 10 60 59 25 20 13 10 14 34 35 45 55 16 7 7 5 
20570500 20570585 0 0 0 -29 -39 0 -11 -21 -18 -16 14 62 61 25 20 13 10 14 34 35 45 55 16 8 8 5 
20587000 20587119 0 0 0 -23 -23 0 -10 -9 -17 -15 -1 85 85 25 20 13 10 14 34 35 45 55 16 12 10 5 
20609000 20609093 0 0 0 3 -10 0 19 5 13 15 12 65 64 25 20 13 10 14 34 35 45 55 16 8 8 5 
20628000 20628151 0 -1 1 -54 -55 -51 -41 -42 -51 -49 1 68 70 25 20 13 10 14 34 35 45 55 16 9 8 5 
20654500 20654727 0 2 1 -167 -158 -155 -151 -145 -158 -156 -7 61 61 25 20 13 10 14 34 35 45 55 16 8 7 5 
20697500 20697559 0 -3 1 -75 -69 -49 -64 -57 -73 -71 -6 65 62 25 20 13 10 14 34 35 45 55 16 8 5 5 
20711000 20711098 0 0 0 -31 -34 0 -18 -22 -31 -29 4 59 60 25 20 13 10 14 34 35 45 55 16 7 7 5 
20766000 20766053 0 0 0 -71 -71 0 -56 -54 -68 -66 -3 56 55 25 20 13 10 14 34 35 45 55 16 7 6 5 
20770500 20770697 0 13 0 -66 -60 -13 -50 -43 -61 -59 -7 68 79 25 20 13 10 14 34 35 45 55 16 4 7 5 
20779500 20779584 0 0 0 -16 -28 0 -1 -14 -14 -12 13 57 57 25 20 13 10 14 34 35 45 55 16 7 7 5 
20853000 20853040 0 0 0 0 -16 0 13 -3 0 2 17 55 54 25 20 13 10 14 34 35 45 55 16 7 7 5 
20895000 20895265 0 0 0 -2 -20 0 11 -6 -4 -2 16 55 54 25 20 13 10 14 34 35 45 55 16 7 7 5 
20906500 20906662 0 0 0 -14 -24 0 -1 -10 -12 -10 9 60 57 25 20 13 10 14 34 35 45 55 16 7 7 5 
20928000 20928085 0 0 0 -26 -36 0 -12 -21 -22 -20 8 59 59 25 20 13 10 14 34 35 45 55 16 7 7 5 
20938500 20938633 0 0 0 -16 -23 0 -3 -10 -18 -16 7 57 53 25 20 14 10 14 34 35 45 55 16 6 7 5 
20982000 20982064 0 0 0 -40 -43 0 -28 -30 -41 -39 2 54 55 25 20 14 10 14 34 35 45 55 16 7 7 5 
20992500 20992622 0 0 0 -18 -29 0 -4 -16 -17 -15 12 57 57 25 20 14 10 14 34 35 45 55 16 7 7 5 
21088500 21088617 0 0 0 -27 -36 0 -14 -23 -28 -26 7 57 58 25 20 14 10 14 34 35 45 55 16 7 7 5 
21100000 21100113 0 0 0 -21 -33 0 -6 -19 -19 -17 13 57 56 25 20 14 10 14 34 35 45 55 16 7 7 5 
21166500 21166703 0 0 0 -40 -51 0 -24 -34 -37 -35 10 55 53 25 20 14 10 14 34 35 45 55 16 7 7 5 
21183000 21183081 0 0 0 -24 -29 0 -17 -21 -26 -24 4 63 67 25 20 14 10 14 34 35 45 55 16 7 8 5 
21195000 21195034 0 0 0 -40 -47 0 -35 -37 -46 -44 4 64 60 25 20 14 10 14 34 35 45 55 16 9 7 5 
21222500 21222758 0 0 0 -57 -60 0 -43 -46 -58 -56 2 57 56 25 20 14 10 14 34 35 45 55 16 7 7 5 
21231500 21231730 0 0 0 -55 -63 0 -42 -50 -56 -54 8 60 57 25 20 14 10 14 34 35 45 55 16 7 7 5 
21237500 21237895 0 0 0 -9 -19 0 9 1 -3 -1 7 80 81 25 20 14 10 14 34 35 45 55 16 7 9 5 
21260500 21260580 0 0 0 9 -22 0 24 -8 13 15 31 80 79 25 20 14 10 14 34 35 45 55 16 11 10 5 
25500 25683 1 -1 1 -90 -148 -90 -91 -147 -79 35 56 63 63 25 20 14 10 12 32 35 45 55 16 8 8 5 
26500 26657 1 2 1 -91 -144 -91 -86 -140 -86 40 54 63 63 25 20 14 10 12 32 35 45 55 16 8 7 5 
36500 36509 1 -3 1 -47 -88 -47 -53 -90 -52 74 37 71 67 25 20 14 10 12 32 35 45 55 16 8 4 5 
116500 116682 1 0 -1 0 0 0 0 0 0 115 0 62 63 25 20 15 10 12 32 35 45 55 16 8 8 5 
386500 386697 1 0 0 -5 -55 0 -2 -51 10 124 48 56 54 25 20 14 10 13 33 35 45 55 16 7 7 5 
504500 504515 1 0 0 -10 -58 0 -9 -57 -11 115 48 57 57 25 20 14 10 13 33 35 45 55 16 7 7 5 
541500 541515 1 -1 1 -61 -110 -50 -59 -108 -48 66 48 64 63 25 20 14 10 13 33 35 45 55 16 7 8 5 
574000 574159 1 2 1 -151 -164 -140 -153 -163 -143 -29 9 76 76 25 20 14 10 13 33 35 45 55 16 7 10 5 
582000 582137 1 -3 1 -61 -108 -49 -58 -103 -47 67 45 67 63 25 20 14 10 13 33 35 45 55 16 8 8 5 
719000 719122 1 0 0 -14 -65 0 -15 -65 -4 110 50 60 59 25 20 14 10 13 33 35 45 55 16 8 8 5 
838000 838150 1 0 0 -4 -61 0 2 -57 2 128 61 55 54 25 20 14 10 13 33 35 45 55 16 7 7 5 
1010500 1010596 1 0 0 -14 -54 0 -11 -50 0 114 38 57 60 25 20 14 10 13 33 35 45 55 16 7 7 5 
1158500 1158666 1 -1 1 -62 -106 -51 -62 -105 -51 63 42 68 66 25 20 14 10 13 33 35 45 55 16 6 8 5 
1241000 1241081 1 2 1 -183 -188 -175 -183 -189 -172 -58 6 81 86 25 20 15 10 13 33 35 45 55 16 7 5 5 
1266000 1266148 1 -3 1 -58 -107 -50 -53 -102 -42 72 50 67 69 25 20 15 10 13 33 35 45 55 16 7 8 5 
1441000 1441061 1 0 0 -4 -97 0 -3 -94 9 123 91 95 94 25 20 14 10 13 33 35 45 55 16 12 12 5 
1461500 1461991 1 -1 1 -56 -127 -53 -58 -129 -48 66 69 83 87 25 20 14 10 13 33 35 45 55 16 7 11 5 
1492500 1492544 1 2 1 -110 -150 -108 -102 -144 -89 25 42 82 81 25 20 14 10 13 33 35 45 55 16 9 8 5 
1542500 1542651 1 -3 1 -47 -108 -48 -39 -103 -28 86 64 84 83 25 20 14 10 13 33 35 45 55 16 8 7 5 
1550500 1550694 1 -1 1 -52 -106 -53 -53 -107 -41 73 54 85 85 25 20 14 10 13 33 35 45 55 16 9 9 5 
1654500 1654620 1 2 1 -211 -242 -218 -208 -239 -197 -83 31 74 75 25 20 14 10 13 33 35 45 55 16 10 8 5 
1845500 1845535 1 -3 1 -35 -102 -50 -29 -100 -15 99 74 68 68 25 20 14 10 13 33 35 45 55 16 8 6 5 
1935000 1935213 1 0 0 19 -65 0 23 -62 35 149 83 68 67 25 20 14 10 13 33 35 45 55 16 8 6 5 
2055000 2055043 1 0 0 27 -59 0 33 -53 45 159 86 71 71 25 20 14 10 13 33 35 45 55 16 9 9 5 
2066000 2066154 1 -1 1 -24 -101 -51 -20 -97 -9 105 75 76 76 25 20 14 10 13 33 35 45 55 16 10 9 5 
2117500 2117578 1 2 1 -148 -207 -172 -144 -205 -131 -17 61 72 69 25 20 14 10 13 33 35 45 55 16 9 9 5 
2153500 2153500 1 -3 1 -27 -104 -49 -27 -104 -15 99 77 65 63 25 20 14 10 13 33 35 45 55 16 8 5 5 
2252000 2252048 1 -1 1 -39 -101 -57 -33 -93 -22 92 60 86 87 25 20 14 10 13 33 35 45 55 16 6 10 5 
2257500 2257601 1 2 1 -78 -124 -96 -79 -124 -69 45 43 93 93 25 20 14 10 13 33 35 45 55 16 12 12 5 
2269500 2269558 1 -3 1 -31 -115 -48 -31 -114 -19 95 82 87 87 25 20 14 10 13 33 35 45 55 16 11 11 5 
2611500 2611592 1 -1 1 -51 -131 -52 -51 -130 -39 75 80 66 63 25 20 14 10 13 33 35 45 55 16 8 8 5 
2664500 2664667 1 2 1 -176 -237 -175 -176 -238 -163 -49 62 64 63 25 20 14 10 13 33 35 45 55 16 8 8 5 
2709500 2709512 1 -3 1 -54 -116 -50 -52 -114 -41 73 62 66 65 25 20 14 10 13 33 35 45 55 16 9 8 5 
2761000 2761745 1 0 0 -6 -76 0 -8 -74 4 118 67 69 69 25 20 14 10 13 33 35 45 55 16 6 9 5 
3154000 3154051 1 0 0 1 -86 0 3 -82 15 129 87 69 71 25 20 14 10 13 33 35 45 55 16 9 9 5 
3299500 3299504 1 -1 1 -64 -151 -51 -61 -147 -50 64 84 72 72 25 20 14 10 13 33 35 45 55 16 9 9 5 
3402500 3402779 1 2 1 -268 -299 -245 -266 -299 -256 -142 31 95 94 25 20 14 10 13 33 35 45 55 16 10 12 5 
3462000 3462365 1 -3 1 -76 -122 -47 -68 -117 -54 60 51 82 82 25 20 14 10 13 33 35 45 55 16 2 1 5 
3544500 3544617 1 -1 1 -90 -195 -53 -105 -198 -93 21 93 100 100 25 20 14 10 13 31 35 45 55 16 12 13 5 
3550000 3550046 1 2 1 -146 -219 -108 -151 -221 -138 -24 72 106 106 25 20 14 10 13 31 35 45 55 16 14 13 5 
3558500 3558631 1 -3 1 -85 -187 -47 -82 -183 -72 42 100 99 103 25 20 14 10 13 31 35 45 55 16 13 12 5 
3613500 3613588 1 -1 1 -96 -168 -52 -94 -166 -83 31 72 87 86 25 20 14 10 13 33 35 45 55 16 9 12 5 
3618000 3618145 1 2 1 -152 -202 -108 -145 -197 -135 -21 52 95 94 25 20 14 10 13 33 35 45 55 16 12 12 5 
3647000 3647392 1 -3 1 -91 -175 -43 -78 -160 -65 49 82 89 88 25 20 14 10 13 33 35 45 55 16 8 8 5 
3669500 3669715 1 0 0 -50 -144 0 -50 -143 -38 76 93 76 80 25 20 14 10 13 33 35 45 55 16 8 10 5 
3800500 3800684 1 -1 1 -89 -170 -53 -89 -169 -77 37 80 76 75 25 20 14 10 14 34 35 45 55 16 9 10 5 
3853000 3853114 1 2 1 -281 -315 -250 -278 -311 -266 -152 32 92 92 25 20 15 10 13 33 35 45 55 16 12 12 5 
3891500 3891634 1 -3 1 -68 -178 -40 -63 -175 -53 61 112 94 91 25 20 15 10 13 33 35 45 55 16 11 11 5 
3909500 3909591 1 -1 1 -77 -168 -50 -77 -167 -64 50 91 78 77 25 20 15 10 14 34 35 45 55 16 10 9 5 
3926000 3926127 1 2 1 -139 -206 -115 -147 -212 -136 -22 64 74 79 25 20 15 10 14 34 35 45 55 16 10 9 5 
3950500 3950675 1 -3 1 -70 -139 -48 -64 -133 -52 62 70 79 80 25 20 15 10 14 34 35 45 55 16 10 7 5 
3972000 3972029 1 0 0 -20 -107 0 -19 -105 -7 107 86 80 82 25 20 15 10 14 34 35 45 55 16 10 10 5 
4018000 4018147 1 -1 1 -68 -135 -51 -72 -137 -60 54 66 88 86 25 20 15 10 14 34 35 45 55 16 10 10 5 
4026500 4026572 1 2 1 -137 -169 -121 -135 -165 -124 -10 29 95 96 25 20 15 10 14 34 35 45 55 16 12 7 5 
4080000 4080143 1 -3 1 -62 -142 -49 -59 -139 -50 64 79 92 91 25 20 15 10 14 34 35 45 55 16 10 11 5 
4267500 4267635 1 0 0 0 -86 0 0 -86 12 126 86 74 73 25 20 14 10 14 34 35 45 55 16 9 6 5 
4303500 4303546 1 -1 1 -51 -138 -50 -49 -136 -35 79 88 77 76 25 20 14 10 14 34 35 45 55 16 10 10 5 
4341000 4341353 1 2 1 -207 -258 -206 -209 -260 -199 -85 51 74 79 25 20 14 10 14 34 35 45 55 16 8 10 5 
4380000 4380072 1 -3 1 -49 -110 -49 -45 -105 -34 80 60 73 72 25 20 14 10 14 34 35 45 55 16 7 9 5 
4459500 4459527 1 0 0 0 -68 0 0 -68 11 125 67 72 72 25 20 14 10 14 34 35 45 55 16 9 9 5 
4653500 4653579 1 -1 1 -49 -124 -51 -44 -119 -33 81 74 82 81 25 20 14 10 14 34 35 45 55 16 10 11 5 
4699500 4699733 1 2 1 -80 -139 -82 -81 -141 -68 46 60 87 87 25 20 14 10 14 34 35 45 55 16 9 10 5 
4724500 4724589 1 -3 1 -48 -118 -49 -46 -112 -34 80 66 100 101 25 20 14 10 14 32 35 45 55 16 4 9 5 
4875000 4875140 1 0 0 3 -79 0 3 -77 14 128 78 76 76 25 20 14 10 14 34 35 45 55 16 10 10 5 
4950000 4950172 1 -1 1 -52 -143 -52 -54 -143 -42 72 90 78 77 25 20 14 10 14 34 35 45 55 16 10 10 5 
4990000 4990067 1 2 1 -221 -270 -219 -227 -275 -214 -100 48 82 87 25 20 14 10 14 34 35 45 55 16 9 10 5 
5014500 5014611 1 -3 1 -51 -117 -49 -49 -112 -37 77 62 76 75 25 20 14 10 14 34 35 45 55 16 10 10 5 
5106500 5106653 1 0 0 -6 -86 0 -5 -84 6 120 77 78 81 25 20 14 10 14 34 35 45 55 16 10 10 5 
5331500 5331667 1 0 0 35 -53 0 37 -50 50 164 88 76 75 25 20 14 10 14 34 35 45 55 16 10 10 5 
5401500 5401648 1 -1 1 -15 -107 -50 -14 -106 -2 112 92 82 88 25 20 14 10 14 34 35 45 55 16 10 11 5 
5500500 5500563 1 2 1 -146 -187 -181 -152 -191 -141 -27 38 105 106 25 20 14 10 14 32 35 45 55 16 13 13 5 
5605000 5605055 1 -3 1 -12 -92 -48 -7 -88 4 118 82 74 77 25 20 14 10 14 34 35 45 55 16 9 7 5 
5770500 5770616 1 0 0 37 -51 0 44 -46 56 170 90 72 75 25 20 14 10 14 34 35 45 55 16 9 9 5 
5856000 5856544 1 -1 1 -10 -100 -51 -17 -103 -4 110 87 81 82 25 20 14 10 14 34 35 45 55 16 2 9 5 
5875000 5875079 1 2 1 -94 -172 -135 -98 -173 -86 28 75 85 84 25 20 14 10 14 34 35 45 55 16 8 11 5 
5905500 5905626 1 -3 1 -4 -97 -47 -4 -97 7 121 93 67 65 25 20 14 10 14 34 35 45 55 16 8 8 5 
6041500 6041676 1 0 0 48 -49 0 48 -48 59 173 95 68 69 25 20 14 10 14 34 35 45 55 16 9 8 5 
6401000 6401100 1 0 0 31 -49 0 29 -50 42 156 80 68 69 25 20 14 10 14 34 35 45 55 16 6 8 5 
6511000 6511125 1 -1 1 -35 -121 -55 -33 -119 -22 92 85 76 74 25 20 14 10 14 34 35 45 55 16 9 10 5 
6540500 6540711 1 2 1 -109 -176 -126 -109 -176 -98 16 68 70 69 25 20 14 10 14 34 35 45 55 16 9 9 5 
6557000 6557103 1 -3 1 -34 -103 -49 -30 -98 -18 96 67 70 70 25 20 14 10 14 34 35 45 55 16 9 9 5 
6693500 6693533 1 0 0 2 -72 0 6 -66 17 131 72 73 72 25 20 14 10 14 34 35 45 55 16 9 9 5 
6901000 6901002 1 0 0 -1 -71 0 -1 -71 12 126 72 70 68 25 20 14 10 14 34 35 45 55 16 9 9 5 
6945000 6945105 1 -1 1 -53 -131 -52 -52 -133 -40 74 81 66 63 25 20 14 10 14 34 35 45 55 16 8 8 5 
6971000 6971094 1 2 1 -85 -155 -84 -84 -155 -73 41 71 67 67 25 20 14 10 14 34 35 45 55 16 8 8 5 
6983500 6983708 1 -3 1 -50 -125 -49 -49 -126 -36 78 77 68 69 25 20 14 10 14 34 35 45 55 16 9 9 5 
7168000 7168154 1 0 0 0 -76 0 1 -76 14 128 77 67 68 25 20 14 10 14 34 35 45 55 16 9 8 5 
7294500 7294608 1 0 0 36 -51 0 39 -50 52 166 91 71 74 25 20 14 10 14 34 35 45 55 16 9 9 5 
7584500 7584655 1 0 0 11 -73 0 12 -71 12 138 82 71 68 25 20 14 10 14 34 35 45 55 16 9 9 5 
7639000 7639015 1 -1 1 -41 -112 -51 -36 -108 -27 87 70 67 70 25 20 14 10 14 34 35 45 55 16 8 9 5 
7674000 7674170 1 2 1 -115 -183 -124 -114 -185 -102 12 71 68 72 25 20 14 10 14 34 35 45 55 16 8 7 5 
7696500 7696857 1 -3 1 -38 -117 -47 -30 -109 -18 96 81 68 68 25 20 14 10 14 34 35 45 55 16 6 7 5 
7789500 7789513 1 0 0 7 -69 0 9 -67 7 133 74 70 71 25 20 14 10 14 34 35 45 55 16 9 9 5 
7858500 7858566 1 -1 1 -47 -176 -53 -49 -178 -37 77 129 92 94 25 20 14 10 14 34 35 45 55 16 11 7 5 
7957500 7957584 1 2 1 -199 -225 -203 -202 -223 -190 -76 22 102 101 25 20 14 10 13 31 35 45 55 16 11 13 5 
8076500 8076597 1 -3 1 -48 -114 -49 -44 -110 -32 82 66 61 62 25 20 14 10 14 34 35 45 55 16 7 8 5 
8085000 8085011 1 -1 1 -50 -117 -51 -50 -120 -40 74 69 66 62 25 20 14 10 14 34 35 45 55 16 8 9 5 
8113500 8114346 1 2 1 -161 -213 -161 -165 -222 -154 -40 56 91 93 25 20 14 10 14 34 35 45 55 16 1 1 5 
8133000 8133033 1 -3 1 -47 -138 -48 -38 -129 -26 88 91 90 88 25 20 14 10 14 34 35 45 55 16 2 10 5 
8154500 8155146 1 -1 1 -55 -127 -55 -74 -136 -63 51 63 77 82 25 20 14 10 14 34 35 45 55 16 4 8 5 
8175000 8175134 1 2 1 -110 -153 -110 -116 -157 -104 10 42 79 76 25 20 14 10 14 34 35 45 55 16 11 10 5 
8199500 8199522 1 -3 1 -47 -118 -46 -45 -116 -34 80 71 80 87 25 20 14 10 14 34 35 45 55 16 9 8 5 
8207000 8207011 1 -1 1 -53 -121 -52 -50 -120 -38 76 70 77 77 25 20 14 10 14 34 35 45 55 16 9 10 5 
8357000 8357056 1 2 1 -135 -182 -131 -136 -182 -125 -11 48 88 89 25 20 14 10 14 34 35 45 55 16 11 11 5 
8399000 8399097 1 -3 1 -51 -118 -46 -47 -114 -34 80 70 81 82 25 20 14 10 14 34 35 45 55 16 10 7 5 
8410000 8411407 1 -1 1 -61 -123 -56 -83 -141 -73 41 58 73 74 25 20 14 10 14 34 35 45 55 16 0 7 5 
8429500 8429731 1 2 1 -98 -133 -93 -96 -130 -84 30 34 64 63 25 20 14 10 14 34 35 45 55 16 8 7 5 
8455500 8455891 1 -3 1 -52 -107 -46 -52 -104 -41 73 51 78 77 25 20 14 10 14 34 35 45 55 16 7 7 5 
8609000 8609036 1 -1 1 -61 -149 -52 -54 -143 -42 72 88 79 82 25 20 14 10 14 34 35 45 55 16 10 10 5 
8663000 8663024 1 2 1 -253 -288 -243 -249 -283 -237 -123 35 78 74 25 20 14 10 14 34 35 45 55 16 10 9 5 
8687500 8687611 1 -3 1 -55 -111 -44 -55 -112 -43 71 58 85 83 25 20 14 10 14 34 35 45 55 16 6 4 5 
8750500 8750638 1 0 0 -12 -98 0 6 -85 16 130 90 82 77 25 20 14 10 14 34 35 45 55 16 10 10 5 
8934500 8934571 1 0 0 -22 -84 0 -26 -86 -15 99 60 62 60 25 20 14 10 14 34 35 45 55 16 8 8 5 
8955000 8955083 1 0 0 -45 -96 0 -42 -93 -30 84 52 62 62 25 20 14 10 14 34 35 45 55 16 8 8 5 
8998000 8998105 1 0 0 -80 -118 0 -77 -115 -67 47 36 67 70 25 20 14 10 14 34 35 45 55 16 6 8 5 
9251500 9251674 1 0 0 -77 -116 0 -75 -115 -65 49 39 63 63 25 20 14 10 14 34 35 45 55 16 8 8 5 
9294000 9294066 1 -1 1 -129 -174 -53 -121 -170 -109 5 50 65 64 25 20 14 10 13 33 35 45 55 16 8 7 5 
9351000 9351078 1 2 1 -260 -269 -184 -254 -265 -242 -128 11 78 81 25 20 14 10 13 33 35 45 55 16 5 10 5 
9369500 9369655 1 -3 1 -125 -158 -49 -128 -160 -116 -2 32 74 74 25 20 14 10 13 33 35 45 55 16 9 9 5 
9606500 9606645 1 0 0 -76 -135 0 -79 -136 -79 47 56 69 64 25 20 14 10 13 33 35 45 55 16 8 6 5 
9871000 9871079 1 0 0 -95 -140 0 -91 -137 -81 33 45 77 75 25 20 14 10 13 33 35 45 55 16 10 10 5 
9891500 9891572 1 0 0 -61 -120 0 -61 -119 -51 63 58 78 75 25 20 14 10 13 33 35 45 55 16 10 10 5 
9967500 9967507 1 0 0 -31 -95 0 -28 -93 -17 97 65 79 79 25 20 14 10 13 33 35 45 55 16 10 10 5 
9995500 9995505 1 0 0 -52 -117 0 -48 -114 -37 77 65 78 78 25 20 14 10 13 33 35 45 55 16 10 7 5 
10021000 10021105 1 -1 1 -101 -138 -53 -99 -136 -88 26 37 79 75 25 20 14 10 13 33 35 45 55 16 10 9 5 
10129500 10129506 1 2 1 -179 -187 -150 -178 -185 -165 -51 8 110 109 25 20 14 10 13 31 35 45 55 16 12 8 5 
10158000 10158237 1 -3 1 25 -107 49 3 -122 15 129 125 90 94 25 20 14 10 14 34 35 45 55 16 5 8 5 
10200000 10200019 1 -1 1 -71 -129 -54 -85 -140 -72 42 55 68 67 25 20 14 10 15 35 35 45 55 16 9 6 5 
10232500 10232516 1 2 1 -332 -312 -321 -331 -311 -319 -205 -19 91 93 25 20 14 10 14 34 35 45 55 16 11 12 5 
10269500 10269616 1 -3 1 -54 -107 -49 -48 -103 -36 78 56 71 74 25 20 14 10 14 34 35 45 55 16 9 9 5 
10359500 10359710 1 0 0 10 -73 0 14 -73 26 140 88 72 71 25 20 13 10 14 34 35 45 55 16 9 9 5 
10511000 10511188 1 0 0 18 -46 0 20 -45 29 143 63 71 73 25 20 13 10 15 35 35 45 55 16 9 9 5 
10679500 10679591 1 -1 1 -54 -99 -51 -55 -98 -43 71 43 70 71 25 20 13 10 14 34 35 45 55 16 9 9 5 
10731500 10731538 1 2 1 -184 -212 -175 -184 -212 -172 -58 29 67 65 25 20 13 10 14 34 35 45 55 16 8 8 5 
10770000 10770113 1 -3 1 -62 -108 -48 -60 -104 -49 65 44 66 66 25 20 13 10 14 34 35 45 55 16 8 8 5 
10856000 10856092 1 0 0 -24 -81 0 -22 -79 -23 103 57 69 72 25 20 13 10 14 34 35 45 55 16 9 9 5 
11129000 11129044 1 0 0 -49 -100 0 -46 -96 -45 81 51 70 66 25 20 14 10 14 34 35 45 55 16 9 9 5 
11224000 11224000 1 -1 1 -110 -185 -51 -109 -185 -97 17 75 77 73 25 20 14 10 14 34 35 45 55 16 10 9 5 
11245500 11245526 1 2 1 -210 -226 -149 -207 -223 -194 -80 17 75 68 25 20 14 10 14 34 35 45 55 16 10 9 5 
11399500 11399599 1 -3 1 -125 -152 -50 -122 -149 -111 3 27 71 69 25 20 14 10 15 35 35 45 55 16 9 9 5 
11640000 11640012 1 0 0 -99 -139 0 -94 -135 -83 31 42 75 75 25 20 14 10 15 35 35 45 55 16 10 9 5 
11716000 11716093 1 -1 1 -150 -296 -54 -166 -297 -155 -41 130 102 101 25 20 14 10 13 31 35 45 55 16 7 7 5 
11764000 11764053 1 2 1 -396 -361 -303 -395 -359 -384 -270 -36 86 82 25 20 14 10 14 34 35 45 55 16 12 10 5 
11800500 11800628 1 -3 1 -139 -134 -48 -136 -132 -124 -10 -4 80 79 25 20 14 10 14 34 35 45 55 16 10 10 5 
11949500 11949588 1 0 0 -84 -137 0 -82 -134 -71 43 52 73 74 25 20 14 10 14 34 35 45 55 16 9 9 5 
12075000 12075147 1 0 0 -70 -123 0 -67 -121 -53 61 56 74 74 25 20 14 10 15 35 35 45 55 16 10 9 5 
12350500 12350551 1 -1 1 -141 -167 -53 -141 -166 -129 -15 26 73 71 25 20 14 10 15 35 35 45 55 16 9 9 5 
12396500 12396553 1 2 1 -265 -289 -174 -268 -290 -257 -143 22 73 65 25 20 14 10 15 35 35 45 55 16 10 8 5 
12418500 12418554 1 -3 1 -142 -176 -49 -137 -173 -125 -11 36 65 66 25 20 14 10 15 35 35 45 55 16 8 8 5 
12641000 12641131 1 0 0 -107 -142 0 -109 -144 -97 17 34 71 64 25 20 14 10 15 35 35 45 55 16 9 9 5 
12735000 12735153 1 0 0 -85 -113 0 -85 -113 -75 39 27 62 63 25 20 14 10 15 35 35 45 55 16 8 8 5 
12909500 12909686 1 0 0 -80 -120 0 -77 -117 -65 49 40 71 68 25 20 14 10 15 35 35 45 55 16 9 9 5 
13005000 13005205 1 -1 1 -151 -175 -51 -152 -175 -140 -26 23 66 64 25 20 14 10 15 35 35 45 55 16 8 8 5 
13035500 13035676 1 2 1 -245 -258 -138 -241 -255 -232 -118 12 68 68 25 20 14 10 15 35 35 45 55 16 9 9 5 
13065000 13065194 1 -3 1 -162 -195 -49 -159 -191 -147 -33 31 67 67 25 20 14 10 15 35 35 45 55 16 8 8 5 
13104500 13104649 1 0 0 -121 -148 0 -122 -148 -110 4 27 67 70 25 20 14 10 15 35 35 45 55 16 8 9 5 
13119500 13119509 1 13 0 -30 -78 53 -26 -73 -14 100 49 83 90 25 20 14 10 15 35 35 45 55 16 11 11 5 
13137000 13137063 1 0 0 -38 -80 0 -34 -77 -23 91 43 61 60 25 20 14 10 15 35 35 45 55 16 8 8 5 
13472000 13472255 1 0 0 -54 -80 0 -50 -75 -39 75 27 63 65 25 20 13 10 15 35 35 45 55 16 5 8 5 
13588000 13588028 1 -1 1 -80 -129 -50 -77 -126 -65 49 48 67 66 25 20 13 10 14 34 35 45 55 16 8 9 5 
13625500 13625702 1 2 1 -140 -174 -118 -136 -171 -124 -10 35 74 69 25 20 13 10 14 34 35 45 55 16 10 8 5 
13656000 13656148 1 -3 1 -63 -107 -48 -60 -104 -50 64 43 63 67 25 20 14 10 14 34 35 45 55 16 8 8 5 
13691500 13691549 1 0 0 -8 -55 0 -7 -52 5 119 45 60 59 25 20 14 10 14 34 35 45 55 16 7 7 5 
13766500 13766732 1 -1 1 -65 -104 -56 -67 -105 -55 59 38 84 90 25 20 14 10 14 34 35 45 55 16 7 11 5 
13772000 13772135 1 2 1 -149 -164 -140 -148 -164 -135 -21 16 77 70 25 20 14 10 14 34 35 45 55 16 11 9 5 
13854000 13854068 1 -3 1 -57 -107 -46 -52 -104 -40 74 51 71 73 25 20 14 10 14 34 35 45 55 16 8 8 5 
14017000 14017085 1 -1 1 -70 -119 -56 -76 -123 -63 51 48 93 96 25 20 14 10 14 34 35 45 55 16 11 11 5 
14125500 14125649 1 2 1 -473 -416 -458 -487 -425 -475 -361 -61 84 81 25 20 14 10 13 33 35 45 55 16 10 10 5 
14233500 14234373 1 -3 1 -65 -62 -48 -60 -56 -47 67 -2 69 70 25 20 14 10 13 33 35 45 55 16 5 9 5 
14262500 14262535 1 -1 1 -69 -71 -51 -67 -70 -56 58 3 79 81 25 20 14 10 13 33 35 45 55 16 6 9 5 
14284000 14284008 1 2 1 -228 -169 -211 -228 -169 -218 -104 -59 111 113 25 20 14 10 13 29 35 45 55 16 13 12 5 
14331000 14331045 1 -3 1 -64 -154 -45 -64 -151 -52 62 86 99 103 25 20 14 10 13 31 35 45 55 16 12 11 5 
14349500 14349554 1 0 0 -19 -134 0 -18 -134 -6 108 114 84 88 25 20 14 10 14 34 35 45 55 16 11 10 5 
14388500 14388540 1 0 0 -19 -112 0 -15 -110 -16 110 94 83 82 25 20 14 10 14 34 35 45 55 16 11 9 5 
14415500 14415659 1 0 0 -5 -97 0 -4 -96 -4 122 92 71 71 25 20 14 10 14 34 35 45 55 16 9 9 5 
14429000 14429071 1 0 0 -24 -103 0 -20 -98 -21 105 79 68 66 25 20 14 10 14 34 35 45 55 16 8 9 5 
14432000 14432052 1 13 0 3 -94 9 10 -89 20 134 98 78 76 25 20 14 10 14 34 35 45 55 16 9 8 5 
14437500 14437684 1 0 0 26 -80 0 32 -74 32 158 106 81 79 25 20 14 10 14 34 35 45 55 16 10 10 5 
14467500 14467622 1 0 0 58 -59 0 60 -56 73 187 115 78 77 25 20 14 10 14 34 35 45 55 16 10 10 5 
14477000 14477059 1 13 0 -66 -135 -10 -77 -142 -64 50 67 82 88 25 20 14 10 14 34 35 45 55 16 7 10 5 
14482500 14482685 1 0 0 -122 -169 0 -120 -167 -107 7 47 77 77 25 20 14 10 14 34 35 45 55 16 10 9 5 
14512500 14512586 1 0 0 -109 -158 0 -106 -155 -93 21 48 72 72 25 20 14 10 14 34 35 45 55 16 9 9 5 
14519000 14519062 1 13 0 -37 -112 8 -27 -104 -28 98 76 80 77 25 20 14 10 14 34 35 45 55 16 8 10 5 
14527500 14527502 1 0 0 39 -67 0 39 -68 52 166 109 82 83 25 20 14 10 14 34 35 45 55 16 7 6 5 
14559500 14559571 1 0 0 16 -78 0 13 -80 26 140 95 76 75 25 20 14 10 14 34 35 45 55 16 10 10 5 
14563500 14563810 1 13 0 -18 -97 9 -23 -97 -23 103 74 80 79 25 20 14 10 14 34 35 45 55 16 9 10 5 
14569500 14569597 1 0 0 -91 -140 0 -89 -138 -77 37 50 74 73 25 20 14 10 14 34 35 45 55 16 9 8 5 
14587500 14587655 1 0 0 -118 -155 0 -119 -155 -107 7 35 72 68 25 20 14 10 14 34 35 45 55 16 9 9 5 
14700500 14700521 1 0 0 -120 -157 0 -119 -155 -119 7 36 69 70 25 20 14 10 14 34 35 45 55 16 9 9 5 
14726500 14726628 1 0 0 -115 -153 0 -114 -152 -102 12 37 70 69 25 20 14 10 14 34 35 45 55 16 9 9 5 
14729000 14729004 1 13 0 -85 -130 -5 -86 -131 -73 41 46 73 70 25 20 14 10 14 34 35 45 55 16 9 7 5 
14733500 14733500 1 0 0 -19 -81 0 -15 -77 -4 110 62 80 86 25 20 14 10 14 34 35 45 55 16 11 10 5 
14743500 14743667 1 0 0 -22 -87 0 -19 -87 -19 107 68 84 85 25 20 14 10 14 34 35 45 55 16 11 11 5 
14745500 14745601 1 13 0 -36 -93 9 -32 -89 -20 94 57 86 80 25 20 14 10 14 34 35 45 55 16 11 8 5 
14750000 14750029 1 0 0 -98 -118 0 -99 -117 -98 28 19 96 100 25 20 14 10 14 32 35 45 55 16 8 12 5 
14758000 14758152 1 0 0 19 -67 0 22 -65 23 149 88 83 86 25 20 14 10 14 34 35 45 55 16 11 10 5 
14820000 14820148 1 0 0 11 -61 0 11 -61 9 135 70 71 68 25 20 14 10 15 35 35 45 55 16 9 9 5 
14826500 14826660 1 13 0 -80 -120 -5 -95 -128 -81 33 35 79 82 25 20 14 10 15 35 35 45 55 16 3 9 5 
14828500 14828561 1 0 0 -102 -133 0 -102 -132 -91 23 29 77 77 25 20 14 10 15 35 35 45 55 16 9 10 5 
14836500 14836670 1 0 0 -139 -163 0 -137 -160 -140 -14 21 69 67 25 20 14 10 15 35 35 45 55 16 9 9 5 
14846000 14846041 1 0 0 -109 -150 0 -102 -147 -104 22 44 75 70 25 20 14 10 15 35 35 45 55 16 10 6 5 
14974000 14974072 1 0 0 -103 -127 0 -101 -125 -91 23 24 69 69 25 20 14 10 16 36 35 45 55 16 9 9 5 
14993000 14993019 1 -1 1 -154 -188 -51 -152 -186 -140 -26 35 69 68 25 20 14 10 15 35 35 45 55 16 9 9 5 
15029000 15029030 1 2 1 -251 -268 -147 -249 -266 -236 -122 17 72 72 25 20 14 10 14 34 35 45 55 16 9 9 5 
15083000 15083212 1 -3 1 -153 -181 -49 -148 -177 -137 -23 28 69 68 25 20 14 10 14 34 35 45 55 16 9 9 5 
15159500 15159661 1 0 0 -106 -136 0 -100 -132 -88 26 31 70 70 25 20 14 10 14 34 35 45 55 16 9 9 5 
15181000 15181067 1 0 0 -68 -92 0 -66 -86 -54 60 20 90 91 25 20 14 10 14 34 35 45 55 16 8 11 5 
15218500 15218624 1 0 0 -52 -114 0 -54 -114 -42 72 59 88 88 25 20 14 10 14 34 35 45 55 16 11 11 5 
15297000 15297119 1 0 0 -77 -135 0 -79 -136 -66 48 58 88 86 25 20 14 10 14 34 35 45 55 16 12 11 5 
15315000 15315059 1 0 0 -108 -143 0 -101 -140 -89 25 40 98 97 25 20 14 10 14 34 35 45 55 16 12 12 5 
15336500 15336563 1 0 0 -11 -106 0 -8 -103 4 118 96 85 81 25 20 14 10 14 34 35 45 55 16 7 9 5 
15354500 15354592 1 -1 1 -63 -125 -54 -64 -126 -51 63 62 82 79 25 20 14 10 14 34 35 45 55 16 10 9 5 
15362500 15362601 1 2 1 -120 -162 -111 -115 -158 -104 10 42 93 88 25 20 14 10 14 34 35 45 55 16 9 9 5 
15374000 15383674 1 -3 1 -56 -126 -48 41 -69 52 166 108 96 97 25 20 14 10 14 34 35 45 55 16 0 6 5 
15387000 15387896 1 -1 1 -75 -134 -68 -161 -181 -148 -34 19 101 106 25 20 14 10 14 32 35 45 55 16 0 7 5 
15405000 15405032 1 2 1 -197 -272 -192 -201 -275 -190 -76 75 94 89 25 20 14 10 14 34 35 45 55 16 3 3 5 
15434500 15434521 1 -3 1 -49 -155 -46 -49 -151 -37 77 102 97 97 25 20 14 10 14 34 35 45 55 16 12 8 5 
15519000 15519001 1 -1 1 -54 -165 -57 -59 -163 -50 64 103 105 106 25 20 14 10 14 32 35 45 55 16 5 11 5 
15685500 15685804 1 2 1 -374 -256 -389 -430 -299 -418 -304 -130 100 106 25 20 15 10 13 31 35 45 55 16 2 2 5 
15791000 15791143 1 -3 1 -26 -127 -48 -22 -125 -11 103 101 101 101 25 20 14 10 13 31 35 45 55 16 11 12 5 
15821000 15821090 1 0 0 25 -91 0 27 -89 39 153 117 76 75 25 20 14 10 13 33 35 45 55 16 10 10 5 
15943000 15943120 1 -1 1 -29 -159 -52 -22 -150 -12 102 128 88 85 25 20 14 10 12 32 35 45 55 16 11 2 5 
15985500 15985630 1 2 1 -233 -276 -256 -230 -273 -220 -106 41 101 100 25 20 14 10 12 30 35 45 55 16 13 13 5 
16026000 16026102 1 -3 1 -18 -99 -40 -12 -95 0 114 83 87 89 25 20 14 10 12 32 35 45 55 16 10 9 5 
16048000 16048122 1 0 0 22 -68 0 26 -66 39 153 93 73 71 25 20 14 10 13 33 35 45 55 16 9 8 5 
16283500 16283523 1 0 0 32 -78 0 32 -78 32 158 111 81 84 25 20 14 10 13 33 35 45 55 16 11 10 5 
16383000 16383147 1 0 0 31 -77 0 30 -77 30 156 107 76 79 25 20 14 10 13 33 35 45 55 16 10 10 5 
16466500 16466593 1 -1 1 -24 -118 -50 -21 -114 -8 106 94 77 79 25 20 14 10 13 33 35 45 55 16 10 10 5 
16516000 16516152 1 2 1 -148 -217 -171 -146 -214 -134 -20 68 76 78 25 20 14 10 13 33 35 45 55 16 10 9 5 
16554000 16554174 1 -3 1 -27 -93 -49 -24 -89 -12 102 65 75 76 25 20 14 10 13 33 35 45 55 16 10 9 5 
16653000 16653142 1 0 0 16 -64 0 20 -60 19 145 80 76 75 25 20 14 10 13 33 35 45 55 16 10 9 5 
16914500 16914575 1 0 0 0 -83 0 1 -84 13 127 85 78 83 25 20 14 10 13 33 35 45 55 16 10 8 5 
16960000 16960139 1 -1 1 -50 -129 -51 -47 -126 -35 79 80 79 77 25 20 14 10 13 33 35 45 55 16 10 10 5 
17013500 17013657 1 2 1 -133 -193 -136 -132 -192 -121 -7 58 67 67 25 20 14 10 13 33 35 45 55 16 8 9 5 
17035000 17035065 1 -3 1 -47 -104 -50 -47 -104 -36 78 56 72 72 25 20 14 10 13 33 35 45 55 16 9 8 5 
17274500 17274589 1 0 0 10 -60 0 13 -58 25 139 71 72 72 25 20 14 10 13 33 35 45 55 16 9 8 5 
17460500 17460607 1 -1 1 -46 -134 -51 -44 -133 -31 83 91 80 82 25 20 14 10 13 33 35 45 55 16 10 9 5 
17524500 17524666 1 2 1 -238 -268 -242 -237 -268 -227 -113 29 85 86 25 20 15 10 13 33 35 45 55 16 11 9 5 
17599500 17599559 1 -3 1 -43 -100 -46 -33 -93 -20 94 62 80 83 25 20 15 10 13 33 35 45 55 16 7 8 5 
17786500 17786690 1 0 0 -2 -83 0 -1 -80 11 125 80 69 74 25 20 15 10 13 33 35 45 55 16 9 9 5 
18364000 18364593 1 0 0 1 -81 0 1 -83 12 126 85 80 81 25 20 14 10 13 33 35 45 55 16 4 7 5 
18393500 18393917 1 -1 1 -50 -145 -51 -47 -143 -36 78 96 82 78 25 20 14 10 13 33 35 45 55 16 7 6 5 
18481000 18481024 1 2 1 -167 -183 -168 -171 -186 -159 -45 15 87 87 25 20 14 10 13 33 35 45 55 16 11 11 5 
18501500 18501556 1 -3 1 -46 -92 -48 -45 -90 -34 80 45 79 75 25 20 14 10 13 33 35 45 55 16 10 7 5 
18619000 18619225 1 0 0 1 -78 0 3 -76 14 128 78 67 64 25 20 14 10 13 33 35 45 55 16 8 8 5 
18639000 18639199 1 -1 1 -50 -117 -51 -50 -117 -39 75 66 67 64 25 20 14 10 13 33 35 45 55 16 9 8 5 
18672000 18672138 1 2 1 -91 -138 -92 -94 -140 -83 31 46 60 60 25 20 14 10 13 33 35 45 55 16 7 8 5 
18696500 18696656 1 -3 1 -44 -103 -43 -38 -100 -27 87 62 63 66 25 20 14 10 13 33 35 45 55 16 8 8 5 
18730500 18730547 1 -1 1 -55 -109 -54 -57 -111 -45 69 53 73 71 25 20 14 10 13 33 35 45 55 16 9 7 5 
18792500 18792524 1 2 1 -228 -261 -226 -229 -260 -217 -103 30 63 59 25 20 14 10 13 33 35 45 55 16 8 7 5 
18864000 18864186 1 -3 1 -52 -100 -49 -49 -98 -37 77 49 58 58 25 20 14 10 14 34 35 45 55 16 7 7 5 
18920500 18920542 1 0 0 -4 -66 0 -1 -64 11 125 63 57 59 25 20 14 10 14 34 35 45 55 16 7 7 5 
19057500 19057669 1 0 0 -4 -55 0 -3 -53 9 123 50 57 57 25 20 14 10 14 34 35 45 55 16 7 7 5 
19154500 19154561 1 -1 1 -51 -96 -50 -49 -94 -37 77 45 66 66 25 20 14 10 14 34 35 45 55 16 5 8 5 
19185000 19185264 1 2 1 -83 -125 -83 -80 -120 -68 46 41 68 69 25 20 14 10 14 34 35 45 55 16 4 7 5 
19222500 19222661 1 -3 1 -46 -103 -48 -45 -102 -33 81 57 90 89 25 20 14 10 14 34 35 45 55 16 12 11 5 
19291000 19291018 1 0 0 5 -71 0 7 -68 19 133 76 69 65 25 20 14 10 14 34 35 45 55 16 8 8 5 
19332500 19332525 1 -1 1 -48 -117 -50 -44 -115 -31 83 72 68 69 25 20 14 10 14 34 35 45 55 16 9 9 5 
19374500 19375118 1 2 1 -244 -268 -245 -225 -250 -213 -99 25 76 80 25 20 14 10 14 34 35 45 55 16 4 10 5 
19439500 19439533 1 -3 1 -49 -111 -48 -51 -110 -39 75 59 67 66 25 20 15 10 14 34 35 45 55 16 8 8 5 
19464500 19464574 1 0 0 -2 -58 0 -3 -58 9 123 55 69 69 25 20 15 10 14 34 35 45 55 16 8 9 5 
19475500 19475581 1 0 0 39 -33 0 42 -29 54 168 71 60 60 25 20 15 10 14 34 35 45 55 16 7 8 5 
19579500 19579539 1 0 0 69 -25 0 72 -22 84 198 94 67 67 25 20 13 10 14 34 35 45 55 16 8 8 5 
19699500 19699723 1 0 0 54 -34 0 56 -31 68 182 88 65 66 25 20 13 10 14 34 35 45 55 16 8 8 5 
19755000 19755010 1 -1 1 -1 -59 -54 -2 -58 11 125 58 68 68 25 20 13 10 14 34 35 45 55 16 8 8 5 
19817000 19817114 1 2 1 -140 -185 -193 -139 -183 -127 -13 43 66 65 25 20 13 10 14 34 35 45 55 16 8 8 5 
19851500 19851599 1 -3 1 4 -63 -49 6 -62 18 132 68 65 67 25 20 13 10 14 34 35 45 55 16 8 8 5 
19954000 19954173 1 0 0 52 -29 0 69 -15 80 194 84 70 75 25 20 14 10 14 34 35 45 55 16 8 9 5 
19961000 19961180 1 13 0 -33 -82 -12 -38 -87 -27 87 48 76 77 25 20 14 10 14 34 35 45 55 16 7 9 5 
19965000 19965143 1 0 0 -61 -95 0 -60 -92 -47 67 33 70 77 25 20 14 10 14 34 35 45 55 16 9 9 5 
20230500 20230643 1 0 0 -80 -107 0 -75 -104 -65 49 29 61 60 25 20 13 10 14 34 35 45 55 16 8 7 5 
20571500 20571556 1 0 0 -111 -138 0 -112 -138 -100 14 25 62 61 25 20 13 10 14 34 35 45 55 16 8 8 5 
20579500 20579559 1 13 0 -16 -67 67 -14 -63 -3 111 47 79 80 25 20 13 10 14 34 35 45 55 16 7 9 5 
20586500 20586601 1 0 0 -58 -84 0 -66 -88 -54 60 23 86 87 25 20 13 10 14 34 35 45 55 16 11 11 5 
20608000 20608143 1 -1 1 -96 -140 -50 -96 -137 -83 31 42 65 63 25 20 13 10 14 34 35 45 55 16 8 8 5 
20654500 20654727 1 2 1 -234 -244 -215 -234 -244 -222 -108 12 61 61 25 20 13 10 14 34 35 45 55 16 8 7 5 
20659000 20659120 1 -3 1 -64 -129 -47 -43 -114 -31 83 71 67 75 25 20 13 10 14 34 35 45 55 16 6 8 5 
20687500 20687632 1 0 0 -1 -56 0 3 -52 16 130 56 57 55 25 20 13 10 14 34 35 45 55 16 7 7 5 
20766000 20766053 1 0 0 -45 -80 0 -44 -77 -33 81 33 56 55 25 20 13 10 14 34 35 45 55 16 7 6 5 
20770500 20770697 1 13 0 18 -37 28 38 -24 50 164 64 68 79 25 20 13 10 14 34 35 45 55 16 4 7 5 
20774000 20774054 1 0 0 17 -32 0 18 -32 31 145 51 66 62 25 20 13 10 14 34 35 45 55 16 9 7 5 
20781500 20781639 1 0 0 29 -14 0 33 -11 44 158 43 59 57 25 20 13 10 14 34 35 45 55 16 7 7 5 
20855000 20855213 1 0 0 39 -8 0 41 -5 53 167 46 55 56 25 20 13 10 14 34 35 45 55 16 7 7 5 
20895000 20895265 1 0 0 34 -15 0 36 -13 46 160 48 55 54 25 20 13 10 14 34 35 45 55 16 7 7 5 
20901500 20901789 1 13 0 -13 -52 16 -13 -52 0 114 40 77 82 25 20 13 10 14 34 35 45 55 16 7 9 5 
20906500 20906662 1 0 0 -79 -100 0 -78 -97 -67 47 19 60 57 25 20 13 10 14 34 35 45 55 16 7 7 5 
20928000 20928085 1 0 0 -86 -112 0 -87 -111 -75 39 25 59 59 25 20 13 10 14 34 35 45 55 16 7 7 5 
20932500 20932538 1 13 0 -36 -73 16 -27 -65 -16 98 39 69 76 25 20 13 10 14 34 35 45 55 16 8 9 5 
20939000 20939197 1 0 0 -1 -44 0 1 -41 13 127 42 57 53 25 20 14 10 14 34 35 45 55 16 7 7 5 
20982000 20982064 1 0 0 -32 -75 0 -31 -73 -20 94 41 54 55 25 20 14 10 14 34 35 45 55 16 7 7 5 
20993500 20993686 1 0 0 -9 -59 0 -8 -57 3 117 49 57 58 25 20 14 10 14 34 35 45 55 16 7 7 5 
21089500 21089673 1 0 0 -17 -65 0 -15 -62 -2 112 49 58 58 25 20 14 10 14 34 35 45 55 16 7 7 5 
21095000 21095182 1 13 0 -63 -89 -6 -70 -92 -57 57 24 67 71 25 20 14 10 14 34 35 45 55 16 6 8 5 
21101000 21101181 1 0 0 -100 -121 0 -98 -119 -86 28 22 56 56 25 20 14 10 14 34 35 45 55 16 7 7 5 
21168500 21168616 1 0 0 -96 -123 0 -95 -123 -83 31 29 57 56 25 20 14 10 14 34 35 45 55 16 7 7 5 
21183500 21183534 1 0 0 -55 -82 0 -52 -78 -41 73 27 63 66 25 20 14 10 14 34 35 45 55 16 9 7 5 
21191000 21191115 1 13 0 -3 -61 13 9 -54 20 134 61 64 60 25 20 14 10 14 34 35 45 55 16 7 8 5 
21194500 21194565 1 0 0 3 -52 0 3 -52 15 129 54 66 65 25 20 14 10 14 34 35 45 55 16 9 8 5 
21209500 21209729 1 0 0 9 -50 0 12 -47 24 138 61 59 59 25 20 14 10 14 34 35 45 55 16 7 7 5 
21216000 21216214 1 0 0 -8 -56 0 -4 -52 7 121 47 66 66 25 20 14 10 14 34 35 45 55 16 7 7 5 
21223000 21223026 1 0 0 -37 -80 0 -35 -79 -24 90 42 57 57 25 20 14 10 14 34 35 45 55 16 7 7 5 
21231000 21231220 1 0 0 -28 -78 0 -28 -76 -17 97 47 60 58 25 20 14 10 14 34 35 45 55 16 7 7 5 
21238500 21238628 1 0 0 -7 -56 0 -10 -57 2 116 47 83 85 25 20 14 10 14 34 35 45 55 16 7 10 5 
21260500 21260580 1 0 0 37 -44 0 40 -42 50 164 81 80 79 25 20 14 10 14 34 35 45 55 16 11 10 5 
