56500 56682 0 0 -1 0 0 0 0 0 0 37 0 64 62 25 20 14 10 25 45 35 45 55 16 8 8 5 
1363000 1363085 0 0 0 4 -70 0 2 -70 8 111 63 61 58 25 20 16 10 26 46 35 45 55 16 7 8 5 
1614500 1614544 0 0 0 -19 -74 0 -20 -75 -28 75 44 55 55 25 20 16 10 26 46 35 45 55 16 7 7 5 
2218000 2218155 0 0 0 0 -60 0 1 -59 -3 100 50 55 55 25 20 16 10 26 46 35 45 55 16 7 7 5 
2623000 2623264 0 0 0 15 -49 0 14 -49 7 110 48 56 56 25 20 16 10 26 46 35 45 55 16 7 7 5 
3635500 3635670 0 0 0 9 -49 0 6 -51 6 109 54 64 64 25 20 16 10 26 46 35 45 55 16 8 8 5 
4173500 4173595 0 0 0 11 -59 0 9 -60 11 114 59 65 63 25 20 16 10 26 46 35 45 55 16 8 8 5 
4948000 4948037 0 0 0 24 -52 0 24 -53 22 125 68 62 63 25 20 16 10 25 45 35 45 55 16 8 8 5 
5664500 5664605 0 0 0 24 -50 0 25 -50 18 121 62 67 69 25 20 16 10 25 45 35 45 55 16 8 9 5 
6791500 6791645 0 0 0 1 -64 0 -2 -66 -12 91 47 60 60 25 20 16 10 25 45 35 45 55 16 7 7 5 
7873000 7873132 0 0 0 -10 -72 0 -9 -71 -18 85 48 56 55 25 20 16 10 25 45 35 45 55 16 7 7 5 
8797500 8797511 0 0 0 -5 -72 0 -7 -74 -18 85 43 57 57 25 20 16 10 26 46 35 45 55 16 7 7 5 
9879500 9879734 0 0 0 12 -52 0 12 -52 -2 101 44 54 49 25 20 16 10 25 45 35 45 55 16 7 6 5 
10269500 10269692 0 0 0 2 -59 0 -1 -61 -15 88 47 57 60 25 20 16 10 25 45 35 45 55 16 7 4 5 
11180500 11180764 0 0 0 9 -61 0 9 -61 -2 101 50 51 49 25 20 16 10 25 45 35 45 55 16 6 6 5 
12305500 12305541 0 0 0 0 -58 0 0 -57 -16 87 40 51 51 25 20 16 10 25 45 35 45 55 16 6 6 5 
12547500 12547625 0 0 0 2 -56 0 0 -59 -17 86 41 57 54 25 20 16 10 25 45 35 45 55 16 7 7 5 
12877500 12877624 0 0 0 9 -53 0 10 -53 -4 99 45 57 61 25 20 16 10 25 45 35 45 55 16 7 7 5 
12895500 12895756 0 0 0 8 -55 0 8 -55 -23 80 92 53 53 25 20 16 10 19 39 35 45 55 16 6 7 5 
13252500 13252709 0 0 0 10 -57 0 10 -57 0 103 46 55 48 25 20 16 10 25 45 35 45 55 16 7 6 5 
13278500 13278672 0 0 0 5 -56 0 4 -58 -4 99 47 53 64 25 20 16 10 25 45 35 45 55 16 6 4 5 
13515000 13515222 0 0 0 4 -67 0 4 -68 -13 90 51 52 50 25 20 16 10 24 44 35 45 55 16 6 6 5 
14505000 14505123 0 0 0 24 -46 0 22 -48 9 112 56 64 66 25 20 16 10 24 44 35 45 55 16 8 8 5 
14560000 14560033 0 -1 1 66 -12 51 58 -16 78 181 85 81 79 25 20 16 10 25 45 35 45 55 16 10 8 5 
14565000 14565048 0 2 1 154 41 140 157 42 199 302 151 85 82 25 20 16 10 25 45 35 45 55 16 11 9 5 
14581500 14581590 0 -3 1 61 -43 49 62 -43 85 188 119 84 85 25 20 16 10 25 45 35 45 55 16 6 4 5 
14628000 14628180 0 0 0 4 -67 0 3 -71 1 104 56 73 90 25 20 16 10 25 45 35 45 55 16 3 9 5 
14768500 14768584 0 0 0 28 -42 0 32 -41 21 124 56 71 72 25 20 16 10 25 45 35 45 55 16 9 9 5 
14852000 14852010 0 -1 1 71 -28 62 61 -37 86 189 122 88 90 25 20 16 10 25 45 35 45 55 16 11 11 5 
14856000 14856031 0 2 1 142 7 134 147 12 202 305 178 87 85 25 20 16 10 25 45 35 45 55 16 11 10 5 
14874000 14874114 0 -3 1 51 -44 47 44 -50 63 166 105 81 81 25 20 16 10 25 45 35 45 55 16 10 10 5 
14906500 14906578 0 0 0 -3 -70 0 -5 -74 -11 92 53 78 79 25 20 16 10 25 45 35 45 55 16 11 9 5 
15026000 15026108 0 0 0 26 -54 0 28 -58 50 153 102 90 89 25 20 16 10 25 45 35 45 55 16 8 10 5 
15142500 15142542 0 0 0 -7 -75 0 -8 -75 -11 92 47 63 61 25 20 16 10 26 46 35 45 55 16 8 8 5 
15169500 15169555 0 0 0 2 -64 0 0 -65 -1 102 51 65 56 25 20 16 10 26 46 35 45 55 16 8 8 5 
15185500 15185588 0 0 0 16 -56 0 15 -61 14 117 63 81 87 25 20 16 10 26 46 35 45 55 16 10 10 5 
15423500 15423624 0 0 0 12 -62 0 10 -64 8 111 62 70 71 25 20 16 10 25 45 35 45 55 16 9 9 5 
15808000 15808173 0 0 0 28 -49 0 26 -51 24 127 67 70 75 25 20 16 10 25 45 35 45 55 16 9 9 5 
16147500 16147508 0 0 0 9 -58 0 9 -57 4 107 54 80 78 25 20 16 10 25 45 35 45 55 16 10 10 5 
16434500 16434676 0 0 0 7 -65 0 6 -65 -1 102 58 65 66 25 20 16 10 25 45 35 45 55 16 8 8 5 
16899500 16899527 0 0 0 1 -66 0 3 -65 5 108 67 72 74 25 20 16 10 25 45 35 45 55 16 9 9 5 
17013500 17013757 0 0 0 15 -57 0 12 -61 11 114 64 61 56 25 20 16 10 25 45 35 45 55 16 8 8 5 
17359000 17359105 0 0 0 13 -45 0 9 -49 4 107 50 60 61 25 20 16 10 25 45 35 45 55 16 7 7 5 
18776500 18776543 0 0 0 4 -59 0 4 -58 -5 98 46 51 50 25 20 16 10 26 46 35 45 55 16 6 6 5 
19270500 19270703 0 0 0 17 -54 0 16 -55 10 113 50 54 54 25 20 16 10 26 46 35 45 55 16 7 5 5 
19278500 19278519 0 0 0 16 -51 0 13 -52 5 108 49 56 60 25 20 16 10 26 46 35 45 55 16 7 7 5 
19695000 19695080 0 0 0 9 -58 0 6 -60 -29 74 118 66 72 25 20 16 10 17 37 35 45 55 16 5 8 5 
20194000 20194220 0 0 0 3 -62 0 0 -64 -40 63 114 60 60 25 20 16 10 17 37 35 45 55 16 8 7 5 
20302500 20302647 0 0 0 15 -49 0 15 -48 -26 77 109 67 68 25 20 16 10 17 37 35 45 55 16 8 9 5 
21386500 21386644 0 0 0 -3 -63 0 -3 -63 -15 88 53 59 54 25 20 16 10 25 45 35 45 55 16 8 7 5 
21568000 21568111 0 0 0 -11 -67 0 -12 -68 -27 76 47 58 56 25 20 16 10 25 45 35 45 55 16 7 7 5 
22033000 22033038 0 0 0 14 -46 0 13 -47 1 104 51 56 57 25 20 16 10 25 45 35 45 55 16 7 7 5 
56500 56682 1 0 -1 0 0 0 0 0 0 -9 0 64 62 25 20 14 10 25 45 35 45 55 16 8 8 5 
1374500 1374647 1 0 0 3 27 0 0 23 5 -25 -22 60 62 25 20 16 10 26 46 35 45 55 16 7 8 5 
1614500 1614544 1 0 0 -2 26 0 -4 24 -1 -31 -29 55 55 25 20 16 10 26 46 35 45 55 16 7 7 5 
2225500 2225737 1 0 0 6 26 0 3 24 7 -23 -22 57 58 25 20 16 10 26 46 35 45 55 16 7 7 5 
2627000 2627204 1 0 0 13 39 0 12 38 16 -14 -26 57 58 25 20 16 10 26 46 35 45 55 16 7 7 5 
3637500 3637617 1 0 0 2 26 0 2 26 6 -24 -24 64 61 25 20 16 10 26 46 35 45 55 16 8 5 5 
4177500 4177572 1 0 0 -13 18 0 -15 16 -10 -40 -31 65 65 25 20 16 10 26 46 35 45 55 16 8 8 5 
4946000 4946078 1 0 0 4 29 0 3 28 8 -22 -25 62 61 25 20 16 10 25 45 35 45 55 16 8 8 5 
5655000 5655140 1 0 0 -3 24 0 -5 21 -1 -31 -25 65 64 25 20 16 10 25 45 35 45 55 16 8 8 5 
6795000 6795136 1 0 0 0 19 0 -3 16 2 -28 -19 60 57 25 20 16 10 25 45 35 45 55 16 8 7 5 
7865500 7865633 1 0 0 15 33 0 14 33 16 -14 -19 55 57 25 20 16 10 25 45 35 45 55 16 7 7 5 
8797500 8797511 1 0 0 10 28 0 8 26 13 -17 -18 57 57 25 20 16 10 26 46 35 45 55 16 7 7 5 
9862500 9862781 1 0 0 12 31 0 15 33 18 -12 -18 52 50 25 20 16 10 25 45 35 45 55 16 6 6 5 
10271000 10271865 1 0 0 18 29 0 15 26 18 -12 -12 56 51 25 20 16 10 25 45 35 45 55 16 4 7 5 
11190000 11190247 1 0 0 23 31 0 26 34 31 1 -7 52 51 25 20 16 10 25 45 35 45 55 16 7 6 5 
12305500 12305541 1 0 0 17 27 0 15 26 19 -11 -10 51 51 25 20 16 10 25 45 35 45 55 16 6 6 5 
12551500 12551756 1 0 0 13 24 0 11 22 15 -15 -11 57 50 25 20 16 10 25 45 35 45 55 16 7 7 5 
12878500 12878638 1 0 0 18 26 0 16 24 20 -10 -9 58 54 25 20 16 10 25 45 35 45 55 16 7 7 5 
12893500 12893707 1 0 0 60 14 0 61 15 66 36 47 53 53 25 20 16 10 19 39 35 45 55 16 7 6 5 
13252500 13252709 1 0 0 64 59 0 63 59 67 37 4 55 48 25 20 16 10 25 45 35 45 55 16 7 6 5 
13272000 13272133 1 13 0 4 19 -22 -19 3 -16 -46 -21 77 80 25 20 16 10 25 45 35 45 55 16 8 10 5 
13279000 13279940 1 0 0 12 28 0 11 29 18 -12 -16 54 69 25 20 16 10 25 45 35 45 55 16 4 7 5 
13515000 13515222 1 0 0 7 26 0 6 25 12 -18 -19 52 50 25 20 16 10 24 44 35 45 55 16 6 6 5 
14508500 14508710 1 0 0 15 31 0 10 28 14 -16 -19 64 60 25 20 16 10 24 44 35 45 55 16 8 8 5 
14560000 14560033 1 -1 1 69 77 63 72 86 77 47 -13 81 79 25 20 16 10 25 45 35 45 55 16 10 8 5 
14577000 14577077 1 2 1 174 161 170 168 159 173 143 10 85 84 25 20 16 10 25 45 35 45 55 16 9 11 5 
14585500 14585663 1 -3 1 50 91 48 44 86 48 18 -41 82 82 25 20 16 10 25 45 35 45 55 16 10 11 5 
14632500 14632541 1 0 0 -6 19 0 -4 23 0 -30 -27 68 61 25 20 16 10 25 45 35 45 55 16 9 8 5 
14765500 14765688 1 0 0 -3 25 0 -2 26 2 -28 -28 65 64 25 20 16 10 25 45 35 45 55 16 8 8 5 
14852000 14852010 1 -1 1 49 56 64 50 57 54 24 -6 88 90 25 20 16 10 25 45 35 45 55 16 11 11 5 
14855500 14855515 1 2 1 149 131 164 146 129 152 122 17 87 86 25 20 16 10 25 45 35 45 55 16 12 10 5 
14877500 14877535 1 -3 1 25 70 43 25 72 30 0 -46 76 78 25 20 16 10 25 45 35 45 55 16 10 9 5 
14903500 14903632 1 0 0 -22 -2 0 -33 -12 -27 -57 -21 76 77 25 20 16 10 25 45 35 45 55 16 9 10 5 
15024500 15024632 1 0 0 -61 -13 0 -63 -18 -59 -89 -45 89 90 25 20 16 10 25 45 35 45 55 16 10 8 5 
15083000 15083014 1 -1 1 29 64 64 29 63 34 4 -32 84 83 25 20 16 10 25 45 35 45 55 16 11 11 5 
15110000 15110057 1 2 1 179 188 201 173 184 177 147 -11 80 78 25 20 16 10 25 45 35 45 55 16 9 9 5 
15119000 15119074 1 -3 1 23 60 41 14 54 18 -12 -41 67 66 25 20 16 10 26 46 35 45 55 16 8 8 5 
15143500 15143571 1 0 0 -8 12 0 -11 10 -8 -38 -22 63 68 25 20 16 10 26 46 35 45 55 16 8 8 5 
15170500 15170710 1 0 0 -6 19 0 -8 18 -3 -33 -26 69 73 25 20 16 10 26 46 35 45 55 16 8 10 5 
15187500 15187681 1 0 0 -27 0 0 -20 4 -16 -46 -23 81 82 25 20 16 10 26 46 35 45 55 16 10 10 5 
15427500 15427610 1 0 0 -43 -8 0 -44 -8 -40 -70 -36 72 71 25 20 16 10 25 45 35 45 55 16 9 9 5 
15810000 15810160 1 0 0 -21 11 0 -21 10 -18 -48 -32 71 75 25 20 16 10 25 45 35 45 55 16 9 9 5 
16142000 16142102 1 0 0 -42 -3 0 -42 -4 -36 -66 -37 76 75 25 20 16 10 25 45 35 45 55 16 10 9 5 
16438000 16438137 1 0 0 -18 13 0 -18 13 -14 -44 -31 68 72 25 20 16 10 25 45 35 45 55 16 8 9 5 
16902500 16902653 1 0 0 -41 -3 0 -44 -6 -42 -72 -40 70 70 25 20 16 10 25 45 35 45 55 16 9 9 5 
17010500 17010598 1 0 0 -8 17 0 -10 14 -4 -34 -23 63 66 25 20 16 10 25 45 35 45 55 16 8 8 5 
17353000 17353139 1 0 0 -6 19 0 -8 15 -3 -33 -23 61 60 25 20 16 10 25 45 35 45 55 16 7 8 5 
18770500 18770587 1 0 0 16 34 0 15 32 21 -9 -16 48 47 25 20 16 10 26 46 35 45 55 16 5 6 5 
19270000 19270161 1 0 0 16 37 0 16 37 21 -9 -21 54 56 25 20 16 10 26 46 35 45 55 16 7 5 5 
19275000 19275166 1 13 0 62 65 5 71 71 75 45 1 54 51 25 20 16 10 26 46 35 45 55 16 2 7 5 
19278000 19278251 1 0 0 82 78 0 83 79 86 56 3 56 56 25 20 16 10 26 46 35 45 55 16 7 7 5 
19692000 19692169 1 0 0 57 50 0 57 53 63 33 6 65 69 25 20 16 10 17 37 35 45 55 16 8 5 5 
20196500 20196594 1 0 0 51 48 0 50 48 54 24 2 58 57 25 20 16 10 17 37 35 45 55 16 7 7 5 
20299000 20299072 1 0 0 56 62 0 52 59 56 26 -6 67 68 25 20 16 10 17 37 35 45 55 16 8 8 5 
21384500 21384654 1 0 0 44 54 0 43 55 47 17 -12 59 62 25 20 16 10 25 45 35 45 55 16 7 8 5 
21572000 21572187 1 0 0 47 58 0 45 55 48 18 -12 61 65 25 20 16 10 25 45 35 45 55 16 7 8 5 
22031000 22031109 1 0 0 61 66 0 58 63 63 33 -5 57 54 25 20 16 10 25 45 35 45 55 16 7 7 5 
