31000 31179 0 0 0 -150 -133 0 -141 -118 -154 -112 -24 78 75 25 20 16 10 14 34 35 45 55 16 10 10 5 
45500 45644 0 -1 1 -206 -185 -55 -198 -175 -211 -169 -23 80 81 25 20 16 10 14 34 35 45 55 16 9 10 5 
53500 53938 0 2 1 -323 -281 -173 -322 -276 -335 -293 -45 77 78 25 20 16 10 14 34 35 45 55 16 7 10 5 
82000 82506 0 -3 1 -199 -183 -48 -179 -168 -191 -149 -9 89 91 25 20 16 10 14 34 35 45 55 16 4 8 5 
90000 90065 0 0 0 -151 -186 0 -135 -172 -149 -107 37 82 84 25 20 16 10 14 34 35 45 55 16 11 9 5 
101000 101099 0 0 0 -154 -176 0 -152 -170 -165 -123 17 85 85 25 20 16 10 14 34 35 45 55 16 9 10 5 
104500 104502 0 13 0 -139 -171 -11 -127 -159 -138 -96 33 83 84 25 20 16 10 14 34 35 45 55 16 10 10 5 
108000 108494 0 0 0 -103 -144 0 -80 -124 -94 -52 42 84 88 25 20 16 10 14 34 35 45 55 16 9 8 5 
113500 113616 0 13 0 -60 -111 -12 -46 -98 -58 -16 53 90 88 25 20 16 10 14 34 35 45 55 16 7 6 5 
119000 119105 0 0 0 6 -65 0 15 -55 3 45 70 91 88 25 20 16 10 14 34 35 45 55 16 4 12 5 
127000 127391 0 0 0 5 -50 0 5 -48 -7 35 53 94 92 25 20 16 10 14 34 35 45 55 16 4 9 5 
148000 148803 0 0 0 -9 -68 0 1 -55 -9 33 56 87 91 25 20 16 10 14 34 35 45 55 16 4 10 5 
151500 152876 0 13 0 44 -22 1 113 26 101 143 87 86 94 25 20 16 10 14 34 35 45 55 16 3 7 5 
154000 154215 0 0 0 79 0 0 90 12 80 122 80 87 87 25 20 16 10 14 34 35 45 55 16 4 11 5 
161000 161001 0 0 0 59 -13 0 80 4 67 109 76 87 89 25 20 16 10 14 34 35 45 55 16 9 6 5 
164000 164012 0 13 0 19 -36 -5 19 -33 8 50 52 90 91 25 20 16 10 14 34 35 45 55 16 6 12 5 
166000 166111 0 0 0 1 -47 0 15 -33 3 45 49 93 94 25 20 16 10 14 34 35 45 55 16 12 11 5 
186500 186594 0 0 0 -21 -84 0 -12 -73 -23 19 60 90 88 25 20 17 10 14 34 35 45 55 16 7 8 5 
189000 189574 0 13 0 18 -47 9 40 -28 26 68 67 88 87 25 20 17 10 14 34 35 45 55 16 7 7 5 
193500 193548 0 0 0 65 -7 0 76 5 63 105 71 89 91 25 20 17 10 14 34 35 45 55 16 7 10 5 
260500 260539 0 0 0 65 -4 0 77 9 65 107 69 86 85 25 20 17 10 14 34 35 45 55 16 9 8 5 
263500 263626 0 13 0 34 -23 1 54 -8 42 84 62 89 90 25 20 17 10 14 34 35 45 55 16 11 11 5 
266500 266617 0 0 0 -1 -41 0 -3 -35 -16 26 32 89 101 25 20 17 10 14 32 35 45 55 16 10 10 5 
283000 283035 0 0 -1 0 0 0 0 0 0 38 0 79 80 25 20 17 10 15 35 35 45 55 16 9 10 5 
889500 889514 0 0 0 -17 -35 0 -4 -21 -17 25 16 76 77 25 20 17 10 14 34 35 45 55 16 9 9 5 
918000 918040 0 0 0 -31 -34 0 -16 -18 -29 13 2 75 74 25 20 17 10 14 34 35 45 55 16 10 9 5 
1115500 1115596 0 0 0 -16 -33 0 -7 -21 -20 22 15 79 80 25 20 17 10 14 34 35 45 55 16 10 10 5 
1136000 1136022 0 0 0 12 -2 0 22 8 10 52 14 76 79 25 20 17 10 14 34 35 45 55 16 10 10 5 
1246000 1246027 0 0 0 -2 -20 0 8 -10 -4 38 18 72 73 25 20 17 10 14 34 35 45 55 16 9 9 5 
1260000 1260056 0 0 0 19 -7 0 31 4 18 60 28 73 75 25 20 17 10 14 34 35 45 55 16 9 9 5 
1347000 1347205 0 0 0 -1 -13 0 14 -3 0 42 16 69 70 25 20 17 10 14 34 35 45 55 16 9 9 5 
1538500 1538663 0 0 0 -7 -26 0 4 -17 -9 33 21 69 68 25 20 17 10 14 34 35 45 55 16 9 9 5 
1559500 1559600 0 0 0 -39 -59 0 -23 -43 -36 6 20 73 74 25 20 17 10 14 34 35 45 55 16 9 9 5 
1713000 1713036 0 0 0 -3 -24 0 10 -15 -2 40 25 73 75 25 20 17 10 14 34 35 45 55 16 9 9 5 
1863000 1863198 0 0 0 0 -26 0 15 -11 2 44 25 76 74 25 20 17 10 14 34 35 45 55 16 10 10 5 
1886500 1886551 0 0 0 -24 -41 0 -11 -27 -23 19 16 77 77 25 20 17 10 14 34 35 45 55 16 10 10 5 
2026000 2026148 0 0 0 -49 -68 0 -33 -52 -46 -4 19 76 76 25 20 17 10 14 34 35 45 55 16 10 10 5 
2080500 2080553 0 0 0 -28 -46 0 -20 -38 -32 10 18 77 76 25 20 17 10 14 34 35 45 55 16 10 10 5 
2122500 2122546 0 -1 1 -78 -110 -51 -69 -100 -82 -40 30 83 83 25 20 17 10 14 34 35 45 55 16 11 11 5 
2144500 2144531 0 2 1 -138 -152 -111 -128 -143 -140 -98 15 77 75 25 20 17 10 14 34 35 45 55 16 9 8 5 
2173500 2173506 0 -3 1 -76 -77 -49 -62 -63 -75 -33 0 78 78 25 20 17 10 14 34 35 45 55 16 10 10 5 
2237000 2237031 0 -1 1 -77 -106 -51 -65 -99 -77 -35 34 82 85 25 20 17 10 14 34 35 45 55 16 10 10 5 
2327000 2327055 0 2 1 -233 -221 -207 -222 -210 -235 -193 -12 78 81 25 20 17 10 14 34 35 45 55 16 10 10 5 
2508500 2508598 0 -3 1 -70 -76 -47 -57 -61 -69 -27 3 76 78 25 20 17 10 14 34 35 45 55 16 5 10 5 
2575500 2575618 0 0 0 -22 -39 0 -11 -28 -24 18 17 75 74 25 20 17 10 14 34 35 45 55 16 9 8 5 
2584500 2584726 0 13 0 -12 -37 -17 -3 -29 -15 27 27 83 82 25 20 17 10 14 34 35 45 55 16 9 9 5 
2593000 2593112 0 0 0 29 -21 0 37 -11 25 67 47 92 91 25 20 17 10 14 34 35 45 55 16 10 10 5 
2620500 2620580 0 0 0 -5 -89 0 6 -79 -7 35 83 90 92 25 20 17 10 14 34 35 45 55 16 9 11 5 
2647500 2647610 0 0 0 36 -36 0 46 -26 34 76 74 87 84 25 20 17 10 14 34 35 45 55 16 8 11 5 
2656000 2656309 0 -1 1 -18 -52 -51 -10 -44 -21 21 34 85 87 25 20 17 10 14 34 35 45 55 16 10 7 5 
2675500 2675549 0 2 1 -64 -80 -93 -55 -70 -67 -25 15 74 72 25 20 17 10 14 34 35 45 55 16 9 9 5 
2702000 2702180 0 -3 1 -28 -55 -50 -17 -43 -29 13 26 73 72 25 20 17 10 14 34 35 45 55 16 9 8 5 
2721500 2722301 0 0 0 17 -24 0 25 -16 12 54 41 74 77 25 20 17 10 14 34 35 45 55 16 6 9 5 
2730000 2730085 0 -1 1 -39 -72 -52 -32 -63 -45 -3 30 75 74 25 20 17 10 14 34 35 45 55 16 9 8 5 
2737500 2737529 0 2 1 -75 -108 -84 -63 -96 -75 -33 35 75 75 25 20 17 10 14 34 35 45 55 16 9 10 5 
2748000 2748025 0 -3 1 -41 -67 -45 -32 -59 -44 -2 27 76 76 25 20 17 10 14 34 35 45 55 16 10 10 5 
2764500 2764505 0 0 0 -3 -28 0 9 -14 -5 37 23 77 79 25 20 17 10 14 34 35 45 55 16 10 10 5 
2829500 2829599 0 0 0 42 11 0 49 18 36 78 31 77 75 25 20 17 10 14 34 35 45 55 16 10 10 5 
2883500 2883547 0 0 0 10 -14 0 20 -4 8 50 24 76 78 25 20 17 10 14 34 35 45 55 16 9 10 5 
3022500 3022531 0 0 0 43 11 0 56 25 44 86 32 75 74 25 20 17 10 14 34 35 45 55 16 9 10 5 
3148000 3148077 0 0 0 36 6 0 47 17 34 76 30 76 75 25 20 17 10 14 34 35 45 55 16 10 10 5 
3165000 3165202 0 0 0 -7 -30 0 3 -22 -10 32 25 76 74 25 20 17 10 14 34 35 45 55 16 9 9 5 
3362000 3362081 0 0 0 5 -25 0 17 -13 5 47 30 75 74 25 20 17 10 14 34 35 45 55 16 9 10 5 
3752000 3752007 0 0 0 -2 -23 0 6 -14 -7 35 20 76 76 25 20 17 10 14 34 35 45 55 16 10 10 5 
3767000 3767052 0 0 0 39 6 0 51 15 40 82 36 77 75 25 20 17 10 14 34 35 45 55 16 10 10 5 
4073500 4073656 0 0 0 39 11 0 54 27 42 84 28 74 74 25 20 17 10 14 34 35 45 55 16 9 8 5 
4087500 4087533 0 13 0 26 -2 23 35 7 21 63 30 79 77 25 20 17 10 13 33 35 45 55 16 10 9 5 
4093000 4093110 0 0 0 -12 -39 0 -7 -33 -19 23 26 80 79 25 20 17 10 13 33 35 45 55 16 10 10 5 
4113000 4113143 0 -1 1 -65 -86 -55 -53 -74 -66 -24 21 76 76 25 20 17 10 13 33 35 45 55 16 10 10 5 
4129500 4129825 0 2 1 -106 -125 -98 -101 -118 -114 -72 17 75 75 25 20 17 10 13 33 35 45 55 16 8 9 5 
4146000 4146145 0 -3 1 -57 -76 -50 -47 -67 -61 -19 20 77 77 25 20 17 10 13 33 35 45 55 16 10 10 5 
4200000 4200074 0 0 0 -2 -29 0 8 -19 -4 38 28 76 75 25 20 17 10 14 34 35 45 55 16 10 10 5 
4335000 4335040 0 0 0 20 -18 0 28 -10 16 58 38 77 77 25 20 17 10 14 34 35 45 55 16 10 10 5 
4416500 4416551 0 0 0 -5 -31 0 7 -19 -5 37 27 77 76 25 20 17 10 14 34 35 45 55 16 10 10 5 
4481500 4481670 0 0 0 -11 -28 0 -5 -19 -16 26 14 79 79 25 20 17 10 15 35 35 45 55 16 9 9 5 
4495000 4495103 0 -1 1 -57 -81 -56 -52 -69 -64 -22 18 80 80 25 20 17 10 15 35 35 45 55 16 10 10 5 
4507500 4507579 0 2 1 -181 -203 -190 -162 -185 -175 -133 23 84 82 25 20 17 10 15 35 35 45 55 16 9 9 5 
4546000 4546016 0 -3 1 -9 -88 -48 14 -67 1 43 82 84 85 25 20 17 10 14 34 35 45 55 16 4 9 5 
4560000 4560493 0 0 0 50 -29 0 65 -17 52 94 80 87 87 25 20 17 10 14 34 35 45 55 16 6 8 5 
4613500 4613563 0 -1 1 3 -72 -51 22 -56 10 52 78 85 86 25 20 17 10 15 35 35 45 55 16 11 8 5 
4629500 4629559 0 2 1 -88 -143 -143 -79 -134 -91 -49 54 82 83 25 20 17 10 15 35 35 45 55 16 7 10 5 
4640500 4640721 0 -3 1 7 -51 -49 28 -28 15 57 57 81 82 25 20 17 10 15 35 35 45 55 16 5 9 5 
4672500 4672803 0 0 0 58 -2 0 69 9 58 100 60 85 86 25 20 17 10 14 34 35 45 55 16 6 7 5 
4714500 4714532 0 0 0 86 14 0 103 30 90 132 74 83 83 25 20 17 10 15 35 35 45 55 16 9 8 5 
4727000 4727238 0 -1 1 34 -42 -54 41 -33 28 70 75 82 84 25 20 17 10 15 35 35 45 55 16 1 7 5 
4733500 4733580 0 2 1 -27 -88 -115 -4 -66 -15 27 62 84 84 25 20 17 10 15 35 35 45 55 16 7 2 5 
4755500 4755644 0 -3 1 43 -24 -48 65 0 52 94 64 82 84 25 20 17 10 14 34 35 45 55 16 2 7 5 
4785000 4785315 0 0 0 94 28 0 99 36 87 129 63 86 86 25 20 17 10 14 34 35 45 55 16 6 6 5 
4804500 4804583 0 -1 1 30 -37 -51 39 -32 32 74 72 85 86 25 20 17 10 15 35 35 45 55 16 11 7 5 
4822000 4822018 0 2 1 -73 -129 -142 -55 -111 -68 -26 57 85 87 25 20 17 10 15 35 35 45 55 16 8 9 5 
4844000 4844511 0 -3 1 7 -45 -46 25 -32 13 55 59 81 83 25 20 17 10 14 34 35 45 55 16 4 6 5 
4873000 4873925 0 0 0 34 4 0 37 18 25 67 19 81 78 25 20 17 10 14 34 35 45 55 16 1 8 5 
4881500 4881855 0 13 0 -17 -46 -6 -9 -39 -21 21 29 83 83 25 20 17 10 14 34 35 45 55 16 5 11 5 
4888000 4888006 0 0 0 -45 -56 0 -34 -45 -47 -5 10 81 79 25 20 17 10 14 34 35 45 55 16 10 10 5 
4902000 4902143 0 -1 1 -99 -113 -50 -85 -103 -98 -56 17 76 72 25 20 17 10 14 34 35 45 55 16 10 9 5 
4925000 4925156 0 2 1 -281 -265 -227 -273 -256 -285 -243 -17 74 75 25 20 17 10 14 34 35 45 55 16 9 9 5 
4944000 4944230 0 -3 1 -104 -99 -45 -91 -84 -105 -63 -8 75 74 25 20 17 10 14 34 35 45 55 16 8 9 5 
4969000 4969007 0 0 0 -65 -65 0 -57 -58 -71 -29 1 75 77 25 20 17 10 14 34 35 45 55 16 9 10 5 
5018500 5018671 0 0 0 -52 -55 0 -38 -42 -51 -9 4 75 75 25 20 17 10 14 34 35 45 55 16 9 9 5 
5047000 5047043 0 -1 1 -117 -117 -53 -108 -105 -121 -79 -3 78 79 25 20 17 10 15 35 35 45 55 16 10 10 5 
5061500 5061687 0 2 1 -236 -230 -166 -223 -218 -236 -194 -6 75 77 25 20 17 10 15 35 35 45 55 16 9 10 5 
5076500 5076641 0 -3 1 -121 -110 -45 -112 -100 -125 -83 -14 77 74 25 20 17 10 15 35 35 45 55 16 10 10 5 
5089000 5089222 0 0 0 -82 -73 0 -71 -63 -84 -42 -9 74 74 25 20 17 10 14 34 35 45 55 16 9 9 5 
5137500 5137605 0 0 0 -51 -53 0 -39 -42 -52 -10 3 75 78 25 20 17 10 14 34 35 45 55 16 10 10 5 
5269000 5269069 0 0 0 -42 -43 0 -29 -33 -41 1 4 77 76 25 20 17 10 15 35 35 45 55 16 10 10 5 
5363500 5363593 0 0 0 -52 -56 0 -36 -40 -49 -7 4 77 75 25 20 17 10 15 35 35 45 55 16 10 10 5 
5377500 5377631 0 13 0 7 -31 -3 15 -22 3 45 37 85 83 25 20 17 10 15 35 35 45 55 16 11 11 5 
5385000 5385153 0 0 0 43 -2 0 52 10 41 83 43 88 89 25 20 17 10 15 35 35 45 55 16 11 11 5 
5465500 5465583 0 0 0 19 -36 0 32 -24 21 63 58 84 81 25 20 17 10 15 35 35 45 55 16 9 6 5 
5466500 5466671 0 13 0 16 -38 8 35 -20 24 66 54 85 83 25 20 17 10 15 35 35 45 55 16 10 6 5 
5471000 5471012 0 0 0 -44 -75 0 -29 -61 -40 2 32 87 88 25 20 17 10 15 35 35 45 55 16 9 10 5 
5535000 5535090 0 0 0 -42 -49 0 -27 -37 -39 3 10 84 88 25 20 17 10 15 35 35 45 55 16 11 11 5 
5720500 5720538 0 0 0 -24 -37 0 -14 -27 -26 16 14 76 74 25 20 17 10 15 35 35 45 55 16 10 10 5 
6183000 6183094 0 0 0 -37 -46 0 -28 -37 -40 2 10 71 70 25 20 17 10 15 35 35 45 55 16 9 9 5 
6308500 6308676 0 0 0 -22 -36 0 -9 -25 -22 20 16 72 70 25 20 17 10 15 35 35 45 55 16 9 8 5 
6318000 6318083 0 13 0 -89 -90 -12 -86 -91 -100 -58 4 81 87 25 20 17 10 15 35 35 45 55 16 10 11 5 
6321500 6321684 0 0 0 -97 -87 0 -85 -73 -96 -54 -11 76 73 25 20 17 10 15 35 35 45 55 16 10 9 5 
6589000 6589164 0 0 0 -64 -73 0 -49 -59 -61 -19 10 72 70 25 20 17 10 15 35 35 45 55 16 9 9 5 
6649000 6649121 0 0 0 -95 -94 0 -86 -81 -99 -57 -4 73 74 25 20 17 10 15 35 35 45 55 16 9 9 5 
6657000 6657116 0 13 0 -6 -26 -3 12 -9 -2 40 21 77 76 25 20 17 10 15 35 35 45 55 16 8 10 5 
6662000 6662100 0 0 0 55 11 0 69 26 57 99 43 77 76 25 20 17 10 15 35 35 45 55 16 10 10 5 
6666000 6666100 0 13 0 25 -5 -5 30 4 18 60 26 76 76 25 20 17 10 15 35 35 45 55 16 9 10 5 
6672000 6672112 0 0 0 -6 -37 0 7 -23 -6 36 30 79 82 25 20 17 10 15 35 35 45 55 16 10 10 5 
6690000 6690062 0 0 0 -49 -61 0 -33 -46 -46 -4 12 74 75 25 20 17 10 15 35 35 45 55 16 9 9 5 
6962000 6962063 0 0 0 -55 -65 0 -47 -56 -59 -17 9 69 70 25 20 17 10 15 35 35 45 55 16 9 9 5 
6990000 6990189 0 0 0 -76 -75 0 -64 -65 -76 -34 0 71 70 25 20 17 10 15 35 35 45 55 16 9 9 5 
7053500 7053692 0 0 0 -77 -82 0 -63 -69 -75 -33 5 71 68 25 20 17 10 15 35 35 45 55 16 9 9 5 
7211000 7211083 0 0 0 -47 -59 0 -34 -46 -47 -5 11 74 75 25 20 17 10 15 35 35 45 55 16 9 9 5 
7261500 7262193 0 -1 1 -103 -123 -56 -109 -121 -120 -78 12 82 83 25 20 17 10 14 34 35 45 55 16 4 8 5 
7299500 7299686 0 2 1 -163 -177 -117 -148 -165 -160 -118 17 71 73 25 20 17 10 14 34 35 45 55 16 9 9 5 
7334000 7334113 0 -3 1 -95 -98 -49 -89 -92 -100 -58 4 71 72 25 20 17 10 14 34 35 45 55 16 9 9 5 
7428500 7428583 0 0 0 -46 -64 0 -37 -54 -49 -7 18 73 74 25 20 17 10 14 34 35 45 55 16 8 9 5 
7575000 7575068 0 -1 1 -105 -136 -54 -96 -131 -109 -67 34 81 81 25 20 17 10 14 34 35 45 55 16 7 9 5 
7601500 7601655 0 2 1 -240 -247 -188 -230 -238 -244 -202 6 73 73 25 20 17 10 14 34 35 45 55 16 9 9 5 
7640500 7640500 0 -3 1 -101 -100 -47 -89 -89 -102 -60 0 74 72 25 20 17 10 14 34 35 45 55 16 9 9 5 
7701500 7701661 0 0 0 -56 -72 0 -44 -60 -57 -15 16 73 74 25 20 17 10 14 34 35 45 55 16 9 9 5 
7710000 7710076 0 0 0 -9 -38 0 0 -29 -11 31 30 77 76 25 20 17 10 14 34 35 45 55 16 10 9 5 
7720000 7720009 0 -1 1 -59 -92 -51 -48 -83 -61 -19 34 72 70 25 20 17 10 14 34 35 45 55 16 9 9 5 
7730500 7730561 0 2 1 -94 -121 -87 -83 -108 -96 -54 24 71 70 25 20 17 10 14 34 35 45 55 16 9 9 5 
7750000 7750018 0 -3 1 -54 -69 -48 -41 -57 -55 -13 16 70 71 25 20 17 10 14 34 35 45 55 16 9 8 5 
7821500 7821665 0 0 0 -1 -16 0 12 -2 -2 40 14 70 70 25 20 17 10 14 34 35 45 55 16 9 9 5 
7859500 7859568 0 -1 1 -53 -82 -51 -38 -67 -50 -8 29 69 68 25 20 17 10 14 34 35 45 55 16 8 9 5 
7875000 7875123 0 2 1 -99 -106 -98 -91 -93 -103 -61 3 69 68 25 20 17 10 14 34 35 45 55 16 9 9 5 
7904000 7904103 0 -3 1 -51 -53 -49 -42 -42 -55 -13 -1 68 70 25 20 17 10 14 34 35 45 55 16 9 9 5 
7977000 7977075 0 0 0 -3 -25 0 10 -11 -3 39 22 69 69 25 20 17 10 14 34 35 45 55 16 9 9 5 
8004500 8004552 0 0 0 -32 -48 0 -22 -36 -34 8 15 75 75 25 20 17 10 14 34 35 45 55 16 9 10 5 
8085000 8085025 0 0 0 -64 -80 0 -51 -67 -62 -20 16 71 70 25 20 17 10 14 34 35 45 55 16 9 9 5 
8309500 8309637 0 0 0 -39 -60 0 -28 -49 -43 -1 19 72 73 25 20 17 10 14 34 35 45 55 16 8 8 5 
8315500 8315903 0 13 0 15 -12 -5 40 7 30 72 34 79 79 25 20 17 10 14 34 35 45 55 16 7 10 5 
8318500 8318617 0 0 0 49 10 0 70 27 58 100 44 81 82 25 20 17 10 14 34 35 45 55 16 11 10 5 
8322500 8322579 0 13 0 -2 -28 -30 3 -20 -10 32 25 77 77 25 20 17 10 14 34 35 45 55 16 10 9 5 
8328500 8328575 0 0 0 -4 -30 0 7 -20 -7 35 26 69 71 25 20 17 10 14 34 35 45 55 16 8 9 5 
8372500 8372615 0 -1 1 -58 -90 -51 -49 -82 -60 -18 33 76 77 25 20 17 10 13 33 35 45 55 16 10 10 5 
8400500 8400550 0 2 1 -295 -315 -286 -288 -308 -302 -260 20 75 74 25 20 17 10 13 33 35 45 55 16 9 8 5 
8442000 8442099 0 -3 1 -61 -70 -49 -51 -59 -64 -22 7 69 68 25 20 17 10 13 33 35 45 55 16 9 9 5 
8478500 8478535 0 0 0 -14 -30 0 -3 -19 -15 27 16 70 72 25 20 17 10 13 33 35 45 55 16 9 9 5 
8500000 8500018 0 -1 1 -57 -81 -51 -46 -69 -59 -17 23 68 68 25 20 17 10 14 34 35 45 55 16 9 9 5 
8515000 8515184 0 2 1 -85 -95 -83 -75 -84 -89 -47 9 69 69 25 20 17 10 14 34 35 45 55 16 9 9 5 
8531500 8531661 0 -3 1 -45 -63 -50 -35 -52 -47 -5 16 69 68 25 20 17 10 14 34 35 45 55 16 9 9 5 
8602500 8602692 0 0 0 30 -2 0 42 13 30 72 29 69 68 25 20 17 10 14 34 35 45 55 16 9 9 5 
8711500 8711572 0 0 0 47 12 0 62 27 51 93 36 69 69 25 20 17 10 14 34 35 45 55 16 9 9 5 
8801000 8801209 0 0 0 19 -8 0 29 2 16 58 26 69 69 25 20 17 10 14 34 35 45 55 16 9 9 5 
8818500 8818519 0 0 0 -21 -31 0 -5 -17 -18 24 12 73 77 25 20 17 10 14 34 35 45 55 16 9 9 5 
8870500 8870601 0 0 0 2 -16 0 13 -5 1 43 18 71 71 25 20 17 10 14 34 35 45 55 16 9 9 5 
9596000 9596056 0 0 0 -6 -24 0 6 -14 -7 35 20 70 69 25 20 17 10 14 34 35 45 55 16 9 9 5 
9748000 9748046 0 0 0 6 -20 0 19 -9 7 49 29 75 74 25 20 17 10 14 34 35 45 55 16 10 10 5 
9766500 9767114 0 -1 1 -45 -67 -50 -45 -68 -58 -16 22 88 89 25 20 17 10 14 34 35 45 55 16 4 12 5 
9804000 9804185 0 2 1 -103 -122 -108 -87 -107 -99 -57 21 74 75 25 20 17 10 15 35 35 45 55 16 9 9 5 
9854500 9854638 0 -3 1 -45 -66 -49 -37 -57 -50 -8 20 72 72 25 20 17 10 15 35 35 45 55 16 9 9 5 
10055500 10055654 0 0 0 0 -31 0 11 -19 -1 41 30 71 70 25 20 17 10 15 35 35 45 55 16 9 9 5 
10494500 10494669 0 0 0 -37 -67 0 -24 -55 -36 6 31 72 73 25 20 17 10 15 35 35 45 55 16 8 8 5 
10590000 10590098 0 0 0 -37 -62 0 -28 -54 -40 2 27 71 72 25 20 17 10 15 35 35 45 55 16 9 9 5 
10614500 10614668 0 0 0 -25 -51 0 -10 -36 -21 21 27 71 70 25 20 17 10 15 35 35 45 55 16 8 9 5 
10775500 10775515 0 0 0 -41 -69 0 -30 -57 -41 1 28 78 78 25 20 17 10 14 34 35 45 55 16 10 9 5 
10786500 10787327 0 -1 1 -101 -115 -59 -110 -121 -123 -81 10 86 86 25 20 17 10 14 34 35 45 55 16 4 6 5 
10827000 10827146 0 2 1 -297 -297 -250 -292 -289 -305 -263 -4 73 74 25 20 17 10 13 33 35 45 55 16 9 8 5 
10852500 10852616 0 -3 1 -94 -98 -45 -77 -82 -90 -48 5 72 70 25 20 17 10 13 33 35 45 55 16 9 8 5 
10870500 10870564 0 0 0 -51 -46 0 -32 -29 -44 -2 -4 72 74 25 20 17 10 12 32 35 45 55 16 8 5 5 
10888000 10888184 0 0 0 -7 -30 0 1 -18 -13 29 18 72 71 25 20 17 10 12 32 35 45 55 16 9 9 5 
10902500 10902618 0 0 0 6 -22 0 16 -11 3 45 26 72 72 25 20 17 10 12 32 35 45 55 16 9 9 5 
10908500 10908580 0 13 0 38 -3 -2 50 9 39 81 42 81 79 25 20 17 10 12 32 35 45 55 16 7 10 5 
10914000 10914454 0 0 0 72 18 0 76 24 64 106 54 81 82 25 20 17 10 12 32 35 45 55 16 5 6 5 
10926000 10926020 0 0 0 85 22 0 102 38 89 131 64 81 82 25 20 17 10 12 32 35 45 55 16 5 7 5 
10938500 10938542 0 0 0 39 -11 0 48 -1 36 78 51 79 79 25 20 17 10 12 32 35 45 55 16 7 10 5 
10947000 10947077 0 -1 1 -10 -58 -52 -11 -57 -24 18 47 80 80 25 20 17 10 12 32 35 45 55 16 7 9 5 
10955000 10955056 0 2 1 -97 -120 -142 -97 -115 -109 -67 18 79 81 25 20 17 10 12 32 35 45 55 16 10 10 5 
10976500 10976636 0 -3 1 6 -33 -48 20 -19 7 49 39 70 71 25 20 17 10 12 32 35 45 55 16 9 9 5 
11024000 11024185 0 0 0 74 27 0 88 39 75 117 49 65 64 25 20 17 10 12 32 35 45 55 16 8 8 5 
11057000 11057142 0 0 0 97 39 0 103 47 91 133 57 65 66 25 20 17 10 12 32 35 45 55 16 8 8 5 
11075500 11075550 0 -1 1 44 -13 -51 49 -6 38 80 56 65 67 25 20 17 10 13 33 35 45 55 16 8 8 5 
11086500 11086547 0 2 1 1 -51 -94 17 -35 5 47 53 65 66 25 20 17 10 13 33 35 45 55 16 8 8 5 
11101000 11101026 0 -3 1 47 -1 -47 55 10 42 84 44 65 65 25 20 17 10 13 33 35 45 55 16 8 8 5 
11161500 11161586 0 0 0 90 30 0 105 45 93 135 60 64 64 25 20 17 10 13 33 35 45 55 16 8 8 5 
11404000 11404144 0 0 0 74 16 0 84 26 71 113 59 62 63 25 20 17 10 13 33 35 45 55 16 8 8 5 
11567500 11567652 0 0 0 70 17 0 79 28 65 107 50 63 63 25 20 17 10 13 33 35 45 55 16 8 8 5 
11765500 11765562 0 0 0 59 10 0 69 20 55 97 48 63 63 25 20 17 10 13 33 35 45 55 16 8 8 5 
11788000 11788000 0 0 0 27 9 0 40 23 29 71 19 64 62 25 20 17 10 13 33 35 45 55 16 8 8 5 
12048000 12048022 0 0 0 26 -6 0 36 5 23 65 30 64 63 25 20 17 10 14 34 35 45 55 16 8 8 5 
12056000 12056012 0 13 0 3 -35 12 7 -31 -5 37 38 81 82 25 20 17 10 14 34 35 45 55 16 7 7 5 
12070500 12070517 0 0 0 -72 -57 0 -57 -44 -70 -28 -13 67 66 25 20 17 10 14 34 35 45 55 16 8 8 5 
12330000 12330041 0 0 0 -51 -51 0 -37 -36 -51 -9 -3 67 68 25 20 17 10 14 34 35 45 55 16 8 8 5 
12609000 12609213 0 0 0 -44 -47 0 -32 -36 -44 -2 4 67 70 25 20 17 10 14 34 35 45 55 16 8 8 5 
12632000 12632183 0 0 0 -28 -45 0 -22 -41 -34 8 19 69 69 25 20 17 10 13 33 35 45 55 16 9 9 5 
12635000 12635001 0 13 0 1 -33 0 16 -21 4 46 36 73 72 25 20 17 10 13 33 35 45 55 16 9 7 5 
12638000 12638642 0 0 0 31 -14 0 36 -9 23 65 45 79 83 25 20 17 10 13 33 35 45 55 16 5 9 5 
12645500 12645621 0 0 0 -35 -79 0 -27 -71 -41 1 42 75 79 25 20 17 10 13 33 35 45 55 16 10 10 5 
12671000 12671051 0 0 0 -74 -116 0 -61 -106 -75 -33 44 70 70 25 20 17 10 12 32 35 45 55 16 9 9 5 
12707000 12707075 0 0 0 83 28 0 99 41 86 128 57 63 64 25 20 17 10 12 32 35 45 55 16 8 8 5 
13334500 13334712 0 0 0 96 37 0 101 45 90 132 58 65 64 25 20 17 10 12 32 35 45 55 16 8 8 5 
13344500 13344515 0 13 0 71 31 2 84 43 71 113 40 80 82 25 20 17 10 12 32 35 45 55 16 10 9 5 
13355500 13355687 0 0 0 39 21 0 56 38 44 86 18 65 65 25 20 17 10 13 33 35 45 55 16 8 8 5 
13556500 13556519 0 0 0 28 9 0 43 22 31 73 21 65 65 25 20 17 10 14 34 35 45 55 16 8 8 5 
13590000 13590154 0 0 0 14 -12 0 29 2 17 59 27 62 61 25 20 17 10 14 34 35 45 55 16 8 8 5 
13787000 13787039 0 0 0 5 2 0 10 11 -4 38 -1 65 64 25 20 17 10 15 35 35 45 55 16 8 8 5 
13817000 13817079 0 0 0 -24 -23 0 -11 -9 -23 19 -2 64 65 25 20 17 10 15 35 35 45 55 16 8 8 5 
13939500 13939544 0 0 0 -2 -4 0 8 8 -4 38 1 65 67 25 20 17 10 15 35 35 45 55 16 8 8 5 
13961000 13961149 0 0 0 -33 -28 0 -23 -14 -35 7 -9 67 66 25 20 17 10 15 35 35 45 55 16 8 8 5 
14264000 14264174 0 0 0 -27 -39 0 -18 -29 -31 11 10 69 67 25 20 17 10 14 34 35 45 55 16 9 9 5 
14289500 14289704 0 0 0 -29 -37 0 -19 -26 -32 10 7 64 66 25 20 17 10 14 34 35 45 55 16 8 8 5 
14312000 14312105 0 0 0 -9 -34 0 -3 -28 -15 27 25 70 71 25 20 17 10 14 34 35 45 55 16 9 9 5 
14569000 14569033 0 0 0 -22 -34 0 -9 -20 -22 20 10 67 67 25 20 17 10 15 35 35 45 55 16 8 9 5 
14715000 14715134 0 0 0 -19 -27 0 -9 -16 -21 21 8 66 67 25 20 17 10 15 35 35 45 55 16 8 7 5 
14825500 14825611 0 0 0 -21 -30 0 -6 -14 -19 23 9 67 67 25 20 17 10 16 36 35 45 55 16 9 8 5 
14983500 14983693 0 -1 1 -72 -87 -51 -60 -76 -72 -30 15 68 67 25 20 17 10 15 35 35 45 55 16 9 9 5 
14994500 14994703 0 2 1 -110 -117 -89 -101 -109 -114 -72 7 68 68 25 20 17 10 15 35 35 45 55 16 8 9 5 
15039000 15039176 0 -3 1 -68 -85 -47 -54 -71 -66 -24 17 69 68 25 20 17 10 15 35 35 45 55 16 9 8 5 
15047000 15047214 0 -1 1 -74 -82 -53 -67 -75 -81 -39 5 69 66 25 20 17 10 15 35 35 45 55 16 9 9 5 
15065500 15065537 0 2 1 -161 -174 -140 -151 -167 -162 -120 17 69 71 25 20 17 10 14 34 35 45 55 16 8 9 5 
15094000 15094056 0 -3 1 -71 -88 -50 -57 -75 -70 -28 20 70 72 25 20 17 10 14 34 35 45 55 16 9 8 5 
15124000 15124434 0 -1 1 -72 -79 -51 -67 -70 -79 -37 5 67 65 25 20 17 10 14 34 35 45 55 16 7 8 5 
15148500 15148629 0 2 1 -197 -198 -176 -190 -189 -202 -160 1 69 69 25 20 17 10 14 34 35 45 55 16 9 9 5 
15177500 15177515 0 -3 1 -70 -77 -50 -59 -67 -73 -31 8 67 66 25 20 17 10 14 34 35 45 55 16 8 8 5 
15187500 15187504 0 -1 1 -72 -84 -51 -57 -70 -68 -26 13 67 69 25 20 17 10 14 34 35 45 55 16 9 8 5 
15270000 15270101 0 2 1 -270 -256 -250 -258 -243 -269 -227 -15 74 75 25 20 17 10 14 34 35 45 55 16 8 9 5 
15298500 15298573 0 -3 1 -69 -104 -48 -53 -88 -71 -29 35 71 73 25 20 17 10 13 33 35 45 55 16 9 9 5 
15304500 15304535 0 0 0 -20 -76 0 -8 -65 -25 17 57 67 64 25 20 17 10 13 33 35 45 55 16 8 8 5 
15312500 15312595 0 -1 1 -60 -107 -51 -52 -99 -71 -29 45 67 66 25 20 17 10 13 33 35 45 55 16 8 8 5 
15324000 15324119 0 2 1 -124 -145 -132 -111 -135 -127 -85 24 71 72 25 20 17 10 13 33 35 45 55 16 9 9 5 
15340500 15340688 0 -3 1 -16 -54 -48 0 -39 -17 25 39 67 66 25 20 17 10 12 32 35 45 55 16 7 8 5 
15356500 15356527 0 0 0 56 7 0 72 23 54 96 50 65 62 25 20 17 10 12 32 35 45 55 16 8 8 5 
15373500 15373567 0 -1 1 11 -22 -51 20 -11 1 43 30 66 69 25 20 17 10 12 32 35 45 55 16 8 8 5 
15385500 15385671 0 2 1 -23 -58 -90 -3 -42 -22 20 39 66 67 25 20 17 10 12 32 35 45 55 16 8 8 5 
15398500 15398714 0 -3 1 23 -14 -48 32 -1 13 55 33 66 64 25 20 17 10 12 32 35 45 55 16 8 8 5 
15435000 15435102 0 0 0 84 26 0 103 46 83 125 57 65 66 25 20 17 10 12 32 35 45 55 16 8 8 5 
15464500 15464725 0 -1 1 31 -24 -50 35 -19 14 56 53 66 67 25 20 17 10 12 32 35 45 55 16 8 8 5 
15473000 15473065 0 2 1 -11 -49 -92 1 -38 -22 20 38 68 68 25 20 17 10 13 33 35 45 55 16 9 9 5 
15482500 15482507 0 -3 1 33 -8 -47 40 3 19 61 38 68 68 25 20 17 10 13 33 35 45 55 16 9 9 5 
15509000 15509006 0 0 0 77 31 0 85 42 65 107 42 69 70 25 20 17 10 13 33 35 45 55 16 9 9 5 
15517500 15517700 0 -1 1 26 -18 -51 38 -9 21 63 49 74 75 25 20 17 10 13 33 35 45 55 16 9 10 5 
15539500 15539546 0 2 1 -131 -149 -209 -122 -138 -140 -98 16 74 75 25 20 17 10 12 32 35 45 55 16 9 9 5 
15555500 15555579 0 -3 1 31 -8 -48 39 1 19 61 37 69 69 25 20 17 10 13 33 35 45 55 16 9 9 5 
15570000 15570178 0 0 0 80 35 0 97 52 78 120 44 69 70 25 20 17 10 13 33 35 45 55 16 9 9 5 
15579000 15579116 0 -1 1 19 -8 -51 29 4 11 53 24 76 75 25 20 17 10 13 33 35 45 55 16 9 8 5 
15607000 15607041 0 2 1 -151 -158 -191 -142 -150 -157 -115 7 70 71 25 20 17 10 14 34 35 45 55 16 9 9 5 
15624000 15624078 0 -3 1 -28 -31 -49 -13 -20 -27 15 7 69 67 25 20 17 10 14 34 35 45 55 16 8 9 5 
15649500 15649573 0 0 0 -5 -21 0 -1 -15 -16 26 13 73 76 25 20 17 10 14 34 35 45 55 16 8 9 5 
15730500 15730539 0 0 0 22 2 0 33 11 19 61 23 72 71 25 20 17 10 14 34 35 45 55 16 9 9 5 
15787500 15787670 0 0 0 61 28 0 79 43 60 102 35 76 77 25 20 17 10 14 34 35 45 55 16 10 9 5 
15795000 15795038 0 13 0 29 10 -3 40 21 27 69 21 75 73 25 20 17 10 14 34 35 45 55 16 9 9 5 
15802500 15802627 0 0 0 3 -4 0 16 9 3 45 8 75 80 25 20 17 10 14 34 35 45 55 16 10 9 5 
15938500 15938595 0 0 0 10 -8 0 18 0 5 47 18 71 69 25 20 17 10 14 34 35 45 55 16 9 9 5 
16023500 16023581 0 0 0 5 -9 0 18 4 6 48 14 70 72 25 20 17 10 14 34 35 45 55 16 9 9 5 
16077000 16077146 0 0 0 -1 -14 0 8 -4 -5 37 13 78 79 25 20 17 10 14 34 35 45 55 16 10 9 5 
16083000 16083015 0 13 0 38 1 6 51 14 39 81 37 84 83 25 20 17 10 14 34 35 45 55 16 11 7 5 
16090500 16090650 0 0 0 73 20 0 80 27 68 110 54 84 84 25 20 17 10 14 34 35 45 55 16 8 9 5 
16127500 16127570 0 0 0 61 13 0 74 27 60 102 47 81 80 25 20 17 10 14 34 35 45 55 16 7 4 5 
16135000 16135017 0 0 0 25 -33 0 34 -25 22 64 58 82 82 25 20 17 10 14 34 35 45 55 16 10 9 5 
16146000 16146032 0 0 0 0 -44 0 11 -34 -3 39 44 85 87 25 20 17 10 14 34 35 45 55 16 11 10 5 
16155000 16155096 0 0 0 42 -13 0 63 4 48 90 58 82 84 25 20 17 10 14 34 35 45 55 16 11 4 5 
16168000 16168101 0 0 0 30 -13 0 37 -7 25 67 44 90 90 25 20 17 10 14 34 35 45 55 16 12 11 5 
16220000 16220063 0 0 0 22 5 0 31 16 17 59 15 75 72 25 20 17 10 14 34 35 45 55 16 10 9 5 
16292000 16292195 0 0 0 39 8 0 51 19 37 79 31 71 69 25 20 17 10 14 34 35 45 55 16 9 9 5 
16375000 16375035 0 0 0 40 5 0 54 19 40 82 35 72 72 25 20 17 10 14 34 35 45 55 16 9 9 5 
16381000 16381187 0 0 0 0 -29 0 9 -23 -4 38 32 73 75 25 20 17 10 14 34 35 45 55 16 9 9 5 
16402000 16402185 0 0 0 -5 -25 0 7 -15 -6 36 22 72 70 25 20 17 10 14 34 35 45 55 16 9 9 5 
16419000 16419090 0 0 0 40 16 0 48 24 34 76 23 70 72 25 20 17 10 14 34 35 45 55 16 9 9 5 
16466500 16466527 0 0 0 62 34 0 76 46 62 104 31 72 71 25 20 17 10 14 34 35 45 55 16 8 9 5 
16490500 16490628 0 0 0 35 1 0 48 14 34 76 33 86 91 25 20 17 10 14 34 35 45 55 16 10 10 5 
16519000 16519107 0 0 0 -9 -22 0 3 -9 -9 33 14 76 79 25 20 17 10 14 34 35 45 55 16 10 10 5 
16541000 16541107 0 0 0 2 -11 0 13 -4 -3 39 16 71 69 25 20 17 10 14 34 35 45 55 16 9 9 5 
16653500 16653542 0 0 0 23 -1 0 32 6 18 60 25 72 71 25 20 17 10 14 34 35 45 55 16 9 8 5 
16712500 16712699 0 0 0 29 6 0 40 18 28 70 22 72 70 25 20 17 10 14 34 35 45 55 16 9 9 5 
16724000 16724085 0 0 0 17 0 0 26 14 9 51 12 77 74 25 20 17 10 14 34 35 45 55 16 8 10 5 
16731000 16731058 0 0 0 47 7 0 51 17 36 78 35 80 74 25 20 17 10 14 34 35 45 55 16 8 10 5 
16742000 16742084 0 0 0 39 5 0 54 21 40 82 33 83 82 25 20 17 10 14 34 35 45 55 16 11 10 5 
16772000 16772050 0 -1 1 -3 -59 -51 14 -41 1 43 55 90 89 25 20 17 10 15 35 35 45 55 16 10 7 5 
16789000 16789134 0 2 1 -91 -123 -144 -82 -114 -96 -54 31 89 91 25 20 17 10 15 35 35 45 55 16 9 6 5 
16800000 16800165 0 -3 1 7 -62 -49 20 -50 6 48 69 88 89 25 20 17 10 15 35 35 45 55 16 9 9 5 
16833500 16833804 0 0 0 66 12 0 73 20 62 104 55 89 90 25 20 17 10 13 33 35 45 55 16 9 10 5 
16853000 16853053 0 0 0 37 3 0 53 18 40 82 34 86 86 25 20 17 10 14 34 35 45 55 16 10 10 5 
16858000 16858036 0 -1 1 -19 -37 -54 -13 -30 -24 18 16 87 85 25 20 17 10 14 34 35 45 55 16 11 11 5 
16887500 16887561 0 2 1 -198 -196 -214 -184 -182 -198 -156 -1 79 79 25 20 17 10 15 35 35 45 55 16 10 10 5 
16911500 16911616 0 -3 1 -44 -68 -45 -30 -54 -44 -2 23 74 75 25 20 17 10 15 35 35 45 55 16 10 9 5 
16921000 16921190 0 0 0 -5 -24 0 17 -4 4 46 20 73 71 25 20 17 10 15 35 35 45 55 16 8 8 5 
16990500 16990575 0 0 0 -1 -13 0 15 4 0 42 11 76 74 25 20 17 10 14 34 35 45 55 16 10 10 5 
17010500 17010629 0 -1 1 -58 -78 -52 -52 -69 -66 -24 18 76 76 25 20 17 10 15 35 35 45 55 16 10 10 5 
17025000 17025090 0 2 1 -156 -153 -147 -149 -146 -164 -122 -3 75 74 25 20 17 10 15 35 35 45 55 16 10 9 5 
17038500 17038545 0 -3 1 -61 -71 -49 -49 -60 -64 -22 11 75 77 25 20 17 10 15 35 35 45 55 16 9 10 5 
17068000 17068071 0 0 0 -19 -24 0 -1 -6 -14 28 6 77 75 25 20 17 10 15 35 35 45 55 16 10 10 5 
17106000 17106024 0 0 0 -17 -22 0 2 -1 -12 30 3 80 79 25 20 17 10 15 35 35 45 55 16 10 10 5 
17110500 17110812 0 13 0 18 -18 -7 35 -7 24 66 43 86 88 25 20 17 10 15 35 35 45 55 16 7 6 5 
17113500 17113511 0 0 0 53 0 0 65 13 54 96 52 85 87 25 20 17 10 15 35 35 45 55 16 7 9 5 
17127500 17127514 0 -1 1 4 -39 -54 9 -31 -6 36 39 90 91 25 20 17 10 15 35 35 45 55 16 10 12 5 
17138000 17138058 0 2 1 -99 -142 -160 -86 -130 -99 -57 43 97 98 25 20 17 10 15 35 35 45 55 16 10 12 5 
17156000 17156073 0 -3 1 23 -10 -45 31 3 18 60 28 90 89 25 20 17 10 15 35 35 45 55 16 11 11 5 
17175500 17175545 0 0 0 75 -26 0 91 -11 79 121 102 92 95 25 20 17 10 15 35 35 45 55 16 11 10 5 
17213000 17213019 0 -1 1 10 -48 -51 19 -34 7 49 53 98 102 25 20 17 10 15 33 35 45 55 16 11 9 5 
17244500 17244657 0 2 1 -128 -157 -177 -125 -151 -140 -98 26 91 90 25 20 17 10 15 35 35 45 55 16 11 10 5 
17264000 17264168 0 -3 1 -9 -63 -49 6 -48 -8 34 55 84 83 25 20 17 10 15 35 35 45 55 16 11 7 5 
17268500 17268578 0 0 0 39 -18 0 52 -8 35 77 59 86 86 25 20 17 10 15 35 35 45 55 16 8 8 5 
17275000 17275110 0 13 0 -20 -54 -9 -11 -45 -28 14 33 88 87 25 20 17 10 15 35 35 45 55 16 10 7 5 
17279000 17279072 0 0 0 -41 -62 0 -32 -53 -47 -5 21 87 87 25 20 17 10 15 35 35 45 55 16 9 11 5 
17349500 17349505 0 0 0 -4 -21 0 7 -12 -6 36 19 76 76 25 20 17 10 15 35 35 45 55 16 9 10 5 
17610000 17610119 0 0 0 -14 -29 0 -5 -19 -21 21 14 75 74 25 20 17 10 15 35 35 45 55 16 9 9 5 
17645500 17645630 0 0 0 -28 -43 0 -15 -30 -30 12 16 74 76 25 20 17 10 15 35 35 45 55 16 9 9 5 
17677500 17677652 0 0 0 -42 -52 0 -31 -38 -44 -2 7 72 72 25 20 17 10 15 35 35 45 55 16 9 9 5 
17918000 17918137 0 0 0 -33 -45 0 -18 -31 -34 8 13 74 74 25 20 17 10 15 35 35 45 55 16 9 9 5 
18026000 18026102 0 0 0 -66 -74 0 -54 -64 -66 -24 11 73 74 25 20 17 10 16 36 35 45 55 16 9 9 5 
18034500 18034576 0 0 0 -43 -51 0 -36 -43 -51 -9 7 76 75 25 20 17 10 16 36 35 45 55 16 10 10 5 
18039500 18039547 0 13 0 -14 -24 -10 6 -9 -8 34 15 79 78 25 20 17 10 16 36 35 45 55 16 10 9 5 
18042000 18042135 0 0 0 15 -2 0 38 20 22 64 19 83 84 25 20 17 10 16 36 35 45 55 16 9 11 5 
18086500 18086662 0 0 0 -29 -46 0 -17 -34 -31 11 17 70 71 25 20 17 10 16 36 35 45 55 16 9 9 5 
18250500 18250695 0 0 0 -48 -45 0 -39 -32 -53 -11 -8 69 70 25 20 17 10 16 36 35 45 55 16 9 9 5 
18367500 18367532 0 0 0 -31 -31 0 -20 -20 -34 8 1 70 69 25 20 17 10 16 36 35 45 55 16 9 9 5 
18376500 18376534 0 0 0 -32 -56 0 -18 -43 -31 11 27 79 76 25 20 17 10 15 35 35 45 55 16 11 9 5 
18385000 18385068 0 0 0 -123 -102 0 -115 -91 -128 -86 -21 67 68 25 20 17 10 15 35 35 45 55 16 8 8 5 
18417000 18417131 0 0 0 -86 -94 0 -79 -84 -93 -51 5 71 71 25 20 17 10 15 35 35 45 55 16 9 9 5 
18464000 18464192 0 0 0 -109 -101 0 -101 -90 -114 -72 -11 70 68 25 20 17 10 14 34 35 45 55 16 9 9 5 
18473500 18473625 0 0 0 -26 -31 0 -12 -13 -27 15 0 93 96 25 20 17 10 14 34 35 45 55 16 12 12 5 
18487500 18487642 0 0 0 -30 -51 0 -21 -41 -36 6 20 82 84 25 20 17 10 14 34 35 45 55 16 11 10 5 
18561000 18561185 0 0 0 -39 -50 0 -27 -39 -41 1 11 77 78 25 20 17 10 14 34 35 45 55 16 10 10 5 
18688000 18688098 0 0 0 -34 -47 0 -26 -36 -44 -2 9 76 75 25 20 17 10 14 34 35 45 55 16 10 10 5 
18758500 18758580 0 0 0 -46 -73 0 -35 -59 -49 -7 22 82 82 25 20 17 10 14 34 35 45 55 16 10 11 5 
18831500 18831598 0 0 0 -16 -26 0 -1 -15 -14 28 14 77 75 25 20 17 10 14 34 35 45 55 16 10 10 5 
18866000 18866114 0 0 0 -56 -65 0 -50 -58 -64 -22 7 81 82 25 20 17 10 14 34 35 45 55 16 9 10 5 
18873500 18873606 0 13 0 -28 -46 -1 -16 -35 -29 13 18 83 84 25 20 17 10 14 34 35 45 55 16 11 11 5 
18881500 18881612 0 0 0 3 -26 0 18 -12 7 49 31 87 87 25 20 17 10 14 34 35 45 55 16 11 11 5 
18892500 18892538 0 0 0 -37 -70 0 -27 -59 -41 1 34 81 82 25 20 17 10 14 34 35 45 55 16 10 10 5 
18900000 18900153 0 13 0 -9 -38 -8 -4 -34 -19 23 30 85 85 25 20 17 10 14 34 35 45 55 16 10 9 5 
18903500 18903538 0 0 0 16 -24 0 31 -11 15 57 42 90 90 25 20 17 10 14 34 35 45 55 16 9 12 5 
18911500 18911760 0 0 0 -50 -99 0 -48 -95 -62 -20 47 84 82 25 20 17 10 14 34 35 45 55 16 9 8 5 
18917500 18917606 0 0 0 -16 -92 0 1 -78 -9 33 79 96 97 25 20 17 10 14 34 35 45 55 16 8 12 5 
18924000 18924116 0 0 0 -63 -140 0 -49 -128 -62 -20 79 97 98 25 20 17 10 14 34 35 45 55 16 12 11 5 
18936500 18936771 0 0 0 -41 -114 0 -28 -104 -40 2 77 104 106 25 20 17 10 14 32 35 45 55 16 9 14 5 
18949000 18949107 0 0 0 97 -57 0 117 -45 101 143 162 97 96 25 20 17 10 14 34 35 45 55 16 10 9 5 
18957000 18957076 0 0 0 63 -15 0 71 -5 57 99 76 104 104 25 20 17 10 14 32 35 45 55 16 12 10 5 
18966500 18966530 0 0 0 85 -39 0 94 -30 80 122 125 94 89 25 20 17 10 14 34 35 45 55 16 11 8 5 
18972000 18972032 0 0 0 60 -24 0 72 -6 61 103 79 107 110 25 20 17 10 14 30 35 45 55 16 12 14 5 
18979500 18979790 0 0 0 63 -43 0 79 -28 68 110 108 94 93 25 20 17 10 14 34 35 45 55 16 9 9 5 
18986500 18986502 0 0 0 65 -27 0 81 -16 69 111 98 106 106 25 20 17 10 14 32 35 45 55 16 10 13 5 
18993500 18993513 0 0 0 28 -62 0 22 -58 11 53 81 101 107 25 20 17 10 14 32 35 45 55 16 13 12 5 
19006500 19006541 0 0 0 51 -83 0 61 -76 48 90 136 94 90 25 20 17 10 14 34 35 45 55 16 11 8 5 
19019000 19019045 0 0 0 55 -63 0 40 -58 27 69 96 99 101 25 20 17 10 14 32 35 45 55 16 12 9 5 
19025000 19025180 0 0 0 38 -29 0 61 -23 49 91 83 111 96 25 20 17 10 14 34 35 45 55 16 12 13 5 
19028000 19028100 0 13 0 75 -26 -2 91 -9 78 120 100 105 108 25 20 17 10 14 32 35 45 55 16 13 6 5 
19030000 19030329 0 0 0 102 -28 0 112 -21 99 141 133 100 94 25 20 17 10 14 34 35 45 55 16 6 8 5 
19034500 19034601 0 0 0 109 -33 0 127 -20 112 154 147 93 89 25 20 17 10 14 34 35 45 55 16 9 9 5 
19040000 19040109 0 0 0 81 -47 0 94 -36 82 124 131 93 91 25 20 17 10 14 34 35 45 55 16 11 6 5 
19043000 19043038 0 13 0 48 -57 2 37 -48 25 67 85 96 102 25 20 17 10 14 32 35 45 55 16 7 11 5 
19049000 19049138 0 0 0 -24 -119 0 -37 -125 -49 -7 88 93 90 25 20 17 10 14 34 35 45 55 16 8 8 5 
19058000 19058009 0 0 0 -18 -93 0 -14 -87 -25 17 74 96 86 25 20 17 10 14 34 35 45 55 16 11 8 5 
19060500 19060568 0 13 0 9 -72 0 7 -76 -5 37 84 102 103 25 20 17 10 14 32 35 45 55 16 8 3 5 
19064000 19064430 0 0 0 48 -25 0 71 -9 55 97 81 118 119 25 20 17 10 14 30 35 45 55 16 10 7 5 
19069000 19069179 0 0 0 35 -61 0 51 -44 38 80 95 108 100 25 20 17 10 14 32 35 45 55 16 11 8 5 
19077500 19077531 0 13 0 94 -36 -3 133 -1 118 160 133 102 107 25 20 17 10 14 32 35 45 55 16 8 10 5 
19079500 19079589 0 0 0 112 -26 0 164 -7 145 187 170 99 96 25 20 17 10 14 34 35 45 55 16 10 11 5 
19083500 19083644 0 13 0 45 -82 -32 45 -78 33 75 123 93 91 25 20 17 10 14 34 35 45 55 16 10 10 5 
19086000 19086070 0 0 0 55 -51 0 75 -38 64 106 113 106 107 25 20 17 10 14 32 35 45 55 16 11 12 5 
19090500 19090575 0 0 0 45 -54 0 50 -50 36 78 100 100 84 25 20 17 10 14 34 35 45 55 16 10 12 5 
19095500 19095577 0 0 0 53 -50 0 71 -38 57 99 109 91 83 25 20 17 10 14 34 35 45 55 16 13 10 5 
19097500 19097588 0 -1 1 3 -92 -50 18 -76 6 48 94 85 83 25 20 17 10 14 34 35 45 55 16 10 9 5 
19101500 19101501 0 2 1 -158 -218 -212 -162 -223 -183 -141 53 94 97 25 20 17 10 14 34 35 45 55 16 8 12 5 
19115000 19115098 0 -3 1 21 -82 -33 46 -63 32 74 108 94 94 25 20 17 10 15 35 35 45 55 16 12 10 5 
19120000 19120018 0 0 0 55 -49 0 50 -52 37 79 103 96 95 25 20 17 10 15 35 35 45 55 16 7 11 5 
19123500 19123629 0 13 0 108 29 0 114 43 100 142 71 101 100 25 20 17 10 15 33 35 45 55 16 13 12 5 
19126500 19126757 0 0 0 154 53 0 184 62 170 212 122 100 97 25 20 17 10 15 35 35 45 55 16 11 12 5 
19133500 19133560 0 0 0 156 48 0 165 58 156 198 108 97 96 25 20 17 10 15 35 35 45 55 16 13 10 5 
19136000 19136112 0 13 0 121 15 27 128 18 114 156 110 95 95 25 20 17 10 15 35 35 45 55 16 9 12 5 
19138500 19138621 0 0 0 32 -51 0 36 -48 23 65 84 96 97 25 20 17 10 15 35 35 45 55 16 12 8 5 
19154000 19154129 0 0 0 29 -60 0 52 -35 36 78 86 81 78 25 20 17 10 15 35 35 45 55 16 9 8 5 
19165500 19165666 0 -1 1 -33 -71 -52 -21 -58 -33 9 36 78 82 25 20 17 10 15 35 35 45 55 16 9 10 5 
19188500 19188568 0 2 1 -231 -230 -230 -216 -216 -231 -189 -2 76 76 25 20 17 10 15 35 35 45 55 16 10 10 5 
19232500 19232684 0 -3 1 -85 -85 -48 -72 -73 -86 -44 2 75 76 25 20 17 10 15 35 35 45 55 16 9 10 5 
19245000 19245119 0 0 0 -47 -54 0 -36 -40 -47 -5 5 80 77 25 20 17 10 15 35 35 45 55 16 10 10 5 
19248000 19248148 0 13 0 19 -13 10 38 4 18 60 34 78 79 25 20 17 10 15 35 35 45 55 16 10 10 5 
19250000 19250091 0 0 0 46 2 0 70 19 44 86 51 77 73 25 20 17 10 15 35 35 45 55 16 10 9 5 
19252500 19252502 0 13 0 7 -22 -3 18 -11 -1 41 31 79 78 25 20 17 10 15 35 35 45 55 16 9 7 5 
19256500 19256567 0 0 0 -48 -57 0 -37 -48 -49 -7 10 81 82 25 20 17 10 15 35 35 45 55 16 6 10 5 
19335000 19335181 0 0 0 5 -19 0 16 -7 3 45 23 76 77 25 20 17 10 15 35 35 45 55 16 10 10 5 
19396000 19396175 0 0 0 77 31 0 89 42 77 119 48 76 76 25 20 17 10 15 35 35 45 55 16 10 10 5 
19436000 19436099 0 0 0 71 35 0 88 49 73 115 39 77 75 25 20 17 10 15 35 35 45 55 16 10 10 5 
19447500 19447690 0 0 0 48 20 0 61 34 47 89 27 77 79 25 20 17 10 15 35 35 45 55 16 10 10 5 
19472000 19472009 0 0 0 30 -5 0 41 1 27 69 40 80 81 25 20 17 10 15 35 35 45 55 16 10 10 5 
19675500 19675631 0 0 0 1 -39 0 12 -31 -4 38 41 80 80 25 20 17 10 15 35 35 45 55 16 10 10 5 
19704500 19704644 0 -1 1 -48 -94 -51 -39 -87 -53 -11 48 82 79 25 20 17 10 15 35 35 45 55 16 10 9 5 
19721000 19721040 0 2 1 -86 -116 -90 -80 -106 -93 -51 26 80 78 25 20 17 10 15 35 35 45 55 16 10 9 5 
19738000 19738029 0 -3 1 -45 -79 -50 -35 -73 -49 -7 40 80 82 25 20 17 10 15 35 35 45 55 16 10 10 5 
19808500 19808614 0 0 0 7 -9 0 21 1 7 49 18 78 77 25 20 17 10 15 35 35 45 55 16 10 10 5 
19839500 19839544 0 -1 1 -45 -96 -50 -24 -84 -38 4 59 84 84 25 20 17 10 14 34 35 45 55 16 10 9 5 
19874000 19874042 0 2 1 -233 -227 -235 -226 -219 -239 -197 -7 79 80 25 20 17 10 14 34 35 45 55 16 10 10 5 
19898000 19898113 0 -3 1 -46 -61 -47 -36 -51 -50 -8 15 76 74 25 20 17 10 14 34 35 45 55 16 10 10 5 
19941500 19941693 0 0 0 -2 -21 0 11 -5 -3 39 16 76 77 25 20 17 10 15 35 35 45 55 16 10 10 5 
19989000 19989149 0 0 0 23 11 0 34 23 22 64 11 78 80 25 20 17 10 15 35 35 45 55 16 10 10 5 
20004000 20004062 0 0 0 49 15 0 63 33 50 92 31 78 77 25 20 17 10 15 35 35 45 55 16 10 10 5 
20007000 20007253 0 13 0 80 22 -8 89 27 69 111 61 81 81 25 20 17 10 15 35 35 45 55 16 9 8 5 
20009500 20009624 0 0 0 120 51 0 146 72 122 164 72 82 82 25 20 17 10 15 35 35 45 55 16 9 10 5 
20013000 20013040 0 0 0 83 35 0 88 44 73 115 43 87 89 25 20 17 10 15 35 35 45 55 16 11 10 5 
20231500 20231502 0 0 0 77 31 0 87 41 73 115 48 76 76 25 20 17 10 15 35 35 45 55 16 10 10 5 
20247000 20247060 0 0 0 53 14 0 65 28 49 91 38 75 74 25 20 17 10 14 34 35 45 55 16 10 9 5 
20262000 20262195 0 0 0 39 3 0 54 16 38 80 37 74 76 25 20 17 10 14 34 35 45 55 16 9 9 5 
20400000 20400068 0 0 0 41 19 0 56 34 42 84 23 78 80 25 20 17 10 14 34 35 45 55 16 10 10 5 
20403000 20403139 0 13 0 65 30 -14 70 34 56 98 35 80 78 25 20 17 10 14 34 35 45 55 16 10 7 5 
20405500 20405671 0 0 0 112 59 0 130 75 110 152 55 85 86 25 20 17 10 14 34 35 45 55 16 9 11 5 
20409000 20409112 0 0 0 86 43 0 87 46 77 119 41 86 87 25 20 17 10 15 35 35 45 55 16 11 10 5 
20411500 20411551 0 13 0 129 72 6 138 82 121 163 57 83 83 25 20 17 10 15 35 35 45 55 16 10 10 5 
20414000 20414131 0 0 0 158 81 0 164 86 137 179 78 81 80 25 20 17 10 15 35 35 45 55 16 10 10 5 
20417500 20417664 0 13 0 137 70 4 148 81 129 171 67 82 84 25 20 17 10 15 35 35 45 55 16 10 11 5 
20421000 20421102 0 0 0 108 49 0 117 58 103 145 58 83 87 25 20 17 10 15 35 35 45 55 16 10 8 5 
20434500 20434621 0 0 0 73 36 0 84 47 71 113 37 77 76 25 20 17 10 15 35 35 45 55 16 10 10 5 
20554500 20554508 0 0 0 77 38 0 86 48 72 114 38 76 75 25 20 17 10 15 35 35 45 55 16 10 10 5 
20667000 20667176 0 0 0 46 8 0 55 16 41 83 39 75 75 25 20 17 10 14 34 35 45 55 16 9 9 5 
20850000 20850018 0 0 0 57 16 0 70 31 56 98 38 77 76 25 20 17 10 14 34 35 45 55 16 10 10 5 
21119000 21119107 0 0 0 32 6 0 45 20 31 73 25 78 80 25 20 17 10 14 34 35 45 55 16 10 10 5 
21159500 21159686 0 -1 1 -39 -71 -51 -27 -61 -40 2 34 79 77 25 20 17 10 14 34 35 45 55 16 10 10 5 
21202500 21202649 0 2 1 -265 -292 -256 -258 -284 -270 -228 27 81 79 25 20 17 10 14 34 35 45 55 16 10 10 5 
21217000 21217150 0 -3 1 -66 -92 -49 -57 -80 -70 -28 24 78 78 25 20 17 10 14 34 35 45 55 16 9 9 5 
21241000 21241006 0 0 0 -29 -50 0 -10 -36 -23 19 26 78 78 25 20 17 10 14 34 35 45 55 16 10 10 5 
21353500 21353680 0 0 0 -19 -68 0 -2 -55 -14 28 52 80 80 25 20 17 10 14 34 35 45 55 16 10 10 5 
21387500 21387655 0 0 0 8 -43 0 11 -38 -3 39 49 82 81 25 20 17 10 14 34 35 45 55 16 11 10 5 
21390000 21390085 0 13 0 27 -20 -1 39 -8 27 69 47 83 82 25 20 17 10 14 34 35 45 55 16 10 8 5 
21393500 21393565 0 0 0 58 7 0 71 20 59 101 50 85 86 25 20 17 10 14 34 35 45 55 16 11 11 5 
21404000 21404093 0 0 0 15 -41 0 31 -26 19 61 57 81 80 25 20 17 10 14 34 35 45 55 16 10 9 5 
21453000 21453162 0 0 0 42 3 0 55 15 43 85 40 83 87 25 20 17 10 14 34 35 45 55 16 10 11 5 
21462500 21462690 0 0 0 26 -9 0 34 -5 23 65 40 76 74 25 20 17 10 14 34 35 45 55 16 9 9 5 
21466500 21466829 0 13 0 67 10 4 87 27 73 115 59 87 91 25 20 17 10 14 34 35 45 55 16 8 10 5 
21468500 21468637 0 0 0 82 8 0 101 22 89 131 78 92 93 25 20 17 10 14 34 35 45 55 16 9 11 5 
21476000 21476142 0 0 0 46 -14 0 54 -9 41 83 62 96 96 25 20 17 10 14 34 35 45 55 16 12 10 5 
21480000 21480199 0 0 0 71 0 0 91 17 82 124 76 98 99 25 20 17 10 14 34 35 45 55 16 11 9 5 
21491500 21491595 0 0 0 71 -9 0 71 4 59 101 68 98 100 25 20 17 10 14 32 35 45 55 16 12 13 5 
21497000 21497133 0 0 0 101 -1 0 106 6 92 134 99 91 90 25 20 17 10 14 34 35 45 55 16 12 11 5 
21506000 21506147 0 0 0 112 24 0 126 41 113 155 85 91 87 25 20 17 10 14 34 35 45 55 16 12 11 5 
21509000 21509155 0 13 0 79 -1 0 88 4 77 119 84 91 92 25 20 17 10 14 34 35 45 55 16 12 12 5 
21512500 21512641 0 0 0 42 -22 0 50 -13 37 79 62 89 87 25 20 17 10 14 34 35 45 55 16 11 10 5 
21517500 21517580 0 0 0 78 1 0 93 14 79 121 76 88 89 25 20 17 10 14 34 35 45 55 16 8 11 5 
21527000 21527014 0 0 0 75 1 0 88 17 75 117 72 86 85 25 20 17 10 14 34 35 45 55 16 10 10 5 
21530000 21530160 0 13 0 49 -19 -4 61 -7 50 92 69 88 89 25 20 17 10 14 34 35 45 55 16 10 10 5 
21534000 21534173 0 0 0 23 -26 0 33 -18 19 61 51 87 87 25 20 17 10 14 34 35 45 55 16 11 11 5 
21572000 21572174 0 0 0 53 10 0 70 26 58 100 45 83 86 25 20 17 10 14 34 35 45 55 16 11 11 5 
21620000 21620137 0 0 0 46 0 0 59 13 47 89 48 80 82 25 20 17 10 14 34 35 45 55 16 10 10 5 
21661000 21661063 0 0 0 34 -21 0 48 -8 34 76 56 81 79 25 20 17 10 14 34 35 45 55 16 10 10 5 
108000 108494 1 0 0 23 25 0 15 17 22 52 -1 84 88 25 20 16 10 14 34 35 45 55 16 9 8 5 
118500 119105 1 0 0 20 17 0 20 15 27 57 4 91 88 25 20 16 10 14 34 35 45 55 16 4 12 5 
127500 127723 1 0 0 24 15 0 18 10 24 54 7 94 97 25 20 16 10 14 34 35 45 55 16 5 8 5 
147500 147609 1 0 0 21 21 0 -4 3 2 32 -7 87 88 25 20 16 10 14 34 35 45 55 16 7 6 5 
165500 165638 1 0 0 22 13 0 16 7 24 54 9 92 94 25 20 16 10 14 34 35 45 55 16 11 11 5 
183000 183091 1 0 0 3 5 0 -5 -5 2 32 1 96 93 25 20 17 10 14 34 35 45 55 16 9 9 5 
193000 193201 1 0 0 27 19 0 21 13 28 58 7 89 89 25 20 17 10 14 34 35 45 55 16 5 10 5 
259000 259295 1 0 0 29 26 0 26 24 34 64 1 83 86 25 20 17 10 14 34 35 45 55 16 8 9 5 
266500 266617 1 0 0 1 7 0 -14 -8 -6 24 -6 89 101 25 20 17 10 14 32 35 45 55 16 10 10 5 
283000 283035 1 0 -1 0 0 0 0 0 0 32 0 79 80 25 20 17 10 15 35 35 45 55 16 9 10 5 
889500 889514 1 0 0 21 18 0 17 13 23 53 4 76 77 25 20 17 10 14 34 35 45 55 16 9 9 5 
917000 917036 1 0 0 20 12 0 14 5 21 51 8 77 74 25 20 17 10 14 34 35 45 55 16 10 9 5 
1117500 1117678 1 0 0 19 10 0 13 3 21 51 10 79 81 25 20 17 10 14 34 35 45 55 16 10 10 5 
1137000 1137190 1 0 0 16 20 0 10 14 17 47 -5 76 74 25 20 17 10 14 34 35 45 55 16 10 9 5 
1250500 1250594 1 0 0 20 16 0 17 12 22 52 4 73 72 25 20 17 10 14 34 35 45 55 16 9 9 5 
1263500 1263567 1 0 0 21 16 0 15 10 22 52 4 72 71 25 20 17 10 14 34 35 45 55 16 9 9 5 
1348000 1348059 1 0 0 40 35 0 33 29 41 71 4 69 68 25 20 17 10 14 34 35 45 55 16 9 9 5 
1538500 1538663 1 0 0 40 35 0 33 28 41 71 6 69 68 25 20 17 10 14 34 35 45 55 16 9 9 5 
1562000 1562079 1 0 0 34 20 0 29 14 34 64 15 72 75 25 20 17 10 14 34 35 45 55 16 9 9 5 
1710000 1710150 1 0 0 35 25 0 31 20 38 68 11 73 72 25 20 17 10 14 34 35 45 55 16 9 9 5 
1866500 1866599 1 0 0 23 19 0 17 14 24 54 3 76 73 25 20 17 10 14 34 35 45 55 16 9 10 5 
1884500 1884600 1 0 0 36 24 0 28 17 35 65 11 76 77 25 20 17 10 14 34 35 45 55 16 10 10 5 
2028000 2028126 1 0 0 33 22 0 27 15 33 63 11 76 78 25 20 17 10 14 34 35 45 55 16 10 10 5 
2083000 2083096 1 0 0 27 19 0 20 13 28 58 7 77 77 25 20 17 10 14 34 35 45 55 16 10 10 5 
2576000 2576024 1 0 0 22 19 0 17 14 24 54 4 75 74 25 20 17 10 14 34 35 45 55 16 9 9 5 
2598500 2598603 1 0 0 30 21 0 21 12 29 59 10 93 94 25 20 17 10 14 34 35 45 55 16 11 12 5 
2618500 2618584 1 0 0 16 14 0 0 2 8 38 -1 90 88 25 20 17 10 14 34 35 45 55 16 9 9 5 
2646500 2646906 1 0 0 32 25 0 32 25 40 70 7 87 86 25 20 17 10 14 34 35 45 55 16 7 10 5 
2720500 2720686 1 0 0 12 15 0 5 10 13 43 -5 75 75 25 20 17 10 14 34 35 45 55 16 9 6 5 
2761000 2761021 1 0 0 16 10 0 10 4 15 45 4 78 82 25 20 17 10 14 34 35 45 55 16 10 10 5 
2832000 2832133 1 0 0 7 4 0 1 -3 9 39 4 77 78 25 20 17 10 14 34 35 45 55 16 10 10 5 
2887500 2887647 1 0 0 9 6 0 1 -2 9 39 4 77 75 25 20 17 10 14 34 35 45 55 16 10 10 5 
3023500 3023530 1 0 0 8 6 0 2 -1 8 38 1 75 75 25 20 17 10 14 34 35 45 55 16 10 9 5 
3148000 3148077 1 0 0 9 5 0 3 -1 10 40 4 76 75 25 20 17 10 14 34 35 45 55 16 10 10 5 
3165000 3165202 1 0 0 10 9 0 5 3 12 42 1 76 74 25 20 17 10 14 34 35 45 55 16 9 9 5 
3364500 3364689 1 0 0 10 8 0 3 1 9 39 1 75 75 25 20 17 10 14 34 35 45 55 16 9 10 5 
3753500 3753592 1 0 0 20 15 0 14 9 18 48 3 76 75 25 20 17 10 14 34 35 45 55 16 10 10 5 
3766000 3766068 1 0 0 8 8 0 2 3 10 40 0 77 76 25 20 17 10 14 34 35 45 55 16 10 10 5 
4074500 4074870 1 0 0 10 7 0 2 2 10 40 1 74 75 25 20 17 10 14 34 35 45 55 16 8 9 5 
4091000 4091103 1 0 0 9 4 0 -1 -2 5 35 1 84 87 25 20 17 10 13 33 35 45 55 16 11 10 5 
4200000 4200074 1 0 0 28 19 0 24 13 30 60 11 76 75 25 20 17 10 14 34 35 45 55 16 10 10 5 
4338500 4338525 1 0 0 17 10 0 11 3 18 48 8 77 79 25 20 17 10 14 34 35 45 55 16 10 10 5 
4417500 4417530 1 0 0 12 6 0 6 0 14 44 7 77 76 25 20 17 10 14 34 35 45 55 16 10 10 5 
4493500 4493635 1 0 0 24 16 0 25 14 32 62 10 82 84 25 20 17 10 15 35 35 45 55 16 11 9 5 
4514000 4514151 1 0 0 37 33 0 44 36 51 81 9 88 88 25 20 17 10 15 35 35 45 55 16 10 10 5 
4566500 4566773 1 0 0 54 41 0 39 30 45 75 8 85 82 25 20 17 10 14 34 35 45 55 16 7 9 5 
4672500 4672803 1 0 0 28 31 0 25 28 32 62 -3 85 86 25 20 17 10 14 34 35 45 55 16 6 7 5 
4713000 4713079 1 0 0 32 29 0 29 23 37 67 7 83 82 25 20 17 10 15 35 35 45 55 16 9 9 5 
4866500 4866507 1 0 0 49 49 0 47 46 54 84 0 82 80 25 20 17 10 14 34 35 45 55 16 4 7 5 
4890000 4890071 1 0 0 19 16 0 13 9 20 50 3 80 81 25 20 17 10 14 34 35 45 55 16 10 10 5 
4968500 4968601 1 0 0 39 32 0 34 26 40 70 8 75 74 25 20 17 10 14 34 35 45 55 16 9 10 5 
5018500 5018671 1 0 0 25 26 0 20 21 28 58 -1 75 75 25 20 17 10 14 34 35 45 55 16 9 9 5 
5092500 5092674 1 0 0 21 18 0 16 13 23 53 4 75 76 25 20 17 10 14 34 35 45 55 16 9 10 5 
5143000 5143118 1 0 0 20 15 0 13 7 22 52 6 77 75 25 20 17 10 14 34 35 45 55 16 10 10 5 
5272500 5272579 1 0 0 24 11 0 18 6 25 55 12 77 75 25 20 17 10 15 35 35 45 55 16 10 9 5 
5366000 5366115 1 0 0 25 17 0 22 12 28 58 9 78 78 25 20 17 10 15 35 35 45 55 16 10 10 5 
5386000 5386003 1 0 0 43 31 0 34 21 42 72 13 88 88 25 20 17 10 15 35 35 45 55 16 11 11 5 
5464000 5464140 1 0 0 18 18 0 8 8 15 45 0 84 85 25 20 17 10 15 35 35 45 55 16 10 9 5 
5471000 5471012 1 0 0 9 6 0 2 0 9 39 2 87 88 25 20 17 10 15 35 35 45 55 16 9 10 5 
5536000 5536140 1 0 0 26 12 0 18 3 28 58 15 83 84 25 20 17 10 15 35 35 45 55 16 11 10 5 
5720500 5720538 1 0 0 20 12 0 14 6 23 53 9 76 74 25 20 17 10 15 35 35 45 55 16 10 10 5 
6184500 6184568 1 0 0 29 20 0 24 16 33 63 7 71 71 25 20 17 10 15 35 35 45 55 16 9 9 5 
6308500 6308676 1 0 0 30 20 0 23 14 30 60 8 72 70 25 20 17 10 15 35 35 45 55 16 9 8 5 
6321500 6321684 1 0 0 31 21 0 28 17 36 66 11 76 73 25 20 17 10 15 35 35 45 55 16 10 9 5 
6591500 6591692 1 0 0 43 28 0 36 21 42 72 15 72 72 25 20 17 10 15 35 35 45 55 16 9 9 5 
6649500 6649528 1 0 0 37 25 0 32 19 38 68 13 73 71 25 20 17 10 15 35 35 45 55 16 9 9 5 
6663000 6663077 1 0 0 20 4 0 17 0 24 54 17 76 76 25 20 17 10 15 35 35 45 55 16 10 9 5 
6670500 6670630 1 0 0 4 10 0 1 5 8 38 -2 81 82 25 20 17 10 15 35 35 45 55 16 9 10 5 
6692000 6692067 1 0 0 35 24 0 32 21 37 67 10 74 74 25 20 17 10 15 35 35 45 55 16 9 9 5 
6963500 6963576 1 0 0 37 26 0 31 21 38 68 12 69 70 25 20 17 10 15 35 35 45 55 16 9 9 5 
6990000 6990189 1 0 0 45 27 0 40 21 48 78 19 71 70 25 20 17 10 15 35 35 45 55 16 9 9 5 
7054000 7054122 1 0 0 51 31 0 45 25 53 83 21 71 72 25 20 17 10 15 35 35 45 55 16 9 9 5 
7213000 7213116 1 0 0 36 25 0 28 17 35 65 10 73 73 25 20 17 10 15 35 35 45 55 16 9 9 5 
7428000 7428166 1 0 0 38 23 0 32 17 40 70 15 73 71 25 20 17 10 14 34 35 45 55 16 8 9 5 
7700500 7700622 1 0 0 37 22 0 32 17 40 70 17 73 72 25 20 17 10 14 34 35 45 55 16 9 9 5 
7712000 7712126 1 0 0 18 14 0 14 9 22 52 5 74 72 25 20 17 10 14 34 35 45 55 16 9 9 5 
7821500 7821665 1 0 0 41 32 0 36 28 44 74 9 70 70 25 20 17 10 14 34 35 45 55 16 9 9 5 
7979000 7979039 1 0 0 47 38 0 42 33 49 79 9 69 69 25 20 17 10 14 34 35 45 55 16 9 9 5 
8008000 8008041 1 0 0 28 16 0 22 11 29 59 12 70 64 25 20 17 10 14 34 35 45 55 16 9 8 5 
8087000 8087345 1 0 0 40 26 0 33 19 39 69 14 72 74 25 20 17 10 14 34 35 45 55 16 8 9 5 
8309000 8309214 1 0 0 35 21 0 30 15 35 65 14 72 71 25 20 17 10 14 34 35 45 55 16 8 9 5 
8328500 8328575 1 0 0 33 22 0 26 14 33 63 11 69 71 25 20 17 10 14 34 35 45 55 16 8 9 5 
8337500 8337641 1 0 0 38 30 0 31 24 38 68 6 69 68 25 20 17 10 14 34 35 45 55 16 9 9 5 
8342000 8342142 1 0 0 12 9 0 -2 -2 5 35 -1 73 75 25 20 17 10 14 34 35 45 55 16 9 9 5 
8351000 8351185 1 0 0 7 7 0 5 10 13 43 -5 79 81 25 20 17 10 14 34 35 45 55 16 8 9 5 
8355500 8355599 1 13 0 3 5 -28 1 2 9 39 1 77 77 25 20 17 10 13 33 35 45 55 16 10 10 5 
8360500 8360623 1 0 0 57 41 0 68 45 75 105 23 79 79 25 20 17 10 13 33 35 45 55 16 9 8 5 
8479000 8479163 1 0 0 18 12 0 20 11 27 57 9 70 72 25 20 17 10 13 33 35 45 55 16 9 9 5 
8603500 8603571 1 0 0 26 17 0 21 13 30 60 9 69 67 25 20 17 10 14 34 35 45 55 16 9 9 5 
8711000 8711130 1 0 0 26 21 0 19 13 27 57 5 69 68 25 20 17 10 14 34 35 45 55 16 9 9 5 
8801500 8801647 1 0 0 27 20 0 20 14 27 57 6 69 68 25 20 17 10 14 34 35 45 55 16 9 9 5 
8818500 8818519 1 0 0 26 16 0 21 11 28 58 10 73 77 25 20 17 10 14 34 35 45 55 16 9 9 5 
8871000 8871031 1 0 0 27 22 0 21 16 29 59 5 70 68 25 20 17 10 14 34 35 45 55 16 9 9 5 
9595500 9595616 1 0 0 33 22 0 27 16 33 63 11 70 68 25 20 17 10 14 34 35 45 55 16 9 9 5 
9747500 9747636 1 0 0 16 6 0 6 -4 12 42 9 75 72 25 20 17 10 14 34 35 45 55 16 10 10 5 
10055500 10055654 1 0 0 30 13 0 28 9 35 65 19 71 70 25 20 17 10 15 35 35 45 55 16 9 9 5 
10495500 10495701 1 0 0 19 11 0 14 6 21 51 8 72 72 25 20 17 10 15 35 35 45 55 16 9 8 5 
10593500 10593661 1 0 0 32 18 0 25 11 31 61 12 71 72 25 20 17 10 15 35 35 45 55 16 9 9 5 
10614500 10614668 1 0 0 30 18 0 28 16 36 66 11 71 70 25 20 17 10 15 35 35 45 55 16 8 9 5 
10774000 10774152 1 0 0 15 9 0 8 2 14 44 5 78 77 25 20 17 10 14 34 35 45 55 16 9 9 5 
10871000 10871176 1 0 0 2 7 0 -5 0 1 31 -5 72 73 25 20 17 10 12 32 35 45 55 16 7 5 5 
10886000 10886117 1 0 0 -3 -7 0 -16 -18 -9 21 2 73 74 25 20 17 10 12 32 35 45 55 16 9 9 5 
10902000 10902203 1 0 0 7 5 0 -1 -2 6 36 1 71 72 25 20 17 10 12 32 35 45 55 16 9 9 5 
10914000 10914454 1 0 0 18 16 0 12 12 22 52 2 81 82 25 20 17 10 12 32 35 45 55 16 5 6 5 
10928000 10928061 1 0 0 18 23 0 10 17 18 48 -6 81 81 25 20 17 10 12 32 35 45 55 16 7 6 5 
10938500 10938542 1 0 0 21 18 0 16 13 24 54 4 79 79 25 20 17 10 12 32 35 45 55 16 7 10 5 
11024000 11024185 1 0 0 -15 -18 0 -24 -27 -15 15 3 65 64 25 20 17 10 12 32 35 45 55 16 8 8 5 
11057500 11057603 1 0 0 -15 -15 0 -24 -24 -18 12 0 65 65 25 20 17 10 12 32 35 45 55 16 8 8 5 
11163000 11163232 1 0 0 -17 -19 0 -24 -25 -15 15 2 64 65 25 20 17 10 13 33 35 45 55 16 8 8 5 
11403500 11403667 1 0 0 -23 -19 0 -29 -26 -22 8 -2 62 63 25 20 17 10 13 33 35 45 55 16 8 8 5 
11567000 11567181 1 0 0 -25 -23 0 -31 -29 -24 6 -3 63 64 25 20 17 10 13 33 35 45 55 16 8 8 5 
11763500 11763637 1 0 0 -26 -18 0 -31 -23 -23 7 -7 62 61 25 20 17 10 13 33 35 45 55 16 8 8 5 
11786000 11786170 1 0 0 2 2 0 -1 -2 6 36 1 64 66 25 20 17 10 13 33 35 45 55 16 8 8 5 
12047000 12047050 1 0 0 -11 -4 0 -17 -10 -10 20 -7 63 61 25 20 17 10 14 34 35 45 55 16 8 8 5 
12054500 12054525 1 13 0 -34 -22 -39 -31 -18 -24 6 -13 80 79 25 20 17 10 14 34 35 45 55 16 8 7 5 
12071000 12071181 1 0 0 40 28 0 35 23 42 72 12 67 66 25 20 17 10 14 34 35 45 55 16 9 8 5 
12331000 12331171 1 0 0 19 13 0 10 5 16 46 4 66 65 25 20 17 10 14 34 35 45 55 16 8 8 5 
12609500 12609656 1 0 0 24 20 0 17 13 25 55 4 67 66 25 20 17 10 14 34 35 45 55 16 8 9 5 
12632000 12632183 1 0 0 30 28 0 24 22 32 62 2 69 69 25 20 17 10 13 33 35 45 55 16 9 9 5 
12645500 12645621 1 0 0 -8 -15 0 -15 -22 -6 24 8 75 79 25 20 17 10 13 33 35 45 55 16 10 10 5 
12671000 12671051 1 0 0 1 -10 0 -5 -17 1 31 12 70 70 25 20 17 10 12 32 35 45 55 16 9 9 5 
12707500 12707554 1 0 0 -36 -30 0 -42 -36 -35 -5 -5 63 61 25 20 17 10 12 32 35 45 55 16 8 8 5 
13334500 13334712 1 0 0 -25 -23 0 -41 -37 -34 -4 -5 65 64 25 20 17 10 12 32 35 45 55 16 8 8 5 
13355500 13355687 1 0 0 4 2 0 1 -2 9 39 3 65 65 25 20 17 10 13 33 35 45 55 16 8 8 5 
13556500 13556519 1 0 0 -8 -5 0 -16 -13 -10 20 -5 65 65 25 20 17 10 14 34 35 45 55 16 8 8 5 
13591500 13591615 1 0 0 -6 -2 0 -13 -10 -5 25 -3 62 63 25 20 17 10 14 34 35 45 55 16 8 8 5 
13788000 13788211 1 0 0 -1 0 0 -9 -8 -3 27 -1 65 65 25 20 17 10 15 35 35 45 55 16 8 8 5 
13817000 13817079 1 0 0 7 2 0 0 -6 6 36 4 64 65 25 20 17 10 15 35 35 45 55 16 8 8 5 
13939000 13939078 1 0 0 12 6 0 7 1 15 45 5 65 63 25 20 17 10 15 35 35 45 55 16 8 8 5 
13959500 13959580 1 0 0 34 23 0 28 17 34 64 10 67 67 25 20 17 10 15 35 35 45 55 16 8 8 5 
14269500 14269578 1 0 0 35 27 0 30 21 37 67 11 68 68 25 20 17 10 14 34 35 45 55 16 8 9 5 
14288500 14288507 1 0 0 3 3 0 -5 -4 2 32 -2 63 60 25 20 17 10 14 34 35 45 55 16 8 8 5 
14314500 14314654 1 0 0 26 11 0 20 5 27 57 15 71 70 25 20 17 10 14 34 35 45 55 16 9 8 5 
14569500 14569697 1 0 0 30 18 0 24 12 32 62 11 67 67 25 20 17 10 15 35 35 45 55 16 9 8 5 
14717000 14717167 1 0 0 32 19 0 25 12 33 63 13 67 66 25 20 17 10 15 35 35 45 55 16 7 8 5 
14824500 14824509 1 0 0 43 27 0 38 22 44 74 15 68 68 25 20 17 10 16 36 35 45 55 16 9 9 5 
15119000 15119080 1 0 0 44 31 0 36 23 45 75 13 69 69 25 20 17 10 14 34 35 45 55 16 8 7 5 
15181000 15181132 1 0 0 40 24 0 33 16 39 69 17 67 67 25 20 17 10 14 34 35 45 55 16 8 7 5 
15305500 15305682 1 0 0 -8 -15 0 -12 -20 -5 25 9 67 68 25 20 17 10 13 33 35 45 55 16 8 8 5 
15355500 15355570 1 0 0 -10 -9 0 -9 -12 -3 27 4 65 62 25 20 17 10 12 32 35 45 55 16 8 8 5 
15446500 15446537 1 0 0 -18 -14 0 -25 -21 -16 14 -3 65 66 25 20 17 10 12 32 35 45 55 16 8 8 5 
15512000 15512086 1 0 0 22 19 0 15 12 22 52 3 68 69 25 20 17 10 13 33 35 45 55 16 9 9 5 
15570000 15570178 1 0 0 11 10 0 11 9 18 48 2 69 70 25 20 17 10 13 33 35 45 55 16 9 9 5 
15648000 15648133 1 0 0 16 15 0 5 5 12 42 0 73 73 25 20 17 10 14 34 35 45 55 16 9 8 5 
15734000 15734084 1 0 0 17 12 0 11 5 18 48 4 72 74 25 20 17 10 14 34 35 45 55 16 8 9 5 
15788500 15788665 1 0 0 8 10 0 1 5 10 40 -3 76 75 25 20 17 10 14 34 35 45 55 16 9 10 5 
15803500 15803604 1 0 0 22 20 0 17 14 25 55 3 74 75 25 20 17 10 14 34 35 45 55 16 10 9 5 
15938500 15938595 1 0 0 21 19 0 17 14 23 53 3 71 69 25 20 17 10 14 34 35 45 55 16 9 9 5 
16025000 16025084 1 0 0 22 19 0 18 14 26 56 5 70 73 25 20 17 10 14 34 35 45 55 16 9 9 5 
16076500 16076575 1 0 0 -4 4 0 -15 -6 -7 23 -9 77 77 25 20 17 10 14 34 35 45 55 16 9 10 5 
16091000 16091014 1 0 0 20 18 0 10 9 19 49 1 83 79 25 20 17 10 14 34 35 45 55 16 8 10 5 
16127000 16127015 1 0 0 25 27 0 19 19 27 57 1 80 81 25 20 17 10 14 34 35 45 55 16 7 5 5 
16135000 16135017 1 0 0 38 43 0 37 42 45 75 -4 82 82 25 20 17 10 14 34 35 45 55 16 10 9 5 
16146000 16146032 1 0 0 14 15 0 6 7 12 42 0 85 87 25 20 17 10 14 34 35 45 55 16 11 10 5 
16155500 16155633 1 0 0 20 12 0 10 2 16 46 6 81 89 25 20 17 10 14 34 35 45 55 16 9 5 5 
16168500 16168599 1 0 0 0 7 0 -6 0 1 31 -6 90 91 25 20 17 10 14 34 35 45 55 16 12 11 5 
16219500 16219665 1 0 0 -4 -1 0 -9 -7 -3 27 -3 75 75 25 20 17 10 14 34 35 45 55 16 10 9 5 
16294500 16294506 1 0 0 6 5 0 0 -1 5 35 0 72 71 25 20 17 10 14 34 35 45 55 16 9 9 5 
16375000 16375035 1 0 0 5 9 0 1 4 8 38 -3 72 72 25 20 17 10 14 34 35 45 55 16 9 9 5 
16381000 16381187 1 0 0 9 11 0 3 4 10 40 0 73 75 25 20 17 10 14 34 35 45 55 16 9 9 5 
16403500 16403677 1 0 0 8 11 0 5 6 10 40 -1 73 68 25 20 17 10 14 34 35 45 55 16 9 9 5 
16420500 16420597 1 0 0 13 11 0 7 6 15 45 1 70 71 25 20 17 10 14 34 35 45 55 16 9 9 5 
16466000 16466120 1 0 0 5 6 0 -3 -1 6 36 -1 72 72 25 20 17 10 14 34 35 45 55 16 8 9 5 
16489000 16489070 1 0 0 -1 7 0 -11 -2 -4 26 -10 84 85 25 20 17 10 14 34 35 45 55 16 8 10 5 
16523500 16523686 1 0 0 10 10 0 3 5 11 41 0 74 72 25 20 17 10 14 34 35 45 55 16 9 9 5 
16541000 16541107 1 0 0 12 7 0 3 -2 11 41 6 71 69 25 20 17 10 14 34 35 45 55 16 9 9 5 
16653500 16653542 1 0 0 7 7 0 -2 -1 3 33 -2 72 71 25 20 17 10 14 34 35 45 55 16 9 8 5 
16713000 16713127 1 0 0 6 9 0 0 4 7 37 -3 72 74 25 20 17 10 14 34 35 45 55 16 9 9 5 
16723500 16723685 1 0 0 -7 0 0 -13 -5 -5 25 -9 76 76 25 20 17 10 14 34 35 45 55 16 8 10 5 
16730500 16730661 1 0 0 17 9 0 22 7 30 60 14 81 77 25 20 17 10 14 34 35 45 55 16 7 10 5 
16741500 16741542 1 0 0 22 19 0 14 12 21 51 2 83 82 25 20 17 10 14 34 35 45 55 16 10 10 5 
16833500 16833804 1 0 0 31 26 0 26 21 33 63 4 89 90 25 20 17 10 13 33 35 45 55 16 9 10 5 
16853000 16853053 1 0 0 5 5 0 -8 -4 -1 29 -3 86 86 25 20 17 10 14 34 35 45 55 16 10 10 5 
16920000 16920159 1 0 0 -2 -5 0 -9 -12 -1 29 4 73 75 25 20 17 10 15 35 35 45 55 16 9 8 5 
16991000 16991175 1 0 0 4 6 0 -1 -1 6 36 -1 76 79 25 20 17 10 15 35 35 45 55 16 9 10 5 
17067500 17067688 1 0 0 5 0 0 0 -5 6 36 5 77 77 25 20 17 10 15 35 35 45 55 16 10 10 5 
17106000 17106024 1 0 0 1 -3 0 -5 -8 1 31 4 80 79 25 20 17 10 15 35 35 45 55 16 10 10 5 
17113000 17113004 1 0 0 7 7 0 -5 -1 2 32 -4 86 89 25 20 17 10 15 35 35 45 55 16 6 9 5 
17175000 17175062 1 0 0 -7 -9 0 -15 -17 -7 23 2 92 93 25 20 17 10 15 35 35 45 55 16 11 11 5 
17268500 17268578 1 0 0 17 13 0 1 1 6 36 -1 86 86 25 20 17 10 15 35 35 45 55 16 8 8 5 
17279500 17279579 1 0 0 0 -1 0 -3 -5 3 33 1 87 88 25 20 17 10 15 35 35 45 55 16 11 11 5 
17351000 17351067 1 0 0 12 9 0 5 3 11 41 1 76 74 25 20 17 10 15 35 35 45 55 16 9 9 5 
17613500 17613524 1 0 0 14 11 0 7 4 14 44 3 75 77 25 20 17 10 15 35 35 45 55 16 10 9 5 
17646000 17646033 1 0 0 19 19 0 13 13 22 52 1 74 74 25 20 17 10 15 35 35 45 55 16 9 9 5 
17679000 17679115 1 0 0 21 15 0 15 9 21 51 6 72 72 25 20 17 10 15 35 35 45 55 16 9 9 5 
17917500 17917530 1 0 0 19 17 0 13 11 20 50 2 74 73 25 20 17 10 15 35 35 45 55 16 9 9 5 
18026500 18026513 1 0 0 27 19 0 22 14 30 60 8 73 72 25 20 17 10 16 36 35 45 55 16 9 9 5 
18034000 18034189 1 0 0 22 10 0 18 6 25 55 12 76 77 25 20 17 10 16 36 35 45 55 16 10 10 5 
18042500 18042671 1 0 0 7 -3 0 0 -9 8 38 10 83 83 25 20 17 10 16 36 35 45 55 16 10 11 5 
18089500 18089651 1 0 0 25 5 0 18 -2 27 57 22 70 70 25 20 17 10 16 36 35 45 55 16 9 9 5 
18252000 18252190 1 0 0 28 18 0 21 10 27 57 10 69 68 25 20 17 10 16 36 35 45 55 16 9 9 5 
18368000 18368187 1 0 0 29 20 0 23 13 30 60 9 70 70 25 20 17 10 16 36 35 45 55 16 9 9 5 
18377000 18377152 1 0 0 30 20 0 27 15 33 63 12 77 68 25 20 17 10 15 35 35 45 55 16 11 9 5 
18385000 18385068 1 0 0 52 34 0 46 28 53 83 18 67 68 25 20 17 10 15 35 35 45 55 16 8 8 5 
18464500 18464629 1 0 0 55 45 0 54 43 60 90 11 70 69 25 20 17 10 14 34 35 45 55 16 9 9 5 
18474500 18474566 1 0 0 -8 -9 0 -18 -20 -10 20 1 96 96 25 20 17 10 14 34 35 45 55 16 12 13 5 
18487500 18487642 1 0 0 28 19 0 23 14 29 59 8 82 84 25 20 17 10 14 34 35 45 55 16 11 10 5 
18560500 18560593 1 0 0 12 8 0 5 2 13 43 2 78 78 25 20 17 10 14 34 35 45 55 16 10 10 5 
18688000 18688098 1 0 0 17 15 0 9 9 16 46 -1 76 75 25 20 17 10 14 34 35 45 55 16 10 10 5 
18756500 18756556 1 0 0 0 8 0 -7 1 -1 29 -8 82 82 25 20 17 10 14 34 35 45 55 16 10 10 5 
18831000 18831193 1 0 0 5 5 0 0 -2 7 37 2 77 74 25 20 17 10 14 34 35 45 55 16 10 10 5 
18866000 18866114 1 0 0 16 11 0 11 6 16 46 4 81 82 25 20 17 10 14 34 35 45 55 16 9 10 5 
18936500 18936771 1 0 0 -19 -29 0 -24 -35 -17 13 9 104 106 25 20 17 10 14 32 35 45 55 16 9 14 5 
18948500 18948512 1 0 0 -8 -28 0 -18 -32 -12 18 14 97 101 25 20 17 10 14 32 35 45 55 16 9 11 5 
18957000 18957076 1 0 0 -50 -44 0 -56 -49 -49 -19 -7 104 104 25 20 17 10 14 32 35 45 55 16 12 10 5 
18966500 18966530 1 0 0 -11 -23 0 -13 -26 -8 22 13 94 89 25 20 17 10 14 34 35 45 55 16 11 8 5 
18969000 18969143 1 13 0 -40 -48 0 -47 -56 -40 -10 8 98 101 25 20 17 10 14 32 35 45 55 16 6 11 5 
18971500 18971615 1 0 0 -70 -72 0 -81 -81 -73 -43 3 107 107 25 20 17 10 14 32 35 45 55 16 11 14 5 
18980000 18980113 1 0 0 -41 -35 0 -38 -33 -30 0 -3 94 90 25 20 17 10 14 34 35 45 55 16 9 9 5 
18986500 18986502 1 0 0 -78 -69 0 -86 -73 -79 -49 -14 106 106 25 20 17 10 14 32 35 45 55 16 10 13 5 
18993000 18993095 1 0 0 -62 -59 0 -69 -64 -61 -31 -4 102 103 25 20 17 10 14 32 35 45 55 16 13 13 5 
19005500 19005539 1 0 0 -27 -26 0 -28 -29 -20 10 2 93 89 25 20 17 10 14 34 35 45 55 16 12 12 5 
19018000 19018139 1 0 0 -77 -59 0 -82 -65 -75 -45 -19 98 98 25 20 17 10 14 34 35 45 55 16 11 12 5 
19025000 19025180 1 0 0 -105 -103 0 -121 -117 -113 -83 -3 111 96 25 20 17 10 14 34 35 45 55 16 12 13 5 
19028500 19028534 1 13 0 -62 -63 16 -62 -64 -54 -24 3 104 99 25 20 17 10 14 34 35 45 55 16 12 6 5 
19034000 19034072 1 0 0 -34 -37 0 -37 -41 -30 0 2 94 85 25 20 17 10 14 34 35 45 55 16 9 9 5 
19039500 19039605 1 0 0 -35 -29 0 -39 -33 -33 -3 -6 93 91 25 20 17 10 14 34 35 45 55 16 10 9 5 
19049000 19049138 1 0 0 -36 -29 0 -32 -27 -26 4 -6 93 90 25 20 17 10 14 34 35 45 55 16 8 8 5 
19057500 19057662 1 0 0 -51 -36 0 -51 -38 -45 -15 -14 96 86 25 20 17 10 14 34 35 45 55 16 12 9 5 
19060500 19060568 1 13 0 -86 -65 7 -89 -65 -83 -53 -25 102 103 25 20 17 10 14 32 35 45 55 16 8 3 5 
19064000 19064430 1 0 0 -142 -139 0 -157 -150 -150 -120 -6 118 119 25 20 17 10 14 30 35 45 55 16 10 7 5 
19066500 19066518 1 13 0 -115 -116 -1 -121 -122 -112 -82 2 117 124 25 20 17 10 14 29 35 45 55 16 7 13 5 
19071500 19071562 1 0 0 -57 -57 0 -63 -63 -57 -27 0 104 102 25 20 17 10 14 32 35 45 55 16 10 12 5 
19081500 19081601 1 0 0 -38 -42 0 -40 -45 -33 -3 5 91 88 25 20 17 10 14 34 35 45 55 16 11 10 5 
19083000 19083134 1 13 0 -45 -45 18 -43 -47 -34 -4 4 92 85 25 20 17 10 14 34 35 45 55 16 11 9 5 
19086500 19086624 1 0 0 -122 -102 0 -139 -115 -132 -102 -24 108 111 25 20 17 10 14 30 35 45 55 16 12 12 5 
19096000 19096128 1 0 0 -35 -46 0 -30 -44 -22 8 14 89 82 25 20 17 10 14 34 35 45 55 16 12 10 5 
19119000 19119071 1 0 0 -57 -56 0 -54 -54 -48 -18 0 94 94 25 20 17 10 15 35 35 45 55 16 8 10 5 
19123500 19123629 1 13 0 -107 -93 -13 -115 -100 -109 -79 -16 101 100 25 20 17 10 15 33 35 45 55 16 13 12 5 
19126500 19126757 1 0 0 -120 -107 0 -133 -116 -127 -97 -18 100 97 25 20 17 10 15 35 35 45 55 16 11 12 5 
19133500 19133560 1 0 0 -92 -81 0 -96 -88 -91 -61 -9 97 96 25 20 17 10 15 35 35 45 55 16 13 10 5 
19138500 19138621 1 0 0 -83 -78 0 -92 -85 -84 -54 -6 96 97 25 20 17 10 15 35 35 45 55 16 12 8 5 
19154000 19154129 1 0 0 -24 -27 0 -31 -33 -25 5 1 81 78 25 20 17 10 15 35 35 45 55 16 9 8 5 
19245000 19245119 1 0 0 -15 -12 0 -24 -20 -17 13 -2 80 77 25 20 17 10 15 35 35 45 55 16 10 10 5 
19250500 19250710 1 0 0 -10 -17 0 -21 -29 -13 17 8 77 71 25 20 17 10 15 35 35 45 55 16 10 9 5 
19258000 19258050 1 0 0 -16 -12 0 -19 -17 -13 17 -1 80 82 25 20 17 10 15 35 35 45 55 16 9 9 5 
19335000 19335181 1 0 0 4 -1 0 -4 -9 3 33 5 76 77 25 20 17 10 15 35 35 45 55 16 10 10 5 
19397500 19397560 1 0 0 -2 -3 0 -8 -10 -1 29 1 77 77 25 20 17 10 15 35 35 45 55 16 10 10 5 
19436000 19436099 1 0 0 -2 -3 0 -9 -10 -2 28 1 77 75 25 20 17 10 15 35 35 45 55 16 10 10 5 
19448000 19448076 1 0 0 2 -4 0 -4 -10 4 34 7 77 77 25 20 17 10 15 35 35 45 55 16 10 10 5 
19472000 19472009 1 0 0 6 1 0 1 -4 8 38 4 80 81 25 20 17 10 15 35 35 45 55 16 10 10 5 
19676000 19676004 1 0 0 10 5 0 5 -1 10 40 5 80 83 25 20 17 10 15 35 35 45 55 16 10 10 5 
19811000 19811134 1 0 0 13 5 0 6 -1 14 44 8 78 79 25 20 17 10 15 35 35 45 55 16 10 10 5 
19941500 19941693 1 0 0 18 11 0 12 6 20 50 6 76 77 25 20 17 10 15 35 35 45 55 16 10 10 5 
19990500 19990662 1 0 0 1 -2 0 -5 -10 1 31 4 79 79 25 20 17 10 15 35 35 45 55 16 10 10 5 
20004000 20004062 1 0 0 -1 -2 0 -9 -10 -3 27 1 78 77 25 20 17 10 15 35 35 45 55 16 10 10 5 
20013500 20013539 1 0 0 -11 -8 0 -20 -16 -12 18 -2 88 91 25 20 17 10 15 35 35 45 55 16 11 10 5 
20232000 20232098 1 0 0 4 -3 0 -2 -9 5 35 6 76 76 25 20 17 10 15 35 35 45 55 16 10 10 5 
20247500 20247655 1 0 0 13 5 0 8 0 13 43 6 75 74 25 20 17 10 14 34 35 45 55 16 9 9 5 
20263000 20263010 1 0 0 15 7 0 8 0 14 44 7 74 75 25 20 17 10 14 34 35 45 55 16 9 9 5 
20400000 20400068 1 0 0 7 2 0 0 -4 7 37 5 78 80 25 20 17 10 14 34 35 45 55 16 10 10 5 
20435000 20435015 1 0 0 12 5 0 5 -1 12 42 6 77 78 25 20 17 10 15 35 35 45 55 16 10 10 5 
20562000 20562076 1 0 0 4 -2 0 -3 -8 5 35 6 75 75 25 20 17 10 15 35 35 45 55 16 10 10 5 
20670000 20670019 1 0 0 8 6 0 2 0 8 38 1 74 75 25 20 17 10 14 34 35 45 55 16 9 9 5 
20854500 20854520 1 0 0 10 4 0 3 -3 8 38 6 77 79 25 20 17 10 14 34 35 45 55 16 10 10 5 
21121000 21121027 1 0 0 7 2 0 1 -5 8 38 6 79 79 25 20 17 10 14 34 35 45 55 16 10 10 5 
21241000 21241006 1 0 0 14 7 0 7 0 14 44 8 78 78 25 20 17 10 14 34 35 45 55 16 10 10 5 
21355500 21355539 1 0 0 11 5 0 4 -1 11 41 5 80 79 25 20 17 10 14 34 35 45 55 16 10 10 5 
21387000 21387107 1 0 0 5 -1 0 0 -6 7 37 5 83 82 25 20 17 10 14 34 35 45 55 16 11 10 5 
21404000 21404093 1 0 0 0 -4 0 -5 -9 3 33 4 81 80 25 20 17 10 14 34 35 45 55 16 10 9 5 
21453500 21453508 1 0 0 1 -4 0 -8 -8 -3 27 1 83 87 25 20 17 10 14 34 35 45 55 16 10 9 5 
21496500 21496636 1 0 0 3 -6 0 -4 -11 3 33 7 91 90 25 20 17 10 14 34 35 45 55 16 12 11 5 
21535500 21535577 1 0 0 -16 -16 0 -18 -21 -12 18 3 85 82 25 20 17 10 14 34 35 45 55 16 11 11 5 
21572000 21572174 1 0 0 -16 -17 0 -22 -23 -14 16 3 83 86 25 20 17 10 14 34 35 45 55 16 11 11 5 
21620500 21620508 1 0 0 -4 -4 0 -11 -10 -5 25 -1 80 79 25 20 17 10 14 34 35 45 55 16 10 10 5 
21662000 21662000 1 0 0 -5 -5 0 -12 -12 -6 24 -1 81 82 25 20 17 10 14 34 35 45 55 16 10 10 5 
