31250 31254 0 0 -1 0 0 0 0 0 0 -57 0 76 79 25 20 20 10 11 31 35 45 55 16 5 4 5 
172750 172806 0 0 0 51 8 0 51 10 58 9 42 83 83 25 20 19 10 11 31 35 45 55 16 11 10 5 
440750 440759 0 0 0 28 -10 0 32 -6 40 -9 38 83 81 25 20 19 10 10 30 35 45 55 16 5 8 5 
519250 520121 0 0 0 34 -2 0 37 -1 49 0 38 81 85 25 20 19 10 10 30 35 45 55 16 5 4 5 
682250 682352 0 0 0 30 -12 0 33 -10 38 -11 43 86 84 25 20 19 10 10 30 35 45 55 16 6 6 5 
875750 875899 0 0 0 22 -23 0 22 -22 26 -23 43 82 82 25 20 19 10 10 30 35 45 55 16 7 9 5 
1128750 1128884 0 0 0 33 -8 0 32 -10 40 -9 41 86 83 25 20 19 10 10 30 35 45 55 16 4 8 5 
1485250 1485277 0 0 0 22 -38 0 24 -36 32 -17 60 95 96 25 20 19 10 10 30 35 45 55 16 9 12 5 
1783250 1783598 0 0 0 -13 -49 0 -10 -42 3 -46 33 94 94 25 20 19 10 10 30 35 45 55 16 3 4 5 
2002250 2002347 0 0 0 -20 -38 0 -19 -38 -11 -60 19 93 94 25 20 19 10 10 30 35 45 55 16 6 5 5 
2396250 2396985 0 0 0 -22 -35 0 -23 -34 -16 -65 11 93 93 25 20 19 10 10 30 35 45 55 16 5 7 5 
2644250 2644290 0 0 0 -32 -58 0 -21 -50 -9 -58 32 97 95 25 20 19 10 10 30 35 45 55 16 10 7 5 
2703750 2703763 0 0 0 -27 -49 0 -23 -48 -13 -62 26 98 96 25 20 19 10 10 30 35 45 55 16 7 6 5 
2739250 2739394 0 0 0 3 -40 0 8 -38 17 -32 45 96 97 25 20 19 10 10 30 35 45 55 16 5 6 5 
3056250 3056871 0 0 0 -53 -67 0 -52 -70 -43 -92 17 95 95 25 20 20 10 10 30 35 45 55 16 0 5 5 
3093750 3093870 0 0 0 -47 -63 0 -41 -60 -36 -85 18 90 89 25 20 20 10 10 30 35 45 55 16 6 7 5 
3200250 3200280 0 -1 1 -93 -88 -55 -96 -87 -83 -132 -9 111 113 25 20 18 10 9 25 35 45 55 16 13 12 5 
3279750 3279863 0 2 1 -378 -342 -345 -389 -352 -365 -414 -39 122 121 25 20 17 10 8 23 35 45 55 16 16 16 5 
3385250 3385351 0 -3 1 -74 -73 -50 -72 -71 -74 -123 -2 93 89 25 20 17 10 10 30 35 45 55 16 12 12 5 
3453750 3453879 0 0 0 -19 -46 0 -12 -41 -7 -56 27 90 90 25 20 18 10 11 31 35 45 55 16 4 6 5 
3703250 3703322 0 0 0 -39 -40 0 -38 -40 -36 -85 -1 83 82 25 20 18 10 11 31 35 45 55 16 10 5 5 
3911250 3911263 0 0 0 -24 -17 0 -23 -16 -20 -69 -6 83 86 25 20 18 10 11 31 35 45 55 16 8 9 5 
4093250 4093257 0 0 0 -26 -48 0 -25 -46 -14 -63 23 97 96 25 20 18 10 11 31 35 45 55 16 11 12 5 
4436250 4436327 0 0 0 -31 -47 0 -30 -47 -17 -66 23 96 97 25 20 18 10 11 31 35 45 55 16 12 10 5 
4721750 4723088 0 0 0 -31 -47 0 -31 -40 -18 -67 10 87 95 25 20 19 10 11 31 35 45 55 16 0 6 5 
4908750 4908815 0 0 0 -30 -39 0 -26 -36 -18 -67 9 89 88 25 20 19 10 11 31 35 45 55 16 9 10 5 
5099750 5100230 0 0 0 -7 -2 0 -4 1 2 -47 -3 83 84 25 20 19 10 11 31 35 45 55 16 5 6 5 
5171250 5171316 0 0 0 -20 -22 0 -18 -22 -14 -63 4 82 81 25 20 19 10 11 31 35 45 55 16 5 4 5 
5662750 5662847 0 0 0 -3 8 0 -1 10 1 -48 -8 74 73 25 20 19 10 11 31 35 45 55 16 9 6 5 
6399750 6399829 0 0 0 3 0 0 -2 -2 5 -44 -1 85 84 25 20 19 10 11 31 35 45 55 16 9 5 5 
6869750 6869821 0 0 0 -33 -25 0 -29 -22 -22 -71 -6 83 83 25 20 19 10 11 31 35 45 55 16 11 11 5 
6964250 6964276 0 0 0 -48 -30 0 -47 -28 -46 -95 -15 81 79 25 20 19 10 12 32 35 45 55 16 10 10 5 
6988250 6988285 0 0 0 -12 -21 0 -11 -19 -4 -53 10 85 83 25 20 19 10 12 32 35 45 55 16 11 10 5 
7009250 7009351 0 0 0 -25 -28 0 -24 -26 -17 -66 6 83 84 25 20 19 10 12 32 35 45 55 16 11 11 5 
7421750 7421804 0 0 0 -22 -5 0 -20 -3 -22 -71 -17 85 85 25 20 19 10 11 31 35 45 55 16 10 11 5 
7481750 7481832 0 0 0 3 -2 0 2 -2 5 -44 4 88 90 25 20 19 10 11 31 35 45 55 16 8 6 5 
7728750 7728921 0 0 0 5 7 0 5 10 8 -41 -4 87 85 25 20 19 10 11 31 35 45 55 16 8 11 5 
7939250 7939379 0 0 0 -3 -4 0 -2 -2 0 -49 0 88 88 25 20 19 10 11 31 35 45 55 16 8 10 5 
8014250 8014403 0 0 0 -36 -19 0 -36 -19 -33 -82 -18 90 91 25 20 19 10 11 31 35 45 55 16 11 9 5 
8180750 8180778 0 0 0 -42 -30 0 -38 -25 -36 -85 -14 84 79 25 20 19 10 11 31 35 45 55 16 11 10 5 
8354750 8354802 0 0 0 -20 -12 0 -20 -11 -17 -66 -5 82 82 25 20 19 10 12 32 35 45 55 16 8 11 5 
8371750 8371963 0 0 0 -5 -14 0 -4 -13 1 -48 11 83 84 25 20 19 10 12 32 35 45 55 16 9 7 5 
8399750 8400232 0 0 0 -8 -20 0 -5 -17 0 -49 16 83 85 25 20 19 10 12 32 35 45 55 16 8 11 5 
8420750 8420827 0 0 0 -41 -40 0 -38 -36 -36 -85 -2 81 81 25 20 19 10 12 32 35 45 55 16 10 10 5 
8446750 8446886 0 0 0 -34 -43 0 -34 -43 -30 -79 11 87 88 25 20 19 10 12 32 35 45 55 16 11 11 5 
8467250 8467415 0 0 0 -18 -28 0 -15 -27 -13 -62 13 82 82 25 20 19 10 12 32 35 45 55 16 9 11 5 
8493750 8493856 0 0 0 -10 -25 0 -8 -24 -3 -52 17 88 88 25 20 19 10 12 32 35 45 55 16 10 9 5 
8501250 8501429 0 0 0 -34 -36 0 -29 -32 -23 -72 4 86 82 25 20 19 10 12 32 35 45 55 16 11 10 5 
8555750 8555896 0 0 0 -39 -35 0 -38 -32 -34 -83 -5 87 86 25 20 19 10 12 32 35 45 55 16 11 11 5 
8583750 8583804 0 0 0 -29 -36 0 -27 -33 -24 -73 6 86 88 25 20 19 10 12 32 35 45 55 16 11 11 5 
8669750 8670055 0 0 0 -18 -25 0 -16 -22 -11 -60 7 86 85 25 20 19 10 13 33 35 45 55 16 9 11 5 
8692250 8692271 0 0 0 -51 -48 0 -49 -46 -43 -92 -1 88 88 25 20 19 10 13 33 35 45 55 16 11 11 5 
8743250 8743315 0 0 0 -53 -55 0 -50 -53 -50 -99 3 86 87 25 20 19 10 13 33 35 45 55 16 11 11 5 
8910250 8910363 0 0 0 -45 -49 0 -43 -46 -38 -87 7 84 86 25 20 19 10 13 33 35 45 55 16 11 11 5 
8944250 8944406 0 0 0 -14 -3 0 -14 -2 -13 -62 -12 91 92 25 20 19 10 13 33 35 45 55 16 11 12 5 
9629750 9629815 0 0 0 -37 -31 0 -35 -28 -35 -84 -5 88 88 25 20 19 10 13 33 35 45 55 16 11 11 5 
9709250 9709373 0 0 0 -43 -27 0 -42 -26 -42 -91 -15 93 91 25 20 19 10 13 33 35 45 55 16 12 12 5 
9761750 9761773 0 0 0 -57 -41 0 -56 -39 -58 -107 -16 88 88 25 20 19 10 13 33 35 45 55 16 11 11 5 
9990250 9990257 0 0 0 -45 -31 0 -43 -30 -42 -91 -12 85 84 25 20 19 10 13 33 35 45 55 16 11 11 5 
10019750 10019847 0 0 0 -30 -33 0 -28 -31 -27 -76 3 90 91 25 20 19 10 13 33 35 45 55 16 12 11 5 
10069250 10069396 0 0 0 -17 -25 0 -17 -24 -13 -62 9 88 83 25 20 19 10 13 33 35 45 55 16 11 11 5 
10136250 10136297 0 0 0 -17 -26 0 -16 -25 -12 -61 10 85 84 25 20 19 10 13 33 35 45 55 16 11 11 5 
10248750 10248926 0 0 0 -9 -26 0 -7 -24 0 -49 19 83 82 25 20 19 10 13 33 35 45 55 16 10 11 5 
10391250 10391289 0 0 0 4 -14 0 6 -12 13 -36 22 83 81 25 20 19 10 13 33 35 45 55 16 10 11 5 
10447250 10447361 0 0 0 -28 -11 0 -26 -10 -22 -71 -14 93 92 25 20 19 10 13 33 35 45 55 16 9 12 5 
10483250 10483288 0 0 0 -14 -15 0 -13 -15 -10 -59 2 93 92 25 20 19 10 13 33 35 45 55 16 11 10 5 
10543250 10543473 0 0 0 -12 -21 0 -10 -19 -8 -57 9 81 81 25 20 19 10 13 33 35 45 55 16 7 10 5 
10574750 10574774 0 0 0 -37 -19 0 -36 -19 -36 -85 -17 86 88 25 20 19 10 13 33 35 45 55 16 10 11 5 
10897250 10897267 0 0 0 -29 -10 0 -26 -7 -29 -78 -18 87 87 25 20 19 10 13 33 35 45 55 16 11 9 5 
10974250 10974284 0 0 0 -13 -24 0 -12 -22 -6 -55 12 83 85 25 20 19 10 13 33 35 45 55 16 10 11 5 
11024750 11024902 0 0 0 -7 -20 0 -6 -18 -1 -50 15 82 82 25 20 19 10 13 33 35 45 55 16 9 11 5 
11049250 11049265 0 0 0 -15 -13 0 -11 -11 -9 -58 0 80 81 25 20 19 10 13 33 35 45 55 16 10 10 5 
11197250 11197422 0 0 0 -20 -15 0 -18 -15 -18 -67 -1 82 83 25 20 19 10 13 33 35 45 55 16 11 10 5 
11225750 11225764 0 0 0 -11 -30 0 -10 -28 -2 -51 20 85 82 25 20 19 10 13 33 35 45 55 16 10 11 5 
11248250 11248315 0 0 0 -32 -14 0 -30 -12 -27 -76 -17 85 80 25 20 19 10 13 33 35 45 55 16 10 11 5 
11283750 11283902 0 0 0 -31 -12 0 -33 -12 -34 -83 -19 91 96 25 20 19 10 13 33 35 45 55 16 10 12 5 
11479250 11479341 0 0 0 -36 -28 0 -36 -27 -33 -82 -7 81 80 25 20 19 10 13 33 35 45 55 16 10 10 5 
11506750 11506926 0 13 0 2 1 7 10 8 17 -32 2 91 91 25 20 19 10 13 33 35 45 55 16 3 11 5 
11527750 11527822 0 0 0 19 -1 0 21 1 28 -21 22 79 80 25 20 19 10 13 33 35 45 55 16 9 6 5 
11606750 11606878 0 0 0 30 9 0 32 11 39 -10 23 90 91 25 20 19 10 13 33 35 45 55 16 8 9 5 
11640250 11640258 0 0 0 -3 -18 0 -1 -17 7 -42 16 82 80 25 20 19 10 13 33 35 45 55 16 10 8 5 
11699750 11699814 0 0 0 3 -14 0 4 -14 11 -38 21 79 80 25 20 19 10 13 33 35 45 55 16 8 10 5 
11801250 11801332 0 0 0 18 2 0 20 4 24 -25 18 80 82 25 20 19 10 13 33 35 45 55 16 10 9 5 
11812250 11812436 0 0 0 -16 -13 0 -15 -12 -13 -62 -2 78 78 25 20 19 10 13 33 35 45 55 16 10 10 5 
11834250 11834436 0 0 0 -14 -13 0 -12 -11 -9 -58 3 80 82 25 20 19 10 13 33 35 45 55 16 10 10 5 
11840750 11840881 0 13 0 -1 -4 -13 3 0 8 -41 3 86 90 25 20 19 10 13 33 35 45 55 16 9 10 5 
11846750 11846799 0 0 0 36 11 0 37 12 44 -5 27 82 80 25 20 19 10 13 33 35 45 55 16 10 11 5 
11876750 11876787 0 0 0 41 17 0 45 21 52 3 25 79 77 25 20 19 10 13 33 35 45 55 16 10 10 5 
11906750 11906787 0 0 0 11 -1 0 14 2 19 -30 15 77 75 25 20 19 10 13 33 35 45 55 16 10 9 5 
12112750 12112886 0 0 0 -6 0 0 -5 1 -4 -53 -3 83 85 25 20 19 10 13 33 35 45 55 16 9 8 5 
12165250 12165327 0 0 0 19 13 0 19 13 24 -25 9 83 83 25 20 19 10 13 33 35 45 55 16 10 10 5 
12799250 12799338 0 0 0 46 35 0 48 38 51 2 13 82 81 25 20 19 10 13 33 35 45 55 16 10 10 5 
12844250 12844251 0 0 0 22 21 0 22 22 23 -26 2 83 82 25 20 19 10 13 33 35 45 55 16 9 10 5 
13136250 13136408 0 0 0 16 17 0 18 20 23 -26 1 86 91 25 20 19 10 13 33 35 45 55 16 12 11 5 
13179250 13179439 0 0 0 38 26 0 42 29 48 -1 17 78 81 25 20 19 10 13 33 35 45 55 16 10 10 5 
13293750 13293850 0 0 0 44 30 0 45 31 50 1 17 86 83 25 20 19 10 13 33 35 45 55 16 10 11 5 
13306750 13306814 0 0 0 52 34 0 53 35 60 11 23 82 82 25 20 19 10 13 33 35 45 55 16 10 10 5 
13321750 13321922 0 0 0 11 0 0 12 1 22 -27 15 80 79 25 20 19 10 13 33 35 45 55 16 8 10 5 
13338750 13338752 0 0 0 -2 -7 0 -2 -8 4 -45 8 78 77 25 20 19 10 13 33 35 45 55 16 9 8 5 
13379750 13379910 0 0 0 29 18 0 31 20 38 -11 15 81 81 25 20 19 10 13 33 35 45 55 16 8 10 5 
13456750 13456778 0 0 0 18 15 0 18 14 22 -27 6 82 83 25 20 19 10 13 33 35 45 55 16 9 10 5 
13477250 13477367 0 0 0 46 20 0 48 20 57 8 32 83 83 25 20 19 10 13 33 35 45 55 16 11 10 5 
13494250 13494266 0 0 0 13 3 0 15 6 21 -28 13 77 75 25 20 19 10 13 33 35 45 55 16 10 8 5 
13518750 13518874 0 0 0 -2 -10 0 -1 -8 6 -43 13 77 79 25 20 19 10 13 33 35 45 55 16 10 10 5 
13525250 13525259 0 13 0 47 20 15 53 24 63 14 35 85 90 25 20 19 10 13 33 35 45 55 16 6 11 5 
13529250 13529375 0 0 0 54 25 0 56 26 68 19 33 78 76 25 20 19 10 13 33 35 45 55 16 10 10 5 
13548750 13548893 0 0 0 41 18 0 41 19 50 1 27 81 86 25 20 19 10 13 33 35 45 55 16 10 11 5 
13582750 13582934 0 0 0 31 12 0 30 12 40 -9 22 77 78 25 20 19 10 13 33 35 45 55 16 9 9 5 
13871250 13871368 0 0 0 12 9 0 14 11 19 -30 6 79 78 25 20 19 10 13 33 35 45 55 16 10 10 5 
13886250 13886379 0 0 0 28 14 0 29 15 36 -13 18 81 81 25 20 19 10 13 33 35 45 55 16 11 10 5 
13925750 13925794 0 0 0 28 17 0 28 19 33 -16 10 78 78 25 20 19 10 13 33 35 45 55 16 10 8 5 
13938750 13938925 0 0 0 2 -1 0 3 0 6 -43 6 81 79 25 20 19 10 13 33 35 45 55 16 10 10 5 
14047250 14047313 0 0 0 2 -2 0 4 0 11 -38 9 79 77 25 20 19 10 13 33 35 45 55 16 10 8 5 
14077250 14077380 0 0 0 39 30 0 39 30 44 -5 12 85 84 25 20 19 10 13 33 35 45 55 16 11 11 5 
14281750 14282124 0 0 0 18 13 0 18 14 19 -30 6 83 82 25 20 19 10 13 33 35 45 55 16 9 10 5 
14430250 14430273 0 0 0 36 24 0 38 26 42 -7 15 80 82 25 20 19 10 13 33 35 45 55 16 10 10 5 
15134750 15134889 0 0 0 60 45 0 63 47 69 20 19 83 84 25 20 19 10 13 33 35 45 55 16 11 11 5 
15589250 15589345 0 0 0 35 19 0 36 20 42 -7 21 76 78 25 20 19 10 13 33 35 45 55 16 9 10 5 
15811750 15811932 0 0 0 45 27 0 44 26 49 0 21 77 78 25 20 19 10 13 33 35 45 55 16 9 10 5 
16036750 16036847 0 0 0 47 21 0 48 22 60 11 30 75 78 25 20 19 10 13 33 35 45 55 16 10 9 5 
16158750 16158883 0 0 0 44 23 0 45 25 54 5 24 74 76 25 20 19 10 13 33 35 45 55 16 9 9 5 
16244750 16244948 0 0 0 28 11 0 28 10 37 -12 26 77 73 25 20 19 10 14 34 35 45 55 16 10 9 5 
16426750 16426844 0 0 0 37 17 0 35 15 48 -1 28 83 79 25 20 19 10 14 34 35 45 55 16 10 8 5 
16449250 16449353 0 0 0 67 35 0 68 36 84 35 41 74 76 25 20 19 10 14 34 35 45 55 16 10 9 5 
16481250 16481343 0 0 0 75 38 0 76 39 93 44 45 73 74 25 20 19 10 14 34 35 45 55 16 9 9 5 
16499750 16499800 0 0 0 24 8 0 27 10 36 -13 24 75 79 25 20 19 10 14 34 35 45 55 16 10 8 5 
16612750 16612865 0 0 0 52 36 0 52 36 60 11 24 80 82 25 20 19 10 14 34 35 45 55 16 10 10 5 
16991750 16991839 0 0 0 42 27 0 43 28 55 6 23 80 80 25 20 19 10 14 34 35 45 55 16 10 10 5 
17416750 17416833 0 0 0 42 28 0 43 28 48 -1 20 77 72 25 20 19 10 14 34 35 45 55 16 9 9 5 
17906250 17906258 0 0 0 17 15 0 19 17 24 -25 9 76 75 25 20 19 10 14 34 35 45 55 16 10 10 5 
17924750 17924771 0 0 0 40 28 0 42 30 52 3 17 82 81 25 20 19 10 14 34 35 45 55 16 10 10 5 
18148250 18148315 0 0 0 14 11 0 17 13 23 -26 9 77 76 25 20 19 10 14 34 35 45 55 16 9 10 5 
18191750 18191933 0 0 0 30 22 0 30 22 38 -11 15 81 79 25 20 19 10 14 34 35 45 55 16 10 10 5 
18292250 18292410 0 0 0 26 22 0 29 24 29 -20 4 82 83 25 20 19 10 12 32 35 45 55 16 11 9 5 
18677250 18677328 0 -1 7 -37 -77 -54 -44 -85 -26 -75 42 105 105 25 20 19 10 11 29 35 45 55 16 5 8 5 
18689750 18689828 0 2 7 -80 -90 -97 -77 -88 -62 -111 12 111 110 25 20 19 10 11 27 35 45 55 16 13 14 5 
18765750 18766159 0 -3 7 -35 -55 -49 -33 -51 -22 -71 17 104 104 25 20 19 10 11 29 35 45 55 16 6 9 5 
18899750 18899955 0 0 0 11 -32 0 11 -32 20 -29 44 91 90 25 20 19 10 11 31 35 45 55 16 4 4 5 
19156750 19157251 0 0 0 5 -11 0 9 -8 15 -34 18 96 97 25 20 19 10 11 31 35 45 55 16 1 4 5 
19419250 19419350 0 -1 1 -47 -54 -51 -41 -50 -29 -78 9 102 101 25 20 19 10 11 29 35 45 55 16 11 8 5 
19530250 19530313 0 2 1 -166 -169 -170 -157 -161 -144 -193 5 118 119 25 20 19 10 11 27 35 45 55 16 15 13 5 
19544750 19544790 0 -3 1 -46 -83 -49 -41 -79 -28 -77 39 101 102 25 20 19 10 11 29 35 45 55 16 13 13 5 
19702750 19702901 0 0 0 3 -36 0 8 -32 20 -29 39 98 99 25 20 19 10 11 31 35 45 55 16 8 10 5 
19799250 19799477 0 -1 1 -57 -60 -54 -56 -60 -46 -95 4 102 103 25 20 19 10 11 29 35 45 55 16 10 12 5 
19957750 19957764 0 2 1 -373 -293 -362 -387 -303 -376 -425 -84 126 127 25 20 19 10 9 24 35 45 55 16 15 16 5 
20089250 20089258 0 -3 1 -67 -102 -49 -73 -99 -62 -111 27 96 101 25 20 19 10 11 29 35 45 55 16 12 12 5 
20317750 20317867 0 0 0 -31 -54 0 -33 -52 -21 -70 20 94 96 25 20 19 10 11 31 35 45 55 16 6 8 5 
20406250 20406324 0 -1 1 -83 -92 -52 -82 -88 -73 -122 5 111 111 25 20 19 10 11 27 35 45 55 16 9 13 5 
20488750 20488788 0 2 1 -280 -264 -249 -281 -265 -259 -308 -19 123 124 25 20 19 10 9 24 35 45 55 16 16 16 5 
34250 34615 1 0 -1 0 0 0 0 0 0 -22 0 75 75 25 20 20 10 11 31 35 45 55 16 4 5 5 
168750 168898 1 0 0 27 -9 0 28 -9 31 12 36 86 91 25 20 19 10 11 31 35 45 55 16 11 11 5 
440750 440759 1 0 0 9 -18 0 11 -17 14 -5 27 83 81 25 20 19 10 10 30 35 45 55 16 5 8 5 
519250 520121 1 0 0 12 -15 0 11 -15 12 -7 24 81 85 25 20 19 10 10 30 35 45 55 16 5 4 5 
695750 695763 1 0 0 13 -10 0 14 -8 17 -2 21 86 87 25 20 19 10 10 30 35 45 55 16 7 4 5 
877250 877369 1 0 0 -8 -39 0 -9 -40 -5 -24 32 83 82 25 20 19 10 10 30 35 45 55 16 9 8 5 
1123250 1123842 1 0 0 19 -16 0 16 -15 20 1 32 85 87 25 20 19 10 10 30 35 45 55 16 6 10 5 
1479750 1479834 1 0 0 4 -29 0 5 -27 9 -10 33 97 96 25 20 19 10 10 30 35 45 55 16 10 12 5 
1784750 1784879 1 0 0 -18 -29 0 -13 -25 -9 -28 12 94 94 25 20 19 10 10 30 35 45 55 16 3 5 5 
1993250 1993389 1 0 0 -31 -42 0 -30 -43 -27 -46 13 92 90 25 20 19 10 10 30 35 45 55 16 8 9 5 
2397250 2397639 1 0 0 -24 -28 0 -27 -33 -23 -42 7 92 92 25 20 19 10 10 30 35 45 55 16 3 6 5 
2656750 2656832 1 0 0 -35 -51 0 -35 -51 -32 -51 14 102 104 25 20 19 10 10 28 35 45 55 16 12 11 5 
2703250 2703456 1 0 0 -37 -47 0 -35 -46 -31 -50 12 98 98 25 20 19 10 10 30 35 45 55 16 7 8 5 
2735750 2735917 1 0 0 -6 -29 0 -7 -28 -5 -24 21 97 93 25 20 19 10 10 30 35 45 55 16 6 8 5 
3046750 3046801 1 0 0 -55 -66 0 -54 -66 -50 -69 12 99 99 25 20 20 10 10 30 35 45 55 16 5 7 5 
3082750 3082813 1 0 0 -41 -52 0 -36 -45 -32 -51 10 98 100 25 20 20 10 10 28 35 45 55 16 12 6 5 
3200250 3200280 1 -1 1 -89 -80 -53 -96 -83 -92 -111 -12 111 113 25 20 18 10 9 25 35 45 55 16 13 12 5 
3279750 3279863 1 2 1 -289 -262 -257 -297 -270 -293 -312 -27 122 121 25 20 17 10 8 23 35 45 55 16 16 16 5 
3372250 3372397 1 -3 1 -74 -63 -48 -72 -60 -69 -88 -12 92 94 25 20 17 10 10 30 35 45 55 16 12 12 5 
3449250 3449837 1 0 0 -23 -37 0 -21 -35 -19 -38 14 90 89 25 20 18 10 11 31 35 45 55 16 4 9 5 
3701250 3701315 1 0 0 -17 -2 0 -20 -4 -15 -34 -14 82 81 25 20 18 10 11 31 35 45 55 16 7 10 5 
3911250 3911263 1 0 0 -14 1 0 -15 0 -12 -31 -15 83 86 25 20 18 10 11 31 35 45 55 16 8 9 5 
4091250 4091255 1 0 0 -30 -44 0 -30 -43 -25 -44 14 96 96 25 20 18 10 11 31 35 45 55 16 11 11 5 
4444250 4444360 1 0 0 -38 -50 0 -37 -50 -34 -53 13 98 99 25 20 18 10 11 31 35 45 55 16 6 5 5 
4728750 4729026 1 0 0 -35 -49 0 -36 -50 -33 -52 15 91 91 25 20 19 10 11 31 35 45 55 16 1 9 5 
4907250 4907259 1 0 0 -30 -31 0 -32 -29 -29 -48 -1 90 87 25 20 19 10 11 31 35 45 55 16 6 8 5 
5105750 5105920 1 0 0 -2 12 0 -2 13 2 -17 -14 81 82 25 20 19 10 11 31 35 45 55 16 10 10 5 
5165750 5165911 1 0 0 -23 -19 0 -23 -19 -21 -40 -6 79 82 25 20 19 10 11 31 35 45 55 16 9 7 5 
5660750 5660824 1 0 0 -4 10 0 -5 8 -1 -20 -12 74 74 25 20 19 10 11 31 35 45 55 16 9 9 5 
6388250 6388402 1 0 0 3 7 0 5 7 10 -9 0 83 83 25 20 19 10 11 31 35 45 55 16 7 8 5 
6866750 6866756 1 0 0 -23 -6 0 -23 -6 -19 -38 -16 83 84 25 20 19 10 11 31 35 45 55 16 11 11 5 
6956250 6956334 1 0 0 -29 -10 0 -29 -10 -27 -46 -20 85 84 25 20 19 10 12 32 35 45 55 16 11 9 5 
6984250 6984939 1 0 0 -38 -17 0 -41 -21 -37 -56 -19 91 93 25 20 19 10 12 32 35 45 55 16 2 12 5 
7008750 7008816 1 0 0 -34 -12 0 -33 -11 -30 -49 -22 83 84 25 20 19 10 12 32 35 45 55 16 11 11 5 
7430750 7430900 1 0 0 -32 -10 0 -32 -11 -28 -47 -21 85 85 25 20 19 10 11 31 35 45 55 16 11 11 5 
7477250 7477290 1 0 0 -19 -8 0 -19 -10 -15 -34 -8 86 84 25 20 19 10 11 31 35 45 55 16 7 3 5 
7723250 7723615 1 0 0 -22 -18 0 -21 -17 -17 -36 -4 84 83 25 20 19 10 11 31 35 45 55 16 8 9 5 
7934750 7934773 1 0 0 -31 -27 0 -33 -29 -28 -47 -3 88 87 25 20 19 10 11 31 35 45 55 16 10 8 5 
8015750 8015858 1 0 0 -47 -26 0 -48 -25 -45 -64 -23 91 95 25 20 19 10 11 31 35 45 55 16 9 12 5 
8186250 8186322 1 0 0 -42 -19 0 -43 -19 -40 -59 -22 92 99 25 20 19 10 11 31 35 45 55 16 11 12 5 
8345750 8345919 1 0 0 -23 -9 0 -23 -8 -18 -37 -13 86 86 25 20 19 10 12 32 35 45 55 16 11 11 5 
8373750 8373769 1 0 0 -14 1 0 -11 7 -7 -26 -18 82 81 25 20 19 10 12 32 35 45 55 16 6 9 5 
8396250 8396266 1 0 0 -22 -17 0 -20 -14 -15 -34 -4 85 87 25 20 19 10 12 32 35 45 55 16 9 9 5 
8420750 8420827 1 0 0 -23 -5 0 -21 -1 -17 -36 -19 81 81 25 20 19 10 12 32 35 45 55 16 10 10 5 
8443250 8443592 1 0 0 -28 -10 0 -27 -7 -24 -43 -20 86 86 25 20 19 10 12 32 35 45 55 16 10 11 5 
8467250 8467415 1 0 0 -22 -14 0 -21 -13 -18 -37 -9 82 82 25 20 19 10 12 32 35 45 55 16 9 11 5 
8488250 8488264 1 0 0 -19 -15 0 -23 -18 -19 -38 -4 84 82 25 20 19 10 12 32 35 45 55 16 8 5 5 
8504750 8504771 1 0 0 -24 -12 0 -25 -15 -21 -40 -10 81 82 25 20 19 10 12 32 35 45 55 16 10 10 5 
8557250 8557316 1 0 0 -22 -11 0 -24 -13 -19 -38 -10 84 83 25 20 19 10 12 32 35 45 55 16 11 11 5 
8583750 8583804 1 0 0 -27 -11 0 -26 -9 -23 -42 -17 86 88 25 20 19 10 12 32 35 45 55 16 11 11 5 
8677250 8677411 1 0 0 -28 -12 0 -30 -12 -27 -46 -17 89 87 25 20 19 10 13 33 35 45 55 16 11 11 5 
8688750 8688875 1 0 0 -41 -20 0 -43 -20 -39 -58 -22 91 92 25 20 19 10 13 33 35 45 55 16 12 11 5 
8750750 8750756 1 0 0 -35 -16 0 -35 -14 -34 -53 -22 83 84 25 20 19 10 13 33 35 45 55 16 11 11 5 
8915750 8915767 1 0 0 -39 -23 0 -38 -23 -36 -55 -15 85 88 25 20 19 10 13 33 35 45 55 16 11 11 5 
8954750 8954906 1 0 0 -23 -21 0 -21 -20 -17 -36 -1 90 90 25 20 19 10 13 33 35 45 55 16 9 6 5 
9634250 9634396 1 0 0 -39 -30 0 -36 -27 -33 -52 -9 87 89 25 20 19 10 13 33 35 45 55 16 12 11 5 
9714250 9714331 1 0 0 -49 -41 0 -48 -39 -44 -63 -9 90 91 25 20 19 10 13 33 35 45 55 16 12 11 5 
9761250 9761262 1 0 0 -48 -28 0 -48 -27 -44 -63 -19 88 88 25 20 19 10 13 33 35 45 55 16 11 11 5 
9988250 9988319 1 0 0 -25 -8 0 -23 -7 -19 -38 -17 85 87 25 20 19 10 13 33 35 45 55 16 11 11 5 
10063250 10063409 1 0 0 -28 -14 0 -28 -14 -26 -45 -15 87 89 25 20 19 10 13 33 35 45 55 16 9 10 5 
10083750 10083807 1 0 0 -20 -11 0 -21 -12 -17 -36 -9 85 84 25 20 19 10 13 33 35 45 55 16 10 9 5 
10142250 10142289 1 0 0 -20 -10 0 -19 -10 -16 -35 -8 82 82 25 20 19 10 13 33 35 45 55 16 8 10 5 
10203750 10203817 1 0 0 -34 -11 0 -35 -13 -32 -51 -23 89 91 25 20 19 10 13 33 35 45 55 16 11 12 5 
10248750 10248926 1 0 0 -27 -15 0 -27 -15 -24 -43 -11 83 82 25 20 19 10 13 33 35 45 55 16 10 11 5 
10381750 10381893 1 0 0 -29 -12 0 -30 -11 -27 -46 -19 88 90 25 20 19 10 13 33 35 45 55 16 11 12 5 
10443750 10443804 1 0 0 -37 -18 0 -39 -18 -36 -55 -22 94 93 25 20 19 10 13 33 35 45 55 16 12 10 5 
10484750 10484911 1 0 0 -35 -24 0 -34 -23 -31 -50 -10 93 93 25 20 19 10 13 33 35 45 55 16 11 10 5 
10548750 10548813 1 0 0 -23 -20 0 -24 -21 -20 -39 -1 80 79 25 20 19 10 13 33 35 45 55 16 7 10 5 
10576750 10576893 1 0 0 -37 -24 0 -36 -26 -32 -51 -11 84 84 25 20 19 10 13 33 35 45 55 16 11 10 5 
10622250 10622290 1 0 0 -30 -19 0 -31 -20 -26 -45 -12 85 87 25 20 19 10 13 33 35 45 55 16 11 11 5 
10893750 10893819 1 0 0 -22 -12 0 -21 -12 -18 -37 -8 88 89 25 20 19 10 13 33 35 45 55 16 10 11 5 
10970750 10971323 1 0 0 -18 -1 0 -14 0 -10 -29 -13 81 82 25 20 19 10 13 33 35 45 55 16 7 10 5 
11023250 11023426 1 0 0 -13 -7 0 -12 -8 -9 -28 -5 81 79 25 20 19 10 13 33 35 45 55 16 10 9 5 
11047250 11047391 1 0 0 -28 -10 0 -29 -11 -27 -46 -18 81 80 25 20 19 10 13 33 35 45 55 16 11 10 5 
11195750 11195802 1 0 0 -24 -7 0 -22 -4 -19 -38 -17 83 82 25 20 19 10 13 33 35 45 55 16 11 11 5 
11229250 11229257 1 0 0 -35 -16 0 -35 -16 -32 -51 -19 86 85 25 20 19 10 13 33 35 45 55 16 11 11 5 
11257250 11257260 1 0 0 -26 -11 0 -27 -12 -23 -42 -16 85 85 25 20 19 10 13 33 35 45 55 16 10 11 5 
11304750 11304922 1 0 0 -23 -5 0 -22 -4 -18 -37 -17 87 86 25 20 19 10 13 33 35 45 55 16 11 10 5 
11484250 11484350 1 0 0 -24 -10 0 -25 -9 -22 -41 -16 80 81 25 20 19 10 13 33 35 45 55 16 10 10 5 
11531250 11531458 1 0 0 -14 -15 0 -13 -14 -7 -26 2 79 80 25 20 19 10 13 33 35 45 55 16 9 9 5 
11609750 11609885 1 0 0 -19 -11 0 -18 -12 -16 -35 -6 88 87 25 20 19 10 13 33 35 45 55 16 8 11 5 
11653250 11653326 1 0 0 -18 -6 0 -17 -4 -13 -32 -12 84 86 25 20 19 10 13 33 35 45 55 16 8 10 5 
11706750 11706869 1 0 0 -10 -3 0 -8 -1 -5 -24 -7 80 80 25 20 19 10 13 33 35 45 55 16 9 10 5 
11795750 11795838 1 0 0 -10 3 0 -8 5 -5 -24 -13 76 76 25 20 19 10 13 33 35 45 55 16 9 9 5 
11809750 11809853 1 0 0 -19 -1 0 -20 -1 -16 -35 -19 79 79 25 20 19 10 13 33 35 45 55 16 10 10 5 
11833250 11833297 1 0 0 -18 -5 0 -17 -7 -14 -33 -11 79 77 25 20 19 10 13 33 35 45 55 16 10 10 5 
11848250 11848425 1 0 0 -2 1 0 0 2 4 -15 -1 83 83 25 20 19 10 13 33 35 45 55 16 10 10 5 
11881750 11881842 1 0 0 9 10 0 11 13 13 -6 -3 77 77 25 20 19 10 13 33 35 45 55 16 10 10 5 
11909250 11909295 1 0 0 -8 -2 0 -9 -5 -7 -26 -6 78 79 25 20 19 10 13 33 35 45 55 16 9 10 5 
12115250 12115425 1 0 0 -13 -8 0 -11 -6 -8 -27 -6 83 82 25 20 19 10 13 33 35 45 55 16 7 7 5 
12167750 12168179 1 0 0 -12 -6 0 -10 -6 -7 -26 -5 82 84 25 20 19 10 13 33 35 45 55 16 7 5 5 
12802250 12802262 1 0 0 18 13 0 18 13 20 1 5 83 85 25 20 19 10 13 33 35 45 55 16 10 11 5 
12849250 12849400 1 0 0 11 10 0 12 11 14 -5 -1 83 83 25 20 19 10 13 33 35 45 55 16 10 11 5 
13143750 13143822 1 0 0 10 16 0 11 17 14 -5 -6 80 82 25 20 19 10 13 33 35 45 55 16 10 10 5 
13297750 13298647 1 0 0 8 5 0 -18 -12 -16 -35 -7 94 96 25 20 19 10 13 33 35 45 55 16 0 9 5 
13393250 13393306 1 0 0 15 9 0 17 10 21 2 6 82 80 25 20 19 10 13 33 35 45 55 16 10 10 5 
13578750 13578848 1 0 0 8 15 0 8 15 11 -8 -8 78 77 25 20 19 10 13 33 35 45 55 16 10 10 5 
14285750 14285750 1 0 0 12 13 0 14 16 19 0 -1 83 81 25 20 19 10 13 33 35 45 55 16 10 11 5 
14431750 14431804 1 0 0 12 5 0 11 3 15 -4 8 79 78 25 20 19 10 13 33 35 45 55 16 10 10 5 
15144750 15144768 1 0 0 23 20 0 23 19 25 6 4 84 79 25 20 19 10 13 33 35 45 55 16 11 9 5 
15584750 15584926 1 0 0 21 14 0 19 12 22 3 7 75 77 25 20 19 10 13 33 35 45 55 16 10 10 5 
15802250 15802314 1 0 0 30 24 0 32 23 35 16 8 76 75 25 20 19 10 13 33 35 45 55 16 9 10 5 
16040750 16040817 1 0 0 18 14 0 18 13 22 3 5 79 83 25 20 19 10 13 33 35 45 55 16 10 10 5 
16160750 16160895 1 0 0 21 19 0 20 19 23 4 0 75 73 25 20 19 10 13 33 35 45 55 16 9 10 5 
16244750 16244948 1 0 0 17 12 0 17 11 22 3 8 77 73 25 20 19 10 14 34 35 45 55 16 10 9 5 
16421250 16421403 1 0 0 12 11 0 11 10 14 -5 2 74 72 25 20 19 10 14 34 35 45 55 16 9 9 5 
16438250 16438445 1 0 0 26 21 0 26 20 29 10 5 85 88 25 20 19 10 14 34 35 45 55 16 8 11 5 
16464250 16464399 1 0 0 33 26 0 33 28 35 16 4 77 78 25 20 19 10 14 34 35 45 55 16 10 10 5 
16496250 16496388 1 0 0 20 17 0 23 19 26 7 2 73 72 25 20 19 10 14 34 35 45 55 16 9 8 5 
16616250 16616306 1 0 0 34 24 0 33 23 38 19 10 79 80 25 20 19 10 14 34 35 45 55 16 10 10 5 
16999250 16999330 1 0 0 25 13 0 28 15 32 13 12 77 77 25 20 19 10 14 34 35 45 55 16 10 10 5 
17413250 17413250 1 0 0 21 12 0 22 13 26 7 9 81 80 25 20 19 10 14 34 35 45 55 16 10 10 5 
17902250 17902321 1 0 0 20 18 0 19 16 22 3 2 77 75 25 20 19 10 14 34 35 45 55 16 10 10 5 
17923250 17923288 1 0 0 33 21 0 33 22 37 18 11 80 78 25 20 19 10 14 34 35 45 55 16 10 10 5 
18140750 18140791 1 0 0 3 0 0 4 -1 9 -10 4 81 79 25 20 19 10 14 34 35 45 55 16 9 6 5 
18172750 18172895 1 0 0 11 1 0 11 2 14 -5 8 77 75 25 20 19 10 14 34 35 45 55 16 9 10 5 
18297250 18297257 1 0 0 10 9 0 11 10 16 -3 1 81 82 25 20 19 10 12 32 35 45 55 16 10 10 5 
18678250 18678320 1 -1 7 -57 -80 -54 -55 -79 -51 -70 25 106 108 25 20 19 10 11 29 35 45 55 16 8 8 5 
18690750 18690776 1 2 7 -95 -96 -92 -95 -95 -92 -111 -2 111 111 25 20 19 10 11 27 35 45 55 16 14 13 5 
18772750 18772810 1 -3 7 -48 -63 -42 -51 -68 -48 -67 16 101 99 25 20 19 10 11 31 35 45 55 16 6 8 5 
18900250 18900619 1 0 0 -10 -37 0 -12 -39 -7 -26 29 91 91 25 20 19 10 11 31 35 45 55 16 5 5 5 
19156750 19157251 1 0 0 -1 -12 0 4 -10 8 -11 13 96 97 25 20 19 10 11 31 35 45 55 16 1 4 5 
19369750 19369940 1 -1 1 -57 -64 -57 -53 -63 -49 -68 12 101 103 25 20 19 10 11 29 35 45 55 16 6 11 5 
19380250 19380266 1 2 1 -90 -74 -91 -92 -81 -89 -108 -12 107 109 25 20 19 10 11 29 35 45 55 16 8 12 5 
19394250 19394274 1 -3 1 -49 -53 -50 -48 -51 -45 -64 3 105 102 25 20 19 10 11 29 35 45 55 16 10 6 5 
19404250 19404641 1 -1 1 -53 -60 -53 -52 -57 -50 -69 4 102 103 25 20 19 10 11 29 35 45 55 16 6 6 5 
19530750 19530819 1 2 1 -169 -161 -171 -174 -160 -171 -190 -14 118 119 25 20 19 10 11 27 35 45 55 16 13 15 5 
19545750 19545826 1 -3 1 -46 -79 -48 -49 -77 -46 -65 29 101 102 25 20 19 10 11 29 35 45 55 16 13 12 5 
19628750 19629037 1 0 0 2 -30 0 8 -27 13 -6 36 98 97 25 20 19 10 11 31 35 45 55 16 8 6 5 
19798750 19798892 1 -1 1 -61 -58 -52 -67 -61 -63 -82 -6 102 104 25 20 19 10 11 29 35 45 55 16 11 11 5 
19956750 19956811 1 2 1 -335 -271 -316 -350 -283 -348 -367 -68 126 125 25 20 19 10 9 24 35 45 55 16 15 16 5 
20083250 20083392 1 -3 1 -77 -92 -50 -72 -90 -69 -88 17 103 99 25 20 19 10 11 31 35 45 55 16 13 13 5 
20291750 20291812 1 0 0 -41 -57 0 -40 -61 -36 -55 21 94 95 25 20 19 10 11 31 35 45 55 16 8 7 5 
20408250 20408324 1 -1 1 -94 -97 -53 -86 -93 -83 -102 8 113 113 25 20 19 10 11 27 35 45 55 16 13 13 5 
20460750 20460819 1 2 1 -275 -237 -234 -286 -246 -282 -301 -41 127 125 25 20 19 10 9 24 35 45 55 16 16 15 5 
20523250 20523389 1 -3 1 -90 -79 -50 -90 -76 -88 -107 -15 106 107 25 20 19 10 9 27 35 45 55 16 13 11 5 
