48000 48017 0 0 0 19 -28 0 18 -30 14 14 47 55 54 25 20 18 10 10 30 35 45 55 16 6 7 5 
147500 147525 0 0 -1 0 0 0 0 0 0 0 0 69 60 25 20 18 10 10 30 35 45 55 16 9 5 5 
242000 242680 0 0 0 2 -51 0 2 -55 -1 -1 57 63 68 25 20 18 10 10 30 35 45 55 16 2 6 5 
279500 279583 0 0 0 15 -39 0 17 -39 10 10 59 67 77 25 20 18 10 9 29 35 45 55 16 3 5 5 
359000 359409 0 -1 1 -44 -103 -52 -51 -107 -59 -59 62 78 80 25 20 18 10 9 29 35 45 55 16 4 2 5 
427500 427597 0 2 1 -86 -133 -88 -89 -134 -95 -95 51 83 74 25 20 18 10 9 29 35 45 55 16 7 0 5 
438500 438677 0 -3 1 -48 -115 -49 -48 -114 -58 -58 68 82 82 25 20 18 10 9 29 35 45 55 16 7 7 5 
481000 481227 0 0 0 -3 -92 0 -3 -97 -14 -14 94 79 69 25 20 18 10 9 29 35 45 55 16 3 5 5 
681500 681696 0 0 0 1 -62 0 0 -61 -2 -2 61 61 59 25 20 17 10 10 30 35 45 55 16 3 4 5 
967500 967734 0 0 0 1 -49 0 2 -48 -1 -1 51 54 53 25 20 14 10 11 31 35 45 55 16 7 7 5 
1189000 1189729 0 0 0 5 -35 0 4 -34 5 5 32 50 49 25 20 17 10 13 33 35 45 55 16 3 5 5 
1285500 1285608 0 0 0 7 -35 0 8 -35 9 9 39 51 53 25 20 17 10 13 33 35 45 55 16 6 6 5 
1556000 1556167 0 0 0 9 -34 0 10 -34 10 10 42 49 49 25 20 17 10 12 32 35 45 55 16 6 6 5 
1593000 1594389 0 0 0 66 13 0 70 5 71 71 65 62 56 25 20 17 10 12 32 35 45 55 16 0 4 5 
1793500 1793553 0 0 0 4 -70 0 6 -66 6 6 69 77 70 25 20 17 10 12 32 35 45 55 16 4 10 5 
1848000 1849031 0 0 0 24 -39 0 24 -34 17 17 59 68 58 25 20 17 10 10 30 35 45 55 16 0 8 5 
1878500 1878632 0 0 0 44 -24 0 46 -22 37 37 73 68 64 25 20 17 10 10 30 35 45 55 16 5 4 5 
2053000 2053173 0 0 0 42 -27 0 40 -29 30 30 66 64 63 25 20 17 10 10 30 35 45 55 16 1 5 5 
2184500 2185101 0 0 0 56 -24 0 59 -22 44 44 89 72 65 25 20 17 10 9 29 35 45 55 16 1 9 5 
2456000 2456129 0 0 0 24 -32 0 22 -34 14 14 60 71 65 25 20 17 10 10 30 35 45 55 16 9 8 5 
2540500 2540563 0 0 0 34 -32 0 38 -29 30 30 68 71 78 25 20 17 10 10 30 35 45 55 16 3 6 5 
2548000 2548011 0 13 0 -2 -48 -13 -3 -49 -11 -11 48 67 68 25 20 17 10 10 30 35 45 55 16 7 8 5 
2559500 2559507 0 0 0 -23 -59 0 -23 -58 -28 -28 39 55 53 25 20 17 10 10 30 35 45 55 16 7 7 5 
2591000 2591015 0 0 0 -38 -70 0 -35 -68 -41 -41 42 52 52 25 20 17 10 9 29 35 45 55 16 6 6 5 
2869500 2869650 0 0 0 -35 -60 0 -35 -60 -43 -43 27 53 52 25 20 17 10 9 29 35 45 55 16 7 7 5 
3119000 3119058 0 0 0 -40 -67 0 -39 -67 -46 -46 37 50 49 25 20 17 10 8 28 35 45 55 16 6 6 5 
3318500 3318719 0 0 0 -34 -62 0 -35 -63 -41 -41 32 53 52 25 20 17 10 9 29 35 45 55 16 7 7 5 
3329000 3329132 0 13 0 20 -18 25 23 -7 18 18 40 78 87 25 20 17 10 9 29 35 45 55 16 0 5 5 
3338500 3338648 0 0 0 22 -56 0 22 -58 7 7 83 88 90 25 20 17 10 9 29 35 45 55 16 6 11 5 
3572000 3572034 0 0 0 20 -37 0 23 -35 20 20 58 75 72 25 20 17 10 11 31 35 45 55 16 9 9 5 
3662000 3662253 0 -1 1 -33 -108 -53 -36 -110 -55 -55 75 88 84 25 20 19 10 10 30 35 45 55 16 9 9 5 
3715000 3715144 0 2 1 -149 -211 -168 -148 -211 -158 -158 66 88 89 25 20 19 10 10 30 35 45 55 16 11 10 5 
3796000 3796088 0 -3 1 -30 -73 -49 -30 -73 -38 -38 46 68 62 25 20 19 10 10 30 35 45 55 16 9 8 5 
3913000 3913010 0 0 0 18 -33 0 15 -35 8 8 53 66 69 25 20 19 10 10 30 35 45 55 16 6 8 5 
4057500 4057603 0 0 0 12 -45 0 14 -43 5 5 59 67 66 25 20 18 10 10 30 35 45 55 16 9 7 5 
4139500 4139608 0 -1 1 -38 -102 -50 -34 -99 -41 -41 69 81 78 25 20 17 10 10 30 35 45 55 16 10 9 5 
4390500 4390592 0 2 1 -252 -299 -266 -254 -297 -263 -263 42 88 88 25 20 17 10 10 30 35 45 55 16 10 11 5 
4695500 4696164 0 -3 1 -32 -99 -48 -27 -96 -32 -32 68 73 84 25 20 17 10 11 31 35 45 55 16 3 9 5 
4808500 4808700 0 0 0 16 -59 0 17 -56 19 19 71 75 83 25 20 17 10 12 32 35 45 55 16 8 9 5 
4961000 4961196 0 0 0 9 -62 0 9 -62 11 11 70 71 66 25 20 17 10 12 32 35 45 55 16 9 8 5 
5137500 5137658 0 0 0 -2 -38 0 -2 -37 -1 -1 39 58 55 25 20 17 10 12 32 35 45 55 16 4 1 5 
5415000 5415225 0 0 0 -3 -35 0 -3 -34 -10 -10 31 54 55 25 20 17 10 11 31 35 45 55 16 3 2 5 
5561000 5561417 0 0 0 -7 -30 0 -4 -27 -9 -9 25 54 51 25 20 17 10 11 31 35 45 55 16 0 5 5 
5603500 5603507 0 0 0 -10 -42 0 -15 -45 -20 -20 32 55 54 25 20 17 10 11 31 35 45 55 16 4 6 5 
5609000 5609775 0 13 0 23 -25 0 35 -18 26 26 54 61 73 25 20 17 10 11 31 35 45 55 16 0 8 5 
5613500 5613765 0 0 0 50 -2 0 58 4 53 53 57 61 57 25 20 17 10 11 31 35 45 55 16 3 2 5 
5673000 5673867 0 0 0 48 -5 0 59 9 55 55 57 62 54 25 20 17 10 11 31 35 45 55 16 2 0 5 
5685000 5685167 0 0 0 8 -29 0 9 -28 2 2 38 58 51 25 20 17 10 11 31 35 45 55 16 6 3 5 
5816000 5816200 0 0 0 -1 -34 0 -5 -36 -10 -10 34 55 49 25 20 17 10 11 31 35 45 55 16 1 2 5 
5834000 5834122 0 0 0 31 -16 0 34 -14 27 27 52 69 61 25 20 17 10 11 31 35 45 55 16 9 9 5 
5945500 5945580 0 0 0 37 -25 0 37 -24 30 30 65 74 75 25 20 17 10 11 31 35 45 55 16 9 9 5 
5954000 5954011 0 0 0 5 -57 0 7 -54 -2 -2 64 75 74 25 20 17 10 11 31 35 45 55 16 10 9 5 
6136000 6136134 0 0 0 -7 -70 0 -6 -72 -10 -10 65 74 68 25 20 17 10 11 31 35 45 55 16 9 9 5 
6210000 6210026 0 0 0 6 -61 0 11 -58 6 6 68 67 64 25 20 17 10 11 31 35 45 55 16 8 8 5 
6289500 6290314 0 0 0 29 -35 0 25 -40 22 22 66 74 70 25 20 17 10 11 31 35 45 55 16 3 7 5 
6303000 6303087 0 -1 1 -23 -110 -52 -28 -108 -32 -32 79 91 101 25 20 17 10 11 29 35 45 55 16 6 12 5 
6327500 6327525 0 2 1 -81 -207 -110 -76 -213 -78 -78 138 96 97 25 20 17 10 11 31 35 45 55 16 10 7 5 
6336500 6336644 0 -3 1 -20 -132 -48 -18 -127 -20 -20 110 80 76 25 20 17 10 11 31 35 45 55 16 10 10 5 
6390000 6391253 0 0 0 26 -49 0 29 -49 25 25 78 78 77 25 20 17 10 11 31 35 45 55 16 2 7 5 
6470500 6470776 0 0 0 -3 -81 0 -2 -81 -7 -7 78 66 61 25 20 17 10 11 31 35 45 55 16 9 3 5 
6542000 6543601 0 0 0 3 -61 0 4 -60 0 0 64 59 60 25 20 17 10 11 31 35 45 55 16 1 6 5 
6685500 6686000 0 0 0 39 -42 0 36 -44 33 33 81 76 66 25 20 17 10 11 31 35 45 55 16 3 7 5 
6980500 6981443 0 0 0 35 -33 0 35 -36 31 31 71 60 60 25 20 17 10 11 31 35 45 55 16 2 6 5 
7249000 7249363 0 0 0 37 -21 0 34 -20 37 37 54 55 51 25 20 17 10 12 32 35 45 55 16 4 1 5 
7614500 7614939 0 0 0 41 -19 0 43 -19 42 42 59 62 65 25 20 17 10 12 32 35 45 55 16 2 8 5 
7988500 7988838 0 0 0 22 -33 0 23 -33 24 24 51 57 52 25 20 17 10 13 33 35 45 55 16 4 2 5 
8322000 8322004 0 0 0 42 -18 0 42 -15 36 36 60 66 67 25 20 17 10 10 30 35 45 55 16 9 6 5 
8471000 8471010 0 0 0 26 -27 0 25 -28 18 18 56 57 55 25 20 17 10 11 31 35 45 55 16 7 7 5 
8613000 8613139 0 0 0 28 -19 0 28 -18 21 21 49 56 48 25 20 17 10 11 31 35 45 55 16 4 1 5 
8815000 8815397 0 0 0 0 -34 0 1 -32 -5 -5 39 57 62 25 20 17 10 11 31 35 45 55 16 4 6 5 
8832500 8832780 0 0 0 -24 -49 0 -23 -45 -29 -29 28 49 53 25 20 17 10 11 31 35 45 55 16 6 6 5 
8926000 8926240 0 0 0 -21 -42 0 -20 -41 -27 -27 24 50 48 25 20 17 10 11 31 35 45 55 16 6 6 5 
8931500 8931777 0 13 0 20 -16 9 21 -12 12 12 40 63 74 25 20 17 10 11 31 35 45 55 16 5 8 5 
8935500 8935968 0 0 0 34 -8 0 32 -11 26 26 51 67 62 25 20 17 10 11 31 35 45 55 16 2 6 5 
8992500 8992569 0 0 0 51 -4 0 53 -2 44 44 57 66 66 25 20 17 10 11 31 35 45 55 16 8 7 5 
8996000 8996191 0 13 0 29 -17 1 27 -18 20 20 52 66 68 25 20 17 10 11 31 35 45 55 16 8 7 5 
9001500 9001712 0 0 0 -6 -34 0 -5 -33 -15 -15 30 58 56 25 20 17 10 11 31 35 45 55 16 7 6 5 
9094500 9094591 0 0 0 -32 -61 0 -34 -63 -40 -40 34 57 56 25 20 17 10 11 31 35 45 55 16 7 7 5 
9100500 9100509 0 13 0 19 -20 25 20 -18 18 18 48 70 70 25 20 17 10 11 31 35 45 55 16 7 8 5 
9107500 9107600 0 0 0 25 -16 0 25 -14 17 17 42 67 70 25 20 17 10 11 31 35 45 55 16 7 8 5 
9160000 9160045 0 0 0 30 -18 0 31 -19 24 24 48 70 75 25 20 17 10 11 31 35 45 55 16 9 6 5 
9217000 9217108 0 0 0 9 -32 0 9 -31 5 5 44 62 61 25 20 17 10 11 31 35 45 55 16 8 8 5 
9227000 9227129 0 0 0 -32 -58 0 -30 -57 -35 -35 27 52 51 25 20 17 10 11 31 35 45 55 16 6 6 5 
9290000 9290267 0 0 0 -41 -66 0 -40 -67 -45 -45 27 48 50 25 20 17 10 11 31 35 45 55 16 6 6 5 
9456500 9456787 0 0 0 -41 -56 0 -40 -55 -45 -45 21 46 46 25 20 17 10 10 30 35 45 55 16 6 6 5 
9644000 9644155 0 0 0 -23 -44 0 -23 -44 -27 -27 25 47 47 25 20 17 10 11 31 35 45 55 16 6 6 5 
9650500 9650831 0 13 0 6 -23 8 13 -20 12 12 36 55 60 25 20 17 10 11 31 35 45 55 16 3 7 5 
9657000 9657013 0 0 0 20 -11 0 20 -12 17 17 37 63 70 25 20 17 10 11 31 35 45 55 16 5 7 5 
9689000 9689006 0 0 0 39 -13 0 41 -12 37 37 55 60 61 25 20 17 10 11 31 35 45 55 16 7 6 5 
9699000 9699019 0 0 0 14 -20 0 16 -19 13 13 39 53 57 25 20 17 10 11 31 35 45 55 16 7 6 5 
9732000 9732295 0 0 0 -32 -55 0 -32 -55 -35 -35 23 47 47 25 20 17 10 11 31 35 45 55 16 6 6 5 
9736000 9736443 0 13 0 5 -29 -2 21 -17 18 18 47 55 62 25 20 17 10 11 31 35 45 55 16 1 7 5 
9739000 9739623 0 0 0 36 -9 0 40 -5 36 36 48 63 68 25 20 17 10 11 31 35 45 55 16 5 9 5 
9749000 9749425 0 0 0 39 -8 0 36 -9 32 32 49 66 63 25 20 17 10 11 31 35 45 55 16 7 7 5 
9753000 9753171 0 13 0 9 -25 -5 8 -25 3 3 36 60 58 25 20 17 10 11 31 35 45 55 16 6 7 5 
9758000 9758103 0 0 0 -16 -46 0 -16 -47 -21 -21 35 53 54 25 20 17 10 11 31 35 45 55 16 7 4 5 
9810000 9810233 0 0 0 -27 -53 0 -27 -53 -34 -34 31 51 51 25 20 17 10 10 30 35 45 55 16 6 4 5 
9815500 9815539 0 0 0 11 -25 0 10 -24 5 5 41 64 66 25 20 17 10 10 30 35 45 55 16 6 7 5 
9830500 9830604 0 0 0 34 -11 0 37 -9 26 26 51 66 68 25 20 17 10 10 30 35 45 55 16 8 8 5 
9835000 9835015 0 13 0 19 -24 6 20 -25 10 10 52 62 64 25 20 17 10 10 30 35 45 55 16 8 6 5 
9842000 9843018 0 0 0 -20 -52 0 -18 -48 -22 -22 38 51 46 25 20 17 10 10 30 35 45 55 16 0 5 5 
9904500 9904605 0 0 0 -31 -47 0 -30 -48 -32 -32 26 48 47 25 20 18 10 9 29 35 45 55 16 6 6 5 
10266500 10266532 0 0 0 -29 -50 0 -25 -47 -30 -30 35 47 46 25 20 20 10 9 29 35 45 55 16 3 6 5 
10447500 10448111 0 0 0 -41 -54 0 -40 -53 -40 -40 24 48 46 25 20 20 10 9 29 35 45 55 16 3 3 5 
10531000 10531083 0 0 0 -42 -57 0 -41 -55 -47 -47 24 47 48 25 20 20 10 9 29 35 45 55 16 6 6 5 
10735500 10735741 0 0 0 -49 -65 0 -47 -64 -53 -53 21 46 45 25 20 19 10 10 30 35 45 55 16 5 6 5 
10903500 10903547 0 0 0 -32 -54 0 -31 -51 -36 -36 25 47 46 25 20 18 10 11 31 35 45 55 16 3 6 5 
10910000 10910084 0 13 0 -12 -34 -7 -10 -32 -13 -13 27 55 53 25 20 18 10 11 31 35 45 55 16 2 5 5 
10916000 10916078 0 0 0 21 -16 0 21 -15 14 14 39 61 72 25 20 18 10 11 31 35 45 55 16 5 5 5 
10929500 10929586 0 0 0 36 -17 0 43 -15 30 30 61 65 68 25 20 18 10 11 31 35 45 55 16 4 7 5 
10931500 10932230 0 13 0 25 -23 4 17 -28 12 12 49 63 65 25 20 18 10 11 31 35 45 55 16 6 8 5 
10937000 10937131 0 0 0 -21 -51 0 -18 -48 -19 -19 34 52 53 25 20 18 10 11 31 35 45 55 16 6 6 5 
11103000 11103015 0 0 0 -44 -68 0 -43 -66 -45 -45 28 47 48 25 20 18 10 11 31 35 45 55 16 6 6 5 
11253000 11253113 0 0 0 -41 -62 0 -43 -63 -42 -42 18 47 46 25 20 18 10 14 34 35 45 55 16 6 6 5 
11260500 11260839 0 13 0 21 -12 8 33 -3 31 31 29 55 66 25 20 18 10 14 34 35 45 55 16 3 5 5 
11262500 11262789 0 0 0 26 -16 0 24 -22 24 24 42 59 54 25 20 18 10 14 34 35 45 55 16 5 5 5 
11283000 11283085 0 0 0 -2 -29 0 -2 -28 2 2 24 55 56 25 20 18 10 14 34 35 45 55 16 6 6 5 
11332500 11332737 0 0 0 -26 -47 0 -28 -46 -26 -26 15 49 48 25 20 18 10 14 34 35 45 55 16 6 6 5 
11479000 11479236 0 0 0 -30 -50 0 -33 -52 -33 -33 16 48 44 25 20 18 10 14 34 35 45 55 16 6 6 5 
11487000 11487137 0 13 0 7 -25 9 1 -28 0 0 26 63 55 25 20 18 10 14 34 35 45 55 16 5 5 5 
11492500 11492712 0 0 0 17 -13 0 19 -12 19 19 24 68 65 25 20 18 10 14 34 35 45 55 16 9 8 5 
11516500 11516651 0 0 0 14 -23 0 13 -23 15 15 33 60 60 25 20 18 10 14 34 35 45 55 16 6 8 5 
11574000 11574365 0 0 0 27 -14 0 33 -9 33 33 39 63 65 25 20 18 10 14 34 35 45 55 16 5 3 5 
11668000 11668128 0 0 0 3 -36 0 5 -34 10 10 36 50 50 25 20 18 10 14 34 35 45 55 16 6 6 5 
11726000 11727282 0 0 0 9 -17 0 17 -18 21 21 27 60 63 25 20 19 10 14 34 35 45 55 16 2 7 5 
11734000 11734183 0 13 0 43 9 -7 47 9 47 47 30 62 59 25 20 19 10 14 34 35 45 55 16 8 8 5 
11739000 11739084 0 0 0 75 30 0 75 32 80 80 39 57 59 25 20 19 10 14 34 35 45 55 16 7 7 5 
11755500 11755655 0 0 0 55 10 0 58 12 62 62 41 51 50 25 20 20 10 14 34 35 45 55 16 6 6 5 
11897000 11897186 0 0 0 40 -9 0 41 -9 48 48 41 47 46 25 20 20 10 15 35 35 45 55 16 6 6 5 
12093500 12093647 0 0 0 49 3 0 50 5 59 59 34 47 47 25 20 20 10 15 35 35 45 55 16 6 6 5 
12516500 12516527 0 0 0 37 -5 0 38 -5 45 45 30 48 49 25 20 20 10 15 35 35 45 55 16 6 6 5 
13222500 13222667 0 0 0 54 18 0 55 19 59 59 33 56 54 25 20 20 10 15 35 35 45 55 16 6 7 5 
13254500 13255325 0 0 0 19 -15 0 20 -13 22 22 28 51 50 25 20 20 10 15 35 35 45 55 16 3 6 5 
13336000 13336041 0 0 0 1 -22 0 2 -20 2 2 19 50 50 25 20 20 10 15 35 35 45 55 16 6 6 5 
13342500 13343188 0 13 0 41 -4 7 57 7 69 69 41 52 53 25 20 20 10 15 35 35 45 55 16 4 4 5 
13350000 13350239 0 0 0 72 23 0 73 22 82 82 41 50 50 25 20 20 10 15 35 35 45 55 16 6 6 5 
13669500 13669764 0 0 0 89 38 0 90 38 100 100 44 50 50 25 20 20 10 15 35 35 45 55 16 6 6 5 
13894000 13894031 0 0 0 91 39 0 92 39 102 102 44 49 49 25 20 20 10 15 35 35 45 55 16 6 6 5 
14056000 14056145 0 0 0 92 42 0 92 44 103 103 45 49 48 25 20 20 10 15 35 35 45 55 16 6 6 5 
14357000 14357057 0 0 0 94 41 0 96 43 107 107 43 50 50 25 20 20 10 15 35 35 45 55 16 6 6 5 
14674500 14674897 0 0 0 101 56 0 102 56 106 106 46 50 50 25 20 20 10 15 35 35 45 55 16 3 6 5 
14680500 14680659 0 13 0 82 41 -1 84 41 85 85 39 51 52 25 20 20 10 15 35 35 45 55 16 6 1 5 
14696000 14696663 0 0 0 36 0 0 36 0 36 36 32 51 48 25 20 20 10 15 35 35 45 55 16 3 6 5 
14754500 14754807 0 0 0 24 -13 0 23 -14 24 24 32 48 48 25 20 20 10 15 35 35 45 55 16 6 6 5 
15003000 15003210 0 0 0 14 -20 0 16 -19 14 14 27 48 47 25 20 20 10 15 35 35 45 55 16 6 6 5 
15286000 15286301 0 0 0 14 -14 0 14 -15 13 13 23 47 51 25 20 20 10 15 35 35 45 55 16 6 6 5 
15797000 15797321 0 0 0 8 -15 0 8 -15 8 8 20 46 45 25 20 20 10 15 35 35 45 55 16 6 6 5 
15804500 15805009 0 13 0 46 16 16 60 28 59 59 28 56 59 25 20 20 10 15 35 35 45 55 16 3 4 5 
15814000 15814211 0 0 0 56 26 0 56 26 56 56 27 50 52 25 20 20 10 15 35 35 45 55 16 6 6 5 
16102500 16102568 0 0 0 27 -7 0 26 -7 27 27 27 45 45 25 20 20 10 15 35 35 45 55 16 5 4 5 
16551500 16551685 0 0 0 25 -12 0 25 -13 28 28 27 45 45 25 20 20 10 15 35 35 45 55 16 6 5 5 
16561000 16561185 0 13 0 44 4 -19 46 7 50 50 26 50 52 25 20 20 10 15 35 35 45 55 16 5 7 5 
16568500 16568677 0 0 0 93 43 0 93 42 97 97 37 46 45 25 20 20 10 15 35 35 45 55 16 6 6 5 
16849500 16849726 0 0 0 118 65 0 119 67 127 127 47 47 47 25 20 20 10 14 34 35 45 55 16 6 6 5 
17161000 17161275 0 0 0 122 66 0 121 64 130 130 46 49 47 25 20 20 10 15 35 35 45 55 16 6 6 5 
17168500 17169068 0 13 0 86 37 3 74 25 74 74 39 53 54 25 20 20 10 15 35 35 45 55 16 4 7 5 
17176000 17176341 0 0 0 43 14 0 43 14 43 43 25 52 53 25 20 20 10 15 35 35 45 55 16 5 6 5 
17351500 17351782 0 0 0 31 -7 0 30 -7 30 30 28 48 46 25 20 20 10 15 35 35 45 55 16 6 6 5 
17358000 17358222 0 13 0 65 22 -5 71 27 78 78 34 52 56 25 20 20 10 15 35 35 45 55 16 6 7 5 
17364500 17364631 0 0 0 108 58 0 107 57 112 112 38 52 54 25 20 20 10 15 35 35 45 55 16 7 6 5 
17952000 17952131 0 0 0 123 70 0 124 71 129 129 38 48 47 25 20 20 10 15 35 35 45 55 16 6 6 5 
18280500 18280608 0 0 0 116 63 0 117 63 124 124 41 49 48 25 20 20 10 15 35 35 45 55 16 6 6 5 
18324500 18324688 0 0 0 69 26 0 70 25 77 77 37 51 51 25 20 20 10 15 35 35 45 55 16 6 6 5 
18545500 18545512 0 0 0 55 12 0 56 12 60 60 34 47 46 25 20 20 10 15 35 35 45 55 16 6 6 5 
19128500 19128729 0 0 0 68 26 0 69 27 73 73 34 51 51 25 20 20 10 15 35 35 45 55 16 6 5 5 
19166500 19166646 0 0 0 35 6 0 36 8 33 33 26 54 55 25 20 20 10 15 35 35 45 55 16 7 7 5 
19334000 19334220 0 0 0 22 -10 0 23 -10 21 21 26 54 54 25 20 20 10 15 35 35 45 55 16 7 7 5 
19354500 19354648 0 0 0 54 23 0 56 25 61 61 29 69 69 25 20 20 10 15 35 35 45 55 16 7 8 5 
19747500 19747603 0 0 0 23 -18 0 23 -16 18 18 37 70 69 25 20 20 10 13 33 35 45 55 16 9 9 5 
19953000 19953096 0 0 0 37 -20 0 39 -19 43 43 57 71 68 25 20 20 10 13 33 35 45 55 16 9 9 5 
19990500 19990597 0 0 0 28 -29 0 30 -27 35 35 55 69 73 25 20 20 10 13 33 35 45 55 16 9 9 5 
20037000 20037150 0 0 0 26 -32 0 25 -30 27 27 50 56 54 25 20 20 10 13 33 35 45 55 16 7 7 5 
20087000 20087015 0 0 0 37 -16 0 40 -15 43 43 55 75 74 25 20 20 10 13 33 35 45 55 16 10 9 5 
20174000 20174463 0 0 0 35 -22 0 37 -22 43 43 60 74 72 25 20 20 10 13 33 35 45 55 16 6 10 5 
20231000 20231144 0 -1 1 -24 -86 -52 -30 -92 -22 -22 63 80 82 25 20 20 10 13 33 35 45 55 16 10 10 5 
20336500 20336601 0 2 1 -138 -206 -152 -136 -203 -129 -129 67 83 85 25 20 20 10 13 33 35 45 55 16 10 11 5 
20348000 20348110 0 -3 1 -36 -116 -48 -37 -112 -13 -13 78 80 82 25 20 20 10 13 33 35 45 55 16 8 3 5 
20357000 20357015 0 -1 1 -40 -112 -51 -39 -109 -25 -25 67 74 77 25 20 20 10 13 33 35 45 55 16 9 9 5 
20402500 20402633 0 2 1 -127 -176 -132 -126 -174 -121 -121 49 78 76 25 20 20 10 13 33 35 45 55 16 10 10 5 
20421500 20421658 0 -3 1 -47 -93 -49 -45 -91 -41 -41 45 65 65 25 20 20 10 13 33 35 45 55 16 8 8 5 
20510500 20510675 0 0 0 -9 -47 0 -9 -47 -12 -12 38 55 55 25 20 20 10 13 33 35 45 55 16 7 7 5 
20900500 20900692 0 0 0 8 -23 0 9 -23 6 6 33 52 53 25 20 20 10 13 33 35 45 55 16 6 6 5 
21409000 21409025 0 0 0 4 -25 0 6 -24 3 3 28 51 54 25 20 20 10 13 33 35 45 55 16 6 6 5 
21419000 21419067 0 0 0 48 3 0 63 14 63 63 46 68 68 25 20 20 10 13 33 35 45 55 16 1 3 5 
21460000 21460853 0 0 0 50 2 0 52 5 55 55 44 62 69 25 20 20 10 13 33 35 45 55 16 5 8 5 
21519000 21519099 0 0 0 -4 -70 0 1 -66 -5 -5 68 72 69 25 20 20 10 13 33 35 45 55 16 7 5 5 
21563000 21563154 0 0 0 -1 -31 0 0 -31 -6 -6 30 52 51 25 20 20 10 13 33 35 45 55 16 6 6 5 
21583000 21583064 0 0 0 2 -31 0 3 -31 -2 -2 36 52 51 25 20 20 10 13 33 35 45 55 16 6 6 5 
21594500 21594635 0 0 0 17 -17 0 19 -16 15 15 35 54 52 25 20 20 10 13 33 35 45 55 16 7 7 5 
21669500 21669701 0 0 0 27 -10 0 27 -8 21 21 35 52 54 25 20 20 10 13 33 35 45 55 16 7 5 5 
21714500 21715017 0 0 0 47 3 0 49 5 42 42 44 66 68 25 20 20 10 13 33 35 45 55 16 6 6 5 
21795000 21795188 0 0 0 48 -10 0 44 -11 41 41 56 69 79 25 20 20 10 13 33 35 45 55 16 9 9 5 
21833500 21833613 0 0 0 2 -63 0 -1 -63 -4 -4 62 69 67 25 20 20 10 13 33 35 45 55 16 8 9 5 
21931000 21931012 0 0 0 18 -33 0 17 -35 10 10 51 62 58 25 20 20 10 13 33 35 45 55 16 4 6 5 
49500 49676 1 0 0 -14 -7 0 -18 -10 -10 -5 -7 55 56 25 20 18 10 10 30 35 45 55 16 7 7 5 
244500 244597 1 0 0 1 -4 0 -1 -6 8 13 5 63 63 25 20 18 10 10 30 35 45 55 16 6 8 5 
283000 283174 1 0 0 2 -1 0 -5 -6 3 8 1 68 63 25 20 18 10 9 29 35 45 55 16 3 2 5 
483500 483517 1 0 0 -7 -27 0 -11 -34 -3 2 22 75 72 25 20 18 10 9 29 35 45 55 16 6 6 5 
681000 681196 1 0 -1 0 0 0 0 0 0 8 0 61 61 25 20 17 10 10 30 35 45 55 16 3 6 5 
964500 964754 1 0 0 -8 -13 0 -10 -17 -1 4 7 55 54 25 20 14 10 11 31 35 45 55 16 5 7 5 
1195500 1196014 1 0 0 -21 -22 0 -25 -25 -18 -13 1 51 54 25 20 17 10 13 33 35 45 55 16 5 5 5 
1287000 1287080 1 0 0 -23 -22 0 -26 -26 -19 -14 1 51 49 25 20 17 10 13 33 35 45 55 16 6 6 5 
1556000 1556167 1 0 0 -23 -25 0 -27 -29 -19 -14 2 49 49 25 20 17 10 12 32 35 45 55 16 6 6 5 
1593500 1594389 1 0 0 -9 -18 0 -4 -18 4 9 14 62 56 25 20 17 10 12 32 35 45 55 16 0 4 5 
1796000 1796131 1 0 0 -1 -7 0 -6 -7 0 5 1 77 83 25 20 17 10 12 32 35 45 55 16 10 10 5 
1845000 1846274 1 0 0 2 -23 0 2 -29 9 14 30 68 77 25 20 17 10 10 30 35 45 55 16 3 3 5 
1893500 1893546 1 0 0 -4 -24 0 -7 -30 2 7 25 75 69 25 20 17 10 10 30 35 45 55 16 3 4 5 
2053000 2053173 1 0 0 -2 -12 0 -4 -15 3 8 10 64 63 25 20 17 10 10 30 35 45 55 16 1 5 5 
2182500 2182669 1 0 0 -6 -14 0 -12 -19 -5 0 6 71 62 25 20 17 10 9 29 35 45 55 16 3 3 5 
2460000 2460013 1 0 0 1 -14 0 -2 -15 5 10 13 67 59 25 20 17 10 10 30 35 45 55 16 8 7 5 
2543500 2543642 1 0 0 0 -17 0 -11 -21 -4 1 9 73 80 25 20 17 10 10 30 35 45 55 16 7 10 5 
2559500 2559507 1 0 0 -19 -18 0 -24 -22 -18 -13 -2 55 53 25 20 17 10 10 30 35 45 55 16 7 7 5 
2590500 2590727 1 0 0 -29 -18 0 -31 -22 -23 -18 -8 52 52 25 20 17 10 9 29 35 45 55 16 6 6 5 
2874000 2874288 1 0 0 -38 -28 0 -43 -31 -37 -32 -12 51 51 25 20 17 10 9 29 35 45 55 16 6 6 5 
3121000 3121197 1 0 0 -39 -29 0 -45 -33 -37 -32 -11 50 49 25 20 17 10 8 28 35 45 55 16 6 6 5 
3318500 3318719 1 0 0 -48 -41 0 -53 -45 -45 -40 -8 53 52 25 20 17 10 9 29 35 45 55 16 7 7 5 
3338500 3338648 1 0 0 -8 -36 0 -3 -34 4 9 30 88 90 25 20 17 10 9 29 35 45 55 16 6 11 5 
3569000 3569185 1 0 0 -11 -16 0 -15 -18 -7 -2 3 75 75 25 20 17 10 11 31 35 45 55 16 9 9 5 
3912000 3912058 1 0 0 -11 -29 0 -15 -34 -8 -3 19 65 66 25 20 19 10 10 30 35 45 55 16 7 7 5 
4063000 4063198 1 0 0 -10 -21 0 -16 -25 -9 -4 9 67 73 25 20 18 10 10 30 35 45 55 16 7 8 5 
4836500 4836648 1 0 0 2 -22 0 -5 -31 4 9 27 72 63 25 20 17 10 12 32 35 45 55 16 9 9 5 
4968500 4968642 1 0 0 -3 -16 0 -5 -17 3 8 13 75 76 25 20 17 10 12 32 35 45 55 16 9 9 5 
5143000 5143170 1 0 0 -15 -16 0 -15 -16 -8 -3 2 59 57 25 20 17 10 12 32 35 45 55 16 3 6 5 
5414000 5414397 1 0 0 -31 -29 0 -33 -31 -26 -21 -2 54 53 25 20 17 10 11 31 35 45 55 16 0 5 5 
5560500 5561417 1 0 0 -32 -26 0 -33 -29 -26 -21 -4 54 51 25 20 17 10 11 31 35 45 55 16 0 5 5 
5603000 5603507 1 0 0 -32 -25 0 -40 -32 -33 -28 -8 54 54 25 20 17 10 11 31 35 45 55 16 4 6 5 
5614000 5614030 1 0 0 3 -16 0 -1 -18 7 12 16 61 72 25 20 17 10 11 31 35 45 55 16 3 1 5 
5672000 5672093 1 0 0 -12 -29 0 -16 -37 -9 -4 22 62 63 25 20 17 10 11 31 35 45 55 16 3 2 5 
5685000 5685167 1 0 0 1 -6 0 -1 -9 6 11 7 58 51 25 20 17 10 11 31 35 45 55 16 6 3 5 
5820000 5821058 1 0 0 -18 -19 0 -22 -22 -15 -10 0 56 57 25 20 17 10 11 31 35 45 55 16 1 3 5 
5838000 5838206 1 0 0 -1 -11 0 -10 -16 -3 2 6 66 76 25 20 17 10 11 31 35 45 55 16 6 3 5 
5958500 5958557 1 0 0 -6 3 0 -12 -6 -4 1 -6 72 74 25 20 17 10 11 31 35 45 55 16 8 9 5 
6138000 6138189 1 0 0 0 -9 0 -7 -16 0 5 10 75 90 25 20 17 10 11 31 35 45 55 16 9 9 5 
6210000 6210026 1 0 0 -7 -15 0 -7 -16 0 5 9 67 64 25 20 17 10 11 31 35 45 55 16 8 8 5 
6288000 6288820 1 0 0 5 -5 0 11 8 18 23 4 73 87 25 20 17 10 11 31 35 45 55 16 0 3 5 
6396500 6396542 1 0 0 7 -5 0 4 -7 11 16 13 76 84 25 20 17 10 11 31 35 45 55 16 7 10 5 
6469500 6469667 1 0 0 -11 -14 0 -15 -19 -7 -2 4 66 74 25 20 17 10 11 31 35 45 55 16 6 8 5 
6543500 6543601 1 0 0 -12 -20 0 -14 -23 -9 -4 7 59 60 25 20 17 10 11 31 35 45 55 16 1 6 5 
6686000 6686000 1 0 0 -15 -23 0 -23 -31 -16 -11 8 76 66 25 20 17 10 11 31 35 45 55 16 3 7 5 
6984500 6984778 1 0 0 -6 -18 0 -5 -15 3 8 10 59 55 25 20 17 10 11 31 35 45 55 16 1 2 5 
7255500 7257226 1 0 0 -9 -15 0 -11 -17 -4 1 5 54 48 25 20 17 10 12 32 35 45 55 16 1 7 5 
7618000 7618081 1 0 0 -12 -13 0 -14 -16 -8 -3 2 62 59 25 20 17 10 12 32 35 45 55 16 8 6 5 
7986500 7986744 1 0 0 2 -3 0 0 -5 8 13 6 58 56 25 20 17 10 13 33 35 45 55 16 4 4 5 
8322000 8322004 1 0 0 -7 0 0 -8 -1 1 6 -7 66 67 25 20 17 10 10 30 35 45 55 16 9 6 5 
8468500 8468704 1 0 0 -13 -12 0 -16 -16 -9 -4 -1 62 65 25 20 17 10 11 31 35 45 55 16 8 7 5 
8613500 8614921 1 0 0 -17 -16 0 -17 -24 -10 -5 8 55 59 25 20 17 10 11 31 35 45 55 16 1 5 5 
8816000 8816186 1 0 0 -23 -24 0 -25 -25 -19 -14 -1 57 68 25 20 17 10 11 31 35 45 55 16 4 4 5 
8835500 8835781 1 0 0 -22 -17 0 -22 -18 -15 -10 -4 50 49 25 20 17 10 11 31 35 45 55 16 6 6 5 
8926000 8926240 1 0 0 -23 -21 0 -24 -22 -16 -11 -3 50 48 25 20 17 10 11 31 35 45 55 16 6 6 5 
8935000 8935968 1 0 0 12 -4 0 7 -8 15 20 15 67 62 25 20 17 10 11 31 35 45 55 16 2 6 5 
8993000 8993025 1 0 0 -14 -26 0 -20 -31 -13 -8 11 66 67 25 20 17 10 11 31 35 45 55 16 8 7 5 
9002500 9002501 1 0 0 -31 -23 0 -35 -27 -27 -22 -6 58 58 25 20 17 10 11 31 35 45 55 16 7 6 5 
9092000 9092179 1 0 0 -47 -38 0 -54 -44 -47 -42 -9 55 57 25 20 17 10 11 31 35 45 55 16 6 7 5 
9108500 9108692 1 0 0 -23 -30 0 -27 -37 -20 -15 9 65 63 25 20 17 10 11 31 35 45 55 16 8 8 5 
9160500 9160648 1 0 0 -4 -17 0 -1 -18 6 11 16 70 71 25 20 17 10 11 31 35 45 55 16 9 6 5 
9217000 9217108 1 0 0 -35 -33 0 -37 -32 -30 -25 -5 62 61 25 20 17 10 11 31 35 45 55 16 8 8 5 
9227500 9227721 1 0 0 -24 -22 0 -27 -25 -20 -15 -3 52 53 25 20 17 10 11 31 35 45 55 16 6 7 5 
9287000 9287148 1 0 0 -44 -37 0 -47 -39 -39 -34 -9 48 51 25 20 17 10 11 31 35 45 55 16 6 6 5 
9457000 9457112 1 0 0 -47 -36 0 -50 -40 -43 -38 -8 46 47 25 20 17 10 10 30 35 45 55 16 6 6 5 
9644000 9644155 1 0 0 -36 -30 0 -39 -33 -32 -27 -6 47 47 25 20 17 10 11 31 35 45 55 16 6 6 5 
9691000 9691250 1 0 0 -18 -14 0 -17 -11 -10 -5 -7 60 63 25 20 17 10 11 31 35 45 55 16 6 8 5 
9700500 9700744 1 0 0 -30 -22 0 -30 -21 -22 -17 -8 52 49 25 20 17 10 11 31 35 45 55 16 7 5 5 
9731500 9731599 1 0 0 -39 -32 0 -42 -35 -33 -28 -6 47 44 25 20 17 10 11 31 35 45 55 16 6 5 5 
9739500 9739623 1 0 0 -11 -25 0 -13 -26 -7 -2 12 64 68 25 20 17 10 11 31 35 45 55 16 5 9 5 
9748500 9748768 1 0 0 -32 -33 0 -34 -37 -26 -21 3 66 70 25 20 17 10 11 31 35 45 55 16 8 7 5 
9759000 9759216 1 0 0 -37 -31 0 -36 -32 -29 -24 -3 53 53 25 20 17 10 11 31 35 45 55 16 4 6 5 
9810500 9810530 1 0 0 -42 -39 0 -45 -41 -37 -32 -2 52 47 25 20 17 10 10 30 35 45 55 16 6 3 5 
9816000 9816000 1 0 0 -26 -34 0 -33 -38 -25 -20 5 64 64 25 20 17 10 10 30 35 45 55 16 7 7 5 
9830000 9830156 1 0 0 -11 -15 0 -15 -17 -7 -2 1 66 65 25 20 17 10 10 30 35 45 55 16 8 8 5 
9844000 9844296 1 0 0 -37 -28 0 -43 -34 -35 -30 -9 50 46 25 20 17 10 10 30 35 45 55 16 4 3 5 
9904500 9904605 1 0 0 -36 -18 0 -37 -20 -30 -25 -19 48 47 25 20 18 10 9 29 35 45 55 16 6 6 5 
10266500 10266532 1 0 0 -47 -46 0 -51 -49 -44 -39 -1 47 46 25 20 20 10 9 29 35 45 55 16 3 6 5 
10446500 10446614 1 0 0 -46 -34 0 -51 -38 -42 -37 -12 48 49 25 20 20 10 9 29 35 45 55 16 6 2 5 
10532000 10532040 1 0 0 -56 -41 0 -60 -45 -53 -48 -16 47 48 25 20 20 10 9 29 35 45 55 16 6 6 5 
10736000 10736077 1 0 0 -49 -38 0 -52 -41 -45 -40 -9 46 45 25 20 19 10 10 30 35 45 55 16 5 6 5 
10905000 10905112 1 0 0 -55 -44 0 -56 -47 -49 -44 -8 48 50 25 20 18 10 11 31 35 45 55 16 6 6 5 
10914000 10914189 1 0 0 -18 -23 0 -14 -18 -8 -3 3 61 62 25 20 18 10 11 31 35 45 55 16 0 5 5 
10930000 10930019 1 0 0 -40 -39 0 -45 -42 -36 -31 -2 65 69 25 20 18 10 11 31 35 45 55 16 5 6 5 
10937500 10937684 1 0 0 -46 -47 0 -51 -50 -43 -38 0 51 52 25 20 18 10 11 31 35 45 55 16 6 6 5 
11103000 11103015 1 0 0 -47 -46 0 -51 -50 -45 -40 -1 47 48 25 20 18 10 11 31 35 45 55 16 6 6 5 
11253000 11253113 1 0 0 -50 -43 0 -53 -45 -44 -39 -7 47 46 25 20 18 10 14 34 35 45 55 16 6 6 5 
11284000 11284485 1 0 0 -36 -32 0 -42 -39 -35 -30 -4 54 52 25 20 18 10 14 34 35 45 55 16 6 6 5 
11332000 11332095 1 0 0 -54 -40 0 -61 -45 -53 -48 -16 49 43 25 20 18 10 14 34 35 45 55 16 6 6 5 
11479000 11479236 1 0 0 -41 -32 0 -44 -34 -36 -31 -8 48 44 25 20 18 10 14 34 35 45 55 16 6 6 5 
11492000 11492041 1 0 0 -17 -16 0 -18 -18 -12 -7 -2 68 66 25 20 18 10 14 34 35 45 55 16 9 8 5 
11516500 11516651 1 0 0 -23 -22 0 -26 -24 -18 -13 -1 60 60 25 20 18 10 14 34 35 45 55 16 6 8 5 
11531000 11531119 1 0 0 0 -2 0 -20 -18 -12 -7 -2 58 57 25 20 18 10 14 34 35 45 55 16 6 4 5 
11539000 11539224 1 0 0 -33 -28 0 -39 -38 -32 -27 -2 62 61 25 20 18 10 14 34 35 45 55 16 5 6 5 
11558000 11558011 1 0 0 -55 -34 0 -62 -39 -55 -50 -23 57 52 25 20 18 10 14 34 35 45 55 16 5 6 5 
11573500 11573652 1 0 0 -9 -17 0 -18 -26 -11 -6 9 63 61 25 20 18 10 14 34 35 45 55 16 7 2 5 
11668000 11668128 1 0 0 -18 -14 0 -21 -17 -13 -8 -4 50 50 25 20 18 10 14 34 35 45 55 16 6 6 5 
11725500 11725542 1 0 0 -7 -7 0 -7 -8 -1 4 0 60 60 25 20 19 10 14 34 35 45 55 16 1 3 5 
11739500 11739594 1 0 0 -7 -13 0 -13 -17 -6 -1 4 57 57 25 20 19 10 14 34 35 45 55 16 7 7 5 
11757000 11757129 1 0 0 -4 -11 0 -12 -18 -5 0 6 50 50 25 20 20 10 14 34 35 45 55 16 6 6 5 
11899000 11899106 1 0 0 -7 -12 0 -10 -17 -2 3 6 48 48 25 20 20 10 15 35 35 45 55 16 6 6 5 
12094500 12094605 1 0 0 -7 -14 0 -11 -17 -5 0 5 47 48 25 20 20 10 15 35 35 45 55 16 6 6 5 
12515500 12515616 1 0 0 -6 -15 0 -8 -18 0 5 10 48 49 25 20 20 10 15 35 35 45 55 16 6 6 5 
13222500 13222667 1 0 0 -16 -14 0 -21 -20 -14 -9 -2 56 54 25 20 20 10 15 35 35 45 55 16 6 7 5 
13296500 13296597 1 0 0 -33 -26 0 -38 -32 -31 -26 -7 52 52 25 20 20 10 15 35 35 45 55 16 7 6 5 
13336000 13336041 1 0 0 -34 -32 0 -37 -35 -29 -24 -1 50 50 25 20 20 10 15 35 35 45 55 16 6 6 5 
13351000 13351138 1 0 0 -30 -29 0 -34 -34 -25 -20 0 50 50 25 20 20 10 15 35 35 45 55 16 6 6 5 
13677000 13677032 1 0 0 -19 -22 0 -24 -28 -16 -11 4 50 51 25 20 20 10 15 35 35 45 55 16 6 6 5 
13894500 13894648 1 0 0 -22 -23 0 -25 -27 -19 -14 2 49 48 25 20 20 10 15 35 35 45 55 16 6 6 5 
14058000 14058279 1 0 0 -22 -24 0 -22 -23 -15 -10 1 49 50 25 20 20 10 15 35 35 45 55 16 6 6 5 
14357000 14357057 1 0 0 -19 -22 0 -21 -23 -12 -7 3 50 50 25 20 20 10 15 35 35 45 55 16 6 6 5 
14673500 14673729 1 0 0 -16 -19 0 -20 -22 -11 -6 3 50 56 25 20 20 10 15 35 35 45 55 16 6 3 5 
14696000 14696663 1 0 0 -18 -25 0 -17 -27 -11 -6 9 51 48 25 20 20 10 15 35 35 45 55 16 3 6 5 
14759000 14759116 1 0 0 -14 -22 0 -22 -27 -14 -9 6 51 54 25 20 20 10 15 35 35 45 55 16 6 7 5 
15004500 15004792 1 0 0 -29 -30 0 -32 -33 -25 -20 0 48 49 25 20 20 10 15 35 35 45 55 16 6 6 5 
15288000 15288218 1 0 0 -26 -30 0 -29 -34 -22 -17 5 47 46 25 20 20 10 15 35 35 45 55 16 6 6 5 
15798500 15798652 1 0 0 -17 -17 0 -19 -20 -12 -7 2 46 45 25 20 20 10 15 35 35 45 55 16 6 6 5 
15815500 15815729 1 0 0 -25 -27 0 -25 -28 -18 -13 2 49 48 25 20 20 10 15 35 35 45 55 16 6 6 5 
16103500 16103566 1 0 0 -20 -21 0 -22 -23 -15 -10 0 45 46 25 20 20 10 15 35 35 45 55 16 5 3 5 
16551500 16551685 1 0 0 -27 -27 0 -31 -31 -22 -17 2 45 45 25 20 20 10 15 35 35 45 55 16 6 5 5 
16570500 16570651 1 0 0 -19 -21 0 -21 -23 -15 -10 2 46 47 25 20 20 10 15 35 35 45 55 16 6 6 5 
16851500 16851635 1 0 0 -20 -18 0 -18 -16 -10 -5 0 47 47 25 20 20 10 14 34 35 45 55 16 6 6 5 
17160000 17160031 1 0 0 -8 -9 0 -12 -13 -5 0 -1 49 47 25 20 20 10 15 35 35 45 55 16 6 6 5 
17177000 17177189 1 0 0 -24 -23 0 -27 -25 -19 -14 -2 52 53 25 20 20 10 15 35 35 45 55 16 5 6 5 
17351000 17351148 1 0 0 -30 -29 0 -36 -35 -30 -25 -2 48 47 25 20 20 10 15 35 35 45 55 16 6 6 5 
17365500 17365782 1 0 0 -19 -21 0 -26 -27 -20 -15 0 52 51 25 20 20 10 15 35 35 45 55 16 7 6 5 
17952000 17952131 1 0 0 -13 -18 0 -17 -23 -8 -3 8 48 47 25 20 20 10 15 35 35 45 55 16 6 6 5 
18285000 18285210 1 0 0 -11 -16 0 -17 -20 -11 -6 1 49 48 25 20 20 10 15 35 35 45 55 16 6 6 5 
18328000 18328242 1 0 0 5 -7 0 0 -13 7 12 13 51 51 25 20 20 10 15 35 35 45 55 16 6 6 5 
18548500 18548690 1 0 0 -3 -12 0 -6 -14 0 5 9 47 46 25 20 20 10 15 35 35 45 55 16 5 6 5 
19056500 19056972 1 0 0 -3 -7 0 -8 -10 -2 3 1 48 47 25 20 20 10 15 35 35 45 55 16 3 6 5 
19068000 19068239 1 0 0 22 8 0 19 7 27 32 13 49 49 25 20 20 10 15 35 35 45 55 16 5 6 5 
19128000 19128134 1 0 0 12 4 0 8 1 15 20 7 51 50 25 20 20 10 15 35 35 45 55 16 6 6 5 
19166000 19166090 1 0 0 -12 -18 0 -17 -21 -9 -4 5 54 54 25 20 20 10 15 35 35 45 55 16 7 7 5 
19334000 19334220 1 0 0 -20 -17 0 -24 -20 -17 -12 -4 54 54 25 20 20 10 15 35 35 45 55 16 7 7 5 
19353500 19353599 1 0 0 -21 -19 0 -25 -22 -18 -13 -3 69 74 25 20 20 10 15 35 35 45 55 16 4 8 5 
19748500 19748668 1 0 0 -25 -21 0 -30 -25 -21 -16 -5 69 72 25 20 20 10 13 33 35 45 55 16 9 9 5 
19954000 19954171 1 0 0 -24 -17 0 -26 -20 -20 -15 -8 72 74 25 20 20 10 13 33 35 45 55 16 9 9 5 
19995000 19995044 1 0 0 -19 -22 0 -21 -23 -14 -9 2 71 70 25 20 20 10 13 33 35 45 55 16 9 9 5 
20039000 20039073 1 0 0 7 -4 0 5 -7 12 17 12 56 56 25 20 20 10 13 33 35 45 55 16 7 7 5 
20089000 20089030 1 0 0 -30 -23 0 -36 -30 -28 -23 -8 73 75 25 20 20 10 13 33 35 45 55 16 9 9 5 
20172000 20172021 1 0 0 -30 -29 0 -28 -30 -22 -17 2 75 75 25 20 20 10 13 33 35 45 55 16 10 8 5 
20513500 20513655 1 0 0 -21 -16 0 -24 -20 -16 -11 -5 56 57 25 20 20 10 13 33 35 45 55 16 7 7 5 
20903500 20903628 1 0 0 -16 -9 0 -20 -11 -13 -8 -9 52 56 25 20 20 10 13 33 35 45 55 16 6 7 5 
21409500 21409603 1 0 0 -16 -9 0 -20 -13 -14 -9 -6 51 53 25 20 20 10 13 33 35 45 55 16 6 6 5 
21426500 21426630 1 0 0 8 6 0 1 -1 8 13 2 68 60 25 20 20 10 13 33 35 45 55 16 4 2 5 
21519000 21519099 1 0 0 -15 -18 0 -16 -21 -9 -4 4 72 69 25 20 20 10 13 33 35 45 55 16 7 5 5 
21563000 21563154 1 0 0 -7 -9 0 -15 -18 -6 -1 4 52 51 25 20 20 10 13 33 35 45 55 16 6 6 5 
21829500 21829668 1 0 0 0 -10 0 1 -9 9 14 11 69 64 25 20 20 10 13 33 35 45 55 16 8 6 5 
21932000 21932020 1 0 0 -3 -11 0 -5 -13 1 6 9 62 68 25 20 20 10 13 33 35 45 55 16 8 4 5 
