19500 19527 0 0 0 34 -78 0 36 -77 43 160 129 114 114 25 20 18 10 10 26 35 45 55 16 15 15 5 
28000 28160 0 0 -1 0 0 0 0 0 0 116 0 90 93 25 20 18 10 10 30 35 45 55 16 12 12 5 
60500 60521 0 0 0 -6 -102 0 -3 -101 -7 110 105 116 115 25 20 18 10 10 26 35 45 55 16 15 15 5 
71000 71030 0 0 0 31 -98 0 36 -99 41 158 149 101 99 25 20 18 10 10 30 35 45 55 16 11 10 5 
79500 79625 0 0 0 3 -95 0 1 -93 -4 113 101 101 101 25 20 18 10 10 28 35 45 55 16 13 13 5 
111500 111759 0 0 0 -2 -88 0 -2 -85 -16 101 87 114 115 25 20 18 10 10 26 35 45 55 16 13 10 5 
118000 118014 0 0 0 46 -64 0 47 -65 36 153 118 115 115 25 20 18 10 10 26 35 45 55 16 15 14 5 
142500 142566 0 0 0 41 -81 0 32 -82 23 140 124 112 114 25 20 18 10 10 26 35 45 55 16 13 14 5 
168000 168102 0 0 0 -1 -96 0 -5 -98 -20 97 95 113 113 25 20 18 10 10 26 35 45 55 16 12 9 5 
224500 224582 0 0 0 19 -89 0 16 -91 2 119 114 109 108 25 20 18 10 10 28 35 45 55 16 14 12 5 
363000 363072 0 0 0 28 -71 0 28 -69 3 120 99 105 104 25 20 18 10 10 28 35 45 55 16 11 14 5 
578500 578777 0 0 0 16 -82 0 2 -80 -23 94 82 98 101 25 20 18 10 10 28 35 45 55 16 9 7 5 
716000 716050 0 0 0 16 -91 0 19 -90 -6 111 109 96 97 25 20 18 10 10 30 35 45 55 16 11 12 5 
840000 840113 0 0 0 3 -92 0 10 -87 -16 101 97 93 91 25 20 18 10 10 30 35 45 55 16 12 12 5 
862000 862002 0 0 0 -2 -92 0 0 -89 -24 93 90 95 91 25 20 18 10 10 30 35 45 55 16 12 12 5 
899000 899023 0 0 0 9 -92 0 9 -89 -14 103 101 95 93 25 20 18 10 10 30 35 45 55 16 12 12 5 
919000 919241 0 0 0 11 -84 0 6 -83 -19 98 89 114 115 25 20 18 10 10 26 35 45 55 16 9 14 5 
924500 924583 0 0 0 44 -69 0 44 -71 18 135 114 117 117 25 20 18 10 10 26 35 45 55 16 15 15 5 
975000 975012 0 0 0 39 -82 0 43 -78 17 134 121 114 112 25 20 18 10 10 26 35 45 55 16 15 14 5 
1000000 1000023 0 0 0 34 -86 0 34 -86 8 125 119 124 121 25 20 18 10 10 25 35 45 55 16 12 15 5 
1106000 1106076 0 0 0 26 -98 0 32 -96 7 124 129 119 118 25 20 18 10 10 26 35 45 55 16 15 15 5 
1123500 1123622 0 0 0 -11 -112 0 -10 -109 -35 82 99 116 116 25 20 18 10 10 26 35 45 55 16 3 13 5 
1160000 1160327 0 0 0 -35 -114 0 -33 -113 -70 47 78 114 114 25 20 18 10 9 25 35 45 55 16 9 12 5 
1162500 1162577 0 13 0 -17 -108 -1 -16 -107 -55 62 86 115 115 25 20 18 10 9 25 35 45 55 16 12 11 5 
1166500 1166511 0 0 0 16 -85 0 12 -85 -26 91 95 119 120 25 20 18 10 9 24 35 45 55 16 14 14 5 
1197500 1197838 0 0 0 32 -87 0 35 -88 -9 108 115 118 115 25 20 18 10 9 25 35 45 55 16 13 13 5 
1208500 1208515 0 0 0 1 -98 0 1 -98 -36 81 95 121 121 25 20 18 10 9 24 35 45 55 16 16 14 5 
1215500 1215625 0 0 0 31 -93 0 35 -92 -7 110 119 119 118 25 20 18 10 9 25 35 45 55 16 15 15 5 
1241500 1241621 0 0 0 -29 -128 0 -29 -129 -65 52 99 118 116 25 20 18 10 9 25 35 45 55 16 15 14 5 
1245000 1245325 0 13 0 -8 -111 -12 6 -100 -36 81 101 126 127 25 20 18 10 9 24 35 45 55 16 4 13 5 
1250000 1250169 0 0 0 51 -68 0 57 -64 11 128 114 128 128 25 20 18 10 9 24 35 45 55 16 16 15 5 
1285000 1285017 0 0 0 47 -80 0 54 -75 -2 115 122 124 124 25 20 18 10 8 23 35 45 55 16 16 16 5 
1537500 1537614 0 0 0 14 -94 0 24 -92 -30 87 102 120 117 25 20 18 10 8 24 35 45 55 16 15 15 5 
1570500 1570601 0 0 0 31 -86 0 35 -86 -21 96 108 119 119 25 20 18 10 8 24 35 45 55 16 12 15 5 
1585500 1585626 0 13 0 8 -95 21 16 -99 -39 78 110 112 109 25 20 18 10 8 26 35 45 55 16 9 10 5 
1592000 1592134 0 0 0 -31 -116 0 -36 -120 -79 38 91 117 118 25 20 18 10 8 24 35 45 55 16 5 14 5 
1651000 1651071 0 0 0 -2 -96 0 1 -94 -48 69 85 108 108 25 20 18 10 8 26 35 45 55 16 14 14 5 
1698500 1698532 0 0 0 -23 -123 0 -21 -127 -70 47 95 120 118 25 20 18 10 8 24 35 45 55 16 14 11 5 
1721000 1721079 0 0 0 -69 -167 0 -65 -165 -115 2 97 130 130 25 20 18 10 8 23 35 45 55 16 16 14 5 
1725500 1725566 0 13 0 -53 -164 -64 -61 -169 -118 -1 96 131 129 25 20 18 10 8 23 35 45 55 16 16 11 5 
1729500 1729528 0 0 0 82 -86 0 91 -81 17 134 149 133 132 25 20 18 10 8 23 35 45 55 16 15 17 5 
1750000 1750063 0 0 0 33 -88 0 30 -91 -21 96 113 116 116 25 20 18 10 8 24 35 45 55 16 15 15 5 
1762500 1762570 0 0 0 2 -98 0 7 -96 -46 71 89 117 115 25 20 18 10 8 24 35 45 55 16 13 10 5 
1768500 1769085 0 0 0 -42 -117 0 -47 -118 -98 19 69 128 128 25 20 18 10 8 23 35 45 55 16 4 13 5 
1772000 1772025 0 13 0 -16 -116 4 -12 -109 -67 50 86 129 130 25 20 18 10 8 23 35 45 55 16 13 15 5 
1780000 1780082 0 0 0 30 -90 0 40 -80 -20 97 107 132 133 25 20 18 10 8 23 35 45 55 16 9 11 5 
1827500 1827766 0 0 0 5 -106 0 5 -107 -50 67 99 122 124 25 20 18 10 8 23 35 45 55 16 10 15 5 
1873000 1873006 0 0 0 -33 -142 0 -35 -145 -74 43 106 128 127 25 20 18 10 9 24 35 45 55 16 14 15 5 
1902000 1902076 0 0 0 -90 -189 0 -86 -181 -126 -9 89 129 129 25 20 18 10 9 24 35 45 55 16 16 15 5 
1907500 1907604 0 13 0 -76 -177 -38 -80 -178 -123 -6 91 129 132 25 20 18 10 9 24 35 45 55 16 11 13 5 
1910500 1910502 0 0 0 -10 -141 0 -3 -140 -49 68 127 129 129 25 20 18 10 9 24 35 45 55 16 14 12 5 
1921000 1921148 0 0 0 -14 -127 0 -11 -124 -53 64 102 127 127 25 20 18 10 9 24 35 45 55 16 14 13 5 
1928000 1928072 0 0 0 34 -93 0 40 -87 -5 112 116 124 124 25 20 18 10 9 24 35 45 55 16 16 16 5 
1931500 1931560 0 13 0 -15 -114 -1 -19 -118 -61 56 91 124 124 25 20 18 10 9 24 35 45 55 16 10 15 5 
1935000 1935061 0 0 0 -62 -140 0 -64 -141 -106 11 68 124 123 25 20 18 10 9 24 35 45 55 16 12 13 5 
1944000 1944063 0 0 0 -96 -178 0 -110 -190 -148 -31 77 126 123 25 20 18 10 9 24 35 45 55 16 11 9 5 
1947000 1947283 0 13 0 -50 -148 9 -49 -148 -89 28 88 126 126 25 20 18 10 9 24 35 45 55 16 11 14 5 
1951500 1951535 0 0 0 -2 -112 0 1 -112 -39 78 105 127 125 25 20 18 10 9 24 35 45 55 16 14 16 5 
1958000 1958056 0 0 0 -6 -103 0 -2 -102 -41 76 94 123 125 25 20 18 10 9 24 35 45 55 16 12 13 5 
1960500 1960760 0 13 0 -39 -119 -7 -44 -121 -80 37 74 121 121 25 20 18 10 9 24 35 45 55 16 13 14 5 
1963500 1963622 0 0 0 -63 -140 0 -66 -141 -100 17 72 121 121 25 20 18 10 9 24 35 45 55 16 13 12 5 
1977000 1977023 0 0 0 -116 -191 0 -117 -192 -153 -36 74 131 132 25 20 18 10 9 24 35 45 55 16 13 14 5 
2008500 2008513 0 0 0 -93 -197 0 -93 -199 -120 -3 106 130 129 25 20 18 10 10 25 35 45 55 16 13 15 5 
2011000 2011071 0 13 0 -79 -183 -11 -85 -189 -112 5 102 130 129 25 20 18 10 10 25 35 45 55 16 15 7 5 
2013500 2013595 0 0 0 -42 -161 0 -32 -155 -58 59 122 130 132 25 20 18 10 10 25 35 45 55 16 8 8 5 
2019000 2019055 0 0 0 -45 -142 0 -41 -142 -66 51 101 123 117 25 20 18 10 10 26 35 45 55 16 16 5 5 
2020500 2020650 0 13 0 -18 -136 4 -17 -131 -42 75 114 122 125 25 20 18 10 10 25 35 45 55 16 7 13 5 
2022500 2022512 0 0 0 9 -126 0 29 -123 3 120 152 121 119 25 20 18 10 10 26 35 45 55 16 12 15 5 
2025500 2025762 0 13 0 8 -118 11 11 -115 -15 102 125 119 120 25 20 18 10 10 25 35 45 55 16 7 4 5 
2037500 2037550 0 0 0 -53 -131 0 -39 -132 -65 52 92 110 109 25 20 18 10 10 28 35 45 55 16 14 13 5 
2059000 2059096 0 0 0 -80 -149 0 -76 -146 -100 17 71 114 115 25 20 18 10 10 26 35 45 55 16 14 13 5 
2069000 2069128 0 0 0 -38 -112 0 -34 -109 -60 57 76 115 115 25 20 18 10 10 26 35 45 55 16 14 10 5 
2088500 2088525 0 0 0 -61 -141 0 -65 -144 -92 25 77 125 126 25 20 18 10 10 25 35 45 55 16 14 11 5 
2102000 2102087 0 0 0 -44 -127 0 -44 -127 -70 47 83 128 129 25 20 18 10 10 25 35 45 55 16 11 12 5 
2107500 2107711 0 13 0 25 -107 18 30 -102 5 122 132 125 121 25 20 18 10 10 25 35 45 55 16 9 9 5 
2112000 2112041 0 0 0 49 -88 0 68 -86 43 160 154 121 119 25 20 18 10 10 26 35 45 55 16 16 16 5 
2131000 2131017 0 0 0 -15 -111 0 -13 -109 -40 77 95 123 123 25 20 18 10 10 25 35 45 55 16 14 16 5 
2142000 2142103 0 0 0 -14 -115 0 -15 -116 -41 76 101 125 125 25 20 18 10 10 25 35 45 55 16 14 15 5 
2150000 2150019 0 13 0 22 -105 -14 22 -107 -4 113 129 128 128 25 20 18 10 10 25 35 45 55 16 12 14 5 
2155000 2155036 0 0 0 67 -91 0 72 -88 46 163 163 128 128 25 20 18 10 10 25 35 45 55 16 17 17 5 
2160500 2160506 0 0 0 40 -92 0 42 -90 17 134 133 122 122 25 20 18 10 10 25 35 45 55 16 16 16 5 
2162000 2162124 0 13 0 36 -93 8 37 -88 12 129 125 120 120 25 20 18 10 10 25 35 45 55 16 16 7 5 
2168000 2168024 0 0 0 -21 -113 0 -22 -109 -48 69 86 117 121 25 20 18 10 10 25 35 45 55 16 8 10 5 
2171000 2171318 0 13 0 13 -102 0 16 -104 -11 106 119 112 112 25 20 18 10 10 26 35 45 55 16 3 13 5 
2173500 2173614 0 0 0 42 -103 0 26 -102 0 117 128 111 111 25 20 18 10 10 26 35 45 55 16 14 14 5 
2180500 2180570 0 0 0 -6 -119 0 -8 -118 -33 84 111 112 115 25 20 18 10 10 26 35 45 55 16 15 11 5 
2184500 2184559 0 0 0 24 -116 0 27 -114 1 118 141 107 109 25 20 18 10 10 28 35 45 55 16 14 14 5 
2201500 2201545 0 0 0 -18 -132 0 -12 -133 -38 79 121 109 109 25 20 18 10 10 28 35 45 55 16 14 14 5 
2289500 2289537 0 0 0 17 -97 0 22 -95 -4 113 118 107 106 25 20 18 10 10 28 35 45 55 16 14 12 5 
2505000 2505088 0 0 0 -14 -118 0 -15 -117 -42 75 102 107 106 25 20 18 10 10 28 35 45 55 16 14 14 5 
2591000 2591147 0 0 0 18 -74 0 14 -73 -12 105 87 103 102 25 20 18 10 10 28 35 45 55 16 9 11 5 
2724500 2724610 0 0 0 5 -90 0 2 -89 -23 94 91 111 112 25 20 18 10 10 26 35 45 55 16 13 11 5 
2769500 2769665 0 0 0 -2 -103 0 2 -101 -25 92 103 113 112 25 20 18 10 10 26 35 45 55 16 10 15 5 
2830500 2830505 0 -1 1 -49 -139 -51 -46 -136 -73 44 90 123 122 25 20 18 10 10 25 35 45 55 16 15 16 5 
3026500 3047260 0 2 1 -303 -317 -319 -131 -230 -144 -27 106 134 121 25 20 18 10 10 25 35 45 55 16 0 13 5 
3163000 3163074 0 -3 1 -24 -122 -49 -23 -122 -49 68 99 97 97 25 20 18 10 10 30 35 45 55 16 13 9 5 
3281500 3281500 0 0 0 33 -91 0 25 -90 -1 116 115 100 101 25 20 18 10 10 28 35 45 55 16 12 10 5 
4262000 4262105 0 0 0 29 -72 0 30 -70 20 137 102 91 89 25 20 18 10 12 32 35 45 55 16 12 12 5 
4288000 4288125 0 0 0 13 -72 0 12 -71 4 121 91 106 105 25 20 18 10 12 30 35 45 55 16 13 10 5 
4308500 4308515 0 0 0 -19 -108 0 -23 -107 -25 92 94 114 115 25 20 18 10 12 28 35 45 55 16 12 14 5 
4327500 4327705 0 0 0 -61 -149 0 -59 -141 -49 68 114 116 117 25 20 18 10 12 28 35 45 55 16 12 15 5 
4332500 4332625 0 0 0 -59 -164 0 -63 -166 -61 56 118 115 115 25 20 18 10 12 28 35 45 55 16 15 15 5 
4338000 4338368 0 13 0 22 -103 -6 30 -97 45 162 152 114 117 25 20 18 10 12 28 35 45 55 16 9 15 5 
4342000 4342133 0 0 0 93 -69 0 70 -65 91 208 164 110 111 25 20 18 10 12 28 35 45 55 16 14 12 5 
4346000 4346040 0 13 0 57 -71 3 51 -69 63 180 140 110 114 25 20 18 10 12 28 35 45 55 16 14 8 5 
4350500 4350512 0 0 0 11 -100 0 12 -101 21 138 131 108 108 25 20 18 10 12 30 35 45 55 16 14 12 5 
4358500 4358586 0 0 0 -24 -120 0 -19 -119 -21 96 112 110 108 25 20 18 10 12 30 35 45 55 16 14 12 5 
4372000 4372100 0 0 0 -65 -141 0 -65 -142 -70 47 83 113 113 25 20 18 10 12 28 35 45 55 16 15 12 5 
4392500 4392608 0 0 0 -48 -130 0 -45 -130 -47 70 93 112 115 25 20 18 10 12 28 35 45 55 16 13 14 5 
4402000 4402116 0 0 0 -3 -98 0 3 -93 11 128 120 114 115 25 20 18 10 12 28 35 45 55 16 11 15 5 
4411000 4411100 0 0 0 -19 -106 0 -4 -103 1 118 118 110 109 25 20 18 10 12 30 35 45 55 16 12 14 5 
4418000 4418003 0 0 0 -57 -135 0 -55 -137 -62 55 87 116 117 25 20 18 10 12 28 35 45 55 16 15 15 5 
4438500 4438619 0 0 0 -51 -142 0 -55 -144 -59 58 97 112 111 25 20 18 10 12 28 35 45 55 16 13 14 5 
4447000 4447098 0 0 0 2 -104 0 8 -101 8 125 125 104 106 25 20 18 10 12 30 35 45 55 16 13 13 5 
4461000 4461063 0 0 0 -37 -112 0 -39 -110 -44 73 75 104 103 25 20 18 10 12 30 35 45 55 16 12 10 5 
4469500 4469630 0 0 0 -35 -116 0 -34 -117 -44 73 86 104 103 25 20 18 10 12 30 35 45 55 16 13 13 5 
4482500 4482523 0 0 0 -15 -104 0 -12 -99 -21 96 92 103 103 25 20 18 10 12 30 35 45 55 16 13 12 5 
4496500 4496553 0 0 0 -53 -128 0 -56 -125 -71 46 72 115 116 25 20 18 10 11 27 35 45 55 16 13 8 5 
4504500 4504598 0 0 0 -20 -108 0 -15 -104 -26 91 98 115 116 25 20 18 10 11 27 35 45 55 16 15 13 5 
4512000 4512111 0 0 0 11 -93 0 13 -89 2 119 107 112 113 25 20 18 10 11 27 35 45 55 16 14 12 5 
4517500 4517770 0 0 0 31 -82 0 40 -77 33 150 131 110 107 25 20 18 10 11 29 35 45 55 16 4 9 5 
4524500 4524896 0 0 0 -15 -110 0 -11 -109 -32 85 92 111 112 25 20 18 10 11 27 35 45 55 16 7 9 5 
4527500 4527586 0 13 0 26 -103 9 42 -102 30 147 156 110 107 25 20 18 10 11 29 35 45 55 16 7 10 5 
4530500 4530776 0 0 0 49 -81 0 50 -76 40 157 136 108 109 25 20 18 10 11 29 35 45 55 16 12 8 5 
4535000 4535027 0 13 0 -14 -108 -19 -1 -110 -13 104 115 110 107 25 20 18 10 11 29 35 45 55 16 7 11 5 
4539500 4539600 0 0 0 -39 -128 0 -34 -128 -50 67 96 113 112 25 20 18 10 11 27 35 45 55 16 6 5 5 
4547000 4547019 0 0 0 -6 -93 0 -4 -87 -15 102 98 112 115 25 20 18 10 11 27 35 45 55 16 11 4 5 
4657500 4657623 0 0 0 -10 -108 0 -1 -107 -14 103 109 107 109 25 20 18 10 11 29 35 45 55 16 12 13 5 
4822500 4822612 0 0 0 2 -101 0 28 -98 10 127 123 100 99 25 20 18 10 11 31 35 45 55 16 7 8 5 
4867500 4867661 0 0 0 -9 -90 0 -8 -88 -28 89 77 87 89 25 20 18 10 11 31 35 45 55 16 11 11 5 
5002500 5002527 0 0 0 8 -66 0 9 -66 -5 112 73 89 87 25 20 18 10 12 32 35 45 55 16 11 11 5 
5229500 5229596 0 0 0 4 -88 0 5 -88 -1 116 102 92 91 25 20 18 10 13 33 35 45 55 16 12 12 5 
5270500 5270579 0 0 0 -16 -104 0 -12 -102 -17 100 97 91 91 25 20 18 10 13 33 35 45 55 16 12 5 5 
5283000 5283013 0 0 0 -2 -103 0 -1 -105 -15 102 106 94 93 25 20 18 10 13 33 35 45 55 16 12 11 5 
5297000 5297105 0 0 0 -42 -102 0 -38 -99 -37 80 70 116 117 25 20 18 10 13 29 35 45 55 16 15 15 5 
5307000 5307101 0 13 0 -1 -87 -3 4 -84 25 142 116 116 115 25 20 18 10 13 29 35 45 55 16 14 15 5 
5310500 5310622 0 0 0 18 -79 0 20 -76 44 161 131 115 115 25 20 18 10 13 29 35 45 55 16 15 15 5 
5314500 5314523 0 13 0 -5 -95 1 -2 -93 15 132 114 116 117 25 20 18 10 13 29 35 45 55 16 12 14 5 
5321000 5321082 0 0 0 -42 -126 0 -45 -123 -41 76 94 122 120 25 20 18 10 13 28 35 45 55 16 16 15 5 
5328500 5328528 0 0 0 -53 -148 0 -43 -146 -9 108 140 135 136 25 20 18 10 13 28 35 45 55 16 12 14 5 
5333000 5333109 0 13 0 -82 -189 2 -84 -186 -23 94 143 140 142 25 20 18 10 13 28 35 45 55 16 15 10 5 
5337000 5337088 0 0 0 -112 -224 0 -114 -228 -91 26 114 148 149 25 20 18 10 13 28 35 45 55 16 12 11 5 
5342500 5342500 0 13 0 55 -149 15 67 -143 159 276 282 143 143 25 20 18 10 13 28 35 45 55 16 9 17 5 
5345500 5345650 0 0 0 123 -97 0 126 -93 236 353 304 133 132 25 20 18 10 13 28 35 45 55 16 16 16 5 
5349500 5349777 0 13 0 52 -105 13 48 -107 108 225 216 125 125 25 20 18 10 13 28 35 45 55 16 10 10 5 
5352500 5352600 0 0 0 -23 -145 0 -20 -147 -10 107 143 119 117 25 20 18 10 12 28 35 45 55 16 14 14 5 
5370500 5370539 0 0 0 -86 -161 0 -83 -160 -96 21 66 104 101 25 20 18 10 12 30 35 45 55 16 12 10 5 
5402000 5402064 0 0 0 -83 -122 0 -82 -122 -110 7 43 91 91 25 20 18 10 10 30 35 45 55 16 12 12 5 
5456000 5456027 0 0 0 -38 -87 0 -35 -85 -62 55 48 86 88 25 20 18 10 11 31 35 45 55 16 11 11 5 
5542500 5542658 0 0 0 -5 -69 0 -5 -68 -24 93 64 86 87 25 20 18 10 12 32 35 45 55 16 11 11 5 
5675500 5675667 0 0 0 15 -63 0 17 -60 6 123 81 87 88 25 20 18 10 13 33 35 45 55 16 11 11 5 
6086000 6086019 0 0 0 -8 -65 0 -8 -64 -25 92 57 74 78 25 20 18 10 13 33 35 45 55 16 9 9 5 
6438500 6438556 0 0 0 -12 -64 0 -13 -62 -29 88 50 75 76 25 20 18 10 13 33 35 45 55 16 9 9 5 
7543000 7543084 0 0 0 6 -59 0 7 -57 -6 111 66 80 77 25 20 18 10 13 33 35 45 55 16 10 10 5 
8231000 8231194 0 0 0 -4 -56 0 -1 -54 -21 96 49 71 70 25 20 18 10 13 33 35 45 55 16 9 9 5 
8347500 8347703 0 0 0 -3 -60 0 1 -56 -14 103 58 74 73 25 20 18 10 13 33 35 45 55 16 9 10 5 
8730000 8730080 0 0 0 -12 -64 0 -11 -63 -27 90 52 69 68 25 20 18 10 13 33 35 45 55 16 9 9 5 
9273500 9273608 0 0 0 -10 -61 0 -7 -59 -24 93 50 67 66 25 20 18 10 13 33 35 45 55 16 9 8 5 
9992000 9992124 0 0 0 -15 -66 0 -13 -64 -31 86 51 71 75 25 20 18 10 13 33 35 45 55 16 9 9 5 
10043000 10043022 0 0 0 -23 -88 0 -20 -87 -36 81 68 98 97 25 20 18 10 13 33 35 45 55 16 11 13 5 
10053000 10053092 0 0 0 20 -75 0 17 -74 14 131 104 100 101 25 20 18 10 13 31 35 45 55 16 12 13 5 
10064500 10064637 0 0 0 34 -77 0 39 -72 36 153 121 92 92 25 20 18 10 13 33 35 45 55 16 11 12 5 
10073000 10073056 0 0 0 36 -72 0 41 -70 39 156 121 91 94 25 20 18 10 13 33 35 45 55 16 10 3 5 
10083500 10083536 0 0 0 9 -87 0 10 -88 2 119 107 94 94 25 20 18 10 13 33 35 45 55 16 9 12 5 
10099500 10099596 0 0 0 -18 -84 0 -16 -83 -30 87 69 85 84 25 20 18 10 13 33 35 45 55 16 7 11 5 
10135000 10135051 0 0 0 -39 -98 0 -39 -97 -54 63 62 92 93 25 20 18 10 13 33 35 45 55 16 12 12 5 
10154500 10154602 0 0 0 -26 -95 0 -25 -93 -38 79 71 78 78 25 20 18 10 13 33 35 45 55 16 10 10 5 
10284500 10284658 0 0 0 -11 -80 0 -11 -79 -26 91 67 77 78 25 20 18 10 13 33 35 45 55 16 10 10 5 
10593500 10593576 0 0 0 -18 -78 0 -15 -74 -29 88 60 81 81 25 20 18 10 13 33 35 45 55 16 10 10 5 
11023000 11023029 0 0 0 0 -83 0 5 -80 -12 105 91 93 90 25 20 18 10 11 31 35 45 55 16 8 4 5 
11657000 11657133 0 0 0 -10 -94 0 -12 -96 -22 95 87 87 86 25 20 18 10 11 31 35 45 55 16 11 7 5 
12573500 12573583 0 0 0 7 -65 0 11 -61 -9 108 75 80 80 25 20 18 10 12 32 35 45 55 16 10 10 5 
12700000 12700040 0 0 0 6 -45 0 9 -44 -13 104 53 66 67 25 20 18 10 12 32 35 45 55 16 8 8 5 
13119500 13119696 0 0 0 -5 -50 0 -4 -44 -26 91 40 63 63 25 20 18 10 12 32 35 45 55 16 8 8 5 
14105500 14105564 0 0 0 -5 -45 0 -5 -41 -29 88 39 67 68 25 20 18 10 12 32 35 45 55 16 8 8 5 
14242500 14242643 0 0 0 1 -41 0 3 -38 -19 98 39 62 61 25 20 18 10 12 32 35 45 55 16 8 8 5 
14497500 14497571 0 0 0 21 -29 0 21 -31 1 118 52 67 67 25 20 18 10 12 32 35 45 55 16 8 7 5 
14587500 14587695 0 0 0 -23 -63 0 -20 -61 -44 73 39 60 60 25 20 18 10 12 32 35 45 55 16 7 8 5 
15020500 15020642 0 0 0 -21 -51 0 -19 -48 -42 75 27 61 61 25 20 18 10 12 32 35 45 55 16 8 8 5 
16185000 16185044 0 0 0 14 -54 0 11 -53 -11 106 61 78 77 25 20 18 10 12 32 35 45 55 16 10 10 5 
16227000 16227053 0 -1 1 -39 -103 -51 -31 -96 -58 59 65 90 88 25 20 18 10 11 31 35 45 55 16 11 11 5 
16386000 16386113 0 2 1 -181 -197 -185 -182 -200 -208 -91 19 90 87 25 20 18 10 10 30 35 45 55 16 12 11 5 
16591500 16591619 0 -3 1 -56 -115 -50 -55 -114 -76 41 56 76 75 25 20 18 10 11 31 35 45 55 16 9 10 5 
16725000 16725181 0 0 0 -13 -71 0 -11 -70 -32 85 58 66 63 25 20 18 10 12 32 35 45 55 16 8 8 5 
17523500 17523523 0 0 0 -9 -47 0 -7 -46 -30 87 39 59 58 25 20 18 10 12 32 35 45 55 16 7 7 5 
18607500 18607506 0 0 0 -13 -82 0 -13 -83 -38 79 64 68 72 25 20 18 10 12 32 35 45 55 16 9 9 5 
20500 20583 1 0 0 62 -54 0 62 -55 65 135 117 113 114 25 20 18 10 10 26 35 45 55 16 15 15 5 
26000 26015 1 0 0 4 -91 0 2 -94 5 75 95 91 76 25 20 18 10 10 30 35 45 55 16 7 12 5 
37500 37582 1 0 -1 0 0 0 0 0 0 58 0 97 103 25 20 18 10 10 28 35 45 55 16 11 12 5 
62000 62066 1 0 0 -3 -88 0 -3 -90 2 72 89 117 119 25 20 18 10 10 26 35 45 55 16 15 14 5 
69000 69083 1 13 0 55 -68 12 50 -69 54 124 119 103 104 25 20 18 10 10 28 35 45 55 16 13 11 5 
71000 71030 1 0 0 56 -76 0 61 -79 65 135 142 101 99 25 20 18 10 10 30 35 45 55 16 11 10 5 
78500 78573 1 0 0 24 -75 0 19 -79 23 93 97 101 100 25 20 18 10 10 28 35 45 55 16 13 13 5 
111000 111118 1 0 0 14 -66 0 13 -66 16 86 80 114 117 25 20 18 10 10 26 35 45 55 16 15 9 5 
119500 119578 1 0 0 63 -49 0 65 -47 71 141 114 115 115 25 20 18 10 10 26 35 45 55 16 14 11 5 
142000 142174 1 0 0 36 -76 0 21 -86 26 96 108 112 115 25 20 18 10 10 26 35 45 55 16 13 14 5 
167500 167575 1 0 0 6 -90 0 2 -91 7 77 95 113 113 25 20 18 10 10 26 35 45 55 16 14 9 5 
224000 224034 1 0 0 21 -85 0 22 -87 27 97 110 109 109 25 20 18 10 10 28 35 45 55 16 14 12 5 
362000 362060 1 0 0 17 -70 0 14 -73 16 86 87 105 103 25 20 18 10 10 28 35 45 55 16 11 13 5 
578000 578022 1 0 0 23 -73 0 26 -75 28 98 101 98 97 25 20 18 10 10 30 35 45 55 16 12 7 5 
714000 714144 1 0 0 17 -83 0 15 -85 19 89 99 95 92 25 20 18 10 10 30 35 45 55 16 12 11 5 
843500 843563 1 0 0 2 -86 0 2 -90 4 74 92 98 99 25 20 18 10 10 30 35 45 55 16 13 13 5 
862500 862653 1 0 0 1 -89 0 -1 -91 3 73 90 95 94 25 20 18 10 10 30 35 45 55 16 12 12 5 
898000 898060 1 0 0 5 -84 0 3 -86 6 76 90 95 94 25 20 18 10 10 30 35 45 55 16 8 12 5 
917500 917543 1 0 0 11 -73 0 9 -76 11 81 84 114 116 25 20 18 10 10 26 35 45 55 16 15 9 5 
924000 924071 1 0 0 32 -63 0 30 -62 35 105 92 117 115 25 20 18 10 10 26 35 45 55 16 15 15 5 
973500 973549 1 0 0 33 -63 0 31 -61 33 103 92 113 112 25 20 18 10 10 26 35 45 55 16 15 14 5 
997500 997740 1 0 0 26 -83 0 12 -94 15 85 105 124 126 25 20 18 10 10 25 35 45 55 16 5 12 5 
1104500 1104566 1 0 0 33 -80 0 39 -81 41 111 119 119 119 25 20 18 10 10 26 35 45 55 16 15 15 5 
1122500 1122847 1 0 0 -41 -126 0 -22 -112 -20 50 90 117 117 25 20 18 10 10 26 35 45 55 16 2 10 5 
1156000 1156009 1 0 0 -41 -128 0 -48 -135 -45 25 87 114 113 25 20 18 10 9 25 35 45 55 16 13 11 5 
1167500 1167511 1 0 0 2 -85 0 5 -86 7 77 90 119 118 25 20 18 10 9 25 35 45 55 16 16 13 5 
1196500 1196560 1 0 0 14 -78 0 20 -75 25 95 96 118 118 25 20 18 10 9 25 35 45 55 16 15 13 5 
1206000 1206059 1 0 0 -13 -87 0 -17 -92 -14 56 74 121 120 25 20 18 10 9 24 35 45 55 16 15 16 5 
1216000 1216001 1 0 0 10 -93 0 19 -95 21 91 113 119 118 25 20 18 10 9 25 35 45 55 16 15 13 5 
1241500 1241621 1 0 0 -31 -122 0 -34 -127 -30 40 94 118 116 25 20 18 10 9 25 35 45 55 16 15 14 5 
1245000 1245325 1 13 0 -13 -101 -7 -4 -98 -1 69 95 126 127 25 20 18 10 9 24 35 45 55 16 4 13 5 
1250500 1250521 1 0 0 36 -71 0 37 -70 39 109 106 127 128 25 20 18 10 9 24 35 45 55 16 15 16 5 
1283500 1283562 1 0 0 2 -103 0 -2 -106 1 71 106 125 126 25 20 18 10 8 23 35 45 55 16 16 16 5 
1569500 1569574 1 0 0 7 -106 0 7 -108 10 80 114 119 115 25 20 18 10 8 24 35 45 55 16 12 14 5 
1585500 1585626 1 13 0 -7 -113 21 -10 -118 -6 64 108 112 109 25 20 18 10 8 26 35 45 55 16 9 10 5 
1594500 1594570 1 0 0 -48 -130 0 -45 -134 -44 26 87 116 119 25 20 18 10 8 24 35 45 55 16 13 5 5 
1605000 1605140 1 0 0 -22 -108 0 -22 -116 -19 51 93 108 106 25 20 18 10 8 26 35 45 55 16 14 13 5 
1648000 1648006 1 0 0 -33 -112 0 -38 -112 -35 35 73 107 106 25 20 18 10 8 26 35 45 55 16 14 14 5 
1695000 1695084 1 0 0 -57 -128 0 -62 -133 -59 11 72 123 123 25 20 18 10 8 23 35 45 55 16 12 12 5 
1721500 1721539 1 0 0 -68 -172 0 -63 -174 -60 10 110 130 132 25 20 18 10 8 23 35 45 55 16 15 14 5 
1725500 1725566 1 13 0 -76 -174 -54 -86 -183 -83 -13 96 131 129 25 20 18 10 8 23 35 45 55 16 16 11 5 
1731500 1731572 1 0 0 49 -88 0 48 -89 51 121 137 130 130 25 20 18 10 8 23 35 45 55 16 17 17 5 
1752500 1752501 1 0 0 -6 -88 0 -13 -93 -8 62 81 117 118 25 20 18 10 8 24 35 45 55 16 15 15 5 
1763000 1763087 1 0 0 -13 -99 0 -15 -104 -11 59 90 118 117 25 20 18 10 8 24 35 45 55 16 13 11 5 
1769500 1769792 1 0 0 -43 -129 0 -48 -132 -45 25 84 128 127 25 20 18 10 8 23 35 45 55 16 7 13 5 
1781000 1781102 1 0 0 5 -89 0 3 -92 6 76 95 132 133 25 20 18 10 8 23 35 45 55 16 9 11 5 
1831500 1831545 1 0 0 -22 -130 0 -25 -132 -22 48 107 123 121 25 20 18 10 8 23 35 45 55 16 14 15 5 
1873500 1873592 1 0 0 -48 -141 0 -51 -147 -51 19 94 128 129 25 20 18 10 9 24 35 45 55 16 15 14 5 
1902500 1902651 1 0 0 -97 -180 0 -109 -186 -107 -37 77 129 129 25 20 18 10 9 24 35 45 55 16 14 17 5 
1907000 1907030 1 13 0 -88 -191 -35 -88 -195 -85 -15 105 129 128 25 20 18 10 9 24 35 45 55 16 12 13 5 
1911000 1911081 1 0 0 -15 -133 0 -9 -131 -7 63 123 129 132 25 20 18 10 9 24 35 45 55 16 15 12 5 
1922000 1922099 1 0 0 -53 -139 0 -62 -145 -57 13 86 126 128 25 20 18 10 9 24 35 45 55 16 13 6 5 
1924500 1924612 1 13 0 -25 -125 -5 -25 -127 -23 47 102 123 120 25 20 18 10 9 24 35 45 55 16 6 14 5 
1927500 1927586 1 0 0 19 -90 0 21 -89 22 92 110 123 123 25 20 18 10 9 24 35 45 55 16 16 16 5 
1931500 1931560 1 13 0 -25 -109 -5 -34 -116 -32 38 82 124 124 25 20 18 10 9 24 35 45 55 16 10 15 5 
1939500 1939538 1 0 0 -99 -172 0 -102 -172 -98 -28 71 125 125 25 20 18 10 9 24 35 45 55 16 11 10 5 
1942000 1942053 1 0 0 -105 -178 0 -104 -177 -101 -31 73 126 124 25 20 18 10 9 24 35 45 55 16 11 11 5 
1946500 1946573 1 13 0 -69 -150 -1 -71 -151 -69 1 79 126 127 25 20 18 10 9 24 35 45 55 16 10 12 5 
1953500 1953548 1 0 0 -10 -96 0 -8 -94 -3 67 87 125 126 25 20 18 10 9 24 35 45 55 16 16 16 5 
1958000 1958056 1 0 0 -6 -87 0 -7 -89 -3 67 82 123 125 25 20 18 10 9 24 35 45 55 16 12 13 5 
1960000 1960014 1 13 0 -23 -99 1 -26 -99 -22 48 73 122 123 25 20 18 10 9 24 35 45 55 16 13 12 5 
1964500 1964742 1 0 0 -66 -127 0 -67 -130 -64 6 63 121 120 25 20 18 10 9 24 35 45 55 16 14 12 5 
1972500 1972648 1 0 0 -104 -187 0 -108 -187 -106 -36 79 128 130 25 20 18 10 9 24 35 45 55 16 8 16 5 
2011000 2011071 1 0 0 -61 -172 0 -69 -179 -66 4 110 130 129 25 20 18 10 10 25 35 45 55 16 15 7 5 
2017000 2017114 1 0 0 -61 -150 0 -71 -159 -68 2 86 125 124 25 20 18 10 10 25 35 45 55 16 14 16 5 
2021000 2021016 1 13 0 -11 -131 1 6 -136 8 78 142 122 118 25 20 18 10 10 26 35 45 55 16 5 15 5 
2023000 2023011 1 0 0 13 -107 0 5 -111 8 78 118 121 120 25 20 18 10 10 25 35 45 55 16 15 12 5 
2025500 2025762 1 13 0 12 -90 11 3 -88 4 74 90 119 120 25 20 18 10 10 25 35 45 55 16 7 4 5 
2037000 2037003 1 0 0 -53 -119 0 -61 -122 -58 12 62 110 110 25 20 18 10 10 26 35 45 55 16 14 13 5 
2059000 2059096 1 0 0 -35 -112 0 -36 -115 -33 37 80 114 115 25 20 18 10 10 26 35 45 55 16 14 13 5 
2067000 2067296 1 0 0 -35 -104 0 -42 -106 -39 31 64 114 113 25 20 18 10 10 26 35 45 55 16 5 15 5 
2089500 2089603 1 0 0 -59 -138 0 -65 -142 -64 6 75 125 125 25 20 18 10 10 25 35 45 55 16 16 11 5 
2101500 2101504 1 0 0 -44 -142 0 -52 -145 -49 21 94 128 129 25 20 18 10 10 25 35 45 55 16 13 11 5 
2107000 2107711 1 13 0 18 -98 8 26 -89 27 97 115 126 121 25 20 18 10 10 25 35 45 55 16 9 9 5 
2111000 2111044 1 0 0 49 -71 0 45 -72 46 116 115 121 121 25 20 18 10 10 25 35 45 55 16 16 16 5 
2129500 2129553 1 0 0 -25 -108 0 -32 -111 -29 41 80 123 123 25 20 18 10 10 25 35 45 55 16 13 16 5 
2141000 2141025 1 0 0 -19 -120 0 -20 -122 -19 51 101 125 126 25 20 18 10 10 25 35 45 55 16 12 14 5 
2150000 2150019 1 13 0 27 -96 -3 29 -99 31 101 127 128 128 25 20 18 10 10 25 35 45 55 16 12 14 5 
2154000 2154104 1 0 0 52 -85 0 48 -88 49 119 136 129 129 25 20 18 10 10 25 35 45 55 16 16 17 5 
2160500 2160506 1 0 0 29 -85 0 26 -89 29 99 114 122 122 25 20 18 10 10 25 35 45 55 16 16 16 5 
2162000 2162124 1 13 0 28 -88 14 26 -83 30 100 111 120 120 25 20 18 10 10 25 35 45 55 16 16 7 5 
2168000 2168024 1 0 0 -44 -120 0 -50 -116 -47 23 65 117 121 25 20 18 10 10 25 35 45 55 16 8 10 5 
2171000 2171318 1 13 0 -9 -109 -3 -8 -107 -4 66 99 112 112 25 20 18 10 10 26 35 45 55 16 3 13 5 
2173500 2173614 1 0 0 24 -94 0 8 -96 11 81 104 111 111 25 20 18 10 10 26 35 45 55 16 14 14 5 
2180000 2180041 1 0 0 -19 -111 0 -23 -115 -18 52 92 113 114 25 20 18 10 10 26 35 45 55 16 15 14 5 
2186000 2186090 1 0 0 18 -94 0 22 -93 24 94 115 108 106 25 20 18 10 10 28 35 45 55 16 14 14 5 
2203500 2203617 1 0 0 -4 -104 0 -7 -104 -4 66 96 109 109 25 20 18 10 10 28 35 45 55 16 14 14 5 
2286500 2286737 1 0 0 8 -92 0 5 -98 7 77 101 108 109 25 20 18 10 10 28 35 45 55 16 12 13 5 
2506000 2506074 1 0 0 -20 -107 0 -21 -111 -18 52 90 107 106 25 20 18 10 10 28 35 45 55 16 14 14 5 
2590500 2590556 1 0 0 2 -83 0 -6 -89 -3 67 82 103 102 25 20 18 10 10 28 35 45 55 16 9 11 5 
2735500 2735550 1 0 0 -1 -82 0 -2 -81 0 70 79 113 114 25 20 18 10 10 26 35 45 55 16 12 9 5 
2819500 2819621 1 -1 1 -48 -120 -50 -52 -124 -49 21 73 116 116 25 20 18 10 10 26 35 45 55 16 13 15 5 
3027000 3047260 1 2 1 -268 -306 -279 -84 -176 -83 -13 90 133 121 25 20 18 10 10 25 35 45 55 16 0 13 5 
3054000 3054084 1 -3 1 -33 -150 -45 -43 -152 -41 29 109 112 110 25 20 18 10 10 26 35 45 55 16 15 8 5 
3066000 3066087 1 -1 1 -41 -130 -53 -41 -132 -39 31 89 108 107 25 20 18 10 10 28 35 45 55 16 14 13 5 
3091500 3091760 1 2 1 -123 -167 -137 -136 -171 -133 -63 35 109 111 25 20 18 10 10 26 35 45 55 16 7 14 5 
3157000 3157068 1 -3 1 -34 -125 -50 -36 -128 -33 37 92 97 96 25 20 18 10 10 30 35 45 55 16 12 12 5 
3298000 3298022 1 0 0 22 -74 0 17 -77 20 90 93 103 105 25 20 18 10 10 28 35 45 55 16 3 12 5 
4260000 4260123 1 0 0 31 -52 0 30 -53 34 104 84 93 97 25 20 18 10 12 32 35 45 55 16 12 12 5 
4293500 4293638 1 0 0 33 -59 0 29 -60 33 103 90 107 104 25 20 18 10 12 30 35 45 55 16 11 9 5 
4305000 4305062 1 0 0 -9 -81 0 -15 -91 -11 59 76 114 115 25 20 18 10 12 28 35 45 55 16 11 12 5 
4331000 4331069 1 0 0 -20 -124 0 -18 -124 -17 53 105 115 117 25 20 18 10 12 28 35 45 55 16 15 15 5 
4337500 4337594 1 13 0 43 -79 -8 46 -78 50 120 125 115 118 25 20 18 10 12 28 35 45 55 16 7 12 5 
4343000 4343083 1 0 0 111 -23 0 141 -25 145 215 168 111 109 25 20 18 10 12 30 35 45 55 16 14 12 5 
4346500 4346853 1 13 0 69 -35 -7 78 -41 81 151 119 109 108 25 20 18 10 12 30 35 45 55 16 9 13 5 
4351500 4351746 1 0 0 27 -73 0 15 -73 18 88 88 109 110 25 20 18 10 12 28 35 45 55 16 12 14 5 
4372500 4372501 1 0 0 -32 -113 0 -34 -118 -31 39 83 113 112 25 20 18 10 12 28 35 45 55 16 15 12 5 
4391000 4391020 1 0 0 -34 -111 0 -41 -117 -37 33 77 113 112 25 20 18 10 12 28 35 45 55 16 12 13 5 
4401500 4401719 1 0 0 1 -85 0 -1 -87 3 73 87 114 112 25 20 18 10 12 28 35 45 55 16 11 15 5 
4405500 4405948 1 0 0 29 -63 0 28 -66 31 101 94 113 114 25 20 18 10 12 28 35 45 55 16 11 9 5 
4410500 4410551 1 0 0 4 -94 0 14 -100 17 87 114 110 109 25 20 18 10 12 30 35 45 55 16 13 13 5 
4417500 4417617 1 0 0 -36 -119 0 -41 -122 -38 32 82 116 116 25 20 18 10 12 28 35 45 55 16 15 15 5 
4438000 4438085 1 0 0 -37 -106 0 -40 -112 -38 32 71 113 113 25 20 18 10 12 28 35 45 55 16 10 14 5 
4446000 4446088 1 0 0 21 -82 0 21 -85 24 94 105 105 105 25 20 18 10 12 30 35 45 55 16 14 13 5 
4455500 4455638 1 0 0 -17 -89 0 -23 -92 -20 50 69 106 103 25 20 18 10 12 30 35 45 55 16 14 7 5 
4468500 4468628 1 0 0 -14 -97 0 -16 -102 -13 57 85 105 106 25 20 18 10 12 30 35 45 55 16 14 13 5 
4482500 4482523 1 0 0 -11 -79 0 -24 -86 -20 50 63 103 103 25 20 18 10 12 30 35 45 55 16 13 12 5 
4494500 4494568 1 0 0 -45 -116 0 -51 -121 -46 24 70 112 111 25 20 18 10 11 27 35 45 55 16 13 13 5 
4506000 4506029 1 0 0 2 -98 0 -4 -103 -3 67 99 115 115 25 20 18 10 11 27 35 45 55 16 15 8 5 
4514500 4514657 1 0 0 38 -82 0 35 -84 40 110 119 112 112 25 20 18 10 11 27 35 45 55 16 10 10 5 
4525000 4525164 1 0 0 -8 -88 0 -10 -94 -8 62 84 111 114 25 20 18 10 11 27 35 45 55 16 6 9 5 
4531500 4531621 1 0 0 35 -73 0 38 -72 43 113 112 109 106 25 20 18 10 11 29 35 45 55 16 9 11 5 
4535500 4535575 1 13 0 -7 -97 -18 -24 -107 -22 48 83 111 111 25 20 18 10 11 27 35 45 55 16 7 11 5 
4542500 4542622 1 0 0 -29 -100 0 -32 -100 -29 41 70 114 115 25 20 18 10 11 27 35 45 55 16 5 9 5 
4550000 4550019 1 0 0 3 -101 0 -18 -108 -16 54 88 110 110 25 20 18 10 11 27 35 45 55 16 5 11 5 
4663500 4663541 1 0 0 -5 -98 0 -6 -101 -3 67 94 107 109 25 20 18 10 11 29 35 45 55 16 12 8 5 
4834000 4834314 1 0 0 5 -75 0 -7 -69 -2 68 65 101 101 25 20 18 10 11 29 35 45 55 16 9 10 5 
4884500 4884516 1 0 0 -9 -97 0 -12 -98 -7 63 86 92 91 25 20 18 10 11 31 35 45 55 16 12 11 5 
5032500 5032560 1 0 0 19 -61 0 16 -64 18 88 80 88 84 25 20 18 10 12 32 35 45 55 16 12 11 5 
5235000 5235142 1 0 0 27 -67 0 23 -72 26 96 95 92 94 25 20 18 10 13 33 35 45 55 16 12 12 5 
5267000 5267054 1 0 0 0 -96 0 -2 -97 1 71 94 91 87 25 20 18 10 13 33 35 45 55 16 12 11 5 
5286500 5286579 1 0 0 5 -79 0 -5 -82 -2 68 78 101 101 25 20 18 10 13 31 35 45 55 16 9 12 5 
5296500 5296591 1 0 0 -38 -89 0 -44 -93 -42 28 49 116 116 25 20 18 10 13 29 35 45 55 16 15 15 5 
5306500 5306582 1 13 0 21 -62 -8 19 -61 23 93 81 116 115 25 20 18 10 13 29 35 45 55 16 15 14 5 
5311500 5311534 1 0 0 63 -40 0 67 -39 69 139 105 115 115 25 20 18 10 13 29 35 45 55 16 15 14 5 
5315000 5315037 1 13 0 34 -55 -4 32 -59 35 105 92 117 115 25 20 18 10 13 29 35 45 55 16 12 14 5 
5321000 5321082 1 0 0 -4 -78 0 -10 -81 -6 64 70 122 120 25 20 18 10 13 28 35 45 55 16 16 15 5 
5330000 5330181 1 0 0 22 -97 0 25 -100 27 97 125 137 138 25 20 18 10 13 28 35 45 55 16 14 13 5 
5334000 5334177 1 13 0 -5 -125 17 -16 -125 -13 57 109 142 143 25 20 18 10 13 28 35 45 55 16 12 13 5 
5338000 5338095 1 0 0 -68 -171 0 -79 -181 -75 -5 101 150 152 25 20 18 10 13 28 35 45 55 16 13 5 5 
5342000 5342187 1 13 0 117 -89 16 157 -70 161 231 228 145 143 25 20 18 10 13 28 35 45 55 16 7 17 5 
5345000 5345087 1 0 0 227 -18 0 227 -19 231 301 248 134 135 25 20 18 10 13 28 35 45 55 16 17 16 5 
5350000 5350737 1 13 0 98 -64 16 48 -88 52 122 137 124 125 25 20 18 10 13 28 35 45 55 16 6 15 5 
5352500 5352600 1 0 0 10 -109 0 7 -114 9 79 121 119 117 25 20 18 10 12 28 35 45 55 16 14 14 5 
5371000 5371129 1 0 0 -82 -135 0 -82 -133 -79 -9 51 104 105 25 20 18 10 12 30 35 45 55 16 10 13 5 
5404000 5404051 1 0 0 -77 -125 0 -79 -128 -77 -7 48 91 91 25 20 18 10 10 30 35 45 55 16 12 12 5 
5455000 5455160 1 0 0 -25 -85 0 -26 -87 -24 46 60 85 86 25 20 18 10 11 31 35 45 55 16 11 11 5 
5554000 5554049 1 0 0 2 -62 0 0 -64 2 72 62 83 82 25 20 18 10 12 32 35 45 55 16 11 11 5 
5668000 5668036 1 0 0 27 -47 0 24 -49 27 97 74 86 86 25 20 18 10 13 33 35 45 55 16 11 11 5 
6098500 6098507 1 0 0 2 -53 0 0 -56 3 73 55 76 79 25 20 18 10 13 33 35 45 55 16 10 10 5 
6435000 6435183 1 0 0 1 -51 0 0 -53 3 73 52 77 80 25 20 18 10 13 33 35 45 55 16 10 10 5 
7548000 7548011 1 0 0 15 -53 0 12 -57 15 85 69 80 80 25 20 18 10 13 33 35 45 55 16 10 10 5 
8232000 8232046 1 0 0 3 -48 0 -1 -51 2 72 51 71 70 25 20 18 10 13 33 35 45 55 16 9 9 5 
8349500 8349665 1 0 0 16 -47 0 13 -49 16 86 63 74 74 25 20 18 10 13 33 35 45 55 16 10 9 5 
8732000 8732071 1 0 0 -8 -57 0 -15 -62 -11 59 46 70 70 25 20 18 10 13 33 35 45 55 16 9 9 5 
9329000 9329111 1 0 0 6 -47 0 5 -48 9 79 54 71 71 25 20 18 10 13 33 35 45 55 16 9 9 5 
9997500 9997687 1 0 0 15 -50 0 14 -52 17 87 65 70 69 25 20 18 10 13 33 35 45 55 16 9 9 5 
10044000 10044086 1 0 0 -19 -69 0 -28 -72 -26 44 43 99 100 25 20 18 10 13 31 35 45 55 16 12 13 5 
10052500 10052642 1 0 0 17 -74 0 11 -75 15 85 87 99 100 25 20 18 10 13 31 35 45 55 16 12 13 5 
10066000 10066087 1 0 0 48 -50 0 49 -52 51 121 98 94 96 25 20 18 10 13 33 35 45 55 16 12 12 5 
10073500 10074490 1 0 0 58 -50 0 51 -57 53 123 106 92 97 25 20 18 10 13 33 35 45 55 16 5 4 5 
10085000 10085146 1 0 0 33 -67 0 31 -71 34 104 103 94 92 25 20 18 10 13 33 35 45 55 16 11 11 5 
10100500 10100653 1 0 0 11 -69 0 11 -71 13 83 84 83 83 25 20 18 10 13 33 35 45 55 16 8 10 5 
10135000 10135051 1 0 0 -26 -94 0 -29 -99 -26 44 71 92 93 25 20 18 10 13 33 35 45 55 16 12 12 5 
10149500 10149613 1 0 0 5 -78 0 1 -83 4 74 85 82 81 25 20 18 10 13 33 35 45 55 16 11 10 5 
10285000 10285046 1 0 0 13 -67 0 12 -69 14 84 80 77 77 25 20 18 10 13 33 35 45 55 16 10 10 5 
10589000 10589113 1 0 0 -3 -70 0 -10 -77 -6 64 67 80 82 25 20 18 10 13 33 35 45 55 16 10 10 5 
11038000 11038683 1 0 0 11 -78 0 14 -77 17 87 91 99 99 25 20 18 10 11 31 35 45 55 16 5 8 5 
11664500 11664601 1 0 0 8 -84 0 9 -85 11 81 93 88 86 25 20 18 10 11 31 35 45 55 16 11 10 5 
12573000 12573016 1 0 0 28 -51 0 34 -46 37 107 79 80 80 25 20 18 10 12 32 35 45 55 16 10 10 5 
12707000 12707011 1 0 0 23 -36 0 21 -38 25 95 61 67 68 25 20 18 10 12 32 35 45 55 16 8 8 5 
13120500 13120655 1 0 0 0 -48 0 -3 -51 0 70 47 63 63 25 20 18 10 12 32 35 45 55 16 8 8 5 
14109500 14109608 1 0 0 6 -53 0 6 -51 9 79 57 67 66 25 20 18 10 12 32 35 45 55 16 8 9 5 
14248000 14248065 1 0 0 12 -42 0 10 -43 13 83 52 61 60 25 20 18 10 12 32 35 45 55 16 8 8 5 
14490000 14490163 1 0 0 22 -36 0 19 -41 21 91 59 66 67 25 20 18 10 12 32 35 45 55 16 8 9 5 
14583500 14583728 1 0 0 -8 -52 0 -10 -52 -7 63 42 61 61 25 20 18 10 12 32 35 45 55 16 8 8 5 
15021500 15021610 1 0 0 -5 -50 0 -7 -53 -3 67 48 61 60 25 20 18 10 12 32 35 45 55 16 8 7 5 
16174000 16174139 1 0 0 38 -37 0 33 -35 36 106 69 77 75 25 20 18 10 12 32 35 45 55 16 8 10 5 
16227000 16227053 1 -1 1 -21 -96 -55 -24 -96 -21 49 70 90 88 25 20 18 10 11 31 35 45 55 16 11 11 5 
16426500 16426551 1 2 1 -163 -179 -180 -166 -184 -165 -95 15 90 89 25 20 18 10 10 30 35 45 55 16 12 11 5 
16578500 16578542 1 -3 1 -45 -111 -50 -47 -109 -44 26 62 76 76 25 20 18 10 11 31 35 45 55 16 6 7 5 
16719500 16719583 1 0 0 -7 -64 0 -12 -64 -10 60 52 66 63 25 20 18 10 12 32 35 45 55 16 8 8 5 
17525500 17525602 1 0 0 7 -45 0 5 -49 10 80 53 58 57 25 20 18 10 12 32 35 45 55 16 7 7 5 
18656500 18656727 1 0 0 -11 -53 0 -14 -54 -11 59 39 62 61 25 20 18 10 12 32 35 45 55 16 7 8 5 
