247250 247341 0 0 -1 0 0 0 0 0 0 -57 0 76 78 25 20 18 10 13 33 35 45 55 16 10 10 5 
511750 511825 0 0 0 17 9 0 11 7 14 -37 5 71 72 25 20 18 10 13 33 35 45 55 16 7 7 5 
537750 537750 0 0 0 0 3 0 0 3 1 -50 -4 69 69 25 20 18 10 13 33 35 45 55 16 8 8 5 
548250 549025 0 0 0 39 22 0 30 14 31 -20 15 80 83 25 20 18 10 13 33 35 45 55 16 3 8 5 
560250 560391 0 0 0 27 14 0 25 9 28 -23 17 73 74 25 20 18 10 13 33 35 45 55 16 9 6 5 
580750 580903 0 0 0 43 21 0 43 20 45 -6 23 72 71 25 20 18 10 13 33 35 45 55 16 9 9 5 
625750 625837 0 0 0 27 12 0 25 10 28 -23 17 77 78 25 20 17 10 13 33 35 45 55 16 10 10 5 
672250 672486 0 0 0 -9 -5 0 -14 -7 -13 -64 -9 83 82 25 20 17 10 13 33 35 45 55 16 8 8 5 
708250 708261 0 0 0 2 5 0 2 5 4 -47 -3 86 89 25 20 17 10 13 33 35 45 55 16 7 10 5 
787750 787822 0 -1 1 -52 -21 -55 -57 -23 -57 -108 -34 96 97 25 20 17 10 12 32 35 45 55 16 11 10 5 
914250 914364 0 2 1 -216 -181 -219 -232 -201 -230 -281 -30 104 103 25 20 17 10 13 31 35 45 55 16 13 12 5 
1417250 1417332 0 -3 1 -42 -50 -49 -40 -48 -37 -88 9 87 87 25 20 17 10 13 33 35 45 55 16 9 10 5 
1758250 1758289 0 0 0 9 -4 0 7 -6 9 -42 13 83 81 25 20 17 10 13 33 35 45 55 16 11 10 5 
2521750 2521881 0 0 0 34 16 0 29 13 32 -19 17 69 70 25 20 17 10 13 33 35 45 55 16 9 9 5 
2787750 2787903 0 0 0 27 17 0 29 19 30 -21 9 61 56 25 20 17 10 13 33 35 45 55 16 7 8 5 
3219250 3219358 0 0 0 -2 1 0 0 1 1 -50 -3 72 75 25 20 17 10 13 33 35 45 55 16 9 9 5 
3326250 3326388 0 0 0 10 18 0 11 16 12 -39 -6 82 82 25 20 17 10 13 33 35 45 55 16 11 3 5 
3539750 3539909 0 0 0 40 28 0 36 24 38 -13 12 80 81 25 20 17 10 13 33 35 45 55 16 8 9 5 
3755250 3755281 0 0 0 10 -5 0 11 -6 15 -36 19 73 72 25 20 17 10 13 33 35 45 55 16 9 9 5 
3883250 3883367 0 0 0 20 13 0 19 12 20 -31 4 70 70 25 20 17 10 13 33 35 45 55 16 9 9 5 
3961750 3961914 0 0 0 16 14 0 13 12 16 -35 1 69 70 25 20 17 10 13 33 35 45 55 16 8 9 5 
4025250 4025261 0 0 0 30 14 0 30 13 31 -20 17 88 88 25 20 17 10 13 33 35 45 55 16 7 8 5 
4175250 4175284 0 0 0 43 35 0 43 36 45 -6 8 81 82 25 20 17 10 13 33 35 45 55 16 10 9 5 
4242750 4242812 0 0 0 28 15 0 28 16 29 -22 11 71 71 25 20 17 10 13 33 35 45 55 16 6 8 5 
4602750 4602834 0 0 0 30 19 0 28 16 31 -20 12 72 71 25 20 17 10 13 33 35 45 55 16 9 9 5 
5007750 5007781 0 0 0 17 11 0 12 10 14 -37 1 73 72 25 20 17 10 13 33 35 45 55 16 8 5 5 
5176750 5176921 0 0 0 -1 5 0 -4 4 -3 -54 -9 68 68 25 20 17 10 13 33 35 45 55 16 6 7 5 
5231250 5231329 0 0 0 -4 8 0 -9 5 -7 -58 -14 67 66 25 20 17 10 13 33 35 45 55 16 9 8 5 
5313750 5313809 0 0 0 -6 2 0 -5 0 -4 -55 -6 68 70 25 20 17 10 13 33 35 45 55 16 9 6 5 
5581750 5581900 0 0 0 -2 -2 0 -2 -4 1 -50 3 69 70 25 20 17 10 13 33 35 45 55 16 7 9 5 
5720750 5720933 0 0 0 -1 3 0 0 1 2 -49 -1 67 65 25 20 17 10 13 33 35 45 55 16 7 8 5 
5746750 5746993 0 0 0 2 8 0 -1 8 1 -50 -9 65 59 25 20 17 10 13 33 35 45 55 16 8 6 5 
5845750 5845921 0 0 0 23 30 0 23 28 24 -27 -5 79 78 25 20 17 10 13 33 35 45 55 16 9 7 5 
5872250 5872263 0 0 0 1 8 0 -2 6 0 -51 -9 76 75 25 20 17 10 13 33 35 45 55 16 9 7 5 
6033750 6033837 0 0 0 13 6 0 11 3 14 -37 7 68 69 25 20 17 10 13 33 35 45 55 16 8 7 5 
6232250 6232351 0 0 0 53 51 0 48 46 51 0 3 75 75 25 20 17 10 13 33 35 45 55 16 8 10 5 
6501250 6501721 0 -1 1 -3 16 -51 -2 18 -1 -52 -20 78 79 25 20 17 10 13 33 35 45 55 16 5 1 5 
6631250 6631418 0 2 1 -58 -30 -104 -54 -27 -51 -102 -28 85 84 25 20 17 10 13 33 35 45 55 16 8 4 5 
6682750 6682863 0 -3 1 -4 11 -49 -5 7 -3 -54 -12 76 77 25 20 17 10 13 33 35 45 55 16 2 1 5 
6830250 6830347 0 0 0 43 35 0 44 34 46 -5 9 70 69 25 20 17 10 13 33 35 45 55 16 9 9 5 
7389250 7389437 0 0 0 14 14 0 11 12 12 -39 -1 67 68 25 20 17 10 13 33 35 45 55 16 8 9 5 
7439750 7439833 0 0 0 16 17 0 12 15 15 -36 -3 67 68 25 20 17 10 13 33 35 45 55 16 8 9 5 
7486750 7486797 0 0 0 -2 6 0 -6 3 -3 -54 -9 76 76 25 20 17 10 13 33 35 45 55 16 7 10 5 
7576750 7576906 0 0 0 -25 -20 0 -26 -21 -23 -74 -4 78 77 25 20 17 10 13 33 35 45 55 16 10 10 5 
7760250 7760412 0 0 0 -10 -6 0 -10 -7 -10 -61 -4 73 72 25 20 17 10 13 33 35 45 55 16 9 9 5 
7934750 7934914 0 0 0 1 1 0 2 1 4 -47 1 71 71 25 20 17 10 13 33 35 45 55 16 9 9 5 
8109250 8109445 0 0 0 0 -4 0 1 -4 2 -49 5 71 71 25 20 17 10 13 33 35 45 55 16 9 9 5 
8832750 8832792 0 0 0 -9 -1 0 -10 -2 -7 -58 -7 86 84 25 20 17 10 13 33 35 45 55 16 8 10 5 
9161750 9163438 0 -1 1 -61 -56 -51 -121 -103 -119 -170 -19 84 86 25 20 17 10 13 33 35 45 55 16 0 6 5 
9171750 9171989 0 2 1 -157 -129 -148 -169 -138 -166 -217 -32 88 88 25 20 17 10 13 33 35 45 55 16 9 8 5 
9176750 9176873 0 -3 1 -53 -38 -43 -45 -30 -44 -95 -14 92 93 25 20 17 10 13 33 35 45 55 16 10 7 5 
9613250 9613356 0 0 0 -11 -3 0 -12 -8 -9 -60 -4 83 83 25 20 17 10 12 32 35 45 55 16 7 10 5 
9746250 9746296 0 0 0 13 3 0 11 1 13 -38 10 67 66 25 20 17 10 14 34 35 45 55 16 8 8 5 
9830250 9830275 0 0 0 16 12 0 16 10 18 -33 5 67 66 25 20 17 10 14 34 35 45 55 16 8 8 5 
10447250 10447437 0 0 0 19 22 0 14 21 16 -35 -8 67 65 25 20 17 10 13 33 35 45 55 16 8 8 5 
10820750 10820839 0 0 0 27 20 0 31 19 34 -17 12 72 70 25 20 17 10 13 33 35 45 55 16 9 8 5 
10856250 10856410 0 0 0 3 16 0 3 17 6 -45 -12 66 64 25 20 17 10 13 33 35 45 55 16 8 8 5 
11328750 11328795 0 0 0 1 11 0 -1 9 2 -49 -11 61 60 25 20 17 10 13 33 35 45 55 16 8 8 5 
11861250 11861321 0 0 0 23 26 0 20 24 23 -28 -5 61 62 25 20 17 10 13 33 35 45 55 16 8 8 5 
12957750 12957872 0 0 0 16 15 0 20 17 23 -28 5 62 64 25 20 17 10 14 34 35 45 55 16 8 8 5 
13670750 13670844 0 0 0 16 21 0 18 21 19 -32 -4 63 62 25 20 17 10 14 34 35 45 55 16 8 8 5 
13944250 13944398 0 0 0 2 13 0 1 12 3 -48 -11 60 61 25 20 17 10 14 34 35 45 55 16 7 7 5 
14848250 14848456 0 0 0 13 19 0 11 18 15 -36 -6 63 64 25 20 17 10 14 34 35 45 55 16 8 8 5 
14959750 14959829 0 0 0 10 17 0 7 15 10 -41 -8 64 64 25 20 17 10 14 34 35 45 55 16 8 8 5 
15074750 15074845 0 0 0 -25 -6 0 -27 -7 -25 -76 -20 62 63 25 20 17 10 15 35 35 45 55 16 8 8 5 
16051750 16051888 0 0 0 -33 -8 0 -35 -8 -33 -84 -28 61 62 25 20 17 10 16 36 35 45 55 16 6 8 5 
16119250 16119272 0 0 0 2 15 0 3 18 6 -45 -15 71 70 25 20 17 10 14 34 35 45 55 16 9 9 5 
17291250 17291281 0 0 0 -6 16 0 -10 15 -7 -58 -25 77 77 25 20 17 10 13 33 35 45 55 16 10 10 5 
17767250 17767264 0 0 0 3 6 0 4 5 7 -44 1 76 77 25 20 17 10 13 33 35 45 55 16 10 10 5 
17853250 17853383 0 -1 1 -51 -41 -54 -47 -40 -45 -96 -7 92 91 25 20 17 10 13 33 35 45 55 16 8 8 5 
17944250 17944287 0 2 1 -92 -44 -94 -100 -47 -99 -150 -54 81 80 25 20 17 10 13 33 35 45 55 16 10 10 5 
17983750 17983840 0 -3 1 -48 -28 -49 -42 -24 -41 -92 -18 87 88 25 20 17 10 13 33 35 45 55 16 10 9 5 
18200750 18200849 0 -1 1 -54 -36 -54 -65 -44 -61 -112 -19 98 99 25 20 17 10 13 33 35 45 55 16 12 11 5 
18242750 18243004 0 2 1 -108 -82 -108 -110 -88 -108 -159 -20 98 96 25 20 17 10 13 33 35 45 55 16 10 12 5 
18308250 18308265 0 -3 1 -49 -41 -49 -49 -41 -45 -96 -8 81 80 25 20 17 10 13 33 35 45 55 16 10 10 5 
18549250 18549304 0 0 0 -2 -8 0 -1 -9 1 -50 7 74 72 25 20 17 10 13 33 35 45 55 16 9 9 5 
18913250 18913422 0 0 0 11 4 0 10 3 13 -38 7 66 66 25 20 17 10 13 33 35 45 55 16 9 8 5 
19195750 19195869 0 0 0 -5 2 0 -6 -1 -3 -54 -4 61 61 25 20 17 10 12 32 35 45 55 16 7 8 5 
19306750 19306803 0 -1 1 -60 -45 -56 -59 -43 -57 -108 -17 84 83 25 20 17 10 14 34 35 45 55 16 11 11 5 
19317750 19317881 0 2 1 -129 -109 -125 -127 -107 -124 -175 -19 87 88 25 20 17 10 15 35 35 45 55 16 11 9 5 
19327750 19327883 0 -3 1 -51 -53 -47 -49 -50 -47 -98 -1 87 87 25 20 17 10 14 34 35 45 55 16 9 8 5 
19393250 19393552 0 -1 1 -57 -43 -53 -58 -46 -56 -107 -12 92 96 25 20 17 10 12 32 35 45 55 16 5 12 5 
19715250 19715254 0 2 1 -289 -266 -287 -291 -271 -290 -341 -21 111 111 25 20 18 10 14 30 35 45 55 16 13 14 5 
19946250 19946402 0 -3 1 -47 -56 -47 -54 -65 -51 -102 11 89 91 25 20 17 10 12 32 35 45 55 16 6 7 5 
20120250 20120264 0 0 0 1 -7 0 2 -9 4 -47 11 91 90 25 20 17 10 12 32 35 45 55 16 11 9 5 
20137250 20137395 0 -1 1 -49 -47 -50 -54 -51 -54 -105 -4 101 101 25 20 17 10 12 30 35 45 55 16 6 5 5 
20226750 20226857 0 2 1 -142 -137 -143 -141 -136 -139 -190 -6 109 110 25 20 17 10 13 29 35 45 55 16 10 10 5 
247250 247341 1 0 -1 0 0 0 0 0 0 91 0 76 78 25 20 18 10 13 33 35 45 55 16 10 10 5 
507750 507807 1 0 0 -4 -13 0 -7 -15 -6 89 8 70 70 25 20 18 10 13 33 35 45 55 16 9 7 5 
539250 539283 1 0 0 -11 -22 0 -11 -23 -10 85 13 68 68 25 20 18 10 13 33 35 45 55 16 9 4 5 
571750 571838 1 0 0 -30 -36 0 -30 -36 -31 64 6 72 71 25 20 18 10 13 33 35 45 55 16 9 9 5 
587750 587945 1 0 0 -34 -41 0 -35 -42 -35 60 6 73 71 25 20 18 10 13 33 35 45 55 16 9 9 5 
620250 620323 1 0 0 -35 -41 0 -36 -41 -37 58 3 74 74 25 20 17 10 13 33 35 45 55 16 9 9 5 
669250 669405 1 0 0 -1 -14 0 -2 -16 -2 93 14 82 85 25 20 17 10 13 33 35 45 55 16 9 10 5 
1758250 1758289 1 0 0 9 -5 0 8 -6 8 103 13 83 81 25 20 17 10 13 33 35 45 55 16 11 10 5 
2506750 2506934 1 0 0 24 10 0 21 9 21 116 12 69 72 25 20 17 10 13 33 35 45 55 16 9 9 5 
2793250 2793483 1 0 0 19 4 0 17 3 17 112 14 63 62 25 20 17 10 13 33 35 45 55 16 7 8 5 
3224750 3224880 1 0 0 -11 -21 0 -9 -18 -9 86 9 73 70 25 20 17 10 13 33 35 45 55 16 9 8 5 
3326250 3326388 1 0 0 -2 -11 0 -3 -14 -5 90 9 82 82 25 20 17 10 13 33 35 45 55 16 11 3 5 
3528250 3528272 1 0 0 46 25 0 42 20 43 138 22 79 81 25 20 17 10 13 33 35 45 55 16 8 8 5 
3766750 3766923 1 0 0 -8 -14 0 -9 -15 -8 87 7 68 66 25 20 17 10 13 33 35 45 55 16 9 9 5 
3884750 3884862 1 0 0 -1 -7 0 -3 -6 -3 92 4 71 70 25 20 17 10 13 33 35 45 55 16 9 9 5 
3961750 3961914 1 0 0 41 22 0 41 22 41 136 20 69 70 25 20 17 10 13 33 35 45 55 16 8 9 5 
4027250 4027495 1 0 0 45 18 0 47 19 47 142 28 87 84 25 20 17 10 13 33 35 45 55 16 8 7 5 
4177250 4177295 1 0 0 45 22 0 45 23 45 140 23 81 82 25 20 17 10 13 33 35 45 55 16 9 7 5 
4244750 4244906 1 0 0 54 30 0 54 29 56 151 25 72 71 25 20 17 10 13 33 35 45 55 16 8 9 5 
4612250 4612432 1 0 0 32 8 0 31 7 31 126 24 72 72 25 20 17 10 13 33 35 45 55 16 9 8 5 
5020750 5020884 1 0 0 25 -1 0 22 -4 22 117 26 73 72 25 20 17 10 13 33 35 45 55 16 7 7 5 
5182250 5182393 1 0 0 -3 -16 0 0 -15 1 96 16 68 69 25 20 17 10 13 33 35 45 55 16 5 9 5 
5234750 5234750 1 0 0 37 20 0 34 17 34 129 16 67 67 25 20 17 10 13 33 35 45 55 16 8 9 5 
5330750 5331172 1 0 0 48 27 0 47 28 47 142 19 70 70 25 20 17 10 13 33 35 45 55 16 7 9 5 
5583250 5583420 1 0 0 26 6 0 25 5 26 121 20 69 71 25 20 17 10 13 33 35 45 55 16 9 9 5 
5731750 5731939 1 0 0 3 -3 0 2 -1 2 97 1 67 67 25 20 17 10 13 33 35 45 55 16 9 8 5 
5757750 5757966 1 0 0 24 11 0 26 13 27 122 14 83 84 25 20 17 10 13 33 35 45 55 16 6 8 5 
5851750 5851868 1 0 0 56 37 0 59 39 59 154 19 76 75 25 20 17 10 13 33 35 45 55 16 8 5 5 
5872250 5872263 1 0 0 32 12 0 30 11 31 126 19 76 75 25 20 17 10 13 33 35 45 55 16 9 7 5 
5893250 5893285 1 0 0 -11 -13 0 -13 -14 -14 81 0 74 74 25 20 17 10 12 32 35 45 55 16 6 9 5 
6031750 6031825 1 0 0 -1 -12 0 -2 -13 -1 94 11 68 66 25 20 17 10 13 33 35 45 55 16 5 8 5 
6196750 6197108 1 0 0 46 24 0 42 22 43 138 21 78 78 25 20 17 10 13 33 35 45 55 16 7 6 5 
6221250 6221291 1 0 0 42 23 0 45 25 45 140 19 77 77 25 20 17 10 13 33 35 45 55 16 8 8 5 
6648250 6648691 1 0 0 56 34 0 55 33 55 150 23 83 83 25 20 17 10 13 33 35 45 55 16 9 5 5 
6809750 6809897 1 0 0 -2 -16 0 -3 -16 0 95 15 72 73 25 20 17 10 13 33 35 45 55 16 9 9 5 
7387250 7387395 1 0 0 24 2 0 23 1 23 118 21 66 65 25 20 17 10 13 33 35 45 55 16 8 8 5 
7439750 7439833 1 0 0 28 12 0 23 10 23 118 13 67 68 25 20 17 10 13 33 35 45 55 16 8 9 5 
7458750 7458894 1 13 0 -21 -35 -21 -20 -35 -20 75 15 95 95 25 20 17 10 13 33 35 45 55 16 8 9 5 
7480750 7480893 1 0 0 -33 -40 0 -39 -45 -38 57 7 75 70 25 20 17 10 13 33 35 45 55 16 9 8 5 
7503750 7504377 1 0 0 -20 -31 0 -22 -35 -22 73 14 80 79 25 20 17 10 13 33 35 45 55 16 6 10 5 
7518750 7519007 1 13 0 -21 -22 -28 -26 -27 -26 69 0 75 74 25 20 17 10 13 33 35 45 55 16 6 8 5 
7544750 7544869 1 0 0 54 34 0 51 32 51 146 19 72 68 25 20 17 10 13 33 35 45 55 16 7 8 5 
7602750 7602797 1 0 0 49 29 0 49 31 48 143 18 76 77 25 20 17 10 13 33 35 45 55 16 10 10 5 
7734250 7734424 1 0 0 31 6 0 31 6 32 127 25 75 75 25 20 17 10 13 33 35 45 55 16 9 10 5 
7944250 7944371 1 0 0 42 26 0 42 26 42 137 16 74 74 25 20 17 10 13 33 35 45 55 16 9 9 5 
8125750 8125927 1 0 0 41 15 0 42 15 42 137 26 71 70 25 20 17 10 13 33 35 45 55 16 9 9 5 
8763250 8763323 1 0 0 28 15 0 29 15 30 125 14 71 68 25 20 17 10 13 33 35 45 55 16 9 9 5 
9616750 9616801 1 0 0 2 -6 0 0 -7 0 95 6 81 79 25 20 17 10 12 32 35 45 55 16 6 6 5 
9748250 9748345 1 0 0 -34 -33 0 -33 -32 -31 64 0 66 66 25 20 17 10 14 34 35 45 55 16 8 8 5 
9824750 9824866 1 0 0 -33 -36 0 -34 -35 -35 60 1 66 65 25 20 17 10 14 34 35 45 55 16 8 8 5 
10398750 10398864 1 0 0 -33 -39 0 -33 -40 -34 61 7 67 66 25 20 17 10 13 33 35 45 55 16 9 8 5 
10811250 10811366 1 0 0 -31 -34 0 -31 -34 -30 65 2 70 70 25 20 17 10 13 33 35 45 55 16 9 9 5 
10871250 10871302 1 0 0 -29 -38 0 -32 -41 -31 64 8 66 67 25 20 17 10 13 33 35 45 55 16 8 8 5 
11330750 11330770 1 0 0 -53 -58 0 -54 -58 -54 41 4 62 61 25 20 17 10 13 33 35 45 55 16 8 8 5 
11853750 11853802 1 0 0 -42 -43 0 -43 -44 -44 51 0 63 61 25 20 17 10 13 33 35 45 55 16 8 8 5 
12931750 12931983 1 0 0 -35 -36 0 -36 -36 -36 59 0 63 63 25 20 17 10 14 34 35 45 55 16 8 8 5 
13679750 13679929 1 0 0 -30 -30 0 -29 -29 -27 68 1 62 62 25 20 17 10 14 34 35 45 55 16 8 8 5 
13933250 13933475 1 0 0 -34 -34 0 -34 -34 -34 61 1 60 60 25 20 17 10 14 34 35 45 55 16 8 8 5 
14819750 14819793 1 0 0 -32 -35 0 -33 -35 -33 62 1 64 66 25 20 17 10 14 34 35 45 55 16 8 8 5 
14979250 14979281 1 0 0 -25 -28 0 -21 -26 -21 74 5 64 63 25 20 17 10 14 34 35 45 55 16 8 8 5 
15069250 15069321 1 0 0 -26 -27 0 -25 -26 -23 72 1 63 63 25 20 17 10 15 35 35 45 55 16 8 8 5 
16074250 16074273 1 0 0 -35 -47 0 -36 -47 -35 60 11 60 61 25 20 17 10 16 36 35 45 55 16 7 8 5 
16122750 16122928 1 0 0 -23 -26 0 -24 -25 -24 71 1 69 71 25 20 17 10 14 34 35 45 55 16 9 8 5 
16231750 16231943 1 0 0 0 -6 0 0 -7 1 96 7 78 75 25 20 17 10 14 34 35 45 55 16 6 10 5 
17285750 17285780 1 0 0 64 38 0 60 35 59 154 24 77 76 25 20 17 10 13 33 35 45 55 16 9 10 5 
17769250 17769449 1 0 0 61 35 0 61 35 62 157 26 75 76 25 20 17 10 13 33 35 45 55 16 10 10 5 
18556750 18556847 1 0 0 49 26 0 48 24 49 144 23 73 72 25 20 17 10 13 33 35 45 55 16 9 9 5 
18918250 18918284 1 0 0 34 17 0 32 15 33 128 17 64 66 25 20 17 10 13 33 35 45 55 16 8 8 5 
19175250 19175298 1 0 0 4 -12 0 5 -12 6 101 18 62 63 25 20 17 10 12 32 35 45 55 16 8 8 5 
20124250 20124864 1 0 0 13 1 0 17 7 18 113 12 92 93 25 20 17 10 12 32 35 45 55 16 5 5 5 
