46000 46042 0 0 -1 0 0 0 0 0 0 42 0 61 60 25 20 21 10 11 31 35 45 55 16 7 5 5 
245500 245723 0 0 0 -2 28 0 3 33 4 60 -23 60 63 25 20 20 10 11 31 35 45 55 16 8 8 5 
594500 594715 0 0 0 1 13 0 4 17 5 61 -12 59 58 25 20 18 10 10 30 35 45 55 16 6 6 5 
667500 667840 0 0 0 0 7 0 4 12 4 60 -8 74 74 25 20 18 10 10 30 35 45 55 16 4 3 5 
802500 804310 0 0 0 -53 -50 0 -46 -56 -46 10 9 82 82 25 20 18 10 10 30 35 45 55 16 1 2 5 
2197500 2198659 0 0 0 -32 -26 0 -41 -29 -41 15 -11 74 75 25 20 18 10 10 30 35 45 55 16 1 2 5 
2332500 2332547 0 0 0 -52 -35 0 -44 -28 -43 13 -15 68 69 25 20 18 10 10 30 35 45 55 16 4 4 5 
2760000 2760384 0 0 0 -48 -44 0 -40 -37 -39 17 -2 80 84 25 20 18 10 10 30 35 45 55 16 5 5 5 
2898500 2898805 0 0 0 -97 -84 0 -97 -83 -95 -39 -13 79 74 25 20 18 10 10 30 35 45 55 16 9 9 5 
2985000 2985339 0 0 0 -105 -85 0 -102 -80 -101 -45 -21 78 77 25 20 18 10 10 30 35 45 55 16 8 10 5 
3343000 3343090 0 0 0 -100 -94 0 -93 -94 -91 -35 1 78 79 25 20 18 10 10 30 35 45 55 16 4 2 5 
3363000 3363121 0 0 0 -89 -76 0 -86 -75 -86 -30 -13 83 83 25 20 18 10 10 30 35 45 55 16 11 5 5 
3547500 3547609 0 0 0 -115 -102 0 -112 -100 -112 -56 -12 87 87 25 20 18 10 10 30 35 45 55 16 11 11 5 
3579500 3579666 0 0 0 -108 -100 0 -104 -97 -104 -48 -8 81 83 25 20 18 10 10 30 35 45 55 16 11 10 5 
3768000 3768045 0 0 0 -67 -61 0 -64 -59 -63 -7 -5 73 71 25 20 18 10 10 30 35 45 55 16 7 5 5 
3830500 3831102 0 0 0 -64 -59 0 -60 -57 -60 -4 -4 72 72 25 20 18 10 10 30 35 45 55 16 6 5 5 
3960000 3960146 0 0 0 -66 -65 0 -62 -63 -62 -6 2 75 72 25 20 18 10 10 30 35 45 55 16 6 3 5 
4768000 4768092 0 0 0 -81 -74 0 -79 -73 -77 -21 -7 74 71 25 20 18 10 10 30 35 45 55 16 6 7 5 
4839500 4839576 0 0 0 -51 -44 0 -46 -41 -46 10 -6 75 72 25 20 18 10 10 30 35 45 55 16 1 3 5 
4987500 4987616 0 0 0 -64 -61 0 -61 -60 -61 -5 -1 82 82 25 20 18 10 10 30 35 45 55 16 9 8 5 
5415000 5415272 0 0 0 -47 -57 0 -42 -57 -42 14 15 79 81 25 20 18 10 10 30 35 45 55 16 3 3 5 
5756000 5756195 0 0 0 -33 -38 0 -30 -35 -30 26 5 71 71 25 20 18 10 10 30 35 45 55 16 4 4 5 
6292500 6294136 0 0 0 -42 -59 0 -39 -55 -39 17 16 73 75 25 20 18 10 10 30 35 45 55 16 0 3 5 
6714500 6714769 0 0 0 -50 -47 0 -48 -45 -46 10 -3 73 72 25 20 18 10 10 30 35 45 55 16 2 4 5 
7530000 7530453 0 0 0 -19 -15 0 -18 -11 -18 38 -7 65 66 25 20 18 10 10 30 35 45 55 16 4 1 5 
7597500 7597621 0 0 0 -27 -35 0 -22 -27 -21 35 4 67 69 25 20 18 10 10 30 35 45 55 16 6 3 5 
7777500 7777992 0 0 0 -98 -99 0 -112 -115 -112 -56 2 84 88 25 20 18 10 10 30 35 45 55 16 3 4 5 
7980000 7980565 0 0 0 -60 -58 0 -59 -53 -58 -2 -5 78 76 25 20 18 10 10 30 35 45 55 16 1 2 5 
8561000 8561121 0 0 0 -46 -52 0 -43 -49 -35 21 8 70 70 25 20 21 10 11 31 35 45 55 16 0 2 5 
9446000 9446206 0 -1 1 -99 -94 -51 -100 -93 -100 -44 -6 83 86 25 20 18 10 10 30 35 45 55 16 8 6 5 
9889000 9889046 0 2 1 -228 -232 -180 -237 -241 -235 -179 5 107 109 25 20 18 10 10 28 35 45 55 16 10 5 5 
10412000 10412275 0 -3 1 -91 -96 -43 -73 -75 -72 -16 3 91 91 25 20 18 10 10 30 35 45 55 16 2 3 5 
10422000 10422034 0 -1 1 -99 -109 -51 -90 -106 -90 -34 14 94 97 25 20 18 10 10 30 35 45 55 16 12 8 5 
10649000 10649108 0 2 1 -421 -365 -373 -417 -361 -422 -366 -50 117 115 25 20 18 10 10 26 35 45 55 16 15 15 5 
11290500 11290527 0 -3 1 -98 -109 -49 -94 -106 -89 -33 20 95 98 25 20 18 10 10 30 35 45 55 16 7 12 5 
11501500 11501822 0 0 0 -49 -64 0 -45 -64 -41 15 24 86 86 25 20 18 10 10 30 35 45 55 16 2 2 5 
11940000 11941367 0 0 0 -18 -36 0 -8 -31 -2 54 23 84 83 25 20 20 10 11 31 35 45 55 16 1 6 5 
13533500 13533628 0 0 0 -7 -21 0 -4 -18 -1 55 19 73 77 25 20 18 10 10 30 35 45 55 16 2 3 5 
13860000 13860053 0 0 0 -13 -6 0 -9 -3 -5 51 2 67 65 25 20 18 10 10 30 35 45 55 16 1 3 5 
14021000 14021492 0 0 0 -29 -12 0 -25 -8 -24 32 -24 60 59 25 20 18 10 10 30 35 45 55 16 3 2 5 
14122500 14122507 0 0 0 -30 -12 0 -28 -10 -30 26 -29 58 56 25 20 18 10 10 30 35 45 55 16 7 6 5 
14279000 14279141 0 0 0 -20 1 0 -17 3 -18 38 -32 59 58 25 20 18 10 10 30 35 45 55 16 7 7 5 
14385000 14385034 0 0 0 -13 13 0 -11 16 -11 45 -28 58 58 25 20 18 10 11 31 35 45 55 16 7 7 5 
14778500 14778505 0 0 0 2 31 0 5 33 6 62 -27 59 56 25 20 18 10 11 31 35 45 55 16 7 7 5 
15116500 15116567 0 0 0 -25 -7 0 -21 -3 -20 36 -18 59 58 25 20 18 10 11 31 35 45 55 16 7 7 5 
15393500 15393507 0 0 0 -12 4 0 -11 7 -8 48 -16 60 58 25 20 18 10 11 31 35 45 55 16 7 8 5 
16053000 16053140 0 0 0 -6 15 0 -1 20 -1 55 -21 60 59 25 20 18 10 11 31 35 45 55 16 7 8 5 
16710000 16710119 0 0 0 -13 11 0 -10 13 -9 47 -23 63 63 25 20 18 10 11 31 35 45 55 16 8 7 5 
17643500 17643517 0 0 0 -8 15 0 -6 16 -4 52 -22 58 58 25 20 18 10 11 31 35 45 55 16 7 7 5 
17909000 17909143 0 0 0 -21 12 0 -18 15 -19 37 -34 58 60 25 20 18 10 11 31 35 45 55 16 6 7 5 
18442500 18442520 0 0 0 -28 -12 0 -25 -10 -22 34 -14 64 65 25 20 18 10 11 31 35 45 55 16 8 7 5 
18727500 18727728 0 0 0 -20 -4 0 -16 -2 -15 41 -14 62 63 25 20 18 10 11 31 35 45 55 16 7 7 5 
18847500 18847733 0 0 0 1 10 0 5 16 5 61 -11 60 59 25 20 18 10 11 31 35 45 55 16 6 7 5 
19016000 19016253 0 0 0 17 26 0 22 33 24 80 -10 60 58 25 20 18 10 11 31 35 45 55 16 7 6 5 
19408000 19408150 0 0 0 20 35 0 22 38 23 79 -15 58 59 25 20 18 10 11 31 35 45 55 16 7 7 5 
19927500 19927739 0 0 0 7 27 0 9 29 11 67 -20 60 58 25 20 18 10 11 31 35 45 55 16 7 7 5 
20220000 20220122 0 0 0 -22 4 0 -19 8 -17 39 -15 65 68 25 20 18 10 11 31 35 45 55 16 7 7 5 
20816000 20816109 0 0 0 2 37 0 4 38 6 62 -16 66 66 25 20 18 10 11 31 35 45 55 16 9 8 5 
20904500 20904571 0 0 0 7 32 0 12 35 11 67 -10 71 77 25 20 18 10 11 31 35 45 55 16 9 9 5 
21322500 21322502 0 0 0 17 22 0 19 22 23 79 9 67 66 25 20 18 10 11 31 35 45 55 16 8 8 5 
36500 36601 1 0 -1 0 0 0 0 0 0 13 0 61 63 25 20 21 10 11 31 35 45 55 16 6 2 5 
240000 240115 1 0 0 -4 2 0 -4 1 -7 22 -6 58 59 25 20 20 10 11 31 35 45 55 16 7 7 5 
594500 594715 1 0 0 9 11 0 10 12 7 36 -2 59 58 25 20 18 10 10 30 35 45 55 16 6 6 5 
667500 667840 1 0 0 0 -3 0 3 0 -1 28 2 74 74 25 20 18 10 10 30 35 45 55 16 4 3 5 
847500 847862 1 0 0 -40 -30 0 -55 -37 -57 -28 -18 75 74 25 20 18 10 10 30 35 45 55 16 0 0 5 
2208500 2208834 1 0 0 -19 -38 0 -17 -36 -19 10 20 76 79 25 20 18 10 10 30 35 45 55 16 5 3 5 
2342000 2345518 1 0 0 -38 -35 0 -39 -33 -40 -11 -5 72 70 25 20 18 10 10 30 35 45 55 16 0 1 5 
2737500 2737724 1 0 0 -40 -37 0 -46 -42 -47 -18 -4 75 74 25 20 18 10 10 30 35 45 55 16 5 2 5 
2917500 2918031 1 0 0 -64 -50 0 -50 -40 -52 -23 -9 83 81 25 20 18 10 10 30 35 45 55 16 0 1 5 
2992500 2992839 1 0 0 -78 -57 0 -79 -60 -81 -52 -17 77 76 25 20 18 10 10 30 35 45 55 16 7 8 5 
3547500 3547609 1 0 0 -90 -68 0 -91 -69 -93 -64 -23 87 87 25 20 18 10 10 30 35 45 55 16 11 11 5 
3592500 3592651 1 0 0 -88 -72 0 -86 -69 -88 -59 -18 86 89 25 20 18 10 10 30 35 45 55 16 10 8 5 
3772500 3773080 1 0 0 -41 -38 0 -38 -35 -39 -10 -3 75 74 25 20 18 10 10 30 35 45 55 16 5 7 5 
3849500 3849773 1 0 0 -41 -39 0 -39 -39 -41 -12 2 79 79 25 20 18 10 10 30 35 45 55 16 7 2 5 
3954500 3954667 1 0 0 -41 -42 0 -44 -45 -46 -17 1 76 73 25 20 18 10 10 30 35 45 55 16 4 5 5 
4766000 4766008 1 0 0 -61 -57 0 -66 -64 -67 -38 -3 73 73 25 20 18 10 10 30 35 45 55 16 7 6 5 
4852500 4852683 1 0 0 -25 -33 0 -30 -36 -32 -3 6 73 76 25 20 18 10 10 30 35 45 55 16 1 3 5 
4985500 4985616 1 0 0 -46 -50 0 -44 -49 -47 -18 6 81 83 25 20 18 10 10 30 35 45 55 16 8 9 5 
5379500 5379773 1 0 0 -54 -40 0 -51 -40 -54 -25 -11 79 80 25 20 18 10 10 30 35 45 55 16 2 3 5 
5754500 5754729 1 0 0 -28 -37 0 -31 -37 -33 -4 5 71 70 25 20 18 10 10 30 35 45 55 16 3 3 5 
6285000 6286238 1 0 0 -34 -48 0 -47 -53 -51 -22 4 74 72 25 20 18 10 10 30 35 45 55 16 0 2 5 
6731000 6731437 1 0 0 -36 -45 0 -39 -48 -40 -11 9 74 73 25 20 18 10 10 30 35 45 55 16 3 4 5 
7533500 7533934 1 0 0 -10 -12 0 -11 -15 -12 17 5 65 62 25 20 18 10 10 30 35 45 55 16 4 3 5 
7597500 7597621 1 0 0 -3 -13 0 -1 -10 -3 26 9 67 69 25 20 18 10 10 30 35 45 55 16 6 3 5 
7755000 7755032 1 0 0 -47 -47 0 -43 -44 -45 -16 1 80 80 25 20 18 10 10 30 35 45 55 16 7 5 5 
7985500 7985500 1 0 0 -30 -36 0 -24 -33 -24 5 10 75 70 25 20 18 10 10 30 35 45 55 16 5 5 5 
8546000 8546360 1 0 0 -21 -28 0 -22 -31 -24 5 9 67 67 25 20 21 10 11 31 35 45 55 16 3 2 5 
9450500 9450612 1 -1 1 -73 -78 -50 -78 -81 -80 -51 2 91 92 25 20 18 10 10 30 35 45 55 16 11 10 5 
9877500 9877868 1 2 1 -172 -164 -148 -185 -181 -187 -158 -4 106 109 25 20 18 10 10 28 35 45 55 16 6 8 5 
10322000 10322154 1 -3 1 -74 -81 -49 -77 -83 -79 -50 6 95 95 25 20 18 10 10 30 35 45 55 16 9 10 5 
10424000 10424064 1 -1 1 -76 -81 -51 -75 -83 -78 -49 7 97 97 25 20 18 10 10 30 35 45 55 16 8 11 5 
10698000 10698045 1 2 1 -373 -317 -347 -376 -321 -379 -350 -55 117 116 25 20 18 10 10 26 35 45 55 16 15 14 5 
11286500 11286591 1 -3 1 -75 -87 -48 -77 -88 -80 -51 10 98 98 25 20 18 10 10 30 35 45 55 16 9 10 5 
11497500 11497623 1 0 0 -27 -39 0 -26 -36 -28 1 10 86 85 25 20 18 10 10 30 35 45 55 16 5 3 5 
11973500 11973836 1 0 0 3 -18 0 0 -20 -2 27 20 85 85 25 20 21 10 11 31 35 45 55 16 4 7 5 
13539500 13539612 1 0 0 6 -19 0 9 -17 6 35 25 73 79 25 20 18 10 10 30 35 45 55 16 8 1 5 
13871000 13871180 1 0 0 -5 -14 0 -7 -16 -10 19 9 66 64 25 20 18 10 10 30 35 45 55 16 5 1 5 
14028500 14028719 1 0 0 -23 -15 0 -25 -16 -27 2 -8 59 59 25 20 18 10 10 30 35 45 55 16 5 5 5 
14130000 14130019 1 0 0 -33 -21 0 -34 -21 -37 -8 -13 60 59 25 20 18 10 10 30 35 45 55 16 8 7 5 
14295000 14295300 1 0 0 -25 -14 0 -27 -16 -29 0 -11 59 60 25 20 18 10 10 30 35 45 55 16 6 7 5 
14390500 14390690 1 0 0 -27 -16 0 -28 -18 -29 0 -10 58 59 25 20 18 10 11 31 35 45 55 16 7 7 5 
14820000 14820208 1 0 0 -10 2 0 -10 2 -12 17 -12 58 57 25 20 18 10 11 31 35 45 55 16 7 7 5 
15418000 15418023 1 0 0 1 10 0 1 11 -1 28 -10 61 62 25 20 18 10 11 31 35 45 55 16 8 8 5 
16159000 16159253 1 0 0 -9 -5 0 -8 -4 -11 18 -4 60 59 25 20 18 10 11 31 35 45 55 16 7 8 5 
16732500 16733000 1 0 0 0 4 0 1 5 0 29 -4 61 59 25 20 18 10 11 31 35 45 55 16 5 8 5 
17660500 17660619 1 0 0 -10 1 0 -11 1 -14 15 -12 60 60 25 20 18 10 11 31 35 45 55 16 7 7 5 
18075000 18075115 1 0 0 -14 -3 0 -14 -5 -18 11 -9 58 59 25 20 18 10 11 31 35 45 55 16 7 7 5 
18442500 18442520 1 0 0 -13 1 0 -14 0 -18 11 -14 64 65 25 20 18 10 11 31 35 45 55 16 8 7 5 
18720000 18720161 1 0 0 -7 -7 0 -8 -8 -8 21 2 62 61 25 20 18 10 11 31 35 45 55 16 6 7 5 
18806000 18806151 1 0 0 -7 -4 0 -7 -4 -11 18 -5 60 59 25 20 18 10 11 31 35 45 55 16 5 8 5 
19012500 19012739 1 0 0 2 4 0 2 2 -2 27 0 60 61 25 20 18 10 11 31 35 45 55 16 8 7 5 
19395000 19395254 1 0 0 7 8 0 4 6 1 30 -2 58 56 25 20 18 10 11 31 35 45 55 16 7 7 5 
19873000 19873157 1 0 0 4 4 0 4 4 2 31 0 63 63 25 20 18 10 11 31 35 45 55 16 8 8 5 
20201000 20201021 1 0 0 -5 -3 0 -7 -3 -10 19 -4 66 65 25 20 18 10 11 31 35 45 55 16 7 7 5 
20827500 20827522 1 0 0 2 13 0 1 11 -2 27 -10 64 62 25 20 18 10 11 31 35 45 55 16 8 8 5 
20940000 20940189 1 0 0 24 7 0 24 5 23 52 18 73 72 25 20 18 10 11 31 35 45 55 16 8 8 5 
21340000 21340204 1 0 0 18 4 0 13 0 11 40 13 62 63 25 20 18 10 11 31 35 45 55 16 8 7 5 
