87250 87268 0 0 -1 0 0 0 0 0 0 -26 0 68 68 25 20 17 10 12 32 35 45 55 16 9 8 5 
145250 145393 0 0 0 -6 14 0 -3 17 -2 -36 -19 64 67 25 20 17 10 12 32 35 45 55 16 8 8 5 
308750 308887 0 -1 1 -55 -39 -50 -59 -41 -56 -90 -14 101 103 25 20 17 10 13 31 35 45 55 16 13 13 5 
327250 327255 0 2 1 -121 -114 -117 -125 -119 -125 -159 -6 106 105 25 20 17 10 13 31 35 45 55 16 14 13 5 
337750 337872 0 -3 1 -52 -73 -47 -51 -73 -50 -84 23 97 99 25 20 17 10 13 33 35 45 55 16 13 13 5 
678750 678776 0 0 0 -2 28 0 -4 27 -9 -43 -30 61 60 25 20 17 10 12 32 35 45 55 16 8 7 5 
964750 964913 0 0 0 -2 22 0 -5 20 -8 -42 -24 70 67 25 20 17 10 12 32 35 45 55 16 9 9 5 
1371750 1371842 0 0 0 -2 9 0 -3 6 0 -34 -9 82 83 25 20 17 10 13 33 35 45 55 16 8 10 5 
1889250 1889293 0 0 0 0 11 0 -1 10 0 -34 -9 69 68 25 20 18 10 14 34 35 45 55 16 9 9 5 
2451750 2451954 0 0 0 38 61 0 37 60 34 0 -23 64 64 25 20 18 10 14 34 35 45 55 16 8 8 5 
2520750 2520839 0 0 0 57 77 0 60 78 60 26 -19 67 64 25 20 18 10 14 34 35 45 55 16 9 8 5 
2531250 2531324 0 13 0 -13 21 -11 -14 17 -18 -52 -29 73 77 25 20 18 10 14 34 35 45 55 16 5 9 5 
2539750 2539807 0 0 0 -50 8 0 -45 12 -54 -88 -59 71 76 25 20 18 10 14 34 35 45 55 16 9 9 5 
2547250 2547251 0 0 0 -74 -8 0 -75 -11 -85 -119 -65 68 68 25 20 18 10 14 34 35 45 55 16 8 9 5 
2654250 2654476 0 0 0 -123 -43 0 -124 -45 -134 -168 -80 62 60 25 20 18 10 14 34 35 45 55 16 8 8 5 
2880750 2880801 0 0 0 -126 -48 0 -128 -50 -138 -172 -78 68 67 25 20 18 10 14 34 35 45 55 16 9 9 5 
2907250 2907430 0 0 0 -100 -22 0 -99 -22 -108 -142 -77 66 65 25 20 18 10 14 34 35 45 55 16 8 9 5 
2919250 2919271 0 0 0 -54 16 0 -55 14 -60 -94 -70 73 71 25 20 18 10 14 34 35 45 55 16 9 9 5 
2935250 2935310 0 0 0 -60 7 0 -60 6 -68 -102 -67 70 72 25 20 18 10 14 34 35 45 55 16 9 9 5 
2963250 2963395 0 0 0 -78 -6 0 -79 -8 -82 -116 -70 64 61 25 20 18 10 14 34 35 45 55 16 7 8 5 
2969750 2969831 0 0 0 -97 -26 0 -99 -30 -108 -142 -69 66 67 25 20 18 10 14 34 35 45 55 16 8 8 5 
2981250 2981567 0 13 0 -50 14 -2 -47 15 -53 -87 -61 68 70 25 20 18 10 14 34 35 45 55 16 7 9 5 
2989750 2989820 0 0 0 -12 41 0 -10 43 -17 -51 -54 64 64 25 20 18 10 14 34 35 45 55 16 8 8 5 
3094750 3094758 0 0 0 0 49 0 1 49 -7 -41 -48 64 69 25 20 17 10 14 34 35 45 55 16 8 8 5 
3327250 3327252 0 0 0 5 19 0 5 20 2 -32 -14 66 65 25 20 17 10 14 34 35 45 55 16 8 8 5 
3567250 3567311 0 0 0 4 23 0 -1 18 -6 -40 -19 70 71 25 20 17 10 14 34 35 45 55 16 9 9 5 
3595250 3595429 0 0 0 -34 8 0 -38 7 -44 -78 -45 57 57 25 20 17 10 14 34 35 45 55 16 7 7 5 
3629750 3629873 0 0 0 -23 17 0 -26 14 -34 -68 -39 63 66 25 20 17 10 14 34 35 45 55 16 8 8 5 
3833250 3833354 0 0 0 -22 31 0 -24 31 -32 -66 -56 58 59 25 20 17 10 14 34 35 45 55 16 7 7 5 
3840750 3840939 0 13 0 3 47 -6 2 44 -6 -40 -42 64 68 25 20 17 10 14 34 35 45 55 16 8 8 5 
3846750 3846772 0 0 0 33 62 0 29 60 23 -11 -32 61 59 25 20 17 10 14 34 35 45 55 16 8 7 5 
3915750 3915832 0 0 0 12 46 0 12 46 6 -28 -35 60 61 25 20 17 10 14 34 35 45 55 16 7 8 5 
3919750 3919882 0 13 0 -28 16 -16 -37 9 -45 -79 -46 67 72 25 20 17 10 14 34 35 45 55 16 6 8 5 
3932750 3932806 0 0 0 -91 -23 0 -92 -24 -97 -131 -68 56 55 25 20 18 10 14 34 35 45 55 16 7 7 5 
4034750 4034919 0 0 0 -85 -12 0 -88 -15 -94 -128 -72 58 57 25 20 18 10 14 34 35 45 55 16 7 7 5 
4365750 4365824 0 0 0 -92 -14 0 -94 -15 -103 -137 -80 58 60 25 20 18 10 14 34 35 45 55 16 7 7 5 
4378250 4378269 0 13 0 -1 56 50 6 60 5 -29 -54 76 80 25 20 18 10 14 34 35 45 55 16 8 5 5 
4394250 4394512 0 0 0 2 46 0 -1 45 -4 -38 -46 55 54 25 20 18 10 14 34 35 45 55 16 7 7 5 
4632250 4632376 0 0 0 11 49 0 10 48 7 -27 -40 56 57 25 20 18 10 14 34 35 45 55 16 7 7 5 
4643250 4643493 0 13 0 -15 33 7 -22 26 -25 -59 -48 74 78 25 20 18 10 14 34 35 45 55 16 6 10 5 
4660250 4660461 0 0 0 -73 -5 0 -74 -6 -78 -112 -68 61 61 25 20 18 10 14 34 35 45 55 16 8 7 5 
4712750 4712929 0 0 0 -67 1 0 -66 3 -70 -104 -68 64 69 25 20 18 10 14 34 35 45 55 16 8 9 5 
4720250 4720312 0 13 0 -1 48 32 1 49 -3 -37 -48 63 63 25 20 18 10 14 34 35 45 55 16 7 8 5 
4729750 4729770 0 0 0 13 51 0 11 49 9 -25 -39 57 56 25 20 18 10 14 34 35 45 55 16 7 7 5 
4827250 4827313 0 0 0 21 55 0 21 55 18 -16 -35 59 59 25 20 18 10 14 34 35 45 55 16 7 7 5 
5442250 5442465 0 0 0 -1 35 0 -5 33 -6 -40 -39 63 64 25 20 18 10 14 34 35 45 55 16 8 8 5 
5672750 5672839 0 0 0 -4 41 0 -4 39 -6 -40 -42 70 69 25 20 18 10 14 34 35 45 55 16 9 9 5 
5689750 5689847 0 0 0 21 54 0 20 53 18 -16 -35 72 70 25 20 18 10 14 34 35 45 55 16 9 9 5 
5821750 5821809 0 0 0 17 51 0 12 49 10 -24 -37 68 68 25 20 18 10 14 34 35 45 55 16 8 9 5 
5825750 5825902 0 13 0 1 37 4 2 36 -5 -39 -34 81 83 25 20 18 10 14 34 35 45 55 16 10 10 5 
5834250 5834462 0 0 0 -45 13 0 -44 13 -51 -85 -57 69 67 25 20 18 10 14 34 35 45 55 16 9 9 5 
6220250 6220281 0 0 0 -46 5 0 -48 4 -54 -88 -53 75 74 25 20 18 10 14 34 35 45 55 16 9 9 5 
6231750 6231754 0 13 0 -103 -48 -19 -114 -57 -124 -158 -56 89 90 25 20 18 10 14 34 35 45 55 16 8 12 5 
6239750 6239927 0 0 0 -109 -51 0 -108 -51 -112 -146 -57 76 75 25 20 18 10 14 34 35 45 55 16 9 10 5 
6259750 6259895 0 0 0 -112 -48 0 -117 -52 -122 -156 -65 72 71 25 20 18 10 14 34 35 45 55 16 9 9 5 
6265250 6265525 0 13 0 -43 -8 38 -44 -9 -46 -80 -34 82 86 25 20 18 10 14 34 35 45 55 16 8 11 5 
6279250 6279266 0 0 0 -1 18 0 1 20 0 -34 -19 77 80 25 20 18 10 14 34 35 45 55 16 10 10 5 
6343250 6343328 0 -1 1 -54 -41 -52 -55 -43 -53 -87 -11 92 93 25 20 18 10 14 34 35 45 55 16 11 12 5 
6352250 6352327 0 2 1 -86 -65 -84 -88 -67 -87 -121 -22 92 93 25 20 18 10 14 34 35 45 55 16 12 11 5 
6370750 6370851 0 -3 1 -52 -41 -50 -54 -44 -55 -89 -11 82 83 25 20 18 10 14 34 35 45 55 16 11 10 5 
6433250 6433300 0 0 0 -4 7 0 -6 5 -6 -40 -12 73 73 25 20 18 10 14 34 35 45 55 16 10 9 5 
6552250 6552316 0 0 0 0 24 0 1 24 0 -34 -24 68 70 25 20 18 10 14 34 35 45 55 16 9 9 5 
6696250 6696292 0 -1 1 -53 -19 -51 -59 -25 -59 -93 -34 84 80 25 20 17 10 14 34 35 45 55 16 11 9 5 
6744250 6744255 0 2 1 -154 -105 -152 -157 -113 -153 -187 -44 94 95 25 20 17 10 14 34 35 45 55 16 10 6 5 
6785750 6785893 0 -3 1 -52 -31 -50 -56 -34 -57 -91 -25 84 86 25 20 17 10 14 34 35 45 55 16 11 11 5 
6974250 6974279 0 -1 1 -57 -24 -53 -60 -25 -62 -96 -33 83 84 25 20 18 10 14 34 35 45 55 16 10 11 5 
7003250 7003342 0 2 1 -110 -69 -106 -112 -72 -110 -144 -40 81 83 25 20 19 10 14 34 35 45 55 16 11 10 5 
7061750 7061782 0 -3 1 -54 -24 -49 -54 -25 -50 -84 -29 79 81 25 20 19 10 14 34 35 45 55 16 10 10 5 
7212250 7212308 0 0 0 -7 19 0 -7 19 -4 -38 -25 70 70 25 20 19 10 14 34 35 45 55 16 9 9 5 
7610750 7610884 0 0 0 -4 22 0 -5 21 -1 -35 -27 75 74 25 20 19 10 14 34 35 45 55 16 9 9 5 
7895750 7895857 0 0 0 -2 25 0 -3 24 1 -33 -26 71 70 25 20 19 10 14 34 35 45 55 16 9 9 5 
8474250 8474300 0 0 0 -2 18 0 -3 16 -1 -35 -18 73 71 25 20 19 10 14 34 35 45 55 16 9 9 5 
8699250 8699376 0 -1 1 -58 -20 -53 -60 -21 -55 -89 -39 86 85 25 20 19 10 14 34 35 45 55 16 11 11 5 
8750250 8750381 0 2 1 -242 -183 -236 -244 -186 -240 -274 -58 103 102 25 20 18 10 14 32 35 45 55 16 13 13 5 
8892750 8892864 0 -3 1 -57 -27 -49 -55 -29 -54 -88 -27 82 82 25 20 18 10 14 34 35 45 55 16 10 10 5 
8973250 8973364 0 -1 1 -64 -36 -55 -66 -39 -62 -96 -24 88 87 25 20 18 10 14 34 35 45 55 16 11 12 5 
8979750 8979881 0 2 1 -123 -82 -114 -128 -86 -130 -164 -41 94 92 25 20 18 10 14 34 35 45 55 16 11 10 5 
9058750 9058893 0 -3 1 -59 -31 -49 -63 -33 -61 -95 -30 87 87 25 20 18 10 14 34 35 45 55 16 10 11 5 
9195750 9195909 0 0 0 -12 24 0 -12 24 -12 -46 -36 68 69 25 20 18 10 14 34 35 45 55 16 9 9 5 
9428250 9428411 0 0 0 -14 26 0 -11 27 -7 -41 -38 65 61 25 20 19 10 14 34 35 45 55 16 8 8 5 
9434750 9434935 0 13 0 -79 -34 -15 -91 -43 -90 -124 -48 76 79 25 20 19 10 14 34 35 45 55 16 7 10 5 
9445250 9445357 0 0 0 -145 -67 0 -145 -65 -144 -178 -81 63 61 25 20 19 10 14 34 35 45 55 16 8 8 5 
9857750 9857919 0 0 0 -154 -76 0 -154 -75 -153 -187 -79 60 58 25 20 20 10 14 34 35 45 55 16 8 7 5 
10379250 10379416 0 0 0 -139 -65 0 -139 -67 -137 -171 -73 62 61 25 20 20 10 13 33 35 45 55 16 8 8 5 
10434250 10434298 0 0 0 -135 -60 0 -138 -61 -134 -168 -76 63 61 25 20 20 10 13 33 35 45 55 16 8 8 5 
10447750 10447975 0 13 0 -112 -33 -53 -119 -36 -114 -148 -83 71 63 25 20 20 10 13 33 35 45 55 16 8 9 5 
10454750 10454865 0 0 0 -20 29 0 -19 28 -15 -49 -47 72 77 25 20 20 10 13 33 35 45 55 16 10 8 5 
10475750 10475903 0 0 0 -3 43 0 -4 42 0 -34 -44 68 66 25 20 20 10 13 33 35 45 55 16 8 9 5 
10610250 10610374 0 0 0 1 45 0 0 46 4 -30 -46 65 62 25 20 20 10 13 33 35 45 55 16 8 8 5 
10615250 10615352 0 13 0 -62 -9 -23 -68 -15 -62 -96 -51 81 89 25 20 20 10 13 33 35 45 55 16 9 11 5 
10621750 10621855 0 0 0 -93 -24 0 -96 -26 -94 -128 -70 64 62 25 20 20 10 13 33 35 45 55 16 8 8 5 
10657250 10657323 0 0 0 -97 -31 0 -98 -33 -94 -128 -64 67 69 25 20 20 10 13 33 35 45 55 16 9 9 5 
10689250 10689388 0 0 0 -128 -57 0 -127 -57 -124 -158 -70 61 63 25 20 20 10 13 33 35 45 55 16 8 8 5 
10726750 10726889 0 0 0 -114 -50 0 -114 -50 -113 -147 -65 60 59 25 20 20 10 13 33 35 45 55 16 8 7 5 
10787750 10787791 0 0 0 -114 -47 0 -116 -49 -112 -146 -66 61 59 25 20 20 10 13 33 35 45 55 16 8 8 5 
10795750 10795931 0 13 0 -47 10 -4 -44 12 -40 -74 -55 74 75 25 20 20 10 13 33 35 45 55 16 9 10 5 
10800750 10800752 0 0 0 2 52 0 1 51 5 -29 -51 68 61 25 20 20 10 13 33 35 45 55 16 9 8 5 
10847750 10847939 0 0 0 9 55 0 10 55 12 -22 -47 66 59 25 20 20 10 13 33 35 45 55 16 8 9 5 
10851750 10851884 0 13 0 -36 15 -6 -41 11 -39 -73 -53 79 83 25 20 20 10 13 33 35 45 55 16 9 11 5 
10855750 10855808 0 0 0 -70 -10 0 -72 -12 -69 -103 -60 69 63 25 20 20 10 13 33 35 45 55 16 9 8 5 
10918250 10918381 0 0 0 -75 -12 0 -77 -13 -74 -108 -63 63 61 25 20 20 10 13 33 35 45 55 16 8 8 5 
10949750 10949829 0 0 0 -107 -38 0 -112 -41 -110 -144 -72 60 60 25 20 20 10 13 33 35 45 55 16 7 7 5 
11021250 11021337 0 0 0 -75 -19 0 -78 -22 -74 -108 -56 58 58 25 20 20 10 13 33 35 45 55 16 7 7 5 
11125250 11125250 0 0 0 -71 -15 0 -69 -17 -66 -100 -52 59 58 25 20 20 10 13 33 35 45 55 16 7 7 5 
11132250 11132400 0 13 0 -16 27 9 -17 28 -13 -47 -44 73 80 25 20 20 10 13 33 35 45 55 16 9 10 5 
11137250 11137272 0 0 0 8 51 0 6 51 10 -24 -44 66 68 25 20 20 10 13 33 35 45 55 16 8 9 5 
11158250 11158275 0 0 0 -5 44 0 -6 44 -2 -36 -49 61 61 25 20 20 10 13 33 35 45 55 16 8 8 5 
11363250 11363373 0 0 0 -1 48 0 1 50 4 -30 -51 62 61 25 20 20 10 13 33 35 45 55 16 8 8 5 
11613750 11613902 0 0 0 -4 36 0 -5 35 0 -34 -39 63 58 25 20 20 10 13 33 35 45 55 16 8 8 5 
11645750 11645879 0 0 0 22 49 0 18 45 22 -12 -27 64 60 25 20 20 10 13 33 35 45 55 16 8 8 5 
12017750 12017933 0 0 0 18 54 0 18 52 21 -13 -34 61 58 25 20 20 10 13 33 35 45 55 16 8 8 5 
12213750 12213974 0 0 0 -5 40 0 -6 40 -2 -36 -46 62 61 25 20 20 10 13 33 35 45 55 16 8 8 5 
12639250 12639373 0 0 0 -7 37 0 -11 35 -7 -41 -47 60 62 25 20 20 10 13 33 35 45 55 16 7 8 5 
12792250 12792384 0 0 0 2 46 0 -3 43 -2 -36 -47 66 71 25 20 20 10 13 33 35 45 55 16 8 9 5 
12798250 12798290 0 13 0 -43 15 -3 -47 12 -43 -77 -58 73 78 25 20 20 10 13 33 35 45 55 16 8 9 5 
12802250 12802353 0 0 0 -68 8 0 -69 6 -66 -100 -73 62 65 25 20 20 10 13 33 35 45 55 16 8 8 5 
12851250 12851413 0 0 0 -53 13 0 -54 12 -52 -86 -65 59 58 25 20 20 10 12 32 35 45 55 16 7 7 5 
12867250 12867280 0 0 0 -100 -28 0 -100 -29 -97 -131 -71 60 60 25 20 20 10 12 32 35 45 55 16 7 8 5 
12922250 12922468 0 0 0 -68 -17 0 -67 -16 -65 -99 -51 59 60 25 20 20 10 12 32 35 45 55 16 7 7 5 
13347250 13347451 0 0 0 -93 -25 0 -96 -27 -93 -127 -68 59 59 25 20 20 10 12 32 35 45 55 16 7 7 5 
13356750 13356760 0 0 0 -47 20 0 -51 18 -48 -82 -68 84 91 25 20 20 10 13 33 35 45 55 16 11 10 5 
13381750 13381839 0 0 0 -57 13 0 -59 12 -56 -90 -71 67 63 25 20 20 10 13 33 35 45 55 16 8 9 5 
13389250 13389376 0 0 0 -93 -25 0 -94 -28 -90 -124 -67 67 64 25 20 20 10 13 33 35 45 55 16 8 8 5 
13473750 13473865 0 0 0 -77 -8 0 -77 -9 -74 -108 -68 76 79 25 20 20 10 13 33 35 45 55 16 10 10 5 
13479250 13479427 0 13 0 -43 24 5 -36 28 -33 -67 -64 80 80 25 20 20 10 13 33 35 45 55 16 9 10 5 
13485750 13485870 0 0 0 -13 37 0 -14 37 -10 -44 -50 75 71 25 20 20 10 13 33 35 45 55 16 10 9 5 
13527250 13527309 0 0 0 -28 33 0 -30 32 -26 -60 -63 73 72 25 20 20 10 13 33 35 45 55 16 9 9 5 
13532750 13532821 0 13 0 -86 -25 -10 -86 -26 -83 -117 -59 79 82 25 20 20 10 13 33 35 45 55 16 8 11 5 
13539250 13539352 0 0 0 -132 -55 0 -134 -58 -132 -166 -78 73 78 25 20 20 10 13 33 35 45 55 16 9 9 5 
13569250 13569429 0 0 0 -127 -50 0 -129 -52 -126 -160 -78 74 74 25 20 20 10 13 33 35 45 55 16 9 9 5 
13582250 13582434 0 0 0 -92 -20 0 -91 -21 -87 -121 -71 73 74 25 20 20 10 13 33 35 45 55 16 9 9 5 
13677250 13677334 0 0 0 -94 -18 0 -95 -18 -94 -128 -78 69 70 25 20 20 10 13 33 35 45 55 16 9 9 5 
13683750 13683823 0 13 0 -34 14 11 -33 16 -26 -60 -48 79 79 25 20 20 10 13 33 35 45 55 16 8 10 5 
13688250 13688445 0 0 0 -11 35 0 -15 33 -12 -46 -50 74 70 25 20 20 10 13 33 35 45 55 16 9 9 5 
13713750 13713866 0 0 0 -12 28 0 -14 27 -9 -43 -40 69 67 25 20 20 10 13 33 35 45 55 16 9 9 5 
13791750 13791931 0 0 0 -8 34 0 -10 35 -6 -40 -45 73 72 25 20 20 10 13 33 35 45 55 16 9 10 5 
13866750 13866971 0 0 0 0 34 0 -1 34 2 -32 -36 68 69 25 20 20 10 13 33 35 45 55 16 9 9 5 
14015750 14015830 0 0 0 4 33 0 1 31 6 -28 -30 67 69 25 20 20 10 13 33 35 45 55 16 8 9 5 
14133750 14133860 0 0 0 -1 28 0 -1 29 2 -32 -30 64 64 25 20 20 10 13 33 35 45 55 16 8 8 5 
15029750 15029777 0 0 0 -6 15 0 -7 13 -1 -35 -20 73 73 25 20 20 10 13 33 35 45 55 16 9 9 5 
15324250 15324430 0 0 0 -9 17 0 -13 15 -11 -45 -29 71 74 25 20 20 10 13 33 35 45 55 16 9 9 5 
15536250 15536458 0 0 0 -7 26 0 -8 24 -2 -36 -32 60 59 25 20 20 10 13 33 35 45 55 16 7 8 5 
15703250 15703435 0 0 0 -4 33 0 -6 33 -3 -37 -40 60 61 25 20 20 10 13 33 35 45 55 16 7 6 5 
15710750 15710816 0 0 0 -35 24 0 -37 21 -35 -69 -60 65 63 25 20 20 10 13 33 35 45 55 16 9 8 5 
15734250 15734378 0 0 0 -51 8 0 -51 8 -48 -82 -58 60 65 25 20 20 10 13 33 35 45 55 16 8 7 5 
15737250 15737677 0 13 0 -17 25 14 -10 30 -6 -40 -39 65 66 25 20 20 10 13 33 35 45 55 16 6 10 5 
15743250 15743407 0 0 0 8 38 0 4 35 9 -25 -31 71 71 25 20 20 10 13 33 35 45 55 16 9 9 5 
15908250 15908350 0 0 0 7 34 0 7 32 11 -23 -24 65 64 25 20 20 10 13 33 35 45 55 16 7 8 5 
16316250 16316474 0 0 0 -6 24 0 -7 22 -4 -38 -29 64 63 25 20 20 10 13 33 35 45 55 16 8 8 5 
16439750 16439896 0 0 0 -6 26 0 -7 24 -2 -36 -30 63 63 25 20 20 10 13 33 35 45 55 16 8 8 5 
16500750 16500802 0 0 0 -4 19 0 -4 19 -1 -35 -23 65 68 25 20 20 10 13 33 35 45 55 16 8 9 5 
16547250 16547332 0 0 0 -10 40 0 -14 40 -12 -46 -55 76 74 25 20 20 10 13 33 35 45 55 16 10 8 5 
16554250 16554424 0 13 0 -36 25 16 -32 27 -30 -64 -59 80 70 25 20 20 10 13 33 35 45 55 16 8 10 5 
16559750 16559892 0 0 0 -86 -11 0 -84 -11 -82 -116 -74 69 62 25 20 20 10 13 33 35 45 55 16 9 8 5 
16575750 16575865 0 0 0 -106 -32 0 -102 -30 -99 -133 -72 58 57 25 20 20 10 13 33 35 45 55 16 7 7 5 
16799750 16799951 0 0 0 -119 -26 0 -122 -30 -120 -154 -92 61 63 25 20 20 10 13 33 35 45 55 16 8 7 5 
16830750 16830907 0 0 0 -166 -80 0 -171 -84 -166 -200 -87 59 58 25 20 20 10 13 33 35 45 55 16 7 8 5 
16835750 16835961 0 13 0 -108 -20 0 -103 -15 -99 -133 -87 68 70 25 20 20 10 13 33 35 45 55 16 8 9 5 
16839250 16839290 0 0 0 -68 12 0 -72 8 -69 -103 -80 69 66 25 20 20 10 13 33 35 45 55 16 9 8 5 
16869250 16869323 0 0 0 -67 15 0 -74 8 -69 -103 -83 66 66 25 20 20 10 13 33 35 45 55 16 8 8 5 
16872250 16872257 0 13 0 -41 35 8 -43 35 -38 -72 -78 70 75 25 20 20 10 13 33 35 45 55 16 8 8 5 
16877750 16877797 0 0 0 -13 48 0 -15 46 -11 -45 -62 69 68 25 20 20 10 13 33 35 45 55 16 9 9 5 
17010750 17010791 0 0 0 -36 11 0 -37 9 -30 -64 -45 71 74 25 20 20 10 13 33 35 45 55 16 9 9 5 
17291250 17291326 0 -1 1 -91 -89 -60 -99 -88 -94 -128 -11 98 99 25 20 20 10 13 33 35 45 55 16 10 12 5 
17341250 17341303 0 2 1 -157 -167 -127 -152 -163 -146 -180 12 100 101 25 20 20 10 13 31 35 45 55 16 12 11 5 
17357750 17357871 0 -3 1 -78 -121 -49 -69 -114 -61 -95 46 96 96 25 20 20 10 13 33 35 45 55 16 12 12 5 
17378250 17378382 0 0 0 -29 -53 0 -26 -52 -20 -54 25 80 82 25 20 20 10 13 33 35 45 55 16 10 10 5 
17486250 17486383 0 0 0 -26 1 0 -24 0 -19 -53 -23 65 67 25 20 20 10 13 33 35 45 55 16 8 8 5 
18263250 18263361 0 0 0 -27 5 0 -31 2 -25 -59 -33 71 71 25 20 20 10 13 33 35 45 55 16 9 9 5 
18599750 18599905 0 0 0 -1 21 0 5 22 11 -23 -17 66 68 25 20 20 10 13 33 35 45 55 16 8 8 5 
18622250 18622283 0 0 0 13 32 0 8 28 12 -22 -20 64 61 25 20 20 10 13 33 35 45 55 16 8 8 5 
18705250 18705406 0 -1 1 -43 -23 -50 -37 -20 -31 -65 -18 96 96 25 20 20 10 13 33 35 45 55 16 12 11 5 
18714250 18714285 0 2 1 -83 -69 -89 -85 -65 -81 -115 -20 99 99 25 20 20 10 13 33 35 45 55 16 13 13 5 
18723250 18723282 0 -3 1 -37 -55 -43 -36 -56 -30 -64 21 92 93 25 20 20 10 13 33 35 45 55 16 12 12 5 
18732750 18732872 0 -1 1 -46 -38 -50 -43 -35 -40 -74 -8 95 93 25 20 20 10 13 33 35 45 55 16 12 10 5 
18746750 18746795 0 2 1 -111 -89 -114 -113 -91 -106 -140 -21 99 99 25 20 20 10 13 33 35 45 55 16 13 13 5 
18761250 18761319 0 -3 1 -44 -53 -47 -36 -48 -30 -64 11 92 93 25 20 20 10 13 33 35 45 55 16 12 12 5 
18861750 18861921 0 0 0 -6 14 0 -8 12 -4 -38 -21 72 72 25 20 20 10 13 33 35 45 55 16 9 9 5 
18935750 18935775 0 0 0 -3 12 0 -6 10 1 -33 -15 71 71 25 20 20 10 13 33 35 45 55 16 9 9 5 
19203750 19203784 0 0 0 -10 16 0 -13 14 -9 -43 -27 67 67 25 20 19 10 13 33 35 45 55 16 8 8 5 
19315250 19315258 0 0 0 3 16 0 -2 11 2 -32 -13 69 68 25 20 19 10 13 33 35 45 55 16 9 9 5 
19783250 19783335 0 0 0 0 23 0 0 22 6 -28 -22 71 70 25 20 19 10 13 33 35 45 55 16 8 6 5 
20243250 20243319 0 0 0 7 26 0 4 23 7 -27 -19 71 71 25 20 19 10 13 33 35 45 55 16 9 9 5 
87250 87268 1 0 -1 0 0 0 0 0 0 147 0 68 68 25 20 17 10 12 32 35 45 55 16 9 8 5 
138750 138909 1 0 0 -16 -111 0 -20 -115 -19 117 96 67 68 25 20 17 10 12 32 35 45 55 16 9 8 5 
222250 222376 1 -1 7 36 -104 50 36 -106 38 174 142 78 77 25 20 17 10 12 32 35 45 55 16 10 10 5 
269750 269782 1 2 7 74 -84 87 75 -86 76 212 160 80 79 25 20 17 10 12 32 35 45 55 16 10 10 5 
283250 283296 1 -3 7 35 -92 49 34 -91 35 171 125 76 78 25 20 17 10 12 32 35 45 55 16 7 9 5 
329750 329832 1 -1 7 39 -108 51 34 -113 36 172 148 106 106 25 20 17 10 13 31 35 45 55 16 13 14 5 
337750 337872 1 2 7 135 -94 147 130 -98 131 267 228 97 99 25 20 17 10 13 33 35 45 55 16 13 13 5 
357250 357339 1 -3 7 37 -127 48 35 -128 37 173 165 77 74 25 20 17 10 12 32 35 45 55 16 10 9 5 
671250 671441 1 0 0 -5 -104 0 -12 -109 -11 125 97 63 66 25 20 17 10 12 32 35 45 55 16 8 8 5 
763750 763856 1 -1 7 51 -92 58 44 -98 47 183 142 90 88 25 20 17 10 13 33 35 45 55 16 12 10 5 
776250 776444 1 2 7 103 -78 111 98 -83 101 237 181 77 75 25 20 17 10 13 33 35 45 55 16 10 10 5 
787750 787858 1 -3 7 40 -90 48 38 -93 39 175 131 83 78 25 20 17 10 13 33 35 45 55 16 9 9 5 
806250 806306 1 -1 7 50 -87 59 58 -87 60 196 145 105 105 25 20 17 10 13 31 35 45 55 16 11 12 5 
813750 813859 1 2 7 96 -88 105 89 -96 90 226 185 96 94 25 20 17 10 13 33 35 45 55 16 12 6 5 
836250 836370 1 -3 7 37 -112 46 33 -117 34 170 148 75 75 25 20 17 10 13 33 35 45 55 16 9 10 5 
956250 956447 1 0 0 -12 -120 0 -17 -125 -13 123 110 74 73 25 20 17 10 12 32 35 45 55 16 10 9 5 
1056250 1056322 1 -1 7 45 -82 56 41 -83 42 178 125 101 102 25 20 17 10 12 30 35 45 55 16 13 13 5 
1060250 1060313 1 2 7 102 -78 112 105 -80 106 242 183 95 94 25 20 17 10 12 32 35 45 55 16 12 12 5 
1078250 1078263 1 -3 7 39 -116 49 34 -121 35 171 154 83 83 25 20 17 10 12 32 35 45 55 16 8 10 5 
1268750 1268768 1 -1 7 45 -126 52 56 -134 58 194 190 101 99 25 20 18 10 13 33 35 45 55 16 13 13 5 
1274250 1274291 1 2 7 140 -96 148 142 -96 144 280 239 88 87 25 20 18 10 13 33 35 45 55 16 11 11 5 
1290250 1290410 1 -3 7 43 -129 50 39 -132 41 177 171 78 78 25 20 18 10 13 33 35 45 55 16 10 10 5 
1372250 1372384 1 0 0 -6 -133 0 -10 -138 -9 127 129 82 85 25 20 17 10 13 33 35 45 55 16 10 10 5 
1885250 1885451 1 0 0 -7 -111 0 -11 -114 -10 126 103 71 73 25 20 18 10 14 34 35 45 55 16 9 9 5 
2454250 2454300 1 0 0 -6 -103 0 -10 -107 -7 129 99 64 64 25 20 18 10 14 34 35 45 55 16 8 8 5 
2519250 2519276 1 0 0 -24 -113 0 -30 -118 -27 109 88 69 73 25 20 18 10 14 34 35 45 55 16 9 8 5 
2542250 2542291 1 0 0 -45 -115 0 -48 -119 -45 91 71 71 71 25 20 18 10 14 34 35 45 55 16 9 9 5 
2655750 2655948 1 0 0 -66 -124 0 -72 -130 -70 66 57 62 61 25 20 18 10 14 34 35 45 55 16 8 8 5 
2886750 2886777 1 0 0 -52 -111 0 -55 -113 -53 83 58 64 63 25 20 18 10 14 34 35 45 55 16 8 8 5 
2934250 2934254 1 0 0 -36 -116 0 -39 -118 -37 99 78 71 72 25 20 18 10 14 34 35 45 55 16 9 9 5 
2990750 2990783 1 0 0 -26 -113 0 -30 -117 -27 109 88 64 63 25 20 18 10 14 34 35 45 55 16 8 8 5 
3105750 3105942 1 0 0 -29 -108 0 -34 -111 -32 104 76 63 64 25 20 17 10 14 34 35 45 55 16 8 8 5 
3140750 3141134 1 -1 7 23 -90 52 18 -96 21 157 113 79 79 25 20 17 10 14 34 35 45 55 16 4 10 5 
3147250 3147419 1 2 7 64 -71 92 63 -71 64 200 134 76 74 25 20 17 10 14 34 35 45 55 16 10 8 5 
3178750 3178915 1 -3 7 22 -84 50 19 -88 22 158 108 80 78 25 20 17 10 14 34 35 45 55 16 10 9 5 
3321750 3321873 1 0 0 -25 -117 0 -29 -121 -25 111 94 66 63 25 20 17 10 14 34 35 45 55 16 8 8 5 
3509250 3509250 1 0 0 2 -104 0 -2 -105 1 137 105 63 61 25 20 17 10 14 34 35 45 55 16 8 8 5 
3584250 3584261 1 0 0 -19 -106 0 -23 -110 -22 114 86 60 60 25 20 17 10 14 34 35 45 55 16 8 7 5 
3625250 3625277 1 0 0 -36 -105 0 -41 -109 -39 97 69 60 60 25 20 17 10 14 34 35 45 55 16 7 7 5 
3835250 3835414 1 0 0 -42 -111 0 -45 -114 -44 92 67 58 56 25 20 17 10 14 34 35 45 55 16 7 7 5 
3840750 3840939 1 13 0 -10 -98 1 -12 -101 -9 127 88 64 68 25 20 17 10 14 34 35 45 55 16 8 8 5 
3846750 3846772 1 0 0 23 -93 0 24 -96 27 163 121 61 59 25 20 17 10 14 34 35 45 55 16 8 7 5 
3905750 3905798 1 0 0 -2 -101 0 -5 -105 -3 133 99 63 68 25 20 17 10 14 34 35 45 55 16 8 8 5 
3919750 3919882 1 13 0 -51 -119 -18 -58 -124 -57 79 66 67 72 25 20 17 10 14 34 35 45 55 16 6 8 5 
3931750 3932008 1 0 0 -61 -124 0 -66 -129 -63 73 63 57 57 25 20 18 10 14 34 35 45 55 16 7 7 5 
4364250 4364501 1 0 0 -79 -130 0 -82 -133 -81 55 51 58 54 25 20 18 10 14 34 35 45 55 16 7 7 5 
4380750 4381101 1 13 0 -58 -133 -13 -63 -140 -62 74 77 77 80 25 20 18 10 14 34 35 45 55 16 6 8 5 
4392250 4392325 1 0 0 -22 -106 0 -24 -108 -22 114 84 56 58 25 20 18 10 14 34 35 45 55 16 7 7 5 
4628250 4628355 1 0 0 -43 -116 0 -44 -119 -44 92 74 56 58 25 20 18 10 14 34 35 45 55 16 7 7 5 
4649250 4649424 1 0 0 -66 -123 0 -71 -128 -69 67 56 70 72 25 20 18 10 14 34 35 45 55 16 9 9 5 
4715750 4715859 1 0 0 -85 -134 0 -89 -137 -88 48 48 65 63 25 20 18 10 14 34 35 45 55 16 8 8 5 
4721250 4721251 1 13 0 -27 -112 15 -27 -114 -24 112 88 62 62 25 20 18 10 14 34 35 45 55 16 7 8 5 
4725750 4725823 1 0 0 -7 -96 0 -9 -98 -8 128 89 57 57 25 20 18 10 14 34 35 45 55 16 7 7 5 
4814250 4814463 1 0 0 -34 -111 0 -39 -115 -38 98 76 62 61 25 20 18 10 14 34 35 45 55 16 7 8 5 
5440250 5440349 1 0 0 -26 -110 0 -29 -114 -27 109 84 63 61 25 20 18 10 14 34 35 45 55 16 8 8 5 
5664250 5664256 1 0 0 -13 -98 0 -15 -99 -13 123 85 68 70 25 20 18 10 14 34 35 45 55 16 8 9 5 
5680250 5680391 1 13 0 34 -88 -3 36 -88 38 174 123 86 89 25 20 18 10 14 34 35 45 55 16 11 11 5 
5684750 5684928 1 0 0 51 -83 0 47 -88 48 184 134 77 77 25 20 18 10 14 34 35 45 55 16 9 10 5 
5770250 5770326 1 0 0 37 -87 0 35 -90 37 173 125 75 75 25 20 18 10 14 34 35 45 55 16 9 10 5 
5782250 5782267 1 0 0 8 -101 0 4 -105 5 141 108 66 64 25 20 18 10 14 34 35 45 55 16 8 8 5 
5836750 5836823 1 0 0 1 -108 0 -1 -110 2 138 109 69 72 25 20 18 10 14 34 35 45 55 16 9 9 5 
6209250 6209337 1 0 0 2 -103 0 0 -108 3 139 109 73 74 25 20 18 10 14 34 35 45 55 16 9 9 5 
6258750 6258849 1 0 0 -56 -137 0 -63 -143 -61 75 79 72 71 25 20 18 10 14 34 35 45 55 16 9 9 5 
6265250 6265525 1 13 0 -11 -127 10 -14 -130 -12 124 117 82 86 25 20 18 10 14 34 35 45 55 16 8 11 5 
6275750 6275762 1 0 0 35 -94 0 32 -98 34 170 127 76 75 25 20 18 10 14 34 35 45 55 16 9 10 5 
6432250 6432332 1 0 0 -28 -114 0 -30 -117 -29 107 87 73 79 25 20 18 10 14 34 35 45 55 16 9 9 5 
6555750 6555830 1 0 0 -21 -111 0 -26 -114 -24 112 88 68 65 25 20 18 10 14 34 35 45 55 16 8 9 5 
7206750 7206944 1 0 0 1 -113 0 -4 -116 -2 134 111 71 70 25 20 19 10 14 34 35 45 55 16 9 9 5 
7611750 7611888 1 0 0 8 -112 0 6 -115 8 144 120 75 74 25 20 19 10 14 34 35 45 55 16 9 10 5 
7900250 7900452 1 0 0 23 -102 0 19 -105 21 157 123 69 66 25 20 19 10 14 34 35 45 55 16 9 9 5 
8466750 8466908 1 0 0 1 -110 0 -3 -114 -1 135 111 72 70 25 20 19 10 14 34 35 45 55 16 9 9 5 
8570750 8570884 1 -1 7 35 -96 51 37 -94 39 175 130 86 82 25 20 19 10 14 34 35 45 55 16 11 11 5 
8579250 8579265 1 2 7 75 -79 92 76 -78 77 213 154 83 88 25 20 19 10 14 34 35 45 55 16 7 9 5 
8609750 8609830 1 -3 7 27 -98 50 16 -107 17 153 123 86 88 25 20 19 10 14 34 35 45 55 16 9 10 5 
8654750 8654926 1 0 0 -30 -124 0 -32 -129 -29 107 96 73 71 25 20 19 10 14 34 35 45 55 16 7 9 5 
8760250 8760356 1 -1 7 21 -152 52 27 -156 28 164 181 99 99 25 20 18 10 14 34 35 45 55 16 13 13 5 
8770250 8770416 1 2 7 62 -125 93 63 -126 64 200 188 89 82 25 20 18 10 14 34 35 45 55 16 12 11 5 
8778750 8778915 1 -3 7 17 -141 48 15 -143 16 152 157 86 89 25 20 18 10 14 34 35 45 55 16 11 11 5 
9069250 9069546 1 -1 7 15 -108 50 12 -108 15 151 121 87 86 25 20 18 10 14 34 35 45 55 16 10 9 5 
9079750 9079862 1 2 7 55 -104 91 53 -107 54 190 159 84 86 25 20 18 10 14 34 35 45 55 16 10 11 5 
9091250 9091254 1 -3 7 11 -115 47 2 -124 5 141 128 79 79 25 20 18 10 14 34 35 45 55 16 10 3 5 
9123750 9123819 1 0 0 -37 -140 0 -39 -141 -37 99 102 65 66 25 20 18 10 14 34 35 45 55 16 8 8 5 
9195750 9195909 1 0 0 -26 -124 0 -28 -128 -26 110 100 68 69 25 20 18 10 14 34 35 45 55 16 9 9 5 
9416250 9416361 1 0 0 -6 -106 0 -9 -108 -6 130 100 67 66 25 20 18 10 14 34 35 45 55 16 9 8 5 
9445250 9445357 1 0 0 -43 -119 0 -46 -123 -45 91 76 63 61 25 20 19 10 14 34 35 45 55 16 8 8 5 
9850250 9850418 1 0 0 -69 -119 0 -73 -123 -71 65 50 60 61 25 20 20 10 14 34 35 45 55 16 8 8 5 
10435250 10435269 1 0 0 -74 -133 0 -78 -137 -76 60 59 64 63 25 20 20 10 13 33 35 45 55 16 8 8 5 
10446750 10446823 1 13 0 -76 -144 -32 -78 -145 -75 61 68 72 68 25 20 20 10 13 33 35 45 55 16 9 8 5 
10455750 10455947 1 0 0 -20 -124 0 -29 -129 -26 110 102 69 62 25 20 20 10 13 33 35 45 55 16 9 8 5 
10604250 10604471 1 0 0 -28 -113 0 -32 -115 -30 106 81 62 60 25 20 20 10 13 33 35 45 55 16 8 8 5 
10625750 10625813 1 0 0 -66 -134 0 -69 -138 -67 69 69 65 65 25 20 20 10 13 33 35 45 55 16 8 8 5 
10657250 10657323 1 0 0 -54 -118 0 -58 -122 -56 80 64 67 69 25 20 20 10 13 33 35 45 55 16 9 9 5 
10698750 10698837 1 0 0 -102 -161 0 -105 -165 -103 33 59 63 60 25 20 20 10 13 33 35 45 55 16 9 7 5 
10739750 10739810 1 0 0 -72 -125 0 -76 -129 -74 62 53 63 63 25 20 20 10 13 33 35 45 55 16 8 8 5 
10787750 10787791 1 0 0 -81 -134 0 -87 -139 -85 51 54 61 59 25 20 20 10 13 33 35 45 55 16 8 8 5 
10795250 10795302 1 13 0 -47 -118 1 -49 -121 -48 88 71 72 70 25 20 20 10 13 33 35 45 55 16 9 10 5 
10800750 10800752 1 0 0 -24 -112 0 -27 -116 -23 113 89 68 61 25 20 20 10 13 33 35 45 55 16 9 8 5 
10860750 10860871 1 0 0 -41 -121 0 -43 -124 -41 95 80 65 63 25 20 20 10 13 33 35 45 55 16 8 8 5 
10910750 10910794 1 0 0 -67 -125 0 -71 -130 -68 68 59 56 55 25 20 20 10 13 33 35 45 55 16 7 7 5 
10949750 10949829 1 0 0 -76 -142 0 -78 -144 -75 61 66 60 60 25 20 20 10 13 33 35 45 55 16 7 7 5 
11030750 11030802 1 0 0 -66 -134 0 -69 -137 -68 68 67 58 57 25 20 20 10 13 33 35 45 55 16 7 7 5 
11127250 11127289 1 0 0 -46 -113 0 -50 -116 -49 87 67 60 58 25 20 20 10 13 33 35 45 55 16 7 7 5 
11145750 11145759 1 0 0 -9 -108 0 -15 -114 -13 123 100 68 67 25 20 20 10 13 33 35 45 55 16 9 8 5 
11167250 11167462 1 0 0 -28 -113 0 -33 -117 -31 105 84 61 59 25 20 20 10 13 33 35 45 55 16 7 8 5 
11355750 11355835 1 0 0 -35 -118 0 -38 -121 -36 100 82 61 59 25 20 20 10 13 33 35 45 55 16 8 8 5 
11618250 11618453 1 0 0 -44 -136 0 -48 -139 -45 91 91 63 65 25 20 20 10 13 33 35 45 55 16 8 8 5 
11637250 11637419 1 0 0 -12 -110 0 -17 -114 -16 120 96 70 67 25 20 20 10 13 33 35 45 55 16 9 8 5 
12011250 12011337 1 0 0 -15 -111 0 -17 -112 -16 120 94 61 62 25 20 20 10 13 33 35 45 55 16 8 5 5 
12200750 12200937 1 0 0 -2 -104 0 -3 -108 -1 135 104 68 67 25 20 20 10 13 33 35 45 55 16 9 8 5 
12394750 12394839 1 0 0 -42 -135 0 -47 -139 -44 92 93 66 63 25 20 20 10 13 33 35 45 55 16 8 8 5 
12636750 12636854 1 0 0 -27 -117 0 -30 -121 -29 107 89 60 60 25 20 20 10 13 33 35 45 55 16 8 7 5 
12789250 12789331 1 0 0 -24 -103 0 -27 -105 -23 113 78 62 60 25 20 20 10 13 33 35 45 55 16 8 8 5 
12805250 12805307 1 0 0 -39 -114 0 -42 -118 -40 96 76 61 64 25 20 20 10 13 33 35 45 55 16 8 8 5 
12849250 12849324 1 0 0 -69 -132 0 -73 -135 -72 64 63 57 57 25 20 20 10 12 32 35 45 55 16 7 7 5 
12869250 12869275 1 0 0 -79 -133 0 -81 -135 -77 59 56 59 60 25 20 20 10 12 32 35 45 55 16 8 7 5 
12922250 12922468 1 0 0 -83 -125 0 -87 -127 -86 50 41 59 60 25 20 20 10 12 32 35 45 55 16 7 7 5 
13348250 13348458 1 0 0 -82 -126 0 -84 -129 -83 53 44 60 59 25 20 20 10 12 32 35 45 55 16 7 7 5 
13363250 13363357 1 0 0 -39 -117 0 -42 -121 -39 97 80 69 63 25 20 20 10 13 33 35 45 55 16 9 9 5 
13379750 13379914 1 0 0 -49 -127 0 -56 -132 -54 82 77 62 59 25 20 20 10 13 33 35 45 55 16 8 8 5 
13391250 13391442 1 0 0 -56 -129 0 -59 -132 -57 79 73 65 65 25 20 20 10 13 33 35 45 55 16 8 8 5 
13470750 13470825 1 0 0 -66 -129 0 -68 -130 -67 69 61 70 70 25 20 20 10 13 33 35 45 55 16 8 9 5 
13479250 13479427 1 13 0 -29 -123 0 -33 -126 -29 107 93 80 80 25 20 20 10 13 33 35 45 55 16 9 10 5 
13486750 13486914 1 0 0 3 -100 0 -4 -105 -2 134 102 72 71 25 20 20 10 13 33 35 45 55 16 9 9 5 
13527250 13527309 1 0 0 -19 -111 0 -16 -109 -13 123 94 73 72 25 20 20 10 13 33 35 45 55 16 9 9 5 
13531750 13531859 1 13 0 -51 -134 -3 -53 -136 -51 85 84 77 74 25 20 20 10 13 33 35 45 55 16 9 8 5 
13536750 13536844 1 0 0 -81 -146 0 -84 -148 -84 52 64 76 73 25 20 20 10 13 33 35 45 55 16 10 9 5 
13677250 13677334 1 0 0 -62 -121 0 -64 -123 -63 73 58 69 70 25 20 20 10 13 33 35 45 55 16 9 9 5 
13682750 13683257 1 13 0 -32 -115 -3 -23 -113 -22 114 90 76 78 25 20 20 10 13 33 35 45 55 16 7 9 5 
13685750 13685809 1 0 0 -12 -105 0 -11 -105 -9 127 94 79 86 25 20 20 10 13 33 35 45 55 16 10 10 5 
13711750 13711867 1 0 0 -50 -138 0 -52 -141 -50 86 89 68 68 25 20 20 10 13 33 35 45 55 16 9 9 5 
13794250 13794324 1 0 0 6 -111 0 2 -114 6 142 117 73 67 25 20 20 10 13 33 35 45 55 16 10 9 5 
13867250 13867400 1 0 0 -21 -122 0 -23 -125 -21 115 103 68 71 25 20 20 10 13 33 35 45 55 16 9 8 5 
14018250 14018294 1 0 0 -9 -100 0 -12 -103 -12 124 89 66 66 25 20 20 10 13 33 35 45 55 16 8 8 5 
14071750 14071951 1 0 0 -32 -116 0 -31 -117 -30 106 84 63 64 25 20 20 10 13 33 35 45 55 16 8 8 5 
14133750 14133860 1 0 0 -34 -124 0 -37 -127 -35 101 90 64 64 25 20 20 10 13 33 35 45 55 16 8 8 5 
14186250 14186273 1 0 0 0 -104 0 -3 -108 -1 135 106 68 71 25 20 20 10 13 33 35 45 55 16 8 9 5 
14304250 14304315 1 0 0 -67 -140 0 -72 -144 -72 64 72 70 73 25 20 20 10 13 33 35 45 55 16 9 9 5 
14408250 14408530 1 -1 7 -10 -137 53 -8 -136 -6 130 129 86 87 25 20 20 10 13 33 35 45 55 16 7 11 5 
14427750 14427846 1 2 7 76 -103 138 70 -111 70 206 180 89 90 25 20 20 10 13 33 35 45 55 16 10 12 5 
14459250 14459423 1 -3 7 -11 -136 50 -15 -139 -12 124 125 81 82 25 20 20 10 13 33 35 45 55 16 10 9 5 
14551750 14551841 1 -1 7 -5 -134 53 -15 -141 -11 125 128 85 84 25 20 20 10 13 33 35 45 55 16 8 8 5 
14559250 14559741 1 2 7 53 -103 110 55 -102 59 195 159 80 85 25 20 20 10 13 33 35 45 55 16 5 10 5 
14573750 14573902 1 -3 7 -7 -127 49 -13 -131 -10 126 119 78 85 25 20 20 10 13 33 35 45 55 16 10 10 5 
14629750 14630379 1 -1 7 -4 -142 50 9 -135 12 148 144 94 95 25 20 20 10 13 33 35 45 55 16 0 6 5 
14646250 14646286 1 2 7 69 -114 122 66 -121 69 205 188 92 99 25 20 20 10 13 33 35 45 55 16 12 7 5 
14686250 14686337 1 -3 7 -2 -133 50 -5 -135 -1 135 133 77 77 25 20 20 10 13 33 35 45 55 16 10 10 5 
15037250 15037404 1 0 0 -38 -128 0 -40 -132 -38 98 91 73 72 25 20 20 10 13 33 35 45 55 16 9 9 5 
15331750 15331822 1 0 0 -32 -139 0 -29 -138 -27 109 108 70 69 25 20 20 10 13 33 35 45 55 16 9 9 5 
15559750 15559838 1 0 0 -44 -129 0 -45 -131 -42 94 87 61 62 25 20 20 10 13 33 35 45 55 16 8 8 5 
15713250 15713272 1 0 0 -53 -128 0 -56 -131 -53 83 75 64 68 25 20 20 10 13 33 35 45 55 16 8 8 5 
15742250 15742331 1 0 0 -44 -132 0 -48 -136 -47 89 87 72 70 25 20 20 10 13 33 35 45 55 16 9 9 5 
15911250 15911398 1 0 0 -49 -125 0 -48 -126 -45 91 77 64 63 25 20 20 10 13 33 35 45 55 16 8 8 5 
16128750 16128856 1 -1 7 11 -107 53 9 -110 12 148 120 79 82 25 20 20 10 13 33 35 45 55 16 10 10 5 
16166250 16166316 1 2 7 50 -89 92 46 -91 47 183 136 80 81 25 20 20 10 13 33 35 45 55 16 10 10 5 
16237250 16237345 1 -3 7 8 -112 48 1 -118 4 140 119 75 73 25 20 20 10 13 33 35 45 55 16 9 10 5 
16318250 16318370 1 0 0 -37 -122 0 -41 -125 -40 96 84 64 66 25 20 20 10 13 33 35 45 55 16 8 8 5 
16498250 16498388 1 0 0 -19 -110 0 -20 -111 -17 119 92 64 65 25 20 20 10 13 33 35 45 55 16 8 8 5 
16542250 16542430 1 0 0 -44 -117 0 -42 -117 -40 96 74 62 56 25 20 20 10 13 33 35 45 55 16 7 7 5 
16554250 16554424 1 0 0 -41 -118 0 -47 -118 -46 90 71 80 70 25 20 20 10 13 33 35 45 55 16 8 10 5 
16577750 16577947 1 0 0 -68 -134 0 -72 -138 -70 66 67 57 55 25 20 20 10 13 33 35 45 55 16 7 7 5 
16795250 16795415 1 0 0 -52 -120 0 -54 -122 -53 83 67 63 61 25 20 20 10 13 33 35 45 55 16 8 8 5 
16824250 16824253 1 0 0 -56 -125 0 -62 -131 -60 76 68 61 60 25 20 20 10 13 33 35 45 55 16 8 8 5 
16871250 16871407 1 0 0 -2 -97 0 -3 -98 -1 135 95 69 67 25 20 20 10 13 33 35 45 55 16 8 9 5 
17012750 17012930 1 0 0 -29 -111 0 -30 -113 -27 109 83 70 63 25 20 20 10 13 33 35 45 55 16 9 9 5 
17038250 17038423 1 0 0 -54 -119 0 -55 -123 -52 84 67 78 79 25 20 20 10 13 33 35 45 55 16 6 7 5 
17061750 17061859 1 -1 7 -1 -108 53 -2 -113 0 136 111 86 87 25 20 20 10 13 33 35 45 55 16 7 11 5 
17082250 17082358 1 2 7 37 -108 92 33 -110 36 172 145 88 86 25 20 20 10 13 33 35 45 55 16 11 11 5 
17113250 17113299 1 -3 7 -8 -137 47 -6 -139 -4 132 134 84 83 25 20 20 10 13 33 35 45 55 16 11 11 5 
17318250 17318362 1 -1 7 -4 -155 52 2 -153 5 141 157 99 97 25 20 20 10 13 33 35 45 55 16 10 12 5 
17360250 17360391 1 2 7 95 -132 151 93 -135 94 230 227 95 96 25 20 20 10 13 33 35 45 55 16 12 12 5 
17383250 17383376 1 -3 7 -7 -141 49 -14 -144 -13 123 129 83 84 25 20 20 10 13 33 35 45 55 16 10 11 5 
17408250 17408360 1 0 0 -57 -152 0 -59 -154 -57 79 94 71 72 25 20 20 10 13 33 35 45 55 16 9 9 5 
17495750 17495768 1 0 0 -49 -133 0 -51 -135 -49 87 83 66 66 25 20 20 10 13 33 35 45 55 16 8 8 5 
17570750 17570868 1 0 0 -5 -129 0 -13 -134 -11 125 121 72 70 25 20 20 10 13 33 35 45 55 16 9 9 5 
18265250 18265461 1 0 0 5 -123 0 2 -126 3 139 127 71 70 25 20 20 10 13 33 35 45 55 16 9 9 5 
18597250 18597380 1 0 0 -17 -114 0 -20 -115 -17 119 96 65 65 25 20 20 10 13 33 35 45 55 16 8 8 5 
18624250 18624371 1 0 0 -26 -124 0 -30 -128 -29 107 97 65 65 25 20 20 10 13 33 35 45 55 16 8 8 5 
18751250 18751380 1 -1 7 23 -134 54 22 -138 25 161 162 98 97 25 20 20 10 13 33 35 45 55 16 12 13 5 
18765750 18765832 1 2 7 69 -128 100 59 -134 60 196 192 87 82 25 20 20 10 13 33 35 45 55 16 11 11 5 
18778250 18778271 1 -3 7 14 -129 46 11 -132 13 149 142 80 77 25 20 20 10 13 33 35 45 55 16 10 10 5 
18863250 18863337 1 0 0 -35 -138 0 -41 -141 -40 96 101 73 74 25 20 20 10 13 33 35 45 55 16 9 9 5 
18935750 18935775 1 0 0 -31 -137 0 -35 -142 -34 102 106 71 71 25 20 20 10 13 33 35 45 55 16 9 9 5 
19075250 19075258 1 -1 7 12 -117 50 13 -116 15 151 130 92 93 25 20 20 10 13 33 35 45 55 16 12 12 5 
19137250 19137363 1 2 7 55 -107 97 57 -108 59 195 165 83 82 25 20 20 10 13 33 35 45 55 16 11 11 5 
19150750 19150881 1 -3 7 6 -130 48 -3 -136 -3 133 132 72 74 25 20 20 10 13 33 35 45 55 16 9 8 5 
19199250 19199474 1 0 0 -44 -146 0 -48 -153 -46 90 106 67 67 25 20 19 10 13 33 35 45 55 16 8 8 5 
19316250 19316349 1 0 0 7 -116 0 7 -114 11 147 122 69 67 25 20 19 10 13 33 35 45 55 16 9 9 5 
19334750 19334758 1 0 0 -26 -126 0 -31 -132 -29 107 101 79 72 25 20 19 10 13 33 35 45 55 16 9 9 5 
19357750 19357788 1 -1 7 22 -106 52 20 -109 22 158 130 91 89 25 20 19 10 13 33 35 45 55 16 12 12 5 
19451750 19451912 1 2 7 57 -111 106 61 -112 64 200 173 90 94 25 20 19 10 13 33 35 45 55 16 11 12 5 
19498750 19498850 1 -3 7 -10 -140 49 -8 -141 -6 130 133 83 85 25 20 19 10 13 33 35 45 55 16 10 10 5 
19525250 19525399 1 0 0 -63 -159 0 -66 -162 -65 71 96 66 67 25 20 19 10 13 33 35 45 55 16 8 8 5 
19617250 19617313 1 0 0 -8 -124 0 -12 -127 -11 125 114 65 64 25 20 19 10 13 33 35 45 55 16 8 8 5 
19781250 19781436 1 0 0 3 -121 0 0 -124 2 138 123 71 70 25 20 19 10 13 33 35 45 55 16 9 8 5 
20243250 20243319 1 0 0 2 -114 0 1 -116 1 137 117 71 71 25 20 19 10 13 33 35 45 55 16 9 9 5 
