378000 378178 0 0 -1 0 0 0 0 0 0 5 0 82 83 25 20 16 10 12 32 35 45 55 16 8 10 5 
1207500 1207547 0 0 0 5 -19 0 7 -15 4 13 23 65 65 25 20 16 10 11 31 35 45 55 16 8 8 5 
1292000 1292209 0 0 0 42 15 0 46 20 44 53 25 70 71 25 20 16 10 11 31 35 45 55 16 8 5 5 
1484500 1484508 0 0 0 39 16 0 39 16 41 50 23 71 74 25 20 16 10 11 31 35 45 55 16 9 5 5 
1646000 1646068 0 0 0 6 -22 0 11 -16 9 18 28 71 69 25 20 16 10 11 31 35 45 55 16 9 9 5 
1683000 1683043 0 0 0 3 -13 0 6 -8 6 15 13 75 73 25 20 16 10 11 31 35 45 55 16 7 8 5 
1810500 1810562 0 0 0 39 4 0 43 9 39 48 35 74 78 25 20 16 10 11 31 35 45 55 16 10 9 5 
1893000 1893009 0 0 0 45 12 0 48 16 47 56 32 72 72 25 20 16 10 11 31 35 45 55 16 9 9 5 
1972000 1972182 0 0 0 22 2 0 24 4 23 32 21 70 71 25 20 16 10 11 31 35 45 55 16 6 6 5 
2440500 2440642 0 0 0 21 -4 0 25 1 24 33 24 77 77 25 20 16 10 10 30 35 45 55 16 9 9 5 
2578000 2578142 0 0 0 -14 -38 0 -9 -32 -9 0 24 71 71 25 20 17 10 10 30 35 45 55 16 9 9 5 
2670000 2670053 0 0 0 22 2 0 21 3 21 30 21 78 79 25 20 16 10 9 29 35 45 55 16 8 9 5 
2879500 2879651 0 0 0 27 -1 0 33 6 31 40 28 77 81 25 20 16 10 10 30 35 45 55 16 8 9 5 
3015000 3015078 0 0 0 26 4 0 29 5 26 35 23 75 77 25 20 16 10 9 29 35 45 55 16 9 8 5 
3521000 3521099 0 0 0 23 -1 0 28 5 23 32 25 76 77 25 20 16 10 9 29 35 45 55 16 5 10 5 
3603000 3603371 0 0 0 28 0 0 33 7 30 39 25 75 78 25 20 16 10 9 29 35 45 55 16 8 7 5 
3808000 3808253 0 0 0 28 -5 0 33 1 29 38 29 75 77 25 20 16 10 10 30 35 45 55 16 2 5 5 
3915000 3915431 0 0 0 10 -14 0 13 -10 15 24 26 73 75 25 20 16 10 10 30 35 45 55 16 1 9 5 
4113000 4113186 0 0 0 32 4 0 35 8 31 40 25 74 75 25 20 16 10 10 30 35 45 55 16 8 9 5 
4428500 4428706 0 0 0 27 8 0 31 13 30 39 17 71 71 25 20 16 10 11 31 35 45 55 16 8 9 5 
4726500 4726537 0 0 0 19 -2 0 26 5 24 33 21 71 69 25 20 16 10 11 31 35 45 55 16 8 9 5 
5112500 5112656 0 0 0 32 8 0 36 12 35 44 25 72 73 25 20 16 10 11 31 35 45 55 16 9 6 5 
5267000 5267082 0 0 0 8 -16 0 9 -13 15 24 23 81 82 25 20 16 10 11 31 35 45 55 16 5 4 5 
5593000 5593135 0 0 0 26 -1 0 32 4 28 37 27 76 76 25 20 16 10 10 30 35 45 55 16 4 6 5 
5969500 5969584 0 0 0 32 9 0 39 14 31 40 23 72 67 25 20 16 10 9 29 35 45 55 16 9 8 5 
6054500 6054548 0 0 0 19 -2 0 32 9 23 32 22 72 63 25 20 16 10 9 29 35 45 55 16 4 5 5 
6753000 6753144 0 0 0 23 22 0 26 26 22 31 0 67 65 25 20 16 10 9 29 35 45 55 16 8 8 5 
6843500 6843512 0 0 0 24 20 0 26 22 21 30 0 70 72 25 20 16 10 9 29 35 45 55 16 9 9 5 
7422500 7422502 0 0 0 25 18 0 34 26 31 40 8 66 67 25 20 16 10 11 31 35 45 55 16 8 9 5 
7780500 7780574 0 0 0 35 26 0 41 32 37 46 10 70 72 25 20 16 10 9 29 35 45 55 16 9 9 5 
7803000 7803201 0 0 0 32 23 0 37 28 32 41 10 70 68 25 20 16 10 9 29 35 45 55 16 9 9 5 
7820000 7820231 0 0 0 20 8 0 26 12 17 26 12 67 64 25 20 16 10 9 29 35 45 55 16 4 5 5 
7878000 7878125 0 0 0 2 -5 0 5 1 6 15 10 76 75 25 20 16 10 9 29 35 45 55 16 6 5 5 
7893000 7894908 0 0 0 32 20 0 29 14 29 38 31 74 70 25 20 16 10 9 29 35 45 55 16 0 3 5 
7972000 7972157 0 0 0 35 27 0 37 30 37 46 8 70 72 25 20 17 10 10 30 35 45 55 16 9 8 5 
7983000 7983354 0 0 0 10 -3 0 9 2 5 14 5 74 76 25 20 17 10 10 30 35 45 55 16 5 3 5 
8036500 8036700 0 0 0 15 2 0 18 6 18 27 13 70 69 25 20 17 10 10 30 35 45 55 16 7 6 5 
8064000 8065481 0 10 0 78 41 50 99 28 97 106 39 71 71 25 20 17 10 10 30 35 45 55 16 0 1 5 
8080500 8081286 0 0 0 37 13 0 10 -14 3 12 27 70 74 25 20 17 10 10 30 35 45 55 16 0 1 5 
8107000 8107398 0 0 0 30 8 0 29 8 21 30 21 72 68 25 20 17 10 10 30 35 45 55 16 3 4 5 
8197500 8197516 0 0 0 26 23 0 30 28 31 40 5 71 75 25 20 17 10 10 30 35 45 55 16 3 5 5 
8542500 8542538 0 0 0 45 25 0 49 30 48 57 21 71 70 25 20 17 10 11 31 35 45 55 16 9 8 5 
8813000 8813082 0 -1 7 -6 -65 -55 1 -57 -15 -6 53 90 91 25 20 17 10 11 31 35 45 55 16 11 11 5 
8872000 8872759 0 2 7 -38 -72 -88 -38 -76 -57 -48 -13 75 74 25 20 17 10 11 31 35 45 55 16 1 0 5 
8884500 8886650 0 -3 7 3 -31 -47 32 24 20 29 6 73 74 25 20 17 10 11 31 35 45 55 16 0 2 5 
8925500 8926194 0 0 0 51 28 0 53 36 37 46 11 74 70 25 20 17 10 11 31 35 45 55 16 0 3 5 
9010000 9010201 0 -1 7 -11 -44 -55 -1 -32 -8 1 28 90 90 25 20 17 10 11 31 35 45 55 16 8 5 5 
9041000 9041133 0 2 7 -43 -65 -85 -38 -59 -41 -32 20 89 87 25 20 17 10 11 31 35 45 55 16 12 11 5 
9077500 9077523 0 -3 7 -11 -29 -50 -5 -22 -8 1 19 76 77 25 20 17 10 11 31 35 45 55 16 9 10 5 
9140000 9140105 0 0 0 34 10 0 38 15 35 44 24 75 77 25 20 17 10 11 31 35 45 55 16 10 10 5 
9258000 9258005 0 0 0 34 12 0 38 16 37 46 24 78 77 25 20 17 10 11 31 35 45 55 16 10 10 5 
9279000 9279082 0 0 0 14 -5 0 17 -1 16 25 18 79 79 25 20 17 10 11 31 35 45 55 16 10 10 5 
9472500 9472692 0 0 0 15 9 0 21 13 18 27 8 69 72 25 20 17 10 11 31 35 45 55 16 8 9 5 
9497000 9497176 0 0 0 8 -6 0 12 -1 7 16 14 68 65 25 20 17 10 11 31 35 45 55 16 8 6 5 
9766500 9766577 0 0 0 28 9 0 31 12 30 39 21 74 75 25 20 17 10 11 31 35 45 55 16 8 8 5 
10164500 10164806 0 0 0 26 7 0 31 10 27 36 20 74 74 25 20 17 10 11 31 35 45 55 16 8 6 5 
10608500 10608578 0 0 0 28 11 0 32 15 30 39 17 72 75 25 20 17 10 11 31 35 45 55 16 8 8 5 
10677500 10677689 0 0 0 20 7 0 22 11 21 30 10 70 72 25 20 17 10 11 31 35 45 55 16 9 9 5 
11430000 11430109 0 0 0 43 30 0 45 33 45 54 11 68 70 25 20 17 10 11 31 35 45 55 16 9 9 5 
11482000 11482050 0 0 0 41 27 0 44 28 43 52 14 66 70 25 20 17 10 11 31 35 45 55 16 9 8 5 
11697500 11697592 0 0 0 27 15 0 31 20 31 40 11 65 67 25 20 17 10 11 31 35 45 55 16 7 7 5 
12247500 12247601 0 0 0 34 17 0 37 20 39 48 19 64 63 25 20 17 10 12 32 35 45 55 16 8 7 5 
12717500 12717526 0 0 0 21 11 0 21 11 25 34 12 65 68 25 20 17 10 12 32 35 45 55 16 7 5 5 
12969000 12969187 0 0 0 37 11 0 42 15 43 52 26 67 68 25 20 17 10 12 32 35 45 55 16 8 7 5 
13960500 13960699 0 0 0 29 12 0 34 17 36 45 16 69 69 25 20 17 10 12 32 35 45 55 16 9 7 5 
14657000 14657294 0 0 0 35 16 0 40 20 41 50 19 66 69 25 20 17 10 12 32 35 45 55 16 7 9 5 
15027500 15027646 0 0 0 29 11 0 36 16 37 46 20 65 66 25 20 17 10 12 32 35 45 55 16 8 8 5 
15448000 15448067 0 0 0 40 22 0 45 26 43 52 17 66 66 25 20 17 10 12 32 35 45 55 16 8 8 5 
15639500 15639620 0 0 0 32 15 0 36 18 36 45 18 64 64 25 20 17 10 12 32 35 45 55 16 8 7 5 
15948000 15948153 0 0 0 36 23 0 40 28 40 49 13 65 63 25 20 17 10 12 32 35 45 55 16 8 7 5 
16323500 16324228 0 0 0 31 23 0 35 26 33 42 8 61 60 25 20 17 10 12 32 35 45 55 16 5 6 5 
16930500 16930628 0 0 0 38 24 0 44 28 45 54 17 64 63 25 20 17 10 12 32 35 45 55 16 8 7 5 
17780000 17780248 0 0 0 49 37 0 53 42 52 61 9 64 60 25 20 17 10 12 32 35 45 55 16 8 8 5 
17800500 17800575 0 0 0 74 45 0 78 51 78 87 26 73 72 25 20 17 10 12 32 35 45 55 16 7 9 5 
17849500 17849572 0 0 0 70 49 0 74 53 74 83 20 62 62 25 20 17 10 12 32 35 45 55 16 8 8 5 
17866500 17866567 0 0 0 36 22 0 40 27 41 50 14 66 67 25 20 17 10 12 32 35 45 55 16 8 8 5 
17952500 17952730 0 0 0 33 20 0 37 25 38 47 13 61 60 25 20 17 10 12 32 35 45 55 16 6 8 5 
17967500 17967643 0 0 0 58 31 0 58 32 58 67 26 79 85 25 20 17 10 12 32 35 45 55 16 7 11 5 
18136500 18136503 0 0 0 61 44 0 65 48 66 75 17 65 65 25 20 17 10 12 32 35 45 55 16 8 8 5 
18161000 18161155 0 0 0 33 18 0 33 22 33 42 12 68 64 25 20 17 10 12 32 35 45 55 16 9 8 5 
18228000 18228081 0 0 0 52 34 0 52 37 52 61 14 64 64 25 20 17 10 12 32 35 45 55 16 8 6 5 
18554500 18557223 0 0 0 39 8 0 33 -1 35 44 35 70 78 25 20 17 10 12 32 35 45 55 16 0 5 5 
18708500 18709457 0 0 0 45 24 0 55 30 53 62 27 73 72 25 20 17 10 11 31 35 45 55 16 1 6 5 
19441500 19442039 0 0 0 28 13 0 29 14 29 38 15 71 74 25 20 17 10 11 31 35 45 55 16 4 5 5 
19801500 19801639 0 0 0 27 6 0 30 10 30 39 19 76 76 25 20 17 10 11 31 35 45 55 16 7 8 5 
20166500 20166633 0 -1 7 -32 -77 -53 -19 -63 -26 -17 44 104 101 25 20 16 10 10 28 35 45 55 16 8 10 5 
20172000 20173447 0 2 7 -123 -168 -145 -96 -147 -106 -97 42 114 116 25 20 16 10 10 26 35 45 55 16 1 15 5 
20184000 20184119 0 -3 7 -27 -101 -49 1 -96 -25 -16 81 102 99 25 20 16 10 10 30 35 45 55 16 11 11 5 
20334000 20334404 0 0 0 19 -9 0 23 -5 21 30 31 83 86 25 20 16 10 10 30 35 45 55 16 6 7 5 
20369500 20369671 0 -1 1 -32 -44 -51 -33 -46 -29 -20 17 108 111 25 20 16 10 11 27 35 45 55 16 9 12 5 
20423000 20423206 0 2 1 -483 -497 -501 -478 -490 -493 -484 20 152 152 25 20 16 10 10 25 35 45 55 16 18 14 5 
20987500 20987734 0 -3 1 -32 -83 -47 -26 -84 -21 -12 59 98 95 25 20 15 10 12 32 35 45 55 16 8 11 5 
21222500 21222599 0 0 0 14 -33 0 16 -30 15 24 48 88 84 25 20 15 10 12 32 35 45 55 16 11 9 5 
21453000 21453028 0 0 0 -3 -57 0 -5 -58 -8 1 53 103 104 25 20 15 10 12 30 35 45 55 16 12 9 5 
374500 374667 1 0 -1 0 0 0 0 0 0 5 0 82 81 25 20 16 10 12 32 35 45 55 16 10 9 5 
1213000 1213104 1 0 0 7 2 0 7 3 -3 8 3 67 65 25 20 16 10 11 31 35 45 55 16 8 8 5 
1292000 1292209 1 0 0 25 22 0 26 26 17 28 -1 70 71 25 20 16 10 11 31 35 45 55 16 8 5 5 
1488500 1488575 1 0 0 22 16 0 24 19 15 26 6 71 72 25 20 16 10 11 31 35 45 55 16 8 4 5 
1646000 1646068 1 0 0 9 -4 0 10 -3 3 14 13 71 69 25 20 16 10 11 31 35 45 55 16 9 9 5 
1813000 1813046 1 0 0 23 15 0 24 17 15 26 5 72 72 25 20 16 10 11 31 35 45 55 16 9 9 5 
1893500 1893632 1 0 0 23 16 0 26 18 17 28 7 72 70 25 20 16 10 11 31 35 45 55 16 9 9 5 
1976000 1976034 1 0 0 19 12 0 21 16 11 22 4 70 71 25 20 16 10 11 31 35 45 55 16 6 4 5 
2380500 2380663 1 0 0 11 5 0 15 8 7 18 8 75 75 25 20 16 10 10 30 35 45 55 16 9 10 5 
2492000 2492020 1 0 0 19 13 0 15 14 5 16 0 84 81 25 20 16 10 10 30 35 45 55 16 7 8 5 
2570500 2570702 1 0 0 -7 -12 0 -5 -9 -15 -4 2 77 77 25 20 16 10 10 30 35 45 55 16 10 9 5 
2670000 2670053 1 0 0 10 8 0 12 11 4 15 2 78 79 25 20 16 10 9 29 35 45 55 16 8 9 5 
2885000 2885212 1 0 0 23 11 0 27 13 19 30 15 77 75 25 20 16 10 10 30 35 45 55 16 7 8 5 
3028000 3028027 1 0 0 19 10 0 22 12 12 23 9 75 75 25 20 16 10 9 29 35 45 55 16 8 10 5 
3513000 3513182 1 0 0 19 7 0 20 9 10 21 11 74 72 25 20 16 10 9 29 35 45 55 16 9 9 5 
3603500 3603563 1 0 0 22 12 0 24 15 15 26 9 75 77 25 20 16 10 9 29 35 45 55 16 8 7 5 
3887000 3887125 1 0 0 0 -5 0 2 -2 -6 5 3 72 71 25 20 16 10 10 30 35 45 55 16 8 9 5 
4078000 4079468 1 0 0 0 -8 0 16 2 9 20 15 76 77 25 20 16 10 10 30 35 45 55 16 1 6 5 
4112000 4112177 1 0 0 13 1 0 15 4 5 16 11 75 77 25 20 16 10 10 30 35 45 55 16 8 9 5 
4432000 4432251 1 0 0 16 6 0 21 9 12 23 11 71 72 25 20 16 10 11 31 35 45 55 16 8 9 5 
4728500 4728647 1 0 0 9 1 0 10 2 1 12 7 70 67 25 20 16 10 11 31 35 45 55 16 9 9 5 
5105500 5105666 1 0 0 10 2 0 8 1 -1 10 8 68 66 25 20 16 10 11 31 35 45 55 16 7 6 5 
5272000 5272078 1 0 0 21 7 0 29 12 20 31 17 80 77 25 20 16 10 11 31 35 45 55 16 3 7 5 
5596500 5596644 1 0 0 17 14 0 18 16 10 21 3 77 79 25 20 16 10 10 30 35 45 55 16 7 8 5 
5983000 5983030 1 0 0 37 29 0 38 30 30 41 9 72 72 25 20 16 10 9 29 35 45 55 16 8 9 5 
6067500 6067622 1 0 0 18 19 0 19 20 11 22 0 74 75 25 20 16 10 9 29 35 45 55 16 8 9 5 
6757500 6757824 1 0 0 26 37 0 32 42 23 34 -10 68 68 25 20 16 10 9 29 35 45 55 16 8 8 5 
6843000 6843104 1 0 0 20 30 0 21 32 10 21 -13 70 73 25 20 16 10 9 29 35 45 55 16 9 9 5 
7425000 7425095 1 0 0 20 29 0 23 32 13 24 -11 66 66 25 20 16 10 11 31 35 45 55 16 9 7 5 
7787000 7787020 1 0 0 31 31 0 32 32 24 35 0 69 67 25 20 16 10 9 29 35 45 55 16 9 9 5 
7824000 7824006 1 0 0 25 27 0 27 30 19 30 -2 70 70 25 20 16 10 9 29 35 45 55 16 8 6 5 
7844500 7844750 1 0 0 8 10 0 12 13 4 15 -1 75 75 25 20 16 10 9 29 35 45 55 16 8 3 5 
7974000 7974121 1 0 0 41 40 0 43 43 32 43 -1 71 69 25 20 17 10 10 30 35 45 55 16 8 4 5 
7989000 7989149 1 0 0 10 16 0 11 17 4 15 -6 73 73 25 20 17 10 10 30 35 45 55 16 8 6 5 
8037500 8037523 1 0 0 10 14 0 10 14 -1 10 -5 70 71 25 20 17 10 10 30 35 45 55 16 6 8 5 
8047000 8050848 1 0 0 33 29 0 35 31 26 37 4 71 69 25 20 17 10 10 30 35 45 55 16 0 0 5 
8202500 8202908 1 0 0 37 39 0 40 40 32 43 0 72 72 25 20 17 10 10 30 35 45 55 16 3 3 5 
8544500 8544652 1 0 0 46 44 0 49 47 41 52 3 71 73 25 20 17 10 11 31 35 45 55 16 8 8 5 
9146000 9146105 1 0 0 25 19 0 25 20 16 27 5 74 77 25 20 17 10 11 31 35 45 55 16 9 9 5 
9260500 9260685 1 0 0 32 20 0 34 22 27 38 13 78 77 25 20 17 10 11 31 35 45 55 16 10 10 5 
9283000 9283267 1 0 0 19 14 0 21 16 14 25 5 77 77 25 20 17 10 11 31 35 45 55 16 9 10 5 
9470500 9470758 1 0 0 24 25 0 26 27 18 29 0 70 72 25 20 17 10 11 31 35 45 55 16 8 8 5 
9498500 9498512 1 0 0 26 18 0 28 20 18 29 9 69 67 25 20 17 10 11 31 35 45 55 16 7 6 5 
9768500 9768559 1 0 0 17 8 0 19 12 9 20 7 75 77 25 20 17 10 11 31 35 45 55 16 8 8 5 
10169500 10169572 1 0 0 11 7 0 14 8 6 17 5 74 77 25 20 17 10 11 31 35 45 55 16 9 7 5 
10612000 10612102 1 0 0 24 17 0 26 19 17 28 6 72 73 25 20 17 10 11 31 35 45 55 16 9 8 5 
11442500 11442587 1 0 0 32 29 0 35 31 27 38 5 67 66 25 20 17 10 11 31 35 45 55 16 9 8 5 
11493500 11493707 1 0 0 23 27 0 23 29 15 26 -6 65 63 25 20 17 10 11 31 35 45 55 16 8 8 5 
11703500 11703623 1 0 0 26 17 0 29 20 20 31 8 65 67 25 20 17 10 11 31 35 45 55 16 7 7 5 
12260000 12260127 1 0 0 34 26 0 38 29 29 40 10 63 63 25 20 17 10 12 32 35 45 55 16 8 8 5 
12725500 12725707 1 0 0 22 18 0 22 18 14 25 6 65 66 25 20 17 10 12 32 35 45 55 16 5 6 5 
12970500 12970548 1 0 0 32 22 0 36 26 27 38 9 66 64 25 20 17 10 12 32 35 45 55 16 8 7 5 
13923000 13923069 1 0 0 27 21 0 29 23 23 34 7 69 67 25 20 17 10 12 32 35 45 55 16 7 7 5 
14654500 14654734 1 0 0 26 14 0 30 18 21 32 12 63 60 25 20 17 10 12 32 35 45 55 16 8 8 5 
15032000 15032131 1 0 0 29 16 0 31 17 22 33 14 63 62 25 20 17 10 12 32 35 45 55 16 8 8 5 
15445500 15445591 1 0 0 31 20 0 31 21 23 34 11 67 66 25 20 17 10 12 32 35 45 55 16 8 8 5 
15633000 15633167 1 0 0 21 14 0 24 15 14 25 8 63 63 25 20 17 10 12 32 35 45 55 16 6 8 5 
15947000 15947205 1 0 0 25 18 0 28 21 20 31 8 64 65 25 20 17 10 12 32 35 45 55 16 8 7 5 
16323000 16323018 1 0 0 31 22 0 34 25 28 39 9 62 64 25 20 17 10 12 32 35 45 55 16 6 5 5 
16935000 16935025 1 0 0 27 20 0 31 24 22 33 7 66 66 25 20 17 10 12 32 35 45 55 16 7 7 5 
17150000 17150080 1 0 0 17 15 0 19 16 12 23 4 65 61 25 20 17 10 12 32 35 45 55 16 2 8 5 
17787500 17787708 1 0 0 23 20 0 27 23 19 30 4 66 68 25 20 17 10 12 32 35 45 55 16 8 8 5 
17804500 17804573 1 0 0 45 36 0 47 38 37 48 9 65 60 25 20 17 10 12 32 35 45 55 16 8 8 5 
17849500 17849572 1 0 0 45 37 0 48 40 38 49 7 62 62 25 20 17 10 12 32 35 45 55 16 8 8 5 
17866500 17866567 1 0 0 30 22 0 33 24 25 36 11 66 67 25 20 17 10 12 32 35 45 55 16 8 8 5 
18135000 18135132 1 0 0 37 32 0 38 33 30 41 5 64 64 25 20 17 10 12 32 35 45 55 16 8 8 5 
18163000 18163220 1 0 0 33 20 0 34 21 25 36 13 64 63 25 20 17 10 12 32 35 45 55 16 8 8 5 
18224500 18224521 1 0 0 33 24 0 36 28 28 39 9 62 60 25 20 17 10 12 32 35 45 55 16 7 8 5 
18558500 18558559 1 0 0 22 11 0 21 12 12 23 8 72 66 25 20 17 10 12 32 35 45 55 16 5 2 5 
18712000 18712168 1 0 0 30 13 0 33 14 26 37 20 73 71 25 20 17 10 11 31 35 45 55 16 6 8 5 
19407500 19407697 1 0 0 13 11 0 11 10 1 12 0 71 70 25 20 17 10 11 31 35 45 55 16 5 7 5 
19802000 19802218 1 0 0 9 8 0 11 10 0 11 0 76 78 25 20 17 10 11 31 35 45 55 16 6 8 5 
20272000 20272114 1 0 0 19 5 0 24 7 14 25 18 88 89 25 20 16 10 10 30 35 45 55 16 8 8 5 
20375000 20375001 1 -1 1 -34 -57 -51 -29 -52 -37 -26 23 120 121 25 20 16 10 11 26 35 45 55 16 15 15 5 
20423500 20423501 1 2 1 -316 -350 -331 -319 -352 -328 -317 35 152 153 25 20 16 10 10 25 35 45 55 16 17 15 5 
20607500 20607527 1 -3 1 -40 -54 -50 -37 -51 -46 -35 14 97 97 25 20 15 10 11 31 35 45 55 16 12 13 5 
20649500 20649552 1 0 0 9 -33 0 14 -30 5 16 45 104 106 25 20 15 10 11 29 35 45 55 16 13 12 5 
21072500 21072597 1 0 0 -5 -12 0 -3 -10 -12 -1 7 95 96 25 20 15 10 12 32 35 45 55 16 9 9 5 
21451500 21451553 1 0 0 20 -3 0 23 2 15 26 21 102 100 25 20 15 10 12 30 35 45 55 16 12 11 5 
