243500 243634 0 0 -1 0 0 0 0 0 0 91 0 48 47 25 20 18 10 11 31 35 45 55 16 5 5 5 
1139500 1139542 0 0 0 -4 -32 0 -3 -31 -5 88 28 59 57 25 20 17 10 11 31 35 45 55 16 7 7 5 
2562500 2562623 0 0 0 -5 -51 0 -2 -48 1 94 48 64 63 25 20 17 10 13 33 35 45 55 16 7 8 5 
3546000 3546240 0 0 0 -6 -39 0 -4 -38 -3 90 35 57 56 25 20 17 10 11 31 35 45 55 16 7 7 5 
4407000 4407154 0 0 0 0 -25 0 2 -24 3 96 25 55 53 25 20 17 10 11 31 35 45 55 16 4 7 5 
6634500 6634727 0 0 0 0 -38 0 4 -36 2 95 41 58 60 25 20 17 10 11 31 35 45 55 16 7 7 5 
7113500 7113571 0 -1 1 -49 -100 -51 -52 -101 -53 40 48 80 79 25 20 17 10 12 32 35 45 55 16 7 10 5 
7136000 7136164 0 2 1 -96 -140 -97 -96 -142 -98 -5 45 85 82 25 20 17 10 12 32 35 45 55 16 11 10 5 
7162500 7162612 0 -3 1 -48 -100 -49 -44 -96 -46 47 53 76 74 25 20 17 10 12 32 35 45 55 16 9 6 5 
7362500 7363708 0 -1 1 -49 -97 -51 -58 -105 -59 34 49 81 84 25 20 17 10 12 32 35 45 55 16 3 7 5 
7390500 7390631 0 2 1 -141 -190 -143 -136 -185 -137 -44 48 94 94 25 20 17 10 12 32 35 45 55 16 10 12 5 
7487000 7487018 0 -3 1 -46 -100 -48 -45 -97 -46 47 52 77 75 25 20 17 10 12 32 35 45 55 16 8 7 5 
7509000 7509017 0 -1 1 -53 -116 -55 -45 -110 -47 46 64 88 86 25 20 17 10 12 32 35 45 55 16 11 8 5 
7680500 7680522 0 2 1 -390 -348 -393 -395 -352 -397 -304 -42 107 109 25 20 17 10 12 30 35 45 55 16 14 14 5 
8139500 8139617 0 -3 1 -45 -117 -50 -40 -114 -42 51 74 76 76 25 20 16 10 11 31 35 45 55 16 10 9 5 
8603000 8603097 0 0 0 6 -53 0 6 -52 5 98 59 71 69 25 20 16 10 11 31 35 45 55 16 9 9 5 
8734500 8734549 0 0 0 -9 -63 0 -8 -61 -10 83 53 69 66 25 20 16 10 11 31 35 45 55 16 8 9 5 
9767500 9767713 0 0 0 -13 -52 0 -12 -51 -14 79 40 60 60 25 20 16 10 11 31 35 45 55 16 7 8 5 
9818000 9818170 0 0 0 14 -31 0 14 -29 14 107 44 64 61 25 20 16 10 12 32 35 45 55 16 8 6 5 
9861000 9861151 0 0 0 -2 -48 0 -1 -47 -3 90 45 62 62 25 20 16 10 12 32 35 45 55 16 8 8 5 
9880000 9880089 0 0 0 46 -4 0 46 -3 45 138 49 67 66 25 20 16 10 12 32 35 45 55 16 8 9 5 
10213500 10213606 0 0 0 25 -18 0 26 -16 24 117 43 66 72 25 20 16 10 12 32 35 45 55 16 8 9 5 
10236000 10236201 0 0 0 -11 -49 0 -10 -47 -12 81 37 64 69 25 20 16 10 12 32 35 45 55 16 8 8 5 
10266500 10266517 0 0 0 -3 -45 0 -2 -43 -4 89 39 72 73 25 20 16 10 12 32 35 45 55 16 6 8 5 
10294500 10294586 0 0 0 -17 -57 0 -15 -54 -19 74 38 65 61 25 20 16 10 12 32 35 45 55 16 9 8 5 
10491000 10491107 0 0 0 -25 -56 0 -21 -54 -23 70 33 58 52 25 20 16 10 12 32 35 45 55 16 8 6 5 
10515500 10515724 0 0 0 -7 -39 0 -5 -37 -7 86 32 61 63 25 20 16 10 12 32 35 45 55 16 8 8 5 
10522000 10522003 0 13 0 16 -30 -2 20 -26 18 111 44 73 79 25 20 16 10 12 32 35 45 55 16 6 10 5 
10528500 10528733 0 0 0 44 -5 0 44 -5 42 135 48 60 56 25 20 16 10 12 32 35 45 55 16 7 8 5 
10697500 10697505 0 0 0 34 -8 0 35 -7 34 127 43 59 67 25 20 16 10 11 31 35 45 55 16 7 8 5 
10710000 10710094 0 0 0 14 -17 0 17 -15 16 109 31 65 61 25 20 16 10 11 31 35 45 55 16 8 7 5 
10725500 10725671 0 0 0 -23 -50 0 -22 -49 -23 70 27 61 63 25 20 16 10 11 31 35 45 55 16 8 7 5 
10982500 10982746 0 0 0 -29 -51 0 -29 -50 -31 62 21 54 50 25 20 16 10 11 31 35 45 55 16 7 6 5 
11001000 11001061 0 0 0 -3 -31 0 1 -27 -1 92 27 57 51 25 20 16 10 11 31 35 45 55 16 6 7 5 
11693000 11693008 0 0 0 -1 -21 0 1 -19 1 94 21 53 45 25 20 17 10 12 32 35 45 55 16 6 6 5 
11739000 11739266 0 0 0 43 5 0 43 5 39 132 36 53 53 25 20 17 10 13 33 35 45 55 16 7 6 5 
11764500 11764654 0 0 0 51 7 0 53 8 53 146 46 54 55 25 20 17 10 13 33 35 45 55 16 6 7 5 
12178500 12178757 0 0 0 26 -4 0 26 -4 25 118 30 54 55 25 20 17 10 13 33 35 45 55 16 6 7 5 
13185500 13185777 0 0 0 23 -1 0 25 0 23 116 24 53 52 25 20 17 10 12 32 35 45 55 16 7 6 5 
13228500 13228738 0 0 0 2 -16 0 0 -17 -2 91 16 52 48 25 20 17 10 12 32 35 45 55 16 4 4 5 
13279500 13279515 0 0 0 -23 -41 0 -22 -39 -23 70 19 54 53 25 20 17 10 12 32 35 45 55 16 6 7 5 
13797000 13797174 0 0 0 -14 -34 0 -12 -31 -13 80 20 56 58 25 20 17 10 12 32 35 45 55 16 7 7 5 
13907500 13907948 0 0 0 -15 -34 0 -12 -32 -14 79 19 61 65 25 20 17 10 12 32 35 45 55 16 5 7 5 
13923500 13923848 0 13 0 26 -12 1 19 -21 18 111 41 67 67 25 20 17 10 12 32 35 45 55 16 1 2 5 
13933500 13933698 0 0 0 50 15 0 54 17 54 147 38 55 55 25 20 17 10 12 32 35 45 55 16 7 7 5 
13977000 13977128 0 0 0 30 2 0 33 5 33 126 28 53 54 25 20 17 10 12 32 35 45 55 16 6 7 5 
14509500 14509572 0 0 0 32 3 0 32 5 34 127 30 55 56 25 20 17 10 13 33 35 45 55 16 7 7 5 
14543000 14543058 0 0 0 1 -16 0 3 -13 4 97 17 62 54 25 20 17 10 13 33 35 45 55 16 7 6 5 
14646500 14646904 0 0 0 6 -12 0 3 -13 7 100 15 60 60 25 20 17 10 13 33 35 45 55 16 4 7 5 
14654000 14654077 0 13 0 28 -1 -4 35 4 36 129 32 66 72 25 20 17 10 13 33 35 45 55 16 8 7 5 
14660500 14660595 0 0 0 56 16 0 60 19 61 154 43 53 55 25 20 17 10 13 33 35 45 55 16 6 7 5 
14809500 14809669 0 0 0 36 7 0 39 10 40 133 30 53 53 25 20 17 10 12 32 35 45 55 16 7 7 5 
14878500 14878674 0 0 0 33 10 0 33 10 36 129 25 54 56 25 20 17 10 12 32 35 45 55 16 7 7 5 
14920000 14920093 0 0 0 10 -8 0 11 -5 12 105 18 53 55 25 20 17 10 12 32 35 45 55 16 7 6 5 
15285500 15285659 0 0 0 12 -9 0 13 -8 13 106 20 52 55 25 20 17 10 12 32 35 45 55 16 7 6 5 
15330500 15330642 0 0 0 34 4 0 33 5 33 126 28 54 56 25 20 17 10 12 32 35 45 55 16 7 7 5 
15337500 15337545 0 13 0 19 -14 5 27 -10 27 120 37 68 68 25 20 17 10 12 32 35 45 55 16 7 1 5 
15349500 15349508 0 0 0 -20 -41 0 -19 -40 -18 75 22 54 52 25 20 17 10 12 32 35 45 55 16 7 6 5 
16386000 16386102 0 0 0 -24 -42 0 -22 -41 -23 70 17 51 51 25 20 17 10 11 31 35 45 55 16 6 6 5 
16572000 16572204 0 0 0 -30 -40 0 -29 -40 -29 64 11 52 52 25 20 17 10 12 32 35 45 55 16 6 7 5 
16603500 16603589 0 0 0 26 -1 0 28 0 29 122 26 55 56 25 20 17 10 12 32 35 45 55 16 7 7 5 
16661000 16661175 0 0 0 33 4 0 34 6 32 125 27 53 50 25 20 17 10 13 33 35 45 55 16 6 7 5 
16761000 16761102 0 0 0 50 9 0 55 14 55 148 42 56 55 25 20 17 10 13 33 35 45 55 16 7 7 5 
16802500 16802564 0 0 0 6 -9 0 6 -8 7 100 14 55 56 25 20 17 10 12 32 35 45 55 16 7 7 5 
16874000 16874110 0 0 0 17 1 0 20 4 20 113 15 55 55 25 20 17 10 12 32 35 45 55 16 7 7 5 
17014500 17014660 0 0 0 -7 -41 0 -3 -39 -3 90 36 59 58 25 20 17 10 12 32 35 45 55 16 5 7 5 
17222500 17222513 0 0 0 4 -41 0 3 -39 3 96 43 69 69 25 20 17 10 12 32 35 45 55 16 5 7 5 
17280000 17280242 0 -1 1 -47 -92 -51 -50 -95 -51 42 45 84 84 25 20 17 10 12 32 35 45 55 16 9 10 5 
17456500 17456504 0 2 1 -277 -241 -283 -277 -241 -277 -184 -36 97 94 25 20 17 10 12 32 35 45 55 16 11 12 5 
17791500 17791541 0 -3 1 -40 -126 -49 -38 -126 -37 56 88 83 83 25 20 17 10 12 32 35 45 55 16 10 11 5 
18030500 18030682 0 0 0 12 -40 0 14 -38 14 107 53 62 61 25 20 17 10 11 31 35 45 55 16 8 8 5 
18197000 18197111 0 0 0 15 -40 0 15 -39 14 107 53 67 64 25 20 17 10 11 31 35 45 55 16 8 2 5 
18628500 18628618 0 0 0 15 -44 0 17 -42 18 111 58 62 64 25 20 17 10 12 32 35 45 55 16 8 8 5 
18882000 18882068 0 0 0 1 -42 0 0 -42 2 95 42 61 61 25 20 17 10 12 32 35 45 55 16 8 8 5 
19078500 19078716 0 0 0 26 -29 0 28 -27 28 121 54 63 62 25 20 17 10 12 32 35 45 55 16 8 8 5 
19573500 19573549 0 0 0 33 -6 0 35 -6 36 129 40 58 59 25 20 17 10 11 31 35 45 55 16 7 7 5 
19997500 19997508 0 0 0 37 0 0 38 2 40 133 37 55 56 25 20 17 10 11 31 35 45 55 16 7 7 5 
20773500 20773526 0 0 0 31 7 0 33 11 36 129 23 52 50 25 20 17 10 11 31 35 45 55 16 6 7 5 
21267000 21267191 0 0 0 56 20 0 62 24 62 155 38 54 54 25 20 17 10 11 31 35 45 55 16 7 7 5 
243500 243634 1 0 -1 0 0 0 0 0 0 59 0 48 47 25 20 18 10 11 31 35 45 55 16 5 5 5 
1140500 1140565 1 0 0 -4 -18 0 1 -14 -6 53 13 59 61 25 20 17 10 11 31 35 45 55 16 7 6 5 
2565500 2565696 1 0 0 -4 -34 0 -2 -31 -7 52 30 63 64 25 20 17 10 13 33 35 45 55 16 8 8 5 
3548000 3548138 1 0 0 1 -15 0 3 -12 -2 57 15 57 55 25 20 17 10 11 31 35 45 55 16 7 7 5 
4403000 4403059 1 0 0 0 -6 0 2 -4 -4 55 6 56 55 25 20 17 10 11 31 35 45 55 16 7 6 5 
6623000 6623071 1 0 0 5 -19 0 9 -16 4 63 26 57 56 25 20 17 10 11 31 35 45 55 16 7 7 5 
7365000 7365427 1 -1 1 -51 -77 -51 -54 -80 -61 -2 26 86 87 25 20 17 10 12 32 35 45 55 16 7 6 5 
7390000 7390159 1 2 1 -114 -142 -113 -103 -136 -109 -50 33 94 96 25 20 17 10 12 32 35 45 55 16 11 11 5 
7460000 7460121 1 -3 1 -50 -81 -50 -50 -83 -55 4 33 71 71 25 20 17 10 12 32 35 45 55 16 9 8 5 
7511500 7511874 1 -1 1 -52 -81 -51 -52 -82 -57 2 31 91 92 25 20 17 10 12 32 35 45 55 16 5 11 5 
7649000 7649046 1 2 1 -302 -259 -300 -297 -256 -302 -243 -42 107 107 25 20 17 10 12 30 35 45 55 16 14 14 5 
7792000 7792170 1 -3 1 -51 -127 -48 -43 -123 -50 9 79 91 86 25 20 17 10 13 33 35 45 55 16 12 12 5 
7812000 7812004 1 -1 1 -56 -116 -54 -52 -110 -59 0 58 88 89 25 20 17 10 13 33 35 45 55 16 11 11 5 
8025500 8025556 1 2 1 -227 -240 -223 -228 -241 -235 -176 13 113 113 25 20 16 10 12 28 35 45 55 16 14 11 5 
8064500 8064597 1 -3 1 -54 -136 -50 -47 -131 -51 8 84 87 91 25 20 16 10 12 32 35 45 55 16 11 11 5 
8406000 8406098 1 0 0 -7 -33 0 -2 -29 -9 50 26 59 61 25 20 16 10 10 30 35 45 55 16 7 7 5 
8603000 8603097 1 0 0 14 -29 0 16 -27 10 69 42 71 69 25 20 16 10 11 31 35 45 55 16 9 9 5 
8732500 8732696 1 0 0 1 -34 0 2 -31 -3 56 33 66 64 25 20 16 10 11 31 35 45 55 16 8 8 5 
9773000 9773123 1 0 0 6 -20 0 10 -17 4 63 26 61 61 25 20 16 10 11 31 35 45 55 16 8 8 5 
9823500 9823604 1 0 0 24 -4 0 27 -1 21 80 26 63 64 25 20 16 10 12 32 35 45 55 16 8 8 5 
9902500 9902544 1 0 0 16 -6 0 19 -3 14 73 24 65 65 25 20 16 10 12 32 35 45 55 16 8 8 5 
10217500 10217685 1 0 0 -9 -19 0 -7 -15 -13 46 8 64 67 25 20 16 10 12 32 35 45 55 16 7 9 5 
10236000 10236201 1 0 0 3 -25 0 5 -22 -1 58 26 64 69 25 20 16 10 12 32 35 45 55 16 8 8 5 
10264500 10264892 1 0 0 -18 -36 0 -15 -34 -20 39 19 72 74 25 20 16 10 12 32 35 45 55 16 3 7 5 
10302000 10302036 1 0 0 -35 -42 0 -34 -41 -41 18 7 67 72 25 20 16 10 12 32 35 45 55 16 8 9 5 
10493000 10493112 1 0 0 -33 -34 0 -33 -32 -38 21 0 57 56 25 20 16 10 12 32 35 45 55 16 6 7 5 
10528500 10528733 1 0 0 1 -15 0 4 -12 -3 56 16 60 56 25 20 16 10 12 32 35 45 55 16 7 8 5 
10699500 10699690 1 0 0 -8 -15 0 -7 -14 -12 47 6 59 58 25 20 16 10 11 31 35 45 55 16 8 7 5 
10725500 10725671 1 0 0 -31 -33 0 -28 -30 -34 25 2 61 63 25 20 16 10 11 31 35 45 55 16 8 7 5 
10977000 10977194 1 0 0 -26 -24 0 -22 -20 -27 32 -1 56 63 25 20 16 10 11 31 35 45 55 16 7 7 5 
11044500 11044731 1 0 0 7 5 0 10 7 5 64 4 58 64 25 20 16 10 11 31 35 45 55 16 6 8 5 
11708000 11709175 1 0 0 -2 -15 0 -4 -21 -8 51 17 66 74 25 20 17 10 12 32 35 45 55 16 0 3 5 
11766000 11766055 1 0 0 -11 -11 0 -9 -9 -15 44 0 55 57 25 20 17 10 13 33 35 45 55 16 7 7 5 
12190000 12190171 1 0 0 -19 -17 0 -14 -14 -20 39 0 53 51 25 20 17 10 13 33 35 45 55 16 6 7 5 
12733500 12733760 1 0 0 -18 -9 0 -16 -8 -22 37 -8 52 56 25 20 17 10 12 32 35 45 55 16 6 7 5 
13183500 13183540 1 0 0 -17 -8 0 -14 -4 -21 38 -10 53 54 25 20 17 10 12 32 35 45 55 16 7 7 5 
13283000 13283245 1 0 0 -11 -14 0 -9 -12 -16 43 2 57 61 25 20 17 10 12 32 35 45 55 16 7 7 5 
13808000 13808026 1 0 0 -12 -9 0 -8 -5 -14 45 -4 57 57 25 20 17 10 12 32 35 45 55 16 6 7 5 
13902000 13902040 1 0 0 -14 -13 0 -10 -10 -15 44 2 53 58 25 20 17 10 12 32 35 45 55 16 7 6 5 
13967500 13967752 1 0 0 -3 1 0 3 5 -2 57 -1 51 50 25 20 17 10 12 32 35 45 55 16 6 6 5 
14520500 14520715 1 0 0 -13 -4 0 -10 -1 -16 43 -9 57 55 25 20 17 10 13 33 35 45 55 16 8 7 5 
14676000 14676043 1 0 0 -5 -3 0 0 1 -6 53 -2 55 53 25 20 17 10 13 33 35 45 55 16 6 7 5 
14805000 14805193 1 0 0 -5 4 0 -2 7 -9 50 -10 53 52 25 20 17 10 12 32 35 45 55 16 6 7 5 
14878500 14878674 1 0 0 -5 6 0 -3 10 -8 51 -11 54 56 25 20 17 10 12 32 35 45 55 16 7 7 5 
14918000 14918230 1 0 0 -22 -12 0 -19 -8 -25 34 -11 54 54 25 20 17 10 12 32 35 45 55 16 7 7 5 
15283000 15283150 1 0 0 -15 -10 0 -12 -8 -17 42 -3 54 53 25 20 17 10 12 32 35 45 55 16 7 7 5 
15351000 15351225 1 0 0 -15 -17 0 -13 -14 -19 40 0 53 52 25 20 17 10 12 32 35 45 55 16 7 7 5 
16365500 16365703 1 0 0 -23 -17 0 -21 -15 -26 33 -5 53 52 25 20 17 10 11 31 35 45 55 16 7 7 5 
16571000 16571056 1 0 0 -22 -17 0 -20 -14 -25 34 -5 52 52 25 20 17 10 12 32 35 45 55 16 6 6 5 
16604000 16604129 1 0 0 -18 -10 0 -15 -9 -21 38 -7 55 55 25 20 17 10 12 32 35 45 55 16 7 7 5 
16656000 16656100 1 0 0 -15 -9 0 -13 -7 -18 41 -6 55 56 25 20 17 10 13 33 35 45 55 16 7 7 5 
16762500 16762695 1 0 0 -12 -2 0 -9 0 -15 44 -10 56 57 25 20 17 10 13 33 35 45 55 16 7 7 5 
16801000 16801165 1 0 0 0 5 0 2 8 -5 54 -7 55 56 25 20 17 10 12 32 35 45 55 16 7 7 5 
16872000 16872190 1 0 0 1 6 0 5 8 0 59 -3 55 56 25 20 17 10 12 32 35 45 55 16 7 7 5 
17001000 17001391 1 0 0 -11 -23 0 -5 -19 -10 49 15 59 56 25 20 17 10 12 32 35 45 55 16 6 5 5 
17222000 17222071 1 0 0 -11 -28 0 -7 -26 -14 45 17 69 68 25 20 17 10 12 32 35 45 55 16 4 8 5 
17248500 17248520 1 0 0 1 -18 0 5 -15 0 59 20 63 62 25 20 17 10 12 32 35 45 55 16 7 8 5 
17278500 17278637 1 -1 1 -49 -57 -51 -46 -53 -52 7 7 83 84 25 20 17 10 12 32 35 45 55 16 10 10 5 
17455500 17455583 1 2 1 -256 -201 -263 -258 -203 -265 -206 -57 97 98 25 20 17 10 12 32 35 45 55 16 11 12 5 
17789000 17789134 1 -3 1 -33 -91 -50 -30 -88 -36 23 57 81 81 25 20 17 10 12 32 35 45 55 16 10 10 5 
18032500 18032638 1 0 0 24 -13 0 28 -10 21 80 37 62 62 25 20 17 10 11 31 35 45 55 16 8 8 5 
18189500 18190303 1 0 0 32 4 0 34 6 27 86 28 65 63 25 20 17 10 11 31 35 45 55 16 4 7 5 
18627000 18627193 1 0 0 21 -20 0 23 -19 17 76 40 62 63 25 20 17 10 12 32 35 45 55 16 8 8 5 
18893000 18893245 1 0 0 0 -26 0 3 -24 -1 58 28 62 63 25 20 17 10 12 32 35 45 55 16 8 8 5 
19075000 19075194 1 0 0 16 -20 0 20 -16 13 72 34 64 64 25 20 17 10 12 32 35 45 55 16 8 8 5 
19577500 19577705 1 0 0 31 10 0 32 13 25 84 19 57 58 25 20 17 10 11 31 35 45 55 16 7 7 5 
19997500 19997508 1 0 0 30 13 0 30 15 25 84 16 55 56 25 20 17 10 11 31 35 45 55 16 7 7 5 
20770000 20770053 1 0 0 23 20 0 28 25 23 82 4 51 52 25 20 17 10 11 31 35 45 55 16 5 5 5 
21280000 21280018 1 0 0 20 11 0 21 14 14 73 7 55 57 25 20 17 10 11 31 35 45 55 16 7 7 5 
