29500 29552 0 0 -1 0 0 0 0 0 0 -69 0 62 63 25 20 16 10 10 30 35 45 55 16 8 5 5 
92500 92582 0 -1 1 43 -86 58 35 -84 8 -54 113 99 102 25 20 14 10 12 30 35 45 55 16 11 11 5 
95500 95584 0 2 1 79 -65 94 102 -51 70 8 143 96 82 25 20 14 10 12 32 35 45 55 16 12 7 5 
119000 119131 0 -3 1 26 -77 47 48 -63 4 -58 91 95 91 25 20 14 10 12 32 35 45 55 16 10 10 5 
229500 229522 0 0 0 -48 -38 0 -44 -31 -53 -115 -5 57 56 25 20 14 10 13 33 35 45 55 16 7 7 5 
239000 239147 0 0 0 -53 -43 0 -45 -34 -54 -116 -5 55 58 25 20 14 10 13 33 35 45 55 16 7 7 5 
282000 282219 0 0 0 -16 -18 0 -6 -8 -19 -81 5 58 60 25 20 14 10 13 33 35 45 55 16 7 7 5 
294000 294166 0 0 0 -2 -5 0 9 3 -5 -67 9 56 57 25 20 14 10 13 33 35 45 55 16 7 7 5 
364500 364728 0 0 0 2 -5 0 10 2 -1 -63 17 53 51 25 20 14 10 12 32 35 45 55 16 7 6 5 
371000 371416 0 13 0 -25 -20 -4 -20 -12 -31 -93 5 62 65 25 20 15 10 11 31 35 45 55 16 6 8 5 
378500 378636 0 0 0 -48 -42 0 -42 -34 -52 -114 -4 70 71 25 20 15 10 11 31 35 45 55 16 9 9 5 
403000 403037 0 0 0 -14 -27 0 -4 -19 -22 -84 24 67 71 25 20 16 10 10 30 35 45 55 16 9 8 5 
506000 506194 0 0 0 -41 -58 0 -31 -49 -50 -112 22 68 70 25 20 16 10 12 32 35 45 55 16 9 8 5 
652000 652079 0 0 0 -49 -66 0 -39 -57 -58 -120 17 75 72 25 20 15 10 13 33 35 45 55 16 7 9 5 
736500 736638 0 -1 7 24 -78 67 69 -62 36 -26 115 100 88 25 20 14 10 13 33 35 45 55 16 7 12 5 
741500 741559 0 2 7 82 -46 125 68 -36 43 -19 100 91 100 25 20 14 10 13 31 35 45 55 16 11 9 5 
753500 753589 0 -3 7 8 -53 50 17 -42 5 -57 58 83 73 25 20 14 10 14 34 35 45 55 16 11 9 5 
937500 937698 0 -1 7 27 -109 57 45 -102 1 -61 133 108 109 25 20 15 10 13 31 35 45 55 16 12 12 5 
942000 942106 0 2 7 113 -95 142 129 -84 82 20 193 97 82 25 20 15 10 13 33 35 45 55 16 12 8 5 
953500 953582 0 -3 7 19 -97 47 50 -84 6 -56 113 102 101 25 20 15 10 13 31 35 45 55 16 6 5 5 
1224000 1224162 0 -1 7 42 -54 52 50 -52 10 -52 85 91 79 25 20 13 10 12 32 35 45 55 16 12 8 5 
1228500 1228661 0 2 7 108 6 117 120 19 81 19 93 79 81 25 20 13 10 12 32 35 45 55 16 9 7 5 
1241500 1241529 0 -3 7 40 -18 48 49 -8 27 -35 53 80 65 25 20 13 10 12 32 35 45 55 16 10 6 5 
1374500 1374564 0 0 0 1 -53 0 10 -44 -21 -83 49 72 71 25 20 15 10 11 31 35 45 55 16 9 9 5 
1808500 1808642 0 -1 1 -58 -138 -53 -67 -129 -101 -163 57 90 103 25 20 15 10 11 29 35 45 55 16 11 10 5 
1819000 1819064 0 2 1 -244 -254 -238 -250 -249 -274 -336 -1 104 110 25 20 15 10 12 28 35 45 55 16 13 14 5 
1834500 1834679 0 -3 1 -55 -90 -49 -46 -81 -60 -122 35 80 77 25 20 15 10 13 33 35 45 55 16 10 10 5 
1846000 1846172 0 -1 1 -56 -56 -50 -48 -47 -61 -123 -1 77 77 25 20 15 10 13 33 35 45 55 16 10 10 5 
1858000 1858136 0 2 1 -101 -79 -95 -92 -70 -106 -168 -22 76 76 25 20 15 10 13 33 35 45 55 16 9 9 5 
1890000 1890006 0 -3 1 -56 -67 -49 -48 -58 -63 -125 10 86 90 25 20 15 10 13 33 35 45 55 16 8 9 5 
2350000 2350104 0 0 0 -14 -36 0 -3 -27 -27 -89 19 78 79 25 20 16 10 12 32 35 45 55 16 10 10 5 
2541500 2541690 0 0 0 -10 -21 0 -1 -11 -12 -74 11 69 68 25 20 15 10 14 34 35 45 55 16 9 9 5 
2612000 2612087 0 -1 7 42 -39 54 36 -30 22 -40 67 110 113 25 20 15 10 14 30 35 45 55 16 14 11 5 
2638000 2638157 0 2 7 120 -19 132 145 -5 102 40 137 97 93 25 20 16 10 13 33 35 45 55 16 11 12 5 
2651500 2651565 0 -3 7 36 -59 49 48 -50 16 -46 88 100 102 25 20 16 10 13 31 35 45 55 16 9 13 5 
2666500 2666539 0 -1 7 47 -83 60 59 -76 31 -31 119 95 92 25 20 16 10 13 33 35 45 55 16 10 6 5 
2686500 2687301 0 2 7 103 2 116 115 16 80 18 86 80 80 25 20 16 10 13 33 35 45 55 16 6 6 5 
2700500 2700840 0 -3 7 34 -8 48 37 -2 16 -46 38 71 70 25 20 16 10 13 33 35 45 55 16 0 7 5 
2796500 2796631 0 -1 7 35 -51 52 52 -41 8 -54 70 95 93 25 20 16 10 12 32 35 45 55 16 13 9 5 
2816500 2816623 0 2 7 104 16 121 97 28 56 -6 61 89 106 25 20 16 10 11 29 35 45 55 16 10 11 5 
2831000 2831018 0 -3 7 32 -15 49 39 -6 11 -51 43 75 76 25 20 16 10 11 31 35 45 55 16 9 9 5 
2954000 2954013 0 0 0 -21 -33 0 -12 -25 -30 -92 19 74 73 25 20 16 10 11 31 35 45 55 16 10 9 5 
3220000 3220171 0 0 0 -31 -33 0 -22 -25 -36 -98 4 70 69 25 20 15 10 13 33 35 45 55 16 9 9 5 
3239000 3239164 0 0 0 -28 -32 0 -21 -24 -35 -97 3 70 68 25 20 15 10 13 33 35 45 55 16 9 9 5 
3254000 3254110 0 0 0 -5 -31 0 3 -24 -15 -77 24 69 66 25 20 15 10 13 33 35 45 55 16 9 9 5 
3340500 3340703 0 0 0 -9 -16 0 -2 -8 -15 -77 7 68 71 25 20 15 10 13 33 35 45 55 16 8 9 5 
3353000 3353173 0 0 0 -6 -16 0 4 -7 -11 -73 11 68 69 25 20 15 10 13 33 35 45 55 16 9 9 5 
3365500 3365567 0 0 0 23 8 0 27 11 10 -52 14 85 94 25 20 15 10 13 33 35 45 55 16 8 10 5 
3411500 3411678 0 0 0 -6 -14 0 4 -5 -9 -71 9 67 66 25 20 15 10 13 33 35 45 55 16 8 9 5 
3462500 3463470 0 -1 7 -58 -122 -51 -91 -149 -96 -158 57 113 115 25 20 15 10 13 29 35 45 55 16 2 4 5 
3475000 3475165 0 2 7 108 -69 115 119 -59 129 67 185 88 85 25 20 15 10 13 33 35 45 55 16 10 10 5 
3518000 3519691 0 -3 7 41 -16 50 44 -8 40 -22 54 79 89 25 20 16 10 13 33 35 45 55 16 0 7 5 
3638000 3638036 0 0 0 -11 -10 0 -2 1 -12 -74 0 64 63 25 20 16 10 13 33 35 45 55 16 8 8 5 
3657500 3657560 0 -1 7 41 26 52 48 33 32 -30 15 72 65 25 20 16 10 13 33 35 45 55 16 9 7 5 
3687500 3687630 0 2 7 153 0 164 155 14 106 44 128 102 105 25 20 16 10 13 31 35 45 55 16 12 7 5 
3715500 3716038 0 -3 7 27 -120 38 7 -114 -19 -81 122 109 111 25 20 16 10 14 30 35 45 55 16 10 12 5 
3726000 3726009 0 -1 1 -64 -170 -52 -49 -159 -68 -130 110 108 109 25 20 16 10 14 32 35 45 55 16 12 12 5 
3799000 3799062 0 2 1 -255 -214 -244 -258 -213 -277 -339 -43 92 95 25 20 16 10 13 33 35 45 55 16 12 11 5 
3851000 3851131 0 -3 1 -50 -150 -39 -37 -144 -57 -119 108 96 97 25 20 16 10 14 34 35 45 55 16 11 13 5 
3873500 3873530 0 -1 1 -62 -104 -51 -52 -96 -66 -128 45 83 78 25 20 16 10 14 34 35 45 55 16 10 8 5 
3879500 3879650 0 2 1 -118 -136 -107 -109 -129 -128 -190 20 87 94 25 20 16 10 14 34 35 45 55 16 11 10 5 
3890500 3890685 0 -3 1 -60 -107 -48 -62 -97 -83 -145 35 87 101 25 20 16 10 14 32 35 45 55 16 8 11 5 
4173000 4173057 0 -1 7 56 -60 68 89 -49 49 -13 124 102 97 25 20 16 10 13 33 35 45 55 16 14 12 5 
4182500 4182630 0 2 7 129 -25 141 136 -14 98 36 135 89 93 25 20 16 10 13 33 35 45 55 16 8 12 5 
4193500 4193552 0 -3 7 36 -63 48 51 -55 12 -50 96 96 95 25 20 16 10 13 33 35 45 55 16 8 11 5 
4218000 4218008 0 -1 7 44 -95 57 52 -87 11 -51 124 103 104 25 20 16 10 13 31 35 45 55 16 14 13 5 
4231000 4231096 0 2 7 107 -12 119 114 -4 84 22 109 84 93 25 20 16 10 13 33 35 45 55 16 6 8 5 
4235500 4235588 0 -3 7 36 -48 49 22 -42 -4 -66 58 93 100 25 20 16 10 13 31 35 45 55 16 12 12 5 
4424000 4424137 0 0 0 -13 -33 0 -4 -26 -22 -84 22 71 69 25 20 16 10 13 33 35 45 55 16 8 9 5 
4485500 4485650 0 -1 7 44 -20 56 65 -4 32 -30 63 89 82 25 20 16 10 13 33 35 45 55 16 12 10 5 
4488500 4488595 0 2 7 91 15 103 101 24 70 8 71 79 78 25 20 16 10 13 33 35 45 55 16 10 10 5 
4545000 4545007 0 -3 7 35 -22 46 46 -12 25 -37 52 87 96 25 20 15 10 13 33 35 45 55 16 11 7 5 
4828500 4828547 0 -1 7 57 -66 64 64 -58 33 -29 110 114 119 25 20 14 10 13 29 35 45 55 16 12 14 5 
4831500 4831686 0 2 7 150 -31 157 152 -20 112 50 156 103 106 25 20 14 10 13 31 35 45 55 16 9 8 5 
4870500 4870558 0 -3 7 43 -32 49 51 -22 27 -35 68 86 81 25 20 14 10 13 33 35 45 55 16 11 11 5 
4957500 4957688 0 0 0 -5 -35 0 3 -26 -17 -79 28 77 75 25 20 15 10 12 32 35 45 55 16 10 10 5 
5044500 5044518 0 -1 7 44 -130 53 48 -125 -78 -140 116 131 130 25 20 16 10 10 25 35 45 55 16 15 13 5 
5068000 5068078 0 2 7 112 -38 123 126 -27 56 -6 122 85 75 25 20 16 10 11 31 35 45 55 16 11 11 5 
5081500 5081580 0 -3 7 37 -11 49 46 -3 15 -47 48 79 79 25 20 16 10 11 31 35 45 55 16 10 10 5 
5123000 5123243 0 0 0 -13 -34 0 -3 -23 -25 -87 20 79 83 25 20 16 10 12 32 35 45 55 16 9 10 5 
5288000 5288069 0 0 0 5 -17 0 17 -7 3 -59 23 77 75 25 20 15 10 14 34 35 45 55 16 10 10 5 
5389500 5389627 0 0 0 -7 -22 0 2 -13 -9 -71 16 78 78 25 20 16 10 14 34 35 45 55 16 10 10 5 
5522500 5522682 0 0 0 14 2 0 23 11 10 -52 15 62 63 25 20 16 10 13 33 35 45 55 16 8 8 5 
5619500 5619630 0 0 0 45 32 0 54 41 41 -21 12 66 65 25 20 16 10 14 34 35 45 55 16 9 8 5 
5638000 5638120 0 0 0 49 36 0 56 44 45 -17 13 68 67 25 20 16 10 14 34 35 45 55 16 9 9 5 
5702500 5702567 0 0 0 6 12 0 14 20 4 -58 -5 64 66 25 20 16 10 15 35 35 45 55 16 8 8 5 
5885500 5885574 0 0 0 6 10 0 14 17 2 -60 -4 61 61 25 20 16 10 16 36 35 45 55 16 8 8 5 
5984000 5984175 0 0 0 4 11 0 9 18 -5 -67 -8 60 58 25 20 16 10 15 35 35 45 55 16 7 7 5 
6192500 6192704 0 0 0 14 17 0 24 26 12 -50 3 62 63 25 20 16 10 13 33 35 45 55 16 8 8 5 
6198000 6198033 0 13 0 73 42 6 83 49 54 -8 31 80 88 25 20 16 10 13 33 35 45 55 16 6 11 5 
6203000 6203161 0 0 0 115 74 0 123 83 93 31 39 63 60 25 20 16 10 13 33 35 45 55 16 8 7 5 
6225000 6225249 0 0 0 101 64 0 110 73 80 18 35 58 57 25 20 16 10 13 33 35 45 55 16 7 7 5 
6333500 6333726 0 0 0 103 61 0 112 69 81 19 46 61 61 25 20 16 10 12 32 35 45 55 16 8 8 5 
6721500 6721687 0 0 0 106 70 0 113 78 79 17 40 59 58 25 20 17 10 12 32 35 45 55 16 7 5 5 
6726500 6726846 0 13 0 75 49 1 75 54 41 -21 22 71 65 25 20 17 10 12 32 35 45 55 16 7 6 5 
6732000 6732027 0 0 0 38 30 0 47 40 29 -33 10 69 66 25 20 17 10 12 32 35 45 55 16 9 8 5 
7062000 7062079 0 0 0 20 13 0 30 23 14 -48 11 66 68 25 20 18 10 13 33 35 45 55 16 8 9 5 
7244500 7244691 0 0 0 41 24 0 54 36 37 -25 16 69 69 25 20 16 10 14 34 35 45 55 16 9 8 5 
7360500 7360642 0 0 0 30 24 0 38 33 25 -37 4 66 65 25 20 16 10 14 34 35 45 55 16 8 8 5 
7383500 7383510 0 0 0 70 20 0 76 24 56 -6 47 81 79 25 20 16 10 14 34 35 45 55 16 7 9 5 
7419500 7419751 0 0 0 48 35 0 50 39 35 -27 11 70 67 25 20 16 10 14 34 35 45 55 16 3 9 5 
7524000 7524225 0 0 0 32 24 0 41 32 24 -38 7 68 60 25 20 16 10 14 34 35 45 55 16 6 7 5 
7648000 7648077 0 0 0 47 37 0 54 46 40 -22 8 75 77 25 20 15 10 14 34 35 45 55 16 9 9 5 
7830000 7830085 0 0 0 66 31 0 76 41 56 -6 32 77 76 25 20 15 10 14 34 35 45 55 16 8 10 5 
7903500 7903637 0 -1 1 11 -1 -51 37 19 20 -42 15 87 88 25 20 15 10 14 34 35 45 55 16 9 6 5 
7920000 7920053 0 2 1 -137 -151 -198 -143 -153 -164 -226 9 114 117 25 20 15 10 14 30 35 45 55 16 15 14 5 
7924000 7924084 0 -3 1 16 -114 -45 44 -101 7 -55 127 109 109 25 20 15 10 14 32 35 45 55 16 14 14 5 
7942000 7942004 0 -1 1 6 -109 -53 24 -102 -13 -75 109 97 97 25 20 15 10 14 34 35 45 55 16 10 6 5 
7993500 7993511 0 2 1 -201 -201 -258 -193 -195 -204 -266 2 103 105 25 20 16 10 13 31 35 45 55 16 11 12 5 
8152500 8152771 0 -3 1 7 -130 -40 39 -114 -23 -85 114 108 109 25 20 16 10 13 31 35 45 55 16 9 9 5 
8173500 8173575 0 -1 1 -6 -54 -53 3 -47 -34 -96 37 89 91 25 20 16 10 13 33 35 45 55 16 10 12 5 
8192000 8192090 0 2 1 -123 -192 -169 -119 -185 -163 -225 46 107 107 25 20 16 10 13 31 35 45 55 16 13 13 5 
8201500 8201570 0 -3 1 -4 -158 -49 -21 -153 -83 -145 101 102 105 25 20 16 10 13 31 35 45 55 16 13 13 5 
8223000 8223147 0 -1 1 -8 -62 -52 0 -54 -27 -89 45 84 84 25 20 16 10 14 34 35 45 55 16 10 11 5 
8266500 8267174 0 2 1 -77 -98 -118 -70 -92 -100 -162 19 100 105 25 20 16 10 14 32 35 45 55 16 7 13 5 
8273000 8273032 0 -3 1 -7 -75 -48 -1 -66 -28 -90 57 83 87 25 20 16 10 14 34 35 45 55 16 11 10 5 
8283000 8283417 0 -1 1 -16 -46 -56 -10 -40 -24 -86 26 73 64 25 20 16 10 14 34 35 45 55 16 2 6 5 
8314500 8314608 0 2 1 -45 -45 -84 -37 -36 -47 -109 1 73 71 25 20 16 10 14 34 35 45 55 16 8 9 5 
8328000 8328332 0 -3 1 -10 -25 -48 3 -13 -15 -77 14 80 89 25 20 16 10 14 34 35 45 55 16 8 9 5 
8351000 8351327 0 0 0 37 -1 0 42 7 23 -39 33 86 87 25 20 16 10 14 34 35 45 55 16 4 9 5 
8450000 8450148 0 -1 1 -24 -82 -51 -18 -77 -42 -104 52 85 86 25 20 16 10 14 34 35 45 55 16 10 11 5 
8509000 8509513 0 2 1 -106 -146 -128 -106 -135 -118 -180 37 102 106 25 20 16 10 14 32 35 45 55 16 2 9 5 
8524000 8524279 0 -3 1 -29 -115 -49 -23 -102 -60 -122 66 102 103 25 20 16 10 14 32 35 45 55 16 8 7 5 
8687500 8687601 0 -1 7 55 -61 51 69 -52 46 -16 119 101 100 25 20 16 10 15 33 35 45 55 16 13 13 5 
8691000 8691124 0 2 7 107 -29 104 118 -15 92 30 132 92 90 25 20 16 10 15 35 35 45 55 16 8 11 5 
8713000 8713014 0 -3 7 52 -3 50 68 9 47 -15 58 93 91 25 20 16 10 15 35 35 45 55 16 5 5 5 
8879000 8879043 0 0 0 -14 -40 0 -4 -31 -19 -81 25 79 79 25 20 16 10 15 35 35 45 55 16 7 7 5 
9025000 9025060 0 0 0 -12 -14 0 -4 -6 -17 -79 2 74 73 25 20 16 10 15 35 35 45 55 16 9 9 5 
9350500 9350551 0 0 0 -10 -8 0 0 1 -10 -72 -1 70 71 25 20 16 10 16 36 35 45 55 16 9 9 5 
9495500 9495669 0 0 0 -12 -5 0 -3 4 -14 -76 -11 69 68 25 20 16 10 16 36 35 45 55 16 9 9 5 
9733000 9734906 0 0 0 8 13 0 8 18 3 -59 -8 69 71 25 20 16 10 15 35 35 45 55 16 0 3 5 
9806000 9806012 0 0 0 3 2 0 10 10 -1 -63 0 66 68 25 20 16 10 15 35 35 45 55 16 7 7 5 
10042500 10042507 0 0 0 -16 -31 0 -5 -20 -16 -78 15 65 66 25 20 16 10 14 34 35 45 55 16 8 8 5 
10057500 10057503 0 0 0 -43 -47 0 -37 -38 -48 -110 2 64 62 25 20 16 10 14 34 35 45 55 16 8 8 5 
10140500 10140661 0 0 0 -21 -25 0 -14 -18 -27 -89 3 65 66 25 20 16 10 14 34 35 45 55 16 8 8 5 
10251500 10251564 0 0 0 -6 -2 0 4 7 -8 -70 -3 61 59 25 20 16 10 14 34 35 45 55 16 8 6 5 
10337500 10337515 0 0 0 -6 1 0 3 10 -11 -73 -7 62 61 25 20 16 10 14 34 35 45 55 16 8 8 5 
10379000 10379158 0 0 0 42 38 0 48 47 38 -24 2 65 64 25 20 16 10 14 34 35 45 55 16 8 8 5 
10512000 10512062 0 0 0 38 32 0 49 42 37 -25 6 63 67 25 20 16 10 14 34 35 45 55 16 8 5 5 
10798000 10798038 0 0 0 32 32 0 40 41 27 -35 -1 68 68 25 20 16 10 14 34 35 45 55 16 8 5 5 
11050000 11050018 0 0 0 20 14 0 30 25 18 -44 6 68 72 25 20 16 10 14 34 35 45 55 16 7 9 5 
11228000 11228178 0 0 0 -30 -31 0 -18 -20 -29 -91 7 64 65 25 20 16 10 14 34 35 45 55 16 8 8 5 
11475500 11475529 0 0 0 -16 -1 0 -9 7 -15 -77 -11 65 64 25 20 16 10 14 34 35 45 55 16 8 8 5 
11612000 11612126 0 0 0 -7 -3 0 3 7 -7 -69 -1 65 64 25 20 16 10 14 34 35 45 55 16 8 8 5 
11912000 11912184 0 0 0 -20 -15 0 -11 -7 -18 -80 -2 65 65 25 20 16 10 15 35 35 45 55 16 8 8 5 
12020500 12020642 0 0 0 -24 -12 0 -15 -3 -25 -87 -11 64 65 25 20 16 10 15 35 35 45 55 16 8 8 5 
12097500 12097671 0 0 0 -30 -15 0 -21 -5 -28 -90 -15 67 68 25 20 16 10 15 35 35 45 55 16 8 8 5 
12132000 12132004 0 -1 1 -78 -132 -53 -64 -125 -94 -156 51 101 99 25 20 16 10 14 34 35 45 55 16 12 13 5 
12137500 12137596 0 2 1 -150 -187 -125 -155 -184 -181 -243 24 110 110 25 20 16 10 14 30 35 45 55 16 14 14 5 
12143000 12143012 0 -3 1 -71 -172 -47 -61 -162 -97 -159 91 106 103 25 20 16 10 14 32 35 45 55 16 13 14 5 
12320500 12320636 0 0 0 -1 -3 0 7 5 -5 -67 4 68 64 25 20 16 10 13 33 35 45 55 16 8 8 5 
12862500 12862622 0 0 0 3 -5 0 10 3 -3 -65 8 65 64 25 20 16 10 14 34 35 45 55 16 8 8 5 
12949500 12949636 0 0 0 27 17 0 36 25 22 -40 10 67 68 25 20 16 10 14 34 35 45 55 16 9 8 5 
13391000 13391065 0 0 0 28 26 0 37 35 25 -37 1 66 70 25 20 15 10 15 35 35 45 55 16 9 8 5 
13505000 13505027 0 0 0 67 41 0 75 49 58 -4 25 57 56 25 20 15 10 15 35 35 45 55 16 7 7 5 
13517000 13517044 0 0 0 60 33 0 70 44 50 -12 25 71 57 25 20 15 10 15 35 35 45 55 16 7 7 5 
13767000 13767041 0 0 0 84 55 0 94 65 70 8 28 56 55 25 20 16 10 15 35 35 45 55 16 7 7 5 
13773500 13774999 0 13 0 65 50 4 51 49 46 -16 1 62 68 25 20 16 10 15 35 35 45 55 16 1 8 5 
13785500 13785513 0 0 0 16 18 0 24 27 14 -48 -2 74 89 25 20 16 10 15 35 35 45 55 16 3 9 5 
14148000 14148113 0 0 0 28 28 0 37 37 24 -38 2 60 60 25 20 16 10 14 34 35 45 55 16 8 7 5 
14532000 14532062 0 0 0 42 42 0 51 50 40 -22 3 71 75 25 20 16 10 14 34 35 45 55 16 9 9 5 
14554500 14554625 0 0 0 6 -2 0 16 7 2 -60 11 60 57 25 20 16 10 14 34 35 45 55 16 7 8 5 
14637000 14637033 0 0 0 34 19 0 43 28 26 -36 13 90 94 25 20 16 10 14 34 35 45 55 16 8 12 5 
14640000 14640073 0 13 0 34 12 -21 39 16 20 -42 23 75 61 25 20 16 10 14 34 35 45 55 16 11 8 5 
14646500 14646648 0 0 0 101 43 0 114 54 92 30 57 62 64 25 20 16 10 14 34 35 45 55 16 7 8 5 
14693000 14693035 0 0 0 77 44 0 86 54 65 3 34 57 54 25 20 16 10 14 34 35 45 55 16 7 7 5 
14700500 14700858 0 13 0 37 30 -7 39 37 26 -36 5 71 85 25 20 16 10 14 34 35 45 55 16 4 9 5 
14705000 14705439 0 0 0 24 19 0 34 28 21 -41 8 56 54 25 20 16 10 14 34 35 45 55 16 4 7 5 
14968000 14968019 0 0 0 33 33 0 41 42 28 -34 1 59 59 25 20 16 10 14 34 35 45 55 16 8 7 5 
15396500 15396579 0 0 0 32 32 0 41 41 28 -34 2 56 55 25 20 16 10 14 34 35 45 55 16 7 7 5 
15498000 15498257 0 0 0 1 13 0 9 20 -1 -63 -8 57 57 25 20 16 10 14 34 35 45 55 16 7 7 5 
15505500 15505555 0 13 0 32 34 2 40 41 27 -35 0 83 95 25 20 16 10 14 34 35 45 55 16 5 9 5 
15512000 15512178 0 0 0 55 52 0 64 61 50 -12 6 57 52 25 20 16 10 14 34 35 45 55 16 7 7 5 
15596000 15596141 0 0 0 55 48 0 63 57 50 -12 8 58 59 25 20 16 10 14 34 35 45 55 16 7 7 5 
15690000 15690195 0 0 0 1 -7 0 9 2 -3 -65 6 61 65 25 20 17 10 15 35 35 45 55 16 7 9 5 
15783500 15783532 0 0 0 2 -8 0 9 -1 0 -62 10 51 51 25 20 17 10 15 35 35 45 55 16 6 6 5 
15815000 15815216 0 0 0 23 14 0 30 22 20 -42 8 61 61 25 20 17 10 15 35 35 45 55 16 8 8 5 
15824000 15824157 0 13 0 41 26 -10 53 38 39 -23 15 81 91 25 20 17 10 15 35 35 45 55 16 9 10 5 
15833000 15833004 0 0 0 78 48 0 89 58 70 8 32 53 52 25 20 16 10 14 34 35 45 55 16 5 7 5 
15889000 15889007 0 0 0 64 43 0 73 51 57 -5 25 61 58 25 20 16 10 14 34 35 45 55 16 7 7 5 
15900000 15900226 0 0 0 38 28 0 49 37 35 -27 14 54 51 25 20 16 10 14 34 35 45 55 16 7 6 5 
16057500 16057642 0 0 0 29 23 0 38 30 25 -37 10 53 53 25 20 17 10 14 34 35 45 55 16 7 6 5 
16318500 16318763 0 0 0 31 32 0 39 41 25 -37 0 56 57 25 20 17 10 14 34 35 45 55 16 7 7 5 
16476500 16476685 0 0 0 43 40 0 50 46 36 -26 4 64 68 25 20 17 10 14 34 35 45 55 16 8 6 5 
16487500 16487558 0 0 0 77 62 0 87 71 69 7 18 55 54 25 20 17 10 14 34 35 45 55 16 7 7 5 
16567000 16567099 0 0 0 69 48 0 80 57 60 -2 23 56 54 25 20 17 10 14 34 35 45 55 16 5 7 5 
16572000 16572017 0 13 0 41 38 2 45 45 25 -37 1 77 84 25 20 17 10 14 34 35 45 55 16 3 7 5 
16579500 16579668 0 0 0 -6 -3 0 0 1 -10 -72 1 57 55 25 20 17 10 14 34 35 45 55 16 7 7 5 
16854000 16854012 0 0 0 -5 -2 0 6 9 -5 -67 0 61 62 25 20 18 10 14 34 35 45 55 16 7 8 5 
16868500 16868670 0 0 0 26 16 0 33 24 18 -44 12 56 57 25 20 18 10 14 34 35 45 55 16 6 7 5 
17193500 17193651 0 0 0 19 17 0 29 28 17 -45 8 62 52 25 20 18 10 13 33 35 45 55 16 9 7 5 
17333500 17333747 0 0 0 -29 -22 0 -21 -13 -29 -91 3 58 62 25 20 18 10 11 31 35 45 55 16 7 6 5 
17349500 17349569 0 0 0 -6 -4 0 2 3 -7 -69 13 53 52 25 20 18 10 11 31 35 45 55 16 6 7 5 
17467500 17467592 0 0 0 9 3 0 17 11 3 -59 12 60 61 25 20 18 10 12 32 35 45 55 16 7 8 5 
17521000 17521101 0 0 0 19 22 0 25 29 19 -43 7 67 61 25 20 17 10 12 32 35 45 55 16 7 7 5 
17524500 17524695 0 13 0 1 -2 -36 2 1 -15 -77 4 90 100 25 20 17 10 12 30 35 45 55 16 5 13 5 
17534000 17534150 0 0 0 88 43 0 96 51 68 6 50 58 59 25 20 17 10 12 32 35 45 55 16 7 7 5 
17543000 17543237 0 0 0 65 30 0 73 39 50 -12 44 56 52 25 20 17 10 12 32 35 45 55 16 7 7 5 
17563000 17563235 0 0 0 57 39 0 66 47 45 -17 21 55 56 25 20 17 10 13 33 35 45 55 16 7 7 5 
17853500 17853746 0 0 0 71 43 0 80 52 57 -5 31 60 60 25 20 17 10 13 33 35 45 55 16 7 8 5 
17984000 17984162 0 0 0 64 40 0 72 47 51 -11 26 58 57 25 20 17 10 13 33 35 45 55 16 7 7 5 
18120500 18120515 0 0 0 46 33 0 55 43 39 -23 20 55 55 25 20 17 10 13 33 35 45 55 16 7 7 5 
18285000 18285155 0 0 0 55 45 0 63 53 45 -17 13 57 56 25 20 17 10 14 34 35 45 55 16 7 7 5 
18440500 18440735 0 0 0 55 45 0 62 53 44 -18 10 68 60 25 20 17 10 14 34 35 45 55 16 7 4 5 
18444500 18446060 0 13 0 15 10 -15 0 15 -12 -74 -12 88 96 25 20 17 10 14 34 35 45 55 16 2 12 5 
18449500 18449603 0 0 0 -2 17 0 8 26 -1 -63 -15 66 57 25 20 17 10 14 34 35 45 55 16 9 7 5 
18616000 18616069 0 0 0 17 28 0 26 38 15 -47 -9 64 58 25 20 17 10 14 34 35 45 55 16 8 7 5 
18648000 18648140 0 0 0 -7 5 0 2 14 -7 -69 -10 64 63 25 20 17 10 14 34 35 45 55 16 8 8 5 
18683000 18683154 0 0 0 2 10 0 11 17 0 -62 -4 59 59 25 20 17 10 14 34 35 45 55 16 7 8 5 
18739000 18739107 0 0 0 -9 -6 0 -1 1 -11 -73 -1 64 66 25 20 17 10 14 34 35 45 55 16 8 8 5 
18985500 18985660 0 0 0 11 18 0 20 28 10 -52 -4 59 59 25 20 17 10 14 34 35 45 55 16 7 7 5 
19057500 19057749 0 0 0 17 23 0 29 33 23 -39 1 67 57 25 20 17 10 14 34 35 45 55 16 7 4 5 
19061500 19061594 0 0 0 -14 5 0 -4 13 -16 -78 -15 90 102 25 20 17 10 14 32 35 45 55 16 11 12 5 
19075000 19075237 0 0 0 7 8 0 17 17 8 -54 2 62 61 25 20 17 10 14 34 35 45 55 16 8 8 5 
19081500 19081514 0 0 0 38 34 0 48 43 32 -30 5 68 62 25 20 17 10 14 34 35 45 55 16 10 8 5 
19184000 19184121 0 0 0 7 17 0 18 28 6 -56 -8 75 91 25 20 17 10 14 34 35 45 55 16 7 11 5 
19190500 19190519 0 0 0 -15 -7 0 -7 0 -18 -80 -4 58 55 25 20 17 10 14 34 35 45 55 16 7 7 5 
19214500 19214566 0 0 0 3 11 0 10 18 0 -62 -5 68 68 25 20 17 10 14 34 35 45 55 16 8 9 5 
19221500 19221608 0 0 0 33 39 0 44 51 32 -30 -6 65 60 25 20 17 10 14 34 35 45 55 16 9 7 5 
19264000 19264094 0 0 0 12 20 0 20 29 11 -51 -6 64 64 25 20 17 10 14 34 35 45 55 16 8 8 5 
19276500 19276603 0 0 0 -7 -3 0 2 4 -10 -72 0 57 56 25 20 17 10 14 34 35 45 55 16 7 7 5 
19309000 19309011 0 0 0 5 6 0 12 13 2 -60 2 62 59 25 20 17 10 14 34 35 45 55 16 7 8 5 
19315500 19315652 0 0 0 23 34 0 31 43 21 -41 -6 63 60 25 20 17 10 14 34 35 45 55 16 8 7 5 
19364500 19364671 0 0 0 4 12 0 13 21 4 -58 -6 59 60 25 20 17 10 14 34 35 45 55 16 7 8 5 
19412500 19412505 0 0 0 17 25 0 24 33 12 -50 -6 62 58 25 20 17 10 14 34 35 45 55 16 7 7 5 
19424000 19424153 0 0 0 -4 4 0 4 11 -10 -72 -4 56 57 25 20 17 10 14 34 35 45 55 16 7 7 5 
19458500 19458675 0 0 0 9 16 0 19 25 6 -56 -5 66 64 25 20 17 10 14 34 35 45 55 16 8 8 5 
19465000 19465028 0 0 0 30 40 0 38 48 28 -34 -8 66 60 25 20 17 10 14 34 35 45 55 16 9 7 5 
19498000 19498050 0 0 0 23 33 0 32 41 21 -41 -6 64 63 25 20 17 10 14 34 35 45 55 16 8 8 5 
19507500 19507575 0 0 0 20 23 0 29 33 17 -45 -1 67 58 25 20 17 10 14 34 35 45 55 16 8 8 5 
19518000 19518013 0 0 0 3 3 0 13 13 2 -60 3 61 59 25 20 17 10 14 34 35 45 55 16 8 7 5 
19559500 19559742 0 0 0 20 25 0 28 34 15 -47 -3 62 63 25 20 17 10 14 34 35 45 55 16 8 8 5 
19584000 19584164 0 0 0 14 20 0 23 29 12 -50 -4 59 58 25 20 17 10 14 34 35 45 55 16 7 7 5 
19589500 19589625 0 13 0 -22 -4 -15 -16 3 -30 -92 -19 89 97 25 20 17 10 14 34 35 45 55 16 8 12 5 
19594500 19594541 0 0 0 -26 -17 0 -15 -8 -26 -88 -2 63 55 25 20 17 10 14 34 35 45 55 16 8 7 5 
19598000 19598021 0 0 0 -16 -11 0 -6 -2 -19 -81 -1 57 57 25 20 17 10 14 34 35 45 55 16 7 7 5 
19646500 19646512 0 0 0 -19 -8 0 -11 1 -22 -84 -8 59 61 25 20 17 10 14 34 35 45 55 16 7 8 5 
19663000 19663104 0 0 0 19 28 0 29 38 16 -46 -5 56 54 25 20 17 10 14 34 35 45 55 16 7 7 5 
19803000 19803079 0 0 0 9 14 0 17 22 6 -56 -2 56 54 25 20 17 10 14 34 35 45 55 16 7 7 5 
19811000 19811105 0 13 0 30 28 -11 37 34 20 -42 2 85 88 25 20 17 10 14 34 35 45 55 16 4 10 5 
19819500 19819572 0 0 0 75 43 0 88 57 65 3 32 68 64 25 20 17 10 14 34 35 45 55 16 9 8 5 
19841000 19841123 0 0 0 70 45 0 78 54 60 -2 26 58 57 25 20 17 10 14 34 35 45 55 16 7 7 5 
19919000 19919008 0 0 0 80 59 0 89 68 69 7 23 55 55 25 20 17 10 14 34 35 45 55 16 7 7 5 
20105500 20105737 0 0 0 99 60 0 110 68 86 24 40 62 63 25 20 17 10 14 34 35 45 55 16 8 8 5 
20161000 20161056 0 0 0 77 52 0 86 62 65 3 25 56 58 25 20 17 10 14 34 35 45 55 16 7 7 5 
20203500 20203643 0 0 0 73 53 0 82 62 62 0 23 57 57 25 20 17 10 14 34 35 45 55 16 7 7 5 
20223500 20223644 0 0 0 60 45 0 70 56 52 -10 14 58 57 25 20 17 10 14 34 35 45 55 16 7 7 5 
20398500 20398515 0 0 0 56 48 0 64 56 47 -15 12 60 60 25 20 17 10 14 34 35 45 55 16 8 8 5 
20423000 20423061 0 0 0 34 16 0 44 26 30 -32 26 60 60 25 20 17 10 12 32 35 45 55 16 7 8 5 
20430000 20430234 0 0 0 34 24 0 43 35 30 -32 19 62 61 25 20 17 10 11 31 35 45 55 16 8 8 5 
20485000 20485155 0 0 0 26 22 0 34 32 22 -40 19 62 66 25 20 17 10 11 31 35 45 55 16 8 8 5 
20503000 20503033 0 0 0 12 22 0 22 32 7 -55 -1 57 57 25 20 17 10 12 32 35 45 55 16 5 7 5 
20608000 20608155 0 0 0 -13 -1 0 -5 7 -21 -83 -5 58 58 25 20 18 10 12 32 35 45 55 16 7 7 5 
20640500 20640587 0 0 0 17 25 0 19 31 1 -61 -10 86 88 25 20 18 10 12 32 35 45 55 16 7 6 5 
20645000 20645525 0 -1 1 -42 -38 -59 -50 -42 -74 -136 -9 96 102 25 20 18 10 12 30 35 45 55 16 4 12 5 
20656000 20656098 0 2 1 -114 -168 -131 -106 -160 -137 -199 55 126 127 25 20 18 10 12 27 35 45 55 16 16 17 5 
20661000 20661071 0 -3 1 -22 -134 -39 -16 -122 -36 -98 106 117 116 25 20 17 10 12 28 35 45 55 16 14 9 5 
20678500 20678532 0 -1 1 -35 -80 -51 -30 -78 -49 -111 49 92 96 25 20 17 10 12 32 35 45 55 16 7 11 5 
20973000 20973107 0 2 1 -439 -431 -456 -440 -427 -455 -517 -14 121 120 25 20 16 10 14 29 35 45 55 16 15 16 5 
21352000 21352117 0 -3 1 -20 -177 -37 37 -160 -65 -127 151 102 97 25 20 15 10 10 30 35 45 55 16 13 12 5 
21366500 21366589 0 -1 1 -37 -124 -54 -30 -115 -84 -146 76 89 82 25 20 15 10 10 30 35 45 55 16 11 11 5 
21444000 21444104 0 2 1 -100 -107 -117 -93 -100 -107 -169 22 77 77 25 20 15 10 10 30 35 45 55 16 10 10 5 
28000 28189 1 0 -1 0 0 0 0 0 0 -67 0 64 66 25 20 16 10 10 30 35 45 55 16 4 8 5 
36500 36656 1 0 0 -13 17 0 -17 13 -18 -80 -28 67 69 25 20 16 10 10 30 35 45 55 16 9 8 5 
119000 119131 1 -1 1 -71 -83 -52 -69 -81 -71 -133 13 95 91 25 20 14 10 12 32 35 45 55 16 10 10 5 
149000 149027 1 2 1 -122 -87 -101 -126 -90 -129 -191 -36 67 69 25 20 14 10 12 32 35 45 55 16 8 8 5 
177500 177512 1 -3 1 -71 -44 -47 -70 -51 -70 -132 -18 67 71 25 20 14 10 12 32 35 45 55 16 5 3 5 
229500 229522 1 0 0 -27 4 0 -29 4 -31 -93 -33 57 56 25 20 14 10 13 33 35 45 55 16 7 7 5 
365500 365601 1 0 0 -8 30 0 -5 31 -7 -69 -37 54 52 25 20 14 10 12 32 35 45 55 16 6 6 5 
370000 370009 1 13 0 -41 0 -9 -43 -2 -44 -106 -42 61 65 25 20 14 10 12 32 35 45 55 16 2 7 5 
375000 375177 1 0 0 -59 -12 0 -58 -11 -60 -122 -46 66 66 25 20 15 10 11 31 35 45 55 16 8 8 5 
392000 392067 1 0 0 -49 -1 0 -50 -3 28 -114 -48 67 67 25 20 16 10 10 30 35 45 55 16 8 8 5 
1374500 1374564 1 0 0 -51 -12 0 -52 -12 27 -115 -39 72 71 25 20 15 10 11 31 35 45 55 16 9 9 5 
1742500 1742602 1 -1 1 -105 -90 -56 -118 -102 -119 -181 -16 113 114 25 20 15 10 10 26 35 45 55 16 8 15 5 
1818000 1818097 1 2 1 -248 -219 -200 -250 -222 -251 -313 -26 102 107 25 20 15 10 12 30 35 45 55 16 12 13 5 
1828500 1828501 1 -3 1 -97 -108 -49 -98 -108 -100 -162 9 99 101 25 20 15 10 12 30 35 45 55 16 13 13 5 
2050000 2050017 1 -1 1 -97 -114 -50 -100 -112 -100 -162 13 98 101 25 20 15 10 14 32 35 45 55 16 10 12 5 
2058000 2058097 1 2 1 -136 -151 -89 -139 -150 -140 -202 12 109 111 25 20 15 10 14 30 35 45 55 16 14 12 5 
2064000 2064139 1 -3 1 -93 -127 -47 -85 -122 -87 -149 38 105 104 25 20 15 10 14 32 35 45 55 16 11 13 5 
2349500 2349529 1 0 0 -45 -14 0 -44 -13 -45 -107 -31 78 78 25 20 16 10 12 32 35 45 55 16 10 10 5 
2548000 2548179 1 0 0 -47 -22 0 -46 -21 -47 -109 -26 70 70 25 20 15 10 14 34 35 45 55 16 9 9 5 
2968000 2968035 1 0 0 -35 2 0 -35 1 -38 -99 -38 72 72 25 20 16 10 12 32 35 45 55 16 9 9 5 
3218500 3218669 1 0 0 -39 -4 0 -37 -2 -37 -99 -35 72 71 25 20 15 10 13 33 35 45 55 16 9 9 5 
3239000 3239164 1 0 0 -31 2 0 -30 3 -30 -92 -32 70 68 25 20 15 10 13 33 35 45 55 16 9 9 5 
3255000 3255003 1 0 0 -40 -12 0 -41 -13 -42 -104 -29 69 70 25 20 15 10 13 33 35 45 55 16 8 9 5 
3339500 3339621 1 0 0 -28 6 0 -27 7 -26 -88 -33 68 67 25 20 15 10 13 33 35 45 55 16 8 9 5 
3353500 3353601 1 0 0 -37 -1 0 -36 0 -37 -99 -35 68 71 25 20 15 10 13 33 35 45 55 16 9 9 5 
3367500 3367553 1 0 0 -21 5 0 -18 7 -20 -82 -25 73 69 25 20 15 10 13 33 35 45 55 16 10 8 5 
3417500 3417509 1 0 0 -21 4 0 -20 5 -21 -83 -24 67 67 25 20 15 10 13 33 35 45 55 16 8 9 5 
3639500 3639684 1 0 0 -32 -1 0 -31 -1 -32 -94 -30 64 62 25 20 16 10 13 33 35 45 55 16 8 8 5 
3716500 3716575 1 -1 1 -91 -132 -56 -97 -128 -99 -161 30 109 112 25 20 16 10 14 30 35 45 55 16 10 11 5 
3740000 3740010 1 2 1 -264 -264 -228 -263 -267 -263 -325 4 109 107 25 20 16 10 14 32 35 45 55 16 14 14 5 
3927500 3927567 1 -3 1 -90 -83 -47 -98 -87 -99 -161 -11 83 84 25 20 16 10 13 33 35 45 55 16 10 11 5 
4139500 4139538 1 0 0 -51 -40 0 -45 -34 -46 -108 -10 67 70 25 20 16 10 13 33 35 45 55 16 6 3 5 
4423000 4423054 1 0 0 -64 -42 0 -62 -40 -62 -124 -21 71 70 25 20 16 10 13 33 35 45 55 16 9 8 5 
4588000 4588186 1 0 0 -57 -38 0 -56 -38 -58 -120 -19 68 74 25 20 15 10 13 33 35 45 55 16 8 9 5 
4749500 4749834 1 0 0 -43 -36 0 -46 -38 -47 -109 -8 77 75 25 20 15 10 13 33 35 45 55 16 9 10 5 
4884500 4884591 1 0 0 -63 -55 0 -63 -54 -64 -126 -9 79 79 25 20 14 10 13 33 35 45 55 16 10 10 5 
4959500 4959642 1 0 0 -31 -18 0 -24 -13 -26 -88 -11 79 76 25 20 15 10 12 32 35 45 55 16 10 9 5 
5128000 5128160 1 0 0 -63 -35 0 -62 -34 -65 -127 -28 76 77 25 20 16 10 12 32 35 45 55 16 10 10 5 
5287500 5287665 1 0 0 -46 -22 0 -47 -22 -49 -111 -25 77 74 25 20 15 10 14 34 35 45 55 16 10 10 5 
5397000 5397010 1 0 0 -39 -15 0 -38 -14 -40 -102 -24 75 74 25 20 16 10 14 34 35 45 55 16 9 10 5 
5527500 5527502 1 0 0 -16 12 0 -16 13 -16 -78 -29 63 65 25 20 16 10 13 33 35 45 55 16 8 8 5 
5623000 5623052 1 0 0 8 33 0 9 33 8 -54 -24 67 69 25 20 16 10 14 34 35 45 55 16 8 8 5 
5638000 5638120 1 0 0 7 35 0 6 35 5 -57 -28 68 67 25 20 16 10 14 34 35 45 55 16 9 9 5 
5703500 5703736 1 0 0 -10 22 0 -10 21 -11 -73 -31 63 60 25 20 16 10 15 35 35 45 55 16 8 8 5 
5885500 5885574 1 0 0 -18 15 0 -17 15 -19 -81 -33 61 61 25 20 16 10 16 36 35 45 55 16 8 8 5 
5976500 5976640 1 0 0 -16 15 0 -17 14 -19 -81 -30 64 65 25 20 16 10 15 35 35 45 55 16 8 8 5 
6194000 6194126 1 0 0 -10 20 0 -3 25 -5 -67 -29 66 63 25 20 16 10 13 33 35 45 55 16 8 7 5 
6218000 6218062 1 0 0 -34 -23 0 -32 -21 -34 -96 -8 59 59 25 20 16 10 13 33 35 45 55 16 7 7 5 
6234500 6234508 1 0 0 -34 -27 0 -33 -27 -33 -95 -6 59 60 25 20 16 10 13 33 35 45 55 16 7 7 5 
6447000 6447249 1 0 0 -34 -22 0 -35 -22 -36 -98 -13 58 57 25 20 16 10 13 33 35 45 55 16 7 7 5 
6458000 6458046 1 0 0 5 0 0 7 1 6 -56 7 57 57 25 20 16 10 13 33 35 45 55 16 7 7 5 
6664500 6664677 1 0 0 15 13 0 15 14 13 -49 0 63 65 25 20 16 10 14 34 35 45 55 16 8 8 5 
6694500 6694674 1 0 0 -21 -16 0 -20 -15 -21 -83 -5 58 59 25 20 16 10 13 33 35 45 55 16 7 8 5 
6726500 6726846 1 0 0 -23 -1 0 -24 1 -26 -88 -26 71 65 25 20 17 10 12 32 35 45 55 16 7 6 5 
6743000 6743018 1 0 0 -54 -9 0 -54 -9 -56 -118 -45 60 60 25 20 17 10 12 32 35 45 55 16 7 8 5 
7062000 7062079 1 0 0 -60 -5 0 -59 -3 -59 -121 -55 66 68 25 20 18 10 13 33 35 45 55 16 8 9 5 
7191500 7191538 1 -1 1 -86 -45 -53 -89 -47 -90 -152 -41 81 84 25 20 16 10 14 34 35 45 55 16 8 11 5 
7199000 7199059 1 2 1 -114 -68 -83 -113 -68 -116 -178 -47 90 93 25 20 16 10 14 34 35 45 55 16 12 11 5 
7205000 7205038 1 -3 1 -80 -55 -49 -81 -58 -82 -144 -24 92 93 25 20 16 10 14 34 35 45 55 16 10 7 5 
7238000 7238185 1 0 0 -24 5 0 -20 8 -21 -83 -28 75 81 25 20 16 10 14 34 35 45 55 16 9 9 5 
7358500 7358606 1 0 0 -29 3 0 -26 6 -28 -90 -33 70 68 25 20 16 10 14 34 35 45 55 16 9 8 5 
7386500 7386553 1 0 0 -8 15 0 -9 17 -12 -74 -28 76 78 25 20 16 10 14 34 35 45 55 16 10 9 5 
7420500 7420629 1 0 0 -37 -1 0 -35 2 -37 -99 -36 69 70 25 20 16 10 14 34 35 45 55 16 6 9 5 
7536500 7536704 1 0 0 -45 -13 0 -44 -11 -46 -108 -32 67 65 25 20 16 10 14 34 35 45 55 16 8 8 5 
7645500 7645609 1 0 0 -32 -4 0 -33 -9 -34 -96 -25 74 74 25 20 15 10 14 34 35 45 55 16 9 8 5 
7836500 7836636 1 0 0 -2 12 0 -4 8 -6 -68 -12 72 72 25 20 15 10 14 34 35 45 55 16 9 10 5 
7915500 7915609 1 -1 1 -60 -42 -54 -57 -37 -58 -120 -19 100 99 25 20 15 10 14 34 35 45 55 16 12 12 5 
7951500 7951502 1 2 1 -206 -180 -199 -209 -181 -210 -272 -27 100 100 25 20 15 10 14 32 35 45 55 16 13 13 5 
8161500 8161678 1 -3 1 -65 -89 -49 -68 -90 -69 -131 23 95 89 25 20 16 10 13 33 35 45 55 16 11 11 5 
8172500 8172666 1 -1 1 -67 -60 -51 -68 -61 -69 -131 -8 87 81 25 20 16 10 13 33 35 45 55 16 11 12 5 
8193000 8193064 1 2 1 -171 -178 -153 -174 -176 -174 -236 3 105 106 25 20 16 10 13 31 35 45 55 16 14 11 5 
8205500 8205568 1 -3 1 -65 -112 -47 -69 -113 -71 -133 43 102 106 25 20 16 10 13 31 35 45 55 16 12 12 5 
8219000 8219042 1 -1 1 -72 -71 -54 -72 -70 -74 -136 -2 83 84 25 20 16 10 14 34 35 45 55 16 11 10 5 
8267000 8267174 1 2 1 -122 -100 -101 -126 -102 -126 -188 -24 100 105 25 20 16 10 14 32 35 45 55 16 7 13 5 
8284500 8284576 1 -3 1 -71 -54 -49 -68 -52 -70 -132 -17 74 69 25 20 16 10 14 34 35 45 55 16 4 8 5 
8363000 8363300 1 0 0 -25 -21 0 -20 -18 -21 -83 -1 87 89 25 20 16 10 14 34 35 45 55 16 9 5 5 
8447500 8447534 1 -1 1 -78 -69 -50 -76 -68 -77 -139 -8 81 77 25 20 16 10 14 34 35 45 55 16 10 10 5 
8453500 8453586 1 2 1 -122 -99 -94 -121 -99 -122 -184 -22 95 97 25 20 16 10 14 34 35 45 55 16 12 13 5 
8481500 8481533 1 -3 1 -79 -83 -50 -78 -85 -78 -140 8 107 106 25 20 16 10 14 32 35 45 55 16 5 10 5 
9042000 9042145 1 0 0 -48 -16 0 -50 -15 -50 -112 -32 75 76 25 20 16 10 15 35 35 45 55 16 9 9 5 
9364500 9364628 1 0 0 -43 -11 0 -43 -11 -45 -107 -33 70 71 25 20 16 10 16 36 35 45 55 16 9 9 5 
9502500 9502636 1 0 0 -46 -9 0 -46 -9 -48 -110 -38 68 67 25 20 16 10 16 36 35 45 55 16 9 8 5 
9734000 9734906 1 0 0 -44 -8 0 -43 -6 -45 -107 -38 69 71 25 20 16 10 15 35 35 45 55 16 0 3 5 
9815500 9815695 1 0 0 -46 -12 0 -45 -11 -45 -107 -34 65 64 25 20 16 10 15 35 35 45 55 16 8 8 5 
10059500 10059617 1 0 0 -55 -28 0 -56 -29 -58 -120 -27 64 64 25 20 16 10 14 34 35 45 55 16 8 8 5 
10147500 10147607 1 0 0 -51 -19 0 -51 -20 -52 -114 -32 62 64 25 20 16 10 14 34 35 45 55 16 8 8 5 
10256000 10256239 1 0 0 -25 7 0 -25 8 -27 -89 -33 61 60 25 20 16 10 14 34 35 45 55 16 7 8 5 
10340500 10340603 1 0 0 -29 2 0 -30 2 -32 -94 -34 64 64 25 20 16 10 14 34 35 45 55 16 8 7 5 
10393000 10393004 1 0 0 4 32 0 3 32 0 -62 -29 64 66 25 20 16 10 14 34 35 45 55 16 7 8 5 
10530500 10530521 1 0 0 6 30 0 9 33 7 -55 -25 67 63 25 20 16 10 14 34 35 45 55 16 9 8 5 
10804500 10805033 1 0 0 -14 9 0 -12 11 -13 -75 -23 69 64 25 20 16 10 14 34 35 45 55 16 7 8 5 
11051000 11051023 1 0 0 -28 -4 0 -29 -5 -29 -91 -23 67 69 25 20 16 10 14 34 35 45 55 16 8 8 5 
11235000 11235217 1 0 0 -41 -11 0 -41 -11 -43 -105 -30 67 64 25 20 16 10 14 34 35 45 55 16 8 8 5 
11477000 11477168 1 0 0 -12 16 0 -12 15 -13 -75 -25 65 63 25 20 16 10 14 34 35 45 55 16 8 8 5 
11615500 11615648 1 0 0 -14 14 0 -13 15 -14 -76 -27 64 63 25 20 16 10 14 34 35 45 55 16 8 8 5 
11925500 11925643 1 0 0 -33 -1 0 -33 -1 -35 -97 -33 65 63 25 20 16 10 15 35 35 45 55 16 8 8 5 
12017000 12017112 1 0 0 -34 -3 0 -34 -3 -36 -98 -32 64 64 25 20 16 10 15 35 35 45 55 16 8 8 5 
12097500 12097671 1 0 0 -27 2 0 -24 5 -25 -87 -29 67 68 25 20 16 10 15 35 35 45 55 16 8 8 5 
12125000 12125150 1 -1 1 -78 -68 -52 -80 -69 -81 -143 -12 96 94 25 20 16 10 14 34 35 45 55 16 9 10 5 
12139000 12139077 1 2 1 -215 -207 -189 -225 -216 -224 -286 -8 110 110 25 20 16 10 14 30 35 45 55 16 14 13 5 
12158000 12158666 1 -3 1 -71 -99 -45 -54 -86 -57 -119 32 79 86 25 20 16 10 14 34 35 45 55 16 7 10 5 
12352000 12352236 1 -1 1 -75 -56 -51 -80 -60 -83 -145 -21 101 104 25 20 16 10 13 31 35 45 55 16 7 10 5 
12431500 12431637 1 2 1 -161 -138 -137 -161 -141 -163 -225 -21 97 100 25 20 16 10 14 32 35 45 55 16 10 10 5 
12482000 12482720 1 -3 1 -73 -55 -49 -72 -56 -75 -137 -17 85 87 25 20 16 10 14 34 35 45 55 16 1 8 5 
12859500 12859564 1 0 0 -21 4 0 -21 4 -21 -83 -25 64 63 25 20 16 10 14 34 35 45 55 16 8 8 5 
12952500 12952558 1 0 0 -2 20 0 -2 20 -3 -65 -22 66 67 25 20 16 10 14 34 35 45 55 16 8 8 5 
13394500 13394691 1 0 0 6 20 0 5 19 3 -59 -16 62 64 25 20 15 10 15 35 35 45 55 16 8 8 5 
13506500 13506625 1 0 0 11 6 0 13 5 12 -50 7 58 56 25 20 15 10 15 35 35 45 55 16 7 7 5 
13511500 13511524 1 13 0 -72 -45 -46 -67 -38 -67 -129 -27 79 79 25 20 15 10 15 35 35 45 55 16 7 5 5 
13516500 13516665 1 0 0 -63 -29 0 -61 -24 -64 -126 -38 73 82 25 20 15 10 15 35 35 45 55 16 5 8 5 
13767000 13767041 1 0 0 -33 -23 0 -33 -22 -35 -97 -12 56 55 25 20 16 10 15 35 35 45 55 16 7 7 5 
13786000 13786032 1 0 0 -3 28 0 -1 30 -4 -66 -32 72 80 25 20 16 10 15 35 35 45 55 16 6 8 5 
14154000 14154052 1 0 0 17 43 0 18 44 17 -45 -26 61 61 25 20 16 10 14 34 35 45 55 16 8 8 5 
14536500 14536716 1 0 0 24 42 0 25 43 23 -39 -19 66 62 25 20 16 10 14 34 35 45 55 16 8 8 5 
14564500 14564657 1 0 0 0 25 0 -1 25 0 -62 -24 66 68 25 20 16 10 14 34 35 45 55 16 8 8 5 
14631500 14631678 1 0 0 12 31 0 12 31 11 -51 -17 75 86 25 20 16 10 14 34 35 45 55 16 8 10 5 
14646500 14646648 1 0 0 3 8 0 3 8 2 -60 -4 62 64 25 20 16 10 14 34 35 45 55 16 7 8 5 
14697000 14697204 1 0 0 -25 -9 0 -19 -4 -20 -82 -15 64 62 25 20 16 10 14 34 35 45 55 16 7 8 5 
14701000 14701035 1 13 0 -64 -19 -19 -76 -26 -78 -140 -50 70 81 25 20 16 10 14 34 35 45 55 16 4 8 5 
14711000 14711089 1 0 0 -93 -55 0 -97 -58 -98 -160 -38 54 52 25 20 16 10 14 34 35 45 55 16 7 7 5 
14939000 14939028 1 0 0 -61 -27 0 -61 -26 -63 -125 -35 57 57 25 20 16 10 14 34 35 45 55 16 7 6 5 
15398000 15398202 1 0 0 -53 -15 0 -53 -14 -54 -116 -38 57 57 25 20 16 10 14 34 35 45 55 16 7 7 5 
15498500 15498522 1 0 0 -39 1 0 -39 1 -41 -103 -39 57 56 25 20 16 10 14 34 35 45 55 16 7 7 5 
15518500 15518520 1 0 0 -62 -24 0 -61 -23 -61 -123 -37 54 55 25 20 16 10 14 34 35 45 55 16 6 7 5 
15596000 15596141 1 0 0 -45 -12 0 -42 -10 -44 -106 -32 58 59 25 20 16 10 14 34 35 45 55 16 7 7 5 
15689000 15689168 1 0 0 -88 -41 0 -88 -41 -91 -153 -46 60 56 25 20 17 10 15 35 35 45 55 16 7 8 5 
15780000 15780163 1 0 0 -81 -39 0 -79 -38 -79 -141 -41 52 48 25 20 17 10 15 35 35 45 55 16 7 6 5 
15811000 15811241 1 0 0 -53 -9 0 -53 -9 -54 -116 -43 59 60 25 20 17 10 15 35 35 45 55 16 7 7 5 
15830500 15830687 1 0 0 -19 3 0 -16 6 -18 -80 -21 53 52 25 20 17 10 15 35 35 45 55 16 7 6 5 
15889500 15889532 1 0 0 -34 -13 0 -29 -9 -31 -93 -21 63 58 25 20 16 10 14 34 35 45 55 16 7 8 5 
15900000 15900226 1 0 0 -51 -10 0 -48 -9 -50 -112 -41 54 51 25 20 16 10 14 34 35 45 55 16 7 6 5 
16057500 16057642 1 0 0 -54 -16 0 -54 -15 -55 -117 -38 53 53 25 20 17 10 14 34 35 45 55 16 7 6 5 
16317000 16317149 1 0 0 -37 -4 0 -33 0 -35 -97 -32 57 57 25 20 17 10 14 34 35 45 55 16 7 7 5 
16472500 16472511 1 0 0 -33 3 0 -31 6 -33 -95 -37 59 58 25 20 17 10 14 34 35 45 55 16 8 6 5 
16488500 16488682 1 0 0 -14 9 0 -16 7 -18 -80 -24 55 57 25 20 17 10 14 34 35 45 55 16 7 7 5 
16567500 16567660 1 0 0 -18 1 0 -20 -1 -22 -84 -19 58 56 25 20 17 10 14 34 35 45 55 16 5 7 5 
16583500 16583599 1 0 0 -45 -9 0 -43 -8 -44 -106 -36 59 60 25 20 17 10 14 34 35 45 55 16 7 7 5 
16851500 16851738 1 0 0 -41 -6 0 -41 -5 -41 -103 -35 59 56 25 20 18 10 14 34 35 45 55 16 7 7 5 
16867500 16867706 1 0 0 -58 -19 0 -57 -17 -59 -121 -38 56 63 25 20 18 10 14 34 35 45 55 16 6 7 5 
17221500 17221530 1 0 0 -61 -22 0 -61 -22 -63 -125 -41 55 54 25 20 18 10 12 32 35 45 55 16 7 7 5 
17240500 17240621 1 0 0 -17 30 0 -17 30 -20 -82 -47 67 62 25 20 18 10 11 31 35 45 55 16 9 7 5 
17333500 17333747 1 0 0 -34 2 0 -33 3 -35 -97 -36 58 62 25 20 18 10 11 31 35 45 55 16 7 6 5 
17349500 17349569 1 0 0 -28 8 0 -29 5 -31 -93 -33 53 52 25 20 18 10 11 31 35 45 55 16 6 7 5 
17469500 17469550 1 0 0 -27 5 0 -26 6 -29 -91 -32 60 63 25 20 18 10 12 32 35 45 55 16 8 8 5 
17520500 17520595 1 0 0 -23 17 0 -22 19 -24 -86 -40 65 59 25 20 17 10 12 32 35 45 55 16 8 8 5 
17535000 17535179 1 0 0 -17 -4 0 -15 -4 -19 -81 -12 57 59 25 20 17 10 12 32 35 45 55 16 7 7 5 
17546000 17546152 1 0 0 -43 -20 0 -44 -18 -45 -107 -25 56 56 25 20 17 10 12 32 35 45 55 16 7 7 5 
17569500 17569737 1 0 0 -50 -23 0 -51 -24 -51 -113 -25 54 52 25 20 17 10 13 33 35 45 55 16 6 7 5 
17863500 17863560 1 0 0 -41 -21 0 -43 -23 -44 -106 -20 58 56 25 20 17 10 13 33 35 45 55 16 6 7 5 
17981000 17981054 1 0 0 -44 -21 0 -43 -21 -45 -107 -23 58 58 25 20 17 10 13 33 35 45 55 16 7 7 5 
18122000 18122150 1 0 0 -74 -47 0 -73 -48 -76 -138 -26 55 55 25 20 17 10 13 33 35 45 55 16 7 7 5 
18284500 18284629 1 0 0 -70 -34 0 -71 -35 -72 -134 -37 57 56 25 20 17 10 14 34 35 45 55 16 7 7 5 
18439500 18439740 1 0 0 -65 -21 0 -71 -23 -72 -134 -47 64 59 25 20 17 10 14 34 35 45 55 16 7 5 5 
18444000 18444300 1 13 0 -43 -10 -9 -38 -7 -40 -102 -31 85 91 25 20 17 10 14 34 35 45 55 16 6 3 5 
18449000 18449090 1 0 0 -1 33 0 -1 34 -2 -64 -36 70 59 25 20 17 10 14 34 35 45 55 16 10 7 5 
18616500 18616584 1 0 0 9 36 0 10 35 8 -54 -26 65 58 25 20 17 10 14 34 35 45 55 16 8 8 5 
18648500 18648612 1 0 0 1 25 0 2 25 0 -62 -23 64 64 25 20 17 10 14 34 35 45 55 16 8 8 5 
18683000 18683154 1 0 0 -11 22 0 -11 22 -12 -74 -32 59 59 25 20 17 10 14 34 35 45 55 16 7 8 5 
18738500 18738641 1 0 0 -9 16 0 -7 16 -9 -71 -22 64 64 25 20 17 10 14 34 35 45 55 16 8 8 5 
18988000 18988224 1 0 0 -1 28 0 -1 28 -1 -63 -28 60 60 25 20 17 10 14 34 35 45 55 16 7 8 5 
19056000 19056160 1 0 0 6 30 0 8 32 6 -56 -24 60 57 25 20 17 10 14 34 35 45 55 16 7 7 5 
19065500 19065643 1 0 0 3 31 0 5 31 4 -58 -26 64 61 25 20 17 10 14 34 35 45 55 16 8 7 5 
19077000 19077141 1 0 0 5 30 0 3 29 1 -61 -26 66 66 25 20 17 10 14 34 35 45 55 16 8 8 5 
19083500 19083728 1 0 0 18 40 0 19 40 18 -44 -21 61 59 25 20 17 10 14 34 35 45 55 16 8 7 5 
19181500 19181751 1 0 0 8 32 0 10 32 9 -53 -23 65 59 25 20 17 10 14 34 35 45 55 16 7 7 5 
19188000 19188109 1 0 0 6 27 0 6 25 5 -57 -19 60 57 25 20 17 10 14 34 35 45 55 16 7 7 5 
19213500 19213657 1 0 0 4 28 0 3 28 1 -61 -25 66 65 25 20 17 10 14 34 35 45 55 16 8 8 5 
19223500 19223664 1 0 0 13 40 0 12 41 10 -52 -29 59 58 25 20 17 10 14 34 35 45 55 16 7 7 5 
19264500 19264571 1 0 0 8 30 0 8 30 6 -56 -22 66 61 25 20 17 10 14 34 35 45 55 16 8 8 5 
19277000 19277144 1 0 0 -8 17 0 -9 16 -10 -72 -24 57 55 25 20 17 10 14 34 35 45 55 16 7 7 5 
19308500 19308502 1 0 0 -1 23 0 -1 23 -3 -65 -23 61 60 25 20 17 10 14 34 35 45 55 16 7 7 5 
19316000 19316153 1 0 0 16 39 0 17 39 17 -45 -21 61 60 25 20 17 10 14 34 35 45 55 16 8 7 5 
19366000 19366121 1 0 0 7 25 0 8 26 6 -56 -19 58 62 25 20 17 10 14 34 35 45 55 16 8 7 5 
19412000 19412246 1 0 0 4 31 0 3 31 1 -61 -29 60 58 25 20 17 10 14 34 35 45 55 16 7 7 5 
19424000 19424153 1 0 0 0 25 0 0 25 -1 -63 -24 56 57 25 20 17 10 14 34 35 45 55 16 7 7 5 
19458000 19458201 1 0 0 7 35 0 7 36 5 -57 -29 65 63 25 20 17 10 14 34 35 45 55 16 8 8 5 
19466000 19466029 1 0 0 21 45 0 20 44 20 -42 -24 62 60 25 20 17 10 14 34 35 45 55 16 8 7 5 
19499000 19499214 1 0 0 1 33 0 1 33 -2 -64 -33 65 63 25 20 17 10 14 34 35 45 55 16 8 8 5 
19509500 19509502 1 0 0 -2 24 0 -1 24 -2 -64 -24 61 61 25 20 17 10 14 34 35 45 55 16 8 7 5 
19518000 19518013 1 0 0 -4 17 0 -2 19 -4 -66 -22 61 59 25 20 17 10 14 34 35 45 55 16 8 7 5 
19557500 19557527 1 0 0 3 30 0 3 30 0 -62 -27 60 61 25 20 17 10 14 34 35 45 55 16 7 8 5 
19586000 19586208 1 0 0 12 37 0 16 39 14 -48 -24 66 60 25 20 17 10 14 34 35 45 55 16 7 6 5 
19595500 19595611 1 0 0 -10 14 0 -10 13 -12 -74 -24 59 56 25 20 17 10 14 34 35 45 55 16 7 7 5 
19646000 19646007 1 0 0 -3 23 0 -2 24 -3 -65 -27 59 60 25 20 17 10 14 34 35 45 55 16 7 8 5 
19662000 19662018 1 0 0 2 28 0 3 29 1 -61 -26 56 56 25 20 17 10 14 34 35 45 55 16 7 7 5 
19807000 19807022 1 0 0 7 25 0 14 28 12 -50 -14 68 62 25 20 17 10 14 34 35 45 55 16 7 5 5 
19811500 19811780 1 13 0 -47 5 -18 -55 0 -57 -119 -55 86 90 25 20 17 10 14 34 35 45 55 16 3 11 5 
19814500 19814607 1 0 0 -53 -6 0 -51 -3 -53 -115 -48 79 70 25 20 17 10 14 34 35 45 55 16 10 7 5 
19819000 19819093 1 0 0 -34 -2 0 -37 -5 -37 -99 -31 69 62 25 20 17 10 14 34 35 45 55 16 10 8 5 
19841000 19841123 1 0 0 -23 0 0 -23 1 -23 -85 -24 58 57 25 20 17 10 14 34 35 45 55 16 7 7 5 
19920000 19920106 1 0 0 -39 -18 0 -39 -18 -40 -102 -21 55 55 25 20 17 10 14 34 35 45 55 16 7 7 5 
20105500 20105737 1 0 0 -28 -2 0 -29 -2 -30 -92 -27 62 63 25 20 17 10 14 34 35 45 55 16 8 8 5 
20163000 20163150 1 0 0 -33 -14 0 -35 -17 -36 -98 -19 57 55 25 20 17 10 14 34 35 45 55 16 7 7 5 
20206000 20206009 1 0 0 -34 -9 0 -32 -8 -34 -96 -24 61 58 25 20 17 10 14 34 35 45 55 16 7 7 5 
20225000 20225232 1 0 0 -56 -25 0 -59 -27 -60 -122 -31 58 57 25 20 17 10 14 34 35 45 55 16 7 7 5 
20397500 20397529 1 0 0 -49 -6 0 -49 -6 -50 -112 -43 60 60 25 20 17 10 14 34 35 45 55 16 7 8 5 
20420500 20420527 1 0 0 -62 -14 0 -63 -15 -64 -126 -49 59 59 25 20 17 10 12 32 35 45 55 16 6 7 5 
20428500 20428507 1 0 0 -27 11 0 -30 8 -30 -92 -36 61 60 25 20 17 10 12 32 35 45 55 16 8 8 5 
20486000 20486077 1 0 0 -33 11 0 -33 9 -34 -96 -41 63 64 25 20 17 10 11 31 35 45 55 16 8 8 5 
20503500 20503562 1 0 0 6 36 0 8 36 7 -55 -29 57 57 25 20 17 10 12 32 35 45 55 16 5 7 5 
20607000 20607104 1 0 0 -9 27 0 -7 29 -7 -69 -36 58 57 25 20 18 10 12 32 35 45 55 16 7 7 5 
20635000 20635719 1 0 0 -29 11 0 -41 1 -42 -104 -40 73 62 25 20 18 10 12 32 35 45 55 16 3 3 5 
20646500 20646547 1 -1 1 -80 -39 -51 -85 -43 -105 -167 -21 101 103 25 20 18 10 12 30 35 45 55 16 7 11 5 
20656500 20656571 1 2 1 -124 -132 -94 -125 -133 -126 -188 9 127 129 25 20 18 10 12 27 35 45 55 16 16 17 5 
20662000 20662141 1 -3 1 -81 -112 -46 -77 -106 -62 -124 44 113 109 25 20 17 10 12 30 35 45 55 16 13 9 5 
20676500 20676559 1 -1 1 -80 -65 -51 -79 -61 -82 -144 -17 87 82 25 20 17 10 12 32 35 45 55 16 9 7 5 
20949000 20949085 1 2 1 -436 -337 -406 -441 -340 -442 -504 -102 106 107 25 20 16 10 14 32 35 45 55 16 12 11 5 
