176500 177356 0 0 -1 0 0 0 0 0 0 -27 0 62 63 25 20 14 10 11 31 35 45 55 16 1 3 5 
424000 424547 0 0 0 9 -16 0 7 -16 0 -10 23 62 63 25 20 15 10 11 31 35 45 55 16 5 6 5 
1367000 1367064 0 0 0 -15 -29 0 -13 -26 -7 -17 13 68 70 25 20 14 10 10 30 35 45 55 16 7 8 5 
2214500 2215047 0 0 0 -12 -30 0 -9 -29 -19 -29 20 70 68 25 20 14 10 11 31 35 45 55 16 6 4 5 
3109000 3109292 0 0 0 -15 -16 0 -15 -16 -25 -35 0 61 63 25 20 16 10 10 30 35 45 55 16 4 8 5 
4245000 4245196 0 0 0 -10 -11 0 -8 -14 -17 -27 7 58 60 25 20 17 10 10 30 35 45 55 16 4 4 5 
5196000 5197015 0 10 0 -204 -160 -198 -219 -158 -236 -246 -61 73 76 25 20 17 10 10 30 35 45 55 16 0 5 5 
6000500 6000696 0 0 0 -3 -10 0 -3 -12 -13 -23 8 59 57 25 20 17 10 11 31 35 45 55 16 6 5 5 
6196500 6197532 0 -1 1 -56 -78 -53 -73 -89 -83 -93 16 76 76 25 20 17 10 10 30 35 45 55 16 0 5 5 
6236500 6236568 0 2 1 -98 -84 -95 -99 -80 -108 -118 -19 71 71 25 20 17 10 10 30 35 45 55 16 8 9 5 
6467000 6467180 0 -3 1 -52 -48 -49 -54 -49 -63 -73 -4 61 62 25 20 17 10 11 31 35 45 55 16 8 8 5 
7054500 7054586 0 -1 1 -52 -38 -51 -52 -38 -61 -71 -15 68 66 25 20 16 10 10 30 35 45 55 16 7 8 5 
7174500 7174661 0 2 1 -93 -76 -92 -93 -78 -105 -115 -15 71 70 25 20 16 10 10 30 35 45 55 16 4 6 5 
7190500 7190948 0 -3 1 -50 -52 -49 -52 -56 -64 -74 4 67 67 25 20 16 10 10 30 35 45 55 16 5 7 5 
7239500 7239895 0 0 0 -1 -13 0 -3 -13 -12 -22 10 63 61 25 20 16 10 11 31 35 45 55 16 3 5 5 
8853500 8853595 0 0 0 -20 -23 0 -19 -23 -29 -39 3 62 61 25 20 16 10 11 31 35 45 55 16 8 6 5 
9288000 9288001 0 0 0 -39 -33 0 -38 -35 -47 -57 -3 63 61 25 20 16 10 10 30 35 45 55 16 7 6 5 
9798500 9798563 0 0 0 -35 -27 0 -37 -29 -48 -58 -8 59 60 25 20 16 10 10 30 35 45 55 16 5 6 5 
10689500 10689664 0 0 0 -51 -45 0 -50 -45 -59 -69 -4 56 56 25 20 16 10 11 31 35 45 55 16 7 7 5 
10952000 10952239 0 0 0 -39 -33 0 -37 -30 -49 -59 -8 59 58 25 20 16 10 11 31 35 45 55 16 6 4 5 
12604000 12604018 0 0 0 -40 -30 0 -39 -27 -46 -56 -11 62 59 25 20 16 10 11 31 35 45 55 16 6 7 5 
12725500 12725657 0 0 0 -9 -7 0 -8 -5 -16 -26 -4 63 61 25 20 16 10 11 31 35 45 55 16 5 6 5 
12776500 12776572 0 0 0 -22 -19 0 -25 -22 -36 -46 -3 63 64 25 20 16 10 11 31 35 45 55 16 5 5 5 
13657500 13658212 0 0 0 2 -7 0 -10 -12 -21 -31 1 62 60 25 20 16 10 11 31 35 45 55 16 3 4 5 
14325000 14325408 0 0 0 10 5 0 8 3 -1 -11 5 62 63 25 20 16 10 11 31 35 45 55 16 4 3 5 
14748000 14748119 0 0 0 -14 -11 0 -16 -5 -29 -39 -9 61 59 25 20 16 10 11 31 35 45 55 16 2 1 5 
14765500 14765632 0 0 0 -7 -6 0 -7 -5 -19 -29 -3 67 66 25 20 16 10 11 31 35 45 55 16 6 5 5 
15015000 15015232 0 0 0 1 2 0 1 3 -8 -18 -1 61 60 25 20 16 10 11 31 35 45 55 16 7 7 5 
15217500 15217954 0 0 0 7 9 0 12 10 1 -9 1 64 64 25 20 16 10 11 31 35 45 55 16 6 6 5 
15236000 15237239 0 0 0 9 2 0 19 10 13 3 8 71 71 25 20 16 10 11 31 35 45 55 16 2 3 5 
15249500 15249703 0 0 0 13 6 0 15 5 3 -7 10 67 67 25 20 16 10 11 31 35 45 55 16 3 3 5 
15342000 15342425 0 0 0 -8 -10 0 -10 -12 -20 -30 1 62 61 25 20 17 10 11 31 35 45 55 16 4 7 5 
16080000 16080403 0 0 0 6 5 0 6 8 -4 -14 -1 63 64 25 20 16 10 12 32 35 45 55 16 4 3 5 
16173000 16173135 0 -1 1 -46 -43 -50 -45 -40 -54 -64 -5 79 82 25 20 16 10 12 32 35 45 55 16 7 10 5 
16266500 16266575 0 2 1 -141 -135 -144 -142 -136 -150 -160 -6 78 78 25 20 16 10 12 32 35 45 55 16 8 10 5 
16516500 16516528 0 -3 1 -50 -48 -49 -49 -48 -60 -70 -3 64 63 25 20 16 10 11 31 35 45 55 16 9 7 5 
16773500 16773521 0 0 0 -5 -15 0 -1 -7 -9 -19 7 66 63 25 20 16 10 12 32 35 45 55 16 1 5 5 
17177000 17177189 0 0 0 -21 -24 0 -17 -22 -28 -38 5 69 72 25 20 16 10 12 32 35 45 55 16 6 4 5 
17195500 17195648 0 0 0 -22 -26 0 -20 -24 -30 -40 4 72 76 25 20 16 10 12 32 35 45 55 16 6 5 5 
17211500 17211722 0 0 0 15 5 0 16 4 2 -8 13 68 66 25 20 16 10 12 32 35 45 55 16 3 6 5 
17277000 17277479 0 0 0 30 12 0 26 9 16 6 20 67 65 25 20 16 10 12 32 35 45 55 16 6 4 5 
17282000 17282178 0 13 0 26 16 18 28 15 15 5 15 73 77 25 20 16 10 11 31 35 45 55 16 6 5 5 
17289500 17289512 0 0 0 -25 -23 0 -31 -27 -47 -57 -5 69 70 25 20 16 10 11 31 35 45 55 16 2 2 5 
17304500 17304528 0 0 0 -8 -14 0 -7 -11 -18 -28 5 65 63 25 20 16 10 11 31 35 45 55 16 6 4 5 
17318500 17318770 0 0 0 -6 -14 0 -11 -17 -21 -31 5 63 64 25 20 16 10 12 32 35 45 55 16 6 3 5 
17337000 17337078 0 0 0 -2 -10 0 -1 -9 -14 -24 6 70 70 25 20 16 10 12 32 35 45 55 16 5 7 5 
17467500 17467539 0 0 0 20 9 0 21 9 11 1 12 63 63 25 20 16 10 12 32 35 45 55 16 8 7 5 
17865000 17865096 0 0 0 22 10 0 24 12 15 5 13 61 62 25 20 16 10 12 32 35 45 55 16 6 7 5 
17883000 17883028 0 0 0 25 16 0 23 17 11 1 6 62 62 25 20 16 10 12 32 35 45 55 16 5 6 5 
17897000 17897258 0 0 0 1 -7 0 6 -6 -4 -14 13 64 63 25 20 16 10 11 31 35 45 55 16 5 4 5 
17938000 17938565 0 0 0 1 -3 0 -7 -2 -17 -27 -4 65 58 25 20 16 10 11 31 35 45 55 16 1 4 5 
17952000 17952090 0 0 0 30 16 0 25 16 17 7 8 69 70 25 20 16 10 12 32 35 45 55 16 5 7 5 
17960500 17960531 0 0 0 16 15 0 14 16 5 -5 -2 70 70 25 20 16 10 12 32 35 45 55 16 8 8 5 
17988500 17988665 0 0 0 -2 -11 0 -8 -18 -19 -29 10 67 68 25 20 16 10 12 32 35 45 55 16 5 2 5 
18098500 18099801 0 0 0 1 -1 0 2 2 -11 -21 -1 64 65 25 20 16 10 11 31 35 45 55 16 2 3 5 
18112000 18112230 0 0 0 32 24 0 30 26 18 8 3 66 66 25 20 16 10 11 31 35 45 55 16 6 7 5 
18167000 18167140 0 0 0 30 26 0 30 28 21 11 2 65 65 25 20 16 10 12 32 35 45 55 16 7 8 5 
18183500 18183571 0 0 0 -8 -9 0 0 -5 -12 -22 6 73 75 25 20 16 10 12 32 35 45 55 16 3 5 5 
18572500 18572621 0 0 0 22 4 0 23 5 12 2 20 66 65 25 20 16 10 12 32 35 45 55 16 4 1 5 
18665000 18666115 0 -1 1 -37 -53 -51 -37 -55 -44 -54 19 67 65 25 20 16 10 11 31 35 45 55 16 1 6 5 
18722000 18722023 0 2 1 -76 -70 -84 -73 -65 -86 -96 -7 77 77 25 20 16 10 11 31 35 45 55 16 8 9 5 
18742500 18742622 0 -3 1 -43 -40 -50 -40 -41 -49 -59 1 73 73 25 20 16 10 11 31 35 45 55 16 7 7 5 
18810000 18811663 0 0 0 1 -9 0 -1 -8 -9 -19 6 67 69 25 20 16 10 11 31 35 45 55 16 0 5 5 
19337000 19337056 0 0 0 -12 -11 0 -17 -9 -26 -36 -6 69 68 25 20 16 10 12 32 35 45 55 16 7 6 5 
19920000 19921330 0 0 0 -19 -17 0 -24 -22 -35 -45 -3 58 56 25 20 16 10 11 31 35 45 55 16 0 3 5 
20440000 20440546 0 -1 1 -65 -71 -54 -74 -81 -85 -95 7 74 72 25 20 17 10 12 32 35 45 55 16 1 2 5 
20552000 20553376 0 2 1 -140 -101 -131 -135 -106 -144 -154 -27 79 81 25 20 17 10 12 32 35 45 55 16 2 2 5 
20589000 20589084 0 -3 1 -59 -58 -50 -59 -57 -69 -79 -3 72 71 25 20 17 10 11 31 35 45 55 16 8 8 5 
20619000 20619166 0 -1 1 -59 -55 -50 -58 -53 -69 -79 -4 76 76 25 20 17 10 11 31 35 45 55 16 9 10 5 
20671500 20671658 0 2 1 -158 -121 -150 -163 -120 -173 -183 -44 82 82 25 20 17 10 11 31 35 45 55 16 5 7 5 
20717000 20717056 0 -3 1 -56 -65 -49 -56 -64 -67 -77 8 67 70 25 20 17 10 11 31 35 45 55 16 7 7 5 
20889500 20889559 0 0 0 -5 -17 0 -1 -11 -12 -22 10 64 62 25 20 17 10 11 31 35 45 55 16 4 4 5 
21018500 21018551 0 -1 1 -56 -62 -51 -59 -66 -69 -79 6 81 81 25 20 17 10 11 31 35 45 55 16 6 7 5 
21053000 21053352 0 2 1 -90 -85 -85 -86 -84 -96 -106 -2 77 78 25 20 17 10 11 31 35 45 55 16 7 10 5 
176500 177356 1 0 -1 0 0 0 0 0 0 -58 0 62 63 25 20 14 10 11 31 35 45 55 16 1 3 5 
424000 424547 1 0 0 -33 -10 0 -31 -8 -30 -85 -22 62 63 25 20 15 10 11 31 35 45 55 16 5 6 5 
1365000 1365091 1 0 0 -6 10 0 -6 11 -6 -61 -18 69 69 25 20 14 10 10 30 35 45 55 16 9 7 5 
2222000 2222344 1 0 0 -19 2 0 -17 3 -15 -70 -20 70 68 25 20 15 10 11 31 35 45 55 16 6 8 5 
3105000 3105384 1 0 0 -16 -2 0 -12 1 -12 -67 -15 61 60 25 20 16 10 10 30 35 45 55 16 4 8 5 
4245000 4245196 1 0 0 -19 2 0 -16 0 -16 -71 -17 58 60 25 20 17 10 10 30 35 45 55 16 4 4 5 
5197000 5197015 1 10 0 -169 -95 -157 -202 -110 -200 -255 -92 73 76 25 20 17 10 10 30 35 45 55 16 0 5 5 
5823000 5823783 1 10 0 -287 -185 -279 -354 -245 -354 -409 -111 70 71 25 20 17 10 11 31 35 45 55 16 0 4 5 
5951000 5951042 1 10 0 231 191 238 270 225 272 217 46 69 70 25 20 17 10 11 31 35 45 55 16 1 1 5 
6000500 6000696 1 0 0 -7 5 0 -9 6 -7 -62 -14 59 57 25 20 17 10 11 31 35 45 55 16 6 5 5 
6158000 6158666 1 10 0 -295 -218 -286 -371 -288 -370 -425 -84 68 69 25 20 17 10 10 30 35 45 55 16 0 2 5 
6541500 6541557 1 10 0 -122 -96 -105 -123 -97 -122 -177 -27 71 72 25 20 16 10 10 30 35 45 55 16 1 5 5 
7241000 7241098 1 0 0 -28 -5 0 -25 0 -22 -77 -23 63 63 25 20 16 10 11 31 35 45 55 16 3 5 5 
8865000 8865084 1 0 0 -34 -10 0 -34 -10 -34 -89 -25 61 60 25 20 16 10 11 31 35 45 55 16 7 6 5 
9285000 9285398 1 0 0 -20 -7 0 -23 -13 -21 -76 -10 64 68 25 20 16 10 10 30 35 45 55 16 5 8 5 
9798500 9798563 1 0 0 -41 -10 0 -39 -8 -37 -92 -30 59 60 25 20 16 10 10 30 35 45 55 16 5 6 5 
10689500 10689664 1 0 0 -36 -14 0 -33 -10 -31 -86 -24 56 56 25 20 16 10 11 31 35 45 55 16 7 7 5 
10812500 10813083 1 10 0 -160 -154 -133 -164 -162 -163 -218 -3 76 76 25 20 16 10 11 31 35 45 55 16 2 0 5 
10947000 10947167 1 0 0 -19 5 0 -14 8 -14 -69 -23 60 58 25 20 16 10 11 31 35 45 55 16 7 6 5 
12604000 12604018 1 0 0 -27 -4 0 -24 -3 -22 -77 -22 62 59 25 20 16 10 11 31 35 45 55 16 6 7 5 
12716000 12716071 1 0 0 -13 9 0 -6 14 -4 -59 -20 68 74 25 20 16 10 11 31 35 45 55 16 6 2 5 
12782000 12782164 1 0 0 -28 -3 0 -28 0 -25 -80 -26 62 65 25 20 16 10 11 31 35 45 55 16 3 7 5 
13657500 13658212 1 0 0 24 42 0 25 41 26 -29 -16 62 60 25 20 16 10 11 31 35 45 55 16 3 4 5 
14326000 14326116 1 0 0 24 36 0 25 36 27 -28 -11 61 60 25 20 16 10 11 31 35 45 55 16 4 2 5 
14746000 14747081 1 0 0 11 33 0 23 43 25 -30 -19 62 59 25 20 16 10 11 31 35 45 55 16 1 3 5 
14764500 14764740 1 0 0 -22 -2 0 -20 -3 -20 -75 -19 67 68 25 20 16 10 11 31 35 45 55 16 5 7 5 
15015000 15015232 1 0 0 -30 2 0 -29 4 -29 -84 -34 61 60 25 20 16 10 11 31 35 45 55 16 7 7 5 
15217500 15217954 1 0 0 -25 4 0 -26 3 -24 -79 -29 64 64 25 20 16 10 11 31 35 45 55 16 6 6 5 
15233500 15234274 1 0 0 17 33 0 20 38 22 -33 -16 73 71 25 20 16 10 11 31 35 45 55 16 3 3 5 
15251000 15251278 1 0 0 23 48 0 20 46 21 -34 -25 68 65 25 20 16 10 11 31 35 45 55 16 3 2 5 
15341000 15341012 1 0 0 27 39 0 28 43 31 -24 -14 62 64 25 20 17 10 11 31 35 45 55 16 4 4 5 
15862500 15862734 1 0 0 18 31 0 23 34 24 -31 -11 63 65 25 20 16 10 11 31 35 45 55 16 3 6 5 
15881000 15881027 1 0 0 -14 6 0 -17 6 -16 -71 -23 64 62 25 20 16 10 12 32 35 45 55 16 5 3 5 
16081000 16081105 1 0 0 -31 -2 0 -30 0 -29 -84 -31 63 63 25 20 16 10 12 32 35 45 55 16 5 2 5 
16219500 16219551 1 0 0 -4 16 0 -6 17 -3 -58 -21 74 71 25 20 16 10 12 32 35 45 55 16 7 7 5 
16233500 16234005 1 0 0 20 26 0 22 26 24 -31 -4 83 83 25 20 16 10 12 32 35 45 55 16 8 10 5 
16309000 16309076 1 0 0 22 36 0 23 36 25 -30 -13 73 72 25 20 16 10 12 32 35 45 55 16 9 9 5 
16749500 16749515 1 0 0 21 31 0 22 36 25 -30 -14 63 60 25 20 16 10 11 31 35 45 55 16 7 6 5 
16776500 16776759 1 0 0 -14 -2 0 -10 1 -12 -67 -13 65 65 25 20 16 10 12 32 35 45 55 16 5 6 5 
17175000 17175261 1 0 0 0 14 0 1 17 3 -52 -16 69 69 25 20 16 10 12 32 35 45 55 16 6 6 5 
17195500 17195648 1 0 0 16 25 0 22 28 23 -32 -6 72 76 25 20 16 10 12 32 35 45 55 16 6 5 5 
17213500 17213672 1 0 0 26 36 0 29 38 30 -25 -10 68 71 25 20 16 10 12 32 35 45 55 16 6 5 5 
17276000 17276078 1 0 0 25 36 0 27 39 29 -26 -11 66 64 25 20 16 10 12 32 35 45 55 16 7 4 5 
17290500 17290582 1 0 0 25 37 0 31 39 31 -24 -8 68 69 25 20 16 10 11 31 35 45 55 16 1 6 5 
17303500 17303597 1 0 0 21 37 0 23 37 25 -30 -14 65 64 25 20 16 10 11 31 35 45 55 16 4 7 5 
17317500 17317575 1 0 0 19 29 0 22 32 25 -30 -9 63 63 25 20 16 10 12 32 35 45 55 16 5 5 5 
17337000 17337078 1 0 0 -11 11 0 -7 15 -6 -61 -23 70 70 25 20 16 10 12 32 35 45 55 16 5 7 5 
17468500 17468734 1 0 0 -23 4 0 -20 6 -19 -74 -28 63 63 25 20 16 10 12 32 35 45 55 16 8 6 5 
17867000 17867072 1 0 0 -33 0 0 -31 3 -30 -85 -34 60 59 25 20 16 10 12 32 35 45 55 16 7 6 5 
17883000 17883028 1 0 0 -23 1 0 -21 4 -21 -76 -25 62 62 25 20 16 10 12 32 35 45 55 16 5 6 5 
17889500 17889567 1 13 0 -9 12 -5 -15 8 -13 -68 -21 71 73 25 20 16 10 11 31 35 45 55 16 5 4 5 
17897000 17897258 1 0 0 18 21 0 18 21 19 -36 -4 64 63 25 20 16 10 11 31 35 45 55 16 5 4 5 
17938000 17938565 1 0 0 18 30 0 17 31 18 -37 -16 65 58 25 20 16 10 11 31 35 45 55 16 1 4 5 
17949500 17949675 1 0 0 -30 -9 0 -31 -9 -30 -85 -22 68 66 25 20 16 10 12 32 35 45 55 16 8 4 5 
17959500 17959688 1 0 0 -19 -1 0 -13 2 -11 -66 -15 71 71 25 20 16 10 12 32 35 45 55 16 5 9 5 
17989000 17989110 1 0 0 23 33 0 22 35 24 -31 -14 66 68 25 20 16 10 12 32 35 45 55 16 4 2 5 
18096500 18096586 1 0 0 9 29 0 13 34 14 -41 -22 63 63 25 20 16 10 11 31 35 45 55 16 1 5 5 
18168500 18168536 1 0 0 -18 3 0 -15 5 -12 -67 -20 64 64 25 20 16 10 12 32 35 45 55 16 8 7 5 
18194000 18194498 1 0 0 -8 1 0 -8 5 -7 -62 -14 76 76 25 20 16 10 12 32 35 45 55 16 6 7 5 
18571000 18571007 1 0 0 -1 -10 0 6 -6 8 -47 14 66 65 25 20 16 10 12 32 35 45 55 16 2 3 5 
18806500 18806557 1 0 0 -14 9 0 -19 8 -17 -72 -27 67 67 25 20 16 10 11 31 35 45 55 16 4 5 5 
18922500 18922927 1 10 0 -190 -139 -179 -198 -147 -196 -251 -51 74 76 25 20 16 10 11 31 35 45 55 16 1 1 5 
19338500 19338609 1 0 0 2 14 0 3 20 3 -52 -17 70 68 25 20 16 10 12 32 35 45 55 16 7 6 5 
19827500 19827517 1 10 0 -195 -146 -177 -265 -196 -266 -321 -70 73 74 25 20 16 10 11 31 35 45 55 16 2 1 5 
19913500 19913542 1 0 0 -22 -5 0 -23 -8 -21 -76 -17 57 56 25 20 16 10 11 31 35 45 55 16 3 1 5 
20895000 20895425 1 0 0 -8 12 0 -14 12 -13 -68 -26 63 62 25 20 17 10 11 31 35 45 55 16 2 4 5 
