35500 35789 0 0 -1 0 0 0 0 0 0 60 0 68 68 25 20 20 10 10 30 35 45 55 16 4 6 5 
46000 46004 0 0 0 -9 -31 0 -7 -30 -13 48 28 62 60 25 20 20 10 10 30 35 45 55 16 8 6 5 
296500 296627 0 0 0 0 -29 0 2 -27 4 65 37 75 74 25 20 21 10 10 30 35 45 55 16 6 7 5 
637500 637604 0 0 0 -3 -36 0 4 -29 0 61 43 75 88 25 20 21 10 10 30 35 45 55 16 7 6 5 
1155000 1155019 0 0 0 0 -34 0 5 -30 6 67 42 72 68 25 20 21 10 10 30 35 45 55 16 9 9 5 
1335000 1335047 0 0 0 -4 -42 0 -5 -43 -5 56 45 76 77 25 20 21 10 10 30 35 45 55 16 8 7 5 
1624500 1624617 0 0 0 0 -31 0 5 -26 2 63 37 75 81 25 20 21 10 10 30 35 45 55 16 8 9 5 
1807500 1807534 0 0 0 -18 -47 0 -15 -44 -21 40 34 72 71 25 20 21 10 10 30 35 45 55 16 9 8 5 
1895500 1895504 0 0 0 -9 -34 0 -9 -33 -12 49 29 71 80 25 20 21 10 10 30 35 45 55 16 8 8 5 
2029500 2029677 0 0 0 -6 -31 0 -8 -32 -7 54 32 68 61 25 20 21 10 10 30 35 45 55 16 8 7 5 
2045500 2045689 0 0 0 20 -16 0 23 -14 21 82 46 75 61 25 20 21 10 10 30 35 45 55 16 10 7 5 
2162000 2162156 0 0 0 23 -8 0 23 -6 20 81 36 59 68 25 20 21 10 10 30 35 45 55 16 7 7 5 
2198500 2198607 0 0 0 71 30 0 75 32 79 140 52 68 76 25 20 21 10 10 30 35 45 55 16 8 9 5 
2246000 2246138 0 0 0 75 36 0 79 41 76 137 45 69 76 25 20 21 10 10 30 35 45 55 16 9 8 5 
2632500 2632681 0 0 0 55 5 0 55 8 55 116 55 75 74 25 20 21 10 10 30 35 45 55 16 9 10 5 
2895000 2895200 0 0 0 47 -7 0 46 -7 46 107 61 74 73 25 20 21 10 10 30 35 45 55 16 10 9 5 
3009500 3009551 0 0 0 6 -54 0 12 -53 11 72 72 88 93 25 20 21 10 10 30 35 45 55 16 7 12 5 
3155500 3155586 0 0 0 -9 -78 0 -7 -77 -3 58 79 89 87 25 20 21 10 10 30 35 45 55 16 11 11 5 
3459500 3459647 0 0 0 -15 -70 0 -13 -68 -11 50 65 91 96 25 20 21 10 10 30 35 45 55 16 11 12 5 
3804500 3804678 0 0 0 -5 -61 0 -3 -60 -2 59 66 79 79 25 20 21 10 10 30 35 45 55 16 10 10 5 
3909500 3909689 0 0 0 -2 -55 0 -4 -55 -2 59 61 80 79 25 20 21 10 10 30 35 45 55 16 9 9 5 
4249500 4249561 0 0 0 5 -48 0 7 -47 11 72 63 85 84 25 20 21 10 10 30 35 45 55 16 8 12 5 
4402500 4402661 0 0 0 35 -20 0 37 -18 39 100 65 79 81 25 20 21 10 10 30 35 45 55 16 9 10 5 
4534000 4534127 0 0 0 3 -51 0 3 -50 4 65 60 85 85 25 20 21 10 10 30 35 45 55 16 11 10 5 
4802000 4802019 0 0 0 7 -41 0 9 -39 9 70 55 79 81 25 20 21 10 10 30 35 45 55 16 10 10 5 
4837500 4837665 0 0 0 -9 -65 0 -5 -62 -3 58 65 86 93 25 20 21 10 10 30 35 45 55 16 9 7 5 
4895500 4895626 0 0 0 -8 -61 0 -11 -64 -7 54 59 77 79 25 20 21 10 10 30 35 45 55 16 5 10 5 
4953500 4953572 0 0 0 -39 -86 0 -36 -84 -36 25 55 85 88 25 20 21 10 10 30 35 45 55 16 10 11 5 
5016500 5016670 0 0 0 -18 -68 0 -17 -66 -18 43 56 81 83 25 20 21 10 10 30 35 45 55 16 10 9 5 
5354000 5354018 0 0 0 -12 -55 0 -11 -54 -9 52 50 83 84 25 20 21 10 10 30 35 45 55 16 9 10 5 
5482500 5482535 0 0 0 -11 -53 0 -8 -49 -9 52 48 83 84 25 20 21 10 10 30 35 45 55 16 9 10 5 
5655000 5655149 0 0 0 -11 -60 0 -12 -59 -8 53 57 85 83 25 20 21 10 10 30 35 45 55 16 11 11 5 
5833000 5833108 0 0 0 -9 -54 0 -8 -53 -2 59 55 76 76 25 20 21 10 10 30 35 45 55 16 9 8 5 
6001000 6001095 0 0 0 -10 -51 0 -10 -50 -9 52 48 75 72 25 20 21 10 10 30 35 45 55 16 10 8 5 
6143500 6143897 0 0 0 -7 -45 0 -3 -40 -5 56 46 78 77 25 20 21 10 10 30 35 45 55 16 8 7 5 
6209000 6209120 0 0 0 49 -13 0 50 -11 53 114 70 78 78 25 20 21 10 10 30 35 45 55 16 8 10 5 
6418000 6418144 0 0 0 41 -7 0 40 -7 45 106 56 77 78 25 20 21 10 10 30 35 45 55 16 10 10 5 
6724500 6724593 0 0 0 38 -5 0 42 0 40 101 48 73 71 25 20 21 10 10 30 35 45 55 16 9 9 5 
7013000 7013140 0 0 0 47 -2 0 50 1 52 113 58 73 74 25 20 21 10 10 30 35 45 55 16 8 9 5 
7427000 7427024 0 0 0 30 -14 0 30 -14 32 93 59 72 71 25 20 21 10 11 31 35 45 55 16 9 7 5 
7635000 7635039 0 0 0 52 -12 0 56 -11 71 132 82 92 97 25 20 21 10 11 31 35 45 55 16 12 11 5 
7685500 7685539 0 0 0 53 -8 0 54 -10 65 126 80 76 79 25 20 21 10 11 31 35 45 55 16 10 9 5 
7876000 7876197 0 0 0 38 -11 0 40 -10 49 110 64 74 74 25 20 21 10 11 31 35 45 55 16 9 10 5 
8059000 8059184 0 0 0 60 -1 0 61 -2 70 131 77 70 68 25 20 21 10 11 31 35 45 55 16 9 9 5 
8098000 8098319 0 0 0 21 -29 0 22 -29 29 90 67 86 85 25 20 21 10 11 31 35 45 55 16 9 8 5 
8152500 8152596 0 0 0 8 -33 0 8 -32 18 79 54 72 74 25 20 21 10 11 31 35 45 55 16 6 7 5 
8168000 8168019 0 0 0 59 -7 0 61 -5 76 137 82 83 83 25 20 21 10 11 31 35 45 55 16 10 11 5 
8211000 8211037 0 0 0 47 -12 0 53 -7 68 129 78 79 77 25 20 21 10 11 31 35 45 55 16 9 7 5 
8220000 8220015 0 0 0 23 -18 0 23 -18 26 87 54 69 70 25 20 21 10 11 31 35 45 55 16 8 9 5 
8495500 8495677 0 0 0 20 -23 0 22 -21 24 85 54 72 75 25 20 21 10 11 31 35 45 55 16 8 8 5 
8651500 8651727 0 0 0 13 -29 0 18 -25 20 81 53 70 69 25 20 21 10 11 31 35 45 55 16 7 8 5 
8683000 8683003 0 0 0 47 -3 0 48 -1 60 121 66 67 61 25 20 21 10 11 31 35 45 55 16 9 9 5 
8735500 8735551 0 0 0 42 -15 0 41 -16 51 112 74 79 78 25 20 21 10 11 31 35 45 55 16 9 9 5 
8752500 8752524 0 0 0 69 14 0 72 18 84 145 73 69 68 25 20 21 10 11 31 35 45 55 16 9 9 5 
8974000 8974045 0 0 0 70 12 0 70 12 83 144 74 71 68 25 20 21 10 11 31 35 45 55 16 9 9 5 
9007500 9007631 0 0 0 29 -6 0 33 -3 46 107 61 74 73 25 20 21 10 11 31 35 45 55 16 10 9 5 
9039500 9039590 0 0 0 39 -8 0 38 -9 52 113 73 75 70 25 20 21 10 11 31 35 45 55 16 10 9 5 
9334000 9334131 0 0 0 53 12 0 56 15 76 137 79 78 78 25 20 21 10 11 31 35 45 55 16 9 10 5 
9365500 9365657 0 0 0 26 -19 0 29 -15 57 118 86 84 88 25 20 21 10 11 31 35 45 55 16 11 11 5 
9658000 9658192 0 0 0 27 -17 0 31 -13 56 117 77 80 79 25 20 21 10 11 31 35 45 55 16 9 10 5 
9860500 9860538 0 0 0 37 0 0 40 2 64 125 77 80 82 25 20 21 10 11 31 35 45 55 16 9 10 5 
10361000 10361073 0 0 0 51 7 0 53 7 75 136 80 75 79 25 20 21 10 11 31 35 45 55 16 9 9 5 
10455000 10455010 0 0 0 29 -7 0 33 -3 57 118 73 78 77 25 20 21 10 11 31 35 45 55 16 10 10 5 
10492500 10492691 0 0 0 0 -29 0 3 -27 16 77 61 72 75 25 20 21 10 11 31 35 45 55 16 9 9 5 
10751500 10751655 0 0 0 -2 -36 0 0 -33 24 85 67 74 72 25 20 21 10 11 31 35 45 55 16 8 5 5 
11051500 11051625 0 0 0 -14 -36 0 -13 -35 15 76 64 79 79 25 20 21 10 11 31 35 45 55 16 9 10 5 
11268000 11268058 0 0 0 -10 -31 0 -7 -28 12 73 51 82 80 25 20 21 10 11 31 35 45 55 16 8 10 5 
11420500 11420936 0 0 0 7 -27 0 2 -28 20 81 68 77 74 25 20 21 10 11 31 35 45 55 16 4 3 5 
11470500 11470758 0 0 0 8 -20 0 12 -15 34 95 61 76 78 25 20 21 10 11 31 35 45 55 16 9 8 5 
11613500 11613637 0 0 0 -6 -45 0 -4 -43 13 74 71 80 79 25 20 21 10 11 31 35 45 55 16 9 10 5 
11731000 11731049 0 0 0 20 -24 0 25 -21 58 119 80 83 83 25 20 21 10 11 31 35 45 55 16 7 9 5 
11932500 11932649 0 0 0 69 22 0 69 23 101 162 89 81 81 25 20 21 10 11 31 35 45 55 16 10 10 5 
12054500 12054663 0 0 0 16 -18 0 19 -16 39 100 72 81 83 25 20 21 10 11 31 35 45 55 16 9 9 5 
12305500 12305561 0 0 0 12 -38 0 12 -37 44 105 84 90 91 25 20 21 10 11 31 35 45 55 16 10 11 5 
12324000 12324144 0 0 0 21 -31 0 21 -30 45 106 82 85 82 25 20 21 10 11 31 35 45 55 16 11 10 5 
12393500 12393586 0 0 0 -2 -42 0 0 -39 23 84 81 86 85 25 20 21 10 11 31 35 45 55 16 11 11 5 
12502500 12502576 0 0 0 -21 -52 0 -19 -50 1 62 66 83 80 25 20 21 10 11 31 35 45 55 16 10 9 5 
12568000 12568088 0 0 0 -15 -44 0 -8 -38 14 75 67 83 79 25 20 21 10 11 31 35 45 55 16 10 10 5 
12604500 12604672 0 0 0 -29 -53 0 -26 -49 -6 55 59 82 79 25 20 21 10 11 31 35 45 55 16 10 9 5 
12610500 12610652 0 13 0 15 -24 7 21 -19 53 114 84 83 88 25 20 21 10 11 31 35 45 55 16 11 10 5 
12614000 12614127 0 0 0 29 -11 0 31 -8 61 122 83 84 87 25 20 21 10 11 31 35 45 55 16 10 11 5 
12635500 12635592 0 0 0 20 -18 0 22 -15 49 110 79 80 78 25 20 21 10 11 31 35 45 55 16 10 10 5 
12712500 12712651 0 0 0 4 -23 0 8 -21 24 85 63 81 85 25 20 21 10 11 31 35 45 55 16 10 11 5 
12911000 12911085 0 0 0 10 -12 0 11 -11 26 87 58 75 71 25 20 22 10 11 31 35 45 55 16 8 9 5 
12926000 12926048 0 0 0 34 12 0 39 15 59 120 59 75 74 25 20 22 10 11 31 35 45 55 16 10 9 5 
12968500 12968580 0 0 0 33 4 0 42 12 59 120 65 74 75 25 20 22 10 11 31 35 45 55 16 9 9 5 
12991500 12991648 0 0 0 -17 -38 0 -12 -35 -5 56 52 79 78 25 20 22 10 11 31 35 45 55 16 10 9 5 
13013000 13013094 0 0 0 -29 -46 0 -29 -45 -17 44 46 78 75 25 20 22 10 11 31 35 45 55 16 9 9 5 
13194500 13194610 0 0 0 -22 -33 0 -21 -32 -13 48 35 77 75 25 20 22 10 11 31 35 45 55 16 9 10 5 
13201000 13201085 0 13 0 8 -17 -10 13 -13 28 89 62 79 82 25 20 22 10 11 31 35 45 55 16 10 10 5 
13205000 13205026 0 0 0 41 11 0 44 13 65 126 70 79 79 25 20 22 10 11 31 35 45 55 16 10 9 5 
13251000 13251114 0 0 0 29 4 0 33 7 52 113 67 76 76 25 20 22 10 11 31 35 45 55 16 10 10 5 
13257500 13257527 0 0 0 -20 -44 0 -18 -43 -9 52 47 81 83 25 20 22 10 11 31 35 45 55 16 8 10 5 
13301000 13301035 0 0 0 13 -6 0 14 -7 37 98 59 79 78 25 20 22 10 11 31 35 45 55 16 10 10 5 
13335000 13335110 0 0 0 11 -13 0 13 -11 23 84 55 75 72 25 20 22 10 11 31 35 45 55 16 8 8 5 
13362000 13362067 0 0 0 26 0 0 31 3 40 101 53 71 72 25 20 22 10 11 31 35 45 55 16 9 9 5 
13375500 13375686 0 -1 7 -26 -43 -52 -32 -45 -13 48 39 79 77 25 20 22 10 11 31 35 45 55 16 7 8 5 
13385500 13385637 0 2 7 -100 -132 -125 -96 -135 -52 9 27 113 114 25 20 22 10 11 27 35 45 55 16 1 2 5 
13408500 13408545 0 -3 7 -25 -77 -50 -22 -78 -7 54 84 99 96 25 20 22 10 11 31 35 45 55 16 13 9 5 
13418000 13418026 0 -1 7 -27 -71 -51 -20 -65 1 62 80 93 93 25 20 22 10 11 31 35 45 55 16 11 10 5 
13570500 13570615 0 2 7 -112 -133 -131 -108 -129 -92 -31 43 125 126 25 20 22 10 11 26 35 45 55 16 10 15 5 
13883500 13883587 0 -3 7 -40 -83 -48 -34 -81 -13 48 80 88 85 25 20 22 10 11 31 35 45 55 16 11 10 5 
14147000 14147048 0 0 0 -1 -22 0 1 -18 20 81 62 78 79 25 20 22 10 11 31 35 45 55 16 9 9 5 
14281000 14281013 0 0 0 -3 -20 0 -5 -19 6 67 45 75 74 25 20 22 10 11 31 35 45 55 16 3 9 5 
14440000 14440065 0 0 0 -25 -39 0 -24 -38 -9 52 48 74 76 25 20 22 10 11 31 35 45 55 16 10 8 5 
14529500 14529570 0 0 0 3 -22 0 5 -21 21 82 55 72 71 25 20 22 10 11 31 35 45 55 16 7 7 5 
14596000 14596178 0 0 0 -10 -20 0 -9 -18 6 67 39 70 71 25 20 22 10 11 31 35 45 55 16 8 7 5 
14606000 14606014 0 0 0 -53 -61 0 -54 -59 -50 11 33 73 75 25 20 22 10 11 31 35 45 55 16 9 9 5 
14652000 14652010 0 0 0 -47 -54 0 -41 -50 -37 24 31 68 66 25 20 22 10 11 31 35 45 55 16 9 8 5 
14657500 14657647 0 13 0 -1 -17 9 8 -11 29 90 61 73 72 25 20 22 10 11 31 35 45 55 16 5 7 5 
14661000 14661155 0 0 0 14 -14 0 17 -14 41 102 63 72 71 25 20 22 10 11 31 35 45 55 16 7 7 5 
14688500 14688928 0 0 0 20 -3 0 22 -1 40 101 58 70 70 25 20 22 10 11 31 35 45 55 16 7 8 5 
14700500 14700599 0 0 0 -23 -40 0 -20 -37 3 64 60 73 69 25 20 22 10 11 31 35 45 55 16 6 9 5 
14715000 14715044 0 0 0 -16 -40 0 -20 -43 6 67 64 73 72 25 20 22 10 11 31 35 45 55 16 8 9 5 
14720500 14720846 0 0 0 3 -25 0 8 -18 25 86 58 72 72 25 20 22 10 11 31 35 45 55 16 7 7 5 
14730000 14730282 0 0 0 -5 -17 0 -4 -18 14 75 50 70 73 25 20 22 10 11 31 35 45 55 16 7 4 5 
14738500 14738608 0 0 0 -12 -33 0 -6 -28 19 80 57 73 71 25 20 22 10 11 31 35 45 55 16 7 8 5 
14797500 14797592 0 0 0 -15 -25 0 -10 -19 -9 52 35 68 67 25 20 22 10 11 31 35 45 55 16 9 7 5 
14908000 14908169 0 0 0 2 -15 0 10 -8 23 84 52 66 63 25 20 22 10 11 31 35 45 55 16 3 4 5 
14983000 14983175 0 0 0 9 -4 0 10 -3 20 81 48 66 68 25 20 22 10 11 31 35 45 55 16 5 7 5 
15034000 15034124 0 0 0 -26 -29 0 -23 -27 -12 49 31 67 70 25 20 22 10 11 31 35 45 55 16 8 8 5 
15335500 15335637 0 0 0 -10 -18 0 -7 -19 -5 56 35 63 63 25 20 22 10 11 31 35 45 55 16 6 7 5 
15706000 15706107 0 0 0 -4 -13 0 1 -8 6 67 41 62 61 25 20 22 10 11 31 35 45 55 16 7 7 5 
15731500 15731929 0 0 0 -3 -9 0 0 -5 19 80 49 64 65 25 20 22 10 11 31 35 45 55 16 6 5 5 
15763000 15763011 0 0 0 -12 -17 0 -12 -16 -7 54 38 68 68 25 20 22 10 11 31 35 45 55 16 7 6 5 
15766000 15766026 0 13 0 21 3 8 26 2 41 102 56 69 72 25 20 22 10 11 31 35 45 55 16 3 7 5 
15770000 15770045 0 0 0 45 25 0 46 27 67 128 66 65 57 25 20 22 10 11 31 35 45 55 16 6 7 5 
15787500 15787575 0 0 0 29 13 0 30 13 46 107 58 62 58 25 20 22 10 11 31 35 45 55 16 6 6 5 
15807000 15807152 0 0 0 30 18 0 33 20 37 98 43 65 65 25 20 22 10 11 31 35 45 55 16 6 4 5 
15813000 15813060 0 13 0 -19 -28 -17 -19 -29 -14 47 43 71 74 25 20 22 10 11 31 35 45 55 16 4 4 5 
15824500 15824668 0 0 0 -64 -58 0 -63 -57 -54 7 23 67 63 25 20 22 10 11 31 35 45 55 16 8 8 5 
15848000 15848072 0 0 0 -40 -41 0 -44 -43 -39 22 27 65 64 25 20 22 10 11 31 35 45 55 16 8 8 5 
15858000 15858056 0 0 0 6 -4 0 8 -1 30 91 50 65 65 25 20 22 10 11 31 35 45 55 16 5 5 5 
15870000 15870332 0 0 0 29 11 0 28 10 51 112 55 65 62 25 20 22 10 11 31 35 45 55 16 6 7 5 
15922000 15922190 0 0 0 34 12 0 45 16 62 123 59 64 63 25 20 22 10 11 31 35 45 55 16 4 3 5 
15942000 15942468 0 0 0 -11 -21 0 -3 -17 20 81 56 65 58 25 20 22 10 11 31 35 45 55 16 5 7 5 
15990500 15990707 0 0 0 -49 -51 0 -43 -44 -39 22 23 63 67 25 20 22 10 11 31 35 45 55 16 7 8 5 
16033500 16033559 0 0 0 -59 -52 0 -59 -50 -51 10 19 67 66 25 20 22 10 11 31 35 45 55 16 8 8 5 
16050000 16050023 0 0 0 -49 -45 0 -47 -44 -43 18 19 70 74 25 20 22 10 11 31 35 45 55 16 9 9 5 
16058500 16058650 0 0 0 -3 -13 0 -6 -13 8 69 44 64 60 25 20 22 10 11 31 35 45 55 16 6 8 5 
16114000 16114345 0 0 0 -19 -32 0 1 -18 6 67 41 67 66 25 20 22 10 11 31 35 45 55 16 6 6 5 
16119500 16119739 0 0 0 -59 -56 0 -56 -51 -57 4 31 62 60 25 20 22 10 11 31 35 45 55 16 8 8 5 
16164500 16164686 0 0 0 -44 -56 0 -39 -53 -29 32 43 73 74 25 20 22 10 11 31 35 45 55 16 6 5 5 
16169000 16169312 0 0 0 -34 -43 0 -39 -41 -48 13 23 72 70 25 20 22 10 11 31 35 45 55 16 3 5 5 
16183500 16183621 0 0 0 27 -8 0 34 -2 41 102 65 74 75 25 20 22 10 11 31 35 45 55 16 6 7 5 
16227000 16227163 0 0 0 -4 -20 0 0 -15 10 71 52 70 69 25 20 22 10 11 31 35 45 55 16 8 7 5 
16275500 16275665 0 0 0 -6 -16 0 4 -10 15 76 44 72 71 25 20 22 10 11 31 35 45 55 16 7 7 5 
16367500 16367632 0 0 0 19 1 0 22 2 36 97 56 73 74 25 20 22 10 11 31 35 45 55 16 6 9 5 
16379500 16379728 0 0 0 -2 -13 0 1 -10 5 66 42 68 66 25 20 22 10 11 31 35 45 55 16 8 5 5 
16385000 16385121 0 0 0 -38 -55 0 -37 -58 -28 33 45 66 65 25 20 22 10 11 31 35 45 55 16 8 7 5 
16541500 16541555 0 0 0 -37 -40 0 -35 -39 -24 37 40 71 71 25 20 22 10 11 31 35 45 55 16 9 9 5 
16627000 16627147 0 0 0 -25 -35 0 -24 -34 -9 52 38 64 62 25 20 22 10 11 31 35 45 55 16 6 7 5 
16670500 16670563 0 0 0 1 -8 0 6 -2 7 68 38 63 65 25 20 22 10 11 31 35 45 55 16 8 8 5 
16770000 16770053 0 0 0 2 -9 0 4 -7 13 74 44 65 68 25 20 22 10 11 31 35 45 55 16 6 6 5 
16884500 16884658 0 0 0 4 -12 0 2 -11 17 78 42 68 69 25 20 22 10 11 31 35 45 55 16 7 6 5 
17868500 17868605 0 0 0 -23 -34 0 -20 -32 -15 46 38 63 64 25 20 22 10 11 31 35 45 55 16 8 8 5 
18300000 18300441 0 0 0 -33 -31 0 -31 -32 -30 31 19 61 59 25 20 22 10 11 31 35 45 55 16 6 8 5 
18404500 18404525 0 0 0 -29 -45 0 -31 -45 -18 43 38 71 70 25 20 22 10 11 31 35 45 55 16 8 8 5 
18423000 18423138 0 0 0 -20 -27 0 -21 -28 -13 48 31 72 76 25 20 22 10 11 31 35 45 55 16 8 9 5 
18438500 18438663 0 0 0 -45 -50 0 -41 -49 -35 26 31 66 66 25 20 22 10 11 31 35 45 55 16 8 8 5 
18442500 18442640 0 13 0 -108 -100 -97 -108 -100 -99 -38 13 71 75 25 20 22 10 11 31 35 45 55 16 6 6 5 
18448500 18449115 0 0 0 40 17 0 44 19 49 110 45 70 68 25 20 22 10 11 31 35 45 55 16 5 8 5 
18459500 18459554 0 0 0 -25 -32 0 -16 -23 -15 46 30 71 68 25 20 22 10 11 31 35 45 55 16 9 7 5 
18470500 18470535 0 0 0 -31 -32 0 -45 -42 -33 28 24 70 69 25 20 22 10 11 31 35 45 55 16 7 7 5 
18477000 18477149 0 0 0 27 13 0 32 20 48 109 41 68 67 25 20 22 10 11 31 35 45 55 16 6 7 5 
18487500 18487537 0 0 0 23 9 0 31 16 35 96 38 68 68 25 20 22 10 11 31 35 45 55 16 8 9 5 
18492000 18492086 0 13 0 9 -8 2 -8 -21 23 84 55 73 73 25 20 22 10 11 31 35 45 55 16 6 6 5 
18501000 18501017 0 0 0 -27 -42 0 -24 -37 -20 41 33 72 73 25 20 22 10 11 31 35 45 55 16 9 9 5 
18519500 18519627 0 0 0 -11 -28 0 -6 -24 0 61 39 69 66 25 20 22 10 11 31 35 45 55 16 9 9 5 
18745500 18745656 0 0 0 -11 -32 0 -13 -31 0 61 48 69 69 25 20 22 10 12 32 35 45 55 16 9 9 5 
18821500 18821655 0 0 0 -6 -18 0 -7 -17 -3 58 34 67 69 25 20 22 10 12 32 35 45 55 16 7 8 5 
19127000 19127160 0 0 0 0 -8 0 2 -7 9 70 27 75 78 25 20 22 10 12 32 35 45 55 16 10 9 5 
19171000 19171018 0 0 0 -21 -28 0 -18 -24 -15 46 31 74 75 25 20 22 10 12 32 35 45 55 16 9 7 5 
19273000 19273117 0 0 0 -24 -26 0 -23 -27 -14 49 38 70 69 25 20 22 10 12 32 35 45 55 16 9 8 5 
19541000 19541087 0 0 0 -28 -26 0 -29 -27 -23 38 28 64 62 25 20 22 10 12 32 35 45 55 16 8 8 5 
19760500 19760601 0 0 0 -51 -53 0 -51 -52 -37 24 28 64 65 25 20 22 10 12 32 35 45 55 16 8 8 5 
20012500 20012556 0 0 0 -19 -31 0 -16 -29 -9 52 45 68 68 25 20 22 10 12 32 35 45 55 16 9 8 5 
20074000 20074121 0 0 0 -21 -25 0 -25 -25 -15 46 32 69 68 25 20 22 10 12 32 35 45 55 16 7 8 5 
20115500 20115805 0 0 0 -30 -43 0 -30 -42 -18 43 38 71 76 25 20 22 10 12 32 35 45 55 16 5 5 5 
20130500 20130602 0 0 0 -46 -52 0 -43 -48 -34 27 43 76 75 25 20 22 10 12 32 35 45 55 16 10 10 5 
20154500 20154678 0 0 0 -32 -52 0 -31 -51 -12 49 53 72 71 25 20 22 10 12 32 35 45 55 16 9 9 5 
20163000 20163168 0 -1 1 24 2 51 28 6 45 108 55 74 72 25 20 22 10 12 32 35 45 55 16 8 9 5 
20174000 20174164 0 2 1 108 83 129 115 88 127 190 52 73 74 25 20 22 10 12 32 35 45 55 16 9 9 5 
20179500 20179687 0 -3 1 27 10 45 25 8 40 103 48 73 72 25 20 22 10 12 32 35 45 55 16 9 7 5 
20184500 20184585 0 0 0 -15 -32 0 -15 -31 -3 58 43 74 73 25 20 22 10 12 32 35 45 55 16 9 8 5 
20248000 20248091 0 0 0 -44 -64 0 -37 -58 -14 47 56 74 72 25 20 22 10 12 32 35 45 55 16 9 9 5 
20316000 20316156 0 0 0 -15 -55 0 -11 -54 6 69 76 78 76 25 20 22 10 12 32 35 45 55 16 10 8 5 
20374000 20374141 0 0 0 -3 -28 0 1 -24 23 84 60 71 68 25 20 22 10 12 32 35 45 55 16 7 8 5 
20469000 20469035 0 0 0 3 -25 0 0 -26 27 88 63 73 73 25 20 22 10 12 32 35 45 55 16 7 8 5 
20576000 20576071 0 0 0 19 -11 0 24 -4 36 97 60 69 70 25 20 22 10 12 32 35 45 55 16 8 7 5 
20661500 20661694 0 0 0 0 -26 0 4 -22 15 76 58 71 70 25 20 22 10 12 32 35 45 55 16 8 8 5 
20753500 20753585 0 0 0 0 -28 0 1 -25 15 78 56 73 70 25 20 22 10 12 32 35 45 55 16 6 7 5 
20907500 20907875 0 0 0 -22 -43 0 -15 -36 1 62 49 72 68 25 20 22 10 12 32 35 45 55 16 6 6 5 
21022500 21022557 0 0 0 -29 -45 0 -26 -42 -10 51 43 70 69 25 20 22 10 12 32 35 45 55 16 5 7 5 
21218500 21218558 0 0 0 -42 -57 0 -40 -57 -28 35 40 68 67 25 20 22 10 12 32 35 45 55 16 8 9 5 
21361000 21361159 0 0 0 -36 -52 0 -35 -52 -20 41 44 70 68 25 20 22 10 12 32 35 45 55 16 9 7 5 
21474500 21474678 0 0 0 -55 -63 0 -54 -61 -42 19 37 70 68 25 20 22 10 12 32 35 45 55 16 8 9 5 
21589000 21589000 0 0 0 -42 -50 0 -42 -47 -40 21 23 66 64 25 20 22 10 12 32 35 45 55 16 8 8 5 
21744500 21744518 0 0 0 -45 -55 0 -45 -55 -35 26 33 67 67 25 20 22 10 12 32 35 45 55 16 8 8 5 
21757500 21757713 0 0 0 -70 -72 0 -67 -69 -61 0 25 69 66 25 20 22 10 12 32 35 45 55 16 9 8 5 
21783500 21783642 0 0 0 -74 -71 0 -69 -67 -62 -1 27 68 68 25 20 22 10 12 32 35 45 55 16 9 9 5 
21795000 21795053 0 0 0 -55 -55 0 -60 -59 -62 -1 24 65 66 25 20 22 10 12 32 35 45 55 16 8 8 5 
21810000 21810011 0 0 0 -16 -43 0 -13 -39 9 70 45 67 69 25 20 22 10 12 32 35 45 55 16 6 4 5 
21857000 21857125 0 0 0 -56 -65 0 -54 -64 -44 17 31 67 68 25 20 22 10 12 32 35 45 55 16 8 8 5 
21898000 21898145 0 0 0 -28 -44 0 -27 -45 -20 41 40 68 68 25 20 22 10 12 32 35 45 55 16 8 7 5 
22068500 22068686 0 0 0 -48 -57 0 -47 -55 -34 27 34 64 63 25 20 22 10 12 32 35 45 55 16 8 8 5 
22297500 22297521 0 0 0 -49 -57 0 -47 -55 -37 24 30 65 65 25 20 22 10 12 32 35 45 55 16 8 8 5 
22344500 22344699 0 0 0 -20 -31 0 -19 -28 -12 49 37 66 67 25 20 22 10 12 32 35 45 55 16 7 7 5 
22362000 22362050 0 0 0 -5 -27 0 1 -24 9 70 45 68 74 25 20 22 10 12 32 35 45 55 16 9 7 5 
22381000 22381032 0 0 0 -62 -72 0 -64 -74 -63 -2 24 67 65 25 20 22 10 12 32 35 45 55 16 7 8 5 
22400500 22400546 0 0 0 -21 -44 0 -10 -35 -3 58 47 81 81 25 20 22 10 12 32 35 45 55 16 8 6 5 
22412000 22412084 0 0 0 -36 -60 0 -36 -58 -15 46 50 81 79 25 20 22 10 12 32 35 45 55 16 10 11 5 
22420500 22420518 0 13 0 9 -20 0 7 -21 34 95 64 76 73 25 20 22 10 12 32 35 45 55 16 8 6 5 
22425000 22425283 0 0 0 33 4 0 33 5 46 107 57 65 64 25 20 22 10 12 32 35 45 55 16 5 7 5 
22435500 22435593 0 13 0 -31 -49 -28 -41 -55 -30 31 51 79 82 25 20 22 10 12 32 35 45 55 16 4 9 5 
22441000 22441199 0 0 0 -23 -51 0 -19 -45 -8 53 49 82 81 25 20 22 10 12 32 35 45 55 16 8 10 5 
22452000 22452194 0 0 0 -6 -39 0 -2 -34 6 67 52 76 75 25 20 22 10 12 32 35 45 55 16 9 7 5 
22503500 22503569 0 0 0 1 -42 0 3 -42 33 94 76 85 88 25 20 22 10 12 32 35 45 55 16 9 6 5 
22551500 22551587 0 0 0 -21 -60 0 -20 -60 -3 58 63 77 69 25 20 22 10 12 32 35 45 55 16 8 7 5 
22595000 22595043 0 0 0 -54 -72 0 -49 -68 -44 17 34 74 74 25 20 22 10 12 32 35 45 55 16 9 10 5 
41500 41615 1 0 -1 0 0 0 0 0 0 -58 0 66 78 25 20 20 10 10 30 35 45 55 16 5 6 5 
56500 56729 1 0 0 -8 29 0 -13 20 4 -67 -34 72 72 25 20 20 10 10 30 35 45 55 16 8 7 5 
296000 296404 1 0 0 -8 29 0 -9 27 8 -63 -36 76 67 25 20 21 10 10 30 35 45 55 16 7 7 5 
635500 635522 1 0 0 0 39 0 -4 34 14 -57 -36 75 68 25 20 21 10 10 30 35 45 55 16 7 7 5 
1154000 1154006 1 0 0 13 47 0 10 46 29 -42 -34 71 66 25 20 21 10 10 30 35 45 55 16 7 9 5 
1338500 1338575 1 0 0 13 47 0 8 44 26 -45 -36 69 69 25 20 21 10 10 30 35 45 55 16 8 7 5 
1629500 1629646 1 0 0 10 36 0 5 32 22 -49 -29 73 64 25 20 21 10 10 30 35 45 55 16 5 9 5 
1813000 1813190 1 0 0 9 40 0 7 39 23 -48 -32 77 86 25 20 21 10 10 30 35 45 55 16 8 8 5 
1913500 1913636 1 0 0 11 48 0 5 43 22 -49 -38 67 61 25 20 21 10 10 30 35 45 55 16 9 8 5 
2068000 2068183 1 0 0 46 70 0 38 64 56 -15 -24 73 65 25 20 21 10 10 30 35 45 55 16 8 9 5 
2107500 2107547 1 0 0 26 58 0 18 52 35 -36 -33 69 68 25 20 21 10 10 30 35 45 55 16 7 5 5 
2141500 2141765 1 0 0 47 84 0 45 83 62 -9 -39 56 53 25 20 21 10 10 30 35 45 55 16 7 7 5 
2242500 2242618 1 0 0 69 98 0 65 93 83 12 -27 69 74 25 20 21 10 10 30 35 45 55 16 8 9 5 
2638000 2638121 1 0 0 66 82 0 64 81 80 9 -18 80 75 25 20 21 10 10 30 35 45 55 16 10 10 5 
2878000 2878135 1 0 0 61 76 0 56 71 73 2 -15 83 80 25 20 21 10 10 30 35 45 55 16 11 10 5 
3020500 3020667 1 0 0 36 48 0 34 42 51 -20 -8 90 90 25 20 21 10 10 30 35 45 55 16 8 11 5 
3157500 3157633 1 0 0 14 36 0 3 28 20 -51 -25 89 87 25 20 21 10 10 30 35 45 55 16 11 10 5 
3461000 3461100 1 0 0 10 42 0 4 38 21 -50 -34 91 86 25 20 21 10 10 30 35 45 55 16 12 11 5 
3800500 3800566 1 0 0 22 43 0 18 39 34 -37 -22 81 82 25 20 21 10 10 30 35 45 55 16 10 10 5 
3907500 3907625 1 0 0 30 50 0 26 46 43 -28 -19 83 86 25 20 21 10 10 30 35 45 55 16 11 9 5 
4245000 4245155 1 0 0 17 45 0 12 41 30 -41 -29 81 83 25 20 21 10 10 30 35 45 55 16 8 9 5 
4449500 4449534 1 0 0 44 64 0 37 58 55 -16 -22 84 89 25 20 21 10 10 30 35 45 55 16 10 11 5 
4533500 4533625 1 0 0 34 53 0 31 51 48 -23 -21 86 91 25 20 21 10 10 30 35 45 55 16 10 11 5 
4803500 4803546 1 0 0 28 50 0 25 47 42 -29 -20 80 80 25 20 21 10 10 30 35 45 55 16 10 8 5 
4841500 4841652 1 0 0 13 39 0 9 35 27 -44 -26 83 86 25 20 21 10 10 30 35 45 55 16 10 11 5 
4903000 4903113 1 0 0 -7 27 0 -10 25 7 -64 -35 82 77 25 20 21 10 10 30 35 45 55 16 8 10 5 
4957500 4957599 1 0 0 -13 17 0 -19 12 -2 -73 -31 84 83 25 20 21 10 10 30 35 45 55 16 10 10 5 
5008000 5008134 1 0 0 5 37 0 1 32 18 -53 -30 90 90 25 20 21 10 10 30 35 45 55 16 12 10 5 
5345500 5345512 1 0 0 4 38 0 2 35 19 -52 -34 86 87 25 20 21 10 10 30 35 45 55 16 9 9 5 
5480500 5480606 1 0 0 -5 31 0 -12 26 6 -65 -38 82 84 25 20 21 10 10 30 35 45 55 16 7 9 5 
5658500 5658565 1 0 0 2 31 0 -5 27 12 -59 -31 83 82 25 20 21 10 10 30 35 45 55 16 11 8 5 
5833000 5833108 1 0 0 4 27 0 -3 20 15 -56 -22 76 76 25 20 21 10 10 30 35 45 55 16 9 8 5 
6000000 6000085 1 0 0 8 37 0 2 32 19 -52 -32 76 78 25 20 21 10 10 30 35 45 55 16 8 9 5 
6107000 6107059 1 0 0 2 33 0 -4 26 13 -58 -29 91 89 25 20 21 10 10 30 35 45 55 16 10 12 5 
6146000 6146172 1 0 0 7 36 0 1 28 18 -53 -27 81 82 25 20 21 10 10 30 35 45 55 16 8 10 5 
6217500 6217680 1 0 0 52 63 0 46 56 63 -8 -10 77 77 25 20 21 10 10 30 35 45 55 16 10 10 5 
6414500 6414503 1 0 0 44 64 0 38 59 55 -16 -22 74 75 25 20 21 10 10 30 35 45 55 16 9 8 5 
6725500 6725648 1 0 0 40 61 0 38 59 53 -18 -23 72 71 25 20 21 10 10 30 35 45 55 16 9 8 5 
7024000 7024024 1 0 0 34 55 0 27 49 44 -27 -22 75 75 25 20 21 10 10 30 35 45 55 16 9 8 5 
7445500 7445572 1 0 0 30 47 0 24 41 41 -30 -16 75 79 25 20 21 10 11 31 35 45 55 16 10 8 5 
7627500 7627693 1 0 0 24 43 0 21 38 37 -34 -17 74 77 25 20 21 10 11 31 35 45 55 16 8 9 5 
7685500 7685539 1 0 0 57 67 0 50 60 65 -6 -10 76 79 25 20 21 10 11 31 35 45 55 16 10 9 5 
8077500 8077563 1 0 0 44 65 0 41 64 57 -14 -24 69 71 25 20 21 10 11 31 35 45 55 16 8 7 5 
8102000 8102101 1 0 0 8 33 0 3 27 21 -50 -23 79 75 25 20 21 10 11 31 35 45 55 16 7 9 5 
8154500 8154633 1 0 0 18 40 0 16 38 32 -39 -22 73 74 25 20 21 10 11 31 35 45 55 16 7 8 5 
8167500 8167654 1 0 0 41 48 0 40 47 57 -14 -6 84 82 25 20 21 10 11 31 35 45 55 16 10 11 5 
8493500 8493544 1 0 0 15 41 0 8 33 26 -45 -26 71 68 25 20 21 10 11 31 35 45 55 16 8 8 5 
8647500 8647818 1 0 0 5 30 0 -1 22 17 -54 -23 70 75 25 20 21 10 11 31 35 45 55 16 6 8 5 
8679500 8679669 1 0 0 52 70 0 51 69 69 -2 -18 67 68 25 20 21 10 11 31 35 45 55 16 8 9 5 
8752500 8752524 1 0 0 57 69 0 50 65 68 -3 -14 69 68 25 20 21 10 11 31 35 45 55 16 9 9 5 
8936500 8936606 1 0 0 67 79 0 61 73 80 9 -10 72 74 25 20 21 10 11 31 35 45 55 16 9 10 5 
9095500 9095646 1 0 0 36 50 0 30 44 47 -24 -14 82 77 25 20 21 10 11 31 35 45 55 16 11 10 5 
9137000 9137129 1 0 0 38 52 0 35 49 52 -19 -13 81 82 25 20 21 10 11 31 35 45 55 16 7 9 5 
9341000 9341083 1 0 0 53 61 0 48 58 66 -5 -10 83 68 25 20 21 10 11 31 35 45 55 16 12 10 5 
9367500 9367619 1 0 0 30 44 0 25 37 41 -30 -14 84 81 25 20 21 10 11 31 35 45 55 16 11 11 5 
9662000 9662052 1 0 0 28 48 0 25 43 40 -31 -19 77 81 25 20 21 10 11 31 35 45 55 16 10 9 5 
9864500 9864669 1 0 0 34 52 0 24 45 41 -30 -20 78 76 25 20 21 10 11 31 35 45 55 16 10 9 5 
10367000 10367091 1 0 0 55 65 0 52 63 69 -2 -10 79 78 25 20 21 10 11 31 35 45 55 16 10 10 5 
10472000 10472123 1 0 0 24 44 0 18 39 36 -35 -19 87 86 25 20 21 10 11 31 35 45 55 16 10 11 5 
10502000 10502172 1 0 0 20 44 0 16 40 33 -38 -23 72 69 25 20 21 10 11 31 35 45 55 16 8 9 5 
10758500 10758623 1 0 0 13 38 0 6 30 24 -47 -23 83 82 25 20 21 10 11 31 35 45 55 16 7 11 5 
11055000 11055104 1 0 0 0 29 0 -5 25 11 -60 -31 75 74 25 20 21 10 11 31 35 45 55 16 9 9 5 
11268500 11268609 1 0 0 -5 29 0 -5 26 11 -60 -33 82 85 25 20 21 10 11 31 35 45 55 16 8 10 5 
11473000 11473073 1 0 0 6 36 0 8 36 26 -45 -27 76 74 25 20 21 10 11 31 35 45 55 16 8 7 5 
11615500 11615685 1 0 0 12 32 0 9 27 25 -46 -19 82 82 25 20 21 10 11 31 35 45 55 16 10 9 5 
11735500 11735573 1 0 0 1 30 0 0 27 17 -54 -27 84 84 25 20 21 10 11 31 35 45 55 16 10 11 5 
11934500 11934515 1 0 0 48 65 0 50 64 66 -5 -16 82 83 25 20 21 10 11 31 35 45 55 16 10 9 5 
12064000 12064089 1 0 0 21 44 0 18 44 36 -35 -26 83 81 25 20 21 10 11 31 35 45 55 16 9 10 5 
12305500 12305561 1 0 0 15 29 0 11 22 28 -43 -11 90 91 25 20 21 10 11 31 35 45 55 16 10 11 5 
12324000 12324144 1 0 0 18 35 0 11 29 29 -42 -18 85 82 25 20 21 10 11 31 35 45 55 16 11 10 5 
12395000 12395149 1 0 0 14 37 0 7 32 24 -47 -24 85 82 25 20 21 10 11 31 35 45 55 16 11 11 5 
12510000 12510011 1 0 0 -1 29 0 -3 25 16 -55 -27 86 88 25 20 21 10 11 31 35 45 55 16 10 9 5 
12566500 12566601 1 0 0 15 45 0 14 44 31 -40 -31 81 85 25 20 21 10 11 31 35 45 55 16 9 10 5 
12603500 12603599 1 0 0 -3 29 0 -8 23 10 -61 -30 83 86 25 20 21 10 11 31 35 45 55 16 10 9 5 
12610500 12610652 1 13 0 39 56 -3 38 55 56 -15 -16 83 88 25 20 21 10 11 31 35 45 55 16 11 10 5 
12614000 12614127 1 0 0 64 75 0 62 72 79 8 -10 84 87 25 20 21 10 11 31 35 45 55 16 10 11 5 
12636500 12636541 1 0 0 44 58 0 40 52 59 -12 -11 80 80 25 20 21 10 11 31 35 45 55 16 10 10 5 
12714500 12714628 1 0 0 37 50 0 32 42 50 -21 -9 84 82 25 20 21 10 11 31 35 45 55 16 11 11 5 
12911500 12911502 1 0 0 41 65 0 38 62 56 -15 -23 74 73 25 20 22 10 11 31 35 45 55 16 8 9 5 
12924500 12924658 1 0 0 51 72 0 47 68 63 -8 -22 75 75 25 20 22 10 11 31 35 45 55 16 9 9 5 
12968500 12968580 1 0 0 55 77 0 51 75 66 -5 -24 74 75 25 20 22 10 11 31 35 45 55 16 9 9 5 
12993500 12993532 1 0 0 3 35 0 0 35 18 -53 -34 78 77 25 20 22 10 11 31 35 45 55 16 9 8 5 
13022000 13022128 1 0 0 -12 24 0 -16 19 0 -71 -36 82 81 25 20 22 10 11 31 35 45 55 16 9 10 5 
13194500 13194610 1 0 0 5 40 0 2 36 17 -54 -35 77 75 25 20 22 10 11 31 35 45 55 16 9 10 5 
13202000 13202016 1 13 0 43 62 4 38 59 55 -16 -21 80 79 25 20 22 10 11 31 35 45 55 16 10 10 5 
13206500 13206561 1 0 0 59 76 0 52 70 68 -3 -20 78 75 25 20 22 10 11 31 35 45 55 16 10 9 5 
13251500 13251507 1 0 0 62 79 0 63 78 80 9 -15 76 78 25 20 22 10 11 31 35 45 55 16 10 10 5 
13258000 13258070 1 0 0 12 46 0 3 42 21 -50 -39 80 82 25 20 22 10 11 31 35 45 55 16 8 9 5 
13302000 13302181 1 0 0 47 66 0 41 62 58 -13 -20 78 77 25 20 22 10 11 31 35 45 55 16 10 10 5 
13363500 13363541 1 0 0 51 74 0 46 70 64 -7 -25 71 72 25 20 22 10 11 31 35 45 55 16 9 9 5 
13376000 13376070 1 -1 7 -13 17 -63 -21 10 -3 -74 -32 82 81 25 20 22 10 11 31 35 45 55 16 6 9 5 
13385000 13385637 1 2 7 -65 -32 -115 -68 -39 -50 -121 -29 112 114 25 20 22 10 11 27 35 45 55 16 1 2 5 
13426500 13426518 1 -3 7 0 29 -48 -2 30 15 -56 -32 95 99 25 20 22 10 11 31 35 45 55 16 9 11 5 
13499000 13499098 1 -1 7 -7 20 -51 -8 19 9 -62 -27 97 100 25 20 22 10 11 29 35 45 55 16 11 11 5 
13540000 13540005 1 2 7 -71 -22 -114 -82 -30 -65 -136 -53 103 103 25 20 22 10 11 29 35 45 55 16 10 7 5 
13592500 13592716 1 -3 7 -8 13 -49 -7 8 11 -60 -16 126 129 25 20 22 10 11 26 35 45 55 16 10 14 5 
14167000 14167036 1 0 0 15 44 0 10 38 26 -45 -29 73 75 25 20 22 10 11 31 35 45 55 16 7 9 5 
14288500 14288500 1 0 0 2 46 0 -3 39 15 -56 -42 73 72 25 20 22 10 11 31 35 45 55 16 9 7 5 
14445000 14445043 1 0 0 -9 26 0 -9 25 9 -62 -33 71 70 25 20 22 10 11 31 35 45 55 16 8 8 5 
14531000 14531063 1 0 0 -6 32 0 -9 30 8 -63 -38 72 72 25 20 22 10 11 31 35 45 55 16 7 8 5 
14596000 14596178 1 0 0 -21 25 0 -25 19 -8 -79 -44 70 71 25 20 22 10 11 31 35 45 55 16 8 7 5 
14607000 14607043 1 0 0 -48 6 0 -51 3 -33 -104 -52 73 72 25 20 22 10 11 31 35 45 55 16 9 9 5 
14653000 14653156 1 0 0 -55 1 0 -55 1 -38 -109 -58 69 66 25 20 22 10 11 31 35 45 55 16 8 5 5 
14657000 14657246 1 13 0 -11 28 21 -9 29 10 -61 -36 73 76 25 20 22 10 11 31 35 45 55 16 5 8 5 
14662500 14662890 1 0 0 -1 31 0 -6 25 12 -59 -31 71 71 25 20 22 10 11 31 35 45 55 16 8 8 5 
14688500 14688928 1 0 0 3 41 0 -4 33 14 -57 -38 70 70 25 20 22 10 11 31 35 45 55 16 7 8 5 
14696000 14696552 1 13 0 -45 15 -10 -54 8 -36 -107 -62 74 75 25 20 22 10 11 31 35 45 55 16 7 7 5 
14700500 14700599 1 0 0 -58 -3 0 -63 -9 -46 -117 -54 73 69 25 20 22 10 11 31 35 45 55 16 6 9 5 
14715000 14715044 1 0 0 -54 -1 0 -64 -11 -48 -119 -55 73 72 25 20 22 10 11 31 35 45 55 16 8 9 5 
14721000 14721055 1 0 0 -25 18 0 -26 14 -10 -81 -40 71 73 25 20 22 10 11 31 35 45 55 16 7 6 5 
14728000 14728139 1 0 0 -13 31 0 -15 27 2 -69 -41 70 71 25 20 22 10 11 31 35 45 55 16 7 7 5 
14738000 14738181 1 0 0 -29 17 0 -29 17 -13 -84 -46 72 71 25 20 22 10 11 31 35 45 55 16 8 7 5 
14798000 14798038 1 0 0 -8 35 0 -11 30 5 -66 -43 68 69 25 20 22 10 11 31 35 45 55 16 9 7 5 
14906000 14906093 1 0 0 -23 28 0 -24 27 -8 -79 -51 66 69 25 20 22 10 11 31 35 45 55 16 7 3 5 
14962500 14962718 1 0 0 -23 20 0 -27 13 -8 -79 -39 66 65 25 20 22 10 11 31 35 45 55 16 7 5 5 
15034000 15034124 1 0 0 -22 24 0 -28 18 -12 -83 -47 67 70 25 20 22 10 11 31 35 45 55 16 8 8 5 
15330000 15330030 1 0 0 -2 41 0 -3 37 14 -57 -42 62 64 25 20 22 10 11 31 35 45 55 16 6 7 5 
15710500 15710719 1 0 0 -31 15 0 -34 11 -16 -87 -44 68 66 25 20 22 10 11 31 35 45 55 16 8 7 5 
15732000 15732161 1 0 0 -30 15 0 -40 9 -24 -95 -50 64 64 25 20 22 10 11 31 35 45 55 16 6 4 5 
15760500 15760572 1 0 0 -37 16 0 -43 11 -26 -97 -55 67 69 25 20 22 10 11 31 35 45 55 16 6 8 5 
15770000 15770045 1 0 0 10 47 0 3 42 21 -50 -39 65 57 25 20 22 10 11 31 35 45 55 16 6 7 5 
15810000 15810231 1 0 0 1 42 0 -11 29 6 -65 -40 68 69 25 20 22 10 11 31 35 45 55 16 3 6 5 
15814500 15814898 1 13 0 -31 15 -9 -40 6 -22 -93 -45 70 75 25 20 22 10 11 31 35 45 55 16 4 6 5 
15826500 15826513 1 0 0 -84 -26 0 -88 -32 -70 -141 -56 66 68 25 20 22 10 11 31 35 45 55 16 8 8 5 
15848500 15848531 1 0 0 -61 -2 0 -68 -11 -51 -122 -57 66 68 25 20 22 10 11 31 35 45 55 16 8 8 5 
15859000 15859229 1 0 0 -51 10 0 -54 5 -37 -108 -60 66 65 25 20 22 10 11 31 35 45 55 16 6 4 5 
15870000 15870332 1 0 0 -22 23 0 -21 21 -3 -74 -41 65 62 25 20 22 10 11 31 35 45 55 16 6 7 5 
15919000 15919551 1 0 0 -17 33 0 -22 27 -5 -76 -50 62 62 25 20 22 10 11 31 35 45 55 16 5 6 5 
15943000 15943206 1 0 0 -56 -10 0 -63 -15 -45 -116 -47 66 66 25 20 22 10 11 31 35 45 55 16 5 9 5 
15987000 15987051 1 0 0 -62 -6 0 -66 -10 -50 -121 -56 62 61 25 20 22 10 11 31 35 45 55 16 8 7 5 
16031500 16031667 1 0 0 -46 4 0 -51 1 -34 -105 -53 65 60 25 20 22 10 11 31 35 45 55 16 8 8 5 
16050000 16050023 1 0 0 -50 -3 0 -56 -9 -39 -110 -46 70 74 25 20 22 10 11 31 35 45 55 16 9 9 5 
16059500 16059631 1 0 0 -31 22 0 -34 20 -18 -89 -55 63 63 25 20 22 10 11 31 35 45 55 16 8 6 5 
16112500 16112661 1 0 0 -30 18 0 -31 18 -14 -85 -49 65 64 25 20 22 10 11 31 35 45 55 16 3 6 5 
16120000 16120245 1 0 0 -55 2 0 -56 1 -40 -111 -57 62 58 25 20 22 10 11 31 35 45 55 16 8 8 5 
16164500 16164686 1 0 0 -62 -9 0 -62 -8 -44 -115 -54 73 74 25 20 22 10 11 31 35 45 55 16 6 5 5 
16169500 16169525 1 0 0 -62 0 0 -71 -7 -54 -125 -65 72 68 25 20 22 10 11 31 35 45 55 16 4 5 5 
16183500 16183621 1 0 0 -6 25 0 -2 27 16 -55 -29 74 75 25 20 22 10 11 31 35 45 55 16 6 7 5 
16230000 16230591 1 0 0 -13 28 0 -28 16 -10 -81 -44 72 71 25 20 22 10 11 31 35 45 55 16 7 7 5 
16275500 16275665 1 0 0 2 38 0 1 40 19 -52 -38 72 71 25 20 22 10 11 31 35 45 55 16 7 7 5 
16369000 16369077 1 0 0 11 47 0 6 41 22 -49 -36 72 74 25 20 22 10 11 31 35 45 55 16 8 5 5 
16379500 16379728 1 0 0 -11 33 0 -19 29 -2 -73 -49 68 66 25 20 22 10 11 31 35 45 55 16 8 5 5 
16389500 16389528 1 0 0 -49 2 0 -52 -1 -36 -107 -52 62 64 25 20 22 10 11 31 35 45 55 16 7 8 5 
16541500 16541555 1 0 0 -55 2 0 -60 -4 -43 -114 -56 71 71 25 20 22 10 11 31 35 45 55 16 9 9 5 
16627500 16627640 1 0 0 -42 11 0 -46 5 -28 -99 -50 64 61 25 20 22 10 11 31 35 45 55 16 6 7 5 
16669000 16669132 1 0 0 17 58 0 16 55 34 -37 -38 64 61 25 20 22 10 11 31 35 45 55 16 7 8 5 
16765500 16765709 1 0 0 9 55 0 3 51 20 -51 -46 64 63 25 20 22 10 11 31 35 45 55 16 8 6 5 
16881500 16881670 1 0 0 4 53 0 2 49 20 -51 -47 66 67 25 20 22 10 11 31 35 45 55 16 6 6 5 
17874500 17874653 1 0 0 15 59 0 12 55 30 -41 -43 64 64 25 20 22 10 11 31 35 45 55 16 7 8 5 
18300000 18300441 1 0 0 16 50 0 10 40 27 -44 -30 61 59 25 20 22 10 11 31 35 45 55 16 6 8 5 
18406500 18406724 1 0 0 -1 36 0 -8 26 9 -62 -34 69 63 25 20 22 10 11 31 35 45 55 16 8 7 5 
18423000 18423138 1 0 0 -8 35 0 -15 25 2 -69 -40 72 76 25 20 22 10 11 31 35 45 55 16 8 9 5 
18439000 18439116 1 0 0 -12 30 0 -16 25 -1 -72 -43 67 67 25 20 22 10 11 31 35 45 55 16 8 8 5 
18449000 18449115 1 0 0 26 67 0 21 61 37 -34 -40 70 68 25 20 22 10 11 31 35 45 55 16 5 8 5 
18462000 18462097 1 0 0 -11 39 0 -13 36 3 -68 -49 68 65 25 20 22 10 11 31 35 45 55 16 8 8 5 
18470500 18470535 1 0 0 7 44 0 1 38 19 -52 -36 70 69 25 20 22 10 11 31 35 45 55 16 7 7 5 
18476500 18476704 1 0 0 10 56 0 3 48 20 -51 -46 68 68 25 20 22 10 11 31 35 45 55 16 7 7 5 
18487500 18487537 1 0 0 17 59 0 17 58 36 -35 -40 68 68 25 20 22 10 11 31 35 45 55 16 8 9 5 
18503000 18503077 1 0 0 27 56 0 20 47 38 -33 -27 72 71 25 20 22 10 11 31 35 45 55 16 9 9 5 
18520500 18520516 1 0 0 37 70 0 31 66 48 -23 -33 69 68 25 20 22 10 11 31 35 45 55 16 9 9 5 
18745500 18745656 1 0 0 29 53 0 23 48 40 -31 -25 69 69 25 20 22 10 12 32 35 45 55 16 9 9 5 
18821500 18821655 1 0 0 40 72 0 33 63 49 -22 -30 67 69 25 20 22 10 12 32 35 45 55 16 7 8 5 
19127000 19127160 1 0 0 35 62 0 31 57 49 -22 -25 75 78 25 20 22 10 12 32 35 45 55 16 10 9 5 
19173000 19173056 1 0 0 10 44 0 7 42 23 -48 -36 72 70 25 20 22 10 12 32 35 45 55 16 7 9 5 
19273500 19273545 1 0 0 19 53 0 14 47 32 -39 -32 70 72 25 20 22 10 12 32 35 45 55 16 9 8 5 
19547000 19547029 1 0 0 9 38 0 5 34 21 -50 -29 63 63 25 20 22 10 12 32 35 45 55 16 8 8 5 
19747500 19747652 1 0 0 6 40 0 6 38 24 -47 -32 63 63 25 20 22 10 12 32 35 45 55 16 8 8 5 
20002500 20002707 1 0 0 6 39 0 1 33 18 -53 -34 67 67 25 20 22 10 12 32 35 45 55 16 7 9 5 
20076000 20076068 1 0 0 7 43 0 5 41 23 -48 -35 70 73 25 20 22 10 12 32 35 45 55 16 8 8 5 
20115000 20115805 1 0 0 10 38 0 -8 24 10 -61 -33 71 76 25 20 22 10 12 32 35 45 55 16 5 5 5 
20130000 20130030 1 0 0 -52 -5 0 -60 -12 -42 -113 -48 76 80 25 20 22 10 12 32 35 45 55 16 7 10 5 
20163000 20163168 1 -1 1 10 50 52 8 48 11 -46 -41 74 72 25 20 22 10 12 32 35 45 55 16 8 9 5 
20174000 20174164 1 2 1 109 157 148 109 157 113 56 -47 73 74 25 20 22 10 12 32 35 45 55 16 9 9 5 
20180500 20180522 1 -3 1 11 58 48 -1 50 4 -53 -49 73 73 25 20 22 10 12 32 35 45 55 16 8 8 5 
20198500 20198547 1 0 0 -32 15 0 -34 12 -17 -88 -47 74 74 25 20 22 10 12 32 35 45 55 16 8 4 5 
20240500 20240570 1 0 0 -58 -13 0 -61 -14 -43 -114 -46 71 71 25 20 22 10 12 32 35 45 55 16 9 9 5 
20319000 20319033 1 0 0 4 23 0 -6 11 -3 -60 -17 76 82 25 20 22 10 12 32 35 45 55 16 9 7 5 
20378000 20378027 1 0 0 25 48 0 19 39 21 -36 -20 72 68 25 20 22 10 12 32 35 45 55 16 9 7 5 
20462500 20462810 1 0 0 31 48 0 30 46 46 -25 -17 73 73 25 20 22 10 12 32 35 45 55 16 5 6 5 
20565000 20565121 1 0 0 36 55 0 32 52 48 -23 -21 72 70 25 20 22 10 12 32 35 45 55 16 8 8 5 
20651000 20651053 1 0 0 25 51 0 19 46 37 -34 -26 77 77 25 20 22 10 12 32 35 45 55 16 8 7 5 
20731000 20731176 1 0 0 42 62 0 40 60 56 -15 -20 74 76 25 20 22 10 12 32 35 45 55 16 8 7 5 
20757000 20757087 1 0 0 -9 22 0 -14 16 -12 -69 -32 74 75 25 20 22 10 12 32 35 45 55 16 7 5 5 
20910000 20910195 1 0 0 -10 23 0 -10 19 -7 -64 -29 72 72 25 20 22 10 12 32 35 45 55 16 5 8 5 
21022500 21022557 1 0 0 -25 15 0 -31 9 -14 -85 -41 70 69 25 20 22 10 12 32 35 45 55 16 5 7 5 
21212000 21212107 1 0 0 -28 4 0 -35 -4 -17 -88 -32 68 69 25 20 22 10 12 32 35 45 55 16 8 9 5 
21367500 21367678 1 0 0 -13 23 0 -20 17 -18 -75 -39 67 64 25 20 22 10 12 32 35 45 55 16 8 8 5 
21472500 21472676 1 0 0 -28 10 0 -34 4 -33 -90 -39 70 70 25 20 22 10 12 32 35 45 55 16 9 8 5 
21581500 21581555 1 0 0 -19 22 0 -24 16 -6 -77 -40 71 69 25 20 22 10 12 32 35 45 55 16 9 9 5 
21742500 21742729 1 0 0 -17 18 0 -19 16 -4 -75 -36 65 67 25 20 22 10 12 32 35 45 55 16 8 8 5 
21757500 21757713 1 0 0 -44 2 0 -48 -3 -31 -102 -46 69 66 25 20 22 10 12 32 35 45 55 16 9 8 5 
21783500 21783642 1 0 0 -46 0 0 -50 -3 -34 -105 -47 68 68 25 20 22 10 12 32 35 45 55 16 9 9 5 
21796000 21796210 1 0 0 -20 22 0 -25 17 -8 -79 -42 65 61 25 20 22 10 12 32 35 45 55 16 8 8 5 
21812000 21812147 1 0 0 -15 22 0 -23 16 -7 -78 -39 63 59 25 20 22 10 12 32 35 45 55 16 4 5 5 
21857000 21857125 1 0 0 -41 2 0 -47 -3 -30 -101 -43 67 68 25 20 22 10 12 32 35 45 55 16 8 8 5 
21898000 21898145 1 0 0 -30 11 0 -35 6 -18 -89 -40 68 68 25 20 22 10 12 32 35 45 55 16 8 7 5 
22061000 22061226 1 0 0 -34 4 0 -39 2 -22 -93 -41 64 65 25 20 22 10 12 32 35 45 55 16 8 7 5 
22297500 22297521 1 0 0 -37 0 0 -42 -3 -26 -97 -39 65 65 25 20 22 10 12 32 35 45 55 16 8 8 5 
22346000 22346018 1 0 0 -16 18 0 -24 9 -9 -80 -34 66 66 25 20 22 10 12 32 35 45 55 16 7 8 5 
22363000 22363159 1 0 0 -4 27 0 -8 24 9 -62 -32 67 63 25 20 22 10 12 32 35 45 55 16 9 6 5 
22380000 22380105 1 0 0 -47 -2 0 -47 -6 -30 -101 -42 67 64 25 20 22 10 12 32 35 45 55 16 8 8 5 
22399500 22399607 1 0 0 -61 -11 0 -58 -6 -41 -112 -54 80 80 25 20 22 10 12 32 35 45 55 16 6 7 5 
22410000 22410186 1 0 0 -56 -21 0 -60 -25 -42 -113 -34 79 76 25 20 22 10 12 32 35 45 55 16 10 10 5 
22419500 22419520 1 13 0 -20 18 0 -26 12 -9 -80 -39 79 78 25 20 22 10 12 32 35 45 55 16 6 6 5 
22428500 22428550 1 0 0 14 46 0 12 42 29 -42 -31 67 65 25 20 22 10 12 32 35 45 55 16 8 8 5 
22440000 22440102 1 0 0 -1 10 0 -8 1 9 -62 -7 83 79 25 20 22 10 12 32 35 45 55 16 6 9 5 
22448500 22448912 1 0 0 2 23 0 -9 14 10 -61 -23 78 80 25 20 22 10 12 32 35 45 55 16 7 8 5 
22506500 22506503 1 0 0 0 19 0 -2 17 13 -58 -19 82 79 25 20 22 10 12 32 35 45 55 16 9 8 5 
22551500 22551587 1 0 0 -30 0 0 -38 -6 -21 -92 -32 77 69 25 20 22 10 12 32 35 45 55 16 8 7 5 
22597000 22597196 1 0 0 -61 -12 0 -63 -16 -44 -115 -45 74 71 25 20 22 10 12 32 35 45 55 16 10 9 5 
22878000 22878007 1 0 0 -3 24 0 -2 24 16 -55 -27 79 82 25 20 22 10 12 32 35 45 55 16 10 10 5 
