65500 65627 0 0 -1 0 0 0 0 0 0 -42 0 87 86 25 20 11 10 18 38 35 45 55 16 8 8 5 
128500 128794 0 0 0 3 1 0 3 0 6 -10 13 90 90 25 20 11 10 18 38 35 45 55 16 5 8 5 
306500 306737 0 0 0 21 18 0 18 17 3 -13 0 90 93 25 20 11 10 18 38 35 45 55 16 9 11 5 
368000 368205 0 -1 1 -33 -37 -53 -38 -39 -59 -75 -5 102 102 25 20 11 10 18 36 35 45 55 16 9 9 5 
569000 569026 0 2 1 -142 -126 -158 -148 -126 -165 -181 -26 104 106 25 20 11 10 18 36 35 45 55 16 7 13 5 
674500 674670 0 -3 1 -34 -49 -49 -37 -51 -61 -77 -4 84 85 25 20 11 10 18 38 35 45 55 16 9 10 5 
1481500 1482035 0 0 0 1 -13 0 0 -9 -8 -24 11 74 74 25 20 11 10 18 38 35 45 55 16 3 3 5 
2244500 2244561 0 0 0 1 -21 0 2 -21 -10 -26 12 78 79 25 20 11 10 18 38 35 45 55 16 7 6 5 
2375500 2376044 0 -1 1 -52 -71 -54 -53 -71 -46 -62 12 100 102 25 20 11 10 18 36 35 45 55 16 2 6 5 
2434000 2434723 0 2 1 -140 -143 -143 -146 -137 -158 -174 -1 97 96 25 20 11 10 18 38 35 45 55 16 8 11 5 
2539000 2539014 0 -3 1 -44 -66 -49 -48 -69 -40 -56 17 76 72 25 20 11 10 18 38 35 45 55 16 7 6 5 
2818000 2818472 0 0 0 7 -8 0 6 -10 -10 -26 13 74 71 25 20 11 10 18 38 35 45 55 16 4 6 5 
3438500 3438562 0 0 0 10 -17 0 10 -21 8 -8 21 68 63 25 20 11 10 18 38 35 45 55 16 6 4 5 
4037000 4037851 0 0 0 31 3 0 28 2 26 10 40 69 74 25 20 11 10 18 38 35 45 55 16 6 4 5 
4492500 4492833 0 0 0 -4 -27 0 -14 -30 -10 -26 -11 67 63 25 20 11 10 18 38 35 45 55 16 1 3 5 
4952000 4952395 0 0 0 28 14 0 35 20 38 22 30 64 61 25 20 11 10 18 38 35 45 55 16 4 3 5 
5390500 5390668 0 0 0 11 -3 0 11 -6 5 -11 25 68 66 25 20 11 10 16 36 35 45 55 16 9 5 5 
5694500 5694652 0 0 0 0 -17 0 -2 -20 2 -14 19 85 83 25 20 11 10 18 38 35 45 55 16 9 9 5 
6165000 6165263 0 0 0 3 -11 0 0 -14 -24 -40 17 65 64 25 20 11 10 18 38 35 45 55 16 5 7 5 
6693500 6693520 0 0 0 -5 -27 0 -11 -34 -31 -47 8 68 74 25 20 11 10 18 38 35 45 55 16 3 3 5 
7578500 7578564 0 0 0 -7 -17 0 -9 -18 -31 -47 9 68 71 25 20 11 10 17 37 35 45 55 16 6 5 5 
7903000 7903003 0 0 0 22 12 0 23 13 -1 -17 7 65 63 25 20 11 10 17 37 35 45 55 16 5 2 5 
7957500 7957949 0 0 0 38 6 0 31 4 30 14 28 66 62 25 20 11 10 18 38 35 45 55 16 7 4 5 
7976000 7976520 0 0 0 33 8 0 28 5 21 5 24 67 65 25 20 11 10 18 38 35 45 55 16 6 7 5 
8100000 8100501 0 0 0 12 -6 0 14 -6 13 -3 33 60 57 25 20 11 10 19 39 35 45 55 16 3 4 5 
8242500 8242678 0 0 0 19 -8 0 16 -11 14 -2 26 59 57 25 20 11 10 18 38 35 45 55 16 4 3 5 
8270500 8270520 0 0 0 39 15 0 41 17 36 20 25 65 64 25 20 11 10 18 38 35 45 55 16 7 7 5 
8379500 8379564 0 0 0 39 14 0 36 12 33 17 23 71 79 25 20 12 10 17 37 35 45 55 16 8 10 5 
8415000 8415085 0 0 0 32 14 0 33 17 33 17 25 63 60 25 20 12 10 17 37 35 45 55 16 7 4 5 
8443000 8443007 0 0 0 13 -11 0 10 -11 9 -7 26 55 55 25 20 12 10 17 37 35 45 55 16 6 6 5 
8576500 8576597 0 0 0 17 -3 0 16 -3 15 -1 21 55 56 25 20 12 10 17 37 35 45 55 16 6 4 5 
8820000 8820169 0 0 0 42 18 0 44 18 25 9 21 70 81 25 20 11 10 18 38 35 45 55 16 7 7 5 
9013000 9013726 0 0 0 35 13 0 32 15 -11 -27 27 55 60 25 20 10 10 19 39 35 45 55 16 5 7 5 
9292500 9292602 0 0 0 44 10 0 42 9 -14 -30 20 54 53 25 20 10 10 19 39 35 45 55 16 5 6 5 
9487500 9487710 0 0 0 23 9 0 25 12 -35 -51 22 54 53 25 20 10 10 19 39 35 45 55 16 4 4 5 
9834500 9834763 0 0 0 38 12 0 38 14 36 20 31 51 52 25 20 11 10 17 37 35 45 55 16 3 5 5 
9963500 9963550 0 0 0 50 29 0 40 23 28 12 21 52 52 25 20 11 10 17 37 35 45 55 16 6 4 5 
10436000 10436101 0 0 0 49 22 0 49 17 -9 -25 27 61 62 25 20 10 10 18 38 35 45 55 16 4 7 5 
10492500 10492852 0 0 0 21 8 0 20 6 -33 -49 15 53 53 25 20 10 10 18 38 35 45 55 16 5 3 5 
10597500 10597896 0 0 0 28 15 0 29 17 -35 -51 19 54 52 25 20 10 10 18 38 35 45 55 16 3 6 5 
10622000 10622096 0 0 0 47 29 0 49 31 -10 -26 26 63 60 25 20 10 10 18 38 35 45 55 16 7 8 5 
10668500 10668700 0 0 0 59 37 0 57 33 4 -12 25 65 63 25 20 10 10 18 38 35 45 55 16 8 8 5 
11051000 11051067 0 0 0 45 22 0 45 23 1 -15 27 77 77 25 20 10 10 18 38 35 45 55 16 8 9 5 
11126500 11127529 0 0 0 15 -3 0 15 -4 -21 -37 19 70 69 25 20 10 10 18 38 35 45 55 16 3 7 5 
11214500 11214637 0 0 0 22 -5 0 24 -6 -28 -44 17 69 71 25 20 10 10 18 38 35 45 55 16 4 5 5 
11246000 11246102 0 0 0 18 -6 0 17 -4 -18 -34 25 71 69 25 20 10 10 18 38 35 45 55 16 7 6 5 
11508500 11508542 0 0 0 5 -18 0 4 -19 -57 -73 22 74 80 25 20 10 10 18 38 35 45 55 16 9 6 5 
11598500 11598523 0 0 0 5 -14 0 1 -16 -7 -23 17 72 74 25 20 11 10 18 38 35 45 55 16 7 8 5 
11625000 11625007 0 0 0 35 -5 0 35 -5 29 13 41 73 70 25 20 11 10 18 38 35 45 55 16 9 9 5 
12000000 12000323 0 0 0 33 7 0 31 6 18 2 23 75 79 25 20 11 10 18 38 35 45 55 16 8 9 5 
12440500 12440563 0 0 0 36 1 0 36 0 23 7 29 76 73 25 20 11 10 19 39 35 45 55 16 9 7 5 
12525000 12525456 0 0 0 20 -2 0 21 -3 15 -1 26 74 74 25 20 11 10 19 39 35 45 55 16 5 8 5 
12559000 12559131 0 0 0 11 -24 0 7 -27 -11 -27 37 54 54 25 20 11 10 19 39 35 45 55 16 4 7 5 
12596000 12596158 0 0 0 13 -19 0 10 -20 6 -10 39 61 68 25 20 11 10 19 39 35 45 55 16 7 8 5 
13205500 13205945 0 0 0 34 5 0 29 3 13 -3 17 58 57 25 20 11 10 19 39 35 45 55 16 4 6 5 
13522500 13522557 0 0 0 28 7 0 28 5 16 0 15 55 52 25 20 11 10 19 39 35 45 55 16 6 5 5 
13543000 13543193 0 0 0 33 2 0 29 0 14 -2 14 60 60 25 20 11 10 19 39 35 45 55 16 7 6 5 
13569500 13569606 0 0 0 55 26 0 53 23 48 32 39 66 68 25 20 11 10 19 39 35 45 55 16 8 6 5 
14195500 14195554 0 0 0 48 27 0 40 23 36 20 24 66 61 25 20 11 10 19 39 35 45 55 16 7 8 5 
14235000 14235233 0 0 0 25 -3 0 22 -3 7 -9 27 64 75 25 20 11 10 19 39 35 45 55 16 4 5 5 
14300500 14301068 0 0 0 25 7 0 26 8 23 7 27 66 62 25 20 11 10 19 39 35 45 55 16 6 4 5 
14321000 14321228 0 0 0 34 13 0 35 15 35 19 28 60 56 25 20 11 10 19 39 35 45 55 16 6 3 5 
14400000 14400330 0 0 0 52 23 0 52 24 51 35 31 66 76 25 20 11 10 19 39 35 45 55 16 5 8 5 
14439500 14439626 0 0 0 56 28 0 56 29 54 38 28 61 60 25 20 11 10 19 39 35 45 55 16 8 4 5 
14760000 14760022 0 0 0 51 22 0 48 22 46 30 37 70 74 25 20 11 10 19 39 35 45 55 16 8 8 5 
15028000 15028066 0 0 0 31 6 0 31 6 28 12 25 61 63 25 20 11 10 19 39 35 45 55 16 8 6 5 
15544000 15544779 0 0 0 21 6 0 20 8 0 -16 10 69 68 25 20 11 10 18 38 35 45 55 16 4 5 5 
15761000 15761246 0 0 0 28 -1 0 26 -2 22 6 32 67 69 25 20 11 10 18 38 35 45 55 16 6 3 5 
16017500 16017981 0 -1 1 -33 -36 -55 -38 -40 -43 -59 2 95 96 25 20 11 10 18 38 35 45 55 16 6 9 5 
16026000 16026150 0 2 1 -80 -88 -102 -79 -89 -80 -96 2 100 101 25 20 11 10 18 36 35 45 55 16 6 10 5 
16090000 16091821 0 -3 1 -28 -53 -48 -9 -34 -23 -39 19 63 70 25 20 11 10 18 38 35 45 55 16 0 5 5 
16228000 16229274 0 0 0 16 -8 0 9 -15 0 -16 15 61 58 25 20 11 10 18 38 35 45 55 16 2 2 5 
16624000 16624237 0 0 0 19 10 0 19 10 3 -13 16 54 53 25 20 11 10 17 37 35 45 55 16 6 3 5 
16740000 16740035 0 0 0 19 2 0 19 1 15 -1 27 55 54 25 20 11 10 18 38 35 45 55 16 7 4 5 
17380000 17380191 0 0 0 44 28 0 44 31 39 23 20 60 58 25 20 11 10 18 38 35 45 55 16 5 5 5 
17488500 17488901 0 -1 1 -9 -23 -50 -15 -39 -31 -47 12 87 86 25 20 11 10 18 38 35 45 55 16 0 7 5 
17508000 17508150 0 2 1 -52 -65 -92 -55 -68 -80 -96 16 85 85 25 20 11 10 18 38 35 45 55 16 9 11 5 
17521000 17521126 0 -3 1 -9 -60 -48 -9 -60 -49 -65 38 62 63 25 20 11 10 18 38 35 45 55 16 6 3 5 
17765000 17765485 0 -1 1 -20 -31 -52 -28 -34 -20 -36 21 93 92 25 20 11 10 18 38 35 45 55 16 4 7 5 
17798000 17798147 0 2 1 -114 -127 -145 -121 -133 -159 -175 -17 94 92 25 20 11 10 18 38 35 45 55 16 13 10 5 
17877500 17877745 0 -3 1 -21 -53 -50 -15 -47 -40 -56 25 69 65 25 20 11 10 18 38 35 45 55 16 6 6 5 
18004000 18004165 0 0 0 25 -7 0 27 -7 21 5 32 68 54 25 20 11 10 18 38 35 45 55 16 6 6 5 
18592500 18592615 0 0 0 23 -3 0 18 -7 22 6 24 69 66 25 20 11 10 18 38 35 45 55 16 6 8 5 
18649000 18649106 0 0 0 24 -13 0 21 -13 18 2 32 71 71 25 20 11 10 18 38 35 45 55 16 8 6 5 
18997500 18997731 0 0 0 18 3 0 18 -2 11 -5 24 58 56 25 20 11 10 18 38 35 45 55 16 4 2 5 
19320000 19320120 0 0 0 12 -23 0 11 -22 13 -3 29 69 66 25 20 11 10 18 38 35 45 55 16 6 4 5 
19509500 19509682 0 0 0 20 -14 0 15 -14 -4 -20 20 71 64 25 20 11 10 18 38 35 45 55 16 4 2 5 
20103000 20103466 0 0 0 15 -17 0 12 -24 1 -15 22 61 61 25 20 11 10 18 38 35 45 55 16 4 7 5 
20389000 20389139 0 0 0 -9 -39 0 -8 -39 -13 -29 20 71 70 25 20 11 10 18 38 35 45 55 16 8 6 5 
20459500 20459647 0 -1 1 -63 -74 -54 -65 -73 -82 -98 0 90 91 25 20 11 10 18 38 35 45 55 16 10 11 5 
20510500 20510628 0 2 1 -249 -237 -241 -250 -236 -321 -337 -68 95 94 25 20 11 10 18 38 35 45 55 16 12 12 5 
20829500 20829670 0 -3 1 -56 -87 -49 -60 -87 -79 -95 15 70 69 25 20 11 10 17 37 35 45 55 16 5 3 5 
20902500 20902726 0 0 0 -6 -34 0 -6 -37 -13 -29 24 74 74 25 20 11 10 17 37 35 45 55 16 5 9 5 
21043000 21043296 0 0 0 -7 -28 0 -5 -23 3 -13 36 77 77 25 20 11 10 17 37 35 45 55 16 5 8 5 
64500 64581 1 0 0 4 12 0 7 13 1 -19 -6 87 85 25 20 11 10 18 38 35 45 55 16 8 9 5 
125500 125940 1 0 -1 0 0 0 0 0 0 -48 0 87 88 25 20 11 10 18 38 35 45 55 16 9 3 5 
308000 308052 1 0 0 5 27 0 -2 23 -10 -30 -25 90 89 25 20 11 10 18 38 35 45 55 16 11 9 5 
1483000 1483279 1 0 0 25 24 0 30 24 22 2 6 74 72 25 20 11 10 18 38 35 45 55 16 3 3 5 
2246500 2246646 1 0 0 19 15 0 29 24 22 2 6 76 77 25 20 11 10 18 38 35 45 55 16 6 5 5 
2369500 2369641 1 -1 1 -37 -37 -53 -22 -30 -31 -51 8 95 96 25 20 11 10 18 38 35 45 55 16 6 3 5 
2433000 2433018 1 2 1 -93 -49 -109 -99 -53 -107 -127 -46 98 99 25 20 11 10 18 38 35 45 55 16 7 8 5 
2470000 2470129 1 -3 1 -33 -20 -48 -29 -16 -38 -58 -13 82 82 25 20 11 10 18 38 35 45 55 16 6 10 5 
2820000 2820064 1 0 0 10 24 0 13 27 6 -14 -12 73 77 25 20 11 10 18 38 35 45 55 16 5 5 5 
3435000 3435060 1 0 0 22 20 0 24 22 17 -3 2 68 72 25 20 11 10 18 38 35 45 55 16 4 5 5 
4038500 4038562 1 0 0 23 33 0 33 38 26 6 -5 65 63 25 20 11 10 18 38 35 45 55 16 3 5 5 
4492500 4492833 1 0 0 2 15 0 -7 16 -14 -34 -24 67 63 25 20 11 10 18 38 35 45 55 16 1 3 5 
4954000 4954551 1 0 0 14 19 0 21 23 13 -7 -3 64 62 25 20 11 10 18 38 35 45 55 16 3 8 5 
5390500 5390668 1 0 0 6 17 0 8 20 -1 -21 -13 68 66 25 20 11 10 16 36 35 45 55 16 9 5 5 
5692500 5692557 1 0 0 -4 12 0 -8 11 -16 -36 -20 86 86 25 20 11 10 18 38 35 45 55 16 8 9 5 
6167000 6167149 1 0 0 23 32 0 24 34 17 -3 -11 66 64 25 20 11 10 18 38 35 45 55 16 7 5 5 
6695500 6695580 1 0 0 1 8 0 5 17 -4 -24 -12 68 70 25 20 11 10 18 38 35 45 55 16 3 0 5 
7578500 7578564 1 0 0 0 13 0 2 14 -6 -26 -13 68 71 25 20 11 10 17 37 35 45 55 16 6 5 5 
7905000 7905010 1 0 0 18 26 0 22 26 16 -4 -3 67 81 25 20 11 10 17 37 35 45 55 16 2 4 5 
7965000 7965143 1 0 0 26 20 0 20 20 12 -8 0 65 64 25 20 11 10 18 38 35 45 55 16 5 5 5 
7978000 7978162 1 0 0 -1 6 0 10 16 2 -18 -6 64 63 25 20 11 10 18 38 35 45 55 16 7 6 5 
8100000 8100501 1 0 0 10 16 0 11 15 5 -15 -3 60 57 25 20 11 10 19 39 35 45 55 16 3 4 5 
8244500 8244986 1 0 0 14 20 0 13 24 7 -13 -11 58 57 25 20 11 10 18 38 35 45 55 16 3 4 5 
8272500 8272628 1 0 0 1 3 0 1 5 -8 -28 -4 66 66 25 20 11 10 18 38 35 45 55 16 7 7 5 
8374000 8374223 1 0 0 -1 6 0 2 13 -6 -26 -11 64 60 25 20 12 10 17 37 35 45 55 16 6 7 5 
8417000 8417351 1 0 0 11 15 0 14 16 6 -14 -2 62 62 25 20 12 10 17 37 35 45 55 16 3 7 5 
8443000 8443007 1 0 0 27 26 0 29 27 22 2 3 55 55 25 20 12 10 17 37 35 45 55 16 6 6 5 
8572500 8572771 1 0 0 26 22 0 26 27 16 -4 -2 55 54 25 20 12 10 17 37 35 45 55 16 3 2 5 
8820000 8820169 1 0 0 25 33 0 31 38 23 3 -7 70 81 25 20 11 10 18 38 35 45 55 16 7 7 5 
9007500 9007876 1 0 0 32 27 0 38 31 29 9 8 53 58 25 20 10 10 19 39 35 45 55 16 4 6 5 
9292500 9292602 1 0 0 26 16 0 28 19 20 0 11 54 53 25 20 10 10 19 39 35 45 55 16 5 6 5 
9489500 9489711 1 0 0 31 36 0 36 40 28 8 -3 53 54 25 20 10 10 19 39 35 45 55 16 4 6 5 
9823000 9823109 1 0 0 45 46 0 49 51 41 21 -2 52 52 25 20 11 10 17 37 35 45 55 16 4 6 5 
9965500 9965563 1 0 0 39 36 0 38 37 29 9 0 52 52 25 20 11 10 17 37 35 45 55 16 4 5 5 
10438000 10438005 1 0 0 36 36 0 39 39 32 12 0 62 63 25 20 10 10 18 38 35 45 55 16 7 8 5 
10494500 10495443 1 0 0 24 29 0 28 32 21 1 -5 53 53 25 20 10 10 18 38 35 45 55 16 2 7 5 
10599500 10599863 1 0 0 34 31 0 38 31 29 9 7 53 52 25 20 10 10 18 38 35 45 55 16 6 5 5 
10625500 10625519 1 0 0 24 28 0 31 35 24 4 -4 71 75 25 20 10 10 18 38 35 45 55 16 7 8 5 
10668500 10668700 1 0 0 11 18 0 14 20 8 -12 -5 65 63 25 20 10 10 18 38 35 45 55 16 8 8 5 
11053000 11053233 1 0 0 0 6 0 6 10 -3 -23 -6 77 78 25 20 10 10 18 38 35 45 55 16 9 9 5 
11118500 11118573 1 0 0 13 20 0 17 24 9 -11 -6 69 71 25 20 10 10 18 38 35 45 55 16 7 6 5 
11216000 11216610 1 0 0 22 21 0 26 23 18 -2 2 69 70 25 20 10 10 18 38 35 45 55 16 5 5 5 
11248000 11248510 1 0 0 4 11 0 10 15 2 -18 -5 69 69 25 20 10 10 18 38 35 45 55 16 5 7 5 
11330500 11331365 1 0 0 11 12 0 12 16 3 -17 -4 64 62 25 20 10 10 18 38 35 45 55 16 2 7 5 
11494000 11494062 1 0 0 16 16 0 19 21 13 -7 -1 68 73 25 20 10 10 18 38 35 45 55 16 6 7 5 
11598500 11598523 1 0 0 9 15 0 12 18 5 -15 -5 72 74 25 20 11 10 18 38 35 45 55 16 7 8 5 
11625000 11625007 1 0 0 2 5 0 -1 7 -8 -28 -7 73 70 25 20 11 10 18 38 35 45 55 16 9 9 5 
12000000 12000323 1 0 0 -14 0 0 -10 2 -18 -38 -12 75 79 25 20 11 10 18 38 35 45 55 16 8 9 5 
12438500 12438626 1 0 0 -2 8 0 -1 9 -9 -29 -9 78 76 25 20 11 10 19 39 35 45 55 16 7 9 5 
12538000 12538067 1 0 0 -4 10 0 -5 10 -12 -32 -13 76 76 25 20 11 10 19 39 35 45 55 16 8 8 5 
12564500 12564598 1 0 0 21 16 0 29 21 22 2 9 54 54 25 20 11 10 19 39 35 45 55 16 7 3 5 
12596500 12596590 1 0 0 20 18 0 21 19 11 -9 2 61 67 25 20 11 10 19 39 35 45 55 16 8 8 5 
13207500 13207727 1 0 0 14 11 0 17 13 8 -12 5 59 60 25 20 11 10 19 39 35 45 55 16 6 6 5 
13520500 13520643 1 0 0 12 14 0 14 17 3 -17 -5 55 59 25 20 11 10 19 39 35 45 55 16 5 6 5 
13543000 13543193 1 0 0 8 12 0 9 13 3 -17 -2 60 60 25 20 11 10 19 39 35 45 55 16 7 6 5 
13571000 13571225 1 0 0 6 7 0 10 9 3 -17 2 66 62 25 20 11 10 19 39 35 45 55 16 6 8 5 
14193500 14193572 1 0 0 -7 4 0 -4 6 -12 -32 -11 65 63 25 20 11 10 19 39 35 45 55 16 9 7 5 
14235000 14235233 1 0 0 6 14 0 5 15 -4 -24 -10 64 75 25 20 11 10 19 39 35 45 55 16 4 5 5 
14302500 14302556 1 0 0 1 9 0 2 12 -6 -26 -10 66 78 25 20 11 10 19 39 35 45 55 16 3 4 5 
14321000 14321228 1 0 0 5 12 0 4 14 -3 -23 -10 60 56 25 20 11 10 19 39 35 45 55 16 6 3 5 
14400000 14400330 1 0 0 -11 -5 0 -9 -2 -16 -36 -6 66 76 25 20 11 10 19 39 35 45 55 16 5 8 5 
14441000 14441652 1 0 0 3 4 0 4 5 -2 -22 0 62 59 25 20 11 10 19 39 35 45 55 16 4 7 5 
14769500 14769520 1 0 0 -5 -7 0 -4 -7 -12 -32 4 71 71 25 20 11 10 19 39 35 45 55 16 8 9 5 
15026000 15026143 1 0 0 -9 -5 0 -7 -1 -14 -34 -5 62 64 25 20 11 10 19 39 35 45 55 16 7 8 5 
15553000 15553114 1 0 0 -1 9 0 -1 12 -9 -29 -12 76 77 25 20 11 10 18 38 35 45 55 16 2 5 5 
15763000 15763463 1 0 0 3 6 0 2 3 -5 -25 -1 66 64 25 20 11 10 18 38 35 45 55 16 3 5 5 
16224500 16224578 1 0 0 5 15 0 9 14 0 -20 -6 58 57 25 20 11 10 18 38 35 45 55 16 5 3 5 
16625500 16625644 1 0 0 18 26 0 22 26 14 -6 -3 54 54 25 20 11 10 17 37 35 45 55 16 4 4 5 
16738000 16738108 1 0 0 9 15 0 13 17 5 -15 -6 56 54 25 20 11 10 18 38 35 45 55 16 4 7 5 
17379500 17379661 1 0 0 6 6 0 4 5 -5 -25 -2 60 56 25 20 11 10 18 38 35 45 55 16 4 5 5 
18007500 18007568 1 0 0 -7 6 0 -5 11 -14 -34 -17 78 82 25 20 11 10 18 38 35 45 55 16 7 6 5 
18590500 18590608 1 0 0 -5 -2 0 -3 0 -11 -31 -4 69 67 25 20 11 10 18 38 35 45 55 16 8 6 5 
18637500 18637577 1 0 0 -2 4 0 4 9 -5 -25 -5 70 71 25 20 11 10 18 38 35 45 55 16 4 9 5 
19014500 19014764 1 0 0 12 16 0 13 22 5 -15 -10 66 66 25 20 11 10 18 38 35 45 55 16 6 7 5 
19320000 19320120 1 0 0 -2 3 0 -1 5 -9 -29 -7 69 66 25 20 11 10 18 38 35 45 55 16 6 4 5 
19513000 19513705 1 0 0 3 8 0 3 4 -4 -24 0 71 69 25 20 11 10 18 38 35 45 55 16 0 4 5 
20102000 20102727 1 0 0 9 5 0 14 6 8 -12 9 62 62 25 20 11 10 18 38 35 45 55 16 4 7 5 
20388500 20388713 1 0 0 8 10 0 8 13 0 -20 -6 71 70 25 20 11 10 18 38 35 45 55 16 8 7 5 
21039500 21039560 1 0 0 4 12 0 4 14 -4 -24 -11 74 74 25 20 11 10 17 37 35 45 55 16 8 8 5 
