39500 39518 0 0 0 0 -53 0 0 -55 1 56 54 69 69 25 20 18 10 12 32 35 45 55 16 6 8 5 
74000 74106 0 0 -1 0 0 0 0 0 0 50 0 79 77 25 20 18 10 12 32 35 45 55 16 10 10 5 
98000 98018 0 0 0 6 -48 0 1 -51 7 62 51 87 87 25 20 18 10 13 33 35 45 55 16 8 11 5 
116500 117150 0 0 0 -5 -58 0 -3 -57 -2 53 54 87 85 25 20 18 10 13 33 35 45 55 16 8 11 5 
175000 175141 0 0 0 -6 -48 0 -7 -50 -4 51 43 74 72 25 20 18 10 14 34 35 45 55 16 9 4 5 
190000 190081 0 0 0 -24 -51 0 -22 -50 -20 35 28 73 74 25 20 18 10 14 34 35 45 55 16 9 9 5 
372000 372121 0 0 0 -11 -58 0 -13 -61 -12 43 47 70 65 25 20 18 10 14 34 35 45 55 16 9 5 5 
404000 404096 0 0 0 8 -57 0 7 -58 8 63 63 91 91 25 20 18 10 14 34 35 45 55 16 12 12 5 
659000 659056 0 0 0 -6 -57 0 -6 -58 -2 53 54 90 90 25 20 18 10 14 34 35 45 55 16 11 11 5 
1599000 1599143 0 0 0 4 -55 0 4 -55 7 62 59 88 88 25 20 18 10 12 32 35 45 55 16 11 11 5 
1626500 1626601 0 0 0 2 -50 0 1 -51 2 57 50 84 86 25 20 18 10 12 32 35 45 55 16 11 11 5 
1977000 1977174 0 0 0 -3 -65 0 -3 -65 -8 47 63 81 81 25 20 18 10 13 33 35 45 55 16 10 10 5 
2736500 2736687 0 0 0 0 -56 0 -1 -57 0 55 56 75 79 25 20 18 10 13 33 35 45 55 16 10 10 5 
2973500 2973647 0 0 0 -25 -74 0 -27 -75 -26 29 50 74 74 25 20 18 10 13 33 35 45 55 16 9 9 5 
3374000 3374188 0 0 0 -24 -75 0 -26 -77 -23 32 51 73 74 25 20 18 10 13 33 35 45 55 16 10 9 5 
3802000 3802216 0 0 0 -31 -72 0 -31 -72 -32 23 40 67 68 25 20 18 10 13 33 35 45 55 16 8 9 5 
3863000 3863191 0 0 0 -36 -62 0 -37 -64 -34 21 27 72 71 25 20 18 10 13 33 35 45 55 16 9 9 5 
4037500 4037658 0 0 0 -35 -57 0 -36 -58 -34 21 24 70 73 25 20 18 10 13 33 35 45 55 16 9 9 5 
4409000 4409077 0 0 0 -31 -54 0 -31 -55 -31 24 23 70 69 25 20 18 10 13 33 35 45 55 16 9 9 5 
4450500 4450636 0 0 0 -3 -53 0 0 -51 1 56 51 81 81 25 20 18 10 13 33 35 45 55 16 6 8 5 
5105500 5105628 0 0 0 6 -37 0 5 -39 4 59 44 70 70 25 20 18 10 13 33 35 45 55 16 6 9 5 
5698000 5698661 0 0 0 0 -40 0 2 -37 3 58 39 66 68 25 20 18 10 13 33 35 45 55 16 5 8 5 
6492000 6492179 0 0 0 -1 -35 0 -3 -36 -4 51 33 68 67 25 20 18 10 13 33 35 45 55 16 9 9 5 
6725500 6726021 0 0 0 -6 -45 0 -6 -45 -3 52 39 71 70 25 20 17 10 13 33 35 45 55 16 1 9 5 
6974000 6974058 0 0 0 1 -25 0 2 -24 8 63 25 67 68 25 20 17 10 12 32 35 45 55 16 5 5 5 
7221500 7221545 0 0 0 -19 -46 0 -20 -47 -16 39 28 71 73 25 20 17 10 12 32 35 45 55 16 5 6 5 
7439500 7440540 0 0 0 -21 -42 0 -20 -42 -17 38 23 62 65 25 20 17 10 13 33 35 45 55 16 0 3 5 
7632000 7632105 0 0 0 -18 -64 0 -19 -66 -13 42 47 61 60 25 20 17 10 13 33 35 45 55 16 5 3 5 
7670500 7670562 0 0 0 -16 -52 0 -19 -54 -14 41 36 61 58 25 20 17 10 13 33 35 45 55 16 8 7 5 
7859000 7859805 0 0 0 -19 -56 0 -18 -55 -15 40 37 62 62 25 20 17 10 13 33 35 45 55 16 5 5 5 
8100500 8100710 0 0 0 4 -46 0 9 -45 13 68 55 63 62 25 20 17 10 13 33 35 45 55 16 2 5 5 
8811500 8811551 0 0 0 -26 -57 0 -28 -58 -23 32 30 69 68 25 20 17 10 12 32 35 45 55 16 6 5 5 
8861000 8861566 0 0 0 -25 -50 0 -25 -50 -20 35 26 70 69 25 20 17 10 12 32 35 45 55 16 2 2 5 
9688000 9688119 0 0 0 -14 -58 0 -10 -56 -6 49 47 63 56 25 20 17 10 13 33 35 45 55 16 8 5 5 
9930500 9930533 0 0 0 -34 -63 0 -37 -65 -33 22 27 64 62 25 20 17 10 13 33 35 45 55 16 8 5 5 
10378000 10378146 0 0 0 -3 -46 0 -2 -45 -1 54 43 66 66 25 20 18 10 13 33 35 45 55 16 4 6 5 
10622500 10622825 0 0 0 -21 -48 0 -20 -47 -21 34 28 68 67 25 20 18 10 12 32 35 45 55 16 3 9 5 
10864500 10864566 0 0 0 2 -31 0 3 -29 5 60 33 67 68 25 20 18 10 12 32 35 45 55 16 7 5 5 
11562000 11562111 0 0 0 -2 -28 0 -4 -29 -4 51 25 70 71 25 20 18 10 12 32 35 45 55 16 8 6 5 
11693000 11693007 0 0 0 -12 -63 0 -14 -65 -15 40 49 70 69 25 20 18 10 13 33 35 45 55 16 9 9 5 
11888500 11888510 0 0 0 -5 -59 0 -6 -60 -7 48 52 69 69 25 20 18 10 14 34 35 45 55 16 9 9 5 
11908000 11908117 0 0 0 -45 -68 0 -47 -68 -44 11 22 73 74 25 20 18 10 13 33 35 45 55 16 5 8 5 
12091500 12091551 0 0 0 -43 -69 0 -42 -70 -41 14 28 65 64 25 20 18 10 12 32 35 45 55 16 6 4 5 
12864000 12864126 0 0 0 -52 -68 0 -51 -67 -49 6 16 65 63 25 20 18 10 13 33 35 45 55 16 5 5 5 
13095000 13095178 0 0 0 -43 -70 0 -44 -71 -42 13 26 70 72 25 20 18 10 13 33 35 45 55 16 6 6 5 
13351500 13351648 0 0 0 -48 -77 0 -52 -79 -49 6 26 75 72 25 20 18 10 13 33 35 45 55 16 4 9 5 
13840000 13840103 0 0 0 -46 -73 0 -48 -74 -45 10 28 70 71 25 20 18 10 14 34 35 45 55 16 6 9 5 
14218000 14218529 0 0 0 -37 -68 0 -38 -69 -35 20 31 70 67 25 20 18 10 12 32 35 45 55 16 6 8 5 
14240500 14240653 0 0 0 -42 -66 0 -43 -67 -42 13 24 70 69 25 20 18 10 12 32 35 45 55 16 9 9 5 
14501000 14501194 0 0 0 -35 -58 0 -34 -58 -31 24 24 66 66 25 20 18 10 12 32 35 45 55 16 5 8 5 
14733500 14733807 0 0 0 -28 -60 0 -31 -62 -31 24 31 73 75 25 20 18 10 12 32 35 45 55 16 8 5 5 
14750500 14751019 0 0 0 -40 -60 0 -42 -61 -37 18 19 79 79 25 20 18 10 12 32 35 45 55 16 1 6 5 
15308000 15308060 0 0 0 -2 -61 0 -4 -62 -4 51 57 74 75 25 20 18 10 12 32 35 45 55 16 6 8 5 
15335500 15335641 0 0 0 -29 -65 0 -30 -65 -26 29 35 71 74 25 20 18 10 12 32 35 45 55 16 9 9 5 
15447000 15447117 0 0 0 -36 -62 0 -36 -63 -37 18 26 65 65 25 20 18 10 12 32 35 45 55 16 8 6 5 
15779000 15779140 0 0 0 -31 -62 0 -30 -62 -29 26 32 67 66 25 20 18 10 12 32 35 45 55 16 9 9 5 
16348000 16348114 0 0 0 -34 -60 0 -33 -60 -31 24 27 62 63 25 20 18 10 12 32 35 45 55 16 5 4 5 
16375000 16375170 0 0 0 -35 -63 0 -34 -62 -32 23 27 66 66 25 20 18 10 13 33 35 45 55 16 8 8 5 
16588000 16588200 0 0 0 -44 -68 0 -46 -69 -44 11 23 64 62 25 20 18 10 13 33 35 45 55 16 8 5 5 
16600000 16600182 0 0 0 -40 -63 0 -40 -63 -40 15 24 62 62 25 20 18 10 13 33 35 45 55 16 5 4 5 
16783000 16783001 0 0 0 -33 -62 0 -35 -65 -35 20 29 63 64 25 20 18 10 13 33 35 45 55 16 5 5 5 
17138000 17138144 0 0 0 -33 -61 0 -34 -62 -32 23 29 64 64 25 20 18 10 12 32 35 45 55 16 8 5 5 
17162500 17162591 0 0 0 -37 -63 0 -38 -64 -37 18 27 62 62 25 20 18 10 12 32 35 45 55 16 5 8 5 
17280000 17280078 0 0 0 -33 -63 0 -35 -63 -33 22 28 64 62 25 20 18 10 12 32 35 45 55 16 6 5 5 
17590500 17590670 0 0 0 -17 -64 0 -17 -64 -21 34 47 62 60 25 20 18 10 13 33 35 45 55 16 6 5 5 
17918500 17918506 0 0 0 -24 -62 0 -24 -62 -27 28 38 61 63 25 20 18 10 13 33 35 45 55 16 5 5 5 
17944500 17945172 0 0 0 -41 -61 0 -43 -64 -42 13 20 60 58 25 20 18 10 14 34 35 45 55 16 5 8 5 
17979000 17979012 0 0 0 -41 -62 0 -42 -61 -41 14 19 63 104 25 20 18 10 14 32 35 45 55 16 8 8 5 
18024500 18024592 0 0 0 -30 -53 0 -32 -54 -32 23 21 63 52 25 20 18 10 13 33 35 45 55 16 8 8 5 
18642500 18643158 0 0 0 -29 -53 0 -30 -53 -28 27 24 65 65 25 20 18 10 13 33 35 45 55 16 3 8 5 
18660000 18660041 0 0 0 -21 -54 0 -23 -55 -22 33 32 63 62 25 20 18 10 13 33 35 45 55 16 6 5 5 
18827000 18827115 0 0 0 -27 -64 0 -29 -65 -31 24 37 60 59 25 20 18 10 13 33 35 45 55 16 8 5 5 
18844500 18844692 0 0 0 -40 -62 0 -41 -63 -42 13 21 59 59 25 20 18 10 13 33 35 45 55 16 7 4 5 
19051000 19051050 0 0 0 -39 -62 0 -40 -63 -38 17 23 64 61 25 20 18 10 13 33 35 45 55 16 8 8 5 
19069000 19069032 0 0 0 -16 -49 0 -17 -49 -17 38 33 72 71 25 20 18 10 14 34 35 45 55 16 9 9 5 
19100000 19100131 0 0 0 1 -44 0 0 -45 -5 50 46 69 70 25 20 18 10 14 34 35 45 55 16 9 6 5 
44000 44319 1 0 0 -4 -28 0 -1 -32 5 -42 31 73 75 25 20 18 10 12 32 35 45 55 16 2 4 5 
74000 74106 1 0 -1 0 0 0 0 0 0 -55 0 79 77 25 20 18 10 12 32 35 45 55 16 10 10 5 
98500 98531 1 0 0 0 -34 0 0 -34 4 -43 34 87 88 25 20 18 10 13 33 35 45 55 16 9 11 5 
106000 106123 1 13 0 47 -16 4 47 -16 52 5 63 87 85 25 20 18 10 13 33 35 45 55 16 9 10 5 
107500 107518 1 0 0 52 -13 0 50 -17 54 7 65 86 86 25 20 18 10 13 33 35 45 55 16 9 5 5 
113500 113511 1 0 0 38 -20 0 38 -21 41 -6 58 88 90 25 20 18 10 13 33 35 45 55 16 7 10 5 
119000 119041 1 0 0 -5 -40 0 -3 -38 1 -46 35 88 87 25 20 18 10 13 33 35 45 55 16 11 10 5 
131500 131661 1 -1 1 -54 -83 -55 -62 -90 -57 -104 28 87 87 25 20 18 10 13 33 35 45 55 16 11 11 5 
144500 144562 1 2 1 -177 -185 -184 -182 -193 -178 -225 11 92 91 25 20 18 10 13 33 35 45 55 16 12 12 5 
154500 154521 1 -3 1 -38 -108 -49 -39 -110 -34 -81 72 82 81 25 20 18 10 14 34 35 45 55 16 8 10 5 
168500 168520 1 0 0 17 -31 0 11 -33 16 -31 45 76 75 25 20 18 10 14 34 35 45 55 16 9 7 5 
186500 186580 1 0 0 2 -32 0 -2 -35 4 -43 33 74 77 25 20 18 10 14 34 35 45 55 16 7 9 5 
371500 371673 1 0 0 11 -26 0 9 -29 13 -34 37 70 68 25 20 18 10 14 34 35 45 55 16 9 6 5 
403000 403103 1 0 0 2 -45 0 -4 -50 -1 -48 45 90 91 25 20 18 10 14 34 35 45 55 16 11 12 5 
657000 657040 1 0 0 16 -63 0 16 -64 21 -26 81 89 89 25 20 18 10 14 34 35 45 55 16 11 11 5 
1137000 1137076 1 -1 1 -48 -100 -55 -38 -105 -35 -82 65 97 97 25 20 18 10 13 33 35 45 55 16 0 5 5 
1184000 1184068 1 2 1 -123 -136 -129 -133 -138 -130 -177 4 98 101 25 20 18 10 13 31 35 45 55 16 12 9 5 
1200000 1200015 1 -3 1 -40 -103 -45 -41 -105 -39 -86 62 96 96 25 20 18 10 13 33 35 45 55 16 12 12 5 
1212000 1212028 1 -1 1 -46 -94 -51 -51 -100 -46 -93 49 94 96 25 20 18 10 13 33 35 45 55 16 7 12 5 
1220000 1220098 1 2 1 -95 -118 -100 -99 -122 -95 -142 23 96 95 25 20 18 10 13 33 35 45 55 16 12 12 5 
1274000 1274155 1 -3 1 -44 -113 -48 -46 -117 -44 -91 70 94 93 25 20 18 10 13 33 35 45 55 16 12 12 5 
1370000 1370066 1 -1 1 -54 -115 -56 -53 -120 -47 -94 66 97 96 25 20 18 10 13 33 35 45 55 16 12 11 5 
1386500 1386556 1 2 1 -176 -195 -178 -184 -201 -180 -227 17 102 102 25 20 18 10 13 31 35 45 55 16 12 13 5 
1521000 1521144 1 -3 1 -50 -103 -49 -50 -104 -48 -95 53 93 92 25 20 18 10 12 32 35 45 55 16 9 6 5 
1596500 1596593 1 0 0 -3 -62 0 -3 -63 0 -47 59 88 89 25 20 18 10 12 32 35 45 55 16 11 11 5 
1632000 1632077 1 0 0 -5 -61 0 -9 -64 -5 -52 55 85 85 25 20 18 10 12 32 35 45 55 16 11 11 5 
1685000 1685104 1 -1 1 -59 -88 -51 -63 -91 -59 -106 28 91 90 25 20 18 10 12 32 35 45 55 16 12 12 5 
1711000 1711022 1 2 1 -149 -179 -139 -150 -181 -146 -193 31 103 103 25 20 18 10 12 30 35 45 55 16 13 13 5 
1721500 1721540 1 -3 1 -55 -122 -45 -61 -123 -56 -103 63 101 103 25 20 18 10 12 30 35 45 55 16 10 10 5 
1765000 1765043 1 -1 1 -65 -111 -52 -64 -111 -60 -107 48 95 94 25 20 18 10 12 32 35 45 55 16 12 8 5 
1833500 1834071 1 2 1 -174 -177 -158 -180 -184 -176 -223 6 92 89 25 20 18 10 13 33 35 45 55 16 9 11 5 
1884000 1884075 1 -3 1 -69 -82 -50 -74 -84 -70 -117 11 82 81 25 20 18 10 13 33 35 45 55 16 10 10 5 
1978000 1978097 1 0 0 -25 -46 0 -28 -49 -24 -71 20 81 81 25 20 18 10 13 33 35 45 55 16 10 10 5 
2740000 2740139 1 0 0 1 -2 0 -3 -6 1 -46 2 72 71 25 20 18 10 13 33 35 45 55 16 9 9 5 
2966000 2966129 1 0 0 2 1 0 0 0 6 -41 3 74 79 25 20 18 10 13 33 35 45 55 16 10 9 5 
3389000 3389152 1 0 0 1 3 0 -3 -1 1 -46 -2 73 74 25 20 18 10 13 33 35 45 55 16 9 9 5 
3801500 3801544 1 0 0 -1 6 0 -4 3 0 -47 -6 67 67 25 20 18 10 13 33 35 45 55 16 8 9 5 
3861500 3861500 1 0 0 35 -8 0 31 -11 36 -11 42 73 72 25 20 18 10 13 33 35 45 55 16 9 9 5 
4037500 4037658 1 0 0 82 22 0 79 19 85 38 61 70 73 25 20 18 10 13 33 35 45 55 16 9 9 5 
4419000 4419024 1 0 0 84 34 0 83 32 87 40 50 68 66 25 20 18 10 13 33 35 45 55 16 9 8 5 
4425500 4425897 1 13 0 35 14 -9 20 7 25 -22 13 75 76 25 20 18 10 13 33 35 45 55 16 7 9 5 
4433000 4433083 1 0 0 0 7 0 -5 4 -2 -49 -10 70 69 25 20 18 10 13 33 35 45 55 16 9 9 5 
4571000 4571056 1 -1 1 -50 -61 -51 -54 -67 -49 -96 13 86 87 25 20 18 10 13 33 35 45 55 16 10 8 5 
4614000 4614026 1 2 1 -140 -148 -141 -143 -150 -140 -187 7 86 87 25 20 18 10 13 33 35 45 55 16 11 11 5 
4626500 4626575 1 -3 1 -48 -82 -50 -50 -84 -47 -94 32 83 82 25 20 18 10 13 33 35 45 55 16 10 11 5 
4638000 4638134 1 -1 1 -50 -71 -52 -55 -75 -52 -99 19 82 82 25 20 18 10 13 33 35 45 55 16 8 10 5 
4648000 4648022 1 2 1 -103 -105 -105 -105 -105 -99 -146 1 84 83 25 20 18 10 13 33 35 45 55 16 11 11 5 
4673000 4673005 1 -3 1 -47 -82 -49 -49 -86 -45 -92 37 89 90 25 20 18 10 13 33 35 45 55 16 10 8 5 
5110000 5110143 1 0 0 6 -35 0 3 -38 7 -40 41 70 69 25 20 18 10 13 33 35 45 55 16 9 9 5 
5699000 5699107 1 0 0 -16 -15 0 -18 -17 -14 -61 -1 67 68 25 20 18 10 13 33 35 45 55 16 6 8 5 
5747000 5747077 1 -1 1 -68 -67 -52 -69 -70 -65 -112 0 88 88 25 20 18 10 13 33 35 45 55 16 11 9 5 
5852000 5852014 1 2 1 -696 -419 -683 -702 -423 -698 -745 -279 100 99 25 20 18 10 13 33 35 45 55 16 7 7 5 
6254000 6254059 1 -3 1 -54 -100 -49 -58 -102 -53 -100 45 86 88 25 20 18 10 13 33 35 45 55 16 11 10 5 
6483500 6483624 1 0 0 0 -23 0 -3 -26 2 -45 24 67 68 25 20 18 10 13 33 35 45 55 16 6 8 5 
6733000 6733046 1 0 0 2 -18 0 -1 -22 4 -43 22 72 72 25 20 17 10 13 33 35 45 55 16 9 7 5 
6971500 6971602 1 0 0 -1 -23 0 -5 -27 -1 -48 22 66 67 25 20 17 10 12 32 35 45 55 16 5 5 5 
7220500 7220522 1 0 0 -6 -14 0 -7 -14 -3 -50 8 71 72 25 20 17 10 12 32 35 45 55 16 6 5 5 
7437000 7437081 1 0 0 1 1 0 0 -1 3 -44 0 62 62 25 20 17 10 13 33 35 45 55 16 5 4 5 
7630000 7630678 1 0 0 -15 -6 0 -19 -9 -14 -61 -9 61 61 25 20 17 10 13 33 35 45 55 16 5 6 5 
7673000 7673427 1 0 0 21 17 0 13 10 17 -30 2 64 68 25 20 17 10 13 33 35 45 55 16 4 4 5 
7699500 7699897 1 -1 1 -35 -39 -53 -35 -39 -30 -77 5 85 85 25 20 17 10 13 33 35 45 55 16 8 11 5 
7706000 7706071 1 2 1 -120 -103 -137 -127 -105 -124 -171 -23 93 92 25 20 17 10 13 33 35 45 55 16 12 9 5 
7717500 7717545 1 -3 1 -32 -78 -48 -32 -78 -28 -75 45 82 83 25 20 17 10 13 33 35 45 55 16 8 10 5 
7729000 7729050 1 -1 1 -38 -63 -53 -42 -66 -37 -84 23 78 79 25 20 17 10 13 33 35 45 55 16 6 7 5 
7741500 7741754 1 2 1 -105 -113 -118 -110 -118 -105 -152 9 77 76 25 20 17 10 13 33 35 45 55 16 9 10 5 
7757500 7758125 1 -3 1 -38 -53 -49 -35 -50 -32 -79 15 73 72 25 20 17 10 13 33 35 45 55 16 1 4 5 
7859000 7859805 1 0 0 -1 -5 0 -4 -10 1 -46 7 62 62 25 20 17 10 13 33 35 45 55 16 5 5 5 
8099000 8099580 1 0 0 -1 7 0 -6 2 -1 -48 -8 63 62 25 20 17 10 13 33 35 45 55 16 5 3 5 
8812000 8812201 1 0 0 4 17 0 5 18 9 -38 -13 69 69 25 20 17 10 12 32 35 45 55 16 6 3 5 
8856500 8857058 1 0 0 3 6 0 0 2 4 -43 -3 70 71 25 20 17 10 12 32 35 45 55 16 0 4 5 
8944000 8944310 1 -1 1 -51 -51 -53 -68 -51 -63 -110 -16 80 80 25 20 17 10 12 32 35 45 55 16 2 1 5 
9066000 9066160 1 2 1 -167 -131 -167 -171 -134 -166 -213 -36 92 95 25 20 17 10 12 32 35 45 55 16 12 12 5 
9085000 9085990 1 -3 1 -50 -53 -50 -19 -20 -15 -62 1 78 78 25 20 17 10 12 32 35 45 55 16 1 1 5 
9095000 9095099 1 -1 1 -55 -67 -54 -54 -70 -49 -96 17 79 78 25 20 17 10 12 32 35 45 55 16 10 7 5 
9112500 9112653 1 2 1 -126 -96 -125 -130 -94 -127 -174 -36 84 84 25 20 17 10 12 32 35 45 55 16 7 7 5 
9130000 9130190 1 -3 1 -50 -53 -49 -52 -56 -50 -97 2 68 68 25 20 17 10 12 32 35 45 55 16 5 3 5 
9143000 9143047 1 -1 1 -53 -47 -52 -57 -50 -53 -100 -6 70 65 25 20 17 10 12 32 35 45 55 16 8 8 5 
9216000 9216164 1 2 1 -239 -230 -237 -245 -233 -241 -288 -13 88 88 25 20 17 10 13 33 35 45 55 16 11 8 5 
9317500 9317581 1 -3 1 -52 -88 -48 -51 -93 -47 -94 41 82 80 25 20 17 10 13 33 35 45 55 16 5 7 5 
9332500 9333019 1 -1 1 -59 -74 -55 -70 -87 -66 -113 17 82 82 25 20 17 10 13 33 35 45 55 16 3 11 5 
9407500 9407642 1 2 1 -164 -173 -158 -168 -177 -163 -210 11 86 84 25 20 17 10 13 33 35 45 55 16 8 11 5 
9467000 9467020 1 -3 1 -56 -49 -49 -59 -50 -54 -101 -8 67 64 25 20 17 10 13 33 35 45 55 16 8 8 5 
9692000 9694149 1 0 0 -11 -1 0 -10 -1 -6 -53 -8 62 68 25 20 17 10 13 33 35 45 55 16 0 5 5 
9930500 9930533 1 0 0 4 24 0 1 21 6 -41 -20 64 62 25 20 17 10 13 33 35 45 55 16 8 5 5 
9965500 9965648 1 -1 1 -49 -31 -51 -50 -30 -45 -92 -19 85 86 25 20 17 10 13 33 35 45 55 16 5 4 5 
9993500 9993540 1 2 1 -248 -212 -249 -254 -216 -250 -297 -37 94 96 25 20 17 10 13 33 35 45 55 16 12 12 5 
10163500 10163561 1 -3 1 -54 -51 -50 -59 -52 -55 -102 -7 77 75 25 20 17 10 13 33 35 45 55 16 10 6 5 
10377000 10377030 1 0 0 -13 -9 0 -18 -13 -13 -60 -4 66 66 25 20 18 10 13 33 35 45 55 16 5 5 5 
10395500 10395600 1 0 0 -12 -7 0 -12 -8 -8 -55 -4 68 66 25 20 18 10 13 33 35 45 55 16 8 5 5 
10449000 10449388 1 -1 1 -61 -62 -51 -67 -65 -62 -109 -1 82 82 25 20 18 10 13 33 35 45 55 16 7 10 5 
10493000 10493097 1 2 1 -229 -204 -222 -232 -205 -229 -276 -27 92 93 25 20 18 10 13 33 35 45 55 16 12 11 5 
10532500 10532526 1 -3 1 -53 -50 -47 -60 -56 -55 -102 -4 80 81 25 20 18 10 13 33 35 45 55 16 10 10 5 
10622500 10622825 1 0 0 -2 -15 0 -5 -17 -2 -49 9 68 67 25 20 18 10 12 32 35 45 55 16 3 9 5 
10868000 10868150 1 0 0 27 3 0 22 -1 26 -21 24 66 64 25 20 18 10 12 32 35 45 55 16 8 8 5 
11562000 11562111 1 0 0 18 -4 0 17 -6 21 -26 23 70 71 25 20 18 10 12 32 35 45 55 16 8 6 5 
11693000 11693007 1 0 0 -1 -5 0 -1 -7 2 -45 6 70 69 25 20 18 10 13 33 35 45 55 16 9 9 5 
11891000 11891080 1 0 0 7 8 0 4 5 8 -39 -2 70 68 25 20 18 10 13 33 35 45 55 16 9 6 5 
11914500 11914690 1 0 0 38 18 0 36 15 40 -7 20 69 68 25 20 18 10 13 33 35 45 55 16 9 6 5 
12089000 12089071 1 0 0 27 10 0 30 11 33 -14 18 65 68 25 20 18 10 12 32 35 45 55 16 2 5 5 
12865000 12865515 1 0 0 45 17 0 40 12 45 -2 28 65 63 25 20 18 10 13 33 35 45 55 16 4 7 5 
13106000 13106386 1 0 0 45 15 0 41 13 47 0 29 71 72 25 20 18 10 13 33 35 45 55 16 3 9 5 
13352500 13352669 1 0 0 18 -5 0 16 -7 20 -27 23 76 75 25 20 18 10 13 33 35 45 55 16 6 7 5 
13838000 13838185 1 0 0 -6 2 0 -6 -1 -3 -50 -6 70 70 25 20 18 10 14 34 35 45 55 16 6 6 5 
13854500 13854668 1 0 0 24 -2 0 19 -6 23 -24 26 68 65 25 20 18 10 13 33 35 45 55 16 9 5 5 
14217000 14217014 1 0 0 45 22 0 44 21 49 2 23 70 71 25 20 18 10 12 32 35 45 55 16 7 6 5 
14239500 14239541 1 0 0 81 45 0 78 41 82 35 38 70 66 25 20 18 10 12 32 35 45 55 16 8 9 5 
14502000 14502071 1 0 0 87 41 0 85 38 90 43 48 66 67 25 20 18 10 12 32 35 45 55 16 7 8 5 
14743500 14743702 1 0 0 97 50 0 95 48 100 53 46 69 67 25 20 18 10 12 32 35 45 55 16 5 9 5 
14748500 14748529 1 13 0 44 20 -11 41 14 45 -2 26 76 77 25 20 18 10 12 32 35 45 55 16 7 2 5 
14751500 14751587 1 0 0 31 30 0 36 38 41 -6 -1 80 81 25 20 18 10 12 32 35 45 55 16 3 7 5 
14765000 14765105 1 -1 1 -25 -10 -55 -32 -18 -28 -75 -14 91 89 25 20 18 10 12 32 35 45 55 16 7 12 5 
14773000 14773054 1 2 1 -98 -80 -128 -104 -83 -101 -148 -22 96 96 25 20 18 10 12 32 35 45 55 16 12 11 5 
14781000 14781015 1 -3 1 -17 -71 -46 -17 -73 -12 -59 56 93 93 25 20 18 10 12 32 35 45 55 16 12 12 5 
14821500 14821526 1 -1 1 -25 -27 -53 -25 -28 -22 -69 4 87 86 25 20 18 10 12 32 35 45 55 16 10 11 5 
14858000 14858164 1 2 1 -109 -93 -134 -111 -96 -107 -154 -16 86 85 25 20 18 10 12 32 35 45 55 16 11 11 5 
14877000 14877172 1 -3 1 -24 -39 -49 -25 -42 -20 -67 17 79 81 25 20 18 10 12 32 35 45 55 16 7 10 5 
14891000 14891168 1 -1 1 -28 -25 -51 -27 -24 -22 -69 -3 82 80 25 20 18 10 12 32 35 45 55 16 10 8 5 
14918500 14918551 1 2 1 -113 -87 -136 -115 -89 -111 -158 -26 78 78 25 20 18 10 12 32 35 45 55 16 10 10 5 
15065000 15065846 1 -3 1 -35 -22 -50 -36 -26 -33 -80 -11 70 69 25 20 18 10 12 32 35 45 55 16 5 9 5 
15314000 15314081 1 0 0 2 19 0 0 19 4 -43 -19 76 77 25 20 18 10 12 32 35 45 55 16 7 1 5 
15336500 15336706 1 0 0 22 0 0 21 -3 24 -23 24 70 69 25 20 18 10 12 32 35 45 55 16 9 9 5 
15447000 15447117 1 0 0 43 19 0 39 16 44 -3 25 65 65 25 20 18 10 12 32 35 45 55 16 8 6 5 
15779000 15779140 1 0 0 62 35 0 60 32 63 16 28 67 66 25 20 18 10 12 32 35 45 55 16 9 9 5 
16349000 16349286 1 0 0 55 30 0 52 28 56 9 23 63 55 25 20 18 10 12 32 35 45 55 16 5 5 5 
16374000 16374057 1 0 0 7 15 0 2 11 7 -40 -8 66 67 25 20 18 10 13 33 35 45 55 16 8 8 5 
16590500 16590533 1 0 0 1 13 0 0 11 6 -41 -9 65 66 25 20 18 10 13 33 35 45 55 16 5 5 5 
16594000 16594155 1 13 0 13 14 -8 7 9 11 -36 -2 68 71 25 20 18 10 13 33 35 45 55 16 8 5 5 
16599500 16600182 1 0 0 52 25 0 52 23 56 9 28 63 62 25 20 18 10 13 33 35 45 55 16 5 4 5 
16784000 16784892 1 0 0 72 41 0 70 38 75 28 32 63 63 25 20 18 10 13 33 35 45 55 16 5 8 5 
17138000 17138144 1 0 0 72 41 0 69 37 74 27 33 64 64 25 20 18 10 12 32 35 45 55 16 8 5 5 
17162500 17162591 1 0 0 26 23 0 23 20 27 -20 2 62 62 25 20 18 10 12 32 35 45 55 16 5 8 5 
17282000 17282214 1 0 0 18 32 0 18 32 22 -25 -12 65 68 25 20 18 10 12 32 35 45 55 16 5 6 5 
17590500 17590670 1 0 0 -8 8 0 -9 7 -4 -51 -15 62 60 25 20 18 10 13 33 35 45 55 16 6 5 5 
17918000 17918018 1 0 0 5 32 0 5 29 9 -38 -23 61 63 25 20 18 10 13 33 35 45 55 16 3 6 5 
17928500 17928510 1 0 0 -5 18 0 -8 15 -4 -51 -24 61 60 25 20 18 10 13 33 35 45 55 16 4 7 5 
17939500 17939639 1 13 0 51 44 17 47 40 52 5 7 67 66 25 20 18 10 13 33 35 45 55 16 5 8 5 
17944000 17944201 1 0 0 50 32 0 46 28 51 4 17 60 58 25 20 18 10 14 34 35 45 55 16 7 5 5 
17978000 17978031 1 0 0 67 42 0 66 39 70 23 27 63 63 25 20 18 10 14 34 35 45 55 16 7 8 5 
18025000 18025126 1 0 0 76 43 0 74 41 77 30 32 63 62 25 20 18 10 13 33 35 45 55 16 8 8 5 
18640000 18640182 1 0 0 92 55 0 90 52 93 46 37 64 66 25 20 18 10 13 33 35 45 55 16 8 5 5 
18648000 18648710 1 13 0 44 35 -9 31 33 36 -11 -2 69 71 25 20 18 10 13 33 35 45 55 16 2 9 5 
18656500 18657381 1 0 0 11 36 0 6 32 11 -36 -25 63 61 25 20 18 10 13 33 35 45 55 16 5 5 5 
18827500 18828094 1 0 0 0 15 0 -3 11 3 -44 -14 60 57 25 20 18 10 13 33 35 45 55 16 5 4 5 
18844500 18844692 1 0 0 35 23 0 37 24 41 -6 13 59 59 25 20 18 10 13 33 35 45 55 16 7 4 5 
19051000 19051050 1 0 0 38 30 0 36 28 40 -7 9 64 61 25 20 18 10 13 33 35 45 55 16 8 8 5 
19071500 19071508 1 0 0 63 55 0 61 52 64 17 9 73 75 25 20 18 10 14 34 35 45 55 16 9 9 5 
19100500 19100563 1 0 0 48 38 0 43 34 47 0 10 69 69 25 20 18 10 14 34 35 45 55 16 9 6 5 
