38500 38518 0 0 -1 0 0 0 0 0 0 152 0 57 59 25 20 18 10 15 35 35 45 55 16 7 7 5 
78500 78697 0 0 0 25 17 0 28 19 31 186 13 56 55 25 20 18 10 15 35 35 45 55 16 7 7 5 
140500 140566 0 0 0 25 18 0 27 20 32 187 11 53 53 25 20 18 10 15 35 35 45 55 16 6 6 5 
385500 385560 0 0 0 18 8 0 16 7 16 171 12 55 56 25 20 18 10 15 35 35 45 55 16 7 7 5 
427000 427054 0 0 0 33 15 0 35 13 38 193 23 60 62 25 20 18 10 15 35 35 45 55 16 7 6 5 
443000 443722 0 -1 1 -21 -16 -52 -32 -9 -30 125 -25 73 77 25 20 18 10 15 35 35 45 55 16 1 2 5 
460500 460669 0 2 1 -67 -86 -96 -63 -89 -58 97 27 74 71 25 20 18 10 15 35 35 45 55 16 2 4 5 
481500 481610 0 -3 1 -21 -35 -48 -17 -33 -12 143 21 56 56 25 20 18 10 15 35 35 45 55 16 4 5 5 
590500 590587 0 0 0 14 8 0 18 9 24 179 15 51 52 25 20 18 10 15 35 35 45 55 16 6 5 5 
678000 678133 0 0 0 26 17 0 27 21 32 187 9 50 47 25 20 18 10 15 35 35 45 55 16 6 6 5 
953500 953517 0 0 0 22 14 0 18 11 23 178 10 59 57 25 20 18 10 15 35 35 45 55 16 6 7 5 
1016000 1016133 0 0 0 19 0 0 25 2 29 184 27 57 57 25 20 18 10 15 35 35 45 55 16 7 7 5 
1240500 1240672 0 0 0 16 -3 0 16 -2 20 175 22 56 56 25 20 18 10 15 35 35 45 55 16 6 7 5 
1316000 1316044 0 0 0 -11 -16 0 -12 -16 -8 147 5 53 54 25 20 18 10 15 35 35 45 55 16 4 4 5 
1425000 1425128 0 0 0 15 8 0 19 11 24 179 13 53 54 25 20 18 10 15 35 35 45 55 16 4 6 5 
1680000 1680159 0 0 0 9 -2 0 5 -5 9 164 12 62 61 25 20 18 10 15 35 35 45 55 16 8 8 5 
2180500 2181022 0 0 0 -11 -35 0 -15 -38 -11 144 29 58 57 25 20 18 10 15 35 35 45 55 16 3 4 5 
2572500 2572575 0 0 0 -4 -22 0 -4 -21 -1 154 20 61 61 25 20 18 10 15 35 35 45 55 16 7 8 5 
3122000 3122114 0 0 0 -12 -24 0 -10 -24 -6 149 17 67 67 25 20 18 10 15 35 35 45 55 16 7 8 5 
3423500 3423557 0 0 0 -25 -30 0 -25 -28 -24 131 7 53 53 25 20 18 10 15 35 35 45 55 16 7 7 5 
3626000 3626194 0 0 0 -24 -23 0 -23 -22 -17 138 5 55 54 25 20 18 10 15 35 35 45 55 16 7 7 5 
3654500 3654551 0 0 0 -15 -26 0 -10 -27 -6 149 21 73 73 25 20 18 10 15 35 35 45 55 16 4 4 5 
3718000 3718048 0 0 0 -8 -11 0 -7 -10 -4 151 6 59 57 25 20 18 10 15 35 35 45 55 16 7 7 5 
3900500 3901131 0 -1 1 -63 -67 -58 -88 -88 -88 67 -1 72 71 25 20 18 10 15 35 35 45 55 16 6 6 5 
3948500 3948573 0 2 1 -118 -113 -113 -110 -110 -107 48 2 76 76 25 20 18 10 15 35 35 45 55 16 9 5 5 
3975000 3975121 0 -3 1 -54 -54 -50 -54 -53 -51 104 1 61 58 25 20 18 10 15 35 35 45 55 16 8 7 5 
4108000 4108093 0 0 0 -2 -18 0 -2 -16 3 158 19 56 56 25 20 18 10 15 35 35 45 55 16 7 7 5 
4532000 4532218 0 0 0 -6 -24 0 -6 -22 -3 152 17 57 56 25 20 18 10 15 35 35 45 55 16 5 5 5 
4636000 4636104 0 -1 1 -55 -58 -51 -52 -54 -50 105 3 64 66 25 20 18 10 15 35 35 45 55 16 5 8 5 
4662000 4662089 0 2 1 -104 -103 -100 -101 -97 -97 58 0 70 73 25 20 18 10 15 35 35 45 55 16 9 7 5 
4690500 4690565 0 -3 1 -52 -56 -48 -48 -53 -42 113 11 62 62 25 20 18 10 15 35 35 45 55 16 8 8 5 
4829500 4829840 0 0 0 -2 -15 0 -1 -11 6 161 13 65 66 25 20 18 10 15 35 35 45 55 16 3 6 5 
5538000 5538130 0 0 0 -27 -34 0 -25 -32 -19 136 12 57 57 25 20 18 10 15 35 35 45 55 16 7 7 5 
6325500 6325505 0 0 0 -25 -30 0 -25 -30 -18 137 14 57 56 25 20 18 10 15 35 35 45 55 16 5 4 5 
6798500 6798702 0 0 0 -32 -35 0 -31 -37 -25 130 10 57 54 25 20 18 10 15 35 35 45 55 16 7 7 5 
7170000 7170134 0 0 0 -25 -34 0 -22 -32 -14 141 14 61 64 25 20 18 10 15 35 35 45 55 16 6 4 5 
8125500 8125680 0 0 0 -24 -37 0 -28 -39 -24 131 15 60 59 25 20 18 10 15 35 35 45 55 16 6 6 5 
8196000 8196031 0 -1 1 -88 -90 -53 -86 -91 -83 72 8 79 80 25 20 18 10 15 35 35 45 55 16 10 10 5 
8237000 8237123 0 2 1 -254 -211 -213 -264 -223 -264 -109 -36 87 84 25 20 18 10 15 35 35 45 55 16 10 11 5 
8305500 8305525 0 -3 1 -102 -85 -49 -105 -89 -102 53 -13 62 65 25 20 18 10 15 35 35 45 55 16 8 8 5 
8373000 8373043 0 0 0 -63 -64 0 -58 -61 -54 101 9 59 58 25 20 18 10 15 35 35 45 55 16 7 7 5 
8890500 8890542 0 0 0 -25 -32 0 -24 -32 -20 135 11 57 58 25 20 18 10 15 35 35 45 55 16 4 6 5 
8946500 8946597 0 -1 1 -76 -81 -50 -82 -88 -78 77 9 79 79 25 20 18 10 15 35 35 45 55 16 7 6 5 
8988000 8988023 0 2 1 -226 -243 -198 -224 -242 -212 -57 29 88 88 25 20 18 10 15 35 35 45 55 16 12 11 5 
9075000 9075134 0 -3 1 -79 -80 -49 -81 -79 -80 75 5 62 61 25 20 18 10 15 35 35 45 55 16 8 7 5 
9250500 9250713 0 0 0 -35 -44 0 -41 -46 -37 118 12 60 62 25 20 18 10 15 35 35 45 55 16 6 4 5 
9407000 9407050 0 0 0 -41 -44 0 -41 -43 -33 122 12 65 68 25 20 18 10 15 35 35 45 55 16 6 7 5 
9562500 9562737 0 0 0 -44 -45 0 -42 -45 -37 118 10 59 59 25 20 18 10 15 35 35 45 55 16 6 7 5 
9868000 9868147 0 0 0 -16 -20 0 -13 -19 -7 148 12 56 55 25 20 18 10 15 35 35 45 55 16 7 7 5 
10105500 10105547 0 0 0 -21 -27 0 -22 -28 -18 137 9 56 57 25 20 18 10 15 35 35 45 55 16 7 7 5 
10252500 10252503 0 0 0 -18 -24 0 -18 -22 -14 141 9 54 53 25 20 18 10 15 35 35 45 55 16 7 7 5 
10498000 10498093 0 0 0 -12 -26 0 -13 -27 -9 146 18 61 60 25 20 18 10 15 35 35 45 55 16 7 8 5 
11410500 11410587 0 0 0 -28 -32 0 -28 -34 -25 130 9 56 56 25 20 18 10 15 35 35 45 55 16 7 7 5 
11541000 11541059 0 -1 1 -82 -82 -53 -82 -85 -77 78 10 80 81 25 20 18 10 15 35 35 45 55 16 9 10 5 
11592500 11592580 0 2 1 -204 -193 -174 -205 -195 -200 -45 -2 84 83 25 20 18 10 15 35 35 45 55 16 11 11 5 
11704500 11704536 0 -3 1 -79 -73 -49 -79 -74 -77 78 -3 67 66 25 20 18 10 15 35 35 45 55 16 9 8 5 
12063000 12063279 0 0 0 -34 -37 0 -34 -37 -31 124 9 55 54 25 20 18 10 15 35 35 45 55 16 7 7 5 
12354500 12354603 0 0 0 -31 -32 0 -30 -29 -25 130 5 53 52 25 20 18 10 15 35 35 45 55 16 6 6 5 
12395500 12395593 0 0 0 -29 -33 0 -27 -33 -23 132 10 57 58 25 20 18 10 15 35 35 45 55 16 4 7 5 
12753000 12753038 0 0 0 -24 -13 0 -24 -14 -20 135 -4 53 54 25 20 18 10 15 35 35 45 55 16 7 7 5 
13928500 13928510 0 0 0 -22 -16 0 -22 -15 -17 138 -1 56 55 25 20 18 10 15 35 35 45 55 16 7 7 5 
14351000 14351159 0 0 0 -21 -15 0 -18 -14 -16 139 -1 54 55 25 20 18 10 15 35 35 45 55 16 7 7 5 
14439500 14439668 0 0 0 -35 -32 0 -35 -32 -32 123 1 52 51 25 20 18 10 15 35 35 45 55 16 6 6 5 
14831500 14831840 0 0 0 -36 -25 0 -36 -25 -32 123 -5 54 54 25 20 18 10 15 35 35 45 55 16 6 7 5 
14943500 14943557 0 0 0 -36 -24 0 -38 -26 -35 120 -7 53 54 25 20 18 10 15 35 35 45 55 16 7 7 5 
14994500 14994612 0 0 0 -31 -23 0 -30 -21 -27 128 -5 59 63 25 20 18 10 15 35 35 45 55 16 8 7 5 
15644500 15644567 0 0 0 -31 -17 0 -31 -19 -29 126 -9 51 50 25 20 18 10 15 35 35 45 55 16 6 6 5 
15699500 15699589 0 0 0 -22 -11 0 -23 -10 -20 135 -7 51 51 25 20 18 10 15 35 35 45 55 16 6 6 5 
15742500 15742714 0 0 0 -24 -15 0 -22 -13 -18 137 -3 53 53 25 20 18 10 15 35 35 45 55 16 7 7 5 
16478500 16478532 0 0 0 -17 -12 0 -15 -11 -13 142 -1 52 51 25 20 18 10 15 35 35 45 55 16 6 7 5 
16617000 16617228 0 0 0 -25 -18 0 -25 -19 -23 132 -1 52 51 25 20 18 10 15 35 35 45 55 16 6 6 5 
16653000 16653085 0 0 0 -52 -64 0 -54 -66 -51 104 14 90 89 25 20 18 10 15 35 35 45 55 16 11 11 5 
16703500 16703541 0 0 0 -39 -40 0 -40 -39 -38 117 2 58 57 25 20 18 10 15 35 35 45 55 16 7 7 5 
16830000 16830239 0 0 0 -19 -15 0 -21 -17 -19 136 1 56 55 25 20 18 10 15 35 35 45 55 16 7 7 5 
17411000 17411020 0 0 0 -24 -22 0 -23 -20 -18 137 4 55 55 25 20 18 10 15 35 35 45 55 16 7 7 5 
17448500 17448696 0 0 0 -32 -30 0 -32 -31 -28 127 4 55 55 25 20 18 10 15 35 35 45 55 16 7 7 5 
17503500 17503743 0 0 0 -31 -21 0 -30 -21 -26 129 -4 57 56 25 20 18 10 15 35 35 45 55 16 7 7 5 
17749500 17749649 0 0 0 -13 -13 0 -13 -12 -10 145 4 53 53 25 20 18 10 15 35 35 45 55 16 7 7 5 
18138000 18138223 0 0 0 -36 -30 0 -35 -30 -32 123 -1 54 53 25 20 18 10 15 35 35 45 55 16 7 7 5 
18182500 18182639 0 -1 1 -90 -66 -53 -92 -63 -90 65 -24 83 86 25 20 18 10 15 35 35 45 55 16 8 11 5 
18283000 18283019 0 2 1 -259 -224 -221 -259 -226 -262 -107 -38 103 106 25 20 18 10 15 33 35 45 55 16 5 14 5 
18512000 18512101 0 -3 1 -89 -94 -46 -86 -96 -89 66 6 72 74 25 20 18 10 15 35 35 45 55 16 9 8 5 
18969500 18969698 0 0 0 -51 -52 0 -54 -53 -48 107 4 69 68 25 20 18 10 15 35 35 45 55 16 9 9 5 
19083000 19083157 0 0 0 -36 -38 0 -33 -35 -28 127 7 67 68 25 20 18 10 15 35 35 45 55 16 9 8 5 
19240500 19240676 0 0 0 -22 -29 0 -25 -33 -20 135 12 67 69 25 20 18 10 15 35 35 45 55 16 2 4 5 
19375500 19375809 0 0 0 -54 -62 0 -51 -58 -46 109 11 76 76 25 20 18 10 15 35 35 45 55 16 8 3 5 
19490500 19490618 0 0 0 -47 -54 0 -48 -56 -43 112 11 69 66 25 20 18 10 15 35 35 45 55 16 9 8 5 
19628000 19628135 0 -1 1 -100 -98 -51 -108 -109 -106 49 7 80 80 25 20 18 10 15 35 35 45 55 16 8 10 5 
19640500 19640535 0 2 1 -171 -135 -122 -174 -130 -173 -18 -39 95 98 25 20 18 10 15 35 35 45 55 16 12 12 5 
19770500 19770514 0 -3 1 -101 -99 -50 -103 -97 -97 58 0 80 79 25 20 18 10 15 35 35 45 55 16 10 9 5 
19783500 19784532 0 -1 1 -106 -110 -55 -112 -122 -103 52 16 83 85 25 20 18 10 15 35 35 45 55 16 2 5 5 
20149500 20149540 0 2 1 -353 -346 -296 -351 -343 -350 -195 -5 128 128 25 20 18 10 15 30 35 45 55 16 16 9 5 
20303500 20303679 0 -3 1 -109 -76 -50 -108 -76 -107 48 -29 67 66 25 20 18 10 15 35 35 45 55 16 8 8 5 
20635500 20635574 0 0 0 -65 -84 0 -68 -88 -66 89 22 80 79 25 20 18 10 15 35 35 45 55 16 10 9 5 
20771000 20771165 0 0 0 -59 -83 0 -59 -83 -51 104 30 79 78 25 20 18 10 15 35 35 45 55 16 10 10 5 
47000 47133 1 0 -1 0 0 0 0 0 0 148 0 56 55 25 20 18 10 15 35 35 45 55 16 7 7 5 
80500 80558 1 0 0 5 11 0 5 10 14 161 -7 57 57 25 20 18 10 15 35 35 45 55 16 7 4 5 
140500 140566 1 0 0 -11 -1 0 -10 -2 0 147 -6 53 53 25 20 18 10 15 35 35 45 55 16 6 6 5 
425000 425050 1 0 0 -2 5 0 -2 4 7 154 -7 60 60 25 20 18 10 15 35 35 45 55 16 7 7 5 
450000 450150 1 -1 1 -57 -37 -52 -59 -39 -47 100 -18 77 78 25 20 18 10 15 35 35 45 55 16 3 7 5 
461000 461088 1 2 1 -111 -98 -105 -112 -101 -104 43 -11 73 74 25 20 18 10 15 35 35 45 55 16 3 3 5 
493000 493153 1 -3 1 -60 -54 -49 -60 -52 -51 96 -8 52 52 25 20 18 10 15 35 35 45 55 16 7 2 5 
593500 593515 1 0 0 -22 -11 0 -22 -9 -13 134 -14 51 51 25 20 18 10 15 35 35 45 55 16 5 6 5 
658000 658182 1 0 0 -11 8 0 -12 5 0 147 -15 51 49 25 20 18 10 15 35 35 45 55 16 6 6 5 
958000 958041 1 0 0 -6 1 0 -11 -4 0 147 -7 59 58 25 20 18 10 15 35 35 45 55 16 7 7 5 
1010500 1011520 1 0 0 8 10 0 4 7 13 160 -3 59 58 25 20 18 10 15 35 35 45 55 16 1 7 5 
1252000 1252486 1 0 0 -28 -21 0 -32 -22 -22 125 -10 58 58 25 20 18 10 15 35 35 45 55 16 6 7 5 
1325000 1325190 1 0 0 -44 -35 0 -51 -39 -40 107 -12 52 51 25 20 18 10 15 35 35 45 55 16 6 3 5 
1437500 1437724 1 0 0 -14 -10 0 -13 -9 -3 144 -4 52 50 25 20 18 10 15 35 35 45 55 16 6 6 5 
1685500 1685701 1 0 0 -9 -6 0 -9 -5 1 148 -3 63 63 25 20 18 10 15 35 35 45 55 16 8 8 5 
1914000 1914051 1 -1 1 -60 -49 -50 -60 -50 -52 95 -11 63 63 25 20 18 10 15 35 35 45 55 16 4 7 5 
1935000 1935473 1 2 1 -105 -108 -95 -106 -108 -96 51 2 64 63 25 20 18 10 15 35 35 45 55 16 3 4 5 
1990500 1990784 1 -3 1 -58 -55 -49 -58 -56 -47 100 0 52 51 25 20 18 10 15 35 35 45 55 16 5 6 5 
2032000 2032161 1 -1 1 -64 -49 -54 -61 -49 -51 96 -11 73 73 25 20 18 10 15 35 35 45 55 16 3 6 5 
2048000 2048024 1 2 1 -138 -114 -128 -138 -114 -129 18 -24 80 81 25 20 18 10 15 35 35 45 55 16 9 9 5 
2098500 2098613 1 -3 1 -59 -54 -49 -56 -54 -47 100 -2 58 56 25 20 18 10 15 35 35 45 55 16 7 4 5 
2197000 2197232 1 0 0 -10 -19 0 -10 -19 -1 146 9 58 58 25 20 18 10 15 35 35 45 55 16 7 7 5 
2585500 2585805 1 0 0 -31 -30 0 -31 -32 -22 125 1 61 61 25 20 18 10 15 35 35 45 55 16 6 5 5 
3120000 3120098 1 0 0 -42 -39 0 -43 -40 -33 114 -4 67 67 25 20 18 10 15 35 35 45 55 16 4 7 5 
3429500 3429777 1 0 0 -91 -71 0 -94 -73 -85 62 -22 53 54 25 20 18 10 15 35 35 45 55 16 7 7 5 
3628000 3628120 1 0 0 -83 -58 0 -83 -58 -73 74 -24 55 54 25 20 18 10 15 35 35 45 55 16 7 7 5 
3671000 3671076 1 0 0 -76 -54 0 -74 -52 -63 84 -22 61 61 25 20 18 10 15 35 35 45 55 16 6 7 5 
3720000 3720109 1 0 0 -61 -39 0 -66 -42 -54 93 -23 59 60 25 20 18 10 15 35 35 45 55 16 7 7 5 
3911500 3911611 1 -1 1 -111 -101 -54 -108 -101 -99 48 -7 71 74 25 20 18 10 15 35 35 45 55 16 9 9 5 
3952500 3952920 1 2 1 -188 -161 -132 -189 -165 -179 -32 -23 71 71 25 20 18 10 15 35 35 45 55 16 4 8 5 
3968000 3968199 1 -3 1 -104 -91 -48 -103 -93 -95 52 -10 61 58 25 20 18 10 15 35 35 45 55 16 4 5 5 
4110000 4110243 1 0 0 -52 -46 0 -53 -49 -41 106 -2 57 56 25 20 18 10 15 35 35 45 55 16 7 7 5 
4553500 4553618 1 0 0 -59 -49 0 -59 -50 -49 98 -9 58 55 25 20 18 10 15 35 35 45 55 16 7 7 5 
4588000 4588066 1 -1 1 -112 -100 -53 -113 -103 -103 44 -10 78 80 25 20 18 10 15 35 35 45 55 16 8 6 5 
4594000 4594205 1 2 1 -164 -133 -105 -168 -137 -159 -12 -32 78 79 25 20 18 10 15 35 35 45 55 16 9 3 5 
4622000 4622491 1 -3 1 -107 -94 -48 -102 -91 -91 56 -11 57 58 25 20 18 10 15 35 35 45 55 16 3 6 5 
4633000 4633241 1 -1 1 -111 -91 -52 -115 -91 -106 41 -23 61 63 25 20 18 10 15 35 35 45 55 16 5 4 5 
4654500 4654525 1 2 1 -176 -148 -117 -178 -149 -168 -21 -29 72 73 25 20 18 10 15 35 35 45 55 16 9 9 5 
4705000 4705217 1 -3 1 -108 -80 -49 -107 -79 -96 51 -28 64 60 25 20 18 10 15 35 35 45 55 16 8 8 5 
4826000 4826108 1 0 0 -59 -45 0 -61 -48 -52 95 -14 64 63 25 20 18 10 15 35 35 45 55 16 8 5 5 
5022500 5022614 1 -1 1 -113 -95 -52 -116 -97 -105 42 -18 72 72 25 20 18 10 15 35 35 45 55 16 9 7 5 
5044000 5044199 1 2 1 -150 -123 -89 -157 -130 -147 0 -28 68 69 25 20 18 10 15 35 35 45 55 16 7 6 5 
5108000 5108142 1 -3 1 -111 -96 -49 -112 -98 -101 46 -13 66 65 25 20 18 10 15 35 35 45 55 16 8 8 5 
5544500 5544598 1 0 0 -66 -54 0 -62 -50 -51 96 -11 59 58 25 20 18 10 15 35 35 45 55 16 7 6 5 
5696000 5696296 1 -1 1 -123 -99 -52 -122 -98 -114 33 -26 74 79 25 20 18 10 15 35 35 45 55 16 8 8 5 
5754500 5754526 1 2 1 -203 -162 -131 -208 -162 -198 -51 -46 71 73 25 20 18 10 15 35 35 45 55 16 7 5 5 
5844000 5844155 1 -3 1 -125 -104 -50 -125 -103 -115 32 -22 63 60 25 20 18 10 15 35 35 45 55 16 8 8 5 
6330000 6330191 1 0 0 -91 -67 0 -93 -71 -84 63 -22 57 56 25 20 18 10 15 35 35 45 55 16 5 6 5 
6795000 6795083 1 0 0 -92 -69 0 -91 -66 -80 67 -25 57 54 25 20 18 10 15 35 35 45 55 16 7 7 5 
7179500 7180163 1 0 0 -80 -70 0 -81 -71 -70 77 -10 60 59 25 20 18 10 15 35 35 45 55 16 4 4 5 
8137000 8137332 1 0 0 -79 -69 0 -75 -65 -66 81 -11 56 56 25 20 18 10 15 35 35 45 55 16 4 7 5 
8197500 8197548 1 -1 1 -137 -116 -51 -128 -107 -118 29 -22 80 79 25 20 18 10 15 35 35 45 55 16 10 8 5 
8239000 8239050 1 2 1 -366 -324 -276 -362 -323 -353 -206 -40 86 85 25 20 18 10 15 35 35 45 55 16 11 10 5 
8341000 8341130 1 -3 1 -149 -120 -48 -146 -119 -136 11 -27 60 60 25 20 18 10 15 35 35 45 55 16 7 8 5 
8423500 8423558 1 0 0 -110 -93 0 -115 -97 -105 42 -17 59 61 25 20 18 10 15 35 35 45 55 16 7 7 5 
8873500 8873661 1 0 0 -81 -71 0 -81 -71 -71 76 -11 62 64 25 20 18 10 15 35 35 45 55 16 5 6 5 
8944500 8945048 1 -1 1 -138 -114 -52 -141 -116 -132 15 -27 75 77 25 20 18 10 15 35 35 45 55 16 6 9 5 
8981000 8981026 1 2 1 -367 -344 -278 -369 -348 -359 -212 -21 95 94 25 20 18 10 15 35 35 45 55 16 12 12 5 
9081500 9081745 1 -3 1 -146 -113 -50 -148 -115 -138 9 -33 61 60 25 20 18 10 15 35 35 45 55 16 8 8 5 
9200000 9200188 1 0 0 -105 -81 0 -103 -80 -92 55 -22 62 61 25 20 18 10 15 35 35 45 55 16 7 7 5 
9391000 9391206 1 0 0 -87 -73 0 -86 -73 -77 70 -12 61 61 25 20 18 10 15 35 35 45 55 16 8 6 5 
9582500 9582755 1 0 0 -93 -79 0 -93 -77 -83 64 -17 57 58 25 20 18 10 15 35 35 45 55 16 7 7 5 
9866000 9866013 1 0 0 -73 -54 0 -74 -54 -63 84 -18 57 58 25 20 18 10 15 35 35 45 55 16 7 7 5 
10097000 10097208 1 0 0 -65 -45 0 -66 -45 -56 91 -22 55 55 25 20 18 10 15 35 35 45 55 16 7 7 5 
10246000 10246145 1 0 0 -61 -42 0 -59 -42 -49 98 -15 55 56 25 20 18 10 15 35 35 45 55 16 7 7 5 
10493500 10493612 1 0 0 -56 -42 0 -54 -40 -45 102 -15 60 63 25 20 18 10 15 35 35 45 55 16 6 8 5 
11483500 11483520 1 0 0 -62 -44 0 -60 -43 -51 96 -18 57 58 25 20 18 10 15 35 35 45 55 16 7 7 5 
11540000 11540111 1 -1 1 -126 -101 -57 -131 -100 -120 27 -30 78 78 25 20 18 10 15 35 35 45 55 16 6 10 5 
11592000 11592048 1 2 1 -313 -256 -237 -317 -258 -306 -159 -58 84 85 25 20 18 10 15 35 35 45 55 16 11 11 5 
11665500 11665636 1 -3 1 -134 -115 -49 -136 -117 -126 21 -20 66 64 25 20 18 10 15 35 35 45 55 16 8 8 5 
11798500 11798603 1 0 0 -103 -88 0 -103 -89 -92 55 -13 69 69 25 20 18 10 15 35 35 45 55 16 9 8 5 
11812000 11812050 1 0 0 -107 -97 0 -111 -101 -102 45 -10 69 69 25 20 18 10 15 35 35 45 55 16 7 8 5 
11827500 11827614 1 13 0 -143 -133 12 -145 -136 -136 11 -11 68 70 25 20 18 10 15 35 35 45 55 16 3 9 5 
11836000 11836163 1 0 0 -182 -185 0 -182 -182 -172 -25 0 66 68 25 20 18 10 15 35 35 45 55 16 6 8 5 
11849500 11849611 1 0 0 -188 -187 0 -190 -188 -180 -33 -3 60 62 25 20 18 10 15 35 35 45 55 16 7 8 5 
12352500 12352553 1 0 0 -142 -123 0 -141 -122 -132 15 -20 52 52 25 20 18 10 15 35 35 45 55 16 7 6 5 
12365500 12365522 1 13 0 -121 -100 -5 -121 -102 -111 36 -18 62 61 25 20 18 10 15 35 35 45 55 16 7 6 5 
12391000 12391182 1 0 0 -63 -46 0 -65 -48 -55 92 -16 58 57 25 20 18 10 15 35 35 45 55 16 7 7 5 
12753500 12753594 1 0 0 -47 -32 0 -49 -33 -41 106 -16 52 53 25 20 18 10 15 35 35 45 55 16 7 6 5 
13933000 13933229 1 0 0 -39 -30 0 -38 -27 -29 118 -12 55 53 25 20 18 10 15 35 35 45 55 16 7 7 5 
14335500 14335753 1 0 0 -41 -23 0 -41 -24 -31 116 -18 56 56 25 20 18 10 15 35 35 45 55 16 7 7 5 
14377000 14377272 1 0 0 -49 -34 0 -51 -37 -40 107 -14 54 54 25 20 18 10 15 35 35 45 55 16 7 7 5 
14394500 14394660 1 13 0 -93 -76 4 -89 -72 -80 67 -17 69 69 25 20 18 10 15 35 35 45 55 16 7 7 5 
14399500 14399661 1 0 0 -111 -95 0 -114 -98 -105 42 -17 70 72 25 20 18 10 15 35 35 45 55 16 9 9 5 
14448000 14448276 1 0 0 -122 -101 0 -123 -102 -114 33 -20 52 51 25 20 18 10 15 35 35 45 55 16 6 6 5 
14837000 14837143 1 0 0 -122 -99 0 -125 -101 -115 32 -24 54 54 25 20 18 10 15 35 35 45 55 16 7 7 5 
14948500 14948645 1 0 0 -126 -100 0 -129 -103 -120 27 -26 53 53 25 20 18 10 15 35 35 45 55 16 7 7 5 
15005000 15005257 1 0 0 -93 -79 0 -95 -81 -84 63 -13 56 55 25 20 18 10 15 35 35 45 55 16 7 7 5 
15650500 15650738 1 0 0 -111 -93 0 -111 -95 -102 45 -17 51 52 25 20 18 10 15 35 35 45 55 16 6 4 5 
15702500 15702566 1 0 0 -113 -96 0 -110 -94 -100 47 -17 51 51 25 20 18 10 15 35 35 45 55 16 6 6 5 
15747500 15747526 1 0 0 -138 -116 0 -139 -119 -130 17 -22 52 53 25 20 18 10 15 35 35 45 55 16 6 7 5 
16481000 16481114 1 0 0 -131 -110 0 -132 -112 -123 24 -22 52 51 25 20 18 10 15 35 35 45 55 16 7 6 5 
16619500 16619568 1 0 0 -136 -110 0 -138 -114 -126 21 -22 55 54 25 20 18 10 15 35 35 45 55 16 6 7 5 
16624000 16624165 1 13 0 -93 -63 -1 -87 -58 -76 71 -28 68 68 25 20 18 10 15 35 35 45 55 16 7 4 5 
16631000 16631557 1 0 0 -24 -5 0 -19 -2 -11 136 -18 72 69 25 20 18 10 15 35 35 45 55 16 7 6 5 
16651000 16651084 1 0 0 -64 -60 0 -63 -60 -54 93 -4 89 89 25 20 18 10 15 35 35 45 55 16 11 11 5 
16708000 16708225 1 0 0 -64 -52 0 -63 -49 -56 91 -15 60 60 25 20 18 10 15 35 35 45 55 16 7 7 5 
16827000 16827275 1 0 0 -45 -35 0 -46 -37 -36 111 -10 55 55 25 20 18 10 15 35 35 45 55 16 7 7 5 
17416000 17416216 1 0 0 -37 -22 0 -34 -16 -24 123 -18 54 52 25 20 18 10 15 35 35 45 55 16 7 6 5 
17424500 17424579 1 13 0 -92 -77 -30 -94 -80 -84 63 -12 62 63 25 20 18 10 15 35 35 45 55 16 7 7 5 
17446000 17446230 1 0 0 -126 -99 0 -124 -97 -116 31 -28 55 56 25 20 18 10 15 35 35 45 55 16 7 7 5 
17501000 17501186 1 0 0 -127 -109 0 -129 -113 -119 28 -15 57 59 25 20 18 10 15 35 35 45 55 16 7 7 5 
17748000 17748234 1 0 0 -115 -89 0 -117 -90 -108 39 -28 54 52 25 20 18 10 15 35 35 45 55 16 7 7 5 
18146000 18146142 1 0 0 -84 -75 0 -83 -72 -72 75 -9 56 58 25 20 18 10 15 35 35 45 55 16 7 7 5 
18218500 18218502 1 -1 1 -136 -131 -51 -140 -133 -131 16 -8 74 69 25 20 18 10 15 35 35 45 55 16 8 7 5 
18283000 18283019 1 2 1 -362 -300 -276 -373 -307 -362 -215 -65 103 106 25 20 18 10 15 33 35 45 55 16 5 14 5 
18523000 18523172 1 -3 1 -138 -122 -50 -142 -124 -132 15 -18 70 72 25 20 18 10 15 35 35 45 55 16 4 8 5 
18971000 18971213 1 0 0 -92 -88 0 -90 -87 -80 67 -3 68 68 25 20 18 10 15 35 35 45 55 16 9 8 5 
19085500 19085632 1 0 0 -43 -49 0 -41 -49 -31 116 9 65 66 25 20 18 10 15 35 35 45 55 16 8 8 5 
19232000 19232349 1 0 0 -50 -55 0 -43 -49 -33 114 7 66 70 25 20 18 10 15 35 35 45 55 16 4 3 5 
19376000 19376205 1 0 0 -70 -70 0 -68 -67 -58 89 -1 75 75 25 20 18 10 15 35 35 45 55 16 8 3 5 
19496000 19496185 1 0 0 -77 -77 0 -76 -77 -67 80 0 67 66 25 20 18 10 15 35 35 45 55 16 9 8 5 
19625500 19625648 1 -1 1 -135 -103 -53 -143 -111 -132 15 -30 79 75 25 20 18 10 15 35 35 45 55 16 10 8 5 
19640000 19640067 1 2 1 -225 -175 -143 -230 -177 -222 -75 -53 95 96 25 20 18 10 15 35 35 45 55 16 12 12 5 
19769500 19769586 1 -3 1 -135 -119 -48 -136 -121 -126 21 -16 81 81 25 20 18 10 15 35 35 45 55 16 10 10 5 
19778500 19778595 1 -1 1 -139 -127 -52 -139 -128 -129 18 -12 78 77 25 20 18 10 15 35 35 45 55 16 7 6 5 
20156500 20156555 1 2 1 -598 -520 -498 -604 -524 -594 -447 -80 129 129 25 20 18 10 15 30 35 45 55 16 10 17 5 
20305000 20305029 1 -3 1 -155 -103 -49 -157 -104 -149 -2 -54 67 68 25 20 18 10 15 35 35 45 55 16 8 6 5 
20461000 20461396 1 0 0 -111 -110 0 -115 -118 -105 42 3 93 94 25 20 18 10 15 35 35 45 55 16 8 10 5 
20763500 20763619 1 0 0 -114 -117 0 -113 -116 -103 44 3 77 75 25 20 18 10 15 35 35 45 55 16 10 10 5 
