23750 23913 0 0 -1 0 0 0 0 0 0 -64 0 83 82 25 20 17 10 11 31 35 45 55 16 7 7 5 
63750 64701 0 0 0 -12 -8 0 -11 -6 -11 -73 -1 82 82 25 20 17 10 11 31 35 45 55 16 0 7 5 
141750 142169 0 0 0 -15 -26 0 -22 -32 -23 -85 11 77 81 25 20 17 10 11 31 35 45 55 16 4 9 5 
234250 234434 0 0 0 -7 -10 0 -14 -17 -14 -76 4 75 79 25 20 17 10 11 31 35 45 55 16 4 9 5 
450250 451147 0 0 0 -14 -13 0 -23 -20 -19 -81 -1 78 81 25 20 17 10 11 31 35 45 55 16 4 10 5 
491250 491379 0 0 0 -17 -10 0 -20 -12 -19 -81 -7 83 84 25 20 17 10 11 31 35 45 55 16 10 11 5 
522250 522340 0 0 0 -8 -11 0 -8 -11 -3 -65 7 73 76 25 20 17 10 11 31 35 45 55 16 7 5 5 
787750 788269 0 0 0 18 15 0 22 14 20 -42 9 77 80 25 20 17 10 11 31 35 45 55 16 3 4 5 
1188750 1188760 0 0 0 20 13 0 15 8 17 -45 9 78 77 25 20 17 10 11 31 35 45 55 16 10 7 5 
1575250 1575288 0 0 0 6 -2 0 1 -5 2 -60 8 81 79 25 20 17 10 11 31 35 45 55 16 10 10 5 
1710250 1710264 0 0 0 -4 2 0 -10 -3 -12 -74 -1 62 63 25 20 17 10 13 33 35 45 55 16 8 8 5 
1967750 1967809 0 0 0 25 32 0 21 26 18 -44 -5 69 70 25 20 17 10 13 33 35 45 55 16 9 6 5 
1989750 1990269 0 0 0 19 17 0 16 12 17 -45 8 70 70 25 20 17 10 13 33 35 45 55 16 4 6 5 
2341750 2341897 0 0 0 5 18 0 -1 11 1 -61 -7 66 67 25 20 17 10 12 32 35 45 55 16 8 8 5 
2684750 2684909 0 0 0 20 31 0 14 25 17 -45 -8 67 68 25 20 18 10 12 32 35 45 55 16 8 8 5 
2783250 2784186 0 -1 1 -41 -31 -54 -62 -46 -62 -124 -10 94 98 25 20 18 10 12 32 35 45 55 16 4 5 5 
2817750 2817837 0 2 1 -84 -59 -95 -91 -62 -87 -149 -21 95 97 25 20 18 10 12 32 35 45 55 16 12 12 5 
2836250 2836254 0 -3 1 -40 -40 -50 -48 -51 -48 -110 1 85 79 25 20 18 10 12 32 35 45 55 16 8 8 5 
3052250 3052269 0 0 0 -5 -7 0 -10 -13 -7 -69 6 80 80 25 20 18 10 12 32 35 45 55 16 9 10 5 
3088250 3088343 0 -1 1 -55 -36 -51 -67 -46 -62 -124 -14 92 96 25 20 18 10 12 32 35 45 55 16 7 12 5 
3115750 3115883 0 2 1 -128 -100 -124 -135 -112 -134 -196 -19 88 88 25 20 18 10 12 32 35 45 55 16 11 11 5 
3320250 3320377 0 -3 1 -50 -40 -50 -53 -48 -49 -111 -4 86 78 25 20 18 10 12 32 35 45 55 16 10 1 5 
3679750 3679806 0 -1 1 -44 -18 -51 -45 -21 -50 -112 -26 89 88 25 20 18 10 12 32 35 45 55 16 9 9 5 
3691250 3691348 0 2 1 -117 -82 -123 -125 -87 -128 -190 -38 94 93 25 20 18 10 12 32 35 45 55 16 12 12 5 
3714750 3714759 0 -3 1 -40 -46 -48 -46 -53 -41 -103 13 81 81 25 20 18 10 12 32 35 45 55 16 11 7 5 
3902750 3902951 0 -1 1 -44 -26 -55 -50 -29 -49 -111 -15 93 92 25 20 18 10 12 32 35 45 55 16 10 11 5 
3937250 3937345 0 2 1 -101 -77 -112 -107 -82 -107 -169 -23 79 75 25 20 18 10 12 32 35 45 55 16 8 6 5 
3948750 3948874 0 -3 1 -36 -38 -48 -47 -47 -44 -106 3 78 85 25 20 18 10 12 32 35 45 55 16 10 8 5 
4158750 4158759 0 0 0 15 5 0 9 0 13 -49 13 73 68 25 20 18 10 12 32 35 45 55 16 9 6 5 
4264250 4264361 0 0 0 19 12 0 13 5 19 -43 13 73 72 25 20 18 10 12 32 35 45 55 16 9 9 5 
4485750 4485868 0 0 0 18 16 0 14 12 19 -43 8 74 73 25 20 18 10 13 33 35 45 55 16 8 8 5 
4516750 4517174 0 0 0 10 12 0 2 5 3 -59 -2 71 70 25 20 18 10 13 33 35 45 55 16 3 3 5 
4819750 4819807 0 0 0 14 20 0 10 14 8 -54 -7 63 63 25 20 18 10 14 34 35 45 55 16 7 5 5 
4955750 4955889 0 0 0 -1 15 0 -8 10 -2 -64 -3 60 51 25 20 18 10 14 34 35 45 55 16 7 7 5 
5075750 5075877 0 0 0 3 9 0 -4 3 -6 -68 -7 62 58 25 20 18 10 14 34 35 45 55 16 8 8 5 
5319750 5319943 0 0 0 10 21 0 7 18 7 -55 -9 65 57 25 20 18 10 14 34 35 45 55 16 8 8 5 
5379750 5379905 0 0 0 15 24 0 8 17 8 -54 -7 67 66 25 20 18 10 14 34 35 45 55 16 6 8 5 
5594250 5594408 0 0 0 17 33 0 8 27 12 -50 -7 62 62 25 20 18 10 14 34 35 45 55 16 8 8 5 
5605250 5605760 0 0 0 12 17 0 6 12 8 -54 -1 71 70 25 20 18 10 14 34 35 45 55 16 6 7 5 
5754750 5754881 0 0 0 24 32 0 18 25 19 -43 -2 60 65 25 20 18 10 14 34 35 45 55 16 8 8 5 
6397250 6397406 0 0 0 27 21 0 22 15 25 -37 9 64 64 25 20 18 10 14 34 35 45 55 16 8 8 5 
6590750 6590906 0 0 0 30 31 0 24 27 28 -34 1 63 60 25 20 18 10 14 34 35 45 55 16 8 8 5 
7219750 7219765 0 0 0 34 34 0 29 28 35 -27 6 68 68 25 20 18 10 14 34 35 45 55 16 6 5 5 
7663250 7663401 0 0 0 37 44 0 32 39 39 -23 4 59 58 25 20 18 10 14 34 35 45 55 16 7 5 5 
7844250 7844317 0 -1 1 -25 -18 -50 -31 -23 -40 -102 -14 88 90 25 20 18 10 14 34 35 45 55 16 10 10 5 
7881250 7881989 0 2 1 -99 -80 -121 -107 -103 -88 -150 11 89 83 25 20 18 10 14 34 35 45 55 16 5 6 5 
7899250 7899874 0 -3 1 -27 -36 -48 -30 -38 -8 -70 31 78 78 25 20 18 10 14 34 35 45 55 16 5 6 5 
7976250 7976425 0 -1 1 -36 -18 -52 -41 -19 -35 -97 -8 75 82 25 20 18 10 14 34 35 45 55 16 6 7 5 
8012250 8012741 0 2 1 -114 -81 -127 -129 -92 -128 -190 -11 77 80 25 20 18 10 14 34 35 45 55 16 7 7 5 
8032250 8032294 0 -3 1 -38 -33 -50 -42 -36 -30 -92 14 73 77 25 20 18 10 14 34 35 45 55 16 5 9 5 
8216250 8216344 0 0 0 -1 -1 0 -8 -8 1 -61 11 67 66 25 20 18 10 14 34 35 45 55 16 8 8 5 
8396250 8396401 0 0 0 2 9 0 -7 1 -1 -63 0 74 71 25 20 18 10 14 34 35 45 55 16 10 8 5 
8752750 8753242 0 0 0 18 23 0 12 16 14 -48 -1 61 62 25 20 18 10 14 34 35 45 55 16 5 5 5 
9315250 9315835 0 0 0 15 24 0 8 16 10 -52 -5 67 68 25 20 18 10 14 34 35 45 55 16 5 9 5 
9372750 9372797 0 -1 1 -36 -16 -50 -48 -22 -36 -98 -10 87 87 25 20 18 10 14 34 35 45 55 16 7 9 5 
9412750 9412832 0 2 1 -73 -50 -87 -79 -56 -79 -141 -15 78 76 25 20 18 10 14 34 35 45 55 16 10 10 5 
9427250 9427295 0 -3 1 -35 -21 -49 -42 -27 -36 -98 -6 73 74 25 20 18 10 14 34 35 45 55 16 9 6 5 
9472750 9472927 0 -1 1 -39 -13 -53 -49 -18 -53 -115 -23 80 83 25 20 18 10 14 34 35 45 55 16 5 11 5 
9485750 9485851 0 2 1 -107 -72 -121 -114 -79 -115 -177 -27 87 87 25 20 18 10 14 34 35 45 55 16 11 11 5 
9534250 9534296 0 -3 1 -35 -10 -49 -40 -16 -41 -103 -18 59 58 25 20 18 10 14 34 35 45 55 16 7 7 5 
9768750 9769525 0 0 0 13 13 0 9 8 14 -48 5 66 67 25 20 18 10 14 34 35 45 55 16 2 6 5 
9976750 9976962 0 0 0 25 30 0 22 25 19 -43 2 60 63 25 20 18 10 14 34 35 45 55 16 5 2 5 
10184750 10184932 0 0 0 28 35 0 25 33 26 -36 0 62 59 25 20 18 10 14 34 35 45 55 16 7 5 5 
10199250 10199422 0 0 0 38 34 0 32 27 28 -34 -1 74 75 25 20 18 10 14 34 35 45 55 16 9 9 5 
10303250 10303283 0 0 0 7 5 0 0 -2 8 -54 11 76 78 25 20 18 10 14 34 35 45 55 16 6 9 5 
10313250 10313311 0 0 0 8 31 0 2 25 8 -54 -9 65 65 25 20 18 10 14 34 35 45 55 16 8 8 5 
10339750 10339924 0 0 0 5 19 0 -2 13 0 -62 -7 62 61 25 20 18 10 14 34 35 45 55 16 8 8 5 
10484750 10485536 0 0 0 11 21 0 13 21 17 -45 6 59 59 25 20 18 10 14 34 35 45 55 16 2 7 5 
10580750 10580859 0 0 0 25 25 0 18 19 23 -39 8 69 69 25 20 18 10 14 34 35 45 55 16 9 9 5 
10653750 10654790 0 0 0 29 22 0 27 19 26 -36 5 68 77 25 20 18 10 14 34 35 45 55 16 4 6 5 
10667750 10667787 0 0 0 21 24 0 14 18 22 -40 2 72 72 25 20 18 10 14 34 35 45 55 16 9 9 5 
10730750 10730976 0 0 0 20 26 0 12 19 12 -50 -7 58 57 25 20 18 10 14 34 35 45 55 16 6 7 5 
11014250 11014645 0 0 0 31 43 0 28 39 30 -32 -8 60 61 25 20 18 10 14 34 35 45 55 16 3 5 5 
11075750 11075856 0 0 0 35 47 0 29 40 27 -35 -5 63 65 25 20 18 10 14 34 35 45 55 16 5 8 5 
11109750 11110371 0 0 0 16 26 0 12 21 22 -40 -2 60 60 25 20 18 10 14 34 35 45 55 16 3 4 5 
11209250 11209316 0 0 0 22 28 0 14 20 14 -48 -2 63 68 25 20 18 10 14 34 35 45 55 16 5 8 5 
11259750 11259815 0 0 0 49 52 0 45 46 46 -16 1 62 63 25 20 18 10 14 34 35 45 55 16 8 5 5 
11863250 11863373 0 0 0 47 51 0 38 45 47 -15 4 65 66 25 20 18 10 14 34 35 45 55 16 8 8 5 
11943750 11943867 0 0 0 36 36 0 30 30 33 -29 4 69 71 25 20 18 10 14 34 35 45 55 16 9 9 5 
12432250 12432256 0 0 0 43 54 0 35 47 40 -22 -2 66 68 25 20 18 10 14 34 35 45 55 16 8 8 5 
12464250 12464312 0 0 0 45 53 0 38 48 40 -22 -2 65 63 25 20 18 10 14 34 35 45 55 16 7 5 5 
12581250 12581333 0 0 0 38 46 0 29 39 35 -27 4 69 69 25 20 18 10 14 34 35 45 55 16 9 8 5 
12689750 12689802 0 0 0 33 31 0 25 21 36 -26 18 74 73 25 20 18 10 14 34 35 45 55 16 6 5 5 
12839750 12839888 0 0 0 19 14 0 11 5 17 -45 9 70 70 25 20 18 10 14 34 35 45 55 16 5 4 5 
13098750 13098783 0 0 0 36 44 0 29 38 31 -31 -2 57 57 25 20 18 10 14 34 35 45 55 16 7 7 5 
13194250 13194484 0 0 0 49 55 0 44 50 47 -15 4 60 61 25 20 18 10 14 34 35 45 55 16 3 4 5 
13267750 13268701 0 0 0 48 54 0 43 50 48 -14 3 59 62 25 20 18 10 14 34 35 45 55 16 4 7 5 
13507750 13507951 0 0 0 48 57 0 40 50 46 -16 1 55 51 25 20 18 10 14 34 35 45 55 16 7 7 5 
13587250 13587307 0 0 0 47 56 0 40 49 43 -19 -2 58 59 25 20 18 10 14 34 35 45 55 16 7 7 5 
13614250 13614462 0 0 0 45 48 0 38 41 40 -22 -3 62 61 25 20 18 10 14 34 35 45 55 16 5 5 5 
13639250 13639350 0 0 0 40 44 0 35 38 38 -24 1 59 59 25 20 18 10 14 34 35 45 55 16 7 7 5 
14074750 14074929 0 0 0 43 52 0 37 45 39 -23 -1 57 52 25 20 18 10 14 34 35 45 55 16 6 7 5 
14244750 14244870 0 0 0 39 48 0 31 40 34 -28 -2 61 63 25 20 18 10 14 34 35 45 55 16 8 8 5 
14274750 14274930 0 0 0 30 48 0 24 42 24 -38 -13 54 55 25 20 18 10 14 34 35 45 55 16 7 7 5 
14469750 14469755 0 0 0 32 41 0 26 34 31 -31 -2 57 53 25 20 18 10 14 34 35 45 55 16 7 7 5 
14496750 14496940 0 0 0 46 54 0 39 45 43 -19 2 56 51 25 20 18 10 14 34 35 45 55 16 7 6 5 
14672250 14672338 0 0 0 52 62 0 47 57 50 -12 1 53 53 25 20 18 10 14 34 35 45 55 16 6 7 5 
15311250 15311348 0 0 0 53 57 0 46 50 44 -18 -3 54 56 25 20 18 10 14 34 35 45 55 16 7 7 5 
15369250 15369310 0 0 0 62 73 0 56 68 55 -7 -4 50 50 25 20 18 10 14 34 35 45 55 16 6 6 5 
15737750 15737782 0 0 0 61 62 0 56 56 56 -6 2 53 51 25 20 18 10 14 34 35 45 55 16 7 6 5 
15809250 15809333 0 0 0 53 69 0 45 60 41 -21 -9 53 50 25 20 18 10 14 34 35 45 55 16 6 7 5 
16189750 16189891 0 0 0 52 69 0 46 63 43 -19 -11 51 51 25 20 18 10 14 34 35 45 55 16 6 6 5 
16246750 16246773 0 0 0 49 61 0 44 55 43 -19 -4 51 49 25 20 18 10 14 34 35 45 55 16 6 6 5 
16320250 16320472 0 0 0 48 57 0 43 51 45 -17 0 52 50 25 20 18 10 14 34 35 45 55 16 7 6 5 
16707250 16707424 0 0 0 27 50 0 18 43 18 -44 -15 49 48 25 20 18 10 14 34 35 45 55 16 6 6 5 
16725750 16725810 0 0 0 51 51 0 45 40 49 -13 4 74 76 25 20 18 10 14 34 35 45 55 16 7 7 5 
16880750 16880801 0 0 0 66 80 0 59 73 63 1 -3 49 52 25 20 18 10 14 34 35 45 55 16 6 6 5 
17257750 17257759 0 0 0 78 93 0 71 86 73 11 -6 53 53 25 20 18 10 14 34 35 45 55 16 6 7 5 
17289750 17289972 0 0 0 65 74 0 60 68 60 -2 -5 56 49 25 20 18 10 14 34 35 45 55 16 7 6 5 
17449250 17449523 0 0 0 62 66 0 57 60 57 -5 -3 53 52 25 20 18 10 14 34 35 45 55 16 6 7 5 
17486750 17486778 0 0 0 42 64 0 35 57 34 -28 -14 52 52 25 20 18 10 14 34 35 45 55 16 7 6 5 
17692750 17692970 0 0 0 38 54 0 33 49 33 -29 -7 53 52 25 20 18 10 14 34 35 45 55 16 6 7 5 
17735750 17735922 0 0 0 58 75 0 53 71 55 -7 -6 55 51 25 20 18 10 14 34 35 45 55 16 7 7 5 
17883750 17883992 0 0 0 62 73 0 56 67 56 -6 -1 54 63 25 20 18 10 14 34 35 45 55 16 7 7 5 
17917750 17918040 0 0 0 52 59 0 48 55 47 -15 -1 52 52 25 20 18 10 14 34 35 45 55 16 6 6 5 
17977750 17977866 0 0 0 72 82 0 68 76 71 9 0 52 50 25 20 18 10 14 34 35 45 55 16 6 7 5 
18179250 18179512 0 0 0 66 79 0 61 75 64 2 -5 53 54 25 20 18 10 14 34 35 45 55 16 7 7 5 
18236250 18236291 0 0 0 59 64 0 54 59 58 -4 2 56 58 25 20 18 10 14 34 35 45 55 16 7 7 5 
18529750 18529956 0 0 0 54 55 0 48 49 52 -10 0 59 58 25 20 18 10 14 34 35 45 55 16 7 7 5 
18617750 18617797 0 0 0 62 73 0 56 67 57 -5 -2 57 57 25 20 18 10 14 34 35 45 55 16 7 7 5 
18778250 18778405 0 0 0 59 70 0 54 65 55 -7 -1 56 60 25 20 18 10 14 34 35 45 55 16 7 7 5 
18909250 18909337 0 0 0 59 67 0 52 59 54 -8 -2 54 57 25 20 18 10 14 34 35 45 55 16 7 7 5 
19505750 19506040 0 0 0 60 63 0 52 55 53 -9 0 53 51 25 20 18 10 14 34 35 45 55 16 6 7 5 
20183250 20183323 0 0 0 48 50 0 41 44 51 -11 10 79 82 25 20 18 10 14 34 35 45 55 16 10 10 5 
20220250 20220324 0 0 0 50 57 0 44 52 46 -16 0 69 69 25 20 18 10 14 34 35 45 55 16 8 9 5 
20440250 20441016 0 0 0 53 42 0 51 40 53 -9 21 79 82 25 20 18 10 14 34 35 45 55 16 0 6 5 
20565750 20565970 0 0 0 41 31 0 37 27 40 -22 16 68 68 25 20 18 10 14 34 35 45 55 16 8 9 5 
20809750 20810759 0 0 0 44 39 0 38 31 40 -22 6 74 77 25 20 18 10 14 34 35 45 55 16 3 7 5 
20876250 20876358 0 0 0 20 16 0 13 10 14 -48 4 78 79 25 20 18 10 14 34 35 45 55 16 9 6 5 
21060250 21060348 0 0 0 31 36 0 24 31 28 -34 -1 84 85 25 20 18 10 14 34 35 45 55 16 7 11 5 
21076750 21076819 0 0 0 -5 16 0 -9 13 -6 -68 -9 86 84 25 20 18 10 14 34 35 45 55 16 6 10 5 
21178250 21178364 0 0 0 0 7 0 -7 0 -3 -65 -2 70 69 25 20 18 10 14 34 35 45 55 16 9 8 5 
21268250 21269367 0 0 0 -5 1 0 -13 -8 -11 -73 -11 69 77 25 20 18 10 14 34 35 45 55 16 2 4 5 
21333750 21333995 0 0 0 12 17 0 8 13 16 -46 3 69 71 25 20 18 10 14 34 35 45 55 16 2 3 5 
21384250 21384363 0 0 0 -1 4 0 -6 -1 -4 -66 -3 63 63 25 20 18 10 14 34 35 45 55 16 8 7 5 
66750 66884 1 0 -1 0 0 0 0 0 0 -113 0 82 83 25 20 17 10 11 31 35 45 55 16 8 8 5 
82750 82840 1 0 0 -1 -22 0 -5 -24 -30 -111 19 87 88 25 20 17 10 11 31 35 45 55 16 10 11 5 
104750 104758 1 -1 1 -51 -61 -53 -54 -64 -79 -160 10 93 93 25 20 17 10 11 31 35 45 55 16 11 12 5 
110750 110823 1 2 1 -104 -98 -107 -110 -104 -136 -217 -6 95 97 25 20 17 10 11 31 35 45 55 16 12 12 5 
127750 127831 1 -3 1 -44 -66 -49 -51 -75 -76 -157 24 89 84 25 20 17 10 11 31 35 45 55 16 11 9 5 
142750 142954 1 0 0 8 -24 0 3 -29 -23 -104 31 76 70 25 20 17 10 11 31 35 45 55 16 4 10 5 
240250 240386 1 0 0 12 -15 0 8 -17 -15 -96 27 79 79 25 20 17 10 11 31 35 45 55 16 7 4 5 
262250 262349 1 -1 1 -43 -39 -52 -45 -41 -70 -151 -5 89 88 25 20 17 10 11 31 35 45 55 16 7 8 5 
277750 277810 1 2 1 -106 -90 -114 -116 -96 -140 -221 -19 90 94 25 20 17 10 11 31 35 45 55 16 12 11 5 
289250 289253 1 -3 1 -41 -62 -47 -46 -66 -70 -151 20 87 79 25 20 17 10 11 31 35 45 55 16 8 11 5 
304250 304437 1 0 0 5 -28 0 -1 -33 -25 -106 33 77 85 25 20 17 10 11 31 35 45 55 16 7 4 5 
367750 367849 1 0 0 -7 -26 0 -11 -29 -36 -117 18 76 79 25 20 17 10 11 31 35 45 55 16 6 8 5 
381750 381991 1 -1 1 -58 -56 -54 -63 -60 -89 -170 -3 87 87 25 20 17 10 11 31 35 45 55 16 8 11 5 
389250 389304 1 2 1 -125 -104 -124 -135 -111 -159 -240 -23 92 93 25 20 17 10 11 31 35 45 55 16 12 12 5 
401250 401278 1 -3 1 -46 -75 -48 -48 -78 -73 -154 29 87 87 25 20 17 10 11 31 35 45 55 16 11 11 5 
416750 417440 1 0 0 7 -29 0 2 -36 -24 -105 37 77 80 25 20 17 10 11 31 35 45 55 16 4 9 5 
491750 491916 1 0 0 -10 -29 0 -14 -31 -40 -121 18 84 83 25 20 17 10 11 31 35 45 55 16 9 11 5 
521750 521937 1 0 0 2 -23 0 -5 -28 -29 -110 22 73 75 25 20 17 10 11 31 35 45 55 16 6 5 5 
821750 821967 1 0 0 40 3 0 38 -1 13 -68 40 74 74 25 20 17 10 11 31 35 45 55 16 6 6 5 
1192750 1192858 1 0 0 44 9 0 41 5 16 -65 36 77 77 25 20 17 10 11 31 35 45 55 16 9 9 5 
1627750 1628694 1 0 0 37 0 0 32 -4 8 -73 37 78 75 25 20 17 10 11 31 35 45 55 16 1 7 5 
1654250 1654302 1 0 0 -9 -41 0 -12 -45 -36 -117 33 62 60 25 20 17 10 12 32 35 45 55 16 8 8 5 
1964750 1964782 1 0 0 32 -4 0 25 -8 0 -81 34 68 68 25 20 17 10 13 33 35 45 55 16 8 9 5 
1989250 1989417 1 0 0 43 16 0 40 13 14 -67 27 70 74 25 20 17 10 13 33 35 45 55 16 6 6 5 
2341750 2341897 1 0 0 24 12 0 21 8 -4 -85 13 66 67 25 20 17 10 12 32 35 45 55 16 8 8 5 
2681250 2681317 1 0 0 37 25 0 36 23 13 -68 14 66 65 25 20 18 10 12 32 35 45 55 16 8 9 5 
2784250 2784490 1 -1 1 -19 -35 -53 -20 -36 -44 -125 17 95 97 25 20 18 10 12 32 35 45 55 16 4 6 5 
2814750 2814818 1 2 1 -109 -100 -141 -112 -103 -137 -218 -9 94 91 25 20 18 10 12 32 35 45 55 16 12 12 5 
2900750 2900810 1 -3 1 -21 -27 -49 -24 -31 -48 -129 7 81 82 25 20 18 10 12 32 35 45 55 16 10 10 5 
3064250 3064308 1 0 0 22 -5 0 19 -8 -6 -87 27 77 74 25 20 18 10 12 32 35 45 55 16 6 6 5 
3086750 3087043 1 -1 1 -34 -41 -55 -47 -51 -71 -152 5 89 90 25 20 18 10 12 32 35 45 55 16 6 10 5 
3115750 3115883 1 2 1 -160 -144 -179 -166 -150 -191 -272 -15 88 88 25 20 18 10 12 32 35 45 55 16 11 11 5 
3394750 3394840 1 -3 1 -44 -58 -49 -48 -62 -73 -154 14 87 87 25 20 18 10 12 32 35 45 55 16 11 11 5 
3649250 3649287 1 0 0 -8 -32 0 -12 -35 -36 -117 24 80 80 25 20 18 10 12 32 35 45 55 16 10 10 5 
3679750 3679806 1 -1 1 -59 -48 -50 -60 -50 -85 -166 -11 89 88 25 20 18 10 12 32 35 45 55 16 9 9 5 
3690250 3690404 1 2 1 -142 -116 -133 -149 -122 -175 -256 -27 94 96 25 20 18 10 12 32 35 45 55 16 12 12 5 
3709250 3709316 1 -3 1 -58 -70 -49 -61 -72 -86 -167 12 82 78 25 20 18 10 12 32 35 45 55 16 11 4 5 
3784750 3784838 1 0 0 -11 -26 0 -15 -28 -41 -122 13 77 78 25 20 18 10 12 32 35 45 55 16 8 9 5 
3880750 3881443 1 0 0 18 -9 0 11 -14 -13 -94 26 76 76 25 20 18 10 12 32 35 45 55 16 2 10 5 
3901250 3901330 1 -1 1 -32 -41 -53 -32 -41 -56 -137 10 91 94 25 20 18 10 12 32 35 45 55 16 9 9 5 
3937250 3937345 1 2 1 -120 -111 -144 -127 -116 -151 -232 -10 79 75 25 20 18 10 12 32 35 45 55 16 8 6 5 
3948250 3948319 1 -3 1 -22 -50 -48 -24 -53 -50 -131 30 79 79 25 20 18 10 12 32 35 45 55 16 10 10 5 
4166250 4166374 1 0 0 50 4 0 47 1 23 -58 46 74 73 25 20 18 10 12 32 35 45 55 16 7 9 5 
4274750 4274800 1 0 0 47 17 0 40 13 14 -67 27 72 74 25 20 18 10 12 32 35 45 55 16 9 6 5 
4489250 4489367 1 0 0 54 21 0 50 18 24 -57 31 75 74 25 20 18 10 13 33 35 45 55 16 8 7 5 
4516750 4517174 1 0 0 30 -7 0 24 -13 0 -81 37 71 70 25 20 18 10 13 33 35 45 55 16 3 3 5 
4822250 4822816 1 0 0 20 -11 0 21 -10 -2 -83 33 65 67 25 20 18 10 14 34 35 45 55 16 2 5 5 
4834750 4834889 1 0 0 36 5 0 34 0 9 -72 33 83 85 25 20 18 10 14 34 35 45 55 16 9 9 5 
4847250 4847325 1 0 0 17 -5 0 12 -9 -14 -95 21 88 90 25 20 18 10 14 34 35 45 55 16 10 11 5 
4855750 4855830 1 0 0 40 12 0 42 10 17 -64 32 74 72 25 20 18 10 14 34 35 45 55 16 6 9 5 
4894250 4894443 1 0 0 49 16 0 47 13 22 -59 35 75 71 25 20 18 10 14 34 35 45 55 16 8 7 5 
4903250 4903556 1 0 0 17 8 0 13 4 -12 -93 8 83 82 25 20 18 10 14 34 35 45 55 16 9 10 5 
4942250 4942725 1 0 0 30 5 0 30 1 5 -76 28 74 77 25 20 18 10 14 34 35 45 55 16 3 10 5 
4954250 4954330 1 0 0 -18 -30 0 -22 -35 -47 -128 14 63 58 25 20 18 10 14 34 35 45 55 16 9 7 5 
5077750 5077827 1 0 0 -2 -34 0 -6 -39 -31 -112 32 64 64 25 20 18 10 14 34 35 45 55 16 8 8 5 
5081750 5081878 1 13 0 29 -1 1 28 0 2 -79 29 69 74 25 20 18 10 14 34 35 45 55 16 3 5 5 
5085250 5085408 1 0 0 55 12 0 54 9 29 -52 46 72 73 25 20 18 10 14 34 35 45 55 16 7 9 5 
5319250 5319451 1 0 0 38 0 0 29 -7 5 -76 36 65 62 25 20 18 10 14 34 35 45 55 16 8 8 5 
5335750 5335986 1 0 0 78 24 0 79 24 54 -27 55 65 63 25 20 18 10 14 34 35 45 55 16 8 5 5 
5340750 5341299 1 13 0 61 28 5 55 27 29 -52 27 74 75 25 20 18 10 14 34 35 45 55 16 2 8 5 
5347250 5347380 1 0 0 27 2 0 17 -5 -9 -90 20 85 86 25 20 18 10 14 34 35 45 55 16 9 11 5 
5355250 5355292 1 0 0 23 -2 0 24 -3 0 -81 27 85 86 25 20 18 10 14 34 35 45 55 16 11 8 5 
5358750 5358878 1 13 0 -10 -35 -2 -19 -42 -44 -125 23 78 77 25 20 18 10 14 34 35 45 55 16 8 8 5 
5362750 5362950 1 0 0 -45 -68 0 -49 -72 -74 -155 25 71 65 25 20 18 10 14 34 35 45 55 16 8 9 5 
5380750 5380837 1 0 0 20 -12 0 16 -16 -9 -90 32 67 65 25 20 18 10 14 34 35 45 55 16 8 6 5 
5593750 5593910 1 0 0 9 -22 0 6 -24 -20 -101 29 62 60 25 20 18 10 14 34 35 45 55 16 8 8 5 
5601750 5601755 1 0 0 50 13 0 51 9 27 -54 42 75 77 25 20 18 10 14 34 35 45 55 16 2 8 5 
5755250 5755353 1 0 0 46 34 0 43 30 18 -63 13 60 59 25 20 18 10 14 34 35 45 55 16 8 7 5 
6398250 6398360 1 0 0 52 22 0 46 18 20 -61 29 63 62 25 20 18 10 14 34 35 45 55 16 8 8 5 
6592250 6592346 1 0 0 52 31 0 47 28 23 -58 19 62 65 25 20 18 10 14 34 35 45 55 16 8 8 5 
7222250 7222260 1 0 0 51 30 0 47 26 22 -59 20 67 69 25 20 18 10 14 34 35 45 55 16 5 5 5 
7657750 7657922 1 0 0 60 53 0 57 50 30 -51 7 59 61 25 20 18 10 14 34 35 45 55 16 8 7 5 
7775750 7775780 1 -1 1 2 -13 -52 5 -14 -19 -100 20 90 91 25 20 18 10 14 34 35 45 55 16 9 8 5 
7781250 7781363 1 2 1 -49 -41 -104 -57 -50 -84 -165 -9 90 90 25 20 18 10 14 34 35 45 55 16 11 9 5 
7796250 7796435 1 -3 1 5 -13 -49 4 -14 -21 -102 18 82 83 25 20 18 10 14 34 35 45 55 16 5 9 5 
7838750 7838847 1 -1 1 1 -5 -50 -4 -9 -29 -110 6 80 79 25 20 18 10 14 34 35 45 55 16 7 1 5 
7878750 7878853 1 2 1 -153 -122 -203 -159 -127 -184 -265 -32 92 92 25 20 18 10 14 34 35 45 55 16 11 10 5 
7899250 7899874 1 -3 1 2 -35 -46 5 -35 -19 -100 40 78 78 25 20 18 10 14 34 35 45 55 16 5 6 5 
7919750 7919829 1 -1 1 -4 -19 -51 -9 -21 -33 -114 13 72 68 25 20 18 10 14 34 35 45 55 16 5 7 5 
8002250 8002306 1 2 1 -136 -120 -179 -144 -128 -168 -249 -15 76 52 25 20 18 10 14 34 35 45 55 16 9 7 5 
8038750 8039024 1 -3 1 -7 -48 -49 -8 -50 -34 -115 41 72 76 25 20 18 10 14 34 35 45 55 16 1 7 5 
8216750 8216802 1 0 0 33 1 0 27 -4 1 -80 31 67 66 25 20 18 10 14 34 35 45 55 16 8 8 5 
8400250 8400363 1 0 0 13 3 0 10 -1 -15 -96 10 71 73 25 20 18 10 14 34 35 45 55 16 7 9 5 
8784250 8784423 1 0 0 13 -18 0 9 -23 -16 -97 32 61 61 25 20 18 10 14 34 35 45 55 16 7 8 5 
9357250 9357260 1 0 0 45 2 0 40 -4 14 -67 44 70 69 25 20 18 10 14 34 35 45 55 16 9 9 5 
9367250 9367820 1 -1 1 -7 -21 -52 -15 -27 -39 -120 12 82 81 25 20 18 10 14 34 35 45 55 16 7 7 5 
9403250 9403378 1 2 1 -95 -83 -141 -102 -87 -127 -208 -14 80 85 25 20 18 10 14 34 35 45 55 16 11 6 5 
9430750 9430876 1 -3 1 -1 -5 -47 -3 -8 -27 -108 5 71 74 25 20 18 10 14 34 35 45 55 16 6 9 5 
9452750 9452918 1 -1 1 -3 -5 -50 -11 -12 -35 -116 1 75 71 25 20 18 10 14 34 35 45 55 16 4 10 5 
9499750 9499828 1 2 1 -261 -204 -308 -270 -212 -294 -375 -57 69 67 25 20 18 10 14 34 35 45 55 16 9 8 5 
9759750 9760440 1 -3 1 11 -15 -42 30 -2 4 -77 31 62 58 25 20 18 10 14 34 35 45 55 16 4 5 5 
9764250 9764361 1 0 0 53 11 0 46 6 20 -61 39 65 68 25 20 18 10 14 34 35 45 55 16 5 5 5 
9978250 9978901 1 0 0 41 -1 0 34 -9 9 -72 43 60 58 25 20 18 10 14 34 35 45 55 16 2 7 5 
10184250 10184423 1 0 0 42 7 0 35 2 9 -72 33 62 59 25 20 18 10 14 34 35 45 55 16 6 5 5 
10199250 10199422 1 0 0 70 39 0 67 38 43 -38 30 74 75 25 20 18 10 14 34 35 45 55 16 9 9 5 
10304250 10304447 1 0 0 37 14 0 35 13 11 -70 22 76 76 25 20 18 10 14 34 35 45 55 16 7 9 5 
10314750 10314935 1 0 0 -6 -14 0 -10 -20 -34 -115 10 66 66 25 20 18 10 14 34 35 45 55 16 8 5 5 
10337750 10337760 1 0 0 -38 -50 0 -41 -53 -67 -148 10 62 62 25 20 18 10 14 34 35 45 55 16 8 8 5 
10483250 10483565 1 0 0 -6 -36 0 -10 -38 -35 -116 27 59 61 25 20 18 10 14 34 35 45 55 16 4 2 5 
10494250 10494266 1 0 0 41 22 0 37 20 12 -69 16 72 70 25 20 18 10 14 34 35 45 55 16 5 6 5 
10579750 10579779 1 0 0 48 28 0 43 24 19 -62 19 69 69 25 20 18 10 14 34 35 45 55 16 9 9 5 
10654750 10654790 1 0 0 46 30 0 41 26 16 -65 15 70 77 25 20 18 10 14 34 35 45 55 16 4 6 5 
10667250 10667364 1 0 0 12 -19 0 8 -23 -17 -98 32 72 70 25 20 18 10 14 34 35 45 55 16 9 9 5 
10729250 10729429 1 0 0 2 -23 0 -3 -26 -29 -110 24 59 66 25 20 18 10 14 34 35 45 55 16 5 7 5 
11015750 11016615 1 0 0 28 -1 0 22 -8 -3 -84 31 60 60 25 20 18 10 14 34 35 45 55 16 5 6 5 
11077750 11077969 1 0 0 36 3 0 32 -1 7 -74 34 64 64 25 20 18 10 14 34 35 45 55 16 8 8 5 
11111250 11111374 1 0 0 69 20 0 62 13 38 -43 50 60 60 25 20 18 10 14 34 35 45 55 16 5 2 5 
11217250 11217946 1 0 0 65 14 0 64 17 39 -42 48 63 66 25 20 18 10 14 34 35 45 55 16 2 6 5 
11259250 11259331 1 0 0 71 56 0 67 54 42 -39 13 62 61 25 20 18 10 14 34 35 45 55 16 8 5 5 
11812250 11812757 1 0 0 68 49 0 63 45 39 -42 19 63 66 25 20 18 10 14 34 35 45 55 16 5 6 5 
11867250 11868519 1 0 0 82 52 0 80 41 56 -25 39 71 77 25 20 18 10 14 34 35 45 55 16 1 10 5 
11894250 11894725 1 -1 1 24 11 -51 17 6 -7 -88 12 90 92 25 20 18 10 14 34 35 45 55 16 8 11 5 
11909750 11909877 1 2 1 -31 -44 -102 -38 -52 -62 -143 15 77 75 25 20 18 10 14 34 35 45 55 16 9 10 5 
11925750 11925890 1 -3 1 19 -17 -49 16 -20 -9 -90 36 69 69 25 20 18 10 14 34 35 45 55 16 9 9 5 
11944250 11944293 1 0 0 63 26 0 58 21 34 -47 37 70 69 25 20 18 10 14 34 35 45 55 16 9 9 5 
12431750 12431800 1 0 0 56 26 0 53 24 30 -51 29 66 66 25 20 18 10 14 34 35 45 55 16 9 8 5 
12465250 12465269 1 0 0 50 19 0 46 15 21 -60 30 64 63 25 20 18 10 14 34 35 45 55 16 8 5 5 
12585750 12585750 1 0 0 64 29 0 59 25 35 -46 36 67 66 25 20 18 10 14 34 35 45 55 16 8 5 5 
12690250 12690819 1 0 0 74 36 0 69 29 43 -38 40 74 74 25 20 18 10 14 34 35 45 55 16 5 4 5 
12839250 12839468 1 0 0 42 21 0 36 16 11 -70 19 69 72 25 20 18 10 14 34 35 45 55 16 3 6 5 
13095250 13095377 1 0 0 30 1 0 27 -2 2 -79 29 57 56 25 20 18 10 14 34 35 45 55 16 7 7 5 
13196750 13196776 1 0 0 67 51 0 61 47 34 -47 13 60 60 25 20 18 10 14 34 35 45 55 16 4 3 5 
13267250 13267434 1 0 0 67 55 0 65 51 40 -41 14 59 58 25 20 18 10 14 34 35 45 55 16 4 4 5 
13507250 13507370 1 0 0 58 50 0 56 47 30 -51 8 55 55 25 20 18 10 14 34 35 45 55 16 7 7 5 
13585250 13585466 1 0 0 76 63 0 74 61 50 -31 14 58 58 25 20 18 10 14 34 35 45 55 16 5 7 5 
13600250 13600262 1 0 0 72 48 0 67 45 43 -38 23 75 77 25 20 18 10 14 34 35 45 55 16 9 8 5 
13611750 13611863 1 0 0 38 22 0 35 18 10 -71 17 64 63 25 20 18 10 14 34 35 45 55 16 8 5 5 
13638750 13638831 1 0 0 49 11 0 45 6 18 -63 39 59 57 25 20 18 10 14 34 35 45 55 16 7 7 5 
14074250 14074383 1 0 0 49 11 0 46 7 21 -60 40 58 55 25 20 18 10 14 34 35 45 55 16 5 7 5 
14164250 14164445 1 0 0 63 24 0 60 21 35 -46 39 62 61 25 20 18 10 14 34 35 45 55 16 8 8 5 
14243250 14243401 1 0 0 68 26 0 65 25 39 -42 40 61 60 25 20 18 10 14 34 35 45 55 16 7 8 5 
14278250 14278517 1 0 0 34 10 0 30 5 6 -75 25 56 56 25 20 18 10 14 34 35 45 55 16 7 7 5 
14470250 14470305 1 0 0 42 14 0 40 11 14 -67 27 57 57 25 20 18 10 14 34 35 45 55 16 7 7 5 
14495750 14495871 1 0 0 70 60 0 67 57 41 -40 10 57 62 25 20 18 10 14 34 35 45 55 16 8 7 5 
14679250 14679262 1 0 0 62 51 0 59 47 34 -47 11 54 52 25 20 18 10 14 34 35 45 55 16 7 7 5 
15311750 15311897 1 0 0 62 51 0 60 49 36 -45 11 54 54 25 20 18 10 14 34 35 45 55 16 7 7 5 
15367750 15367772 1 0 0 77 70 0 73 66 46 -35 5 51 49 25 20 18 10 14 34 35 45 55 16 6 6 5 
15739250 15739507 1 0 0 64 48 0 61 45 36 -45 16 52 51 25 20 18 10 14 34 35 45 55 16 6 6 5 
15806750 15806955 1 0 0 35 24 0 33 23 9 -72 11 51 51 25 20 18 10 14 34 35 45 55 16 6 6 5 
16189250 16189281 1 0 0 30 14 0 27 12 2 -79 15 50 48 25 20 18 10 14 34 35 45 55 16 6 6 5 
16248750 16248914 1 0 0 71 50 0 67 45 42 -39 22 51 50 25 20 18 10 14 34 35 45 55 16 6 6 5 
16325750 16326010 1 0 0 82 65 0 78 61 53 -28 17 53 52 25 20 18 10 14 34 35 45 55 16 6 7 5 
16708250 16708317 1 0 0 23 -3 0 18 -7 -7 -88 25 50 48 25 20 18 10 14 34 35 45 55 16 6 6 5 
16716750 16716938 1 13 0 61 42 3 57 41 33 -48 17 66 68 25 20 18 10 14 34 35 45 55 16 5 8 5 
16722250 16722566 1 0 0 80 67 0 73 63 47 -34 10 76 78 25 20 18 10 14 34 35 45 55 16 7 7 5 
16882250 16882266 1 0 0 86 75 0 82 71 59 -22 12 49 47 25 20 18 10 14 34 35 45 55 16 6 6 5 
17260250 17260318 1 0 0 95 88 0 92 84 66 -15 7 53 52 25 20 18 10 14 34 35 45 55 16 7 6 5 
17274250 17274289 1 0 0 96 88 0 92 84 66 -15 7 52 54 25 20 18 10 14 34 35 45 55 16 7 6 5 
17294750 17294975 1 0 0 63 56 0 58 52 32 -49 7 51 51 25 20 18 10 14 34 35 45 55 16 6 6 5 
17450750 17450909 1 0 0 61 49 0 58 46 32 -49 11 54 57 25 20 18 10 14 34 35 45 55 16 7 7 5 
17487250 17487371 1 0 0 42 31 0 40 30 15 -66 11 52 50 25 20 18 10 14 34 35 45 55 16 7 6 5 
17693250 17693256 1 0 0 49 19 0 43 15 18 -63 28 53 53 25 20 18 10 14 34 35 45 55 16 6 7 5 
17737250 17737333 1 0 0 71 62 0 65 56 39 -42 9 54 57 25 20 18 10 14 34 35 45 55 16 7 7 5 
17887750 17888043 1 0 0 68 55 0 64 49 38 -43 14 49 49 25 20 18 10 14 34 35 45 55 16 6 6 5 
17920250 17920334 1 0 0 73 57 0 70 54 44 -37 15 55 54 25 20 18 10 14 34 35 45 55 16 6 7 5 
17977750 17977866 1 0 0 91 81 0 88 79 62 -19 8 52 50 25 20 18 10 14 34 35 45 55 16 6 7 5 
18180250 18180334 1 0 0 89 82 0 85 79 61 -20 6 53 54 25 20 18 10 14 34 35 45 55 16 7 7 5 
18236750 18236818 1 0 0 76 64 0 74 64 48 -33 9 56 57 25 20 18 10 14 34 35 45 55 16 7 7 5 
18529250 18529456 1 0 0 70 58 0 66 54 41 -40 12 59 59 25 20 18 10 14 34 35 45 55 16 7 7 5 
18619250 18619388 1 0 0 88 77 0 84 72 60 -21 12 57 57 25 20 18 10 14 34 35 45 55 16 7 7 5 
18780750 18780811 1 0 0 88 79 0 86 77 61 -20 8 55 51 25 20 18 10 14 34 35 45 55 16 7 7 5 
18911750 18911876 1 0 0 77 70 0 74 66 48 -33 8 55 52 25 20 18 10 14 34 35 45 55 16 6 7 5 
19507250 19507455 1 0 0 67 56 0 64 52 39 -42 12 53 56 25 20 18 10 14 34 35 45 55 16 7 7 5 
20182750 20182762 1 0 0 84 60 0 81 56 56 -25 25 79 80 25 20 18 10 14 34 35 45 55 16 10 10 5 
20221750 20221818 1 0 0 71 58 0 68 56 43 -38 13 69 70 25 20 18 10 14 34 35 45 55 16 9 9 5 
20444250 20444427 1 0 0 48 31 0 45 28 19 -62 14 77 78 25 20 18 10 14 34 35 45 55 16 9 8 5 
20565250 20565294 1 0 0 71 41 0 67 38 43 -38 30 67 66 25 20 18 10 14 34 35 45 55 16 8 9 5 
20812750 20812753 1 0 0 72 47 0 71 45 47 -34 28 73 73 25 20 18 10 14 34 35 45 55 16 7 6 5 
20880250 20880405 1 0 0 53 31 0 49 26 23 -58 23 79 77 25 20 18 10 14 34 35 45 55 16 9 9 5 
21065750 21066500 1 0 0 61 45 0 63 44 39 -42 20 85 84 25 20 18 10 14 34 35 45 55 16 3 5 5 
21076750 21076819 1 0 0 -2 0 0 -4 -4 -29 -110 0 86 84 25 20 18 10 14 34 35 45 55 16 6 10 5 
21176250 21176427 1 0 0 17 11 0 16 7 -10 -91 9 70 74 25 20 18 10 14 34 35 45 55 16 3 9 5 
21185250 21185321 1 -1 1 -41 -27 -58 -50 -34 -76 -157 -17 86 86 25 20 18 10 14 34 35 45 55 16 9 11 5 
21189750 21189818 1 2 1 -79 -55 -96 -82 -59 -107 -188 -23 87 88 25 20 18 10 14 34 35 45 55 16 10 10 5 
21228250 21228286 1 -3 1 -31 -26 -49 -33 -28 -59 -140 -7 67 66 25 20 18 10 14 34 35 45 55 16 8 9 5 
21267250 21267254 1 0 0 19 16 0 11 13 -13 -94 -1 69 68 25 20 18 10 14 34 35 45 55 16 6 2 5 
21334750 21335281 1 0 0 36 16 0 30 6 5 -76 23 69 67 25 20 18 10 14 34 35 45 55 16 2 6 5 
21347750 21348421 1 0 0 -5 -9 0 -6 -12 -32 -113 5 80 78 25 20 18 10 14 34 35 45 55 16 7 7 5 
21384750 21384844 1 0 0 16 5 0 13 1 -12 -93 12 63 63 25 20 18 10 14 34 35 45 55 16 8 7 5 
