46750 47800 0 0 -1 0 0 0 0 0 0 -89 0 76 76 25 20 15 10 10 30 35 45 55 16 3 5 5 
321250 321352 0 0 0 -9 -23 0 -8 -23 -1 -79 16 86 84 25 20 15 10 10 30 35 45 55 16 4 2 5 
416750 416813 0 0 0 -6 -21 0 -5 -20 -2 -80 17 83 83 25 20 15 10 10 30 35 45 55 16 10 11 5 
461750 461843 0 0 0 11 -9 0 12 -8 15 -63 20 82 82 25 20 15 10 10 30 35 45 55 16 10 9 5 
568750 568844 0 0 0 32 6 0 31 3 35 -43 27 76 77 25 20 15 10 10 30 35 45 55 16 9 8 5 
594750 594840 0 -1 1 -20 -32 -51 -21 -35 -17 -95 14 94 93 25 20 15 10 10 30 35 45 55 16 11 12 5 
665250 665344 0 2 1 -167 -154 -195 -171 -156 -170 -248 -15 105 106 25 20 15 10 10 28 35 45 55 16 12 13 5 
772750 772780 0 -3 1 -26 -41 -50 -21 -41 -16 -94 23 84 82 25 20 15 10 10 30 35 45 55 16 9 8 5 
872750 872852 0 0 0 20 6 0 21 8 28 -50 17 80 81 25 20 15 10 10 30 35 45 55 16 9 10 5 
1724750 1724782 0 0 0 30 15 0 33 19 37 -41 17 66 66 25 20 15 10 10 30 35 45 55 16 7 7 5 
2206750 2207147 0 0 0 15 2 0 15 3 20 -58 15 77 74 25 20 15 10 10 30 35 45 55 16 4 9 5 
3038250 3038287 0 0 0 41 25 0 37 21 43 -35 18 78 79 25 20 15 10 10 30 35 45 55 16 5 8 5 
3067250 3067405 0 -1 1 -13 -23 -51 -15 -26 -12 -90 13 96 96 25 20 15 10 10 30 35 45 55 16 11 9 5 
3137750 3137853 0 2 1 -126 -120 -156 -123 -119 -123 -201 -1 107 106 25 20 15 10 11 29 35 45 55 16 11 11 5 
3203250 3203560 0 -3 1 -26 -42 -49 -25 -41 -23 -101 15 93 93 25 20 15 10 11 31 35 45 55 16 7 9 5 
3370250 3370290 0 0 0 5 -14 0 3 -15 6 -72 21 90 89 25 20 15 10 10 30 35 45 55 16 11 9 5 
4417250 4417675 0 0 0 2 -23 0 0 -26 0 -78 27 85 86 25 20 15 10 10 30 35 45 55 16 9 7 5 
5023750 5023754 0 0 0 0 -23 0 -3 -23 0 -78 22 81 82 25 20 15 10 10 30 35 45 55 16 6 7 5 
5114750 5114849 0 -1 1 -53 -67 -51 -53 -68 -50 -128 14 96 96 25 20 15 10 10 30 35 45 55 16 11 11 5 
5153750 5153809 0 2 1 -114 -118 -112 -112 -118 -109 -187 8 100 99 25 20 15 10 10 30 35 45 55 16 11 12 5 
5183250 5183418 0 -3 1 -51 -53 -49 -51 -50 -49 -127 0 100 101 25 20 15 10 10 28 35 45 55 16 8 9 5 
5299250 5299298 0 0 0 -3 -15 0 -2 -16 2 -76 13 80 79 25 20 15 10 10 30 35 45 55 16 5 7 5 
5582750 5582778 0 0 0 2 -3 0 0 -5 5 -73 8 69 69 25 20 15 10 10 30 35 45 55 16 7 7 5 
5713250 5713610 0 0 0 12 9 0 13 8 19 -59 14 70 70 25 20 15 10 10 30 35 45 55 16 5 8 5 
5767250 5767280 0 0 0 0 -12 0 1 -11 9 -69 19 86 91 25 20 15 10 10 30 35 45 55 16 7 8 5 
6078750 6078951 0 0 0 1 -6 0 1 -7 6 -72 15 68 68 25 20 15 10 10 30 35 45 55 16 8 8 5 
6507750 6507874 0 0 0 14 3 0 14 3 21 -57 18 67 67 25 20 15 10 10 30 35 45 55 16 5 8 5 
6736750 6737172 0 0 0 7 0 0 8 0 15 -63 16 65 66 25 20 15 10 10 30 35 45 55 16 6 7 5 
6783750 6784498 0 0 0 7 -7 0 8 -7 17 -61 18 76 81 25 20 15 10 10 30 35 45 55 16 4 10 5 
7459250 7459467 0 0 0 4 -16 0 5 -15 8 -70 20 76 75 25 20 15 10 10 30 35 45 55 16 9 9 5 
7629250 7629267 0 0 0 35 16 0 40 20 45 -33 23 71 71 25 20 15 10 9 29 35 45 55 16 8 6 5 
8227250 8227294 0 0 0 15 1 0 12 -2 18 -60 18 71 70 25 20 15 10 10 30 35 45 55 16 8 7 5 
8319250 8319297 0 0 0 2 -6 0 0 -8 8 -70 15 72 72 25 20 15 10 10 30 35 45 55 16 7 9 5 
9067250 9067260 0 0 0 -3 -10 0 -3 -11 2 -76 11 73 73 25 20 15 10 10 30 35 45 55 16 6 6 5 
9344750 9344836 0 0 0 0 -9 0 0 -10 8 -70 14 78 76 25 20 15 10 11 31 35 45 55 16 7 7 5 
9956250 9956558 0 0 0 3 -6 0 5 -4 13 -65 14 71 74 25 20 15 10 11 31 35 45 55 16 0 3 5 
10059250 10059360 0 0 0 0 -11 0 3 -9 12 -66 18 73 73 25 20 15 10 11 31 35 45 55 16 8 5 5 
10514750 10514787 0 0 0 3 -18 0 5 -17 11 -67 23 68 68 25 20 15 10 11 31 35 45 55 16 9 9 5 
10565750 10565806 0 0 0 -5 -27 0 -3 -25 7 -71 23 79 80 25 20 15 10 11 31 35 45 55 16 9 3 5 
10661250 10661462 0 0 0 -28 -46 0 -28 -46 -23 -101 16 65 64 25 20 15 10 12 32 35 45 55 16 8 7 5 
11072750 11072769 0 0 0 -8 -22 0 -9 -22 0 -78 13 66 65 25 20 15 10 12 32 35 45 55 16 8 8 5 
11804750 11804826 0 0 0 -3 -13 0 -4 -13 3 -75 7 66 68 25 20 15 10 11 31 35 45 55 16 8 8 5 
11846250 11846436 0 0 0 11 11 0 12 12 17 -61 3 66 65 25 20 15 10 11 31 35 45 55 16 9 8 5 
11990750 11990869 0 0 0 6 4 0 7 3 12 -66 6 59 59 25 20 15 10 11 31 35 45 55 16 7 7 5 
12031750 12031844 0 0 0 -6 -14 0 -6 -16 0 -78 8 63 60 25 20 15 10 11 31 35 45 55 16 8 8 5 
12783750 12783773 0 0 0 2 4 0 0 3 6 -72 -1 66 64 25 20 15 10 11 31 35 45 55 16 8 8 5 
13023250 13023433 0 0 0 5 7 0 5 7 10 -68 4 64 61 25 20 15 10 11 31 35 45 55 16 8 8 5 
13192250 13192441 0 0 0 -7 -15 0 -7 -16 -3 -81 8 64 63 25 20 15 10 11 31 35 45 55 16 8 8 5 
13871750 13871983 0 0 0 11 10 0 12 11 19 -59 6 59 56 25 20 15 10 11 31 35 45 55 16 8 7 5 
13900250 13900421 0 0 0 -23 -38 0 -23 -38 -16 -94 17 59 57 25 20 15 10 11 31 35 45 55 16 7 7 5 
14444750 14444789 0 0 0 -22 -37 0 -21 -36 -17 -95 15 61 62 25 20 15 10 11 31 35 45 55 16 8 8 5 
15086750 15086833 0 0 0 -27 -41 0 -27 -41 -22 -100 12 60 60 25 20 15 10 11 31 35 45 55 16 7 8 5 
15244250 15244310 0 0 0 -26 -32 0 -26 -32 -23 -101 6 62 62 25 20 15 10 11 31 35 45 55 16 8 8 5 
15472250 15472672 0 0 0 -15 -20 0 -14 -20 -10 -88 5 63 64 25 20 15 10 11 31 35 45 55 16 7 8 5 
15665250 15665259 0 0 0 -4 -9 0 -4 -8 0 -78 4 63 65 25 20 15 10 11 31 35 45 55 16 7 8 5 
16327250 16327416 0 0 0 5 4 0 5 3 10 -68 4 63 63 25 20 15 10 11 31 35 45 55 16 8 8 5 
16403250 16403383 0 0 0 8 5 0 9 6 13 -65 5 65 64 25 20 15 10 11 31 35 45 55 16 8 8 5 
16436750 16436821 0 0 0 -15 -23 0 -14 -22 -8 -86 8 62 62 25 20 15 10 11 31 35 45 55 16 8 8 5 
16532750 16532900 0 0 0 -12 -20 0 -12 -21 -5 -83 8 64 63 25 20 15 10 11 31 35 45 55 16 8 8 5 
16566250 16566262 0 0 0 -2 4 0 -3 3 4 -74 -1 59 59 25 20 15 10 11 31 35 45 55 16 7 7 5 
16746250 16746285 0 0 0 6 8 0 5 8 10 -68 1 66 66 25 20 15 10 11 31 35 45 55 16 8 8 5 
16777250 16777503 0 0 0 -29 -39 0 -30 -39 -27 -105 8 58 58 25 20 15 10 11 31 35 45 55 16 7 7 5 
16976750 16976848 0 0 0 -33 -44 0 -33 -45 -32 -110 10 60 60 25 20 15 10 11 31 35 45 55 16 7 8 5 
17010750 17010864 0 0 0 -7 7 0 -8 7 -1 -79 -5 59 58 25 20 15 10 11 31 35 45 55 16 7 7 5 
17263750 17263828 0 0 0 -4 4 0 -3 6 4 -74 -3 62 63 25 20 15 10 11 31 35 45 55 16 8 8 5 
17297750 17297914 0 0 0 -23 -35 0 -24 -35 -18 -96 13 58 59 25 20 15 10 11 31 35 45 55 16 7 7 5 
17398250 17398343 0 0 0 -36 -42 0 -37 -41 -33 -111 3 58 57 25 20 15 10 11 31 35 45 55 16 7 7 5 
17944250 17944392 0 0 0 -26 -36 0 -23 -34 -18 -96 10 58 58 25 20 15 10 11 31 35 45 55 16 7 7 5 
17995250 17995483 0 0 0 -10 -2 0 -10 -2 -9 -87 -5 58 57 25 20 15 10 11 31 35 45 55 16 7 4 5 
18456250 18456353 0 0 0 -19 -20 0 -19 -20 -16 -94 3 62 61 25 20 15 10 11 31 35 45 55 16 8 8 5 
18557750 18557868 0 0 0 -25 -25 0 -26 -25 -20 -98 5 85 84 25 20 15 10 11 31 35 45 55 16 9 11 5 
18654250 18654259 0 0 0 -38 -50 0 -37 -49 -31 -109 16 87 87 25 20 15 10 11 31 35 45 55 16 8 11 5 
18978750 18978801 0 0 0 -26 -46 0 -24 -45 -21 -99 21 86 85 25 20 15 10 9 29 35 45 55 16 6 8 5 
19361750 19361912 0 0 0 -28 -44 0 -26 -42 -21 -99 20 93 93 25 20 15 10 11 31 35 45 55 16 9 10 5 
19440750 19440940 0 0 0 -16 -40 0 -16 -40 -11 -89 23 83 84 25 20 15 10 11 31 35 45 55 16 5 7 5 
19732250 19732297 0 0 0 0 -9 0 0 -10 6 -72 10 73 71 25 20 15 10 11 31 35 45 55 16 8 9 5 
19991750 19991856 0 0 0 21 12 0 20 11 25 -53 11 73 75 25 20 15 10 10 30 35 45 55 16 7 7 5 
20059250 20059398 0 0 0 -5 -7 0 -5 -7 0 -78 4 80 78 25 20 15 10 10 30 35 45 55 16 6 8 5 
20351750 20352124 0 0 0 7 -1 0 5 -3 8 -70 11 76 74 25 20 15 10 10 30 35 45 55 16 8 5 5 
20406750 20406835 0 -1 1 -50 -46 -50 -47 -42 -44 -122 -3 92 91 25 20 15 10 10 30 35 45 55 16 11 9 5 
20435750 20435888 0 2 1 -168 -157 -164 -166 -155 -164 -242 -9 101 100 25 20 15 10 10 28 35 45 55 16 13 13 5 
20455250 20455366 0 -3 1 -54 -48 -48 -56 -48 -53 -131 -8 88 89 25 20 15 10 10 30 35 45 55 16 11 9 5 
20537750 20537806 0 0 0 -16 -26 0 -17 -26 -12 -90 11 79 79 25 20 15 10 10 30 35 45 55 16 9 10 5 
51250 51487 1 0 -1 0 0 0 0 0 0 16 0 77 76 25 20 15 10 10 30 35 45 55 16 5 7 5 
259250 259675 1 0 0 5 -29 0 9 -28 9 24 35 83 84 25 20 15 10 10 30 35 45 55 16 4 5 5 
495750 495881 1 0 0 7 -29 0 10 -27 13 28 37 79 79 25 20 15 10 10 30 35 45 55 16 10 10 5 
563250 563584 1 0 0 6 -23 0 9 -20 9 24 28 80 81 25 20 15 10 10 30 35 45 55 16 6 10 5 
606750 606750 1 -1 1 -44 -73 -51 -43 -70 -41 -26 28 96 97 25 20 15 10 10 30 35 45 55 16 12 12 5 
664250 664343 1 2 1 -115 -133 -124 -116 -132 -114 -99 16 105 104 25 20 15 10 10 28 35 45 55 16 12 12 5 
755750 755797 1 -3 1 -38 -64 -50 -35 -61 -31 -16 27 81 79 25 20 15 10 10 30 35 45 55 16 9 9 5 
838750 838913 1 0 0 15 -18 0 19 -14 21 36 31 76 75 25 20 15 10 10 30 35 45 55 16 7 8 5 
1719250 1719345 1 0 0 16 -12 0 17 -10 19 34 27 67 67 25 20 15 10 10 30 35 45 55 16 8 7 5 
2221750 2221807 1 0 0 0 -36 0 1 -36 2 17 36 74 74 25 20 15 10 10 30 35 45 55 16 6 7 5 
3026750 3026917 1 0 0 -1 -28 0 2 -25 4 19 27 78 77 25 20 15 10 10 30 35 45 55 16 8 7 5 
3078250 3078302 1 -1 1 -53 -75 -52 -50 -75 -49 -34 25 100 99 25 20 15 10 10 30 35 45 55 16 12 11 5 
3137250 3137288 1 2 1 -118 -125 -116 -110 -121 -109 -94 11 107 105 25 20 15 10 11 29 35 45 55 16 10 12 5 
3167750 3167859 1 -3 1 -51 -75 -48 -49 -75 -46 -31 27 96 97 25 20 15 10 11 31 35 45 55 16 8 8 5 
3336250 3336368 1 0 0 -5 -41 0 -5 -40 -3 12 37 83 82 25 20 15 10 10 30 35 45 55 16 7 8 5 
4450250 4450569 1 0 0 -9 -43 0 -5 -39 -3 12 32 85 83 25 20 15 10 10 30 35 45 55 16 8 10 5 
5023750 5023754 1 0 0 3 -34 0 3 -33 5 20 36 81 82 25 20 15 10 10 30 35 45 55 16 6 7 5 
5122250 5122298 1 -1 1 -48 -76 -50 -45 -71 -43 -28 27 100 101 25 20 15 10 10 28 35 45 55 16 11 13 5 
5150750 5150824 1 2 1 -84 -114 -86 -74 -114 -74 -59 40 101 101 25 20 15 10 10 28 35 45 55 16 13 12 5 
5185750 5185952 1 -3 1 -45 -61 -46 -44 -60 -43 -28 15 98 99 25 20 15 10 10 30 35 45 55 16 6 8 5 
5293750 5293826 1 0 0 1 -27 0 2 -26 4 19 27 74 72 25 20 15 10 10 30 35 45 55 16 9 7 5 
5572250 5572412 1 0 0 21 -9 0 23 -8 25 40 31 69 69 25 20 15 10 10 30 35 45 55 16 7 7 5 
5715750 5715945 1 0 0 23 -5 0 22 -5 24 39 27 70 70 25 20 15 10 10 30 35 45 55 16 8 9 5 
5749250 5749363 1 0 0 -25 -47 0 -30 -52 -27 -12 22 92 92 25 20 15 10 10 30 35 45 55 16 10 10 5 
5763750 5763765 1 0 0 -3 -39 0 -3 -38 -2 13 35 83 82 25 20 15 10 10 30 35 45 55 16 9 10 5 
6084250 6084253 1 0 0 0 -25 0 2 -23 1 16 24 68 70 25 20 15 10 10 30 35 45 55 16 8 9 5 
6502250 6502472 1 0 0 4 -17 0 6 -16 6 21 20 67 68 25 20 15 10 10 30 35 45 55 16 8 7 5 
6739250 6739476 1 0 0 6 -18 0 5 -18 4 19 22 65 65 25 20 15 10 10 30 35 45 55 16 7 4 5 
6795750 6795845 1 0 0 18 -18 0 19 -17 21 36 35 76 76 25 20 15 10 10 30 35 45 55 16 4 7 5 
7462250 7462260 1 0 0 9 -23 0 12 -21 13 28 32 75 76 25 20 15 10 10 30 35 45 55 16 10 10 5 
7630750 7631165 1 0 0 20 -6 0 27 -2 27 42 28 72 71 25 20 15 10 9 29 35 45 55 16 6 9 5 
8223250 8223283 1 0 0 17 -5 0 19 -3 21 36 21 71 71 25 20 15 10 10 30 35 45 55 16 6 9 5 
8313750 8314020 1 0 0 23 -3 0 23 -3 23 38 24 73 74 25 20 15 10 10 30 35 45 55 16 6 6 5 
9068250 9068515 1 0 0 8 -13 0 14 -8 16 31 21 72 72 25 20 15 10 10 30 35 45 55 16 4 8 5 
9344750 9344836 1 0 0 3 -19 0 4 -18 7 22 23 78 76 25 20 15 10 11 31 35 45 55 16 7 7 5 
9951250 9951663 1 0 0 -1 -19 0 -1 -18 2 17 18 72 70 25 20 15 10 11 31 35 45 55 16 4 6 5 
10059250 10059360 1 0 0 -3 -22 0 1 -19 3 18 21 73 73 25 20 15 10 11 31 35 45 55 16 8 5 5 
10513750 10513912 1 0 0 -2 -29 0 1 -27 3 18 26 68 68 25 20 15 10 11 31 35 45 55 16 8 9 5 
10565750 10565806 1 0 0 -15 -47 0 -11 -44 -9 6 32 79 80 25 20 15 10 11 31 35 45 55 16 9 3 5 
10660250 10660305 1 0 0 -24 -51 0 -25 -52 -24 -9 27 65 66 25 20 15 10 12 32 35 45 55 16 8 8 5 
11073750 11073898 1 0 0 -23 -44 0 -21 -43 -19 -4 21 66 67 25 20 15 10 12 32 35 45 55 16 8 8 5 
11805750 11805936 1 0 0 -22 -46 0 -21 -45 -20 -5 23 66 67 25 20 15 10 11 31 35 45 55 16 8 8 5 
11846750 11846910 1 0 0 -8 -38 0 -4 -34 -2 13 30 65 60 25 20 15 10 11 31 35 45 55 16 9 8 5 
11993250 11993414 1 0 0 -15 -41 0 -13 -39 -10 5 25 60 60 25 20 15 10 11 31 35 45 55 16 7 8 5 
12026750 12026856 1 0 0 -29 -57 0 -25 -54 -22 -7 31 61 61 25 20 15 10 11 31 35 45 55 16 8 8 5 
12784250 12784454 1 0 0 -23 -46 0 -22 -45 -20 -5 23 66 66 25 20 15 10 11 31 35 45 55 16 8 8 5 
13027250 13027420 1 0 0 -21 -47 0 -18 -44 -16 -1 26 65 63 25 20 15 10 11 31 35 45 55 16 8 8 5 
13193250 13193425 1 0 0 -26 -48 0 -24 -46 -23 -8 22 64 61 25 20 15 10 11 31 35 45 55 16 8 8 5 
13871750 13871983 1 0 0 -17 -47 0 -14 -44 -12 3 31 59 56 25 20 15 10 11 31 35 45 55 16 8 7 5 
13900250 13900421 1 0 0 -24 -42 0 -24 -42 -23 -8 17 59 57 25 20 15 10 11 31 35 45 55 16 7 7 5 
14451250 14451359 1 0 0 -30 -49 0 -29 -48 -28 -13 18 61 61 25 20 15 10 11 31 35 45 55 16 8 8 5 
15081250 15081444 1 0 0 -26 -39 0 -24 -37 -23 -8 12 59 59 25 20 15 10 11 31 35 45 55 16 7 7 5 
15227750 15227901 1 0 0 -25 -49 0 -22 -48 -21 -6 26 64 65 25 20 15 10 11 31 35 45 55 16 8 8 5 
15472250 15472672 1 0 0 -11 -33 0 -8 -31 -6 9 23 63 64 25 20 15 10 11 31 35 45 55 16 7 8 5 
15667250 15667387 1 0 0 -3 -26 0 1 -24 3 18 24 63 63 25 20 15 10 11 31 35 45 55 16 8 7 5 
16327250 16327416 1 0 0 -23 -45 0 -21 -44 -19 -4 23 63 63 25 20 15 10 11 31 35 45 55 16 8 8 5 
16404250 16404327 1 0 0 -20 -43 0 -20 -42 -17 -2 23 65 64 25 20 15 10 11 31 35 45 55 16 8 8 5 
16436250 16436341 1 0 0 -22 -43 0 -20 -41 -20 -5 19 62 63 25 20 15 10 11 31 35 45 55 16 8 8 5 
16539250 16539278 1 0 0 -21 -42 0 -19 -39 -18 -3 20 64 63 25 20 15 10 11 31 35 45 55 16 8 8 5 
16574750 16574961 1 0 0 -16 -39 0 -14 -36 -11 4 23 61 61 25 20 15 10 11 31 35 45 55 16 7 8 5 
16743750 16743782 1 0 0 -10 -34 0 -9 -32 -8 7 23 64 67 25 20 15 10 11 31 35 45 55 16 8 8 5 
16783250 16783494 1 0 0 -9 -33 0 -5 -30 -3 12 25 57 58 25 20 15 10 11 31 35 45 55 16 7 7 5 
16924250 16924430 1 0 0 -24 -42 0 -22 -40 -20 -5 18 60 60 25 20 15 10 11 31 35 45 55 16 7 8 5 
16978250 16978349 1 0 0 -20 -35 0 -17 -33 -15 0 15 60 60 25 20 15 10 11 31 35 45 55 16 7 8 5 
17013750 17013931 1 0 0 -5 -28 0 -2 -26 0 15 24 59 59 25 20 15 10 11 31 35 45 55 16 7 7 5 
17261250 17261382 1 0 0 -5 -32 0 -3 -30 -2 13 26 61 60 25 20 15 10 11 31 35 45 55 16 6 8 5 
17296750 17296881 1 0 0 -22 -41 0 -21 -39 -20 -5 18 58 58 25 20 15 10 11 31 35 45 55 16 7 7 5 
17398750 17398864 1 0 0 -24 -39 0 -21 -36 -21 -6 14 57 57 25 20 15 10 11 31 35 45 55 16 7 7 5 
17947250 17947461 1 0 0 -21 -38 0 -20 -37 -18 -3 16 58 58 25 20 15 10 11 31 35 45 55 16 6 7 5 
17996250 17997001 1 0 0 -18 -39 0 -15 -38 -13 2 23 60 63 25 20 15 10 11 31 35 45 55 16 3 8 5 
18450750 18450800 1 0 0 -24 -44 0 -22 -43 -21 -6 18 62 62 25 20 15 10 11 31 35 45 55 16 8 8 5 
18553250 18553310 1 0 0 -29 -53 0 -27 -51 -26 -11 23 79 79 25 20 15 10 11 31 35 45 55 16 10 5 5 
18654250 18654259 1 0 0 -46 -80 0 -43 -76 -42 -27 31 87 87 25 20 15 10 11 31 35 45 55 16 8 11 5 
18973750 18973854 1 0 0 -48 -95 0 -46 -95 -45 -30 48 84 84 25 20 15 10 9 29 35 45 55 16 10 8 5 
19361250 19361912 1 0 0 -39 -78 0 -36 -76 -34 -19 40 93 93 25 20 15 10 11 31 35 45 55 16 9 10 5 
19441750 19441836 1 0 0 -24 -53 0 -22 -51 -21 -6 29 83 84 25 20 15 10 11 31 35 45 55 16 5 8 5 
19570250 19570353 1 0 0 -45 -75 0 -46 -74 -44 -29 30 88 85 25 20 15 10 11 31 35 45 55 16 11 9 5 
19733250 19733330 1 0 0 -20 -43 0 -17 -41 -15 0 24 73 74 25 20 15 10 11 31 35 45 55 16 8 9 5 
20003250 20004379 1 0 0 -12 -36 0 -24 -46 -22 -7 23 80 82 25 20 15 10 10 30 35 45 55 16 2 2 5 
20053750 20053907 1 0 0 -9 -26 0 -2 -20 0 15 18 83 84 25 20 15 10 10 30 35 45 55 16 6 3 5 
20363250 20363269 1 0 0 13 -9 0 15 -6 17 32 23 71 70 25 20 15 10 10 30 35 45 55 16 6 8 5 
20408750 20408770 1 -1 1 -52 -69 -50 -53 -70 -51 -36 17 94 95 25 20 15 10 10 30 35 45 55 16 9 11 5 
20437750 20437817 1 2 1 -98 -117 -88 -99 -119 -96 -81 21 101 103 25 20 15 10 10 28 35 45 55 16 13 13 5 
20442750 20442841 1 -3 1 -58 -87 -46 -52 -83 -50 -35 31 96 94 25 20 15 10 10 30 35 45 55 16 13 12 5 
20526250 20526331 1 0 0 -38 -59 0 -42 -60 -40 -25 17 79 79 25 20 15 10 10 30 35 45 55 16 8 9 5 
