128250 128385 0 0 -1 0 0 0 0 0 0 39 0 63 62 25 20 19 10 11 31 35 45 55 16 6 7 5 
222250 222409 0 0 0 -13 -22 0 -23 -29 -19 26 5 59 61 25 20 20 10 10 30 35 45 55 16 2 4 5 
344250 344274 0 0 0 -12 -22 0 -20 -30 -18 27 10 51 49 25 20 20 10 10 30 35 45 55 16 5 3 5 
580250 580612 0 0 0 -8 -12 0 -13 -17 -9 36 4 53 53 25 20 20 10 11 31 35 45 55 16 4 3 5 
626250 626353 0 -1 1 -61 -67 -51 -67 -76 -64 -19 8 88 87 25 20 19 10 11 31 35 45 55 16 11 11 5 
670250 670282 0 2 1 -246 -275 -235 -246 -275 -242 -197 30 110 111 25 20 18 10 12 28 35 45 55 16 13 14 5 
778750 778781 0 -3 1 -64 -68 -50 -69 -73 -65 -20 2 73 78 25 20 19 10 11 31 35 45 55 16 9 10 5 
946750 947107 0 0 0 -20 -22 0 -29 -29 -26 19 0 56 63 25 20 19 10 11 31 35 45 55 16 2 5 5 
1372250 1372389 0 0 0 -2 -11 0 -5 -14 -1 44 10 64 64 25 20 19 10 11 31 35 45 55 16 6 5 5 
2189250 2189376 0 0 0 1 -30 0 -6 -34 -3 42 28 60 66 25 20 19 10 12 32 35 45 55 16 7 8 5 
2300750 2300977 0 0 0 -5 -32 0 -13 -40 -10 35 27 56 54 25 20 19 10 12 32 35 45 55 16 7 7 5 
2346750 2346761 0 -1 1 -62 -77 -55 -65 -81 -62 -17 15 110 111 25 20 19 10 13 29 35 45 55 16 14 15 5 
2354750 2354870 0 2 1 -150 -177 -144 -156 -186 -153 -108 29 121 119 25 20 19 10 13 29 35 45 55 16 16 16 5 
2361750 2361847 0 -3 1 -53 -138 -47 -53 -143 -50 -5 90 119 119 25 20 19 10 13 29 35 45 55 16 16 15 5 
2373250 2373270 0 -1 1 -57 -183 -51 -37 -186 -35 10 148 101 99 25 20 19 10 13 33 35 45 55 16 13 13 5 
2399250 2399325 0 2 1 -140 -167 -132 -151 -174 -150 -105 22 64 66 25 20 19 10 13 33 35 45 55 16 8 8 5 
2449750 2449821 0 -3 1 -58 -85 -50 -60 -89 -57 -12 29 61 57 25 20 19 10 13 33 35 45 55 16 8 8 5 
2516250 2516289 0 0 0 -10 -43 0 -19 -51 -16 29 32 60 63 25 20 19 10 13 33 35 45 55 16 8 8 5 
2971750 2971788 0 0 0 -13 -39 0 -20 -46 -16 29 27 58 57 25 20 20 10 12 32 35 45 55 16 7 7 5 
3063750 3063891 0 -1 1 -66 -108 -55 -76 -119 -74 -29 41 105 104 25 20 20 10 13 31 35 45 55 16 13 14 5 
3071750 3071819 0 2 1 -161 -173 -151 -169 -179 -167 -122 9 120 122 25 20 20 10 13 28 35 45 55 16 16 16 5 
3077250 3077331 0 -3 1 -57 -122 -46 -57 -124 -53 -8 68 117 116 25 20 20 10 13 29 35 45 55 16 15 15 5 
3090250 3090263 0 -1 1 -63 -172 -53 -70 -181 -67 -22 111 96 96 25 20 20 10 13 33 35 45 55 16 13 12 5 
3109750 3109949 0 2 1 -110 -127 -100 -116 -133 -114 -69 17 63 66 25 20 20 10 13 33 35 45 55 16 8 8 5 
3155250 3155315 0 -3 1 -59 -84 -50 -67 -92 -63 -18 24 59 58 25 20 20 10 13 33 35 45 55 16 7 7 5 
3369250 3369302 0 0 0 -5 -24 0 -12 -29 -10 35 16 60 60 25 20 20 10 13 33 35 45 55 16 5 7 5 
3632750 3632912 0 0 0 -4 -50 0 -12 -58 -10 35 45 70 65 25 20 20 10 13 33 35 45 55 16 9 8 5 
3652250 3652296 0 -1 1 -57 -91 -52 -70 -105 -68 -23 33 104 104 25 20 20 10 13 31 35 45 55 16 13 13 5 
3670750 3670802 0 2 1 -164 -229 -160 -179 -242 -174 -129 63 123 121 25 20 20 10 13 28 35 45 55 16 16 16 5 
3679250 3679330 0 -3 1 -51 -163 -46 -73 -169 -71 -26 96 108 115 25 20 20 10 13 29 35 45 55 16 14 13 5 
3688250 3688274 0 -1 1 -56 -180 -51 -66 -187 -64 -19 121 85 75 25 20 20 10 13 33 35 45 55 16 11 10 5 
3706750 3706930 0 2 1 -119 -168 -114 -127 -177 -123 -78 51 73 63 25 20 20 10 13 33 35 45 55 16 9 7 5 
3753750 3753837 0 -3 1 -54 -81 -49 -59 -86 -56 -11 26 68 66 25 20 20 10 13 33 35 45 55 16 8 9 5 
3972250 3972279 0 0 0 -9 -30 0 -18 -38 -13 32 21 62 61 25 20 20 10 12 32 35 45 55 16 8 8 5 
4248750 4248796 0 0 0 -15 -31 0 -25 -42 -21 24 17 61 59 25 20 20 10 12 32 35 45 55 16 8 8 5 
4389750 4389832 0 -1 1 -65 -103 -52 -76 -117 -71 -26 41 93 94 25 20 20 10 13 33 35 45 55 16 12 8 5 
4399250 4399294 0 2 1 -146 -166 -134 -151 -171 -146 -101 21 100 100 25 20 20 10 13 31 35 45 55 16 12 13 5 
4409750 4409850 0 -3 1 -59 -111 -46 -65 -121 -62 -17 56 99 99 25 20 20 10 13 33 35 45 55 16 11 12 5 
4599250 4599359 0 0 0 -10 -25 0 -15 -30 -12 33 15 68 74 25 20 20 10 12 32 35 45 55 16 7 9 5 
4637750 4637768 0 0 0 -34 -44 0 -42 -51 -38 7 10 59 57 25 20 20 10 12 32 35 45 55 16 7 7 5 
5038250 5038287 0 0 0 -21 -33 0 -29 -42 -26 19 13 59 55 25 20 20 10 11 31 35 45 55 16 7 7 5 
5255750 5255935 0 0 0 -27 -36 0 -36 -46 -32 13 10 60 61 25 20 20 10 11 31 35 45 55 16 5 7 5 
5490750 5490821 0 0 0 -23 -39 0 -29 -45 -26 19 17 57 55 25 20 20 10 12 32 35 45 55 16 7 7 5 
5596750 5596966 0 0 0 -28 -43 0 -41 -53 -38 7 13 60 60 25 20 20 10 12 32 35 45 55 16 6 7 5 
5724250 5724473 0 0 0 -20 -50 0 -29 -59 -25 20 30 61 61 25 20 20 10 12 32 35 45 55 16 7 8 5 
5865750 5865799 0 0 0 12 -36 0 3 -43 8 53 46 80 78 25 20 20 10 13 33 35 45 55 16 8 10 5 
5991250 5991418 0 -1 1 -43 -94 -53 -57 -112 -53 -8 54 99 98 25 20 20 10 13 33 35 45 55 16 6 8 5 
6738250 6738348 0 2 1 -488 -420 -490 -506 -427 -504 -459 -80 121 121 25 20 19 10 12 27 35 45 55 16 15 13 5 
6888250 6888263 0 -3 1 -50 -138 -50 -63 -154 -60 -15 91 108 109 25 20 19 10 12 30 35 45 55 16 11 13 5 
7024750 7024873 0 0 0 -1 -63 0 -12 -72 -7 38 61 90 90 25 20 19 10 12 32 35 45 55 16 12 11 5 
7259250 7259301 0 0 0 31 -25 0 24 -31 28 73 56 86 85 25 20 19 10 12 32 35 45 55 16 10 10 5 
7622750 7622786 0 0 0 65 -13 0 61 -21 65 110 82 91 90 25 20 20 10 12 32 35 45 55 16 12 12 5 
7629250 7629411 0 13 0 33 -31 -5 20 -42 24 69 62 82 91 25 20 20 10 12 32 35 45 55 16 9 7 5 
7637750 7637810 0 0 0 3 -43 0 -5 -50 -1 44 46 77 74 25 20 20 10 12 32 35 45 55 16 9 10 5 
7650750 7650962 0 0 0 -3 -46 0 -12 -55 -8 37 43 70 68 25 20 20 10 12 32 35 45 55 16 9 9 5 
8182250 8182495 0 0 0 -7 -38 0 -16 -47 -11 34 31 61 59 25 20 20 10 12 32 35 45 55 16 8 8 5 
9090750 9090829 0 0 0 5 -22 0 -3 -30 0 45 26 63 68 25 20 20 10 11 31 35 45 55 16 7 8 5 
9945750 9946033 0 0 0 -3 -15 0 -10 -22 -6 39 13 55 49 25 20 20 10 11 31 35 45 55 16 7 7 5 
10289250 10289535 0 0 0 -27 -40 0 -35 -47 -32 13 12 52 46 25 20 20 10 11 31 35 45 55 16 6 6 5 
10743750 10743928 0 0 0 -21 -35 0 -29 -44 -26 19 15 53 56 25 20 20 10 11 31 35 45 55 16 7 7 5 
10972250 10972369 0 0 0 -28 -31 0 -34 -39 -31 14 5 53 55 25 20 20 10 11 31 35 45 55 16 4 3 5 
11327750 11327985 0 0 0 -30 -24 0 -38 -32 -36 9 -7 46 46 25 20 20 10 11 31 35 45 55 16 4 6 5 
12224250 12224381 0 0 0 -31 -27 0 -37 -34 -34 11 -3 54 54 25 20 20 10 11 31 35 45 55 16 6 7 5 
12593250 12593276 0 0 0 -56 -62 0 -63 -70 -60 -15 8 47 46 25 20 20 10 11 31 35 45 55 16 5 6 5 
12747250 12747269 0 0 0 -22 -15 0 -30 -23 -27 18 -7 49 47 25 20 20 10 11 31 35 45 55 16 6 6 5 
13077250 13077406 0 0 0 -22 -18 0 -30 -27 -22 23 -3 47 45 25 20 21 10 10 30 35 45 55 16 6 6 5 
13092250 13092353 0 0 0 -9 -9 0 -15 -17 -13 32 2 53 56 25 20 20 10 10 30 35 45 55 16 7 5 5 
13556250 13556465 0 0 0 -20 -9 0 -28 -15 -25 20 -13 43 43 25 20 20 10 11 31 35 45 55 16 5 5 5 
14045750 14046066 0 0 0 -15 1 0 -22 -7 -19 26 -15 43 44 25 20 20 10 11 31 35 45 55 16 5 5 5 
14502250 14502386 0 0 0 -11 -3 0 -19 -11 -16 29 -8 50 51 25 20 20 10 10 30 35 45 55 16 6 6 5 
14646750 14646755 0 0 0 -24 -5 0 -32 -14 -29 16 -18 44 44 25 20 20 10 10 30 35 45 55 16 5 6 5 
15223250 15223296 0 0 0 -24 -11 0 -29 -18 -26 19 -11 43 42 25 20 20 10 10 30 35 45 55 16 5 5 5 
15828750 15828992 0 0 0 -26 -11 0 -33 -17 -29 16 -16 43 41 25 20 20 10 10 30 35 45 55 16 5 5 5 
16628250 16628363 0 0 0 -25 -12 0 -32 -18 -28 17 -15 43 44 25 20 20 10 10 30 35 45 55 16 5 5 5 
17175750 17175885 0 0 0 -25 -7 0 -33 -14 -29 16 -20 43 44 25 20 20 10 10 30 35 45 55 16 5 5 5 
17382250 17382449 0 0 0 -19 -15 0 -28 -24 -24 21 -3 48 46 25 20 20 10 11 31 35 45 55 16 6 6 5 
17617250 17617533 0 0 0 -28 -14 0 -37 -21 -33 12 -15 48 47 25 20 20 10 11 31 35 45 55 16 6 6 5 
17657750 17657976 0 0 0 -44 -31 0 -50 -38 -46 -1 -12 42 42 25 20 20 10 11 31 35 45 55 16 5 5 5 
17808750 17808980 0 0 0 -42 -24 0 -50 -32 -46 -1 -17 42 38 25 20 20 10 11 31 35 45 55 16 5 5 5 
18481750 18481968 0 0 0 -32 -14 0 -39 -23 -37 8 -17 44 45 25 20 20 10 11 31 35 45 55 16 5 6 5 
18945750 18945900 0 0 0 -26 -7 0 -34 -14 -31 14 -21 45 46 25 20 20 10 11 31 35 45 55 16 5 6 5 
19105250 19105310 0 0 0 -22 -9 0 -31 -19 -27 18 -11 49 50 25 20 20 10 11 31 35 45 55 16 6 6 5 
19138250 19138385 0 0 0 -42 -29 0 -50 -37 -47 -2 -14 44 42 25 20 20 10 11 31 35 45 55 16 5 5 5 
19208250 19208300 0 0 0 -44 -33 0 -52 -41 -48 -3 -10 44 42 25 20 20 10 11 31 35 45 55 16 6 5 5 
19226250 19226265 0 0 0 -26 -23 0 -34 -30 -30 15 -4 68 67 25 20 20 10 11 31 35 45 55 16 6 8 5 
19244750 19244901 0 0 0 1 -11 0 -6 -17 -2 43 12 60 61 25 20 20 10 11 31 35 45 55 16 7 8 5 
19265750 19265913 0 0 0 9 0 0 1 -8 4 49 7 59 62 25 20 20 10 11 31 35 45 55 16 5 8 5 
19288250 19288595 0 0 0 -9 -8 0 -15 -13 -12 33 -2 60 62 25 20 20 10 11 31 35 45 55 16 6 7 5 
128250 128385 1 0 -1 0 0 0 0 0 0 36 0 63 62 25 20 19 10 11 31 35 45 55 16 6 7 5 
194250 194474 1 0 0 -17 -21 0 -19 -23 -18 25 4 58 66 25 20 20 10 10 30 35 45 55 16 5 7 5 
342250 342770 1 0 0 -23 -20 0 -23 -19 -22 21 -3 54 52 25 20 20 10 10 30 35 45 55 16 6 6 5 
574750 575174 1 0 0 -29 -18 0 -29 -16 -28 15 -12 53 53 25 20 20 10 11 31 35 45 55 16 6 6 5 
620750 620850 1 -1 1 -83 -89 -52 -88 -96 -87 -44 9 86 90 25 20 19 10 11 31 35 45 55 16 10 11 5 
670250 670282 1 2 1 -377 -390 -342 -381 -393 -380 -337 12 110 111 25 20 18 10 12 28 35 45 55 16 13 14 5 
785250 785332 1 -3 1 -88 -82 -48 -89 -84 -89 -46 -6 74 78 25 20 19 10 11 31 35 45 55 16 9 9 5 
953250 953366 1 0 0 -48 -44 0 -49 -44 -48 -5 -4 55 57 25 20 19 10 11 31 35 45 55 16 5 6 5 
1371750 1372168 1 0 0 -18 -18 0 -17 -17 -18 25 -1 64 68 25 20 19 10 11 31 35 45 55 16 6 5 5 
2185250 2185504 1 0 0 -34 -60 0 -35 -61 -35 8 26 57 55 25 20 19 10 12 32 35 45 55 16 7 6 5 
2301750 2301817 1 0 0 -31 -58 0 -30 -58 -32 11 28 57 55 25 20 19 10 12 32 35 45 55 16 7 7 5 
2345250 2345368 1 -1 1 -89 -106 -58 -92 -110 -91 -48 17 105 104 25 20 19 10 13 31 35 45 55 16 12 14 5 
2354750 2354870 1 2 1 -207 -229 -175 -204 -228 -203 -160 25 121 119 25 20 19 10 13 29 35 45 55 16 16 16 5 
2458250 2459033 1 -3 1 -83 -104 -49 -84 -106 -83 -40 22 58 67 25 20 19 10 13 33 35 45 55 16 4 7 5 
2526750 2526883 1 0 0 -36 -57 0 -35 -57 -35 8 22 62 63 25 20 19 10 13 33 35 45 55 16 8 8 5 
2967250 2967418 1 0 0 -41 -61 0 -44 -63 -44 -1 17 59 58 25 20 20 10 12 32 35 45 55 16 7 7 5 
3053250 3053354 1 -1 1 -92 -130 -51 -93 -133 -94 -51 40 91 93 25 20 20 10 13 33 35 45 55 16 12 12 5 
3071250 3071327 1 2 1 -251 -248 -211 -260 -253 -259 -216 -6 120 121 25 20 20 10 13 28 35 45 55 16 15 16 5 
3079250 3079291 1 -3 1 -88 -154 -47 -83 -150 -81 -38 68 114 114 25 20 20 10 13 29 35 45 55 16 15 14 5 
3088750 3088869 1 -1 1 -91 -206 -50 -117 -210 -116 -73 93 98 103 25 20 20 10 13 31 35 45 55 16 13 12 5 
3109250 3109454 1 2 1 -153 -168 -112 -156 -169 -156 -113 13 63 59 25 20 20 10 13 33 35 45 55 16 8 8 5 
3156250 3156310 1 -3 1 -90 -109 -50 -92 -109 -92 -49 15 59 62 25 20 20 10 13 33 35 45 55 16 7 7 5 
3372250 3372492 1 0 0 -40 -47 0 -41 -48 -41 2 7 63 66 25 20 20 10 13 33 35 45 55 16 7 8 5 
3632750 3632912 1 0 0 -42 -72 0 -42 -72 -43 0 29 70 65 25 20 20 10 13 33 35 45 55 16 9 8 5 
3652250 3652296 1 -1 1 -95 -114 -53 -97 -117 -97 -54 20 104 104 25 20 20 10 13 31 35 45 55 16 13 13 5 
3670250 3670317 1 2 1 -254 -316 -213 -259 -321 -258 -215 61 124 126 25 20 20 10 13 28 35 45 55 16 16 16 5 
3736250 3736390 1 -3 1 -90 -117 -49 -88 -115 -87 -44 27 67 62 25 20 20 10 13 33 35 45 55 16 7 8 5 
3970250 3970294 1 0 0 -39 -54 0 -37 -53 -36 7 16 64 62 25 20 20 10 12 32 35 45 55 16 8 8 5 
4251750 4251922 1 0 0 -37 -52 0 -36 -51 -35 8 14 63 68 25 20 20 10 12 32 35 45 55 16 8 8 5 
4343250 4343359 1 -1 1 -90 -128 -50 -97 -133 -96 -53 36 90 89 25 20 20 10 13 33 35 45 55 16 11 10 5 
4399750 4399900 1 2 1 -205 -209 -163 -211 -215 -212 -169 4 101 99 25 20 20 10 13 33 35 45 55 16 12 13 5 
4411250 4411355 1 -3 1 -90 -136 -47 -98 -136 -97 -54 38 98 101 25 20 20 10 13 31 35 45 55 16 12 12 5 
4594750 4594906 1 0 0 -50 -56 0 -51 -54 -51 -8 4 62 63 25 20 20 10 12 32 35 45 55 16 6 7 5 
4628250 4628381 1 0 0 -43 -50 0 -40 -47 -38 5 9 59 61 25 20 20 10 12 32 35 45 55 16 7 8 5 
5044750 5044885 1 0 0 -40 -42 0 -39 -43 -39 4 5 59 59 25 20 20 10 11 31 35 45 55 16 6 7 5 
5249250 5249316 1 0 0 -34 -39 0 -33 -39 -34 9 6 59 56 25 20 20 10 11 31 35 45 55 16 6 7 5 
5485250 5485390 1 0 0 -52 -60 0 -51 -60 -52 -9 8 55 56 25 20 20 10 12 32 35 45 55 16 7 7 5 
5599750 5599753 1 0 0 -33 -52 0 -35 -53 -34 9 17 60 56 25 20 20 10 12 32 35 45 55 16 6 6 5 
5729250 5729291 1 0 0 -32 -62 0 -32 -62 -32 11 28 65 63 25 20 20 10 12 32 35 45 55 16 8 5 5 
5879250 5879369 1 0 0 -6 -52 0 -8 -53 -8 35 44 71 66 25 20 20 10 13 33 35 45 55 16 8 9 5 
5992250 5992340 1 -1 1 -60 -127 -52 -65 -130 -63 -20 66 98 96 25 20 20 10 13 33 35 45 55 16 6 9 5 
6738250 6738348 1 2 1 -686 -574 -667 -693 -576 -692 -649 -116 121 121 25 20 19 10 12 27 35 45 55 16 15 13 5 
6899250 6899340 1 -3 1 -69 -155 -49 -82 -155 -80 -37 74 99 101 25 20 19 10 12 30 35 45 55 16 13 12 5 
7030250 7030331 1 0 0 -22 -84 0 -24 -86 -23 20 63 88 87 25 20 19 10 12 32 35 45 55 16 11 10 5 
7253250 7253455 1 0 0 10 -49 0 14 -46 14 57 59 84 86 25 20 19 10 12 32 35 45 55 16 7 8 5 
7618250 7618325 1 0 0 23 -33 0 21 -35 20 63 57 91 87 25 20 20 10 12 32 35 45 55 16 12 11 5 
7630250 7630458 1 13 0 7 -53 10 12 -48 13 56 61 80 79 25 20 20 10 12 32 35 45 55 16 9 7 5 
7637750 7637810 1 0 0 -20 -62 0 -23 -64 -23 20 40 77 74 25 20 20 10 12 32 35 45 55 16 9 10 5 
7654750 7654949 1 0 0 -28 -68 0 -28 -69 -28 15 41 69 67 25 20 20 10 12 32 35 45 55 16 9 9 5 
8181750 8181985 1 0 0 -25 -52 0 -24 -51 -24 19 27 61 59 25 20 20 10 12 32 35 45 55 16 8 8 5 
9085250 9085341 1 0 0 -14 -27 0 -16 -27 -15 28 12 60 52 25 20 20 10 11 31 35 45 55 16 8 7 5 
9947750 9947966 1 0 0 -19 -22 0 -18 -22 -18 25 4 57 58 25 20 20 10 11 31 35 45 55 16 7 7 5 
10287250 10287424 1 0 0 -47 -55 0 -48 -56 -46 -3 9 55 65 25 20 20 10 11 31 35 45 55 16 8 6 5 
10742750 10742801 1 0 0 -37 -47 0 -37 -47 -37 6 9 54 52 25 20 20 10 11 31 35 45 55 16 7 7 5 
10973250 10973813 1 0 0 -45 -46 0 -43 -46 -41 2 5 53 56 25 20 20 10 11 31 35 45 55 16 4 2 5 
11329750 11329949 1 0 0 -47 -37 0 -49 -39 -49 -6 -11 46 46 25 20 20 10 11 31 35 45 55 16 6 6 5 
12224250 12224381 1 0 0 -44 -35 0 -44 -35 -43 0 -7 54 54 25 20 20 10 11 31 35 45 55 16 6 7 5 
12593250 12593276 1 0 0 -80 -77 0 -80 -77 -81 -38 -3 47 46 25 20 20 10 11 31 35 45 55 16 5 6 5 
12735750 12735865 1 0 0 -32 -24 0 -32 -26 -32 11 -6 55 53 25 20 20 10 11 31 35 45 55 16 4 6 5 
13080750 13080959 1 0 0 -26 -8 0 -27 -8 -27 16 -21 49 47 25 20 21 10 10 30 35 45 55 16 6 6 5 
13105250 13105285 1 0 0 -16 2 0 -17 3 -17 26 -21 51 53 25 20 20 10 10 30 35 45 55 16 6 6 5 
13555250 13555430 1 0 0 -39 -18 0 -40 -19 -39 4 -20 43 45 25 20 20 10 11 31 35 45 55 16 5 5 5 
14044750 14045054 1 0 0 -33 -7 0 -33 -7 -32 11 -25 43 46 25 20 20 10 11 31 35 45 55 16 5 5 5 
14504250 14504467 1 0 0 -27 -4 0 -29 -6 -27 16 -21 51 50 25 20 20 10 10 30 35 45 55 16 6 6 5 
14642750 14642978 1 0 0 -41 -10 0 -42 -10 -42 1 -31 43 45 25 20 20 10 10 30 35 45 55 16 5 5 5 
15225750 15226036 1 0 0 -31 5 0 -32 6 -31 12 -38 46 40 25 20 20 10 10 30 35 45 55 16 5 5 5 
15831750 15831868 1 0 0 -41 -4 0 -42 -4 -41 2 -38 42 39 25 20 20 10 10 30 35 45 55 16 5 5 5 
16630250 16630496 1 0 0 -33 -3 0 -34 -4 -35 8 -32 42 45 25 20 20 10 10 30 35 45 55 16 5 5 5 
17177750 17177957 1 0 0 -32 1 0 -30 3 -32 11 -34 43 41 25 20 20 10 10 30 35 45 55 16 5 5 5 
17382250 17382449 1 0 0 -24 -8 0 -24 -9 -25 18 -15 48 46 25 20 20 10 11 31 35 45 55 16 6 6 5 
17616750 17616919 1 0 0 -26 -4 0 -27 -5 -26 17 -22 48 47 25 20 20 10 11 31 35 45 55 16 6 6 5 
17652250 17652261 1 0 0 -71 -39 0 -71 -39 -71 -28 -32 43 45 25 20 20 10 11 31 35 45 55 16 5 5 5 
17807750 17807876 1 0 0 -71 -35 0 -71 -37 -70 -27 -33 42 40 25 20 20 10 11 31 35 45 55 16 6 5 5 
18488250 18488341 1 0 0 -62 -29 0 -62 -30 -62 -19 -33 41 42 25 20 20 10 11 31 35 45 55 16 5 5 5 
18942250 18942445 1 0 0 -48 -14 0 -48 -14 -48 -5 -32 44 47 25 20 20 10 11 31 35 45 55 16 5 5 5 
19103250 19103453 1 0 0 -37 -11 0 -37 -11 -37 6 -25 49 49 25 20 20 10 11 31 35 45 55 16 6 6 5 
19135250 19135563 1 0 0 -60 -34 0 -62 -35 -60 -17 -25 45 45 25 20 20 10 11 31 35 45 55 16 6 5 5 
19205750 19205956 1 0 0 -71 -39 0 -72 -40 -73 -30 -34 44 41 25 20 20 10 11 31 35 45 55 16 5 6 5 
19230750 19230884 1 0 0 -23 -11 0 -24 -11 -24 19 -13 66 65 25 20 20 10 11 31 35 45 55 16 8 8 5 
19249750 19249903 1 0 0 -2 5 0 0 6 -1 42 -7 60 61 25 20 20 10 11 31 35 45 55 16 7 7 5 
19267250 19267416 1 0 0 3 5 0 2 4 3 46 -1 61 63 25 20 20 10 11 31 35 45 55 16 6 8 5 
19289250 19289312 1 0 0 -17 -3 0 -19 -4 -18 25 -15 61 67 25 20 20 10 11 31 35 45 55 16 7 7 5 
