56500 56673 0 0 -1 0 0 0 0 0 0 -219 0 82 82 25 20 20 10 12 32 35 45 55 16 5 5 5 
127500 127621 0 0 0 -2 12 0 -9 8 62 -92 -30 81 80 25 20 28 10 13 33 35 45 55 16 7 9 5 
236000 236105 0 0 0 -54 -31 0 -59 -38 -3 -157 -27 81 82 25 20 20 10 12 32 35 45 55 16 9 9 5 
439000 439215 0 -1 1 -96 -75 -52 -113 -90 9 -168 -33 81 81 25 20 20 10 12 32 35 45 55 16 8 8 5 
458500 458588 0 2 1 -152 -134 -108 -158 -142 13 -164 -30 82 83 25 20 20 10 12 32 35 45 55 16 10 9 5 
505500 505774 0 -3 1 -89 -70 -48 -104 -85 24 -153 -32 81 81 25 20 20 10 12 32 35 45 55 16 9 10 5 
870000 870084 0 0 0 -25 -9 0 -35 -17 34 -120 -50 80 79 25 20 27 10 14 34 35 45 55 16 8 9 5 
1235500 1235588 0 0 0 -15 0 0 -21 -6 61 -93 -31 76 76 25 20 27 10 14 34 35 45 55 16 9 9 5 
1633000 1633195 0 0 0 -18 -1 0 -24 -7 -17 -171 -23 73 74 25 20 19 10 12 32 35 45 55 16 9 8 5 
1809500 1809625 0 0 0 -38 -10 0 -45 -15 32 -122 -31 72 73 25 20 27 10 14 34 35 45 55 16 8 8 5 
1831000 1831079 0 0 0 5 21 0 -1 14 71 -83 -32 78 79 25 20 27 10 14 34 35 45 55 16 10 7 5 
1855500 1855553 0 0 0 -1 15 0 -10 8 58 -96 -33 76 75 25 20 27 10 14 34 35 45 55 16 8 8 5 
1923500 1923696 0 0 0 17 30 0 9 27 87 -67 -28 74 73 25 20 27 10 14 34 35 45 55 16 8 8 5 
1969500 1969686 0 0 0 29 35 0 21 29 90 -64 -33 73 72 25 20 27 10 14 34 35 45 55 16 9 7 5 
2030500 2030581 0 0 0 41 48 0 31 37 110 -44 -15 75 76 25 20 28 10 13 33 35 45 55 16 8 10 5 
2082000 2082069 0 0 0 24 42 0 14 34 93 -61 -29 73 75 25 20 29 10 12 32 35 45 55 16 8 9 5 
2412000 2412110 0 0 0 2 11 0 -2 7 86 -68 -18 70 71 25 20 28 10 12 32 35 45 55 16 9 8 5 
2782500 2782515 0 0 0 13 29 0 4 19 83 -71 -22 69 69 25 20 27 10 12 32 35 45 55 16 8 9 5 
2927000 2927181 0 0 0 21 26 0 13 16 -106 -260 -25 70 69 25 20 19 10 12 32 35 45 55 16 7 8 5 
3216500 3216656 0 0 0 -7 10 0 -11 9 12 -142 -26 71 70 25 20 20 10 12 32 35 45 55 16 7 9 5 
3239000 3239113 0 0 0 -1 -7 0 9 4 82 -72 4 76 77 25 20 20 10 12 32 35 45 55 16 6 4 5 
3254000 3254015 0 0 0 26 14 0 25 9 102 -52 2 78 77 25 20 26 10 13 33 35 45 55 16 8 10 5 
3283000 3283353 0 0 0 13 3 0 2 -5 80 -74 0 79 78 25 20 20 10 12 32 35 45 55 16 9 10 5 
3335500 3335673 0 0 0 -15 -19 0 -25 -29 51 -103 -7 78 79 25 20 26 10 13 33 35 45 55 16 8 10 5 
3435000 3435050 0 0 0 -19 -21 0 -24 -26 45 -109 -2 82 82 25 20 20 10 13 33 35 45 55 16 10 10 5 
3483500 3483500 0 0 0 -31 -16 0 -44 -30 31 -123 -22 84 83 25 20 26 10 13 33 35 45 55 16 10 10 5 
3495500 3495589 0 0 0 -30 -18 0 -32 -20 46 -108 -18 84 84 25 20 26 10 13 33 35 45 55 16 11 11 5 
3507000 3507040 0 0 0 -4 18 0 -7 15 71 -83 -25 80 79 25 20 26 10 13 33 35 45 55 16 8 9 5 
3540500 3540566 0 0 0 -14 19 0 -25 8 55 -99 -35 78 80 25 20 27 10 12 32 35 45 55 16 8 9 5 
3793000 3793158 0 0 0 1 27 0 -3 26 71 -83 -34 78 79 25 20 27 10 13 33 35 45 55 16 9 10 5 
4018000 4018012 0 0 0 -14 -11 0 -21 -17 52 -102 -28 77 77 25 20 27 10 14 34 35 45 55 16 9 10 5 
4254500 4254688 0 0 0 -27 -1 0 -35 -7 -79 -233 -35 73 72 25 20 18 10 12 32 35 45 55 16 9 9 5 
4522500 4522513 0 0 0 -31 -19 0 -35 -24 26 -128 -42 72 73 25 20 28 10 14 34 35 45 55 16 8 9 5 
4573000 4573092 0 0 0 -17 9 0 -25 2 -87 -241 -41 70 70 25 20 18 10 12 32 35 45 55 16 8 8 5 
4579500 4579693 0 13 0 -53 -32 -2 -57 -38 8 -146 -44 72 71 25 20 28 10 14 34 35 45 55 16 8 7 5 
4583500 4583597 0 0 0 -73 -52 0 -81 -59 -76 -230 -39 73 73 25 20 18 10 12 32 35 45 55 16 7 9 5 
4653000 4653010 0 0 0 -62 -46 0 -66 -49 -6 -160 -58 72 73 25 20 28 10 14 34 35 45 55 16 9 8 5 
4662000 4662213 0 0 0 -33 -21 0 -41 -28 30 -124 -32 71 72 25 20 28 10 13 33 35 45 55 16 8 8 5 
4852500 4852679 0 0 0 -29 -16 0 -34 -20 31 -123 -35 75 75 25 20 27 10 13 33 35 45 55 16 6 8 5 
4890000 4890219 0 0 0 -39 -16 0 -44 -19 -78 -232 -39 68 69 25 20 18 10 12 32 35 45 55 16 8 8 5 
5093500 5093504 0 0 0 -26 -11 0 -30 -18 33 -121 -43 69 70 25 20 27 10 14 34 35 45 55 16 8 7 5 
5138500 5138928 0 0 0 -23 -3 0 -27 -9 38 -116 -41 70 70 25 20 27 10 14 34 35 45 55 16 8 5 5 
5613000 5613009 0 0 0 -4 7 0 -8 -1 62 -92 -28 70 72 25 20 27 10 14 34 35 45 55 16 6 8 5 
5976500 5976690 0 0 0 -11 16 0 -16 10 57 -97 -44 68 68 25 20 27 10 14 34 35 45 55 16 8 9 5 
6009500 6009681 0 0 0 -15 15 0 -20 13 54 -100 -44 68 69 25 20 27 10 14 34 35 45 55 16 8 4 5 
6037500 6038050 0 0 0 -7 -10 0 -8 -14 75 -79 -5 78 77 25 20 27 10 14 34 35 45 55 16 7 7 5 
6053500 6053617 0 0 0 39 34 0 40 32 115 -39 -3 72 72 25 20 27 10 14 34 35 45 55 16 9 8 5 
6071000 6071034 0 0 0 36 28 0 29 21 109 -45 0 70 68 25 20 27 10 14 34 35 45 55 16 9 8 5 
6093500 6093675 0 0 0 -2 -11 0 -9 -18 60 -94 -13 71 70 25 20 27 10 14 34 35 45 55 16 9 9 5 
6373000 6373806 0 0 0 4 6 0 0 -2 70 -84 -15 72 72 25 20 27 10 14 34 35 45 55 16 5 7 5 
6385500 6385621 0 0 0 -10 13 0 -13 8 57 -97 -34 69 71 25 20 27 10 14 34 35 45 55 16 8 7 5 
6536000 6536202 0 0 0 -14 8 0 -26 -1 40 -114 -43 67 68 25 20 27 10 14 34 35 45 55 16 8 6 5 
6606500 6606522 0 0 0 -28 -8 0 -35 -15 -23 -177 -30 68 67 25 20 19 10 13 33 35 45 55 16 8 7 5 
6887000 6887068 0 0 0 -30 10 0 -38 8 27 -127 -49 67 67 25 20 27 10 14 34 35 45 55 16 6 5 5 
6903000 6903214 0 0 0 4 5 0 5 8 78 -76 -16 67 66 25 20 27 10 14 34 35 45 55 16 3 7 5 
6934500 6934710 0 0 0 8 15 0 3 11 72 -82 -27 66 65 25 20 27 10 14 34 35 45 55 16 5 7 5 
7121000 7121362 0 0 0 1 4 0 -10 -3 66 -88 -31 65 66 25 20 27 10 14 34 35 45 55 16 5 6 5 
7134500 7134600 0 0 0 -5 -6 0 -12 -13 64 -90 -21 64 61 25 20 27 10 14 34 35 45 55 16 4 8 5 
7328500 7328501 0 0 0 -7 -6 0 -14 -14 60 -94 -12 65 66 25 20 26 10 15 35 35 45 55 16 6 7 5 
7706000 7706168 0 0 0 -6 3 0 -12 -2 60 -94 -22 68 68 25 20 26 10 15 35 35 45 55 16 9 8 5 
7874000 7874067 0 0 0 -18 -14 0 -24 -23 48 -106 -25 67 66 25 20 26 10 15 35 35 45 55 16 7 8 5 
8089000 8089043 0 0 0 3 -7 0 0 -10 63 -91 -6 68 67 25 20 20 10 13 33 35 45 55 16 9 8 5 
8257500 8257690 0 0 0 -13 2 0 -20 -6 60 -94 -30 67 66 25 20 26 10 14 34 35 45 55 16 6 4 5 
8393500 8393717 0 0 0 -14 12 0 -25 3 59 -95 -35 68 69 25 20 26 10 14 34 35 45 55 16 7 5 5 
8528500 8528618 0 0 0 -10 3 0 -17 -3 61 -93 -32 68 68 25 20 26 10 14 34 35 45 55 16 6 8 5 
8580000 8580224 0 0 0 -12 11 0 -15 5 64 -90 -27 67 68 25 20 26 10 14 34 35 45 55 16 8 8 5 
8676500 8676686 0 0 0 1 25 0 -3 20 -6 -183 -22 66 66 25 20 20 10 13 33 35 45 55 16 8 7 5 
8700000 8700367 0 0 0 -2 -8 0 -4 -15 91 -86 3 65 64 25 20 20 10 13 33 35 45 55 16 6 5 5 
8723000 8723182 0 0 0 15 10 0 8 7 93 -61 -12 65 64 25 20 26 10 14 34 35 45 55 16 6 7 5 
8762000 8762176 0 0 0 19 18 0 12 13 74 -80 -9 64 66 25 20 20 10 13 33 35 45 55 16 8 7 5 
8786000 8786105 0 0 0 14 14 0 7 7 93 -84 -13 66 68 25 20 20 10 13 33 35 45 55 16 8 6 5 
8820000 8820171 0 0 0 -11 21 0 -19 13 10 -167 -47 65 65 25 20 20 10 13 33 35 45 55 16 7 7 5 
8904500 8904536 0 0 0 -24 -5 0 -28 -14 6 -171 -42 64 65 25 20 20 10 13 33 35 45 55 16 7 5 5 
8968000 8968011 0 0 0 -9 3 0 -13 -6 60 -94 -30 62 63 25 20 26 10 14 34 35 45 55 16 8 4 5 
9078500 9078726 0 0 0 -10 8 0 -20 -2 53 -101 -36 63 63 25 20 26 10 14 34 35 45 55 16 7 8 5 
9106000 9106040 0 0 0 0 -10 0 -9 -19 58 -96 -15 62 61 25 20 26 10 14 34 35 45 55 16 8 6 5 
9153000 9153149 0 0 0 -6 -12 0 -14 -17 49 -105 -28 61 61 25 20 25 10 15 35 35 45 55 16 7 8 5 
9176000 9176092 0 0 0 0 -7 0 -6 -16 63 -91 -14 63 62 25 20 25 10 15 35 35 45 55 16 7 7 5 
9190000 9190292 0 0 0 16 20 0 -10 1 56 -98 -24 66 64 25 20 25 10 15 35 35 45 55 16 5 6 5 
9222500 9222574 0 0 0 27 41 0 23 32 78 -76 -40 67 68 25 20 25 10 15 35 35 45 55 16 7 6 5 
9247500 9247652 0 0 0 24 34 0 19 28 -29 -183 -17 64 64 25 20 20 10 11 31 35 45 55 16 8 7 5 
9279000 9279123 0 0 0 14 39 0 9 32 88 -66 -29 64 64 25 20 27 10 13 33 35 45 55 16 6 6 5 
9295500 9295727 0 0 0 25 48 0 23 42 88 -66 -30 65 65 25 20 26 10 13 33 35 45 55 16 7 5 5 
9305500 9305832 0 0 0 -6 10 0 -19 -4 54 -100 -26 66 65 25 20 26 10 13 33 35 45 55 16 6 8 5 
9328000 9328191 0 0 0 8 22 0 2 18 77 -77 -29 66 66 25 20 26 10 13 33 35 45 55 16 5 7 5 
9344500 9344591 0 0 0 23 24 0 14 15 90 -64 -7 64 63 25 20 27 10 12 32 35 45 55 16 7 6 5 
9364000 9364161 0 0 0 18 46 0 17 45 94 -60 -33 64 64 25 20 28 10 12 32 35 45 55 16 7 7 5 
9378500 9378550 0 0 0 30 40 0 27 37 108 -46 -14 62 60 25 20 28 10 12 32 35 45 55 16 7 3 5 
9576000 9576056 0 0 0 34 21 0 28 15 98 -56 -13 63 62 25 20 26 10 14 34 35 45 55 16 7 6 5 
9802500 9802745 0 0 0 11 10 0 1 0 78 -76 -12 63 64 25 20 26 10 14 34 35 45 55 16 5 7 5 
10222500 10222585 0 0 0 6 4 0 -3 -6 73 -81 -15 65 65 25 20 26 10 14 34 35 45 55 16 7 7 5 
10324500 10324714 0 0 0 12 15 0 6 6 81 -73 -19 66 65 25 20 26 10 14 34 35 45 55 16 7 8 5 
10375000 10375150 0 0 0 5 -1 0 -2 -8 73 -81 -12 68 68 25 20 27 10 13 33 35 45 55 16 9 7 5 
10390500 10390564 0 0 0 32 43 0 24 37 79 -98 -15 65 65 25 20 20 10 13 33 35 45 55 16 7 8 5 
10451500 10451505 0 0 0 36 47 0 29 41 35 -119 -18 68 68 25 20 20 10 13 33 35 45 55 16 9 9 5 
10611500 10611552 0 0 0 35 32 0 26 26 105 -49 -10 68 67 25 20 28 10 12 32 35 45 55 16 8 8 5 
10845000 10845212 0 0 0 40 38 0 30 28 107 -47 -24 69 69 25 20 28 10 13 33 35 45 55 16 8 9 5 
11329500 11329581 0 0 0 33 43 0 26 34 105 -49 -14 64 64 25 20 28 10 12 32 35 45 55 16 6 8 5 
11349500 11349574 0 0 0 33 18 0 26 11 102 -75 0 62 61 25 20 20 10 12 32 35 45 55 16 7 8 5 
11746000 11746005 0 0 0 10 15 0 4 8 82 -72 -13 66 66 25 20 27 10 14 34 35 45 55 16 8 7 5 
12189500 12189534 0 0 0 -1 6 0 -10 0 87 -90 -18 62 61 25 20 20 10 14 34 35 45 55 16 7 6 5 
12633500 12633585 0 0 0 4 1 0 -3 -7 70 -84 -22 62 62 25 20 26 10 15 35 35 45 55 16 7 6 5 
12699500 12699627 0 0 0 8 -1 0 2 -5 73 -81 -8 62 63 25 20 26 10 15 35 35 45 55 16 7 8 5 
12719000 12719178 0 0 0 -7 12 0 -20 6 71 -83 -39 69 70 25 20 27 10 13 33 35 45 55 16 7 8 5 
12744500 12744695 0 0 0 -5 19 0 -7 13 -30 -207 -26 65 64 25 20 20 10 13 33 35 45 55 16 7 8 5 
12759500 12759612 0 0 0 -5 16 0 -9 12 2 -175 -24 66 68 25 20 20 10 13 33 35 45 55 16 7 8 5 
12936500 12936504 0 0 0 5 33 0 -2 26 -7 -184 -33 66 66 25 20 20 10 13 33 35 45 55 16 7 7 5 
13490500 13490636 0 0 0 7 19 0 -2 9 73 -81 -24 62 63 25 20 27 10 13 33 35 45 55 16 8 8 5 
14493500 14493589 0 0 0 -5 4 0 -14 -5 60 -94 -26 65 64 25 20 27 10 13 33 35 45 55 16 7 6 5 
14561000 14561127 0 0 0 2 11 0 -6 3 68 -86 -27 66 66 25 20 27 10 14 34 35 45 55 16 7 5 5 
14595000 14595006 0 0 0 16 28 0 6 23 89 -65 -25 65 68 25 20 26 10 14 34 35 45 55 16 8 7 5 
14614500 14614553 0 0 0 27 15 0 1 -4 77 -77 -28 66 66 25 20 26 10 15 35 35 45 55 16 2 8 5 
14632000 14632151 0 0 0 32 16 0 27 8 104 -50 -4 63 61 25 20 26 10 15 35 35 45 55 16 7 8 5 
14655000 14655132 0 0 0 37 34 0 30 30 103 -51 -15 63 62 25 20 26 10 15 35 35 45 55 16 7 4 5 
14822000 14822179 0 0 0 26 26 0 18 19 94 -60 -15 64 64 25 20 26 10 15 35 35 45 55 16 8 8 5 
15202500 15202503 0 0 0 19 20 0 12 16 87 -67 -20 66 67 25 20 26 10 15 35 35 45 55 16 8 8 5 
15213500 15213559 0 0 0 37 70 0 25 62 115 -39 -18 77 77 25 20 26 10 15 35 35 45 55 16 6 4 5 
15223000 15223132 0 0 0 29 51 0 24 44 99 -55 -26 70 69 25 20 26 10 14 34 35 45 55 16 9 6 5 
15234500 15234578 0 0 0 -10 21 0 -14 19 59 -95 -43 72 72 25 20 26 10 14 34 35 45 55 16 6 7 5 
15273000 15273395 0 0 0 -10 14 0 -19 3 58 -96 -41 68 68 25 20 26 10 14 34 35 45 55 16 7 4 5 
15285000 15285337 0 0 0 39 32 0 34 25 124 -53 -6 76 78 25 20 20 10 14 34 35 45 55 16 1 8 5 
15292000 15292383 0 0 0 20 12 0 15 7 97 -57 -2 75 75 25 20 26 10 14 34 35 45 55 16 7 9 5 
15323500 15323598 0 0 0 35 21 0 33 16 112 -42 3 75 77 25 20 25 10 15 35 35 45 55 16 9 6 5 
15381500 15381688 0 0 0 24 14 0 16 7 89 -65 -14 77 76 25 20 25 10 15 35 35 45 55 16 10 9 5 
15522000 15522170 0 0 0 8 3 0 3 -2 71 -83 -26 77 77 25 20 25 10 15 35 35 45 55 16 9 9 5 
15539000 15539420 0 0 0 15 21 0 6 11 74 -80 -28 80 80 25 20 25 10 15 35 35 45 55 16 7 9 5 
15559500 15559842 0 0 0 46 28 0 32 17 114 -63 -11 75 76 25 20 20 10 14 34 35 45 55 16 7 8 5 
15586500 15586814 0 0 0 44 26 0 37 19 121 -56 5 74 72 25 20 20 10 14 34 35 45 55 16 7 8 5 
15664000 15664500 0 -1 1 -13 -6 -53 -34 -29 21 -156 -45 80 77 25 20 20 10 14 34 35 45 55 16 3 5 5 
15733500 15733683 0 2 1 -115 -83 -153 -129 -95 -74 -251 -45 76 78 25 20 20 10 14 34 35 45 55 16 6 5 5 
16132500 16132522 0 -3 1 -27 -12 -49 -28 -13 18 -159 -30 76 77 25 20 20 10 13 33 35 45 55 16 5 9 5 
16850500 16850581 0 0 0 -6 16 0 -9 7 60 -94 -31 71 72 25 20 25 10 13 33 35 45 55 16 6 6 5 
16944500 16944609 0 0 0 -24 2 0 -30 -2 43 -111 -34 68 67 25 20 25 10 13 33 35 45 55 16 7 9 5 
17042000 17042147 0 0 0 -4 9 0 -11 2 28 -149 -29 67 66 25 20 20 10 13 33 35 45 55 16 8 8 5 
17229500 17229660 0 0 0 -11 7 0 -19 0 24 -153 -36 67 66 25 20 20 10 13 33 35 45 55 16 8 8 5 
17945500 17945553 0 0 0 -7 9 0 -17 -1 54 -100 -27 65 65 25 20 25 10 12 32 35 45 55 16 6 5 5 
18767000 18767143 0 0 0 12 28 0 3 19 79 -75 -26 70 68 25 20 26 10 12 32 35 45 55 16 8 9 5 
19116500 19116524 0 0 0 25 34 0 19 27 90 -64 -15 69 70 25 20 26 10 13 33 35 45 55 16 9 8 5 
19137000 19137172 0 0 0 6 28 0 -3 23 74 -80 -27 70 70 25 20 26 10 13 33 35 45 55 16 5 9 5 
19146500 19146535 0 0 0 43 26 0 54 33 118 -36 16 77 77 25 20 20 10 13 33 35 45 55 16 8 7 5 
19160000 19160072 0 0 0 45 18 0 34 7 112 -42 22 77 78 25 20 26 10 13 33 35 45 55 16 8 8 5 
19216500 19216683 0 0 0 39 26 0 29 18 107 -47 3 73 72 25 20 26 10 13 33 35 45 55 16 9 9 5 
19254500 19254661 0 0 0 50 40 0 49 38 117 -37 4 74 74 25 20 20 10 13 33 35 45 55 16 6 9 5 
19303000 19303021 0 0 0 44 37 0 38 32 117 -37 0 73 71 25 20 25 10 14 34 35 45 55 16 9 9 5 
19614500 19614557 0 -1 1 -30 -19 -52 -43 -33 -32 -186 -27 92 93 25 20 20 10 13 33 35 45 55 16 9 9 5 
19625500 19625540 0 14 0 -68 -32 -89 -74 -37 -104 -258 -57 91 92 25 20 20 10 13 33 35 45 55 16 8 12 5 
19877500 19877718 0 2 1 -158 -86 -160 -157 -88 -191 -345 -89 103 103 25 20 20 10 13 31 35 45 55 16 8 9 5 
19917500 19917657 0 -3 1 -47 -12 -47 -56 -22 -86 -240 -63 91 91 25 20 20 10 13 33 35 45 55 16 10 12 5 
19927500 19927612 0 -1 1 -51 -10 -50 -58 -18 -86 -240 -66 95 95 25 20 20 10 13 33 35 45 55 16 10 12 5 
20594500 20594507 0 2 1 -259 -98 -211 -262 -113 -259 -413 -173 100 101 25 20 20 10 13 31 35 45 55 16 8 9 5 
20650500 20651242 0 14 0 -142 -43 -90 -133 -43 -52 -206 -102 90 90 25 20 27 10 12 32 35 45 55 16 7 11 5 
20652500 20652588 0 -3 1 -94 -18 -42 -86 -16 -120 -274 -83 90 89 25 20 20 10 13 33 35 45 55 16 8 9 5 
20700000 20700140 0 0 0 -55 -2 0 -58 -6 12 -142 -61 89 89 25 20 27 10 12 32 35 45 55 16 12 10 5 
20851500 20851666 0 0 0 -42 4 0 -46 1 16 -138 -69 88 87 25 20 27 10 13 33 35 45 55 16 11 11 5 
20872000 20872122 0 0 0 -45 -2 0 -52 -10 8 -146 -65 88 88 25 20 27 10 13 33 35 45 55 16 11 11 5 
21049000 21049090 0 0 0 -47 -4 0 -53 -11 -48 -202 -61 85 86 25 20 20 10 13 33 35 45 55 16 11 11 5 
21190500 21190515 0 0 0 -73 -44 0 -72 -46 -2 -156 -51 86 84 25 20 27 10 14 34 35 45 55 16 9 11 5 
90000 90287 1 0 -1 0 0 0 0 0 0 -114 0 79 77 25 20 20 10 12 32 35 45 55 16 7 3 5 
120000 120088 1 0 0 10 54 0 10 57 8 -143 -46 82 82 25 20 20 10 12 32 35 45 55 16 7 9 5 
236000 236105 1 0 0 -14 7 0 -5 12 -7 -158 -17 81 82 25 20 20 10 12 32 35 45 55 16 9 9 5 
879500 879669 1 0 0 20 45 0 24 52 23 -128 -29 81 84 25 20 18 10 12 32 35 45 55 16 8 11 5 
1228000 1228064 1 0 0 18 49 0 20 52 13 -138 -42 78 79 25 20 27 10 14 34 35 45 55 16 8 8 5 
1635000 1635051 1 0 0 14 40 0 16 44 12 -139 -29 72 71 25 20 19 10 12 32 35 45 55 16 8 8 5 
1809500 1809625 1 0 0 0 33 0 5 39 -12 -163 -35 72 73 25 20 27 10 14 34 35 45 55 16 8 8 5 
1831000 1831079 1 0 0 29 43 0 40 49 30 -121 -18 78 79 25 20 27 10 14 34 35 45 55 16 10 7 5 
1858000 1858133 1 0 0 27 48 0 34 55 14 -137 -23 75 75 25 20 27 10 14 34 35 45 55 16 8 10 5 
1924500 1924508 1 0 0 23 50 0 35 62 38 -113 -34 74 72 25 20 27 10 14 34 35 45 55 16 9 6 5 
1973500 1973630 1 0 0 31 53 0 38 59 30 -121 -31 72 72 25 20 27 10 14 34 35 45 55 16 9 9 5 
2030500 2030581 1 0 0 35 64 0 31 64 29 -122 -34 75 76 25 20 28 10 13 33 35 45 55 16 8 10 5 
2085000 2085167 1 0 0 29 56 0 36 64 47 -104 -27 72 72 25 20 29 10 12 32 35 45 55 16 9 8 5 
2418000 2418212 1 0 0 23 41 0 30 43 30 -121 -12 69 69 25 20 28 10 12 32 35 45 55 16 7 4 5 
2777000 2777197 1 0 0 27 44 0 29 49 36 -115 -24 70 71 25 20 27 10 13 33 35 45 55 16 8 9 5 
2927000 2927181 1 0 0 51 72 0 59 76 45 -106 -7 70 69 25 20 27 10 11 31 35 45 55 16 7 8 5 
3216500 3216656 1 0 0 17 48 0 21 54 19 -132 -32 71 70 25 20 20 10 12 32 35 45 55 16 7 9 5 
3232500 3232695 1 13 0 5 34 25 7 39 4 -147 -32 73 74 25 20 20 10 12 32 35 45 55 16 8 4 5 
3239000 3239113 1 0 0 -35 1 0 -26 10 -30 -181 -36 76 77 25 20 20 10 12 32 35 45 55 16 6 4 5 
3254000 3254015 1 0 0 -8 8 0 -1 16 -12 -163 -24 78 77 25 20 26 10 13 33 35 45 55 16 8 10 5 
3282500 3282595 1 0 0 -22 -2 0 -21 -1 -22 -173 -23 79 78 25 20 26 10 13 33 35 45 55 16 10 9 5 
3336000 3336055 1 0 0 -46 -22 0 -41 -20 -50 -201 -27 79 79 25 20 26 10 13 33 35 45 55 16 9 10 5 
3444500 3444563 1 0 0 -67 -26 0 -61 -18 -64 -215 -42 82 83 25 20 20 10 13 33 35 45 55 16 10 7 5 
3483000 3483144 1 0 0 -60 -20 0 -52 -13 -52 -203 -38 84 85 25 20 26 10 13 33 35 45 55 16 8 10 5 
3495500 3495589 1 0 0 -72 -25 0 -65 -21 -66 -217 -45 84 84 25 20 26 10 13 33 35 45 55 16 11 11 5 
3502000 3502057 1 13 0 -25 15 -2 -19 18 -7 -158 -36 83 84 25 20 26 10 13 33 35 45 55 16 9 8 5 
3506500 3506667 1 0 0 11 56 0 21 65 20 -131 -42 80 80 25 20 20 10 13 33 35 45 55 16 8 9 5 
3540500 3540566 1 0 0 27 66 0 32 73 24 -127 -34 78 80 25 20 27 10 12 32 35 45 55 16 8 9 5 
3789500 3789528 1 0 0 39 62 0 45 69 25 -126 -29 78 80 25 20 27 10 13 33 35 45 55 16 9 10 5 
4017500 4017624 1 0 0 14 37 0 14 35 5 -146 -35 77 77 25 20 27 10 14 34 35 45 55 16 10 9 5 
4252500 4252618 1 0 0 40 57 0 44 61 40 -111 -19 73 72 25 20 18 10 12 32 35 45 55 16 9 9 5 
4523500 4523555 1 0 0 27 42 0 31 47 11 -140 -24 72 71 25 20 28 10 14 34 35 45 55 16 9 9 5 
4572000 4572029 1 0 0 39 68 0 45 79 24 -127 -42 71 71 25 20 28 10 14 34 35 45 55 16 7 7 5 
4585500 4585646 1 0 0 0 21 0 5 27 2 -149 -21 73 74 25 20 18 10 12 32 35 45 55 16 9 8 5 
4653000 4653010 1 0 0 -9 9 0 2 14 -23 -174 -28 72 73 25 20 28 10 14 34 35 45 55 16 9 8 5 
4663000 4663066 1 0 0 7 21 0 14 24 4 -147 -18 71 69 25 20 28 10 13 33 35 45 55 16 8 9 5 
4851500 4851670 1 0 0 16 24 0 17 24 12 -139 -13 74 74 25 20 27 10 13 33 35 45 55 16 5 8 5 
4893000 4893042 1 0 0 14 40 0 25 52 22 -129 -25 70 68 25 20 18 10 12 32 35 45 55 16 8 7 5 
5091500 5091551 1 0 0 25 45 0 32 52 18 -133 -34 69 70 25 20 27 10 14 34 35 45 55 16 9 8 5 
5137500 5137637 1 0 0 16 41 0 20 45 14 -137 -38 70 70 25 20 27 10 14 34 35 45 55 16 8 6 5 
5613000 5613009 1 0 0 19 38 0 24 43 17 -134 -30 70 72 25 20 27 10 14 34 35 45 55 16 6 8 5 
5976500 5976690 1 0 0 24 42 0 30 50 27 -124 -23 68 68 25 20 27 10 14 34 35 45 55 16 8 9 5 
6015000 6015015 1 0 0 20 39 0 19 39 16 -135 -21 69 69 25 20 20 10 13 33 35 45 55 16 7 7 5 
6038500 6038627 1 0 0 -8 6 0 -1 11 -22 -173 -12 78 77 25 20 27 10 14 34 35 45 55 16 5 8 5 
6052500 6052581 1 0 0 0 15 0 2 17 4 -147 -23 73 73 25 20 27 10 14 34 35 45 55 16 8 8 5 
6068500 6068700 1 0 0 3 21 0 6 25 0 -151 -24 71 71 25 20 27 10 14 34 35 45 55 16 9 9 5 
6101000 6101113 1 0 0 -27 -13 0 -25 -9 -28 -179 -19 72 71 25 20 27 10 14 34 35 45 55 16 9 8 5 
6372000 6372156 1 0 0 -15 3 0 -7 9 -16 -167 -22 72 72 25 20 27 10 14 34 35 45 55 16 9 5 5 
6379500 6379782 1 13 0 28 61 14 42 71 40 -111 -29 71 69 25 20 18 10 13 33 35 45 55 16 5 7 5 
6386000 6386045 1 0 0 40 58 0 45 62 31 -120 -25 69 70 25 20 27 10 14 34 35 45 55 16 8 7 5 
6534500 6534652 1 0 0 34 54 0 36 57 27 -124 -28 67 67 25 20 27 10 14 34 35 45 55 16 8 8 5 
6609500 6609603 1 0 0 23 42 0 24 48 28 -123 -30 68 68 25 20 27 10 14 34 35 45 55 16 7 9 5 
6887000 6887068 1 0 0 38 69 0 41 76 40 -111 -35 67 67 25 20 19 10 13 33 35 45 55 16 6 5 5 
6903000 6903214 1 0 0 -3 16 0 6 28 4 -147 -22 67 65 25 20 19 10 13 33 35 45 55 16 3 7 5 
6936500 6936536 1 0 0 16 33 0 24 38 20 -131 -19 66 64 25 20 27 10 14 34 35 45 55 16 7 6 5 
7120500 7120662 1 0 0 -8 11 0 -9 15 -2 -153 -29 65 64 25 20 27 10 14 34 35 45 55 16 6 5 5 
7138000 7138455 1 0 0 -7 6 0 -7 8 -3 -154 -19 63 64 25 20 27 10 14 34 35 45 55 16 6 8 5 
7331000 7331038 1 0 0 -8 14 0 -6 16 -5 -156 -24 66 67 25 20 26 10 15 35 35 45 55 16 7 7 5 
7707000 7707050 1 0 0 -3 21 0 3 26 -5 -156 -27 68 68 25 20 26 10 15 35 35 45 55 16 9 8 5 
7874000 7874067 1 0 0 -2 10 0 2 12 9 -142 -15 67 66 25 20 26 10 15 35 35 45 55 16 7 8 5 
8091500 8091692 1 0 0 5 21 0 7 23 -3 -154 -29 67 68 25 20 26 10 15 35 35 45 55 16 8 8 5 
8262000 8262635 1 0 0 39 62 0 43 69 38 -113 -27 67 66 25 20 26 10 14 34 35 45 55 16 7 5 5 
8391500 8391537 1 0 0 35 52 0 41 60 45 -106 -25 69 68 25 20 26 10 14 34 35 45 55 16 8 7 5 
8528500 8528618 1 0 0 39 53 0 47 61 42 -109 -23 68 68 25 20 26 10 14 34 35 45 55 16 6 8 5 
8575500 8575709 1 0 0 36 56 0 44 62 48 -103 -21 67 66 25 20 26 10 14 34 35 45 55 16 8 8 5 
8676500 8676686 1 0 0 41 63 0 48 66 26 -105 -18 66 66 25 20 20 10 13 33 35 45 55 16 8 7 5 
8699000 8699432 1 0 0 -6 4 0 9 17 -14 -145 -8 66 66 25 20 20 10 13 33 35 45 55 16 4 6 5 
8724500 8724577 1 0 0 -5 2 0 -3 3 3 -148 -14 65 66 25 20 26 10 14 34 35 45 55 16 8 7 5 
8765500 8765671 1 0 0 8 23 0 14 27 10 -141 -13 64 64 25 20 26 10 14 34 35 45 55 16 7 6 5 
8784500 8784500 1 0 0 -4 15 0 0 23 -22 -153 -23 65 66 25 20 20 10 13 33 35 45 55 16 7 8 5 
8820000 8820171 1 0 0 21 46 0 23 47 0 -131 -24 65 65 25 20 20 10 13 33 35 45 55 16 7 7 5 
8908000 8908053 1 0 0 25 49 0 32 53 9 -122 -21 64 64 25 20 20 10 13 33 35 45 55 16 7 7 5 
8969000 8969465 1 0 0 43 50 0 49 55 36 -115 -9 62 62 25 20 26 10 14 34 35 45 55 16 5 6 5 
9087000 9087334 1 0 0 27 49 0 28 53 26 -125 -26 64 65 25 20 26 10 14 34 35 45 55 16 5 5 5 
9107000 9107007 1 0 0 5 11 0 11 22 0 -151 -23 62 61 25 20 26 10 14 34 35 45 55 16 7 7 5 
9153000 9153149 1 0 0 10 18 0 18 28 -4 -155 -30 61 61 25 20 25 10 15 35 35 45 55 16 7 8 5 
9177000 9177067 1 0 0 3 16 0 9 19 13 -138 -21 62 62 25 20 25 10 15 35 35 45 55 16 6 8 5 
9190500 9190528 1 0 0 44 64 0 47 72 25 -106 -25 65 63 25 20 20 10 12 32 35 45 55 16 5 6 5 
9222000 9222128 1 0 0 24 41 0 24 44 38 -113 -25 67 68 25 20 25 10 15 35 35 45 55 16 8 5 5 
9249500 9249528 1 0 0 51 61 0 58 69 55 -96 -11 64 63 25 20 20 10 11 31 35 45 55 16 7 8 5 
9279000 9279123 1 0 0 29 49 0 34 53 40 -111 -28 64 64 25 20 27 10 13 33 35 45 55 16 6 6 5 
9296000 9296421 1 0 0 34 49 0 33 52 47 -104 -20 65 63 25 20 26 10 13 33 35 45 55 16 7 5 5 
9305500 9305832 1 0 0 38 56 0 41 65 32 -119 -23 66 65 25 20 26 10 13 33 35 45 55 16 6 8 5 
9328000 9328191 1 0 0 43 53 0 48 55 45 -106 -14 66 66 25 20 26 10 13 33 35 45 55 16 5 7 5 
9345000 9345068 1 0 0 44 47 0 56 58 49 -102 -6 64 63 25 20 27 10 12 32 35 45 55 16 7 6 5 
9364500 9364628 1 0 0 26 35 0 26 35 39 -112 -19 64 63 25 20 28 10 12 32 35 45 55 16 7 7 5 
9378500 9378550 1 0 0 8 15 0 10 19 11 -140 -18 62 60 25 20 28 10 12 32 35 45 55 16 7 3 5 
9580000 9580331 1 0 0 9 10 0 16 17 14 -137 -21 64 66 25 20 26 10 14 34 35 45 55 16 5 5 5 
9808000 9808428 1 0 0 -7 7 0 -2 14 4 -147 -20 64 65 25 20 26 10 14 34 35 45 55 16 6 8 5 
10224500 10224904 1 0 0 -6 6 0 0 11 -1 -152 -13 65 66 25 20 26 10 14 34 35 45 55 16 6 6 5 
10327500 10327670 1 0 0 -2 4 0 4 8 10 -141 -13 66 65 25 20 26 10 14 34 35 45 55 16 7 8 5 
10375500 10375595 1 0 0 -15 6 0 -12 11 -14 -165 -22 68 66 25 20 20 10 13 33 35 45 55 16 9 7 5 
10391000 10391024 1 0 0 33 53 0 35 57 12 -119 -22 65 66 25 20 20 10 13 33 35 45 55 16 7 8 5 
10452500 10452595 1 0 0 40 53 0 50 57 55 -96 -7 68 68 25 20 27 10 13 33 35 45 55 16 9 8 5 
10614500 10614574 1 0 0 29 45 0 32 52 43 -108 -14 69 70 25 20 28 10 12 32 35 45 55 16 9 9 5 
10848000 10848102 1 0 0 45 63 0 56 74 55 -96 -18 66 66 25 20 28 10 13 33 35 45 55 16 8 8 5 
11328500 11328660 1 0 0 40 64 0 44 70 40 -111 -27 64 65 25 20 28 10 12 32 35 45 55 16 7 7 5 
11348500 11348615 1 0 0 2 17 0 2 19 -19 -150 -17 62 62 25 20 20 10 12 32 35 45 55 16 7 8 5 
11752500 11752627 1 0 0 -5 20 0 -3 23 13 -138 -26 65 65 25 20 27 10 14 34 35 45 55 16 7 7 5 
12197000 12197148 1 0 0 1 17 0 3 21 -19 -150 -18 61 62 25 20 20 10 14 34 35 45 55 16 8 7 5 
12641000 12641184 1 0 0 0 12 0 6 15 4 -147 -19 64 65 25 20 26 10 15 35 35 45 55 16 7 7 5 
12703000 12703193 1 0 0 4 10 0 11 16 8 -143 -10 63 63 25 20 26 10 14 34 35 45 55 16 7 8 5 
12721000 12721150 1 0 0 10 37 0 5 36 20 -131 -30 66 66 25 20 27 10 13 33 35 45 55 16 8 7 5 
12746000 12746083 1 0 0 40 63 0 45 68 23 -108 -22 65 64 25 20 20 10 13 33 35 45 55 16 8 8 5 
12759500 12759612 1 0 0 38 64 0 42 70 19 -112 -28 66 68 25 20 20 10 13 33 35 45 55 16 7 8 5 
12939500 12939691 1 0 0 40 57 0 45 63 22 -109 -20 65 64 25 20 20 10 13 33 35 45 55 16 7 6 5 
13487000 13487210 1 0 0 41 56 0 50 63 53 -98 -17 61 60 25 20 27 10 13 33 35 45 55 16 8 8 5 
14497500 14497520 1 0 0 48 59 0 50 60 40 -111 -13 65 64 25 20 27 10 13 33 35 45 55 16 8 4 5 
14600500 14600819 1 0 0 36 62 0 40 67 46 -105 -30 67 66 25 20 26 10 15 35 35 45 55 16 6 8 5 
14614000 14614553 1 0 0 22 18 0 -1 -2 5 -146 -20 67 66 25 20 26 10 15 35 35 45 55 16 2 8 5 
14632500 14632642 1 0 0 16 17 0 23 27 21 -130 -25 63 63 25 20 26 10 15 35 35 45 55 16 8 8 5 
14656000 14656081 1 0 0 1 24 0 6 35 8 -143 -36 63 64 25 20 26 10 15 35 35 45 55 16 6 4 5 
14825500 14825709 1 0 0 3 14 0 7 18 8 -143 -19 64 65 25 20 26 10 15 35 35 45 55 16 8 7 5 
15202500 15202503 1 0 0 -4 15 0 -2 18 13 -138 -23 66 67 25 20 26 10 15 35 35 45 55 16 8 8 5 
15213500 15213559 1 0 0 39 64 0 37 63 49 -102 -24 77 77 25 20 26 10 15 35 35 45 55 16 6 4 5 
15221500 15221623 1 0 0 33 64 0 38 70 44 -107 -32 70 71 25 20 26 10 14 34 35 45 55 16 7 9 5 
15235000 15235205 1 0 0 30 61 0 34 66 36 -115 -31 72 71 25 20 26 10 14 34 35 45 55 16 7 6 5 
15272000 15272066 1 0 0 15 54 0 20 58 -3 -134 -37 67 67 25 20 20 10 14 34 35 45 55 16 6 6 5 
15285500 15285722 1 0 0 15 42 0 15 43 -7 -138 -27 76 80 25 20 20 10 14 34 35 45 55 16 2 8 5 
15292000 15292383 1 0 0 -12 20 0 -9 25 -3 -154 -32 75 75 25 20 26 10 14 34 35 45 55 16 7 9 5 
15323000 15323197 1 0 0 -11 13 0 -3 21 0 -151 -25 75 75 25 20 25 10 15 35 35 45 55 16 9 7 5 
15379000 15379155 1 0 0 -13 20 0 -10 24 -14 -165 -39 77 77 25 20 25 10 15 35 35 45 55 16 9 10 5 
15524000 15524117 1 0 0 -12 22 0 -11 27 -18 -169 -44 77 78 25 20 25 10 15 35 35 45 55 16 9 9 5 
15539500 15539607 1 0 0 -2 39 0 5 49 -11 -162 -50 80 80 25 20 25 10 15 35 35 45 55 16 7 9 5 
15559500 15559842 1 0 0 6 35 0 7 38 -13 -144 -30 75 76 25 20 20 10 14 34 35 45 55 16 7 8 5 
15587500 15587817 1 0 0 -1 30 0 7 37 -15 -146 -30 74 74 25 20 20 10 14 34 35 45 55 16 6 8 5 
16850500 16850581 1 0 0 39 61 0 47 67 45 -106 -21 71 72 25 20 25 10 13 33 35 45 55 16 6 6 5 
16946000 16946156 1 0 0 27 54 0 34 61 31 -120 -29 68 67 25 20 25 10 13 33 35 45 55 16 8 9 5 
17047500 17047703 1 0 0 42 66 0 49 73 24 -107 -24 67 67 25 20 20 10 13 33 35 45 55 16 7 8 5 
17235000 17235109 1 0 0 39 61 0 43 65 21 -110 -22 66 68 25 20 20 10 13 33 35 45 55 16 7 7 5 
17945500 17945553 1 0 0 40 62 0 46 70 49 -102 -20 65 65 25 20 25 10 12 32 35 45 55 16 6 5 5 
18774500 18774706 1 0 0 62 83 0 69 88 56 -95 -17 69 68 25 20 26 10 12 32 35 45 55 16 8 9 5 
19117500 19117618 1 0 0 55 78 0 62 86 61 -90 -23 69 69 25 20 20 10 13 33 35 45 55 16 8 9 5 
19137000 19137172 1 0 0 60 83 0 62 85 54 -97 -23 70 70 25 20 26 10 13 33 35 45 55 16 5 9 5 
19142000 19142382 1 13 0 20 55 -12 8 50 -15 -146 -44 72 72 25 20 20 10 13 33 35 45 55 16 6 3 5 
19147500 19147505 1 0 0 3 17 0 6 21 -16 -147 -15 77 77 25 20 20 10 13 33 35 45 55 16 8 7 5 
19161500 19161623 1 0 0 9 21 0 14 27 16 -135 -13 76 80 25 20 26 10 13 33 35 45 55 16 8 9 5 
19218500 19218515 1 0 0 -14 15 0 -12 20 -10 -161 -33 74 75 25 20 26 10 13 33 35 45 55 16 9 9 5 
19256000 19256061 1 0 0 -3 19 0 2 24 -21 -152 -23 74 74 25 20 20 10 13 33 35 45 55 16 9 9 5 
19303000 19303021 1 0 0 -5 22 0 0 26 -8 -159 -32 73 71 25 20 25 10 14 34 35 45 55 16 9 9 5 
19611500 19611629 1 -1 1 -57 5 -50 -47 15 -49 -200 -62 92 91 25 20 20 10 13 33 35 45 55 16 10 11 5 
19625000 19625049 1 14 0 -129 -30 -122 -126 -26 -130 -281 -100 91 91 25 20 20 10 13 33 35 45 55 16 8 11 5 
20381500 20381540 1 2 1 -383 -123 -372 -395 -119 -397 -548 -275 100 99 25 20 20 10 13 33 35 45 55 16 13 13 5 
20650500 20651242 1 14 0 -112 29 -99 -88 47 -79 -230 -121 90 90 25 20 27 10 12 32 35 45 55 16 7 11 5 
20652500 20652588 1 -3 1 -56 63 -43 -41 77 -43 -194 -118 90 89 25 20 20 10 13 33 35 45 55 16 8 9 5 
20696000 20696130 1 0 0 -14 71 0 -11 75 -7 -158 -76 89 90 25 20 27 10 12 32 35 45 55 16 10 11 5 
20851500 20851666 1 0 0 17 79 0 25 86 23 -128 -61 88 87 25 20 20 10 13 33 35 45 55 16 11 11 5 
20876000 20876050 1 0 0 -5 64 0 -2 68 -1 -152 -68 87 88 25 20 27 10 13 33 35 45 55 16 11 11 5 
21051500 21051572 1 0 0 -1 62 0 4 68 3 -148 -63 85 85 25 20 27 10 13 33 35 45 55 16 11 10 5 
21192000 21192088 1 0 0 -22 30 0 -16 36 -21 -172 -59 86 84 25 20 27 10 14 34 35 45 55 16 11 11 5 
