48500 48639 0 0 -1 0 -56 0 3 -54 0 84 56 71 70 25 20 20 10 10 30 35 45 55 16 9 9 5 
86000 86204 0 0 0 -15 -63 0 -15 -62 -16 68 47 63 60 25 20 20 10 10 30 35 45 55 16 8 8 5 
213500 213614 0 0 0 3 -61 0 6 -59 4 88 65 64 66 25 20 20 10 10 30 35 45 55 16 8 8 5 
433000 433241 0 0 0 -24 -72 0 -22 -71 -22 62 50 60 60 25 20 20 10 10 30 35 45 55 16 7 8 5 
465000 465096 0 0 0 -7 -60 0 -7 -60 -8 76 55 73 71 25 20 20 10 10 30 35 45 55 16 9 9 5 
937500 937571 0 0 0 -31 -85 0 -29 -83 -30 54 56 67 65 25 20 19 10 10 30 35 45 55 16 8 9 5 
1029500 1029604 0 0 0 -23 -72 0 -21 -70 -24 60 48 74 80 25 20 19 10 10 30 35 45 55 16 9 10 5 
1327500 1327554 0 0 0 -35 -81 0 -34 -79 -35 49 45 74 77 25 20 17 10 10 30 35 45 55 16 9 10 5 
1638500 1638650 0 0 0 -19 -70 0 -18 -69 -19 65 52 65 64 25 20 18 10 11 31 35 45 55 16 8 8 5 
1948000 1948217 0 0 0 -25 -79 0 -23 -77 -23 61 54 66 67 25 20 17 10 10 30 35 45 55 16 8 8 5 
2002500 2002505 0 0 0 -19 -71 0 -17 -69 -19 65 52 67 64 25 20 18 10 10 30 35 45 55 16 8 9 5 
2056000 2056019 0 -1 1 29 -35 54 24 -38 24 108 62 67 66 25 20 18 10 10 30 35 45 55 16 8 9 5 
2076500 2076579 0 2 1 253 169 279 256 172 254 338 84 66 63 25 20 17 10 9 29 35 45 55 16 8 8 5 
2120500 2120599 0 -3 1 16 -68 47 13 -72 12 96 86 64 59 25 20 16 10 9 29 35 45 55 16 8 8 5 
2214500 2214680 0 0 0 -41 -76 0 -38 -74 -39 45 36 64 64 25 20 17 10 10 30 35 45 55 16 8 8 5 
2421000 2421153 0 -1 1 1 -47 60 5 -44 5 89 51 69 73 25 20 19 10 9 29 35 45 55 16 9 8 5 
2429000 2429011 0 2 1 144 71 203 148 75 147 231 74 61 56 25 20 19 10 9 29 35 45 55 16 8 7 5 
2439000 2439080 0 -3 1 -19 -58 42 -22 -61 -24 60 39 58 59 25 20 19 10 9 29 35 45 55 16 7 7 5 
2535000 2535180 0 0 0 -69 -108 0 -68 -109 -70 14 40 59 58 25 20 19 10 9 29 35 45 55 16 7 7 5 
2591000 2591110 0 0 0 -74 -111 0 -73 -110 -75 9 37 58 57 25 20 19 10 9 29 35 45 55 16 7 7 5 
2606000 2606185 0 13 0 -34 -88 11 -27 -82 -27 57 57 76 79 25 20 18 10 9 29 35 45 55 16 9 10 5 
2621000 2621116 0 0 0 -14 -75 0 -14 -73 -16 68 60 72 76 25 20 18 10 9 29 35 45 55 16 9 9 5 
2643500 2643547 0 0 0 5 -71 0 8 -70 7 91 78 70 68 25 20 18 10 9 29 35 45 55 16 9 8 5 
2737500 2737586 0 0 0 -29 -84 0 -27 -82 -31 53 53 66 70 25 20 18 10 9 29 35 45 55 16 8 8 5 
3092000 3092163 0 0 0 -32 -102 0 -31 -100 -32 52 71 71 71 25 20 17 10 11 31 35 45 55 16 9 9 5 
3463000 3463156 0 0 0 -15 -73 0 -14 -72 -14 70 59 59 58 25 20 19 10 10 30 35 45 55 16 7 7 5 
3954500 3954647 0 0 0 -5 -74 0 -4 -74 -4 80 72 69 70 25 20 19 10 10 30 35 45 55 16 9 8 5 
4635000 4635138 0 0 0 -6 -72 0 -4 -71 -5 79 66 70 72 25 20 19 10 10 30 35 45 55 16 9 9 5 
4758500 4758505 0 0 0 -8 -65 0 -6 -62 -9 75 55 60 59 25 20 19 10 10 30 35 45 55 16 7 8 5 
5358500 5358530 0 0 0 2 -65 0 3 -64 1 85 67 71 72 25 20 19 10 10 30 35 45 55 16 9 9 5 
5537000 5537001 0 0 0 -19 -79 0 -19 -78 -20 64 60 72 68 25 20 19 10 10 30 35 45 55 16 9 9 5 
5865000 5865211 0 0 0 -33 -89 0 -33 -89 -35 49 55 68 68 25 20 19 10 10 30 35 45 55 16 9 9 5 
6007500 6007519 0 0 0 -50 -106 0 -48 -104 -48 36 57 69 73 25 20 19 10 10 30 35 45 55 16 9 8 5 
6247500 6247574 0 0 0 -29 -85 0 -28 -84 -29 55 56 75 75 25 20 19 10 10 30 35 45 55 16 10 9 5 
6622500 6622573 0 0 0 -36 -84 0 -34 -83 -38 46 47 70 69 25 20 19 10 10 30 35 45 55 16 9 9 5 
7003000 7003150 0 0 0 -31 -84 0 -28 -81 -29 55 53 74 77 25 20 18 10 10 30 35 45 55 16 9 9 5 
7338500 7338584 0 0 0 -22 -99 0 -20 -97 -22 62 75 79 81 25 20 17 10 10 30 35 45 55 16 10 10 5 
7710000 7710120 0 0 0 4 -69 0 4 -68 2 86 71 85 83 25 20 17 10 10 30 35 45 55 16 11 11 5 
7745500 7745546 0 0 0 -39 -87 0 -38 -85 -40 44 47 83 84 25 20 17 10 10 30 35 45 55 16 11 11 5 
8000500 8000625 0 0 0 -54 -91 0 -51 -89 -54 30 37 66 66 25 20 17 10 10 30 35 45 55 16 8 8 5 
8010000 8010027 0 13 0 -25 -77 -1 -22 -75 -25 59 51 84 85 25 20 17 10 10 30 35 45 55 16 10 11 5 
8019500 8019525 0 0 0 5 -66 0 7 -64 6 90 72 84 84 25 20 17 10 10 30 35 45 55 16 11 11 5 
8216000 8216217 0 0 0 -10 -82 0 -9 -81 -11 73 72 69 67 25 20 17 10 10 30 35 45 55 16 9 9 5 
8428000 8428097 0 0 0 -7 -82 0 -6 -81 -8 76 73 75 74 25 20 17 10 10 30 35 45 55 16 9 10 5 
8621000 8621011 0 0 0 6 -59 0 10 -57 8 92 66 80 80 25 20 17 10 10 30 35 45 55 16 10 8 5 
8642000 8642216 0 13 0 -30 -75 -7 -27 -73 -29 55 46 63 61 25 20 17 10 10 30 35 45 55 16 8 8 5 
8660500 8660706 0 0 0 -49 -91 0 -50 -90 -51 33 41 56 56 25 20 17 10 10 30 35 45 55 16 7 7 5 
8775000 8775014 0 0 0 -50 -91 0 -48 -89 -50 34 40 58 57 25 20 17 10 10 30 35 45 55 16 7 7 5 
8925000 8925084 0 0 0 -32 -77 0 -31 -77 -32 52 47 59 58 25 20 17 10 10 30 35 45 55 16 7 8 5 
9153500 9153590 0 0 0 -59 -88 0 -60 -89 -62 22 29 56 53 25 20 18 10 10 30 35 45 55 16 7 7 5 
9592500 9592560 0 0 0 -41 -76 0 -40 -75 -41 43 35 56 54 25 20 18 10 10 30 35 45 55 16 7 7 5 
10143500 10143587 0 0 0 -45 -80 0 -43 -79 -44 40 36 57 56 25 20 18 10 10 30 35 45 55 16 7 7 5 
10278500 10278524 0 0 0 -42 -76 0 -40 -74 -43 41 33 59 59 25 20 18 10 10 30 35 45 55 16 7 7 5 
10734500 10734651 0 0 0 -39 -72 0 -38 -71 -39 45 34 56 52 25 20 18 10 10 30 35 45 55 16 7 7 5 
11006000 11006223 0 0 0 -47 -81 0 -46 -80 -48 36 34 55 53 25 20 19 10 10 30 35 45 55 16 7 7 5 
11272500 11272651 0 0 0 -39 -69 0 -38 -68 -41 43 29 61 60 25 20 19 10 10 30 35 45 55 16 8 8 5 
11786000 11786128 0 0 0 -45 -76 0 -42 -74 -43 41 33 52 47 25 20 19 10 10 30 35 45 55 16 7 6 5 
12519500 12519705 0 0 0 -39 -73 0 -37 -71 -37 47 35 58 54 25 20 19 10 10 30 35 45 55 16 7 7 5 
12772500 12772593 0 0 0 -31 -67 0 -30 -66 -31 53 35 60 57 25 20 19 10 10 30 35 45 55 16 7 8 5 
12827000 12827139 0 0 0 -18 -61 0 -18 -60 -20 64 42 73 71 25 20 18 10 10 30 35 45 55 16 9 9 5 
12857000 12857019 0 0 0 23 -44 0 23 -44 21 105 67 91 89 25 20 18 10 10 30 35 45 55 16 12 12 5 
12892500 12892592 0 0 0 4 -57 0 5 -56 2 86 60 81 79 25 20 18 10 10 30 35 45 55 16 10 10 5 
12896000 12896090 0 13 0 -9 -65 1 -8 -65 -9 75 55 81 77 25 20 18 10 10 30 35 45 55 16 10 9 5 
12905500 12905660 0 0 0 -46 -81 0 -45 -79 -47 37 35 60 58 25 20 18 10 10 30 35 45 55 16 7 7 5 
13102500 13102695 0 0 0 -65 -98 0 -63 -97 -64 20 34 52 52 25 20 18 10 10 30 35 45 55 16 6 7 5 
13475500 13475763 0 0 0 -55 -85 0 -54 -85 -55 29 30 55 54 25 20 18 10 10 30 35 45 55 16 7 7 5 
13800000 13800099 0 0 0 -61 -92 0 -62 -92 -64 20 29 49 49 25 20 18 10 10 30 35 45 55 16 6 6 5 
14282000 14282155 0 0 0 -43 -75 0 -43 -75 -45 39 33 51 49 25 20 18 10 10 30 35 45 55 16 6 6 5 
14870500 14870699 0 0 0 -54 -83 0 -52 -81 -54 30 29 51 53 25 20 18 10 10 30 35 45 55 16 6 6 5 
15525000 15525181 0 0 0 -43 -72 0 -39 -69 -41 43 29 60 65 25 20 18 10 10 30 35 45 55 16 8 8 5 
16151000 16151055 0 0 0 -41 -70 0 -40 -69 -41 43 30 53 52 25 20 18 10 10 30 35 45 55 16 7 6 5 
16976000 16976251 0 0 0 -26 -64 0 -25 -62 -25 59 38 59 59 25 20 18 10 10 30 35 45 55 16 7 7 5 
17195500 17195715 0 0 0 -25 -64 0 -23 -61 -25 59 38 65 67 25 20 18 10 10 30 35 45 55 16 8 8 5 
17208000 17208079 0 0 0 -47 -79 0 -46 -78 -48 36 32 56 59 25 20 18 10 10 30 35 45 55 16 7 7 5 
17243500 17243697 0 0 0 -45 -79 0 -45 -78 -46 38 34 60 63 25 20 18 10 10 30 35 45 55 16 8 7 5 
17253500 17253692 0 0 0 -36 -75 0 -37 -75 -38 46 40 58 54 25 20 18 10 10 30 35 45 55 16 7 7 5 
17271500 17271615 0 0 0 -13 -65 0 -11 -64 -12 72 52 70 69 25 20 18 10 10 30 35 45 55 16 9 9 5 
17313500 17313506 0 0 0 -6 -52 0 -5 -52 -6 78 48 60 61 25 20 18 10 10 30 35 45 55 16 8 8 5 
17370000 17370027 0 0 0 -14 -67 0 -13 -66 -15 69 52 70 66 25 20 18 10 10 30 35 45 55 16 10 8 5 
17426000 17426046 0 0 0 -23 -63 0 -22 -62 -24 60 39 66 68 25 20 18 10 10 30 35 45 55 16 7 7 5 
17454500 17454702 0 0 0 -28 -79 0 -27 -78 -29 55 51 70 71 25 20 18 10 10 30 35 45 55 16 9 9 5 
17478500 17478708 0 0 0 -2 -59 0 -3 -59 -4 80 56 65 59 25 20 18 10 10 30 35 45 55 16 8 8 5 
17567000 17567090 0 0 0 1 -61 0 3 -59 1 85 62 79 79 25 20 18 10 10 30 35 45 55 16 10 9 5 
17578000 17578048 0 0 0 -36 -77 0 -34 -75 -36 48 41 53 54 25 20 18 10 10 30 35 45 55 16 7 7 5 
17586500 17586546 0 0 0 -52 -92 0 -51 -91 -53 31 41 54 61 25 20 18 10 10 30 35 45 55 16 7 7 5 
17602500 17602697 0 0 0 -37 -90 0 -37 -90 -39 45 51 69 68 25 20 18 10 10 30 35 45 55 16 8 9 5 
17624000 17624223 0 0 0 -36 -93 0 -35 -92 -36 48 58 61 58 25 20 18 10 10 30 35 45 55 16 7 8 5 
17645500 17645702 0 0 0 -9 -71 0 -8 -69 -9 75 61 65 66 25 20 18 10 10 30 35 45 55 16 7 7 5 
17702000 17705133 0 0 0 -26 -86 0 -30 -78 -31 53 48 61 67 25 20 18 10 10 30 35 45 55 16 0 6 5 
17818000 17818171 0 0 0 0 -69 0 1 -68 0 84 70 68 67 25 20 18 10 10 30 35 45 55 16 9 8 5 
17961500 17961512 0 0 0 0 -70 0 3 -68 0 84 71 76 77 25 20 18 10 10 30 35 45 55 16 10 10 5 
18453500 18453630 0 0 0 2 -92 0 0 -91 0 84 91 72 61 25 20 17 10 10 30 35 45 55 16 9 8 5 
18543500 18543519 0 0 0 -3 -81 0 -3 -80 -4 80 78 65 65 25 20 17 10 10 30 35 45 55 16 8 8 5 
18594500 18594572 0 0 0 6 -77 0 10 -75 8 92 86 67 64 25 20 17 10 10 30 35 45 55 16 9 8 5 
18808000 18808031 0 0 0 0 -80 0 0 -80 -1 83 81 64 65 25 20 17 10 10 30 35 45 55 16 8 8 5 
18866000 18866016 0 0 0 11 -65 0 12 -64 10 94 76 66 68 25 20 17 10 10 30 35 45 55 16 9 8 5 
18960000 18960149 0 0 0 20 -57 0 20 -57 19 103 76 66 67 25 20 17 10 10 30 35 45 55 16 8 8 5 
19098500 19098595 0 0 0 20 -53 0 23 -52 20 104 74 62 62 25 20 17 10 10 30 35 45 55 16 8 8 5 
19263500 19263507 0 0 0 28 -45 0 30 -43 30 114 73 61 61 25 20 17 10 10 30 35 45 55 16 8 8 5 
19485000 19485100 0 0 0 32 -38 0 33 -37 31 115 69 63 64 25 20 17 10 10 30 35 45 55 16 8 8 5 
19623500 19623502 0 0 0 29 -39 0 28 -38 27 111 66 59 58 25 20 17 10 10 30 35 45 55 16 7 7 5 
19753000 19753019 0 0 0 9 -49 0 10 -48 7 91 57 61 60 25 20 17 10 10 30 35 45 55 16 7 8 5 
48500 48639 1 0 -1 0 10 0 1 11 0 -47 -11 71 70 25 20 20 10 10 30 35 45 55 16 9 9 5 
86000 86204 1 0 0 -18 7 0 -15 8 -14 -61 -22 63 60 25 20 20 10 10 30 35 45 55 16 8 8 5 
213500 213614 1 0 0 -19 -12 0 -18 -13 -18 -65 -7 64 66 25 20 20 10 10 30 35 45 55 16 8 8 5 
448000 448135 1 0 0 -33 -25 0 -33 -26 -31 -78 -6 63 58 25 20 20 10 10 30 35 45 55 16 8 8 5 
470500 470565 1 0 0 15 12 0 16 13 15 -32 3 79 83 25 20 20 10 10 30 35 45 55 16 10 10 5 
937500 937571 1 0 0 -7 2 0 -5 3 -4 -51 -8 67 65 25 20 19 10 10 30 35 45 55 16 8 9 5 
1025500 1025682 1 0 0 -2 9 0 0 10 1 -46 -11 70 66 25 20 19 10 10 30 35 45 55 16 9 9 5 
1320000 1320142 1 0 0 -6 8 0 -5 9 -5 -52 -14 71 70 25 20 18 10 10 30 35 45 55 16 9 9 5 
1646000 1646021 1 0 0 2 0 0 2 1 4 -43 3 65 62 25 20 18 10 11 31 35 45 55 16 8 8 5 
1948000 1948217 1 0 0 -10 0 0 -9 1 -10 -57 -12 66 67 25 20 17 10 10 30 35 45 55 16 8 8 5 
2002500 2002505 1 0 0 -2 6 0 0 7 0 -47 -8 67 64 25 20 18 10 10 30 35 45 55 16 8 9 5 
2071000 2071088 1 -1 1 -57 -41 -51 -55 -40 -54 -101 -16 64 64 25 20 17 10 9 29 35 45 55 16 8 8 5 
2104000 2104127 1 2 1 -149 -143 -141 -148 -141 -146 -193 -5 93 91 25 20 16 10 8 28 35 45 55 16 12 10 5 
2118000 2118123 1 -3 1 -58 -55 -49 -57 -53 -57 -104 -3 67 67 25 20 16 10 9 29 35 45 55 16 8 9 5 
2231000 2231199 1 0 0 -17 -6 0 -15 -4 -15 -62 -11 58 63 25 20 17 10 10 30 35 45 55 16 7 7 5 
2529500 2529648 1 0 0 -14 13 0 -15 12 -16 -63 -29 63 65 25 20 19 10 9 29 35 45 55 16 7 8 5 
2576000 2576008 1 0 0 -17 10 0 -16 11 -15 -62 -26 63 61 25 20 19 10 9 29 35 45 55 16 8 8 5 
2613500 2613704 1 0 0 0 18 0 0 18 0 -47 -18 75 73 25 20 18 10 9 29 35 45 55 16 10 9 5 
2643500 2643547 1 0 0 -1 17 0 -1 18 -1 -48 -20 70 68 25 20 18 10 9 29 35 45 55 16 9 8 5 
3093500 3093584 1 0 0 -8 -4 0 -7 -3 -6 -53 -4 71 77 25 20 17 10 11 31 35 45 55 16 9 9 5 
3474500 3474525 1 0 0 -17 -6 0 -15 -5 -13 -60 -10 61 63 25 20 19 10 10 30 35 45 55 16 8 8 5 
3990000 3990165 1 0 0 0 4 0 0 4 1 -46 -5 68 66 25 20 19 10 10 30 35 45 55 16 9 8 5 
4646000 4646168 1 0 0 -1 2 0 -2 4 -1 -48 -6 71 73 25 20 19 10 10 30 35 45 55 16 9 9 5 
4755000 4755148 1 0 0 -10 -9 0 -10 -9 -11 -58 -2 59 59 25 20 19 10 10 30 35 45 55 16 7 7 5 
5358500 5358530 1 0 0 2 0 0 2 0 3 -44 4 71 72 25 20 19 10 10 30 35 45 55 16 9 9 5 
5538500 5538667 1 0 0 -6 -4 0 -6 -4 -5 -52 -2 72 76 25 20 19 10 10 30 35 45 55 16 9 9 5 
5829500 5829669 1 0 0 -13 -11 0 -11 -10 -10 -57 -1 73 75 25 20 19 10 10 30 35 45 55 16 9 9 5 
6011000 6011218 1 0 0 8 -1 0 8 -1 8 -39 8 64 67 25 20 19 10 10 30 35 45 55 16 8 8 5 
6247500 6247574 1 0 0 0 3 0 3 6 3 -44 -5 75 75 25 20 19 10 10 30 35 45 55 16 10 9 5 
6630000 6630030 1 0 0 -13 -6 0 -12 -4 -11 -58 -8 70 69 25 20 19 10 10 30 35 45 55 16 9 9 5 
7027500 7027636 1 0 0 -9 -1 0 -9 0 -9 -56 -9 70 70 25 20 18 10 10 30 35 45 55 16 9 9 5 
7342500 7342643 1 0 0 -2 -1 0 -2 -2 -2 -49 0 76 72 25 20 17 10 10 30 35 45 55 16 9 10 5 
7710000 7710120 1 0 0 -11 0 0 -10 1 -9 -56 -10 85 83 25 20 17 10 10 30 35 45 55 16 11 11 5 
7743500 7743565 1 0 0 -20 -3 0 -19 -3 -19 -66 -16 82 82 25 20 17 10 10 30 35 45 55 16 10 11 5 
7995000 7995145 1 0 0 -12 6 0 -13 5 -13 -60 -17 67 66 25 20 17 10 10 30 35 45 55 16 8 8 5 
8058500 8058519 1 0 0 -2 10 0 -4 8 -4 -51 -13 72 68 25 20 17 10 10 30 35 45 55 16 10 9 5 
8246000 8246142 1 0 0 6 4 0 7 5 7 -40 2 71 72 25 20 17 10 10 30 35 45 55 16 9 9 5 
8628500 8628534 1 0 0 -1 6 0 -2 5 -1 -48 -7 63 61 25 20 17 10 10 30 35 45 55 16 8 8 5 
8662500 8662597 1 0 0 -23 -15 0 -24 -15 -23 -70 -8 55 55 25 20 17 10 10 30 35 45 55 16 7 7 5 
8782500 8782718 1 0 0 2 13 0 4 13 4 -43 -10 58 58 25 20 17 10 10 30 35 45 55 16 7 7 5 
8943500 8943674 1 0 0 -8 3 0 -9 2 -8 -55 -11 59 58 25 20 17 10 10 30 35 45 55 16 7 7 5 
9146000 9146142 1 0 0 -6 8 0 -5 8 -4 -51 -13 52 53 25 20 18 10 10 30 35 45 55 16 6 7 5 
9594500 9594718 1 0 0 1 14 0 2 14 2 -45 -12 57 57 25 20 18 10 10 30 35 45 55 16 7 7 5 
10117500 10117547 1 0 0 1 15 0 3 16 4 -43 -13 56 56 25 20 18 10 10 30 35 45 55 16 7 7 5 
10267500 10267676 1 0 0 5 18 0 5 19 2 -45 -16 63 70 25 20 18 10 10 30 35 45 55 16 8 8 5 
10758500 10758728 1 0 0 15 28 0 17 29 16 -31 -13 63 59 25 20 18 10 10 30 35 45 55 16 8 8 5 
11030500 11030529 1 0 0 5 23 0 5 22 6 -41 -15 61 61 25 20 19 10 10 30 35 45 55 16 7 8 5 
11268500 11268686 1 0 0 9 29 0 10 31 10 -37 -21 58 57 25 20 19 10 10 30 35 45 55 16 7 7 5 
11801000 11801213 1 0 0 14 35 0 15 36 17 -30 -21 57 56 25 20 19 10 10 30 35 45 55 16 6 7 5 
12577500 12577653 1 0 0 11 23 0 12 24 12 -35 -12 59 60 25 20 19 10 10 30 35 45 55 16 8 7 5 
12778000 12778192 1 0 0 22 35 0 23 36 23 -24 -14 67 65 25 20 19 10 10 30 35 45 55 16 9 9 5 
12829500 12829541 1 0 0 28 39 0 28 39 27 -20 -10 76 78 25 20 18 10 10 30 35 45 55 16 10 10 5 
12852000 12852053 1 0 0 32 32 0 32 33 33 -14 -2 89 90 25 20 18 10 10 30 35 45 55 16 11 11 5 
12892500 12892592 1 0 0 34 33 0 33 35 35 -12 -1 81 79 25 20 18 10 10 30 35 45 55 16 10 10 5 
12906000 12906179 1 0 0 7 19 0 5 17 6 -41 -11 61 57 25 20 18 10 10 30 35 45 55 16 7 8 5 
13113500 13113596 1 0 0 4 24 0 4 24 7 -40 -20 55 56 25 20 18 10 10 30 35 45 55 16 7 7 5 
13485000 13485021 1 0 0 8 31 0 8 31 7 -40 -25 54 55 25 20 18 10 10 30 35 45 55 16 7 7 5 
13792500 13792592 1 0 0 1 17 0 2 17 3 -44 -14 50 50 25 20 18 10 10 30 35 45 55 16 6 6 5 
14291000 14291021 1 0 0 -2 20 0 -1 21 -2 -49 -24 50 52 25 20 18 10 10 30 35 45 55 16 6 6 5 
14880000 14880224 1 0 0 9 31 0 9 31 7 -40 -22 50 49 25 20 18 10 10 30 35 45 55 16 6 6 5 
15517500 15517696 1 0 0 11 33 0 13 34 13 -34 -21 57 62 25 20 18 10 10 30 35 45 55 16 7 8 5 
16153000 16153135 1 0 0 2 22 0 3 22 3 -44 -20 52 50 25 20 18 10 10 30 35 45 55 16 6 6 5 
16933000 16933157 1 0 0 0 22 0 0 22 2 -45 -22 54 53 25 20 18 10 10 30 35 45 55 16 7 7 5 
17075500 17075704 1 0 0 -7 16 0 -7 16 -7 -54 -25 56 59 25 20 18 10 10 30 35 45 55 16 7 7 5 
17090500 17090503 1 0 0 15 27 0 15 28 13 -34 -14 75 75 25 20 18 10 10 30 35 45 55 16 11 8 5 
17104500 17104728 1 0 0 -29 -14 0 -30 -16 -30 -77 -16 52 52 25 20 18 10 10 30 35 45 55 16 6 6 5 
17173000 17173162 1 0 0 -35 -19 0 -34 -21 -33 -80 -12 51 52 25 20 18 10 10 30 35 45 55 16 6 6 5 
17178500 17178590 1 13 0 -6 17 4 -6 17 -5 -52 -24 65 72 25 20 18 10 10 30 35 45 55 16 7 9 5 
17184500 17184696 1 0 0 17 35 0 17 33 18 -29 -17 62 62 25 20 18 10 10 30 35 45 55 16 8 8 5 
17206000 17206111 1 0 0 4 19 0 5 18 6 -41 -12 54 51 25 20 18 10 10 30 35 45 55 16 6 7 5 
17245000 17245232 1 0 0 6 21 0 5 19 6 -41 -13 58 61 25 20 18 10 10 30 35 45 55 16 7 7 5 
17253500 17253692 1 0 0 0 14 0 1 13 2 -45 -12 58 54 25 20 18 10 10 30 35 45 55 16 7 7 5 
17269500 17269634 1 0 0 21 32 0 20 32 21 -26 -11 70 69 25 20 18 10 10 30 35 45 55 16 9 9 5 
17312000 17312076 1 0 0 17 28 0 18 29 19 -28 -9 60 62 25 20 18 10 10 30 35 45 55 16 7 8 5 
17364500 17364503 1 0 0 33 38 0 32 38 32 -15 -6 72 75 25 20 18 10 10 30 35 45 55 16 9 9 5 
17418500 17418571 1 0 0 2 20 0 2 21 4 -43 -20 57 55 25 20 18 10 10 30 35 45 55 16 7 6 5 
17459000 17459012 1 0 0 19 25 0 21 25 21 -26 -5 74 77 25 20 18 10 10 30 35 45 55 16 10 9 5 
17480500 17480667 1 0 0 11 19 0 12 20 12 -35 -7 65 66 25 20 18 10 10 30 35 45 55 16 8 8 5 
17568000 17568240 1 0 0 9 17 0 7 18 8 -39 -11 79 79 25 20 18 10 10 30 35 45 55 16 9 10 5 
17579000 17579182 1 0 0 -3 9 0 -3 10 0 -47 -11 52 53 25 20 18 10 10 30 35 45 55 16 7 6 5 
17589500 17589591 1 0 0 -26 -2 0 -28 -1 -29 -76 -27 54 51 25 20 18 10 10 30 35 45 55 16 6 6 5 
17604500 17604636 1 0 0 -6 1 0 -6 0 -6 -53 -6 69 72 25 20 18 10 10 30 35 45 55 16 9 9 5 
17623000 17623204 1 0 0 -6 0 0 -6 -1 -4 -51 -4 60 60 25 20 18 10 10 30 35 45 55 16 7 7 5 
17634500 17634695 1 0 0 8 14 0 11 15 11 -36 -6 66 70 25 20 18 10 10 30 35 45 55 16 8 8 5 
17700000 17700035 1 0 0 -2 -7 0 -1 -8 -1 -48 7 60 59 25 20 18 10 10 30 35 45 55 16 3 6 5 
17958500 17958532 1 0 0 13 7 0 16 11 18 -29 5 76 76 25 20 18 10 10 30 35 45 55 16 10 10 5 
18459500 18459567 1 0 0 3 -2 0 3 -1 3 -44 4 82 83 25 20 17 10 10 30 35 45 55 16 10 11 5 
18543500 18543519 1 0 0 -20 -15 0 -20 -15 -18 -65 -3 65 65 25 20 17 10 10 30 35 45 55 16 8 8 5 
18587000 18587132 1 0 0 -2 -3 0 -1 -3 0 -47 3 69 68 25 20 17 10 10 30 35 45 55 16 9 8 5 
18819500 18819695 1 0 0 -20 -17 0 -21 -18 -19 -66 -1 66 64 25 20 17 10 10 30 35 45 55 16 8 8 5 
18873500 18873500 1 0 0 -15 -14 0 -14 -14 -13 -60 1 64 61 25 20 17 10 10 30 35 45 55 16 8 8 5 
18975000 18975183 1 0 0 -5 0 0 -5 0 -4 -51 -6 64 64 25 20 17 10 10 30 35 45 55 16 8 8 5 
19117500 19117678 1 0 0 6 10 0 8 11 8 -39 -2 64 60 25 20 17 10 10 30 35 45 55 16 8 8 5 
19260000 19260047 1 0 0 5 7 0 6 7 7 -40 0 61 60 25 20 17 10 10 30 35 45 55 16 8 8 5 
19481000 19481020 1 0 0 10 19 0 9 20 8 -39 -12 63 63 25 20 17 10 10 30 35 45 55 16 8 8 5 
19616000 19616169 1 0 0 4 9 0 2 8 3 -44 -6 59 59 25 20 17 10 10 30 35 45 55 16 7 7 5 
19734500 19734578 1 0 0 -1 9 0 0 8 -1 -48 -10 61 62 25 20 17 10 10 30 35 45 55 16 8 7 5 
