53500 53750 0 0 0 -2 13 0 -3 10 3 -109 -11 83 80 25 20 14 10 13 33 35 45 55 16 5 6 5 
133000 133122 0 0 -1 0 0 0 0 0 0 -105 0 79 79 25 20 14 10 13 33 35 45 55 16 5 8 5 
254000 254296 0 -1 1 -56 -27 -55 -84 -49 -79 -191 -36 92 94 25 20 14 10 12 32 35 45 55 16 2 1 5 
320000 320494 0 2 1 -206 -198 -206 -215 -216 -209 -321 1 98 97 25 20 14 10 12 32 35 45 55 16 9 13 5 
356000 356069 0 -3 1 -48 -53 -47 -54 -58 -49 -161 4 94 86 25 20 14 10 12 32 35 45 55 16 12 11 5 
752000 752061 0 0 0 -1 12 0 -5 8 -1 -113 -14 80 79 25 20 14 10 12 32 35 45 55 16 10 10 5 
1007000 1007039 0 0 0 1 22 0 -3 19 4 -108 -22 77 79 25 20 14 10 12 32 35 45 55 16 10 9 5 
1080000 1080076 0 -1 1 -52 -37 -51 -55 -37 -47 -159 -20 101 100 25 20 16 10 12 30 35 45 55 16 9 5 5 
1119000 1119126 0 2 1 -182 -176 -180 -191 -175 -186 -298 -16 98 99 25 20 17 10 12 32 35 45 55 16 10 9 5 
1197000 1197023 0 -3 1 -54 -29 -49 -64 -38 -59 -171 -26 88 90 25 20 15 10 12 32 35 45 55 16 7 7 5 
1477500 1477511 0 0 0 -13 5 0 -16 3 -11 -123 -20 87 88 25 20 14 10 12 32 35 45 55 16 8 11 5 
1629000 1629065 0 -1 1 -62 -20 -50 -67 -25 -63 -175 -44 85 84 25 20 14 10 12 32 35 45 55 16 11 11 5 
1703500 1703552 0 2 1 -99 -28 -88 -104 -31 -98 -210 -73 79 80 25 20 14 10 12 32 35 45 55 16 10 10 5 
1733500 1733510 0 -3 1 -59 -11 -49 -60 -15 -54 -166 -45 84 85 25 20 14 10 12 32 35 45 55 16 11 10 5 
2323000 2323125 0 0 0 -4 26 0 -9 21 -3 -115 -29 89 87 25 20 14 10 11 31 35 45 55 16 8 10 5 
3067500 3067655 0 0 0 3 18 0 -1 14 2 -110 -16 74 75 25 20 14 10 12 32 35 45 55 16 7 3 5 
4382000 4382032 0 0 0 3 23 0 -2 18 3 -109 -20 85 78 25 20 14 10 12 32 35 45 55 16 9 9 5 
4775500 4775620 0 0 0 -12 11 0 -14 9 -10 -122 -24 64 63 25 20 15 10 12 32 35 45 55 16 8 8 5 
4872000 4872157 0 0 0 4 32 0 1 30 6 -106 -29 66 65 25 20 15 10 12 32 35 45 55 16 8 8 5 
4954000 4954208 0 0 0 -2 23 0 -7 17 -2 -114 -25 68 68 25 20 15 10 12 32 35 45 55 16 9 9 5 
5706500 5706560 0 0 0 -4 29 0 -9 25 -3 -115 -34 68 68 25 20 14 10 12 32 35 45 55 16 9 8 5 
6703000 6703192 0 0 0 -5 42 0 -9 36 -3 -115 -46 61 61 25 20 14 10 11 31 35 45 55 16 8 8 5 
7333000 7333072 0 0 0 -15 8 0 -19 3 -14 -126 -23 63 63 25 20 14 10 12 32 35 45 55 16 8 8 5 
7798000 7798121 0 0 0 -1 32 0 -4 27 2 -110 -29 57 57 25 20 15 10 12 32 35 45 55 16 7 7 5 
8427000 8427164 0 0 0 7 40 0 3 36 9 -103 -33 59 60 25 20 15 10 12 32 35 45 55 16 7 7 5 
8816000 8816015 0 0 0 -2 37 0 -4 37 -1 -113 -44 59 57 25 20 15 10 13 33 35 45 55 16 7 8 5 
8909000 8909569 0 15 0 29 29 30 25 30 32 -80 -4 76 74 25 20 15 10 13 33 35 45 55 16 5 2 5 
9125500 9125612 0 16 0 -12 23 -13 -12 20 -5 -117 -33 64 66 25 20 15 10 13 33 35 45 55 16 2 8 5 
9150000 9150063 0 0 0 2 25 0 -4 20 2 -110 -24 63 60 25 20 15 10 13 33 35 45 55 16 8 8 5 
9326000 9326165 0 0 0 3 37 0 -2 32 4 -108 -34 63 62 25 20 15 10 12 32 35 45 55 16 8 8 5 
9697500 9697518 0 0 0 2 22 0 -4 14 1 -111 -19 63 67 25 20 15 10 13 33 35 45 55 16 4 9 5 
10691000 10691098 0 0 0 3 34 0 -2 26 2 -110 -29 56 57 25 20 15 10 12 32 35 45 55 16 7 6 5 
10778500 10778555 0 15 0 2 35 0 -2 31 3 -109 -33 65 67 25 20 15 10 12 32 35 45 55 16 6 3 5 
15034500 15034730 0 0 0 -17 19 0 -20 13 -14 -126 -32 64 62 25 20 15 10 12 32 35 45 55 16 0 2 5 
16860000 16864797 0 0 0 2 24 0 10 9 16 -96 1 70 68 25 20 15 10 12 32 35 45 55 16 0 0 5 
16876500 16876578 0 16 0 -14 28 -16 -17 20 -12 -124 -37 74 74 25 20 15 10 12 32 35 45 55 16 3 8 5 
16961000 16961376 0 -1 1 -67 -7 -66 -88 -8 -82 -194 -80 93 99 25 20 15 10 11 31 35 45 55 16 5 5 5 
16964500 16964565 0 2 1 -147 -93 -146 -154 -114 -149 -261 -40 95 96 25 20 15 10 11 31 35 45 55 16 5 9 5 
16990000 16990083 0 -3 1 -50 -33 -49 -49 -32 -45 -157 -19 83 84 25 20 15 10 11 31 35 45 55 16 9 11 5 
17334500 17335048 0 0 0 -10 24 0 -13 18 -8 -120 -32 74 77 25 20 15 10 11 31 35 45 55 16 5 10 5 
17507500 17507520 0 -1 1 -62 -34 -51 -65 -43 -59 -171 -23 83 81 25 20 15 10 11 31 35 45 55 16 8 11 5 
17524500 17524651 0 2 1 -182 -121 -171 -196 -140 -190 -302 -55 87 87 25 20 15 10 11 31 35 45 55 16 8 3 5 
17544000 17544074 0 -3 1 -59 -37 -47 -64 -38 -59 -171 -26 82 82 25 20 15 10 11 31 35 45 55 16 9 8 5 
17645500 17646991 0 -1 1 -64 -34 -52 -77 -50 -72 -184 -27 82 85 25 20 15 10 11 31 35 45 55 16 1 4 5 
17667500 17667621 0 2 1 -113 -79 -101 -124 -91 -117 -229 -33 88 87 25 20 15 10 11 31 35 45 55 16 8 10 5 
17680000 17680074 0 -3 1 -58 -39 -46 -60 -42 -55 -167 -19 86 86 25 20 15 10 11 31 35 45 55 16 9 8 5 
17724500 17724611 0 -1 1 -63 -17 -51 -73 -16 -69 -181 -57 85 86 25 20 15 10 11 31 35 45 55 16 7 9 5 
17761500 17761503 0 2 1 -125 -79 -113 -142 -83 -137 -249 -59 85 87 25 20 15 10 11 31 35 45 55 16 6 5 5 
17774500 17774796 0 -3 1 -60 -33 -47 -59 -35 -54 -166 -23 77 78 25 20 15 10 11 31 35 45 55 16 2 8 5 
17872500 17872603 0 0 0 -13 16 0 -20 11 -13 -125 -30 72 70 25 20 15 10 12 32 35 45 55 16 8 5 5 
18002500 18002528 0 -1 1 -63 -30 -51 -64 -33 -57 -169 -32 85 85 25 20 15 10 11 31 35 45 55 16 9 11 5 
18043000 18043144 0 2 1 -172 -135 -160 -183 -137 -177 -289 -46 100 101 25 20 15 10 10 28 35 45 55 16 9 10 5 
18073500 18073553 0 -3 1 -62 -35 -50 -65 -40 -59 -171 -28 85 81 25 20 15 10 10 30 35 45 55 16 10 5 5 
18692000 18692148 0 0 0 -9 30 0 -13 25 -6 -118 -37 68 67 25 20 15 10 11 31 35 45 55 16 7 9 5 
18767000 18767241 0 -1 1 -63 -60 -54 -72 -77 -66 -178 4 96 101 25 20 15 10 11 29 35 45 55 16 3 3 5 
18775500 18775603 0 2 1 -119 -96 -110 -125 -107 -119 -231 -19 92 89 25 20 15 10 11 31 35 45 55 16 12 10 5 
18792500 18792668 0 -3 1 -57 -37 -48 -56 -36 -51 -163 -20 80 78 25 20 15 10 11 31 35 45 55 16 10 7 5 
18801500 18801575 0 -1 1 -59 -20 -50 -56 -20 -52 -164 -37 86 87 25 20 15 10 11 31 35 45 55 16 11 10 5 
18977500 18977708 0 2 1 -139 -99 -130 -154 -115 -149 -261 -40 98 99 25 20 15 10 11 31 35 45 55 16 5 12 5 
47000 47259 1 0 0 -1 16 0 -3 13 -4 -4 -15 82 82 25 20 14 10 13 33 35 45 55 16 5 7 5 
133000 133122 1 0 -1 0 0 0 0 0 0 4 0 79 79 25 20 14 10 13 33 35 45 55 16 5 8 5 
753000 753019 1 0 0 -14 7 0 -16 5 -15 -15 -21 79 79 25 20 14 10 12 32 35 45 55 16 10 9 5 
990000 990083 1 0 0 -16 -1 0 -19 -3 -20 -20 -16 77 78 25 20 14 10 12 32 35 45 55 16 5 10 5 
1469000 1469036 1 0 0 -9 18 0 -13 14 -13 -13 -28 89 87 25 20 14 10 12 32 35 45 55 16 11 10 5 
2327000 2327032 1 0 0 -6 17 0 -12 13 -13 -13 -26 86 86 25 20 14 10 11 31 35 45 55 16 11 10 5 
3060000 3060134 1 0 0 -8 16 0 -12 12 -14 -14 -24 71 70 25 20 14 10 12 32 35 45 55 16 8 8 5 
4389500 4389663 1 0 0 3 27 0 0 24 0 0 -23 76 78 25 20 14 10 12 32 35 45 55 16 10 7 5 
4775500 4775620 1 0 0 4 25 0 1 22 -1 -1 -20 64 63 25 20 15 10 12 32 35 45 55 16 8 8 5 
4870500 4870564 1 0 0 -22 7 0 -27 2 -27 -27 -30 66 67 25 20 15 10 12 32 35 45 55 16 7 8 5 
4953000 4953107 1 0 0 -23 2 0 -26 -1 -27 -27 -27 68 68 25 20 15 10 12 32 35 45 55 16 9 9 5 
5707500 5707683 1 0 0 -21 1 0 -23 -1 -25 -25 -23 68 66 25 20 14 10 12 32 35 45 55 16 8 7 5 
6700500 6700716 1 0 0 -19 -2 0 -24 -7 -26 -26 -18 61 60 25 20 14 10 11 31 35 45 55 16 8 8 5 
7333000 7333072 1 0 0 -7 13 0 -10 10 -10 -10 -20 63 63 25 20 14 10 12 32 35 45 55 16 8 8 5 
7798000 7798121 1 0 0 -34 -21 0 -39 -27 -39 -39 -12 57 57 25 20 15 10 12 32 35 45 55 16 7 7 5 
8426000 8426147 1 0 0 -16 -2 0 -18 -1 -18 -18 -17 59 59 25 20 15 10 12 32 35 45 55 16 7 7 5 
8808000 8808061 1 0 0 -18 -3 0 -23 -7 -25 -25 -17 58 54 25 20 15 10 13 33 35 45 55 16 7 7 5 
8909000 8909569 1 15 0 -6 28 7 -11 18 -10 -10 -29 76 74 25 20 15 10 13 33 35 45 55 16 5 2 5 
9125500 9125612 1 16 0 -9 2 -8 -15 -7 -15 -15 -7 64 66 25 20 15 10 13 33 35 45 55 16 2 8 5 
9149000 9149100 1 0 0 0 6 0 -4 3 -3 -3 -6 63 63 25 20 15 10 13 33 35 45 55 16 8 8 5 
9328000 9328066 1 0 0 -19 -3 0 -24 -6 -23 -23 -16 64 64 25 20 15 10 12 32 35 45 55 16 8 8 5 
9699500 9699511 1 0 0 -6 0 0 -10 -4 -10 -10 -5 63 65 25 20 15 10 13 33 35 45 55 16 9 8 5 
10700500 10700673 1 0 0 -4 1 0 -8 -2 -9 -9 -7 57 57 25 20 15 10 12 32 35 45 55 16 7 7 5 
10778500 10778555 1 15 0 8 11 11 2 7 1 1 -6 65 67 25 20 15 10 12 32 35 45 55 16 6 3 5 
15035500 15035698 1 0 0 23 24 0 18 19 17 17 -2 65 61 25 20 15 10 12 32 35 45 55 16 1 1 5 
16876500 16876578 1 16 0 4 10 9 -1 3 -2 -2 -5 74 74 25 20 15 10 12 32 35 45 55 16 3 8 5 
16880500 16882392 1 0 0 -5 0 0 -15 -8 -16 -16 -7 80 82 25 20 15 10 12 32 35 45 55 16 0 9 5 
17325000 17325015 1 0 0 -10 10 0 -13 9 -14 -14 -22 67 68 25 20 15 10 11 31 35 45 55 16 8 8 5 
17882000 17882159 1 0 0 -2 18 0 -5 16 -6 -6 -22 79 80 25 20 15 10 12 32 35 45 55 16 10 10 5 
18662000 18662024 1 0 0 -11 8 0 -12 5 -13 -13 -18 75 75 25 20 15 10 11 31 35 45 55 16 10 9 5 
