171500 171526 0 2 1 -203 -207 -203 -206 -208 -182 -61 72 92 97 25 20 20 10 20 40 35 45 55 16 11 11 5 
461000 461176 0 -3 1 -48 -98 -48 -44 -94 -67 54 57 64 62 25 20 20 10 17 37 35 45 55 16 5 6 5 
724000 724145 0 0 -1 0 0 0 0 0 0 72 0 68 64 25 20 20 10 17 37 35 45 55 16 10 6 5 
754000 754114 0 0 0 6 -64 0 11 -62 3 124 90 68 75 25 20 20 10 17 37 35 45 55 16 8 7 5 
1080000 1080147 0 0 0 -3 -54 0 -2 -50 -19 102 69 64 63 25 20 20 10 17 37 35 45 55 16 6 8 5 
1189000 1189259 0 0 0 -2 -53 0 -2 -52 -19 102 79 73 65 25 20 20 10 17 37 35 45 55 16 10 9 5 
1278000 1278195 0 0 0 -19 -64 0 -17 -65 -45 76 56 73 73 25 20 20 10 17 37 35 45 55 16 6 9 5 
1490500 1490553 0 0 0 -24 -72 0 -22 -69 -45 76 60 65 61 25 20 20 10 17 37 35 45 55 16 8 6 5 
1777000 1777038 0 0 0 -20 -70 0 -13 -64 -43 78 63 69 80 25 20 20 10 17 37 35 45 55 16 7 7 5 
1860000 1860172 0 0 0 -36 -86 0 -38 -90 -51 70 52 73 68 25 20 20 10 17 37 35 45 55 16 3 3 5 
2049500 2049954 0 -1 1 -92 -117 -62 -115 -136 -158 -37 4 87 71 25 20 20 10 17 37 35 45 55 16 2 4 5 
2103000 2103139 0 2 1 -170 -158 -143 -172 -161 -219 -98 -8 85 97 25 20 20 10 17 37 35 45 55 16 7 6 5 
2236000 2236125 0 -3 1 -73 -107 -49 -71 -101 -108 13 39 66 57 25 20 20 10 17 37 35 45 55 16 6 7 5 
2384500 2384862 0 0 0 -18 -63 0 -15 -62 -40 81 65 67 45 25 20 20 10 17 37 35 45 55 16 8 8 5 
2517000 2517078 0 0 0 -20 -73 0 -16 -70 -25 96 85 71 57 25 20 20 10 17 37 35 45 55 16 9 6 5 
2647500 2647561 0 0 0 -7 -60 0 -8 -58 -1 120 73 71 68 25 20 20 10 17 37 35 45 55 16 7 9 5 
2910000 2910080 0 0 0 -2 -59 0 4 -58 12 133 106 84 88 25 20 20 10 17 37 35 45 55 16 10 8 5 
3270000 3270099 0 0 0 -1 -62 0 0 -63 -2 119 88 68 86 25 20 20 10 17 37 35 45 55 16 9 8 5 
3449000 3449121 0 0 0 -4 -65 0 -1 -63 -19 102 70 70 65 25 20 20 10 17 37 35 45 55 16 9 9 5 
3851000 3851206 0 0 0 -14 -55 0 -10 -50 -22 99 54 72 63 25 20 20 10 17 37 35 45 55 16 7 8 5 
4238500 4238818 0 0 0 -17 -58 0 -16 -56 -36 85 58 60 43 25 20 20 10 17 37 35 45 55 16 7 6 5 
4535500 4535726 0 0 0 -19 -77 0 -21 -77 -24 97 78 70 68 25 20 20 10 17 37 35 45 55 16 9 7 5 
4548000 4548049 0 -1 1 -70 -91 -51 -86 -84 -111 10 21 94 112 25 20 20 10 17 33 35 45 55 16 5 6 5 
4914000 4914084 0 2 1 -365 -319 -331 -365 -316 -365 -244 22 114 96 25 20 20 10 17 37 35 45 55 16 15 14 5 
5081500 5081747 0 -3 1 -90 -103 -49 -91 -95 -130 -9 29 77 99 25 20 20 10 17 37 35 45 55 16 6 6 5 
5169500 5169504 0 0 0 -45 -79 0 -42 -78 -70 51 57 69 96 25 20 20 10 17 37 35 45 55 16 6 8 5 
5427500 5427758 0 -1 1 -96 -114 -54 -96 -113 -104 17 21 84 73 25 20 20 10 17 37 35 45 55 16 2 3 5 
5691500 5692203 0 2 1 -260 -240 -219 -260 -247 -330 -209 -34 114 134 25 20 20 10 17 32 35 45 55 16 8 9 5 
5853500 5854654 0 -3 1 -87 -154 -48 -77 -148 -115 6 53 82 85 25 20 20 10 17 37 35 45 55 16 0 0 5 
5869000 5869254 0 15 0 -56 -120 -17 -53 -118 -150 -29 -30 83 89 25 20 20 10 17 37 35 45 55 16 0 0 5 
8785500 8785630 0 16 0 -3 -41 10 4 -34 4 125 63 79 82 25 20 20 10 17 37 35 45 55 16 4 5 5 
8812500 8812533 0 0 0 -13 -63 0 -7 -64 -33 88 62 68 76 25 20 20 10 17 37 35 45 55 16 8 8 5 
8962500 8962587 0 0 0 -1 -58 0 2 -56 -26 95 71 73 91 25 20 20 10 16 36 35 45 55 16 8 6 5 
9144500 9144547 0 0 0 -46 -79 0 -42 -72 -76 45 34 60 60 25 20 20 10 16 36 35 45 55 16 6 6 5 
9416500 9416763 0 0 0 -54 -89 0 -53 -82 -85 36 42 71 60 25 20 20 10 16 36 35 45 55 16 5 6 5 
9442500 9442647 0 0 0 -25 -56 0 -26 -57 -60 61 44 67 79 25 20 20 10 16 36 35 45 55 16 7 8 5 
9476500 9476753 0 0 0 -34 -66 0 -36 -67 -67 54 48 61 70 25 20 20 10 16 36 35 45 55 16 5 5 5 
9748000 9748143 0 0 0 -47 -72 0 -47 -72 -81 40 39 64 65 25 20 21 10 16 36 35 45 55 16 6 8 5 
10225500 10225952 0 0 0 -49 -76 0 -51 -72 -51 70 58 66 63 25 20 21 10 18 38 35 45 55 16 6 7 5 
10486000 10486047 0 0 0 -51 -79 0 -54 -79 -76 45 38 64 69 25 20 20 10 17 37 35 45 55 16 6 8 5 
10743000 10743094 0 0 0 -44 -85 0 -41 -80 -68 53 48 71 60 25 20 19 10 17 37 35 45 55 16 9 9 5 
11046500 11046619 0 0 0 -45 -80 0 -44 -78 -61 60 49 67 56 25 20 19 10 17 37 35 45 55 16 8 7 5 
11214500 11214666 0 0 0 -34 -76 0 -32 -74 -42 79 63 62 41 25 20 19 10 17 37 35 45 55 16 7 7 5 
11555500 11555539 0 0 0 -33 -71 0 -29 -65 -70 51 37 69 49 25 20 19 10 17 37 35 45 55 16 7 8 5 
11869000 11869148 0 0 0 -40 -67 0 -36 -62 -67 54 39 66 57 25 20 19 10 17 37 35 45 55 16 8 6 5 
12113500 12113810 0 0 0 -28 -66 0 -26 -66 -60 61 44 69 88 25 20 19 10 17 37 35 45 55 16 7 8 5 
12206000 12206207 0 0 0 -28 -79 0 -28 -79 -43 78 71 68 66 25 20 19 10 17 37 35 45 55 16 8 7 5 
12274500 12274991 0 0 0 -36 -83 0 -38 -83 -37 84 72 71 86 25 20 19 10 17 37 35 45 55 16 7 8 5 
12304000 12304072 0 0 0 -48 -84 0 -51 -83 -56 65 59 82 85 25 20 19 10 17 37 35 45 55 16 9 8 5 
12318500 12318600 0 0 0 -26 -69 0 -21 -69 -40 81 74 74 58 25 20 19 10 17 37 35 45 55 16 8 9 5 
12545500 12545768 0 0 0 -46 -75 0 -39 -71 -68 53 48 68 66 25 20 19 10 17 37 35 45 55 16 8 8 5 
12718000 12718082 0 0 0 -26 -55 0 -23 -50 -42 79 55 67 87 25 20 19 10 17 37 35 45 55 16 7 6 5 
12848500 12848676 0 0 0 -21 -67 0 -19 -67 -48 73 47 67 57 25 20 19 10 17 37 35 45 55 16 6 8 5 
12952500 12952554 0 0 0 -14 -59 0 -11 -55 -24 97 73 77 48 25 20 19 10 17 37 35 45 55 16 8 9 5 
12973500 12973605 0 0 0 -15 -58 0 -14 -56 -35 86 58 71 46 25 20 19 10 17 37 35 45 55 16 8 7 5 
13130500 13130540 0 0 0 -56 -78 0 -58 -79 -87 34 41 71 79 25 20 19 10 17 37 35 45 55 16 7 5 5 
13275000 13275418 0 0 0 -43 -78 0 -41 -76 -73 48 46 69 61 25 20 19 10 17 37 35 45 55 16 7 9 5 
13511000 13511079 0 0 0 -48 -74 0 -41 -70 -69 52 40 68 70 25 20 19 10 17 37 35 45 55 16 8 5 5 
13725000 13725147 0 0 0 -37 -70 0 -39 -69 -69 52 40 68 71 25 20 19 10 17 37 35 45 55 16 6 8 5 
14005000 14005214 0 0 0 -49 -79 0 -45 -75 -85 36 27 68 88 25 20 19 10 17 37 35 45 55 16 7 7 5 
14347000 14347010 0 0 0 -52 -79 0 -50 -79 -94 27 36 66 66 25 20 19 10 17 37 35 45 55 16 6 6 5 
14366000 14366073 0 0 0 -52 -89 0 -51 -90 -80 41 39 64 84 25 20 19 10 17 37 35 45 55 16 7 6 5 
14386000 14386035 0 0 0 -6 -63 0 -4 -64 -5 116 91 70 61 25 20 19 10 17 37 35 45 55 16 7 8 5 
14400000 14400073 0 0 0 -15 -60 0 -13 -55 -30 91 71 63 52 25 20 19 10 17 37 35 45 55 16 6 7 5 
14410000 14410201 0 0 0 -48 -95 0 -48 -93 -60 61 62 74 82 25 20 19 10 17 37 35 45 55 16 4 10 5 
14463000 14463146 0 0 0 -33 -81 0 -34 -81 -50 71 68 66 75 25 20 19 10 17 37 35 45 55 16 6 8 5 
14537000 14537135 0 0 0 -45 -74 0 -44 -66 -60 61 55 67 63 25 20 19 10 17 37 35 45 55 16 9 4 5 
14717000 14717217 0 0 0 -48 -92 0 -43 -89 -73 48 53 69 54 25 20 19 10 17 37 35 45 55 16 9 7 5 
14890500 14890569 0 0 0 -37 -65 0 -35 -62 -46 75 68 69 67 25 20 19 10 17 37 35 45 55 16 8 8 5 
15006500 15006834 0 0 0 -54 -83 0 -51 -82 -57 64 59 74 91 25 20 19 10 17 37 35 45 55 16 7 9 5 
15188500 15188958 0 0 0 -35 -73 0 -31 -72 -40 81 70 71 45 25 20 19 10 17 37 35 45 55 16 6 8 5 
15382500 15382523 0 0 0 -44 -88 0 -40 -87 -65 56 47 66 54 25 20 19 10 17 37 35 45 55 16 7 5 5 
16050000 16050106 0 0 0 -27 -77 0 -25 -75 -40 81 80 69 47 25 20 16 10 17 37 35 45 55 16 8 6 5 
16427000 16427129 0 0 0 -45 -85 0 -39 -78 -48 73 64 69 77 25 20 16 10 17 37 35 45 55 16 6 6 5 
16852500 16852591 0 0 0 -54 -84 0 -53 -86 -86 35 44 70 72 25 20 16 10 17 37 35 45 55 16 6 6 5 
16954000 16954056 0 0 0 -53 -87 0 -50 -79 -83 38 48 71 91 25 20 16 10 17 37 35 45 55 16 9 4 5 
17160000 17160098 0 0 0 -38 -90 0 -33 -85 -52 69 77 75 55 25 20 16 10 17 37 35 45 55 16 9 7 5 
17334500 17335026 0 0 0 -37 -83 0 -36 -81 -53 68 67 79 50 25 20 16 10 17 37 35 45 55 16 7 4 5 
17368500 17369785 0 -1 1 -89 -112 -52 -90 -118 -130 -9 38 89 84 25 20 16 10 17 37 35 45 55 16 3 4 5 
17385500 17385724 0 2 1 -174 -171 -136 -174 -170 -224 -103 12 96 122 25 20 16 10 17 32 35 45 55 16 5 3 5 
17518000 17518260 0 -3 1 -89 -120 -50 -78 -116 -101 20 49 82 86 25 20 16 10 17 37 35 45 55 16 5 8 5 
17544000 17544241 0 -1 1 -90 -99 -51 -123 -121 -165 -44 19 85 69 25 20 16 10 17 37 35 45 55 16 5 4 5 
17912000 17912042 0 2 1 -342 -302 -297 -341 -305 -380 -259 -24 117 138 25 20 16 10 17 32 35 45 55 16 14 15 5 
18181000 18181035 0 -3 1 -97 -121 -49 -95 -121 -114 7 54 78 91 25 20 16 10 17 37 35 45 55 16 5 8 5 
18545500 18545524 0 0 0 -54 -92 0 -50 -87 -90 31 56 73 89 25 20 16 10 17 37 35 45 55 16 8 8 5 
18767000 18767055 0 0 0 -14 -65 0 -17 -65 -43 78 72 75 67 25 20 16 10 17 37 35 45 55 16 9 6 5 
18971500 18971509 0 0 0 -24 -71 0 -24 -71 -45 76 58 71 52 25 20 16 10 17 37 35 45 55 16 8 6 5 
19145500 19145667 0 0 0 1 -63 0 4 -56 -15 106 92 70 52 25 20 16 10 17 37 35 45 55 16 8 8 5 
19271000 19271009 0 0 0 -2 -60 0 2 -55 -10 111 95 71 92 25 20 16 10 17 37 35 45 55 16 8 9 5 
19545000 19545142 0 0 0 -18 -71 0 -16 -69 -46 75 60 73 53 25 20 16 10 17 37 35 45 55 16 9 7 5 
19612500 19612659 0 0 0 -10 -60 0 -7 -59 -24 97 75 73 80 25 20 16 10 17 37 35 45 55 16 8 9 5 
19916500 19916575 0 0 0 -22 -85 0 -19 -85 -17 104 97 77 79 25 20 16 10 17 37 35 45 55 16 9 9 5 
20021500 20021713 0 0 0 -29 -86 0 -27 -87 -46 75 64 74 66 25 20 16 10 17 37 35 45 55 16 5 7 5 
20058500 20058665 0 15 0 -45 -98 -15 -39 -98 -64 57 70 77 64 25 20 16 10 17 37 35 45 55 16 9 4 5 
20582000 20582008 0 16 0 -99 -129 -66 -99 -123 -136 -15 41 96 108 25 20 16 10 17 35 35 45 55 16 9 10 5 
20582500 20582751 0 -1 1 -101 -130 -67 -97 -126 -133 -12 50 98 73 25 20 16 10 17 37 35 45 55 16 10 8 5 
20647000 20647145 0 2 1 -180 -180 -146 -189 -183 -218 -97 14 103 107 25 20 16 10 17 35 35 45 55 16 8 10 5 
20774000 20774026 0 -3 1 -83 -121 -48 -92 -120 -119 2 54 90 115 25 20 16 10 17 33 35 45 55 16 6 8 5 
20782000 20782037 0 -1 1 -91 -116 -56 -97 -121 -123 -2 44 85 108 25 20 16 10 17 35 35 45 55 16 8 6 5 
20876000 20876081 0 2 1 -153 -156 -117 -148 -156 -155 -34 34 98 80 25 20 16 10 17 37 35 45 55 16 7 6 5 
20906500 20906769 0 -3 1 -86 -128 -50 -82 -129 -94 27 70 84 93 25 20 16 10 17 37 35 45 55 16 6 10 5 
21045000 21045156 0 0 0 -37 -99 0 -28 -97 -17 104 113 82 96 25 20 16 10 17 37 35 45 55 16 11 6 5 
21215500 21215614 0 0 0 -30 -87 0 -30 -86 -43 78 88 76 61 25 20 16 10 17 37 35 45 55 16 8 8 5 
21238000 21238008 0 0 0 -37 -100 0 -36 -97 -39 82 87 83 85 25 20 16 10 17 37 35 45 55 16 11 10 5 
420000 420147 1 0 -1 0 0 0 0 0 0 11 0 64 57 25 20 20 10 17 37 35 45 55 16 6 5 5 
759500 759683 1 0 0 -1 -8 0 4 -4 7 6 6 68 77 25 20 20 10 17 37 35 45 55 16 7 9 5 
1042500 1042730 1 0 0 -6 -3 0 0 2 5 4 -1 64 65 25 20 20 10 17 37 35 45 55 16 7 9 5 
1190500 1190674 1 0 0 -4 -4 0 -7 -1 -3 -4 -7 74 86 25 20 20 10 17 37 35 45 55 16 8 9 5 
1277000 1277817 1 0 0 0 6 0 3 11 8 7 -8 74 83 25 20 20 10 17 37 35 45 55 16 5 9 5 
1491500 1491652 1 0 0 -2 2 0 6 8 12 11 -1 66 94 25 20 20 10 17 37 35 45 55 16 7 7 5 
1777500 1777665 1 0 0 0 10 0 5 15 10 9 -9 67 44 25 20 20 10 17 37 35 45 55 16 8 6 5 
1858000 1858326 1 0 0 2 7 0 9 17 16 15 -7 74 82 25 20 20 10 17 37 35 45 55 16 6 3 5 
2387000 2387009 1 0 0 -5 -6 0 -7 -9 -5 -6 1 67 59 25 20 20 10 17 37 35 45 55 16 8 7 5 
2521000 2521147 1 0 0 -2 4 0 4 9 10 9 -5 70 65 25 20 20 10 17 37 35 45 55 16 7 9 5 
2651000 2651022 1 0 0 -4 -7 0 -6 -9 0 -1 2 70 74 25 20 20 10 17 37 35 45 55 16 7 8 5 
2913500 2913515 1 0 0 7 7 0 13 13 19 18 0 78 97 25 20 20 10 17 37 35 45 55 16 7 7 5 
3272000 3272216 1 0 0 -7 -8 0 -4 -9 1 0 4 66 43 25 20 20 10 17 37 35 45 55 16 8 8 5 
3448000 3448022 1 0 0 -5 -6 0 2 2 6 5 -1 71 73 25 20 20 10 17 37 35 45 55 16 8 9 5 
3847500 3847531 1 0 0 -3 1 0 3 10 8 7 -7 72 80 25 20 20 10 17 37 35 45 55 16 8 6 5 
4236500 4236649 1 0 0 1 -7 0 8 -3 13 12 9 61 88 25 20 20 10 17 37 35 45 55 16 6 7 5 
4533500 4533741 1 0 0 2 -4 0 5 -1 10 9 6 70 92 25 20 20 10 17 37 35 45 55 16 7 9 5 
5169500 5169504 1 0 0 13 2 0 13 3 19 18 10 69 96 25 20 20 10 17 37 35 45 55 16 6 8 5 
5869000 5869254 1 15 0 -4 -6 -12 -1 -5 4 3 4 83 89 25 20 20 10 17 37 35 45 55 16 0 0 5 
8785500 8785630 1 16 0 27 13 39 38 24 43 42 13 79 82 25 20 20 10 17 37 35 45 55 16 4 5 5 
8816000 8816021 1 0 0 -13 -7 0 -9 -3 -2 -3 -6 63 63 25 20 20 10 17 37 35 45 55 16 8 7 5 
8964500 8964624 1 0 0 -3 -9 0 -2 -7 1 0 5 70 86 25 20 20 10 16 36 35 45 55 16 6 8 5 
9147000 9147345 1 0 0 -1 -6 0 7 2 12 11 3 62 88 25 20 20 10 16 36 35 45 55 16 6 8 5 
9277500 9277753 1 0 0 3 0 0 7 3 11 10 4 61 68 25 20 20 10 16 36 35 45 55 16 6 7 5 
9417000 9417186 1 0 0 -7 -20 0 3 -16 8 7 20 71 44 25 20 20 10 16 36 35 45 55 16 5 6 5 
9443500 9443733 1 0 0 -3 -7 0 2 -4 7 6 5 68 81 25 20 20 10 16 36 35 45 55 16 9 8 5 
9479000 9479425 1 0 0 -15 -12 0 -13 -8 -9 -10 -6 62 60 25 20 20 10 16 36 35 45 55 16 6 5 5 
9747000 9747002 1 0 0 -9 -15 0 -4 -13 0 -1 7 62 65 25 20 21 10 16 36 35 45 55 16 4 7 5 
10232000 10232211 1 0 0 -10 -17 0 -6 -11 0 -1 7 63 79 25 20 21 10 18 38 35 45 55 16 7 8 5 
10488500 10488599 1 0 0 -8 -12 0 -8 -10 -2 -3 3 68 62 25 20 20 10 17 37 35 45 55 16 8 5 5 
10747500 10747549 1 0 0 2 -3 0 6 2 10 9 4 68 76 25 20 19 10 17 37 35 45 55 16 7 5 5 
11049500 11049594 1 0 0 0 1 0 4 8 8 7 -6 62 58 25 20 19 10 17 37 35 45 55 16 7 7 5 
11216000 11216091 1 0 0 1 -2 0 5 1 10 9 4 62 50 25 20 19 10 17 37 35 45 55 16 6 8 5 
11557500 11557602 1 0 0 4 -11 0 9 -7 13 12 15 67 51 25 20 19 10 17 37 35 45 55 16 8 7 5 
11871500 11871586 1 0 0 -1 1 0 2 3 7 6 0 66 74 25 20 19 10 17 37 35 45 55 16 7 5 5 
12110500 12110560 1 0 0 5 -5 0 11 -2 15 14 13 69 64 25 20 19 10 17 37 35 45 55 16 8 9 5 
12212000 12212041 1 0 0 12 4 0 17 9 22 21 10 72 59 25 20 19 10 17 37 35 45 55 16 9 8 5 
12280500 12280556 1 0 0 20 0 0 13 -7 18 17 19 68 76 25 20 19 10 17 37 35 45 55 16 5 6 5 
12305000 12305205 1 0 0 23 4 0 22 7 28 27 16 79 67 25 20 19 10 17 37 35 45 55 16 8 9 5 
12326000 12326279 1 0 0 -2 -8 0 2 -9 7 6 10 73 61 25 20 19 10 17 37 35 45 55 16 6 7 5 
12549500 12549515 1 0 0 -1 -3 0 3 0 7 6 2 68 61 25 20 19 10 17 37 35 45 55 16 7 9 5 
12718500 12718683 1 0 0 -3 -17 0 2 -16 8 7 18 67 63 25 20 19 10 17 37 35 45 55 16 7 5 5 
12849500 12849570 1 0 0 6 -4 0 9 -3 15 14 13 68 77 25 20 19 10 17 37 35 45 55 16 8 7 5 
12951500 12951530 1 0 0 8 3 0 11 6 15 14 3 77 66 25 20 19 10 17 37 35 45 55 16 9 8 5 
12973000 12973060 1 0 0 1 -6 0 3 -4 7 6 7 71 90 25 20 19 10 17 37 35 45 55 16 7 9 5 
13130000 13130151 1 0 0 3 0 0 9 9 13 12 -1 71 85 25 20 19 10 17 37 35 45 55 16 7 5 5 
13275000 13275418 1 0 0 12 11 0 20 15 23 22 3 69 61 25 20 19 10 17 37 35 45 55 16 7 9 5 
13513500 13513973 1 0 0 -1 -1 0 6 3 11 10 2 67 73 25 20 19 10 17 37 35 45 55 16 4 7 5 
13725500 13725536 1 0 0 3 0 0 5 2 9 8 3 69 71 25 20 19 10 17 37 35 45 55 16 7 7 5 
14006500 14006708 1 0 0 -6 -11 0 -9 -10 -4 -5 2 68 76 25 20 19 10 17 37 35 45 55 16 6 7 5 
14350000 14350096 1 0 0 1 -1 0 2 2 7 6 1 66 70 25 20 19 10 17 37 35 45 55 16 7 6 5 
14367000 14367204 1 0 0 -7 -10 0 -6 -9 0 -1 4 68 68 25 20 19 10 17 37 35 45 55 16 6 7 5 
14385500 14385826 1 0 0 15 7 0 21 12 27 26 11 71 72 25 20 19 10 17 37 35 45 55 16 7 9 5 
14400000 14400073 1 0 0 8 -6 0 14 -1 20 19 15 63 52 25 20 19 10 17 37 35 45 55 16 6 7 5 
14411000 14411132 1 0 0 11 1 0 15 5 21 20 11 74 71 25 20 19 10 17 37 35 45 55 16 7 7 5 
14462000 14462099 1 0 0 9 -1 0 9 5 14 13 3 67 83 25 20 19 10 17 37 35 45 55 16 7 7 5 
14536000 14536054 1 0 0 3 -6 0 9 0 14 13 9 68 86 25 20 19 10 17 37 35 45 55 16 8 8 5 
14713500 14713922 1 0 0 12 1 0 17 10 21 20 7 70 89 25 20 19 10 17 37 35 45 55 16 7 9 5 
14890500 14890569 1 0 0 -3 -3 0 -1 -1 4 3 0 69 67 25 20 19 10 17 37 35 45 55 16 8 8 5 
15007500 15007536 1 0 0 -2 0 0 2 3 9 8 0 75 91 25 20 19 10 17 37 35 45 55 16 9 9 5 
15188500 15188958 1 0 0 0 -4 0 2 0 5 4 -1 71 45 25 20 19 10 17 37 35 45 55 16 6 8 5 
15382000 15382005 1 0 0 3 -10 0 7 -4 10 9 10 66 56 25 20 19 10 17 37 35 45 55 16 8 5 5 
16046500 16046725 1 0 0 9 0 0 10 2 15 14 9 69 81 25 20 16 10 17 37 35 45 55 16 8 6 5 
16425000 16425078 1 0 0 5 -7 0 12 -6 18 17 18 70 39 25 20 16 10 17 37 35 45 55 16 5 6 5 
16852500 16852591 1 0 0 2 4 0 9 8 11 10 -2 70 72 25 20 16 10 17 37 35 45 55 16 6 6 5 
16953500 16953620 1 0 0 12 0 0 15 1 21 20 15 72 65 25 20 16 10 17 37 35 45 55 16 9 4 5 
17161000 17161176 1 0 0 5 6 0 11 10 15 14 1 74 91 25 20 16 10 17 37 35 45 55 16 8 8 5 
17336500 17336674 1 0 0 6 -1 0 -3 -8 2 1 4 81 75 25 20 16 10 17 37 35 45 55 16 4 1 5 
18545500 18545524 1 0 0 -1 6 0 0 8 5 4 -8 73 89 25 20 16 10 17 37 35 45 55 16 8 8 5 
18768500 18768865 1 0 0 9 11 0 17 19 21 20 -3 73 70 25 20 16 10 17 37 35 45 55 16 7 7 5 
18971000 18971146 1 0 0 2 1 0 7 5 11 10 1 71 41 25 20 16 10 17 37 35 45 55 16 9 7 5 
19145000 19145270 1 0 0 0 -9 0 7 -3 11 10 9 70 66 25 20 16 10 17 37 35 45 55 16 8 8 5 
19269500 19269626 1 0 0 11 14 0 14 20 18 17 -7 71 69 25 20 16 10 17 37 35 45 55 16 8 9 5 
19546500 19546632 1 0 0 4 10 0 10 16 16 15 -6 73 73 25 20 16 10 17 37 35 45 55 16 8 7 5 
19613500 19613671 1 0 0 6 8 0 9 12 16 15 -2 74 95 25 20 16 10 17 37 35 45 55 16 8 8 5 
19916500 19916575 1 0 0 2 0 0 13 8 19 18 6 77 79 25 20 16 10 17 37 35 45 55 16 9 9 5 
20021000 20021270 1 0 0 11 4 0 18 14 23 22 4 74 88 25 20 16 10 17 37 35 45 55 16 6 5 5 
20058500 20058665 1 15 0 14 10 3 18 14 23 22 4 77 64 25 20 16 10 17 37 35 45 55 16 9 4 5 
20582000 20582008 1 16 0 62 49 44 73 56 78 77 17 96 108 25 20 16 10 17 35 35 45 55 16 9 10 5 
21047000 21047109 1 0 0 23 16 0 24 18 28 27 5 81 91 25 20 16 10 17 37 35 45 55 16 6 10 5 
21217000 21217237 1 0 0 11 2 0 15 3 21 20 12 77 71 25 20 16 10 17 37 35 45 55 16 9 9 5 
21238000 21238008 1 0 0 16 9 0 20 16 25 24 4 83 85 25 20 16 10 17 37 35 45 55 16 11 10 5 
