86500 86677 0 0 -1 0 0 0 0 0 0 -34 0 70 71 25 20 15 10 16 36 35 45 55 16 5 2 5 
158500 158602 0 0 0 -1 -8 0 -4 -9 3 -43 5 73 73 25 20 15 10 16 36 35 45 55 16 9 9 5 
209000 209115 0 10 0 227 150 228 264 172 204 158 92 92 87 25 20 15 10 16 36 35 45 55 16 0 0 5 
247000 247595 0 10 0 172 102 173 185 110 162 116 75 80 77 25 20 15 10 16 36 35 45 55 16 0 0 5 
299000 299053 0 0 0 -1 6 0 -1 15 5 -41 -16 74 72 25 20 15 10 16 36 35 45 55 16 9 8 5 
479000 479068 0 0 0 6 -4 0 6 -5 11 -35 11 73 72 25 20 15 10 16 36 35 45 55 16 9 9 5 
654500 654677 0 0 0 5 -4 0 0 -5 3 -43 4 73 74 25 20 15 10 15 35 35 45 55 16 9 9 5 
948500 948645 0 0 0 1 -9 0 0 -8 8 -38 10 71 72 25 20 16 10 15 35 35 45 55 16 9 8 5 
1021500 1021621 0 -1 1 -50 -41 -53 -49 -38 -48 -94 -10 75 71 25 20 16 10 15 35 35 45 55 16 10 9 5 
1055000 1055039 0 2 1 -178 -144 -182 -175 -136 -168 -214 -40 86 89 25 20 16 10 15 35 35 45 55 16 8 11 5 
1161500 1161533 0 -3 1 -42 -39 -48 -36 -32 -29 -75 -4 73 77 25 20 16 10 15 35 35 45 55 16 9 9 5 
1250500 1250580 0 0 0 9 0 0 10 3 13 -33 7 76 76 25 20 15 10 14 34 35 45 55 16 9 8 5 
1599500 1599508 0 0 0 0 -4 0 -2 -5 4 -42 3 69 70 25 20 16 10 15 35 35 45 55 16 8 9 5 
1749500 1749600 0 0 0 4 2 0 4 3 11 -35 2 69 68 25 20 17 10 15 35 35 45 55 16 8 9 5 
2992500 2992632 0 0 0 0 -2 0 3 -5 6 -40 8 73 74 25 20 16 10 15 35 35 45 55 16 9 8 5 
3714500 3714550 0 0 0 -10 -1 0 -11 -7 -9 -55 -6 70 71 25 20 16 10 15 35 35 45 55 16 7 8 5 
4149500 4149591 0 0 0 -6 -17 0 -7 -19 -3 -49 14 80 82 25 20 15 10 15 35 35 45 55 16 10 10 5 
4361500 4361686 0 0 0 -11 -8 0 -9 -3 -5 -51 -7 78 78 25 20 16 10 15 35 35 45 55 16 9 10 5 
4520500 4520547 0 -1 1 -55 -29 -52 -51 -26 -47 -93 -25 76 75 25 20 16 10 14 34 35 45 55 16 9 6 5 
4551500 4551608 0 2 1 -124 -117 -124 -118 -115 -110 -156 -2 80 83 25 20 15 10 13 33 35 45 55 16 9 10 5 
4566000 4567313 0 -3 1 -39 -40 -39 15 -26 13 -33 41 85 87 25 20 15 10 13 33 35 45 55 16 3 3 5 
4820500 4820563 0 0 0 14 -3 0 19 2 23 -23 17 75 76 25 20 15 10 13 33 35 45 55 16 8 10 5 
5591500 5591580 0 0 0 0 19 0 -1 17 -1 -47 -18 72 71 25 20 14 10 14 34 35 45 55 16 5 9 5 
5730000 5730041 0 0 0 1 3 0 0 3 3 -43 -2 70 73 25 20 14 10 14 34 35 45 55 16 7 6 5 
6092000 6092023 0 0 0 2 8 0 1 10 -5 -51 -8 69 74 25 20 14 10 15 35 35 45 55 16 6 6 5 
7012500 7012503 0 0 0 -1 -11 0 0 -6 1 -45 5 69 70 25 20 15 10 15 35 35 45 55 16 9 9 5 
7514000 7514136 0 0 0 5 3 0 4 3 9 -37 1 69 67 25 20 15 10 16 36 35 45 55 16 9 8 5 
7922000 7922021 0 0 0 12 14 0 15 17 15 -31 -2 67 68 25 20 16 10 15 35 35 45 55 16 8 7 5 
8017000 8017069 0 -1 1 -44 -29 -53 -41 -29 -39 -85 -13 70 72 25 20 16 10 15 35 35 45 55 16 8 9 5 
8047500 8047572 0 2 1 -210 -180 -218 -223 -192 -218 -264 -31 74 71 25 20 16 10 14 34 35 45 55 16 10 9 5 
8097500 8097675 0 -3 1 -43 -12 -49 -46 -10 -42 -88 -36 67 64 25 20 16 10 14 34 35 45 55 16 8 8 5 
8334500 8334652 0 0 0 -2 -4 0 0 1 4 -42 -1 69 71 25 20 16 10 15 35 35 45 55 16 7 6 5 
8827500 8827546 0 0 0 1 4 0 3 3 6 -40 0 66 63 25 20 16 10 14 34 35 45 55 16 6 8 5 
9116500 9116638 0 0 0 -2 1 0 -1 0 3 -43 -1 65 66 25 20 17 10 15 35 35 45 55 16 7 7 5 
9132000 9132130 0 0 0 -28 -30 0 -30 -34 -26 -72 4 66 66 25 20 17 10 15 35 35 45 55 16 8 8 5 
9384500 9384569 0 0 0 -30 -45 0 -28 -48 -24 -70 19 63 64 25 20 16 10 15 35 35 45 55 16 5 8 5 
9405000 9405168 0 0 0 -2 -7 0 -5 -8 -3 -49 2 66 66 25 20 14 10 16 36 35 45 55 16 8 8 5 
9461500 9461675 0 0 0 -2 -1 0 -3 -3 -5 -51 -1 65 65 25 20 13 10 16 36 35 45 55 16 8 7 5 
10308500 10308670 0 0 0 6 2 0 9 3 7 -39 5 67 68 25 20 14 10 16 36 35 45 55 16 7 8 5 
11134000 11134109 0 0 0 15 19 0 20 22 13 -33 -3 65 66 25 20 15 10 16 36 35 45 55 16 8 8 5 
11203500 11203627 0 -1 1 -38 -33 -51 -38 -34 -36 -82 -4 63 64 25 20 15 10 15 35 35 45 55 16 8 8 5 
11233500 11233604 0 2 1 -110 -88 -123 -113 -93 -107 -153 -20 66 60 25 20 15 10 14 34 35 45 55 16 8 8 5 
11245500 11245600 0 10 0 -191 -140 -203 -191 -143 -183 -229 -47 82 86 25 20 15 10 14 34 35 45 55 16 5 11 5 
11270500 11270597 0 -3 1 -38 -21 -50 -38 -20 -38 -84 -18 70 71 25 20 15 10 14 34 35 45 55 16 9 9 5 
11405500 11405635 0 0 0 7 17 0 7 15 17 -29 -6 69 71 25 20 15 10 15 35 35 45 55 16 9 8 5 
12120000 12120230 0 0 0 -8 -8 0 -8 -4 -7 -53 -5 58 57 25 20 15 10 16 36 35 45 55 16 5 6 5 
13046500 13046937 0 0 0 9 18 0 8 20 13 -33 -11 60 58 25 20 14 10 16 36 35 45 55 16 7 6 5 
13659500 13659682 0 0 0 -3 -1 0 0 2 3 -43 -2 59 61 25 20 15 10 15 35 35 45 55 16 7 8 5 
13719000 13719196 0 -1 1 -52 -35 -50 -52 -38 -50 -96 -14 66 78 25 20 15 10 15 35 35 45 55 16 5 8 5 
13752500 13752622 0 2 1 -100 -74 -98 -98 -70 -99 -145 -26 68 69 25 20 15 10 14 34 35 45 55 16 7 9 5 
13765500 13765703 0 -3 1 -47 -37 -46 -43 -34 -42 -88 -8 65 66 25 20 15 10 14 34 35 45 55 16 8 8 5 
13972500 13972576 0 0 0 2 1 0 7 3 5 -41 5 60 59 25 20 14 10 14 34 35 45 55 16 7 6 5 
14655000 14655214 0 0 0 6 2 0 3 3 8 -38 1 64 61 25 20 13 10 15 35 35 45 55 16 8 7 5 
15394000 15394133 0 0 0 -2 7 0 -4 12 -3 -49 -16 61 60 25 20 14 10 15 35 35 45 55 16 7 8 5 
15468500 15468646 0 -1 1 -53 -48 -52 -57 -52 -50 -96 -7 64 63 25 20 14 10 15 35 35 45 55 16 8 8 5 
15493000 15493061 0 2 1 -97 -68 -95 -97 -68 -98 -144 -30 70 68 25 20 14 10 14 34 35 45 55 16 9 9 5 
15498500 15498521 0 -3 1 -49 -34 -47 -46 -34 -44 -90 -10 66 68 25 20 14 10 14 34 35 45 55 16 8 8 5 
15926000 15926092 0 0 0 -1 4 0 3 9 7 -39 -4 63 64 25 20 14 10 14 34 35 45 55 16 6 5 5 
17076000 17076068 0 0 0 -6 -9 0 -4 -10 3 -43 6 68 66 25 20 15 10 14 34 35 45 55 16 8 7 5 
17429500 17429665 0 0 0 2 17 0 5 21 7 -39 -17 66 65 25 20 15 10 14 34 35 45 55 16 7 8 5 
17471000 17471050 0 -1 1 -56 -42 -57 -56 -40 -53 -99 -16 70 70 25 20 15 10 14 34 35 45 55 16 8 8 5 
17503000 17503210 0 2 1 -127 -95 -127 -130 -97 -126 -172 -33 69 67 25 20 14 10 14 34 35 45 55 16 9 9 5 
17513500 17513504 0 -3 1 -49 -33 -49 -46 -31 -46 -92 -14 66 66 25 20 14 10 15 35 35 45 55 16 8 8 5 
17626000 17626107 0 0 0 -3 -4 0 -5 -7 -4 -50 2 65 63 25 20 14 10 15 35 35 45 55 16 7 8 5 
17717000 17717125 0 -1 1 -55 -51 -51 -54 -50 -53 -99 -6 64 64 25 20 14 10 15 35 35 45 55 16 8 8 5 
17732000 17732164 0 2 1 -105 -94 -102 -106 -91 -110 -156 -15 79 86 25 20 14 10 15 35 35 45 55 16 10 10 5 
17738500 17738679 0 -3 1 -48 -21 -44 -48 -16 -50 -96 -32 73 68 25 20 14 10 15 35 35 45 55 16 10 7 5 
86500 86677 1 0 -1 0 0 0 0 0 0 -35 0 70 71 25 20 15 10 16 36 35 45 55 16 5 2 5 
155000 155100 1 0 0 -1 6 0 -2 5 8 -24 -6 72 72 25 20 15 10 16 36 35 45 55 16 9 9 5 
247000 247595 1 10 0 110 203 111 116 218 125 93 -102 80 77 25 20 15 10 16 36 35 45 55 16 0 0 5 
289000 289018 1 0 0 0 8 0 -4 -1 6 -26 -3 75 76 25 20 15 10 16 36 35 45 55 16 10 8 5 
478000 478041 1 0 0 1 11 0 -5 4 3 -29 -10 73 73 25 20 15 10 16 36 35 45 55 16 9 9 5 
653500 653660 1 0 0 8 3 0 3 -3 13 -19 5 73 74 25 20 15 10 15 35 35 45 55 16 9 9 5 
960000 960021 1 0 0 19 16 0 14 9 24 -8 6 72 72 25 20 16 10 15 35 35 45 55 16 9 9 5 
1027000 1027140 1 -1 1 -35 -20 -53 -36 -23 -27 -59 -13 76 75 25 20 16 10 15 35 35 45 55 16 9 10 5 
1051500 1051640 1 2 1 -95 -80 -112 -104 -87 -96 -128 -18 81 81 25 20 16 10 15 35 35 45 55 16 10 10 5 
1068500 1068614 1 -3 1 -30 -17 -46 -32 -16 -23 -55 -16 86 88 25 20 16 10 15 35 35 45 55 16 11 11 5 
1244000 1244151 1 0 0 12 21 0 11 22 20 -12 -11 76 77 25 20 15 10 14 34 35 45 55 16 10 7 5 
1597500 1597502 1 0 0 26 28 0 22 21 31 -1 -1 69 70 25 20 16 10 15 35 35 45 55 16 9 8 5 
1758500 1758666 1 0 0 31 34 0 25 35 35 3 -8 68 70 25 20 17 10 15 35 35 45 55 16 9 8 5 
2996000 2996006 1 0 0 16 19 0 11 18 20 -12 -7 75 72 25 20 16 10 15 35 35 45 55 16 10 9 5 
3720000 3720154 1 0 0 18 23 0 16 22 25 -7 -7 70 72 25 20 16 10 15 35 35 45 55 16 6 8 5 
4138000 4138107 1 0 0 27 32 0 26 30 35 3 -5 79 78 25 20 15 10 15 35 35 45 55 16 10 9 5 
4358500 4358632 1 0 0 27 29 0 25 32 34 2 -7 79 80 25 20 16 10 15 35 35 45 55 16 10 10 5 
4521000 4521143 1 -1 1 -18 -9 -52 -21 -18 -11 -43 -2 76 75 25 20 16 10 14 34 35 45 55 16 9 4 5 
4538500 4538590 1 2 1 -66 -46 -101 -67 -44 -57 -89 -22 77 79 25 20 15 10 13 33 35 45 55 16 10 10 5 
4565000 4565120 1 -3 1 -11 11 -47 -10 10 0 -32 -20 86 89 25 20 15 10 13 33 35 45 55 16 2 4 5 
4809500 4809511 1 0 0 47 39 0 50 39 60 28 11 75 74 25 20 15 10 13 33 35 45 55 16 9 9 5 
5584500 5584686 1 0 0 12 25 0 1 18 12 -20 -18 71 70 25 20 14 10 14 34 35 45 55 16 8 7 5 
5739500 5739627 1 0 0 14 26 0 14 24 23 -9 -11 70 68 25 20 14 10 14 34 35 45 55 16 7 8 5 
6110500 6110561 1 0 0 20 23 0 18 19 26 -6 -1 69 70 25 20 14 10 15 35 35 45 55 16 7 9 5 
7005000 7005100 1 0 0 14 26 0 11 26 21 -11 -16 70 72 25 20 15 10 15 35 35 45 55 16 8 9 5 
7514000 7514136 1 0 0 3 11 0 0 9 10 -22 -9 69 67 25 20 15 10 16 36 35 45 55 16 9 8 5 
7931000 7931107 1 0 0 22 32 0 17 29 26 -6 -12 69 71 25 20 16 10 15 35 35 45 55 16 7 9 5 
8018000 8018126 1 -1 1 -32 -19 -53 -33 -23 -23 -55 -9 70 70 25 20 16 10 15 35 35 45 55 16 9 9 5 
8057500 8057540 1 2 1 -155 -122 -175 -158 -124 -150 -182 -35 71 71 25 20 16 10 14 34 35 45 55 16 9 9 5 
8083000 8083161 1 -3 1 -28 -8 -47 -32 -13 -23 -55 -18 70 69 25 20 16 10 14 34 35 45 55 16 9 9 5 
8332500 8332666 1 0 0 16 13 0 12 9 20 -12 3 68 68 25 20 16 10 15 35 35 45 55 16 7 7 5 
8830500 8830896 1 0 0 29 31 0 29 33 39 7 -3 66 64 25 20 16 10 14 34 35 45 55 16 7 6 5 
9121000 9121133 1 0 0 11 10 0 10 7 18 -14 1 65 59 25 20 17 10 15 35 35 45 55 16 8 7 5 
9133000 9133034 1 0 0 16 20 0 15 19 23 -9 -5 66 66 25 20 17 10 15 35 35 45 55 16 8 8 5 
9384500 9384569 1 0 0 10 30 0 6 28 15 -17 -21 63 64 25 20 16 10 15 35 35 45 55 16 5 8 5 
9404000 9404067 1 0 0 27 23 0 26 23 34 2 2 67 70 25 20 14 10 16 36 35 45 55 16 8 8 5 
9456500 9456554 1 0 0 11 14 0 10 15 20 -12 -4 64 65 25 20 13 10 16 36 35 45 55 16 8 8 5 
10307000 10307150 1 0 0 8 13 0 6 10 15 -17 -5 68 69 25 20 14 10 16 36 35 45 55 16 7 9 5 
11136500 11136653 1 0 0 22 27 0 22 23 31 -1 0 65 64 25 20 15 10 16 36 35 45 55 16 8 8 5 
11208500 11208596 1 -1 1 -34 -21 -50 -37 -24 -29 -61 -13 64 62 25 20 15 10 15 35 35 45 55 16 8 8 5 
11232500 11232632 1 2 1 -74 -53 -88 -81 -62 -73 -105 -20 64 62 25 20 15 10 14 34 35 45 55 16 8 8 5 
11243000 11243316 1 10 0 -116 -73 -129 -134 -80 -125 -157 -53 80 42 25 20 15 10 14 34 35 45 55 16 8 4 5 
11254000 11254105 1 10 0 -96 -47 -109 -110 -51 -100 -132 -59 82 82 25 20 15 10 14 34 35 45 55 16 3 9 5 
11258500 11258666 1 -3 1 -36 -26 -48 -47 -31 -39 -71 -17 78 81 25 20 15 10 14 34 35 45 55 16 6 10 5 
11406500 11406901 1 0 0 1 18 0 0 12 8 -24 -12 69 71 25 20 15 10 15 35 35 45 55 16 8 8 5 
12118000 12118179 1 0 0 10 28 0 7 26 16 -16 -19 59 59 25 20 15 10 16 36 35 45 55 16 8 5 5 
13046500 13046937 1 0 0 14 20 0 11 16 22 -10 -4 60 58 25 20 14 10 16 36 35 45 55 16 7 6 5 
13652000 13652225 1 0 0 15 18 0 14 14 23 -9 0 59 57 25 20 15 10 15 35 35 45 55 16 5 7 5 
13972500 13972576 1 0 0 12 16 0 11 12 20 -12 -1 60 59 25 20 14 10 14 34 35 45 55 16 7 6 5 
14655000 14655214 1 0 0 3 19 0 -3 16 7 -25 -18 64 61 25 20 13 10 15 35 35 45 55 16 8 7 5 
15378500 15378979 1 0 0 12 19 0 11 16 20 -12 -5 61 61 25 20 14 10 15 35 35 45 55 16 6 7 5 
15922500 15922510 1 0 0 17 25 0 14 17 23 -9 -3 63 64 25 20 14 10 14 34 35 45 55 16 7 7 5 
17074500 17074535 1 0 0 8 18 0 7 14 16 -16 -7 68 71 25 20 15 10 14 34 35 45 55 16 6 9 5 
17429500 17429665 1 0 0 17 24 0 11 17 21 -11 -6 66 65 25 20 15 10 14 34 35 45 55 16 7 8 5 
17476500 17476550 1 -1 1 -37 -29 -52 -32 -28 -24 -56 -6 68 68 25 20 15 10 14 34 35 45 55 16 9 8 5 
17487000 17487022 1 2 1 -87 -51 -102 -89 -52 -79 -111 -37 70 72 25 20 14 10 14 34 35 45 55 16 9 9 5 
17507500 17507628 1 -3 1 -34 -22 -48 -35 -21 -25 -57 -14 68 70 25 20 14 10 14 34 35 45 55 16 9 9 5 
17623500 17623617 1 0 0 10 16 0 7 15 17 -15 -6 66 66 25 20 14 10 15 35 35 45 55 16 8 7 5 
