135000 135189 0 0 -1 0 -63 0 0 -64 0 95 64 67 67 25 20 18 10 13 33 35 45 55 16 7 9 5 
564500 564717 0 0 0 12 -42 0 16 -39 16 111 55 56 56 25 20 18 10 13 33 35 45 55 16 7 7 5 
864500 864642 0 0 0 19 -37 0 23 -33 21 116 55 54 54 25 20 18 10 13 33 35 45 55 16 6 7 5 
1335000 1335019 0 0 0 30 -32 0 35 -28 36 131 63 60 59 25 20 18 10 13 33 35 45 55 16 8 7 5 
1357500 1357698 0 0 0 33 -28 0 31 -27 31 126 57 60 59 25 20 18 10 13 33 35 45 55 16 7 8 5 
1376000 1376834 0 -1 1 -22 -73 -52 -34 -86 -34 61 52 73 76 25 20 18 10 13 33 35 45 55 16 5 8 5 
1386500 1386507 0 2 1 -178 -180 -207 -177 -179 -178 -83 0 84 83 25 20 18 10 13 33 35 45 55 16 11 10 5 
1469500 1469569 0 -3 1 -31 -76 -50 -24 -70 -24 71 47 63 68 25 20 18 10 13 33 35 45 55 16 8 8 5 
1571000 1571010 0 0 0 6 -47 0 9 -44 10 105 54 57 57 25 20 18 10 13 33 35 45 55 16 7 7 5 
1891000 1891201 0 0 0 17 -41 14 19 -39 21 116 59 54 55 25 20 18 10 13 33 35 45 55 16 7 7 5 
2024000 2024187 0 0 0 13 -51 12 17 -47 18 113 64 62 61 25 20 18 10 13 33 35 45 55 16 8 8 5 
2333500 2333650 0 0 0 9 -52 -2 11 -49 12 107 60 61 62 25 20 18 10 13 33 35 45 55 16 8 8 5 
2489500 2489587 0 0 0 -2 -51 12 3 -47 3 98 49 59 56 25 20 18 10 13 33 35 45 55 16 7 7 5 
2660500 2660621 0 0 0 -7 -58 0 1 -52 3 98 53 60 59 25 20 18 10 13 33 35 45 55 16 7 6 5 
2828500 2828696 0 0 0 12 -54 0 15 -53 15 110 69 65 64 25 20 18 10 13 33 35 45 55 16 7 8 5 
2860500 2860679 0 -1 1 -53 -91 -59 -56 -89 -57 38 32 80 78 25 20 18 10 13 33 35 45 55 16 10 10 5 
2874000 2874004 0 2 1 127 15 123 135 21 136 231 115 80 80 25 20 18 10 13 33 35 45 55 16 10 10 5 
2899500 2899534 0 -3 1 43 -13 45 48 -9 46 141 56 68 68 25 20 18 10 13 33 35 45 55 16 8 8 5 
2963000 2963183 0 0 0 -13 -64 0 -11 -63 -12 83 51 58 58 25 20 18 10 13 33 35 45 55 16 7 8 5 
3152000 3152120 0 0 0 1 -53 -2 7 -49 6 101 55 57 56 25 20 18 10 12 32 35 45 55 16 7 7 5 
3194500 3194752 0 -1 1 58 -18 52 63 -12 62 157 74 66 64 25 20 18 10 12 32 35 45 55 16 7 8 5 
3207000 3207169 0 2 1 146 45 139 152 49 152 247 103 70 68 25 20 18 10 13 33 35 45 55 16 9 9 5 
3228500 3228522 0 -3 1 55 -34 45 61 -28 61 156 90 70 71 25 20 18 10 13 33 35 45 55 16 9 8 5 
3255000 3255015 0 0 0 13 -61 28 18 -57 19 114 75 60 51 25 20 18 10 13 33 35 45 55 16 8 7 5 
3523000 3523158 0 0 0 10 -57 -1 13 -53 12 107 64 63 66 25 20 18 10 13 33 35 45 55 16 8 8 5 
3592000 3592030 0 -1 1 60 -44 55 66 -41 64 159 106 71 73 25 20 18 10 13 33 35 45 55 16 9 9 5 
3598500 3598583 0 2 1 146 18 142 148 21 147 242 127 75 76 25 20 18 10 13 33 35 45 55 16 9 10 5 
3610500 3610512 0 -3 1 50 -24 47 53 -21 55 150 76 73 73 25 20 18 10 13 33 35 45 55 16 9 9 5 
3642000 3642142 0 -1 1 -51 -111 -51 -46 -108 -46 49 61 75 74 25 20 18 10 13 33 35 45 55 16 7 8 5 
3653000 3653018 0 2 1 -112 -147 -112 -108 -144 -110 -15 35 79 79 25 20 18 10 13 33 35 45 55 16 9 10 5 
3684500 3684557 0 -3 1 -50 -102 -48 -45 -96 -44 51 51 68 69 25 20 18 10 13 33 35 45 55 16 8 9 5 
3763000 3763191 0 0 0 -8 -78 0 -3 -72 -3 92 69 67 68 25 20 18 10 13 33 35 45 55 16 8 9 5 
3798000 3798081 0 -1 1 48 -31 57 44 -30 44 139 74 68 67 25 20 18 10 13 33 35 45 55 16 8 6 5 
3806000 3806107 0 2 1 210 81 218 219 87 219 314 132 74 75 25 20 18 10 13 33 35 45 55 16 9 9 5 
3823000 3823111 0 -3 1 31 -26 40 23 -34 22 117 57 76 74 25 20 18 10 13 33 35 45 55 16 7 9 5 
3913500 3913698 0 0 0 -10 -64 0 -5 -58 -5 90 54 57 56 25 20 18 10 12 32 35 45 55 16 7 7 5 
3966500 3966754 0 0 0 -2 -55 0 1 -50 0 95 49 58 58 25 20 18 10 12 32 35 45 55 16 7 7 5 
3989500 3989749 0 -1 1 47 -24 54 49 -20 48 143 67 58 57 25 20 18 10 12 32 35 45 55 16 6 7 5 
4008500 4008618 0 2 1 201 97 212 205 101 206 301 105 63 64 25 20 18 10 13 33 35 45 55 16 8 8 5 
4027500 4027625 0 -3 1 31 -29 46 28 -33 29 124 60 61 60 25 20 18 10 12 32 35 45 55 16 7 8 5 
4056500 4056593 0 0 0 -21 -75 6 -14 -70 -13 82 58 61 59 25 20 18 10 12 32 35 45 55 16 7 7 5 
4090500 4090566 0 0 0 -11 -62 34 -10 -58 -9 86 48 62 60 25 20 18 10 12 32 35 45 55 16 8 6 5 
4133000 4133154 0 -1 1 49 -25 56 55 -19 56 151 75 67 69 25 20 18 10 13 33 35 45 55 16 5 8 5 
4152500 4152538 0 2 1 266 151 271 272 156 271 366 116 71 72 25 20 18 10 13 33 35 45 55 16 8 9 5 
4169500 4169834 0 -3 1 43 -9 46 42 -11 41 136 54 70 75 25 20 18 10 13 33 35 45 55 16 5 9 5 
4237500 4237543 0 0 0 3 -52 0 6 -49 6 101 55 58 58 25 20 18 10 12 32 35 45 55 16 7 7 5 
4341000 4341151 0 -1 1 55 -18 51 57 -15 57 152 71 66 62 25 20 18 10 13 33 35 45 55 16 9 8 5 
4354500 4354658 0 2 1 169 66 165 180 75 180 275 105 68 65 25 20 18 10 13 33 35 45 55 16 9 8 5 
4374000 4374202 0 -3 1 53 -12 49 53 -9 55 150 64 64 65 25 20 18 10 12 32 35 45 55 16 8 8 5 
4453000 4453149 0 0 0 4 -54 27 10 -50 9 104 60 61 61 25 20 18 10 12 32 35 45 55 16 8 8 5 
4522500 4522645 0 -1 1 43 -20 54 42 -18 41 136 59 63 65 25 20 18 10 12 32 35 45 55 16 8 8 5 
4532000 4532143 0 2 1 136 50 150 141 54 141 236 86 65 66 25 20 18 10 13 33 35 45 55 16 8 8 5 
4546500 4546709 0 -3 1 25 -31 42 13 -40 14 109 53 66 62 25 20 18 10 12 32 35 45 55 16 4 8 5 
4617000 4617213 0 0 0 -33 -79 -10 -31 -75 -31 64 44 64 67 25 20 18 10 12 32 35 45 55 16 8 8 5 
4679000 4679038 0 -1 1 12 -44 53 17 -39 19 114 58 64 70 25 20 18 10 12 32 35 45 55 16 8 8 5 
4693500 4693555 0 2 1 238 104 281 245 108 246 341 139 72 69 25 20 18 10 13 33 35 45 55 16 9 8 5 
4721500 4721696 0 -3 1 3 -74 49 6 -71 6 101 77 72 73 25 20 18 10 13 33 35 45 55 16 9 9 5 
4778500 4778707 0 0 0 -53 -96 -24 -57 -98 -58 37 40 72 68 25 20 18 10 13 33 35 45 55 16 8 9 5 
4854500 4854637 0 0 0 -33 -86 0 -32 -84 -32 63 51 73 70 25 20 18 10 13 33 35 45 55 16 9 9 5 
4890500 4890660 0 -1 1 13 -48 51 17 -44 17 112 60 62 61 25 20 17 10 11 31 35 45 55 16 8 8 5 
4909000 4909176 0 2 1 53 -6 94 59 -1 59 154 60 62 60 25 20 17 10 10 30 35 45 55 16 8 7 5 
4916000 4916083 0 -3 1 6 -44 48 7 -42 7 102 48 61 60 25 20 17 10 11 31 35 45 55 16 8 8 5 
4965000 4965060 0 0 0 -49 -102 -9 -46 -99 -45 50 53 58 56 25 20 18 10 13 33 35 45 55 16 7 7 5 
5034500 5034526 0 -1 1 30 -48 60 34 -44 34 129 78 68 68 25 20 18 10 13 33 35 45 55 16 7 7 5 
5043500 5043679 0 2 1 149 41 176 157 49 158 253 108 74 73 25 20 18 10 13 33 35 45 55 16 9 10 5 
5058500 5058661 0 -3 1 21 -40 44 19 -38 18 113 57 63 63 25 20 18 10 13 33 35 45 55 16 8 8 5 
5123500 5123566 0 0 0 -6 -68 9 -2 -64 0 95 62 58 59 25 20 18 10 12 32 35 45 55 16 7 7 5 
5239500 5239724 0 0 0 -22 -69 -13 -16 -63 -17 78 47 59 55 25 20 18 10 12 32 35 45 55 16 8 7 5 
5370500 5370618 0 0 0 29 -35 0 33 -31 32 127 62 58 60 25 20 18 10 12 32 35 45 55 16 7 7 5 
5564000 5564086 0 0 0 16 -48 -13 18 -46 17 112 63 60 59 25 20 18 10 11 31 35 45 55 16 8 7 5 
5653000 5653177 0 0 0 10 -58 0 12 -54 11 106 66 58 58 25 20 18 10 12 32 35 45 55 16 7 7 5 
5725500 5725587 0 0 0 13 -54 -1 20 -47 20 115 68 60 63 25 20 18 10 12 32 35 45 55 16 8 8 5 
5847000 5847069 0 0 0 -23 -82 -4 -19 -78 -19 76 59 69 68 25 20 18 10 12 32 35 45 55 16 8 9 5 
5988500 5988728 0 0 0 -15 -71 0 -10 -67 -9 86 56 60 61 25 20 18 10 12 32 35 45 55 16 7 8 5 
6143000 6143081 0 -1 1 -57 -95 -52 -53 -92 -54 41 39 76 76 25 20 18 10 13 33 35 45 55 16 9 8 5 
6148500 6148644 0 2 1 -113 -130 -108 -112 -132 -112 -17 19 78 75 25 20 18 10 13 33 35 45 55 16 10 10 5 
6162500 6162555 0 -3 1 -53 -111 -49 -51 -110 -52 43 58 66 64 25 20 18 10 13 33 35 45 55 16 8 8 5 
6298000 6298137 0 0 0 5 -66 0 9 -61 9 104 70 67 69 25 20 18 10 13 33 35 45 55 16 8 8 5 
6414500 6414656 0 0 0 5 -53 0 10 -49 9 104 59 59 59 25 20 18 10 13 33 35 45 55 16 8 7 5 
6487500 6487633 0 0 0 16 -43 0 20 -40 19 114 60 56 56 25 20 18 10 13 33 35 45 55 16 7 7 5 
6783500 6783690 0 0 0 -3 -58 0 2 -55 1 96 55 67 70 25 20 18 10 13 33 35 45 55 16 8 9 5 
7298500 7298666 0 -1 1 52 -31 52 57 -27 56 151 84 65 71 25 20 18 10 13 33 35 45 55 16 7 8 5 
7302500 7302587 0 2 1 82 -7 82 87 -2 87 182 89 64 64 25 20 18 10 13 33 35 45 55 16 8 8 5 
7316500 7316615 0 -3 1 50 -23 50 53 -19 53 148 72 62 62 25 20 18 10 13 33 35 45 55 16 8 8 5 
7382000 7382020 0 0 0 0 -47 0 7 -41 6 101 47 57 56 25 20 18 10 13 33 35 45 55 16 7 7 5 
7546000 7546026 0 0 0 16 -38 16 22 -35 23 118 57 60 60 25 20 18 10 13 33 35 45 55 16 8 6 5 
7654500 7654913 0 0 0 7 -48 -2 10 -45 12 107 57 60 60 25 20 18 10 13 33 35 45 55 16 4 8 5 
7780500 7780552 0 0 0 -7 -50 -14 -5 -48 -6 89 42 56 56 25 20 18 10 12 32 35 45 55 16 6 7 5 
8040000 8040084 0 0 0 -18 -71 -4 -15 -67 -14 81 53 56 55 25 20 18 10 12 32 35 45 55 16 7 7 5 
8208000 8208254 0 0 0 -14 -68 1 -10 -64 -9 86 54 58 58 25 20 18 10 12 32 35 45 55 16 7 7 5 
8396000 8396192 0 0 0 -8 -64 0 -7 -62 -7 88 54 58 57 25 20 18 10 12 32 35 45 55 16 7 7 5 
8531000 8531198 0 0 0 -35 -62 0 -31 -58 -32 63 27 53 52 25 20 18 10 12 32 35 45 55 16 6 7 5 
8648500 8648538 0 0 0 -26 -62 6 -22 -58 -21 74 38 55 54 25 20 18 10 11 31 35 45 55 16 7 7 5 
8677500 8677659 0 -1 1 25 -27 51 29 -23 29 124 52 53 56 25 20 18 10 11 31 35 45 55 16 6 7 5 
8693500 8693804 0 2 1 88 26 115 92 30 90 185 61 59 64 25 20 18 10 13 33 35 45 55 16 5 8 5 
8706000 8706170 0 -3 1 21 -20 48 23 -17 23 118 39 58 58 25 20 18 10 12 32 35 45 55 16 7 7 5 
8762000 8762182 0 0 0 -28 -61 -4 -24 -58 -24 71 34 51 51 25 20 18 10 11 31 35 45 55 16 6 6 5 
8913500 8913746 0 0 0 -14 -52 -7 -11 -49 -9 86 41 52 53 25 20 18 10 13 33 35 45 55 16 6 7 5 
8950000 8950085 0 -1 1 54 -16 55 57 -13 58 153 70 65 65 25 20 18 10 13 33 35 45 55 16 8 6 5 
8962000 8962166 0 2 1 228 112 225 234 116 234 329 119 69 67 25 20 18 10 13 33 35 45 55 16 9 8 5 
8987500 8987683 0 -3 1 56 -1 43 58 1 58 153 58 67 68 25 20 18 10 13 33 35 45 55 16 9 8 5 
9047000 9047137 0 0 0 34 -22 18 37 -19 37 132 56 57 55 25 20 18 10 13 33 35 45 55 16 7 7 5 
9197000 9197088 0 0 0 47 -17 3 51 -13 51 146 63 60 59 25 20 18 10 13 33 35 45 55 16 7 8 5 
9223500 9224165 0 -1 1 96 10 52 111 22 112 207 90 57 55 25 20 18 10 13 33 35 45 55 16 4 6 5 
9236000 9236225 0 2 1 218 106 175 225 112 225 320 112 64 64 25 20 18 10 13 33 35 45 55 16 8 4 5 
9266500 9266569 0 -3 1 88 15 50 93 20 93 188 73 62 61 25 20 18 10 13 33 35 45 55 16 8 8 5 
9315000 9315215 0 0 0 32 -31 0 36 -28 36 131 64 56 55 25 20 18 10 13 33 35 45 55 16 7 7 5 
9475500 9475678 0 0 0 56 -13 -9 62 -8 60 155 70 57 56 25 20 18 10 13 33 35 45 55 16 7 7 5 
9520000 9520156 0 -1 1 110 17 52 117 22 116 211 94 57 57 25 20 18 10 13 33 35 45 55 16 7 7 5 
9533500 9533597 0 2 1 204 92 145 207 95 207 302 113 61 61 25 20 18 10 13 33 35 45 55 16 8 8 5 
9549000 9549227 0 -3 1 107 28 47 110 31 110 205 78 61 62 25 20 18 10 13 33 35 45 55 16 8 8 5 
9555500 9555750 0 0 0 60 -10 0 62 -8 63 158 72 59 58 25 20 18 10 13 33 35 45 55 16 7 7 5 
9680500 9680711 0 0 0 72 -5 2 79 1 80 175 79 58 57 25 20 18 10 13 33 35 45 55 16 7 7 5 
9708500 9708597 0 -1 1 118 23 50 121 26 120 215 94 59 58 25 20 18 10 13 33 35 45 55 16 7 7 5 
9725000 9725195 0 2 1 209 92 145 226 106 226 321 120 63 58 25 20 18 10 13 33 35 45 55 16 4 4 5 
9742000 9742079 0 -3 1 107 30 45 104 31 105 200 72 63 67 25 20 18 10 13 33 35 45 55 16 8 8 5 
9763000 9763209 0 0 0 58 -20 1 62 -17 61 156 78 56 57 25 20 18 10 13 33 35 45 55 16 7 7 5 
9934500 9934643 0 0 0 67 -5 -136 71 -2 72 167 74 57 56 25 20 18 10 13 33 35 45 55 16 7 7 5 
9956000 9956242 0 -1 1 120 27 54 126 33 125 220 93 59 60 25 20 18 10 13 33 35 45 55 16 7 7 5 
9967500 9967732 0 2 1 233 109 168 238 113 239 334 124 61 61 25 20 18 10 13 33 35 45 55 16 8 6 5 
9988000 9988235 0 -3 1 111 33 47 114 37 113 208 77 60 59 25 20 18 10 13 33 35 45 55 16 8 7 5 
10029500 10029563 0 0 0 62 -11 11 68 -5 67 162 72 57 55 25 20 18 10 13 33 35 45 55 16 7 7 5 
10232000 10232205 0 0 0 62 -8 -6 67 -3 68 163 70 58 60 25 20 18 10 13 33 35 45 55 16 7 7 5 
10255500 10255756 0 -1 1 114 22 53 123 29 124 219 95 58 58 25 20 18 10 13 33 35 45 55 16 7 7 5 
10268000 10268006 0 2 1 215 96 156 219 99 217 312 118 62 63 25 20 18 10 13 33 35 45 55 16 8 8 5 
10288000 10288194 0 -3 1 106 25 48 110 29 113 208 84 62 63 25 20 18 10 13 33 35 45 55 16 8 8 5 
10322000 10322063 0 0 0 56 -12 7 59 -9 58 153 68 58 57 25 20 18 10 13 33 35 45 55 16 7 7 5 
10442000 10442246 0 0 0 42 -19 0 44 -16 43 138 61 57 57 25 20 18 10 11 31 35 45 55 16 7 7 5 
10453000 10453764 0 13 0 -9 -57 -37 -37 -75 -35 60 39 72 70 25 20 18 10 12 32 35 45 55 16 1 7 5 
10470000 10470014 0 0 0 6 -47 0 10 -43 11 106 53 59 59 25 20 18 10 12 32 35 45 55 16 7 8 5 
10575000 10575030 0 0 0 -1 -51 0 2 -48 2 97 50 57 57 25 20 18 10 13 33 35 45 55 16 7 7 5 
10680000 10680185 0 0 0 13 -41 0 18 -37 18 113 53 57 57 25 20 18 10 13 33 35 45 55 16 7 7 5 
10688000 10688249 0 -1 1 65 -9 53 71 -4 69 164 72 58 58 25 20 18 10 13 33 35 45 55 16 7 7 5 
10700500 10700704 0 2 1 139 54 128 144 59 144 239 85 63 64 25 20 18 10 13 33 35 45 55 16 8 8 5 
10722000 10722059 0 -3 1 57 -8 49 58 -6 59 154 65 63 62 25 20 18 10 13 33 35 45 55 16 8 8 5 
10732500 10732531 0 0 0 6 -46 0 8 -43 8 103 52 59 57 25 20 18 10 13 33 35 45 55 16 8 7 5 
10856000 10856233 0 0 0 30 -28 5 35 -23 34 129 58 58 57 25 20 18 10 13 33 35 45 55 16 7 7 5 
10887500 10887599 0 -1 1 75 3 52 79 7 80 175 73 60 59 25 20 18 10 13 33 35 45 55 16 8 7 5 
10893000 10893104 0 2 1 100 23 78 105 28 105 200 75 57 56 25 20 18 10 13 33 35 45 55 16 7 7 5 
10907500 10907500 0 -3 1 68 9 49 73 13 73 168 60 61 62 25 20 18 10 13 33 35 45 55 16 7 8 5 
10922000 10922023 0 0 0 17 -37 0 19 -34 19 114 52 60 63 25 20 18 10 13 33 35 45 55 16 8 8 5 
11070000 11070195 0 0 0 23 -33 0 27 -29 29 124 57 66 67 25 20 18 10 13 33 35 45 55 16 8 8 5 
11096000 11096086 0 -1 1 74 4 50 80 9 80 175 71 58 58 25 20 18 10 13 33 35 45 55 16 7 7 5 
11103000 11103196 0 2 1 145 49 121 152 55 152 247 97 62 60 25 20 18 10 13 33 35 45 55 16 7 8 5 
11129500 11129660 0 -3 1 71 8 46 71 10 72 167 60 66 66 25 20 18 10 12 32 35 45 55 16 7 8 5 
11170500 11170597 0 0 0 27 -31 -3 30 -28 31 126 57 56 58 25 20 18 10 10 30 35 45 55 16 7 7 5 
11280000 11280460 0 0 0 52 -13 0 55 -8 54 149 63 55 54 25 20 18 10 11 31 35 45 55 16 6 7 5 
11364500 11364732 0 0 0 42 -18 -21 46 -15 46 141 61 57 57 25 20 18 10 11 31 35 45 55 16 7 7 5 
11381000 11381159 0 -1 1 83 10 50 88 15 89 184 74 57 56 25 20 18 10 12 32 35 45 55 16 7 7 5 
11402000 11402203 0 2 1 245 123 223 248 126 248 343 122 68 64 25 20 18 10 13 33 35 45 55 16 8 9 5 
11429500 11429590 0 -3 1 50 -10 43 54 -6 53 148 59 68 66 25 20 18 10 13 33 35 45 55 16 9 8 5 
11460000 11460241 0 0 0 -10 -63 -1 -6 -60 -4 91 54 58 58 25 20 18 10 13 33 35 45 55 16 7 7 5 
11561000 11561163 0 0 0 7 -48 -10 10 -46 10 105 56 58 58 25 20 18 10 13 33 35 45 55 16 7 7 5 
11587500 11587542 0 -1 1 55 -14 52 56 -12 57 152 68 59 60 25 20 18 10 13 33 35 45 55 16 8 7 5 
11601000 11601164 0 2 1 205 101 204 209 105 211 306 105 62 62 25 20 18 10 13 33 35 45 55 16 8 8 5 
11619500 11619597 0 -3 1 44 -9 46 45 -8 45 140 53 60 62 25 20 18 10 13 33 35 45 55 16 8 8 5 
11629500 11629525 0 0 0 -4 -58 -3 -1 -56 -2 93 53 57 58 25 20 18 10 13 33 35 45 55 16 7 7 5 
11799500 11799559 0 0 0 7 -51 -13 11 -47 12 107 58 58 58 25 20 18 10 12 32 35 45 55 16 7 7 5 
11813500 11813663 0 -1 1 59 -18 53 64 -13 64 159 76 60 60 25 20 18 10 12 32 35 45 55 16 7 8 5 
11829000 11829189 0 2 1 216 114 212 221 121 221 316 101 63 63 25 20 18 10 13 33 35 45 55 16 8 8 5 
11847500 11847644 0 -3 1 47 -5 46 49 -4 48 143 51 64 63 25 20 18 10 13 33 35 45 55 16 8 8 5 
11880000 11880241 0 0 0 -3 -61 -31 1 -57 1 96 60 57 55 25 20 18 10 13 33 35 45 55 16 7 7 5 
12040500 12040599 0 0 0 11 -46 -15 15 -42 14 109 56 57 56 25 20 18 10 13 33 35 45 55 16 7 7 5 
12065500 12065547 0 -1 1 58 -13 52 62 -9 61 156 70 56 55 25 20 18 10 13 33 35 45 55 16 7 7 5 
12080000 12080059 0 2 1 207 109 206 212 114 213 308 99 63 62 25 20 18 10 13 33 35 45 55 16 8 8 5 
12100500 12100573 0 -3 1 44 -6 48 49 -2 50 145 52 60 60 25 20 18 10 12 32 35 45 55 16 8 7 5 
12124500 12124722 0 0 0 -10 -64 -12 -5 -59 -5 90 54 58 58 25 20 18 10 12 32 35 45 55 16 7 7 5 
12275500 12275723 0 0 0 0 -54 -8 4 -50 3 98 53 58 58 25 20 18 10 12 32 35 45 55 16 8 7 5 
12288000 12288060 0 -1 1 61 -9 57 63 -5 63 158 68 56 54 25 20 18 10 12 32 35 45 55 16 7 7 5 
12302000 12302214 0 2 1 205 105 197 212 111 212 307 101 67 66 25 20 18 10 13 33 35 45 55 16 8 8 5 
12329500 12329627 0 -3 1 63 3 47 67 7 67 162 60 59 58 25 20 18 10 12 32 35 45 55 16 7 8 5 
12349500 12349716 0 0 0 22 -35 0 25 -31 23 118 55 56 57 25 20 18 10 11 31 35 45 55 16 7 7 5 
12496000 12496081 0 0 0 31 -26 -29 35 -23 34 129 57 58 58 25 20 18 10 11 31 35 45 55 16 7 7 5 
12515500 12515592 0 -1 1 84 7 53 87 10 86 181 76 61 62 25 20 18 10 12 32 35 45 55 16 8 8 5 
12530000 12530144 0 2 1 256 132 225 259 136 259 354 122 64 63 25 20 18 10 13 33 35 45 55 16 8 8 5 
12554500 12554605 0 -3 1 76 17 45 77 19 77 172 58 59 60 25 20 18 10 12 32 35 45 55 16 4 7 5 
12586000 12586258 0 0 0 32 -27 -4 35 -22 35 130 58 56 55 25 20 18 10 11 31 35 45 55 16 7 7 5 
12700500 12700548 0 0 0 41 -19 -13 44 -17 45 140 63 58 58 25 20 18 10 10 30 35 45 55 16 7 7 5 
12717000 12717089 0 -1 1 97 16 57 96 17 98 193 80 59 59 25 20 18 10 11 31 35 45 55 16 7 7 5 
12735000 12735081 0 2 1 258 131 221 262 134 262 357 128 63 62 25 20 18 10 13 33 35 45 55 16 8 8 5 
12756500 12756521 0 -3 1 85 19 50 89 22 90 185 68 61 61 25 20 18 10 12 32 35 45 55 16 8 8 5 
12774500 12774530 0 0 0 34 -30 0 39 -25 38 133 64 56 57 25 20 18 10 11 31 35 45 55 16 7 7 5 
12815000 12815206 0 0 0 45 -22 0 50 -17 50 145 68 55 53 25 20 18 10 12 32 35 45 55 16 7 6 5 
12830000 12830047 0 -1 1 -14 -66 -52 -8 -61 -8 87 53 80 81 25 20 18 10 12 32 35 45 55 16 7 10 5 
12846000 12846143 0 2 1 -77 -120 -108 -76 -118 -75 20 42 88 91 25 20 18 10 13 33 35 45 55 16 11 11 5 
12856500 12856553 0 -3 1 -18 -74 -45 -16 -71 -17 78 54 79 76 25 20 18 10 12 32 35 45 55 16 11 9 5 
12892500 12892713 0 0 0 11 -51 -5 15 -48 16 111 65 57 56 25 20 18 10 10 30 35 45 55 16 7 7 5 
12946000 12946203 0 0 0 30 -30 -5 35 -26 36 131 61 56 60 25 20 18 10 11 31 35 45 55 16 7 7 5 
12973500 12973668 0 -1 1 79 4 52 86 9 84 179 75 57 64 25 20 18 10 12 32 35 45 55 16 7 7 5 
12986000 12986253 0 2 1 236 113 209 242 119 242 337 124 59 57 25 20 18 10 13 33 35 45 55 16 7 7 5 
12997500 12997513 0 -3 1 73 9 48 77 12 77 172 64 59 67 25 20 18 10 11 31 35 45 55 16 8 7 5 
13023000 13023254 0 0 0 23 -45 -13 27 -41 28 123 69 56 54 25 20 18 10 10 30 35 45 55 16 7 7 5 
13203000 13203080 0 0 0 54 -23 -2 58 -19 58 153 78 56 56 25 20 18 10 12 32 35 45 55 16 7 7 5 
13260000 13260100 0 0 0 44 -32 3 46 -30 45 140 77 57 58 25 20 18 10 10 30 35 45 55 16 7 7 5 
13372000 13372147 0 0 0 41 -30 -4 43 -26 45 140 70 56 55 25 20 18 10 12 32 35 45 55 16 7 7 5 
13475500 13475607 0 0 0 58 -19 -3 63 -14 62 157 76 57 59 25 20 18 10 13 33 35 45 55 16 7 7 5 
13494500 13494550 0 -1 1 105 5 55 109 10 109 204 100 58 58 25 20 18 10 13 33 35 45 55 16 7 7 5 
13505500 13505598 0 2 1 208 83 163 212 87 212 307 125 61 60 25 20 18 10 13 33 35 45 55 16 8 8 5 
13517500 13517522 0 -3 1 84 4 45 88 9 88 183 78 58 59 25 20 18 10 11 31 35 45 55 16 8 6 5 
13543000 13543018 0 0 0 28 -42 2 30 -39 31 126 71 57 56 25 20 18 10 10 30 35 45 55 16 7 7 5 
13653500 13653725 0 0 0 33 -40 19 38 -36 38 133 73 58 57 25 20 18 10 10 30 35 45 55 16 7 7 5 
13697500 13697566 0 -1 1 69 -14 51 69 -12 69 164 81 60 60 25 20 18 10 12 32 35 45 55 16 7 8 5 
13706000 13706145 0 2 1 138 45 124 143 49 144 239 92 63 60 25 20 18 10 13 33 35 45 55 16 7 8 5 
13725000 13725234 0 -3 1 58 -6 50 60 -4 59 154 63 60 61 25 20 18 10 12 32 35 45 55 16 7 7 5 
13751000 13751092 0 0 0 -1 -55 0 4 -51 4 99 54 57 56 25 20 18 10 11 31 35 45 55 16 7 7 5 
13838500 13838696 0 0 0 19 -40 -1 22 -36 21 116 57 58 57 25 20 18 10 13 33 35 45 55 16 7 8 5 
13865000 13865112 0 -1 1 61 -3 51 64 2 64 159 63 55 56 25 20 18 10 13 33 35 45 55 16 7 7 5 
13875500 13875684 0 2 1 141 52 135 146 58 147 242 89 62 63 25 20 18 10 13 33 35 45 55 16 8 8 5 
13885000 13885232 0 -3 1 47 -12 44 35 -20 34 129 54 69 64 25 20 18 10 12 32 35 45 55 16 8 8 5 
13935000 13935034 0 0 0 -14 -58 -3 -11 -55 -12 83 43 53 52 25 20 18 10 10 30 35 45 55 16 6 7 5 
14092000 14092076 0 0 0 -3 -51 0 0 -47 0 95 47 57 58 25 20 18 10 9 29 35 45 55 16 7 7 5 
14132000 14132132 0 0 0 -7 -56 -6 -3 -52 -3 92 49 56 56 25 20 18 10 9 29 35 45 55 16 7 7 5 
14231000 14231010 0 0 0 -10 -62 -15 -6 -58 -5 90 51 58 58 25 20 18 10 13 33 35 45 55 16 7 6 5 
14246500 14246753 0 -1 1 46 -21 52 55 -13 55 150 68 61 61 25 20 18 10 13 33 35 45 55 16 7 8 5 
14259000 14259208 0 2 1 197 97 199 201 101 201 296 100 63 60 25 20 18 10 13 33 35 45 55 16 8 8 5 
14269500 14269701 0 -3 1 47 -8 47 45 -9 47 142 55 60 62 25 20 18 10 13 33 35 45 55 16 8 8 5 
14312000 14312159 0 0 0 11 -47 32 15 -43 15 110 58 62 65 25 20 18 10 12 32 35 45 55 16 7 8 5 
14433500 14433625 0 0 0 -5 -66 -1 -4 -66 -4 91 62 77 79 25 20 18 10 11 31 35 45 55 16 8 10 5 
14465500 14465575 0 -1 1 29 -47 50 25 -52 25 120 76 79 81 25 20 19 10 10 30 35 45 55 16 5 8 5 
14486000 14486173 0 2 1 279 175 311 284 179 284 379 106 73 74 25 20 20 10 10 30 35 45 55 16 8 10 5 
14503000 14503106 0 -3 1 6 -35 47 4 -35 5 100 41 62 54 25 20 19 10 11 31 35 45 55 16 6 7 5 
14520000 14520165 0 0 0 -49 -124 -13 -47 -121 -47 48 73 77 76 25 20 18 10 12 32 35 45 55 16 10 10 5 
14595000 14595106 0 0 0 -55 -101 20 -51 -99 -52 43 49 74 73 25 20 18 10 12 32 35 45 55 16 10 6 5 
14626000 14626006 0 -1 1 0 -66 52 1 -62 0 95 63 78 81 25 20 18 10 12 32 35 45 55 16 7 9 5 
14638000 14638098 0 2 1 315 186 367 323 192 322 417 131 73 75 25 20 19 10 12 32 35 45 55 16 10 5 5 
14657500 14657620 0 -3 1 -10 -44 41 -13 -46 -13 82 33 72 69 25 20 18 10 13 33 35 45 55 16 8 7 5 
14760000 14760138 0 0 0 -44 -90 0 -40 -86 -40 55 46 80 82 25 20 18 10 12 32 35 45 55 16 10 10 5 
14792500 14792685 0 -1 1 6 -54 51 9 -50 8 103 59 69 65 25 20 18 10 12 32 35 45 55 16 9 8 5 
14810500 14810513 0 2 1 217 116 262 220 120 220 315 99 72 73 25 20 19 10 12 32 35 45 55 16 9 9 5 
14822500 14822760 0 -3 1 -3 -46 42 -11 -52 -10 85 41 78 81 25 20 19 10 12 32 35 45 55 16 6 6 5 
14861000 14861201 0 0 0 -46 -95 0 -38 -90 -39 56 52 67 66 25 20 19 10 12 32 35 45 55 16 8 9 5 
14933500 14933686 0 0 0 -20 -80 12 -17 -76 -19 76 59 69 68 25 20 19 10 12 32 35 45 55 16 9 9 5 
15141500 15141581 0 0 0 -15 -66 0 -10 -61 -10 85 51 61 61 25 20 19 10 12 32 35 45 55 16 7 8 5 
15380500 15380724 0 0 0 3 -57 0 9 -51 9 104 59 65 63 25 20 18 10 12 32 35 45 55 16 8 8 5 
15507000 15507221 0 0 0 -10 -68 0 -5 -63 -4 91 58 64 63 25 20 18 10 12 32 35 45 55 16 8 8 5 
15770500 15770668 0 0 0 17 -48 0 17 -46 17 112 63 67 65 25 20 19 10 12 32 35 45 55 16 6 8 5 
16090000 16090097 0 0 0 46 -30 0 50 -26 49 144 75 62 61 25 20 19 10 12 32 35 45 55 16 8 7 5 
16299000 16299188 0 0 0 35 -39 0 37 -35 38 133 72 67 66 25 20 19 10 12 32 35 45 55 16 9 8 5 
16581500 16581615 0 0 0 -1 -64 0 -4 -63 -5 90 58 65 66 25 20 19 10 12 32 35 45 55 16 8 8 5 
16792500 16792638 0 0 0 35 -39 0 41 -35 41 136 75 65 63 25 20 19 10 12 32 35 45 55 16 8 7 5 
16928500 16928698 0 0 0 35 -45 0 38 -42 38 133 80 66 65 25 20 19 10 12 32 35 45 55 16 7 8 5 
17018000 17018104 0 -1 1 -24 -79 -50 -22 -75 -20 75 55 68 68 25 20 19 10 12 32 35 45 55 16 8 9 5 
17057500 17057766 0 2 1 -151 -190 -174 -156 -187 -157 -62 30 99 101 25 20 19 10 12 30 35 45 55 16 9 12 5 
17065500 17065528 0 -3 1 -20 -104 -42 -13 -101 -14 81 88 69 67 25 20 19 10 12 32 35 45 55 16 8 8 5 
17073000 17073258 0 -1 1 -31 -99 -52 -30 -95 -31 64 64 75 80 25 20 19 10 12 32 35 45 55 16 1 5 5 
17150500 17150571 0 2 1 -174 -197 -187 -175 -195 -175 -80 21 89 87 25 20 19 10 12 32 35 45 55 16 12 11 5 
17214000 17214004 0 -3 1 -40 -99 -48 -36 -96 -37 58 60 69 72 25 20 19 10 12 32 35 45 55 16 9 8 5 
17324000 17324040 0 0 0 -3 -73 0 1 -68 1 96 69 74 79 25 20 19 10 12 32 35 45 55 16 9 9 5 
17484500 17484677 0 0 0 50 -30 0 54 -26 54 149 80 64 64 25 20 19 10 12 32 35 45 55 16 8 8 5 
17546000 17546060 0 0 0 41 -49 0 45 -44 45 140 90 68 68 25 20 19 10 12 32 35 45 55 16 9 8 5 
17559500 17559589 0 0 0 -3 -63 0 2 -59 1 96 61 66 65 25 20 19 10 12 32 35 45 55 16 8 8 5 
17589500 17589545 0 0 0 7 -53 0 8 -50 8 103 58 63 63 25 20 19 10 12 32 35 45 55 16 8 8 5 
17598500 17598664 0 13 0 60 -34 26 64 -31 65 160 97 68 66 25 20 19 10 12 32 35 45 55 16 8 8 5 
17608000 17608138 0 0 0 63 -34 0 65 -32 65 160 96 72 74 25 20 19 10 12 32 35 45 55 16 9 10 5 
17630500 17630766 0 0 0 46 -36 0 46 -33 47 142 80 69 71 25 20 19 10 12 32 35 45 55 16 8 9 5 
17665500 17665689 0 0 0 55 -28 0 57 -24 59 154 82 63 60 25 20 19 10 12 32 35 45 55 16 8 8 5 
17885500 17885578 0 0 0 19 -44 0 21 -41 21 116 62 61 59 25 20 19 10 12 32 35 45 55 16 8 8 5 
18093500 18093531 0 0 0 41 -30 0 43 -27 43 138 70 60 62 25 20 18 10 11 31 35 45 55 16 7 7 5 
18203500 18203709 0 0 0 57 -22 -12 57 -21 58 153 78 64 64 25 20 19 10 12 32 35 45 55 16 8 8 5 
18236000 18236018 0 -1 1 100 12 50 100 14 101 196 85 66 65 25 20 18 10 12 32 35 45 55 16 8 8 5 
18248500 18248657 0 2 1 219 97 172 223 99 222 317 125 71 69 25 20 18 10 12 32 35 45 55 16 9 9 5 
18262500 18262501 0 -3 1 91 16 46 95 21 95 190 75 63 63 25 20 18 10 11 31 35 45 55 16 8 8 5 
18283000 18283141 0 0 0 41 -28 -15 37 -27 36 131 64 64 66 25 20 18 10 11 31 35 45 55 16 8 6 5 
18353500 18353659 0 0 0 53 -25 1 56 -23 56 151 79 58 59 25 20 18 10 11 31 35 45 55 16 7 7 5 
18372000 18372183 0 -1 1 99 4 58 105 12 106 201 93 69 71 25 20 18 10 11 31 35 45 55 16 7 8 5 
18379000 18379075 0 2 1 219 90 182 231 100 232 327 132 74 75 25 20 18 10 12 32 35 45 55 16 8 9 5 
18385000 18385009 0 -3 1 76 9 42 78 13 79 174 67 67 65 25 20 18 10 11 31 35 45 55 16 9 7 5 
18421000 18421147 0 0 0 11 -54 -28 8 -54 8 103 61 64 64 25 20 18 10 11 31 35 45 55 16 6 8 5 
18656000 18656232 0 0 0 15 -42 0 18 -40 19 114 58 51 48 25 20 18 10 10 30 35 45 55 16 6 5 5 
18708000 18708217 0 -1 1 69 -5 53 76 0 75 170 75 57 57 25 20 18 10 11 31 35 45 55 16 5 6 5 
18717000 18717105 0 2 1 134 48 118 139 53 138 233 86 55 55 25 20 18 10 12 32 35 45 55 16 5 7 5 
18727000 18727004 0 -3 1 63 1 47 67 5 67 162 63 53 55 25 20 18 10 12 32 35 45 55 16 7 7 5 
18813500 18813510 0 0 0 17 -34 0 20 -31 21 116 52 54 53 25 20 18 10 11 31 35 45 55 16 7 7 5 
18837000 18837225 0 0 0 39 -18 0 43 -15 44 139 59 54 56 25 20 18 10 11 31 35 45 55 16 7 7 5 
18843500 18843651 0 -1 1 95 20 56 100 24 100 195 76 55 55 25 20 18 10 11 31 35 45 55 16 7 7 5 
18854000 18854168 0 2 1 171 79 132 174 80 173 268 93 56 54 25 20 18 10 12 32 35 45 55 16 5 7 5 
18861000 18861180 0 -3 1 83 24 44 79 23 79 174 56 55 55 25 20 18 10 11 31 35 45 55 16 5 6 5 
18886000 18886002 0 0 0 40 -20 2 43 -17 44 139 61 54 53 25 20 18 10 11 31 35 45 55 16 4 7 5 
19012500 19012521 0 0 0 58 -9 -98 65 -3 65 160 67 57 56 25 20 18 10 11 31 35 45 55 16 7 7 5 
19044500 19044680 0 -1 1 98 20 51 102 24 101 196 78 59 60 25 20 18 10 12 32 35 45 55 16 7 7 5 
19059000 19059204 0 2 1 205 102 164 210 106 210 305 104 60 61 25 20 18 10 12 32 35 45 55 16 8 8 5 
19068000 19068063 0 -3 1 82 19 43 88 23 89 184 65 59 60 25 20 18 10 11 31 35 45 55 16 6 7 5 
19089500 19089714 0 0 0 31 -34 -10 40 -27 40 135 67 62 65 25 20 18 10 11 31 35 45 55 16 7 8 5 
19190500 19190710 0 0 0 22 -31 15 26 -29 25 120 55 62 64 25 20 18 10 11 31 35 45 55 16 7 6 5 
19213500 19213552 0 -1 1 -38 -77 -56 -34 -73 -35 60 37 79 82 25 20 18 10 11 31 35 45 55 16 9 10 5 
19219000 19219040 0 2 1 -85 -114 -101 -82 -112 -82 13 30 83 83 25 20 18 10 11 31 35 45 55 16 11 11 5 
19228000 19228112 0 -3 1 -33 -85 -48 -29 -81 -30 65 52 74 68 25 20 18 10 11 31 35 45 55 16 9 6 5 
19248000 19248006 0 0 0 10 -44 -6 14 -40 13 108 54 59 57 25 20 18 10 12 32 35 45 55 16 7 6 5 
19259500 19259940 0 -1 1 57 -1 51 62 6 62 157 56 58 57 25 20 18 10 12 32 35 45 55 16 6 8 5 
19270500 19270659 0 2 1 216 115 214 222 119 220 315 102 70 68 25 20 18 10 12 32 35 45 55 16 9 8 5 
19284500 19284637 0 -3 1 41 -12 44 45 -8 45 140 51 63 63 25 20 17 10 11 31 35 45 55 16 8 6 5 
19306000 19306079 0 0 0 -11 -64 -12 -7 -59 -6 89 52 51 52 25 20 17 10 10 30 35 45 55 16 6 6 5 
19389500 19389658 0 0 0 8 -46 -15 10 -42 11 106 54 58 63 25 20 18 10 12 32 35 45 55 16 6 6 5 
19410500 19410671 0 -1 1 59 -11 52 63 -7 64 159 70 58 57 25 20 18 10 12 32 35 45 55 16 7 7 5 
19422000 19422112 0 2 1 154 66 148 155 71 156 251 84 61 58 25 20 18 10 12 32 35 45 55 16 4 7 5 
19431000 19431066 0 -3 1 51 -7 45 52 -5 50 145 55 60 58 25 20 18 10 12 32 35 45 55 16 8 7 5 
19451000 19451222 0 0 0 4 -52 -5 9 -47 8 103 55 60 60 25 20 18 10 12 32 35 45 55 16 7 7 5 
19516000 19516237 0 0 0 37 -28 0 39 -26 39 134 65 62 59 25 20 18 10 12 32 35 45 55 16 8 7 5 
19554000 19554121 0 -1 1 96 14 51 101 20 100 195 82 67 68 25 20 18 10 12 32 35 45 55 16 7 9 5 
19564500 19564716 0 2 1 246 128 198 256 136 256 351 120 66 66 25 20 18 10 12 32 35 45 55 16 6 6 5 
19577500 19577601 0 -3 1 95 31 45 96 33 96 191 63 66 63 25 20 18 10 12 32 35 45 55 16 8 8 5 
19597500 19597650 0 0 0 54 -26 22 59 -20 60 155 81 62 66 25 20 18 10 12 32 35 45 55 16 8 7 5 
19685500 19685650 0 0 0 12 -48 -35 9 -50 9 104 58 64 58 25 20 18 10 11 31 35 45 55 16 9 6 5 
19698000 19698048 0 -1 1 59 -14 50 59 -12 58 153 70 68 71 25 20 18 10 11 31 35 45 55 16 9 8 5 
19716500 19716583 0 2 1 237 122 234 246 128 247 342 120 70 69 25 20 18 10 12 32 35 45 55 16 9 9 5 
19731500 19731567 0 -3 1 49 -23 50 50 -25 50 145 75 73 75 25 20 18 10 12 32 35 45 55 16 6 9 5 
19769000 19769143 0 0 0 -11 -79 -27 -2 -71 -2 93 69 68 68 25 20 18 10 12 32 35 45 55 16 7 9 5 
19833000 19833140 0 0 0 6 -54 0 11 -52 10 105 63 67 71 25 20 18 10 12 32 35 45 55 16 6 8 5 
19877500 19877512 0 -1 1 45 -24 52 47 -20 47 142 68 64 64 25 20 18 10 12 32 35 45 55 16 8 8 5 
19891000 19891099 0 2 1 107 30 118 109 33 109 204 76 70 68 25 20 18 10 12 32 35 45 55 16 9 8 5 
19897500 19897692 0 -3 1 35 -20 48 35 -19 34 129 53 67 66 25 20 19 10 11 31 35 45 55 16 9 8 5 
19937000 19937225 0 0 0 -24 -78 -13 -22 -75 -22 73 53 65 66 25 20 21 10 10 30 35 45 55 16 6 8 5 
20085000 20085183 0 0 0 -14 -69 0 -11 -66 -10 85 53 64 63 25 20 19 10 11 31 35 45 55 16 8 8 5 
20284500 20284541 0 0 0 -3 -56 0 1 -53 0 95 53 57 57 25 20 18 10 12 32 35 45 55 16 7 7 5 
135000 135189 1 0 -1 0 2 0 0 6 0 -35 -6 67 67 25 20 18 10 13 33 35 45 55 16 7 9 5 
567000 567124 1 0 0 1 10 0 8 15 8 -27 -7 56 56 25 20 18 10 13 33 35 45 55 16 7 7 5 
864500 864642 1 0 0 -2 10 0 2 14 2 -33 -11 54 54 25 20 18 10 13 33 35 45 55 16 6 7 5 
1306000 1306050 1 0 0 -6 11 0 -1 16 -1 -36 -18 52 52 25 20 18 10 13 33 35 45 55 16 6 6 5 
1598500 1598594 1 0 0 -12 1 0 -7 6 -9 -44 -14 64 67 25 20 18 10 13 33 35 45 55 16 8 8 5 
2046500 2046606 1 0 0 3 11 0 7 15 7 -28 -8 61 66 25 20 18 10 13 33 35 45 55 16 8 8 5 
2347500 2347691 1 0 0 -3 4 -2 -1 8 -1 -36 -9 61 59 25 20 18 10 13 33 35 45 55 16 8 8 5 
2576000 2576040 1 0 0 -9 2 0 -7 6 -8 -43 -13 56 54 25 20 18 10 13 33 35 45 55 16 7 7 5 
2797500 2797677 1 0 0 -4 0 0 -3 1 -3 -38 -3 60 63 25 20 18 10 13 33 35 45 55 16 7 8 5 
3009000 3009230 1 0 0 -5 7 0 0 12 0 -35 -12 60 62 25 20 18 10 13 33 35 45 55 16 8 7 5 
3159500 3159750 1 0 0 4 13 -6 7 18 7 -28 -11 57 57 25 20 18 10 12 32 35 45 55 16 7 7 5 
3341500 3341888 1 0 0 -13 -6 0 -8 -4 -8 -43 -4 65 63 25 20 18 10 13 33 35 45 55 16 7 8 5 
3530500 3530734 1 0 0 -8 3 -2 -5 8 -4 -39 -12 60 61 25 20 18 10 13 33 35 45 55 16 7 8 5 
3783500 3783609 1 0 0 1 7 13 6 14 4 -31 -10 66 66 25 20 18 10 13 33 35 45 55 16 6 8 5 
3911500 3911614 1 0 0 9 12 0 11 16 12 -23 -3 58 63 25 20 18 10 12 32 35 45 55 16 7 7 5 
3969500 3969611 1 0 0 10 24 -1 12 25 12 -23 -12 57 58 25 20 18 10 12 32 35 45 55 16 7 7 5 
4070500 4070597 1 0 0 -1 17 -4 2 20 1 -34 -19 60 60 25 20 18 10 12 32 35 45 55 16 7 8 5 
4120000 4120026 1 -1 1 -59 -49 -55 -44 -37 -45 -80 -8 82 82 25 20 18 10 13 33 35 45 55 16 10 4 5 
4162500 4162663 1 2 1 -132 -124 -125 -129 -121 -130 -165 -8 69 72 25 20 18 10 13 33 35 45 55 16 9 6 5 
4182000 4182144 1 -3 1 -58 -46 -49 -53 -41 -55 -90 -12 63 63 25 20 18 10 12 32 35 45 55 16 8 8 5 
4265500 4265550 1 0 0 -15 -8 -26 -12 -5 -10 -45 -5 57 56 25 20 18 10 13 33 35 45 55 16 7 7 5 
4445500 4445695 1 0 0 -2 12 0 3 16 4 -31 -12 59 57 25 20 18 10 12 32 35 45 55 16 7 7 5 
4606000 4606232 1 0 0 1 15 0 6 18 6 -29 -13 63 60 25 20 18 10 12 32 35 45 55 16 7 8 5 
4989000 4989028 1 0 0 -1 6 0 5 9 5 -30 -5 60 60 25 20 18 10 13 33 35 45 55 16 7 7 5 
5148500 5148697 1 0 0 0 15 0 4 20 4 -31 -16 59 60 25 20 18 10 12 32 35 45 55 16 8 7 5 
5368000 5368008 1 0 0 0 13 0 3 17 3 -32 -14 58 55 25 20 18 10 12 32 35 45 55 16 7 7 5 
5661500 5661691 1 0 0 -5 10 0 0 15 -1 -36 -16 58 58 25 20 18 10 12 32 35 45 55 16 7 7 5 
5989500 5989687 1 0 0 -7 9 0 1 15 2 -33 -13 62 65 25 20 18 10 12 32 35 45 55 16 8 8 5 
6307500 6307516 1 0 0 6 14 0 10 19 10 -25 -7 64 63 25 20 18 10 13 33 35 45 55 16 8 8 5 
6406000 6406113 1 0 0 -6 10 0 0 16 0 -35 -15 57 58 25 20 18 10 13 33 35 45 55 16 7 7 5 
6491000 6491250 1 0 0 -8 7 0 -3 11 0 -35 -11 54 54 25 20 18 10 13 33 35 45 55 16 7 7 5 
6776000 6776148 1 0 0 -3 3 0 -3 3 -5 -40 -5 59 57 25 20 18 10 13 33 35 45 55 16 7 7 5 
7260000 7260085 1 0 0 -10 -1 0 -5 4 -5 -40 -9 59 58 25 20 18 10 13 33 35 45 55 16 7 7 5 
7728000 7728047 1 0 0 -7 8 0 -2 12 -2 -37 -13 54 55 25 20 18 10 12 32 35 45 55 16 6 7 5 
8055000 8055205 1 0 0 -36 -16 0 -31 -11 -31 -66 -19 58 57 25 20 18 10 12 32 35 45 55 16 7 7 5 
8952500 8952671 1 -1 1 -72 -40 -52 -71 -37 -70 -105 -33 71 73 25 20 18 10 13 33 35 45 55 16 6 9 5 
8981000 8981063 1 2 1 -109 -83 -90 -104 -78 -104 -139 -25 68 68 25 20 18 10 13 33 35 45 55 16 9 9 5 
8995000 8995125 1 -3 1 -67 -52 -48 -65 -48 -65 -100 -16 62 63 25 20 18 10 13 33 35 45 55 16 8 8 5 
9515500 9515717 1 0 0 -10 2 0 -6 5 -7 -42 -11 56 55 25 20 18 10 13 33 35 45 55 16 7 7 5 
9673000 9673223 1 0 0 -10 3 2 -5 8 -6 -41 -15 59 57 25 20 18 10 13 33 35 45 55 16 8 7 5 
9784500 9784696 1 0 0 -18 -2 0 -13 2 -13 -48 -14 57 57 25 20 18 10 13 33 35 45 55 16 7 7 5 
9929000 9929167 1 0 0 -11 1 12 -6 6 -4 -39 -12 58 59 25 20 18 10 13 33 35 45 55 16 7 7 5 
10116000 10116191 1 0 0 -15 -5 0 -10 0 -9 -44 -9 58 58 25 20 18 10 13 33 35 45 55 16 7 7 5 
10247500 10247550 1 0 0 -11 0 0 -8 4 -6 -41 -13 59 58 25 20 18 10 13 33 35 45 55 16 7 7 5 
10350000 10350137 1 0 0 -13 2 6 -8 7 -7 -42 -14 58 58 25 20 18 10 12 32 35 45 55 16 7 7 5 
10447000 10447248 1 0 0 -9 5 0 -5 10 -6 -41 -14 58 57 25 20 18 10 11 31 35 45 55 16 7 7 5 
10575000 10575030 1 0 0 -16 3 0 -9 9 -9 -44 -18 57 57 25 20 18 10 13 33 35 45 55 16 7 7 5 
10680000 10680185 1 0 0 -15 0 0 -13 3 -14 -49 -15 57 57 25 20 18 10 13 33 35 45 55 16 7 7 5 
10771000 10771181 1 0 0 -21 -7 8 -18 -3 -17 -52 -15 59 59 25 20 18 10 13 33 35 45 55 16 8 7 5 
10886000 10886157 1 0 0 -19 -9 0 -15 -5 -17 -52 -10 61 64 25 20 18 10 13 33 35 45 55 16 8 8 5 
11079500 11079724 1 0 0 -19 -7 12 -15 -3 -16 -51 -12 64 64 25 20 18 10 13 33 35 45 55 16 8 8 5 
11185500 11185620 1 0 0 -23 -4 14 -17 2 -15 -50 -18 54 56 25 20 18 10 10 30 35 45 55 16 7 7 5 
11282000 11282110 1 0 0 -15 1 0 -11 4 -12 -47 -15 56 57 25 20 18 10 11 31 35 45 55 16 6 7 5 
11357000 11357010 1 0 0 -15 2 61 -10 7 -10 -45 -19 56 56 25 20 18 10 11 31 35 45 55 16 7 7 5 
11473000 11473044 1 0 0 -22 -7 13 -17 -3 -17 -52 -14 58 57 25 20 18 10 13 33 35 45 55 16 7 7 5 
11556500 11556724 1 0 0 -19 -4 5 -14 0 -15 -50 -16 58 58 25 20 18 10 13 33 35 45 55 16 7 7 5 
11783000 11783064 1 0 0 -16 3 0 -12 8 -12 -47 -19 57 57 25 20 18 10 12 32 35 45 55 16 7 7 5 
11901000 11901160 1 0 0 -26 -7 0 -23 -4 -22 -57 -20 56 55 25 20 18 10 13 33 35 45 55 16 7 7 5 
12063500 12063619 1 0 0 -20 -9 0 -15 -4 -14 -49 -11 56 55 25 20 18 10 13 33 35 45 55 16 7 7 5 
12183500 12183773 1 0 0 -22 -3 0 -17 2 -18 -53 -19 54 53 25 20 18 10 12 32 35 45 55 16 7 7 5 
12441500 12441521 1 0 0 -18 -2 0 -14 2 -15 -50 -18 55 54 25 20 18 10 11 31 35 45 55 16 7 7 5 
12604500 12604703 1 0 0 -18 -2 4 -14 1 -15 -50 -15 55 55 25 20 18 10 11 31 35 45 55 16 7 7 5 
12806500 12806602 1 0 0 -13 -1 0 -9 4 -10 -45 -13 57 63 25 20 18 10 12 32 35 45 55 16 7 6 5 
12954500 12954599 1 0 0 -18 -6 0 -14 -1 -15 -50 -12 55 57 25 20 18 10 11 31 35 45 55 16 7 7 5 
13100500 13100715 1 0 0 -15 -6 0 -13 -3 -12 -47 -9 55 51 25 20 18 10 11 31 35 45 55 16 7 5 5 
13212500 13212658 1 0 0 -10 1 0 -6 6 -6 -41 -12 56 57 25 20 18 10 12 32 35 45 55 16 7 7 5 
13354000 13354230 1 0 0 -21 -5 0 -18 -2 -17 -52 -16 56 56 25 20 18 10 11 31 35 45 55 16 6 7 5 
13597500 13597542 1 0 0 -15 2 0 -12 6 -11 -46 -18 55 55 25 20 18 10 10 30 35 45 55 16 6 7 5 
13781000 13781131 1 0 0 -25 -10 0 -21 -6 -20 -55 -13 56 56 25 20 18 10 12 32 35 45 55 16 7 7 5 
13991000 13991004 1 0 0 -21 -5 0 -17 -2 -16 -51 -14 50 49 25 20 18 10 10 30 35 45 55 16 6 6 5 
14213500 14213561 1 0 0 -25 -2 0 -20 3 -20 -55 -24 58 58 25 20 18 10 12 32 35 45 55 16 7 7 5 
14336000 14336004 1 0 0 -17 2 0 -14 7 -14 -49 -20 64 67 25 20 18 10 12 32 35 45 55 16 5 8 5 
14513500 14513621 1 0 0 -33 -15 0 -31 -14 -32 -67 -19 78 80 25 20 18 10 12 32 35 45 55 16 10 10 5 
14711000 14711057 1 0 0 -21 -14 0 -17 -6 -17 -52 -11 76 77 25 20 18 10 13 33 35 45 55 16 9 10 5 
14968500 14968537 1 0 0 -16 -11 0 -14 -11 -15 -50 -5 73 75 25 20 19 10 12 32 35 45 55 16 8 8 5 
15156000 15156028 1 0 0 -25 -2 0 -19 3 -19 -54 -21 65 70 25 20 19 10 12 32 35 45 55 16 8 9 5 
15376000 15376104 1 0 0 -34 -12 0 -28 -6 -28 -63 -22 73 76 25 20 18 10 12 32 35 45 55 16 8 8 5 
15528500 15528667 1 0 0 -10 2 0 -2 10 -3 -38 -12 70 68 25 20 18 10 12 32 35 45 55 16 9 8 5 
15836500 15836530 1 0 0 -12 8 0 -8 14 -8 -43 -21 59 58 25 20 19 10 12 32 35 45 55 16 7 7 5 
16108500 16108514 1 0 0 -1 18 0 2 19 2 -33 -17 70 68 25 20 19 10 12 32 35 45 55 16 9 9 5 
16328000 16328064 1 0 0 3 12 0 7 18 9 -26 -10 64 64 25 20 19 10 12 32 35 45 55 16 8 8 5 
16683500 16683718 1 0 0 -2 7 0 1 11 1 -34 -10 66 66 25 20 19 10 12 32 35 45 55 16 9 8 5 
16783000 16783197 1 0 0 -3 8 0 -2 9 -2 -37 -10 63 63 25 20 19 10 12 32 35 45 55 16 8 8 5 
16925500 16925504 1 0 0 -3 4 0 3 10 3 -32 -7 67 68 25 20 19 10 12 32 35 45 55 16 9 7 5 
17071000 17071020 1 -1 1 -61 -43 -63 -37 -23 -38 -73 -15 71 72 25 20 19 10 12 32 35 45 55 16 6 2 5 
17082000 17082115 1 2 1 -202 -144 -205 -222 -155 -222 -257 -67 90 90 25 20 19 10 12 32 35 45 55 16 8 4 5 
17089000 17089057 1 -3 1 -47 -46 -49 -43 -48 -44 -79 6 87 82 25 20 19 10 12 32 35 45 55 16 7 11 5 
17268500 17268543 1 0 0 8 6 0 12 10 13 -22 1 73 70 25 20 19 10 12 32 35 45 55 16 9 8 5 
17565000 17565173 1 0 0 1 11 0 5 16 5 -30 -11 63 64 25 20 19 10 12 32 35 45 55 16 8 8 5 
17908000 17908033 1 0 0 8 9 0 11 12 11 -24 -2 59 64 25 20 19 10 12 32 35 45 55 16 6 8 5 
18304500 18304549 1 0 0 3 15 0 5 16 6 -29 -11 60 57 25 20 18 10 11 31 35 45 55 16 7 7 5 
18692500 18692597 1 0 0 5 23 0 8 27 7 -28 -19 53 56 25 20 18 10 10 30 35 45 55 16 7 7 5 
18869000 18869037 1 0 0 2 19 0 5 24 5 -30 -20 52 49 25 20 18 10 11 31 35 45 55 16 7 6 5 
19134000 19134099 1 0 0 1 6 0 6 9 6 -29 -3 68 68 25 20 18 10 11 31 35 45 55 16 9 8 5 
19267000 19267067 1 0 0 -18 -18 0 -12 -15 -12 -47 3 65 66 25 20 18 10 12 32 35 45 55 16 8 8 5 
19392500 19392755 1 0 0 14 26 0 18 28 17 -18 -10 57 54 25 20 18 10 12 32 35 45 55 16 7 7 5 
19589500 19589689 1 0 0 1 6 0 6 10 7 -28 -2 66 70 25 20 18 10 12 32 35 45 55 16 8 9 5 
19779500 19779576 1 0 0 6 10 0 12 14 13 -22 0 66 65 25 20 18 10 12 32 35 45 55 16 8 8 5 
20017500 20017535 1 0 0 -2 7 0 7 13 7 -28 -5 72 79 25 20 20 10 11 31 35 45 55 16 8 9 5 
20212500 20212617 1 0 0 -10 4 0 -6 9 -8 -43 -16 59 58 25 20 18 10 12 32 35 45 55 16 7 7 5 
