66000 66173 0 0 -1 0 0 0 0 0 0 -175 0 74 73 25 20 12 10 11 31 35 45 55 16 6 8 5 
79500 79548 0 0 0 -12 33 0 -20 27 -4 -127 -38 71 71 25 20 12 10 11 31 35 45 55 16 3 6 5 
275500 275519 0 0 0 6 60 0 -8 45 62 -61 -44 63 65 25 20 12 10 11 31 35 45 55 16 5 8 5 
453000 453161 0 0 0 -46 15 0 -58 6 12 -111 -60 63 59 25 20 12 10 11 31 35 45 55 16 6 6 5 
564500 564584 0 0 0 -63 -4 0 -75 -12 -4 -127 -64 60 61 25 20 12 10 11 31 35 45 55 16 5 8 5 
851500 851528 0 0 0 -42 18 0 -53 0 29 -94 -43 58 59 25 20 12 10 11 31 35 45 55 16 4 7 5 
1130500 1131026 0 0 0 -20 35 0 -27 27 54 -69 -43 59 57 25 20 12 10 11 31 35 45 55 16 4 4 5 
1211000 1211269 0 0 0 -28 29 0 -37 12 -4 -127 -51 64 65 25 20 12 10 11 31 35 45 55 16 6 5 5 
1283500 1283521 0 0 0 -17 41 0 -27 29 44 -79 -54 62 64 25 20 12 10 11 31 35 45 55 16 6 7 5 
1824500 1824865 0 0 0 -2 9 0 -17 -4 -24 -147 -10 63 64 25 20 13 10 11 31 35 45 55 16 6 3 5 
2173000 2173093 0 0 0 8 41 0 -8 27 -24 -147 -34 70 70 25 20 17 10 10 30 35 45 55 16 8 8 5 
2317500 2317516 0 0 0 2 31 0 -9 19 -22 -145 -29 66 68 25 20 15 10 9 29 35 45 55 16 5 6 5 
2810500 2812893 0 0 0 9 27 0 -29 -33 -32 -155 -7 58 55 25 20 13 10 10 30 35 45 55 16 0 2 5 
2951000 2951276 0 0 0 12 21 0 4 3 -7 -130 0 60 60 25 20 14 10 8 28 35 45 55 16 0 2 5 
3006500 3006748 0 -1 7 -45 -16 -56 -68 -30 -74 -197 -37 86 88 25 20 14 10 8 28 35 45 55 16 5 7 5 
3089000 3089109 0 2 7 -193 -108 -203 -208 -116 -208 -331 -92 96 94 25 20 14 10 8 28 35 45 55 16 12 12 5 
3344000 3344373 0 -3 7 -45 -24 -50 -60 -42 -59 -182 -20 81 76 25 20 14 10 8 28 35 45 55 16 5 5 5 
3527000 3527188 0 0 0 1 47 0 -16 30 -25 -148 -46 69 67 25 20 14 10 8 28 35 45 55 16 7 5 5 
3588500 3589149 0 0 0 -2 27 0 -18 26 -20 -143 -43 75 73 25 20 14 10 8 28 35 45 55 16 2 3 5 
3759500 3760100 0 0 0 10 6 0 -4 -8 -14 -137 5 73 70 25 20 15 10 9 29 35 45 55 16 5 5 5 
3849500 3850058 0 0 0 -4 14 0 -13 4 -26 -149 -17 77 79 25 20 15 10 10 30 35 45 55 16 4 8 5 
3926000 3926079 0 0 0 -2 53 0 -26 30 -40 -163 -53 83 83 25 20 15 10 10 30 35 45 55 16 9 3 5 
3937000 3937163 0 0 0 55 67 0 45 49 27 -96 -14 82 72 25 20 15 10 10 30 35 45 55 16 1 4 5 
3943000 3943213 0 0 0 54 77 0 40 65 33 -90 -24 69 66 25 20 14 10 10 30 35 45 55 16 8 9 5 
3955500 3955519 0 0 0 53 44 0 46 35 43 -80 19 62 61 25 20 14 10 10 30 35 45 55 16 7 5 5 
4026500 4027149 0 0 0 83 93 0 70 92 83 -40 -11 60 61 25 20 13 10 10 30 35 45 55 16 5 8 5 
4031000 4031638 0 13 0 35 61 11 -1 25 14 -109 -16 60 58 25 20 13 10 10 30 35 45 55 16 4 3 5 
4034500 4034968 0 0 0 -23 -7 0 -35 -18 -4 -127 -16 59 58 25 20 13 10 10 30 35 45 55 16 4 2 5 
4070000 4070214 0 0 0 0 10 0 -19 -11 61 -123 -8 57 57 25 20 13 10 10 30 35 45 55 16 2 6 5 
4205500 4205658 0 0 0 2 36 0 -10 27 69 -54 -36 57 57 25 20 12 10 10 30 35 45 55 16 2 3 5 
4397000 4397114 0 0 0 0 37 0 -13 19 125 -59 -33 59 67 25 20 12 10 11 31 35 45 55 16 5 6 5 
4444500 4445028 0 0 0 -9 28 0 -14 24 130 -54 -39 58 59 25 20 12 10 11 31 35 45 55 16 3 4 5 
4488000 4488145 0 0 0 -10 27 0 -16 36 92 -92 -57 57 57 25 20 12 10 11 31 35 45 55 16 1 2 5 
4576000 4576231 0 0 0 1 49 0 -6 42 68 -55 -50 57 58 25 20 12 10 11 31 35 45 55 16 5 6 5 
4739000 4739152 0 0 0 2 44 0 -15 28 109 -75 -43 55 54 25 20 12 10 11 31 35 45 55 16 5 5 5 
4980000 4980060 0 0 0 10 58 0 -9 37 63 -60 -42 60 61 25 20 12 10 11 31 35 45 55 16 4 7 5 
5568000 5568078 0 0 0 23 30 0 11 21 106 -78 6 79 75 25 20 12 10 11 31 35 45 55 16 5 4 5 
5662500 5662683 0 0 0 29 56 0 22 44 58 -65 -7 78 73 25 20 12 10 11 31 35 45 55 16 8 7 5 
5678500 5678738 0 -1 7 -30 -48 -55 -52 -69 54 -130 16 102 104 25 20 12 10 11 29 35 45 55 16 5 8 5 
5687500 5687573 0 2 7 -125 -128 -147 -130 -132 -66 -250 -3 117 119 25 20 12 10 11 27 35 45 55 16 2 7 5 
5694500 5694603 0 -3 7 -29 -92 -50 -35 -103 74 -110 70 101 97 25 20 12 10 11 31 35 45 55 16 5 4 5 
5714500 5714583 0 -1 7 -38 -44 -54 -41 -46 62 -122 20 96 94 25 20 12 10 11 31 35 45 55 16 4 1 5 
5720000 5720080 0 2 7 -123 -139 -137 -146 -160 -22 -206 19 102 103 25 20 12 10 11 29 35 45 55 16 7 6 5 
5746500 5746735 0 -3 7 -38 -23 -45 -49 -29 52 -132 -20 91 92 25 20 12 10 11 31 35 45 55 16 4 6 5 
5782000 5782067 0 0 0 -2 19 0 7 15 101 -83 -12 78 81 25 20 12 10 11 31 35 45 55 16 5 7 5 
5942000 5942108 0 0 0 -5 -2 0 -18 -17 51 -133 0 81 80 25 20 12 10 10 30 35 45 55 16 7 6 5 
6156000 6156320 0 -1 7 -63 -46 -61 -93 -72 -28 -212 -18 82 79 25 20 12 10 10 30 35 45 55 16 3 6 5 
6174000 6174569 0 2 7 -136 -102 -134 -183 -144 -98 -282 -33 93 89 25 20 12 10 10 30 35 45 55 16 3 3 5 
6186500 6186629 0 -3 7 -49 -12 -46 -51 -17 3 -181 -35 91 92 25 20 12 10 10 30 35 45 55 16 9 6 5 
6481500 6481501 0 -1 7 -50 2 -51 -45 -1 49 -135 -45 92 91 25 20 12 10 10 30 35 45 55 16 7 7 5 
6595000 6595814 0 2 7 -111 -36 -113 -106 -33 -18 -202 -72 75 79 25 20 12 10 10 30 35 45 55 16 4 8 5 
6620000 6620547 0 -3 7 -47 8 -49 -52 -1 69 -115 -50 69 69 25 20 12 10 10 30 35 45 55 16 4 5 5 
6635500 6635633 0 0 0 3 55 0 -8 41 74 -110 -48 74 75 25 20 12 10 10 30 35 45 55 16 7 8 5 
6762000 6762086 0 0 0 -30 32 0 -43 19 50 -134 -61 70 70 25 20 12 10 10 30 35 45 55 16 8 9 5 
6854000 6854197 0 0 0 -34 21 0 -45 10 96 -88 -55 69 69 25 20 12 10 10 30 35 45 55 16 8 8 5 
6902000 6902634 0 0 0 -47 -9 0 -60 -9 122 -62 -37 74 78 25 20 12 10 10 30 35 45 55 16 4 4 5 
6936500 6936580 0 0 0 -31 39 0 -40 27 156 -28 -58 70 70 25 20 12 10 10 30 35 45 55 16 2 3 5 
6963500 6963810 0 0 0 4 45 0 -7 32 184 0 -24 67 66 25 20 12 10 10 30 35 45 55 16 3 4 5 
6983500 6983685 0 0 0 32 50 0 17 34 219 35 -12 64 64 25 20 12 10 10 30 35 45 55 16 6 7 5 
7003000 7003202 0 0 0 33 54 0 22 43 231 47 -7 66 62 25 20 12 10 10 30 35 45 55 16 4 5 5 
7012000 7012499 0 0 0 17 66 0 12 59 153 30 -39 68 68 25 20 12 10 10 30 35 45 55 16 2 6 5 
7025000 7025209 0 0 0 -94 -43 0 -116 -59 50 -134 -54 73 69 25 20 12 10 10 30 35 45 55 16 4 4 5 
7028000 7028532 0 13 0 -54 -1 11 -40 22 147 -37 -60 72 69 25 20 12 10 10 30 35 45 55 16 2 4 5 
7031500 7031584 0 0 0 -33 32 0 -49 14 83 -101 -64 71 77 25 20 12 10 10 30 35 45 55 16 5 8 5 
7036500 7036725 0 0 0 -65 -4 0 -71 -17 67 -117 -57 66 66 25 20 12 10 10 30 35 45 55 16 7 7 5 
7069500 7069616 0 0 0 -61 7 0 -68 -4 80 -104 -64 66 65 25 20 12 10 10 30 35 45 55 16 8 8 5 
7137500 7137633 0 -1 7 -112 -47 -53 -127 -56 -43 -227 -72 89 91 25 20 12 10 10 30 35 45 55 16 7 9 5 
7156500 7156649 0 2 7 -162 -97 -104 -174 -110 -82 -266 -64 88 92 25 20 12 10 10 30 35 45 55 16 5 10 5 
7172500 7172566 0 -3 7 -105 -49 -48 -120 -61 -27 -211 -56 74 74 25 20 12 10 10 30 35 45 55 16 7 6 5 
7283500 7283636 0 0 0 -54 3 0 -66 -2 17 -167 -60 69 71 25 20 12 10 10 30 35 45 55 16 3 6 5 
7597500 7597638 0 0 0 -49 14 0 -58 3 35 -149 -53 66 69 25 20 12 10 10 30 35 45 55 16 6 5 5 
7622000 7622268 0 0 0 -42 15 0 -54 3 33 -151 -50 70 70 25 20 12 10 10 30 35 45 55 16 3 8 5 
7629500 7629984 0 13 0 -28 58 -30 -26 55 156 -28 -56 77 81 25 20 12 10 10 30 35 45 55 16 4 7 5 
7632000 7632233 0 0 0 16 83 0 11 79 166 -18 -46 77 78 25 20 12 10 10 30 35 45 55 16 7 6 5 
7639500 7639631 0 0 0 48 91 0 34 86 136 13 -22 72 71 25 20 12 10 10 30 35 45 55 16 4 7 5 
7657500 7657563 0 0 0 8 50 0 -16 30 98 -25 -34 67 71 25 20 12 10 10 30 35 45 55 16 4 5 5 
7687000 7687990 0 0 0 24 59 0 2 50 103 -20 -30 67 63 25 20 12 10 11 31 35 45 55 16 2 5 5 
7757500 7757684 0 0 0 63 78 0 50 60 157 34 4 64 65 25 20 12 10 11 31 35 45 55 16 8 7 5 
7863500 7863654 0 0 0 89 94 0 79 81 194 71 -1 64 65 25 20 12 10 11 31 35 45 55 16 7 7 5 
7892000 7892247 0 0 0 100 101 0 85 86 192 69 0 63 62 25 20 12 10 11 31 35 45 55 16 6 7 5 
7909500 7909634 0 0 0 105 108 0 91 98 179 56 0 63 65 25 20 12 10 11 31 35 45 55 16 8 8 5 
7988500 7988549 0 0 0 122 112 0 109 92 230 107 23 63 64 25 20 12 10 11 31 35 45 55 16 8 8 5 
8004000 8004230 0 0 0 48 82 0 30 66 152 29 -25 63 63 25 20 12 10 11 31 35 45 55 16 6 4 5 
8016000 8016137 0 0 0 83 93 0 67 79 196 73 -10 66 66 25 20 12 10 11 31 35 45 55 16 8 5 5 
8036500 8036545 0 0 0 41 80 0 28 75 145 22 -42 73 72 25 20 12 10 11 31 35 45 55 16 8 7 5 
8040500 8040571 0 13 0 -16 44 -9 -27 30 38 -85 -51 82 82 25 20 12 10 11 31 35 45 55 16 6 8 5 
8044500 8044548 0 0 0 -56 5 0 -63 -2 -22 -145 -61 84 80 25 20 12 10 11 31 35 45 55 16 5 6 5 
8049000 8049203 0 0 0 -4 46 0 1 42 52 -71 -39 82 77 25 20 12 10 11 31 35 45 55 16 7 6 5 
8053500 8053895 0 -1 7 -60 3 -55 -84 -18 -54 -177 -73 90 88 25 20 12 10 11 31 35 45 55 16 9 6 5 
8061500 8061788 0 2 7 -118 -22 -113 -138 -34 -99 -222 -105 87 87 25 20 12 10 11 31 35 45 55 16 2 8 5 
8082000 8082065 0 -3 7 -50 -55 -46 -70 -76 -36 -159 8 82 82 25 20 12 10 11 31 35 45 55 16 2 6 5 
8090000 8090376 0 -1 7 -69 -7 -65 -93 -29 -80 -203 -64 88 92 25 20 12 10 11 31 35 45 55 16 6 6 5 
8153000 8153022 0 2 7 -183 -101 -178 -201 -119 -152 -275 -75 81 89 25 20 12 10 10 30 35 45 55 16 7 10 5 
8417000 8417048 0 -3 7 -56 -8 -49 -70 -20 -43 -166 -59 65 66 25 20 13 10 8 28 35 45 55 16 6 5 5 
8632500 8632653 0 0 0 -7 47 0 -20 36 -3 -126 -63 64 65 25 20 13 10 8 28 35 45 55 16 6 7 5 
9022500 9022583 0 0 0 -7 50 0 -19 41 22 -101 -67 68 68 25 20 12 10 8 28 35 45 55 16 9 9 5 
9544000 9544123 0 0 0 2 60 0 -8 48 100 -23 -58 65 66 25 20 12 10 8 28 35 45 55 16 7 8 5 
9558000 9558213 0 0 0 -41 29 0 -52 15 28 -95 -69 62 62 25 20 12 10 8 28 35 45 55 16 6 6 5 
9577500 9577726 0 0 0 -41 20 0 -52 10 16 -107 -64 63 61 25 20 12 10 8 28 35 45 55 16 6 8 5 
9581000 9581089 0 13 0 -13 51 5 -17 48 68 -55 -67 66 64 25 20 12 10 8 28 35 45 55 16 8 8 5 
9588500 9588536 0 0 0 32 86 0 19 74 132 9 -64 65 64 25 20 12 10 8 28 35 45 55 16 8 8 5 
9603500 9603665 0 0 0 19 75 0 6 63 116 -7 -62 61 56 25 20 12 10 8 28 35 45 55 16 8 7 5 
9645000 9645164 0 0 0 -22 38 0 -29 28 51 -72 -60 61 61 25 20 12 10 8 28 35 45 55 16 5 6 5 
9691000 9691230 0 0 0 -26 33 0 -33 22 44 -79 -58 60 60 25 20 12 10 8 28 35 45 55 16 6 5 5 
10188500 10188824 0 0 0 -29 30 0 -38 14 35 -88 -53 58 56 25 20 12 10 9 29 35 45 55 16 6 5 5 
10302000 10302036 0 0 0 -28 37 0 -42 25 38 -85 -64 57 56 25 20 12 10 9 29 35 45 55 16 7 7 5 
10349000 10349218 0 0 0 3 60 0 -8 43 98 -25 -51 56 53 25 20 12 10 9 29 35 45 55 16 5 7 5 
10627500 10627746 0 0 0 1 61 0 -7 54 105 -18 -61 56 56 25 20 12 10 9 29 35 45 55 16 6 6 5 
10698000 10698054 0 0 0 17 76 0 4 62 105 -18 -52 57 56 25 20 12 10 9 29 35 45 55 16 7 7 5 
10724000 10724014 0 0 0 -6 62 0 -19 46 69 -54 -62 55 56 25 20 12 10 9 29 35 45 55 16 5 6 5 
10848000 10848018 0 0 0 -20 53 0 -35 36 49 -74 -71 66 66 25 20 12 10 9 29 35 45 55 16 8 5 5 
10892000 10892207 0 0 0 -41 27 0 -55 13 33 -90 -54 61 61 25 20 12 10 10 30 35 45 55 16 7 6 5 
10899000 10899027 0 13 0 23 107 -4 12 97 142 19 -59 71 84 25 20 12 10 10 30 35 45 55 16 2 9 5 
10902500 10902658 0 0 0 62 129 0 58 121 192 69 -36 59 56 25 20 12 10 10 30 35 45 55 16 6 7 5 
11141000 11141164 0 0 0 49 125 0 40 124 143 20 -47 55 55 25 20 12 10 11 31 35 45 55 16 7 4 5 
11210000 11210180 0 0 0 73 143 0 61 133 169 46 -30 61 61 25 20 12 10 11 31 35 45 55 16 7 6 5 
11221000 11221670 0 0 0 40 92 0 29 81 155 32 -46 58 55 25 20 12 10 11 31 35 45 55 16 3 3 5 
11234000 11234088 0 0 0 16 88 0 -3 70 113 -10 -41 55 54 25 20 12 10 11 31 35 45 55 16 4 5 5 
11257000 11257704 0 0 0 30 109 0 24 116 115 -8 -65 53 54 25 20 12 10 11 31 35 45 55 16 3 2 5 
11285000 11285669 0 0 0 39 105 0 32 93 90 -33 -44 53 53 25 20 12 10 11 31 35 45 55 16 2 6 5 
11305000 11305188 0 0 0 -12 67 0 -30 56 39 -84 -65 52 53 25 20 12 10 11 31 35 45 55 16 5 3 5 
11810500 11811393 0 0 0 -4 56 0 -16 45 44 -79 -56 52 57 25 20 12 10 11 31 35 45 55 16 1 5 5 
11850000 11850113 0 0 0 -3 59 0 -16 42 70 -53 -50 54 58 25 20 12 10 11 31 35 45 55 16 5 6 5 
12045000 12045332 0 0 0 -5 67 0 -17 53 52 -71 -65 56 57 25 20 12 10 11 31 35 45 55 16 6 7 5 
12086000 12086196 0 0 0 -3 40 0 -10 33 27 -96 -41 58 57 25 20 12 10 11 31 35 45 55 16 7 6 5 
12465000 12465229 0 0 0 -2 54 0 -11 45 26 -97 -52 61 63 25 20 12 10 11 31 35 45 55 16 7 7 5 
12483500 12484355 0 13 0 46 94 7 37 81 136 13 -27 63 64 25 20 12 10 11 31 35 45 55 16 4 6 5 
12491000 12491063 0 0 0 55 77 0 50 78 135 12 -16 61 59 25 20 12 10 11 31 35 45 55 16 7 5 5 
12567000 12567255 0 0 0 51 84 0 37 71 132 9 -19 53 54 25 20 12 10 11 31 35 45 55 16 6 6 5 
12593500 12594168 0 0 0 -2 38 0 -25 25 43 -80 -31 53 53 25 20 12 10 11 31 35 45 55 16 2 5 5 
12894500 12894844 0 0 0 18 63 0 5 48 37 -86 -41 53 53 25 20 12 10 11 31 35 45 55 16 4 5 5 
12910000 12910023 0 0 0 21 65 0 8 50 52 -71 -36 54 54 25 20 12 10 11 31 35 45 55 16 5 7 5 
12917000 12917159 0 13 0 50 89 -2 38 78 99 -24 -21 57 66 25 20 12 10 11 31 35 45 55 16 0 7 5 
12924500 12924770 0 0 0 85 129 0 78 119 168 45 -15 52 52 25 20 12 10 11 31 35 45 55 16 6 6 5 
13256500 13256753 0 0 0 97 139 0 88 128 153 30 -23 55 55 25 20 12 10 11 31 35 45 55 16 7 7 5 
13264000 13264539 0 0 0 124 136 0 123 125 193 70 8 57 67 25 20 12 10 11 31 35 45 55 16 5 0 5 
13271000 13271067 0 13 0 26 72 -29 17 63 103 -20 -48 58 56 25 20 12 10 11 31 35 45 55 16 7 6 5 
13275000 13275037 0 0 0 15 77 0 5 65 86 -37 -50 57 52 25 20 12 10 11 31 35 45 55 16 8 6 5 
13289500 13289513 0 0 0 14 68 0 0 54 66 -57 -65 54 52 25 20 12 10 11 31 35 45 55 16 7 6 5 
13497000 13497035 0 0 0 0 43 0 -13 26 132 9 -39 57 53 25 20 11 10 12 32 35 45 55 16 5 4 5 
13528000 13528053 0 0 0 -8 38 0 -20 29 90 -33 -57 57 55 25 20 11 10 12 32 35 45 55 16 3 4 5 
13537000 13537081 0 0 0 12 60 0 -2 49 142 19 -49 61 59 25 20 11 10 12 32 35 45 55 16 4 7 5 
13545500 13546373 0 0 0 82 105 0 76 101 218 95 -20 62 55 25 20 11 10 12 32 35 45 55 16 0 5 5 
13554000 13554254 0 0 0 37 59 0 29 51 161 38 -15 60 59 25 20 11 10 12 32 35 45 55 16 5 8 5 
13567000 13567050 0 0 0 16 62 0 5 53 127 4 -34 55 56 25 20 11 10 12 32 35 45 55 16 6 5 5 
13578000 13578642 0 0 0 43 77 0 29 66 168 45 -25 62 58 25 20 11 10 12 32 35 45 55 16 2 5 5 
13667000 13667184 0 0 0 28 86 0 17 80 169 46 -45 60 61 25 20 11 10 12 32 35 45 55 16 5 8 5 
14118000 14118187 0 0 0 28 75 0 14 62 76 -47 -46 60 60 25 20 11 10 12 32 35 45 55 16 7 7 5 
14408500 14408581 0 0 0 38 78 0 29 71 83 -40 -31 59 58 25 20 11 10 12 32 35 45 55 16 7 8 5 
14536000 14536135 0 0 0 53 86 0 42 73 104 -19 -24 64 68 25 20 11 10 12 32 35 45 55 16 8 8 5 
14561000 14561044 0 0 0 64 116 0 56 107 151 28 -43 79 87 25 20 11 10 12 32 35 45 55 16 5 10 5 
14566500 14566584 0 13 0 128 166 -47 119 159 268 145 -4 72 82 25 20 11 10 12 32 35 45 55 16 1 10 5 
14570500 14570540 0 0 0 256 249 0 255 242 365 242 42 67 64 25 20 11 10 12 32 35 45 55 16 8 7 5 
14576500 14576585 0 0 0 200 209 0 182 201 332 209 11 63 63 25 20 11 10 12 32 35 45 55 16 8 8 5 
14596000 14596045 0 0 0 175 180 0 157 167 244 121 18 61 61 25 20 12 10 11 31 35 45 55 16 8 7 5 
14602000 14602018 0 0 0 158 170 0 145 156 216 93 11 60 59 25 20 12 10 11 31 35 45 55 16 7 7 5 
14605000 14605047 0 13 0 178 178 -12 164 167 238 115 29 63 60 25 20 12 10 11 31 35 45 55 16 7 4 5 
14610000 14610015 0 0 0 243 214 0 226 196 289 166 66 66 62 25 20 12 10 11 31 35 45 55 16 9 8 5 
14694500 14694653 0 0 0 239 216 0 232 204 292 169 43 58 55 25 20 12 10 11 31 35 45 55 16 7 7 5 
14705500 14705650 0 0 0 214 195 0 204 190 271 148 26 59 61 25 20 12 10 11 31 35 45 55 16 8 7 5 
14718000 14718233 0 0 0 223 207 0 216 197 266 143 34 57 58 25 20 12 10 11 31 35 45 55 16 7 7 5 
14727000 14727152 0 0 0 169 178 0 161 168 207 84 9 68 66 25 20 12 10 11 31 35 45 55 16 7 8 5 
14760000 14760241 0 0 0 158 153 0 148 144 214 91 16 59 60 25 20 12 10 11 31 35 45 55 16 7 7 5 
14794000 14794069 0 0 0 191 198 0 177 180 239 116 5 59 58 25 20 12 10 11 31 35 45 55 16 7 7 5 
14805500 14806132 0 0 0 188 196 0 170 184 231 108 5 65 60 25 20 12 10 11 31 35 45 55 16 5 5 5 
14809000 14809214 0 13 0 170 180 16 159 168 211 88 -2 68 68 25 20 12 10 11 31 35 45 55 16 6 3 5 
14814500 14814684 0 0 0 100 144 0 84 130 163 40 -43 73 87 25 20 12 10 11 31 35 45 55 16 0 6 5 
14973500 14973515 0 0 0 54 89 0 43 78 77 -46 -34 61 62 25 20 12 10 11 31 35 45 55 16 8 8 5 
15213500 15213704 0 0 0 48 68 0 32 54 65 -58 -14 63 62 25 20 12 10 11 31 35 45 55 16 8 8 5 
15244000 15244181 0 0 0 45 79 0 35 62 72 -51 -12 62 62 25 20 12 10 11 31 35 45 55 16 7 8 5 
15757500 15757717 0 0 0 28 46 0 17 33 60 -63 -21 68 71 25 20 11 10 12 32 35 45 55 16 6 7 5 
16477500 16477614 0 0 0 36 57 0 26 46 76 -47 -9 69 66 25 20 11 10 12 32 35 45 55 16 9 7 5 
16770000 16770188 0 0 0 5 31 0 0 20 47 -76 -20 77 78 25 20 11 10 12 32 35 45 55 16 5 7 5 
45000 45042 1 0 -1 0 0 0 0 0 0 -130 0 86 83 25 20 12 10 11 31 35 45 55 16 4 2 5 
79000 79548 1 0 0 -2 18 0 -2 18 -10 -105 -20 71 71 25 20 12 10 11 31 35 45 55 16 3 6 5 
109000 109273 1 0 0 -3 34 0 -15 24 -22 -117 -39 74 71 25 20 12 10 11 31 35 45 55 16 3 6 5 
276500 276714 1 0 0 -4 30 0 -2 33 -10 -105 -34 63 61 25 20 12 10 11 31 35 45 55 16 8 7 5 
452000 452185 1 0 0 -23 16 0 -20 15 -27 -122 -34 64 64 25 20 12 10 11 31 35 45 55 16 6 6 5 
562500 562567 1 0 0 -31 16 0 -32 17 -41 -136 -50 60 60 25 20 12 10 11 31 35 45 55 16 6 5 5 
855000 855915 1 0 0 -29 8 0 -24 13 -30 -125 -36 58 58 25 20 12 10 11 31 35 45 55 16 4 7 5 
1131500 1132059 1 0 0 2 38 0 4 41 -4 -99 -37 59 62 25 20 12 10 11 31 35 45 55 16 4 5 5 
1213000 1213153 1 0 0 -16 26 0 -14 29 -22 -117 -43 64 64 25 20 12 10 11 31 35 45 55 16 5 7 5 
1284500 1284716 1 0 0 10 39 0 10 39 2 -93 -29 61 61 25 20 12 10 11 31 35 45 55 16 7 6 5 
1830000 1830106 1 0 0 2 37 0 3 39 -5 -100 -36 67 72 25 20 13 10 11 31 35 45 55 16 6 5 5 
2186000 2186642 1 0 0 7 30 0 29 36 21 -74 -6 71 70 25 20 17 10 10 30 35 45 55 16 5 4 5 
2315500 2315691 1 0 0 -2 26 0 0 27 -9 -104 -28 68 64 25 20 15 10 9 29 35 45 55 16 7 5 5 
2825500 2825853 1 0 0 11 36 0 23 42 15 -80 -19 61 57 25 20 13 10 10 30 35 45 55 16 1 4 5 
2947500 2947797 1 0 0 13 55 0 17 64 10 -85 -45 60 62 25 20 14 10 9 29 35 45 55 16 3 1 5 
3534500 3534704 1 0 0 19 58 0 24 60 17 -78 -35 73 75 25 20 14 10 8 28 35 45 55 16 8 7 5 
3583000 3583149 1 0 0 1 37 0 4 31 -3 -98 -26 76 78 25 20 14 10 8 28 35 45 55 16 2 7 5 
3757000 3757506 1 0 0 -1 38 0 3 42 -5 -100 -39 75 81 25 20 15 10 9 29 35 45 55 16 4 7 5 
3847500 3847544 1 0 0 -10 35 0 -1 41 -8 -103 -41 77 77 25 20 15 10 10 30 35 45 55 16 5 6 5 
3927500 3927557 1 0 0 0 29 0 -28 10 -36 -131 -37 83 72 25 20 15 10 10 30 35 45 55 16 5 1 5 
3937000 3937163 1 0 0 9 46 0 31 67 24 -71 -37 82 72 25 20 15 10 10 30 35 45 55 16 1 4 5 
3940000 3940050 1 13 0 72 84 26 76 88 71 -27 -11 75 71 25 20 15 10 10 30 35 45 55 16 8 7 5 
3943000 3943213 1 0 0 83 78 0 87 84 80 -15 3 69 66 25 20 14 10 10 30 35 45 55 16 8 9 5 
3948500 3948521 1 13 0 26 36 -28 23 37 15 -80 -16 65 71 25 20 14 10 10 30 35 45 55 16 3 7 5 
3954500 3954529 1 0 0 23 45 0 19 42 13 -82 -22 62 61 25 20 14 10 10 30 35 45 55 16 4 7 5 
4025500 4025685 1 0 0 20 48 0 21 51 14 -81 -29 60 60 25 20 13 10 10 30 35 45 55 16 8 5 5 
4035000 4036304 1 0 0 16 53 0 9 49 0 -95 -42 58 57 25 20 13 10 10 30 35 45 55 16 1 1 5 
4070000 4070214 1 0 0 14 40 0 15 40 10 -88 -25 57 57 25 20 13 10 10 30 35 45 55 16 2 6 5 
4205500 4205658 1 0 0 25 48 0 25 49 17 -78 -25 57 57 25 20 12 10 10 30 35 45 55 16 2 3 5 
4399000 4399077 1 0 0 16 45 0 17 49 8 -87 -33 58 56 25 20 12 10 11 31 35 45 55 16 6 5 5 
4444000 4445028 1 0 0 -1 21 0 11 27 2 -93 -16 58 59 25 20 12 10 11 31 35 45 55 16 3 4 5 
4489000 4489203 1 0 0 10 33 0 10 40 7 -91 -30 57 58 25 20 12 10 11 31 35 45 55 16 2 5 5 
4572000 4572179 1 0 0 12 30 0 12 25 5 -90 -13 58 60 25 20 12 10 11 31 35 45 55 16 5 4 5 
4742000 4742165 1 0 0 28 45 0 31 44 27 -71 -13 54 53 25 20 12 10 11 31 35 45 55 16 6 6 5 
4980500 4980546 1 0 0 18 39 0 14 40 11 -87 -25 60 60 25 20 12 10 11 31 35 45 55 16 5 7 5 
5567500 5567708 1 0 0 14 56 0 13 65 9 -89 -52 79 83 25 20 12 10 11 31 35 45 55 16 4 5 5 
5662500 5662683 1 0 0 27 68 0 30 72 23 -72 -41 78 73 25 20 12 10 11 31 35 45 55 16 8 7 5 
5783500 5783704 1 0 0 14 52 0 14 59 9 -89 -45 78 73 25 20 12 10 11 31 35 45 55 16 7 6 5 
5941500 5941726 1 0 0 -1 44 0 3 49 -1 -99 -45 81 78 25 20 12 10 10 30 35 45 55 16 6 7 5 
6636500 6636654 1 0 0 37 65 0 38 69 35 -63 -30 73 72 25 20 12 10 10 30 35 45 55 16 8 8 5 
6755500 6755515 1 0 0 26 48 0 19 39 12 -83 -20 72 72 25 20 12 10 10 30 35 45 55 16 7 10 5 
6858500 6858612 1 0 0 36 56 0 41 55 36 -62 -15 67 66 25 20 12 10 10 30 35 45 55 16 6 8 5 
6903000 6903428 1 0 0 2 31 0 1 31 -3 -101 -30 73 71 25 20 12 10 10 30 35 45 55 16 3 4 5 
6935500 6936368 1 0 0 -2 22 0 -4 28 -8 -106 -33 70 71 25 20 12 10 10 30 35 45 55 16 1 4 5 
6963000 6963121 1 0 0 1 34 0 3 38 -2 -100 -35 67 65 25 20 12 10 10 30 35 45 55 16 4 5 5 
6983000 6983212 1 0 0 17 39 0 19 40 13 -85 -21 64 63 25 20 12 10 10 30 35 45 55 16 6 7 5 
7004500 7005042 1 0 0 -8 23 0 -3 23 -7 -105 -26 67 68 25 20 12 10 10 30 35 45 55 16 5 4 5 
7011500 7012499 1 0 0 16 45 0 12 47 7 -91 -36 69 68 25 20 12 10 10 30 35 45 55 16 2 6 5 
7036500 7036725 1 0 0 31 45 0 31 46 25 -73 -16 66 66 25 20 12 10 10 30 35 45 55 16 7 7 5 
7070000 7070083 1 0 0 26 47 0 27 45 23 -75 -17 65 64 25 20 12 10 10 30 35 45 55 16 7 8 5 
7283500 7283636 1 0 0 41 49 0 40 49 36 -62 -9 69 71 25 20 12 10 10 30 35 45 55 16 3 6 5 
7596000 7596227 1 0 0 41 50 0 44 51 40 -58 -6 66 63 25 20 12 10 10 30 35 45 55 16 5 6 5 
7622000 7622268 1 0 0 39 51 0 43 53 37 -61 -11 70 70 25 20 12 10 10 30 35 45 55 16 3 8 5 
7640500 7640684 1 0 0 22 57 0 25 63 20 -78 -38 70 69 25 20 12 10 10 30 35 45 55 16 7 5 5 
7658000 7658392 1 0 0 24 57 0 30 65 22 -73 -35 67 74 25 20 12 10 10 30 35 45 55 16 4 7 5 
7687500 7687990 1 0 0 7 38 0 4 34 -1 -99 -31 66 63 25 20 12 10 11 31 35 45 55 16 2 5 5 
7759000 7759106 1 0 0 0 27 0 5 28 -1 -99 -24 64 63 25 20 12 10 11 31 35 45 55 16 7 8 5 
7864000 7864119 1 0 0 18 37 0 20 42 13 -82 -21 64 65 25 20 12 10 11 31 35 45 55 16 8 6 5 
7892000 7892247 1 0 0 20 41 0 21 40 13 -82 -18 63 62 25 20 12 10 11 31 35 45 55 16 6 7 5 
7908500 7908677 1 0 0 18 50 0 18 54 11 -84 -37 63 62 25 20 12 10 11 31 35 45 55 16 8 8 5 
7990500 7990717 1 0 0 4 55 0 9 58 0 -95 -48 66 63 25 20 12 10 11 31 35 45 55 16 8 7 5 
8006500 8006642 1 0 0 -5 37 0 -4 37 -11 -106 -40 61 65 25 20 12 10 11 31 35 45 55 16 5 4 5 
8016000 8016137 1 0 0 10 33 0 7 29 0 -95 -20 66 66 25 20 12 10 11 31 35 45 55 16 8 5 5 
8037000 8037169 1 0 0 31 59 0 33 57 27 -68 -22 74 72 25 20 12 10 11 31 35 45 55 16 8 6 5 
8175000 8175009 1 0 0 49 43 0 52 47 43 -52 5 75 74 25 20 12 10 10 30 35 45 55 16 8 8 5 
8636500 8636886 1 0 0 44 51 0 43 56 36 -59 -14 64 66 25 20 13 10 8 28 35 45 55 16 6 7 5 
9021500 9021702 1 0 0 45 56 0 46 57 39 -56 -10 68 68 25 20 12 10 8 28 35 45 55 16 8 9 5 
9544500 9544577 1 0 0 34 60 0 37 66 30 -65 -29 66 67 25 20 12 10 8 28 35 45 55 16 7 8 5 
9556000 9556003 1 0 0 -15 19 0 -14 21 -21 -116 -34 61 58 25 20 12 10 8 28 35 45 55 16 8 6 5 
9577500 9577726 1 0 0 -11 31 0 -8 37 -14 -109 -44 63 61 25 20 12 10 8 28 35 45 55 16 6 8 5 
9589000 9589001 1 0 0 34 52 0 39 59 31 -64 -20 64 66 25 20 12 10 8 28 35 45 55 16 8 8 5 
9603500 9603665 1 0 0 34 62 0 33 65 25 -70 -32 61 56 25 20 12 10 8 28 35 45 55 16 8 7 5 
9644000 9644181 1 0 0 3 37 0 6 36 -1 -96 -29 60 61 25 20 12 10 8 28 35 45 55 16 7 6 5 
9691000 9691230 1 0 0 0 36 0 2 39 -6 -101 -37 60 60 25 20 12 10 8 28 35 45 55 16 6 5 5 
10188000 10188031 1 0 0 12 46 0 20 48 11 -84 -28 58 57 25 20 12 10 9 29 35 45 55 16 6 4 5 
10303000 10303102 1 0 0 9 34 0 13 40 5 -90 -27 57 56 25 20 12 10 9 29 35 45 55 16 7 4 5 
10348000 10348367 1 0 0 37 65 0 40 64 32 -63 -24 56 52 25 20 12 10 9 29 35 45 55 16 5 7 5 
10612500 10612673 1 0 0 36 57 0 45 65 38 -57 -21 54 53 25 20 12 10 9 29 35 45 55 16 7 6 5 
10702500 10702557 1 0 0 28 57 0 33 65 26 -69 -31 56 57 25 20 12 10 9 29 35 45 55 16 6 6 5 
10725000 10725183 1 0 0 12 42 0 13 43 5 -90 -30 54 52 25 20 12 10 9 29 35 45 55 16 6 7 5 
10848000 10848018 1 0 0 10 41 0 12 42 4 -91 -31 66 66 25 20 12 10 9 29 35 45 55 16 8 5 5 
10892500 10892948 1 0 0 -3 34 0 3 39 -6 -101 -36 61 62 25 20 12 10 10 30 35 45 55 16 6 7 5 
10903500 10903712 1 0 0 9 36 0 7 39 0 -95 -31 57 58 25 20 12 10 10 30 35 45 55 16 6 7 5 
11141500 11141712 1 0 0 16 47 0 25 60 17 -78 -35 56 55 25 20 12 10 11 31 35 45 55 16 6 5 5 
11210500 11210673 1 0 0 2 52 0 7 54 -1 -96 -47 61 60 25 20 12 10 11 31 35 45 55 16 8 6 5 
11224000 11224476 1 0 0 3 26 0 12 39 4 -91 -29 53 57 25 20 12 10 11 31 35 45 55 16 1 5 5 
11237500 11237656 1 0 0 -1 43 0 5 48 -3 -98 -44 55 55 25 20 12 10 11 31 35 45 55 16 7 2 5 
11258000 11258541 1 0 0 4 26 0 12 24 5 -90 -11 53 53 25 20 12 10 11 31 35 45 55 16 2 3 5 
11286000 11286239 1 0 0 19 54 0 20 56 13 -82 -36 53 55 25 20 12 10 11 31 35 45 55 16 4 6 5 
11304500 11304619 1 0 0 -1 36 0 1 31 -7 -102 -30 52 53 25 20 12 10 11 31 35 45 55 16 4 3 5 
11815500 11815954 1 0 0 4 38 0 10 42 1 -94 -33 53 54 25 20 12 10 11 31 35 45 55 16 4 2 5 
11844500 11844614 1 0 0 1 23 0 6 31 -2 -97 -27 57 64 25 20 12 10 11 31 35 45 55 16 7 7 5 
12055500 12055818 1 0 0 -7 26 0 -4 30 -10 -105 -35 55 53 25 20 12 10 11 31 35 45 55 16 4 6 5 
12084500 12084548 1 0 0 38 31 0 42 34 35 -60 8 57 56 25 20 12 10 11 31 35 45 55 16 7 7 5 
12463000 12463040 1 0 0 26 35 0 28 40 19 -76 -13 62 64 25 20 12 10 11 31 35 45 55 16 6 7 5 
12492000 12492352 1 0 0 18 33 0 21 35 14 -81 -13 60 57 25 20 12 10 11 31 35 45 55 16 5 5 5 
12564500 12564626 1 0 0 -7 45 0 0 54 -6 -101 -54 53 53 25 20 12 10 11 31 35 45 55 16 6 6 5 
12594500 12594735 1 0 0 -1 51 0 7 58 -2 -97 -51 53 53 25 20 12 10 11 31 35 45 55 16 3 5 5 
12896500 12896547 1 0 0 15 45 0 20 49 11 -84 -29 52 48 25 20 12 10 11 31 35 45 55 16 5 6 5 
13258000 13258139 1 0 0 14 41 0 16 44 8 -87 -29 54 51 25 20 12 10 11 31 35 45 55 16 7 7 5 
13264000 13264539 1 0 0 50 52 0 60 56 52 -43 4 57 67 25 20 12 10 11 31 35 45 55 16 5 0 5 
13275500 13275625 1 0 0 28 42 0 29 47 22 -73 -19 57 52 25 20 12 10 11 31 35 45 55 16 7 5 5 
13290500 13290929 1 0 0 30 38 0 37 43 30 -65 -5 54 54 25 20 12 10 11 31 35 45 55 16 6 5 5 
13496500 13496756 1 0 0 -2 28 0 -2 24 -7 -102 -24 57 54 25 20 11 10 12 32 35 45 55 16 5 4 5 
13529500 13529657 1 0 0 11 25 0 17 27 10 -85 -10 57 57 25 20 11 10 12 32 35 45 55 16 4 4 5 
13537000 13537081 1 0 0 -5 23 0 -2 27 -10 -105 -29 61 59 25 20 11 10 12 32 35 45 55 16 4 7 5 
13545000 13546373 1 0 0 33 27 0 31 19 24 -71 12 62 55 25 20 11 10 12 32 35 45 55 16 0 5 5 
13555500 13555707 1 0 0 21 43 0 22 42 15 -80 -18 60 58 25 20 11 10 12 32 35 45 55 16 7 6 5 
13567000 13567050 1 0 0 18 48 0 21 51 12 -83 -32 55 56 25 20 11 10 12 32 35 45 55 16 6 5 5 
13578000 13578642 1 0 0 29 37 0 31 41 24 -71 -9 62 58 25 20 11 10 12 32 35 45 55 16 2 5 5 
13668000 13668163 1 0 0 13 37 0 19 41 12 -83 -22 60 61 25 20 11 10 12 32 35 45 55 16 6 8 5 
14115000 14115134 1 0 0 39 39 0 41 42 33 -62 -2 60 60 25 20 11 10 12 32 35 45 55 16 6 7 5 
14408500 14408581 1 0 0 41 56 0 46 65 39 -56 -19 59 58 25 20 11 10 12 32 35 45 55 16 7 8 5 
14540500 14540544 1 0 0 34 50 0 40 55 31 -64 -16 61 63 25 20 11 10 12 32 35 45 55 16 6 8 5 
14560000 14560139 1 0 0 57 60 0 63 65 55 -40 -2 79 80 25 20 11 10 12 32 35 45 55 16 5 10 5 
14571000 14571011 1 0 0 34 55 0 43 64 37 -58 -20 66 64 25 20 11 10 12 32 35 45 55 16 8 7 5 
14577000 14577059 1 0 0 17 29 0 19 31 12 -83 -12 63 63 25 20 11 10 12 32 35 45 55 16 8 8 5 
14596000 14596045 1 0 0 8 44 0 7 48 -1 -96 -41 61 61 25 20 12 10 11 31 35 45 55 16 8 7 5 
14601500 14601517 1 0 0 7 46 0 14 52 6 -89 -38 60 60 25 20 12 10 11 31 35 45 55 16 8 7 5 
14610000 14610015 1 0 0 33 60 0 33 62 26 -69 -29 66 62 25 20 12 10 11 31 35 45 55 16 9 8 5 
14695500 14695693 1 0 0 28 52 0 30 48 22 -73 -18 59 58 25 20 12 10 11 31 35 45 55 16 7 7 5 
14706000 14706147 1 0 0 33 58 0 36 61 28 -67 -24 59 58 25 20 12 10 11 31 35 45 55 16 8 7 5 
14718500 14718755 1 0 0 46 61 0 49 61 42 -53 -11 57 55 25 20 12 10 11 31 35 45 55 16 7 7 5 
14727500 14727827 1 0 0 51 62 0 53 62 47 -48 -9 70 69 25 20 12 10 11 31 35 45 55 16 6 10 5 
14756000 14756112 1 0 0 13 51 0 12 53 6 -89 -40 58 56 25 20 12 10 11 31 35 45 55 16 7 7 5 
14794000 14794069 1 0 0 29 58 0 33 60 25 -70 -27 59 58 25 20 12 10 11 31 35 45 55 16 7 7 5 
14806500 14806625 1 0 0 28 64 0 28 66 20 -75 -38 65 64 25 20 12 10 11 31 35 45 55 16 5 5 5 
14815500 14815827 1 0 0 61 90 0 52 99 44 -51 -47 74 75 25 20 12 10 11 31 35 45 55 16 4 3 5 
14825500 14825645 1 -1 7 5 53 -56 2 56 -6 -101 -54 77 70 25 20 12 10 11 31 35 45 55 16 4 6 5 
14849000 14849684 1 2 7 -47 13 -109 -56 25 -64 -159 -82 73 71 25 20 12 10 11 31 35 45 55 16 3 3 5 
14851500 14851976 1 -3 7 20 78 -42 53 118 46 -49 -64 77 82 25 20 12 10 11 31 35 45 55 16 2 3 5 
14976000 14976012 1 0 0 65 67 0 69 67 61 -34 1 60 59 25 20 12 10 11 31 35 45 55 16 7 7 5 
15215500 15215612 1 0 0 74 84 0 83 90 76 -19 -7 64 62 25 20 12 10 11 31 35 45 55 16 8 7 5 
15241000 15241087 1 0 0 65 77 0 63 75 55 -40 -13 67 66 25 20 12 10 11 31 35 45 55 16 9 7 5 
15762000 15762089 1 0 0 11 34 0 14 36 7 -88 -23 68 68 25 20 11 10 12 32 35 45 55 16 9 9 5 
16470000 16470075 1 0 0 11 34 0 19 43 12 -83 -24 73 72 25 20 11 10 12 32 35 45 55 16 8 7 5 
16779500 16779616 1 0 0 1 42 0 11 42 4 -91 -31 80 83 25 20 11 10 12 32 35 45 55 16 10 8 5 
