26000 26084 0 0 0 -42 -77 0 -47 -77 -47 21 31 69 67 25 20 17 10 10 30 35 45 55 16 8 9 5 
199000 199074 0 -1 7 -78 -139 -51 -89 -143 -88 -20 54 102 101 25 20 17 10 17 35 35 45 55 16 12 13 5 
206000 206001 0 2 7 -213 -243 -187 -221 -251 -220 -152 30 126 126 25 20 17 10 17 32 35 45 55 16 14 15 5 
301000 301029 0 -3 7 -67 -120 -49 -73 -125 -73 -5 51 74 70 25 20 17 10 17 37 35 45 55 16 5 3 5 
517500 517649 0 0 -1 0 -27 0 0 -27 0 68 27 72 73 25 20 17 10 16 36 35 45 55 16 9 10 5 
785500 785930 0 0 0 18 -16 0 17 -23 16 84 39 67 64 25 20 17 10 16 36 35 45 55 16 6 7 5 
1118500 1118655 0 0 0 31 -10 0 25 -18 26 94 42 60 62 25 20 17 10 16 36 35 45 55 16 7 7 5 
1623500 1623584 0 0 0 21 -16 0 16 -19 18 86 36 56 51 25 20 17 10 16 36 35 45 55 16 4 6 5 
2049500 2049692 0 0 0 45 9 0 43 2 43 111 41 62 66 25 20 17 10 16 36 35 45 55 16 8 8 5 
2428000 2428163 0 0 0 35 6 0 20 -10 21 89 30 56 63 25 20 17 10 16 36 35 45 55 16 5 4 5 
2567000 2567048 0 0 0 50 15 0 49 11 49 117 39 57 61 25 20 17 10 16 36 35 45 55 16 6 3 5 
2750500 2750600 0 0 0 54 25 0 53 20 53 121 33 56 59 25 20 17 10 16 36 35 45 55 16 7 4 5 
2894000 2894149 0 0 0 30 -20 0 19 -33 20 88 52 56 54 25 20 17 10 16 36 35 45 55 16 7 7 5 
3215500 3216105 0 0 0 25 -9 0 12 -28 12 80 38 51 49 25 20 17 10 16 36 35 45 55 16 3 5 5 
3433000 3433261 0 0 0 40 16 0 41 16 43 111 25 49 47 25 20 17 10 16 36 35 45 55 16 6 5 5 
3700500 3700528 0 0 0 19 -21 0 14 -29 14 82 42 58 57 25 20 17 10 16 36 35 45 55 16 7 6 5 
3845500 3845545 0 0 0 23 -13 0 17 -19 16 84 37 57 60 25 20 17 10 16 36 35 45 55 16 7 7 5 
3937500 3937661 0 0 0 38 6 0 35 2 36 104 34 57 57 25 20 17 10 16 36 35 45 55 16 7 8 5 
4190500 4190574 0 0 0 5 -32 0 5 -31 5 73 35 50 50 25 20 17 10 16 36 35 45 55 16 6 6 5 
4645500 4645576 0 0 0 31 -11 0 28 -13 29 97 40 64 59 25 20 17 10 16 36 35 45 55 16 8 7 5 
5000500 5000701 0 0 0 10 -23 0 12 -21 13 81 35 55 53 25 20 17 10 16 36 35 45 55 16 6 7 5 
5085000 5085061 0 0 0 20 -6 0 21 -2 22 90 23 54 52 25 20 17 10 16 36 35 45 55 16 5 7 5 
5610000 5610108 0 0 0 3 -31 0 -2 -36 -1 67 34 57 57 25 20 17 10 16 36 35 45 55 16 7 7 5 
5762500 5762569 0 -1 7 -48 -56 -53 -49 -54 -48 20 5 71 74 25 20 17 10 16 36 35 45 55 16 9 9 5 
5795000 5795083 0 2 7 -100 -119 -105 -102 -119 -100 -32 17 94 101 25 20 17 10 16 34 35 45 55 16 9 10 5 
5895000 5895559 0 -3 7 -42 -76 -48 -47 -83 -47 21 36 74 75 25 20 17 10 16 36 35 45 55 16 6 3 5 
5903000 5903079 0 -1 7 -45 -68 -52 -48 -67 -46 22 21 78 79 25 20 17 10 16 36 35 45 55 16 7 8 5 
6027500 6027505 0 2 7 -185 -172 -193 -189 -178 -189 -121 -11 102 103 25 20 17 10 16 34 35 45 55 16 12 13 5 
6149500 6149673 0 -3 7 -39 -76 -49 -39 -69 -39 29 30 59 60 25 20 17 10 16 36 35 45 55 16 3 5 5 
6266000 6266006 0 0 0 11 -27 0 7 -34 9 77 42 56 53 25 20 17 10 16 36 35 45 55 16 6 7 5 
6365500 6365579 0 0 0 13 -18 0 13 -14 13 81 27 52 50 25 20 17 10 16 36 35 45 55 16 7 6 5 
6962000 6962097 0 0 0 -5 -55 0 -7 -58 -7 61 51 58 55 25 20 17 10 16 36 35 45 55 16 6 6 5 
7200000 7201417 0 0 0 -2 -33 0 -1 -26 0 68 26 66 68 25 20 17 10 16 36 35 45 55 16 0 7 5 
7404500 7404671 0 0 0 0 -37 0 -5 -45 -3 65 42 57 53 25 20 17 10 16 36 35 45 55 16 6 7 5 
7742000 7742023 0 0 0 -12 -46 0 -10 -53 -10 58 44 62 60 25 20 17 10 16 36 35 45 55 16 8 6 5 
7997000 7997085 0 0 0 7 -15 0 1 -18 3 71 21 59 56 25 20 17 10 16 36 35 45 55 16 6 7 5 
8193500 8193749 0 0 0 -5 -25 0 -10 -34 -8 60 26 50 51 25 20 17 10 16 36 35 45 55 16 6 6 5 
8405500 8405782 0 0 0 -7 -44 0 -7 -40 -6 62 33 49 50 25 20 17 10 16 36 35 45 55 16 6 6 5 
8885500 8885713 0 0 0 7 -33 0 4 -35 3 71 38 50 49 25 20 17 10 16 36 35 45 55 16 6 6 5 
9304500 9304741 0 0 0 11 -4 0 4 -8 4 72 12 54 50 25 20 17 10 16 36 35 45 55 16 5 6 5 
9646000 9646244 0 0 0 9 -31 0 0 -37 2 70 38 48 46 25 20 17 10 16 36 35 45 55 16 5 6 5 
9982500 9982615 0 0 0 9 -19 0 -5 -22 -5 63 16 53 51 25 20 17 10 16 36 35 45 55 16 5 7 5 
10128500 10128705 0 0 0 8 -16 0 6 -18 6 74 23 58 63 25 20 17 10 16 36 35 45 55 16 6 6 5 
10361000 10361387 0 0 0 7 -24 0 -8 -40 -8 60 32 70 69 25 20 17 10 16 36 35 45 55 16 7 9 5 
10488500 10488662 0 -1 7 -49 -71 -57 -55 -80 -53 15 26 82 83 25 20 17 10 16 36 35 45 55 16 7 9 5 
10722000 10722047 0 2 7 -203 -227 -213 -214 -237 -213 -145 24 128 129 25 20 17 10 16 31 35 45 55 16 14 15 5 
10867500 10867596 0 -3 7 -36 -75 -47 -39 -74 -39 29 35 82 82 25 20 17 10 16 36 35 45 55 16 8 7 5 
10983000 10983045 0 0 0 12 -31 0 10 -35 10 78 44 73 72 25 20 17 10 16 36 35 45 55 16 8 6 5 
11400000 11400072 0 0 0 6 -42 0 -3 -55 -2 66 53 73 71 25 20 17 10 16 36 35 45 55 16 6 6 5 
11908000 11908133 0 0 0 5 -38 0 2 -39 1 69 41 57 59 25 20 17 10 16 36 35 45 55 16 6 7 5 
12183500 12183584 0 0 0 -7 -41 0 -13 -45 -12 56 32 62 58 25 20 17 10 16 36 35 45 55 16 8 6 5 
12435000 12435145 0 -1 7 -51 -75 -50 -59 -81 -60 8 20 88 90 25 20 17 10 15 35 35 45 55 16 11 11 5 
12445500 12445779 0 2 7 -103 -101 -102 -93 -98 -91 -23 6 60 56 25 20 17 10 15 35 35 45 55 16 2 5 5 
12453500 12453559 0 -3 7 -46 -68 -46 -42 -70 -41 27 29 65 67 25 20 17 10 15 35 35 45 55 16 2 4 5 
12798500 12798591 0 0 0 9 -22 0 3 -24 2 70 26 52 51 25 20 17 10 16 36 35 45 55 16 5 4 5 
13847000 13847172 0 0 0 -3 -24 0 -7 -22 -7 61 15 55 60 25 20 17 10 17 37 35 45 55 16 6 8 5 
14128000 14128124 0 0 0 13 -13 0 8 -22 9 77 31 46 43 25 20 17 10 16 36 35 45 55 16 6 6 5 
14225500 14225538 0 0 0 4 -26 0 6 -24 6 74 31 53 51 25 20 17 10 15 35 35 45 55 16 7 4 5 
14736500 14736747 0 0 0 7 -21 0 2 -22 3 71 24 49 48 25 20 17 10 16 36 35 45 55 16 6 6 5 
15202500 15202617 0 0 0 6 -28 0 0 -34 1 69 34 48 48 25 20 17 10 16 36 35 45 55 16 6 6 5 
15538000 15538179 0 0 0 16 7 0 17 5 18 86 13 49 50 25 20 17 10 16 36 35 45 55 16 6 6 5 
15633500 15633699 0 0 0 3 -20 0 -2 -24 -1 67 24 49 47 25 20 17 10 16 36 35 45 55 16 6 6 5 
15667500 15667728 0 0 0 23 -5 0 18 -11 19 87 29 48 47 25 20 17 10 16 36 35 45 55 16 6 6 5 
15971000 15971268 0 0 0 28 -5 0 26 -5 27 95 31 51 52 25 20 17 10 16 36 35 45 55 16 7 6 5 
16008500 16008738 0 0 0 7 -18 0 4 -19 4 72 24 50 50 25 20 17 10 16 36 35 45 55 16 6 6 5 
16128500 16128550 0 0 0 14 -6 0 7 -21 6 74 28 49 48 25 20 17 10 16 36 35 45 55 16 6 6 5 
16175500 16175775 0 0 0 34 6 0 26 -6 27 95 32 51 54 25 20 17 10 16 36 35 45 55 16 6 6 5 
16275000 16275253 0 0 0 3 -24 0 2 -22 4 72 25 53 51 25 20 17 10 16 36 35 45 55 16 6 6 5 
16417500 16417739 0 0 0 29 9 0 27 3 28 96 23 49 47 25 20 17 10 16 36 35 45 55 16 5 5 5 
16492500 16492754 0 0 0 34 -3 0 27 -5 28 96 34 48 46 25 20 17 10 16 36 35 45 55 16 6 5 5 
16545000 16545119 0 0 0 12 -6 0 18 -2 18 86 19 47 47 25 20 17 10 16 36 35 45 55 16 6 6 5 
16987500 16987710 0 0 0 13 -13 0 10 -23 11 79 35 49 48 25 20 17 10 16 36 35 45 55 16 5 5 5 
17411000 17411035 0 0 0 24 -2 0 24 -7 23 91 30 54 58 25 20 17 10 16 36 35 45 55 16 7 6 5 
17841500 17841779 0 0 0 27 2 0 26 -1 28 96 27 49 47 25 20 17 10 16 36 35 45 55 16 6 5 5 
17962500 17962583 0 0 0 10 -10 0 9 -10 10 78 19 51 51 25 20 17 10 16 36 35 45 55 16 6 6 5 
18280500 18280615 0 0 0 -2 -20 0 -12 -28 -11 57 15 54 55 25 20 17 10 16 36 35 45 55 16 7 6 5 
18375000 18375094 0 0 0 -1 -20 0 -9 -29 -6 62 22 50 52 25 20 17 10 16 36 35 45 55 16 6 6 5 
18684500 18684518 0 0 0 8 -13 0 4 -20 5 73 25 50 51 25 20 17 10 16 36 35 45 55 16 6 6 5 
19205500 19205596 0 0 0 22 1 0 17 -2 17 85 19 51 51 25 20 17 10 16 36 35 45 55 16 6 7 5 
19711000 19711136 0 0 0 22 2 0 21 -3 22 90 24 50 53 25 20 17 10 16 36 35 45 55 16 6 6 5 
20159000 20159270 0 0 0 34 12 0 24 2 25 93 24 49 46 25 20 17 10 16 36 35 45 55 16 6 6 5 
20628000 20628045 0 0 0 42 11 0 44 12 45 113 33 47 45 25 20 17 10 16 36 35 45 55 16 6 5 5 
21059000 21059288 0 0 0 7 -9 0 4 -15 5 73 18 47 49 25 20 17 10 16 36 35 45 55 16 6 6 5 
21347000 21347129 0 0 0 13 -10 0 13 -9 13 81 22 46 47 25 20 17 10 16 36 35 45 55 16 6 6 5 
21944000 21944127 0 0 0 30 7 0 24 6 25 93 19 46 46 25 20 17 10 16 36 35 45 55 16 6 5 5 
25500 25631 1 0 0 12 -10 0 24 -3 25 47 28 70 66 25 20 17 10 10 30 35 45 55 16 8 9 5 
44500 44607 1 -1 7 -43 -31 -55 -29 -21 -29 -7 -9 93 95 25 20 17 10 10 30 35 45 55 16 4 10 5 
58000 58023 1 2 7 -113 -105 -124 -119 -108 -118 -96 -10 112 114 25 20 17 10 11 27 35 45 55 16 14 11 5 
107000 107154 1 -3 7 -39 -77 -49 -34 -72 -33 -11 38 70 74 25 20 17 10 13 33 35 45 55 16 8 8 5 
169500 169608 1 -1 7 -43 -46 -52 -41 -37 -40 -18 -3 92 95 25 20 17 10 15 35 35 45 55 16 11 9 5 
206500 206592 1 2 7 -159 -184 -167 -165 -188 -164 -142 25 128 128 25 20 17 10 17 32 35 45 55 16 14 15 5 
266500 266516 1 -3 7 -43 -66 -50 -35 -61 -37 -15 25 70 75 25 20 17 10 17 37 35 45 55 16 3 5 5 
517500 517649 1 0 -1 0 -20 0 0 -19 0 22 19 72 73 25 20 17 10 16 36 35 45 55 16 9 10 5 
763000 763069 1 0 0 11 -5 0 19 8 20 42 11 65 70 25 20 17 10 16 36 35 45 55 16 8 8 5 
1174500 1174523 1 0 0 20 7 0 24 15 25 47 10 62 66 25 20 17 10 16 36 35 45 55 16 8 8 5 
1556000 1556250 1 0 0 3 -15 0 6 -3 6 28 9 63 59 25 20 17 10 16 36 35 45 55 16 5 3 5 
2028500 2028570 1 0 0 14 15 0 17 17 19 41 3 56 60 25 20 17 10 16 36 35 45 55 16 7 7 5 
2424500 2425018 1 0 0 16 0 0 21 4 20 42 17 55 51 25 20 17 10 16 36 35 45 55 16 5 7 5 
2563000 2563197 1 0 0 27 1 0 31 11 31 53 20 60 57 25 20 17 10 16 36 35 45 55 16 7 7 5 
2767500 2767704 1 0 0 15 -3 0 16 1 17 39 15 54 54 25 20 17 10 16 36 35 45 55 16 5 7 5 
2917500 2917552 1 0 0 39 6 0 42 10 44 66 33 52 54 25 20 17 10 16 36 35 45 55 16 6 7 5 
3206000 3206274 1 0 0 23 5 0 28 12 28 50 16 50 47 25 20 17 10 16 36 35 45 55 16 5 6 5 
3431000 3431062 1 0 0 14 -2 0 15 2 17 39 15 49 47 25 20 17 10 16 36 35 45 55 16 6 6 5 
3703000 3703120 1 0 0 16 -7 0 28 3 29 51 25 59 59 25 20 17 10 16 36 35 45 55 16 6 8 5 
3840000 3840384 1 0 0 26 -5 0 31 4 30 52 27 56 51 25 20 17 10 16 36 35 45 55 16 5 6 5 
3935500 3935698 1 0 0 19 -13 0 30 -6 30 52 34 53 51 25 20 17 10 16 36 35 45 55 16 6 7 5 
4187000 4187296 1 0 0 6 -17 0 9 -19 10 32 28 48 49 25 20 17 10 16 36 35 45 55 16 6 6 5 
4646000 4646068 1 0 0 15 -8 0 22 -3 22 44 23 65 61 25 20 17 10 16 36 35 45 55 16 8 8 5 
4993000 4993302 1 0 0 20 1 0 23 3 22 44 19 55 54 25 20 17 10 16 36 35 45 55 16 6 7 5 
5085000 5085061 1 0 0 17 -9 0 28 -4 29 51 32 54 52 25 20 17 10 16 36 35 45 55 16 5 7 5 
5681000 5681001 1 0 0 6 -8 0 11 2 12 34 10 63 70 25 20 17 10 16 36 35 45 55 16 8 7 5 
5902000 5902147 1 -1 7 -45 -35 -51 -50 -33 -51 -29 -17 77 79 25 20 17 10 16 36 35 45 55 16 6 8 5 
5944000 5944267 1 2 7 -146 -149 -152 -135 -148 -134 -112 14 111 109 25 20 17 10 16 34 35 45 55 16 13 10 5 
6113000 6113229 1 -3 7 -42 -39 -49 -31 -33 -31 -9 2 81 83 25 20 17 10 16 36 35 45 55 16 8 9 5 
6231500 6231711 1 0 0 7 -7 0 14 -2 14 36 17 58 57 25 20 17 10 16 36 35 45 55 16 7 7 5 
6354500 6354701 1 0 0 11 -16 0 13 -13 13 35 25 57 55 25 20 17 10 16 36 35 45 55 16 7 7 5 
6924500 6924694 1 0 0 0 -26 0 7 -19 8 30 25 59 60 25 20 17 10 16 36 35 45 55 16 7 4 5 
7400500 7400973 1 0 0 2 -23 0 2 -25 3 25 27 57 57 25 20 17 10 16 36 35 45 55 16 5 7 5 
7733500 7733647 1 0 0 -7 -29 0 -11 -29 -11 11 18 70 71 25 20 17 10 16 36 35 45 55 16 4 7 5 
7983500 7983607 1 0 0 15 -2 0 26 10 26 48 15 58 52 25 20 17 10 16 36 35 45 55 16 7 7 5 
8193500 8193749 1 0 0 16 2 0 20 10 19 41 8 50 51 25 20 17 10 16 36 35 45 55 16 6 6 5 
8405500 8405782 1 0 0 11 0 0 18 2 17 39 14 49 50 25 20 17 10 16 36 35 45 55 16 6 6 5 
8869500 8869604 1 0 0 19 8 0 29 17 29 51 11 49 51 25 20 17 10 16 36 35 45 55 16 6 6 5 
9282000 9282136 1 0 0 19 10 0 28 16 28 50 12 51 48 25 20 17 10 16 36 35 45 55 16 5 6 5 
9655500 9655653 1 0 0 19 0 0 26 6 27 49 21 49 49 25 20 17 10 16 36 35 45 55 16 6 6 5 
10127000 10127139 1 0 0 13 5 0 18 17 18 40 -1 56 53 25 20 17 10 16 36 35 45 55 16 7 6 5 
10386500 10386574 1 0 0 -7 -26 0 -3 -26 -3 19 24 70 66 25 20 17 10 17 37 35 45 55 16 9 3 5 
10494000 10494065 1 -1 7 -57 -80 -51 -49 -73 -48 -26 25 95 99 25 20 17 10 16 36 35 45 55 16 10 10 5 
10521000 10521031 1 2 7 -163 -175 -157 -170 -177 -168 -146 8 116 117 25 20 17 10 16 32 35 45 55 16 12 14 5 
10616500 10616652 1 -3 7 -51 -64 -46 -40 -52 -40 -18 11 78 77 25 20 17 10 16 36 35 45 55 16 5 9 5 
10667000 10667307 1 -1 7 -56 -49 -51 -57 -46 -56 -34 -10 80 76 25 20 17 10 16 36 35 45 55 16 6 8 5 
10720000 10720120 1 2 7 -148 -136 -144 -147 -132 -147 -125 -15 122 123 25 20 17 10 16 31 35 45 55 16 13 14 5 
10796500 10796837 1 -3 7 -49 -66 -46 -43 -60 -41 -19 19 69 73 25 20 17 10 16 36 35 45 55 16 4 5 5 
10969500 10969501 1 0 0 -2 -18 0 2 -15 3 25 18 69 67 25 20 17 10 16 36 35 45 55 16 7 7 5 
11406500 11406655 1 0 0 15 -9 0 26 3 26 48 24 69 64 25 20 17 10 16 36 35 45 55 16 7 5 5 
11896000 11896172 1 0 0 4 0 0 1 -1 1 23 2 66 68 25 20 17 10 16 36 35 45 55 16 9 7 5 
12215500 12215585 1 0 0 4 -18 0 10 -14 12 34 25 58 55 25 20 17 10 16 36 35 45 55 16 6 6 5 
12778000 12778435 1 0 0 1 -7 0 7 -6 6 28 11 54 57 25 20 17 10 16 36 35 45 55 16 5 7 5 
13820500 13820503 1 0 0 7 -4 0 12 3 13 35 10 51 49 25 20 17 10 16 36 35 45 55 16 5 6 5 
14111000 14111278 1 0 0 20 6 0 24 9 25 47 17 49 50 25 20 17 10 16 36 35 45 55 16 6 6 5 
14439500 14439852 1 0 0 11 -8 0 19 2 19 41 17 50 51 25 20 17 10 16 36 35 45 55 16 5 6 5 
14751500 14751643 1 0 0 2 -8 0 7 -2 8 30 10 48 50 25 20 17 10 16 36 35 45 55 16 6 6 5 
15172500 15172604 1 0 0 7 5 0 14 12 15 37 2 48 48 25 20 17 10 16 36 35 45 55 16 6 6 5 
15525000 15525241 1 0 0 -2 -9 0 5 -3 6 28 8 51 51 25 20 17 10 16 36 35 45 55 16 6 6 5 
15626000 15626177 1 0 0 12 -2 0 17 0 16 38 17 50 50 25 20 17 10 16 36 35 45 55 16 6 6 5 
15671000 15672921 1 0 0 19 7 0 31 30 31 53 0 47 50 25 20 17 10 16 36 35 45 55 16 0 6 5 
15967500 15967797 1 0 0 21 3 0 24 8 25 47 16 50 50 25 20 17 10 16 36 35 45 55 16 6 6 5 
16020000 16020307 1 0 0 -2 -10 0 1 -5 2 24 5 48 50 25 20 17 10 16 36 35 45 55 16 6 6 5 
16121000 16121003 1 0 0 27 17 0 33 21 33 55 10 50 54 25 20 17 10 16 36 35 45 55 16 6 6 5 
16177500 16177776 1 0 0 15 7 0 17 12 19 41 6 51 53 25 20 17 10 16 36 35 45 55 16 6 6 5 
16256000 16256099 1 0 0 -9 -31 0 -7 -29 -6 16 22 53 54 25 20 17 10 16 36 35 45 55 16 5 7 5 
16432500 16432589 1 0 0 19 13 0 25 23 27 49 3 50 48 25 20 17 10 16 36 35 45 55 16 5 3 5 
16499000 16499116 1 0 0 22 -3 0 24 0 24 46 23 50 49 25 20 17 10 16 36 35 45 55 16 5 6 5 
16545000 16545119 1 0 0 10 5 0 14 4 13 35 9 47 47 25 20 17 10 16 36 35 45 55 16 6 6 5 
17005500 17005788 1 0 0 25 -1 0 34 9 33 55 25 49 49 25 20 17 10 16 36 35 45 55 16 6 6 5 
17440500 17440544 1 0 0 31 8 0 34 13 34 56 19 52 51 25 20 17 10 16 36 35 45 55 16 7 6 5 
17823500 17823515 1 0 0 20 7 0 23 10 23 45 13 47 49 25 20 17 10 16 36 35 45 55 16 6 5 5 
17947500 17947584 1 0 0 21 3 0 24 3 25 47 22 49 46 25 20 17 10 16 36 35 45 55 16 6 6 5 
18285000 18285084 1 0 0 19 16 0 22 18 22 44 5 46 47 25 20 17 10 16 36 35 45 55 16 5 6 5 
18423500 18423971 1 0 0 21 13 0 25 12 24 46 12 50 53 25 20 17 10 16 36 35 45 55 16 3 6 5 
18690000 18690170 1 0 0 11 2 0 12 2 11 33 10 50 49 25 20 17 10 16 36 35 45 55 16 6 6 5 
19203500 19203516 1 0 0 4 -1 0 14 11 14 36 3 51 50 25 20 17 10 16 36 35 45 55 16 6 6 5 
19714500 19714712 1 0 0 19 1 0 22 5 22 44 16 52 52 25 20 17 10 16 36 35 45 55 16 6 7 5 
20160000 20160236 1 0 0 29 19 0 28 18 28 50 9 49 47 25 20 17 10 16 36 35 45 55 16 6 6 5 
20652000 20652167 1 0 0 30 20 0 32 20 33 55 13 48 52 25 20 17 10 16 36 35 45 55 16 6 6 5 
21059000 21059288 1 0 0 21 18 0 26 21 25 47 4 47 49 25 20 17 10 16 36 35 45 55 16 6 6 5 
21318500 21318539 1 0 0 16 16 0 21 18 21 43 2 47 44 25 20 17 10 16 36 35 45 55 16 6 6 5 
21345000 21345147 1 0 0 10 -2 0 14 7 14 36 7 46 46 25 20 17 10 16 36 35 45 55 16 6 6 5 
21956000 21956308 1 0 0 14 -3 0 18 5 18 40 13 48 50 25 20 17 10 16 36 35 45 55 16 6 6 5 
