75000 75145 0 0 0 27 -33 0 33 -30 25 171 65 55 28 25 20 12 10 12 32 35 45 55 16 7 6 5 
193000 193164 0 0 0 29 -9 0 37 0 28 174 36 53 64 25 20 12 10 13 33 35 45 55 16 6 6 5 
358000 358061 0 0 -1 0 -52 0 7 -43 0 146 52 59 58 25 20 14 10 12 32 35 45 55 16 7 8 5 
476000 476237 0 0 0 5 -64 0 18 -54 9 155 73 59 59 25 20 13 10 12 32 35 45 55 16 7 7 5 
498500 498652 0 0 0 51 17 0 67 31 57 203 35 63 65 25 20 12 10 13 33 35 45 55 16 8 8 5 
517500 517746 0 0 0 41 10 0 51 19 42 188 32 61 61 25 20 12 10 13 33 35 45 55 16 8 8 5 
587000 587034 0 0 0 45 8 0 53 17 46 192 36 64 64 25 20 13 10 12 32 35 45 55 16 8 8 5 
607500 607557 0 0 0 51 -13 0 66 1 59 205 66 71 74 25 20 13 10 12 32 35 45 55 16 10 8 5 
622500 622673 0 0 0 34 -26 0 47 -12 38 184 57 66 66 25 20 13 10 12 32 35 45 55 16 8 8 5 
723500 723677 0 0 0 45 -18 0 54 -9 45 191 64 58 31 25 20 12 10 12 32 35 45 55 16 7 7 5 
960000 960047 0 0 0 54 6 0 62 15 55 201 48 64 62 25 20 12 10 13 33 35 45 55 16 8 7 5 
989500 989675 0 0 0 66 36 0 77 45 69 215 31 69 61 25 20 12 10 13 33 35 45 55 16 9 9 5 
998500 998938 0 13 0 107 66 2 122 79 115 261 44 69 68 25 20 12 10 13 33 35 45 55 16 6 8 5 
1001500 1001604 0 0 0 117 78 0 125 86 116 262 38 68 80 25 20 12 10 13 33 35 45 55 16 8 8 5 
1009500 1009663 0 0 0 116 81 0 122 88 114 260 32 65 65 25 20 12 10 13 33 35 45 55 16 8 7 5 
1012000 1012162 0 13 0 127 88 19 132 94 124 270 36 66 66 25 20 12 10 13 33 35 45 55 16 7 8 5 
1027500 1027514 0 0 0 60 15 0 69 23 61 207 46 69 68 25 20 12 10 13 33 35 45 55 16 7 6 5 
1061000 1061134 0 0 0 54 20 0 61 32 53 199 31 64 66 25 20 12 10 13 33 35 45 55 16 8 8 5 
1111500 1111670 0 0 0 51 25 0 60 32 52 198 28 64 60 25 20 12 10 13 33 35 45 55 16 7 5 5 
1158500 1158565 0 0 0 42 -14 0 50 -6 42 188 57 72 63 25 20 12 10 13 33 35 45 55 16 9 9 5 
1305000 1305014 0 0 0 44 -16 0 53 -6 47 193 60 62 63 25 20 12 10 13 33 35 45 55 16 5 8 5 
1406000 1406172 0 0 0 34 -18 0 38 -12 31 177 50 64 63 25 20 15 10 13 33 35 45 55 16 8 8 5 
1657500 1657506 0 0 0 25 -33 0 35 -24 25 171 58 68 76 25 20 15 10 13 33 35 45 55 16 9 7 5 
1860000 1860166 0 0 0 43 -13 0 50 -3 42 188 52 68 70 25 20 15 10 13 33 35 45 55 16 9 9 5 
2047500 2047599 0 0 0 43 -26 0 54 -16 45 191 70 74 74 25 20 15 10 13 33 35 45 55 16 7 9 5 
2184000 2184133 0 -1 7 94 32 50 121 49 112 258 71 92 94 25 20 15 10 13 33 35 45 55 16 5 9 5 
2220000 2220010 0 2 7 155 68 111 171 84 164 310 88 73 70 25 20 15 10 13 33 35 45 55 16 6 6 5 
2264000 2264025 0 -3 7 94 39 50 100 47 94 240 54 70 72 25 20 15 10 14 34 35 45 55 16 9 9 5 
2377500 2377520 0 0 0 45 -15 0 54 -3 46 192 56 70 69 25 20 15 10 13 33 35 45 55 16 9 9 5 
2411000 2411102 0 0 0 36 -30 0 46 -20 39 185 66 66 64 25 20 15 10 13 33 35 45 55 16 8 8 5 
2420500 2420592 0 0 0 53 -9 0 73 8 64 210 64 66 66 25 20 15 10 13 33 35 45 55 16 5 8 5 
2468500 2468694 0 0 0 43 -5 0 55 6 46 192 48 66 66 25 20 14 10 14 34 35 45 55 16 8 8 5 
2483000 2483058 0 0 0 54 13 0 64 28 55 201 37 74 68 25 20 14 10 14 34 35 45 55 16 9 6 5 
2801500 2801579 0 0 0 56 -16 0 68 -9 60 206 77 68 68 25 20 14 10 13 33 35 45 55 16 9 9 5 
2812000 2812166 0 0 0 50 4 0 58 8 49 195 48 68 68 25 20 14 10 14 34 35 45 55 16 9 9 5 
2898500 2898577 0 0 0 58 -9 0 68 1 61 207 68 66 72 25 20 14 10 13 33 35 45 55 16 7 8 5 
2909000 2909093 0 0 0 45 -31 0 56 -23 46 192 79 75 80 25 20 14 10 13 33 35 45 55 16 10 7 5 
3088000 3088125 0 0 0 70 17 0 78 24 70 216 54 72 72 25 20 14 10 14 34 35 45 55 16 9 9 5 
3240000 3240131 0 0 0 54 -19 0 59 -14 51 197 73 68 64 25 20 14 10 13 33 35 45 55 16 9 8 5 
3330000 3330343 0 0 0 52 -26 0 64 -18 55 201 80 70 67 25 20 14 10 13 33 35 45 55 16 5 7 5 
3405500 3405579 0 -1 7 102 37 51 98 38 90 236 60 91 87 25 20 14 10 14 34 35 45 55 16 11 9 5 
3450000 3450066 0 2 7 162 87 112 173 98 163 309 74 79 78 25 20 14 10 14 34 35 45 55 16 10 10 5 
3542500 3542550 0 -3 7 99 39 50 115 51 107 253 64 67 61 25 20 14 10 14 34 35 45 55 16 7 8 5 
3671000 3671141 0 0 0 48 -11 0 57 0 49 195 56 71 71 25 20 14 10 13 33 35 45 55 16 9 9 5 
3703000 3703060 0 0 0 42 -20 0 51 -13 42 188 63 68 68 25 20 14 10 13 33 35 45 55 16 8 8 5 
3978500 3978687 0 0 0 51 0 0 61 11 53 199 50 67 67 25 20 15 10 14 34 35 45 55 16 8 8 5 
4173500 4173713 0 0 0 43 3 0 51 9 40 186 41 68 68 25 20 14 10 14 34 35 45 55 16 9 9 5 
4192500 4192978 0 0 0 45 -3 0 48 -4 40 186 51 73 69 25 20 14 10 14 34 35 45 55 16 6 6 5 
4462500 4462567 0 0 0 47 20 0 57 26 49 195 29 70 69 25 20 14 10 14 34 35 45 55 16 9 8 5 
4509500 4509510 0 0 0 39 5 0 47 15 38 184 33 71 67 25 20 14 10 14 34 35 45 55 16 9 9 5 
4681000 4681151 0 0 0 65 9 0 72 18 63 209 53 70 72 25 20 13 10 14 34 35 45 55 16 9 9 5 
4978000 4978229 0 0 0 81 13 0 87 18 79 225 69 76 82 25 20 15 10 14 34 35 45 55 16 10 9 5 
5070000 5070107 0 0 0 99 33 0 117 49 108 254 68 69 61 25 20 13 10 14 34 35 45 55 16 9 8 5 
5193000 5193071 0 0 0 79 29 0 94 40 86 232 55 66 70 25 20 12 10 15 35 35 45 55 16 8 8 5 
5244500 5244577 0 0 0 77 23 0 86 32 76 222 54 65 60 25 20 13 10 15 35 35 45 55 16 8 8 5 
5433500 5433528 0 0 0 74 28 0 78 36 70 216 43 66 66 25 20 13 10 15 35 35 45 55 16 8 8 5 
5451500 5451640 0 0 0 75 31 0 83 42 74 220 41 72 81 25 20 13 10 15 35 35 45 55 16 5 6 5 
5462000 5462140 0 0 0 63 15 0 71 25 61 207 45 75 61 25 20 13 10 15 35 35 45 55 16 10 9 5 
5568500 5568588 0 0 0 51 4 0 65 17 56 202 48 70 71 25 20 13 10 14 34 35 45 55 16 9 9 5 
5587500 5587702 0 0 0 42 2 0 51 13 43 189 37 66 65 25 20 13 10 14 34 35 45 55 16 8 7 5 
5829500 5829587 0 0 0 24 -30 0 32 -22 24 170 54 65 61 25 20 13 10 14 34 35 45 55 16 8 8 5 
5902500 5902675 0 0 0 27 -28 0 40 -14 33 179 54 68 64 25 20 12 10 14 34 35 45 55 16 6 9 5 
5977500 5977584 0 0 0 17 -26 0 28 -16 20 166 44 72 80 25 20 12 10 14 34 35 45 55 16 2 7 5 
6043000 6043009 0 0 0 22 -30 0 30 -23 20 166 52 66 79 25 20 13 10 14 34 35 45 55 16 8 8 5 
6063500 6063527 0 0 0 24 -23 0 36 -10 29 175 47 68 58 25 20 13 10 14 34 35 45 55 16 9 8 5 
6141500 6141671 0 0 0 7 -45 0 16 -39 6 152 54 62 65 25 20 14 10 14 34 35 45 55 16 7 7 5 
6163000 6163043 0 0 0 25 -18 0 37 -6 28 174 43 66 69 25 20 14 10 14 34 35 45 55 16 7 8 5 
6174500 6174639 0 0 0 30 -21 0 41 -6 33 179 47 65 67 25 20 14 10 14 34 35 45 55 16 8 8 5 
6188500 6188575 0 0 0 34 -8 0 38 -1 29 175 38 66 66 25 20 16 10 14 34 35 45 55 16 8 8 5 
6205000 6205130 0 0 0 44 15 0 52 24 44 190 27 62 64 25 20 14 10 15 35 35 45 55 16 7 8 5 
6220500 6220512 0 0 0 22 -10 0 33 0 25 171 32 66 64 25 20 12 10 15 35 35 45 55 16 8 3 5 
6224500 6225164 0 13 0 60 42 -14 102 94 92 238 7 71 79 25 20 12 10 15 35 35 45 55 16 2 5 5 
6227500 6227713 0 0 0 113 89 0 122 104 113 259 19 71 74 25 20 12 10 15 35 35 45 55 16 7 1 5 
6233500 6233533 0 0 0 129 83 0 149 102 140 286 48 70 94 25 20 12 10 15 35 35 45 55 16 6 3 5 
6236000 6236078 0 13 0 82 50 -2 86 55 77 223 29 71 69 25 20 12 10 15 35 35 45 55 16 5 9 5 
6238500 6238607 0 0 0 39 7 0 55 19 47 193 37 70 62 25 20 12 10 15 35 35 45 55 16 9 9 5 
6266000 6266063 0 0 0 25 0 0 38 13 31 177 25 64 67 25 20 13 10 15 35 35 45 55 16 8 8 5 
6339500 6339626 0 0 0 13 -15 0 24 -7 15 161 30 65 64 25 20 14 10 15 35 35 45 55 16 8 8 5 
6360000 6360150 0 0 0 37 8 0 44 16 36 182 28 68 67 25 20 14 10 15 35 35 45 55 16 3 5 5 
6465000 6465045 0 0 0 27 -10 0 39 0 29 175 40 67 66 25 20 13 10 16 36 35 45 55 16 8 8 5 
6590500 6590725 0 0 0 11 -18 0 21 -10 12 158 31 64 63 25 20 13 10 14 34 35 45 55 16 8 8 5 
7072500 7072632 0 0 0 19 -17 0 28 -7 20 166 35 64 64 25 20 12 10 14 34 35 45 55 16 8 8 5 
7188500 7188668 0 0 0 31 -9 0 39 -3 30 176 43 65 63 25 20 14 10 14 34 35 45 55 16 8 8 5 
7196500 7196548 0 0 0 52 10 0 72 33 65 211 41 69 61 25 20 14 10 14 34 35 45 55 16 6 6 5 
7208500 7208507 0 0 0 10 -29 0 18 -25 8 154 41 62 63 25 20 14 10 14 34 35 45 55 16 8 8 5 
7320500 7320583 0 0 0 4 -24 0 13 -16 3 149 29 62 64 25 20 14 10 14 34 35 45 55 16 8 7 5 
7342500 7342719 0 0 0 23 -1 0 30 11 23 169 20 71 68 25 20 14 10 14 34 35 45 55 16 9 8 5 
7385500 7385524 0 0 0 35 5 0 46 14 38 184 33 68 67 25 20 15 10 14 34 35 45 55 16 9 9 5 
7511000 7511078 0 0 0 17 -15 0 27 -5 19 165 32 68 69 25 20 18 10 13 33 35 45 55 16 9 9 5 
7654000 7654089 0 0 0 52 13 0 67 26 57 203 39 66 71 25 20 18 10 13 33 35 45 55 16 8 7 5 
7660000 7660056 0 0 0 15 -31 0 24 -20 15 161 45 64 63 25 20 18 10 13 33 35 45 55 16 8 8 5 
7684000 7684019 0 0 0 19 -31 0 13 -33 4 150 47 72 73 25 20 18 10 13 33 35 45 55 16 8 10 5 
7696000 7696216 0 0 0 36 6 0 48 17 40 186 30 69 79 25 20 18 10 13 33 35 45 55 16 8 9 5 
7717500 7717723 0 0 0 41 9 0 48 18 41 187 29 63 64 25 20 18 10 13 33 35 45 55 16 8 8 5 
7867500 7867540 0 0 0 28 2 0 38 12 32 178 27 66 70 25 20 18 10 14 34 35 45 55 16 8 8 5 
7987500 7987545 0 -1 7 77 40 52 81 43 73 219 37 104 103 25 20 18 10 15 33 35 45 55 16 13 12 5 
8218500 8218525 0 2 7 212 120 194 217 131 208 354 86 82 81 25 20 16 10 14 34 35 45 55 16 7 6 5 
8358000 8358058 0 -3 7 65 8 50 73 17 65 211 55 65 68 25 20 11 10 13 33 35 45 55 16 8 8 5 
8613500 8613589 0 0 0 8 -22 0 16 -16 7 153 31 67 68 25 20 12 10 14 34 35 45 55 16 8 8 5 
9177000 9177111 0 0 0 -1 -41 0 10 -32 1 147 42 61 60 25 20 16 10 13 33 35 45 55 16 5 5 5 
9422000 9422074 0 0 0 7 -44 0 18 -33 10 156 51 60 62 25 20 11 10 13 33 35 45 55 16 7 7 5 
9500500 9500619 0 0 0 -1 -42 0 9 -31 1 147 41 63 59 25 20 12 10 14 34 35 45 55 16 8 8 5 
9855000 9855120 0 0 0 -2 -47 0 7 -39 -1 145 46 64 64 25 20 14 10 14 34 35 45 55 16 8 8 5 
10323500 10323633 0 0 0 -7 -53 0 6 -41 -4 142 47 62 60 25 20 13 10 14 34 35 45 55 16 8 8 5 
10464500 10464684 0 0 0 -1 -38 0 5 -30 -4 142 34 62 60 25 20 13 10 14 34 35 45 55 16 5 5 5 
10513000 10513110 0 0 0 3 -44 0 11 -36 3 149 45 64 56 25 20 13 10 14 34 35 45 55 16 8 8 5 
10907000 10907017 0 0 0 18 -26 0 28 -13 22 168 44 72 63 25 20 13 10 14 34 35 45 55 16 8 9 5 
11148500 11148629 0 0 0 23 -16 0 29 -7 21 167 36 64 66 25 20 13 10 14 34 35 45 55 16 8 8 5 
11201500 11201505 0 -1 7 74 33 50 82 41 74 220 41 84 88 25 20 13 10 14 34 35 45 55 16 10 11 5 
11256500 11256634 0 2 7 127 75 101 135 83 125 271 51 79 77 25 20 14 10 14 34 35 45 55 16 10 10 5 
11306000 11306067 0 -3 7 76 28 50 87 39 78 224 48 70 67 25 20 15 10 14 34 35 45 55 16 9 9 5 
11482500 11482551 0 0 0 31 -8 0 42 3 32 178 37 64 59 25 20 16 10 14 34 35 45 55 16 8 8 5 
11618500 11618676 0 0 0 11 -34 0 22 -25 14 160 48 63 59 25 20 16 10 14 34 35 45 55 16 8 8 5 
11682000 11682061 0 0 0 15 -27 0 21 -22 12 158 43 68 64 25 20 17 10 14 34 35 45 55 16 8 5 5 
11752500 11752585 0 0 0 2 -40 0 9 -33 3 149 43 64 60 25 20 17 10 14 34 35 45 55 16 8 8 5 
11808500 11808500 0 0 0 24 -19 0 38 -6 29 175 44 72 89 25 20 17 10 14 34 35 45 55 16 9 9 5 
11824500 11824536 0 0 0 19 -12 0 33 5 24 170 28 79 90 25 20 17 10 14 34 35 45 55 16 8 9 5 
11831000 11831130 0 13 0 60 17 16 71 26 62 208 46 72 66 25 20 17 10 14 34 35 45 55 16 9 9 5 
11839500 11839540 0 0 0 77 42 0 90 54 81 227 35 72 75 25 20 17 10 14 34 35 45 55 16 9 9 5 
11853500 11853523 0 0 0 68 37 0 79 48 71 217 31 67 81 25 20 17 10 14 34 35 45 55 16 8 8 5 
11910000 11910128 0 0 0 54 20 0 63 29 54 200 34 69 66 25 20 16 10 14 34 35 45 55 16 9 9 5 
12015000 12015170 0 0 0 54 22 0 61 29 52 198 31 69 68 25 20 15 10 13 33 35 45 55 16 9 9 5 
12063500 12063581 0 0 0 48 -10 0 59 -5 50 196 64 82 94 25 20 15 10 13 33 35 45 55 16 10 9 5 
12281000 12281158 0 0 0 15 -47 0 26 -39 16 162 64 74 84 25 20 15 10 13 33 35 45 55 16 9 9 5 
12518500 12518610 0 0 0 18 -42 1 28 -36 19 165 64 74 88 25 20 15 10 13 33 35 45 55 16 9 9 5 
12800500 12800596 0 0 0 20 -44 0 26 -38 17 163 62 76 80 25 20 15 10 13 33 35 45 55 16 10 6 5 
13173500 13173739 0 0 0 -5 -53 0 4 -43 -5 141 45 63 71 25 20 15 10 14 34 35 45 55 16 8 8 5 
13464000 13464070 0 -1 7 46 -6 52 57 6 50 196 53 77 86 25 20 15 10 14 34 35 45 55 16 9 10 5 
13679500 13679602 0 2 7 98 28 103 111 41 103 249 70 75 68 25 20 15 10 14 34 35 45 55 16 9 8 5 
13706000 13706135 0 -3 7 43 -16 48 56 -4 48 194 61 73 79 25 20 15 10 14 34 35 45 55 16 9 9 5 
13931000 13931170 0 0 0 -5 -58 0 7 -47 -1 145 55 68 69 25 20 17 10 14 34 35 45 55 16 9 5 5 
14096000 14096178 0 0 0 7 -34 0 8 -28 0 146 36 68 57 25 20 16 10 14 34 35 45 55 16 5 6 5 
14202500 14202619 0 -1 7 62 7 55 80 30 72 218 50 85 68 25 20 16 10 14 34 35 45 55 16 10 11 5 
14214500 14214536 0 2 7 119 49 112 149 71 140 286 78 83 74 25 20 16 10 14 34 35 45 55 16 6 8 5 
14294000 14294250 0 -3 7 56 -4 50 67 6 58 204 59 64 58 25 20 16 10 14 34 35 45 55 16 8 8 5 
14403500 14403693 0 -1 7 57 16 51 67 28 60 206 40 82 66 25 20 15 10 14 34 35 45 55 16 9 10 5 
14435500 14435674 0 2 7 102 52 96 112 61 105 251 53 75 82 25 20 14 10 14 34 35 45 55 16 10 9 5 
14510000 14510196 0 -3 7 54 21 49 64 30 55 201 34 69 73 25 20 13 10 14 34 35 45 55 16 9 9 5 
14745000 14745198 0 0 0 4 -41 0 15 -29 7 153 44 67 70 25 20 16 10 14 34 35 45 55 16 8 9 5 
14928500 14928522 0 0 0 -7 -56 0 2 -47 -4 142 50 65 55 25 20 16 10 14 34 35 45 55 16 8 8 5 
14981500 14981597 0 -1 7 46 5 52 56 17 47 193 38 90 96 25 20 16 10 14 34 35 45 55 16 10 12 5 
15095000 15095135 0 2 7 223 141 227 241 157 233 379 85 90 92 25 20 16 10 14 34 35 45 55 16 11 12 5 
15298500 15298678 0 -3 7 51 2 50 61 10 53 199 52 73 77 25 20 17 10 14 34 35 45 55 16 9 9 5 
15465000 15465104 0 0 0 5 -39 0 16 -29 8 154 46 70 78 25 20 17 10 14 34 35 45 55 16 9 9 5 
15641000 15641122 0 0 0 -16 -51 0 -8 -43 -17 129 34 69 78 25 20 16 10 15 35 35 45 55 16 9 9 5 
15696000 15696139 0 -1 7 36 -13 50 47 0 40 186 46 89 90 25 20 16 10 15 35 35 45 55 16 10 11 5 
15879000 15879175 0 2 7 293 211 302 304 224 298 444 81 82 88 25 20 16 10 15 35 35 45 55 16 10 9 5 
16308500 16308570 0 -3 7 52 -8 50 63 1 54 200 62 72 67 25 20 12 10 14 34 35 45 55 16 9 8 5 
16458500 16458536 0 0 0 7 -45 0 17 -35 9 155 52 68 68 25 20 12 10 14 34 35 45 55 16 8 8 5 
17133500 17134314 0 0 0 -6 -58 0 2 -56 -7 139 56 71 70 25 20 12 10 15 35 35 45 55 16 0 6 5 
17632500 17633177 0 0 0 -3 -65 0 9 -58 -1 145 67 67 60 25 20 12 10 14 34 35 45 55 16 6 2 5 
17692500 17693594 0 0 0 -2 -59 0 -2 -60 -10 136 57 86 71 25 20 12 10 14 34 35 45 55 16 2 6 5 
17713000 17713641 0 -1 7 48 -17 50 64 -4 55 201 67 78 68 25 20 12 10 14 34 35 45 55 16 4 6 5 
17766000 17766029 0 2 7 84 17 84 108 36 99 245 71 83 75 25 20 12 10 14 34 35 45 55 16 0 8 5 
17797500 17797530 0 -3 7 46 -17 47 51 -15 42 188 64 74 66 25 20 12 10 14 34 35 45 55 16 5 6 5 
17875000 17875155 0 -1 7 52 -5 50 68 10 59 205 58 91 82 25 20 12 10 14 34 35 45 55 16 8 7 5 
17907500 17908930 0 2 7 87 25 84 97 43 89 235 53 84 71 25 20 12 10 14 34 35 45 55 16 0 11 5 
17940500 17940611 0 -3 7 51 -13 48 59 -5 52 198 65 72 77 25 20 12 10 14 34 35 45 55 16 9 6 5 
17949000 17949081 0 -1 7 55 -9 52 40 -19 33 179 60 71 71 25 20 12 10 14 34 35 45 55 16 3 6 5 
17998000 17998185 0 2 7 144 82 140 154 92 146 292 62 79 93 25 20 12 10 14 34 35 45 55 16 10 10 5 
18023000 18023171 0 -3 7 54 -17 50 63 -7 56 202 71 76 70 25 20 12 10 14 34 35 45 55 16 10 3 5 
18046500 18046612 0 -1 7 55 -1 50 65 12 57 203 53 83 75 25 20 12 10 14 34 35 45 55 16 10 9 5 
18060500 18060559 0 2 7 160 95 154 163 99 154 300 64 81 69 25 20 12 10 14 34 35 45 55 16 4 7 5 
18072000 18072056 0 -3 7 54 -6 48 64 4 56 202 60 78 90 25 20 12 10 14 34 35 45 55 16 10 10 5 
18168500 18169453 0 0 0 7 -61 0 12 -60 4 150 72 67 69 25 20 12 10 14 34 35 45 55 16 1 6 5 
18296000 18296620 0 0 0 -7 -71 0 2 -66 -7 139 68 69 59 25 20 12 10 14 34 35 45 55 16 4 8 5 
18450000 18450337 0 0 0 16 -26 0 25 -15 17 163 40 67 60 25 20 12 10 15 35 35 45 55 16 1 5 5 
18570000 18570027 0 0 0 -15 -92 0 -4 -81 -15 131 74 73 82 25 20 12 10 13 33 35 45 55 16 9 9 5 
18651500 18652224 0 0 0 -13 -99 0 -5 -91 -13 133 88 64 67 25 20 12 10 13 33 35 45 55 16 2 3 5 
18858000 18858315 0 0 0 -1 -67 0 12 -53 4 150 66 75 74 25 20 13 10 14 34 35 45 55 16 6 9 5 
19113000 19113142 0 0 0 -2 -71 0 9 -59 0 146 67 70 91 25 20 13 10 13 33 35 45 55 16 9 9 5 
19620000 19620057 0 0 0 -10 -66 0 0 -57 -7 139 57 73 66 25 20 13 10 14 34 35 45 55 16 6 9 5 
20205000 20205163 0 0 0 -2 -72 0 2 -69 -7 139 70 72 72 25 20 13 10 14 34 35 45 55 16 9 7 5 
20415000 20416533 0 0 0 -17 -100 0 -5 -91 -14 132 85 70 65 25 20 16 10 13 33 35 45 55 16 0 6 5 
20565000 20565117 0 -1 7 46 -26 56 55 -18 45 191 71 95 90 25 20 14 10 14 34 35 45 55 16 7 9 5 
20744500 20744537 0 2 7 120 30 122 124 38 116 262 85 87 80 25 20 13 10 14 34 35 45 55 16 10 11 5 
20836000 20836796 0 -3 7 48 -28 45 47 -31 39 185 79 80 81 25 20 13 10 14 34 35 45 55 16 5 10 5 
21082500 21083822 0 0 0 13 -60 0 20 -51 10 156 71 71 66 25 20 14 10 14 34 35 45 55 16 3 6 5 
21135000 21135122 0 0 0 18 -57 0 27 -46 19 165 74 72 72 25 20 14 10 14 34 35 45 55 16 9 9 5 
21166500 21166613 0 0 0 -3 -63 0 6 -54 -2 144 61 84 79 25 20 14 10 14 34 35 45 55 16 11 11 5 
21174000 21174128 0 13 0 27 -25 6 34 -16 26 172 51 81 88 25 20 14 10 14 34 35 45 55 16 10 10 5 
21181500 21181676 0 0 0 46 -5 0 58 4 49 195 53 76 76 25 20 14 10 14 34 35 45 55 16 10 10 5 
21198500 21198669 0 0 0 50 -2 0 59 7 51 197 52 72 82 25 20 14 10 14 34 35 45 55 16 9 9 5 
21266000 21266182 0 0 0 43 -7 0 53 5 45 191 49 72 72 25 20 14 10 14 34 35 45 55 16 9 6 5 
21281000 21281078 0 0 0 44 -3 0 54 7 45 191 47 71 63 25 20 14 10 14 34 35 45 55 16 9 9 5 
21302000 21302153 0 0 0 -5 -53 0 7 -44 -1 145 49 84 85 25 20 14 10 14 34 35 45 55 16 9 8 5 
21315000 21315065 0 0 0 -8 -76 0 -1 -72 -8 138 72 80 81 25 20 14 10 14 34 35 45 55 16 9 7 5 
21348500 21348553 0 0 0 25 -49 0 33 -40 25 171 72 75 74 25 20 14 10 14 34 35 45 55 16 10 2 5 
21480000 21480136 0 0 0 7 -69 0 17 -59 9 155 75 72 71 25 20 14 10 14 34 35 45 55 16 6 9 5 
21540500 21540585 0 -1 7 62 -4 50 73 8 65 211 66 82 79 25 20 14 10 14 34 35 45 55 16 10 10 5 
21555000 21555630 0 2 7 121 51 108 126 59 119 265 67 77 75 25 20 14 10 14 34 35 45 55 16 4 10 5 
21568500 21568621 0 -3 7 61 -19 48 72 -12 63 209 83 83 84 25 20 14 10 14 34 35 45 55 16 10 7 5 
21701000 21701083 0 0 0 23 -54 0 30 -41 21 167 71 79 69 25 20 14 10 14 34 35 45 55 16 8 10 5 
21720500 21720675 0 -1 7 74 6 51 93 21 85 231 72 83 91 25 20 14 10 14 34 35 45 55 16 11 10 5 
21745000 21745157 0 2 7 123 50 100 132 58 123 269 74 77 76 25 20 14 10 14 34 35 45 55 16 10 10 5 
21749500 21749611 0 -3 7 72 0 49 79 12 70 216 67 78 83 25 20 14 10 14 34 35 45 55 16 10 9 5 
21813500 21813523 0 -1 7 74 -2 51 69 -1 59 205 67 91 89 25 20 14 10 14 34 35 45 55 16 6 4 5 
21888000 21888347 0 2 7 147 56 124 154 61 147 293 93 91 90 25 20 14 10 14 34 35 45 55 16 8 8 5 
21984500 21984640 0 -3 7 71 -17 48 82 -7 74 220 89 79 80 25 20 14 10 14 34 35 45 55 16 8 6 5 
22002000 22002258 0 -1 7 73 -16 50 62 -23 54 200 86 81 82 25 20 14 10 14 34 35 45 55 16 4 4 5 
22012500 22012562 0 2 7 184 96 161 197 103 189 335 96 80 78 25 20 14 10 14 34 35 45 55 16 4 10 5 
22030000 22030551 0 -3 7 70 2 47 74 -2 65 211 74 80 82 25 20 14 10 14 34 35 45 55 16 6 7 5 
22047000 22047424 0 -1 7 76 -7 53 91 9 82 228 81 89 88 25 20 14 10 14 34 35 45 55 16 4 8 5 
22080500 22080545 0 2 7 119 34 96 133 45 125 271 88 91 87 25 20 14 10 14 34 35 45 55 16 12 9 5 
75000 75145 1 0 0 1 -92 0 -2 -95 -2 -19 94 55 28 25 20 12 10 12 32 35 45 55 16 7 6 5 
197000 197155 1 0 0 -9 -76 0 -6 -74 -3 -20 70 60 63 25 20 12 10 13 33 35 45 55 16 7 8 5 
358000 358061 1 0 -1 0 -87 0 0 -87 0 -17 86 59 58 25 20 14 10 12 32 35 45 55 16 7 8 5 
474500 474701 1 0 0 -12 -108 0 -9 -107 -9 -26 97 59 59 25 20 13 10 12 32 35 45 55 16 8 7 5 
498500 498652 1 0 0 -36 -80 0 -40 -81 -38 -55 41 63 65 25 20 12 10 13 33 35 45 55 16 8 8 5 
521000 521147 1 0 0 -28 -84 0 -30 -86 -28 -45 56 62 64 25 20 12 10 13 33 35 45 55 16 8 8 5 
585000 585132 1 0 0 -35 -93 0 -40 -96 -37 -54 57 64 63 25 20 13 10 12 32 35 45 55 16 8 8 5 
605500 605563 1 0 0 10 -99 0 7 -101 7 -10 107 70 75 25 20 13 10 12 32 35 45 55 16 8 10 5 
626000 626061 1 0 0 -1 -97 0 2 -96 6 -11 99 66 70 25 20 13 10 12 32 35 45 55 16 8 8 5 
723500 723677 1 0 0 -12 -94 0 -12 -92 -10 -27 80 58 31 25 20 12 10 12 32 35 45 55 16 7 7 5 
961500 961673 1 0 0 -17 -90 0 -15 -92 -13 -30 78 63 67 25 20 12 10 13 33 35 45 55 16 7 4 5 
1062500 1062527 1 0 0 1 -75 0 -4 -79 -2 -19 76 64 64 25 20 12 10 13 33 35 45 55 16 8 8 5 
1113500 1113548 1 0 0 -1 -60 0 1 -59 4 -13 61 66 65 25 20 12 10 13 33 35 45 55 16 5 8 5 
1160500 1160683 1 0 0 -25 -120 0 -23 -118 -20 -37 96 73 80 25 20 12 10 13 33 35 45 55 16 9 10 5 
1307000 1307189 1 0 0 -8 -89 0 -8 -91 -6 -23 84 62 60 25 20 12 10 13 33 35 45 55 16 8 8 5 
1409000 1409026 1 0 0 -21 -111 0 -23 -113 -21 -38 91 63 64 25 20 15 10 13 33 35 45 55 16 8 8 5 
1657500 1657506 1 0 0 -29 -112 0 -27 -108 -26 -43 82 68 76 25 20 15 10 13 33 35 45 55 16 9 7 5 
1862500 1862595 1 0 0 -29 -125 0 -28 -125 -26 -43 98 67 67 25 20 15 10 13 33 35 45 55 16 9 8 5 
2046500 2046589 1 0 0 -34 -132 0 -37 -129 -36 -53 92 73 73 25 20 15 10 13 33 35 45 55 16 3 9 5 
2381000 2381124 1 0 0 -30 -136 0 -29 -137 -28 -45 107 72 71 25 20 15 10 13 33 35 45 55 16 9 9 5 
2411000 2411102 1 0 0 -34 -150 0 -31 -147 -29 -46 118 66 64 25 20 15 10 13 33 35 45 55 16 8 8 5 
2417000 2417079 1 13 0 -72 -185 -1 -76 -187 -74 -91 112 65 67 25 20 15 10 13 33 35 45 55 16 8 6 5 
2419000 2419460 1 0 0 -84 -193 0 -87 -196 -86 -103 110 66 66 25 20 15 10 13 33 35 45 55 16 5 8 5 
2469500 2469602 1 0 0 -100 -190 0 -100 -188 -97 -114 88 66 66 25 20 14 10 14 34 35 45 55 16 8 8 5 
2476000 5400203 1 13 0 -63 -148 -5 -71 -132 -67 -84 64 68 66 25 20 13 10 16 36 35 45 55 16 7 8 5 
2482500 2482674 1 0 0 -16 -106 0 -15 -102 -14 -31 88 74 77 25 20 14 10 14 34 35 45 55 16 9 6 5 
2522000 2522113 1 0 0 -37 -144 0 -28 -138 -26 -43 112 80 83 25 20 12 10 13 33 35 45 55 16 10 8 5 
2541500 2541565 1 0 0 -59 -168 0 -56 -163 -54 -71 106 72 75 25 20 13 10 13 33 35 45 55 16 9 9 5 
2544000 2544139 1 13 0 -92 -195 -10 -105 -203 -103 -120 99 69 82 25 20 13 10 13 33 35 45 55 16 9 9 5 
2547000 2547020 1 0 0 -109 -207 0 -116 -209 -114 -131 91 67 66 25 20 13 10 13 33 35 45 55 16 8 8 5 
2557500 2557718 1 0 0 -93 -199 0 -98 -205 -98 -115 106 68 68 25 20 14 10 13 33 35 45 55 16 9 9 5 
2561000 2561045 1 13 0 -61 -172 -3 -60 -172 -57 -74 113 70 70 25 20 14 10 13 33 35 45 55 16 9 9 5 
2564500 2564554 1 0 0 -23 -133 0 -20 -127 -17 -34 108 73 74 25 20 14 10 13 33 35 45 55 16 9 9 5 
2586000 2586204 1 0 0 -93 -193 0 -94 -193 -92 -109 99 68 68 25 20 15 10 13 33 35 45 55 16 9 9 5 
2609000 2609059 1 0 0 -16 -126 0 -17 -129 -13 -30 113 71 79 25 20 14 10 13 33 35 45 55 16 9 9 5 
2625000 2625214 1 0 0 -30 -137 0 -25 -129 -24 -41 104 68 70 25 20 14 10 13 33 35 45 55 16 9 8 5 
2629500 5400203 1 13 0 -50 -163 13 -71 -132 -67 -84 64 67 66 25 20 13 10 16 36 35 45 55 16 7 8 5 
2635500 2635526 1 0 0 -106 -202 0 -104 -199 -103 -120 96 67 67 25 20 14 10 13 33 35 45 55 16 8 8 5 
2644500 2644647 1 0 0 -105 -210 0 -102 -210 -100 -117 109 68 68 25 20 14 10 13 33 35 45 55 16 9 8 5 
2648000 2648209 1 13 0 -70 -181 -6 -69 -175 -67 -84 106 69 68 25 20 14 10 13 33 35 45 55 16 8 9 5 
2652500 2652697 1 0 0 -12 -128 0 -10 -126 -8 -25 116 70 70 25 20 14 10 13 33 35 45 55 16 9 9 5 
2688000 2688208 1 0 0 -29 -145 0 -30 -145 -27 -44 116 69 69 25 20 14 10 13 33 35 45 55 16 9 8 5 
2702500 2702681 1 0 0 -35 -147 0 -31 -143 -29 -46 112 68 69 25 20 14 10 13 33 35 45 55 16 9 9 5 
2706500 2706688 1 0 0 -33 -153 0 -33 -156 -33 -50 123 68 70 25 20 14 10 13 33 35 45 55 16 8 9 5 
2710500 2710626 1 0 0 -29 -140 0 -24 -133 -22 -39 110 69 70 25 20 14 10 13 33 35 45 55 16 9 9 5 
2714000 2714150 1 13 0 -82 -186 -16 -87 -190 -83 -100 107 68 67 25 20 14 10 13 33 35 45 55 16 8 9 5 
2718500 2718588 1 0 0 -114 -205 0 -115 -206 -113 -130 90 67 67 25 20 14 10 13 33 35 45 55 16 9 8 5 
2733500 2733523 1 0 0 -90 -191 0 -95 -197 -93 -110 101 68 68 25 20 14 10 13 33 35 45 55 16 9 9 5 
2735000 2735075 1 13 0 -70 -174 3 -67 -175 -63 -80 109 69 68 25 20 14 10 13 33 35 45 55 16 9 9 5 
2737500 2737648 1 0 0 -45 -151 0 -33 -138 -32 -49 104 69 69 25 20 14 10 13 33 35 45 55 16 9 9 5 
2749500 2749616 1 0 0 -46 -154 0 -48 -156 -46 -63 109 69 69 25 20 14 10 13 33 35 45 55 16 9 9 5 
2762000 2762013 1 0 0 -27 -137 0 -29 -138 -26 -43 111 72 77 25 20 14 10 13 33 35 45 55 16 7 6 5 
2766500 2766708 1 13 0 -67 -167 -5 -65 -166 -63 -80 101 68 68 25 20 14 10 13 33 35 45 55 16 9 7 5 
2774000 2774101 1 0 0 -120 -194 0 -123 -196 -121 -138 73 67 68 25 20 14 10 13 33 35 45 55 16 8 8 5 
2787000 2787001 1 0 0 -109 -203 0 -108 -205 -105 -122 96 67 68 25 20 14 10 13 33 35 45 55 16 8 9 5 
2790500 2790561 1 13 0 -79 -178 5 -80 -180 -78 -95 100 68 68 25 20 14 10 13 33 35 45 55 16 9 9 5 
2795500 2795611 1 0 0 -48 -152 0 -47 -151 -46 -63 104 68 67 25 20 14 10 13 33 35 45 55 16 9 9 5 
2802000 5400203 1 0 0 -82 -190 0 -71 -132 -67 -84 64 68 66 25 20 13 10 16 36 35 45 55 16 7 8 5 
2812500 2812604 1 0 0 -99 -188 0 -96 -184 -94 -111 88 68 68 25 20 14 10 14 34 35 45 55 16 9 9 5 
2878000 2878218 1 0 0 -102 -189 0 -98 -189 -97 -114 90 67 67 25 20 14 10 14 34 35 45 55 16 6 8 5 
2883000 5400203 1 13 0 -66 -155 -7 -71 -132 -67 -84 64 68 66 25 20 13 10 16 36 35 45 55 16 7 8 5 
2887500 2887632 1 0 0 -19 -107 0 -15 -101 -13 -30 86 71 70 25 20 14 10 14 34 35 45 55 16 9 9 5 
2898500 2898577 1 0 0 -8 -122 0 -5 -122 -5 -22 115 66 72 25 20 14 10 13 33 35 45 55 16 7 8 5 
2909000 2909093 1 0 0 -27 -133 0 -19 -126 -17 -34 107 75 80 25 20 14 10 13 33 35 45 55 16 10 7 5 
3091000 3091048 1 0 0 -20 -109 0 -21 -110 -18 -35 90 72 74 25 20 14 10 14 34 35 45 55 16 9 9 5 
3240000 3240131 1 0 0 -31 -140 0 -33 -144 -32 -49 111 68 64 25 20 14 10 13 33 35 45 55 16 9 8 5 
3247000 3247011 1 0 0 -24 -125 0 -28 -129 -27 -44 100 70 71 25 20 14 10 13 33 35 45 55 16 9 9 5 
3265000 3265165 1 0 0 -20 -117 0 -22 -120 -22 -39 97 74 79 25 20 14 10 13 33 35 45 55 16 9 6 5 
3284000 3284092 1 0 0 -23 -132 0 -19 -128 -16 -33 109 69 67 25 20 14 10 13 33 35 45 55 16 9 9 5 
3329000 3329102 1 0 0 -26 -145 0 -29 -151 -27 -44 122 70 72 25 20 14 10 13 33 35 45 55 16 9 4 5 
3585000 3585174 1 0 0 -25 -108 0 -22 -102 -20 -37 81 78 67 25 20 14 10 14 34 35 45 55 16 9 10 5 
3609500 3609538 1 0 0 -71 -144 0 -62 -138 -60 -77 77 67 64 25 20 14 10 14 34 35 45 55 16 8 8 5 
3625500 3625687 1 0 0 -68 -146 0 -69 -146 -67 -84 78 68 67 25 20 14 10 14 34 35 45 55 16 8 9 5 
3633000 3633049 1 0 0 -93 -171 -15 -107 -183 -106 -123 75 67 66 25 20 14 10 14 34 35 45 55 16 8 8 5 
3640000 3640444 1 13 0 -64 -139 -13 -59 -132 -57 -74 73 71 70 25 20 14 10 14 34 35 45 55 16 6 9 5 
3644000 3644169 1 0 0 -26 -107 0 -23 -104 -22 -39 81 71 70 25 20 14 10 14 34 35 45 55 16 9 9 5 
3671000 3671141 1 0 0 -21 -126 0 -19 -125 -18 -35 105 71 71 25 20 14 10 13 33 35 45 55 16 9 9 5 
3686000 3686110 1 0 0 -74 -163 0 -64 -152 -63 -80 88 68 67 25 20 14 10 13 33 35 45 55 16 5 9 5 
3705000 3705058 1 0 0 -77 -178 0 -77 -179 -78 -95 102 69 70 25 20 14 10 13 33 35 45 55 16 8 9 5 
3980500 3980708 1 0 0 -77 -157 0 -86 -166 -83 -100 80 67 70 25 20 15 10 14 34 35 45 55 16 8 8 5 
4177500 4177508 1 0 0 -79 -160 0 -76 -156 -75 -92 79 67 66 25 20 14 10 14 34 35 45 55 16 8 8 5 
4193500 4194097 1 0 0 -37 -100 0 -38 -108 -36 -53 71 76 77 25 20 14 10 14 34 35 45 55 16 3 10 5 
4466000 4466021 1 0 0 -50 -118 0 -48 -115 -46 -63 67 71 70 25 20 14 10 14 34 35 45 55 16 9 9 5 
4511000 4511036 1 0 0 -44 -110 0 -47 -114 -48 -65 67 71 69 25 20 14 10 14 34 35 45 55 16 9 9 5 
4684500 4684623 1 0 0 -25 -110 0 -25 -108 -23 -40 84 69 68 25 20 13 10 14 34 35 45 55 16 9 6 5 
4974500 4974641 1 0 0 -12 -89 0 -10 -85 -9 -26 76 76 76 25 20 15 10 14 34 35 45 55 16 9 10 5 
5075500 5075570 1 0 0 -19 -88 0 -18 -84 -15 -32 68 70 84 25 20 13 10 14 34 35 45 55 16 9 9 5 
5193500 5193548 1 0 0 -20 -87 0 -21 -86 -20 -37 64 66 63 25 20 12 10 15 35 35 45 55 16 8 8 5 
5253000 5253059 1 0 0 -76 -140 0 -82 -144 -80 -97 63 66 67 25 20 13 10 15 35 35 45 55 16 8 8 5 
5441000 5441766 1 0 0 -76 -147 0 -72 -144 -70 -87 73 68 67 25 20 13 10 15 35 35 45 55 16 6 9 5 
5453500 5453607 1 0 0 -27 -68 0 -25 -63 -25 -42 37 74 65 25 20 13 10 15 35 35 45 55 16 6 8 5 
5467500 5467647 1 0 0 -33 -93 0 -31 -92 -30 -47 62 74 59 25 20 13 10 15 35 35 45 55 16 9 9 5 
5570500 5570502 1 0 0 -48 -127 0 -53 -132 -51 -68 80 70 69 25 20 13 10 14 34 35 45 55 16 9 8 5 
5589500 5589535 1 0 0 -81 -142 0 -81 -139 -80 -97 58 66 69 25 20 13 10 14 34 35 45 55 16 7 8 5 
5827500 5827755 1 0 0 -89 -165 0 -81 -154 -80 -97 73 65 68 25 20 13 10 14 34 35 45 55 16 5 8 5 
5904500 5904623 1 0 0 -59 -129 0 -52 -123 -50 -67 72 68 65 25 20 12 10 14 34 35 45 55 16 9 9 5 
5977500 5977584 1 0 0 -60 -110 0 -55 -101 -53 -70 47 72 80 25 20 12 10 14 34 35 45 55 16 2 7 5 
6043500 6043672 1 0 0 -61 -135 0 -71 -145 -69 -86 73 66 65 25 20 13 10 14 34 35 45 55 16 8 8 5 
6063500 6063527 1 0 0 -22 -87 0 -18 -86 -17 -34 67 68 58 25 20 13 10 14 34 35 45 55 16 9 8 5 
6141500 6141671 1 0 0 -78 -148 0 -75 -146 -74 -91 71 62 65 25 20 14 10 14 34 35 45 55 16 7 7 5 
6163000 6163043 1 0 0 -13 -83 0 -10 -83 -9 -26 74 66 69 25 20 14 10 14 34 35 45 55 16 7 8 5 
6176000 6176046 1 0 0 -72 -132 0 -81 -142 -78 -95 62 64 64 25 20 14 10 14 34 35 45 55 16 8 8 5 
6189500 6189723 1 0 0 -51 -119 0 -49 -119 -48 -65 68 66 69 25 20 16 10 14 34 35 45 55 16 8 8 5 
6205500 6205592 1 0 0 -104 -159 0 -100 -155 -97 -114 56 63 62 25 20 14 10 15 35 35 45 55 16 7 8 5 
6219000 6219115 1 0 0 -109 -173 0 -101 -166 -100 -117 65 64 65 25 20 13 10 15 35 35 45 55 16 7 7 5 
6224500 6225164 1 13 0 -12 -57 9 15 -19 16 -1 33 71 79 25 20 12 10 15 35 35 45 55 16 2 5 5 
6227500 6227713 1 0 0 27 -18 0 31 -8 33 16 38 71 74 25 20 12 10 15 35 35 45 55 16 7 1 5 
6232000 6232092 1 0 0 43 -25 0 57 -15 58 41 72 70 78 25 20 12 10 15 35 35 45 55 16 4 6 5 
6236000 6236078 1 13 0 16 -37 1 -9 -51 -6 -23 42 71 69 25 20 12 10 15 35 35 45 55 16 5 9 5 
6238500 6238607 1 0 0 -19 -70 0 -8 -63 -6 -23 56 70 62 25 20 12 10 15 35 35 45 55 16 9 9 5 
6244500 6244570 1 0 0 -44 -103 0 -38 -99 -36 -53 61 68 68 25 20 13 10 15 35 35 45 55 16 8 8 5 
6276000 6276194 1 0 0 -19 -65 0 -18 -64 -16 -33 46 64 63 25 20 14 10 15 35 35 45 55 16 8 8 5 
6294500 6294530 1 0 0 -105 -162 0 -106 -166 -103 -120 60 64 63 25 20 14 10 15 35 35 45 55 16 8 8 5 
6312000 6312211 1 0 0 -97 -155 0 -93 -152 -91 -108 59 64 63 25 20 14 10 15 35 35 45 55 16 8 8 5 
6315000 6315034 1 13 0 -86 -147 -20 -94 -157 -93 -110 64 64 63 25 20 14 10 15 35 35 45 55 16 8 8 5 
6320000 6320211 1 0 0 -15 -75 0 -13 -71 -11 -28 58 64 64 25 20 14 10 15 35 35 45 55 16 8 8 5 
6339500 6339626 1 0 0 -21 -75 0 -19 -72 -18 -35 54 65 64 25 20 14 10 15 35 35 45 55 16 8 8 5 
6351000 6351145 1 0 0 -16 -61 0 -8 -49 -6 -23 42 72 71 25 20 14 10 15 35 35 45 55 16 7 4 5 
6363500 6363511 1 0 0 1 -48 0 2 -46 3 -14 48 68 70 25 20 14 10 15 35 35 45 55 16 6 9 5 
6467000 6467066 1 0 0 -15 -64 0 -17 -64 -17 -34 46 67 68 25 20 13 10 16 36 35 45 55 16 8 8 5 
6590500 6590725 1 0 0 -11 -80 0 -8 -78 -5 -22 70 64 63 25 20 13 10 14 34 35 45 55 16 8 8 5 
7083500 7083597 1 0 0 1 -74 0 3 -76 4 -13 78 66 64 25 20 13 10 14 34 35 45 55 16 8 8 5 
7188500 7188668 1 0 0 18 -50 0 22 -47 24 7 69 65 63 25 20 14 10 14 34 35 45 55 16 8 8 5 
7198000 7198012 1 0 0 32 -46 0 34 -47 36 19 82 71 65 25 20 14 10 14 34 35 45 55 16 6 8 5 
7203000 7203172 1 13 0 15 -49 17 21 -46 21 4 64 68 85 25 20 14 10 14 34 35 45 55 16 8 8 5 
7208500 7208507 1 0 0 -39 -105 0 -45 -115 -42 -59 70 62 63 25 20 14 10 14 34 35 45 55 16 8 8 5 
7222500 7222500 1 0 0 -32 -104 0 -30 -104 -26 -43 76 61 63 25 20 14 10 14 34 35 45 55 16 8 7 5 
7320000 7320110 1 0 0 -65 -132 0 -71 -137 -68 -85 68 62 65 25 20 14 10 14 34 35 45 55 16 8 7 5 
7328500 7328695 1 0 0 -75 -144 0 -78 -147 -77 -94 68 62 62 25 20 14 10 14 34 35 45 55 16 8 8 5 
7335000 7335041 1 13 0 3 -61 48 9 -50 12 -5 61 68 65 25 20 14 10 14 34 35 45 55 16 9 6 5 
7341500 7341683 1 0 0 -16 -84 0 -17 -85 -13 -30 69 72 83 25 20 14 10 14 34 35 45 55 16 9 9 5 
7387000 7387077 1 0 0 11 -66 0 12 -65 13 -4 77 67 67 25 20 15 10 14 34 35 45 55 16 9 8 5 
7522500 7522528 1 0 0 -7 -92 0 -7 -92 -6 -23 85 67 64 25 20 18 10 13 33 35 45 55 16 9 8 5 
7652500 7652689 1 0 0 -3 -64 0 -3 -63 -1 -18 60 65 62 25 20 18 10 13 33 35 45 55 16 8 8 5 
7661000 7661015 1 0 0 5 -81 0 5 -79 7 -10 84 63 62 25 20 18 10 13 33 35 45 55 16 8 8 5 
7684000 7684019 1 0 0 0 -83 0 -17 -95 -16 -33 77 72 73 25 20 18 10 13 33 35 45 55 16 8 10 5 
7697500 7697510 1 0 0 -11 -79 0 -18 -84 -14 -31 68 70 62 25 20 18 10 13 33 35 45 55 16 9 9 5 
7718500 7718674 1 0 0 0 -64 0 1 -65 3 -14 65 63 61 25 20 18 10 13 33 35 45 55 16 8 8 5 
7850500 7850631 1 0 0 10 -54 0 10 -53 12 -5 63 64 70 25 20 18 10 14 34 35 45 55 16 8 8 5 
7942500 7942654 1 -1 7 -48 -74 -56 -68 -85 -66 -83 19 82 99 25 20 18 10 15 35 35 45 55 16 7 7 5 
8088000 8088157 1 2 7 -100 -157 -106 -110 -165 -108 -125 55 86 99 25 20 16 10 13 33 35 45 55 16 8 6 5 
8188000 8188025 1 -3 7 -44 -100 -49 -54 -104 -52 -69 50 76 87 25 20 16 10 14 34 35 45 55 16 9 7 5 
8621000 8621191 1 0 0 -1 -43 0 -1 -45 1 -16 45 62 61 25 20 12 10 14 34 35 45 55 16 8 8 5 
9180000 9180238 1 0 0 -7 -62 0 -10 -63 -9 -26 52 61 60 25 20 16 10 13 33 35 45 55 16 6 8 5 
9420000 9420195 1 0 0 -1 -68 0 1 -68 2 -15 69 62 59 25 20 11 10 13 33 35 45 55 16 8 7 5 
9502500 9502567 1 0 0 -38 -102 0 -36 -101 -35 -52 65 63 60 25 20 12 10 14 34 35 45 55 16 8 8 5 
9858500 9858647 1 0 0 -51 -115 0 -55 -120 -53 -70 65 64 60 25 20 14 10 14 34 35 45 55 16 8 8 5 
10325500 10325568 1 0 0 -55 -120 0 -52 -117 -51 -68 65 62 60 25 20 13 10 14 34 35 45 55 16 8 8 5 
10472000 10472284 1 0 0 -33 -93 0 -17 -79 -16 -33 62 62 60 25 20 13 10 14 34 35 45 55 16 5 6 5 
10509500 10509651 1 0 0 2 -64 0 3 -62 6 -11 64 63 63 25 20 13 10 14 34 35 45 55 16 8 8 5 
10912500 10912505 1 0 0 -4 -67 0 -2 -67 0 -17 65 72 79 25 20 13 10 14 34 35 45 55 16 9 9 5 
11171000 11171164 1 0 0 -4 -60 0 -4 -62 -2 -19 58 75 60 25 20 13 10 14 34 35 45 55 16 10 9 5 
11490000 11490130 1 0 0 -1 -63 0 1 -62 3 -14 64 65 65 25 20 16 10 14 34 35 45 55 16 8 8 5 
11767500 11767752 1 0 0 -7 -68 0 -6 -67 -3 -20 62 65 64 25 20 17 10 14 34 35 45 55 16 8 8 5 
11812500 11812574 1 0 0 0 -46 0 6 -41 8 -9 45 71 89 25 20 17 10 14 34 35 45 55 16 9 9 5 
11853500 11853523 1 0 0 0 -38 0 -2 -37 -1 -18 34 67 81 25 20 17 10 14 34 35 45 55 16 8 8 5 
11911000 11911201 1 0 0 18 -31 0 19 -29 20 3 48 68 66 25 20 16 10 14 34 35 45 55 16 9 9 5 
12011000 12011202 1 0 0 11 -45 0 11 -49 12 -5 59 67 75 25 20 15 10 13 33 35 45 55 16 8 9 5 
12063500 12063581 1 0 0 9 -64 0 8 -64 8 -9 70 82 94 25 20 15 10 13 33 35 45 55 16 10 9 5 
12285000 12285220 1 0 0 4 -59 0 9 -57 11 -6 65 67 64 25 20 15 10 13 33 35 45 55 16 8 8 5 
12521000 12521221 1 0 0 -3 -65 0 -6 -66 -3 -20 61 70 83 25 20 15 10 13 33 35 45 55 16 8 8 5 
12804500 12804639 1 0 0 2 -66 0 6 -60 7 -10 65 72 86 25 20 15 10 13 33 35 45 55 16 9 9 5 
13155000 13155098 1 0 0 17 -35 0 24 -28 26 9 52 74 86 25 20 15 10 14 34 35 45 55 16 9 9 5 
13931000 13931170 1 0 0 6 -52 0 8 -51 10 -7 59 68 69 25 20 17 10 14 34 35 45 55 16 9 5 5 
14118500 14118637 1 0 0 1 -49 0 -5 -55 -1 -18 52 68 71 25 20 16 10 14 34 35 45 55 16 7 8 5 
14746000 14746050 1 0 0 9 -61 0 7 -61 8 -9 69 69 70 25 20 16 10 14 34 35 45 55 16 8 9 5 
14923000 14923242 1 0 0 25 -39 0 27 -38 29 12 66 67 77 25 20 16 10 14 34 35 45 55 16 8 8 5 
15412500 15412517 1 0 0 3 -49 0 3 -47 5 -12 51 71 64 25 20 17 10 14 34 35 45 55 16 9 9 5 
15667500 15667647 1 0 0 19 -37 0 18 -37 20 3 54 77 66 25 20 16 10 15 35 35 45 55 16 9 9 5 
15742000 15742640 1 -1 7 -31 -63 -51 -61 -86 -58 -75 27 89 76 25 20 16 10 15 35 35 45 55 16 4 7 5 
15864500 15864992 1 2 7 -94 -141 -118 -94 -150 -92 -109 56 95 97 25 20 16 10 15 35 35 45 55 16 8 8 5 
15930000 15930045 1 -3 7 -24 -61 -49 -35 -67 -34 -51 31 91 92 25 20 15 10 15 35 35 45 55 16 7 9 5 
16458500 16458536 1 0 0 37 -36 0 39 -33 41 24 72 68 68 25 20 12 10 14 34 35 45 55 16 8 8 5 
17152500 17152642 1 0 0 40 -13 0 41 -11 44 27 53 70 73 25 20 12 10 15 35 35 45 55 16 4 9 5 
17647500 17648320 1 0 0 35 -27 0 36 -26 38 21 62 72 66 25 20 12 10 14 34 35 45 55 16 3 6 5 
18176000 18176293 1 0 0 37 -33 0 38 -32 41 24 70 69 65 25 20 12 10 14 34 35 45 55 16 4 6 5 
18307500 18307680 1 0 0 39 -28 0 41 -27 43 26 67 69 77 25 20 12 10 14 34 35 45 55 16 7 7 5 
18450000 18450337 1 0 0 35 1 0 37 2 39 22 35 67 60 25 20 12 10 15 35 35 45 55 16 1 5 5 
18574500 18574526 1 0 0 40 -33 0 41 -32 43 26 73 71 59 25 20 12 10 13 33 35 45 55 16 9 9 5 
18652500 18653345 1 0 0 39 -34 0 44 -24 46 29 68 64 65 25 20 12 10 13 33 35 45 55 16 2 3 5 
18857000 18857141 1 0 0 20 -41 0 18 -43 21 4 62 76 70 25 20 13 10 14 34 35 45 55 16 10 6 5 
19115500 19115546 1 0 0 30 -39 0 31 -39 32 15 70 70 82 25 20 13 10 13 33 35 45 55 16 9 9 5 
19633000 19633054 1 0 0 40 -26 0 41 -24 44 27 66 72 73 25 20 13 10 14 34 35 45 55 16 9 9 5 
20193500 20193677 1 0 0 27 -36 0 27 -36 29 12 64 73 68 25 20 13 10 14 34 35 45 55 16 7 5 5 
20426000 20426186 1 0 0 14 -57 0 16 -53 16 -1 68 69 70 25 20 15 10 13 33 35 45 55 16 9 3 5 
21067500 21067595 1 0 0 21 -57 0 22 -58 24 7 80 75 73 25 20 14 10 14 34 35 45 55 16 9 6 5 
21199000 21199089 1 0 0 22 -30 0 22 -32 26 9 55 72 71 25 20 14 10 14 34 35 45 55 16 9 9 5 
21266000 21266182 1 0 0 25 -29 0 26 -29 28 11 56 72 72 25 20 14 10 14 34 35 45 55 16 9 6 5 
21280000 21280056 1 0 0 34 -18 0 33 -18 35 18 51 71 70 25 20 14 10 14 34 35 45 55 16 7 9 5 
21348500 21348553 1 0 0 20 -42 0 21 -41 23 6 61 75 74 25 20 14 10 14 34 35 45 55 16 10 2 5 
21481000 21481174 1 0 0 27 -50 0 27 -50 30 13 78 72 73 25 20 14 10 14 34 35 45 55 16 9 8 5 
21699500 21699619 1 0 0 24 -45 0 27 -43 28 11 70 78 74 25 20 14 10 14 34 35 45 55 16 9 8 5 
