101000 101104 0 0 0 -1 -1 0 -7 -7 -4 -21 1 88 88 25 20 17 10 11 31 35 45 55 16 11 11 5 
157500 157536 0 0 0 0 5 0 -1 2 1 -16 -2 91 96 25 20 17 10 11 31 35 45 55 16 11 12 5 
189500 189558 0 0 0 5 6 0 4 5 5 -12 -2 96 94 25 20 16 10 10 30 35 45 55 16 12 12 5 
532500 532560 0 0 0 9 20 0 19 26 21 4 -8 92 93 25 20 16 10 10 30 35 45 55 16 11 11 5 
632000 632088 0 0 0 -4 8 0 -6 6 -5 -22 -13 88 88 25 20 16 10 10 30 35 45 55 16 7 11 5 
872000 872010 0 0 0 -4 4 0 -3 2 -3 -20 -7 87 90 25 20 16 10 12 32 35 45 55 16 11 11 5 
1314500 1314638 0 0 0 1 7 0 3 9 5 -12 -7 92 94 25 20 17 10 11 31 35 45 55 16 10 11 5 
1884500 1884548 0 0 0 -14 -4 0 -13 -4 -10 -27 -9 88 90 25 20 17 10 11 31 35 45 55 16 11 11 5 
2602500 2602647 0 0 0 0 7 0 -4 4 -2 -19 -7 88 89 25 20 16 10 11 31 35 45 55 16 11 11 5 
2996000 2996088 0 0 0 -15 -8 -6 -18 -10 -15 -32 -7 84 82 25 20 16 10 12 32 35 45 55 16 11 11 5 
3011000 3011309 0 0 0 -8 0 0 -16 -4 -14 -31 -12 92 88 25 20 17 10 12 32 35 45 55 16 8 12 5 
3047000 3047139 0 0 0 -15 -6 0 -14 -6 -12 -29 -9 83 87 25 20 17 10 13 33 35 45 55 16 11 10 5 
3227000 3227053 0 0 0 -8 -3 0 -8 -4 -7 -24 -5 81 78 25 20 17 10 13 33 35 45 55 16 10 10 5 
3506000 3506094 0 0 0 -7 -2 0 -9 -4 -10 -27 -5 83 81 25 20 17 10 13 33 35 45 55 16 10 10 5 
3536000 3536094 0 0 0 -17 -16 0 -18 -17 -15 -32 -2 79 83 25 20 17 10 13 33 35 45 55 16 10 10 5 
3918500 3918644 0 0 0 -6 -1 0 -9 -3 -6 -23 -5 79 80 25 20 16 10 13 33 35 45 55 16 10 10 5 
4473500 4473652 0 0 0 5 7 0 2 3 4 -13 0 74 74 25 20 16 10 14 34 35 45 55 16 9 9 5 
4522500 4522502 0 0 0 10 11 0 9 10 11 -6 -1 74 75 25 20 16 10 14 34 35 45 55 16 9 9 5 
4982000 4982143 0 0 0 0 5 0 -3 2 1 -16 -5 71 76 25 20 17 10 13 33 35 45 55 16 7 9 5 
5623000 5623165 0 0 0 -11 -11 0 -13 -11 -11 -28 -1 71 68 25 20 16 10 13 33 35 45 55 16 9 9 5 
5979500 5979560 0 0 0 -3 1 0 -7 0 -3 -20 -5 68 67 25 20 16 10 13 33 35 45 55 16 8 9 5 
6020500 6020600 0 0 0 -8 -7 0 -10 -10 -9 -26 -2 78 80 25 20 16 10 13 33 35 45 55 16 10 10 5 
6069500 6069697 0 0 0 -4 -2 0 -4 -3 -2 -19 -1 72 74 25 20 16 10 13 33 35 45 55 16 8 9 5 
6712500 6712679 0 0 0 -2 -1 0 -7 -6 -5 -22 -1 75 76 25 20 16 10 12 32 35 45 55 16 9 9 5 
6774500 6774577 0 0 0 -17 -5 0 -17 -8 -17 -34 -11 65 64 25 20 16 10 12 32 35 45 55 16 8 8 5 
7203500 7203554 0 0 -1 0 7 0 -1 7 0 -17 -8 70 67 25 20 16 10 12 32 35 45 55 16 9 8 5 
7404500 7404710 0 0 0 -13 -4 0 -12 -4 -10 -27 -8 66 65 25 20 16 10 12 32 35 45 55 16 8 8 5 
7451000 7451032 0 0 0 -9 -3 0 -11 -4 -10 -27 -7 67 64 25 20 16 10 12 32 35 45 55 16 6 8 5 
7862000 7862185 0 0 0 -11 -1 0 -13 -3 -12 -29 -12 65 66 25 20 17 10 12 32 35 45 55 16 8 8 5 
8282000 8282124 0 0 0 3 6 0 -1 3 1 -16 -4 65 66 25 20 17 10 13 33 35 45 55 16 8 8 5 
8548000 8548227 0 0 0 -16 -11 0 -19 -16 -18 -35 -5 66 64 25 20 17 10 13 33 35 45 55 16 8 9 5 
9264500 9264672 0 0 0 -12 1 0 -14 0 -10 -27 -14 65 66 25 20 17 10 12 32 35 45 55 16 8 7 5 
9748000 9748011 0 0 0 -15 -5 0 -16 -7 -13 -30 -8 66 69 25 20 16 10 12 32 35 45 55 16 8 8 5 
10440000 10440090 0 0 0 -14 0 0 -18 -3 -17 -34 -16 64 65 25 20 16 10 13 33 35 45 55 16 8 8 5 
10607000 10607150 0 0 0 2 10 0 1 9 2 -15 -8 71 66 25 20 16 10 13 33 35 45 55 16 8 6 5 
11079500 11079683 0 0 0 -7 5 0 -9 4 -6 -23 -11 64 66 25 20 16 10 13 33 35 45 55 16 8 7 5 
11570500 11570591 0 0 0 -12 -2 0 -12 -4 -11 -28 -10 65 64 25 20 16 10 13 33 35 45 55 16 8 8 5 
12155500 12155713 0 0 0 -10 -1 0 -13 -3 -11 -28 -9 65 64 25 20 16 10 13 33 35 45 55 16 7 8 5 
13140000 13140150 0 0 0 -20 -15 0 -24 -18 -21 -38 -4 84 85 25 20 17 10 11 31 35 45 55 16 11 11 5 
14058500 14058661 0 0 0 -20 -8 0 -22 -11 -17 -34 -9 88 87 25 20 16 10 11 31 35 45 55 16 11 10 5 
14934500 14934529 0 0 0 -6 10 0 -11 6 -9 -26 -16 89 77 25 20 17 10 10 30 35 45 55 16 10 10 5 
16083500 16083640 0 0 0 -21 -9 0 -23 -11 -22 -39 -13 82 87 25 20 16 10 12 32 35 45 55 16 10 10 5 
18326000 18326131 0 0 0 12 15 0 7 12 10 -7 -5 88 84 25 20 16 10 13 33 35 45 55 16 11 11 5 
18568000 18568063 0 0 0 11 12 0 9 9 12 -5 0 86 90 25 20 16 10 13 33 35 45 55 16 11 11 5 
19275000 19275151 0 0 0 8 10 0 7 9 9 -8 -3 76 77 25 20 16 10 13 33 35 45 55 16 10 10 5 
20649500 20649558 0 0 0 -4 2 0 -6 0 -5 -22 -7 88 86 25 20 17 10 12 32 35 45 55 16 11 9 5 
20829500 20829615 0 0 0 -4 1 0 -6 -1 -6 -23 -7 93 94 25 20 17 10 11 31 35 45 55 16 12 12 5 
21828500 21828519 0 0 0 -6 5 0 -8 3 -7 -24 -13 89 91 25 20 17 10 10 30 35 45 55 16 11 11 5 
22166000 22166253 0 0 0 -2 8 0 -14 -2 -11 -28 -10 88 88 25 20 17 10 11 31 35 45 55 16 10 11 5 
22436000 22436138 0 0 0 -12 4 0 -11 3 -9 -26 -15 87 87 25 20 17 10 11 31 35 45 55 16 10 11 5 
22708000 22708148 0 0 0 -5 2 0 -6 1 -5 -22 -8 93 102 25 20 17 10 11 29 35 45 55 16 12 11 5 
23068000 23068038 0 0 0 -15 -3 0 -18 -6 -16 -33 -14 86 89 25 20 17 10 11 31 35 45 55 16 11 11 5 
23147000 23147193 0 0 0 -16 -3 0 -20 -7 -19 -36 -14 79 76 25 20 17 10 11 31 35 45 55 16 10 8 5 
23407500 23407527 0 0 0 -27 -15 0 -29 -17 -27 -44 -11 83 86 25 20 18 10 12 32 35 45 55 16 11 11 5 
23797500 23797628 0 0 0 -14 -4 0 -16 -3 -14 -31 -14 86 88 25 20 16 10 13 33 35 45 55 16 8 10 5 
24883000 24883166 0 0 0 -16 -10 0 -18 -12 -16 -33 -7 84 88 25 20 17 10 9 29 35 45 55 16 11 10 5 
25166000 25166128 0 0 0 -12 -5 0 -14 -7 -12 -29 -8 90 89 25 20 18 10 11 31 35 45 55 16 11 12 5 
25955500 25955574 0 0 0 -19 -8 0 -21 -8 -21 -38 -15 74 71 25 20 17 10 10 30 35 45 55 16 4 9 5 
26040000 26040137 0 0 0 -16 5 0 -16 7 -13 -30 -23 73 72 25 20 17 10 10 30 35 45 55 16 7 9 5 
26668000 26668176 0 0 0 -17 -17 0 -17 -20 -14 -31 4 80 80 25 20 17 10 12 32 35 45 55 16 10 9 5 
26872500 26872668 0 0 0 -27 -18 0 -29 -20 -28 -45 -10 74 74 25 20 17 10 12 32 35 45 55 16 9 10 5 
26987000 26987083 0 0 0 -22 -12 0 -24 -15 -21 -38 -9 86 84 25 20 17 10 13 33 35 45 55 16 10 10 5 
27371000 27371023 0 0 0 -9 3 0 -12 0 -11 -28 -13 68 66 25 20 16 10 14 34 35 45 55 16 8 9 5 
28342500 28342625 0 0 0 0 5 0 -3 2 -2 -19 -6 67 68 25 20 16 10 13 33 35 45 55 16 8 9 5 
28942500 28942663 0 0 0 1 6 0 -3 4 0 -17 -8 68 66 25 20 16 10 13 33 35 45 55 16 9 8 5 
29544500 29544675 0 0 0 4 7 0 4 5 7 -10 0 67 68 25 20 17 10 13 33 35 45 55 16 8 8 5 
30013000 30013159 0 0 0 -3 1 0 -8 -2 -7 -24 -7 73 75 25 20 17 10 13 33 35 45 55 16 9 9 5 
30080500 30080667 0 0 0 -19 -9 0 -22 -11 -20 -37 -10 67 68 25 20 17 10 13 33 35 45 55 16 8 9 5 
30298000 30298163 0 0 0 -13 -2 0 -14 -2 -13 -30 -12 66 66 25 20 17 10 12 32 35 45 55 16 8 8 5 
30350500 30350735 0 0 0 -19 -5 0 -21 -8 -19 -36 -12 65 67 25 20 17 10 12 32 35 45 55 16 8 8 5 
30975000 30975048 0 0 0 -20 -7 0 -25 -10 -23 -40 -15 69 67 25 20 16 10 13 33 35 45 55 16 8 9 5 
31113500 31113635 0 0 0 -3 4 0 -5 1 -5 -22 -6 69 71 25 20 16 10 13 33 35 45 55 16 7 9 5 
31417500 31417520 0 0 0 -16 -2 0 -19 -5 -16 -33 -13 69 71 25 20 16 10 13 33 35 45 55 16 9 9 5 
31457000 31457120 0 0 0 -7 -1 0 -5 -1 -3 -20 -3 65 64 25 20 16 10 13 33 35 45 55 16 7 7 5 
31886000 31886362 0 0 0 -6 1 0 -10 -2 -8 -25 -8 68 67 25 20 16 10 12 32 35 45 55 16 8 8 5 
31937000 31937026 0 0 0 -14 -3 0 -19 -7 -18 -35 -13 68 70 25 20 16 10 12 32 35 45 55 16 8 9 5 
31976000 31976051 0 0 0 -22 -5 0 -23 -6 -20 -37 -18 67 65 25 20 16 10 12 32 35 45 55 16 8 8 5 
32004500 32004578 0 0 0 -6 1 0 -6 1 -4 -21 -7 66 67 25 20 16 10 12 32 35 45 55 16 8 8 5 
32325000 32325100 0 0 0 -4 1 0 -8 -2 -6 -23 -5 67 67 25 20 16 10 12 32 35 45 55 16 8 8 5 
32362500 32362638 0 0 0 -17 -4 0 -19 -7 -17 -34 -12 64 62 25 20 16 10 12 32 35 45 55 16 8 8 5 
32465500 32465543 0 0 0 -15 -6 0 -17 -9 -14 -31 -9 69 69 25 20 16 10 13 33 35 45 55 16 9 9 5 
32608000 32608011 0 0 0 -4 2 0 -6 1 -3 -20 -8 69 70 25 20 16 10 13 33 35 45 55 16 9 9 5 
33120000 33120229 0 0 0 -6 5 0 -7 5 -7 -24 -12 66 67 25 20 16 10 13 33 35 45 55 16 7 8 5 
33558500 33558702 0 0 0 1 8 0 -2 6 1 -16 -8 67 66 25 20 16 10 13 33 35 45 55 16 7 8 5 
34100500 34100571 0 0 0 -9 4 0 -13 1 -11 -28 -13 67 69 25 20 16 10 13 33 35 45 55 16 8 8 5 
34719500 34719638 0 0 0 -26 -15 0 -27 -17 -24 -41 -10 72 71 25 20 18 10 10 30 35 45 55 16 9 9 5 
35075500 35075621 0 0 0 -29 -16 0 -34 -21 -31 -48 -14 83 82 25 20 18 10 8 28 35 45 55 16 11 11 5 
35308000 35308024 0 0 0 -26 -12 0 -28 -14 -24 -41 -13 79 77 25 20 18 10 9 29 35 45 55 16 10 10 5 
36296000 36296082 0 0 0 -21 -4 0 -21 -4 -17 -34 -14 77 74 25 20 17 10 11 31 35 45 55 16 10 10 5 
36392000 36392021 0 0 0 -32 -20 0 -33 -21 -31 -48 -12 80 80 25 20 17 10 12 32 35 45 55 16 10 10 5 
36782000 36782123 0 0 0 -16 1 0 -16 3 -13 -30 -18 77 73 25 20 17 10 10 30 35 45 55 16 9 9 5 
37151000 37151072 0 0 0 -18 -6 0 -23 -6 -20 -37 -17 76 76 25 20 17 10 11 31 35 45 55 16 9 10 5 
37460500 37460655 0 0 0 -16 -4 0 -19 -7 -17 -34 -12 78 77 25 20 17 10 11 31 35 45 55 16 10 10 5 
37837500 37837506 0 0 0 -31 -8 0 -33 -10 -29 -46 -23 74 73 25 20 17 10 10 30 35 45 55 16 9 9 5 
37865500 37865548 0 0 0 -31 -15 0 -32 -17 -30 -47 -15 81 79 25 20 17 10 10 30 35 45 55 16 10 11 5 
38193500 38193596 0 0 0 -21 -10 0 -23 -11 -21 -38 -11 78 75 25 20 17 10 10 30 35 45 55 16 9 9 5 
39378500 39378637 0 0 0 15 21 0 14 19 17 0 -5 98 101 25 20 17 10 11 29 35 45 55 16 12 12 5 
39952500 39952648 0 0 0 13 12 0 9 9 13 -4 0 85 81 25 20 16 10 14 34 35 45 55 16 10 11 5 
40110000 40110140 0 0 0 -3 -4 0 -7 -7 -6 -23 0 80 82 25 20 16 10 13 33 35 45 55 16 10 10 5 
40350000 40350006 0 0 0 -1 3 0 -3 3 -1 -18 -4 78 79 25 20 16 10 13 33 35 45 55 16 10 10 5 
40698500 40698683 0 0 0 7 17 0 5 17 7 -10 -13 71 70 25 20 16 10 14 34 35 45 55 16 9 8 5 
41267000 41267162 0 0 0 -7 -2 0 -11 -7 -8 -25 -4 83 82 25 20 16 10 11 31 35 45 55 16 10 11 5 
41482500 41482503 0 0 0 -26 -13 0 -28 -14 -26 -43 -15 80 85 25 20 18 10 10 30 35 45 55 16 9 9 5 
42116000 42116013 0 0 0 -14 0 0 -15 -1 -12 -29 -14 87 84 25 20 17 10 11 31 35 45 55 16 11 11 5 
42778000 42778093 0 0 0 -15 -5 0 -15 -6 -12 -29 -8 76 77 25 20 17 10 10 30 35 45 55 16 9 10 5 
42937500 42937505 0 0 0 -19 -12 0 -20 -13 -16 -33 -7 76 74 25 20 18 10 10 30 35 45 55 16 10 10 5 
126500 126538 1 0 0 -27 -69 0 -31 -72 -36 25 42 87 88 25 20 17 10 11 31 35 45 55 16 11 11 5 
178000 178094 1 0 0 -30 -67 0 -28 -68 -32 29 40 98 98 25 20 17 10 11 31 35 45 55 16 8 13 5 
261000 261030 1 -1 1 -82 -94 -51 -90 -99 -97 -36 9 111 109 25 20 17 10 11 29 35 45 55 16 9 15 5 
415500 415560 1 2 1 -184 -171 -149 -184 -176 -190 -129 -9 125 125 25 20 16 10 12 27 35 45 55 16 16 13 5 
457500 457512 1 -3 1 -81 -102 -46 -83 -99 -89 -28 16 106 111 25 20 16 10 12 28 35 45 55 16 11 14 5 
534500 534586 1 0 0 -37 -70 0 -28 -63 -34 27 36 89 94 25 20 16 10 10 30 35 45 55 16 11 9 5 
633500 633598 1 0 0 -27 -60 0 -27 -61 -33 28 34 88 91 25 20 16 10 10 30 35 45 55 16 11 11 5 
872000 872010 1 0 0 -27 -65 0 -26 -65 -32 29 40 87 90 25 20 16 10 12 32 35 45 55 16 11 11 5 
1308500 1308539 1 0 0 -28 -63 0 -29 -62 -35 26 34 86 80 25 20 17 10 11 31 35 45 55 16 10 11 5 
1893500 1893550 1 0 0 -24 -62 0 -24 -62 -30 31 39 89 91 25 20 17 10 11 31 35 45 55 16 11 11 5 
1934000 1934119 1 -1 1 -75 -95 -51 -66 -89 -72 -11 23 112 116 25 20 17 10 10 26 35 45 55 16 12 15 5 
1943500 1943522 1 2 1 -165 -163 -141 -174 -170 -181 -120 -5 144 146 25 20 16 10 11 26 35 45 55 16 16 17 5 
1958500 1958584 1 -3 1 -73 -113 -48 -74 -112 -80 -19 38 120 122 25 20 16 10 11 26 35 45 55 16 15 15 5 
1966000 1966059 1 -1 1 -79 -125 -54 -86 -129 -92 -31 43 84 83 25 20 16 10 11 31 35 45 55 16 10 10 5 
2032000 2032087 1 2 1 -152 -138 -127 -159 -145 -165 -104 -14 119 121 25 20 16 10 11 26 35 45 55 16 12 14 5 
2041000 2041071 1 -3 1 -72 -91 -47 -72 -95 -79 -18 22 108 106 25 20 16 10 11 29 35 45 55 16 13 11 5 
2628500 2628549 1 0 0 -28 -61 0 -34 -60 -39 22 26 85 85 25 20 16 10 11 31 35 45 55 16 10 11 5 
2970000 2970036 1 0 0 -16 -53 2 -17 -53 -23 38 36 84 83 25 20 16 10 12 32 35 45 55 16 11 11 5 
3228500 3228543 1 0 0 -32 -71 0 -33 -73 -39 22 41 80 80 25 20 17 10 13 33 35 45 55 16 10 10 5 
3508000 3508049 1 0 0 -37 -68 0 -37 -70 -44 17 32 83 89 25 20 17 10 13 33 35 45 55 16 10 9 5 
3522500 3522995 1 0 0 -28 -58 0 -25 -53 -32 29 28 93 89 25 20 17 10 13 33 35 45 55 16 9 6 5 
3543500 3543651 1 0 0 -23 -55 0 -22 -57 -27 34 37 77 74 25 20 17 10 13 33 35 45 55 16 10 8 5 
3603500 3603642 1 -1 1 -73 -88 -50 -74 -90 -79 -18 17 102 91 25 20 17 10 12 32 35 45 55 16 12 12 5 
3688000 3688138 1 2 1 -128 -136 -105 -125 -136 -131 -70 12 111 108 25 20 17 10 12 30 35 45 55 16 12 13 5 
3698500 3698552 1 -3 1 -71 -102 -48 -68 -98 -74 -13 30 91 92 25 20 16 10 13 33 35 45 55 16 12 12 5 
3920500 3920554 1 0 0 -22 -47 0 -17 -44 -23 38 27 78 77 25 20 16 10 13 33 35 45 55 16 10 10 5 
4481000 4481062 1 0 0 11 -19 0 11 -21 6 67 34 76 76 25 20 16 10 14 34 35 45 55 16 10 10 5 
4520500 4520693 1 0 0 16 -16 0 19 -12 13 74 30 74 75 25 20 16 10 14 34 35 45 55 16 9 9 5 
4965000 4965026 1 0 0 2 -23 -3 3 -22 -2 59 26 76 74 25 20 17 10 13 33 35 45 55 16 9 10 5 
5045000 5045109 1 -1 1 -49 -75 -50 -49 -74 -56 5 25 92 92 25 20 16 10 12 32 35 45 55 16 10 9 5 
5155500 5155510 1 2 1 -98 -99 -100 -106 -103 -113 -52 -3 98 94 25 20 16 10 13 33 35 45 55 16 12 11 5 
5161000 5161051 1 -3 1 -47 -75 -48 -43 -73 -51 10 29 77 64 25 20 16 10 13 33 35 45 55 16 9 9 5 
5981000 5981106 1 0 0 0 -25 0 2 -24 -4 57 26 70 67 25 20 16 10 13 33 35 45 55 16 9 9 5 
6020500 6020600 1 0 0 -23 -40 0 -29 -45 -34 27 18 78 80 25 20 16 10 13 33 35 45 55 16 10 10 5 
6063500 6063757 1 0 0 5 -26 0 -1 -28 -8 53 27 72 69 25 20 16 10 13 33 35 45 55 16 9 8 5 
6710500 6710661 1 0 0 -6 -38 0 -3 -37 -9 52 33 76 68 25 20 16 10 12 32 35 45 55 16 10 9 5 
6780000 6780128 1 0 0 -19 -44 0 -12 -38 -18 43 26 65 65 25 20 16 10 12 32 35 45 55 16 8 7 5 
7203500 7203554 1 0 -1 0 -28 0 5 -25 0 61 31 70 67 25 20 16 10 12 32 35 45 55 16 9 8 5 
7404500 7404710 1 0 0 -10 -29 0 -3 -26 -10 51 23 66 65 25 20 16 10 12 32 35 45 55 16 8 8 5 
7457000 7457045 1 0 0 2 -25 0 -5 -30 -12 49 26 70 68 25 20 16 10 12 32 35 45 55 16 9 8 5 
7863500 7863552 1 0 0 4 -25 0 -2 -30 -9 52 28 67 64 25 20 17 10 12 32 35 45 55 16 8 9 5 
8287500 8287729 1 0 0 11 -17 0 10 -13 4 65 23 65 64 25 20 17 10 13 33 35 45 55 16 7 8 5 
8550000 8550200 1 0 0 -3 -27 0 -8 -30 -14 47 22 66 63 25 20 17 10 13 33 35 45 55 16 9 8 5 
9262500 9262833 1 0 0 -1 -16 0 1 -15 -3 58 17 66 65 25 20 17 10 12 32 35 45 55 16 7 8 5 
9750000 9750056 1 0 0 0 -19 0 3 -16 -4 57 18 66 68 25 20 16 10 13 33 35 45 55 16 8 8 5 
10440000 10440090 1 0 0 2 -20 0 3 -17 -3 58 20 64 65 25 20 16 10 13 33 35 45 55 16 8 8 5 
10599500 10599747 1 0 0 7 -19 0 -1 -30 -8 53 29 68 61 25 20 16 10 13 33 35 45 55 16 8 6 5 
11081000 11081076 1 0 0 11 -17 0 8 -19 3 64 27 64 61 25 20 16 10 13 33 35 45 55 16 7 8 5 
11567000 11567108 1 0 0 3 -23 0 5 -23 -1 60 29 65 65 25 20 16 10 13 33 35 45 55 16 8 8 5 
12176000 12176184 1 0 0 -7 -23 0 -8 -24 -15 46 17 66 64 25 20 16 10 13 33 35 45 55 16 7 8 5 
13145500 13145611 1 0 0 -1 -42 0 0 -43 -8 53 42 88 90 25 20 17 10 11 31 35 45 55 16 10 11 5 
13446000 13446107 1 -1 1 -53 -73 -53 -49 -70 -56 5 20 105 109 25 20 17 10 11 29 35 45 55 16 12 13 5 
13451000 13451037 1 2 1 -139 -127 -139 -142 -130 -148 -87 -12 124 124 25 20 16 10 11 26 35 45 55 16 15 14 5 
13457000 13457075 1 -3 1 -41 -75 -41 -50 -74 -55 6 23 107 120 25 20 16 10 11 26 35 45 55 16 15 12 5 
13584000 13584287 1 -1 1 -52 -79 -53 -60 -85 -66 -5 26 95 97 25 20 16 10 11 31 35 45 55 16 8 10 5 
13595000 13595386 1 2 1 -91 -101 -92 -95 -105 -100 -39 9 112 115 25 20 16 10 11 27 35 45 55 16 10 11 5 
13610500 13610778 1 -3 1 -49 -80 -50 -51 -81 -57 4 29 87 88 25 20 16 10 11 31 35 45 55 16 9 11 5 
14062500 14062561 1 0 0 3 -42 0 1 -44 -4 57 45 90 90 25 20 16 10 11 31 35 45 55 16 11 12 5 
14342500 14342581 1 -1 1 -50 -70 -52 -51 -68 -57 4 18 95 101 25 20 16 10 11 29 35 45 55 16 9 9 5 
14346000 14346220 1 2 1 -139 -124 -142 -155 -134 -160 -99 -20 115 104 25 20 16 10 11 29 35 45 55 16 8 4 5 
14429000 14429222 1 -3 1 -48 -74 -50 -49 -76 -55 6 26 110 109 25 20 15 10 11 29 35 45 55 16 13 10 5 
14449500 14449605 1 -1 1 -48 -72 -50 -55 -78 -61 0 23 101 102 25 20 15 10 11 29 35 45 55 16 13 13 5 
14507500 14507568 1 2 1 -198 -183 -200 -205 -190 -212 -151 -15 121 121 25 20 17 10 11 26 35 45 55 16 16 15 5 
14604500 14605061 1 -3 1 -48 -73 -49 -47 -73 -54 7 25 99 105 25 20 16 10 10 28 35 45 55 16 9 13 5 
15736500 15736565 1 -1 1 -52 -71 -51 -44 -67 -50 11 23 108 108 25 20 16 10 11 29 35 45 55 16 11 14 5 
15743500 15743588 1 2 1 -123 -127 -122 -121 -127 -127 -66 5 124 120 25 20 16 10 11 26 35 45 55 16 14 16 5 
15756500 15756556 1 -3 1 -50 -98 -49 -47 -96 -51 10 50 126 128 25 20 15 10 11 26 35 45 55 16 17 14 5 
15770500 15770543 1 -1 1 -54 -99 -53 -52 -97 -58 3 45 92 89 25 20 16 10 12 32 35 45 55 16 10 11 5 
15789500 15789615 1 2 1 -101 -126 -100 -109 -133 -116 -55 24 93 91 25 20 16 10 12 32 35 45 55 16 12 10 5 
15811000 15811158 1 -3 1 -48 -78 -47 -47 -80 -55 6 33 75 74 25 20 16 10 12 32 35 45 55 16 9 10 5 
16083500 16083640 1 0 0 -2 -42 0 -4 -43 -11 50 38 82 87 25 20 16 10 12 32 35 45 55 16 10 10 5 
16858000 16858060 1 -1 1 -59 -76 -56 -56 -73 -61 0 18 106 108 25 20 16 10 11 29 35 45 55 16 13 12 5 
16863000 16863068 1 2 1 -154 -152 -150 -164 -163 -170 -109 0 130 129 25 20 16 10 10 25 35 45 55 16 16 17 5 
16872000 16872070 1 -3 1 -52 -105 -48 -54 -107 -59 2 54 137 135 25 20 15 10 10 25 35 45 55 16 16 17 5 
16886500 16886620 1 -1 1 -57 -92 -54 -49 -90 -56 5 41 112 106 25 20 16 10 12 30 35 45 55 16 14 8 5 
16890500 16890544 1 2 1 -104 -126 -100 -105 -125 -111 -50 20 111 113 25 20 16 10 12 28 35 45 55 16 14 13 5 
16997000 16997094 1 -3 1 -52 -85 -48 -58 -90 -63 -2 33 98 93 25 20 16 10 12 32 35 45 55 16 9 11 5 
17475000 17475048 1 -1 1 -55 -92 -50 -56 -96 -62 -1 41 97 96 25 20 17 10 11 31 35 45 55 16 12 12 5 
17614000 17614103 1 2 1 -116 -128 -111 -117 -128 -123 -62 11 120 119 25 20 16 10 11 27 35 45 55 16 15 12 5 
17739000 17739064 1 -3 1 -53 -79 -48 -58 -84 -64 -3 26 103 100 25 20 15 10 13 31 35 45 55 16 13 9 5 
17779500 17779724 1 -1 1 -57 -75 -52 -66 -80 -71 -10 13 109 113 25 20 15 10 12 28 35 45 55 16 10 14 5 
17795500 17795506 1 2 1 -103 -109 -97 -106 -111 -112 -51 4 121 119 25 20 16 10 11 27 35 45 55 16 13 14 5 
17802500 17802557 1 -3 1 -53 -82 -48 -51 -81 -56 5 30 110 107 25 20 16 10 11 29 35 45 55 16 14 13 5 
18315000 18315092 1 0 0 -6 -48 0 -2 -46 -10 51 43 95 97 25 20 16 10 13 33 35 45 55 16 11 11 5 
18690000 18690131 1 -1 1 -55 -82 -53 -52 -85 -57 4 34 93 94 25 20 16 10 13 33 35 45 55 16 9 9 5 
18695500 18695510 1 2 1 -126 -121 -125 -126 -122 -134 -73 -6 118 116 25 20 15 10 13 29 35 45 55 16 8 15 5 
18863500 18863590 1 -3 1 -49 -67 -49 -46 -63 -52 9 16 102 102 25 20 16 10 12 30 35 45 55 16 12 13 5 
19263500 19263527 1 0 0 5 -32 0 3 -32 -3 58 36 72 78 25 20 16 10 13 33 35 45 55 16 8 9 5 
19373500 19373511 1 -1 1 -47 -71 -52 -63 -83 -70 -9 21 101 103 25 20 17 10 12 30 35 45 55 16 6 11 5 
19386500 19386589 1 2 1 -119 -116 -124 -125 -119 -131 -70 -7 121 123 25 20 17 10 11 26 35 45 55 16 9 5 5 
19400500 19400502 1 -3 1 -45 -78 -50 -44 -80 -50 11 37 92 97 25 20 16 10 12 32 35 45 55 16 11 12 5 
19408000 19408353 1 -1 1 -50 -84 -55 -68 -94 -73 -12 25 97 99 25 20 16 10 12 32 35 45 55 16 6 6 5 
19443000 19443125 1 2 1 -107 -113 -112 -110 -114 -116 -55 4 108 106 25 20 16 10 12 30 35 45 55 16 9 14 5 
19505000 19505086 1 -3 1 -45 -79 -50 -50 -84 -56 5 34 83 85 25 20 16 10 12 32 35 45 55 16 10 10 5 
19549500 19550264 1 -1 1 -47 -66 -52 -73 -86 -78 -17 15 106 106 25 20 15 10 12 30 35 45 55 16 3 10 5 
19556500 19556535 1 2 1 -86 -98 -91 -90 -101 -97 -36 11 123 129 25 20 15 10 12 27 35 45 55 16 8 14 5 
19561000 19561117 1 -3 1 -40 -75 -45 -31 -66 -38 23 36 105 104 25 20 16 10 12 30 35 45 55 16 10 9 5 
20050000 20050540 1 -1 1 -52 -67 -55 -63 -69 -68 -7 7 111 112 25 20 16 10 12 28 35 45 55 16 7 7 5 
20111000 20111109 1 2 1 -187 -195 -191 -181 -192 -188 -127 10 134 135 25 20 16 10 12 27 35 45 55 16 15 15 5 
20209000 20209045 1 -3 1 -45 -74 -49 -46 -73 -51 10 28 87 86 25 20 16 10 11 31 35 45 55 16 11 10 5 
20920000 20920030 1 -1 1 -50 -81 -52 -50 -83 -54 7 34 89 87 25 20 17 10 11 31 35 45 55 16 11 9 5 
20935500 20935558 1 2 1 -105 -113 -107 -106 -116 -114 -53 9 120 118 25 20 16 10 11 27 35 45 55 16 15 12 5 
21086500 21086777 1 -3 1 -47 -74 -49 -58 -79 -64 -3 20 99 103 25 20 16 10 11 29 35 45 55 16 11 13 5 
21461000 21461038 1 -1 1 -53 -77 -54 -57 -79 -63 -2 22 101 104 25 20 16 10 11 29 35 45 55 16 8 9 5 
21534500 21534539 1 2 1 -189 -182 -190 -200 -189 -207 -146 -12 132 133 25 20 15 10 11 26 35 45 55 16 12 13 5 
21662500 21662561 1 -3 1 -49 -74 -49 -47 -73 -52 9 26 103 106 25 20 15 10 11 29 35 45 55 16 14 13 5 
21678500 21678637 1 -1 1 -50 -76 -51 -59 -82 -65 -4 25 102 101 25 20 15 10 11 29 35 45 55 16 11 13 5 
21701500 21701573 1 2 1 -103 -103 -103 -104 -106 -109 -48 2 123 126 25 20 16 10 11 26 35 45 55 16 11 10 5 
21709000 21709001 1 -3 1 -47 -81 -48 -48 -85 -55 6 36 109 105 25 20 16 10 11 29 35 45 55 16 15 12 5 
21911500 21913218 1 -1 1 -50 -81 -50 -73 -100 -79 -18 28 107 94 25 20 17 10 10 30 35 45 55 16 1 6 5 
21922500 21922606 1 2 1 -143 -135 -143 -138 -130 -145 -84 -9 121 121 25 20 17 10 11 26 35 45 55 16 11 15 5 
21992000 21992142 1 -3 1 -47 -84 -47 -46 -83 -51 10 39 90 97 25 20 17 10 11 31 35 45 55 16 12 10 5 
22423000 22423133 1 0 0 -1 -54 0 -3 -56 -8 53 54 89 88 25 20 17 10 11 31 35 45 55 16 11 11 5 
22758500 22758619 1 0 0 -7 -55 0 -2 -51 -7 54 50 81 84 25 20 16 10 11 31 35 45 55 16 10 10 5 
23137500 23137611 1 0 0 -3 -56 0 0 -56 -5 56 56 85 93 25 20 17 10 11 31 35 45 55 16 10 11 5 
23273500 23273513 1 -1 1 -56 -91 -55 -50 -90 -55 6 42 107 106 25 20 17 10 11 29 35 45 55 16 12 11 5 
23286000 23286164 1 2 1 -131 -135 -130 -137 -138 -143 -82 2 127 133 25 20 16 10 12 27 35 45 55 16 13 14 5 
23293000 23293040 1 -3 1 -50 -92 -49 -55 -94 -62 -1 37 113 114 25 20 16 10 12 28 35 45 55 16 15 13 5 
23415000 23415160 1 0 0 1 -43 0 -1 -46 -6 55 47 77 78 25 20 18 10 10 30 35 45 55 16 9 10 5 
23788000 23788107 1 0 0 10 -45 0 12 -43 6 67 55 86 88 25 20 16 10 13 33 35 45 55 16 10 11 5 
24900000 24900136 1 0 0 -12 -46 0 -13 -49 -20 41 37 85 89 25 20 17 10 10 30 35 45 55 16 10 11 5 
25155000 25155030 1 0 0 -12 -59 0 -13 -59 -19 42 45 80 78 25 20 18 10 11 31 35 45 55 16 10 10 5 
25247000 25247190 1 -1 1 -62 -75 -50 -61 -73 -69 -8 11 113 115 25 20 15 10 11 27 35 45 55 16 10 10 5 
25257000 25257063 1 2 1 -141 -154 -130 -143 -157 -148 -87 15 119 119 25 20 15 10 11 27 35 45 55 16 9 12 5 
25283500 25283552 1 -3 1 -60 -77 -49 -60 -77 -66 -5 17 96 98 25 20 16 10 12 32 35 45 55 16 10 11 5 
25292000 25292179 1 -1 1 -61 -82 -50 -77 -91 -83 -22 13 105 104 25 20 17 10 12 30 35 45 55 16 5 8 5 
25303500 25303587 1 2 1 -117 -131 -106 -123 -138 -127 -66 17 110 109 25 20 17 10 12 30 35 45 55 16 13 11 5 
25347500 25347504 1 -3 1 -56 -91 -45 -50 -89 -57 4 39 90 90 25 20 17 10 11 31 35 45 55 16 10 9 5 
25948000 25948003 1 0 0 -6 -38 0 -5 -37 -10 51 34 74 73 25 20 17 10 10 30 35 45 55 16 7 8 5 
26043500 26043656 1 0 0 -7 -35 0 -5 -35 -10 51 31 73 73 25 20 17 10 10 30 35 45 55 16 8 9 5 
26465500 26465614 1 -1 1 -35 -57 -50 -35 -59 -42 19 25 100 96 25 20 16 10 11 31 35 45 55 16 10 9 5 
26474000 26474000 1 2 1 -149 -137 -164 -153 -138 -159 -98 -16 119 121 25 20 16 10 11 26 35 45 55 16 11 13 5 
26489000 26489085 1 -3 1 -33 -73 -50 -24 -68 -31 30 44 102 99 25 20 16 10 12 32 35 45 55 16 7 8 5 
26499500 26499577 1 -1 1 -34 -75 -51 -46 -84 -53 8 36 85 85 25 20 16 10 12 32 35 45 55 16 10 10 5 
26524000 26524119 1 2 1 -72 -92 -91 -61 -80 -67 -6 18 96 101 25 20 16 10 13 31 35 45 55 16 9 9 5 
26540000 26540070 1 -3 1 -30 -64 -49 -39 -75 -44 17 37 79 76 25 20 16 10 13 33 35 45 55 16 8 10 5 
26668000 26668176 1 0 0 26 -21 0 29 -18 21 82 46 80 80 25 20 17 10 12 32 35 45 55 16 10 9 5 
26867000 26867006 1 0 0 18 -24 0 16 -26 9 70 40 71 72 25 20 17 10 12 32 35 45 55 16 9 9 5 
26994500 26994522 1 0 0 3 -31 0 1 -33 -7 54 33 78 78 25 20 17 10 12 32 35 45 55 16 10 10 5 
27120500 27120568 1 -1 1 -46 -70 -51 -58 -79 -65 -4 21 91 87 25 20 16 10 11 31 35 45 55 16 9 9 5 
27163500 27163754 1 2 1 -83 -93 -89 -70 -85 -76 -15 15 93 97 25 20 16 10 12 32 35 45 55 16 6 7 5 
27180500 27180519 1 -3 1 -43 -59 -49 -36 -52 -43 18 14 89 90 25 20 16 10 13 33 35 45 55 16 8 10 5 
27350500 27350552 1 0 0 9 -28 0 15 -24 9 70 39 67 68 25 20 16 10 14 34 35 45 55 16 8 8 5 
28352000 28352194 1 0 0 22 -6 0 17 -11 11 72 28 67 70 25 20 16 10 13 33 35 45 55 16 9 8 5 
28938500 28938687 1 0 0 29 -5 0 31 -4 26 87 35 68 65 25 20 16 10 13 33 35 45 55 16 8 7 5 
29546000 29546016 1 0 0 31 0 0 25 -7 18 79 33 67 66 25 20 17 10 13 33 35 45 55 16 9 8 5 
30009500 30009606 1 0 0 33 -4 0 33 -5 26 87 37 71 71 25 20 17 10 13 33 35 45 55 16 9 9 5 
30075000 30075097 1 0 0 6 -25 0 1 -29 -5 56 30 67 68 25 20 17 10 13 33 35 45 55 16 8 8 5 
30302000 30302058 1 0 0 0 -18 0 -10 -26 -15 46 17 66 66 25 20 17 10 12 32 35 45 55 16 8 8 5 
30360000 30360127 1 0 0 22 -1 0 20 1 15 76 19 66 65 25 20 17 10 12 32 35 45 55 16 8 8 5 
30977000 30977009 1 0 0 22 -5 0 16 -9 10 71 25 69 72 25 20 16 10 13 33 35 45 55 16 9 9 5 
31125000 31125172 1 0 0 32 -2 0 35 -2 30 91 36 72 72 25 20 16 10 13 33 35 45 55 16 8 8 5 
31423000 31423049 1 0 0 29 -2 0 23 -7 18 79 31 69 70 25 20 16 10 13 33 35 45 55 16 8 8 5 
31451000 31451184 1 0 0 5 -13 0 9 -11 3 64 20 65 66 25 20 16 10 13 33 35 45 55 16 8 8 5 
31892000 31892133 1 0 0 3 -23 0 -1 -26 -7 54 25 68 68 25 20 16 10 12 32 35 45 55 16 9 9 5 
31938500 31938517 1 0 0 21 -11 0 19 -13 12 73 32 68 66 25 20 16 10 12 32 35 45 55 16 9 8 5 
31970500 31970624 1 0 0 10 -25 0 5 -31 -1 60 36 70 81 25 20 16 10 12 32 35 45 55 16 8 8 5 
32008000 32008216 1 0 0 5 -10 0 16 -3 9 70 18 66 68 25 20 16 10 12 32 35 45 55 16 8 8 5 
32330500 32330694 1 0 0 12 -16 0 10 -17 5 66 29 66 66 25 20 16 10 12 32 35 45 55 16 7 8 5 
32368000 32368068 1 0 0 2 -26 0 -11 -35 -16 45 25 65 66 25 20 16 10 12 32 35 45 55 16 8 8 5 
32475000 32475129 1 0 0 28 -7 0 26 -10 21 82 36 68 68 25 20 16 10 13 33 35 45 55 16 9 9 5 
32612000 32612089 1 0 0 31 4 0 27 1 20 81 27 71 72 25 20 16 10 13 33 35 45 55 16 8 9 5 
33114500 33114715 1 0 0 42 6 0 46 9 40 101 37 65 63 25 20 16 10 13 33 35 45 55 16 7 8 5 
33281500 33281652 1 -1 1 -18 -42 -57 -13 -39 -19 42 25 90 93 25 20 16 10 12 32 35 45 55 16 8 13 5 
33287000 33287109 1 2 1 -86 -92 -125 -85 -89 -90 -29 5 114 116 25 20 16 10 11 27 35 45 55 16 13 14 5 
33318500 33318674 1 -3 1 -10 -35 -49 -3 -33 -10 51 31 80 75 25 20 16 10 12 32 35 45 55 16 10 11 5 
33373000 33373131 1 -1 1 -14 -38 -52 -16 -41 -23 38 24 79 80 25 20 16 10 12 32 35 45 55 16 9 9 5 
33399000 33399090 1 2 1 -121 -119 -159 -124 -123 -131 -70 -2 128 130 25 20 15 10 12 27 35 45 55 16 14 15 5 
33416000 33416129 1 -3 1 -10 -48 -47 -7 -45 -13 48 39 72 71 25 20 16 10 13 33 35 45 55 16 8 9 5 
33549500 33549662 1 0 0 36 -1 0 34 -3 29 90 36 69 68 25 20 16 10 13 33 35 45 55 16 9 8 5 
34095000 34095036 1 0 0 29 -3 0 25 -3 20 81 29 66 67 25 20 16 10 13 33 35 45 55 16 9 7 5 
34734500 34734503 1 0 0 1 -32 0 -2 -38 -9 52 36 77 77 25 20 18 10 10 30 35 45 55 16 10 10 5 
35077500 35077613 1 0 0 -2 -40 0 -2 -40 -8 53 38 81 79 25 20 18 10 8 28 35 45 55 16 11 10 5 
35317500 35317584 1 0 0 1 -33 9 5 -29 -2 59 34 83 79 25 20 18 10 9 29 35 45 55 16 11 10 5 
36292500 36292585 1 0 0 -3 -37 0 -4 -36 -9 52 33 77 77 25 20 17 10 11 31 35 45 55 16 10 10 5 
36395500 36395558 1 0 0 14 -31 0 9 -35 4 65 44 82 82 25 20 17 10 12 32 35 45 55 16 10 11 5 
36558500 36558540 1 -1 1 -48 -71 -57 -60 -78 -66 -5 17 111 116 25 20 17 10 10 26 35 45 55 16 13 12 5 
36594000 36594011 1 2 1 -68 -85 -76 -68 -85 -73 -12 18 112 111 25 20 16 10 11 27 35 45 55 16 14 14 5 
36607500 36607574 1 -3 1 -39 -74 -47 -47 -78 -53 8 31 101 102 25 20 16 10 11 29 35 45 55 16 12 12 5 
36782000 36782123 1 0 0 3 -31 0 5 -30 -1 60 35 77 73 25 20 17 10 10 30 35 45 55 16 9 9 5 
37157000 37157114 1 0 0 1 -35 0 -2 -39 -9 52 38 74 77 25 20 17 10 11 31 35 45 55 16 8 9 5 
37466000 37466181 1 0 0 -6 -32 0 -5 -28 -12 49 23 74 74 25 20 17 10 11 31 35 45 55 16 9 9 5 
37515500 37515512 1 -1 1 -64 -79 -59 -65 -78 -72 -11 13 110 109 25 20 16 10 11 29 35 45 55 16 11 14 5 
37522500 37522547 1 2 1 -119 -134 -114 -119 -135 -126 -65 15 133 136 25 20 15 10 11 26 35 45 55 16 15 16 5 
37527500 37527617 1 -3 1 -53 -101 -48 -45 -99 -50 11 55 121 118 25 20 16 10 11 27 35 45 55 16 16 15 5 
37830000 37830148 1 0 0 0 -34 0 -4 -39 -12 49 34 72 71 25 20 17 10 10 30 35 45 55 16 9 9 5 
37860000 37860024 1 0 0 10 -24 0 11 -28 4 65 38 74 77 25 20 17 10 10 30 35 45 55 16 9 10 5 
38288000 38288116 1 -1 1 -44 -74 -51 -49 -76 -55 6 27 101 102 25 20 17 10 11 29 35 45 55 16 10 10 5 
38347500 38347722 1 2 1 -84 -99 -91 -88 -100 -95 -34 11 101 105 25 20 17 10 11 29 35 45 55 16 6 13 5 
38573500 38573663 1 -3 1 -44 -78 -48 -50 -84 -56 5 34 85 80 25 20 16 10 11 31 35 45 55 16 11 11 5 
38608000 38608015 1 -1 1 -47 -82 -51 -51 -86 -56 5 35 91 93 25 20 16 10 11 31 35 45 55 16 9 11 5 
38615500 38615578 1 2 1 -144 -136 -148 -149 -138 -155 -94 -9 124 124 25 20 16 10 11 26 35 45 55 16 16 15 5 
38785000 38785478 1 -3 1 -47 -79 -50 -44 -83 -51 10 38 97 94 25 20 17 10 10 30 35 45 55 16 8 10 5 
38885000 38885051 1 -1 1 -52 -75 -54 -54 -78 -61 0 23 102 109 25 20 16 10 10 28 35 45 55 16 12 11 5 
38950500 38950623 1 2 1 -127 -135 -128 -129 -137 -134 -73 9 117 122 25 20 16 10 10 25 35 45 55 16 15 14 5 
39152000 39152128 1 -3 1 -50 -75 -50 -45 -71 -50 11 26 103 104 25 20 17 10 10 28 35 45 55 16 12 11 5 
39375000 39375080 1 0 0 -2 -52 0 3 -52 -4 57 53 99 97 25 20 17 10 11 31 35 45 55 16 12 12 5 
39646500 39646531 1 -1 1 -52 -83 -52 -53 -84 -60 1 30 119 121 25 20 16 10 11 26 35 45 55 16 14 10 5 
39721000 39721035 1 2 1 -102 -127 -102 -95 -124 -101 -40 29 118 116 25 20 16 10 10 26 35 45 55 16 15 11 5 
39777000 39777015 1 -3 1 -49 -96 -50 -36 -95 -43 18 59 109 107 25 20 16 10 12 30 35 45 55 16 11 7 5 
39963500 39963563 1 0 0 2 -43 0 0 -42 -5 56 41 85 90 25 20 16 10 14 34 35 45 55 16 11 11 5 
40110000 40110140 1 0 0 -12 -41 0 -12 -40 -17 44 27 80 82 25 20 16 10 13 33 35 45 55 16 10 10 5 
40352000 40352123 1 0 0 -8 -35 0 -8 -37 -14 47 30 76 77 25 20 16 10 13 33 35 45 55 16 10 10 5 
40689500 40689571 1 0 0 27 -14 0 25 -17 19 80 42 71 71 25 20 16 10 14 34 35 45 55 16 9 9 5 
40808000 40808005 1 -1 1 -34 -59 -55 -34 -57 -40 21 24 85 85 25 20 16 10 12 32 35 45 55 16 10 10 5 
40853500 40853523 1 2 1 -76 -100 -95 -87 -103 -92 -31 17 101 117 25 20 15 10 11 27 35 45 55 16 7 11 5 
40934500 40934685 1 -3 1 -35 -61 -50 -35 -61 -41 20 26 73 71 25 20 15 10 12 32 35 45 55 16 9 8 5 
40944500 40944538 1 -1 1 -36 -57 -50 -39 -61 -45 16 22 75 74 25 20 15 10 12 32 35 45 55 16 9 8 5 
40958500 40958561 1 2 1 -109 -111 -122 -104 -106 -108 -47 3 117 121 25 20 16 10 12 27 35 45 55 16 14 12 5 
40983500 40983603 1 -3 1 -36 -81 -48 -33 -80 -40 21 46 93 95 25 20 16 10 12 32 35 45 55 16 12 11 5 
41267000 41267162 1 0 0 -2 -46 0 -4 -46 -12 49 40 83 82 25 20 16 10 11 31 35 45 55 16 10 11 5 
41484500 41484547 1 0 0 -7 -48 0 -12 -51 -19 42 39 80 75 25 20 18 10 10 30 35 45 55 16 9 9 5 
42108500 42108575 1 0 0 -1 -51 0 -3 -52 -11 50 48 87 83 25 20 17 10 11 31 35 45 55 16 11 10 5 
42392000 42392051 1 -1 1 -57 -83 -55 -53 -76 -59 2 24 113 114 25 20 16 10 12 28 35 45 55 16 11 12 5 
42394500 42394524 1 2 1 -97 -113 -95 -106 -118 -112 -51 12 115 117 25 20 16 10 12 28 35 45 55 16 10 10 5 
42409500 42409515 1 -3 1 -44 -80 -41 -33 -74 -39 22 41 112 101 25 20 16 10 12 30 35 45 55 16 8 11 5 
42425500 42425599 1 -1 1 -53 -91 -51 -43 -89 -50 11 46 98 94 25 20 16 10 11 31 35 45 55 16 12 11 5 
42462000 42462198 1 2 1 -136 -142 -133 -146 -150 -154 -93 4 102 103 25 20 16 10 11 29 35 45 55 16 7 5 5 
42538000 42538026 1 -3 1 -51 -91 -48 -50 -91 -56 5 40 97 99 25 20 16 10 10 30 35 45 55 16 12 11 5 
42604000 42604051 1 -1 1 -57 -102 -54 -63 -108 -71 -10 45 88 87 25 20 17 10 11 31 35 45 55 16 11 10 5 
42619500 42619614 1 2 1 -90 -100 -87 -96 -104 -102 -41 9 106 108 25 20 17 10 11 29 35 45 55 16 5 8 5 
42632500 42632678 1 -3 1 -49 -97 -46 -52 -97 -58 3 45 82 77 25 20 17 10 11 31 35 45 55 16 11 10 5 
42952500 42952541 1 0 0 -5 -44 -1 -6 -46 -12 49 40 79 80 25 20 18 10 10 30 35 45 55 16 10 10 5 
