100500 100649 0 0 -1 0 -74 0 0 -68 0 126 68 83 88 25 20 17 10 13 33 35 45 55 16 9 11 5 
108500 108795 0 0 0 17 -63 0 20 -60 16 142 80 80 87 25 20 17 10 13 33 35 45 55 16 7 10 5 
184500 184612 0 0 0 -5 -85 0 -5 -83 -8 118 78 83 83 25 20 17 10 12 32 35 45 55 16 8 7 5 
195000 195036 0 0 0 33 -54 0 39 -52 37 163 92 74 70 25 20 17 10 12 32 35 45 55 16 8 7 5 
210000 210178 0 0 0 25 -50 0 24 -49 23 149 74 72 71 25 20 17 10 12 32 35 45 55 16 5 7 5 
218500 218610 0 0 0 26 -52 0 31 -48 30 156 80 67 61 25 20 17 10 12 32 35 45 55 16 8 7 5 
342000 342017 0 0 0 23 -33 0 30 -28 28 154 57 69 63 25 20 17 10 11 31 35 45 55 16 9 7 5 
431000 431511 0 0 0 29 -29 0 37 -17 35 161 54 68 74 25 20 17 10 11 31 35 45 55 16 3 5 5 
716000 716093 0 0 0 29 -35 0 30 -31 30 156 61 72 70 25 20 17 10 11 31 35 45 55 16 7 6 5 
999500 999696 0 0 0 54 -19 0 61 -14 59 185 75 72 66 25 20 17 10 11 31 35 45 55 16 9 9 5 
1179500 1179630 0 0 0 39 -29 0 44 -23 42 168 68 74 74 25 20 17 10 11 31 35 45 55 16 8 9 5 
1215000 1215175 0 0 0 21 -35 0 18 -35 14 140 51 76 82 25 20 17 10 11 31 35 45 55 16 9 9 5 
1267500 1267665 0 0 0 6 -51 0 8 -50 5 131 59 72 77 25 20 17 10 11 31 35 45 55 16 9 8 5 
1286000 1286146 0 0 0 -27 -60 0 -23 -56 -25 101 33 70 67 25 20 17 10 11 31 35 45 55 16 9 9 5 
1331000 1331163 0 0 0 -42 -69 0 -35 -62 -37 89 28 80 79 25 20 17 10 11 31 35 45 55 16 9 10 5 
1378000 1378004 0 0 0 -25 -67 0 -22 -63 -25 101 40 79 80 25 20 17 10 11 31 35 45 55 16 10 10 5 
1488500 1488583 0 0 0 -19 -65 0 -16 -63 -19 107 46 80 78 25 20 17 10 11 31 35 45 55 16 10 10 5 
1580500 1580539 0 0 0 -16 -57 0 -11 -51 -13 113 39 80 78 25 20 17 10 11 31 35 45 55 16 10 10 5 
1595500 1595552 0 0 0 -44 -83 0 -42 -82 -45 81 39 83 80 25 20 17 10 11 31 35 45 55 16 10 10 5 
1676000 1676049 0 0 0 -33 -69 0 -29 -66 -32 94 35 85 84 25 20 17 10 11 31 35 45 55 16 11 11 5 
2043500 2043513 0 0 0 -30 -78 0 -26 -75 -29 97 48 86 90 25 20 17 10 11 31 35 45 55 16 11 11 5 
2441000 2441181 0 0 0 4 -54 0 7 -49 5 131 58 84 82 25 20 17 10 11 31 35 45 55 16 11 10 5 
2619500 2619660 0 0 0 20 -55 0 22 -52 20 146 74 82 86 25 20 17 10 11 31 35 45 55 16 8 11 5 
2897000 2897162 0 0 0 28 -49 0 31 -47 29 155 77 78 73 25 20 17 10 11 31 35 45 55 16 10 10 5 
3324500 3324553 0 0 0 18 -47 0 20 -45 18 144 65 72 73 25 20 17 10 11 31 35 45 55 16 9 9 5 
3819500 3819518 0 0 0 20 -46 0 24 -42 24 150 66 74 74 25 20 17 10 11 31 35 45 55 16 9 10 5 
4097000 4097037 0 0 0 25 -31 0 30 -25 28 154 55 71 69 25 20 17 10 11 31 35 45 55 16 9 9 5 
4168000 4168124 0 0 0 9 -60 0 12 -56 11 137 67 75 77 25 20 17 10 11 31 35 45 55 16 7 8 5 
4344500 4344778 0 -1 7 -52 -101 -58 -53 -99 -56 70 46 90 95 25 20 17 10 12 32 35 45 55 16 11 12 5 
4459500 4459572 0 2 7 -220 -252 -224 -224 -254 -227 -101 30 116 117 25 20 16 10 12 28 35 45 55 16 15 15 5 
4599000 4599053 0 -3 7 -47 -88 -49 -45 -83 -48 78 37 80 83 25 20 16 10 11 31 35 45 55 16 9 10 5 
4739000 4739119 0 0 0 0 -65 0 5 -63 2 128 68 81 76 25 20 16 10 11 31 35 45 55 16 9 10 5 
4762000 4762150 0 0 0 9 -68 0 14 -66 12 138 81 81 81 25 20 16 10 11 31 35 45 55 16 10 10 5 
4778500 4778518 0 0 0 -13 -73 0 -9 -68 -11 115 59 88 87 25 20 16 10 11 31 35 45 55 16 11 12 5 
4795000 4795125 0 0 0 -1 -79 0 -1 -77 -4 122 77 87 86 25 20 16 10 11 31 35 45 55 16 10 11 5 
4821500 4821510 0 0 0 0 -74 0 3 -72 1 127 76 72 75 25 20 16 10 11 31 35 45 55 16 9 9 5 
4848500 4848575 0 0 0 -2 -78 0 2 -71 0 126 73 80 86 25 20 16 10 11 31 35 45 55 16 9 11 5 
4869000 4869145 0 0 0 -7 -71 0 -12 -71 -14 112 59 82 81 25 20 16 10 12 32 35 45 55 16 10 10 5 
4872500 4872667 0 13 0 31 -62 15 38 -60 36 162 99 79 75 25 20 16 10 12 32 35 45 55 16 10 9 5 
4877000 4877164 0 0 0 46 -46 0 51 -39 50 176 92 79 80 25 20 16 10 12 32 35 45 55 16 8 10 5 
4889000 4889166 0 0 0 44 -63 0 46 -58 42 168 103 82 84 25 20 16 10 12 32 35 45 55 16 8 11 5 
4904500 4904584 0 0 0 28 -72 0 39 -67 38 164 106 88 82 25 20 16 10 12 32 35 45 55 16 11 9 5 
4907000 4907074 0 13 0 -2 -89 -4 8 -87 7 133 96 93 99 25 20 16 10 12 32 35 45 55 16 10 8 5 
4910000 4910097 0 0 0 -30 -106 0 -25 -101 -28 98 76 91 91 25 20 16 10 12 32 35 45 55 16 10 12 5 
4925500 4925692 0 0 0 0 -75 0 4 -72 1 127 76 78 68 25 20 16 10 12 32 35 45 55 16 10 9 5 
4961000 4961108 0 0 0 17 -55 0 21 -52 19 145 73 78 68 25 20 16 10 12 32 35 45 55 16 10 10 5 
4996500 4996641 0 0 0 3 -65 0 1 -65 -3 123 65 82 84 25 20 16 10 12 32 35 45 55 16 10 10 5 
5002000 5002270 0 13 0 47 -57 20 50 -55 50 176 107 74 77 25 20 16 10 12 32 35 45 55 16 6 7 5 
5009500 5009550 0 0 0 61 -49 0 65 -46 63 189 111 78 87 25 20 16 10 12 32 35 45 55 16 8 9 5 
5025500 5025524 0 0 0 6 -93 0 8 -89 4 130 95 86 78 25 20 16 10 12 32 35 45 55 16 9 10 5 
5031500 5031519 0 0 0 -9 -96 0 -4 -94 -6 120 91 89 84 25 20 16 10 12 32 35 45 55 16 8 6 5 
5037000 5037100 0 0 0 38 -67 0 48 -58 47 173 108 84 81 25 20 16 10 12 32 35 45 55 16 7 9 5 
5046000 5046055 0 0 0 36 -77 0 48 -69 46 172 117 84 73 25 20 16 10 12 32 35 45 55 16 8 9 5 
5077000 5077073 0 0 0 20 -72 0 28 -67 25 151 94 87 81 25 20 16 10 12 32 35 45 55 16 10 9 5 
5085500 5085646 0 0 0 -13 -102 0 -10 -98 -11 115 88 90 88 25 20 16 10 12 32 35 45 55 16 10 8 5 
5091500 5091606 0 0 0 17 -75 0 21 -68 18 144 88 83 75 25 20 16 10 12 32 35 45 55 16 9 8 5 
5099000 5099160 0 0 0 -22 -101 0 -19 -102 -22 104 83 92 88 25 20 16 10 12 32 35 45 55 16 12 9 5 
5109500 5109754 0 13 0 60 -60 7 66 -58 65 191 125 84 85 25 20 16 10 12 32 35 45 55 16 9 9 5 
5112000 5112303 0 0 0 71 -50 0 78 -47 77 203 126 83 92 25 20 16 10 12 32 35 45 55 16 8 9 5 
5115500 5115680 0 13 0 45 -64 0 45 -64 41 167 109 83 87 25 20 16 10 12 32 35 45 55 16 9 9 5 
5120000 5120120 0 0 0 9 -78 0 10 -75 8 134 86 87 92 25 20 16 10 12 32 35 45 55 16 11 10 5 
5135500 5135518 0 0 0 21 -62 0 22 -57 21 147 78 80 73 25 20 16 10 12 32 35 45 55 16 11 9 5 
5154000 5154050 0 0 0 44 -71 0 50 -71 48 174 121 86 94 25 20 16 10 12 32 35 45 55 16 10 9 5 
5163500 5163540 0 0 0 -21 -104 0 -24 -104 -27 99 79 92 94 25 20 16 10 12 32 35 45 55 16 9 10 5 
5171500 5171540 0 0 0 26 -77 0 28 -78 26 152 108 86 83 25 20 16 10 12 32 35 45 55 16 11 11 5 
5178500 5178655 0 0 0 46 -73 0 51 -68 47 173 119 91 89 25 20 16 10 12 32 35 45 55 16 11 9 5 
5192000 5192082 0 0 0 30 -77 0 38 -73 35 161 110 92 97 25 20 16 10 12 32 35 45 55 16 11 12 5 
5199000 5199001 0 0 0 -16 -95 0 -15 -92 -18 108 76 94 91 25 20 16 10 12 32 35 45 55 16 11 9 5 
5208500 5208654 0 0 0 -1 -100 0 3 -96 1 127 99 94 91 25 20 16 10 12 32 35 45 55 16 12 11 5 
5214500 5214600 0 0 0 38 -77 0 49 -73 47 173 122 89 91 25 20 16 10 12 32 35 45 55 16 10 10 5 
5220000 5220019 0 0 0 2 -90 0 10 -84 8 134 95 92 89 25 20 16 10 12 32 35 45 55 16 10 11 5 
5226500 5226582 0 0 0 43 -72 0 47 -64 47 173 114 86 88 25 20 16 10 12 32 35 45 55 16 9 11 5 
5233500 5233558 0 0 0 16 -89 0 21 -83 19 145 105 87 96 25 20 16 10 12 32 35 45 55 16 10 8 5 
5238500 5238517 0 0 0 47 -69 0 59 -58 57 183 116 89 97 25 20 16 10 12 32 35 45 55 16 11 10 5 
5243500 5243689 0 0 0 -12 -103 0 -11 -102 -14 112 89 93 98 25 20 16 10 12 32 35 45 55 16 8 11 5 
5250500 5250545 0 0 0 -21 -111 0 -24 -110 -27 99 85 87 96 25 20 16 10 12 32 35 45 55 16 11 5 5 
5253500 5253637 0 0 0 3 -96 0 6 -89 3 129 96 88 90 25 20 16 10 12 32 35 45 55 16 6 11 5 
5258000 5258113 0 0 0 30 -68 0 43 -60 40 166 103 84 83 25 20 16 10 12 32 35 45 55 16 10 11 5 
5265000 5265007 0 0 0 -1 -96 0 4 -95 1 127 99 87 81 25 20 16 10 12 32 35 45 55 16 10 8 5 
5276000 5276005 0 0 0 -4 -89 0 -2 -94 -3 123 92 95 96 25 20 16 10 12 32 35 45 55 16 10 9 5 
5287000 5287321 0 0 0 -11 -93 0 -18 -102 -21 105 82 91 87 25 20 16 10 12 32 35 45 55 16 9 9 5 
5300500 5300657 0 0 0 -13 -90 0 -7 -83 -10 116 76 86 89 25 20 16 10 12 32 35 45 55 16 11 11 5 
5306000 5306097 0 13 0 20 -82 -6 23 -80 22 148 105 81 77 25 20 16 10 12 32 35 45 55 16 11 10 5 
5312000 5312180 0 0 0 67 -57 0 68 -53 66 192 120 82 79 25 20 16 10 12 32 35 45 55 16 9 10 5 
5333000 5333027 0 0 0 49 -73 0 58 -68 58 184 127 84 83 25 20 16 10 12 32 35 45 55 16 9 10 5 
5338000 5338128 0 0 0 11 -85 0 10 -82 7 133 92 85 96 25 20 16 10 12 32 35 45 55 16 11 10 5 
5346500 5346692 0 0 0 68 -44 0 83 -32 80 206 113 81 72 25 20 16 10 12 32 35 45 55 16 8 10 5 
5350500 5350567 0 13 0 26 -62 -6 24 -62 23 149 88 85 87 25 20 16 10 12 32 35 45 55 16 8 11 5 
5354000 5354212 0 0 0 1 -73 0 5 -70 3 129 74 86 93 25 20 16 10 12 32 35 45 55 16 10 10 5 
5359000 5359079 0 0 0 31 -71 0 39 -66 38 164 107 82 84 25 20 16 10 12 32 35 45 55 16 9 11 5 
5367500 5367551 0 0 0 33 -74 0 38 -68 36 162 107 85 86 25 20 16 10 12 32 35 45 55 16 10 9 5 
5375500 5375609 0 0 0 -13 -94 0 -6 -89 -8 118 84 81 84 25 20 16 10 12 32 35 45 55 16 10 10 5 
5378000 5378016 0 0 0 -5 -85 0 0 -80 -1 125 80 85 86 25 20 16 10 12 32 35 45 55 16 10 11 5 
5383000 5383027 0 13 0 33 -71 4 35 -66 32 158 101 84 90 25 20 16 10 12 32 35 45 55 16 10 5 5 
5385500 5385504 0 0 0 46 -74 0 59 -58 57 183 117 83 77 25 20 16 10 12 32 35 45 55 16 6 8 5 
5388500 5388514 0 0 0 28 -87 0 23 -91 22 148 115 88 91 25 20 16 10 12 32 35 45 55 16 8 9 5 
5398500 5398701 0 0 0 20 -73 0 24 -69 23 149 92 91 93 25 20 16 10 12 32 35 45 55 16 9 12 5 
5404500 5404652 0 0 0 43 -72 0 48 -70 46 172 119 92 89 25 20 16 10 12 32 35 45 55 16 8 9 5 
5407500 5407687 0 13 0 29 -70 1 26 -69 23 149 94 95 97 25 20 16 10 12 32 35 45 55 16 7 8 5 
5414500 5414526 0 0 0 -8 -91 0 0 -85 -2 124 85 91 91 25 20 16 10 12 32 35 45 55 16 11 11 5 
5425500 5425789 0 0 0 -12 -90 0 -14 -93 -17 109 79 90 86 25 20 16 10 12 32 35 45 55 16 5 10 5 
5433000 5433011 0 0 0 30 -83 0 32 -81 31 157 115 88 83 25 20 16 10 12 32 35 45 55 16 9 10 5 
5454500 5454553 0 0 0 8 -93 0 23 -86 22 148 109 93 93 25 20 16 10 12 32 35 45 55 16 9 10 5 
5460000 5460313 0 0 0 -35 -101 0 -29 -96 -32 94 67 90 84 25 20 16 10 12 32 35 45 55 16 8 10 5 
5472000 5472016 0 0 0 42 -79 0 43 -79 39 165 121 87 99 25 20 16 10 12 32 35 45 55 16 9 10 5 
5477500 5477605 0 0 0 33 -86 0 42 -84 40 166 126 91 90 25 20 16 10 12 32 35 45 55 16 6 10 5 
5484000 5484163 0 0 0 -15 -102 0 -9 -98 -12 114 88 92 80 25 20 16 10 12 32 35 45 55 16 9 10 5 
5489500 5489704 0 0 0 26 -78 0 33 -75 31 157 107 89 80 25 20 16 10 12 32 35 45 55 16 8 10 5 
5498000 5498016 0 0 0 -8 -97 0 -6 -93 -9 117 86 93 94 25 20 16 10 12 32 35 45 55 16 12 11 5 
5508500 5508705 0 0 0 33 -81 0 36 -80 34 160 117 84 81 25 20 16 10 12 32 35 45 55 16 7 11 5 
5516000 5516012 0 0 0 0 -107 0 3 -108 1 127 110 92 94 25 20 16 10 12 32 35 45 55 16 8 10 5 
5521500 5521525 0 0 0 -25 -108 0 -21 -107 -22 104 86 91 83 25 20 16 10 12 32 35 45 55 16 11 10 5 
5529000 5529053 0 0 0 28 -83 0 35 -76 32 158 110 91 92 25 20 16 10 12 32 35 45 55 16 10 10 5 
5535000 5535304 0 0 0 -24 -111 0 -13 -106 -15 111 92 93 89 25 20 16 10 12 32 35 45 55 16 10 11 5 
5544500 5545283 0 0 0 9 -82 0 10 -86 8 134 96 88 88 25 20 16 10 12 32 35 45 55 16 4 10 5 
5574000 5574098 0 0 0 16 -96 0 16 -95 15 141 112 91 96 25 20 16 10 12 32 35 45 55 16 10 9 5 
5606000 5606039 0 0 0 19 -100 0 26 -96 24 150 122 95 97 25 20 16 10 12 32 35 45 55 16 9 11 5 
5616500 5616593 0 0 0 -20 -103 0 -14 -97 -16 110 81 92 90 25 20 16 10 12 32 35 45 55 16 11 11 5 
5621000 5621024 0 13 0 5 -93 -9 8 -88 6 132 96 88 82 25 20 16 10 12 32 35 45 55 16 10 10 5 
5624500 5624562 0 0 0 41 -75 0 45 -74 45 171 120 82 82 25 20 16 10 12 32 35 45 55 16 10 7 5 
5634500 5634755 0 0 0 39 -80 0 46 -70 44 170 115 87 94 25 20 16 10 12 32 35 45 55 16 9 11 5 
5637000 5637095 0 13 0 28 -88 6 37 -79 36 162 115 88 83 25 20 16 10 12 32 35 45 55 16 11 9 5 
5642000 5642079 0 0 0 -12 -105 0 -4 -99 -7 119 94 93 96 25 20 16 10 12 32 35 45 55 16 10 12 5 
5647500 5647514 0 0 0 22 -79 0 20 -83 18 144 103 90 91 25 20 16 10 12 32 35 45 55 16 8 8 5 
5656000 5656097 0 0 0 -24 -95 0 -19 -91 -23 103 69 84 89 25 20 16 10 12 32 35 45 55 16 10 10 5 
5676500 5676565 0 0 0 13 -74 0 17 -71 16 142 90 78 72 25 20 16 10 12 32 35 45 55 16 10 9 5 
5692500 5692637 0 0 0 -3 -77 0 -1 -78 -2 124 77 80 72 25 20 16 10 12 32 35 45 55 16 10 10 5 
5717000 5717187 0 0 0 29 -56 0 31 -53 29 155 83 74 69 25 20 16 10 12 32 35 45 55 16 9 9 5 
5772000 5772108 0 0 0 46 -44 0 47 -42 46 172 89 79 77 25 20 16 10 12 32 35 45 55 16 10 10 5 
5805000 5805124 0 0 0 52 -45 0 59 -39 57 183 99 86 83 25 20 16 10 12 32 35 45 55 16 11 11 5 
5809500 5809519 0 13 0 -11 -81 -47 -18 -80 -20 106 63 96 101 25 20 16 10 12 30 35 45 55 16 12 13 5 
5819500 5819596 0 0 0 -1 -80 0 7 -77 5 131 83 92 85 25 20 16 10 12 32 35 45 55 16 11 12 5 
5838500 5838589 0 0 0 -6 -90 0 -6 -88 -7 119 81 88 93 25 20 16 10 12 32 35 45 55 16 11 11 5 
5934500 5934522 0 0 0 -17 -117 0 -22 -110 -25 101 88 96 100 25 20 16 10 12 30 35 45 55 16 9 7 5 
5961000 5961107 0 0 0 -20 -110 0 -8 -103 -10 116 95 95 88 25 20 16 10 12 32 35 45 55 16 9 9 5 
5985500 5985519 0 0 0 -51 -129 0 -44 -124 -46 80 80 102 101 25 20 16 10 12 30 35 45 55 16 11 8 5 
5995000 5995047 0 0 0 -6 -111 0 6 -108 5 131 115 95 93 25 20 16 10 12 32 35 45 55 16 12 12 5 
6000000 6000141 0 0 0 -7 -113 0 5 -102 2 128 106 93 89 25 20 16 10 12 32 35 45 55 16 11 12 5 
6002000 6002022 0 13 0 -42 -122 -11 -47 -120 -50 76 72 97 103 25 20 16 10 12 30 35 45 55 16 12 10 5 
6006500 6006544 0 0 0 -84 -141 0 -90 -138 -91 35 48 98 103 25 20 16 10 12 30 35 45 55 16 12 13 5 
6012000 6012248 0 0 0 -36 -120 0 -20 -109 -22 104 90 93 96 25 20 16 10 12 32 35 45 55 16 12 10 5 
6023500 6023541 0 0 0 -37 -118 0 -31 -122 -34 92 90 95 68 25 20 16 10 12 32 35 45 55 16 12 8 5 
6043000 6043008 0 0 0 -30 -118 0 -27 -114 -27 99 87 94 99 25 20 16 10 12 32 35 45 55 16 12 13 5 
6046000 6046083 0 0 0 -9 -94 0 1 -86 -2 124 87 84 64 25 20 16 10 12 32 35 45 55 16 11 9 5 
6050500 6050537 0 13 0 9 -99 -18 19 -98 16 142 115 88 68 25 20 16 10 12 32 35 45 55 16 12 9 5 
6052500 6052608 0 0 0 43 -80 0 57 -64 56 182 120 87 88 25 20 16 10 12 32 35 45 55 16 9 8 5 
6055500 6055612 0 13 0 -10 -104 3 1 -100 -1 125 99 97 96 25 20 16 10 12 32 35 45 55 16 11 13 5 
6059000 6059028 0 0 0 -78 -148 0 -80 -150 -82 44 70 97 93 25 20 16 10 12 32 35 45 55 16 13 12 5 
6064000 6064036 0 0 0 -18 -123 0 -8 -115 -9 117 106 87 90 25 20 16 10 12 32 35 45 55 16 10 12 5 
6071000 6071030 0 0 0 6 -103 0 11 -97 9 135 107 76 77 25 20 16 10 12 32 35 45 55 16 9 10 5 
6073500 6073521 0 0 0 21 -96 0 28 -92 26 152 121 81 80 25 20 16 10 12 32 35 45 55 16 10 10 5 
6077000 6077081 0 13 0 -26 -115 -16 -23 -116 -25 101 92 91 93 25 20 16 10 12 32 35 45 55 16 11 12 5 
6081500 6081760 0 0 0 -49 -124 0 -43 -120 -46 80 75 86 90 25 20 16 10 12 32 35 45 55 16 6 12 5 
6086000 6086174 0 13 0 -21 -107 -7 -16 -102 -18 108 86 85 69 25 20 16 10 12 32 35 45 55 16 11 8 5 
6090500 6090515 0 0 0 21 -90 0 29 -87 29 155 116 89 85 25 20 16 10 12 32 35 45 55 16 11 11 5 
6093500 6093505 0 13 0 -24 -110 -1 -14 -105 -15 111 92 95 96 25 20 16 10 12 32 35 45 55 16 12 13 5 
6096500 6096627 0 0 0 -69 -135 0 -65 -133 -66 60 68 91 77 25 20 16 10 12 32 35 45 55 16 12 11 5 
6102500 6102611 0 0 0 -17 -107 0 -10 -103 -12 114 93 90 96 25 20 16 10 12 32 35 45 55 16 10 12 5 
6109500 6109637 0 0 0 -55 -123 0 -53 -120 -55 71 68 94 92 25 20 16 10 12 32 35 45 55 16 12 12 5 
6112500 6112578 0 0 0 -51 -119 0 -46 -115 -49 77 68 92 89 25 20 16 10 12 32 35 45 55 16 12 12 5 
6116500 6116657 0 13 0 -1 -95 3 4 -90 3 129 95 84 81 25 20 16 10 12 32 35 45 55 16 12 9 5 
6119000 6119078 0 0 0 25 -75 0 30 -68 30 156 100 75 71 25 20 16 10 12 32 35 45 55 16 9 9 5 
6125500 6125536 0 0 0 22 -82 0 24 -82 23 149 106 83 86 25 20 16 10 12 32 35 45 55 16 10 10 5 
6128500 6128659 0 13 0 -26 -102 -10 -19 -99 -21 105 80 92 93 25 20 16 10 12 32 35 45 55 16 11 12 5 
6132500 6132548 0 0 0 -65 -127 0 -63 -126 -64 62 63 93 95 25 20 16 10 12 32 35 45 55 16 12 12 5 
6142000 6142041 0 0 0 -27 -105 0 -35 -101 -35 91 68 93 101 25 20 16 10 12 30 35 45 55 16 11 12 5 
6168500 6168585 0 0 0 -9 -83 0 -1 -75 -5 121 73 88 90 25 20 16 10 12 32 35 45 55 16 11 11 5 
6198500 6198505 0 0 0 -7 -82 0 -6 -80 -8 118 73 85 81 25 20 16 10 12 32 35 45 55 16 11 11 5 
6211000 6211081 0 0 0 1 -78 0 2 -76 0 126 79 89 88 25 20 16 10 12 32 35 45 55 16 11 11 5 
6214000 6214170 0 13 0 19 -72 -7 27 -68 25 151 94 83 84 25 20 16 10 12 32 35 45 55 16 9 10 5 
6217000 6217112 0 0 0 51 -53 0 62 -42 62 188 104 80 81 25 20 16 10 12 32 35 45 55 16 10 7 5 
6223000 6223057 0 0 0 51 -67 0 60 -61 59 185 121 83 82 25 20 16 10 12 32 35 45 55 16 10 10 5 
6239500 6239626 0 0 0 59 -59 0 62 -55 60 186 117 86 88 25 20 16 10 12 32 35 45 55 16 11 11 5 
6243500 6243534 0 13 0 21 -76 -3 27 -73 24 150 98 93 97 25 20 16 10 12 32 35 45 55 16 11 13 5 
6247500 6248028 0 0 0 -12 -89 0 -8 -86 -10 116 79 91 96 25 20 16 10 12 32 35 45 55 16 8 11 5 
6267000 6267072 0 0 0 13 -66 0 19 -62 17 143 82 84 85 25 20 16 10 12 32 35 45 55 16 11 10 5 
6288500 6288589 0 0 0 11 -64 0 17 -60 14 140 76 84 86 25 20 16 10 12 32 35 45 55 16 11 11 5 
6292500 6292543 0 13 0 44 -44 6 47 -38 46 172 86 79 91 25 20 16 10 12 32 35 45 55 16 9 9 5 
6296000 6296008 0 0 0 61 -38 0 58 -37 55 181 95 76 77 25 20 16 10 12 32 35 45 55 16 8 10 5 
6310000 6310124 0 0 0 55 -53 0 67 -46 65 191 114 89 86 25 20 16 10 12 32 35 45 55 16 12 11 5 
6312500 6312511 0 13 0 19 -66 13 43 -54 41 167 97 97 96 25 20 16 10 12 32 35 45 55 16 11 10 5 
6315500 6315568 0 0 0 -53 -110 0 -45 -113 -46 80 69 91 79 25 20 16 10 12 32 35 45 55 16 12 10 5 
6319500 6319735 0 13 0 5 -97 15 20 -90 18 144 109 74 74 25 20 16 10 12 32 35 45 55 16 6 7 5 
6324000 6324042 0 0 0 37 -79 0 41 -73 40 166 116 78 77 25 20 16 10 12 32 35 45 55 16 9 8 5 
6327500 6327824 0 0 0 41 -76 0 46 -69 44 170 115 83 82 25 20 16 10 12 32 35 45 55 16 6 11 5 
6335500 6335517 0 0 0 -30 -117 0 -44 -115 -45 81 71 91 103 25 20 16 10 12 30 35 45 55 16 12 11 5 
6338500 6338575 0 13 0 2 -108 -5 7 -103 4 130 108 85 83 25 20 16 10 12 32 35 45 55 16 10 10 5 
6341000 6341092 0 0 0 38 -81 0 44 -76 42 168 121 80 78 25 20 16 10 12 32 35 45 55 16 10 10 5 
6347000 6347138 0 0 0 3 -94 0 7 -94 6 132 102 88 78 25 20 16 10 12 32 35 45 55 16 11 11 5 
6351000 6351087 0 0 0 40 -74 0 50 -63 48 174 115 84 82 25 20 16 10 12 32 35 45 55 16 10 11 5 
6353500 6353665 0 13 0 15 -85 6 17 -80 15 141 98 90 92 25 20 16 10 12 32 35 45 55 16 10 10 5 
6356500 6356507 0 0 0 -29 -116 0 -31 -115 -33 93 83 94 99 25 20 16 10 12 32 35 45 55 16 11 11 5 
6365500 6365633 0 0 0 7 -84 0 16 -81 15 141 96 90 96 25 20 16 10 12 32 35 45 55 16 11 11 5 
6372500 6372510 0 0 0 -9 -94 0 -9 -92 -11 115 83 89 93 25 20 16 10 12 32 35 45 55 16 11 12 5 
6375500 6375614 0 13 0 17 -80 -9 21 -77 18 144 97 86 98 25 20 16 10 12 32 35 45 55 16 12 10 5 
6378500 6378543 0 0 0 62 -61 0 72 -55 71 197 127 81 80 25 20 16 10 12 32 35 45 55 16 9 11 5 
6396500 6396600 0 0 0 43 -79 0 42 -78 39 165 119 91 85 25 20 16 10 12 32 35 45 55 16 10 10 5 
6400000 6400019 0 13 0 -17 -96 -1 -25 -92 -26 100 66 99 102 25 20 16 10 12 30 35 45 55 16 9 14 5 
6404000 6404081 0 0 0 -85 -141 0 -82 -142 -84 42 60 97 99 25 20 16 10 12 32 35 45 55 16 12 13 5 
6408000 6408018 0 13 0 -42 -116 6 -33 -109 -35 91 76 92 97 25 20 16 10 12 32 35 45 55 16 12 12 5 
6413500 6413588 0 0 0 3 -83 0 -7 -77 -9 117 70 85 101 25 20 16 10 12 30 35 45 55 16 11 10 5 
6442500 6442645 0 0 0 1 -76 0 1 -79 -2 124 79 82 74 25 20 16 10 12 32 35 45 55 16 10 8 5 
6453500 6453655 0 0 0 11 -72 0 16 -67 16 142 85 87 89 25 20 16 10 12 32 35 45 55 16 11 11 5 
6464500 6464690 0 0 0 58 -53 0 67 -46 65 191 112 81 83 25 20 16 10 12 32 35 45 55 16 9 7 5 
6480500 6480722 0 0 0 69 -58 0 73 -53 70 196 126 90 88 25 20 16 10 12 32 35 45 55 16 10 12 5 
6483500 6483570 0 13 0 4 -86 -5 -4 -84 -8 118 78 98 103 25 20 16 10 12 30 35 45 55 16 10 13 5 
6486000 6486119 0 0 0 -42 -115 0 -43 -115 -46 80 71 95 87 25 20 16 10 12 32 35 45 55 16 13 12 5 
6491000 6491047 0 0 0 -19 -91 0 -19 -88 -20 106 70 88 97 25 20 16 10 12 32 35 45 55 16 11 11 5 
6495500 6495522 0 13 0 19 -75 -3 19 -73 15 141 92 84 87 25 20 16 10 12 32 35 45 55 16 11 11 5 
6499500 6499530 0 0 0 58 -56 0 66 -51 64 190 117 76 78 25 20 16 10 12 32 35 45 55 16 8 8 5 
6509500 6509711 0 0 0 43 -67 0 49 -61 48 174 111 83 67 25 20 16 10 12 32 35 45 55 16 9 11 5 
6514500 6514500 0 13 0 7 -83 13 8 -80 6 132 87 93 98 25 20 16 10 12 32 35 45 55 16 11 12 5 
6520000 6520132 0 0 0 -60 -114 0 -64 -114 -66 60 50 100 101 25 20 16 10 12 30 35 45 55 16 13 13 5 
6523500 6523501 0 13 0 -11 -94 2 -9 -95 -11 115 86 85 91 25 20 16 10 12 32 35 45 55 16 12 9 5 
6528500 6528572 0 0 0 55 -63 0 62 -56 61 187 119 85 87 25 20 16 10 12 32 35 45 55 16 10 11 5 
6536000 6536163 0 0 0 64 -61 0 68 -58 66 192 125 82 79 25 20 16 10 12 32 35 45 55 16 10 11 5 
6539500 6539592 0 13 0 18 -82 -10 20 -80 19 145 100 90 85 25 20 16 10 12 32 35 45 55 16 10 10 5 
6542500 6542595 0 0 0 -4 -86 0 -4 -82 -6 120 79 85 74 25 20 16 10 12 32 35 45 55 16 11 10 5 
6545500 6545674 0 13 0 35 -65 6 45 -59 42 168 104 74 69 25 20 16 10 12 32 35 45 55 16 10 8 5 
6548500 6548593 0 0 0 63 -47 0 72 -40 68 194 110 71 68 25 20 16 10 12 32 35 45 55 16 8 9 5 
6556000 6556168 0 0 0 61 -50 0 70 -42 70 196 113 80 82 25 20 16 10 12 32 35 45 55 16 10 10 5 
6558500 6558597 0 13 0 34 -68 -6 38 -65 37 163 102 86 90 25 20 16 10 12 32 35 45 55 16 10 10 5 
6563000 6563017 0 0 0 2 -87 0 3 -85 2 128 89 85 88 25 20 16 10 12 32 35 45 55 16 12 8 5 
6579500 6579569 0 0 0 18 -62 0 21 -60 20 146 82 75 65 25 20 16 10 12 32 35 45 55 16 7 9 5 
6620500 6620600 0 0 0 39 -56 0 38 -53 37 163 92 84 93 25 20 16 10 12 32 35 45 55 16 11 10 5 
6669500 6669666 0 0 0 25 -69 0 27 -65 26 152 94 87 77 25 20 16 10 12 32 35 45 55 16 11 11 5 
6693500 6693555 0 0 0 13 -70 0 14 -69 12 138 83 89 93 25 20 16 10 12 32 35 45 55 16 12 11 5 
6699500 6699526 0 13 0 60 -48 18 63 -45 61 187 107 80 80 25 20 16 10 12 32 35 45 55 16 8 8 5 
6707000 6707167 0 0 0 79 -48 0 81 -45 80 206 126 78 77 25 20 16 10 12 32 35 45 55 16 10 10 5 
6797000 6797124 0 0 0 68 -48 0 75 -41 73 199 116 83 94 25 20 16 10 12 32 35 45 55 16 10 10 5 
6806000 6806031 0 0 0 83 -41 0 87 -39 85 211 127 80 84 25 20 16 10 12 32 35 45 55 16 11 9 5 
6811000 6811010 0 13 0 62 -50 6 68 -44 67 193 113 88 96 25 20 16 10 12 32 35 45 55 16 12 10 5 
6818500 6818548 0 0 0 16 -70 0 21 -67 19 145 88 89 84 25 20 16 10 12 32 35 45 55 16 11 11 5 
6850500 6850615 0 0 0 36 -59 0 37 -60 34 160 95 81 85 25 20 16 10 12 32 35 45 55 16 11 8 5 
6943000 6943115 0 0 0 29 -58 0 32 -56 30 156 88 85 85 25 20 16 10 12 32 35 45 55 16 10 11 5 
6963500 6963615 0 0 0 53 -67 0 54 -69 51 177 122 86 84 25 20 16 10 12 32 35 45 55 16 11 12 5 
6972500 6972594 0 0 0 28 -76 0 40 -67 39 165 108 87 83 25 20 16 10 12 32 35 45 55 16 10 11 5 
6975500 6975607 0 13 0 2 -83 1 -3 -80 -6 120 77 97 104 25 20 16 10 12 30 35 45 55 16 12 12 5 
6978500 6978713 0 0 0 -26 -100 0 -23 -99 -25 101 76 96 96 25 20 16 10 12 32 35 45 55 16 11 11 5 
6989000 6989142 0 0 0 23 -80 0 28 -77 27 153 106 92 94 25 20 16 10 12 32 35 45 55 16 12 12 5 
6997500 6997539 0 0 0 5 -64 0 9 -62 6 132 69 84 75 25 20 16 10 12 32 35 45 55 16 10 11 5 
7106500 7106650 0 0 0 9 -60 0 9 -60 8 134 70 80 82 25 20 16 10 12 32 35 45 55 16 9 10 5 
7123000 7123006 0 0 0 36 -65 0 37 -63 34 160 100 89 87 25 20 16 10 12 32 35 45 55 16 11 12 5 
7174500 7174627 0 0 0 42 -74 0 46 -72 46 172 120 92 90 25 20 16 10 12 32 35 45 55 16 8 12 5 
7186000 7186051 0 0 0 0 -99 0 2 -96 1 127 98 92 88 25 20 16 10 12 32 35 45 55 16 12 11 5 
7209500 7209536 0 0 0 -1 -84 0 4 -80 2 128 83 82 88 25 20 16 10 12 32 35 45 55 16 10 9 5 
7612000 7612130 0 -1 7 -50 -127 -51 -51 -125 -52 74 74 104 104 25 20 16 10 12 30 35 45 55 16 13 14 5 
7640000 7640041 0 2 7 -153 -212 -154 -153 -210 -157 -31 57 124 123 25 20 16 10 12 27 35 45 55 16 14 13 5 
7653500 7653505 0 -3 7 -41 -162 -43 -23 -155 -26 100 131 107 107 25 20 16 10 12 30 35 45 55 16 15 13 5 
7671000 7671161 0 -1 7 -50 -147 -52 -49 -147 -51 75 97 94 89 25 20 16 10 12 32 35 45 55 16 11 12 5 
7681000 7681035 0 2 7 -95 -165 -96 -92 -163 -91 35 72 101 103 25 20 16 10 12 30 35 45 55 16 13 13 5 
7755000 7755046 0 -3 7 -48 -127 -50 -43 -120 -44 82 78 105 103 25 20 16 10 12 30 35 45 55 16 14 14 5 
7842000 7842012 0 0 0 2 -68 0 9 -61 9 135 71 80 76 25 20 16 10 12 32 35 45 55 16 9 10 5 
7853000 7853144 0 0 0 23 -59 0 26 -56 25 151 83 88 96 25 20 16 10 12 32 35 45 55 16 11 9 5 
7861500 7861531 0 0 0 -14 -88 0 -13 -88 -15 111 74 95 92 25 20 16 10 12 32 35 45 55 16 12 12 5 
7866500 7866530 0 13 0 12 -67 -13 14 -62 12 138 75 91 89 25 20 16 10 12 32 35 45 55 16 12 9 5 
7869500 7869580 0 0 0 48 -52 0 59 -44 57 183 103 89 86 25 20 16 10 12 32 35 45 55 16 7 9 5 
7873000 7873329 0 13 0 -10 -88 -12 -36 -91 -38 88 56 93 101 25 20 16 10 12 30 35 45 55 16 8 11 5 
7875500 7875622 0 0 0 -32 -100 0 -31 -98 -34 92 66 91 96 25 20 16 10 12 32 35 45 55 16 11 11 5 
7880000 7880017 0 13 0 11 -74 -3 14 -73 13 139 88 86 84 25 20 16 10 12 32 35 45 55 16 12 9 5 
7883500 7883524 0 0 0 50 -61 0 53 -62 53 179 117 84 72 25 20 16 10 12 32 35 45 55 16 7 10 5 
7890500 7890577 0 0 0 8 -73 0 9 -71 9 135 80 88 91 25 20 16 10 12 32 35 45 55 16 9 9 5 
7894500 7894541 0 0 0 12 -74 0 15 -72 13 139 88 85 90 25 20 16 10 12 32 35 45 55 16 10 10 5 
7901000 7901045 0 0 0 47 -57 0 61 -49 59 185 110 83 82 25 20 16 10 12 32 35 45 55 16 10 11 5 
7908000 7908138 0 0 0 -13 -96 0 -13 -92 -14 112 79 94 98 25 20 16 10 12 32 35 45 55 16 12 12 5 
7917000 7917175 0 0 0 30 -58 0 32 -54 31 157 87 84 81 25 20 16 10 12 32 35 45 55 16 11 10 5 
7930000 7931151 0 0 0 5 -89 0 1 -88 -1 125 89 95 99 25 20 16 10 12 32 35 45 55 16 4 8 5 
7947000 7947087 0 0 0 3 -94 0 5 -92 3 129 97 92 90 25 20 16 10 12 32 35 45 55 16 10 11 5 
7952500 7952514 0 0 0 6 -84 0 11 -80 10 136 92 87 81 25 20 16 10 12 32 35 45 55 16 12 11 5 
7958000 7958119 0 0 0 50 -56 0 58 -50 57 183 110 85 75 25 20 16 10 12 32 35 45 55 16 9 9 5 
7964500 7964631 0 0 0 13 -77 0 14 -76 11 137 88 89 81 25 20 16 10 12 32 35 45 55 16 11 10 5 
7979500 7979607 0 0 0 2 -89 0 11 -87 8 134 97 94 94 25 20 16 10 12 32 35 45 55 16 12 11 5 
7989500 7989576 0 0 0 32 -66 0 40 -60 38 164 99 87 89 25 20 16 10 12 32 35 45 55 16 12 11 5 
8002500 8002613 0 0 0 26 -71 0 33 -67 30 156 99 94 93 25 20 16 10 12 32 35 45 55 16 12 11 5 
8009500 8009503 0 0 0 -32 -110 0 -26 -111 -28 98 85 95 98 25 20 16 10 12 32 35 45 55 16 12 12 5 
8015500 8015645 0 13 0 20 -86 -1 25 -84 21 147 108 88 88 25 20 16 10 12 32 35 45 55 16 11 10 5 
8020000 8020108 0 0 0 62 -63 0 77 -53 75 201 130 92 88 25 20 16 10 12 32 35 45 55 16 10 9 5 
8025000 8025157 0 0 0 3 -95 0 11 -89 9 135 100 91 77 25 20 16 10 12 32 35 45 55 16 10 11 5 
8117000 8117042 0 0 0 8 -77 0 9 -74 5 131 81 82 81 25 20 16 10 12 32 35 45 55 16 11 10 5 
8175500 8175501 0 0 0 16 -69 0 20 -66 19 145 86 83 78 25 20 16 10 12 32 35 45 55 16 11 10 5 
8190000 8190058 0 0 0 42 -41 0 43 -38 42 168 81 80 74 25 20 16 10 12 32 35 45 55 16 9 9 5 
8285500 8285598 0 0 0 55 -41 0 62 -38 58 184 99 82 77 25 20 16 10 12 32 35 45 55 16 10 10 5 
8366000 8366172 0 0 0 50 -35 0 55 -29 52 178 83 79 79 25 20 16 10 12 32 35 45 55 16 10 10 5 
8418500 8418698 0 0 0 49 -34 0 54 -28 50 176 80 77 75 25 20 16 10 12 32 35 45 55 16 9 10 5 
8475500 8475554 0 0 0 15 -51 0 15 -49 15 141 65 79 74 25 20 16 10 12 32 35 45 55 16 10 9 5 
8527500 8527631 0 0 0 20 -44 0 23 -43 19 145 64 81 77 25 20 16 10 12 32 35 45 55 16 11 10 5 
8732000 8732082 0 0 0 -6 -57 0 -5 -54 -6 120 51 80 81 25 20 15 10 12 32 35 45 55 16 10 10 5 
8756000 8756068 0 0 0 -49 -93 0 -46 -90 -49 77 45 89 90 25 20 15 10 12 32 35 45 55 16 11 11 5 
8793500 8793626 0 0 0 -36 -85 0 -37 -82 -41 85 43 86 87 25 20 15 10 12 32 35 45 55 16 11 11 5 
8893000 8893056 0 0 0 -11 -75 0 -7 -74 -8 118 68 86 82 25 20 15 10 12 32 35 45 55 16 11 11 5 
9024500 9024668 0 0 0 -4 -70 0 0 -66 -2 124 65 82 79 25 20 16 10 12 32 35 45 55 16 9 10 5 
9254000 9254172 0 0 0 -9 -77 0 -5 -73 -8 118 68 79 83 25 20 16 10 11 31 35 45 55 16 10 10 5 
9332000 9332088 0 0 0 4 -60 0 8 -56 4 130 63 79 80 25 20 16 10 11 31 35 45 55 16 10 10 5 
9487500 9487557 0 0 0 0 -73 0 4 -70 3 129 73 89 96 25 20 16 10 11 31 35 45 55 16 11 11 5 
9897000 9897001 0 0 0 -4 -59 0 0 -57 -4 122 56 80 82 25 20 16 10 11 31 35 45 55 16 10 10 5 
10085500 10085571 0 0 0 -13 -66 0 -10 -61 -12 114 50 82 86 25 20 16 10 11 31 35 45 55 16 11 10 5 
10128500 10128587 0 0 0 6 -63 0 10 -59 6 132 68 79 80 25 20 16 10 11 31 35 45 55 16 10 10 5 
10288000 10288021 0 0 0 24 -49 0 27 -47 25 151 74 79 77 25 20 16 10 11 31 35 45 55 16 9 10 5 
10318000 10318014 0 0 0 11 -58 0 16 -54 14 140 70 84 89 25 20 16 10 11 31 35 45 55 16 11 11 5 
10439000 10439126 0 0 0 28 -47 0 32 -45 31 157 77 80 81 25 20 16 10 11 31 35 45 55 16 10 10 5 
10536500 10536624 0 0 0 24 -45 0 26 -46 24 150 72 80 75 25 20 16 10 11 31 35 45 55 16 10 10 5 
10548500 10548625 0 0 0 33 -36 0 37 -32 33 159 69 79 74 25 20 16 10 11 31 35 45 55 16 10 10 5 
10578000 10578174 0 0 0 5 -47 0 8 -43 7 133 52 81 78 25 20 16 10 11 31 35 45 55 16 10 10 5 
10713500 10713648 0 0 0 6 -56 0 11 -54 9 135 65 81 81 25 20 16 10 11 31 35 45 55 16 10 10 5 
10739000 10739205 0 0 0 39 -39 0 44 -37 41 167 81 79 73 25 20 16 10 11 31 35 45 55 16 8 10 5 
10781500 10781721 0 0 0 35 -42 0 39 -41 37 163 78 83 89 25 20 16 10 11 31 35 45 55 16 3 9 5 
10792500 10792581 0 0 0 3 -59 0 3 -58 -1 125 60 80 85 25 20 16 10 11 31 35 45 55 16 9 10 5 
11025000 11025096 0 0 0 5 -39 0 8 -35 5 131 41 74 74 25 20 16 10 11 31 35 45 55 16 9 8 5 
11317500 11317606 0 0 0 1 -57 0 7 -55 4 130 61 75 78 25 20 16 10 11 31 35 45 55 16 10 8 5 
11838500 11838560 0 0 0 -13 -67 0 -9 -63 -12 114 54 85 89 25 20 18 10 13 33 35 45 55 16 9 10 5 
11862000 11862125 0 13 0 30 -50 -10 34 -48 32 158 84 79 83 25 20 18 10 13 33 35 45 55 16 7 4 5 
11867000 11867039 0 0 0 51 -43 0 51 -44 51 177 96 72 71 25 20 18 10 13 33 35 45 55 16 7 6 5 
11938000 11938003 0 0 0 35 -48 0 40 -45 38 164 86 76 77 25 20 18 10 13 33 35 45 55 16 9 10 5 
11962500 11962594 0 13 0 10 -66 8 7 -68 6 132 75 80 77 25 20 18 10 13 33 35 45 55 16 4 7 5 
11977500 11977649 0 0 0 -18 -64 0 -14 -61 -15 111 47 85 88 25 20 18 10 13 33 35 45 55 16 5 10 5 
12000000 12000503 0 13 0 10 -58 -22 9 -62 8 134 70 77 80 25 20 18 10 13 33 35 45 55 16 4 7 5 
12011000 12011101 0 0 0 57 -30 0 57 -27 55 181 84 77 76 25 20 18 10 13 33 35 45 55 16 10 9 5 
12041000 12041201 0 0 0 5 -59 0 10 -54 6 132 63 72 74 25 20 18 10 12 32 35 45 55 16 9 9 5 
12105000 12105078 0 0 0 2 -58 0 8 -53 7 133 62 69 70 25 20 18 10 12 32 35 45 55 16 9 9 5 
12292500 12292517 0 0 0 6 -49 0 8 -44 8 134 52 70 70 25 20 18 10 12 32 35 45 55 16 9 9 5 
12932000 12932074 0 0 0 6 -43 0 13 -38 10 136 52 68 70 25 20 18 10 12 32 35 45 55 16 8 9 5 
13119500 13119588 0 0 0 -1 -46 0 2 -42 -2 124 44 65 66 25 20 18 10 12 32 35 45 55 16 8 8 5 
13860000 13860020 0 0 0 -3 -41 0 1 -39 1 127 41 68 66 25 20 18 10 12 32 35 45 55 16 9 8 5 
14392500 14392605 0 0 0 -22 -60 0 -19 -56 -22 104 38 62 63 25 20 18 10 12 32 35 45 55 16 8 8 5 
14540500 14540531 0 0 0 -18 -60 0 -14 -56 -17 109 42 60 58 25 20 17 10 13 33 35 45 55 16 7 7 5 
14595000 14595207 0 0 0 -4 -48 0 0 -44 -2 124 45 60 55 25 20 17 10 13 33 35 45 55 16 8 7 5 
14715000 14715039 0 0 0 -10 -47 0 -7 -42 -8 118 37 61 61 25 20 17 10 13 33 35 45 55 16 7 8 5 
14773000 14773202 0 0 0 -15 -57 0 -11 -53 -14 112 42 59 58 25 20 17 10 13 33 35 45 55 16 7 7 5 
14792000 14792101 0 0 0 24 -32 0 26 -32 24 150 57 63 71 25 20 17 10 13 33 35 45 55 16 9 8 5 
14874500 14874715 0 0 0 23 -27 0 25 -22 25 151 50 55 55 25 20 17 10 13 33 35 45 55 16 7 7 5 
14889500 14889570 0 0 0 -1 -43 0 2 -40 -1 125 41 57 59 25 20 17 10 13 33 35 45 55 16 7 7 5 
14940000 14940157 0 0 0 -2 -50 0 -1 -48 -3 123 47 59 56 25 20 17 10 13 33 35 45 55 16 7 7 5 
14955000 14955043 0 0 0 31 -17 0 34 -15 31 157 48 54 52 25 20 17 10 13 33 35 45 55 16 6 7 5 
15105000 15105235 0 0 0 40 -12 0 43 -9 40 166 53 59 60 25 20 17 10 13 33 35 45 55 16 7 7 5 
15122000 15122101 0 0 0 0 -39 0 3 -35 3 129 39 55 52 25 20 17 10 13 33 35 45 55 16 6 7 5 
15253000 15253128 0 0 0 -13 -32 0 -8 -29 -11 115 21 61 62 25 20 17 10 11 31 35 45 55 16 8 8 5 
15279500 15279735 0 0 0 27 -21 0 31 -17 31 157 49 56 52 25 20 17 10 13 33 35 45 55 16 7 7 5 
15478000 15478018 0 0 0 30 -21 0 33 -18 31 157 52 58 61 25 20 17 10 13 33 35 45 55 16 7 7 5 
15654500 15654644 0 0 0 28 -24 0 30 -19 27 153 48 60 60 25 20 17 10 13 33 35 45 55 16 7 8 5 
15986000 15986164 0 0 0 36 -18 0 38 -14 36 162 52 60 62 25 20 17 10 13 33 35 45 55 16 7 7 5 
16008500 16008653 0 0 0 -2 -42 0 0 -40 -3 123 37 56 53 25 20 17 10 13 33 35 45 55 16 7 7 5 
16082000 16082381 0 0 0 -6 -55 0 -2 -52 -3 123 51 70 72 25 20 17 10 13 33 35 45 55 16 6 10 5 
16098500 16098611 0 0 0 13 -40 0 18 -38 16 142 57 62 58 25 20 17 10 13 33 35 45 55 16 8 8 5 
16309500 16309500 0 0 0 5 -37 0 11 -31 9 135 43 59 57 25 20 17 10 13 33 35 45 55 16 7 7 5 
16320000 16320118 0 13 0 24 -36 -7 29 -31 27 153 60 71 71 25 20 17 10 13 33 35 45 55 16 8 9 5 
16329500 16329565 0 0 0 55 -11 0 59 -8 57 183 65 56 56 25 20 17 10 13 33 35 45 55 16 7 7 5 
16427000 16427065 0 0 0 46 -12 0 50 -9 48 174 59 57 55 25 20 17 10 13 33 35 45 55 16 7 6 5 
16443000 16443178 0 0 0 8 -34 0 13 -29 11 137 43 55 53 25 20 17 10 13 33 35 45 55 16 7 7 5 
16530000 16530104 0 0 0 5 -40 0 9 -38 9 135 47 60 61 25 20 17 10 13 33 35 45 55 16 7 8 5 
16543000 16543133 0 0 0 40 -16 0 46 -13 44 170 60 52 54 25 20 18 10 13 33 35 45 55 16 6 7 5 
16693000 16693037 0 0 0 61 3 0 65 7 63 189 59 55 57 25 20 18 10 13 33 35 45 55 16 7 7 5 
16700500 16700571 0 13 0 38 -13 10 45 -6 41 167 50 67 75 25 20 18 10 13 33 35 45 55 16 6 4 5 
16706000 16706222 0 0 0 4 -39 0 9 -34 6 132 42 66 68 25 20 18 10 13 33 35 45 55 16 9 8 5 
16824500 16824709 0 0 0 17 -31 0 20 -29 18 144 50 60 60 25 20 18 10 13 33 35 45 55 16 7 8 5 
17439500 17439699 0 0 0 11 -23 0 14 -19 12 138 32 58 57 25 20 17 10 13 33 35 45 55 16 8 7 5 
17471000 17471079 0 0 0 14 -21 0 16 -18 13 139 35 57 55 25 20 17 10 13 33 35 45 55 16 8 6 5 
17486000 17486251 0 0 0 56 4 0 58 6 56 182 53 53 54 25 20 17 10 13 33 35 45 55 16 6 7 5 
17493500 17493749 0 0 0 59 3 0 64 6 61 187 58 57 63 25 20 17 10 13 33 35 45 55 16 7 7 5 
17508500 17508650 0 0 0 22 -30 0 26 -27 23 149 52 57 60 25 20 17 10 13 33 35 45 55 16 7 5 5 
17546000 17546029 0 0 0 26 -26 0 31 -22 27 153 50 57 56 25 20 17 10 13 33 35 45 55 16 7 6 5 
17563000 17563158 0 0 0 38 -12 0 42 -10 40 166 53 55 56 25 20 17 10 13 33 35 45 55 16 7 7 5 
17765500 17765707 0 0 0 54 -7 0 57 -3 54 180 60 59 60 25 20 17 10 13 33 35 45 55 16 7 6 5 
17784500 17784505 0 0 0 25 -26 0 26 -24 24 150 52 59 59 25 20 17 10 13 33 35 45 55 16 7 7 5 
17861000 17861236 0 0 0 19 -30 0 21 -26 19 145 47 64 55 25 20 17 10 13 33 35 45 55 16 8 5 5 
17882000 17882191 0 0 0 38 -15 0 39 -13 36 162 51 59 67 25 20 17 10 13 33 35 45 55 16 6 7 5 
17915500 17915562 0 0 0 29 -21 0 32 -19 29 155 51 58 56 25 20 17 10 12 32 35 45 55 16 7 7 5 
17934500 17934610 0 0 0 71 11 0 74 13 72 198 60 56 54 25 20 17 10 12 32 35 45 55 16 7 7 5 
17943000 17943138 0 13 0 30 -22 -9 26 -26 23 149 52 67 67 25 20 17 10 12 32 35 45 55 16 3 8 5 
17949500 17949713 0 0 0 16 -25 0 20 -19 18 144 39 57 55 25 20 17 10 12 32 35 45 55 16 7 7 5 
17990500 17990733 0 0 0 10 -33 0 12 -29 9 135 40 57 55 25 20 17 10 12 32 35 45 55 16 7 7 5 
18015000 18015082 0 0 0 47 -17 0 49 -18 48 174 68 67 62 25 20 17 10 12 32 35 45 55 16 9 8 5 
18120000 18120172 0 0 0 60 -13 0 63 -12 61 187 75 68 74 25 20 17 10 11 31 35 45 55 16 9 9 5 
18187500 18187545 0 0 0 23 -25 0 22 -21 21 147 45 66 66 25 20 17 10 11 31 35 45 55 16 8 8 5 
18253000 18253433 0 0 0 30 -25 0 34 -23 32 158 57 67 72 25 20 17 10 11 31 35 45 55 16 7 9 5 
18417000 18417203 0 0 0 26 -15 0 32 -12 29 155 43 60 61 25 20 17 10 11 31 35 45 55 16 7 8 5 
18500500 18500516 0 0 0 -3 -35 0 1 -29 -2 124 30 66 69 25 20 17 10 11 31 35 45 55 16 8 8 5 
18860500 18860603 0 0 0 16 -16 0 19 -14 17 143 32 64 63 25 20 17 10 11 31 35 45 55 16 8 7 5 
19226000 19226068 0 0 0 9 -43 0 15 -38 14 140 55 74 77 25 20 17 10 11 31 35 45 55 16 9 10 5 
19501500 19501657 0 -1 7 -41 -92 -52 -39 -90 -40 86 53 92 93 25 20 17 10 11 31 35 45 55 16 12 12 5 
19582000 19582069 0 2 7 -91 -146 -104 -87 -145 -90 36 57 96 96 25 20 17 10 11 31 35 45 55 16 12 12 5 
19648000 19648053 0 -3 7 -36 -79 -49 -32 -74 -33 93 43 78 82 25 20 17 10 11 31 35 45 55 16 10 10 5 
20002500 20002655 0 0 0 16 -37 0 19 -35 16 142 53 66 61 25 20 18 10 11 31 35 45 55 16 8 9 5 
100500 100649 1 0 -1 0 -5 0 -2 -8 0 15 6 83 88 25 20 17 10 13 33 35 45 55 16 9 11 5 
107500 107677 1 0 0 8 16 0 9 17 12 27 -9 81 75 25 20 17 10 13 33 35 45 55 16 5 8 5 
186000 186013 1 0 0 1 7 0 -1 3 1 16 -3 83 87 25 20 17 10 12 32 35 45 55 16 8 7 5 
195000 195036 1 0 0 16 15 0 18 12 19 34 5 74 70 25 20 17 10 12 32 35 45 55 16 8 7 5 
210000 210178 1 0 0 1 13 0 -2 10 1 16 -11 72 71 25 20 17 10 12 32 35 45 55 16 5 7 5 
218500 218610 1 0 0 27 32 0 24 29 26 41 -5 67 61 25 20 17 10 12 32 35 45 55 16 8 7 5 
343000 343370 1 0 0 13 31 0 10 29 12 27 -18 69 72 25 20 17 10 11 31 35 45 55 16 6 9 5 
431000 431511 1 0 0 17 32 0 16 27 18 33 -12 68 74 25 20 17 10 11 31 35 45 55 16 3 5 5 
722000 722155 1 0 0 13 25 0 14 23 15 30 -10 75 75 25 20 17 10 11 31 35 45 55 16 8 9 5 
1001000 1001009 1 0 0 27 41 0 24 39 27 42 -15 71 75 25 20 17 10 11 31 35 45 55 16 9 9 5 
1185000 1185047 1 0 0 30 41 0 26 38 29 44 -12 78 82 25 20 17 10 11 31 35 45 55 16 10 8 5 
1217000 1217089 1 0 0 26 46 0 23 47 24 39 -24 77 78 25 20 17 10 11 31 35 45 55 16 9 8 5 
1265500 1265525 1 0 0 30 39 0 30 39 33 48 -7 73 66 25 20 17 10 11 31 35 45 55 16 9 9 5 
1284500 1284604 1 0 0 3 31 0 -1 26 1 16 -28 69 67 25 20 17 10 11 31 35 45 55 16 9 9 5 
1327500 1327642 1 0 0 2 26 0 -1 24 3 18 -23 78 81 25 20 17 10 11 31 35 45 55 16 9 7 5 
1382000 1382026 1 0 0 18 41 0 18 39 19 34 -21 79 81 25 20 17 10 11 31 35 45 55 16 8 10 5 
1489500 1489520 1 0 0 -4 24 0 -8 20 -6 9 -28 80 83 25 20 17 10 11 31 35 45 55 16 10 10 5 
1579500 1579600 1 0 0 -3 23 0 -7 20 -5 10 -28 80 80 25 20 17 10 11 31 35 45 55 16 10 10 5 
1592000 1592031 1 0 0 -1 16 0 -4 11 -3 12 -15 80 76 25 20 17 10 11 31 35 45 55 16 10 11 5 
1672500 1672609 1 0 0 4 28 0 1 26 4 19 -25 84 90 25 20 17 10 11 31 35 45 55 16 11 10 5 
2041000 2041019 1 0 0 6 28 0 5 28 6 21 -23 85 87 25 20 17 10 11 31 35 45 55 16 11 11 5 
2447000 2447130 1 0 0 17 35 0 14 31 17 32 -15 83 87 25 20 17 10 11 31 35 45 55 16 9 11 5 
2619500 2619660 1 0 0 27 34 0 26 31 29 44 -4 82 86 25 20 17 10 11 31 35 45 55 16 8 11 5 
2895000 2895068 1 0 0 32 38 0 32 38 33 48 -6 78 79 25 20 17 10 11 31 35 45 55 16 10 10 5 
3326000 3326201 1 0 0 38 41 0 39 39 41 56 -2 73 68 25 20 17 10 11 31 35 45 55 16 9 9 5 
3819500 3819518 1 0 0 30 39 0 28 37 29 44 -10 74 74 25 20 17 10 11 31 35 45 55 16 9 10 5 
4092500 4092683 1 0 0 31 40 0 31 39 34 49 -8 69 73 25 20 17 10 11 31 35 45 55 16 9 9 5 
4173500 4173927 1 0 0 29 31 0 23 26 25 40 -4 70 61 25 20 17 10 11 31 35 45 55 16 8 8 5 
4346500 4346596 1 -1 7 -26 -21 -51 -33 -25 -33 -18 -9 93 91 25 20 17 10 12 32 35 45 55 16 11 12 5 
4459000 4459059 1 2 7 -90 -85 -113 -95 -88 -94 -79 -8 116 118 25 20 16 10 12 28 35 45 55 16 15 15 5 
4523500 4523584 1 -3 7 -28 -7 -49 -28 -8 -27 -12 -21 82 85 25 20 16 10 12 32 35 45 55 16 11 10 5 
4719500 4719601 1 0 0 17 32 0 14 30 17 32 -15 82 84 25 20 16 10 11 31 35 45 55 16 10 11 5 
4738500 4738738 1 0 0 20 32 0 18 31 22 37 -12 81 80 25 20 16 10 11 31 35 45 55 16 8 10 5 
4763000 4763144 1 0 0 25 25 0 24 24 26 41 -1 78 78 25 20 16 10 11 31 35 45 55 16 10 8 5 
4778500 4778518 1 0 0 0 22 0 -1 23 2 17 -22 88 87 25 20 16 10 11 31 35 45 55 16 11 12 5 
4795500 4795652 1 0 0 12 13 0 9 12 11 26 -3 87 84 25 20 16 10 11 31 35 45 55 16 11 11 5 
4821500 4821510 1 0 0 16 18 0 15 16 16 31 0 72 75 25 20 16 10 11 31 35 45 55 16 9 9 5 
4848000 4848027 1 0 0 12 22 0 16 24 17 32 -7 80 79 25 20 16 10 11 31 35 45 55 16 8 11 5 
4870000 4870077 1 0 0 4 15 0 2 15 6 21 -12 83 83 25 20 16 10 12 32 35 45 55 16 9 11 5 
4877000 4877164 1 0 0 21 21 0 19 20 19 34 -3 79 80 25 20 16 10 12 32 35 45 55 16 8 10 5 
4889000 4889166 1 0 0 26 19 0 29 22 31 46 6 82 84 25 20 16 10 12 32 35 45 55 16 8 11 5 
4904500 4904584 1 0 0 4 13 0 4 12 6 21 -7 88 82 25 20 16 10 12 32 35 45 55 16 11 9 5 
4910500 4910585 1 0 0 -18 -20 0 -24 -24 -23 -8 -2 90 95 25 20 16 10 12 32 35 45 55 16 10 11 5 
4925500 4925692 1 0 0 12 19 0 12 15 12 27 -5 78 68 25 20 16 10 12 32 35 45 55 16 10 9 5 
4961000 4961108 1 0 0 15 33 0 12 30 14 29 -20 78 68 25 20 16 10 12 32 35 45 55 16 10 10 5 
4996500 4996641 1 0 0 11 19 0 5 13 6 21 -8 82 84 25 20 16 10 12 32 35 45 55 16 10 10 5 
5009500 5009550 1 0 0 35 38 0 35 37 37 52 -1 78 87 25 20 16 10 12 32 35 45 55 16 8 9 5 
5025500 5025524 1 0 0 11 2 0 5 -2 7 22 7 86 78 25 20 16 10 12 32 35 45 55 16 9 10 5 
5032500 5032581 1 0 0 7 0 0 7 -2 8 23 9 88 91 25 20 16 10 12 32 35 45 55 16 7 5 5 
5037500 5037667 1 0 0 7 9 0 -1 3 0 15 -4 84 78 25 20 16 10 12 32 35 45 55 16 7 9 5 
5046500 5046653 1 0 0 23 19 0 23 16 23 38 6 84 75 25 20 16 10 12 32 35 45 55 16 9 9 5 
5077000 5077073 1 0 0 6 2 0 5 1 6 21 5 87 81 25 20 16 10 12 32 35 45 55 16 10 9 5 
5085500 5085646 1 0 0 11 5 0 11 1 13 28 11 90 88 25 20 16 10 12 32 35 45 55 16 10 8 5 
5092000 5092173 1 0 0 25 15 0 20 9 21 36 11 84 87 25 20 16 10 12 32 35 45 55 16 9 8 5 
5099000 5099160 1 0 0 -2 0 0 -2 -2 1 16 0 92 88 25 20 16 10 12 32 35 45 55 16 12 9 5 
5112500 5112784 1 0 0 38 20 0 35 16 37 52 19 82 94 25 20 16 10 12 32 35 45 55 16 6 10 5 
5120500 5120639 1 0 0 8 9 0 3 5 3 18 -2 86 78 25 20 16 10 12 32 35 45 55 16 11 10 5 
5135500 5135518 1 0 0 20 26 0 15 21 17 32 -7 80 73 25 20 16 10 12 32 35 45 55 16 11 9 5 
5156000 5156267 1 0 0 19 17 0 8 17 10 25 -10 85 81 25 20 16 10 12 32 35 45 55 16 8 9 5 
5163500 5163540 1 0 0 4 -3 0 7 -5 9 24 12 92 94 25 20 16 10 12 32 35 45 55 16 9 10 5 
5172000 5172082 1 0 0 13 2 0 10 1 11 26 9 87 87 25 20 16 10 12 32 35 45 55 16 11 9 5 
5178500 5178655 1 0 0 16 8 0 13 5 15 30 8 91 89 25 20 16 10 12 32 35 45 55 16 11 9 5 
5191500 5191629 1 0 0 11 -1 0 9 -4 10 25 13 91 99 25 20 16 10 12 32 35 45 55 16 11 11 5 
5199500 5199940 1 0 0 2 5 0 4 6 6 21 -1 94 98 25 20 16 10 12 32 35 45 55 16 10 10 5 
5208500 5208654 1 0 0 1 -10 0 -3 -13 -3 12 8 94 91 25 20 16 10 12 32 35 45 55 16 12 11 5 
5215500 5215635 1 0 0 26 18 0 29 20 31 46 8 90 87 25 20 16 10 12 32 35 45 55 16 9 9 5 
5220000 5220019 1 0 0 18 12 0 14 8 14 29 5 92 89 25 20 16 10 12 32 35 45 55 16 10 11 5 
5226500 5226582 1 0 0 14 4 0 19 8 21 36 13 86 88 25 20 16 10 12 32 35 45 55 16 9 11 5 
5233500 5233558 1 0 0 18 8 0 8 -1 10 25 8 87 96 25 20 16 10 12 32 35 45 55 16 10 8 5 
5238500 5238517 1 0 0 35 20 0 32 19 34 49 13 89 97 25 20 16 10 12 32 35 45 55 16 11 10 5 
5244500 5244588 1 0 0 -1 -14 0 -13 -23 -12 3 10 92 101 25 20 16 10 12 30 35 45 55 16 11 10 5 
5250500 5250545 1 0 0 -11 -12 0 -20 -16 -18 -3 -4 87 96 25 20 16 10 12 32 35 45 55 16 11 5 5 
5253500 5253637 1 0 0 -2 -11 0 -5 -14 -3 12 9 88 90 25 20 16 10 12 32 35 45 55 16 6 11 5 
5258000 5258113 1 0 0 9 13 0 5 8 6 21 -4 84 83 25 20 16 10 12 32 35 45 55 16 10 11 5 
5265000 5265007 1 0 0 9 6 0 8 3 10 25 7 87 81 25 20 16 10 12 32 35 45 55 16 10 8 5 
5276500 5276628 1 0 0 3 -3 0 1 -3 3 18 4 95 99 25 20 16 10 12 32 35 45 55 16 9 9 5 
5287500 5287837 1 0 0 7 7 0 0 2 3 18 -3 91 88 25 20 16 10 12 32 35 45 55 16 10 10 5 
5301500 5301524 1 0 0 -2 13 0 -7 12 -7 8 -19 86 83 25 20 16 10 12 32 35 45 55 16 11 11 5 
5312000 5312180 1 0 0 34 22 0 30 24 32 47 6 82 79 25 20 16 10 12 32 35 45 55 16 9 10 5 
5333000 5333027 1 0 0 26 16 0 25 14 27 42 11 84 83 25 20 16 10 12 32 35 45 55 16 9 10 5 
5337500 5337640 1 0 0 16 10 0 14 5 14 29 9 87 91 25 20 16 10 12 32 35 45 55 16 11 10 5 
5346500 5346692 1 0 0 30 23 0 27 23 28 43 3 81 72 25 20 16 10 12 32 35 45 55 16 8 10 5 
5353500 5353535 1 0 0 2 13 0 -1 12 1 16 -14 87 86 25 20 16 10 12 32 35 45 55 16 11 11 5 
5359000 5359079 1 0 0 32 21 0 34 21 36 51 14 82 84 25 20 16 10 12 32 35 45 55 16 9 11 5 
5368000 5368071 1 0 0 24 17 0 28 19 31 46 11 85 86 25 20 16 10 12 32 35 45 55 16 11 9 5 
5376000 5376168 1 0 0 -4 -2 0 -6 -3 -4 11 -3 82 76 25 20 16 10 12 32 35 45 55 16 10 10 5 
5378500 5378541 1 0 0 -5 6 0 -6 4 -4 11 -10 85 84 25 20 16 10 12 32 35 45 55 16 11 11 5 
5385500 5385504 1 0 0 22 11 0 33 20 34 49 13 83 77 25 20 16 10 12 32 35 45 55 16 6 8 5 
5388500 5388514 1 0 0 -7 -14 0 -18 -26 -16 -1 8 88 91 25 20 16 10 12 32 35 45 55 16 8 9 5 
5398500 5398701 1 0 0 23 19 0 21 16 23 38 5 91 93 25 20 16 10 12 32 35 45 55 16 9 12 5 
5404500 5404652 1 0 0 12 -1 0 19 0 20 35 20 92 89 25 20 16 10 12 32 35 45 55 16 8 9 5 
5414500 5414526 1 0 0 -4 -7 0 -5 -11 -5 10 5 91 91 25 20 16 10 12 32 35 45 55 16 11 11 5 
5427000 5427086 1 0 0 5 6 0 6 6 8 23 0 88 96 25 20 16 10 12 32 35 45 55 16 9 8 5 
5433000 5433011 1 0 0 18 12 0 14 9 17 32 5 88 83 25 20 16 10 12 32 35 45 55 16 9 10 5 
5455500 5455502 1 0 0 3 -4 0 -13 -12 -11 4 -1 93 101 25 20 16 10 12 30 35 45 55 16 9 10 5 
5460000 5460313 1 0 0 -11 4 0 -17 0 -15 0 -16 90 84 25 20 16 10 12 32 35 45 55 16 8 10 5 
5472500 5472680 1 0 0 17 4 0 15 -3 17 32 19 86 81 25 20 16 10 12 32 35 45 55 16 10 8 5 
5477500 5477605 1 0 0 12 5 0 9 2 12 27 9 91 90 25 20 16 10 12 32 35 45 55 16 6 10 5 
5484500 5484543 1 0 0 -1 -9 0 -3 -14 -1 14 11 91 77 25 20 16 10 12 32 35 45 55 16 10 10 5 
5489500 5489704 1 0 0 8 4 0 15 9 18 33 7 89 80 25 20 16 10 12 32 35 45 55 16 8 10 5 
5498500 5498513 1 0 0 -12 -18 0 -20 -24 -18 -3 3 92 89 25 20 16 10 12 32 35 45 55 16 12 12 5 
5508000 5508105 1 0 0 20 15 0 21 18 23 38 3 84 70 25 20 16 10 12 32 35 45 55 16 7 10 5 
5516500 5516510 1 0 0 14 13 0 13 11 15 30 2 92 86 25 20 16 10 12 32 35 45 55 16 9 10 5 
5521500 5521525 1 0 0 -22 -17 0 -28 -22 -26 -11 -6 91 83 25 20 16 10 12 32 35 45 55 16 11 10 5 
5529500 5529542 1 0 0 13 10 0 15 13 17 32 3 93 94 25 20 16 10 12 32 35 45 55 16 9 10 5 
5535000 5535304 1 0 0 -12 -14 0 -17 -18 -16 -1 1 93 89 25 20 16 10 12 32 35 45 55 16 10 11 5 
5545000 5545283 1 0 0 17 3 0 12 -4 13 28 15 89 88 25 20 16 10 12 32 35 45 55 16 4 10 5 
5574500 5574567 1 0 0 3 1 0 2 -3 4 19 4 91 93 25 20 16 10 12 32 35 45 55 16 11 8 5 
5607000 5607111 1 0 0 3 4 0 3 5 4 19 -2 93 97 25 20 16 10 12 32 35 45 55 16 10 11 5 
5617000 5617086 1 0 0 2 9 0 -1 8 0 15 -9 93 94 25 20 16 10 12 32 35 45 55 16 11 9 5 
5624500 5624562 1 0 0 10 8 0 4 4 6 21 -1 82 82 25 20 16 10 12 32 35 45 55 16 10 7 5 
5635500 5635562 1 0 0 15 0 0 12 -3 14 29 14 87 93 25 20 16 10 12 32 35 45 55 16 9 11 5 
5642000 5642079 1 0 0 -17 -19 0 -19 -18 -17 -2 -2 93 96 25 20 16 10 12 32 35 45 55 16 10 12 5 
5647500 5647514 1 0 0 22 15 0 23 16 26 41 8 90 91 25 20 16 10 12 32 35 45 55 16 8 8 5 
5656000 5656097 1 0 0 -6 7 0 -7 7 -5 10 -13 84 89 25 20 16 10 12 32 35 45 55 16 10 10 5 
5676500 5676565 1 0 0 20 22 0 19 21 23 38 0 78 72 25 20 16 10 12 32 35 45 55 16 10 9 5 
5692500 5692637 1 0 0 1 11 0 -1 9 3 18 -9 80 72 25 20 16 10 12 32 35 45 55 16 10 10 5 
5716500 5716526 1 0 0 15 25 0 12 23 16 31 -9 74 68 25 20 16 10 12 32 35 45 55 16 10 9 5 
5772000 5772108 1 0 0 14 29 0 16 29 18 33 -13 79 77 25 20 16 10 12 32 35 45 55 16 10 10 5 
5805500 5805662 1 0 0 22 27 0 22 27 23 38 -6 86 83 25 20 16 10 12 32 35 45 55 16 11 11 5 
5820000 5820114 1 0 0 -14 -10 0 -14 -9 -11 4 -5 91 92 25 20 16 10 12 32 35 45 55 16 11 12 5 
5840000 5840149 1 0 0 -11 -10 0 -18 -14 -17 -2 -6 88 90 25 20 16 10 12 32 35 45 55 16 11 11 5 
5933500 5933560 1 0 0 6 -8 0 9 -8 11 26 16 95 85 25 20 16 10 12 32 35 45 55 16 11 8 5 
5960500 5960639 1 0 0 -11 -11 0 -13 -11 -11 4 -2 96 99 25 20 16 10 12 32 35 45 55 16 8 10 5 
5987000 5987273 1 0 0 -7 -6 0 -7 -3 -7 8 -3 102 106 25 20 16 10 12 30 35 45 55 16 7 7 5 
5995500 5995526 1 0 0 -7 -10 0 -13 -14 -10 5 2 96 97 25 20 16 10 12 32 35 45 55 16 12 12 5 
6000000 6000141 1 0 0 6 -5 0 8 -4 10 25 12 93 89 25 20 16 10 12 32 35 45 55 16 11 12 5 
6006500 6006544 1 0 0 -37 -31 0 -39 -32 -37 -22 -7 98 103 25 20 16 10 12 30 35 45 55 16 12 13 5 
6013000 6013179 1 0 0 -5 -2 0 1 -1 2 17 1 92 77 25 20 16 10 12 32 35 45 55 16 10 11 5 
6023500 6023541 1 0 0 -22 -21 0 -25 -24 -23 -8 -2 95 68 25 20 16 10 12 32 35 45 55 16 12 8 5 
6043000 6043008 1 0 0 -18 -12 0 -19 -13 -16 -1 -4 94 99 25 20 16 10 12 32 35 45 55 16 12 13 5 
6046000 6046083 1 0 0 -16 -5 0 -19 -5 -19 -4 -17 84 64 25 20 16 10 12 32 35 45 55 16 11 9 5 
6052500 6052608 1 0 0 13 -1 0 17 0 19 34 16 87 88 25 20 16 10 12 32 35 45 55 16 9 8 5 
6059000 6059028 1 0 0 -42 -40 0 -43 -44 -41 -26 2 97 93 25 20 16 10 12 32 35 45 55 16 13 12 5 
6064500 6064539 1 0 0 -7 -7 0 -6 -7 -6 9 0 88 90 25 20 16 10 12 32 35 45 55 16 10 12 5 
6071500 6071601 1 0 0 13 7 0 11 6 14 29 6 77 78 25 20 16 10 12 32 35 45 55 16 10 10 5 
6073500 6073521 1 0 0 14 6 0 12 4 14 29 7 81 80 25 20 16 10 12 32 35 45 55 16 10 10 5 
6081500 6081760 1 0 0 -22 -19 0 -24 -24 -22 -7 1 86 90 25 20 16 10 12 32 35 45 55 16 6 12 5 
6090500 6090515 1 0 0 0 -8 0 0 -11 3 18 12 89 85 25 20 16 10 12 32 35 45 55 16 11 11 5 
6096500 6096627 1 0 0 -23 -17 0 -23 -21 -22 -7 -2 91 77 25 20 16 10 12 32 35 45 55 16 12 11 5 
6102500 6102611 1 0 0 -14 -15 0 -12 -13 -12 3 1 90 96 25 20 16 10 12 32 35 45 55 16 10 12 5 
6110000 6110126 1 0 0 -32 -22 0 -33 -24 -31 -16 -9 94 91 25 20 16 10 12 32 35 45 55 16 12 12 5 
6113000 6113075 1 0 0 -27 -17 0 -28 -18 -27 -12 -10 91 93 25 20 16 10 12 32 35 45 55 16 12 12 5 
6119000 6119078 1 0 0 9 15 0 11 19 13 28 -7 75 71 25 20 16 10 12 32 35 45 55 16 9 9 5 
6126000 6126051 1 0 0 13 16 0 16 18 19 34 -2 85 88 25 20 16 10 12 32 35 45 55 16 10 11 5 
6128000 6128159 1 13 0 -3 5 1 -7 1 -4 11 -8 91 89 25 20 16 10 12 32 35 45 55 16 11 11 5 
6132500 6132548 1 0 0 -44 -27 0 -46 -30 -44 -29 -15 93 95 25 20 16 10 12 32 35 45 55 16 12 12 5 
6142000 6142041 1 0 0 -24 -14 0 -25 -16 -24 -9 -10 93 101 25 20 16 10 12 30 35 45 55 16 11 12 5 
6168000 6168106 1 0 0 -13 -2 0 -13 -2 -9 6 -9 89 95 25 20 16 10 12 32 35 45 55 16 11 11 5 
6198000 6198130 1 0 0 -10 12 0 -14 10 -12 3 -24 85 80 25 20 16 10 12 32 35 45 55 16 11 11 5 
6211000 6211081 1 0 0 -11 8 0 -18 6 -15 0 -24 89 88 25 20 16 10 12 32 35 45 55 16 11 11 5 
6217000 6217112 1 0 0 22 11 0 21 11 22 37 11 80 81 25 20 16 10 12 32 35 45 55 16 10 7 5 
6223500 6223605 1 0 0 16 13 0 11 10 12 27 0 83 81 25 20 16 10 12 32 35 45 55 16 11 10 5 
6239500 6239626 1 0 0 11 14 0 7 14 9 24 -7 86 88 25 20 16 10 12 32 35 45 55 16 11 11 5 
6248000 6248028 1 0 0 -20 -11 0 -21 -10 -20 -5 -11 90 96 25 20 16 10 12 32 35 45 55 16 8 11 5 
6267000 6267072 1 0 0 -3 11 0 -6 7 -4 11 -12 84 85 25 20 16 10 12 32 35 45 55 16 11 10 5 
6289500 6289589 1 0 0 3 19 0 4 19 5 20 -16 83 87 25 20 16 10 12 32 35 45 55 16 11 10 5 
6298000 6298114 1 0 0 37 32 0 35 27 37 52 9 79 82 25 20 16 10 12 32 35 45 55 16 10 10 5 
6309500 6309642 1 0 0 30 25 0 32 27 33 48 5 88 95 25 20 16 10 12 32 35 45 55 16 11 11 5 
6312500 6312511 1 13 0 -2 4 -3 3 8 4 19 -5 97 96 25 20 16 10 12 32 35 45 55 16 11 10 5 
6315500 6315568 1 0 0 -29 -19 0 -28 -19 -26 -11 -8 91 79 25 20 16 10 12 32 35 45 55 16 12 10 5 
6324000 6324042 1 0 0 15 2 0 15 0 16 31 14 78 77 25 20 16 10 12 32 35 45 55 16 9 8 5 
6328000 6328006 1 0 0 18 18 0 18 19 19 34 -1 84 83 25 20 16 10 12 32 35 45 55 16 7 11 5 
6336500 6336770 1 0 0 -18 -23 0 -24 -31 -23 -8 7 92 87 25 20 16 10 12 32 35 45 55 16 11 11 5 
6341000 6341092 1 0 0 11 2 0 12 3 14 29 9 80 78 25 20 16 10 12 32 35 45 55 16 10 10 5 
6347000 6347138 1 0 0 -7 -6 0 -8 -8 -6 9 -1 88 78 25 20 16 10 12 32 35 45 55 16 11 11 5 
6351500 6351629 1 0 0 7 -1 0 10 1 11 26 9 85 86 25 20 16 10 12 32 35 45 55 16 10 10 5 
6356500 6356507 1 0 0 -23 -16 0 -28 -19 -25 -10 -8 94 99 25 20 16 10 12 32 35 45 55 16 11 11 5 
6365500 6365633 1 0 0 0 -2 0 1 -5 2 17 8 90 96 25 20 16 10 12 32 35 45 55 16 11 11 5 
6373000 6373004 1 0 0 -11 -7 0 -13 -9 -12 3 -5 89 91 25 20 16 10 12 32 35 45 55 16 11 12 5 
6379000 6379096 1 0 0 26 18 0 28 19 29 44 10 82 81 25 20 16 10 12 32 35 45 55 16 10 11 5 
6397000 6397126 1 0 0 12 5 0 14 3 15 30 12 91 88 25 20 16 10 12 32 35 45 55 16 10 10 5 
6400500 6400604 1 13 0 -27 -17 -9 -31 -19 -30 -15 -12 100 103 25 20 16 10 12 30 35 45 55 16 11 13 5 
6404000 6404081 1 0 0 -47 -37 0 -49 -39 -47 -32 -11 97 99 25 20 16 10 12 32 35 45 55 16 12 13 5 
6413500 6413588 1 0 0 -11 1 0 -12 0 -10 5 -12 85 101 25 20 16 10 12 30 35 45 55 16 11 10 5 
6442500 6442645 1 0 0 0 22 0 -5 18 -2 13 -21 82 74 25 20 16 10 12 32 35 45 55 16 10 8 5 
6454000 6454164 1 0 0 1 7 0 0 6 2 17 -5 87 84 25 20 16 10 12 32 35 45 55 16 11 11 5 
6465000 6465054 1 0 0 28 30 0 25 28 27 42 -4 82 84 25 20 16 10 12 32 35 45 55 16 9 7 5 
6481000 6481061 1 0 0 26 17 0 27 19 29 44 9 91 91 25 20 16 10 12 32 35 45 55 16 10 10 5 
6483500 6483570 1 13 0 -6 0 -7 -10 1 -8 7 -11 98 103 25 20 16 10 12 30 35 45 55 16 10 13 5 
6487000 6487125 1 0 0 -32 -21 0 -36 -25 -35 -20 -11 91 94 25 20 16 10 12 32 35 45 55 16 12 11 5 
6491000 6491047 1 0 0 -21 -8 0 -21 -9 -19 -4 -12 88 97 25 20 16 10 12 32 35 45 55 16 11 11 5 
6499500 6499530 1 0 0 12 5 0 13 0 15 30 13 76 78 25 20 16 10 12 32 35 45 55 16 8 8 5 
6509500 6509711 1 0 0 12 13 0 12 18 14 29 -6 83 67 25 20 16 10 12 32 35 45 55 16 9 11 5 
6520500 6520581 1 0 0 -29 -12 0 -32 -17 -31 -16 -15 99 100 25 20 16 10 12 30 35 45 55 16 13 13 5 
6529000 6529083 1 0 0 11 12 0 9 10 12 27 1 86 86 25 20 16 10 12 32 35 45 55 16 11 12 5 
6536000 6536163 1 0 0 19 14 0 17 12 19 34 5 82 79 25 20 16 10 12 32 35 45 55 16 10 11 5 
6542500 6542595 1 0 0 -8 2 0 -13 -1 -12 3 -13 85 74 25 20 16 10 12 32 35 45 55 16 11 10 5 
6549000 6549010 1 0 0 22 23 0 23 23 24 39 -1 73 78 25 20 16 10 12 32 35 45 55 16 8 10 5 
6556000 6556168 1 0 0 25 22 0 22 20 24 39 2 80 82 25 20 16 10 12 32 35 45 55 16 10 10 5 
6563000 6563017 1 0 0 -3 -3 0 -6 -6 -5 10 -2 85 88 25 20 16 10 12 32 35 45 55 16 12 8 5 
6580500 6580686 1 0 0 8 19 0 9 19 12 27 -9 76 74 25 20 16 10 12 32 35 45 55 16 9 9 5 
6621000 6621093 1 0 0 13 18 0 10 16 11 26 -8 84 86 25 20 16 10 12 32 35 45 55 16 11 10 5 
6670500 6670627 1 0 0 12 13 0 10 14 12 27 -4 87 85 25 20 16 10 12 32 35 45 55 16 11 11 5 
6694000 6694045 1 0 0 -1 8 0 -2 5 0 15 -8 89 88 25 20 16 10 12 32 35 45 55 16 12 11 5 
6707000 6707167 1 0 0 26 23 0 24 19 26 41 5 78 77 25 20 16 10 12 32 35 45 55 16 10 10 5 
6798000 6798121 1 0 0 26 30 0 27 32 29 44 -5 82 81 25 20 16 10 12 32 35 45 55 16 12 9 5 
6806000 6806031 1 0 0 22 24 0 22 24 23 38 -2 80 84 25 20 16 10 12 32 35 45 55 16 11 9 5 
6819500 6819565 1 0 0 -1 7 0 -5 5 -2 13 -10 88 91 25 20 16 10 12 32 35 45 55 16 11 11 5 
6851000 6851160 1 0 0 18 20 0 17 19 18 33 -3 81 83 25 20 16 10 12 32 35 45 55 16 11 8 5 
6943000 6943115 1 0 0 14 22 0 11 20 14 29 -11 85 85 25 20 16 10 12 32 35 45 55 16 10 11 5 
6963500 6963615 1 0 0 8 3 0 1 -3 4 19 6 86 84 25 20 16 10 12 32 35 45 55 16 11 12 5 
6972500 6972594 1 0 0 2 -1 0 5 0 7 22 5 87 83 25 20 16 10 12 32 35 45 55 16 10 11 5 
6979500 6979678 1 0 0 -20 -25 0 -20 -29 -17 -2 10 93 94 25 20 16 10 12 32 35 45 55 16 9 10 5 
6989500 6989617 1 0 0 9 4 0 4 -2 6 21 7 94 94 25 20 16 10 12 32 35 45 55 16 12 13 5 
6999000 6999006 1 0 0 4 17 0 2 18 5 20 -15 85 94 25 20 16 10 12 32 35 45 55 16 10 11 5 
7108500 7108578 1 0 0 9 18 0 4 14 7 22 -10 78 80 25 20 16 10 12 32 35 45 55 16 10 10 5 
7122500 7122660 1 0 0 10 11 0 8 11 10 25 -3 89 85 25 20 16 10 12 32 35 45 55 16 11 12 5 
7175000 7175123 1 0 0 19 11 0 18 5 18 33 12 93 91 25 20 16 10 12 32 35 45 55 16 9 11 5 
7189000 7189107 1 0 0 -7 -12 0 -10 -14 -8 7 3 94 90 25 20 16 10 12 32 35 45 55 16 11 12 5 
7209500 7209536 1 0 0 2 6 0 -1 5 1 16 -6 82 88 25 20 16 10 12 32 35 45 55 16 10 9 5 
7842500 7842583 1 0 0 1 19 0 2 19 6 21 -16 80 83 25 20 16 10 12 32 35 45 55 16 10 10 5 
7854000 7854471 1 0 0 2 2 0 -1 -3 2 17 4 89 80 25 20 16 10 12 32 35 45 55 16 10 11 5 
7862000 7862017 1 0 0 -11 0 0 -13 -1 -12 3 -12 94 96 25 20 16 10 12 32 35 45 55 16 12 12 5 
7870500 7870618 1 0 0 15 17 0 14 13 16 31 1 90 82 25 20 16 10 12 32 35 45 55 16 10 8 5 
7875500 7875622 1 0 0 -19 -14 0 -19 -15 -15 0 -2 91 96 25 20 16 10 12 32 35 45 55 16 11 11 5 
7885000 7885013 1 0 0 23 14 0 25 16 26 41 7 88 90 25 20 16 10 12 32 35 45 55 16 9 11 5 
7890500 7890577 1 0 0 2 11 0 3 13 5 20 -11 88 91 25 20 16 10 12 32 35 45 55 16 9 9 5 
7895000 7895059 1 0 0 -1 10 0 -5 8 -4 11 -13 85 78 25 20 16 10 12 32 35 45 55 16 11 9 5 
7901500 7901587 1 0 0 28 22 0 31 24 33 48 7 84 87 25 20 16 10 12 32 35 45 55 16 11 11 5 
7908000 7908138 1 0 0 -13 -14 0 -18 -21 -17 -2 4 94 98 25 20 16 10 12 32 35 45 55 16 12 12 5 
7917500 7917539 1 0 0 9 23 0 6 21 6 21 -15 83 84 25 20 16 10 12 32 35 45 55 16 11 10 5 
7931500 7931775 1 0 0 -8 -20 0 -22 -32 -21 -6 8 94 93 25 20 16 10 12 32 35 45 55 16 2 11 5 
7947500 7947577 1 0 0 -5 -15 0 -7 -19 -4 11 13 92 93 25 20 16 10 12 32 35 45 55 16 11 8 5 
7952500 7952514 1 0 0 5 9 0 3 3 5 20 0 87 81 25 20 16 10 12 32 35 45 55 16 12 11 5 
7959000 7959115 1 0 0 8 6 0 6 3 7 22 2 86 82 25 20 16 10 12 32 35 45 55 16 10 11 5 
7964500 7964631 1 0 0 -4 2 0 -12 -3 -11 4 -9 89 81 25 20 16 10 12 32 35 45 55 16 11 10 5 
7979500 7979607 1 0 0 -5 -11 0 -9 -17 -7 8 8 94 94 25 20 16 10 12 32 35 45 55 16 12 11 5 
7990500 7990670 1 0 0 6 17 0 2 16 4 19 -14 86 81 25 20 16 10 12 32 35 45 55 16 11 10 5 
8004000 8004024 1 0 0 7 10 0 5 10 5 20 -7 96 95 25 20 16 10 12 32 35 45 55 16 11 12 5 
8010000 8010116 1 0 0 -16 -14 0 -19 -20 -18 -3 1 95 98 25 20 16 10 12 32 35 45 55 16 11 12 5 
8020500 8020948 1 0 0 13 9 0 14 7 16 31 7 93 88 25 20 16 10 12 32 35 45 55 16 8 12 5 
8025500 8025536 1 0 0 -5 -10 0 -5 -9 -3 12 3 91 85 25 20 16 10 12 32 35 45 55 16 9 11 5 
8120000 8120005 1 0 0 10 15 0 9 12 12 27 -1 82 85 25 20 16 10 12 32 35 45 55 16 11 10 5 
8171000 8171093 1 0 0 3 18 0 0 15 2 17 -14 81 82 25 20 16 10 12 32 35 45 55 16 9 10 5 
8188000 8188007 1 0 0 19 32 0 16 30 17 32 -13 79 77 25 20 16 10 12 32 35 45 55 16 10 9 5 
8286500 8286589 1 0 0 46 40 0 47 40 50 65 6 80 79 25 20 16 10 12 32 35 45 55 16 10 10 5 
8358500 8358572 1 0 0 35 44 0 32 40 35 50 -7 80 83 25 20 16 10 12 32 35 45 55 16 10 10 5 
8418500 8418698 1 0 0 37 37 0 34 35 37 52 0 77 75 25 20 16 10 12 32 35 45 55 16 9 10 5 
8477000 8477100 1 0 0 21 33 0 18 32 20 35 -14 80 83 25 20 16 10 12 32 35 45 55 16 9 10 5 
8533000 8533013 1 0 0 27 39 0 24 35 26 41 -11 80 80 25 20 16 10 12 32 35 45 55 16 10 10 5 
8732000 8732082 1 0 0 17 38 0 15 35 14 29 -22 80 81 25 20 15 10 12 32 35 45 55 16 10 10 5 
8756000 8756068 1 0 0 -11 15 0 -16 13 -12 3 -27 89 90 25 20 15 10 12 32 35 45 55 16 11 11 5 
8793500 8793626 1 0 0 5 23 0 2 18 3 18 -15 86 87 25 20 15 10 12 32 35 45 55 16 11 11 5 
8893000 8893056 1 0 0 4 22 0 0 19 1 16 -20 86 82 25 20 15 10 12 32 35 45 55 16 11 11 5 
9023500 9023871 1 0 0 3 25 0 0 23 2 17 -22 83 75 25 20 16 10 12 32 35 45 55 16 10 10 5 
9254000 9254172 1 0 0 16 26 0 14 25 16 31 -10 79 83 25 20 16 10 11 31 35 45 55 16 10 10 5 
9335500 9335633 1 0 0 19 35 0 16 31 18 33 -15 81 84 25 20 16 10 11 31 35 45 55 16 9 10 5 
9487500 9487557 1 0 0 19 37 0 16 35 18 33 -18 89 96 25 20 16 10 11 31 35 45 55 16 11 11 5 
9899000 9899080 1 0 0 8 33 0 3 31 6 21 -28 79 73 25 20 16 10 11 31 35 45 55 16 10 10 5 
10102500 10102653 1 0 0 5 23 0 1 21 4 19 -21 85 87 25 20 16 10 11 31 35 45 55 16 12 10 5 
10143500 10143678 1 0 0 27 40 0 25 40 26 41 -16 81 78 25 20 16 10 11 31 35 45 55 16 8 10 5 
10292000 10292158 1 0 0 24 28 0 18 21 18 33 -6 80 83 25 20 16 10 11 31 35 45 55 16 10 10 5 
10322000 10322073 1 0 0 11 34 0 13 36 14 29 -23 80 78 25 20 16 10 11 31 35 45 55 16 10 9 5 
10442000 10442111 1 0 0 30 46 0 27 43 29 44 -15 80 79 25 20 16 10 11 31 35 45 55 16 10 10 5 
10537500 10537583 1 0 0 32 46 0 31 48 34 49 -16 79 82 25 20 16 10 11 31 35 45 55 16 10 10 5 
10548500 10548625 1 0 0 35 48 0 32 45 33 48 -12 79 74 25 20 16 10 11 31 35 45 55 16 10 10 5 
10578500 10578560 1 0 0 27 44 0 26 44 28 43 -19 82 79 25 20 16 10 11 31 35 45 55 16 10 10 5 
10717500 10717655 1 0 0 28 43 0 25 40 29 44 -14 75 71 25 20 16 10 11 31 35 45 55 16 9 9 5 
10738000 10738581 1 0 0 44 49 0 41 45 43 58 -3 78 72 25 20 16 10 11 31 35 45 55 16 8 10 5 
10781500 10781721 1 0 0 30 42 0 30 40 31 46 -11 83 89 25 20 16 10 11 31 35 45 55 16 3 9 5 
10794500 10794510 1 0 0 21 35 0 16 31 18 33 -15 78 75 25 20 16 10 11 31 35 45 55 16 10 9 5 
11025000 11025096 1 0 0 27 45 0 21 40 22 37 -18 74 74 25 20 16 10 11 31 35 45 55 16 9 8 5 
11320500 11320608 1 0 0 14 29 0 12 25 14 29 -13 75 83 25 20 16 10 11 31 35 45 55 16 7 9 5 
11838500 11838560 1 0 0 3 16 0 1 13 3 18 -12 85 89 25 20 18 10 13 33 35 45 55 16 9 10 5 
11872500 11872707 1 0 0 34 34 0 33 32 33 48 -1 67 63 25 20 18 10 13 33 35 45 55 16 8 8 5 
11936000 11936184 1 0 0 24 31 0 21 28 23 38 -7 75 72 25 20 18 10 13 33 35 45 55 16 10 9 5 
11977500 11977649 1 0 0 -4 21 0 -5 20 -2 13 -23 85 88 25 20 18 10 13 33 35 45 55 16 5 10 5 
12013000 12013041 1 0 0 31 44 0 27 42 30 45 -15 78 76 25 20 18 10 13 33 35 45 55 16 9 10 5 
12047000 12047034 1 0 0 7 26 0 5 25 7 22 -19 71 74 25 20 18 10 12 32 35 45 55 16 9 9 5 
12106000 12106165 1 0 0 10 26 0 8 24 9 24 -16 69 68 25 20 18 10 12 32 35 45 55 16 9 9 5 
12296000 12296123 1 0 0 6 24 0 4 22 5 20 -17 70 70 25 20 18 10 12 32 35 45 55 16 9 9 5 
12933500 12933595 1 0 0 16 32 0 15 30 19 34 -13 69 69 25 20 18 10 12 32 35 45 55 16 9 9 5 
13121000 13121175 1 0 0 15 34 0 13 32 15 30 -20 65 66 25 20 18 10 12 32 35 45 55 16 8 8 5 
13865500 13865643 1 0 0 11 28 0 8 26 9 24 -18 67 69 25 20 18 10 12 32 35 45 55 16 8 8 5 
14388500 14388735 1 0 0 4 35 0 2 31 3 18 -30 60 60 25 20 18 10 12 32 35 45 55 16 7 8 5 
14540500 14540531 1 0 0 2 26 0 1 23 2 17 -24 60 58 25 20 17 10 13 33 35 45 55 16 7 7 5 
14600500 14600736 1 0 0 25 18 0 22 15 25 40 7 61 60 25 20 17 10 13 33 35 45 55 16 8 8 5 
14717000 14717012 1 0 0 17 12 0 16 10 19 34 6 61 63 25 20 17 10 13 33 35 45 55 16 8 8 5 
14771000 14771091 1 0 0 20 14 0 16 11 19 34 6 57 55 25 20 17 10 13 33 35 45 55 16 7 7 5 
14793500 14793529 1 0 0 9 28 0 7 27 10 25 -19 61 59 25 20 17 10 13 33 35 45 55 16 8 7 5 
14870500 14870661 1 0 0 18 29 0 15 27 17 32 -13 59 58 25 20 17 10 13 33 35 45 55 16 7 7 5 
14882000 14882145 1 0 0 14 12 0 8 4 10 25 5 63 59 25 20 17 10 13 33 35 45 55 16 8 7 5 
14942000 14942196 1 0 0 19 16 0 14 10 15 30 3 59 58 25 20 17 10 13 33 35 45 55 16 7 7 5 
14960500 14960680 1 0 0 15 29 0 12 28 15 30 -15 58 60 25 20 17 10 13 33 35 45 55 16 7 6 5 
15108500 15108524 1 0 0 8 26 0 7 24 8 23 -19 63 63 25 20 17 10 13 33 35 45 55 16 8 8 5 
15123500 15123703 1 0 0 19 15 0 17 13 20 35 3 57 58 25 20 17 10 13 33 35 45 55 16 7 7 5 
15253000 15253128 1 0 0 15 43 0 12 39 14 29 -27 61 62 25 20 17 10 11 31 35 45 55 16 8 8 5 
15277500 15277603 1 0 0 15 29 0 13 26 17 32 -13 57 55 25 20 17 10 13 33 35 45 55 16 7 7 5 
15485500 15485733 1 0 0 12 27 0 9 24 11 26 -15 58 58 25 20 17 10 13 33 35 45 55 16 7 7 5 
15663500 15663529 1 0 0 12 26 0 10 24 13 28 -12 60 58 25 20 17 10 13 33 35 45 55 16 7 8 5 
15980500 15980628 1 0 0 14 25 0 14 23 16 31 -10 59 62 25 20 17 10 13 33 35 45 55 16 6 7 5 
16012500 16012685 1 0 0 19 18 0 19 16 20 35 4 56 53 25 20 17 10 13 33 35 45 55 16 7 7 5 
16100500 16100538 1 0 0 33 28 0 31 26 34 49 6 62 63 25 20 17 10 13 33 35 45 55 16 8 8 5 
16310500 16310533 1 0 0 27 19 0 26 16 28 43 10 60 61 25 20 17 10 13 33 35 45 55 16 7 8 5 
16331000 16331157 1 0 0 22 26 0 21 24 23 38 -2 57 56 25 20 17 10 13 33 35 45 55 16 7 7 5 
16428000 16428161 1 0 0 18 27 0 18 25 20 35 -9 57 60 25 20 17 10 13 33 35 45 55 16 7 6 5 
16443000 16443178 1 0 0 31 24 0 31 24 33 48 6 55 53 25 20 17 10 13 33 35 45 55 16 7 7 5 
16532000 16532058 1 0 0 24 20 0 22 18 25 40 5 63 63 25 20 17 10 13 33 35 45 55 16 8 8 5 
16546000 16546285 1 0 0 25 31 0 22 31 25 40 -9 52 48 25 20 18 10 13 33 35 45 55 16 6 6 5 
16693000 16693037 1 0 0 22 34 0 21 32 22 37 -11 55 57 25 20 18 10 13 33 35 45 55 16 7 7 5 
16706000 16706222 1 0 0 7 14 0 3 10 7 22 -5 66 68 25 20 18 10 13 33 35 45 55 16 9 8 5 
16824500 16824709 1 0 0 17 28 0 15 27 18 33 -13 60 60 25 20 18 10 13 33 35 45 55 16 7 8 5 
17439500 17439699 1 0 0 22 35 0 21 33 24 39 -11 58 57 25 20 17 10 13 33 35 45 55 16 8 7 5 
17475000 17475199 1 0 0 19 34 0 14 30 16 31 -14 60 64 25 20 17 10 13 33 35 45 55 16 7 7 5 
17488000 17488172 1 0 0 28 41 0 25 39 28 43 -13 54 57 25 20 17 10 13 33 35 45 55 16 7 7 5 
17494500 17494667 1 0 0 23 38 0 23 38 24 39 -16 59 56 25 20 17 10 13 33 35 45 55 16 7 6 5 
17510500 17510562 1 0 0 18 21 0 20 22 23 38 -1 58 35 25 20 17 10 13 33 35 45 55 16 5 7 5 
17542500 17542620 1 0 0 38 32 0 37 32 40 55 7 57 61 25 20 17 10 13 33 35 45 55 16 7 7 5 
17565000 17565053 1 0 0 23 33 0 23 33 25 40 -11 57 58 25 20 17 10 13 33 35 45 55 16 7 6 5 
17763500 17763686 1 0 0 18 28 0 16 25 17 32 -8 60 58 25 20 17 10 13 33 35 45 55 16 8 7 5 
17788000 17788003 1 0 0 30 22 0 29 18 31 46 9 60 63 25 20 17 10 13 33 35 45 55 16 8 7 5 
17860500 17860730 1 0 0 20 16 0 16 12 17 32 4 62 60 25 20 17 10 13 33 35 45 55 16 7 5 5 
17885500 17885591 1 0 0 27 31 0 26 29 29 44 -2 56 56 25 20 17 10 13 33 35 45 55 16 6 6 5 
17920500 17920506 1 0 0 17 29 0 16 26 18 33 -10 65 67 25 20 17 10 12 32 35 45 55 16 8 8 5 
17936000 17936024 1 0 0 32 39 0 30 37 32 47 -7 56 61 25 20 17 10 12 32 35 45 55 16 7 7 5 
17950500 17950548 1 0 0 33 30 0 31 30 33 48 1 57 56 25 20 17 10 12 32 35 45 55 16 7 7 5 
17990500 17990733 1 0 0 32 23 0 30 22 32 47 8 57 55 25 20 17 10 12 32 35 45 55 16 7 7 5 
18015000 18015082 1 0 0 21 34 0 19 36 22 37 -17 67 62 25 20 17 10 12 32 35 45 55 16 9 8 5 
18118000 18118197 1 0 0 25 40 0 26 38 28 43 -12 67 61 25 20 17 10 11 31 35 45 55 16 8 9 5 
18186500 18186619 1 0 0 24 32 0 21 29 25 40 -6 65 62 25 20 17 10 11 31 35 45 55 16 8 8 5 
18253000 18253433 1 0 0 16 28 0 13 25 15 30 -13 67 72 25 20 17 10 11 31 35 45 55 16 7 9 5 
18420000 18420203 1 0 0 24 42 0 22 40 24 39 -18 61 60 25 20 17 10 11 31 35 45 55 16 7 7 5 
18497000 18497019 1 0 0 21 44 0 19 43 21 36 -22 70 75 25 20 17 10 11 31 35 45 55 16 9 9 5 
18864500 18864698 1 0 0 26 52 0 22 49 25 40 -26 67 68 25 20 17 10 11 31 35 45 55 16 8 8 5 
19226000 19226068 1 0 0 25 42 0 23 41 27 42 -17 74 77 25 20 17 10 11 31 35 45 55 16 9 10 5 
20000500 20000558 1 0 0 21 35 0 20 34 23 38 -13 67 76 25 20 18 10 11 31 35 45 55 16 8 8 5 
