58000 58118 0 0 0 0 9 0 -14 -2 -1 -42 -13 89 92 25 20 17 10 13 33 35 45 55 16 11 10 5 
149000 149109 0 0 -1 0 5 0 -13 -6 0 -41 -7 90 87 25 20 17 10 15 35 35 45 55 16 11 10 5 
235500 235660 0 0 0 -22 -4 0 -30 -10 -16 -57 -18 91 93 25 20 17 10 16 36 35 45 55 16 8 12 5 
457500 457562 0 0 0 -6 5 0 -11 1 2 -39 -13 94 94 25 20 17 10 15 35 35 45 55 16 11 10 5 
639500 639505 0 0 0 -9 2 0 18 21 32 -9 -2 95 94 25 20 17 10 16 36 35 45 55 16 11 7 5 
1101500 1101541 0 0 0 5 13 0 0 10 13 -28 -10 90 91 25 20 17 10 15 35 35 45 55 16 11 12 5 
1254500 1254891 0 0 0 18 26 0 18 25 32 -9 -6 90 93 25 20 17 10 14 34 35 45 55 16 5 10 5 
1630500 1630538 0 0 0 9 20 0 2 14 15 -26 -12 88 93 25 20 17 10 15 35 35 45 55 16 10 10 5 
1972500 1972509 0 0 0 9 21 -3 4 17 17 -24 -14 89 87 25 20 16 10 15 35 35 45 55 16 11 11 5 
2162000 2162103 0 0 0 13 21 0 17 22 29 -12 -6 90 91 25 20 16 10 14 34 35 45 55 16 9 10 5 
2343500 2343632 0 0 0 7 16 0 3 13 16 -25 -11 89 91 25 20 16 10 15 35 35 45 55 16 10 9 5 
2604500 2604537 0 0 0 -5 6 0 1 11 15 -26 -10 83 82 25 20 16 10 16 36 35 45 55 16 10 10 5 
2877000 2877161 0 0 0 -2 8 0 -6 6 8 -33 -11 87 89 25 20 17 10 15 35 35 45 55 16 11 11 5 
3053500 3053538 0 0 0 -11 -8 0 -12 -9 2 -39 -1 83 81 25 20 17 10 14 34 35 45 55 16 11 9 5 
3340500 3340601 0 0 0 0 12 0 -6 6 7 -34 -12 86 86 25 20 17 10 14 34 35 45 55 16 8 11 5 
3514500 3514654 0 0 0 -2 18 0 -1 19 11 -30 -22 77 76 25 20 17 10 14 34 35 45 55 16 10 8 5 
3663500 3663647 0 0 0 6 13 0 7 13 22 -19 -6 73 77 25 20 17 10 14 34 35 45 55 16 9 9 5 
3963500 3963557 0 0 0 3 13 0 -1 9 13 -28 -10 73 72 25 20 17 10 14 34 35 45 55 16 10 9 5 
4121000 4121145 0 0 0 1 14 0 -1 11 12 -29 -14 74 77 25 20 17 10 14 34 35 45 55 16 9 9 5 
4304000 4304164 0 0 0 7 18 0 -1 11 13 -28 -12 76 78 25 20 17 10 13 33 35 45 55 16 9 8 5 
4493500 4493625 0 0 0 7 18 0 4 14 17 -24 -10 73 71 25 20 17 10 14 34 35 45 55 16 9 9 5 
4882500 4882578 0 0 0 6 18 0 4 14 17 -24 -10 69 68 25 20 17 10 14 34 35 45 55 16 9 9 5 
5617500 5617547 0 0 0 1 11 0 -7 7 6 -35 -14 70 69 25 20 17 10 14 34 35 45 55 16 9 9 5 
6167000 6167020 0 0 0 4 15 0 -9 4 4 -37 -12 73 72 25 20 17 10 14 34 35 45 55 16 9 9 5 
6669500 6669661 0 0 0 1 12 0 -3 8 8 -33 -12 69 74 25 20 17 10 15 35 35 45 55 16 9 9 5 
7108000 7108131 0 0 0 -1 8 0 -4 4 9 -32 -8 68 66 25 20 17 10 15 35 35 45 55 16 9 9 5 
7581500 7581707 0 0 0 -11 3 0 -13 -1 2 -39 -11 67 69 25 20 17 10 15 35 35 45 55 16 8 9 5 
7752000 7752220 0 0 0 -6 10 0 -12 5 1 -40 -18 64 62 25 20 17 10 15 35 35 45 55 16 8 8 5 
7949000 7949126 0 0 0 -9 10 0 -15 4 -3 -44 -20 66 64 25 20 17 10 15 35 35 45 55 16 8 8 5 
8166500 8166647 0 0 0 -3 9 0 -6 5 7 -34 -12 71 72 25 20 17 10 15 35 35 45 55 16 9 9 5 
8498500 8498512 0 0 0 -1 8 -5 -7 2 6 -35 -9 78 78 25 20 17 10 15 35 35 45 55 16 10 10 5 
8670000 8670201 0 0 0 3 10 0 -1 7 11 -30 -7 71 72 25 20 17 10 15 35 35 45 55 16 9 9 5 
8949500 8949658 0 0 0 -10 11 0 -2 16 11 -30 -20 63 63 25 20 17 10 15 35 35 45 55 16 7 8 5 
9406000 9406148 0 0 0 0 9 0 -4 5 11 -30 -9 61 62 25 20 17 10 15 35 35 45 55 16 7 7 5 
9591500 9591666 0 0 0 -1 9 0 -7 4 7 -34 -11 62 60 25 20 17 10 15 35 35 45 55 16 8 8 5 
9762000 9762073 0 0 0 3 14 0 -1 8 12 -29 -10 68 67 25 20 17 10 15 35 35 45 55 16 9 9 5 
9923500 9923543 0 0 0 0 15 0 -5 11 9 -32 -14 68 69 25 20 17 10 15 35 35 45 55 16 9 9 5 
10099500 10099689 0 0 0 -1 13 0 -4 10 10 -31 -15 67 64 25 20 17 10 15 35 35 45 55 16 8 8 5 
10315500 10315553 0 0 0 -10 5 0 -16 0 -4 -45 -16 63 64 25 20 17 10 15 35 35 45 55 16 8 8 5 
10549500 10549524 0 0 0 -7 12 0 -11 8 3 -38 -19 65 69 25 20 17 10 15 35 35 45 55 16 8 8 5 
10714500 10714701 0 0 0 -5 12 0 -7 9 7 -34 -16 66 69 25 20 17 10 15 35 35 45 55 16 7 8 5 
10745500 10745612 0 0 0 0 15 17 -1 14 11 -30 -16 96 92 25 20 17 10 12 32 35 45 55 16 12 12 5 
10799000 10799096 0 0 0 3 15 0 -1 11 13 -28 -12 91 85 25 20 17 10 13 33 35 45 55 16 11 11 5 
10824500 10824657 0 0 0 -3 7 0 -8 2 6 -35 -10 86 81 25 20 17 10 13 33 35 45 55 16 11 11 5 
11200500 11200675 0 0 0 -4 -1 0 -4 -3 8 -33 -2 82 79 25 20 18 10 12 32 35 45 55 16 10 9 5 
11413000 11413159 0 0 0 3 6 0 4 6 16 -25 -2 86 82 25 20 17 10 14 34 35 45 55 16 8 9 5 
11669000 11669265 0 0 0 -9 9 -3 -17 1 -4 -45 -18 101 101 25 20 17 10 14 32 35 45 55 16 11 11 5 
11693500 11693672 0 0 0 5 12 0 -3 4 10 -31 -6 88 82 25 20 17 10 15 35 35 45 55 16 6 10 5 
11732000 11732039 0 0 0 -17 -6 0 -18 -9 -5 -46 -9 79 80 25 20 17 10 15 35 35 45 55 16 8 5 5 
11810500 11810543 0 0 0 -5 -2 0 -12 -9 0 -41 -3 83 85 25 20 17 10 15 35 35 45 55 16 11 11 5 
11945500 11945549 0 0 0 1 8 0 -2 4 12 -29 -5 91 91 25 20 17 10 14 34 35 45 55 16 12 11 5 
12131000 12131158 0 0 0 4 10 0 3 7 16 -25 -6 88 89 25 20 17 10 15 35 35 45 55 16 11 10 5 
12306500 12307019 0 0 0 -1 15 0 -5 10 8 -33 -15 89 88 25 20 16 10 11 31 35 45 55 16 4 6 5 
12508000 12508095 0 0 0 3 9 0 1 6 14 -27 -5 94 96 25 20 16 10 12 32 35 45 55 16 8 12 5 
12875500 12875588 0 0 0 -3 8 -5 -8 4 4 -37 -14 91 89 25 20 16 10 14 34 35 45 55 16 12 11 5 
13145500 13145523 0 0 0 -4 12 0 -7 8 7 -34 -14 93 99 25 20 16 10 13 33 35 45 55 16 11 12 5 
13311500 13311547 0 0 0 -2 12 -5 -7 8 6 -35 -14 84 77 25 20 16 10 13 33 35 45 55 16 11 9 5 
13533000 13533151 0 0 0 7 24 0 9 25 22 -19 -17 87 87 25 20 16 10 14 34 35 45 55 16 10 9 5 
13809500 13809564 0 0 0 -5 6 0 -13 -2 0 -41 -9 82 82 25 20 16 10 14 34 35 45 55 16 8 8 5 
14074500 14074635 0 0 0 8 22 0 4 19 17 -24 -15 87 87 25 20 17 10 15 35 35 45 55 16 11 11 5 
14324000 14324212 0 0 0 -3 15 0 -9 12 3 -38 -22 98 97 25 20 18 10 14 34 35 45 55 16 9 11 5 
14559500 14559634 0 0 0 -1 9 0 -5 6 9 -32 -9 80 81 25 20 17 10 13 33 35 45 55 16 10 10 5 
14753500 14753607 0 0 0 6 20 0 3 16 17 -24 -11 85 88 25 20 17 10 11 31 35 45 55 16 10 11 5 
14988000 14988031 0 0 0 11 18 0 10 16 23 -18 -6 84 85 25 20 17 10 12 32 35 45 55 16 8 10 5 
15213500 15213508 0 0 0 -5 4 0 -10 -3 2 -39 -7 91 90 25 20 17 10 14 34 35 45 55 16 12 11 5 
15444500 15444652 0 0 0 -5 6 0 -11 0 3 -38 -11 83 84 25 20 17 10 14 34 35 45 55 16 10 9 5 
15590500 15590583 0 0 0 5 16 0 2 12 15 -26 -10 82 83 25 20 17 10 14 34 35 45 55 16 9 11 5 
15737000 15737120 0 0 0 5 14 0 0 10 14 -27 -10 84 83 25 20 17 10 13 33 35 45 55 16 11 11 5 
16089500 16089515 0 0 0 -14 7 0 -19 3 -6 -47 -22 76 74 25 20 17 10 13 33 35 45 55 16 9 9 5 
16422000 16422157 0 0 0 -7 8 0 -10 3 2 -39 -14 78 77 25 20 17 10 14 34 35 45 55 16 9 10 5 
16739000 16739147 0 0 0 8 17 0 6 14 20 -21 -8 86 87 25 20 17 10 13 33 35 45 55 16 11 9 5 
17000500 17000612 0 0 0 2 14 0 0 11 14 -27 -11 88 85 25 20 17 10 11 31 35 45 55 16 10 9 5 
17156000 17156078 0 0 0 8 18 0 5 15 18 -23 -10 85 84 25 20 17 10 12 32 35 45 55 16 11 10 5 
17346500 17346565 0 0 0 12 15 0 9 13 22 -19 -4 93 94 25 20 17 10 14 34 35 45 55 16 12 12 5 
17424500 17425114 0 0 0 20 23 0 18 21 31 -10 -2 92 92 25 20 17 10 13 33 35 45 55 16 7 6 5 
17605500 17605595 0 0 0 20 25 0 16 22 28 -13 -5 87 87 25 20 17 10 13 33 35 45 55 16 11 10 5 
17694500 17694972 0 0 0 9 12 0 -2 4 12 -29 -5 93 96 25 20 17 10 14 34 35 45 55 16 8 11 5 
17758000 17758126 0 0 0 20 24 0 21 24 32 -9 -4 89 88 25 20 17 10 14 34 35 45 55 16 10 11 5 
17824500 17824555 0 0 0 0 6 0 -3 4 10 -31 -8 79 76 25 20 17 10 14 34 35 45 55 16 7 9 5 
17970000 17970165 0 0 0 0 7 0 -1 2 12 -29 -5 79 79 25 20 17 10 14 34 35 45 55 16 9 10 5 
18268000 18268079 0 0 0 -4 3 0 -6 -1 8 -33 -6 81 79 25 20 17 10 13 33 35 45 55 16 10 8 5 
18584000 18584015 0 0 0 7 26 0 5 24 17 -24 -19 91 90 25 20 17 10 12 32 35 45 55 16 12 11 5 
18705000 18705102 0 0 0 12 28 0 9 24 22 -19 -15 88 89 25 20 17 10 12 32 35 45 55 16 11 11 5 
18952500 18952575 0 0 0 2 21 0 -2 18 13 -28 -18 90 90 25 20 17 10 12 32 35 45 55 16 11 12 5 
19065000 19065130 0 0 0 9 22 0 1 16 11 -30 -16 94 92 25 20 17 10 12 32 35 45 55 16 12 11 5 
19173000 19173150 0 0 0 8 28 0 1 22 14 -27 -22 90 90 25 20 17 10 11 31 35 45 55 16 12 11 5 
19323500 19323578 0 0 0 3 16 0 -2 11 12 -29 -13 88 89 25 20 17 10 14 34 35 45 55 16 10 11 5 
19448500 19448593 0 0 0 4 19 0 2 17 15 -26 -14 88 85 25 20 17 10 14 34 35 45 55 16 11 11 5 
19690500 19690588 0 0 0 2 16 0 1 13 15 -26 -11 86 83 25 20 17 10 13 33 35 45 55 16 11 11 5 
19858000 19858020 0 0 0 -3 12 0 -10 8 4 -37 -17 95 97 25 20 17 10 13 33 35 45 55 16 12 10 5 
20089500 20089600 0 0 0 -2 9 0 -4 6 10 -31 -10 85 83 25 20 17 10 13 33 35 45 55 16 11 11 5 
20143000 20143855 0 -1 1 -55 -42 -54 -73 -50 -61 -102 -24 113 115 25 20 17 10 13 29 35 45 55 16 3 6 5 
20155000 20155331 0 2 1 -174 -119 -173 -198 -141 -184 -225 -58 114 116 25 20 17 10 13 29 35 45 55 16 2 2 5 
20211000 20211010 0 -3 1 -47 -32 -48 -58 -38 -44 -85 -20 110 109 25 20 17 10 8 26 35 45 55 16 12 14 5 
20468500 20468523 0 0 0 5 14 0 1 10 14 -27 -10 91 89 25 20 17 10 13 33 35 45 55 16 12 12 5 
20893000 20893085 0 0 0 12 21 0 11 18 23 -18 -7 86 87 25 20 17 10 13 33 35 45 55 16 11 10 5 
21121000 21121022 0 0 0 11 19 0 6 14 20 -21 -8 86 85 25 20 17 10 11 31 35 45 55 16 11 11 5 
21133000 21133102 0 15 0 0 20 -10 -12 11 3 -38 -21 93 87 25 20 17 10 9 29 35 45 55 16 10 4 5 
21283000 21283004 0 16 0 -3 -2 -9 -9 -8 4 -37 -1 82 82 25 20 17 10 11 31 35 45 55 16 8 9 5 
21295000 21295072 0 0 0 5 10 -1 -11 -4 2 -39 -8 84 83 25 20 17 10 11 31 35 45 55 16 10 10 5 
53500 53557 1 0 0 15 8 0 -5 -6 24 -51 2 91 95 25 20 17 10 13 33 35 45 55 16 8 9 5 
149000 149109 1 0 -1 0 -12 0 -30 -34 0 -75 5 90 87 25 20 17 10 15 35 35 45 55 16 11 10 5 
231500 231806 1 0 0 11 -11 0 16 -10 45 -30 27 89 89 25 20 17 10 16 36 35 45 55 16 9 10 5 
453500 453603 1 0 0 -12 -17 0 5 -8 33 -42 12 96 96 25 20 17 10 15 35 35 45 55 16 9 12 5 
640500 640616 1 0 0 3 -15 0 -18 -32 10 -65 15 96 95 25 20 17 10 16 36 35 45 55 16 9 8 5 
1098000 1098043 1 0 0 17 -3 0 10 -13 39 -36 24 89 93 25 20 17 10 15 35 35 45 55 16 10 12 5 
1259000 1259151 1 0 0 32 10 0 23 0 51 -24 23 88 88 25 20 17 10 14 34 35 45 55 16 11 9 5 
1631000 1631034 1 0 0 34 18 0 37 21 67 -8 18 88 87 25 20 17 10 15 35 35 45 55 16 11 10 5 
1974500 1974528 1 0 0 42 26 16 32 18 61 -14 15 91 91 25 20 16 10 15 35 35 45 55 16 11 12 5 
2163000 2163075 1 0 0 32 23 5 27 19 55 -20 9 90 86 25 20 16 10 14 34 35 45 55 16 9 10 5 
2345500 2345664 1 0 0 49 22 0 52 26 82 7 27 89 90 25 20 16 10 15 35 35 45 55 16 9 10 5 
2599500 2599592 1 0 0 34 10 0 38 8 66 -9 29 84 80 25 20 16 10 16 36 35 45 55 16 9 11 5 
2865000 2865089 1 0 0 33 14 0 25 6 52 -23 17 89 88 25 20 17 10 15 35 35 45 55 16 10 10 5 
3053500 3053538 1 0 0 5 -13 0 -4 -20 26 -49 17 83 81 25 20 17 10 14 34 35 45 55 16 11 9 5 
3339500 3339510 1 0 0 31 11 0 24 5 52 -23 19 85 83 25 20 17 10 14 34 35 45 55 16 10 9 5 
3515500 3515660 1 0 0 26 16 0 17 6 47 -28 12 79 76 25 20 17 10 14 34 35 45 55 16 10 7 5 
3669500 3669555 1 0 0 52 42 0 41 33 69 -6 9 75 75 25 20 17 10 14 34 35 45 55 16 9 9 5 
3962000 3962162 1 0 0 31 27 0 26 23 55 -20 3 75 73 25 20 17 10 14 34 35 45 55 16 10 9 5 
4121000 4121145 1 0 0 36 30 0 28 22 58 -17 6 74 77 25 20 17 10 14 34 35 45 55 16 9 9 5 
4291000 4291038 1 0 0 38 31 0 35 28 62 -13 7 73 70 25 20 17 10 13 33 35 45 55 16 8 10 5 
4491500 4491530 1 0 0 31 29 -15 31 27 61 -14 4 73 72 25 20 17 10 14 34 35 45 55 16 9 9 5 
4888000 4888080 1 0 0 35 27 0 34 23 62 -13 11 70 67 25 20 17 10 14 34 35 45 55 16 9 9 5 
5623000 5623059 1 0 0 36 23 0 29 16 58 -17 15 70 70 25 20 17 10 14 34 35 45 55 16 9 9 5 
6165000 6165191 1 0 0 43 44 10 37 39 66 -9 -2 74 77 25 20 17 10 14 34 35 45 55 16 9 9 5 
6675000 6675075 1 0 0 51 40 0 42 35 71 -4 9 68 69 25 20 17 10 15 35 35 45 55 16 9 9 5 
7110000 7110099 1 0 0 49 44 0 40 33 69 -6 7 68 68 25 20 17 10 15 35 35 45 55 16 9 9 5 
7586000 7586146 1 0 0 50 44 0 43 38 72 -3 6 69 66 25 20 17 10 15 35 35 45 55 16 9 9 5 
7749500 7749666 1 0 0 29 29 0 20 19 49 -26 1 66 67 25 20 17 10 15 35 35 45 55 16 9 8 5 
7957500 7957508 1 0 0 50 38 0 35 26 64 -11 10 66 68 25 20 17 10 15 35 35 45 55 16 8 8 5 
8163000 8163026 1 0 0 45 47 0 35 40 63 -12 -5 70 71 25 20 17 10 15 35 35 45 55 16 9 9 5 
8503000 8503144 1 0 0 42 46 -12 37 38 66 -9 0 77 78 25 20 17 10 15 35 35 45 55 16 10 10 5 
8670000 8670201 1 0 0 36 28 -17 34 27 64 -11 7 71 72 25 20 17 10 15 35 35 45 55 16 9 9 5 
8955000 8955202 1 0 0 17 28 0 16 26 43 -32 -12 63 64 25 20 17 10 15 35 35 45 55 16 8 8 5 
9408000 9408120 1 0 0 30 43 0 28 41 56 -19 -13 60 58 25 20 17 10 15 35 35 45 55 16 7 7 5 
9591500 9591666 1 0 0 16 27 0 3 14 31 -44 -11 62 60 25 20 17 10 15 35 35 45 55 16 8 8 5 
9759500 9759657 1 0 0 47 39 0 39 31 68 -7 8 67 67 25 20 17 10 15 35 35 45 55 16 8 9 5 
9920500 9920705 1 0 0 43 41 0 31 32 58 -17 -1 68 70 25 20 17 10 15 35 35 45 55 16 8 9 5 
10101500 10101710 1 0 0 44 43 0 45 44 75 0 1 67 68 25 20 17 10 15 35 35 45 55 16 8 8 5 
10319000 10319088 1 0 0 12 26 0 8 21 37 -38 -13 63 63 25 20 17 10 15 35 35 45 55 16 8 8 5 
10557000 10557095 1 0 0 28 31 0 18 23 47 -28 -5 64 66 25 20 17 10 15 35 35 45 55 16 8 8 5 
10717500 10717672 1 0 0 46 41 0 29 27 58 -17 2 65 64 25 20 17 10 14 34 35 45 55 16 8 8 5 
10724500 10724501 1 0 0 44 49 0 51 54 80 5 -2 87 86 25 20 17 10 13 33 35 45 55 16 10 9 5 
10726500 10726562 1 13 0 48 59 34 55 67 83 8 -13 100 102 25 20 17 10 13 31 35 45 55 16 9 6 5 
10730000 10730103 1 0 0 -40 -21 0 -29 -14 0 -75 -15 107 112 25 20 17 10 13 29 35 45 55 16 11 12 5 
10737000 10737232 1 0 0 -31 -9 0 -40 -15 -11 -86 -25 95 94 25 20 17 10 12 32 35 45 55 16 11 9 5 
10751000 10751129 1 0 0 10 9 0 7 7 37 -38 1 85 84 25 20 17 10 13 33 35 45 55 16 11 10 5 
10801500 10801606 1 0 0 0 3 9 -9 -6 20 -55 -3 90 97 25 20 17 10 13 33 35 45 55 16 12 12 5 
10823500 10823568 1 0 0 -2 6 0 -7 1 22 -53 -8 87 84 25 20 17 10 13 33 35 45 55 16 11 11 5 
10837500 10837564 1 -1 1 -60 -36 -58 -54 -32 -26 -101 -22 107 108 25 20 16 10 13 31 35 45 55 16 10 7 5 
10878500 10878590 1 2 1 -163 -107 -162 -182 -116 -152 -227 -64 119 119 25 20 16 10 13 29 35 45 55 16 15 16 5 
10888500 10888537 1 -3 1 -50 -58 -50 -62 -68 -33 -108 5 107 111 25 20 16 10 14 30 35 45 55 16 14 12 5 
10916000 10916192 1 -1 1 -55 -51 -55 -58 -55 -30 -105 -3 104 103 25 20 16 10 13 31 35 45 55 16 11 10 5 
10920000 10920130 1 2 1 -101 -91 -102 -118 -104 -87 -162 -13 108 109 25 20 16 10 13 31 35 45 55 16 13 14 5 
10933000 10933171 1 -3 1 -49 -43 -50 -51 -36 -23 -98 -16 104 106 25 20 16 10 14 32 35 45 55 16 11 11 5 
11202000 11202153 1 0 0 8 4 0 -2 -5 26 -49 3 82 82 25 20 18 10 12 32 35 45 55 16 9 10 5 
11416000 11416000 1 0 0 27 18 0 21 10 50 -25 10 85 87 25 20 17 10 14 34 35 45 55 16 9 11 5 
11673500 11673517 1 0 0 3 -10 0 -6 -18 23 -52 12 96 90 25 20 17 10 14 34 35 45 55 16 11 11 5 
11688000 11688124 1 0 0 -4 -8 0 -19 -23 10 -65 5 91 90 25 20 17 10 14 34 35 45 55 16 10 11 5 
11730000 11730142 1 0 0 16 1 0 12 -3 40 -35 15 79 83 25 20 17 10 15 35 35 45 55 16 9 8 5 
11813500 11813619 1 0 0 36 10 6 23 -2 52 -23 24 84 83 25 20 17 10 15 35 35 45 55 16 9 10 5 
11939000 11939057 1 0 0 37 26 6 27 19 56 -19 9 89 94 25 20 17 10 14 34 35 45 55 16 10 12 5 
12133000 12133041 1 0 0 32 23 0 24 17 54 -21 7 88 85 25 20 17 10 15 35 35 45 55 16 10 11 5 
12310500 12310906 1 0 0 10 -1 3 1 -10 30 -45 11 92 91 25 20 16 10 12 32 35 45 55 16 6 7 5 
12503500 12503607 1 0 0 25 10 0 10 1 40 -35 10 95 92 25 20 16 10 12 32 35 45 55 16 9 12 5 
12875500 12875588 1 0 0 29 14 -2 21 8 49 -26 14 91 89 25 20 16 10 14 34 35 45 55 16 12 11 5 
13144500 13144593 1 0 0 1 7 0 -8 -1 21 -54 -6 94 96 25 20 16 10 13 33 35 45 55 16 12 11 5 
13312500 13312675 1 0 0 1 -5 8 -12 -17 16 -59 4 83 82 25 20 16 10 13 33 35 45 55 16 9 11 5 
13534500 13534660 1 0 0 -4 4 5 -11 -2 17 -58 -10 89 90 25 20 16 10 14 34 35 45 55 16 9 11 5 
13809500 13809564 1 0 0 4 -2 0 -4 -10 24 -51 5 82 82 25 20 16 10 14 34 35 45 55 16 8 8 5 
14080500 14080626 1 0 0 14 1 0 7 -10 35 -40 17 82 81 25 20 17 10 15 35 35 45 55 16 10 10 5 
14324000 14324212 1 0 0 5 -6 0 0 -13 29 -46 13 98 97 25 20 18 10 14 34 35 45 55 16 9 11 5 
14563000 14563048 1 0 0 19 6 0 13 -2 41 -34 13 79 82 25 20 17 10 13 33 35 45 55 16 10 10 5 
14755500 14755576 1 0 0 24 17 0 20 9 49 -26 12 85 85 25 20 17 10 11 31 35 45 55 16 11 6 5 
14986000 14986027 1 0 0 26 17 0 31 20 59 -16 10 83 83 25 20 17 10 12 32 35 45 55 16 8 8 5 
15215500 15215655 1 0 0 15 8 0 9 2 38 -37 8 90 91 25 20 17 10 14 34 35 45 55 16 11 10 5 
15441500 15441637 1 0 0 43 23 0 33 15 62 -13 19 85 90 25 20 17 10 14 34 35 45 55 16 10 10 5 
15588500 15588581 1 0 0 28 17 0 21 8 50 -25 14 79 79 25 20 17 10 14 34 35 45 55 16 9 9 5 
15737000 15737120 1 0 0 25 11 0 11 0 39 -36 10 84 83 25 20 17 10 13 33 35 45 55 16 11 11 5 
16092000 16092018 1 0 0 21 16 0 17 9 47 -28 9 77 77 25 20 17 10 13 33 35 45 55 16 9 10 5 
16425000 16425011 1 0 0 5 6 0 -10 -8 19 -56 -2 79 74 25 20 17 10 14 34 35 45 55 16 9 9 5 
16737000 16737041 1 0 0 20 22 0 16 18 46 -29 -1 86 82 25 20 17 10 13 33 35 45 55 16 10 11 5 
17004500 17004538 1 0 0 21 13 0 17 5 46 -29 12 87 85 25 20 17 10 11 31 35 45 55 16 9 9 5 
17159000 17159012 1 0 0 1 -1 0 -9 -8 18 -57 -1 83 81 25 20 17 10 12 32 35 45 55 16 9 9 5 
17349500 17349659 1 0 0 9 -1 0 -4 -14 24 -51 10 92 93 25 20 17 10 14 34 35 45 55 16 12 12 5 
17433000 17433241 1 0 0 17 -8 0 13 -14 42 -33 26 99 100 25 20 17 10 13 31 35 45 55 16 7 8 5 
17607000 17607139 1 0 0 25 12 0 18 2 48 -27 16 87 88 25 20 17 10 13 33 35 45 55 16 11 9 5 
17688500 17688575 1 0 0 1 2 0 14 9 43 -32 5 91 90 25 20 17 10 14 34 35 45 55 16 12 11 5 
17759000 17759141 1 0 0 2 5 0 -17 -8 13 -62 -8 88 89 25 20 17 10 14 34 35 45 55 16 11 11 5 
17815500 17815700 1 0 0 9 0 0 6 -8 36 -39 13 82 82 25 20 17 10 14 34 35 45 55 16 10 9 5 
17973000 17973001 1 0 0 16 -1 0 17 -4 47 -28 22 80 80 25 20 17 10 14 34 35 45 55 16 10 9 5 
18270000 18270137 1 0 0 -3 -12 0 -13 -21 17 -58 10 80 81 25 20 17 10 13 33 35 45 55 16 8 8 5 
18579500 18579574 1 0 0 -2 9 0 -2 7 27 -48 -8 90 89 25 20 17 10 12 32 35 45 55 16 11 11 5 
18707000 18707118 1 0 0 4 2 0 1 -6 29 -46 6 89 89 25 20 17 10 12 32 35 45 55 16 11 11 5 
18954500 18954574 1 0 0 -1 0 0 -15 -12 15 -60 -1 90 88 25 20 17 10 12 32 35 45 55 16 12 12 5 
19059500 19059634 1 0 0 21 23 0 14 17 42 -33 -4 87 86 25 20 17 10 12 32 35 45 55 16 11 11 5 
19183000 19183139 1 0 0 2 22 0 -4 17 25 -50 -21 89 89 25 20 17 10 12 32 35 45 55 16 11 12 5 
19329500 19329504 1 0 0 19 18 0 13 12 41 -34 0 87 89 25 20 17 10 14 34 35 45 55 16 11 11 5 
19448500 19448593 1 0 0 -2 -5 0 -6 -14 21 -54 5 88 85 25 20 17 10 14 34 35 45 55 16 11 11 5 
19679000 19679018 1 0 0 7 6 0 -4 -1 25 -50 -3 91 94 25 20 17 10 13 33 35 45 55 16 12 12 5 
19858000 19858020 1 0 0 -5 -11 0 -26 -27 3 -72 2 95 97 25 20 17 10 13 33 35 45 55 16 12 10 5 
20088000 20088023 1 0 0 18 19 0 11 10 42 -33 1 87 87 25 20 17 10 13 33 35 45 55 16 11 11 5 
20137500 20138151 1 -1 1 -47 -45 -63 -140 -127 -112 -187 -14 101 106 25 20 17 10 13 31 35 45 55 16 4 5 5 
20139500 20139554 1 15 0 -97 -85 -113 -144 -117 -116 -191 -28 106 106 25 20 17 10 13 31 35 45 55 16 3 8 5 
20205000 20205197 1 16 0 -122 -88 -134 -121 -84 -91 -166 -37 118 115 25 20 17 10 8 24 35 45 55 16 14 10 5 
20207000 20207183 1 2 1 -113 -86 -125 -111 -91 -82 -157 -20 114 115 25 20 17 10 8 24 35 45 55 16 10 13 5 
20298500 20298595 1 -3 1 -41 -25 -47 -45 -29 -16 -91 -15 101 100 25 20 17 10 8 26 35 45 55 16 11 12 5 
20469500 20469509 1 0 0 -4 -4 0 -5 -4 25 -50 2 92 92 25 20 17 10 13 33 35 45 55 16 12 12 5 
20888500 20888578 1 0 0 26 15 0 20 8 49 -26 12 86 84 25 20 17 10 13 33 35 45 55 16 10 11 5 
21112500 21112626 1 0 0 28 13 0 17 3 46 -29 14 83 82 25 20 17 10 13 33 35 45 55 16 10 9 5 
21133000 21133102 1 15 0 59 44 32 57 39 86 11 19 93 87 25 20 17 10 9 29 35 45 55 16 10 4 5 
21283000 21283004 1 16 0 -6 -13 -22 -3 -16 26 -49 13 82 82 25 20 17 10 11 31 35 45 55 16 8 9 5 
21295500 21295801 1 0 0 15 7 0 18 5 46 -29 11 84 81 25 20 17 10 11 31 35 45 55 16 10 10 5 
