43000 43015 0 -1 7 -63 -148 -53 -65 -157 -69 87 92 97 95 25 20 14 10 12 32 35 45 55 16 5 9 5 
714000 714132 0 2 7 -271 -311 -260 -271 -311 -275 -119 41 124 134 25 20 12 10 12 27 35 45 55 16 14 15 5 
1248000 1248144 0 -3 7 -59 -127 -49 -57 -128 -61 95 71 95 95 25 20 12 10 13 33 35 45 55 16 12 12 5 
1286000 1286157 0 -1 7 -65 -135 -54 -66 -134 -71 85 67 93 94 25 20 12 10 13 33 35 45 55 16 9 12 5 
1307500 1307583 0 2 7 -104 -144 -93 -103 -145 -108 48 40 113 109 25 20 12 10 13 31 35 45 55 16 15 14 5 
1366500 1366501 0 -3 7 -60 -125 -49 -53 -122 -58 98 70 97 99 25 20 15 10 13 33 35 45 55 16 13 12 5 
2015500 2015591 0 0 0 -10 -88 0 -3 -86 -6 150 86 89 88 25 20 15 10 13 33 35 45 55 16 10 11 5 
2390000 2390137 0 -1 7 -62 -111 -53 -70 -109 -76 80 37 99 101 25 20 15 10 13 31 35 45 55 16 13 12 5 
2599500 2599758 0 2 7 -292 -303 -284 -293 -311 -298 -142 18 133 139 25 20 15 10 13 28 35 45 55 16 9 15 5 
2613000 2613377 0 15 0 -182 -264 -174 -188 -268 -191 -35 79 104 103 25 20 14 10 13 31 35 45 55 16 7 13 5 
2652500 2669955 0 -3 7 38 -190 45 -138 -328 -142 14 190 134 231 25 20 14 10 13 28 35 45 55 16 0 0 5 
2662000 2669955 0 -1 7 -58 -265 -51 -138 -328 -142 14 190 134 231 25 20 14 10 13 28 35 45 55 16 0 0 5 
2676000 2692802 0 2 7 -654 -581 -646 -230 -141 -234 -78 -89 134 197 25 20 14 10 13 28 35 45 55 16 0 0 5 
2740500 2741945 0 -3 7 -52 -127 -46 29 -70 24 180 98 111 86 25 20 14 10 13 33 35 45 55 16 0 3 5 
2754000 2756990 0 -1 7 -58 -151 -52 -81 -172 -85 71 91 121 106 25 20 14 10 13 31 35 45 55 16 0 0 5 
2844000 2844727 0 2 7 -328 -293 -322 -368 -306 -372 -216 -62 140 123 25 20 14 10 13 28 35 45 55 16 0 0 5 
2881000 2881030 0 16 0 -66 -130 -60 -64 -125 -67 89 62 83 80 25 20 14 10 14 34 35 45 55 16 10 8 5 
3019500 3019639 0 -3 7 -54 -126 -49 -52 -121 -56 100 69 85 85 25 20 14 10 14 34 35 45 55 16 2 5 5 
4124000 4124110 0 0 -1 0 -72 0 4 -70 0 156 74 60 58 25 20 14 10 15 35 35 45 55 16 7 8 5 
4331000 4331092 0 0 0 4 -69 0 -1 -74 -4 152 74 62 63 25 20 15 10 14 34 35 45 55 16 8 8 5 
4431500 4431695 0 0 0 -22 -89 -1 -21 -85 -25 131 65 60 57 25 20 14 10 14 34 35 45 55 16 8 7 5 
4549500 4549524 0 0 0 -16 -78 0 -15 -72 -20 136 57 59 57 25 20 13 10 14 34 35 45 55 16 7 6 5 
4776500 4776619 0 0 0 -4 -60 0 1 -55 -4 152 57 63 61 25 20 14 10 14 34 35 45 55 16 8 8 5 
5002500 5002667 0 0 0 -11 -72 24 -18 -76 -23 133 58 86 89 25 20 15 10 14 34 35 45 55 16 9 11 5 
5043500 5043611 0 0 0 -2 -69 0 0 -62 -4 152 62 86 87 25 20 15 10 14 34 35 45 55 16 8 10 5 
5086000 5086352 0 0 0 -4 -68 0 -6 -73 -10 146 67 76 79 25 20 14 10 14 34 35 45 55 16 2 3 5 
5114000 5114447 0 0 0 1 -82 0 1 -90 -3 153 91 73 67 25 20 13 10 14 34 35 45 55 16 3 4 5 
5645500 5645645 0 0 0 6 -89 8 5 -90 2 158 96 77 77 25 20 13 10 14 34 35 45 55 16 10 10 5 
5673000 5673034 0 0 0 5 -86 0 8 -86 4 160 94 72 78 25 20 13 10 14 34 35 45 55 16 9 9 5 
5917500 5917566 0 0 0 6 -70 0 -4 -76 -10 146 70 75 83 25 20 13 10 14 34 35 45 55 16 7 7 5 
6219000 6220119 0 -1 7 -92 -183 -97 -258 -267 -262 -106 9 101 105 25 20 13 10 15 33 35 45 55 16 1 3 5 
6221500 6224473 0 2 7 -242 -260 -248 -59 -158 -62 94 99 103 110 25 20 13 10 15 31 35 45 55 16 0 6 5 
6386000 6386100 0 -3 7 -41 -121 -47 -42 -126 -47 109 83 90 87 25 20 13 10 16 36 35 45 55 16 11 11 5 
6590000 6590043 0 -1 7 -45 -108 -50 -44 -108 -48 108 64 76 63 25 20 13 10 14 34 35 45 55 16 9 8 5 
7041000 7041125 0 2 7 -275 -294 -281 -278 -294 -283 -127 17 114 128 25 20 12 10 13 28 35 45 55 16 14 11 5 
7370000 7370000 0 -3 7 -41 -120 -46 -36 -118 -41 115 81 85 90 25 20 14 10 14 34 35 45 55 16 8 11 5 
8101500 8101631 0 -1 7 -49 -109 -55 -44 -107 -48 108 64 67 65 25 20 16 10 13 33 35 45 55 16 7 9 5 
8160000 8160137 0 2 7 -115 -129 -120 -115 -127 -120 36 12 94 105 25 20 16 10 14 32 35 45 55 16 12 12 5 
8168000 8168826 0 -3 7 -43 -108 -49 -39 -106 -41 115 68 78 82 25 20 16 10 14 34 35 45 55 16 4 8 5 
8219000 8219832 0 -1 7 -51 -96 -57 -71 -103 -77 79 31 96 113 25 20 16 10 14 30 35 45 55 16 5 9 5 
8556500 8556561 0 15 0 -103 -172 -108 -93 -169 -97 59 75 91 94 25 20 14 10 14 34 35 45 55 16 11 6 5 
8569500 8569560 0 16 0 -174 -252 -180 -180 -250 -183 -27 71 146 161 25 20 12 10 13 28 35 45 55 16 8 10 5 
9114500 9115428 0 2 7 -350 -266 -355 -312 -332 -316 -160 18 121 133 25 20 12 10 14 29 35 45 55 16 1 3 5 
9182500 9182622 0 15 0 -141 -196 -146 -126 -182 -129 27 57 87 87 25 20 16 10 13 33 35 45 55 16 11 7 5 
9245500 9245565 0 16 0 -212 -277 -217 -210 -283 -214 -58 74 110 98 25 20 14 10 14 34 35 45 55 16 2 9 5 
9563000 9563123 0 -3 7 -41 -130 -46 -19 -122 -23 133 104 85 83 25 20 12 10 14 34 35 45 55 16 10 7 5 
9589500 9589537 0 -1 7 -45 -130 -50 -44 -129 -48 108 86 82 79 25 20 11 10 14 34 35 45 55 16 10 10 5 
9688000 9688073 0 2 7 -145 -181 -150 -153 -184 -158 -2 31 105 115 25 20 14 10 14 30 35 45 55 16 14 14 5 
9827000 9827017 0 -3 7 -44 -115 -48 -44 -115 -47 109 73 86 80 25 20 14 10 13 33 35 45 55 16 11 11 5 
9953500 9953569 0 -1 7 -46 -101 -51 -47 -103 -50 106 57 83 78 25 20 14 10 14 34 35 45 55 16 10 10 5 
10229000 10229076 0 2 7 -141 -165 -146 -176 -190 -182 -26 14 84 84 25 20 13 10 14 34 35 45 55 16 4 10 5 
10232500 10232600 0 -3 7 -34 -92 -39 -23 -87 -28 128 62 85 81 25 20 13 10 14 34 35 45 55 16 11 9 5 
10245500 10245616 0 -1 7 -47 -95 -52 -49 -100 -54 102 52 92 92 25 20 13 10 14 34 35 45 55 16 11 11 5 
10379500 10379598 0 2 7 -146 -146 -151 -161 -155 -166 -10 -6 80 79 25 20 13 10 14 34 35 45 55 16 4 9 5 
10508000 10508035 0 -3 7 -42 -101 -47 -40 -99 -44 112 58 85 85 25 20 13 10 14 34 35 45 55 16 8 10 5 
10519000 10519090 0 -1 7 -48 -103 -53 -46 -102 -51 105 55 85 81 25 20 13 10 14 34 35 45 55 16 10 9 5 
10610000 10610478 0 2 7 -128 -153 -133 -136 -156 -141 15 20 88 85 25 20 13 10 14 34 35 45 55 16 4 9 5 
10852500 10852503 0 -3 7 -45 -115 -50 -48 -116 -53 103 68 83 78 25 20 13 10 14 34 35 45 55 16 11 9 5 
10984000 10984118 0 -1 7 -49 -106 -54 -50 -106 -54 102 56 92 94 25 20 13 10 14 34 35 45 55 16 10 12 5 
11178000 11178089 0 2 7 -371 -365 -376 -363 -353 -366 -210 -10 124 129 25 20 13 10 14 29 35 45 55 16 6 7 5 
11304000 11304092 0 -3 7 -43 -122 -48 -47 -126 -51 105 79 83 79 25 20 15 10 14 34 35 45 55 16 10 11 5 
11353000 11353123 0 0 0 5 -90 0 7 -86 3 159 93 85 86 25 20 16 10 13 33 35 45 55 16 11 11 5 
11432000 11432085 0 0 0 55 -60 6 56 -61 52 208 119 81 76 25 20 16 10 14 34 35 45 55 16 10 10 5 
11440000 11440111 0 13 0 -7 -83 -9 -13 -81 -16 140 68 83 88 25 20 16 10 14 34 35 45 55 16 7 10 5 
11447000 11447026 0 0 0 -45 -101 -9 -43 -98 -47 109 55 80 87 25 20 16 10 14 34 35 45 55 16 8 6 5 
11458000 11458111 0 0 0 -29 -92 0 -28 -89 -33 123 61 81 84 25 20 16 10 14 34 35 45 55 16 10 11 5 
11478500 11478551 0 0 0 -23 -79 0 -26 -83 -30 126 57 83 91 25 20 16 10 14 34 35 45 55 16 9 10 5 
11503000 11503074 0 0 0 -2 -78 0 -8 -80 -13 143 71 78 81 25 20 15 10 14 34 35 45 55 16 9 10 5 
11527500 11527669 0 0 0 -27 -93 0 -29 -97 -32 124 69 78 71 25 20 15 10 14 34 35 45 55 16 10 9 5 
11535500 11535503 0 0 0 8 -66 0 9 -63 5 161 72 73 64 25 20 15 10 14 34 35 45 55 16 10 9 5 
11548000 11548132 0 0 0 45 -47 0 51 -41 47 203 93 78 75 25 20 15 10 14 34 35 45 55 16 10 9 5 
11595000 11595042 0 0 0 71 -40 0 71 -44 67 223 115 84 84 25 20 16 10 14 34 35 45 55 16 11 11 5 
11636000 11636522 0 0 0 91 -26 0 80 -36 76 232 116 79 72 25 20 16 10 14 34 35 45 55 16 8 9 5 
11640000 11640127 0 13 0 91 -40 29 96 -37 91 247 132 78 82 25 20 16 10 14 34 35 45 55 16 10 10 5 
11644500 11644501 0 0 0 30 -75 0 24 -80 17 173 103 87 92 25 20 16 10 14 34 35 45 55 16 5 11 5 
11654000 11654080 0 0 0 91 -26 0 106 -15 102 258 120 81 76 25 20 17 10 14 34 35 45 55 16 10 10 5 
11661000 11661029 0 0 0 10 -79 0 11 -83 7 163 94 82 89 25 20 17 10 14 34 35 45 55 16 11 5 5 
11675000 11675079 0 0 0 2 -78 0 4 -76 -1 155 80 82 77 25 20 17 10 14 34 35 45 55 16 9 9 5 
11733500 11733535 0 0 0 1 -71 0 -3 -74 -8 148 70 80 83 25 20 17 10 14 34 35 45 55 16 7 10 5 
11982000 11982187 0 0 0 0 -68 0 -1 -64 -4 152 64 81 80 25 20 16 10 14 34 35 45 55 16 10 7 5 
11990500 11991386 0 13 0 65 -24 27 80 -4 76 232 83 74 60 25 20 16 10 14 34 35 45 55 16 1 7 5 
11993500 11993541 0 0 0 52 -35 -4 46 -39 43 199 86 69 69 25 20 16 10 14 34 35 45 55 16 7 9 5 
12003000 12003034 0 0 0 0 -78 0 -5 -86 -10 146 81 68 66 25 20 16 10 14 34 35 45 55 16 7 8 5 
12077000 12077289 0 0 0 0 -75 0 4 -72 0 156 75 74 79 25 20 15 10 13 33 35 45 55 16 8 9 5 
12110500 12110641 0 0 0 47 -30 0 42 -32 39 195 74 73 77 25 20 15 10 13 33 35 45 55 16 9 9 5 
12116000 12116140 0 13 0 50 -19 31 46 -22 41 197 67 75 79 25 20 15 10 13 33 35 45 55 16 8 9 5 
12120500 12120527 0 0 0 -4 -54 0 -1 -45 -6 150 43 75 77 25 20 15 10 13 33 35 45 55 16 9 7 5 
12129500 12129546 0 0 0 -5 -74 0 -5 -74 -8 148 69 78 83 25 20 15 10 13 33 35 45 55 16 9 10 5 
12287500 12287556 0 15 0 -43 -104 -35 -43 -117 -47 109 74 90 95 25 20 15 10 13 33 35 45 55 16 11 6 5 
12433500 12433514 0 16 0 -26 -125 -14 -29 -124 -33 123 94 80 71 25 20 15 10 13 33 35 45 55 16 3 9 5 
12778000 12778106 0 0 0 -19 -78 0 -20 -84 -26 130 62 73 77 25 20 14 10 13 33 35 45 55 16 9 9 5 
12810500 12810606 0 0 0 -38 -89 0 -75 -99 -80 76 25 71 128 25 20 14 10 13 28 35 45 55 16 3 3 5 
12823500 12823589 0 0 0 -3 -73 0 -5 -73 -9 147 67 80 82 25 20 14 10 13 33 35 45 55 16 10 10 5 
12836000 12836203 0 0 0 19 -61 0 20 -65 17 173 85 70 77 25 20 13 10 14 34 35 45 55 16 9 8 5 
12888000 12888169 0 0 0 15 -55 0 15 -55 12 168 70 70 68 25 20 13 10 14 34 35 45 55 16 9 9 5 
12902000 12902063 0 0 0 41 -51 0 40 -52 37 193 94 70 78 25 20 14 10 14 34 35 45 55 16 9 9 5 
12909000 12909137 0 13 0 -63 -102 -59 -83 -117 -87 69 33 77 73 25 20 14 10 14 34 35 45 55 16 9 9 5 
12911500 12911560 0 0 0 -19 -73 0 -21 -73 -26 130 50 71 62 25 20 14 10 14 34 35 45 55 16 9 9 5 
13075500 13075924 0 0 0 -21 -62 0 -19 -57 -23 133 39 65 64 25 20 14 10 14 34 35 45 55 16 7 8 5 
13273000 13273144 0 0 0 -15 -72 0 -12 -72 -13 143 63 72 71 25 20 14 10 14 34 35 45 55 16 8 7 5 
13536500 13536525 0 0 0 -26 -57 0 -22 -49 -27 129 27 68 61 25 20 15 10 14 34 35 45 55 16 7 6 5 
13983500 13983737 0 0 0 1 -50 0 10 -46 7 163 56 70 74 25 20 17 10 14 34 35 45 55 16 2 8 5 
14242500 14242501 0 0 0 -12 -56 0 -5 -49 -9 147 43 73 71 25 20 16 10 14 34 35 45 55 16 9 9 5 
15090000 15090173 0 0 0 -34 -73 0 -44 -80 -48 108 37 68 69 25 20 16 10 14 34 35 45 55 16 9 9 5 
15487500 15487676 0 0 0 -16 -67 0 -15 -65 -18 138 51 69 69 25 20 16 10 14 34 35 45 55 16 9 9 5 
16170000 16170074 0 0 0 3 -34 0 4 -31 0 156 35 62 63 25 20 14 10 14 34 35 45 55 16 8 7 5 
17100000 17100195 0 0 0 -9 -58 0 -7 -57 -11 145 50 60 62 25 20 13 10 15 35 35 45 55 16 7 8 5 
17790000 17790184 0 0 0 -3 -41 0 -5 -35 -8 148 32 59 58 25 20 12 10 14 34 35 45 55 16 7 8 5 
18247500 18247595 0 0 0 -5 -56 0 -4 -56 -9 147 51 61 63 25 20 12 10 14 34 35 45 55 16 7 8 5 
18414500 18414623 0 -1 7 -57 -141 -51 -41 -134 -45 111 92 101 99 25 20 12 10 15 35 35 45 55 16 12 5 5 
18417000 18417070 0 15 0 -52 -126 -46 -46 -113 -51 105 66 103 108 25 20 12 10 15 33 35 45 55 16 6 6 5 
18437500 18438356 0 2 7 -184 -163 -177 -176 -168 -179 -23 -7 114 91 25 20 12 10 15 35 35 45 55 16 2 5 5 
18456500 18456594 0 16 0 -105 -175 -98 -99 -173 -102 54 75 92 93 25 20 12 10 15 35 35 45 55 16 6 11 5 
18499000 18499031 0 -3 7 -56 -112 -49 -57 -117 -62 94 58 101 100 25 20 12 10 14 32 35 45 55 16 12 14 5 
18527500 18527637 0 -1 7 -59 -123 -51 -55 -122 -59 97 67 99 94 25 20 12 10 13 33 35 45 55 16 12 10 5 
18537500 18537699 0 2 7 -259 -317 -251 -316 -357 -320 -164 41 103 115 25 20 12 10 13 29 35 45 55 16 3 1 5 
18560500 18560646 0 -3 7 -55 -128 -47 -37 -114 -40 116 77 87 91 25 20 12 10 13 33 35 45 55 16 12 10 5 
18586500 18586788 0 10 0 68 -23 75 86 3 82 238 84 87 92 25 20 12 10 13 33 35 45 55 16 0 6 5 
18590000 18590077 0 -1 7 -72 -100 -64 -93 -110 -95 61 17 106 109 25 20 12 10 13 31 35 45 55 16 8 12 5 
18682000 18682504 0 2 7 -384 -382 -375 -409 -405 -414 -258 -6 99 80 25 20 13 10 13 33 35 45 55 16 1 0 5 
18885000 18885050 0 -3 7 -59 -127 -48 -57 -126 -62 94 67 82 82 25 20 13 10 14 34 35 45 55 16 11 11 5 
19020000 19020081 0 0 0 -12 -99 0 -9 -94 -13 143 85 83 84 25 20 13 10 14 34 35 45 55 16 11 9 5 
19755000 19755045 0 0 0 1 -68 0 -2 -67 -7 149 64 77 80 25 20 13 10 14 34 35 45 55 16 10 10 5 
20343500 20343637 0 0 0 17 -69 0 15 -72 11 167 88 80 79 25 20 14 10 15 35 35 45 55 16 10 10 5 
20386500 20386525 0 15 0 -2 -68 -19 10 -65 5 161 74 89 91 25 20 16 10 14 34 35 45 55 16 11 3 5 
20390000 20391580 0 -1 7 -36 -70 -53 -110 -127 -114 42 17 102 116 25 20 16 10 13 29 35 45 55 16 2 5 5 
20439000 20439079 0 16 0 -174 -219 -191 -168 -229 -171 -15 62 120 117 25 20 15 10 13 29 35 45 55 16 3 13 5 
20507500 20507534 0 15 0 -199 -262 -216 -206 -266 -211 -55 60 111 115 25 20 14 10 14 30 35 45 55 16 11 3 5 
20527500 20527550 0 16 0 -232 -270 -249 -249 -284 -252 -96 35 101 103 25 20 14 10 14 32 35 45 55 16 3 7 5 
20528500 20528553 0 2 7 -246 -274 -264 -248 -273 -251 -95 26 101 104 25 20 14 10 14 32 35 45 55 16 4 10 5 
21002500 21002579 0 -3 7 58 -203 41 61 -198 57 213 259 139 138 25 20 14 10 13 28 35 45 55 16 17 18 5 
21011000 21011055 0 -1 7 -34 -231 -51 -29 -225 -32 124 196 136 142 25 20 14 10 13 28 35 45 55 16 16 17 5 
21051000 21051028 0 2 7 -218 -276 -235 -210 -273 -215 -59 62 124 121 25 20 14 10 14 29 35 45 55 16 15 16 5 
28500 28567 1 0 0 -11 -14 0 -14 -18 -8 22 4 81 83 25 20 14 10 12 32 35 45 55 16 8 6 5 
43000 43015 1 -1 7 -65 -80 -54 -59 -81 -54 -24 23 97 95 25 20 14 10 12 32 35 45 55 16 5 9 5 
66000 66105 1 2 7 -251 -225 -240 -284 -234 -278 -248 -50 116 103 25 20 13 10 13 31 35 45 55 16 5 6 5 
1239000 1239046 1 -3 7 -57 -60 -50 -61 -65 -55 -25 4 96 97 25 20 12 10 13 33 35 45 55 16 12 13 5 
1248000 1248144 1 -1 7 -58 -52 -51 -63 -58 -58 -28 -7 95 95 25 20 12 10 13 33 35 45 55 16 12 12 5 
1333000 1333032 1 2 7 -105 -81 -98 -96 -81 -90 -60 -15 94 101 25 20 15 10 12 30 35 45 55 16 11 11 5 
1428000 1428064 1 -3 7 -57 -58 -50 -63 -68 -58 -28 5 91 96 25 20 15 10 13 33 35 45 55 16 12 12 5 
2334000 2334039 1 -1 7 -56 -36 -51 -56 -36 -50 -20 -19 91 99 25 20 15 10 14 34 35 45 55 16 12 12 5 
2586500 2587032 1 2 7 -259 -141 -255 -346 -177 -340 -310 -169 111 114 25 20 15 10 13 29 35 45 55 16 0 2 5 
2613000 2613377 1 15 0 -97 -128 -93 -87 -124 -80 -50 37 104 103 25 20 14 10 13 31 35 45 55 16 7 13 5 
2722500 2735335 1 -3 7 -53 -162 -50 -33 -71 -26 4 38 128 106 25 20 14 10 13 31 35 45 55 16 0 8 5 
2758500 2759228 1 -1 7 -79 -5 -76 -144 -19 -138 -108 -125 122 118 25 20 14 10 13 29 35 45 55 16 0 1 5 
2817000 2836521 1 2 7 1491 1540 1495 -35 -245 -29 1 210 144 203 25 20 14 10 13 28 35 45 55 16 0 0 5 
2881000 2881030 1 16 0 -49 -61 -46 -53 -66 -47 -17 15 83 80 25 20 14 10 14 34 35 45 55 16 10 8 5 
2965000 2965010 1 -3 7 -38 -79 -35 -53 -96 -47 -17 43 96 100 25 20 14 10 12 30 35 45 55 16 9 7 5 
3035500 3035749 1 -1 7 -65 -73 -62 -71 -69 -66 -36 -3 84 70 25 20 14 10 14 34 35 45 55 16 9 8 5 
3038500 3038561 1 2 7 -120 -99 -118 -127 -111 -122 -92 -17 89 85 25 20 14 10 14 34 35 45 55 16 9 0 5 
3058500 3058764 1 -3 7 -52 -78 -49 -55 -78 -48 -18 23 101 103 25 20 14 10 14 32 35 45 55 16 8 4 5 
4124000 4124110 1 0 -1 0 -13 0 -6 -14 0 30 9 60 58 25 20 14 10 15 35 35 45 55 16 7 8 5 
4338000 4338151 1 0 0 -7 -8 0 -11 -9 -5 25 0 61 59 25 20 15 10 14 34 35 45 55 16 6 7 5 
4430500 4430640 1 0 0 -19 -35 14 -17 -32 -10 20 16 60 55 25 20 14 10 14 34 35 45 55 16 8 7 5 
4552500 4552544 1 0 0 -11 -8 0 -7 -2 1 31 -3 61 60 25 20 13 10 14 34 35 45 55 16 7 8 5 
4780500 4780518 1 0 0 2 -4 0 2 -3 6 36 4 65 63 25 20 14 10 14 34 35 45 55 16 9 8 5 
5003500 5003644 1 0 0 -21 -22 0 -24 -21 -17 13 -2 88 97 25 20 15 10 14 34 35 45 55 16 10 11 5 
5085000 5085560 1 0 0 -21 -35 0 -23 -38 -17 13 17 76 79 25 20 14 10 14 34 35 45 55 16 2 1 5 
5107500 5107517 1 13 0 15 -32 -2 19 -33 26 56 54 77 70 25 20 13 10 14 34 35 45 55 16 7 4 5 
5114000 5114447 1 0 0 28 -9 0 23 -18 30 60 42 73 67 25 20 13 10 14 34 35 45 55 16 3 4 5 
5475000 5475111 1 0 0 15 1 0 20 8 26 56 12 78 77 25 20 15 10 16 36 35 45 55 16 9 10 5 
5643500 5643510 1 0 0 14 -20 0 21 -19 27 57 40 82 80 25 20 13 10 14 34 35 45 55 16 11 10 5 
5673500 5673631 1 0 0 -16 -20 0 -24 -23 -18 12 0 72 67 25 20 13 10 14 34 35 45 55 16 9 9 5 
5904500 5904541 1 0 0 -1 -25 0 -4 -31 -1 29 26 75 68 25 20 13 10 14 34 35 45 55 16 2 8 5 
6200500 6200605 1 -1 7 -54 -24 -52 -68 -17 -60 -30 -50 97 96 25 20 14 10 15 35 35 45 55 16 4 13 5 
6243000 6243002 1 2 7 -149 -90 -147 -162 -103 -156 -126 -59 112 107 25 20 12 10 15 33 35 45 55 16 14 12 5 
6563500 6563783 1 -3 7 -51 -47 -50 -55 -55 -49 -19 1 80 82 25 20 13 10 14 34 35 45 55 16 9 9 5 
6617500 6617645 1 -1 7 -52 -45 -51 -52 -45 -47 -17 -9 80 75 25 20 13 10 14 34 35 45 55 16 10 9 5 
6756000 6756085 1 2 7 -168 -154 -167 -174 -161 -167 -137 -13 137 133 25 20 11 10 15 30 35 45 55 16 17 17 5 
7425000 7425340 1 -3 7 -49 -50 -48 -49 -53 -42 -12 5 80 77 25 20 16 10 14 34 35 45 55 16 9 9 5 
8113500 8113666 1 -1 7 -52 -51 -51 -49 -47 -44 -14 -3 76 78 25 20 16 10 13 33 35 45 55 16 6 9 5 
8157500 8157664 1 2 7 -102 -72 -101 -105 -75 -100 -70 -30 93 79 25 20 16 10 14 34 35 45 55 16 12 11 5 
8166500 8167185 1 -3 7 -48 -37 -47 -49 -36 -42 -12 -12 85 90 25 20 16 10 14 34 35 45 55 16 8 5 5 
8221000 8221110 1 -1 7 -53 -75 -52 -46 -75 -38 -8 31 104 111 25 20 16 10 14 30 35 45 55 16 5 11 5 
8556500 8556561 1 15 0 -58 -50 -57 -56 -47 -48 -18 -8 91 94 25 20 14 10 14 34 35 45 55 16 11 6 5 
8569500 8569560 1 16 0 -118 -97 -117 -127 -109 -120 -90 -17 146 161 25 20 12 10 13 28 35 45 55 16 8 10 5 
8982000 8982066 1 2 7 -194 -194 -193 -196 -190 -191 -161 -6 116 124 25 20 12 10 14 29 35 45 55 16 15 14 5 
9182500 9182622 1 15 0 -122 -107 -121 -112 -100 -106 -76 -13 87 87 25 20 16 10 13 33 35 45 55 16 11 7 5 
9245500 9245565 1 16 0 -126 -163 -125 -111 -143 -105 -75 33 110 98 25 20 14 10 14 34 35 45 55 16 2 9 5 
9511000 9511065 1 -3 7 -47 -51 -46 -83 -70 -76 -46 -13 85 82 25 20 12 10 14 34 35 45 55 16 5 2 5 
9595000 9595205 1 -1 7 -58 -54 -57 -59 -57 -53 -23 -2 84 77 25 20 11 10 14 34 35 45 55 16 7 9 5 
9689000 9689124 1 2 7 -139 -128 -138 -143 -131 -138 -108 -12 103 106 25 20 14 10 14 32 35 45 55 16 15 12 5 
9841500 9841612 1 -3 7 -49 -42 -49 -52 -41 -43 -13 -9 81 82 25 20 14 10 13 33 35 45 55 16 9 10 5 
10094500 10094670 1 -1 7 -52 -15 -51 -49 -19 -44 -14 -31 83 84 25 20 13 10 13 33 35 45 55 16 9 10 5 
10223500 10223762 1 2 7 -139 -96 -139 -155 -101 -150 -120 -55 85 84 25 20 13 10 14 34 35 45 55 16 4 11 5 
10905500 10905678 1 -3 7 -51 -41 -50 -47 -38 -41 -11 -8 81 79 25 20 13 10 14 34 35 45 55 16 10 10 5 
10981000 10981143 1 -1 7 -51 -36 -50 -48 -37 -41 -11 -11 89 94 25 20 13 10 14 34 35 45 55 16 6 12 5 
11177500 11177624 1 2 7 -210 -239 -209 -208 -239 -201 -171 33 123 127 25 20 13 10 14 29 35 45 55 16 2 11 5 
11349500 11349618 1 -3 7 -49 -48 -49 -50 -50 -44 -14 -1 85 83 25 20 16 10 13 33 35 45 55 16 10 11 5 
12225500 12226350 1 15 0 -53 -28 -56 -101 -62 -96 -66 -40 81 84 25 20 15 10 13 33 35 45 55 16 4 9 5 
12433500 12433514 1 16 0 -13 -30 -16 -5 -20 3 33 16 80 71 25 20 15 10 13 33 35 45 55 16 3 9 5 
12688000 12688057 1 0 0 0 -2 0 -2 -6 4 34 5 63 55 25 20 15 10 13 33 35 45 55 16 6 8 5 
12806000 12807125 1 0 0 1 -30 0 -8 -69 -2 28 62 66 65 25 20 14 10 13 33 35 45 55 16 0 3 5 
12834500 12834686 1 0 0 -8 2 0 -6 5 1 31 -12 70 67 25 20 13 10 14 34 35 45 55 16 9 9 5 
12888500 12888578 1 0 0 5 2 0 4 5 10 40 -1 70 66 25 20 13 10 14 34 35 45 55 16 9 9 5 
12902000 12902063 1 0 0 1 8 0 -4 9 3 33 -12 70 78 25 20 14 10 14 34 35 45 55 16 9 9 5 
12913000 12913145 1 0 0 -21 -30 0 -27 -37 -21 9 11 69 68 25 20 14 10 14 34 35 45 55 16 8 5 5 
13095000 13095020 1 0 0 -12 -16 0 -15 -19 -9 21 4 62 54 25 20 14 10 14 34 35 45 55 16 8 7 5 
13269500 13269574 1 0 0 -23 -20 0 -25 -23 -19 11 -1 72 65 25 20 14 10 14 34 35 45 55 16 9 8 5 
13538500 13538685 1 0 0 -16 -11 0 -19 -6 -12 18 -13 69 68 25 20 15 10 14 34 35 45 55 16 6 9 5 
13967000 13967103 1 0 0 -2 -13 0 -13 -16 -7 23 5 68 63 25 20 17 10 14 34 35 45 55 16 8 9 5 
14248000 14248142 1 0 0 3 3 0 3 4 7 37 -2 71 75 25 20 16 10 14 34 35 45 55 16 9 9 5 
15078500 15078523 1 0 0 -2 0 0 -3 -8 5 35 8 67 66 25 20 16 10 14 34 35 45 55 16 9 8 5 
15483500 15483503 1 0 0 0 0 0 0 1 5 35 -1 68 71 25 20 16 10 14 34 35 45 55 16 9 9 5 
16158500 16158507 1 0 0 12 6 0 15 14 21 51 1 64 68 25 20 14 10 14 34 35 45 55 16 8 8 5 
17032500 17032641 1 0 0 8 -1 0 10 -2 16 46 12 60 60 25 20 16 10 14 34 35 45 55 16 7 8 5 
17786000 17786014 1 0 0 13 20 0 8 16 15 45 -8 59 55 25 20 12 10 14 34 35 45 55 16 8 8 5 
18135000 18135201 1 0 0 -10 -4 0 -11 0 -4 26 -10 58 55 25 20 12 10 14 34 35 45 55 16 7 7 5 
18411000 18411337 1 -1 7 -66 -58 -55 -61 -65 -55 -25 4 96 87 25 20 12 10 15 35 35 45 55 16 3 5 5 
18417000 18417070 1 15 0 -85 -78 -73 -86 -86 -79 -49 1 103 108 25 20 12 10 15 33 35 45 55 16 6 6 5 
18433000 18433687 1 2 7 -283 -146 -272 -246 -101 -242 -212 -145 114 121 25 20 12 10 15 30 35 45 55 16 2 1 5 
18456500 18456594 1 16 0 -85 -77 -73 -75 -64 -69 -39 -11 92 93 25 20 12 10 15 35 35 45 55 16 6 11 5 
18468000 18468111 1 -3 7 -59 -75 -47 -53 -76 -47 -17 22 95 93 25 20 12 10 14 34 35 45 55 16 12 4 5 
18588000 18588354 1 -1 7 -64 -58 -52 -80 -75 -74 -44 -5 92 91 25 20 12 10 13 33 35 45 55 16 5 9 5 
18689500 18690197 1 2 7 -210 -161 -197 -210 -161 -204 -174 -49 97 109 25 20 13 10 13 31 35 45 55 16 5 7 5 
18779000 18779069 1 -3 7 -63 -65 -50 -63 -57 -57 -27 -5 94 90 25 20 13 10 14 34 35 45 55 16 13 10 5 
18787500 18788801 1 -1 7 -79 -64 -65 -165 -152 -159 -129 -14 98 102 25 20 13 10 14 32 35 45 55 16 1 2 5 
18820500 18820595 1 2 7 -147 -139 -133 -157 -150 -150 -120 -6 108 111 25 20 13 10 14 30 35 45 55 16 5 9 5 
18829000 18829090 1 -3 7 -62 -48 -48 -52 -39 -46 -16 -13 91 87 25 20 13 10 14 34 35 45 55 16 12 11 5 
19023500 19023527 1 0 0 -15 -31 0 -15 -30 -11 19 14 77 76 25 20 13 10 14 34 35 45 55 16 10 10 5 
19751000 19751138 1 0 0 -7 -2 0 -9 -5 -4 26 -5 77 75 25 20 13 10 14 34 35 45 55 16 7 10 5 
20340000 20340187 1 0 0 -6 -17 0 -8 -23 -1 29 15 81 84 25 20 14 10 15 35 35 45 55 16 11 10 5 
20386500 20386525 1 15 0 -23 -14 -17 -24 -8 -19 11 -15 89 91 25 20 16 10 14 34 35 45 55 16 11 3 5 
20390000 20391580 1 -1 7 -62 -66 -56 -112 -99 -106 -76 -14 102 116 25 20 16 10 13 29 35 45 55 16 2 5 5 
20439000 20439079 1 16 0 -230 -167 -224 -225 -176 -220 -190 -50 120 117 25 20 15 10 13 29 35 45 55 16 3 13 5 
20507500 20507534 1 15 0 -86 -59 -81 -81 -56 -75 -45 -25 111 115 25 20 14 10 14 30 35 45 55 16 11 3 5 
20527500 20527550 1 16 0 -131 -114 -126 -141 -119 -135 -105 -23 101 103 25 20 14 10 14 32 35 45 55 16 3 7 5 
20534500 20534630 1 2 7 -149 -126 -143 -146 -119 -140 -110 -29 99 103 25 20 14 10 14 32 35 45 55 16 11 11 5 
20628000 20628085 1 -3 7 -51 -56 -46 -34 -49 -28 2 17 92 97 25 20 14 10 13 33 35 45 55 16 12 10 5 
20842500 20842589 1 -1 7 -57 -68 -52 -57 -71 -50 -20 16 103 103 25 20 13 10 14 32 35 45 55 16 13 14 5 
20942500 20942536 1 2 7 -199 -184 -193 -209 -190 -204 -174 -19 162 163 25 20 14 10 13 28 35 45 55 16 16 17 5 
