19250 19681 0 2 1 -126 -123 -126 -123 -121 -125 -171 -2 104 104 25 20 17 10 10 28 35 45 55 16 11 12 5 
56750 56829 0 -3 1 -47 -50 -47 -43 -46 -46 -92 1 105 105 25 20 13 10 12 30 35 45 55 16 14 13 5 
199250 199308 0 0 -1 0 -22 0 2 -20 0 -46 22 101 101 25 20 13 10 11 29 35 45 55 16 12 10 5 
235250 235374 0 0 0 -7 -17 0 -6 -16 -12 -58 9 105 106 25 20 13 10 11 29 35 45 55 16 14 13 5 
418750 418862 0 0 0 -19 -44 0 -18 -42 -20 -66 25 103 101 25 20 13 10 11 29 35 45 55 16 10 13 5 
505250 505281 0 0 0 -23 -38 0 -21 -35 -24 -70 14 111 110 25 20 13 10 11 27 35 45 55 16 13 12 5 
688750 688759 0 -1 1 -76 -72 -50 -78 -71 -81 -127 -6 111 107 25 20 14 10 12 30 35 45 55 16 13 10 5 
701750 701779 0 2 1 -122 -116 -96 -124 -116 -128 -174 -9 119 119 25 20 12 10 12 28 35 45 55 16 15 15 5 
731250 731288 0 -3 1 -75 -94 -49 -77 -96 -81 -127 20 108 108 25 20 15 10 11 29 35 45 55 16 14 13 5 
943750 943842 0 0 0 -29 -49 0 -29 -47 -34 -80 18 91 91 25 20 13 10 12 32 35 45 55 16 12 12 5 
990750 990891 0 0 0 -27 -43 0 -20 -37 -25 -71 15 94 93 25 20 12 10 12 32 35 45 55 16 12 8 5 
1022750 1022901 0 0 0 15 -13 0 18 -11 14 -32 27 92 93 25 20 12 10 12 32 35 45 55 16 12 12 5 
1121250 1121383 0 0 0 -20 -43 0 -17 -41 -20 -66 24 93 94 25 20 13 10 12 32 35 45 55 16 3 7 5 
1132750 1133626 0 -1 1 -81 -87 -60 -126 -123 -131 -177 -4 120 147 25 20 13 10 12 27 35 45 55 16 3 18 5 
1353750 1353816 0 2 1 -469 -362 -449 -474 -365 -479 -525 -110 160 158 25 20 13 10 12 27 35 45 55 16 21 21 5 
2396750 2396815 0 -3 1 -67 -71 -49 -63 -68 -66 -112 5 91 93 25 20 13 10 12 32 35 45 55 16 9 9 5 
2488750 2488871 0 0 0 -18 -33 0 -12 -27 -16 -62 16 92 90 25 20 12 10 11 31 35 45 55 16 12 9 5 
2534750 2534814 0 0 0 7 -15 0 12 -9 8 -38 20 88 89 25 20 12 10 11 31 35 45 55 16 11 9 5 
2690250 2690845 0 -1 1 -48 -65 -50 -59 -68 -63 -109 9 114 117 25 20 13 10 11 27 35 45 55 16 7 11 5 
2712750 2713025 0 2 1 -106 -108 -107 -108 -105 -113 -159 -4 118 119 25 20 13 10 11 27 35 45 55 16 10 9 5 
2719250 2719772 0 -3 1 -47 -63 -48 -47 -61 -51 -97 13 110 110 25 20 13 10 11 27 35 45 55 16 7 12 5 
2736250 2736266 0 0 0 1 -26 0 9 -22 5 -41 30 100 99 25 20 13 10 11 31 35 45 55 16 12 9 5 
2923750 2923838 0 0 0 3 -32 0 6 -29 3 -43 36 93 90 25 20 14 10 12 32 35 45 55 16 12 12 5 
3238750 3238807 0 0 0 2 -45 0 4 -43 0 -46 47 99 99 25 20 13 10 12 32 35 45 55 16 13 13 5 
3340250 3340391 0 0 0 -13 -51 0 -8 -47 -11 -57 40 103 100 25 20 13 10 13 31 35 45 55 16 13 13 5 
3377750 3377844 0 0 0 37 -26 0 39 -22 36 -10 62 96 91 25 20 14 10 13 33 35 45 55 16 12 12 5 
3454250 3454330 0 0 0 -17 -48 0 -14 -47 -19 -65 33 106 106 25 20 12 10 13 31 35 45 55 16 14 14 5 
3473250 3473289 0 0 0 -17 -51 0 -14 -51 -18 -64 36 108 108 25 20 12 10 13 31 35 45 55 16 14 14 5 
3484750 3485148 0 -1 1 -72 -91 -55 -82 -93 -85 -131 12 131 156 25 20 13 10 12 27 35 45 55 16 8 21 5 
4642750 4642807 0 2 1 -441 -370 -430 -450 -376 -454 -500 -74 153 155 25 20 14 10 13 28 35 45 55 16 20 20 5 
4810750 4811203 0 -3 1 -56 -71 -45 -46 -61 -50 -96 14 100 102 25 20 14 10 12 30 35 45 55 16 5 5 5 
4819250 4819265 0 0 0 -10 -50 0 -8 -44 -12 -58 36 93 94 25 20 14 10 12 32 35 45 55 16 7 6 5 
4829250 4829313 0 -1 1 -62 -108 -56 -67 -108 -69 -115 42 130 158 25 20 15 10 13 28 35 45 55 16 11 18 5 
4839750 4839805 0 2 1 -115 -145 -114 -127 -151 -131 -177 24 141 132 25 20 15 10 12 27 35 45 55 16 17 15 5 
4842250 4842371 0 -3 1 -49 -117 -48 -6 -114 -9 -55 107 119 88 25 20 14 10 13 33 35 45 55 16 15 13 5 
4847750 4848302 0 0 0 2 -63 0 -12 -59 -15 -61 47 100 101 25 20 13 10 14 32 35 45 55 16 9 14 5 
4879750 4879873 0 0 0 4 -30 0 -5 -25 -8 -54 21 107 118 25 20 13 10 12 28 35 45 55 16 9 14 5 
4931750 4931818 0 0 0 15 -44 0 6 -42 2 -44 47 99 102 25 20 12 10 14 32 35 45 55 16 13 8 5 
4981750 4981810 0 0 0 -13 -50 0 -8 -45 -12 -58 37 106 104 25 20 13 10 14 32 35 45 55 16 14 13 5 
5053750 5053847 0 0 0 -17 -57 0 -12 -51 -17 -63 39 105 106 25 20 12 10 14 32 35 45 55 16 11 13 5 
5170250 5170369 0 0 0 -13 -48 0 -16 -43 -18 -64 27 109 111 25 20 11 10 13 29 35 45 55 16 12 14 5 
5208750 5208882 0 -1 1 -73 -98 -59 -76 -95 -79 -125 20 125 110 25 20 13 10 14 30 35 45 55 16 10 5 5 
5774750 5774838 0 2 1 -462 -364 -450 -463 -361 -466 -512 -101 151 152 25 20 16 10 13 28 35 45 55 16 20 20 5 
5931250 5931337 0 -3 1 -47 -137 -35 -21 -140 -24 -70 119 103 92 25 20 14 10 13 33 35 45 55 16 9 7 5 
6019250 6019344 0 0 0 -12 -38 0 -11 -35 -13 -59 25 91 90 25 20 14 10 12 32 35 45 55 16 11 11 5 
6212750 6212817 0 0 0 5 -31 0 12 -28 8 -38 39 92 94 25 20 14 10 12 32 35 45 55 16 10 11 5 
6580750 6580805 0 -1 1 -55 -79 -51 -51 -74 -54 -100 22 108 105 25 20 12 10 13 31 35 45 55 16 10 4 5 
6603750 6603778 0 2 1 -127 -147 -122 -140 -158 -142 -188 18 141 203 25 20 12 10 14 29 35 45 55 16 3 14 5 
6643250 6643274 0 -3 1 -52 -89 -47 -23 -87 -26 -72 63 109 87 25 20 12 10 14 34 35 45 55 16 13 13 5 
6977750 6977866 0 0 0 -14 -17 0 -13 -15 -16 -62 1 89 90 25 20 14 10 14 34 35 45 55 16 11 11 5 
7738750 7738757 0 0 0 -20 -43 0 -13 -39 -18 -64 26 100 99 25 20 14 10 14 34 35 45 55 16 13 13 5 
8245250 8245322 0 0 0 -37 -34 0 -36 -32 -39 -85 -4 92 90 25 20 13 10 14 34 35 45 55 16 12 12 5 
8410250 8410327 0 0 0 -25 -21 0 -23 -19 -28 -74 -5 89 92 25 20 14 10 14 34 35 45 55 16 1 7 5 
8543250 8543353 0 0 0 -6 3 0 -1 7 -2 -48 -8 89 89 25 20 14 10 14 34 35 45 55 16 12 11 5 
8641750 8641767 0 -1 1 -76 -60 -59 -65 -51 -67 -113 -13 100 87 25 20 14 10 13 33 35 45 55 16 11 8 5 
8688750 8688819 0 2 1 -181 -181 -159 -184 -184 -186 -232 -1 133 138 25 20 16 10 13 28 35 45 55 16 17 18 5 
8735250 8735493 0 -3 1 -76 -53 -49 -68 -46 -71 -117 -22 92 95 25 20 13 10 12 32 35 45 55 16 4 12 5 
8779250 8779252 0 -1 1 -84 -77 -52 -81 -77 -85 -131 -4 102 96 25 20 13 10 12 32 35 45 55 16 6 9 5 
8789250 8789295 0 2 1 -228 -198 -194 -234 -201 -237 -283 -32 154 156 25 20 14 10 12 27 35 45 55 16 20 20 5 
8802750 8802795 0 -3 1 -84 -125 -49 -77 -115 -80 -126 38 129 124 25 20 14 10 12 27 35 45 55 16 13 16 5 
8812750 8812768 0 -1 1 -87 -97 -51 -84 -96 -86 -132 13 120 117 25 20 14 10 12 28 35 45 55 16 15 16 5 
8826750 8826759 0 2 1 -267 -242 -229 -269 -244 -273 -319 -24 149 153 25 20 15 10 13 28 35 45 55 16 20 19 5 
8882250 8883056 0 -3 1 -90 -60 -46 -80 -51 -84 -130 -30 94 92 25 20 13 10 12 32 35 45 55 16 4 9 5 
8951750 8951840 0 -1 1 -111 -85 -59 -107 -83 -111 -157 -25 123 109 25 20 14 10 12 30 35 45 55 16 12 9 5 
8955750 8955823 0 2 1 -211 -174 -159 -212 -172 -215 -261 -40 166 170 25 20 14 10 12 27 35 45 55 16 20 22 5 
8962250 8962355 0 -3 1 -96 -124 -43 -69 -122 -72 -118 53 131 99 25 20 14 10 12 32 35 45 55 16 19 14 5 
8985750 8985840 0 0 0 -55 -50 0 -53 -47 -56 -102 -7 95 95 25 20 13 10 13 33 35 45 55 16 12 12 5 
9045750 9045757 0 0 0 -48 -33 0 -45 -29 -48 -94 -17 93 93 25 20 13 10 12 32 35 45 55 16 12 12 5 
9345750 9345831 0 0 0 -42 -47 0 -38 -45 -42 -88 6 97 99 25 20 13 10 12 32 35 45 55 16 12 13 5 
9364250 9364849 0 -1 1 -103 -97 -62 -124 -114 -129 -175 -11 123 155 25 20 13 10 12 27 35 45 55 16 9 20 5 
9576250 9576340 0 2 1 -463 -358 -430 -467 -358 -470 -516 -109 163 165 25 20 15 10 13 28 35 45 55 16 21 21 5 
9685750 9686131 0 -3 1 -78 -78 -49 -74 -72 -77 -123 -2 100 97 25 20 13 10 13 33 35 45 55 16 5 11 5 
9722750 9722818 0 0 0 -28 -56 0 -25 -55 -29 -75 29 97 97 25 20 14 10 13 33 35 45 55 16 12 13 5 
9813750 9813825 0 0 0 -44 -63 0 -40 -60 -43 -89 20 104 103 25 20 12 10 13 31 35 45 55 16 10 13 5 
10146250 10146315 0 0 0 -24 -56 0 -19 -53 -22 -68 36 95 94 25 20 12 10 15 35 35 45 55 16 12 12 5 
10189250 10189707 0 -1 1 -82 -74 -59 -91 -84 -95 -141 -9 110 92 25 20 13 10 14 34 35 45 55 16 9 11 5 
10393250 10393289 0 2 1 -566 -457 -551 -580 -465 -583 -629 -116 159 161 25 20 16 10 13 28 35 45 55 16 21 20 5 
10685250 10685303 0 -3 1 -53 -61 -49 -49 -59 -51 -97 11 107 106 25 20 13 10 12 30 35 45 55 16 12 5 5 
10868250 10868253 0 0 0 3 -36 0 12 -33 8 -38 44 100 98 25 20 13 10 13 33 35 45 55 16 12 13 5 
11175750 11175776 0 0 0 -10 -8 0 -8 -8 -12 -58 -1 91 92 25 20 14 10 13 33 35 45 55 16 12 12 5 
11292750 11292784 0 0 0 36 22 0 41 27 38 -8 15 91 90 25 20 14 10 13 33 35 45 55 16 12 9 5 
11845250 11845250 0 0 0 99 80 0 102 84 98 52 19 78 77 25 20 19 10 10 30 35 45 55 16 10 10 5 
11866750 11866872 0 0 0 37 21 0 39 24 37 -9 17 113 113 25 20 19 10 9 25 35 45 55 16 14 14 5 
11891250 11891252 0 0 0 49 33 0 54 37 51 5 18 84 86 25 20 14 10 13 33 35 45 55 16 7 11 5 
11930250 11930392 0 0 0 41 49 0 44 52 40 -6 -7 81 80 25 20 14 10 13 33 35 45 55 16 10 10 5 
12161250 12161416 0 0 0 42 51 0 43 53 41 -5 -10 78 77 25 20 15 10 13 33 35 45 55 16 10 10 5 
12170250 12170314 0 13 0 77 63 10 78 65 73 27 13 87 88 25 20 15 10 12 32 35 45 55 16 12 11 5 
12178750 12178927 0 0 0 92 77 0 94 78 90 44 17 75 74 25 20 17 10 10 30 35 45 55 16 7 10 5 
12340250 12340278 0 0 0 83 67 0 85 69 82 36 15 87 86 25 20 18 10 10 30 35 45 55 16 11 11 5 
12539750 12539768 0 0 0 64 51 0 66 52 63 17 14 76 75 25 20 18 10 10 30 35 45 55 16 10 10 5 
12621250 12621358 0 0 0 37 39 0 41 42 38 -8 -1 79 81 25 20 15 10 13 33 35 45 55 16 10 10 5 
12857750 12857932 0 0 0 62 50 0 66 53 62 16 12 75 75 25 20 16 10 12 32 35 45 55 16 9 10 5 
13174250 13174250 0 0 0 52 63 0 54 65 51 5 -9 72 71 25 20 16 10 15 35 35 45 55 16 9 6 5 
13395750 13395814 0 0 0 48 58 0 51 61 47 1 -11 71 71 25 20 17 10 13 33 35 45 55 16 6 9 5 
13504250 13504443 0 0 0 44 58 0 47 60 43 -3 -14 71 72 25 20 15 10 14 34 35 45 55 16 9 6 5 
13523250 13523290 0 0 0 78 74 0 79 76 74 28 2 75 75 25 20 17 10 13 33 35 45 55 16 8 10 5 
13579250 13579338 0 0 0 81 71 0 85 76 82 36 10 72 72 25 20 16 10 13 33 35 45 55 16 9 7 5 
13939250 13939384 0 0 0 60 58 0 64 62 62 16 3 79 77 25 20 18 10 10 30 35 45 55 16 10 10 5 
13965750 13965768 0 0 0 27 40 0 31 44 27 -19 -13 75 75 25 20 15 10 13 33 35 45 55 16 9 10 5 
14078250 14078252 0 0 0 28 55 0 32 59 30 -16 -26 79 78 25 20 15 10 15 35 35 45 55 16 10 10 5 
14102750 14102845 0 0 0 63 55 0 66 57 63 17 8 81 85 25 20 16 10 13 33 35 45 55 16 10 11 5 
14256250 14256428 0 0 0 68 57 0 72 60 68 22 11 72 70 25 20 17 10 11 31 35 45 55 16 8 7 5 
14837750 14837856 0 0 0 75 63 0 78 65 74 28 12 83 82 25 20 16 10 12 32 35 45 55 16 9 9 5 
14934250 14934326 0 0 0 72 59 0 75 61 73 27 16 76 79 25 20 18 10 10 30 35 45 55 16 10 10 5 
14940250 14940349 0 13 0 44 47 11 44 48 42 -4 -4 90 94 25 20 15 10 12 32 35 45 55 16 7 10 5 
14945250 14945272 0 0 0 1 13 0 6 18 3 -43 -12 103 100 25 20 12 10 13 31 35 45 55 16 13 10 5 
15078750 15078885 0 -1 1 -61 -44 -57 -54 -35 -57 -103 -20 116 102 25 20 14 10 13 31 35 45 55 16 10 10 5 
15084750 15084810 0 2 1 -290 -211 -286 -300 -215 -304 -350 -86 157 174 25 20 16 10 12 27 35 45 55 16 21 18 5 
15117750 15117804 0 -3 1 -53 -49 -48 -51 -47 -53 -99 -2 95 93 25 20 14 10 12 32 35 45 55 16 5 10 5 
15468750 15468838 0 -1 1 -67 -52 -51 -66 -52 -69 -115 -13 101 113 25 20 13 10 13 29 35 45 55 16 10 13 5 
15475750 15475903 0 2 1 -102 -85 -85 -94 -81 -97 -143 -12 106 142 25 20 13 10 13 28 35 45 55 16 13 14 5 
15486750 15486763 0 -3 1 -65 -61 -48 -59 -59 -64 -110 -1 100 81 25 20 13 10 13 33 35 45 55 16 13 12 5 
15744250 15744499 0 0 0 -25 -34 0 -24 -32 -28 -74 8 97 96 25 20 13 10 13 33 35 45 55 16 8 6 5 
15954250 15954257 0 0 0 1 -14 0 3 -11 0 -46 15 88 88 25 20 15 10 13 33 35 45 55 16 11 11 5 
16213250 16213250 0 0 0 -22 -9 0 -18 -5 -21 -67 -13 78 78 25 20 14 10 14 34 35 45 55 16 10 10 5 
16539250 16539303 0 0 0 10 -2 0 13 1 9 -37 12 86 86 25 20 14 10 13 33 35 45 55 16 11 11 5 
16588250 16588374 0 0 0 -2 -20 0 -2 -19 -6 -52 16 90 88 25 20 14 10 13 33 35 45 55 16 12 11 5 
16874750 16874844 0 0 0 11 16 0 13 18 9 -37 -5 83 77 25 20 15 10 13 33 35 45 55 16 11 10 5 
16894750 16895064 0 -1 1 -39 -33 -54 -47 -38 -51 -97 -9 107 130 25 20 17 10 9 24 35 45 55 16 5 16 5 
16901250 16901344 0 2 1 -104 -78 -120 -105 -79 -108 -154 -25 117 138 25 20 17 10 9 24 35 45 55 16 15 15 5 
16905250 16905252 0 -3 1 -29 -37 -46 -12 -24 -14 -60 13 83 79 25 20 17 10 10 30 35 45 55 16 8 10 5 
16949250 16949393 0 0 0 26 18 0 27 20 23 -23 6 77 79 25 20 17 10 10 30 35 45 55 16 9 10 5 
17042750 17042931 0 0 0 16 18 0 19 21 18 -28 -2 77 79 25 20 18 10 11 31 35 45 55 16 10 10 5 
17222750 17222811 0 0 0 47 39 0 51 41 48 2 10 73 73 25 20 18 10 10 30 35 45 55 16 10 9 5 
17353750 17353909 0 0 0 51 49 0 54 52 49 3 2 74 74 25 20 18 10 11 31 35 45 55 16 10 9 5 
17479250 17479312 0 0 0 48 51 0 52 55 49 3 -2 75 73 25 20 14 10 14 34 35 45 55 16 9 7 5 
17557250 17557387 0 0 0 16 28 0 20 31 17 -29 -12 74 75 25 20 15 10 14 34 35 45 55 16 10 9 5 
17650250 17650291 0 0 0 -6 12 0 -4 15 -7 -53 -19 79 81 25 20 14 10 14 34 35 45 55 16 10 10 5 
17674250 17674263 0 0 0 43 43 0 47 47 43 -3 1 75 75 25 20 18 10 11 31 35 45 55 16 9 10 5 
17810250 17810587 0 -1 1 -23 -7 -53 -35 -15 -38 -84 -20 92 99 25 20 15 10 11 31 35 45 55 16 4 13 5 
17815250 17815297 0 2 1 -81 -42 -111 -81 -40 -85 -131 -42 93 92 25 20 13 10 13 33 35 45 55 16 12 11 5 
17829750 17829909 0 -3 1 -21 -7 -49 -16 -4 -19 -65 -13 78 78 25 20 14 10 14 34 35 45 55 16 7 10 5 
17905250 17905402 0 0 0 21 25 0 24 28 20 -26 -5 79 79 25 20 17 10 10 30 35 45 55 16 10 10 5 
17970750 17970771 0 0 0 27 30 0 29 32 27 -19 -2 76 75 25 20 18 10 10 30 35 45 55 16 10 10 5 
17990750 17990821 0 -1 1 -30 -21 -55 -31 -22 -32 -78 -8 110 124 25 20 18 10 10 25 35 45 55 16 8 15 5 
18080750 18080800 0 2 1 -226 -176 -238 -230 -178 -232 -278 -50 123 126 25 20 17 10 10 25 35 45 55 16 16 17 5 
18087250 18087351 0 -3 1 -30 -49 -42 -24 -44 -27 -73 19 78 79 25 20 19 10 10 30 35 45 55 16 10 10 5 
18133750 18133866 0 0 0 5 26 0 8 28 3 -43 -21 75 77 25 20 19 10 10 30 35 45 55 16 10 9 5 
18386750 18386795 0 0 0 9 14 0 11 17 7 -39 -7 73 73 25 20 14 10 14 34 35 45 55 16 9 9 5 
18685250 18685274 0 0 0 17 29 0 18 31 15 -31 -14 75 75 25 20 14 10 15 35 35 45 55 16 10 10 5 
18758250 18758421 0 0 0 10 21 0 11 23 8 -38 -12 74 75 25 20 14 10 14 34 35 45 55 16 9 9 5 
18778750 18778856 0 0 0 52 45 0 55 49 52 6 7 76 74 25 20 18 10 9 29 35 45 55 16 10 9 5 
19135250 19135344 0 0 0 37 31 0 39 34 36 -10 6 77 77 25 20 17 10 10 30 35 45 55 16 10 10 5 
19173750 19173832 0 0 0 42 30 0 46 33 41 -5 12 74 73 25 20 17 10 11 31 35 45 55 16 9 9 5 
19178250 19178697 0 13 0 11 8 17 7 6 4 -42 1 86 90 25 20 15 10 11 31 35 45 55 16 2 6 5 
19180750 19180761 0 0 0 -32 -31 0 -29 -28 -32 -78 -1 96 96 25 20 14 10 12 32 35 45 55 16 6 8 5 
19217750 19217810 0 0 0 -39 -54 0 -37 -53 -41 -87 17 104 104 25 20 12 10 15 33 35 45 55 16 13 12 5 
19256750 19256889 0 0 0 -57 -73 0 -56 -73 -58 -104 19 104 104 25 20 13 10 13 31 35 45 55 16 10 14 5 
19472250 19472305 0 -1 1 -112 -96 -54 -95 -82 -99 -145 -14 112 110 25 20 13 10 14 30 35 45 55 16 14 10 5 
19478250 19478267 0 2 1 -332 -247 -273 -343 -250 -347 -393 -93 157 156 25 20 14 10 12 27 35 45 55 16 21 20 5 
19495250 19495643 0 -3 1 -107 -187 -48 -137 -165 -138 -184 30 117 125 25 20 14 10 13 28 35 45 55 16 10 7 5 
19816750 19816768 0 0 0 -60 -70 0 -59 -70 -62 -108 10 98 99 25 20 14 10 14 34 35 45 55 16 13 6 5 
19872250 19872345 0 0 0 -62 -54 0 -61 -50 -63 -109 -10 91 90 25 20 13 10 15 35 35 45 55 16 7 9 5 
19890250 19890276 0 0 0 -26 -26 0 -22 -20 -25 -71 -2 91 90 25 20 15 10 13 33 35 45 55 16 11 11 5 
19909750 19909907 0 0 0 -9 -21 0 -5 -18 -9 -55 12 88 87 25 20 15 10 14 34 35 45 55 16 6 11 5 
19944250 19944279 0 0 0 -10 -15 0 -9 -12 -13 -59 3 90 90 25 20 15 10 13 33 35 45 55 16 11 11 5 
20051750 20051951 0 0 0 11 2 0 13 5 10 -36 9 87 87 25 20 15 10 14 34 35 45 55 16 10 11 5 
20167250 20167358 0 0 0 10 4 0 14 7 11 -35 7 92 92 25 20 15 10 13 33 35 45 55 16 12 12 5 
20203250 20203260 0 0 0 2 -22 0 7 -18 3 -43 24 94 94 25 20 13 10 14 34 35 45 55 16 12 9 5 
20995750 20995766 0 -1 1 -53 -54 -54 -46 -50 -51 -97 2 102 90 25 20 14 10 12 32 35 45 55 16 11 8 5 
21016250 21016345 0 2 1 -141 -158 -142 -144 -159 -146 -192 16 137 139 25 20 15 10 12 27 35 45 55 16 18 17 5 
21030250 21030323 0 -3 1 -34 -89 -35 -23 -82 -27 -73 58 98 88 25 20 15 10 13 33 35 45 55 16 13 11 5 
21246250 21246418 0 0 0 0 -13 0 3 -12 -2 -48 14 88 89 25 20 14 10 13 33 35 45 55 16 11 12 5 
22250 22313 1 2 1 -99 -148 -99 -89 -144 -90 -80 54 103 99 25 20 16 10 10 30 35 45 55 16 12 12 5 
26250 26350 1 -3 1 -49 -100 -49 -40 -91 -40 -30 52 102 107 25 20 14 10 11 29 35 45 55 16 12 13 5 
199250 199308 1 0 -1 0 -71 0 1 -73 0 10 74 101 101 25 20 13 10 11 29 35 45 55 16 12 10 5 
284750 284848 1 0 0 7 -67 0 11 -64 9 19 74 102 101 25 20 13 10 11 29 35 45 55 16 13 13 5 
428250 428357 1 0 0 -5 -68 0 0 -61 -1 9 61 105 104 25 20 13 10 11 29 35 45 55 16 12 12 5 
499250 499287 1 0 0 -7 -73 0 -3 -72 -5 5 68 109 109 25 20 13 10 11 29 35 45 55 16 14 14 5 
927750 927897 1 0 0 6 -66 0 1 -63 0 10 66 99 101 25 20 13 10 12 30 35 45 55 16 13 13 5 
985250 985297 1 0 0 11 -54 0 17 -50 16 26 68 94 93 25 20 12 10 12 32 35 45 55 16 11 12 5 
1020750 1020767 1 0 0 51 -34 0 53 -32 53 63 85 91 90 25 20 12 10 12 32 35 45 55 16 12 12 5 
1122750 1122804 1 0 0 -2 -69 0 1 -67 0 10 67 93 90 25 20 13 10 12 32 35 45 55 16 7 11 5 
1132750 1133626 1 -1 1 -63 -104 -60 -103 -129 -104 -94 26 120 147 25 20 13 10 12 27 35 45 55 16 3 18 5 
1352750 1352785 1 2 1 -325 -310 -317 -323 -307 -324 -314 -16 159 161 25 20 13 10 12 27 35 45 55 16 21 21 5 
2365750 2365862 1 -3 1 -82 -158 -49 -51 -156 -51 -41 105 106 87 25 20 13 10 12 32 35 45 55 16 15 8 5 
2410250 2410263 1 0 0 -34 -86 0 -33 -85 -34 -24 52 92 95 25 20 13 10 12 32 35 45 55 16 12 12 5 
2521750 2521801 1 0 0 -4 -63 0 -1 -61 -1 9 60 94 94 25 20 12 10 11 31 35 45 55 16 9 12 5 
2680750 2681007 1 -1 1 -29 -77 -51 -31 -75 -33 -23 45 106 109 25 20 13 10 11 29 35 45 55 16 10 10 5 
2711250 2711362 1 2 1 -69 -111 -97 -55 -100 -55 -45 45 119 117 25 20 13 10 11 27 35 45 55 16 14 8 5 
2716750 2716787 1 -3 1 -15 -76 -44 8 -68 8 18 77 112 109 25 20 13 10 11 29 35 45 55 16 12 11 5 
2729750 2729853 1 0 0 31 -72 0 45 -68 44 54 113 99 99 25 20 13 10 11 31 35 45 55 16 11 10 5 
2761250 2761275 1 -1 1 -22 -77 -53 -14 -74 -16 -6 59 109 109 25 20 13 10 12 30 35 45 55 16 14 13 5 
2768250 2768298 1 2 1 -65 -103 -96 -64 -101 -64 -54 38 115 118 25 20 13 10 12 28 35 45 55 16 15 15 5 
2773750 2773852 1 -3 1 -17 -74 -48 -9 -70 -11 -1 62 108 108 25 20 13 10 12 30 35 45 55 16 14 13 5 
2928750 2928878 1 0 0 33 -61 0 36 -59 34 44 93 92 94 25 20 14 10 12 32 35 45 55 16 11 12 5 
3233250 3233306 1 0 0 30 -54 0 24 -51 24 34 75 100 103 25 20 13 10 12 30 35 45 55 16 10 13 5 
3379250 3379277 1 0 0 52 -44 0 57 -43 56 66 101 96 96 25 20 14 10 13 33 35 45 55 16 12 13 5 
3467750 3467813 1 0 0 38 -46 0 38 -47 36 46 84 103 103 25 20 12 10 13 31 35 45 55 16 13 13 5 
3483750 3483888 1 -1 1 -22 -96 -60 -8 -93 -8 2 86 119 103 25 20 13 10 13 31 35 45 55 16 13 10 5 
4188750 4188778 1 2 1 -285 -318 -311 -286 -316 -287 -277 28 166 165 25 20 14 10 12 27 35 45 55 16 22 22 5 
4782750 4782895 1 -3 1 -32 -99 -47 -13 -84 -12 -2 71 90 85 25 20 15 10 14 34 35 45 55 16 8 6 5 
4787750 4787910 1 0 0 15 -62 0 18 -59 16 26 76 83 84 25 20 15 10 14 34 35 45 55 16 8 11 5 
4821250 4821343 1 0 0 23 -62 0 27 -59 26 36 85 94 91 25 20 14 10 12 32 35 45 55 16 6 12 5 
4828250 4828507 1 -1 1 -29 -111 -54 -63 -117 -64 -54 53 121 149 25 20 15 10 13 28 35 45 55 16 9 18 5 
4839250 4839291 1 2 1 -83 -151 -111 -88 -155 -90 -80 66 143 149 25 20 15 10 12 27 35 45 55 16 17 16 5 
4841750 4841777 1 -3 1 -18 -123 -47 -5 -120 -5 5 114 124 107 25 20 14 10 13 31 35 45 55 16 15 13 5 
4882250 4882274 1 0 0 40 -40 0 43 -35 43 53 79 107 107 25 20 13 10 12 30 35 45 55 16 14 13 5 
4922750 4922754 1 0 0 30 -62 0 29 -61 29 39 91 106 105 25 20 13 10 13 31 35 45 55 16 14 14 5 
4986250 4986305 1 0 0 7 -75 0 22 -75 22 32 96 109 106 25 20 13 10 14 32 35 45 55 16 8 13 5 
5060250 5060303 1 0 0 24 -59 0 53 -58 53 63 110 104 92 25 20 12 10 14 34 35 45 55 16 14 13 5 
5197250 5197304 1 0 0 30 -66 0 9 -63 9 19 73 110 112 25 20 12 10 14 30 35 45 55 16 12 11 5 
5208750 5208882 1 -1 1 -27 -105 -57 -32 -101 -31 -21 68 125 110 25 20 13 10 14 30 35 45 55 16 10 5 5 
5775250 5775337 1 2 1 -281 -294 -299 -284 -295 -284 -274 12 152 149 25 20 16 10 13 28 35 45 55 16 20 20 5 
5934750 5934884 1 -3 1 57 -65 43 41 -62 42 52 104 99 101 25 20 14 10 13 31 35 45 55 16 10 10 5 
6018750 6018836 1 0 0 12 -52 0 13 -53 13 23 65 92 89 25 20 14 10 12 32 35 45 55 16 11 11 5 
6204250 6204413 1 0 0 30 -41 0 32 -40 32 42 74 94 94 25 20 14 10 12 32 35 45 55 16 9 9 5 
6598750 6598858 1 -1 1 -10 -66 -50 -6 -64 -8 2 57 113 112 25 20 12 10 14 30 35 45 55 16 14 12 5 
6603750 6603778 1 2 1 -59 -136 -100 -71 -150 -71 -61 79 141 203 25 20 12 10 14 29 35 45 55 16 3 14 5 
6627750 6627760 1 -3 1 -7 -65 -48 -3 -60 -2 8 58 114 112 25 20 12 10 14 30 35 45 55 16 15 13 5 
6949250 6949338 1 0 0 49 -24 0 51 -22 50 60 73 92 94 25 20 14 10 15 35 35 45 55 16 12 12 5 
7148250 7148322 1 0 0 19 -38 0 19 -40 18 28 60 93 94 25 20 14 10 14 34 35 45 55 16 6 9 5 
7307750 7307827 1 0 0 31 -33 0 37 -30 37 47 67 95 97 25 20 14 10 14 34 35 45 55 16 9 12 5 
7490250 7490747 1 0 0 5 -57 0 6 -54 7 17 62 95 99 25 20 14 10 13 33 35 45 55 16 5 12 5 
7796750 7796827 1 0 0 18 -30 0 20 -27 19 29 47 91 89 25 20 14 10 14 34 35 45 55 16 12 11 5 
8186750 8186875 1 0 0 2 -47 0 2 -45 1 11 48 90 90 25 20 14 10 14 34 35 45 55 16 10 7 5 
8574250 8574303 1 0 0 6 -29 0 9 -27 8 18 35 87 87 25 20 14 10 14 34 35 45 55 16 11 11 5 
8642250 8642280 1 -1 1 -59 -90 -54 -54 -92 -55 -45 38 105 89 25 20 14 10 13 33 35 45 55 16 11 10 5 
8646250 8646342 1 2 1 -128 -140 -122 -126 -137 -127 -117 11 133 132 25 20 14 10 13 28 35 45 55 16 17 17 5 
8692750 8692860 1 -3 1 -60 -141 -45 -58 -135 -58 -48 76 107 106 25 20 15 10 13 31 35 45 55 16 13 11 5 
8740250 8740306 1 0 0 -22 -53 0 -17 -48 -18 -8 30 87 87 25 20 13 10 12 32 35 45 55 16 8 11 5 
8782250 8782579 1 -1 1 -78 -105 -52 -72 -103 -73 -63 31 124 106 25 20 13 10 12 30 35 45 55 16 8 14 5 
8789250 8789295 1 2 1 -194 -211 -167 -199 -214 -199 -189 15 154 156 25 20 14 10 12 27 35 45 55 16 20 20 5 
8801750 8801850 1 -3 1 -63 -149 -36 -67 -142 -69 -59 75 135 129 25 20 14 10 12 27 35 45 55 16 13 16 5 
8816750 8816829 1 -1 1 -79 -113 -50 -69 -101 -69 -59 33 123 121 25 20 13 10 12 27 35 45 55 16 16 12 5 
8826750 8826759 1 2 1 -210 -243 -181 -211 -244 -212 -202 34 149 153 25 20 15 10 13 28 35 45 55 16 20 19 5 
8853750 8854382 1 -3 1 -69 -149 -37 -40 -135 -40 -30 94 108 90 25 20 13 10 12 32 35 45 55 16 10 12 5 
8859250 8860217 1 0 0 -32 -113 0 -31 -112 -31 -21 82 96 96 25 20 13 10 12 32 35 45 55 16 6 6 5 
8913750 8914262 1 0 0 -35 -76 0 -29 -74 -30 -20 45 94 94 25 20 14 10 12 32 35 45 55 16 2 7 5 
8951250 8951278 1 -1 1 -85 -115 -58 -71 -106 -73 -63 35 118 99 25 20 14 10 12 32 35 45 55 16 12 8 5 
8955750 8955823 1 2 1 -203 -213 -177 -204 -213 -205 -195 8 166 170 25 20 14 10 12 27 35 45 55 16 20 22 5 
8968250 8968330 1 -3 1 22 -74 45 22 -73 22 32 96 105 105 25 20 13 10 13 31 35 45 55 16 13 13 5 
9056250 9056325 1 0 0 -3 -38 0 -3 -36 -3 7 33 91 91 25 20 13 10 12 32 35 45 55 16 6 12 5 
9299750 9299804 1 0 0 -37 -91 0 -38 -88 -39 -29 48 104 108 25 20 12 10 12 30 35 45 55 16 13 9 5 
9364750 9364849 1 -1 1 -103 -141 -69 -117 -143 -117 -107 26 129 155 25 20 13 10 12 27 35 45 55 16 9 20 5 
9576250 9576340 1 2 1 -358 -337 -332 -362 -337 -363 -353 -26 163 165 25 20 15 10 13 28 35 45 55 16 21 21 5 
9611250 9611263 1 -3 1 -74 -176 -49 -95 -172 -97 -87 76 110 110 25 20 14 10 13 29 35 45 55 16 12 14 5 
9716750 9716871 1 0 0 -21 -82 0 -14 -81 -15 -5 68 100 98 25 20 14 10 13 33 35 45 55 16 8 11 5 
9813750 9813825 1 0 0 -5 -70 0 -1 -68 -2 8 67 104 103 25 20 12 10 13 31 35 45 55 16 10 13 5 
10177250 10177272 1 0 0 16 -46 0 19 -44 18 28 64 95 94 25 20 12 10 15 35 35 45 55 16 12 12 5 
10189250 10189707 1 -1 1 -38 -94 -54 -39 -103 -40 -30 63 110 92 25 20 13 10 14 34 35 45 55 16 9 11 5 
10392750 10392808 1 2 1 -420 -395 -435 -424 -396 -423 -413 -28 160 158 25 20 16 10 13 28 35 45 55 16 21 20 5 
10684250 10684329 1 -3 1 -34 -91 -48 -31 -91 -31 -21 60 109 108 25 20 13 10 12 30 35 45 55 16 11 7 5 
10896250 10896318 1 0 0 14 -44 0 14 -42 13 23 57 90 89 25 20 14 10 13 33 35 45 55 16 11 12 5 
11188750 11188881 1 0 0 21 -26 0 22 -24 21 31 45 88 88 25 20 14 10 13 33 35 45 55 16 11 11 5 
11293750 11293772 1 0 0 52 -10 0 55 -7 54 64 62 90 89 25 20 14 10 13 33 35 45 55 16 9 12 5 
11508750 11508948 1 0 0 54 0 0 58 3 58 68 56 91 93 25 20 15 10 12 32 35 45 55 16 9 12 5 
11735250 11735358 1 0 0 79 22 0 78 23 77 87 56 76 75 25 20 17 10 10 30 35 45 55 16 10 10 5 
11849750 11849916 1 0 0 78 23 0 79 24 79 89 56 81 82 25 20 19 10 10 30 35 45 55 16 11 7 5 
11866750 11866872 1 0 0 24 -26 0 27 -23 25 35 48 113 113 25 20 19 10 9 25 35 45 55 16 14 14 5 
11879750 11880813 1 13 0 45 -29 -7 63 -30 62 72 93 113 91 25 20 16 10 11 31 35 45 55 16 7 12 5 
11890250 11890720 1 0 0 74 0 0 78 5 79 89 74 84 83 25 20 14 10 13 33 35 45 55 16 5 11 5 
11927750 11927932 1 0 0 56 12 0 58 14 58 68 44 81 80 25 20 14 10 13 33 35 45 55 16 10 10 5 
12161250 12161416 1 0 0 39 6 0 39 6 39 49 35 78 77 25 20 15 10 13 33 35 45 55 16 10 10 5 
12170750 12170829 1 13 0 62 10 6 63 11 62 72 53 86 85 25 20 15 10 12 32 35 45 55 16 11 9 5 
12189250 12189363 1 0 0 91 31 0 91 32 92 102 60 75 74 25 20 18 10 10 30 35 45 55 16 9 9 5 
12341250 12341311 1 0 0 70 20 0 72 22 70 80 48 86 87 25 20 18 10 10 30 35 45 55 16 11 11 5 
12549250 12549391 1 0 0 55 1 0 58 3 57 67 55 78 79 25 20 18 10 10 30 35 45 55 16 10 10 5 
12678750 12678789 1 0 0 43 -6 0 46 -4 46 56 50 80 82 25 20 15 10 14 34 35 45 55 16 10 10 5 
12951250 12951401 1 0 0 56 -1 0 58 3 59 69 55 73 70 25 20 15 10 13 33 35 45 55 16 9 6 5 
13170750 13170788 1 0 0 59 19 0 61 21 61 71 40 74 74 25 20 16 10 15 35 35 45 55 16 10 9 5 
13390250 13390364 1 0 0 43 8 0 45 10 46 56 36 71 70 25 20 17 10 13 33 35 45 55 16 9 6 5 
13489250 13489735 1 0 0 54 19 0 55 20 54 64 34 71 71 25 20 15 10 14 34 35 45 55 16 6 9 5 
13528750 13528921 1 0 0 66 22 0 67 22 68 78 45 73 72 25 20 16 10 12 32 35 45 55 16 9 6 5 
13596250 13596355 1 0 0 68 24 0 73 30 72 82 45 74 73 25 20 18 10 11 31 35 45 55 16 9 8 5 
13934750 13934862 1 0 0 52 9 0 54 11 53 63 43 78 77 25 20 18 10 10 30 35 45 55 16 10 10 5 
13976750 13976851 1 0 0 39 6 0 40 8 39 49 32 74 73 25 20 15 10 14 34 35 45 55 16 9 7 5 
14080250 14080353 1 0 0 32 7 0 33 9 33 43 24 78 78 25 20 15 10 15 35 35 45 55 16 10 10 5 
14104250 14104257 1 0 0 62 9 0 64 10 62 72 52 80 82 25 20 16 10 13 33 35 45 55 16 11 10 5 
14259250 14259360 1 0 0 52 11 0 54 13 54 64 40 72 72 25 20 17 10 11 31 35 45 55 16 8 9 5 
14854250 14854329 1 0 0 72 23 0 73 26 72 82 47 74 75 25 20 18 10 10 30 35 45 55 16 9 9 5 
14934750 14934901 1 0 0 65 11 0 69 12 68 78 55 76 77 25 20 18 10 10 30 35 45 55 16 10 10 5 
14940250 14940349 1 13 0 22 -14 -6 21 -15 19 29 35 90 94 25 20 15 10 12 32 35 45 55 16 7 10 5 
14944250 14944383 1 0 0 2 -26 0 6 -26 5 15 30 102 103 25 20 12 10 13 31 35 45 55 16 11 11 5 
15079250 15079322 1 -1 1 -67 -89 -68 -66 -84 -68 -58 18 123 117 25 20 14 10 13 29 35 45 55 16 10 12 5 
15084250 15084341 1 2 1 -247 -225 -248 -257 -231 -259 -249 -27 157 142 25 20 16 10 12 27 35 45 55 16 20 18 5 
15094250 15094275 1 -3 1 -43 -144 -44 -55 -138 -55 -45 83 119 115 25 20 14 10 12 28 35 45 55 16 16 14 5 
15746250 15747013 1 0 0 0 -56 0 4 -53 4 14 57 93 90 25 20 13 10 13 33 35 45 55 16 3 7 5 
15952250 15952404 1 0 0 -4 -58 0 -4 -55 -4 6 52 89 89 25 20 15 10 13 33 35 45 55 16 11 11 5 
16216750 16217131 1 0 0 1 -37 0 3 -37 2 12 39 79 79 25 20 14 10 14 34 35 45 55 16 7 10 5 
16539250 16539303 1 0 0 6 -36 0 7 -34 5 15 41 86 86 25 20 14 10 13 33 35 45 55 16 11 11 5 
16584250 16584312 1 0 0 22 -50 0 26 -49 26 36 75 92 94 25 20 14 10 13 33 35 45 55 16 6 9 5 
16875750 16875796 1 0 0 21 -23 0 25 -20 24 34 44 81 79 25 20 16 10 13 33 35 45 55 16 10 10 5 
16894750 16895064 1 -1 1 -41 -76 -62 -58 -85 -57 -47 28 107 130 25 20 17 10 9 24 35 45 55 16 5 16 5 
16900250 16900333 1 2 1 -87 -99 -108 -85 -96 -86 -76 10 120 129 25 20 17 10 9 24 35 45 55 16 15 15 5 
16904250 16904460 1 -3 1 -27 -64 -48 -20 -61 -20 -10 42 92 74 25 20 17 10 9 29 35 45 55 16 11 10 5 
16948250 16948255 1 0 0 19 -20 0 22 -19 21 31 42 77 79 25 20 17 10 10 30 35 45 55 16 10 9 5 
17041750 17041771 1 0 0 31 -14 0 33 -13 32 42 47 78 78 25 20 18 10 11 31 35 45 55 16 10 10 5 
17220750 17220811 1 0 0 49 -4 0 52 -2 51 61 56 75 76 25 20 18 10 10 30 35 45 55 16 10 10 5 
17357750 17357951 1 0 0 53 12 0 56 15 56 66 42 71 71 25 20 18 10 11 31 35 45 55 16 9 9 5 
17481250 17481280 1 0 0 55 11 0 58 12 57 67 46 76 77 25 20 14 10 14 34 35 45 55 16 7 7 5 
17553750 17553814 1 0 0 31 -10 0 33 -8 33 43 41 74 74 25 20 15 10 14 34 35 45 55 16 9 10 5 
17653250 17653406 1 0 0 9 -12 0 10 -9 8 18 18 75 72 25 20 13 10 14 34 35 45 55 16 10 9 5 
17671750 17671789 1 0 0 40 3 0 40 4 40 50 37 72 72 25 20 18 10 11 31 35 45 55 16 9 9 5 
17921250 17921267 1 0 0 29 -15 0 32 -14 32 42 47 78 80 25 20 17 10 10 30 35 45 55 16 10 10 5 
17983750 17983860 1 0 0 24 -9 0 27 -8 26 36 34 75 76 25 20 18 10 10 30 35 45 55 16 10 9 5 
17989750 17989864 1 -1 1 -29 -57 -53 -43 -67 -44 -34 23 105 127 25 20 18 10 10 25 35 45 55 16 2 16 5 
18071750 18071786 1 2 1 -147 -156 -172 -147 -155 -148 -138 8 123 120 25 20 17 10 10 25 35 45 55 16 16 16 5 
18085250 18085440 1 -3 1 -14 -76 -39 8 -61 5 15 67 80 78 25 20 18 10 10 30 35 45 55 16 10 10 5 
18101750 18101814 1 0 0 26 -7 0 29 -3 28 38 31 76 74 25 20 20 10 10 30 35 45 55 16 10 4 5 
18393750 18393919 1 0 0 18 -23 0 23 -21 23 33 46 76 77 25 20 14 10 14 34 35 45 55 16 9 10 5 
18701250 18701310 1 0 0 20 -12 0 24 -9 24 34 33 78 77 25 20 14 10 15 35 35 45 55 16 10 10 5 
18761750 18761776 1 0 0 18 -16 0 20 -14 19 29 33 77 77 25 20 14 10 14 34 35 45 55 16 7 10 5 
18784250 18784274 1 0 0 45 -3 0 47 -1 47 57 49 76 79 25 20 18 10 9 29 35 45 55 16 10 10 5 
19131250 19131338 1 0 0 34 -12 0 36 -10 35 45 45 78 79 25 20 17 10 10 30 35 45 55 16 10 10 5 
19173750 19173832 1 0 0 47 -2 0 49 1 48 58 48 74 73 25 20 17 10 11 31 35 45 55 16 9 9 5 
19178250 19178697 1 13 0 8 -34 12 2 -39 3 13 41 86 90 25 20 15 10 11 31 35 45 55 16 2 6 5 
19180750 19180761 1 0 0 -32 -69 0 -26 -67 -28 -18 39 96 96 25 20 14 10 12 32 35 45 55 16 6 8 5 
19216750 19216799 1 0 0 -10 -68 0 -8 -65 -8 2 59 105 106 25 20 12 10 15 33 35 45 55 16 14 12 5 
19253750 19253813 1 0 0 -24 -66 0 -19 -63 -21 -11 43 103 103 25 20 13 10 14 32 35 45 55 16 13 12 5 
19472250 19472305 1 -1 1 -77 -109 -54 -67 -93 -68 -58 27 112 110 25 20 13 10 14 30 35 45 55 16 14 10 5 
19478250 19478267 1 2 1 -255 -239 -232 -262 -239 -264 -254 -25 157 156 25 20 14 10 12 27 35 45 55 16 21 20 5 
19494250 19494373 1 -3 1 -63 -183 -40 -31 -183 -33 -23 152 129 106 25 20 14 10 13 31 35 45 55 16 15 8 5 
19827250 19827734 1 0 0 -22 -82 0 -21 -80 -23 -13 58 95 95 25 20 14 10 14 34 35 45 55 16 8 6 5 
19870250 19870664 1 0 0 -15 -61 0 -13 -60 -15 -5 46 90 92 25 20 13 10 15 35 35 45 55 16 9 8 5 
19890750 19890787 1 0 0 23 -33 0 28 -30 28 38 59 91 89 25 20 15 10 13 33 35 45 55 16 11 11 5 
19915250 19915291 1 0 0 4 -41 0 13 -38 13 23 51 91 90 25 20 15 10 14 34 35 45 55 16 6 9 5 
19941750 19941750 1 0 0 17 -35 0 20 -34 18 28 52 88 86 25 20 15 10 13 33 35 45 55 16 11 11 5 
20059250 20059390 1 0 0 35 -23 0 37 -21 38 48 59 85 85 25 20 15 10 13 33 35 45 55 16 8 11 5 
20163750 20163763 1 0 0 23 -27 0 23 -26 23 33 49 92 91 25 20 14 10 13 33 35 45 55 16 12 12 5 
20203750 20203904 1 0 0 15 -47 0 18 -46 18 28 64 94 93 25 20 13 10 14 34 35 45 55 16 12 9 5 
20995250 20995269 1 -1 1 -41 -82 -50 -30 -73 -31 -21 43 99 91 25 20 14 10 12 32 35 45 55 16 11 7 5 
21003750 21003765 1 2 1 -129 -154 -138 -129 -152 -130 -120 21 133 135 25 20 16 10 12 27 35 45 55 16 16 17 5 
21029750 21029818 1 -3 1 -36 -114 -45 -19 -113 -19 -9 94 104 89 25 20 15 10 13 33 35 45 55 16 15 11 5 
21242750 21242873 1 0 0 8 -46 0 13 -41 12 22 54 86 83 25 20 14 10 13 33 35 45 55 16 11 11 5 
199250 199308 2 0 -1 0 -24 0 1 -26 0 8 28 101 101 25 20 13 10 11 29 35 45 55 16 12 10 5 
248250 248380 2 0 0 -2 -4 0 -10 -8 -12 -4 -2 105 104 25 20 13 10 11 29 35 45 55 16 12 12 5 
452750 452812 2 0 0 -14 -41 0 -23 -45 -24 -16 22 110 110 25 20 13 10 11 27 35 45 55 16 13 13 5 
495750 495829 2 0 0 -21 -40 0 -29 -48 -32 -24 19 107 107 25 20 13 10 11 29 35 45 55 16 14 14 5 
928750 928797 2 0 0 -11 -22 0 -13 -25 -15 -7 12 98 98 25 20 13 10 12 32 35 45 55 16 13 12 5 
987750 987833 2 0 0 -22 -26 0 -29 -33 -31 -23 2 94 99 25 20 12 10 12 32 35 45 55 16 12 12 5 
1023750 1023874 2 0 0 33 9 0 32 7 29 37 25 92 93 25 20 12 10 12 32 35 45 55 16 12 12 5 
1121250 1121383 2 0 0 -21 -32 0 -27 -39 -31 -23 11 93 94 25 20 13 10 12 32 35 45 55 16 3 7 5 
1178750 1178752 2 -1 1 -73 -99 -52 -79 -104 -82 -74 25 141 139 25 20 16 10 10 25 35 45 55 16 16 15 5 
1458750 1458819 2 2 1 -202 -193 -182 -212 -195 -213 -205 -16 157 160 25 20 13 10 12 27 35 45 55 16 21 20 5 
2395750 2395848 2 -3 1 -70 -63 -49 -75 -70 -77 -69 -6 91 93 25 20 13 10 12 32 35 45 55 16 9 9 5 
2551750 2552111 2 0 0 -21 -29 0 -26 -33 -28 -20 7 99 97 25 20 12 10 11 31 35 45 55 16 5 7 5 
2729750 2729853 2 0 0 -5 -41 8 -1 -42 -2 6 42 99 99 25 20 13 10 11 31 35 45 55 16 11 10 5 
2959250 2959305 2 0 0 -20 -33 0 -25 -37 -26 -18 14 87 85 25 20 13 10 12 32 35 45 55 16 11 11 5 
3229250 3229303 2 0 0 -26 -31 0 -34 -39 -34 -26 6 100 97 25 20 13 10 12 32 35 45 55 16 13 11 5 
3382250 3382352 2 0 0 -13 -32 -14 -14 -36 -16 -8 21 95 94 25 20 14 10 13 33 35 45 55 16 13 9 5 
3463250 3463268 2 0 0 -19 -28 0 -22 -33 -24 -16 12 107 109 25 20 12 10 13 31 35 45 55 16 14 14 5 
3504750 3504810 2 -1 1 -72 -110 -54 -78 -115 -80 -72 35 150 147 25 20 15 10 12 27 35 45 55 16 20 20 5 
4643250 4643288 2 2 1 -184 -165 -176 -194 -175 -195 -187 -19 151 156 25 20 14 10 13 28 35 45 55 16 20 19 5 
4811750 4812199 2 -3 1 -56 -68 -50 -52 -74 -54 -46 21 98 99 25 20 14 10 12 32 35 45 55 16 4 10 5 
4886250 4886335 2 0 0 -5 -35 0 -11 -39 -11 -3 29 108 109 25 20 14 10 13 31 35 45 55 16 14 9 5 
4928250 4928280 2 0 0 2 -23 0 -8 -32 -9 -1 24 101 101 25 20 13 10 14 32 35 45 55 16 13 12 5 
4985750 4986040 2 0 0 -22 -40 0 -30 -43 -32 -24 12 109 121 25 20 13 10 14 29 35 45 55 16 8 13 5 
5070750 5070962 2 0 0 -38 -45 0 -41 -54 -44 -36 12 109 108 25 20 12 10 14 32 35 45 55 16 9 13 5 
5192750 5192823 2 0 0 -19 -28 0 -22 -33 -24 -16 12 112 111 25 20 12 10 13 31 35 45 55 16 14 14 5 
5209250 5210524 2 -1 1 -13 -32 -50 -14 -36 -16 -8 21 131 167 25 20 14 10 13 33 35 45 55 16 13 9 5 
5317250 5317293 2 2 1 -131 -133 -114 -134 -137 -136 -128 4 146 146 25 20 14 10 12 27 35 45 55 16 18 18 5 
5416750 5416805 2 -3 1 -67 -116 -49 -69 -120 -70 -62 52 149 147 25 20 17 10 12 27 35 45 55 16 18 17 5 
5428750 5428804 2 -1 1 -70 -115 -51 -70 -119 -71 -63 50 152 156 25 20 16 10 11 26 35 45 55 16 18 17 5 
5777750 5777809 2 2 1 -218 -194 -195 -225 -201 -228 -220 -24 150 150 25 20 16 10 13 28 35 45 55 16 20 19 5 
5929750 5929845 2 -3 1 -71 -114 -46 -92 -119 -93 -85 28 114 132 25 20 14 10 13 28 35 45 55 16 14 9 5 
6032750 6032996 2 0 0 -27 -45 0 -32 -50 -32 -24 19 93 92 25 20 14 10 13 33 35 45 55 16 6 3 5 
6199250 6199408 2 0 0 -17 -30 0 -19 -32 -21 -13 13 91 90 25 20 14 10 12 32 35 45 55 16 12 12 5 
6975750 6975850 2 0 0 -45 -23 0 -47 -25 -50 -42 -23 88 88 25 20 14 10 14 34 35 45 55 16 11 11 5 
7157750 7157872 2 0 0 -28 -27 0 -30 -29 -33 -25 -1 97 97 25 20 14 10 14 34 35 45 55 16 12 6 5 
7488750 7488895 2 0 0 -36 -42 0 -43 -51 -47 -39 8 95 94 25 20 14 10 13 33 35 45 55 16 3 5 5 
7808250 7808302 2 0 0 -38 -20 0 -43 -24 -45 -37 -18 90 90 25 20 14 10 14 34 35 45 55 16 12 12 5 
8277750 8277860 2 0 0 -37 -18 0 -43 -25 -45 -37 -19 86 86 25 20 13 10 14 34 35 45 55 16 11 11 5 
8597750 8597789 2 0 0 -49 -36 0 -54 -41 -56 -48 -12 91 90 25 20 14 10 14 34 35 45 55 16 9 11 5 
8754250 8754342 2 0 0 -45 -38 0 -51 -44 -52 -44 -5 91 89 25 20 13 10 12 32 35 45 55 16 9 3 5 
8819250 8819490 2 -1 1 -95 -88 -52 -102 -94 -103 -95 -7 135 155 25 20 14 10 12 27 35 45 55 16 9 18 5 
8826250 8826269 2 2 1 -134 -132 -91 -143 -139 -145 -137 -5 150 152 25 20 15 10 13 28 35 45 55 16 20 19 5 
8853750 8854382 2 -3 1 -91 -99 -48 -83 -96 -85 -77 13 108 90 25 20 13 10 12 32 35 45 55 16 10 12 5 
9120750 9121304 2 0 0 -36 -35 0 -46 -44 -48 -40 -1 96 100 25 20 13 10 12 30 35 45 55 16 8 7 5 
9325250 9325308 2 0 0 -44 -42 0 -49 -47 -52 -44 -3 94 94 25 20 13 10 12 32 35 45 55 16 12 12 5 
9411250 9411350 2 -1 1 -99 -117 -51 -104 -122 -106 -98 17 144 142 25 20 15 10 12 27 35 45 55 16 19 19 5 
9575750 9575792 2 2 1 -195 -165 -140 -202 -171 -204 -196 -31 163 167 25 20 15 10 13 28 35 45 55 16 21 21 5 
9613750 9613862 2 -3 1 -106 -130 -49 -110 -134 -112 -104 23 105 106 25 20 14 10 13 31 35 45 55 16 14 13 5 
9696250 9696303 2 0 0 -60 -59 0 -64 -63 -65 -57 0 97 100 25 20 13 10 13 31 35 45 55 16 10 12 5 
9810750 9812378 2 0 0 -53 -47 0 -59 -51 -61 -53 -7 105 106 25 20 12 10 13 31 35 45 55 16 2 13 5 
10180250 10180387 2 0 0 -57 -49 0 -62 -55 -63 -55 -7 96 99 25 20 13 10 14 34 35 45 55 16 12 9 5 
10265750 10265804 2 -1 1 -104 -127 -51 -108 -133 -110 -102 25 143 143 25 20 17 10 10 25 35 45 55 16 19 19 5 
10393250 10393289 2 2 1 -222 -209 -175 -237 -222 -240 -232 -15 159 161 25 20 16 10 13 28 35 45 55 16 21 20 5 
10603750 10604891 2 -3 1 -85 -64 -47 -85 -63 -86 -78 -22 104 104 25 20 13 10 13 31 35 45 55 16 0 10 5 
10961250 10961292 2 0 0 -21 -12 0 -26 -16 -28 -20 -10 87 85 25 20 15 10 14 34 35 45 55 16 11 11 5 
11197250 11197339 2 0 0 -30 -14 0 -34 -20 -35 -27 -12 92 89 25 20 13 10 13 33 35 45 55 16 12 11 5 
11295750 11295752 2 0 0 -35 -23 0 -39 -27 -41 -33 -12 91 90 25 20 14 10 13 33 35 45 55 16 12 12 5 
11451250 11451266 2 0 0 -45 -23 0 -50 -28 -52 -44 -22 82 82 25 20 16 10 11 31 35 45 55 16 10 10 5 
11843250 11843302 2 0 0 -17 -2 0 -21 -6 -22 -14 -16 77 77 25 20 19 10 10 30 35 45 55 16 10 10 5 
11870250 11870325 2 0 0 -34 -32 0 -38 -37 -42 -34 -3 112 110 25 20 19 10 9 25 35 45 55 16 15 14 5 
11895750 11895794 2 0 0 -19 -7 0 -24 -11 -25 -17 -13 84 85 25 20 14 10 13 33 35 45 55 16 10 11 5 
11927750 11927932 2 0 0 -26 -9 0 -30 -14 -33 -25 -17 81 80 25 20 14 10 13 33 35 45 55 16 10 10 5 
12162750 12162783 2 0 0 -29 -8 0 -32 -9 -34 -26 -23 82 78 25 20 15 10 13 33 35 45 55 16 10 11 5 
12231250 12231296 2 0 0 -12 -4 0 -17 -9 -19 -11 -7 75 75 25 20 17 10 10 30 35 45 55 16 10 9 5 
12475250 12475425 2 0 0 -17 -7 0 -21 -11 -24 -16 -10 79 78 25 20 19 10 10 30 35 45 55 16 9 10 5 
12804250 12804318 2 0 0 -26 -15 0 -31 -21 -31 -23 -10 78 78 25 20 15 10 14 34 35 45 55 16 10 10 5 
12942750 12942871 2 0 0 -23 -12 0 -28 -16 -29 -21 -10 72 69 25 20 15 10 14 34 35 45 55 16 9 9 5 
13180250 13180361 2 0 0 -25 -8 0 -32 -14 -32 -24 -18 78 81 25 20 16 10 15 35 35 45 55 16 10 10 5 
13403250 13403649 2 0 0 -25 -13 0 -32 -19 -32 -24 -12 93 135 25 20 17 10 13 28 35 45 55 16 6 11 5 
13502750 13502961 2 0 0 -16 -2 0 -21 -6 -23 -15 -16 72 71 25 20 15 10 14 34 35 45 55 16 9 9 5 
13538250 13538407 2 0 0 -12 -1 0 -17 -5 -19 -11 -12 72 72 25 20 18 10 12 32 35 45 55 16 9 9 5 
13611250 13611374 2 0 0 -9 -7 0 -15 -12 -18 -10 -5 73 70 25 20 18 10 11 31 35 45 55 16 8 9 5 
13946750 13946906 2 0 0 -25 -13 0 -29 -16 -32 -24 -12 73 72 25 20 18 10 10 30 35 45 55 16 9 9 5 
13975250 13975435 2 0 0 -36 -10 0 -41 -15 -44 -36 -26 74 75 25 20 15 10 14 34 35 45 55 16 9 9 5 
14081750 14081893 2 0 0 -33 -6 0 -39 -12 -41 -33 -28 80 79 25 20 15 10 15 35 35 45 55 16 10 10 5 
14104250 14104257 2 0 0 -13 -5 0 -18 -9 -20 -12 -9 80 82 25 20 16 10 13 33 35 45 55 16 11 10 5 
14280750 14280920 2 0 0 -23 -13 0 -28 -18 -29 -21 -10 71 70 25 20 17 10 11 31 35 45 55 16 9 9 5 
14870250 14870253 2 0 0 1 3 0 -4 -1 -6 2 -5 71 69 25 20 19 10 11 31 35 45 55 16 9 9 5 
14934750 14934901 2 0 0 -11 -4 0 -15 -8 -17 -9 -7 76 77 25 20 18 10 10 30 35 45 55 16 10 10 5 
14945250 14945272 2 0 0 -34 -29 0 -34 -31 -36 -28 -4 103 100 25 20 12 10 13 31 35 45 55 16 13 10 5 
15746250 15747013 2 0 0 -39 -42 0 -36 -39 -38 -30 3 93 90 25 20 13 10 13 33 35 45 55 16 3 7 5 
15950750 15950888 2 0 0 -32 -38 -1 -38 -45 -39 -31 8 90 89 25 20 15 10 13 33 35 45 55 16 12 11 5 
16216750 16217131 2 0 0 -57 -38 0 -64 -47 -67 -59 -16 79 79 25 20 14 10 14 34 35 45 55 16 7 10 5 
16539250 16539303 2 0 0 -30 -32 0 -34 -36 -36 -28 2 86 86 25 20 14 10 13 33 35 45 55 16 11 11 5 
16599250 16599484 2 0 0 -26 -30 -3 -29 -31 -29 -21 2 84 83 25 20 14 10 13 33 35 45 55 16 7 11 5 
16877750 16877845 2 0 0 -43 -31 6 -47 -36 -49 -41 -13 82 81 25 20 16 10 12 32 35 45 55 16 10 11 5 
16949250 16949393 2 0 0 -41 -25 0 -45 -29 -46 -38 -16 77 79 25 20 17 10 10 30 35 45 55 16 9 10 5 
17041750 17041771 2 0 0 -41 -29 7 -44 -35 -45 -37 -9 78 78 25 20 18 10 11 31 35 45 55 16 10 10 5 
17224250 17224283 2 0 0 -29 -16 0 -33 -20 -35 -27 -13 72 70 25 20 18 10 10 30 35 45 55 16 9 9 5 
17374250 17374348 2 0 0 -29 -16 0 -32 -20 -34 -26 -15 72 70 25 20 18 10 11 31 35 45 55 16 9 9 5 
17475750 17475751 2 0 0 -4 3 0 -9 -1 -9 -1 -7 77 78 25 20 14 10 14 34 35 45 55 16 10 10 5 
17557250 17557387 2 0 0 -35 -19 0 -40 -25 -41 -33 -15 74 75 25 20 15 10 14 34 35 45 55 16 10 9 5 
17644750 17644866 2 0 0 -30 -19 0 -32 -23 -35 -27 -9 78 80 25 20 14 10 14 34 35 45 55 16 10 10 5 
17667250 17667387 2 0 0 -45 -24 -12 -47 -28 -48 -40 -18 72 72 25 20 17 10 11 31 35 45 55 16 9 9 5 
17888250 17888299 2 0 0 -53 -31 0 -57 -35 -59 -51 -22 82 79 25 20 16 10 13 33 35 45 55 16 10 10 5 
17972750 17972924 2 0 0 -42 -21 0 -44 -24 -45 -37 -19 77 76 25 20 18 10 10 30 35 45 55 16 10 10 5 
18006750 18006827 2 -1 1 -92 -66 -50 -96 -71 -100 -92 -26 116 117 25 20 18 10 9 25 35 45 55 16 15 15 5 
18073750 18073770 2 2 1 -151 -119 -113 -155 -122 -157 -149 -33 121 121 25 20 17 10 10 25 35 45 55 16 16 16 5 
18090250 18090265 2 -3 1 -86 -70 -48 -91 -75 -92 -84 -15 76 75 25 20 20 10 10 30 35 45 55 16 10 10 5 
18273750 18273860 2 0 0 -32 -22 0 -36 -26 -38 -30 -10 77 81 25 20 14 10 14 34 35 45 55 16 8 10 5 
18613750 18613817 2 0 0 -29 -21 0 -33 -26 -36 -28 -8 75 76 25 20 15 10 15 35 35 45 55 16 9 10 5 
18805250 18805436 2 0 0 -30 -14 0 -34 -18 -35 -27 -16 79 80 25 20 17 10 10 30 35 45 55 16 10 10 5 
19133250 19133254 2 0 0 -18 -8 0 -21 -13 -23 -15 -8 78 79 25 20 17 10 10 30 35 45 55 16 10 10 5 
19164250 19164425 2 0 0 -22 -10 0 -24 -13 -26 -18 -12 80 79 25 20 17 10 10 30 35 45 55 16 10 10 5 
19173750 19173832 2 0 0 -22 -12 24 -25 -16 -25 -17 -7 74 73 25 20 17 10 11 31 35 45 55 16 9 9 5 
19178250 19178697 2 13 0 -65 -50 -6 -87 -64 -89 -81 -23 86 90 25 20 15 10 11 31 35 45 55 16 2 6 5 
19180750 19180761 2 0 0 -80 -67 -8 -84 -68 -85 -77 -16 96 96 25 20 14 10 12 32 35 45 55 16 6 8 5 
19233750 19233773 2 0 0 -32 -40 1 -32 -44 -35 -27 11 100 98 25 20 12 10 15 35 35 45 55 16 13 12 5 
19253750 19253813 2 0 0 -53 -57 0 -54 -63 -56 -48 9 103 103 25 20 13 10 14 32 35 45 55 16 13 12 5 
19829250 19829284 2 0 0 -66 -70 0 -63 -73 -67 -59 9 96 97 25 20 14 10 14 34 35 45 55 16 4 5 5 
19874250 19874319 2 0 0 -75 -53 3 -79 -57 -81 -73 -24 91 92 25 20 13 10 15 35 35 45 55 16 9 9 5 
19889750 19889776 2 0 0 -52 -41 0 -56 -47 -57 -49 -10 92 91 25 20 14 10 14 34 35 45 55 16 11 11 5 
19915250 19915291 2 0 0 -64 -49 -2 -67 -53 -68 -60 -14 91 90 25 20 15 10 14 34 35 45 55 16 6 9 5 
19945250 19945280 2 0 0 -55 -41 -1 -57 -45 -58 -50 -12 89 89 25 20 15 10 13 33 35 45 55 16 12 11 5 
20062250 20062402 2 0 0 -34 -29 0 -34 -31 -36 -28 -4 85 85 25 20 12 10 13 31 35 45 55 16 13 10 5 
20204250 20204389 2 0 0 -36 -50 5 -41 -57 -44 -36 16 94 93 25 20 13 10 14 34 35 45 55 16 12 9 5 
21242750 21242873 2 0 0 -38 -38 0 -44 -44 -47 -39 -2 86 83 25 20 14 10 13 33 35 45 55 16 11 11 5 
