49500 49543 0 0 -1 0 -10 0 -1 -12 0 21 11 64 63 25 20 19 10 12 32 35 45 55 16 7 4 5 
118000 118381 0 0 0 5 -8 0 5 -8 4 25 12 66 68 25 20 20 10 13 33 35 45 55 16 8 7 5 
553000 553219 0 0 0 -3 -9 0 -4 -10 -3 18 6 66 66 25 20 19 10 12 32 35 45 55 16 8 4 5 
1046000 1046102 0 0 0 1 -10 12 3 -8 3 24 12 67 69 25 20 18 10 12 32 35 45 55 16 5 8 5 
1507500 1507868 0 0 0 0 -8 0 -2 -11 -3 18 9 70 71 25 20 18 10 12 32 35 45 55 16 4 8 5 
1993000 1993058 0 -1 1 -55 -55 -54 -54 -57 -55 -34 2 90 91 25 20 17 10 10 30 35 45 55 16 11 12 5 
2031500 2031585 0 2 1 -92 -100 -90 -91 -98 -92 -71 7 113 112 25 20 16 10 9 25 35 45 55 16 15 14 5 
2083500 2083557 0 -3 1 -50 -41 -49 -51 -39 -49 -28 -10 83 82 25 20 16 10 9 29 35 45 55 16 11 10 5 
2750500 2750704 0 0 0 -3 -18 0 -4 -19 -6 15 14 71 69 25 20 19 10 10 30 35 45 55 16 9 8 5 
3391500 3391570 0 -1 1 -54 -65 -51 -49 -62 -48 -27 14 107 108 25 20 16 10 10 28 35 45 55 16 14 14 5 
3396500 3396537 0 2 1 -91 -101 -88 -92 -106 -92 -71 14 109 110 25 20 16 10 10 26 35 45 55 16 13 13 5 
3465500 3465544 0 -3 1 -53 -70 -50 -54 -70 -54 -33 17 99 97 25 20 16 10 10 30 35 45 55 16 13 13 5 
3971000 3971156 0 -1 1 -56 -68 -53 -51 -67 -51 -30 16 94 94 25 20 16 10 10 30 35 45 55 16 12 12 5 
4012000 4012063 0 2 1 -89 -101 -86 -91 -102 -91 -70 11 115 117 25 20 15 10 10 26 35 45 55 16 15 15 5 
4041500 4041588 0 -3 1 -51 -71 -48 -51 -72 -52 -31 21 92 89 25 20 15 10 10 30 35 45 55 16 12 11 5 
4052000 4052152 0 -1 1 -53 -66 -50 -54 -66 -55 -34 12 90 93 25 20 16 10 10 30 35 45 55 16 11 12 5 
4064500 4064516 0 2 1 -110 -118 -107 -111 -117 -111 -90 7 116 118 25 20 16 10 10 26 35 45 55 16 15 15 5 
4070500 4070601 0 -3 1 -49 -63 -46 -46 -59 -46 -25 13 103 106 25 20 16 10 10 28 35 45 55 16 14 13 5 
4162500 4162569 0 -1 1 -54 -67 -51 -51 -65 -51 -30 14 101 99 25 20 17 10 10 30 35 45 55 16 13 13 5 
4287500 4287604 0 2 1 -123 -134 -120 -128 -134 -129 -108 6 122 122 25 20 17 10 10 25 35 45 55 16 16 16 5 
4487000 4487131 0 -3 1 -50 -60 -48 -51 -59 -51 -30 8 86 90 25 20 17 10 10 30 35 45 55 16 12 10 5 
4618000 4618174 0 0 0 -3 -17 0 -5 -18 -6 15 13 78 77 25 20 17 10 10 30 35 45 55 16 10 9 5 
4755000 4755547 0 0 0 14 2 0 11 -1 12 33 12 74 72 25 20 17 10 10 30 35 45 55 16 3 5 5 
4906000 4906089 0 -1 1 -39 -45 -53 -34 -42 -35 -14 6 90 92 25 20 18 10 10 30 35 45 55 16 12 11 5 
4922500 4922607 0 2 1 -130 -103 -143 -128 -98 -129 -108 -32 99 99 25 20 18 10 10 30 35 45 55 16 12 13 5 
4932000 4932085 0 -3 1 -31 -47 -45 -23 -42 -25 -4 19 98 99 25 20 18 10 10 30 35 45 55 16 13 12 5 
5215500 5215615 0 -1 1 -40 -59 -51 -46 -65 -47 -26 18 100 97 25 20 19 10 10 30 35 45 55 16 13 13 5 
5287500 5287560 0 2 1 -99 -103 -110 -98 -102 -98 -77 5 107 105 25 20 19 10 10 28 35 45 55 16 13 14 5 
5528500 5528578 0 -3 1 -36 -46 -46 -37 -49 -38 -17 11 98 97 25 20 16 10 10 30 35 45 55 16 13 12 5 
5767500 5767693 0 0 0 8 3 5 10 3 9 30 5 67 68 25 20 17 10 10 30 35 45 55 16 7 9 5 
6498500 6498643 0 0 0 29 14 0 29 13 29 50 16 69 70 25 20 17 10 11 31 35 45 55 16 8 9 5 
6813500 6813581 0 0 0 15 0 0 14 -1 14 35 17 77 76 25 20 17 10 11 31 35 45 55 16 10 9 5 
8403500 8403624 0 0 0 6 8 9 5 7 4 25 0 62 64 25 20 18 10 11 31 35 45 55 16 8 7 5 
9101000 9101250 0 0 0 15 11 0 16 12 14 35 4 54 52 25 20 18 10 11 31 35 45 55 16 7 7 5 
9320500 9320547 0 0 0 13 14 0 12 13 13 34 0 60 59 25 20 18 10 11 31 35 45 55 16 8 7 5 
9590500 9590510 0 0 0 8 6 0 8 6 9 30 3 58 59 25 20 18 10 11 31 35 45 55 16 7 7 5 
9905500 9905747 0 0 0 13 16 0 13 16 13 34 -3 57 58 25 20 18 10 11 31 35 45 55 16 7 7 5 
10378000 10378169 0 0 0 13 12 0 15 12 14 35 3 62 61 25 20 18 10 11 31 35 45 55 16 8 8 5 
10974500 10974663 0 0 0 3 3 0 2 3 2 23 -1 54 55 25 20 18 10 11 31 35 45 55 16 7 7 5 
11627000 11627122 0 0 0 13 10 0 14 10 13 34 3 54 53 25 20 18 10 11 31 35 45 55 16 7 7 5 
12048500 12048677 0 0 0 16 10 0 16 10 15 36 6 53 55 25 20 19 10 11 31 35 45 55 16 7 7 5 
12425500 12425657 0 0 0 11 11 0 9 10 10 31 0 56 57 25 20 19 10 11 31 35 45 55 16 7 7 5 
12825000 12825081 0 0 0 22 21 0 22 21 21 42 2 53 54 25 20 19 10 11 31 35 45 55 16 7 6 5 
13258000 13258165 0 0 0 14 10 0 15 10 14 35 5 53 54 25 20 17 10 11 31 35 45 55 16 7 7 5 
13432500 13432688 0 0 0 19 15 0 20 16 19 40 3 53 55 25 20 17 10 11 31 35 45 55 16 7 7 5 
13892000 13892211 0 0 0 15 14 0 14 14 13 34 0 53 48 25 20 17 10 11 31 35 45 55 16 7 6 5 
14516000 14516008 0 0 0 21 17 0 23 20 24 45 5 54 53 25 20 17 10 11 31 35 45 55 16 7 7 5 
14872500 14872528 0 0 0 19 17 0 19 16 17 38 2 51 51 25 20 17 10 11 31 35 45 55 16 6 6 5 
15067500 15067776 0 0 0 18 16 0 18 16 18 39 2 55 55 25 20 17 10 11 31 35 45 55 16 7 7 5 
15333500 15333707 0 0 0 16 9 0 17 9 17 38 8 57 56 25 20 17 10 11 31 35 45 55 16 7 7 5 
15632000 15632200 0 0 0 9 8 0 8 7 7 28 1 51 52 25 20 17 10 11 31 35 45 55 16 6 6 5 
15905500 15905512 0 0 0 23 17 0 24 17 23 44 7 52 52 25 20 17 10 11 31 35 45 55 16 6 7 5 
16275000 16275146 0 0 0 13 15 0 12 14 11 32 -2 52 50 25 20 17 10 11 31 35 45 55 16 6 6 5 
16513000 16513296 0 0 0 29 25 0 30 25 30 51 4 49 47 25 20 17 10 11 31 35 45 55 16 6 6 5 
16745500 16745724 0 0 0 11 13 0 11 14 12 33 -2 50 50 25 20 17 10 11 31 35 45 55 16 6 6 5 
16953500 16953582 0 0 0 19 16 0 19 17 18 39 2 52 52 25 20 17 10 11 31 35 45 55 16 6 6 5 
17186000 17186209 0 0 0 16 14 0 15 13 16 37 1 53 53 25 20 17 10 11 31 35 45 55 16 7 7 5 
17456000 17456202 0 0 0 11 8 0 8 7 7 28 2 54 53 25 20 17 10 11 31 35 45 55 16 7 7 5 
17799500 17799604 0 0 0 22 18 0 21 19 20 41 3 52 53 25 20 17 10 11 31 35 45 55 16 7 6 5 
18056000 18056076 0 0 0 21 17 0 22 19 22 43 3 52 52 25 20 17 10 11 31 35 45 55 16 7 6 5 
18350500 18350569 0 0 0 20 14 0 18 13 18 39 6 54 54 25 20 17 10 11 31 35 45 55 16 7 7 5 
18731000 18731000 0 0 0 13 0 0 15 3 15 36 14 73 72 25 20 17 10 11 31 35 45 55 16 6 7 5 
19093000 19093002 0 0 0 -2 -21 0 -4 -22 -3 18 18 80 80 25 20 17 10 11 31 35 45 55 16 10 10 5 
19659500 19659584 0 0 0 -2 -23 0 -3 -23 -3 18 21 81 84 25 20 16 10 11 31 35 45 55 16 10 10 5 
20240500 20240621 0 0 0 -6 -38 0 -4 -39 -4 17 37 89 89 25 20 16 10 11 31 35 45 55 16 11 11 5 
20750500 20750582 0 0 0 19 -3 0 20 -3 19 40 24 78 74 25 20 16 10 11 31 35 45 55 16 6 9 5 
21062000 21062385 0 0 0 39 14 0 42 15 40 61 27 74 71 25 20 16 10 11 31 35 45 55 16 9 8 5 
21231500 21231531 0 0 0 43 23 0 45 25 45 66 20 72 75 25 20 16 10 11 31 35 45 55 16 9 9 5 
21310500 21310546 0 0 0 31 15 0 30 13 32 53 19 70 71 25 20 16 10 11 31 35 45 55 16 8 9 5 
21403000 21403066 0 0 0 15 -4 0 19 -3 20 41 24 78 77 25 20 16 10 11 31 35 45 55 16 6 6 5 
49500 49543 1 0 -1 0 5 0 1 6 0 10 -5 64 63 25 20 19 10 12 32 35 45 55 16 7 4 5 
63500 63649 1 0 0 4 7 0 2 7 1 11 -4 64 65 25 20 20 10 13 33 35 45 55 16 5 5 5 
549500 550100 1 0 0 -10 -7 0 -11 -6 -12 -2 -5 67 66 25 20 19 10 12 32 35 45 55 16 4 5 5 
654500 654656 1 -1 1 -63 -69 -53 -65 -70 -66 -56 6 86 85 25 20 16 10 11 31 35 45 55 16 11 11 5 
682000 682106 1 2 1 -127 -121 -116 -131 -126 -132 -122 -6 104 103 25 20 16 10 11 29 35 45 55 16 12 13 5 
777000 777153 1 -3 1 -59 -52 -49 -58 -50 -59 -49 -7 70 68 25 20 16 10 11 31 35 45 55 16 9 9 5 
1027500 1027709 1 0 0 -10 -6 0 -9 -5 -11 -1 -5 66 67 25 20 18 10 12 32 35 45 55 16 6 5 5 
1586000 1586344 1 0 0 -8 -4 0 -8 -3 -8 2 -4 69 69 25 20 18 10 12 32 35 45 55 16 4 6 5 
1860000 1860141 1 0 0 -12 -9 0 -10 -7 -11 -1 -3 66 67 25 20 18 10 12 32 35 45 55 16 8 5 5 
1928500 1928752 1 -1 1 -65 -47 -54 -68 -49 -68 -58 -19 90 90 25 20 18 10 12 32 35 45 55 16 5 9 5 
2035000 2035112 1 2 1 -206 -202 -196 -206 -203 -207 -197 -4 116 118 25 20 16 10 9 25 35 45 55 16 14 15 5 
2455000 2455073 1 -3 1 -57 -48 -49 -57 -48 -57 -47 -8 78 81 25 20 17 10 10 30 35 45 55 16 8 10 5 
2496500 2496524 1 -1 1 -60 -46 -52 -59 -44 -60 -50 -14 81 82 25 20 17 10 10 30 35 45 55 16 9 10 5 
2503500 2503570 1 2 1 -145 -118 -138 -143 -122 -145 -135 -21 95 94 25 20 17 10 10 30 35 45 55 16 12 12 5 
2571000 2571018 1 -3 1 -57 -61 -50 -57 -58 -59 -49 1 81 77 25 20 17 10 10 30 35 45 55 16 11 10 5 
2788000 2788109 1 0 0 -6 -17 0 -7 -17 -8 2 10 74 75 25 20 19 10 10 30 35 45 55 16 9 9 5 
2898500 2898551 1 -1 1 -57 -50 -51 -54 -46 -56 -46 -8 92 91 25 20 18 10 10 30 35 45 55 16 12 12 5 
3009000 3009138 1 2 1 -157 -122 -150 -160 -121 -160 -150 -39 96 95 25 20 18 10 10 30 35 45 55 16 12 12 5 
3106000 3106370 1 -3 1 -57 -65 -49 -55 -64 -56 -46 11 74 74 25 20 18 10 10 30 35 45 55 16 9 8 5 
3114500 3114579 1 -1 1 -58 -59 -51 -58 -58 -60 -50 1 76 74 25 20 18 10 10 30 35 45 55 16 9 10 5 
4450500 4450553 1 2 1 -286 -271 -271 -289 -275 -291 -281 -15 112 112 25 20 17 10 10 26 35 45 55 16 14 14 5 
4569500 4569658 1 -3 1 -64 -57 -50 -63 -54 -66 -56 -10 78 80 25 20 17 10 10 30 35 45 55 16 10 10 5 
4680000 4680024 1 0 0 -15 -25 0 -12 -22 -13 -3 10 73 72 25 20 17 10 10 30 35 45 55 16 6 8 5 
4871000 4871140 1 -1 1 -64 -62 -52 -65 -63 -67 -57 -3 81 80 25 20 18 10 10 30 35 45 55 16 10 11 5 
4926500 4926539 1 2 1 -188 -173 -176 -192 -176 -192 -182 -16 105 106 25 20 18 10 10 28 35 45 55 16 13 14 5 
5042000 5042075 1 -3 1 -59 -60 -49 -59 -59 -61 -51 0 78 78 25 20 19 10 10 30 35 45 55 16 10 10 5 
5165500 5165591 1 -1 1 -61 -41 -53 -60 -41 -59 -49 -18 89 88 25 20 19 10 10 30 35 45 55 16 10 12 5 
5505000 5505001 1 2 1 -213 -191 -210 -216 -193 -216 -206 -22 105 105 25 20 17 10 10 28 35 45 55 16 13 13 5 
5655000 5655129 1 -3 1 -48 -31 -48 -44 -29 -46 -36 -16 75 77 25 20 19 10 10 30 35 45 55 16 8 9 5 
5713000 5713072 1 0 0 1 9 0 0 8 0 10 -8 66 68 25 20 18 10 10 30 35 45 55 16 6 8 5 
5805000 5805126 1 -1 1 -58 -29 -61 -66 -34 -67 -57 -31 94 97 25 20 16 10 10 30 35 45 55 16 11 13 5 
5812500 5812548 1 2 1 -124 -86 -127 -125 -85 -126 -116 -40 108 108 25 20 16 10 10 28 35 45 55 16 14 14 5 
5817500 5817526 1 -3 1 -43 -40 -46 -39 -39 -42 -32 -2 95 94 25 20 17 10 11 31 35 45 55 16 13 9 5 
6041000 6041164 1 0 0 7 18 0 8 19 7 17 -10 79 81 25 20 18 10 11 31 35 45 55 16 6 3 5 
6248500 6248658 1 -1 1 -42 -32 -51 -40 -31 -39 -29 -8 84 84 25 20 18 10 11 31 35 45 55 16 11 10 5 
6318500 6318636 1 2 1 -100 -81 -109 -100 -81 -102 -92 -19 92 94 25 20 17 10 11 31 35 45 55 16 12 12 5 
6374000 6374088 1 -3 1 -40 -42 -49 -37 -41 -37 -27 5 76 81 25 20 17 10 11 31 35 45 55 16 10 9 5 
6482000 6482167 1 0 0 10 6 0 8 4 9 19 5 74 73 25 20 17 10 11 31 35 45 55 16 8 6 5 
6812000 6812002 1 0 0 7 8 0 8 11 7 17 -2 77 77 25 20 17 10 11 31 35 45 55 16 10 9 5 
7175000 7175086 1 -1 1 -45 -38 -51 -43 -37 -44 -34 -5 88 90 25 20 17 10 11 31 35 45 55 16 11 11 5 
7285000 7285147 1 2 1 -96 -82 -101 -96 -83 -97 -87 -13 90 90 25 20 17 10 11 31 35 45 55 16 11 12 5 
7386500 7386541 1 -3 1 -44 -40 -49 -43 -39 -45 -35 -4 83 85 25 20 17 10 11 31 35 45 55 16 11 10 5 
7483500 7483619 1 -1 1 -46 -37 -51 -45 -36 -46 -36 -9 70 70 25 20 17 10 11 31 35 45 55 16 7 9 5 
7954500 7954625 1 2 1 -181 -166 -185 -185 -180 -185 -175 -5 100 101 25 20 17 10 11 29 35 45 55 16 13 13 5 
8118000 8118192 1 -3 1 -47 -26 -50 -45 -25 -47 -37 -21 67 66 25 20 18 10 11 31 35 45 55 16 9 8 5 
8146000 8146173 1 -1 1 -51 -28 -54 -57 -32 -57 -47 -25 79 84 25 20 18 10 11 31 35 45 55 16 6 9 5 
8168500 8168519 1 2 1 -162 -125 -165 -165 -125 -165 -155 -39 104 105 25 20 18 10 11 29 35 45 55 16 13 14 5 
8220000 8220045 1 -3 1 -47 -29 -50 -45 -27 -47 -37 -19 68 67 25 20 18 10 11 31 35 45 55 16 9 7 5 
8236000 8236196 1 -1 1 -48 -30 -51 -46 -25 -47 -37 -21 68 66 25 20 18 10 11 31 35 45 55 16 5 6 5 
8249000 8249024 1 2 1 -142 -106 -144 -148 -113 -151 -141 -36 93 96 25 20 18 10 11 31 35 45 55 16 12 12 5 
8273500 8273566 1 -3 1 -45 -34 -47 -43 -31 -44 -34 -12 67 65 25 20 18 10 11 31 35 45 55 16 8 8 5 
8390500 8390629 1 0 0 2 18 0 2 18 1 11 -17 64 68 25 20 18 10 11 31 35 45 55 16 7 8 5 
8444000 8444234 1 -1 1 -53 -21 -55 -60 -27 -61 -51 -32 84 86 25 20 18 10 11 31 35 45 55 16 8 11 5 
8449000 8449107 1 2 1 -127 -72 -129 -129 -73 -129 -119 -55 95 93 25 20 18 10 11 31 35 45 55 16 12 12 5 
8530000 8530098 1 -3 1 -46 -21 -48 -45 -19 -46 -36 -26 76 74 25 20 18 10 11 31 35 45 55 16 10 7 5 
8680000 8680136 1 -1 1 -50 -21 -52 -47 -18 -49 -39 -30 87 88 25 20 18 10 11 31 35 45 55 16 9 11 5 
8684500 8684545 1 2 1 -131 -91 -134 -134 -94 -136 -126 -40 100 102 25 20 18 10 11 29 35 45 55 16 13 12 5 
8690500 8690979 1 -3 1 -43 -35 -46 -29 -29 -30 -20 0 84 85 25 20 18 10 11 31 35 45 55 16 4 9 5 
8827500 8827642 1 0 0 2 15 0 4 15 4 14 -11 67 67 25 20 18 10 11 31 35 45 55 16 9 8 5 
9097500 9097666 1 0 0 37 46 0 35 44 35 45 -9 61 60 25 20 18 10 11 31 35 45 55 16 9 7 5 
9360000 9360150 1 0 0 51 62 0 53 64 54 64 -10 59 62 25 20 18 10 11 31 35 45 55 16 7 7 5 
9573500 9573578 1 0 0 38 55 0 40 57 39 49 -16 56 51 25 20 18 10 11 31 35 45 55 16 7 7 5 
9892500 9892532 1 0 0 25 40 0 25 40 24 34 -15 58 57 25 20 18 10 11 31 35 45 55 16 7 7 5 
10415500 10415564 1 0 0 59 75 0 60 76 58 68 -17 53 55 25 20 18 10 11 31 35 45 55 16 7 7 5 
10494500 10494942 1 -1 1 5 14 -52 1 10 0 10 -8 90 92 25 20 18 10 11 31 35 45 55 16 8 11 5 
10603500 10603603 1 2 1 -180 -138 -234 -183 -139 -184 -174 -44 101 101 25 20 16 10 11 29 35 45 55 16 13 13 5 
10816000 10816252 1 -3 1 -2 8 -50 -1 10 -3 7 -10 55 54 25 20 17 10 11 31 35 45 55 16 6 5 5 
11028500 11028679 1 0 0 42 62 0 44 64 42 52 -20 50 47 25 20 18 10 11 31 35 45 55 16 6 6 5 
11428000 11428028 1 0 0 46 63 0 46 64 44 54 -19 54 54 25 20 18 10 11 31 35 45 55 16 7 7 5 
11992500 11992598 1 0 0 48 64 0 50 66 49 59 -15 54 53 25 20 19 10 11 31 35 45 55 16 7 7 5 
12427500 12427528 1 0 0 51 70 0 51 70 50 60 -20 56 55 25 20 19 10 11 31 35 45 55 16 7 7 5 
12699500 12699637 1 0 0 59 74 0 62 76 61 71 -13 53 54 25 20 19 10 11 31 35 45 55 16 6 7 5 
12971000 12971069 1 0 0 70 86 0 71 86 69 79 -17 51 49 25 20 19 10 11 31 35 45 55 16 6 6 5 
12988500 12988977 1 -1 1 18 41 -52 -3 22 -4 6 -25 69 66 25 20 19 10 11 31 35 45 55 16 6 9 5 
13047000 13047113 1 2 1 -106 -78 -176 -102 -73 -105 -95 -30 96 98 25 20 17 10 11 31 35 45 55 16 11 12 5 
13139000 13139013 1 -3 1 19 35 -49 20 35 19 29 -13 54 55 25 20 17 10 11 31 35 45 55 16 7 7 5 
13475500 13475673 1 0 0 65 74 0 65 75 63 73 -9 52 52 25 20 17 10 11 31 35 45 55 16 6 6 5 
14004500 14004605 1 0 0 59 71 0 59 71 58 68 -13 52 52 25 20 17 10 11 31 35 45 55 16 6 6 5 
14471000 14471181 1 0 0 68 80 0 68 81 67 77 -13 53 55 25 20 17 10 11 31 35 45 55 16 7 7 5 
15069500 15069710 1 0 0 64 76 0 64 76 64 74 -12 54 55 25 20 17 10 11 31 35 45 55 16 7 7 5 
15107500 15107563 1 -1 1 11 24 -51 12 27 11 21 -16 80 91 25 20 17 10 11 31 35 45 55 16 4 8 5 
15164500 15164505 1 2 1 -109 -84 -167 -109 -81 -110 -100 -29 101 102 25 20 17 10 11 29 35 45 55 16 13 13 5 
15268000 15268194 1 -3 1 3 18 -49 4 17 3 13 -13 57 56 25 20 17 10 11 31 35 45 55 16 6 7 5 
15483500 15483673 1 0 0 40 55 0 40 56 39 49 -17 51 50 25 20 17 10 11 31 35 45 55 16 6 6 5 
16014500 16014733 1 0 0 54 69 0 55 69 56 66 -12 53 52 25 20 17 10 11 31 35 45 55 16 7 7 5 
16337000 16337068 1 0 0 57 69 0 56 69 55 65 -13 50 47 25 20 17 10 11 31 35 45 55 16 6 6 5 
16882500 16882755 1 0 0 72 80 0 72 82 70 80 -11 52 50 25 20 17 10 11 31 35 45 55 16 6 6 5 
17180500 17180587 1 0 0 64 75 0 64 75 62 72 -11 50 52 25 20 17 10 11 31 35 45 55 16 6 6 5 
17214000 17214355 1 -1 1 9 28 -54 6 27 4 14 -21 83 90 25 20 17 10 11 31 35 45 55 16 2 9 5 
17224500 17224501 1 2 1 -47 -21 -110 -49 -23 -51 -41 -27 99 100 25 20 17 10 11 29 35 45 55 16 13 13 5 
17256000 17256167 1 -3 1 15 5 -48 18 9 17 27 9 83 88 25 20 17 10 11 31 35 45 55 16 9 8 5 
17267000 17267037 1 -1 1 8 11 -54 7 11 5 15 -4 82 81 25 20 17 10 11 31 35 45 55 16 9 11 5 
17291500 17291776 1 2 1 -59 -55 -120 -56 -51 -56 -46 -5 89 86 25 20 17 10 11 31 35 45 55 16 4 5 5 
17298500 17298687 1 -3 1 12 10 -50 13 12 12 22 1 76 77 25 20 17 10 11 31 35 45 55 16 9 8 5 
17664500 17664747 1 0 0 54 63 0 55 65 53 63 -9 52 50 25 20 17 10 11 31 35 45 55 16 7 6 5 
18240000 18240154 1 0 0 51 63 0 52 64 50 60 -11 50 51 25 20 17 10 11 31 35 45 55 16 6 6 5 
18555000 18555094 1 0 0 50 56 0 52 58 50 60 -7 56 57 25 20 17 10 11 31 35 45 55 16 7 7 5 
18592500 18592555 1 -1 1 -14 1 -63 -2 12 -3 7 -13 90 89 25 20 17 10 11 31 35 45 55 16 6 9 5 
18595000 18595110 1 2 1 -69 -49 -118 -73 -56 -74 -64 -17 92 48 25 20 17 10 11 31 35 45 55 16 9 6 5 
18606000 18606272 1 -3 1 1 -3 -47 8 1 8 18 7 85 85 25 20 17 10 11 31 35 45 55 16 7 9 5 
18755500 18755527 1 -1 1 -8 2 -52 -3 6 -4 6 -10 82 82 25 20 17 10 11 31 35 45 55 16 10 9 5 
19039500 19039647 1 2 1 -181 -166 -217 -182 -165 -183 -173 -16 100 101 25 20 17 10 11 29 35 45 55 16 13 13 5 
20570500 20570644 1 -3 1 -55 -61 -50 -56 -61 -57 -47 6 72 72 25 20 16 10 11 31 35 45 55 16 10 9 5 
20698000 20698181 1 0 0 -9 -25 0 -6 -23 -9 1 16 75 76 25 20 16 10 11 31 35 45 55 16 9 10 5 
20958500 20958658 1 0 0 18 -3 0 20 -2 21 31 22 75 74 25 20 16 10 11 31 35 45 55 16 7 4 5 
21061000 21061179 1 0 0 34 14 0 33 12 33 43 23 75 77 25 20 16 10 11 31 35 45 55 16 10 7 5 
21167000 21167186 1 0 0 49 26 0 52 28 50 60 23 67 64 25 20 16 10 11 31 35 45 55 16 8 8 5 
21233500 21233646 1 0 0 76 49 0 78 51 77 87 29 71 67 25 20 16 10 11 31 35 45 55 16 9 9 5 
21312000 21312066 1 0 0 43 23 0 43 23 42 52 21 70 69 25 20 16 10 11 31 35 45 55 16 9 9 5 
21418000 21418325 1 0 0 32 14 0 31 13 29 39 16 76 82 25 20 16 10 11 31 35 45 55 16 2 6 5 
49500 49543 2 0 -1 0 -6 0 2 -4 0 16 5 64 63 25 20 19 10 12 32 35 45 55 16 7 4 5 
93500 93712 2 0 0 14 -1 0 16 1 16 32 16 67 66 25 20 20 10 13 33 35 45 55 16 6 6 5 
528500 528836 2 0 0 -11 -16 0 -8 -15 -11 5 6 69 71 25 20 19 10 13 33 35 45 55 16 4 7 5 
984500 985623 2 0 0 -3 -9 0 -1 -6 -2 14 4 69 69 25 20 18 10 12 32 35 45 55 16 2 3 5 
1511000 1511153 2 0 0 -8 -13 0 -5 -11 -7 9 6 68 69 25 20 18 10 12 32 35 45 55 16 8 7 5 
1903000 1903176 2 0 0 -10 -14 0 -9 -13 -11 5 3 78 84 25 20 18 10 12 32 35 45 55 16 5 9 5 
1973500 1973658 2 -1 1 -62 -77 -51 -60 -74 -62 -46 14 95 94 25 20 17 10 11 31 35 45 55 16 12 12 5 
2051000 2051042 2 2 1 -115 -126 -105 -116 -126 -117 -101 10 111 111 25 20 16 10 9 25 35 45 55 16 14 14 5 
2389500 2389540 2 -3 1 -58 -62 -48 -56 -61 -55 -39 6 84 82 25 20 17 10 9 29 35 45 55 16 11 10 5 
2803000 2803322 2 0 0 -10 -32 0 -10 -32 -12 4 21 74 75 25 20 19 10 10 30 35 45 55 16 6 9 5 
2931000 2931081 2 -1 1 -63 -87 -52 -63 -88 -65 -49 24 93 94 25 20 18 10 10 30 35 45 55 16 12 12 5 
3008500 3008506 2 2 1 -102 -109 -91 -102 -109 -104 -88 6 96 96 25 20 18 10 10 30 35 45 55 16 12 12 5 
3074500 3074633 2 -3 1 -61 -77 -49 -60 -77 -60 -44 18 85 88 25 20 18 10 10 30 35 45 55 16 11 11 5 
3116000 3116149 2 -1 1 -63 -68 -51 -64 -66 -64 -48 3 79 79 25 20 18 10 10 30 35 45 55 16 10 10 5 
4062500 4062599 2 2 1 -173 -166 -158 -173 -165 -176 -160 -10 116 117 25 20 16 10 10 26 35 45 55 16 15 15 5 
4548500 4548620 2 -3 1 -67 -80 -50 -65 -79 -66 -50 13 78 72 25 20 17 10 10 30 35 45 55 16 11 9 5 
4683500 4683586 2 0 0 -17 -33 0 -17 -32 -18 -2 17 72 70 25 20 17 10 10 30 35 45 55 16 6 8 5 
5132000 5132080 2 0 0 -7 -32 0 -7 -31 -9 7 22 79 80 25 20 19 10 10 30 35 45 55 16 9 5 5 
5212500 5212613 2 -1 1 -58 -82 -53 -60 -80 -61 -45 20 99 101 25 20 19 10 10 28 35 45 55 16 13 13 5 
5546500 5546538 2 2 1 -118 -117 -126 -117 -116 -117 -101 0 104 103 25 20 16 10 10 28 35 45 55 16 13 13 5 
5638500 5638669 2 -3 1 -39 -41 -49 -35 -39 -35 -19 4 73 70 25 20 18 10 10 30 35 45 55 16 10 9 5 
5760000 5760175 2 0 0 15 2 0 13 1 12 28 13 70 75 25 20 17 10 10 30 35 45 55 16 9 6 5 
6015000 6015766 2 0 0 -3 -15 0 -6 -17 -8 8 11 74 75 25 20 18 10 11 31 35 45 55 16 3 2 5 
6155500 6155594 2 0 0 11 -3 0 11 -1 10 26 13 74 73 25 20 18 10 11 31 35 45 55 16 9 8 5 
6810000 6810049 2 0 0 2 -18 0 2 -17 1 17 19 77 77 25 20 17 10 11 31 35 45 55 16 10 10 5 
7513000 7513012 2 -1 1 -52 -62 -50 -51 -60 -53 -37 8 85 82 25 20 17 10 11 31 35 45 55 16 10 11 5 
7601500 7601620 2 2 1 -99 -108 -97 -98 -106 -99 -83 9 95 97 25 20 17 10 11 31 35 45 55 16 12 12 5 
8075000 8075171 2 -3 1 -53 -54 -49 -51 -54 -52 -36 3 78 78 25 20 17 10 11 31 35 45 55 16 10 10 5 
8334500 8334578 2 0 0 -5 0 0 -4 1 -4 12 -4 71 72 25 20 18 10 11 31 35 45 55 16 8 8 5 
8758000 8758225 2 0 0 -1 4 0 -1 5 -1 15 -5 68 68 25 20 18 10 11 31 35 45 55 16 8 8 5 
9026000 9026109 2 0 0 29 23 0 32 26 30 46 6 60 60 25 20 18 10 11 31 35 45 55 16 7 7 5 
9354500 9354588 2 0 0 35 28 0 36 29 36 52 7 59 61 25 20 18 10 11 31 35 45 55 16 7 7 5 
9590500 9590510 2 0 0 29 24 0 29 24 30 46 6 58 59 25 20 18 10 11 31 35 45 55 16 7 7 5 
10095000 10095117 2 0 0 21 21 0 22 22 21 37 0 59 58 25 20 18 10 11 31 35 45 55 16 7 7 5 
10413500 10413585 2 0 0 32 31 0 32 31 32 48 1 54 51 25 20 18 10 11 31 35 45 55 16 7 7 5 
10518000 10518090 2 -1 1 -21 -30 -51 -21 -30 -22 -6 8 96 96 25 20 18 10 11 31 35 45 55 16 12 12 5 
10603000 10603009 2 2 1 -100 -81 -128 -102 -82 -103 -87 -20 100 101 25 20 16 10 11 29 35 45 55 16 13 13 5 
10755000 10755025 2 -3 1 -23 -27 -49 -22 -27 -23 -7 4 77 81 25 20 16 10 11 31 35 45 55 16 9 9 5 
10982000 10982131 2 0 0 22 23 0 23 25 23 39 -1 55 55 25 20 18 10 11 31 35 45 55 16 7 7 5 
11439500 11439667 2 0 0 30 29 0 32 29 30 46 2 54 51 25 20 18 10 11 31 35 45 55 16 7 7 5 
11891000 11891142 2 0 0 34 35 0 36 35 34 50 -1 53 50 25 20 18 10 11 31 35 45 55 16 7 7 5 
12410500 12410690 2 0 0 34 35 0 34 36 32 48 -2 54 52 25 20 19 10 11 31 35 45 55 16 7 7 5 
12845500 12845730 2 0 0 46 44 0 50 47 48 64 2 56 57 25 20 19 10 11 31 35 45 55 16 7 7 5 
12990500 12990610 2 -1 1 -14 -14 -56 -15 -18 -16 0 2 85 90 25 20 19 10 11 31 35 45 55 16 8 9 5 
12998000 12998027 2 2 1 -68 -47 -109 -66 -45 -67 -51 -21 102 103 25 20 18 10 11 29 35 45 55 16 13 13 5 
13011500 13011547 2 -3 1 -9 -26 -49 -5 -23 -6 10 17 93 94 25 20 17 10 11 31 35 45 55 16 9 11 5 
13022500 13022654 2 -1 1 -12 -19 -52 -9 -15 -10 6 6 90 90 25 20 17 10 11 31 35 45 55 16 11 11 5 
13030500 13030517 2 2 1 -51 -43 -91 -50 -40 -50 -34 -10 97 101 25 20 17 10 11 29 35 45 55 16 13 12 5 
13070000 13070038 2 -3 1 -11 -15 -50 -3 -9 -5 11 4 82 79 25 20 17 10 11 31 35 45 55 16 10 10 5 
13374500 13374599 2 0 0 28 23 0 28 23 28 44 5 54 54 25 20 17 10 11 31 35 45 55 16 7 7 5 
14068000 14068227 2 0 0 40 34 0 41 35 39 55 4 54 54 25 20 17 10 11 31 35 45 55 16 7 7 5 
14634500 14634542 2 0 0 42 39 0 43 40 42 58 5 53 51 25 20 17 10 11 31 35 45 55 16 6 7 5 
15037500 15037623 2 0 0 45 38 0 44 38 44 60 7 51 51 25 20 17 10 11 31 35 45 55 16 6 6 5 
15150500 15150609 2 -1 1 -13 -27 -53 -13 -26 -13 3 12 93 93 25 20 17 10 11 31 35 45 55 16 12 12 5 
15164500 15164505 2 2 1 -66 -64 -105 -64 -60 -66 -50 -4 101 102 25 20 17 10 11 29 35 45 55 16 13 13 5 
15200000 15200032 2 -3 1 -11 -20 -48 -8 -18 -9 7 11 70 66 25 20 17 10 11 31 35 45 55 16 9 9 5 
15427500 15427688 2 0 0 27 22 0 29 24 29 45 6 54 53 25 20 17 10 11 31 35 45 55 16 7 7 5 
15997500 15997633 2 0 0 37 31 0 38 32 36 52 6 54 55 25 20 17 10 11 31 35 45 55 16 7 7 5 
16337000 16337068 2 0 0 34 29 0 34 31 33 49 3 50 47 25 20 17 10 11 31 35 45 55 16 6 6 5 
16822500 16822645 2 0 0 44 40 0 44 42 44 60 2 56 55 25 20 17 10 11 31 35 45 55 16 7 7 5 
17163500 17163704 2 0 0 41 36 0 42 37 42 58 6 54 55 25 20 17 10 11 31 35 45 55 16 7 7 5 
17640000 17640250 2 0 0 38 31 0 38 32 38 54 7 52 52 25 20 17 10 11 31 35 45 55 16 6 6 5 
18189500 18189688 2 0 0 39 35 0 41 36 40 56 5 54 54 25 20 17 10 11 31 35 45 55 16 7 7 5 
18530500 18530559 2 0 0 34 21 0 33 21 32 48 12 56 57 25 20 17 10 11 31 35 45 55 16 7 7 5 
18790000 18790184 2 -1 1 -22 -38 -50 -21 -37 -22 -6 16 76 75 25 20 17 10 11 31 35 45 55 16 10 9 5 
19012000 19012027 2 2 1 -90 -91 -113 -90 -91 -90 -74 4 104 104 25 20 17 10 11 29 35 45 55 16 13 14 5 
19669500 19669543 2 -3 1 -42 -74 -49 -42 -74 -43 -27 31 79 78 25 20 16 10 11 31 35 45 55 16 10 8 5 
19761000 19761016 2 -1 1 -45 -73 -50 -48 -73 -51 -35 25 94 96 25 20 16 10 11 31 35 45 55 16 12 12 5 
20007500 20007528 2 2 1 -97 -106 -97 -96 -104 -98 -82 8 102 101 25 20 16 10 11 29 35 45 55 16 13 13 5 
20392000 20392027 2 -3 1 -59 -93 -49 -56 -91 -56 -40 37 91 89 25 20 16 10 11 31 35 45 55 16 12 11 5 
20703500 20703586 2 0 0 -17 -41 0 -15 -39 -15 1 25 78 79 25 20 16 10 11 31 35 45 55 16 10 8 5 
21080500 21080651 2 0 0 12 -14 0 13 -14 11 27 27 76 80 25 20 16 10 11 31 35 45 55 16 7 6 5 
21187500 21187726 2 0 0 33 1 0 35 4 32 48 31 65 64 25 20 16 10 11 31 35 45 55 16 8 8 5 
21232500 21232574 2 0 0 52 14 0 54 15 54 70 38 71 70 25 20 16 10 11 31 35 45 55 16 9 9 5 
21310500 21310546 2 0 0 23 -5 0 26 -2 24 40 29 70 71 25 20 16 10 11 31 35 45 55 16 8 9 5 
21408500 21410595 2 0 0 2 -34 0 7 -24 6 22 31 76 72 25 20 16 10 11 31 35 45 55 16 0 3 5 
