23500 23590 0 0 0 -57 -114 0 -62 -117 -60 -42 55 105 104 25 20 15 10 9 27 35 45 55 16 14 12 5 
36000 36061 0 -1 1 -111 -129 -54 -112 -130 -112 -94 18 115 115 25 20 15 10 9 25 35 45 55 16 9 15 5 
41000 41065 0 2 1 -165 -172 -108 -174 -173 -173 -155 -3 123 123 25 20 15 10 9 24 35 45 55 16 11 13 5 
58500 58517 0 -3 1 -107 -161 -50 -118 -159 -117 -99 41 109 112 25 20 15 10 9 25 35 45 55 16 15 14 5 
73000 73008 0 -1 1 -115 -162 -58 -113 -165 -112 -94 52 108 107 25 20 15 10 9 27 35 45 55 16 14 14 5 
212500 212515 0 2 1 -330 -409 -269 -332 -409 -331 -313 76 146 147 25 20 14 10 11 26 35 45 55 16 19 17 5 
275500 275520 0 -3 1 -110 -152 -49 -125 -152 -125 -107 26 102 103 25 20 14 10 11 29 35 45 55 16 11 12 5 
341000 341087 0 0 0 -63 -115 0 -59 -117 -59 -41 58 95 90 25 20 14 10 11 31 35 45 55 16 12 10 5 
391000 391090 0 0 0 -32 -95 0 -34 -96 -33 -15 62 96 91 25 20 14 10 11 31 35 45 55 16 12 12 5 
420000 420109 0 0 0 -24 -95 0 -26 -95 -27 -9 69 96 99 25 20 14 10 11 31 35 45 55 16 12 12 5 
444000 444028 0 0 0 -33 -103 0 -30 -109 -30 -12 79 104 103 25 20 14 10 11 29 35 45 55 16 9 9 5 
463500 463511 0 -1 1 -88 -139 -55 -92 -141 -92 -74 50 122 123 25 20 14 10 11 26 35 45 55 16 15 8 5 
567500 567506 0 2 1 -312 -374 -279 -325 -382 -326 -308 57 140 142 25 20 15 10 10 25 35 45 55 16 12 15 5 
851500 851760 0 -3 1 -84 -117 -49 -80 -118 -81 -63 37 98 95 25 20 14 10 11 31 35 45 55 16 12 12 5 
946000 946122 0 0 0 -35 -97 0 -36 -96 -37 -19 59 98 97 25 20 14 10 11 31 35 45 55 16 10 13 5 
1051000 1051153 0 0 -1 0 -61 0 0 -58 -14 18 58 95 94 25 20 15 10 11 31 35 45 55 16 12 12 5 
1081500 1081571 0 0 0 48 -43 0 53 -43 54 72 97 98 97 25 20 15 10 11 31 35 45 55 16 7 9 5 
1097500 1097863 0 0 0 38 -55 0 41 -54 41 59 95 97 96 25 20 15 10 11 31 35 45 55 16 10 11 5 
1112500 1112557 0 0 0 102 -1 0 125 2 125 143 123 100 99 25 20 15 10 11 31 35 45 55 16 13 10 5 
1131000 1131163 0 0 0 22 -63 0 16 -68 17 35 84 91 90 25 20 15 10 11 31 35 45 55 16 12 12 5 
1175000 1175154 0 0 0 -19 -82 0 -16 -80 -16 2 63 94 90 25 20 15 10 10 30 35 45 55 16 12 12 5 
1181000 1181029 0 0 0 -84 -112 0 -90 -112 -90 -72 22 105 108 25 20 15 10 10 28 35 45 55 16 9 9 5 
1188500 1188643 0 0 0 15 -51 0 13 -52 14 32 64 103 104 25 20 15 10 10 28 35 45 55 16 13 13 5 
1203000 1203111 0 0 0 5 -58 0 -13 -64 -14 4 50 109 111 25 20 15 10 10 26 35 45 55 16 13 14 5 
1211000 1211011 0 0 0 83 -19 0 101 -15 100 118 115 100 98 25 20 15 10 10 30 35 45 55 16 13 11 5 
1251000 1251112 0 0 0 46 -31 0 45 -30 45 63 75 101 104 25 20 15 10 10 28 35 45 55 16 13 13 5 
1257000 1257039 0 0 0 15 -65 0 24 -62 26 44 87 99 99 25 20 15 10 10 30 35 45 55 16 13 11 5 
1289500 1289522 0 0 0 70 -23 0 72 -22 74 92 94 100 101 25 20 15 10 10 28 35 45 55 16 13 13 5 
1325000 1325174 0 0 0 49 -38 0 39 -48 39 57 86 107 106 25 20 14 10 11 29 35 45 55 16 12 12 5 
1333500 1333663 0 0 0 -33 -105 0 -67 -124 -68 -50 57 111 111 25 20 14 10 11 27 35 45 55 16 9 4 5 
1355000 1355238 0 0 0 12 -47 0 14 -41 16 34 55 102 105 25 20 14 10 11 29 35 45 55 16 10 8 5 
1372500 1372584 0 0 0 -29 -88 0 -40 -86 -40 -22 47 97 100 25 20 14 10 11 29 35 45 55 16 11 9 5 
1382000 1382031 0 0 0 -54 -93 0 -64 -93 -65 -47 29 99 100 25 20 14 10 11 29 35 45 55 16 13 12 5 
1393500 1393502 0 0 0 -63 -92 0 -74 -99 -74 -56 24 101 104 25 20 14 10 11 29 35 45 55 16 12 13 5 
1403000 1403054 0 0 0 -6 -68 0 0 -63 1 19 63 98 97 25 20 14 10 11 31 35 45 55 16 13 12 5 
1436000 1436330 0 0 0 -5 -83 0 -6 -88 -7 11 81 98 98 25 20 14 10 11 31 35 45 55 16 5 10 5 
1452000 1452232 0 0 0 -79 -103 0 -78 -100 -79 -61 21 115 114 25 20 13 10 11 27 35 45 55 16 12 11 5 
1461000 1461106 0 0 0 30 -53 0 42 -51 42 60 93 107 105 25 20 13 10 11 29 35 45 55 16 6 9 5 
1470000 1470026 0 0 0 -44 -78 0 -61 -76 -62 -44 15 110 112 25 20 13 10 11 27 35 45 55 16 13 9 5 
1477500 1477667 0 0 0 -64 -124 0 -62 -136 -62 -44 72 109 109 25 20 13 10 11 29 35 45 55 16 11 8 5 
1481500 1481516 0 0 0 -6 -81 0 25 -72 24 42 97 103 99 25 20 13 10 11 31 35 45 55 16 13 13 5 
1491000 1491149 0 0 0 -7 -89 0 12 -92 13 31 105 101 98 25 20 13 10 11 31 35 45 55 16 9 13 5 
1500000 1500083 0 0 0 -48 -93 0 -47 -88 -46 -28 42 103 103 25 20 13 10 11 29 35 45 55 16 11 9 5 
1572000 1572067 0 -1 1 -101 -127 -52 -100 -123 -98 -80 24 122 121 25 20 13 10 11 26 35 45 55 16 14 5 5 
1607000 1607019 0 2 1 -369 -428 -319 -368 -428 -368 -350 60 146 147 25 20 12 10 11 26 35 45 55 16 19 19 5 
1738500 1738576 0 -3 1 -101 -125 -49 -100 -124 -99 -81 25 91 90 25 20 15 10 11 31 35 45 55 16 12 11 5 
1791500 1791532 0 0 0 -53 -80 0 -49 -78 -49 -31 30 84 82 25 20 14 10 11 31 35 45 55 16 11 11 5 
1940000 1940143 0 0 0 -10 -54 0 -11 -56 -11 7 46 91 91 25 20 13 10 11 31 35 45 55 16 11 12 5 
2116500 2116602 0 0 0 -11 -39 -1 -11 -38 -10 8 28 91 91 25 20 13 10 11 31 35 45 55 16 12 12 5 
2201500 2201637 0 -1 1 -63 -109 -51 -66 -107 -67 -49 40 103 103 25 20 13 10 11 29 35 45 55 16 9 12 5 
2218000 2218081 0 2 1 -116 -130 -103 -118 -134 -117 -99 17 109 106 25 20 13 10 11 29 35 45 55 16 14 13 5 
2229500 2229632 0 -3 1 -61 -137 -48 -82 -141 -82 -64 59 98 100 25 20 13 10 11 29 35 45 55 16 9 8 5 
2238500 2238622 0 -1 1 -70 -122 -56 -76 -124 -75 -57 50 103 106 25 20 13 10 11 29 35 45 55 16 10 13 5 
2257000 2257010 0 2 1 -179 -180 -165 -184 -184 -183 -165 2 122 123 25 20 13 10 11 26 35 45 55 16 10 16 5 
2264000 2264097 0 -3 1 -63 -147 -49 -63 -149 -62 -44 88 106 103 25 20 13 10 11 29 35 45 55 16 12 7 5 
2393000 2393146 0 0 0 -17 -48 0 -19 -48 -19 -1 28 90 90 25 20 13 10 11 31 35 45 55 16 12 11 5 
2656500 2656517 0 0 0 21 -20 0 23 -18 23 41 41 88 83 25 20 15 10 12 32 35 45 55 16 11 7 5 
2802500 2802518 0 0 0 14 -37 0 14 -39 14 32 53 90 89 25 20 15 10 12 32 35 45 55 16 11 12 5 
3311000 3311085 0 0 0 5 -36 0 7 -36 7 25 43 91 92 25 20 15 10 13 33 35 45 55 16 12 12 5 
3435000 3435073 0 -1 1 -50 -84 -57 -13 -64 -14 4 49 109 109 25 20 15 10 13 31 35 45 55 16 14 0 5 
3444000 3444771 0 2 1 -121 -158 -128 -126 -179 -125 -107 53 115 115 25 20 15 10 13 29 35 45 55 16 3 5 5 
3450500 3450529 0 -3 1 -40 -155 -47 -50 -163 -51 -33 111 106 106 25 20 15 10 13 31 35 45 55 16 12 10 5 
3473000 3473317 0 -1 1 -45 -118 -52 -42 -113 -41 -23 72 99 101 25 20 14 10 12 30 35 45 55 16 8 10 5 
3565000 3565638 0 2 1 -114 -160 -122 -132 -165 -130 -112 34 107 110 25 20 14 10 12 28 35 45 55 16 5 13 5 
3582500 3582612 0 -3 1 -40 -126 -48 -49 -127 -49 -31 77 104 106 25 20 14 10 12 30 35 45 55 16 7 13 5 
3597000 3597067 0 -1 1 -44 -124 -52 -39 -131 -39 -21 92 97 97 25 20 14 10 12 32 35 45 55 16 12 13 5 
3623000 3623023 0 2 1 -184 -214 -193 -185 -216 -185 -167 31 121 124 25 20 14 10 12 27 35 45 55 16 16 15 5 
3719000 3719054 0 -3 1 -40 -78 -50 -40 -77 -41 -23 36 86 84 25 20 14 10 12 32 35 45 55 16 11 11 5 
3795500 3795595 0 0 0 10 -39 0 12 -37 12 30 49 86 85 25 20 14 10 12 32 35 45 55 16 11 11 5 
3959500 3959605 0 0 0 25 -16 0 23 -19 23 41 42 80 81 25 20 14 10 12 32 35 45 55 16 10 10 5 
3977500 3977631 0 0 0 11 -41 0 18 -40 18 36 56 100 99 25 20 14 10 12 32 35 45 55 16 13 12 5 
4035500 4035620 0 0 0 10 -48 0 14 -44 14 32 56 91 93 25 20 14 10 12 32 35 45 55 16 9 12 5 
4090000 4090103 0 0 0 -11 -36 0 -11 -34 -10 8 23 74 72 25 20 14 10 12 32 35 45 55 16 9 10 5 
4138500 4138606 0 0 0 32 -8 0 31 -8 31 49 40 78 79 25 20 14 10 12 32 35 45 55 16 10 10 5 
4187500 4187673 0 0 0 50 8 0 50 8 49 67 43 79 79 25 20 14 10 12 32 35 45 55 16 10 10 5 
4528000 4528046 0 0 0 31 -28 0 38 -26 36 54 63 81 82 25 20 14 10 12 32 35 45 55 16 5 9 5 
4560000 4560031 0 0 0 62 2 0 56 0 56 74 56 95 99 25 20 14 10 12 32 35 45 55 16 11 12 5 
4608000 4608337 0 0 0 2 -68 0 1 -65 1 19 67 94 91 25 20 14 10 12 32 35 45 55 16 6 11 5 
4634500 4634511 0 -1 1 -55 -76 -57 -66 -71 -66 -48 5 111 111 25 20 14 10 12 28 35 45 55 16 10 12 5 
4638000 4638116 0 2 1 -131 -127 -133 -140 -136 -138 -120 -4 114 115 25 20 14 10 12 28 35 45 55 16 11 11 5 
4649000 4649015 0 -3 1 -40 -140 -41 -28 -139 -27 -9 111 108 107 25 20 14 10 12 30 35 45 55 16 14 13 5 
4680000 4680121 0 -1 1 -53 -101 -54 -52 -106 -50 -32 55 107 107 25 20 14 10 12 30 35 45 55 16 8 8 5 
4757000 4759327 0 2 1 -458 -511 -458 -364 -420 -365 -347 55 125 127 25 20 14 10 12 27 35 45 55 16 0 9 5 
5303000 5303089 0 -3 1 -60 -129 -50 -64 -135 -64 -46 72 88 83 25 20 14 10 12 32 35 45 55 16 11 11 5 
5482500 5482637 0 0 0 -13 -65 0 -11 -63 -10 8 52 84 85 25 20 14 10 13 33 35 45 55 16 11 11 5 
5673500 5673599 0 0 0 8 -33 0 9 -34 9 27 42 74 71 25 20 13 10 14 34 35 45 55 16 9 9 5 
5858500 5860080 0 0 0 -10 -79 0 -17 -71 -16 2 53 82 81 25 20 13 10 14 34 35 45 55 16 2 10 5 
5972000 5972093 0 0 0 44 -23 0 41 -26 41 59 66 81 81 25 20 13 10 14 34 35 45 55 16 10 9 5 
6042500 6042539 0 0 0 58 -26 0 53 -27 52 70 79 89 93 25 20 13 10 13 33 35 45 55 16 11 11 5 
6197000 6197153 0 0 0 -11 -55 0 -12 -58 -13 5 45 78 79 25 20 14 10 12 32 35 45 55 16 10 10 5 
6209000 6209156 0 0 0 82 4 0 92 8 92 110 83 79 79 25 20 14 10 12 32 35 45 55 16 6 2 5 
6222500 6222681 0 0 0 -54 -60 0 -55 -61 -55 -37 5 75 79 25 20 14 10 12 32 35 45 55 16 8 3 5 
6251000 6251177 0 0 0 -14 -43 0 -13 -43 -13 5 30 75 70 25 20 14 10 12 32 35 45 55 16 9 9 5 
6319500 6319657 0 0 0 39 -27 0 37 -30 37 55 66 83 82 25 20 14 10 12 32 35 45 55 16 11 8 5 
6364500 6364566 0 0 0 27 -36 0 35 -30 12 55 66 86 84 25 20 14 10 12 32 35 45 55 16 11 10 5 
6418500 6418575 0 0 0 -11 -49 0 -12 -49 -12 6 36 70 69 25 20 13 10 12 32 35 45 55 16 9 9 5 
6477500 6477530 0 0 0 -14 -37 0 -12 -35 -13 5 22 73 75 25 20 13 10 12 32 35 45 55 16 9 8 5 
6485000 6485041 0 0 0 94 53 0 104 58 104 122 46 71 71 25 20 13 10 12 32 35 45 55 16 9 9 5 
6494000 6494063 0 0 0 15 -2 0 13 -5 34 30 17 72 71 25 20 13 10 12 32 35 45 55 16 9 9 5 
6513500 6513533 0 0 0 63 57 0 69 65 69 87 5 71 70 25 20 13 10 12 32 35 45 55 16 9 8 5 
6533000 6533001 0 0 0 47 8 0 53 7 53 71 45 76 81 25 20 13 10 12 32 35 45 55 16 7 6 5 
6766000 6766040 0 -1 1 -26 -91 -59 -27 -91 -26 -8 64 112 112 25 20 11 10 15 31 35 45 55 16 7 14 5 
6769000 6769119 0 2 1 -76 -145 -109 -80 -148 -80 -62 67 117 119 25 20 11 10 15 31 35 45 55 16 13 9 5 
6775500 6775719 0 -3 1 -7 -128 -39 -18 -127 -18 0 109 110 110 25 20 11 10 15 31 35 45 55 16 9 10 5 
6945500 6945618 0 -1 1 -29 -119 -51 -27 -120 -25 -7 94 93 91 25 20 14 10 12 32 35 45 55 16 12 11 5 
6972500 6972618 0 2 1 -81 -122 -101 -82 -123 -82 -64 40 104 106 25 20 14 10 12 30 35 45 55 16 5 7 5 
6982500 6982514 0 -3 1 -25 -117 -44 -14 -114 -13 5 100 96 94 25 20 14 10 12 32 35 45 55 16 11 11 5 
6995500 6995545 0 -1 1 -33 -128 -52 -36 -131 -36 -18 95 88 94 25 20 14 10 12 32 35 45 55 16 8 8 5 
7026000 7026045 0 2 1 -90 -123 -107 -99 -125 -97 -79 26 95 94 25 20 13 10 12 32 35 45 55 16 9 10 5 
7074000 7074206 0 -3 1 -35 -75 -48 -43 -82 -41 -23 40 90 90 25 20 13 10 12 32 35 45 55 16 4 6 5 
7196500 7196648 0 -1 1 -44 -118 -50 -46 -127 -45 -27 81 97 97 25 20 14 10 13 33 35 45 55 16 7 5 5 
7200000 7200486 0 2 1 -94 -133 -100 -100 -137 -100 -82 37 102 107 25 20 14 10 13 31 35 45 55 16 0 9 5 
7208000 7208107 0 -3 1 -38 -100 -43 -49 -93 -48 -30 44 103 107 25 20 14 10 13 31 35 45 55 16 4 9 5 
7352000 7352119 0 -1 1 -54 -66 -51 -55 -72 -56 -38 18 97 91 25 20 15 10 13 33 35 45 55 16 10 6 5 
7373500 7373620 0 2 1 -122 -158 -118 -123 -163 -124 -106 39 115 116 25 20 15 10 13 29 35 45 55 16 12 9 5 
7378000 7378085 0 -3 1 -55 -134 -50 -52 -129 -51 -33 77 107 106 25 20 15 10 13 31 35 45 55 16 10 10 5 
7393000 7393054 0 -1 1 -56 -125 -51 -57 -127 -57 -39 69 83 84 25 20 15 10 13 33 35 45 55 16 8 11 5 
7409500 7409583 0 2 1 -125 -181 -118 -137 -197 -135 -117 60 88 89 25 20 14 10 12 32 35 45 55 16 5 7 5 
7444500 7444910 0 -3 1 -57 -67 -48 -62 -68 -62 -44 7 85 84 25 20 14 10 12 32 35 45 55 16 7 7 5 
7565000 7565001 0 0 0 -16 -33 0 -15 -32 -13 5 19 83 82 25 20 14 10 12 32 35 45 55 16 11 10 5 
7708000 7708124 0 0 0 23 -15 0 24 -18 24 42 43 84 64 25 20 14 10 12 32 35 45 55 16 9 8 5 
7716500 7716640 0 0 0 16 -11 0 10 -15 9 27 25 87 88 25 20 14 10 12 32 35 45 55 16 8 11 5 
8050500 8050637 0 0 0 28 -40 0 33 -42 33 51 75 94 91 25 20 14 10 12 32 35 45 55 16 7 10 5 
8053500 8053619 0 -1 1 -33 -68 -59 -41 -69 -39 -21 28 103 106 25 20 14 10 12 30 35 45 55 16 11 13 5 
8057000 8057063 0 2 1 -90 -112 -114 -97 -116 -96 -78 19 103 103 25 20 14 10 12 30 35 45 55 16 13 9 5 
8067500 8067603 0 -3 1 -30 -89 -47 -28 -91 -27 -9 63 93 93 25 20 14 10 12 32 35 45 55 16 11 11 5 
8076000 8076045 0 0 0 13 -27 0 15 -25 15 33 40 80 86 25 20 14 10 12 32 35 45 55 16 8 10 5 
8181000 8181145 0 0 0 20 6 0 21 6 20 38 14 72 71 25 20 14 10 12 32 35 45 55 16 9 9 5 
8396000 8396158 0 0 0 59 52 0 62 54 62 80 8 82 87 25 20 17 10 12 32 35 45 55 16 9 9 5 
8411000 8411005 0 0 0 22 18 0 23 21 24 42 3 71 72 25 20 17 10 12 32 35 45 55 16 9 9 5 
8430500 8430684 0 0 0 24 21 0 26 22 27 45 4 71 69 25 20 17 10 12 32 35 45 55 16 9 9 5 
8566500 8566571 0 0 0 17 14 0 15 12 16 34 3 74 71 25 20 15 10 12 32 35 45 55 16 9 9 5 
8780000 8780211 0 0 0 31 23 0 31 21 31 49 10 72 70 25 20 17 10 12 32 35 45 55 16 9 9 5 
9011000 9011014 0 0 0 22 7 0 19 8 20 38 12 70 71 25 20 15 10 14 34 35 45 55 16 9 9 5 
9101000 9101062 0 0 0 66 11 0 69 13 70 88 57 82 83 25 20 15 10 14 34 35 45 55 16 11 10 5 
9117000 9117069 0 0 0 37 17 0 43 30 44 62 14 86 84 25 20 15 10 14 34 35 45 55 16 11 10 5 
9131000 9131135 0 0 0 -6 -33 0 -6 -35 -6 12 28 91 91 25 20 15 10 14 34 35 45 55 16 12 10 5 
9221000 9221130 0 0 0 -9 -5 0 -15 -8 -15 3 -8 66 65 25 20 15 10 13 33 35 45 55 16 8 8 5 
9252500 9252505 0 0 0 44 33 0 51 37 50 68 14 73 77 25 20 15 10 13 33 35 45 55 16 6 10 5 
9259500 9259631 0 -1 1 -9 -24 -51 -22 -28 -20 -2 7 86 86 25 20 15 10 13 33 35 45 55 16 9 7 5 
9268500 9268514 0 2 1 -119 -106 -157 -121 -110 -122 -104 -13 107 108 25 20 15 10 13 31 35 45 55 16 14 11 5 
9286500 9286590 0 -3 1 -16 -72 -47 -21 -76 -20 -2 56 92 97 25 20 15 10 13 33 35 45 55 16 10 11 5 
9300500 9300552 0 0 0 27 -10 0 26 -13 28 46 41 77 81 25 20 15 10 13 33 35 45 55 16 10 10 5 
9559500 9559656 0 0 0 49 0 0 53 0 54 72 53 78 79 25 20 15 10 14 34 35 45 55 16 9 8 5 
9595500 9595628 0 -1 1 -3 -38 -51 -6 -38 -7 11 31 78 78 25 20 15 10 13 33 35 45 55 16 7 7 5 
9611000 9611025 0 2 1 -38 -71 -86 -43 -75 -42 -24 31 71 71 25 20 15 10 13 33 35 45 55 16 9 8 5 
9628000 9628113 0 -3 1 -2 -28 -49 -2 -22 -1 17 21 85 86 25 20 15 10 13 33 35 45 55 16 10 5 5 
9907000 9907043 0 0 0 38 1 0 37 2 37 55 35 71 71 25 20 15 10 14 34 35 45 55 16 9 8 5 
10338500 10338604 0 0 0 33 9 0 35 10 36 54 27 69 68 25 20 15 10 14 34 35 45 55 16 9 9 5 
10883000 10883143 0 0 0 26 2 23 17 -4 17 35 22 85 82 25 20 15 10 14 34 35 45 55 16 10 9 5 
10898000 10898086 0 0 0 28 -37 0 29 -37 29 47 67 71 74 25 20 15 10 14 34 35 45 55 16 9 9 5 
11046000 11046094 0 0 0 41 9 0 37 4 38 56 34 72 71 25 20 15 10 14 34 35 45 55 16 9 9 5 
12558500 12558512 0 0 0 39 8 0 40 7 42 60 34 73 75 25 20 15 10 14 34 35 45 55 16 9 9 5 
12654000 12654031 0 0 0 39 9 0 40 10 40 58 30 72 72 25 20 15 10 14 34 35 45 55 16 9 9 5 
12695000 12695094 0 0 0 70 25 0 93 40 93 111 54 79 77 25 20 15 10 14 34 35 45 55 16 3 6 5 
12705000 12705024 0 -1 1 14 -27 -50 17 -28 17 35 44 98 96 25 20 15 10 14 34 35 45 55 16 12 12 5 
12737000 12737003 0 2 1 -42 -126 -90 -50 -132 -52 -34 81 116 119 25 20 15 10 14 30 35 45 55 16 15 15 5 
12740000 12740649 0 -3 1 5 -112 -42 24 -98 25 43 123 107 109 25 20 15 10 14 32 35 45 55 16 7 13 5 
12747000 12747055 0 0 0 43 -62 0 46 -57 46 64 103 92 89 25 20 15 10 14 34 35 45 55 16 12 11 5 
12771000 12771129 0 0 0 -19 -48 0 -23 -49 -22 -4 27 74 73 25 20 15 10 14 34 35 45 55 16 10 9 5 
12795500 12795583 0 0 0 -40 -57 0 -38 -56 -39 -21 17 69 68 25 20 15 10 14 34 35 45 55 16 9 9 5 
12861000 12861083 0 0 0 -2 -19 0 -4 -20 -3 15 16 67 71 25 20 15 10 14 34 35 45 55 16 8 9 5 
13212500 13212605 0 0 0 8 -16 0 7 -16 6 24 22 70 73 25 20 15 10 14 34 35 45 55 16 9 9 5 
13302500 13302586 0 0 0 48 11 0 47 10 47 65 36 72 73 25 20 15 10 14 34 35 45 55 16 9 9 5 
13739500 13739567 0 0 0 47 12 0 46 12 47 65 34 79 74 25 20 15 10 14 34 35 45 55 16 10 10 5 
13762500 13762641 0 0 0 42 -11 0 41 -10 41 59 51 77 79 25 20 15 10 14 34 35 45 55 16 10 10 5 
13811000 13811025 0 0 0 17 -19 0 14 -21 15 33 35 72 72 25 20 15 10 14 34 35 45 55 16 9 9 5 
13844000 13844141 0 0 0 46 10 0 47 10 48 66 37 72 74 25 20 15 10 14 34 35 45 55 16 9 9 5 
13869000 13869138 0 0 0 36 3 0 35 2 36 54 33 72 70 25 20 15 10 14 34 35 45 55 16 9 9 5 
14011500 14011602 0 0 0 50 23 0 48 21 47 65 27 70 68 25 20 15 10 14 34 35 45 55 16 9 9 5 
14026500 14026578 0 0 0 19 -14 0 18 -14 17 35 31 70 66 25 20 15 10 14 34 35 45 55 16 9 9 5 
14088500 14088646 0 0 0 4 -14 0 9 -13 8 26 21 82 86 25 20 15 10 14 34 35 45 55 16 9 6 5 
14107000 14107078 0 0 0 40 2 0 35 -1 34 52 35 72 74 25 20 15 10 14 34 35 45 55 16 9 9 5 
14259000 14259039 0 0 0 41 9 0 40 8 41 59 33 71 73 25 20 15 10 14 34 35 45 55 16 9 9 5 
14339000 14339099 0 0 0 53 22 0 53 21 53 71 32 73 72 25 20 15 10 14 34 35 45 55 16 9 9 5 
14368500 14368570 0 0 0 51 24 0 51 25 52 70 27 74 75 25 20 15 10 14 34 35 45 55 16 10 9 5 
14411000 14411054 0 0 0 81 30 0 80 28 80 98 52 79 79 25 20 15 10 14 34 35 45 55 16 10 10 5 
14426000 14426091 0 -1 1 30 -30 -53 30 -30 31 49 60 98 96 25 20 15 10 14 34 35 45 55 16 12 12 5 
14437500 14437608 0 2 1 -33 -61 -116 -42 -64 -43 -25 22 110 111 25 20 15 10 14 30 35 45 55 16 14 13 5 
14441000 14441096 0 -3 1 34 -39 -50 46 -38 46 64 85 101 99 25 20 15 10 14 34 35 45 55 16 11 10 5 
14469000 14469379 0 0 0 86 -37 0 74 -35 73 91 109 102 101 25 20 15 10 14 32 35 45 55 16 8 9 5 
14516500 14516589 0 0 0 -10 -40 0 -6 -40 -6 12 33 77 83 25 20 15 10 14 34 35 45 55 16 9 10 5 
14600500 14600551 0 0 0 31 1 0 32 2 33 51 30 70 70 25 20 15 10 14 34 35 45 55 16 9 8 5 
14694000 14694039 0 0 0 39 12 0 41 13 44 62 29 68 68 25 20 15 10 14 34 35 45 55 16 9 9 5 
15151500 15151567 0 0 0 41 19 0 38 18 39 57 22 69 71 25 20 15 10 14 34 35 45 55 16 9 9 5 
15551000 15551062 0 0 0 49 23 0 51 25 52 70 26 73 75 25 20 15 10 14 34 35 45 55 16 9 9 5 
15647500 15647606 0 0 0 45 15 0 46 16 46 64 29 71 68 25 20 15 10 14 34 35 45 55 16 9 9 5 
15680000 15680102 0 0 0 22 -14 0 23 -12 24 42 36 70 76 25 20 15 10 14 34 35 45 55 16 9 9 5 
15711000 15711218 0 0 0 24 -1 0 25 1 24 42 25 65 64 25 20 15 10 14 34 35 45 55 16 8 8 5 
15729000 15729163 0 0 0 49 14 0 51 14 52 70 37 83 77 25 20 15 10 14 34 35 45 55 16 12 9 5 
15794500 15794519 0 0 0 44 1 0 40 -1 40 58 41 94 94 25 20 15 10 14 34 35 45 55 16 11 11 5 
15816000 15816025 0 0 0 48 -1 0 52 1 52 70 50 70 73 25 20 15 10 14 34 35 45 55 16 9 9 5 
15905000 15905178 0 0 0 49 10 0 48 11 49 67 38 74 74 25 20 15 10 14 34 35 45 55 16 10 9 5 
16304500 16304687 0 0 0 40 20 0 41 21 42 60 20 69 69 25 20 15 10 14 34 35 45 55 16 9 9 5 
16827500 16827605 0 0 0 64 17 0 64 16 63 81 46 86 83 25 20 15 10 14 34 35 45 55 16 11 11 5 
16885000 16885010 0 -1 1 10 -99 -51 9 -98 9 27 106 105 105 25 20 15 10 14 32 35 45 55 16 13 13 5 
16966000 16966011 0 2 1 -115 -148 -172 -118 -155 -120 -102 35 112 118 25 20 15 10 13 29 35 45 55 16 15 14 5 
17058500 17058533 0 -3 1 3 -96 -49 5 -92 5 23 96 104 103 25 20 14 10 14 32 35 45 55 16 13 13 5 
17066000 17066127 0 -1 1 -4 -114 -56 13 -110 15 33 125 106 106 25 20 14 10 14 32 35 45 55 16 13 14 5 
17131500 17131618 0 2 1 -102 -161 -151 -107 -164 -106 -88 58 110 115 25 20 13 10 14 30 35 45 55 16 13 13 5 
17226500 17226622 0 -3 1 -6 -90 -50 -12 -95 -13 5 83 87 85 25 20 13 10 14 34 35 45 55 16 11 11 5 
17397500 17397509 0 0 0 35 -40 0 40 -42 39 57 81 97 99 25 20 13 10 14 34 35 45 55 16 12 12 5 
17639500 17639648 0 0 0 46 -22 0 44 -24 45 63 67 91 92 25 20 13 10 14 34 35 45 55 16 12 12 5 
17709000 17709162 0 0 0 38 -58 0 36 -62 36 54 99 81 77 25 20 13 10 14 34 35 45 55 16 10 10 5 
18102500 18102579 0 0 0 21 -43 0 16 -46 16 34 62 78 77 25 20 13 10 14 34 35 45 55 16 10 10 5 
18335000 18335069 0 0 0 35 -60 0 37 -61 38 56 99 91 93 25 20 13 10 14 34 35 45 55 16 12 12 5 
18399500 18399577 0 0 0 47 -70 0 53 -70 51 69 122 97 99 25 20 13 10 14 34 35 45 55 16 12 12 5 
18425000 18425047 0 0 0 46 -76 0 45 -80 46 64 126 96 96 25 20 13 10 14 34 35 45 55 16 13 11 5 
18436500 18436602 0 0 0 47 -66 0 47 -63 47 65 111 94 98 25 20 13 10 14 34 35 45 55 16 12 12 5 
18466500 18466590 0 0 0 158 33 0 164 41 165 183 124 94 92 25 20 13 10 14 34 35 45 55 16 12 12 5 
18522000 18522087 0 0 0 104 14 0 105 16 107 125 90 103 101 25 20 13 10 14 32 35 45 55 16 11 13 5 
18545500 18545535 0 0 0 19 -64 0 28 -68 28 46 96 111 108 25 20 13 10 14 32 35 45 55 16 14 11 5 
18584000 18584198 0 -1 1 -35 -125 -53 -28 -126 -27 -9 99 104 103 25 20 13 10 14 32 35 45 55 16 8 10 5 
19370000 19370020 0 2 1 -756 -803 -767 -763 -812 -762 -744 48 159 160 25 20 15 10 12 27 35 45 55 16 20 14 5 
20618500 20618593 0 -3 1 -47 -170 -45 -46 -172 -45 -27 126 113 110 25 20 13 10 14 30 35 45 55 16 14 8 5 
20720500 20720583 0 0 0 -3 -104 0 4 -101 4 22 105 106 109 25 20 13 10 14 32 35 45 55 16 13 12 5 
20741500 20741566 0 -1 1 -54 -150 -51 -58 -150 -58 -40 92 114 114 25 20 13 10 14 30 35 45 55 16 12 15 5 
20890000 20890090 0 2 1 -977 -836 -970 -981 -845 -981 -963 -136 157 156 25 20 13 10 14 29 35 45 55 16 15 20 5 
21105500 21105524 0 -3 1 -60 -163 -49 -58 -161 -59 -41 102 107 105 25 20 13 10 14 32 35 45 55 16 14 14 5 
21260000 21260099 0 0 0 -14 -108 0 -13 -107 -13 5 94 102 101 25 20 13 10 14 32 35 45 55 16 13 13 5 
26500 26623 1 0 0 -26 -32 0 -27 -28 -28 -24 0 104 101 25 20 15 10 9 27 35 45 55 16 13 13 5 
166500 166559 1 -1 1 -81 -86 -51 -85 -92 -86 -82 7 124 124 25 20 15 10 11 26 35 45 55 16 16 16 5 
212000 212005 1 2 1 -173 -212 -142 -176 -217 -176 -172 42 147 147 25 20 14 10 11 26 35 45 55 16 18 17 5 
221000 221062 1 -3 1 -78 -123 -47 -85 -127 -85 -81 41 128 127 25 20 14 10 11 26 35 45 55 16 13 12 5 
329000 329112 1 0 0 -34 -57 0 -37 -62 -37 -33 25 93 93 25 20 14 10 11 31 35 45 55 16 12 12 5 
391000 391090 1 0 0 -11 -34 0 -14 -34 -14 -10 21 96 91 25 20 14 10 11 31 35 45 55 16 12 12 5 
420000 420109 1 0 0 -12 -37 0 -14 -39 -13 -9 26 96 99 25 20 14 10 11 31 35 45 55 16 12 12 5 
443500 443592 1 0 0 -6 -43 0 -13 -43 -13 -9 31 102 103 25 20 14 10 11 29 35 45 55 16 11 7 5 
484500 484671 1 -1 1 -57 -83 -51 -52 -81 -53 -49 28 121 125 25 20 14 10 11 26 35 45 55 16 13 14 5 
527000 527218 1 2 1 -189 -141 -183 -187 -141 -188 -184 -45 134 135 25 20 15 10 10 25 35 45 55 16 9 13 5 
834500 834625 1 -3 1 -52 -71 -50 -56 -73 -55 -51 17 97 94 25 20 14 10 10 30 35 45 55 16 11 12 5 
1051000 1051153 1 0 -1 0 -21 0 0 -20 -5 4 22 95 94 25 20 15 10 11 31 35 45 55 16 12 12 5 
1078500 1078631 1 0 0 59 -9 0 64 -6 63 67 68 97 99 25 20 15 10 11 31 35 45 55 16 8 8 5 
1095500 1095549 1 0 0 39 -9 0 30 -8 29 33 38 97 99 25 20 15 10 11 31 35 45 55 16 11 12 5 
1112500 1112557 1 0 0 84 21 0 96 21 95 99 75 100 99 25 20 15 10 11 31 35 45 55 16 13 10 5 
1120000 1120046 1 0 0 45 -18 0 56 -17 56 60 73 97 92 25 20 15 10 11 31 35 45 55 16 10 11 5 
1131500 1131664 1 0 0 36 -16 0 35 -20 33 37 54 90 88 25 20 15 10 11 31 35 45 55 16 12 12 5 
1176500 1176621 1 0 0 -3 -41 0 3 -43 3 7 47 96 95 25 20 15 10 10 30 35 45 55 16 12 7 5 
1181000 1181029 1 0 0 -59 -74 0 -66 -73 -66 -62 8 105 108 25 20 15 10 10 28 35 45 55 16 9 9 5 
1187500 1187623 1 0 0 34 -9 0 37 -7 35 39 44 104 103 25 20 15 10 10 28 35 45 55 16 13 13 5 
1202500 1202558 1 0 0 10 -20 0 14 -24 14 18 40 110 107 25 20 15 10 10 28 35 45 55 16 13 14 5 
1210000 1210111 1 0 0 83 14 0 69 10 68 72 59 99 102 25 20 15 10 10 28 35 45 55 16 13 12 5 
1231500 1231580 1 0 0 92 28 0 109 35 108 112 73 98 99 25 20 15 10 10 30 35 45 55 16 13 12 5 
1266000 1266057 1 0 0 46 -15 0 53 -19 53 57 73 99 99 25 20 15 10 10 30 35 45 55 16 10 11 5 
1291000 1291146 1 0 0 71 12 0 68 12 67 71 57 102 102 25 20 15 10 10 28 35 45 55 16 13 13 5 
1315000 1315114 1 0 0 69 2 0 72 6 70 74 65 103 102 25 20 14 10 11 29 35 45 55 16 13 13 5 
1332500 1332577 1 0 0 14 -36 0 21 -33 21 25 54 111 108 25 20 14 10 11 29 35 45 55 16 13 5 5 
1372000 1372134 1 0 0 5 -40 0 -4 -40 -5 -1 34 97 101 25 20 14 10 11 29 35 45 55 16 12 11 5 
1382500 1382635 1 0 0 -20 -38 0 -15 -36 -16 -12 22 98 99 25 20 14 10 11 31 35 45 55 16 13 12 5 
1403000 1403054 1 0 0 15 -24 0 18 -18 17 21 38 98 97 25 20 14 10 11 31 35 45 55 16 13 12 5 
1437500 1437542 1 0 0 13 -35 0 20 -38 18 22 59 101 98 25 20 14 10 11 31 35 45 55 16 7 12 5 
1452500 1452631 1 0 0 -52 -52 0 -64 -56 -64 -60 -7 114 113 25 20 13 10 11 27 35 45 55 16 11 10 5 
1461500 1461800 1 0 0 26 -20 0 30 -17 30 34 47 107 109 25 20 13 10 11 29 35 45 55 16 7 11 5 
1470000 1470026 1 0 0 -28 -33 0 -46 -37 -46 -42 -10 110 112 25 20 13 10 11 27 35 45 55 16 13 9 5 
1478000 1478079 1 0 0 -31 -79 0 -58 -92 -58 -54 34 108 110 25 20 13 10 11 27 35 45 55 16 10 9 5 
1499000 1499046 1 0 0 -16 -34 0 -15 -34 -14 -10 19 103 101 25 20 13 10 11 29 35 45 55 16 13 7 5 
1574500 1574752 1 -1 1 -71 -91 -55 -70 -92 -71 -67 21 126 127 25 20 13 10 11 26 35 45 55 16 2 9 5 
1606500 1606505 1 2 1 -196 -227 -181 -202 -234 -202 -198 31 146 146 25 20 12 10 11 26 35 45 55 16 17 19 5 
1718000 1718094 1 -3 1 -65 -72 -49 -64 -75 -65 -61 10 96 94 25 20 15 10 11 31 35 45 55 16 12 12 5 
1794500 1794599 1 0 0 -15 -30 0 -16 -30 -18 -14 14 83 83 25 20 14 10 11 31 35 45 55 16 11 11 5 
1945500 1945650 1 0 0 16 -14 0 16 -15 15 19 31 98 98 25 20 13 10 11 31 35 45 55 16 12 10 5 
2127500 2127665 1 0 0 6 -13 0 3 -16 2 6 18 86 86 25 20 13 10 11 31 35 45 55 16 11 11 5 
2243000 2243010 1 -1 1 -51 -60 -52 -55 -62 -55 -51 7 102 100 25 20 13 10 11 29 35 45 55 16 13 12 5 
2259500 2259522 1 2 1 -105 -94 -105 -107 -96 -106 -102 -9 117 115 25 20 13 10 11 27 35 45 55 16 15 11 5 
2263000 2263097 1 -3 1 -46 -78 -46 -37 -76 -37 -33 40 108 106 25 20 13 10 11 29 35 45 55 16 11 10 5 
2438500 2438602 1 0 0 -9 -9 0 -11 -11 -12 -8 0 91 92 25 20 13 10 11 31 35 45 55 16 12 11 5 
2758500 2758686 1 0 0 -5 -18 0 -4 -23 -4 0 19 84 81 25 20 15 10 12 32 35 45 55 16 11 10 5 
3324000 3324037 1 0 0 -1 -9 0 -4 -11 -4 0 8 91 91 25 20 15 10 13 33 35 45 55 16 12 12 5 
3430000 3430126 1 -1 1 -54 -45 -54 -61 -46 -62 -58 -16 101 101 25 20 15 10 13 31 35 45 55 16 7 4 5 
3444000 3444771 1 2 1 -110 -105 -109 -116 -131 -117 -113 13 115 115 25 20 15 10 13 29 35 45 55 16 3 5 5 
3450500 3450529 1 -3 1 -48 -97 -48 -56 -109 -58 -54 51 106 106 25 20 15 10 13 31 35 45 55 16 12 10 5 
3604500 3604517 1 -1 1 -51 -54 -51 -57 -53 -59 -55 -5 109 113 25 20 14 10 12 28 35 45 55 16 11 14 5 
3622500 3622535 1 2 1 -103 -94 -103 -104 -98 -106 -102 -7 121 122 25 20 14 10 12 27 35 45 55 16 16 16 5 
3644500 3644535 1 -3 1 -46 -80 -47 -44 -75 -45 -41 32 102 106 25 20 14 10 12 30 35 45 55 16 13 12 5 
3795500 3795595 1 0 0 1 -8 0 -1 -10 -2 2 9 86 85 25 20 14 10 12 32 35 45 55 16 11 11 5 
3964500 3964562 1 0 0 12 7 0 15 9 11 15 3 80 77 25 20 14 10 12 32 35 45 55 16 10 10 5 
3983000 3983034 1 0 0 5 -16 0 7 -18 5 9 24 96 98 25 20 14 10 12 32 35 45 55 16 11 11 5 
4035500 4035620 1 0 0 -3 -16 0 -3 -16 -4 0 13 91 93 25 20 14 10 12 32 35 45 55 16 9 12 5 
4084500 4084698 1 0 0 -6 -4 0 -5 -4 -5 -1 0 71 70 25 20 14 10 12 32 35 45 55 16 9 9 5 
4137000 4137076 1 0 0 16 13 0 15 12 14 18 2 78 77 25 20 14 10 12 32 35 45 55 16 10 10 5 
4191000 4191098 1 0 0 26 18 0 27 18 27 31 10 79 79 25 20 14 10 12 32 35 45 55 16 10 10 5 
4527500 4528046 1 0 0 23 -2 0 25 -1 23 27 25 81 82 25 20 14 10 12 32 35 45 55 16 5 9 5 
4571000 4571064 1 0 0 2 -4 0 1 -7 -1 3 7 93 97 25 20 14 10 12 32 35 45 55 16 11 12 5 
4680500 4680950 1 -1 1 -50 -51 -51 -41 -52 -43 -39 10 108 109 25 20 14 10 12 30 35 45 55 16 9 8 5 
4756500 4759327 1 2 1 -292 -258 -293 -184 -206 -185 -181 21 125 127 25 20 14 10 12 27 35 45 55 16 0 9 5 
5263500 5263647 1 -3 1 -48 -50 -47 -54 -43 -54 -50 -10 89 86 25 20 14 10 12 32 35 45 55 16 5 9 5 
5485000 5485138 1 0 0 -2 -25 0 0 -28 -1 3 28 81 81 25 20 14 10 13 33 35 45 55 16 11 10 5 
5668500 5668647 1 0 0 5 -6 0 5 -8 5 9 13 80 85 25 20 13 10 14 34 35 45 55 16 10 10 5 
5689500 5689900 1 0 0 6 -14 0 5 -15 4 8 20 71 72 25 20 13 10 14 34 35 45 55 16 8 9 5 
5781500 5781581 1 0 0 -20 -51 0 -22 -53 -23 -19 30 72 70 25 20 13 10 14 34 35 45 55 16 9 9 5 
5975000 5975043 1 0 0 42 2 0 37 -3 36 40 39 81 85 25 20 13 10 14 34 35 45 55 16 7 9 5 
6199500 6199659 1 0 0 6 -22 0 8 -19 7 11 28 76 73 25 20 14 10 12 32 35 45 55 16 10 9 5 
6209000 6209156 1 0 0 50 20 0 54 26 52 56 27 79 79 25 20 14 10 12 32 35 45 55 16 6 2 5 
6222000 6222097 1 0 0 -32 -28 0 -36 -33 -35 -31 -2 75 76 25 20 14 10 12 32 35 45 55 16 9 3 5 
6252000 6252013 1 0 0 2 -9 0 4 -9 4 8 15 75 74 25 20 14 10 12 32 35 45 55 16 8 9 5 
6326000 6326079 1 0 0 38 1 0 38 1 37 41 37 83 83 25 20 14 10 12 32 35 45 55 16 10 10 5 
6371000 6371129 1 0 0 32 1 0 28 -2 -13 30 28 91 90 25 20 13 10 12 32 35 45 55 16 12 12 5 
6424500 6424506 1 0 0 -12 -20 0 -12 -19 -13 -9 7 71 71 25 20 13 10 12 32 35 45 55 16 9 9 5 
6477000 6477120 1 0 0 2 -5 0 -3 -2 -3 1 -1 72 72 25 20 13 10 12 32 35 45 55 16 9 9 5 
6484500 6484618 1 0 0 70 46 0 68 45 66 70 21 71 70 25 20 13 10 12 32 35 45 55 16 8 9 5 
6497500 6497615 1 0 0 43 7 0 41 0 40 44 40 74 79 25 20 13 10 12 32 35 45 55 16 7 6 5 
6521000 6521176 1 0 0 52 47 0 50 44 49 53 5 78 83 25 20 13 10 12 32 35 45 55 16 8 10 5 
6562500 6562642 1 0 0 37 12 0 36 12 35 39 23 74 74 25 20 13 10 12 32 35 45 55 16 9 9 5 
7560500 7560655 1 0 0 -6 -9 0 -7 -10 -9 -5 2 84 83 25 20 14 10 12 32 35 45 55 16 11 11 5 
7708000 7708124 1 0 0 15 8 0 14 8 14 18 8 84 64 25 20 14 10 12 32 35 45 55 16 9 8 5 
7716000 7716149 1 0 0 5 1 0 2 -2 0 4 3 88 92 25 20 14 10 12 32 35 45 55 16 6 11 5 
7894500 7894685 1 0 0 25 21 0 25 21 24 28 4 78 79 25 20 14 10 12 32 35 45 55 16 10 10 5 
8050000 8050139 1 0 0 16 -10 0 16 -12 14 18 28 93 90 25 20 14 10 12 32 35 45 55 16 9 7 5 
8077000 8077112 1 0 0 2 -3 0 2 -2 2 6 4 78 74 25 20 14 10 12 32 35 45 55 16 9 9 5 
8163000 8163043 1 0 0 3 14 0 2 14 1 5 -14 71 71 25 20 14 10 12 32 35 45 55 16 9 9 5 
8399500 8399604 1 0 0 19 23 0 15 19 14 18 -5 77 77 25 20 17 10 12 32 35 45 55 16 9 9 5 
8409000 8409075 1 0 0 13 16 0 10 13 9 13 -3 71 68 25 20 17 10 12 32 35 45 55 16 9 9 5 
8444500 8444665 1 0 0 12 18 0 11 19 10 14 -7 71 69 25 20 17 10 12 32 35 45 55 16 9 9 5 
8566000 8566161 1 0 0 13 20 0 10 19 9 13 -11 74 74 25 20 15 10 12 32 35 45 55 16 9 9 5 
8802500 8802537 1 0 0 11 20 0 11 19 9 13 -8 77 75 25 20 17 10 12 32 35 45 55 16 10 9 5 
9012000 9012093 1 0 0 11 12 0 12 14 10 14 -3 70 69 25 20 15 10 14 34 35 45 55 16 9 9 5 
9102500 9102513 1 0 0 28 11 0 30 12 30 34 18 82 78 25 20 15 10 14 34 35 45 55 16 11 10 5 
9132500 9132629 1 0 0 -11 -15 0 -15 -19 -17 -13 4 89 89 25 20 15 10 14 34 35 45 55 16 12 10 5 
9189000 9189005 1 0 0 8 6 0 9 5 9 13 2 68 68 25 20 15 10 14 34 35 45 55 16 9 9 5 
9244000 9244154 1 0 0 22 24 0 20 21 18 22 -2 68 68 25 20 15 10 13 33 35 45 55 16 9 9 5 
9299500 9299587 1 0 0 9 -1 0 4 -1 4 8 6 78 76 25 20 15 10 13 33 35 45 55 16 10 10 5 
9556500 9556568 1 0 0 26 -2 0 29 -2 28 32 29 79 81 25 20 15 10 14 34 35 45 55 16 9 10 5 
9792000 9792074 1 0 0 6 -4 0 4 -6 2 6 8 68 66 25 20 15 10 14 34 35 45 55 16 9 9 5 
9905500 9905507 1 0 0 19 5 0 19 3 20 24 16 69 67 25 20 15 10 14 34 35 45 55 16 8 9 5 
10389000 10389082 1 0 0 9 8 0 9 7 7 11 2 70 72 25 20 15 10 14 34 35 45 55 16 9 9 5 
10883000 10883143 1 0 0 19 5 0 12 4 11 15 8 85 82 25 20 15 10 14 34 35 45 55 16 10 9 5 
10896000 10896208 1 0 0 1 -20 0 0 -21 -1 3 22 73 72 25 20 15 10 14 34 35 45 55 16 9 9 5 
11526000 11526136 1 0 0 38 29 0 40 30 39 43 10 77 77 25 20 15 10 14 34 35 45 55 16 9 10 5 
11775500 11775600 1 0 0 9 6 0 8 5 9 13 3 73 72 25 20 15 10 14 34 35 45 55 16 9 9 5 
12057500 12057692 1 0 0 27 14 0 26 13 25 29 11 70 70 25 20 15 10 14 34 35 45 55 16 9 9 5 
12195500 12195532 1 0 0 15 4 0 13 2 13 17 11 75 75 25 20 15 10 14 34 35 45 55 16 10 9 5 
12364500 12364652 1 0 0 27 9 0 30 11 29 33 20 77 79 25 20 15 10 14 34 35 45 55 16 10 10 5 
12553000 12553164 1 0 0 24 14 0 22 12 21 25 8 71 69 25 20 15 10 14 34 35 45 55 16 9 9 5 
12666000 12666175 1 0 0 34 17 0 30 14 29 33 16 72 68 25 20 15 10 14 34 35 45 55 16 9 9 5 
12695500 12695666 1 0 0 32 22 0 39 24 36 40 13 79 77 25 20 15 10 14 34 35 45 55 16 5 6 5 
12748000 12748101 1 0 0 -1 -40 0 2 -40 2 6 42 93 91 25 20 15 10 14 34 35 45 55 16 11 12 5 
12772000 12772159 1 0 0 -10 -19 0 -9 -19 -9 -5 10 74 71 25 20 15 10 14 34 35 45 55 16 9 9 5 
12796500 12796666 1 0 0 -18 -20 0 -20 -22 -21 -17 1 69 68 25 20 15 10 14 34 35 45 55 16 9 9 5 
12866000 12866202 1 0 0 1 -2 0 0 -3 0 4 4 67 67 25 20 15 10 14 34 35 45 55 16 8 9 5 
13210000 13210171 1 0 0 7 2 0 5 1 5 9 3 68 70 25 20 15 10 14 34 35 45 55 16 9 8 5 
13302500 13302586 1 0 0 18 13 0 15 12 15 19 4 72 73 25 20 15 10 14 34 35 45 55 16 9 9 5 
13744500 13744588 1 0 0 34 19 0 35 19 34 38 15 84 85 25 20 15 10 14 34 35 45 55 16 11 11 5 
13758500 13758619 1 0 0 12 -6 0 13 -7 12 16 20 74 71 25 20 15 10 14 34 35 45 55 16 9 9 5 
13814000 13814195 1 0 0 3 -2 0 2 -4 2 6 6 75 74 25 20 15 10 14 34 35 45 55 16 9 9 5 
13855000 13855176 1 0 0 21 13 0 20 11 19 23 9 71 70 25 20 15 10 14 34 35 45 55 16 9 9 5 
14007000 14007168 1 0 0 25 23 0 24 23 23 27 2 72 72 25 20 15 10 14 34 35 45 55 16 9 9 5 
14026000 14026136 1 0 0 10 -4 0 9 -6 6 10 14 70 69 25 20 15 10 14 34 35 45 55 16 9 9 5 
14086000 14086172 1 0 0 1 0 0 1 2 1 5 1 71 69 25 20 15 10 14 34 35 45 55 16 8 9 5 
14104500 14104545 1 0 0 25 12 0 25 11 24 28 14 69 71 25 20 15 10 14 34 35 45 55 16 9 9 5 
14239500 14239509 1 0 0 25 19 0 24 18 22 26 6 71 69 25 20 15 10 14 34 35 45 55 16 9 9 5 
14343500 14343686 1 0 0 43 29 0 42 29 41 45 13 77 77 25 20 15 10 14 34 35 45 55 16 10 10 5 
14372500 14372550 1 0 0 30 24 0 29 23 29 33 7 72 73 25 20 15 10 14 34 35 45 55 16 9 9 5 
14411500 14411614 1 0 0 40 29 0 39 27 41 45 14 79 81 25 20 15 10 14 34 35 45 55 16 10 10 5 
14467500 14467560 1 0 0 33 -27 0 21 -33 20 24 55 102 104 25 20 15 10 14 32 35 45 55 16 12 8 5 
14517500 14517672 1 0 0 -10 -16 0 -11 -18 -12 -8 6 77 75 25 20 15 10 14 34 35 45 55 16 10 10 5 
14601500 14601663 1 0 0 14 11 0 13 9 13 17 3 69 68 25 20 15 10 14 34 35 45 55 16 9 8 5 
14625500 14625650 1 0 0 17 14 0 16 13 17 21 4 70 70 25 20 15 10 14 34 35 45 55 16 9 9 5 
15141000 15141179 1 0 0 20 18 0 19 16 18 22 4 70 69 25 20 15 10 14 34 35 45 55 16 9 9 5 
15650000 15650090 1 0 0 22 14 0 21 13 20 24 7 71 76 25 20 15 10 14 34 35 45 55 16 9 8 5 
15674500 15674511 1 0 0 -9 -8 0 -10 -8 -10 -6 -2 73 72 25 20 15 10 14 34 35 45 55 16 9 9 5 
15714000 15714175 1 0 0 1 -2 0 1 -3 0 4 4 67 68 25 20 15 10 14 34 35 45 55 16 8 8 5 
15732500 15732503 1 0 0 26 22 0 25 22 25 29 4 69 65 25 20 15 10 14 34 35 45 55 16 9 8 5 
15801000 15801109 1 0 0 28 18 0 28 19 30 34 11 81 78 25 20 15 10 14 34 35 45 55 16 10 10 5 
15816000 15816025 1 0 0 9 0 0 10 0 9 13 10 70 73 25 20 15 10 14 34 35 45 55 16 9 9 5 
15894000 15894163 1 0 0 3 -4 0 2 -6 1 5 8 70 68 25 20 15 10 14 34 35 45 55 16 9 9 5 
16517500 16517616 1 0 0 27 30 0 25 29 24 28 -3 69 70 25 20 15 10 14 34 35 45 55 16 9 9 5 
16817500 16817631 1 0 0 33 21 0 31 20 31 35 12 87 91 25 20 15 10 14 34 35 45 55 16 10 12 5 
16891000 16891037 1 -1 1 -18 -50 -50 -20 -48 -21 -17 27 114 110 25 20 15 10 13 29 35 45 55 16 12 13 5 
16909000 16909333 1 2 1 -86 -80 -117 -87 -72 -88 -84 -15 115 118 25 20 15 10 13 29 35 45 55 16 7 11 5 
16993500 16993604 1 -3 1 -17 -48 -47 -21 -53 -22 -18 31 83 86 25 20 15 10 13 33 35 45 55 16 10 11 5 
17394000 17394027 1 0 0 25 0 0 27 2 28 32 27 88 86 25 20 13 10 14 34 35 45 55 16 9 11 5 
17631000 17631010 1 0 0 45 12 0 47 15 46 50 31 86 87 25 20 13 10 14 34 35 45 55 16 10 3 5 
17681000 17681138 1 0 0 33 -11 0 32 -13 31 35 45 90 88 25 20 13 10 14 34 35 45 55 16 11 11 5 
18108500 18108510 1 0 0 24 0 0 23 -1 21 25 24 76 78 25 20 13 10 14 34 35 45 55 16 9 10 5 
18339500 18339582 1 0 0 26 -11 0 25 -12 26 30 37 89 93 25 20 13 10 14 34 35 45 55 16 12 11 5 
18397500 18397551 1 0 0 25 -31 0 30 -29 30 34 60 97 90 25 20 13 10 14 34 35 45 55 16 13 12 5 
18427500 18427794 1 0 0 16 -35 0 9 -38 8 12 46 95 94 25 20 13 10 14 34 35 45 55 16 8 10 5 
18482500 18482598 1 0 0 96 27 0 96 26 94 98 70 95 93 25 20 13 10 14 34 35 45 55 16 12 12 5 
18522000 18522087 1 0 0 69 33 0 69 38 70 74 33 103 101 25 20 13 10 14 32 35 45 55 16 11 13 5 
18544500 18544577 1 0 0 14 -28 0 13 -27 11 15 39 110 111 25 20 13 10 14 30 35 45 55 16 12 13 5 
18585500 18585654 1 -1 1 -38 -68 -52 -43 -67 -45 -41 23 105 103 25 20 13 10 14 32 35 45 55 16 9 9 5 
18596000 18596061 1 2 1 -125 -135 -138 -127 -142 -127 -123 15 122 121 25 20 13 10 14 29 35 45 55 16 14 14 5 
18626500 18626638 1 -3 1 -37 -98 -50 -22 -96 -23 -19 73 109 107 25 20 13 10 14 32 35 45 55 16 13 13 5 
18634000 18634082 1 -1 1 -38 -86 -51 -52 -89 -52 -48 37 111 115 25 20 13 10 14 30 35 45 55 16 14 14 5 
19370000 19370020 1 2 1 -399 -418 -407 -401 -422 -400 -396 22 159 160 25 20 15 10 12 27 35 45 55 16 20 14 5 
20617500 20617520 1 -3 1 -45 -83 -47 -43 -80 -45 -41 39 116 115 25 20 13 10 14 30 35 45 55 16 7 12 5 
20731500 20731546 1 0 0 1 -46 0 3 -44 4 8 47 109 107 25 20 13 10 14 32 35 45 55 16 12 14 5 
20749000 20749075 1 -1 1 -53 -79 -53 -60 -87 -61 -57 27 122 123 25 20 14 10 14 29 35 45 55 16 16 14 5 
20889000 20889136 1 2 1 -478 -415 -478 -490 -424 -491 -487 -67 157 156 25 20 13 10 14 29 35 45 55 16 17 16 5 
21072500 21072568 1 -3 1 -52 -95 -50 -52 -95 -54 -50 44 103 103 25 20 13 10 14 32 35 45 55 16 13 13 5 
21258500 21258631 1 0 0 -3 -44 0 -3 -43 -2 2 42 102 102 25 20 13 10 14 32 35 45 55 16 13 13 5 
26000 26030 2 0 0 -4 -131 0 -11 -141 -10 16 129 104 103 25 20 14 10 11 31 35 45 55 16 12 12 5 
37500 37619 2 -1 1 -77 -130 -59 -96 -125 -96 -70 28 118 116 25 20 15 10 9 25 35 45 55 16 14 13 5 
40500 40705 2 2 1 -143 -195 -124 -164 -205 -163 -137 41 123 125 25 20 15 10 9 24 35 45 55 16 11 13 5 
49500 49620 2 -3 1 -66 -160 -48 -62 -160 -61 -35 99 116 115 25 20 15 10 9 25 35 45 55 16 13 10 5 
116000 116061 2 -1 1 -70 -127 -56 -74 -136 -74 -48 62 110 106 25 20 15 10 10 28 35 45 55 16 11 14 5 
201500 201621 2 2 1 -227 -286 -216 -256 -307 -254 -228 51 137 139 25 20 14 10 11 26 35 45 55 16 12 14 5 
220000 220009 2 -3 1 -52 -260 -43 -37 -253 -36 -10 218 131 130 25 20 14 10 11 26 35 45 55 16 10 17 5 
231500 231588 2 -1 1 -66 -197 -57 -65 -205 -65 -39 141 115 111 25 20 14 10 11 27 35 45 55 16 14 7 5 
235500 235987 2 2 1 -287 -253 -278 -242 -231 -241 -215 -11 115 117 25 20 14 10 11 27 35 45 55 16 3 5 5 
304500 304599 2 -3 1 -48 -174 -43 -16 -170 -15 11 154 99 99 25 20 14 10 11 31 35 45 55 16 13 10 5 
328500 328624 2 0 0 -29 -91 0 -27 -89 -26 0 62 92 93 25 20 13 10 11 29 35 45 55 16 11 10 5 
391000 391090 2 0 0 60 -75 -3 57 -75 57 83 132 96 91 25 20 14 10 11 31 35 45 55 16 12 12 5 
423000 423111 2 0 0 69 -89 0 65 -97 66 92 163 97 96 25 20 14 10 11 31 35 45 55 16 12 12 5 
445500 445736 2 0 0 -5 -83 0 -12 -84 -12 14 71 107 107 25 20 14 10 11 29 35 45 55 16 7 12 5 
485000 485151 2 -1 1 -57 -163 -52 -72 -164 -71 -45 92 121 123 25 20 14 10 11 26 35 45 55 16 13 13 5 
526500 526666 2 2 1 -284 -275 -279 -282 -274 -282 -256 -8 134 135 25 20 15 10 10 25 35 45 55 16 7 13 5 
846500 846637 2 -3 1 -51 -134 -49 -71 -141 -71 -45 70 98 101 25 20 14 10 10 28 35 45 55 16 13 12 5 
1051000 1051153 2 0 -1 0 -75 0 0 -76 -11 26 76 95 94 25 20 15 10 11 31 35 45 55 16 12 12 5 
1077500 1077698 2 0 0 60 -75 0 57 -75 57 83 132 96 96 25 20 14 10 11 31 35 45 55 16 12 12 5 
1093500 1093692 2 0 0 63 -42 0 52 -52 51 77 103 97 97 25 20 15 10 11 31 35 45 55 16 10 11 5 
1104000 1104032 2 0 0 44 -52 0 38 -55 38 64 92 97 99 25 20 15 10 11 31 35 45 55 16 11 12 5 
1114000 1114043 2 0 0 136 -3 0 137 4 138 164 132 100 105 25 20 15 10 11 29 35 45 55 16 11 11 5 
1118500 1118558 2 0 0 65 -51 0 46 -62 47 73 107 98 102 25 20 15 10 11 29 35 45 55 16 11 10 5 
1129500 1129525 2 0 0 75 -46 0 80 -45 80 106 124 92 93 25 20 15 10 11 31 35 45 55 16 11 12 5 
1150500 1150570 2 0 0 18 -45 0 16 -44 15 41 59 101 100 25 20 15 10 10 28 35 45 55 16 10 12 5 
1155500 1155608 2 0 0 -44 -99 0 -56 -106 -56 -30 50 109 112 25 20 15 10 10 26 35 45 55 16 14 11 5 
1175500 1175650 2 0 0 10 -80 0 0 -84 1 27 83 94 93 25 20 15 10 10 30 35 45 55 16 12 12 5 
1180500 1180607 2 0 0 -124 -171 0 -143 -182 -144 -118 38 104 106 25 20 15 10 10 28 35 45 55 16 8 11 5 
1187000 1187036 2 0 0 32 -72 0 28 -76 30 56 104 104 102 25 20 15 10 10 28 35 45 55 16 13 13 5 
1201000 1201044 2 0 0 2 -103 0 -7 -110 -6 20 105 109 110 25 20 15 10 10 26 35 45 55 16 14 13 5 
1207000 1207096 2 0 0 91 -47 0 114 -45 116 142 160 100 99 25 20 15 10 10 30 35 45 55 16 12 13 5 
1226000 1226071 2 0 0 89 -50 0 79 -59 80 106 138 94 95 25 20 15 10 10 30 35 45 55 16 12 12 5 
1270000 1270028 2 0 0 -7 -101 0 -19 -113 -18 8 94 102 102 25 20 15 10 10 28 35 45 55 16 10 13 5 
1292500 1292630 2 0 0 53 -55 0 52 -58 52 78 110 104 104 25 20 15 10 10 28 35 45 55 16 13 14 5 
1328500 1328532 2 0 0 79 -13 0 93 -6 95 121 99 112 111 25 20 14 10 11 27 35 45 55 16 15 11 5 
1333500 1333663 2 0 0 -100 -118 0 -134 -128 -134 -108 -6 111 111 25 20 13 10 11 27 35 45 55 16 13 9 5 
1372000 1372134 2 0 0 6 -86 0 12 -94 12 38 106 97 101 25 20 13 10 11 31 35 45 55 16 12 13 5 
1381000 1381130 2 0 0 -85 -125 0 -93 -134 -92 -66 41 99 101 25 20 14 10 11 29 35 45 55 16 13 13 5 
1392500 1392620 2 0 0 54 -23 0 50 -26 49 75 74 101 102 25 20 14 10 12 32 35 45 55 16 10 8 5 
1397000 1397098 2 0 0 11 -60 0 3 -62 3 29 64 99 103 25 20 14 10 11 29 35 45 55 16 12 12 5 
1431000 1431199 2 0 0 29 -75 0 25 -81 26 52 107 95 98 25 20 14 10 11 31 35 45 55 16 7 11 5 
1452500 1452631 2 0 0 -105 -119 0 -131 -134 -131 -105 2 114 113 25 20 13 10 11 27 35 45 55 16 11 10 5 
1461000 1461106 2 0 0 16 -68 16 18 -74 18 44 92 107 105 25 20 13 10 11 29 35 45 55 16 6 9 5 
1470000 1470026 2 0 0 -100 -118 -15 -134 -128 -134 -108 -6 110 112 25 20 13 10 11 27 35 45 55 16 13 9 5 
1478000 1478079 2 0 0 0 -124 0 -67 -150 -66 -40 83 108 110 25 20 13 10 11 27 35 45 55 16 10 9 5 
1481000 1481055 2 0 0 6 -86 36 12 -94 12 38 106 103 99 25 20 13 10 11 31 35 45 55 16 12 13 5 
1487500 1487616 2 0 0 -29 -91 -16 -27 -89 -26 0 62 105 106 25 20 13 10 11 29 35 45 55 16 11 10 5 
1556500 1557109 2 -1 1 -84 -102 -55 -99 -111 -97 -71 14 118 123 25 20 13 10 11 26 35 45 55 16 3 9 5 
1607000 1607019 2 2 1 -375 -439 -344 -380 -437 -378 -352 57 146 147 25 20 12 10 11 26 35 45 55 16 19 19 5 
1755500 1755643 2 -3 1 -83 -119 -50 -89 -123 -88 -62 33 88 86 25 20 15 10 11 31 35 45 55 16 11 11 5 
1810500 1810645 2 0 0 -34 -72 0 -39 -77 -40 -14 36 83 81 25 20 14 10 11 31 35 45 55 16 11 11 5 
1951500 1951526 2 0 0 27 -46 0 27 -47 26 52 74 97 94 25 20 13 10 11 31 35 45 55 16 13 12 5 
2118500 2118585 2 0 0 19 -38 0 13 -42 14 40 55 90 90 25 20 13 10 11 31 35 45 55 16 12 12 5 
2136500 2136534 2 -1 1 -36 -72 -55 -41 -73 -41 -15 34 111 113 25 20 13 10 11 27 35 45 55 16 14 15 5 
2140500 2140594 2 2 1 -84 -115 -102 -91 -121 -92 -66 29 114 114 25 20 13 10 11 27 35 45 55 16 15 15 5 
2154000 2154045 2 -3 1 -31 -110 -48 -25 -114 -25 1 89 109 108 25 20 13 10 11 29 35 45 55 16 14 14 5 
2164000 2164096 2 -1 1 -37 -98 -54 -40 -97 -42 -16 55 107 105 25 20 13 10 11 29 35 45 55 16 14 14 5 
2259000 2259009 2 2 1 -205 -211 -218 -199 -214 -198 -172 14 118 117 25 20 13 10 11 27 35 45 55 16 16 12 5 
2359000 2359023 2 -3 1 -39 -92 -48 -41 -96 -41 -15 53 90 90 25 20 13 10 11 31 35 45 55 16 12 11 5 
2467000 2467109 2 0 0 6 -49 0 5 -52 5 31 56 92 96 25 20 13 10 11 31 35 45 55 16 11 12 5 
2676000 2676099 2 0 0 31 -70 0 24 -74 24 50 97 91 91 25 20 15 10 12 32 35 45 55 16 12 12 5 
2682500 2682582 2 0 0 -71 -102 0 -75 -104 -73 -47 30 107 109 25 20 15 10 12 30 35 45 55 16 12 12 5 
2686500 2686622 2 0 0 -3 -72 0 -10 -74 -7 19 65 102 101 25 20 15 10 12 30 35 45 55 16 9 9 5 
2876000 2876106 2 0 0 31 -54 0 32 -56 33 59 88 92 94 25 20 15 10 13 33 35 45 55 16 11 11 5 
3047500 3047587 2 0 0 75 -33 0 74 -37 76 102 111 90 89 25 20 15 10 13 33 35 45 55 16 12 11 5 
3336000 3336107 2 0 0 41 -52 0 36 -57 37 63 93 91 90 25 20 15 10 13 33 35 45 55 16 12 12 5 
3341500 3341521 2 -1 1 -19 -115 -60 -35 -126 -34 -8 90 101 105 25 20 15 10 13 31 35 45 55 16 11 13 5 
3347500 3347591 2 2 1 -66 -111 -107 -78 -118 -78 -52 41 109 111 25 20 15 10 13 29 35 45 55 16 14 13 5 
3374000 3374023 2 -3 1 -8 -102 -48 -14 -104 -12 14 92 97 94 25 20 15 10 13 33 35 45 55 16 11 10 5 
3391000 3391065 2 -1 1 -12 -83 -52 -21 -90 -23 3 67 102 103 25 20 15 10 13 31 35 45 55 16 12 7 5 
3498500 3498679 2 2 1 -209 -263 -246 -227 -263 -225 -199 37 106 106 25 20 14 10 12 30 35 45 55 16 8 9 5 
3725000 3725122 2 -3 1 -17 -110 -49 -14 -109 -13 13 93 87 91 25 20 14 10 12 32 35 45 55 16 11 11 5 
3803000 3803056 2 0 0 31 -69 0 29 -71 31 57 100 86 86 25 20 14 10 12 32 35 45 55 16 11 11 5 
3967000 3967120 2 0 0 65 -36 0 55 -42 57 83 97 86 87 25 20 14 10 12 32 35 45 55 16 11 11 5 
3977500 3977631 2 0 0 -36 -81 0 -25 -80 -24 2 56 100 99 25 20 14 10 12 32 35 45 55 16 13 12 5 
4002000 4002102 2 0 0 -25 -99 0 -26 -100 -25 1 73 107 108 25 20 14 10 12 30 35 45 55 16 14 14 5 
4006500 4006527 2 0 0 42 -75 0 43 -82 43 69 125 103 103 25 20 14 10 12 30 35 45 55 16 9 13 5 
4017500 4017577 2 0 0 59 -67 0 59 -68 61 87 128 90 92 25 20 14 10 12 32 35 45 55 16 12 11 5 
4026000 4026154 2 0 0 5 -93 0 -6 -101 -7 19 93 89 90 25 20 14 10 12 32 35 45 55 16 11 11 5 
4034500 4034609 2 0 0 24 -55 0 19 -59 19 45 77 91 88 25 20 14 10 12 32 35 45 55 16 12 10 5 
4037500 4037547 2 0 0 51 -41 0 58 -46 59 85 104 88 90 25 20 14 10 12 32 35 45 55 16 12 11 5 
4046000 4046078 2 0 0 37 -49 0 37 -51 38 64 89 83 85 25 20 14 10 12 32 35 45 55 16 11 11 5 
4060000 4060659 2 0 0 -59 -97 0 -77 -104 -78 -52 26 96 96 25 20 14 10 12 32 35 45 55 16 8 7 5 
4066500 4066654 2 0 0 0 -51 0 -8 -53 -8 18 45 86 86 25 20 14 10 12 32 35 45 55 16 11 11 5 
4094500 4094631 2 0 0 7 -63 0 5 -65 5 31 69 74 76 25 20 14 10 12 32 35 45 55 16 10 9 5 
4098500 4098958 2 0 0 -24 -95 0 -29 -91 -27 -1 62 75 80 25 20 14 10 12 32 35 45 55 16 6 5 5 
4106000 4106164 2 0 0 26 -45 0 31 -43 32 58 73 79 75 25 20 14 10 12 32 35 45 55 16 10 10 5 
4180000 4180129 2 0 0 40 -38 0 37 -40 40 66 79 76 75 25 20 14 10 12 32 35 45 55 16 10 10 5 
4536500 4536607 2 0 0 54 -23 13 50 -26 49 75 74 81 80 25 20 14 10 12 32 35 45 55 16 10 8 5 
4556000 4556101 2 0 0 -2 -41 0 -5 -43 -4 22 38 91 90 25 20 14 10 12 32 35 45 55 16 11 12 5 
4632500 4632523 2 -1 1 -59 -99 -56 -51 -110 -49 -23 61 103 99 25 20 14 10 12 32 35 45 55 16 8 10 5 
4638000 4638116 2 2 1 -193 -191 -190 -211 -212 -209 -183 3 114 115 25 20 14 10 12 28 35 45 55 16 11 11 5 
4651000 4651046 2 -3 1 -46 -164 -43 -46 -160 -47 -21 115 101 103 25 20 14 10 12 30 35 45 55 16 13 12 5 
4659000 4659355 2 -1 1 -59 -171 -56 -79 -189 -77 -51 110 94 96 25 20 14 10 12 32 35 45 55 16 4 7 5 
4757000 4759327 2 2 1 -474 -434 -470 -440 -481 -439 -413 41 125 127 25 20 14 10 12 27 35 45 55 16 0 9 5 
5264500 5264509 2 -3 1 -50 -100 -43 -29 -102 -27 -1 74 89 88 25 20 14 10 12 32 35 45 55 16 5 11 5 
5318000 5318086 2 0 0 -7 -100 0 -18 -108 -18 8 90 86 79 25 20 14 10 12 32 35 45 55 16 11 11 5 
5358000 5358078 2 0 0 29 -90 0 34 -91 36 62 127 90 90 25 20 14 10 12 32 35 45 55 16 9 11 5 
5367000 5367061 2 0 0 -79 -62 0 -74 -97 -74 -48 23 98 96 25 20 14 10 12 32 35 45 55 16 4 8 5 
5373500 5373627 2 0 0 -4 -79 0 -5 -80 -4 22 75 92 93 25 20 14 10 12 32 35 45 55 16 12 12 5 
5455500 5455660 2 0 0 -15 -78 0 -7 -71 -7 19 63 84 82 25 20 14 10 13 33 35 45 55 16 10 9 5 
5464500 5464500 2 0 0 -118 -138 0 -133 -151 -131 -105 18 88 87 25 20 14 10 13 33 35 45 55 16 4 7 5 
5471000 5471073 2 0 0 -19 -58 0 -13 -70 -12 14 57 86 82 25 20 14 10 13 33 35 45 55 16 11 11 5 
5495500 5495627 2 0 0 15 -58 0 13 -59 13 39 72 81 82 25 20 13 10 13 33 35 45 55 16 10 10 5 
5598500 5598679 2 0 0 36 -36 0 33 -32 33 59 65 83 80 25 20 13 10 14 34 35 45 55 16 10 10 5 
5679000 5679019 2 0 0 -2 -45 0 -12 -50 -11 15 39 70 68 25 20 13 10 14 34 35 45 55 16 9 9 5 
5704000 5704124 2 0 0 36 -41 0 26 -54 25 51 79 97 99 25 20 13 10 14 34 35 45 55 16 11 6 5 
5712500 5712539 2 0 0 -81 -106 0 -88 -112 -88 -62 24 103 103 25 20 13 10 14 32 35 45 55 16 11 13 5 
5721500 5721564 2 0 0 24 -69 0 35 -63 36 62 98 101 102 25 20 13 10 14 32 35 45 55 16 11 8 5 
5728000 5728151 2 0 0 -17 -106 0 -27 -112 -28 -2 83 97 96 25 20 13 10 14 34 35 45 55 16 12 11 5 
5732000 5732008 2 0 0 48 -36 0 68 -32 69 95 102 99 99 25 20 13 10 14 34 35 45 55 16 6 10 5 
5736000 5736102 2 0 0 -15 -69 0 -21 -69 -22 4 48 95 95 25 20 13 10 14 34 35 45 55 16 11 12 5 
5749500 5749505 2 0 0 41 -1 0 38 -6 37 63 43 93 95 25 20 15 10 14 34 35 45 55 16 9 9 5 
5757500 5758256 2 0 0 -25 -91 0 -42 -83 -40 -14 41 84 84 25 20 13 10 14 34 35 45 55 16 4 9 5 
5761500 5762036 2 0 0 46 -48 13 48 -56 49 75 104 85 86 25 20 13 10 14 34 35 45 55 16 4 11 5 
5767500 5767517 2 0 0 23 -68 0 24 -67 25 51 90 83 83 25 20 13 10 14 34 35 45 55 16 11 10 5 
5772000 5772114 2 0 0 -38 -100 -5 -47 -106 -47 -21 58 76 77 25 20 13 10 14 34 35 45 55 16 10 10 5 
5795000 5795081 2 0 0 13 -76 0 16 -80 16 42 96 78 72 25 20 13 10 14 34 35 45 55 16 6 7 5 
5799000 5800917 2 0 0 -62 -71 0 -65 -95 -66 -40 30 85 87 25 20 13 10 14 34 35 45 55 16 0 6 5 
5814500 5814593 2 0 0 16 -52 0 19 -53 20 46 72 89 88 25 20 13 10 14 34 35 45 55 16 9 12 5 
5825500 5825523 2 0 0 26 -73 0 22 -70 23 49 91 84 84 25 20 13 10 14 34 35 45 55 16 4 7 5 
5833000 5833127 2 0 0 -44 -64 0 -57 -74 -56 -30 16 83 81 25 20 13 10 14 34 35 45 55 16 10 11 5 
5839000 5839124 2 0 0 50 -3 0 54 -6 54 80 60 82 82 25 20 15 10 14 34 35 45 55 16 6 3 5 
5846500 5846646 2 0 0 -21 -104 0 -22 -106 -21 5 86 78 82 25 20 15 10 14 34 35 45 55 16 11 12 5 
5867500 5867655 2 0 0 -18 -99 0 -17 -102 -16 10 85 82 82 25 20 15 10 14 34 35 45 55 16 12 11 5 
5885500 5885552 2 0 0 41 -40 0 31 -46 32 58 78 66 65 25 20 13 10 14 34 35 45 55 16 8 8 5 
5891000 5891059 2 0 0 -59 -111 -26 -75 -123 -74 -48 48 79 82 25 20 13 10 14 34 35 45 55 16 6 10 5 
5910000 5910109 2 0 0 5 -56 0 3 -58 5 31 62 82 81 25 20 13 10 14 34 35 45 55 16 10 10 5 
5926000 5926125 2 0 0 22 -26 0 20 -27 20 46 47 77 81 25 20 13 10 14 34 35 45 55 16 10 9 5 
5985000 5985121 2 0 0 53 -28 0 48 -37 49 75 85 81 80 25 20 13 10 14 34 35 45 55 16 10 10 5 
6012000 6012122 2 0 0 54 -25 0 47 -31 47 73 78 81 82 25 20 13 10 14 34 35 45 55 16 10 9 5 
6026000 6026095 2 0 0 78 -9 0 81 -6 81 107 86 85 86 25 20 13 10 14 34 35 45 55 16 11 9 5 
6034500 6035840 2 0 0 19 -41 0 -1 -16 0 26 16 93 93 25 20 13 10 14 34 35 45 55 16 0 8 5 
6055000 6055122 2 0 0 -1 -35 0 -10 -46 -10 16 35 83 83 25 20 13 10 13 33 35 45 55 16 10 11 5 
6066500 6066510 2 0 0 87 11 0 84 10 83 109 74 82 81 25 20 13 10 13 33 35 45 55 16 9 10 5 
6093500 6093578 2 0 0 44 -32 0 38 -41 38 64 80 80 80 25 20 13 10 13 33 35 45 55 16 10 9 5 
6109500 6109675 2 0 0 59 -23 0 67 -22 68 94 89 79 80 25 20 14 10 13 33 35 45 55 16 10 9 5 
6164000 6164042 2 0 0 52 -38 0 31 -41 32 58 74 80 74 25 20 14 10 13 33 35 45 55 16 11 10 5 
6196500 6196566 2 0 0 47 -2 0 40 -9 40 66 49 78 77 25 20 15 10 14 34 35 45 55 16 10 10 5 
6210000 6210517 2 0 0 69 2 0 61 -22 62 88 83 79 75 25 20 14 10 12 32 35 45 55 16 5 5 5 
6221500 6221683 2 0 0 -28 -53 0 -30 -59 -31 -5 28 76 71 25 20 14 10 12 32 35 45 55 16 9 4 5 
6248000 6248065 2 0 0 -8 -52 0 -12 -62 -12 14 49 78 80 25 20 14 10 12 32 35 45 55 16 7 8 5 
6274000 6274150 2 0 0 2 -86 0 -2 -88 -3 23 85 81 87 25 20 13 10 14 32 35 45 55 16 14 14 5 
6280000 6280159 2 0 0 56 -22 0 56 -31 57 83 88 83 82 25 20 14 10 12 32 35 45 55 16 10 11 5 
6284000 6284114 2 0 0 49 -31 0 42 -34 43 69 77 84 85 25 20 14 10 12 32 35 45 55 16 11 11 5 
6289500 6289531 2 0 0 -10 -58 0 -15 -64 -13 13 49 83 85 25 20 14 10 12 32 35 45 55 16 10 8 5 
6294000 6294017 2 0 0 70 -8 0 76 -4 76 102 80 83 84 25 20 14 10 12 32 35 45 55 16 7 9 5 
6307000 6307134 2 0 0 -27 -62 0 -43 -71 -44 -18 27 80 78 25 20 14 10 12 32 35 45 55 16 8 10 5 
6320000 6320021 2 0 0 79 -10 0 77 -11 78 104 88 82 82 25 20 14 10 12 32 35 45 55 16 11 8 5 
6373500 6373621 2 0 0 40 -22 0 48 -14 50 76 64 91 90 25 20 13 10 12 32 35 45 55 16 11 7 5 
6421500 6421563 2 0 0 -36 -73 0 -42 -78 -41 -15 37 71 72 25 20 13 10 12 32 35 45 55 16 9 9 5 
6478500 6478535 2 0 0 -19 -64 0 -13 -68 -11 15 55 73 76 25 20 13 10 12 32 35 45 55 16 9 5 5 
6483500 6483568 2 0 0 78 10 0 86 27 87 113 59 72 72 25 20 13 10 12 32 35 45 55 16 6 9 5 
6496500 6496607 2 0 0 10 -33 0 -3 -58 -3 23 54 73 72 25 20 13 10 12 32 35 45 55 16 9 7 5 
6521000 6521176 2 0 0 21 12 0 12 5 12 38 6 78 83 25 20 13 10 12 32 35 45 55 16 8 10 5 
6554500 6554579 2 0 0 36 3 0 33 0 33 59 33 75 74 25 20 13 10 12 32 35 45 55 16 9 9 5 
6640000 6640129 2 -1 1 -17 -65 -51 -38 -74 -37 -11 37 90 88 25 20 14 10 12 32 35 45 55 16 11 12 5 
6644000 6644036 2 2 1 -60 -102 -93 -59 -104 -58 -32 45 104 104 25 20 14 10 12 30 35 45 55 16 14 11 5 
6652000 6652141 2 -3 1 -16 -97 -49 -62 -107 -62 -36 45 97 100 25 20 14 10 12 30 35 45 55 16 11 11 5 
6722500 6722656 2 -1 1 82 -9 51 68 -17 69 95 85 92 91 25 20 12 10 14 34 35 45 55 16 8 4 5 
6745500 6745963 2 2 1 -106 -136 -135 -101 -115 -101 -75 13 93 89 25 20 12 10 14 34 35 45 55 16 6 7 5 
6749000 6749191 2 -3 1 -20 -76 -50 -45 -75 -45 -19 29 93 90 25 20 12 10 14 34 35 45 55 16 6 5 5 
6766000 6766040 2 -1 1 -25 -81 -53 -34 -87 -32 -6 55 112 112 25 20 11 10 15 31 35 45 55 16 7 14 5 
6774000 6774239 2 2 1 -1 -100 -121 -7 -103 -5 21 97 112 114 25 20 13 10 14 34 35 45 55 16 8 10 5 
6787500 6787632 2 -3 1 25 -64 49 23 -69 23 49 91 95 99 25 20 13 10 14 34 35 45 55 16 11 11 5 
6917500 6919510 2 -1 1 -30 -109 -53 -87 -124 -86 -60 36 93 95 25 20 14 10 12 32 35 45 55 16 0 9 5 
6955000 6955008 2 2 1 -101 -129 -122 -105 -138 -106 -80 31 100 103 25 20 14 10 12 30 35 45 55 16 9 11 5 
6988000 6988494 2 -3 1 -28 -79 -48 -11 -51 -11 15 40 93 98 25 20 14 10 12 32 35 45 55 16 3 5 5 
6996500 6996632 2 -1 1 -34 -113 -54 -10 -93 -10 16 83 89 94 25 20 14 10 12 32 35 45 55 16 11 6 5 
7013000 7013212 2 2 1 -111 -212 -131 -156 -281 -154 -128 126 94 96 25 20 14 10 12 32 35 45 55 16 5 1 5 
7017500 7017615 2 -3 1 -28 -101 -47 -35 -106 -36 -10 68 90 87 25 20 14 10 12 32 35 45 55 16 9 6 5 
7310500 7310532 2 -1 1 -44 -64 -52 -54 -69 -55 -29 15 90 97 25 20 15 10 13 33 35 45 55 16 11 11 5 
7372500 7372584 2 2 1 -164 -202 -170 -180 -208 -179 -153 28 116 115 25 20 15 10 13 29 35 45 55 16 14 8 5 
7480000 7480153 2 -3 1 -46 -84 -48 -60 -96 -59 -33 35 81 80 25 20 14 10 12 32 35 45 55 16 10 11 5 
7551000 7551129 2 0 0 -1 -36 0 -7 -41 -7 19 34 83 84 25 20 14 10 12 32 35 45 55 16 11 11 5 
7708500 7708553 2 0 0 10 -33 0 1 -37 0 26 37 84 80 25 20 14 10 12 32 35 45 55 16 8 9 5 
7725500 7726101 2 0 0 0 -63 0 -1 -66 1 27 65 94 98 25 20 14 10 12 32 35 45 55 16 5 11 5 
7977000 7977105 2 0 0 29 -1 0 25 -3 25 51 27 78 73 25 20 14 10 12 32 35 45 55 16 10 10 5 
8052500 8052622 2 -1 1 -21 -71 -53 -29 -75 -29 -3 45 101 104 25 20 14 10 12 30 35 45 55 16 10 13 5 
8060500 8060573 2 2 1 -99 -145 -132 -109 -145 -109 -83 37 103 105 25 20 14 10 12 30 35 45 55 16 11 11 5 
8068500 8068580 2 -3 1 -16 -93 -49 -23 -105 -23 3 80 89 87 25 20 14 10 12 32 35 45 55 16 11 11 5 
8192500 8192545 2 0 0 38 -2 0 35 -7 36 62 42 77 75 25 20 14 10 12 32 35 45 55 16 10 9 5 
8393000 8393116 2 0 0 42 2 0 26 -13 26 52 37 76 73 25 20 17 10 12 32 35 45 55 16 9 10 5 
8404500 8404586 2 0 0 125 48 0 128 49 129 155 79 74 80 25 20 17 10 12 32 35 45 55 16 9 10 5 
8409000 8409075 2 0 0 21 -18 0 10 -28 12 38 38 71 68 25 20 17 10 12 32 35 45 55 16 9 9 5 
8417000 8417138 2 0 0 42 -6 0 36 -13 37 63 49 70 72 25 20 17 10 12 32 35 45 55 16 9 9 5 
8438000 8438058 2 0 0 36 -8 0 34 -12 34 60 46 70 69 25 20 17 10 12 32 35 45 55 16 9 9 5 
8567500 8567609 2 0 0 28 -7 0 26 -11 26 52 35 74 73 25 20 15 10 12 32 35 45 55 16 9 10 5 
8800000 8800040 2 0 0 35 7 0 31 2 32 58 29 80 82 25 20 17 10 12 32 35 45 55 16 11 10 5 
8810000 8810142 2 -1 1 -21 -51 -55 -33 -57 -33 -7 22 91 91 25 20 17 10 12 32 35 45 55 16 10 10 5 
8823500 8823551 2 2 1 -97 -118 -130 -105 -119 -105 -79 13 97 96 25 20 16 10 13 33 35 45 55 16 5 13 5 
8861000 8861092 2 -3 1 -17 -84 -47 -14 -84 -14 12 69 91 91 25 20 15 10 14 34 35 45 55 16 10 11 5 
9011000 9011014 2 0 0 19 -22 0 15 -25 15 41 39 70 71 25 20 15 10 14 34 35 45 55 16 9 9 5 
9100000 9100149 2 0 0 30 -17 0 21 -22 20 46 43 83 78 25 20 15 10 14 34 35 45 55 16 11 11 5 
9133500 9133652 2 0 0 6 -52 0 6 -55 7 33 62 87 90 25 20 15 10 14 34 35 45 55 16 10 11 5 
9255500 9255628 2 0 0 18 -9 73 23 -7 22 48 29 71 67 25 20 15 10 13 33 35 45 55 16 8 8 5 
9258500 9258572 2 -1 1 -39 -44 -58 -33 -44 -33 -7 10 81 84 25 20 15 10 13 33 35 45 55 16 7 10 5 
9268000 9268097 2 2 1 -177 -157 -198 -191 -169 -190 -164 -21 107 106 25 20 15 10 13 31 35 45 55 16 14 12 5 
9286500 9286590 2 -3 1 -22 -108 -46 -28 -118 -27 -1 90 92 97 25 20 15 10 13 33 35 45 55 16 10 11 5 
9297500 9297510 2 0 0 26 -69 0 22 -81 23 49 104 81 87 25 20 15 10 13 33 35 45 55 16 8 10 5 
9353000 9353013 2 0 0 -9 -45 0 -10 -49 -10 16 38 68 66 25 20 15 10 14 34 35 45 55 16 9 9 5 
9552000 9552007 2 0 0 49 -12 0 51 -12 51 77 63 80 75 25 20 15 10 14 34 35 45 55 16 8 9 5 
9570500 9570765 2 -1 1 -6 -87 -51 -11 -99 -11 15 87 91 89 25 20 15 10 14 34 35 45 55 16 9 11 5 
9576500 9576641 2 2 1 -81 -107 -126 -92 -115 -92 -66 22 99 99 25 20 15 10 14 34 35 45 55 16 12 12 5 
9618500 9618644 2 -3 1 -11 -57 -49 -15 -63 -13 13 50 82 87 25 20 15 10 13 33 35 45 55 16 7 5 5 
9680500 9680577 2 -1 1 -26 -59 -53 -28 -55 -28 -2 26 91 91 25 20 15 10 13 33 35 45 55 16 11 7 5 
9702000 9702167 2 2 1 -114 -160 -138 -103 -149 -102 -76 46 92 93 25 20 15 10 13 33 35 45 55 16 6 2 5 
9705000 9705914 2 -3 1 -25 -78 -48 61 12 62 88 50 93 98 25 20 15 10 13 33 35 45 55 16 0 6 5 
9794500 9794506 2 0 0 8 -38 0 1 -42 1 27 44 67 68 25 20 15 10 14 34 35 45 55 16 9 8 5 
9894500 9894817 2 0 0 51 -8 0 41 -15 42 68 56 84 82 25 20 15 10 14 34 35 45 55 16 9 11 5 
10092500 10092610 2 0 0 41 -11 0 37 -14 37 63 51 69 70 25 20 15 10 14 34 35 45 55 16 9 9 5 
10439500 10439710 2 0 0 15 -24 0 10 -29 11 37 39 68 69 25 20 15 10 14 34 35 45 55 16 9 9 5 
10724500 10724629 2 0 0 16 -20 0 7 -28 7 33 34 73 68 25 20 15 10 14 34 35 45 55 16 10 9 5 
10881000 10881018 2 0 0 18 -24 0 20 -20 20 46 40 79 76 25 20 15 10 14 34 35 45 55 16 10 10 5 
10896000 10896208 2 0 0 -23 -77 0 -26 -81 -25 1 55 73 72 25 20 15 10 14 34 35 45 55 16 9 9 5 
11114500 11114550 2 0 0 29 -16 0 30 -17 30 56 46 67 67 25 20 15 10 14 34 35 45 55 16 8 8 5 
11527000 11527099 2 0 0 49 -1 0 52 -4 52 78 55 79 75 25 20 15 10 14 34 35 45 55 16 10 10 5 
11781000 11781153 2 0 0 45 -3 0 41 -7 40 66 47 72 71 25 20 15 10 14 34 35 45 55 16 9 9 5 
12063500 12063649 2 0 0 40 -4 0 35 -5 36 62 41 71 70 25 20 15 10 14 34 35 45 55 16 9 9 5 
12380000 12380132 2 0 0 45 -4 0 39 -11 40 66 48 71 68 25 20 15 10 14 34 35 45 55 16 9 9 5 
12553000 12553164 2 0 0 41 -1 22 38 -6 37 63 43 71 69 25 20 15 10 14 34 35 45 55 16 9 9 5 
12682000 12682094 2 0 0 38 -1 0 39 -2 40 66 42 68 65 25 20 15 10 14 34 35 45 55 16 8 9 5 
12697500 12697804 2 0 0 50 -3 0 54 -6 54 80 60 82 77 25 20 15 10 14 34 35 45 55 16 6 3 5 
12704000 12704113 2 -1 1 -12 -63 -53 -34 -74 -33 -7 41 97 101 25 20 15 10 14 32 35 45 55 16 12 12 5 
12726000 12726121 2 2 1 -78 -136 -89 -82 -142 -80 -54 61 112 111 25 20 15 10 14 30 35 45 55 16 14 15 5 
12739500 12739509 2 -3 1 -57 -143 -48 -61 -160 -61 -35 99 109 100 25 20 15 10 14 32 35 45 55 16 14 7 5 
12748000 12748101 2 0 0 -21 -104 -2 -22 -106 -21 5 86 93 91 25 20 15 10 14 34 35 45 55 16 11 12 5 
12771000 12771129 2 0 0 -38 -85 0 -45 -91 -44 -18 46 74 73 25 20 15 10 14 34 35 45 55 16 10 9 5 
12794000 12794058 2 0 0 -58 -85 3 -62 -89 -60 -34 29 69 70 25 20 15 10 14 34 35 45 55 16 9 9 5 
12890000 12890154 2 0 0 -4 -34 0 -6 -38 -6 20 33 69 70 25 20 15 10 14 34 35 45 55 16 9 9 5 
13213500 13213651 2 0 0 -21 -49 0 -28 -56 -26 0 29 70 68 25 20 15 10 14 34 35 45 55 16 9 9 5 
13304500 13304681 2 0 0 19 -16 0 13 -22 15 41 35 72 71 25 20 15 10 14 34 35 45 55 16 9 9 5 
13744500 13744588 2 0 0 60 7 0 57 6 58 84 53 84 85 25 20 15 10 14 34 35 45 55 16 11 11 5 
13752000 13752111 2 0 0 -28 -60 0 -43 -68 -43 -17 25 99 101 25 20 15 10 14 32 35 45 55 16 9 12 5 
13759500 13759646 2 0 0 3 -47 0 -3 -54 -3 23 51 74 75 25 20 15 10 14 34 35 45 55 16 9 9 5 
13820000 13820013 2 0 0 -8 -41 0 -13 -45 -12 14 33 78 78 25 20 15 10 14 34 35 45 55 16 10 10 5 
13827500 13827526 2 0 0 59 -17 0 62 -19 62 88 81 92 93 25 20 15 10 14 34 35 45 55 16 7 11 5 
14014500 14014574 2 0 0 47 5 0 45 4 46 72 41 73 71 25 20 15 10 14 34 35 45 55 16 9 9 5 
14025500 14025510 2 0 0 5 -43 0 -1 -48 -2 24 45 71 72 25 20 15 10 14 34 35 45 55 16 9 9 5 
14090000 14090307 2 0 0 -25 -28 0 -29 -28 -29 -3 -1 90 97 25 20 15 10 14 34 35 45 55 16 5 8 5 
14102500 14102549 2 0 0 37 -20 0 39 -23 38 64 60 67 68 25 20 15 10 14 34 35 45 55 16 8 9 5 
14203500 14203659 2 0 0 13 -12 0 11 -13 12 38 24 70 67 25 20 15 10 14 34 35 45 55 16 9 9 5 
14342500 14342531 2 0 0 49 2 0 49 -4 47 73 51 76 77 25 20 15 10 14 34 35 45 55 16 9 10 5 
14370000 14370197 2 0 0 18 -13 0 12 -17 12 38 29 72 69 25 20 15 10 14 34 35 45 55 16 9 9 5 
14411000 14411054 2 0 0 47 -2 4 40 -9 40 66 49 79 79 25 20 15 10 14 34 35 45 55 16 10 10 5 
14423000 14423052 2 -1 1 -7 -66 -54 -30 -75 -29 -3 44 99 104 25 20 15 10 14 32 35 45 55 16 11 13 5 
14438000 14438012 2 2 1 -82 -97 -129 -93 -109 -92 -66 17 109 111 25 20 15 10 14 30 35 45 55 16 14 12 5 
14459000 14459038 2 -3 1 0 -85 -48 -6 -93 -6 20 87 104 101 25 20 15 10 14 32 35 45 55 16 14 13 5 
14467500 14467560 2 0 0 48 -78 0 26 -90 27 53 116 102 104 25 20 15 10 14 32 35 45 55 16 12 8 5 
14516000 14516022 2 0 0 -38 -93 -44 -42 -99 -41 -15 56 76 77 25 20 15 10 14 34 35 45 55 16 9 10 5 
14603000 14603218 2 0 0 9 -40 0 5 -44 6 32 49 68 66 25 20 15 10 14 34 35 45 55 16 8 9 5 
14671500 14671633 2 0 0 38 -20 0 32 -25 33 59 57 73 74 25 20 15 10 14 34 35 45 55 16 9 9 5 
15072500 15072671 2 0 0 20 -15 0 17 -20 19 45 37 71 72 25 20 15 10 14 34 35 45 55 16 9 9 5 
15374500 15374528 2 0 0 29 -17 0 24 -21 23 49 44 69 69 25 20 15 10 14 34 35 45 55 16 9 9 5 
15657500 15657619 2 0 0 22 -19 0 18 -24 19 45 42 68 68 25 20 15 10 14 34 35 45 55 16 9 9 5 
15677500 15677707 2 0 0 -40 -67 0 -37 -67 -37 -11 29 70 74 25 20 15 10 14 34 35 45 55 16 9 9 5 
15716000 15716198 2 0 0 -42 -57 0 -48 -62 -48 -22 13 69 67 25 20 15 10 14 34 35 45 55 16 8 9 5 
15735500 15735625 2 0 0 17 -26 0 12 -30 12 38 41 69 68 25 20 15 10 14 34 35 45 55 16 9 9 5 
15799500 15799647 2 0 0 34 -10 0 30 -12 32 58 43 82 83 25 20 15 10 14 34 35 45 55 16 10 10 5 
15813500 15813597 2 0 0 -3 -48 0 -3 -52 -2 24 48 68 68 25 20 15 10 14 34 35 45 55 16 8 8 5 
15981000 15981057 2 0 0 -22 -51 0 -25 -56 -24 2 31 70 74 25 20 15 10 14 34 35 45 55 16 9 9 5 
16292500 16292510 2 0 0 16 -14 0 10 -20 10 36 29 69 69 25 20 15 10 14 34 35 45 55 16 9 9 5 
16577500 16577603 2 0 0 42 2 0 36 -2 37 63 39 69 68 25 20 15 10 14 34 35 45 55 16 9 8 5 
16828500 16828510 2 0 0 44 1 0 41 -3 41 67 44 86 84 25 20 15 10 14 34 35 45 55 16 11 11 5 
16851000 16851068 2 -1 1 -8 -65 -51 -23 -72 -23 3 48 99 101 25 20 15 10 14 32 35 45 55 16 12 13 5 
16909000 16909333 2 2 1 -163 -177 -203 -168 -176 -167 -141 8 115 118 25 20 15 10 13 29 35 45 55 16 7 11 5 
17203500 17203645 2 -3 1 -22 -105 -49 -20 -109 -17 9 89 92 86 25 20 13 10 14 34 35 45 55 16 12 11 5 
17426000 17426123 2 0 0 17 -47 0 11 -56 12 38 67 85 91 25 20 13 10 14 34 35 45 55 16 8 11 5 
17650000 17650064 2 -1 1 -31 -70 -51 -36 -75 -35 -9 40 101 106 25 20 13 10 14 32 35 45 55 16 12 13 5 
17656500 17657100 2 2 1 -88 -114 -108 -93 -132 -94 -68 38 112 115 25 20 13 10 14 30 35 45 55 16 3 12 5 
17665000 17665124 2 -3 1 -23 -116 -43 -26 -117 -27 -1 91 105 101 25 20 13 10 14 32 35 45 55 16 11 13 5 
17750000 17750077 2 0 0 21 -54 0 18 -53 17 43 71 83 81 25 20 13 10 14 34 35 45 55 16 11 10 5 
18102000 18102182 2 0 0 -1 -63 0 2 -64 3 29 68 78 75 25 20 13 10 14 34 35 45 55 16 10 10 5 
18343000 18343004 2 0 0 25 -67 0 16 -71 17 43 87 85 82 25 20 13 10 14 34 35 45 55 16 11 11 5 
18399500 18399577 2 0 0 2 -86 17 2 -91 2 28 92 97 99 25 20 13 10 14 34 35 45 55 16 12 12 5 
18427500 18427794 2 0 0 -1 -100 8 -7 -103 -5 21 97 95 94 25 20 13 10 14 34 35 45 55 16 8 10 5 
18483500 18483554 2 0 0 151 6 0 152 2 155 181 152 95 95 25 20 13 10 14 34 35 45 55 16 12 12 5 
18524500 18524522 2 0 0 90 1 0 86 1 86 112 84 105 106 25 20 13 10 14 32 35 45 55 16 14 14 5 
18557000 18557135 2 0 0 2 -86 9 -2 -88 -3 23 85 108 105 25 20 13 10 14 32 35 45 55 16 14 14 5 
18584500 18584784 2 -1 1 -49 -115 -52 -57 -124 -57 -31 67 105 103 25 20 13 10 14 32 35 45 55 16 8 11 5 
19370500 19370676 2 2 1 -679 -753 -681 -694 -759 -694 -668 66 160 161 25 20 15 10 12 27 35 45 55 16 18 12 5 
20060000 20060000 2 -3 1 -47 -167 -49 -40 -168 -39 -13 128 120 119 25 20 13 10 14 30 35 45 55 16 15 15 5 
20069500 20069623 2 -1 1 -51 -181 -53 -60 -191 -60 -34 130 117 116 25 20 13 10 14 30 35 45 55 16 15 15 5 
20226500 20226569 2 2 1 -406 -506 -407 -418 -505 -416 -390 88 158 158 25 20 13 10 14 29 35 45 55 16 17 13 5 
20617000 20617013 2 -3 1 -46 -157 -48 -46 -149 -44 -18 103 117 121 25 20 13 10 14 29 35 45 55 16 3 15 5 
20662000 20662031 2 0 0 2 -129 0 0 -127 0 26 126 106 107 25 20 13 10 14 32 35 45 55 16 14 14 5 
20748000 20748100 2 -1 1 -57 -139 -59 -53 -137 -53 -27 84 122 123 25 20 13 10 14 29 35 45 55 16 15 15 5 
20891000 20891047 2 2 1 -880 -785 -884 -890 -798 -890 -864 -93 157 158 25 20 13 10 14 29 35 45 55 16 16 20 5 
21084500 21084563 2 -3 1 -43 -179 -49 -46 -182 -44 -18 136 105 104 25 20 13 10 14 32 35 45 55 16 14 13 5 
21140000 21140047 2 -1 1 -49 -146 -55 -52 -146 -52 -26 94 113 116 25 20 13 10 14 30 35 45 55 16 13 15 5 
21147500 21147503 2 2 1 -113 -181 -119 -143 -197 -143 -117 54 113 115 25 20 13 10 14 30 35 45 55 16 12 13 5 
21157000 21157109 2 -3 1 -36 -152 -43 -24 -156 -25 1 133 107 107 25 20 13 10 14 32 35 45 55 16 12 13 5 
21207000 21207041 2 0 0 7 -114 0 4 -119 5 31 123 103 102 25 20 13 10 14 32 35 45 55 16 13 13 5 
