80000 80061 0 0 0 -11 43 0 -12 41 -11 -76 -54 62 61 25 20 18 10 9 29 35 45 55 16 8 8 5 
153500 153713 0 0 0 9 52 0 5 50 8 -57 -45 62 61 25 20 18 10 10 30 35 45 55 16 8 8 5 
252500 252620 0 0 0 14 51 0 11 50 14 -51 -39 70 69 25 20 19 10 8 28 35 45 55 16 9 9 5 
522500 522608 0 0 0 4 36 0 0 33 3 -62 -32 68 69 25 20 19 10 8 28 35 45 55 16 8 8 5 
762000 762117 0 0 0 9 43 0 5 39 8 -57 -34 69 67 25 20 19 10 8 28 35 45 55 16 9 9 5 
1066500 1066587 0 0 0 7 38 0 4 35 5 -60 -32 73 72 25 20 19 10 8 28 35 45 55 16 9 9 5 
1466000 1466022 0 0 -1 0 36 0 -1 33 0 -65 -35 73 74 25 20 19 10 8 28 35 45 55 16 9 9 5 
1696500 1696648 0 0 0 -5 33 0 -7 32 -6 -71 -39 74 72 25 20 20 10 8 28 35 45 55 16 8 9 5 
1970000 1970068 0 0 0 1 27 0 0 25 3 -62 -24 70 71 25 20 19 10 9 29 35 45 55 16 9 7 5 
2255000 2255376 0 0 0 -10 27 0 -16 24 -14 -79 -39 69 65 25 20 19 10 8 28 35 45 55 16 7 7 5 
2476500 2476641 0 0 0 -7 29 0 -8 26 -7 -72 -34 68 69 25 20 19 10 8 28 35 45 55 16 7 8 5 
2960000 2960072 0 0 0 -3 32 0 -6 28 -3 -68 -33 65 64 25 20 20 10 8 28 35 45 55 16 8 8 5 
3121500 3121732 0 0 0 -7 35 0 -11 32 -9 -74 -43 65 66 25 20 20 10 8 28 35 45 55 16 8 8 5 
3158000 3158007 0 -1 1 -57 -14 -51 -51 -8 -48 -113 -43 95 94 25 20 20 10 8 28 35 45 55 16 11 12 5 
3177500 3177552 0 2 1 -151 -127 -145 -158 -133 -155 -220 -23 107 109 25 20 20 10 9 27 35 45 55 16 14 14 5 
3189500 3189621 0 -3 1 -55 -35 -49 -56 -36 -55 -120 -20 85 79 25 20 20 10 8 28 35 45 55 16 11 11 5 
4021500 4021927 0 0 0 4 35 0 3 34 4 -61 -32 70 67 25 20 20 10 8 28 35 45 55 16 8 9 5 
4096500 4096622 0 0 0 4 24 0 2 20 6 -59 -17 70 72 25 20 20 10 9 29 35 45 55 16 9 9 5 
5180000 5180008 0 0 0 2 32 0 1 29 3 -62 -28 70 68 25 20 20 10 8 28 35 45 55 16 9 8 5 
5349000 5349189 0 0 0 23 46 0 21 43 22 -43 -23 66 66 25 20 20 10 8 28 35 45 55 16 8 8 5 
5617000 5617124 0 -1 1 -34 -2 -50 -40 -9 -36 -101 -29 91 93 25 20 20 10 8 28 35 45 55 16 12 11 5 
5631500 5631607 0 2 1 -69 -39 -85 -71 -41 -67 -132 -28 92 93 25 20 20 10 8 28 35 45 55 16 12 12 5 
5719500 5719619 0 -3 1 -36 -8 -50 -36 -8 -33 -98 -29 70 71 25 20 19 10 9 29 35 45 55 16 9 9 5 
5943500 5943533 0 -1 1 -45 -14 -54 -52 -19 -49 -114 -32 97 97 25 20 19 10 9 29 35 45 55 16 12 13 5 
5970500 5970504 0 2 1 -137 -105 -145 -145 -114 -143 -208 -32 98 98 25 20 19 10 9 29 35 45 55 16 12 13 5 
6055000 6055187 0 -3 1 -44 -7 -50 -46 -6 -45 -110 -40 71 66 25 20 19 10 9 29 35 45 55 16 9 9 5 
6421500 6421701 0 0 0 -3 21 0 -4 22 -2 -67 -28 64 68 25 20 19 10 9 29 35 45 55 16 8 8 5 
6909000 6909199 0 0 0 -5 21 0 -4 19 -2 -67 -24 66 66 25 20 20 10 8 28 35 45 55 16 7 7 5 
7509000 7509061 0 0 0 -6 24 0 -9 21 -6 -71 -31 69 64 25 20 19 10 8 28 35 45 55 16 9 8 5 
7670500 7670500 0 -1 1 -60 -6 -50 -57 -6 -52 -117 -49 79 78 25 20 20 10 8 28 35 45 55 16 7 10 5 
7701500 7701564 0 2 1 -102 -50 -92 -109 -55 -107 -172 -55 81 84 25 20 20 10 8 28 35 45 55 16 9 11 5 
7727500 7727686 0 -3 1 -59 -15 -49 -61 -19 -59 -124 -43 76 80 25 20 19 10 8 28 35 45 55 16 10 10 5 
8067500 8067560 0 0 0 -17 25 0 -20 23 -18 -83 -41 68 71 25 20 20 10 8 28 35 45 55 16 9 9 5 
8534500 8534598 0 0 0 -35 4 0 -40 -1 -38 -103 -38 72 75 25 20 20 10 8 28 35 45 55 16 8 9 5 
9221000 9221069 0 0 0 -29 25 0 -32 23 -28 -93 -53 70 66 25 20 20 10 8 28 35 45 55 16 9 9 5 
9353000 9353175 0 0 0 -20 40 0 -23 40 -20 -85 -63 68 68 25 20 20 10 7 27 35 45 55 16 8 8 5 
9409500 9409593 0 -1 1 -76 -29 -57 -77 -32 -73 -138 -44 89 89 25 20 19 10 9 29 35 45 55 16 11 12 5 
9422000 9422046 0 2 1 -135 -90 -117 -138 -90 -136 -201 -48 96 94 25 20 19 10 9 29 35 45 55 16 13 12 5 
9435500 9435538 0 -3 1 -67 -23 -48 -68 -26 -66 -131 -42 77 76 25 20 20 10 8 28 35 45 55 16 10 10 5 
9625000 9625126 0 0 0 -14 24 0 -15 21 -13 -78 -36 73 70 25 20 20 10 8 28 35 45 55 16 9 9 5 
9644500 9644723 0 0 0 -17 25 0 -18 24 -15 -80 -41 67 66 25 20 20 10 8 28 35 45 55 16 9 8 5 
9897500 9897503 0 0 0 -52 2 0 -55 1 -52 -117 -56 68 68 25 20 20 10 8 28 35 45 55 16 9 9 5 
9991500 9991550 0 0 0 -27 24 0 -30 21 -28 -93 -52 68 67 25 20 20 10 8 28 35 45 55 16 8 9 5 
10107500 10107605 0 0 0 -54 -2 0 -57 -6 -53 -118 -50 70 68 25 20 20 10 8 28 35 45 55 16 9 9 5 
10314000 10314031 0 0 0 -23 32 0 -25 31 -23 -88 -55 72 73 25 20 20 10 8 28 35 45 55 16 9 9 5 
10344000 10344001 0 0 0 -50 -2 0 -52 -5 -50 -115 -48 69 68 25 20 20 10 9 29 35 45 55 16 9 9 5 
10854000 10854093 0 0 0 -38 5 0 -40 3 -38 -103 -43 66 68 25 20 20 10 9 29 35 45 55 16 8 8 5 
11007500 11007672 0 0 0 -37 7 0 -40 3 -37 -102 -41 65 60 25 20 20 10 9 29 35 45 55 16 8 8 5 
11045000 11045055 0 0 0 -20 26 0 -21 26 -19 -84 -47 72 73 25 20 20 10 9 29 35 45 55 16 9 9 5 
11289000 11289206 0 0 0 -48 4 0 -50 1 -48 -113 -52 72 72 25 20 20 10 9 29 35 45 55 16 9 9 5 
11349000 11349123 0 0 0 -41 8 0 -43 4 -40 -105 -46 69 71 25 20 20 10 10 30 35 45 55 16 8 9 5 
11450000 11450007 0 0 0 -25 21 0 -28 18 -25 -90 -46 68 69 25 20 20 10 10 30 35 45 55 16 8 9 5 
11517500 11517510 0 0 0 -27 16 0 -30 13 -27 -92 -41 69 70 25 20 20 10 10 30 35 45 55 16 8 9 5 
11716500 11716563 0 0 0 -17 37 0 -21 35 -19 -84 -56 69 70 25 20 20 10 9 29 35 45 55 16 9 9 5 
11795000 11795128 0 0 0 -11 36 0 -16 32 -13 -78 -47 66 63 25 20 20 10 9 29 35 45 55 16 8 8 5 
12166500 12166720 0 0 0 2 44 0 0 43 0 -65 -43 70 70 25 20 20 10 9 29 35 45 55 16 9 9 5 
12425000 12425030 0 0 0 0 53 0 -4 50 -1 -66 -54 69 69 25 20 20 10 8 28 35 45 55 16 9 9 5 
12481500 12481536 0 0 0 4 43 0 2 40 5 -60 -37 70 71 25 20 20 10 9 29 35 45 55 16 9 9 5 
12824500 12824527 0 0 0 -15 20 0 -17 18 -15 -80 -35 67 67 25 20 20 10 10 30 35 45 55 16 9 8 5 
12969000 12969152 0 0 0 -8 33 0 -10 30 -8 -73 -42 65 65 25 20 20 10 10 30 35 45 55 16 8 8 5 
13302500 13302650 0 0 0 -1 30 0 -2 29 0 -65 -31 68 74 25 20 20 10 10 30 35 45 55 16 8 9 5 
13764500 13764565 0 -1 1 -53 5 -50 -54 4 -51 -116 -57 75 74 25 20 20 10 9 29 35 45 55 16 9 7 5 
13791500 13791547 0 2 1 -122 -66 -119 -126 -69 -122 -187 -56 86 86 25 20 20 10 9 29 35 45 55 16 11 10 5 
13873500 13873649 0 -3 1 -53 7 -50 -56 5 -53 -118 -60 74 77 25 20 20 10 9 29 35 45 55 16 9 9 5 
14251500 14251677 0 0 0 -5 45 0 -8 42 -7 -72 -51 60 62 25 20 20 10 9 29 35 45 55 16 7 8 5 
14562500 14562890 0 0 0 5 44 0 3 41 5 -60 -38 63 66 25 20 20 10 9 29 35 45 55 16 7 8 5 
14851500 14851665 0 -1 1 -52 -6 -51 -58 -8 -56 -121 -49 80 82 25 20 20 10 10 30 35 45 55 16 9 11 5 
14902000 14902123 0 2 1 -114 -76 -111 -114 -78 -111 -176 -36 96 99 25 20 20 10 10 30 35 45 55 16 12 12 5 
15152500 15152632 0 -3 1 -58 3 -49 -59 1 -56 -121 -60 58 59 25 20 20 10 9 29 35 45 55 16 7 7 5 
15384000 15384242 0 0 0 -14 32 0 -16 31 -13 -78 -48 59 59 25 20 20 10 10 30 35 45 55 16 7 7 5 
15481500 15481710 0 0 0 -9 39 0 -11 37 -7 -72 -46 58 59 25 20 20 10 10 30 35 45 55 16 7 7 5 
15691500 15691639 0 0 0 1 32 0 -3 28 0 -65 -31 58 56 25 20 20 10 10 30 35 45 55 16 7 7 5 
15747500 15747691 0 0 0 18 52 0 15 49 17 -48 -34 60 62 25 20 20 10 10 30 35 45 55 16 5 7 5 
15834000 15834270 0 0 0 19 57 0 15 54 19 -46 -39 61 56 25 20 20 10 9 29 35 45 55 16 8 7 5 
16434000 16434115 0 0 0 0 41 0 -4 37 -2 -67 -41 64 67 25 20 20 10 10 30 35 45 55 16 8 8 5 
16820000 16820077 0 0 0 4 44 0 3 43 5 -60 -40 67 67 25 20 20 10 10 30 35 45 55 16 8 9 5 
16887500 16887503 0 0 0 6 45 0 6 44 8 -57 -38 69 67 25 20 20 10 10 30 35 45 55 16 8 9 5 
17206500 17206648 0 -1 1 -48 -12 -52 -52 -15 -49 -114 -38 88 91 25 20 18 10 9 29 35 45 55 16 11 12 5 
17258500 17258626 0 2 1 -206 -158 -210 -217 -170 -215 -280 -46 112 115 25 20 17 10 10 26 35 45 55 16 15 11 5 
17351500 17351538 0 -3 1 -45 5 -49 -48 5 -45 -110 -54 67 67 25 20 20 10 8 28 35 45 55 16 9 8 5 
17757500 17757616 0 0 0 1 42 0 -1 40 2 -63 -40 65 66 25 20 19 10 8 28 35 45 55 16 8 8 5 
17967500 17967516 0 0 0 12 32 0 9 30 11 -54 -20 69 71 25 20 21 10 9 29 35 45 55 16 9 9 5 
18125000 18125269 0 0 0 7 43 0 2 42 5 -60 -40 63 65 25 20 19 10 8 28 35 45 55 16 7 7 5 
18436500 18436627 0 0 0 3 32 0 0 29 2 -63 -30 68 69 25 20 22 10 9 29 35 45 55 16 8 8 5 
18579000 18579026 0 0 0 -1 40 0 -5 36 -2 -67 -40 68 67 25 20 21 10 8 28 35 45 55 16 9 8 5 
19107500 19107903 0 0 0 -17 18 0 -17 15 -15 -80 -31 69 69 25 20 20 10 8 28 35 45 55 16 4 9 5 
19147500 19147549 0 -1 1 -70 -38 -54 -76 -44 -72 -137 -30 97 97 25 20 19 10 9 29 35 45 55 16 11 13 5 
19163500 19163545 0 2 1 -138 -119 -122 -143 -123 -140 -205 -20 102 103 25 20 18 10 10 28 35 45 55 16 13 13 5 
19182000 19182178 0 -3 1 -63 -34 -47 -64 -33 -63 -128 -32 74 72 25 20 18 10 9 29 35 45 55 16 9 9 5 
19370000 19370192 0 0 0 -12 26 0 -9 29 -7 -72 -38 67 66 25 20 19 10 9 29 35 45 55 16 8 7 5 
19505000 19505147 0 0 0 16 48 0 14 47 16 -49 -33 65 64 25 20 19 10 8 28 35 45 55 16 8 8 5 
19670000 19670063 0 0 0 26 62 0 26 59 29 -36 -31 62 62 25 20 20 10 8 28 35 45 55 16 8 8 5 
19872500 19872728 0 0 0 28 56 0 24 52 27 -38 -27 63 65 25 20 19 10 8 28 35 45 55 16 8 8 5 
20139000 20139240 0 0 0 32 62 0 29 59 31 -34 -30 62 61 25 20 19 10 8 28 35 45 55 16 8 8 5 
20386500 20386622 0 0 0 18 51 0 16 49 16 -49 -34 63 61 25 20 19 10 9 29 35 45 55 16 8 8 5 
20450000 20450144 0 0 0 29 64 0 25 62 26 -39 -37 66 66 25 20 19 10 9 29 35 45 55 16 8 8 5 
21012500 21012624 0 0 0 30 59 0 27 56 30 -35 -29 61 60 25 20 20 10 8 28 35 45 55 16 8 8 5 
21095000 21095053 0 0 0 25 59 0 23 58 26 -39 -35 61 61 25 20 20 10 8 28 35 45 55 16 8 8 5 
21172000 21172180 0 0 0 17 56 0 17 56 19 -46 -38 63 63 25 20 20 10 8 28 35 45 55 16 8 8 5 
80000 80061 1 0 0 10 26 0 9 26 11 14 -17 62 61 25 20 18 10 9 29 35 45 55 16 8 8 5 
160000 160056 1 0 0 39 41 0 36 40 35 38 -3 64 67 25 20 18 10 10 30 35 45 55 16 8 8 5 
252500 252620 1 0 0 25 21 0 24 21 25 28 5 70 69 25 20 19 10 8 28 35 45 55 16 9 9 5 
517000 517087 1 0 0 2 -4 0 4 -6 5 8 9 67 68 25 20 19 10 8 28 35 45 55 16 8 8 5 
583500 583516 1 -1 1 -51 -62 -53 -53 -66 -50 -47 13 97 96 25 20 19 10 9 29 35 45 55 16 9 13 5 
648000 648147 1 2 1 -107 -88 -108 -106 -88 -105 -102 -18 90 92 25 20 19 10 9 29 35 45 55 16 11 12 5 
696000 696123 1 -3 1 -49 -48 -50 -45 -46 -43 -40 1 80 76 25 20 19 10 9 29 35 45 55 16 10 9 5 
762500 762561 1 0 0 0 -11 0 0 -12 1 4 11 69 69 25 20 19 10 8 28 35 45 55 16 9 9 5 
1062500 1062677 1 0 0 0 -11 0 -2 -14 0 3 12 72 73 25 20 19 10 8 28 35 45 55 16 9 9 5 
1466000 1466022 1 0 -1 0 -4 0 -1 -5 0 3 4 73 74 25 20 19 10 8 28 35 45 55 16 9 9 5 
1706000 1706036 1 0 0 2 -5 0 1 -8 2 5 10 75 74 25 20 20 10 8 28 35 45 55 16 7 8 5 
1972000 1972028 1 0 0 -4 -10 0 -2 -13 -2 1 9 71 69 25 20 19 10 9 29 35 45 55 16 7 5 5 
2247500 2247500 1 0 0 -17 -11 0 -18 -12 -16 -13 -5 67 65 25 20 19 10 8 28 35 45 55 16 8 8 5 
2478500 2478644 1 0 0 -16 -13 0 -14 -12 -13 -10 -4 67 66 25 20 19 10 8 28 35 45 55 16 8 8 5 
2958500 2958683 1 0 0 -7 -6 0 -6 -6 -5 -2 -2 66 66 25 20 20 10 8 28 35 45 55 16 7 8 5 
3114000 3114014 1 0 0 -9 -13 0 -10 -16 -8 -5 6 70 72 25 20 20 10 8 28 35 45 55 16 8 7 5 
3155000 3155089 1 -1 1 -61 -45 -53 -62 -44 -61 -58 -18 92 92 25 20 20 10 8 28 35 45 55 16 12 11 5 
3178000 3178113 1 2 1 -189 -178 -181 -193 -181 -193 -190 -14 107 109 25 20 20 10 9 27 35 45 55 16 14 14 5 
3264000 3264195 1 -3 1 -55 -48 -49 -54 -48 -53 -50 -7 75 68 25 20 20 10 8 28 35 45 55 16 10 9 5 
3325000 3325022 1 -1 1 -58 -62 -52 -55 -61 -53 -50 6 90 90 25 20 20 10 8 28 35 45 55 16 11 12 5 
3335000 3335070 1 2 1 -121 -110 -115 -121 -109 -121 -118 -15 99 99 25 20 20 10 9 29 35 45 55 16 13 13 5 
3344500 3344643 1 -3 1 -54 -67 -49 -56 -67 -55 -52 11 82 84 25 20 20 10 8 28 35 45 55 16 11 9 5 
4032500 4032662 1 0 0 4 -4 0 7 -1 9 12 8 72 66 25 20 20 10 8 28 35 45 55 16 9 9 5 
4104000 4104173 1 0 0 19 -6 0 17 -9 19 22 27 68 68 25 20 20 10 9 29 35 45 55 16 9 8 5 
4223000 4223131 1 -1 1 -34 -57 -54 -29 -53 -28 -25 26 83 86 25 20 20 10 9 29 35 45 55 16 7 9 5 
4574500 4574573 1 2 1 -121 -97 -140 -124 -98 -121 -118 -25 87 85 25 20 20 10 9 29 35 45 55 16 11 11 5 
4941000 4941043 1 -3 1 -30 -34 -49 -28 -33 -27 -24 5 70 77 25 20 20 10 8 28 35 45 55 16 9 9 5 
5169000 5169058 1 0 0 20 7 0 17 8 19 22 9 66 64 25 20 20 10 8 28 35 45 55 16 8 8 5 
5364000 5364145 1 0 0 23 2 0 23 1 23 26 22 66 69 25 20 20 10 8 28 35 45 55 16 8 8 5 
5605000 5605091 1 -1 1 -33 -45 -52 -37 -50 -36 -33 12 84 84 25 20 20 10 9 29 35 45 55 16 11 9 5 
5649000 5649360 1 2 1 -97 -109 -116 -96 -112 -96 -93 17 86 84 25 20 19 10 9 29 35 45 55 16 6 8 5 
5760000 5760183 1 -3 1 -33 -50 -50 -38 -56 -35 -32 19 70 69 25 20 19 10 9 29 35 45 55 16 6 7 5 
5928500 5928613 1 -1 1 -37 -46 -50 -37 -52 -35 -32 14 85 86 25 20 19 10 9 29 35 45 55 16 10 7 5 
5973500 5973553 1 2 1 -172 -164 -185 -175 -166 -173 -170 -9 98 99 25 20 19 10 9 29 35 45 55 16 13 13 5 
6277500 6277612 1 -3 1 -42 -51 -49 -44 -52 -42 -39 8 69 73 25 20 19 10 9 29 35 45 55 16 6 6 5 
6429000 6429428 1 0 0 5 -15 0 4 -15 6 9 20 64 62 25 20 19 10 9 29 35 45 55 16 6 8 5 
6924000 6924218 1 0 0 -5 -8 0 -4 -10 -2 1 6 69 68 25 20 21 10 8 28 35 45 55 16 5 7 5 
7520000 7520141 1 0 0 -21 -22 0 -19 -20 -17 -14 1 68 69 25 20 19 10 8 28 35 45 55 16 8 8 5 
7670500 7670500 1 -1 1 -73 -56 -51 -70 -55 -69 -66 -17 79 78 25 20 20 10 8 28 35 45 55 16 7 10 5 
7700000 7700112 1 2 1 -127 -94 -104 -129 -97 -129 -126 -32 82 62 25 20 20 10 8 28 35 45 55 16 8 10 5 
7729500 7729654 1 -3 1 -72 -58 -50 -72 -59 -71 -68 -14 73 59 25 20 19 10 8 28 35 45 55 16 10 9 5 
8060000 8060039 1 0 0 -25 -10 0 -26 -11 -25 -22 -14 67 67 25 20 20 10 8 28 35 45 55 16 8 8 5 
8559000 8559001 1 0 0 -43 -33 0 -44 -33 -44 -41 -12 68 69 25 20 20 10 8 28 35 45 55 16 9 9 5 
9219000 9219139 1 0 0 -31 -8 0 -32 -8 -29 -26 -22 69 69 25 20 20 10 8 28 35 45 55 16 9 9 5 
9335000 9335064 1 0 0 -31 0 0 -33 -1 -32 -29 -33 65 63 25 20 20 10 7 27 35 45 55 16 8 8 5 
9409000 9409084 1 -1 1 -92 -71 -57 -91 -69 -89 -86 -20 88 87 25 20 19 10 9 29 35 45 55 16 11 12 5 
9422500 9422518 1 2 1 -170 -149 -134 -172 -151 -172 -169 -22 95 95 25 20 19 10 9 29 35 45 55 16 12 12 5 
9434500 9434599 1 -3 1 -85 -75 -49 -83 -77 -82 -79 -6 77 77 25 20 20 10 8 28 35 45 55 16 9 10 5 
9638000 9638164 1 0 0 -45 -30 0 -46 -31 -42 -39 -13 70 72 25 20 20 10 8 28 35 45 55 16 9 9 5 
9650000 9650051 1 0 0 -44 -30 8 -44 -29 -43 -40 -16 68 73 25 20 20 10 8 28 35 45 55 16 9 9 5 
9901500 9901587 1 0 0 -72 -41 0 -74 -43 -72 -69 -30 65 63 25 20 20 10 8 28 35 45 55 16 8 8 5 
9991500 9991550 1 0 0 -41 -22 0 -41 -23 -39 -36 -17 68 67 25 20 20 10 8 28 35 45 55 16 8 9 5 
10122500 10122672 1 0 0 -49 -31 0 -50 -32 -48 -45 -18 70 71 25 20 20 10 8 28 35 45 55 16 9 9 5 
10299000 10299121 1 0 0 -29 -11 0 -28 -10 -27 -24 -16 71 72 25 20 20 10 8 28 35 45 55 16 9 9 5 
10355000 10355080 1 0 0 -49 -30 0 -49 -30 -48 -45 -19 69 68 25 20 20 10 9 29 35 45 55 16 9 9 5 
10865000 10865147 1 0 0 -42 -20 0 -41 -20 -40 -37 -22 67 68 25 20 20 10 9 29 35 45 55 16 8 9 5 
11006000 11006074 1 0 0 -35 -17 0 -36 -18 -37 -34 -19 65 67 25 20 20 10 9 29 35 45 55 16 8 8 5 
11052500 11052571 1 0 0 -37 -24 0 -38 -25 -35 -32 -12 72 72 25 20 20 10 9 29 35 45 55 16 9 9 5 
11285000 11285041 1 0 0 -55 -34 0 -55 -34 -55 -52 -20 71 71 25 20 20 10 9 29 35 45 55 16 9 9 5 
11345000 11345056 1 0 0 -52 -30 0 -52 -31 -51 -48 -21 67 67 25 20 20 10 10 30 35 45 55 16 9 9 5 
11469000 11469030 1 0 0 -32 -12 0 -33 -13 -32 -29 -19 68 67 25 20 20 10 10 30 35 45 55 16 9 9 5 
11547500 11547618 1 0 0 -27 -9 0 -28 -10 -28 -25 -18 67 64 25 20 20 10 10 30 35 45 55 16 8 8 5 
11716500 11716563 1 0 0 -30 0 0 -33 -2 -32 -29 -32 69 70 25 20 20 10 9 29 35 45 55 16 9 9 5 
11776500 11776573 1 0 0 -16 -9 0 -17 -9 -16 -13 -8 71 73 25 20 20 10 9 29 35 45 55 16 9 9 5 
12162500 12162631 1 0 0 -17 -6 0 -18 -7 -16 -13 -11 70 70 25 20 20 10 9 29 35 45 55 16 9 9 5 
12425000 12425030 1 0 0 -11 7 0 -12 7 -10 -7 -20 69 69 25 20 20 10 8 28 35 45 55 16 9 9 5 
12485000 12485205 1 0 0 -9 -1 0 -9 -1 -8 -5 -7 69 70 25 20 20 10 9 29 35 45 55 16 8 9 5 
12821000 12821185 1 0 0 -17 -9 0 -19 -10 -17 -14 -8 65 64 25 20 20 10 10 30 35 45 55 16 8 8 5 
12974500 12974531 1 0 0 -10 3 0 -10 2 -9 -6 -12 64 66 25 20 20 10 10 30 35 45 55 16 8 8 5 
13304500 13304502 1 0 0 -17 -12 0 -17 -13 -16 -13 -4 68 69 25 20 20 10 10 30 35 45 55 16 9 8 5 
13763500 13763559 1 -1 1 -65 -35 -50 -67 -36 -66 -63 -30 74 74 25 20 20 10 9 29 35 45 55 16 9 7 5 
13787500 13787641 1 2 1 -139 -100 -124 -140 -101 -139 -136 -39 93 95 25 20 20 10 9 29 35 45 55 16 12 12 5 
13884500 13884518 1 -3 1 -64 -37 -50 -65 -37 -64 -61 -27 70 71 25 20 20 10 9 29 35 45 55 16 6 9 5 
14270000 14270013 1 0 0 -13 9 0 -14 7 -12 -9 -22 59 57 25 20 20 10 9 29 35 45 55 16 7 7 5 
14577500 14577708 1 0 0 -3 15 0 -2 17 0 3 -17 60 60 25 20 20 10 9 29 35 45 55 16 7 8 5 
14708000 14708019 1 -1 1 -54 -36 -54 -50 -33 -50 -47 -18 68 59 25 20 20 10 11 31 35 45 55 16 7 9 5 
14714000 14714020 1 2 1 -126 -93 -126 -126 -93 -126 -123 -33 86 88 25 20 20 10 11 31 35 45 55 16 12 9 5 
14720000 14720189 1 -3 1 -48 -39 -47 -47 -39 -44 -41 -8 67 69 25 20 20 10 10 30 35 45 55 16 9 7 5 
14768000 14768073 1 -1 1 -51 -33 -52 -52 -34 -52 -49 -19 71 73 25 20 20 10 9 29 35 45 55 16 9 9 5 
14981500 14981620 1 2 1 -162 -120 -167 -168 -127 -166 -163 -41 94 93 25 20 19 10 11 31 35 45 55 16 12 12 5 
15165500 15165541 1 -3 1 -39 -22 -48 -40 -23 -39 -36 -17 62 56 25 20 20 10 9 29 35 45 55 16 8 7 5 
15335000 15335258 1 0 0 12 15 0 9 13 11 14 -5 60 60 25 20 20 10 10 30 35 45 55 16 8 7 5 
15447500 15447653 1 0 0 34 33 0 34 33 36 39 1 59 61 25 20 20 10 10 30 35 45 55 16 8 7 5 
15687500 15687754 1 0 0 36 33 0 37 33 39 42 2 58 56 25 20 20 10 10 30 35 45 55 16 7 7 5 
15759000 15759001 1 0 0 24 27 0 24 27 25 28 -2 59 58 25 20 20 10 10 30 35 45 55 16 7 7 5 
15845000 15845130 1 0 0 10 17 0 8 16 11 14 -8 64 60 25 20 20 10 9 29 35 45 55 16 9 7 5 
16445000 16445160 1 0 0 -4 8 0 -5 7 -4 -1 -12 65 68 25 20 20 10 10 30 35 45 55 16 8 8 5 
16805000 16805189 1 0 0 6 15 0 4 14 5 8 -11 68 69 25 20 20 10 10 30 35 45 55 16 8 9 5 
16869000 16869034 1 0 0 16 22 0 15 21 18 21 -6 65 69 25 20 20 10 10 30 35 45 55 16 9 8 5 
16948500 16948544 1 -1 1 -38 -31 -51 -39 -33 -38 -35 -5 76 70 25 20 20 10 10 30 35 45 55 16 9 9 5 
16967500 16967517 1 2 1 -104 -79 -116 -111 -83 -111 -108 -29 80 77 25 20 20 10 10 30 35 45 55 16 10 9 5 
16973500 16973601 1 -3 1 -35 -43 -46 -33 -39 -32 -29 5 74 70 25 20 20 10 10 30 35 45 55 16 7 8 5 
17009000 17009051 1 -1 1 -42 -41 -52 -45 -43 -44 -41 -2 73 75 25 20 20 10 9 29 35 45 55 16 8 10 5 
17258500 17258626 1 2 1 -323 -276 -323 -334 -285 -331 -328 -49 112 115 25 20 17 10 10 26 35 45 55 16 15 11 5 
17426500 17426555 1 -3 1 -55 -37 -48 -56 -36 -55 -52 -21 65 63 25 20 20 10 8 28 35 45 55 16 8 8 5 
17746500 17746643 1 0 0 -21 -17 0 -22 -18 -21 -18 -5 64 66 25 20 19 10 8 28 35 45 55 16 8 8 5 
17964000 17964038 1 0 0 7 -10 0 6 -10 6 9 16 70 72 25 20 21 10 9 29 35 45 55 16 9 9 5 
18129000 18129225 1 0 0 -1 -10 0 1 -10 2 5 10 64 64 25 20 19 10 8 28 35 45 55 16 7 7 5 
18414000 18414005 1 0 0 2 -14 0 0 -17 1 4 17 68 67 25 20 22 10 9 29 35 45 55 16 9 9 5 
18575000 18575056 1 0 0 2 9 0 0 9 1 4 -8 68 69 25 20 21 10 8 28 35 45 55 16 8 9 5 
19107500 19107903 1 0 0 -13 -10 0 -11 -10 -8 -5 0 69 69 25 20 20 10 8 28 35 45 55 16 4 9 5 
19144500 19144571 1 -1 1 -64 -60 -51 -61 -59 -62 -59 -4 94 94 25 20 19 10 9 29 35 45 55 16 12 12 5 
19162000 19162081 1 2 1 -170 -170 -157 -175 -174 -174 -171 -2 103 101 25 20 18 10 10 28 35 45 55 16 13 13 5 
19223500 19223686 1 -3 1 -61 -60 -49 -61 -58 -60 -57 -4 68 65 25 20 18 10 9 29 35 45 55 16 7 8 5 
19430000 19430047 1 0 0 -10 -16 0 -12 -17 -11 -8 5 64 60 25 20 19 10 9 29 35 45 55 16 8 8 5 
19659000 19659007 1 0 0 29 23 0 29 21 30 33 8 64 63 25 20 20 10 8 28 35 45 55 16 8 8 5 
19857500 19857678 1 0 0 33 26 0 29 22 30 33 8 65 66 25 20 19 10 8 28 35 45 55 16 8 8 5 
20146500 20146568 1 0 0 36 27 0 39 27 41 44 11 62 61 25 20 19 10 8 28 35 45 55 16 8 8 5 
20401500 20401516 1 0 0 32 23 0 31 23 31 34 7 65 66 25 20 19 10 9 29 35 45 55 16 7 8 5 
20997500 20997670 1 0 0 28 21 0 26 18 27 30 8 63 63 25 20 20 10 8 28 35 45 55 16 8 8 5 
21084000 21084104 1 0 0 34 30 0 34 29 34 37 5 60 62 25 20 20 10 8 28 35 45 55 16 7 8 5 
21155000 21155068 1 0 0 21 24 0 22 24 23 26 -2 64 63 25 20 20 10 8 28 35 45 55 16 8 8 5 
80000 80061 2 0 0 -9 7 0 -8 7 -8 -46 -16 62 61 25 20 18 10 9 29 35 45 55 16 8 8 5 
151500 151557 2 0 0 1 9 0 2 10 1 -37 -9 62 67 25 20 18 10 10 30 35 45 55 16 8 8 5 
511500 511630 2 0 0 19 15 0 22 17 21 -17 3 69 70 25 20 19 10 8 28 35 45 55 16 9 8 5 
770000 770079 2 0 0 15 5 0 15 8 13 -25 6 73 74 25 20 19 10 8 28 35 45 55 16 9 9 5 
1059000 1059056 2 0 0 10 5 0 12 6 14 -24 7 70 70 25 20 19 10 8 28 35 45 55 16 9 9 5 
1466000 1466022 2 0 -1 0 7 0 0 9 0 -38 -8 73 74 25 20 19 10 8 28 35 45 55 16 9 9 5 
1706000 1706036 2 0 0 8 13 0 5 11 7 -31 -6 75 74 25 20 20 10 8 28 35 45 55 16 7 8 5 
1983500 1983521 2 0 0 12 8 0 9 6 10 -28 3 70 68 25 20 19 10 9 29 35 45 55 16 9 9 5 
2253500 2253512 2 0 0 -3 8 0 -3 8 -2 -40 -10 67 64 25 20 19 10 8 28 35 45 55 16 8 7 5 
2482000 2482043 2 0 0 -10 -5 0 -11 -5 -10 -48 -7 70 66 25 20 19 10 8 28 35 45 55 16 8 10 5 
2936000 2936061 2 0 0 5 4 -11 8 7 8 -30 0 68 67 25 20 20 10 8 28 35 45 55 16 9 9 5 
3117500 3117611 2 0 0 7 10 0 8 10 10 -28 0 68 63 25 20 20 10 8 28 35 45 55 16 9 7 5 
3162000 3162081 2 -1 1 -45 -31 -52 -50 -36 -50 -88 -14 102 103 25 20 20 10 9 27 35 45 55 16 13 11 5 
3178000 3178113 2 2 1 -90 -68 -97 -91 -66 -89 -127 -23 107 109 25 20 20 10 9 27 35 45 55 16 14 14 5 
3187000 3187058 2 -3 1 -42 -38 -49 -42 -37 -40 -78 -3 91 90 25 20 20 10 8 28 35 45 55 16 12 11 5 
4021500 4021927 2 0 0 7 5 0 9 4 10 -28 6 70 67 25 20 20 10 8 28 35 45 55 16 8 9 5 
4104000 4104173 2 0 0 20 4 0 21 3 20 -18 18 68 68 25 20 20 10 9 29 35 45 55 16 9 8 5 
4512500 4512574 2 -1 1 -31 -21 -50 -31 -19 -32 -70 -14 74 75 25 20 20 10 9 29 35 45 55 16 9 9 5 
4629000 4629184 2 2 1 5 4 -88 8 7 8 -30 0 77 74 25 20 20 10 8 28 35 45 55 16 9 9 5 
4728000 4728033 2 -3 1 -29 -17 -49 -30 -17 -30 -68 -13 75 72 25 20 19 10 9 29 35 45 55 16 10 9 5 
5176500 5176591 2 0 0 20 10 0 19 8 19 -19 12 69 73 25 20 20 10 8 28 35 45 55 16 9 9 5 
5352500 5352584 2 0 0 11 13 0 13 15 13 -25 -3 66 69 25 20 20 10 8 28 35 45 55 16 8 8 5 
6451500 6451755 2 0 0 5 1 0 9 3 10 -28 8 62 64 25 20 19 10 9 29 35 45 55 16 5 8 5 
6931500 6931648 2 0 0 -7 -1 0 -8 -3 -7 -45 -5 70 72 25 20 21 10 8 28 35 45 55 16 9 7 5 
7516500 7516546 2 0 0 1 -1 0 2 -1 2 -36 2 67 66 25 20 19 10 8 28 35 45 55 16 9 8 5 
8064000 8064025 2 0 0 -15 2 0 -14 2 -15 -53 -17 68 70 25 20 20 10 8 28 35 45 55 16 9 9 5 
8570000 8570070 2 0 0 -20 -4 0 -21 -7 -20 -58 -14 72 71 25 20 20 10 8 28 35 45 55 16 9 8 5 
9222500 9222543 2 0 0 -19 -1 0 -19 -1 -18 -56 -19 70 76 25 20 20 10 8 28 35 45 55 16 9 9 5 
9327500 9327629 2 0 0 -22 -2 0 -21 -1 -23 -61 -22 71 72 25 20 20 10 7 27 35 45 55 16 9 9 5 
9640000 9640122 2 0 0 -9 11 0 -6 13 -7 -45 -20 69 67 25 20 20 10 8 28 35 45 55 16 9 9 5 
9652000 9652012 2 0 0 -9 7 -6 -8 9 -5 -43 -14 69 68 25 20 20 10 8 28 35 45 55 16 9 9 5 
9931500 9931533 2 0 0 -38 -16 0 -39 -18 -38 -76 -20 64 63 25 20 20 10 8 28 35 45 55 16 8 8 5 
10006500 10006678 2 0 0 -49 -23 0 -50 -25 -51 -89 -26 72 74 25 20 20 10 8 28 35 45 55 16 9 9 5 
10119000 10119202 2 0 0 -64 -32 0 -65 -33 -64 -102 -32 70 71 25 20 20 10 8 28 35 45 55 16 9 9 5 
10302500 10302700 2 0 0 -40 -12 0 -42 -14 -42 -80 -29 71 70 25 20 20 10 8 28 35 45 55 16 9 9 5 
10351500 10351643 2 0 0 -56 -32 0 -58 -32 -56 -94 -25 69 70 25 20 20 10 9 29 35 45 55 16 8 9 5 
10861500 10861564 2 0 0 -40 -17 0 -42 -19 -43 -81 -23 67 66 25 20 20 10 9 29 35 45 55 16 8 8 5 
11004000 11004208 2 0 0 -38 -14 0 -37 -14 -36 -74 -22 64 66 25 20 20 10 9 29 35 45 55 16 8 8 5 
11045000 11045055 2 0 0 -34 -13 0 -31 -11 -31 -69 -21 72 73 25 20 20 10 9 29 35 45 55 16 9 9 5 
11296500 11296629 2 0 0 -52 -23 0 -50 -22 -50 -88 -29 65 64 25 20 20 10 9 29 35 45 55 16 8 8 5 
11345000 11345056 2 0 0 -42 -20 0 -40 -18 -39 -77 -23 67 67 25 20 20 10 10 30 35 45 55 16 9 9 5 
11469000 11469030 2 0 0 -26 -6 0 -26 -6 -26 -64 -21 68 67 25 20 20 10 10 30 35 45 55 16 9 9 5 
11551500 11551591 2 0 0 -25 -6 0 -22 -5 -22 -60 -18 69 66 25 20 20 10 10 30 35 45 55 16 9 9 5 
11720000 11720035 2 0 0 -24 0 0 -24 0 -23 -61 -22 69 72 25 20 20 10 9 29 35 45 55 16 9 9 5 
11769000 11769204 2 0 0 -31 -7 0 -30 -6 -30 -68 -26 66 65 25 20 20 10 9 29 35 45 55 16 8 9 5 
12159000 12159185 2 0 0 -37 -11 0 -37 -11 -35 -73 -24 70 70 25 20 20 10 9 29 35 45 55 16 9 9 5 
12417500 12417662 2 0 0 -26 1 0 -26 1 -25 -63 -27 68 64 25 20 20 10 8 28 35 45 55 16 8 9 5 
12485000 12485205 2 0 0 -24 -6 0 -24 -5 -23 -61 -19 69 70 25 20 20 10 9 29 35 45 55 16 8 9 5 
12811500 12811546 2 0 0 -19 -4 0 -21 -6 -20 -58 -15 64 60 25 20 20 10 10 30 35 45 55 16 8 8 5 
12967000 12967061 2 0 0 -14 2 0 -14 3 -14 -52 -18 64 64 25 20 20 10 10 30 35 45 55 16 8 8 5 
13310000 13310054 2 0 0 -17 0 0 -18 -1 -16 -54 -18 60 59 25 20 20 10 10 30 35 45 55 16 7 8 5 
13775000 13775004 2 -1 1 -65 -34 -52 -62 -32 -61 -99 -31 80 81 25 20 20 10 9 29 35 45 55 16 10 10 5 
13791500 13791547 2 2 1 -95 -58 -83 -95 -58 -94 -132 -37 86 86 25 20 20 10 9 29 35 45 55 16 11 10 5 
13814500 13814556 2 -3 1 -62 -30 -50 -62 -29 -60 -98 -33 73 74 25 20 20 10 9 29 35 45 55 16 9 9 5 
14270000 14270013 2 0 0 -8 14 0 -6 15 -6 -44 -19 59 57 25 20 20 10 9 29 35 45 55 16 7 7 5 
14581500 14581665 2 0 0 -2 15 0 0 17 1 -37 -16 61 62 25 20 20 10 9 29 35 45 55 16 8 8 5 
14897000 14897082 2 -1 1 -58 -38 -54 -55 -38 -53 -91 -16 84 81 25 20 20 10 10 30 35 45 55 16 10 11 5 
14901000 14901058 2 2 1 -86 -59 -82 -88 -59 -88 -126 -29 96 96 25 20 20 10 10 30 35 45 55 16 12 13 5 
14926500 14926730 2 -3 1 -53 -29 -49 -51 -27 -50 -88 -24 68 67 25 20 20 10 9 29 35 45 55 16 7 8 5 
15320000 15320089 2 0 0 -6 7 0 -5 8 -4 -42 -14 58 58 25 20 20 10 10 30 35 45 55 16 7 7 5 
15459000 15459146 2 0 0 -4 12 0 -1 13 -1 -39 -14 57 58 25 20 20 10 10 30 35 45 55 16 7 7 5 
15702500 15702744 2 0 0 -1 14 0 0 15 -1 -39 -16 58 59 25 20 20 10 10 30 35 45 55 16 7 7 5 
15766500 15766747 2 0 0 -1 12 0 -4 10 -3 -41 -15 60 57 25 20 20 10 10 30 35 45 55 16 8 7 5 
15849000 15849209 2 0 0 -5 13 0 -2 16 1 -37 -16 61 60 25 20 20 10 9 29 35 45 55 16 7 8 5 
16437500 16437706 2 0 0 -5 8 0 -5 8 -3 -41 -12 62 61 25 20 20 10 10 30 35 45 55 16 8 8 5 
16835000 16835210 2 0 0 2 14 0 4 14 4 -34 -10 64 68 25 20 20 10 10 30 35 45 55 16 8 8 5 
16880000 16880208 2 0 0 2 15 0 3 16 4 -34 -12 68 67 25 20 20 10 10 30 35 45 55 16 8 9 5 
17225500 17225553 2 -1 1 -53 -35 -52 -51 -33 -50 -88 -18 93 93 25 20 18 10 9 29 35 45 55 16 12 12 5 
17258500 17258626 2 2 1 -133 -117 -133 -139 -121 -139 -177 -18 112 115 25 20 17 10 10 26 35 45 55 16 15 11 5 
17313000 17313192 2 -3 1 -51 -31 -50 -48 -28 -47 -85 -20 77 73 25 20 18 10 9 29 35 45 55 16 10 9 5 
17746500 17746643 2 0 0 -3 5 0 -3 6 -3 -41 -9 64 66 25 20 19 10 8 28 35 45 55 16 8 8 5 
17967500 17967516 2 0 0 4 11 0 2 8 2 -36 -7 69 71 25 20 21 10 9 29 35 45 55 16 9 9 5 
18132500 18132552 2 0 0 5 1 0 5 1 5 -33 4 63 62 25 20 19 10 8 28 35 45 55 16 8 8 5 
18440000 18440084 2 0 0 16 14 0 19 17 21 -17 4 69 68 25 20 22 10 9 29 35 45 55 16 9 9 5 
18571500 18571582 2 0 0 1 18 0 3 23 3 -35 -20 70 71 25 20 21 10 8 28 35 45 55 16 9 8 5 
19096500 19097011 2 0 0 1 -3 0 2 -1 2 -36 2 73 75 25 20 20 10 8 28 35 45 55 16 7 7 5 
19426500 19426577 2 0 0 -1 4 0 -1 4 -1 -39 -6 63 66 25 20 19 10 9 29 35 45 55 16 8 8 5 
19674000 19674032 2 0 0 14 17 0 14 17 15 -23 -3 65 67 25 20 20 10 8 28 35 45 55 16 8 8 5 
19865000 19865192 2 0 0 14 13 0 14 12 16 -22 2 63 63 25 20 19 10 8 28 35 45 55 16 8 8 5 
20176500 20176680 2 0 0 9 12 0 5 9 6 -32 -3 62 63 25 20 19 10 8 28 35 45 55 16 8 5 5 
20420000 20420132 2 0 0 16 15 0 16 17 16 -22 -2 63 64 25 20 19 10 9 29 35 45 55 16 8 7 5 
20990000 20990188 2 0 0 13 21 0 14 23 14 -24 -8 65 66 25 20 20 10 8 28 35 45 55 16 8 8 5 
21076500 21076636 2 0 0 14 20 0 10 20 10 -28 -9 62 62 25 20 20 10 8 28 35 45 55 16 8 8 5 
21177500 21177603 2 0 0 0 23 0 3 26 3 -35 -23 66 70 25 20 20 10 8 28 35 45 55 16 5 6 5 
