24500 24537 0 0 0 22 -11 0 19 -13 24 73 31 92 89 25 20 18 10 13 33 35 45 55 16 12 12 5 
97000 97033 0 -1 1 -37 -63 -56 -33 -67 -27 22 35 115 108 25 20 18 10 11 29 35 45 55 16 13 15 5 
135000 135125 0 2 1 -80 -116 -98 -83 -118 -76 -27 36 115 115 25 20 17 10 12 28 35 45 55 16 15 15 5 
228500 228675 0 -3 1 -33 -46 -48 -31 -45 -26 23 13 107 100 25 20 17 10 10 28 35 45 55 16 11 12 5 
354500 354613 0 -1 1 -46 -62 -57 -51 -65 -46 3 15 121 128 25 20 18 10 11 26 35 45 55 16 11 15 5 
387500 387589 0 2 1 -83 -115 -92 -88 -118 -84 -35 29 111 112 25 20 17 10 11 27 35 45 55 16 15 14 5 
419500 423786 0 -3 1 -41 -80 -50 -26 -41 -20 29 15 101 128 25 20 17 10 11 26 35 45 55 16 0 12 5 
610000 610028 0 -1 1 -48 -91 -51 -50 -94 -45 4 42 105 103 25 20 19 10 11 29 35 45 55 16 13 14 5 
629500 629595 0 2 1 -92 -121 -94 -95 -123 -89 -40 29 103 103 25 20 19 10 11 29 35 45 55 16 13 13 5 
635000 635019 0 -3 1 -45 -83 -47 -47 -85 -42 7 38 107 108 25 20 19 10 11 29 35 45 55 16 14 14 5 
662000 662061 0 0 0 1 -31 0 -9 -34 -5 44 25 109 117 25 20 18 10 11 27 35 45 55 16 14 14 5 
1918000 1918040 0 0 0 0 -22 0 0 -22 5 54 22 85 64 25 20 18 10 11 31 35 45 55 16 11 10 5 
2458000 2458068 0 0 -1 0 -16 0 -3 -18 0 49 15 77 75 25 20 18 10 12 32 35 45 55 16 10 10 5 
3155500 3155559 0 0 0 1 -12 0 0 -13 5 54 14 75 72 25 20 17 10 12 32 35 45 55 16 9 10 5 
3765000 3765065 0 0 0 1 -6 0 -2 -10 2 51 8 66 61 25 20 19 10 14 34 35 45 55 16 8 8 5 
3995500 3995682 0 0 0 -1 -11 0 -2 -12 4 53 11 64 64 25 20 18 10 13 33 35 45 55 16 8 8 5 
4082000 4082210 0 0 0 -2 -7 0 -5 -10 1 50 6 63 64 25 20 18 10 13 33 35 45 55 16 8 8 5 
4293000 4293068 0 0 0 -10 -13 0 -12 -15 -6 43 2 64 64 25 20 18 10 13 33 35 45 55 16 8 8 5 
4533500 4533714 0 0 0 -2 -6 0 -4 -9 2 51 6 64 63 25 20 18 10 13 33 35 45 55 16 8 8 5 
4880500 4880621 0 0 0 -1 -6 0 -2 -6 2 51 4 65 66 25 20 18 10 13 33 35 45 55 16 8 8 5 
4982000 4982136 0 0 0 2 -2 0 0 -4 6 55 6 64 64 25 20 18 10 13 33 35 45 55 16 8 7 5 
5250000 5250035 0 0 0 0 -4 0 -1 -6 4 53 5 68 68 25 20 18 10 13 33 35 45 55 16 9 9 5 
5329500 5329603 0 0 0 -4 -7 0 -6 -9 -2 47 1 67 68 25 20 18 10 12 32 35 45 55 16 9 8 5 
5361500 5361508 0 0 0 -10 -19 0 -11 -21 -6 43 9 66 64 25 20 18 10 12 32 35 45 55 16 8 8 5 
5415000 5415103 0 0 0 -7 -13 0 -9 -15 -5 44 4 66 66 25 20 18 10 12 32 35 45 55 16 8 8 5 
5430500 5430723 0 0 0 -5 -11 0 -7 -14 -3 46 7 63 63 25 20 18 10 12 32 35 45 55 16 8 8 5 
5466500 5466704 0 0 0 -6 -9 0 -6 -9 -2 47 2 65 65 25 20 18 10 12 32 35 45 55 16 8 8 5 
6123500 6123572 0 0 0 2 -4 0 1 -6 6 55 7 66 69 25 20 18 10 14 34 35 45 55 16 8 8 5 
6138000 6138033 0 0 0 3 -13 0 3 -16 6 55 19 78 81 25 20 18 10 14 34 35 45 55 16 9 8 5 
6153500 6153654 0 0 0 1 -7 0 1 -9 6 55 9 64 64 25 20 18 10 14 34 35 45 55 16 8 8 5 
6380000 6380046 0 0 0 3 -4 0 -5 -10 0 49 6 66 65 25 20 18 10 14 34 35 45 55 16 8 8 5 
6394500 6394618 0 0 0 0 -8 0 -3 -11 1 50 8 66 71 25 20 18 10 14 34 35 45 55 16 8 9 5 
6592500 6592527 0 0 0 -2 -11 0 -4 -14 1 50 11 71 69 25 20 18 10 13 33 35 45 55 16 9 9 5 
6608000 6608079 0 0 0 -23 -37 0 -24 -44 -19 30 19 92 94 25 20 19 10 13 33 35 45 55 16 11 12 5 
6642000 6642122 0 0 0 -2 -26 0 0 -26 5 54 25 104 103 25 20 19 10 12 30 35 45 55 16 13 13 5 
6719500 6719621 0 0 0 -6 -18 0 -5 -17 1 50 14 72 68 25 20 20 10 12 32 35 45 55 16 9 9 5 
6865000 6865084 0 0 0 -2 -21 0 -3 -22 1 50 19 62 63 25 20 20 10 11 31 35 45 55 16 8 8 5 
7357500 7357516 0 0 0 2 -10 0 1 -10 7 56 12 61 60 25 20 20 10 12 32 35 45 55 16 8 8 5 
7884500 7884574 0 0 0 0 -11 0 -3 -15 3 52 12 61 60 25 20 20 10 12 32 35 45 55 16 8 8 5 
8024000 8024018 0 0 0 4 -7 0 1 -9 8 57 11 64 64 25 20 20 10 12 32 35 45 55 16 8 8 5 
8040500 8040638 0 0 0 -1 -7 0 -3 -9 0 49 7 62 62 25 20 20 10 13 33 35 45 55 16 8 8 5 
8998000 8998131 0 0 0 -2 -7 0 -3 -8 1 50 5 60 60 25 20 20 10 14 34 35 45 55 16 8 7 5 
9050500 9050719 0 0 0 -2 -9 0 -4 -11 3 52 8 61 61 25 20 20 10 14 34 35 45 55 16 8 8 5 
9066500 9066582 0 0 0 -9 -14 0 -9 -13 -3 46 5 65 64 25 20 20 10 14 34 35 45 55 16 8 8 5 
9078500 9078692 0 0 0 -1 -9 0 -2 -10 3 52 8 61 62 25 20 20 10 13 33 35 45 55 16 8 8 5 
9180000 9180217 0 0 0 -7 -9 0 -11 -11 -6 43 0 61 58 25 20 20 10 13 33 35 45 55 16 7 8 5 
9570000 9570128 0 0 0 -7 -12 0 -10 -15 -5 44 4 61 62 25 20 20 10 13 33 35 45 55 16 8 8 5 
9875500 9875644 0 0 0 -18 -22 0 -18 -21 -14 35 3 62 63 25 20 20 10 14 34 35 45 55 16 8 8 5 
9888000 9888183 0 0 0 -15 -20 0 -13 -23 -6 43 11 65 63 25 20 20 10 14 34 35 45 55 16 7 8 5 
9915000 9915096 0 0 0 -7 -20 0 -10 -24 -4 45 15 68 64 25 20 20 10 14 34 35 45 55 16 9 8 5 
10415500 10415549 0 0 0 1 -11 0 1 -12 6 55 13 65 61 25 20 20 10 12 32 35 45 55 16 9 8 5 
10447500 10447592 0 0 0 -8 -26 0 -9 -26 -4 45 17 75 77 25 20 20 10 12 32 35 45 55 16 8 9 5 
10522500 10522575 0 0 0 -1 -14 0 -3 -15 3 52 13 66 69 25 20 20 10 11 31 35 45 55 16 7 7 5 
10731500 10731615 0 0 0 2 -13 0 -1 -16 4 53 14 67 63 25 20 19 10 11 31 35 45 55 16 9 8 5 
11113000 11113116 0 0 0 -1 -20 0 -2 -22 2 51 20 71 76 25 20 19 10 11 31 35 45 55 16 9 7 5 
11167500 11167516 0 0 0 1 -21 0 2 -21 7 56 23 70 66 25 20 19 10 11 31 35 45 55 16 9 9 5 
11240500 11240565 0 0 0 -2 -22 0 -1 -23 4 53 22 72 74 25 20 19 10 10 30 35 45 55 16 7 7 5 
11706500 11706545 0 0 0 0 -19 0 -1 -19 3 52 17 68 67 25 20 19 10 12 32 35 45 55 16 9 9 5 
13010500 13010646 0 0 0 0 -29 0 -4 -34 1 50 29 90 89 25 20 18 10 11 31 35 45 55 16 12 12 5 
14047500 14048197 0 0 0 -1 -10 0 -8 -14 -4 45 6 90 98 25 20 18 10 12 32 35 45 55 16 6 10 5 
14391500 14391623 0 0 0 0 -19 0 -5 -22 1 50 19 85 91 25 20 19 10 10 30 35 45 55 16 8 10 5 
14797500 14797563 0 0 0 2 -18 0 3 -17 9 58 22 75 70 25 20 19 10 12 32 35 45 55 16 9 9 5 
15043000 15043038 0 0 0 1 -17 0 3 -15 9 58 17 73 65 25 20 18 10 12 32 35 45 55 16 9 1 5 
30000 30011 1 0 0 -7 6 0 -7 6 -7 -37 -15 96 102 25 20 18 10 13 31 35 45 55 16 12 12 5 
94000 94135 1 -1 1 -62 -29 -54 -59 -30 -57 -87 -28 109 113 25 20 18 10 11 27 35 45 55 16 11 11 5 
206500 206540 1 2 1 -163 -130 -153 -168 -133 -165 -195 -34 119 117 25 20 17 10 11 27 35 45 55 16 15 16 5 
422000 423786 1 -3 1 -58 -37 -46 -46 -25 -45 -75 -23 100 128 25 20 17 10 11 26 35 45 55 16 0 12 5 
663500 663579 1 0 0 -16 2 0 -19 -2 -16 -46 -15 110 108 25 20 18 10 11 29 35 45 55 16 14 14 5 
1914500 1914643 1 0 0 9 33 0 7 30 11 -19 -22 90 73 25 20 18 10 11 31 35 45 55 16 10 11 5 
2458000 2458068 1 0 -1 0 28 0 -3 26 0 -30 -28 77 75 25 20 18 10 12 32 35 45 55 16 10 10 5 
3155500 3155559 1 0 0 0 28 0 -3 26 0 -30 -28 75 72 25 20 17 10 12 32 35 45 55 16 9 10 5 
3372500 3372508 1 -1 1 -46 -12 -51 -58 -14 -58 -88 -45 111 75 25 20 19 10 11 31 35 45 55 16 12 14 5 
3384000 3384076 1 2 1 -107 -69 -113 -117 -76 -115 -145 -40 114 115 25 20 19 10 11 27 35 45 55 16 14 14 5 
3395500 3395555 1 -3 1 -43 -35 -49 -49 -44 -47 -77 -5 107 134 25 20 19 10 11 26 35 45 55 16 2 8 5 
3445500 3445749 1 -1 1 -44 9 -52 -53 6 -49 -79 -58 102 86 25 20 18 10 11 31 35 45 55 16 7 9 5 
3453500 3453687 1 2 1 -100 -44 -107 -107 -53 -105 -135 -54 111 111 25 20 18 10 11 27 35 45 55 16 8 12 5 
3463500 3464830 1 -3 1 -33 -19 -41 -3 15 -1 -31 -19 98 127 25 20 19 10 11 26 35 45 55 16 0 10 5 
3506500 3506530 1 -1 1 -46 -16 -55 -50 -22 -48 -78 -28 104 107 25 20 20 10 11 29 35 45 55 16 11 12 5 
3513500 3513619 1 2 1 -135 -87 -144 -138 -96 -135 -165 -41 115 115 25 20 20 10 11 27 35 45 55 16 15 15 5 
3567500 3567588 1 -3 1 -39 -6 -49 -43 -5 -40 -70 -38 101 69 25 20 18 10 11 31 35 45 55 16 13 12 5 
3579500 3579922 1 -1 1 -41 -7 -52 -55 -19 -55 -85 -36 100 71 25 20 19 10 10 30 35 45 55 16 8 9 5 
3585000 3585189 1 2 1 -105 -55 -116 -113 -58 -111 -141 -55 107 102 25 20 19 10 10 28 35 45 55 16 10 12 5 
3592000 3592130 1 -3 1 -33 6 -44 -21 16 -19 -49 -37 96 117 25 20 19 10 10 26 35 45 55 16 10 11 5 
3642500 3643016 1 -1 1 -51 -23 -64 -75 -43 -73 -103 -33 90 91 25 20 20 10 11 31 35 45 55 16 5 8 5 
3648000 3648067 1 2 1 -210 -137 -222 -215 -143 -212 -242 -72 100 103 25 20 22 10 14 32 35 45 55 16 13 13 5 
3655000 3655648 1 -3 1 -30 -16 -43 -1 7 2 -28 -8 78 81 25 20 21 10 14 34 35 45 55 16 0 7 5 
3718000 3718056 1 0 0 14 30 0 21 39 23 -7 -18 70 66 25 20 19 10 14 34 35 45 55 16 8 4 5 
3757500 3757571 1 0 0 36 24 0 34 21 36 6 13 66 64 25 20 19 10 14 34 35 45 55 16 8 9 5 
3990000 3990005 1 0 0 92 78 0 90 76 93 63 13 64 64 25 20 18 10 13 33 35 45 55 16 8 8 5 
4081500 4081732 1 0 0 94 82 0 92 80 93 63 11 63 63 25 20 18 10 13 33 35 45 55 16 8 8 5 
4297500 4297533 1 0 0 99 93 0 97 92 100 70 4 64 64 25 20 18 10 13 33 35 45 55 16 8 8 5 
4532000 4532071 1 0 0 103 99 0 102 99 104 74 3 64 64 25 20 18 10 13 33 35 45 55 16 8 8 5 
4879500 4879703 1 0 0 109 102 0 108 100 108 78 8 65 65 25 20 18 10 13 33 35 45 55 16 8 8 5 
4893500 4893688 1 0 0 106 102 0 104 99 106 76 5 66 66 25 20 18 10 13 33 35 45 55 16 8 8 5 
4899500 4899527 1 0 0 65 79 0 58 73 59 29 -16 73 76 25 20 18 10 13 33 35 45 55 16 9 9 5 
4907000 4907131 1 0 0 102 98 0 103 99 106 76 4 66 64 25 20 18 10 13 33 35 45 55 16 8 8 5 
4921000 4921096 1 0 0 94 101 0 96 100 98 68 -3 66 65 25 20 18 10 13 33 35 45 55 16 8 8 5 
4925500 4925607 1 0 0 53 69 0 48 65 50 20 -18 73 77 25 20 18 10 13 33 35 45 55 16 9 10 5 
4929500 4929706 1 0 0 88 95 0 89 95 92 62 -6 64 62 25 20 18 10 13 33 35 45 55 16 8 8 5 
4967000 4967100 1 0 0 98 95 0 97 93 98 68 3 65 66 25 20 18 10 13 33 35 45 55 16 8 8 5 
5254500 5254690 1 0 0 86 97 0 86 95 87 57 -10 67 67 25 20 18 10 13 33 35 45 55 16 8 8 5 
5330000 5330047 1 0 0 81 95 0 79 92 82 52 -12 67 66 25 20 18 10 12 32 35 45 55 16 9 8 5 
5338500 5338705 1 0 0 78 91 0 78 90 79 49 -14 69 70 25 20 18 10 12 32 35 45 55 16 9 9 5 
5343000 5343003 1 13 0 14 60 -14 5 54 8 -22 -47 76 76 25 20 18 10 12 32 35 45 55 16 7 7 5 
5345500 5347030 1 0 0 -1 59 0 10 69 12 -18 -59 81 87 25 20 18 10 12 32 35 45 55 16 2 9 5 
5348500 5348664 1 13 0 41 82 6 41 83 43 13 -43 78 88 25 20 18 10 12 32 35 45 55 16 8 9 5 
5352500 5352714 1 0 0 84 94 0 83 91 86 56 -9 68 65 25 20 18 10 12 32 35 45 55 16 8 8 5 
5414000 5414186 1 0 0 94 104 0 92 102 94 64 -9 66 66 25 20 18 10 12 32 35 45 55 16 8 8 5 
5420500 5420574 1 0 0 61 85 0 60 83 62 32 -23 74 75 25 20 18 10 12 32 35 45 55 16 8 10 5 
5424500 5424732 1 0 0 94 100 0 93 99 95 65 -7 66 64 25 20 18 10 12 32 35 45 55 16 8 8 5 
5430500 5430723 1 0 0 89 93 0 88 91 89 59 -3 63 63 25 20 18 10 12 32 35 45 55 16 8 8 5 
5468500 5468550 1 0 0 84 90 0 82 88 85 55 -6 65 63 25 20 18 10 12 32 35 45 55 16 8 8 5 
6132000 6132245 1 0 0 99 92 0 96 86 101 71 11 66 70 25 20 18 10 14 34 35 45 55 16 8 8 5 
6139000 6139509 1 0 0 6 52 0 7 57 9 -21 -52 80 88 25 20 18 10 14 34 35 45 55 16 8 7 5 
6141500 6141691 1 13 0 15 58 -20 29 68 32 2 -39 79 82 25 20 18 10 14 34 35 45 55 16 6 10 5 
6146500 6146733 1 0 0 94 100 0 93 98 95 65 -5 65 63 25 20 18 10 14 34 35 45 55 16 8 8 5 
6155500 6155538 1 0 0 101 102 0 100 101 102 72 -2 63 61 25 20 18 10 14 34 35 45 55 16 8 8 5 
6380000 6380046 1 0 0 86 94 0 87 94 90 60 -6 66 65 25 20 18 10 14 34 35 45 55 16 8 8 5 
6383500 6383610 1 13 0 21 58 -17 9 49 12 -18 -40 74 75 25 20 18 10 14 34 35 45 55 16 7 9 5 
6385500 6385531 1 0 0 12 51 0 10 50 12 -18 -40 79 80 25 20 18 10 14 34 35 45 55 16 9 10 5 
6391000 6391111 1 0 0 92 94 0 91 92 94 64 0 67 64 25 20 18 10 14 34 35 45 55 16 8 8 5 
6394500 6394618 1 0 0 99 98 0 98 98 101 71 1 66 71 25 20 18 10 14 34 35 45 55 16 8 9 5 
6596000 6596138 1 0 0 90 100 0 86 96 86 56 -10 71 71 25 20 18 10 13 33 35 45 55 16 9 9 5 
6600500 6600661 1 13 0 75 102 7 68 109 71 41 -40 78 41 25 20 19 10 13 33 35 45 55 16 8 7 5 
6609500 6609577 1 0 0 23 72 0 24 72 26 -4 -47 91 93 25 20 19 10 13 33 35 45 55 16 12 12 5 
6640500 6640544 1 0 0 16 46 0 15 45 17 -13 -31 105 103 25 20 19 10 12 30 35 45 55 16 14 13 5 
6720000 6720060 1 0 0 40 71 0 36 67 39 9 -30 72 82 25 20 20 10 12 32 35 45 55 16 9 9 5 
6868500 6868690 1 0 0 70 92 0 68 90 71 41 -22 62 61 25 20 20 10 11 31 35 45 55 16 8 8 5 
7363000 7363094 1 0 0 58 87 0 57 86 59 29 -30 63 60 25 20 20 10 12 32 35 45 55 16 8 8 5 
7888000 7888074 1 0 0 67 97 0 63 93 66 36 -29 61 60 25 20 20 10 12 32 35 45 55 16 7 8 5 
8024000 8024018 1 0 0 75 96 0 75 94 78 48 -19 64 64 25 20 20 10 12 32 35 45 55 16 8 8 5 
8028500 8028616 1 0 0 33 59 0 18 44 19 -11 -27 71 75 25 20 20 10 13 33 35 45 55 16 7 2 5 
8031500 8031628 1 13 0 53 90 2 58 94 60 30 -37 75 74 25 20 20 10 13 33 35 45 55 16 7 9 5 
8037500 8037723 1 0 0 89 116 0 89 114 91 61 -25 63 63 25 20 20 10 13 33 35 45 55 16 8 8 5 
8992500 8992650 1 0 0 94 105 0 92 104 96 66 -10 60 60 25 20 20 10 14 34 35 45 55 16 7 8 5 
9054500 9054697 1 0 0 95 99 0 93 97 96 66 -4 62 60 25 20 20 10 14 34 35 45 55 16 8 7 5 
9061000 9061215 1 0 0 24 63 0 9 52 11 -19 -44 74 72 25 20 20 10 14 34 35 45 55 16 6 8 5 
9067000 9067056 1 0 0 110 114 0 108 113 111 81 -5 64 63 25 20 20 10 14 34 35 45 55 16 8 8 5 
9086000 9086064 1 0 0 108 112 0 104 108 105 75 -4 61 60 25 20 20 10 13 33 35 45 55 16 8 8 5 
9176000 9176242 1 0 0 97 105 0 91 103 92 62 -13 60 59 25 20 20 10 13 33 35 45 55 16 7 8 5 
9564500 9564629 1 0 0 96 100 0 94 96 96 66 -2 60 60 25 20 20 10 13 33 35 45 55 16 8 7 5 
9871000 9871020 1 0 0 99 96 0 98 93 100 70 5 61 61 25 20 20 10 14 34 35 45 55 16 8 8 5 
9881000 9881061 1 13 0 56 72 -12 40 62 42 12 -21 77 76 25 20 20 10 14 34 35 45 55 16 3 7 5 
9887500 9887662 1 0 0 48 86 0 47 84 49 19 -37 66 57 25 20 20 10 14 34 35 45 55 16 8 8 5 
10423000 10423235 1 0 0 64 88 0 61 85 63 33 -24 63 66 25 20 20 10 12 32 35 45 55 16 8 8 5 
10438000 10438037 1 13 0 51 84 20 53 87 55 25 -35 71 66 25 20 20 10 12 32 35 45 55 16 9 7 5 
10448500 10448600 1 0 0 8 44 0 7 40 9 -21 -31 74 75 25 20 20 10 12 32 35 45 55 16 7 9 5 
10524500 10524654 1 0 0 36 72 0 33 69 35 5 -37 65 65 25 20 20 10 11 31 35 45 55 16 7 8 5 
10731500 10731615 1 0 0 26 62 0 25 62 26 -4 -39 67 63 25 20 19 10 11 31 35 45 55 16 9 8 5 
11105500 11105657 1 0 0 24 54 0 23 53 26 -4 -29 70 67 25 20 19 10 11 31 35 45 55 16 9 9 5 
11171000 11171124 1 0 0 29 61 0 28 58 29 -1 -32 72 67 25 20 19 10 11 31 35 45 55 16 9 9 5 
11236000 11236169 1 0 0 15 53 0 12 51 15 -15 -39 71 66 25 20 19 10 10 30 35 45 55 16 9 8 5 
11712000 11712197 1 0 0 10 35 0 7 32 8 -22 -25 70 65 25 20 19 10 12 32 35 45 55 16 7 9 5 
13020000 13020079 1 0 0 -25 3 0 -22 5 -21 -51 -28 90 88 25 20 18 10 11 31 35 45 55 16 12 8 5 
13545500 13545634 1 -1 1 -65 -39 -53 -69 -40 -68 -98 -29 105 103 25 20 18 10 12 30 35 45 55 16 8 13 5 
13553000 13553265 1 2 1 -102 -56 -90 -111 -57 -109 -139 -53 108 106 25 20 18 10 12 30 35 45 55 16 8 11 5 
13578500 13578705 1 -3 1 -61 -33 -50 -64 -33 -60 -90 -30 105 106 25 20 19 10 13 31 35 45 55 16 10 9 5 
14049500 14049825 1 0 0 0 32 0 -5 32 -3 -33 -38 91 95 25 20 18 10 12 32 35 45 55 16 9 7 5 
14390500 14390723 1 0 0 -2 25 0 -8 17 -5 -35 -25 85 82 25 20 19 10 10 30 35 45 55 16 10 8 5 
14438000 14438008 1 -1 1 -52 -13 -54 -51 -15 -49 -79 -37 100 99 25 20 19 10 10 30 35 45 55 16 12 7 5 
14502000 14502250 1 2 1 -219 -152 -226 -224 -158 -221 -251 -64 104 104 25 20 19 10 10 28 35 45 55 16 12 9 5 
14702500 14702522 1 -3 1 -28 0 -50 -25 7 -24 -54 -33 97 101 25 20 19 10 11 29 35 45 55 16 12 12 5 
14788000 14788201 1 0 0 29 44 0 27 43 29 -1 -15 75 82 25 20 19 10 12 32 35 45 55 16 9 10 5 
15000000 15000080 1 0 0 36 57 0 34 55 38 8 -21 75 71 25 20 18 10 12 32 35 45 55 16 9 9 5 
15096500 15096649 1 -1 1 -14 27 -50 -15 26 -13 -43 -40 92 90 25 20 19 10 11 31 35 45 55 16 12 12 5 
15125500 15125571 1 2 1 -70 -26 -106 -95 -51 -94 -124 -45 101 105 25 20 19 10 10 28 35 45 55 16 11 11 5 
15161500 15161612 1 -3 1 -11 13 -48 -18 7 -16 -46 -26 101 99 25 20 19 10 10 30 35 45 55 16 12 10 5 
30000 30011 2 0 0 -59 -39 7 -60 -41 -61 -69 -17 96 102 25 20 18 10 13 31 35 45 55 16 12 12 5 
97000 97033 2 -1 7 -8 36 50 -21 38 -23 -31 -60 115 108 25 20 18 10 11 29 35 45 55 16 13 15 5 
111000 111118 2 2 7 52 96 110 52 99 50 42 -47 123 124 25 20 17 10 12 27 35 45 55 16 16 16 5 
216500 216556 2 -3 7 -8 39 49 -6 43 -8 -16 -49 112 113 25 20 17 10 10 26 35 45 55 16 15 13 5 
357000 357021 2 -1 7 -5 48 50 -4 45 -5 -13 -49 122 121 25 20 18 10 11 26 35 45 55 16 14 15 5 
370500 370534 2 2 7 33 43 88 25 30 23 15 -5 122 122 25 20 18 10 11 26 35 45 55 16 16 16 5 
417000 417041 2 -3 7 -8 53 46 -16 54 -19 -27 -71 103 85 25 20 17 10 11 31 35 45 55 16 13 0 5 
590000 590054 2 -1 7 6 40 59 -6 22 -8 -16 -29 98 128 25 20 17 10 12 27 35 45 55 16 6 9 5 
620000 620123 2 2 7 133 172 185 133 169 130 122 -38 103 109 25 20 19 10 11 29 35 45 55 16 13 13 5 
644500 644573 2 -3 7 -6 16 46 -28 -6 -29 -37 -22 112 114 25 20 19 10 11 27 35 45 55 16 14 15 5 
664500 664552 2 0 0 -66 -41 0 -68 -43 -72 -80 -26 110 117 25 20 18 10 11 31 35 45 55 16 12 12 5 
1394000 1394009 2 -1 7 40 86 63 48 92 47 39 -42 106 115 25 20 18 10 12 28 35 45 55 16 6 15 5 
1414500 1414608 2 2 7 110 157 132 111 154 110 102 -42 100 107 25 20 18 10 11 29 35 45 55 16 13 11 5 
1421500 1423748 2 -3 7 20 50 42 -23 2 -22 -30 -23 97 128 25 20 18 10 11 26 35 45 55 16 0 12 5 
1940500 1940582 2 0 0 -2 22 0 -6 15 -7 -15 -21 84 57 25 20 17 10 12 32 35 45 55 16 11 9 5 
1978000 1978067 2 -1 7 55 100 56 56 102 55 47 -46 100 109 25 20 17 10 11 29 35 45 55 16 12 14 5 
1985500 1985522 2 2 7 119 173 121 114 167 112 104 -53 105 108 25 20 18 10 10 28 35 45 55 16 14 13 5 
1991500 1993280 2 -3 7 45 68 46 2 -2 0 -8 5 87 68 25 20 18 10 10 30 35 45 55 16 0 1 5 
2458000 2458068 2 0 -1 0 22 0 1 21 0 -8 -21 77 75 25 20 18 10 12 32 35 45 55 16 10 10 5 
3155500 3155559 2 0 0 -21 5 0 -24 2 -25 -33 -25 75 72 25 20 17 10 12 32 35 45 55 16 9 10 5 
3372000 3372049 2 -1 7 48 77 60 33 77 32 24 -44 108 76 25 20 19 10 11 31 35 45 55 16 11 13 5 
3374500 3374579 2 2 7 105 134 117 113 138 111 103 -26 119 122 25 20 19 10 11 26 35 45 55 16 14 16 5 
3390500 3395136 2 -3 7 35 97 47 -76 -37 -77 -85 -39 108 136 25 20 19 10 11 26 35 45 55 16 0 8 5 
3541500 3543827 2 -1 1 -57 -17 -51 -90 -69 -91 -99 -22 100 90 25 20 19 10 10 30 35 45 55 16 0 10 5 
3562000 3562064 2 2 1 -150 -91 -145 -156 -89 -157 -165 -65 103 102 25 20 18 10 11 29 35 45 55 16 11 10 5 
3572000 3572240 2 -3 1 -54 -10 -49 -66 -9 -69 -77 -58 102 86 25 20 18 10 11 31 35 45 55 16 12 12 5 
3638500 3640377 2 -1 1 62 47 -50 62 42 61 53 22 78 76 25 20 18 10 13 33 35 45 55 16 8 8 5 
3648500 3648514 2 2 1 -231 -109 -229 -240 -107 -243 -251 -135 98 97 25 20 22 10 14 34 35 45 55 16 13 13 5 
3671500 3671552 2 -3 1 -41 -80 -40 -52 -96 -54 -62 45 78 77 25 20 20 10 13 33 35 45 55 16 7 6 5 
3755500 3755687 2 0 0 156 129 0 179 139 177 169 40 66 63 25 20 18 10 13 33 35 45 55 16 8 8 5 
3984500 3984598 2 0 0 141 108 0 145 112 143 135 34 64 64 25 20 18 10 13 33 35 45 55 16 8 8 5 
4058500 4058529 2 0 0 129 80 0 124 75 122 114 49 64 64 25 20 18 10 13 33 35 45 55 16 8 8 5 
4063000 4063170 2 0 0 62 47 -2 62 42 61 53 22 67 67 25 20 18 10 13 33 35 45 55 16 8 8 5 
4064500 4064522 2 13 0 72 63 -11 50 51 47 39 -1 68 67 25 20 18 10 13 33 35 45 55 16 7 9 5 
4068500 4068555 2 0 0 141 108 17 145 112 143 135 34 63 61 25 20 18 10 13 33 35 45 55 16 8 8 5 
4082000 4082210 2 0 0 130 89 0 127 89 125 117 37 63 64 25 20 18 10 13 33 35 45 55 16 8 8 5 
4293500 4293537 2 0 0 139 103 0 135 99 132 124 35 64 63 25 20 18 10 13 33 35 45 55 16 8 8 5 
4530000 4530192 2 0 0 159 117 0 152 112 151 143 39 64 64 25 20 18 10 13 33 35 45 55 16 8 8 5 
4878500 4878538 2 0 0 169 121 5 163 116 160 152 46 65 64 25 20 18 10 13 33 35 45 55 16 8 8 5 
4893500 4893688 2 0 0 178 131 10 171 127 169 161 45 66 66 25 20 18 10 13 33 35 45 55 16 8 8 5 
4898000 4898091 2 13 0 98 107 -16 93 106 91 83 -14 72 72 25 20 18 10 13 33 35 45 55 16 9 9 5 
4900000 4900134 2 0 0 140 127 0 138 125 137 129 12 74 74 25 20 18 10 12 32 35 45 55 16 8 8 5 
4907500 4907597 2 0 0 159 126 0 158 124 159 151 35 65 64 25 20 18 10 13 33 35 45 55 16 8 8 5 
4921000 4921096 2 0 0 156 129 3 179 139 177 169 40 66 65 25 20 18 10 13 33 35 45 55 16 8 8 5 
4924000 4924186 2 13 0 54 66 -39 38 54 36 28 -16 72 74 25 20 18 10 13 33 35 45 55 16 9 9 5 
4926000 4926005 2 0 0 155 110 0 155 104 152 144 51 72 78 25 20 18 10 14 34 35 45 55 16 8 8 5 
4930000 4930192 2 0 0 86 113 0 73 105 72 64 -32 64 62 25 20 18 10 12 32 35 45 55 16 8 10 5 
4955500 4955648 2 0 0 130 101 0 125 96 123 115 28 65 72 25 20 18 10 13 33 35 45 55 16 8 8 5 
5241500 5241684 2 0 0 151 122 0 149 121 148 140 28 68 68 25 20 18 10 14 34 35 45 55 16 8 9 5 
5330500 5330501 2 0 0 105 86 0 102 82 101 93 20 67 66 25 20 18 10 12 32 35 45 55 16 8 8 5 
5337500 5337628 2 0 0 112 89 0 109 86 108 100 23 69 70 25 20 18 10 12 32 35 45 55 16 9 9 5 
5342500 5342800 2 13 0 13 57 -32 17 62 16 8 -43 74 74 25 20 18 10 12 32 35 45 55 16 7 7 5 
5345000 5345077 2 0 0 126 120 0 123 116 121 113 7 80 83 25 20 18 10 14 34 35 45 55 16 9 8 5 
5352500 5352714 2 0 0 128 121 -2 122 113 121 113 10 68 65 25 20 18 10 12 32 35 45 55 16 8 8 5 
5415000 5415103 2 0 0 140 127 14 138 125 137 129 12 66 66 25 20 18 10 12 32 35 45 55 16 8 8 5 
5419000 5419349 2 13 0 85 118 -16 76 120 75 67 -43 71 71 25 20 18 10 12 32 35 45 55 16 7 9 5 
5420500 5420574 2 0 0 -42 19 0 -65 10 -68 -76 -77 74 75 25 20 18 10 14 34 35 45 55 16 7 9 5 
5424000 5424027 2 0 0 121 102 6 117 97 115 107 19 67 64 25 20 18 10 12 32 35 45 55 16 9 8 5 
5430000 5430007 2 0 0 129 84 0 126 79 124 116 47 63 63 25 20 18 10 13 33 35 45 55 16 8 8 5 
5469500 5469716 2 0 0 104 74 -1 102 69 100 92 33 64 65 25 20 18 10 12 32 35 45 55 16 8 8 5 
6132000 6132245 2 0 0 155 110 6 155 104 152 144 51 66 70 25 20 18 10 14 34 35 45 55 16 8 8 5 
6138500 6138579 2 0 0 -45 19 0 -31 24 -32 -40 -54 80 80 25 20 18 10 14 34 35 45 55 16 10 8 5 
6141000 6141691 2 13 0 -4 46 -13 49 81 48 40 -31 80 82 25 20 18 10 14 34 35 45 55 16 6 10 5 
6146500 6146733 2 0 0 126 99 0 123 94 121 113 28 65 63 25 20 18 10 14 34 35 45 55 16 8 8 5 
6155500 6155538 2 0 0 139 95 0 136 93 135 127 45 63 61 25 20 18 10 14 34 35 45 55 16 8 8 5 
6379500 6379587 2 0 0 112 86 -4 111 87 109 101 24 66 67 25 20 18 10 14 34 35 45 55 16 8 8 5 
6383500 6383610 2 13 0 -39 12 -28 -51 -3 -53 -61 -48 74 75 25 20 18 10 14 34 35 45 55 16 7 9 5 
6384500 6384778 2 0 0 -42 19 -24 -65 10 -68 -76 -77 77 79 25 20 18 10 14 34 35 45 55 16 7 9 5 
6390500 6390642 2 0 0 106 89 0 105 81 105 97 26 68 70 25 20 20 10 14 34 35 45 55 16 8 1 5 
6395000 6395052 2 0 0 148 116 0 146 111 145 137 35 66 66 25 20 18 10 14 34 35 45 55 16 8 8 5 
6592500 6592527 2 0 0 109 131 0 107 129 106 98 -21 71 69 25 20 20 10 13 33 35 45 55 16 8 8 5 
6600500 6600661 2 13 0 26 69 -44 5 68 5 -3 -64 78 41 25 20 19 10 13 33 35 45 55 16 8 7 5 
6605000 6605121 2 0 0 32 99 0 28 95 26 18 -67 90 86 25 20 19 10 13 33 35 45 55 16 8 10 5 
6644500 6644596 2 0 0 35 62 0 26 58 25 17 -34 101 99 25 20 19 10 12 32 35 45 55 16 12 11 5 
6719000 6719220 2 0 0 152 120 0 147 114 147 139 34 72 81 25 20 20 10 14 34 35 45 55 16 8 8 5 
6868500 6868690 2 0 0 45 73 0 47 75 46 38 -28 62 61 25 20 20 10 11 31 35 45 55 16 8 8 5 
7357500 7357516 2 0 0 60 97 7 57 96 56 48 -39 61 60 25 20 20 10 12 32 35 45 55 16 8 8 5 
7886000 7886064 2 0 0 56 99 0 54 96 52 44 -42 61 59 25 20 20 10 12 32 35 45 55 16 8 7 5 
8025500 8025666 2 0 0 101 111 11 90 108 88 80 -17 65 65 25 20 20 10 13 33 35 45 55 16 8 8 5 
8037500 8037723 2 0 0 109 131 0 107 129 106 98 -21 63 63 25 20 20 10 13 33 35 45 55 16 8 8 5 
8992500 8992650 2 0 0 116 96 0 112 93 110 102 19 60 60 25 20 20 10 14 34 35 45 55 16 7 8 5 
9056000 9056184 2 0 0 106 89 3 105 81 105 97 26 65 61 25 20 20 10 14 34 35 45 55 16 8 1 5 
9061500 9061614 2 0 0 49 83 0 30 70 28 20 -39 74 83 25 20 20 10 14 34 35 45 55 16 8 8 5 
9067000 9067056 2 0 0 152 120 4 147 114 147 139 34 64 63 25 20 20 10 14 34 35 45 55 16 8 8 5 
9082500 9082614 2 0 0 148 116 0 146 111 145 137 35 61 60 25 20 18 10 14 34 35 45 55 16 8 8 5 
9174500 9174743 2 0 0 149 112 0 147 111 146 138 37 60 61 25 20 18 10 14 34 35 45 55 16 8 8 5 
9566000 9566130 2 0 0 119 90 0 114 85 111 103 27 60 60 25 20 20 10 13 33 35 45 55 16 8 7 5 
9870000 9870039 2 0 0 127 91 0 122 84 120 112 37 61 61 25 20 20 10 14 34 35 45 55 16 8 8 5 
9880500 9880666 2 13 0 116 88 -15 112 81 109 101 30 74 75 25 20 20 10 13 33 35 45 55 16 8 7 5 
9887500 9887662 2 0 0 46 96 0 44 90 41 33 -47 66 57 25 20 20 10 14 34 35 45 55 16 8 8 5 
10421000 10421096 2 0 0 47 74 0 48 70 45 37 -24 63 63 25 20 20 10 12 32 35 45 55 16 8 8 5 
10447500 10447592 2 0 0 31 69 0 30 66 29 21 -35 75 77 25 20 20 10 12 32 35 45 55 16 8 9 5 
10524500 10524654 2 0 0 29 69 0 24 65 22 14 -41 65 65 25 20 20 10 11 31 35 45 55 16 7 8 5 
10732500 10732509 2 0 0 20 60 0 23 57 22 14 -33 67 61 25 20 19 10 11 31 35 45 55 16 9 8 5 
11105500 11105657 2 0 0 27 50 0 26 50 24 16 -24 70 67 25 20 19 10 11 31 35 45 55 16 9 9 5 
11171000 11171124 2 0 0 -2 21 0 -4 18 -4 -12 -22 72 67 25 20 19 10 12 32 35 45 55 16 8 8 5 
11241500 11241620 2 0 0 -5 43 0 -6 38 -8 -16 -45 71 69 25 20 19 10 10 30 35 45 55 16 7 9 5 
11708500 11708532 2 0 0 -53 -29 0 -52 -31 -54 -62 -21 68 68 25 20 18 10 12 32 35 45 55 16 10 9 5 
13020000 13020079 2 0 0 -53 -31 -11 -49 -29 -50 -58 -18 90 88 25 20 18 10 11 31 35 45 55 16 12 8 5 
13078000 13078110 2 -1 1 -104 -77 -51 -112 -81 -112 -120 -29 100 99 25 20 18 10 11 31 35 45 55 16 12 13 5 
13128500 13128606 2 2 1 -211 -188 -158 -223 -196 -224 -232 -26 103 106 25 20 18 10 11 29 35 45 55 16 11 13 5 
13208000 13208126 2 -3 1 -1 27 -50 0 28 -2 -10 -29 92 94 25 20 18 10 12 32 35 45 55 16 9 10 5 
13216000 13216150 2 -1 1 -107 -100 -54 -122 -128 -124 -132 6 93 90 25 20 18 10 12 32 35 45 55 16 10 11 5 
13284000 13284195 2 2 1 -184 -136 -131 -181 -135 -183 -191 -45 101 99 25 20 19 10 10 30 35 45 55 16 10 12 5 
13322500 13322626 2 -3 1 -101 -78 -48 -114 -88 -118 -126 -27 95 93 25 20 18 10 11 31 35 45 55 16 11 12 5 
13460500 13460655 2 -1 1 -104 -97 -51 -99 -99 -101 -109 0 97 103 25 20 18 10 11 29 35 45 55 16 12 13 5 
13558500 13558502 2 2 1 -204 -163 -151 -235 -193 -237 -245 -43 108 105 25 20 19 10 13 31 35 45 55 16 12 9 5 
13612500 13613259 2 -3 1 -102 -76 -50 -105 -59 -107 -115 -46 103 103 25 20 19 10 13 31 35 45 55 16 7 8 5 
13857500 13857535 2 -1 1 -111 -93 -58 -118 -98 -120 -128 -20 101 105 25 20 19 10 11 29 35 45 55 16 13 12 5 
13866500 13866594 2 2 1 -138 -120 -85 -148 -125 -150 -158 -23 107 102 25 20 19 10 11 29 35 45 55 16 14 13 5 
13917000 13917003 2 -3 1 -102 -88 -50 -109 -97 -110 -118 -11 104 103 25 20 19 10 11 29 35 45 55 16 12 14 5 
13950000 13950056 2 -1 1 -104 -74 -51 -93 -62 -97 -105 -32 101 101 25 20 19 10 11 29 35 45 55 16 11 13 5 
13962500 13962620 2 2 1 -163 -111 -111 -173 -116 -174 -182 -57 103 101 25 20 19 10 11 29 35 45 55 16 10 13 5 
14004500 14004625 2 -3 1 -100 -83 -47 -113 -91 -116 -124 -22 94 99 25 20 19 10 12 32 35 45 55 16 11 11 5 
14054000 14054070 2 0 0 -38 -10 0 -42 -16 -45 -53 -28 87 82 25 20 19 10 10 30 35 45 55 16 10 8 5 
14389500 14389640 2 0 0 -29 -1 0 -41 -3 -43 -51 -38 86 84 25 20 19 10 10 30 35 45 55 16 9 8 5 
14430000 14430151 2 -1 1 -76 -37 -50 -88 -56 -90 -98 -32 99 97 25 20 19 10 10 30 35 45 55 16 10 12 5 
14496000 14496345 2 2 1 -391 -296 -370 -388 -301 -389 -397 -86 108 109 25 20 19 10 10 28 35 45 55 16 10 11 5 
14707500 14707581 2 -3 1 -52 -26 -47 -57 -27 -59 -67 -30 95 96 25 20 19 10 11 31 35 45 55 16 12 12 5 
14803500 14803657 2 0 0 -1 33 0 -7 28 -9 -17 -35 78 87 25 20 18 10 12 32 35 45 55 16 6 9 5 
14996000 14996063 2 0 0 -1 27 -11 0 28 -2 -10 -29 74 83 25 20 18 10 12 32 35 45 55 16 9 10 5 
15098500 15098558 2 -1 1 -53 9 -53 -76 -11 -76 -84 -64 93 93 25 20 19 10 11 31 35 45 55 16 12 9 5 
15125500 15125571 2 2 1 -132 -70 -132 -189 -129 -191 -199 -60 101 105 25 20 19 10 10 28 35 45 55 16 11 11 5 
15145500 15145641 2 -3 1 -48 -8 -47 -54 -12 -56 -64 -42 99 97 25 20 19 10 10 30 35 45 55 16 7 13 5 
