246750 246812 0 0 -1 0 -37 0 0 -37 0 75 38 74 71 25 20 17 10 19 39 35 45 55 16 9 10 5 
1375250 1375316 0 0 0 2 -31 0 7 -27 6 81 35 74 72 25 20 15 10 20 40 35 45 55 16 10 9 5 
2129250 2129392 0 0 0 -22 -52 0 -17 -49 -26 57 31 80 81 25 20 15 10 21 41 35 45 55 16 10 10 5 
2789250 2789269 0 -1 7 -68 -73 -51 -71 -74 -72 3 4 100 100 25 20 17 10 20 38 35 45 55 16 13 13 5 
2840250 2840294 0 2 7 -113 -121 -96 -106 -116 -107 -32 10 101 96 25 20 17 10 21 41 35 45 55 16 13 13 5 
2849750 2849871 0 -3 7 -62 -102 -45 -60 -101 -63 12 40 96 96 25 20 17 10 21 41 35 45 55 16 12 10 5 
2981750 2981783 0 -1 7 -70 -95 -54 -81 -93 -82 -7 13 103 112 25 20 16 10 21 37 35 45 55 16 9 12 5 
2991750 2991791 0 2 7 -147 -144 -131 -151 -145 -152 -77 -7 116 120 25 20 16 10 20 35 35 45 55 16 14 15 5 
3153250 3153294 0 -3 7 -64 -87 -50 -65 -86 -67 8 20 98 108 25 20 15 10 20 38 35 45 55 16 12 11 5 
3235250 3235326 0 -1 7 -65 -80 -51 -63 -76 -64 11 13 98 107 25 20 15 10 20 38 35 45 55 16 13 12 5 
3286750 3286867 0 2 7 -107 -119 -93 -106 -118 -107 -32 12 113 118 25 20 16 10 20 36 35 45 55 16 12 15 5 
3329750 3329759 0 -3 7 -57 -100 -44 -58 -89 -58 17 31 104 105 25 20 17 10 20 38 35 45 55 16 11 11 5 
5121750 5121910 0 0 0 0 -39 0 1 -38 0 75 37 77 79 25 20 17 10 20 40 35 45 55 16 10 10 5 
5748250 5748312 0 -1 7 -55 -83 -52 -56 -80 -57 18 23 101 103 25 20 16 10 20 38 35 45 55 16 11 13 5 
5761750 5761804 0 2 7 -99 -125 -97 -92 -126 -91 -16 36 112 109 25 20 16 10 20 38 35 45 55 16 13 14 5 
5780750 5780789 0 -3 7 -49 -106 -46 -62 -106 -63 12 44 105 110 25 20 16 10 20 36 35 45 55 16 13 13 5 
6131250 6131337 0 -1 7 -55 -107 -51 -55 -106 -54 21 53 111 111 25 20 17 10 20 36 35 45 55 16 14 12 5 
6154750 6154857 0 2 7 -112 -144 -108 -113 -143 -113 -38 30 117 118 25 20 17 10 20 36 35 45 55 16 14 13 5 
6436750 6436761 0 -3 7 -51 -86 -46 -49 -86 -51 24 37 98 98 25 20 16 10 20 40 35 45 55 16 13 12 5 
6873250 6873255 0 -1 7 -58 -116 -51 -59 -113 -59 16 54 117 124 25 20 16 10 20 35 35 45 55 16 11 13 5 
6893250 6893353 0 2 7 -98 -119 -91 -98 -121 -99 -24 21 114 113 25 20 16 10 20 36 35 45 55 16 14 14 5 
7036250 7036250 0 -3 7 -56 -128 -49 -47 -124 -47 28 76 119 115 25 20 15 10 20 36 35 45 55 16 11 13 5 
7108750 7108835 0 -1 7 -58 -111 -51 -58 -111 -58 17 54 118 125 25 20 15 10 20 35 35 45 55 16 16 11 5 
7128750 7128966 0 2 7 -104 -123 -96 -102 -123 -104 -29 21 117 116 25 20 15 10 20 36 35 45 55 16 10 13 5 
7188250 7188302 0 -3 7 -57 -94 -49 -58 -92 -59 16 31 100 103 25 20 15 10 20 38 35 45 55 16 13 10 5 
7652750 7652777 0 0 0 -9 -49 0 -7 -48 -7 68 41 89 88 25 20 15 10 20 40 35 45 55 16 11 11 5 
7831250 7831359 0 0 0 -16 -51 0 -12 -47 -12 63 37 92 89 25 20 15 10 20 40 35 45 55 16 12 12 5 
7841750 7841830 0 -1 7 -67 -78 -52 -73 -77 -73 2 4 96 100 25 20 15 10 20 38 35 45 55 16 11 11 5 
7954750 7954855 0 2 7 -122 -121 -106 -124 -121 -124 -49 -2 112 113 25 20 18 10 19 35 35 45 55 16 15 15 5 
8213250 8213365 0 -3 7 -66 -107 -48 -57 -98 -58 17 41 102 109 25 20 18 10 19 37 35 45 55 16 7 9 5 
8241750 8242074 0 0 0 -17 -87 0 -3 -82 -4 71 78 96 99 25 20 18 10 20 40 35 45 55 16 7 13 5 
8564250 8564265 0 0 0 -3 -65 0 -5 -63 -6 69 58 101 105 25 20 18 10 20 38 35 45 55 16 13 11 5 
8703750 8703869 0 0 0 2 -59 0 -8 -57 -8 67 50 97 104 25 20 18 10 20 38 35 45 55 16 8 11 5 
8758250 8758626 0 -1 7 -50 -72 -52 -55 -68 -56 19 12 100 113 25 20 18 10 20 36 35 45 55 16 10 12 5 
9115250 9115298 0 2 7 -146 -157 -148 -149 -156 -149 -74 7 104 102 25 20 18 10 19 37 35 45 55 16 13 12 5 
9210750 9210867 0 -3 7 -47 -68 -50 -45 -65 -47 28 19 79 79 25 20 18 10 18 38 35 45 55 16 8 10 5 
9531750 9532281 0 0 0 2 -37 0 7 -33 6 81 39 81 78 25 20 18 10 20 40 35 45 55 16 5 5 5 
10049250 10050007 0 0 0 -32 -43 0 -27 -38 -26 49 12 67 70 25 20 18 10 20 40 35 45 55 16 2 7 5 
10465250 10465566 0 0 0 -23 -37 0 -21 -33 -23 52 13 65 67 25 20 17 10 20 40 35 45 55 16 5 7 5 
11477750 11477750 0 0 0 -39 -40 0 -36 -36 -36 39 1 65 66 25 20 16 10 21 41 35 45 55 16 8 8 5 
11714250 11714410 0 0 0 -28 -36 0 -28 -33 -28 47 6 65 66 25 20 16 10 21 41 35 45 55 16 7 8 5 
11871750 11871773 0 0 0 -36 -43 0 -32 -40 -33 42 8 69 68 25 20 17 10 19 39 35 45 55 16 9 9 5 
12884250 12884382 0 0 0 -50 -57 0 -49 -56 -49 26 7 85 84 25 20 17 10 20 40 35 45 55 16 11 11 5 
13041750 13041865 0 0 0 -50 -54 0 -52 -54 -54 21 2 71 69 25 20 17 10 20 40 35 45 55 16 5 4 5 
13418250 13418375 0 0 0 -36 -43 0 -35 -42 -36 39 8 74 84 25 20 17 10 20 40 35 45 55 16 8 8 5 
13930250 13930269 0 0 0 -44 -45 0 -41 -42 -41 34 0 71 69 25 20 17 10 20 40 35 45 55 16 8 8 5 
14042750 14042837 0 0 0 -46 -43 0 -43 -40 -44 31 -2 65 65 25 20 17 10 19 39 35 45 55 16 8 8 5 
14222750 14222910 0 0 0 -42 -45 0 -43 -44 -43 32 2 60 61 25 20 18 10 19 39 35 45 55 16 8 8 5 
14627750 14627968 0 0 0 -30 -35 0 -28 -33 -29 46 4 63 62 25 20 18 10 20 40 35 45 55 16 8 8 5 
15426750 15426910 0 0 0 -37 -45 0 -35 -43 -36 39 8 61 61 25 20 18 10 20 40 35 45 55 16 8 6 5 
15839250 15839255 0 0 0 -19 -32 0 -17 -29 -17 58 14 61 59 25 20 18 10 20 40 35 45 55 16 8 7 5 
15869250 15869457 0 0 0 -45 -51 0 -40 -48 -41 34 8 64 65 25 20 18 10 20 40 35 45 55 16 8 8 5 
16112750 16112910 0 0 0 -44 -51 0 -42 -48 -43 32 6 69 68 25 20 18 10 20 40 35 45 55 16 9 9 5 
16154250 16154289 0 0 0 -35 -42 0 -34 -41 -36 39 8 68 85 25 20 18 10 20 40 35 45 55 16 9 8 5 
16741250 16741457 0 0 0 -35 -40 0 -35 -39 -36 39 4 62 66 25 20 18 10 20 40 35 45 55 16 8 8 5 
17116250 17116277 0 0 0 -48 -49 0 -47 -48 -48 27 1 59 60 25 20 19 10 19 39 35 45 55 16 7 7 5 
17224750 17224857 0 0 0 -38 -55 0 -35 -54 -36 39 19 81 83 25 20 18 10 19 39 35 45 55 16 10 9 5 
17487250 17487357 0 0 0 -48 -70 0 -44 -67 -45 30 23 74 75 25 20 17 10 20 40 35 45 55 16 8 5 5 
18077750 18077925 0 0 0 -32 -51 0 -31 -49 -31 44 19 72 75 25 20 15 10 21 41 35 45 55 16 5 1 5 
18334750 18334781 0 0 0 -21 -42 0 -18 -37 -18 57 18 76 76 25 20 15 10 21 41 35 45 55 16 10 9 5 
18404250 18404277 0 0 0 -8 -42 0 -4 -39 -5 70 34 75 81 25 20 15 10 21 41 35 45 55 16 9 6 5 
18489250 18489335 0 -1 7 -60 -86 -52 -57 -86 -58 17 29 91 91 25 20 15 10 21 41 35 45 55 16 12 12 5 
18682750 18682964 0 2 7 -146 -148 -138 -154 -154 -154 -79 1 118 124 25 20 15 10 21 36 35 45 55 16 14 13 5 
18995250 18995314 0 -3 7 -56 -78 -49 -53 -75 -54 21 22 94 93 25 20 15 10 20 40 35 45 55 16 11 9 5 
19384750 19385335 0 0 0 -5 -45 0 2 -38 1 76 38 81 81 25 20 15 10 20 40 35 45 55 16 6 7 5 
19621250 19621306 0 0 0 8 -34 0 12 -31 12 87 43 72 72 25 20 15 10 20 40 35 45 55 16 9 9 5 
19951250 19951328 0 0 0 7 -36 0 10 -33 9 84 43 77 77 25 20 16 10 20 40 35 45 55 16 7 10 5 
19967750 19967789 0 0 0 -37 -44 0 -33 -40 -35 40 6 66 66 25 20 16 10 19 39 35 45 55 16 8 8 5 
19998750 19998791 0 0 0 -41 -48 0 -41 -46 -42 33 4 69 69 25 20 17 10 20 40 35 45 55 16 9 9 5 
20018250 20018330 0 0 0 -2 -31 0 -1 -30 -3 72 29 67 66 25 20 18 10 20 40 35 45 55 16 9 8 5 
20034250 20034460 0 0 0 -3 -30 0 1 -28 1 76 29 67 68 25 20 18 10 20 40 35 45 55 16 7 6 5 
20044750 20044787 0 0 0 -32 -48 0 -30 -47 -31 44 18 69 68 25 20 18 10 20 40 35 45 55 16 8 9 5 
20060750 20060820 0 0 0 -35 -51 0 -33 -48 -34 41 15 70 72 25 20 18 10 20 40 35 45 55 16 9 9 5 
20069250 20069257 0 0 0 1 -33 0 0 -32 0 75 32 73 71 25 20 18 10 20 40 35 45 55 16 8 9 5 
246750 246812 1 0 -1 0 -4 0 0 -5 0 -5 7 74 71 25 20 17 10 19 39 35 45 55 16 9 10 5 
1381250 1381277 1 0 0 1 1 0 2 2 3 -2 0 67 68 25 20 15 10 20 40 35 45 55 16 8 6 5 
2084250 2084419 1 0 0 26 -1 0 28 1 29 24 27 73 72 25 20 15 10 21 41 35 45 55 16 9 9 5 
5155250 5155388 1 0 0 15 10 0 16 12 17 12 4 76 74 25 20 17 10 20 40 35 45 55 16 10 9 5 
7675250 7675378 1 0 0 26 5 0 27 6 27 22 21 91 92 25 20 15 10 20 40 35 45 55 16 11 12 5 
8552750 8552949 1 0 0 43 19 0 48 24 49 44 25 99 103 25 20 18 10 20 38 35 45 55 16 8 11 5 
9101750 9101775 1 0 0 40 -13 0 31 -7 31 26 37 109 120 25 20 18 10 20 35 35 45 55 16 13 14 5 
9116750 9116890 1 0 0 -47 -40 0 -28 -24 -29 -34 -5 103 105 25 20 19 10 19 37 35 45 55 16 12 12 5 
9134250 9134355 1 0 0 -46 -43 -26 -46 -42 -47 -52 -4 95 91 25 20 19 10 19 39 35 45 55 16 12 9 5 
9140750 9140919 1 0 0 -24 -27 0 -20 -22 -19 -24 1 88 86 25 20 18 10 19 39 35 45 55 16 11 11 5 
9145250 9145294 1 13 0 -84 -83 -114 -81 -81 -81 -86 0 91 94 25 20 18 10 19 39 35 45 55 16 11 8 5 
9149750 9149775 1 0 0 -133 -107 0 -133 -105 -132 -137 -28 86 83 25 20 18 10 19 39 35 45 55 16 11 11 5 
9180250 9180353 1 0 0 -78 -43 0 -80 -44 -80 -85 -37 77 77 25 20 18 10 19 39 35 45 55 16 10 10 5 
9221250 9221427 1 0 0 -68 -46 0 -65 -44 -66 -71 -22 78 77 25 20 18 10 18 38 35 45 55 16 10 10 5 
9223750 9223912 1 0 0 -68 -49 -4 -71 -53 -127 -76 -18 82 81 25 20 18 10 18 38 35 45 55 16 10 11 5 
9227750 9227822 1 13 0 -38 -26 1 -25 -16 -81 -30 -10 84 82 25 20 18 10 19 39 35 45 55 16 11 9 5 
9232750 9232822 1 0 0 -2 -9 0 13 5 14 9 8 92 97 25 20 18 10 19 39 35 45 55 16 12 11 5 
9238750 9238824 1 13 0 -35 -38 2 -36 -39 -35 -40 4 95 103 25 20 18 10 19 37 35 45 55 16 10 8 5 
9242250 9242333 1 0 0 -58 -54 0 -68 -61 -68 -73 -6 86 86 25 20 18 10 19 39 35 45 55 16 9 10 5 
9244750 9244951 1 13 0 -31 -40 8 -26 -38 -26 -31 11 86 82 25 20 18 10 20 40 35 45 55 16 9 9 5 
9250250 9250296 1 0 0 3 -12 0 1 -12 3 -2 15 94 98 25 20 18 10 20 40 35 45 55 16 13 8 5 
9554250 9554332 1 0 0 22 12 0 20 10 22 17 10 78 79 25 20 18 10 20 40 35 45 55 16 8 9 5 
10071750 10072160 1 0 0 8 0 0 9 3 9 4 5 65 66 25 20 18 10 20 40 35 45 55 16 2 8 5 
10532750 10533193 1 0 0 4 1 0 9 5 11 6 5 64 63 25 20 17 10 20 40 35 45 55 16 6 6 5 
11477750 11477750 1 0 0 -2 1 0 -1 2 0 -5 -3 65 66 25 20 16 10 21 41 35 45 55 16 8 8 5 
11725250 11725417 1 0 0 -1 7 0 -1 8 -1 -6 -8 64 64 25 20 16 10 21 41 35 45 55 16 8 7 5 
11882750 11882960 1 0 0 -1 5 0 3 7 2 -3 -5 70 70 25 20 17 10 19 39 35 45 55 16 9 9 5 
12895250 12895343 1 0 0 -13 -9 0 -11 -7 -10 -15 -4 85 87 25 20 17 10 20 40 35 45 55 16 11 11 5 
13019250 13019337 1 0 0 -25 -22 0 -25 -22 -25 -30 -3 71 68 25 20 17 10 20 40 35 45 55 16 9 4 5 
13422250 13422833 1 0 0 -13 -16 0 -14 -19 -14 -19 5 81 83 25 20 17 10 20 40 35 45 55 16 7 6 5 
13919250 13919500 1 0 0 -22 -18 0 -18 -16 -18 -23 -3 69 72 25 20 17 10 20 40 35 45 55 16 5 5 5 
14031750 14031968 1 0 0 -46 -18 0 -44 -16 -43 -48 -28 68 57 25 20 17 10 19 39 35 45 55 16 9 8 5 
14189250 14189458 1 0 0 -28 -6 0 -26 -4 -24 -29 -20 63 63 25 20 18 10 19 39 35 45 55 16 8 8 5 
14605250 14605324 1 0 0 -23 0 0 -23 0 -23 -28 -23 62 63 25 20 18 10 20 40 35 45 55 16 8 8 5 
15381750 15381949 1 0 0 -25 -10 0 -23 -5 -23 -28 -18 60 60 25 20 18 10 20 40 35 45 55 16 5 5 5 
15839250 15839255 1 0 0 -3 7 0 -3 7 -2 -7 -11 61 59 25 20 18 10 20 40 35 45 55 16 8 7 5 
15874750 15874873 1 0 0 11 25 0 11 26 11 6 -15 62 60 25 20 18 10 20 40 35 45 55 16 8 8 5 
16124250 16124275 1 0 0 8 15 0 7 15 9 4 -9 68 68 25 20 18 10 20 40 35 45 55 16 9 9 5 
16154250 16154289 1 0 0 -10 8 0 -10 9 -10 -15 -19 68 85 25 20 18 10 20 40 35 45 55 16 9 8 5 
16739250 16739287 1 0 0 -16 4 0 -13 7 -12 -17 -19 60 57 25 20 18 10 20 40 35 45 55 16 7 8 5 
16796250 16796267 1 -1 1 -66 -63 -51 -65 -64 -65 -70 -1 94 95 25 20 18 10 20 40 35 45 55 16 11 8 5 
16827250 16827375 1 2 1 -185 -121 -169 -188 -122 -189 -194 -65 75 73 25 20 18 10 20 40 35 45 55 16 9 10 5 
16872750 16872791 1 -3 1 -65 -36 -50 -64 -35 -64 -69 -29 64 68 25 20 19 10 19 39 35 45 55 16 8 8 5 
17091250 17091384 1 0 0 -16 7 0 -15 9 -15 -20 -23 59 58 25 20 19 10 19 39 35 45 55 16 7 7 5 
17226750 17227041 1 0 0 7 5 0 10 12 11 6 -2 82 84 25 20 18 10 19 39 35 45 55 16 8 9 5 
17506250 17506365 1 0 0 -7 -12 0 -7 -13 -6 -11 7 71 70 25 20 17 10 20 40 35 45 55 16 9 4 5 
18076250 18076658 1 0 0 5 -8 0 6 -6 6 1 14 71 70 25 20 15 10 21 41 35 45 55 16 0 6 5 
18331250 18331273 1 0 0 -9 -13 0 -9 -13 -9 -14 4 78 79 25 20 15 10 21 41 35 45 55 16 6 10 5 
18402250 18402261 1 0 0 6 4 0 7 5 7 2 1 80 60 25 20 15 10 21 41 35 45 55 16 11 9 5 
18745750 18745791 1 -1 7 -44 -48 -50 -44 -46 -44 -49 3 88 89 25 20 15 10 20 40 35 45 55 16 11 11 5 
18768250 18768287 1 2 7 -100 -98 -106 -109 -98 -110 -115 -12 96 97 25 20 15 10 20 40 35 45 55 16 10 12 5 
18807750 18807828 1 -3 7 -42 -67 -48 -37 -69 -36 -41 32 92 88 25 20 15 10 20 40 35 45 55 16 12 10 5 
19409750 19409763 1 0 0 5 -2 0 7 1 8 3 6 80 82 25 20 15 10 20 40 35 45 55 16 7 7 5 
19644750 19644914 1 0 0 16 6 0 17 7 19 14 12 71 71 25 20 15 10 20 40 35 45 55 16 9 9 5 
19949250 19949427 1 0 0 7 0 0 9 3 10 5 6 78 81 25 20 16 10 20 40 35 45 55 16 10 7 5 
20072750 20072878 1 0 0 -1 -4 0 -3 -7 -3 -8 5 73 71 25 20 18 10 20 40 35 45 55 16 9 6 5 
246750 246812 2 0 -1 0 -9 0 1 -8 0 -24 9 74 71 25 20 17 10 19 39 35 45 55 16 9 10 5 
1386750 1386878 2 0 0 10 -2 0 11 0 10 -14 12 68 68 25 20 15 10 20 40 35 45 55 16 5 9 5 
2084250 2084419 2 0 0 14 -3 0 16 -1 14 -10 17 73 72 25 20 15 10 21 41 35 45 55 16 9 9 5 
5132750 5132761 2 0 0 10 -8 0 13 -6 12 -12 19 77 79 25 20 17 10 20 40 35 45 55 16 10 10 5 
7664250 7664257 2 0 0 14 -5 0 14 -4 14 -10 20 88 89 25 20 15 10 20 40 35 45 55 16 11 11 5 
8564250 8564265 2 0 0 38 9 0 37 10 35 11 27 101 105 25 20 18 10 20 38 35 45 55 16 13 11 5 
8843750 8843871 2 0 0 20 -9 0 23 -7 22 -2 29 105 104 25 20 18 10 20 38 35 45 55 16 14 14 5 
9072250 9072324 2 0 0 27 -17 0 34 -13 34 10 47 120 116 25 20 17 10 20 36 35 45 55 16 13 15 5 
9104750 9104824 2 0 0 16 -38 0 11 -41 9 -15 53 102 100 25 20 18 10 19 37 35 45 55 16 13 11 5 
9117250 9117332 2 0 0 -32 -39 0 -35 -41 -36 -60 6 103 114 25 20 19 10 19 35 35 45 55 16 12 11 5 
9139750 9139878 2 0 0 -35 -48 0 -34 -48 -36 -60 15 88 86 25 20 18 10 19 39 35 45 55 16 11 11 5 
9145250 9145294 2 13 0 -101 -97 -115 -96 -96 -96 -120 1 91 94 25 20 18 10 19 39 35 45 55 16 11 8 5 
9148750 9148882 2 0 0 -158 -127 0 -160 -128 -160 -184 -32 87 85 25 20 18 10 19 39 35 45 55 16 11 11 5 
9174250 9174406 2 0 0 -98 -68 0 -96 -67 -98 -122 -30 79 76 25 20 18 10 19 39 35 45 55 16 10 8 5 
9185250 9185376 2 0 0 -85 -56 0 -80 -53 -83 -107 -29 79 77 25 20 18 10 18 38 35 45 55 16 10 10 5 
9223250 9223345 2 0 0 -85 -66 0 -83 -66 -85 -109 -17 81 79 25 20 18 10 18 38 35 45 55 16 10 10 5 
9227750 9227822 2 13 0 -50 -42 -10 -58 -48 -60 -84 -12 84 82 25 20 18 10 19 39 35 45 55 16 11 9 5 
9236250 9236279 2 0 0 47 23 0 54 30 51 27 24 96 50 25 20 18 10 19 39 35 45 55 16 9 9 5 
9238750 9238824 2 13 0 20 4 3 20 1 19 -5 19 95 103 25 20 18 10 19 37 35 45 55 16 10 8 5 
9242250 9242333 2 0 0 -26 -30 0 -29 -32 -30 -54 3 86 86 25 20 18 10 19 39 35 45 55 16 9 10 5 
9254250 9254261 2 0 0 -7 -17 0 -6 -14 -8 -32 7 80 79 25 20 18 10 20 40 35 45 55 16 10 10 5 
9554250 9554332 2 0 0 15 8 0 14 9 13 -11 6 78 79 25 20 18 10 20 40 35 45 55 16 8 9 5 
10127750 10127933 2 0 0 3 -1 0 1 -4 0 -24 6 68 69 25 20 18 10 20 40 35 45 55 16 7 7 5 
10577750 10577908 2 0 0 8 8 0 6 7 -24 -21 -2 64 61 25 20 17 10 20 40 35 45 55 16 5 6 5 
11489250 11489255 2 0 0 3 12 0 5 14 3 -21 -8 62 62 25 20 16 10 21 41 35 45 55 16 8 8 5 
11635250 11635300 2 0 0 23 30 0 25 31 24 0 -6 66 66 25 20 16 10 21 41 35 45 55 16 8 8 5 
11860250 11860343 2 0 0 24 30 0 24 30 21 -3 -8 71 72 25 20 17 10 20 40 35 45 55 16 9 9 5 
12861750 12861937 2 0 0 23 24 0 25 25 24 0 0 76 75 25 20 17 10 20 40 35 45 55 16 8 11 5 
12996750 12996800 2 0 0 12 10 0 15 13 12 -12 0 87 87 25 20 17 10 20 40 35 45 55 16 12 11 5 
13416750 13416785 2 0 0 5 4 0 6 5 5 -19 3 73 57 25 20 17 10 20 40 35 45 55 16 4 9 5 
13896750 13896916 2 0 0 0 4 0 1 5 0 -24 -5 75 81 25 20 17 10 20 40 35 45 55 16 7 6 5 
13997750 13997888 2 0 0 -24 -4 0 -21 -3 -23 -47 -19 65 64 25 20 17 10 19 39 35 45 55 16 8 8 5 
14211750 14211976 2 0 0 -6 14 0 -2 16 -4 -28 -18 61 60 25 20 18 10 19 39 35 45 55 16 7 8 5 
14560250 14560337 2 0 0 -2 15 0 -1 17 -4 -28 -18 62 60 25 20 18 10 20 40 35 45 55 16 7 8 5 
15426750 15426910 2 0 0 -10 6 0 -8 8 -10 -34 -16 61 61 25 20 18 10 20 40 35 45 55 16 8 6 5 
15835250 15835312 2 0 0 11 22 0 12 23 9 -15 -10 61 61 25 20 18 10 20 40 35 45 55 16 8 8 5 
15874750 15874873 2 0 0 38 47 0 39 48 38 14 -7 62 60 25 20 18 10 20 40 35 45 55 16 8 8 5 
16126250 16126464 2 0 0 35 40 0 36 40 34 10 -5 69 68 25 20 18 10 20 40 35 45 55 16 9 9 5 
16154250 16154289 2 0 0 1 21 0 1 22 -2 -26 -22 68 85 25 20 18 10 20 40 35 45 55 16 9 8 5 
16746750 16746867 2 0 0 -9 13 0 -8 14 -8 -32 -21 61 65 25 20 18 10 20 40 35 45 55 16 8 8 5 
16798250 16798300 2 -1 1 -69 -40 -59 -77 -44 -78 -102 -34 95 93 25 20 18 10 20 40 35 45 55 16 8 10 5 
16827250 16827375 2 2 1 -205 -131 -196 -208 -133 -210 -234 -75 75 73 25 20 18 10 20 40 35 45 55 16 9 10 5 
16887750 16887900 2 -3 1 -59 -35 -49 -59 -35 -60 -84 -23 63 63 25 20 19 10 19 39 35 45 55 16 8 8 5 
17108750 17108919 2 0 0 -11 16 0 -11 16 -12 -36 -28 60 60 25 20 19 10 19 39 35 45 55 16 7 7 5 
17232250 17232541 2 0 0 21 27 0 21 28 19 -5 -8 85 89 25 20 18 10 19 39 35 45 55 16 10 2 5 
17496750 17496806 2 0 0 5 3 0 5 4 3 -21 1 72 77 25 20 17 10 20 40 35 45 55 16 8 5 5 
18079750 18081072 2 0 0 12 10 0 15 10 14 -10 6 72 75 25 20 15 10 21 41 35 45 55 16 0 8 5 
18334750 18334781 2 0 0 2 2 0 6 3 4 -20 3 76 76 25 20 15 10 21 41 35 45 55 16 10 9 5 
18406250 18406361 2 0 0 -4 3 0 -1 6 -3 -27 -7 72 72 25 20 15 10 21 41 35 45 55 16 6 7 5 
18948250 18948339 2 0 0 -4 -29 0 8 -26 6 -18 35 89 88 25 20 15 10 20 40 35 45 55 16 9 9 5 
19052750 19052855 2 0 0 0 -20 0 6 -16 5 -19 22 94 76 25 20 15 10 20 40 35 45 55 16 7 10 5 
19405250 19405250 2 0 0 -8 8 0 -9 8 -11 -35 -17 79 80 25 20 18 10 20 40 35 45 55 16 9 8 5 
19617250 19618541 2 0 0 8 7 0 2 0 1 -23 2 74 76 25 20 15 10 20 40 35 45 55 16 0 7 5 
19874250 19874353 2 0 0 12 1 0 12 3 12 -12 9 78 75 25 20 15 10 20 40 35 45 55 16 10 10 5 
19951250 19951328 2 0 0 3 5 0 3 5 3 -21 0 77 77 25 20 16 10 20 40 35 45 55 16 7 10 5 
19992250 19992365 2 0 0 -1 5 0 0 5 -2 -26 -5 67 67 25 20 17 10 20 40 35 45 55 16 8 8 5 
20018250 20018330 2 0 0 -8 8 8 -9 8 -11 -35 -17 67 66 25 20 18 10 20 40 35 45 55 16 9 8 5 
20032250 20032443 2 0 0 -15 4 0 -14 5 -17 -41 -20 67 66 25 20 18 10 20 40 35 45 55 16 8 7 5 
20071250 20071400 2 0 0 10 10 0 10 11 10 -14 0 72 70 25 20 18 10 20 40 35 45 55 16 9 9 5 
