59000 59127 0 0 -1 0 -86 0 1 -84 0 172 84 73 72 25 20 19 10 14 34 35 45 55 16 6 9 5 
120000 120140 0 0 0 10 -84 0 9 -84 9 181 92 65 61 25 20 23 10 15 35 35 45 55 16 8 8 5 
125000 125205 0 0 0 21 -78 0 27 -74 27 199 100 64 66 25 20 23 10 15 35 35 45 55 16 7 8 5 
131000 131069 0 13 0 -22 -92 -16 -23 -92 -24 148 68 64 57 25 20 23 10 15 35 35 45 55 16 6 7 5 
140500 140674 0 0 0 -50 -96 0 -49 -95 -50 122 46 64 64 25 20 22 10 15 35 35 45 55 16 8 8 5 
169000 169252 0 0 0 -50 -96 0 -47 -93 -48 124 45 55 54 25 20 22 10 15 35 35 45 55 16 7 7 5 
176500 177332 0 13 0 -10 -81 7 24 -68 23 195 92 69 78 25 20 22 10 15 35 35 45 55 16 1 7 5 
187500 187606 0 0 0 30 -73 0 27 -75 27 199 102 65 65 25 20 22 10 14 34 35 45 55 16 7 7 5 
223000 223009 0 0 0 6 -86 0 6 -86 6 178 94 71 68 25 20 21 10 13 33 35 45 55 16 9 9 5 
761500 761643 0 0 0 -10 -109 0 -10 -109 -10 162 100 85 86 25 20 21 10 14 34 35 45 55 16 11 11 5 
797000 797081 0 0 0 -42 -124 0 -41 -123 -43 129 81 79 80 25 20 21 10 14 34 35 45 55 16 10 10 5 
877500 877571 0 0 0 -39 -112 0 -32 -107 -33 139 75 77 78 25 20 21 10 14 34 35 45 55 16 10 10 5 
915000 915072 0 0 0 -8 -90 0 -5 -88 -6 166 84 77 78 25 20 21 10 14 34 35 45 55 16 10 10 5 
1099000 1099153 0 0 0 10 -95 0 16 -92 14 186 109 76 75 25 20 21 10 14 34 35 45 55 16 10 10 5 
1123000 1123165 0 0 0 -37 -108 0 -29 -100 -29 143 73 76 77 25 20 21 10 14 34 35 45 55 16 7 10 5 
1159000 1159086 0 0 0 -3 -95 0 4 -89 3 175 93 74 74 25 20 21 10 14 34 35 45 55 16 9 9 5 
1192500 1192607 0 0 0 -23 -101 0 -17 -96 -18 154 79 83 84 25 20 21 10 14 34 35 45 55 16 11 10 5 
1222500 1222606 0 0 0 19 -97 0 19 -96 19 191 116 80 79 25 20 21 10 14 34 35 45 55 16 10 10 5 
1301500 1301673 0 0 0 10 -102 0 9 -102 11 183 113 83 83 25 20 21 10 14 34 35 45 55 16 11 10 5 
1408000 1408084 0 0 0 13 -95 0 14 -94 12 184 109 70 65 25 20 21 10 14 34 35 45 55 16 6 8 5 
1466500 1466596 0 0 0 -17 -98 0 -15 -96 -15 157 80 68 74 25 20 21 10 14 34 35 45 55 16 9 9 5 
1505500 1505566 0 0 0 39 -68 0 44 -64 42 214 108 72 77 25 20 21 10 15 35 35 45 55 16 9 9 5 
1534000 1534135 0 0 0 13 -84 0 15 -82 14 186 98 73 75 25 20 21 10 15 35 35 45 55 16 9 10 5 
1631500 1631657 0 0 0 40 -76 0 38 -77 35 207 113 75 77 25 20 21 10 14 34 35 45 55 16 10 9 5 
1685500 1685615 0 0 0 16 -92 0 20 -87 18 190 107 81 80 25 20 21 10 14 34 35 45 55 16 10 10 5 
1745500 1745544 0 0 0 15 -98 0 24 -95 24 196 121 95 96 25 20 21 10 15 35 35 45 55 16 9 8 5 
1877000 1877084 0 0 0 20 -99 0 23 -95 21 193 117 84 87 25 20 21 10 14 34 35 45 55 16 11 11 5 
2070000 2070019 0 0 0 -6 -105 0 -2 -103 -2 170 100 88 88 25 20 20 10 13 33 35 45 55 16 11 11 5 
2092500 2092503 0 0 0 37 -112 0 37 -113 36 208 149 89 91 25 20 20 10 13 33 35 45 55 16 11 12 5 
2122500 2122634 0 0 0 24 -102 0 26 -100 28 200 127 84 84 25 20 20 10 13 33 35 45 55 16 10 11 5 
2143000 2143081 0 0 0 -6 -116 0 3 -109 2 174 112 86 84 25 20 20 10 13 33 35 45 55 16 11 11 5 
2276500 2276542 0 0 0 5 -100 0 7 -99 6 178 106 83 84 25 20 20 10 13 33 35 45 55 16 10 11 5 
2452500 2452676 0 0 0 5 -93 0 0 -98 0 172 99 81 76 25 20 21 10 14 34 35 45 55 16 10 10 5 
2544500 2544632 0 0 0 90 -79 0 88 -81 87 259 168 84 84 25 20 21 10 14 34 35 45 55 16 11 11 5 
2662500 2662643 0 0 0 72 -62 0 83 -46 83 255 130 83 82 25 20 22 10 14 34 35 45 55 16 10 10 5 
2749000 2749034 0 0 0 42 -89 0 52 -79 52 224 132 85 85 25 20 22 10 13 33 35 45 55 16 11 11 5 
2852000 2852061 0 0 0 20 -96 0 17 -97 16 188 113 86 84 25 20 20 10 13 33 35 45 55 16 11 11 5 
2953000 2953032 0 0 0 18 -91 0 22 -87 21 193 108 88 89 25 20 20 10 13 33 35 45 55 16 11 11 5 
2988000 2988014 0 0 0 16 -89 0 16 -89 15 187 103 83 83 25 20 20 10 13 33 35 45 55 16 11 10 5 
3011500 3011547 0 0 0 103 -69 0 106 -71 105 277 178 88 86 25 20 20 10 13 33 35 45 55 16 11 10 5 
3013500 3013589 0 13 0 91 -60 14 96 -55 95 267 150 89 91 25 20 20 10 13 33 35 45 55 16 10 12 5 
3018000 3018023 0 0 0 18 -88 0 20 -85 20 192 107 84 84 25 20 20 10 13 33 35 45 55 16 11 10 5 
3036500 3036584 0 0 0 52 -87 0 59 -84 57 229 143 81 83 25 20 21 10 13 33 35 45 55 16 11 8 5 
3056500 3056645 0 0 0 23 -88 0 24 -88 23 195 113 80 81 25 20 21 10 13 33 35 45 55 16 10 10 5 
3086500 3086640 0 0 0 8 -98 0 11 -93 10 182 104 81 79 25 20 21 10 13 33 35 45 55 16 10 10 5 
3116500 3116524 0 0 0 88 -77 0 94 -74 93 265 168 84 83 25 20 21 10 13 33 35 45 55 16 11 11 5 
3146500 3146663 0 0 0 114 -60 0 121 -53 120 292 175 77 75 25 20 21 10 14 34 35 45 55 16 10 10 5 
3155000 3155117 0 13 0 45 -77 -2 44 -77 45 217 122 88 90 25 20 21 10 14 34 35 45 55 16 9 12 5 
3158500 3158546 0 0 0 20 -89 0 28 -83 27 199 110 91 95 25 20 21 10 14 34 35 45 55 16 12 12 5 
3167000 3167148 0 0 0 23 -86 0 27 -81 25 197 107 96 96 25 20 21 10 14 34 35 45 55 16 9 10 5 
3202500 3202724 0 0 0 66 -82 0 51 -87 51 223 140 85 84 25 20 24 10 12 32 35 45 55 16 5 5 5 
3236500 3236556 0 0 0 12 -87 0 13 -86 13 185 101 74 75 25 20 21 10 13 33 35 45 55 16 10 9 5 
3290500 3290621 0 0 0 17 -77 0 18 -77 17 189 93 72 76 25 20 21 10 13 33 35 45 55 16 9 9 5 
3825000 3825128 0 0 0 31 -68 0 34 -67 34 206 102 67 69 25 20 23 10 14 34 35 45 55 16 8 9 5 
3889000 3889018 0 0 0 8 -84 0 6 -89 5 177 95 79 75 25 20 22 10 13 33 35 45 55 16 11 10 5 
3935500 3935659 0 0 0 2 -74 0 4 -72 2 174 77 68 71 25 20 21 10 14 34 35 45 55 16 8 9 5 
4005000 4005021 0 0 0 -11 -89 0 -8 -88 -7 165 79 68 70 25 20 21 10 14 34 35 45 55 16 9 8 5 
4055500 4055541 0 0 0 17 -84 0 18 -83 18 190 101 76 77 25 20 21 10 14 34 35 45 55 16 9 10 5 
4129000 4129118 0 0 0 -18 -100 0 -15 -96 -15 157 82 77 78 25 20 21 10 14 34 35 45 55 16 9 10 5 
4200000 4200098 0 0 0 27 -75 0 29 -72 29 201 100 84 83 25 20 21 10 15 35 35 45 55 16 11 11 5 
4295500 4295513 0 0 0 -7 -95 0 -7 -92 -8 164 85 81 83 25 20 20 10 14 34 35 45 55 16 10 10 5 
4316500 4316652 0 0 0 -22 -110 0 -20 -107 -21 151 86 74 73 25 20 20 10 14 34 35 45 55 16 9 10 5 
4515000 4515031 0 0 0 7 -93 0 13 -89 12 184 102 77 75 25 20 20 10 14 34 35 45 55 16 10 10 5 
4723000 4723155 0 0 0 21 -91 0 26 -87 25 197 113 83 81 25 20 20 10 13 33 35 45 55 16 10 11 5 
4804000 4804011 0 0 0 25 -78 0 20 -78 18 190 96 82 83 25 20 21 10 14 34 35 45 55 16 9 11 5 
4835500 4835589 0 0 0 24 -79 0 25 -79 24 196 104 68 68 25 20 21 10 14 34 35 45 55 16 8 8 5 
4843000 4843831 0 0 0 0 -85 0 -6 -76 -5 167 72 72 100 25 20 21 10 14 32 35 45 55 16 3 8 5 
4847000 4847372 0 13 0 39 -77 17 41 -76 40 212 117 68 68 25 20 21 10 14 34 35 45 55 16 3 9 5 
4852500 4852620 0 0 0 52 -69 0 52 -66 51 223 119 68 66 25 20 21 10 14 34 35 45 55 16 8 9 5 
4862500 4862844 0 0 0 91 -49 0 93 -47 93 265 142 70 72 25 20 21 10 14 34 35 45 55 16 5 9 5 
4868500 4868547 0 0 0 31 -83 0 31 -82 31 203 115 72 71 25 20 22 10 13 33 35 45 55 16 8 9 5 
4888000 4888000 0 0 0 0 -92 0 -1 -93 -3 169 91 90 91 25 20 20 10 14 34 35 45 55 16 12 11 5 
4946500 4946655 0 0 0 18 -91 0 32 -80 31 203 112 81 80 25 20 20 10 14 34 35 45 55 16 9 10 5 
5452500 5452654 0 0 0 4 -89 0 3 -88 4 176 92 87 87 25 20 20 10 13 33 35 45 55 16 11 11 5 
5529500 5529628 0 0 0 49 -75 0 46 -81 44 216 125 84 83 25 20 20 10 13 33 35 45 55 16 11 11 5 
5572500 5572513 0 0 0 5 -89 0 6 -88 5 177 94 84 85 25 20 21 10 13 33 35 45 55 16 10 11 5 
5593000 5593035 0 0 0 33 -82 0 35 -81 35 207 117 82 82 25 20 21 10 13 33 35 45 55 16 10 11 5 
5607000 5607188 0 13 0 -4 -88 -12 -5 -86 -4 168 80 77 75 25 20 21 10 13 33 35 45 55 16 10 10 5 
5627000 5627019 0 0 0 -28 -102 0 -27 -99 -26 146 73 74 76 25 20 21 10 13 33 35 45 55 16 9 9 5 
5670000 5670075 0 0 0 -23 -94 0 -16 -88 -18 154 71 72 68 25 20 21 10 13 33 35 45 55 16 9 9 5 
5698000 5698108 0 0 0 -22 -101 0 -17 -96 -19 153 79 72 69 25 20 21 10 14 34 35 45 55 16 9 9 5 
5786500 5786626 0 0 0 35 -84 0 32 -82 32 204 114 84 86 25 20 21 10 13 33 35 45 55 16 11 10 5 
5955000 5955001 0 0 0 2 -94 0 6 -91 5 177 96 83 82 25 20 21 10 13 33 35 45 55 16 11 11 5 
6367500 6367555 0 0 0 34 -82 0 38 -77 36 208 114 79 78 25 20 20 10 13 33 35 45 55 16 10 10 5 
6628000 6628192 0 0 0 25 -85 0 27 -84 27 199 112 79 78 25 20 20 10 14 34 35 45 55 16 10 10 5 
7117500 7117507 0 0 0 21 -85 0 24 -79 24 196 103 79 77 25 20 20 10 13 33 35 45 55 16 10 10 5 
7635000 7635065 0 0 0 10 -85 0 11 -83 9 181 94 80 79 25 20 20 10 13 33 35 45 55 16 10 10 5 
7712000 7712010 0 0 0 18 -83 0 18 -82 18 190 103 82 80 25 20 20 10 13 33 35 45 55 16 11 10 5 
7858000 7858178 0 0 0 -1 -95 0 -2 -97 -1 171 96 82 82 25 20 20 10 13 33 35 45 55 16 10 11 5 
7955000 7955163 0 0 0 20 -84 0 20 -85 19 191 106 74 76 25 20 20 10 13 33 35 45 55 16 9 9 5 
7985500 7985663 0 0 0 8 -91 0 9 -89 8 180 97 73 70 25 20 20 10 13 33 35 45 55 16 9 9 5 
8027000 8027038 0 0 0 61 -58 0 55 -60 55 227 116 83 82 25 20 20 10 13 33 35 45 55 16 8 11 5 
8048500 8048672 0 0 0 36 -75 0 37 -73 36 208 112 78 77 25 20 20 10 13 33 35 45 55 16 10 10 5 
8089000 8089152 0 0 0 -17 -89 0 -15 -86 -15 157 72 75 78 25 20 20 10 13 33 35 45 55 16 9 10 5 
8130000 8130145 0 0 0 54 -71 0 55 -70 53 225 122 80 80 25 20 20 10 13 33 35 45 55 16 10 10 5 
8143000 8143194 0 0 0 19 -93 0 22 -92 22 194 114 80 82 25 20 20 10 12 32 35 45 55 16 9 10 5 
8177000 8177036 0 0 0 75 -64 0 78 -61 78 250 139 76 80 25 20 20 10 12 32 35 45 55 16 10 10 5 
8208000 8208101 0 0 0 82 -57 0 86 -54 87 259 141 76 79 25 20 21 10 11 31 35 45 55 16 9 10 5 
8222000 8222162 0 0 0 115 -36 0 112 -39 111 283 151 77 77 25 20 21 10 11 31 35 45 55 16 9 7 5 
8228500 8228633 0 0 0 46 -72 0 71 -54 70 242 125 78 82 25 20 21 10 11 31 35 45 55 16 7 10 5 
8245500 8245599 0 0 0 74 -63 0 72 -62 72 244 137 79 77 25 20 21 10 11 31 35 45 55 16 10 10 5 
8257500 8257668 0 0 0 85 -58 0 91 -55 89 261 145 80 82 25 20 22 10 11 31 35 45 55 16 10 10 5 
8293000 8293064 0 0 0 115 -46 0 121 -42 121 293 163 72 72 25 20 22 10 11 31 35 45 55 16 9 9 5 
8301500 8301535 0 0 0 93 -54 0 93 -53 92 264 145 75 75 25 20 22 10 11 31 35 45 55 16 10 9 5 
8369000 8369038 0 0 0 60 -69 0 64 -66 64 236 130 78 81 25 20 22 10 11 31 35 45 55 16 10 10 5 
8432000 8432165 0 0 0 80 -55 0 84 -52 83 255 136 79 81 25 20 22 10 11 31 35 45 55 16 10 10 5 
8464000 8464144 0 0 0 81 -56 0 85 -52 85 257 138 83 85 25 20 22 10 11 31 35 45 55 16 11 11 5 
8491000 8491189 0 0 0 75 -59 0 77 -57 76 248 135 81 84 25 20 22 10 11 31 35 45 55 16 10 10 5 
8525000 8525051 0 0 0 103 -46 0 108 -41 107 279 149 81 78 25 20 22 10 11 31 35 45 55 16 10 10 5 
8543500 8543588 0 0 0 43 -83 0 64 -61 63 235 125 82 82 25 20 22 10 11 31 35 45 55 16 10 10 5 
8626000 8626079 0 0 0 29 -82 0 30 -81 31 203 113 83 84 25 20 22 10 12 32 35 45 55 16 11 10 5 
8672000 8672127 0 0 0 27 -79 0 35 -73 35 207 109 83 83 25 20 22 10 12 32 35 45 55 16 11 11 5 
8699000 8699098 0 0 0 9 -87 0 11 -84 9 181 93 81 80 25 20 22 10 13 33 35 45 55 16 10 10 5 
8717000 8717017 0 0 0 54 -68 0 56 -67 55 227 123 76 80 25 20 22 10 13 33 35 45 55 16 10 7 5 
8738500 8738591 0 0 0 6 -81 0 6 -81 7 179 88 75 74 25 20 21 10 14 34 35 45 55 16 9 10 5 
8824500 8824607 0 0 0 0 -81 0 2 -79 1 173 81 70 69 25 20 21 10 14 34 35 45 55 16 9 9 5 
8853000 8853120 0 0 0 50 -70 0 36 -78 34 206 113 96 97 25 20 21 10 14 34 35 45 55 16 9 11 5 
9115500 9115638 0 0 0 34 -90 0 35 -87 35 207 123 89 93 25 20 19 10 14 34 35 45 55 16 11 12 5 
9155000 9155111 0 0 0 14 -98 0 17 -96 16 188 112 76 75 25 20 19 10 14 34 35 45 55 16 10 9 5 
9281500 9281523 0 0 0 8 -98 0 8 -98 8 180 108 77 77 25 20 20 10 13 33 35 45 55 16 10 9 5 
9301000 9301067 0 0 0 49 -79 0 50 -78 50 222 129 75 75 25 20 20 10 14 34 35 45 55 16 10 9 5 
9375000 9375104 0 0 0 24 -84 0 26 -83 24 196 109 75 75 25 20 20 10 14 34 35 45 55 16 9 9 5 
9380000 9380062 0 0 0 48 -75 0 50 -74 48 220 124 79 79 25 20 20 10 14 34 35 45 55 16 10 9 5 
9383500 9383587 0 13 0 23 -81 -5 29 -74 29 201 105 80 80 25 20 20 10 14 34 35 45 55 16 9 9 5 
9392000 9392023 0 0 0 -19 -101 0 -22 -104 -22 150 81 79 74 25 20 19 10 14 34 35 45 55 16 8 8 5 
9403000 9403196 0 0 0 -14 -83 0 -14 -84 -17 155 68 74 79 25 20 19 10 14 34 35 45 55 16 9 9 5 
9534500 9534576 0 0 0 -45 -96 0 -42 -95 -43 129 52 67 67 25 20 21 10 15 35 35 45 55 16 9 8 5 
9551000 9551166 0 0 0 -40 -94 0 -41 -94 -42 130 51 65 63 25 20 21 10 15 35 35 45 55 16 8 8 5 
9674000 9674171 0 0 0 -36 -87 0 -34 -86 -35 137 51 63 65 25 20 21 10 15 35 35 45 55 16 8 8 5 
9690000 9690217 0 0 0 -6 -88 0 -4 -86 -5 167 82 68 65 25 20 20 10 15 35 35 45 55 16 9 8 5 
9715500 9715552 0 0 0 -12 -79 0 -10 -78 -10 162 69 69 68 25 20 20 10 16 36 35 45 55 16 9 9 5 
9751000 9751057 0 0 0 -22 -73 0 -20 -70 -19 153 51 64 62 25 20 20 10 16 36 35 45 55 16 8 8 5 
10371500 10371712 0 0 0 -21 -76 0 -13 -70 -13 159 56 66 69 25 20 22 10 16 36 35 45 55 16 8 9 5 
10383000 10383483 0 13 0 38 -58 27 52 -53 51 223 106 68 68 25 20 21 10 15 35 35 45 55 16 5 7 5 
10395000 10395080 0 0 0 45 -65 0 47 -65 46 218 111 65 66 25 20 21 10 14 34 35 45 55 16 8 8 5 
10448500 10448558 0 0 0 75 -42 0 77 -41 76 248 118 66 64 25 20 21 10 14 34 35 45 55 16 8 8 5 
10867500 10867749 0 0 0 60 -48 0 63 -45 61 233 107 61 64 25 20 23 10 13 33 35 45 55 16 6 8 5 
11070000 11070096 0 0 0 22 -73 0 25 -71 24 196 95 67 71 25 20 23 10 13 33 35 45 55 16 8 8 5 
11154500 11154520 0 0 0 4 -82 0 5 -80 4 176 85 63 63 25 20 22 10 14 34 35 45 55 16 8 8 5 
11181500 11181505 0 0 0 39 -60 0 40 -57 38 210 95 65 63 25 20 22 10 14 34 35 45 55 16 8 8 5 
11191000 11191036 0 13 0 103 -43 28 110 -40 109 281 149 74 75 25 20 23 10 13 33 35 45 55 16 9 9 5 
11199500 11199569 0 0 0 107 -37 0 111 -34 109 281 144 66 63 25 20 23 10 13 33 35 45 55 16 8 8 5 
11479000 11479081 0 0 0 150 -16 0 154 -13 152 324 165 69 68 25 20 23 10 13 33 35 45 55 16 9 9 5 
11487500 11487556 0 13 0 96 -44 -6 100 -42 98 270 142 70 70 25 20 23 10 13 33 35 45 55 16 9 9 5 
11502500 11502670 0 0 0 18 -82 0 18 -82 18 190 100 67 67 25 20 23 10 14 34 35 45 55 16 8 7 5 
12119000 12119111 0 0 0 15 -83 0 19 -79 18 190 98 75 75 25 20 22 10 15 35 35 45 55 16 9 10 5 
12140500 12140650 0 0 0 53 -55 0 57 -52 57 229 109 77 76 25 20 21 10 15 35 35 45 55 16 10 10 5 
12147500 12147524 0 13 0 8 -89 -25 -3 -102 -4 168 99 88 90 25 20 21 10 15 35 35 45 55 16 9 12 5 
12157500 12157634 0 0 0 4 -74 0 7 -70 8 180 77 72 73 25 20 22 10 16 36 35 45 55 16 8 9 5 
12185000 12185011 0 0 0 -42 -89 0 -42 -86 -42 130 45 74 77 25 20 22 10 16 36 35 45 55 16 9 9 5 
12214000 12214173 0 0 0 -32 -86 0 -30 -84 -32 140 53 68 73 25 20 22 10 16 36 35 45 55 16 8 9 5 
12237500 12237606 0 0 0 -40 -93 0 -39 -92 -41 131 52 71 68 25 20 22 10 16 36 35 45 55 16 9 9 5 
12260000 12260038 0 0 0 -30 -80 0 -28 -77 -31 141 49 67 71 25 20 22 10 16 36 35 45 55 16 8 8 5 
12534500 12534698 0 0 0 -33 -87 0 -29 -84 -28 144 56 66 65 25 20 22 10 16 36 35 45 55 16 8 8 5 
12547500 12547679 0 0 0 -43 -94 0 -45 -94 -44 128 50 60 60 25 20 22 10 16 36 35 45 55 16 5 7 5 
12569000 12569001 0 0 0 -12 -90 0 -7 -87 -8 164 79 70 75 25 20 22 10 16 36 35 45 55 16 8 9 5 
12588000 12588160 0 0 0 -33 -89 0 -31 -87 -32 140 57 60 61 25 20 22 10 16 36 35 45 55 16 7 8 5 
12794000 12794092 0 0 0 -40 -92 0 -38 -89 -39 133 50 62 63 25 20 22 10 16 36 35 45 55 16 7 8 5 
12812000 12812203 0 0 0 -41 -93 0 -38 -91 -37 135 55 65 65 25 20 22 10 16 36 35 45 55 16 8 8 5 
12880500 12880609 0 0 0 -33 -83 0 -30 -81 -30 142 51 65 65 25 20 22 10 16 36 35 45 55 16 8 8 5 
12897500 12897573 0 0 0 8 -74 0 12 -72 12 184 83 65 62 25 20 22 10 16 36 35 45 55 16 8 8 5 
12912500 12912718 0 0 0 -4 -72 0 1 -69 1 173 70 65 64 25 20 22 10 16 36 35 45 55 16 8 8 5 
12925500 12925730 0 0 0 -16 -74 0 -10 -69 -11 161 59 68 64 25 20 23 10 16 36 35 45 55 16 8 8 5 
12945000 12945114 0 0 0 -6 -67 0 -3 -65 -4 168 60 70 74 25 20 23 10 16 36 35 45 55 16 9 9 5 
13021000 13021136 0 0 0 -23 -72 0 -21 -70 -21 151 49 64 63 25 20 23 10 16 36 35 45 55 16 8 8 5 
13166500 13166588 0 0 0 -25 -75 0 -24 -75 -23 149 52 64 63 25 20 23 10 16 36 35 45 55 16 8 8 5 
13461500 13461621 0 0 0 -18 -71 0 -16 -69 -17 155 54 64 64 25 20 23 10 16 36 35 45 55 16 8 8 5 
13487000 13487158 0 0 0 -30 -82 0 -26 -80 -26 146 55 66 60 25 20 23 10 16 36 35 45 55 16 9 8 5 
13547000 13547024 0 0 0 -30 -84 0 -29 -84 -31 141 54 64 64 25 20 23 10 16 36 35 45 55 16 8 8 5 
13566500 13566735 0 0 0 -24 -77 0 -20 -72 -20 152 54 65 64 25 20 23 10 16 36 35 45 55 16 8 8 5 
13808500 13808728 0 0 0 -32 -82 0 -32 -82 -33 139 49 65 66 25 20 23 10 16 36 35 45 55 16 8 8 5 
13823500 13823747 0 0 0 -11 -77 0 -10 -76 -10 162 67 57 57 25 20 22 10 16 36 35 45 55 16 7 7 5 
13843000 13843206 0 0 0 -7 -72 0 -5 -70 -5 167 65 60 60 25 20 22 10 16 36 35 45 55 16 8 7 5 
13865000 13865120 0 0 0 -20 -78 0 -18 -75 -19 153 58 61 62 25 20 22 10 16 36 35 45 55 16 8 8 5 
13969000 13969137 0 0 0 -46 -95 0 -44 -94 -43 129 51 60 60 25 20 22 10 16 36 35 45 55 16 7 8 5 
13986500 13986670 0 0 0 -47 -92 0 -45 -91 -46 126 47 72 71 25 20 22 10 16 36 35 45 55 16 9 9 5 
14003500 14003560 0 0 0 -35 -85 0 -35 -84 -36 136 50 61 59 25 20 22 10 16 36 35 45 55 16 7 8 5 
14036500 14036844 0 0 0 -41 -96 0 -40 -95 -39 133 55 60 55 25 20 22 10 16 36 35 45 55 16 4 7 5 
14045500 14045572 0 0 0 -20 -81 0 -20 -79 -20 152 60 68 71 25 20 22 10 15 35 35 45 55 16 10 8 5 
14062500 14062755 0 0 0 -18 -80 0 -16 -78 -17 155 62 59 59 25 20 22 10 15 35 35 45 55 16 7 7 5 
14076500 14076527 0 0 0 -39 -86 0 -37 -83 -39 133 45 62 61 25 20 22 10 15 35 35 45 55 16 8 8 5 
14193000 14193166 0 0 0 -56 -97 0 -54 -94 -55 117 40 60 57 25 20 22 10 15 35 35 45 55 16 7 8 5 
14293000 14293150 0 0 0 -62 -105 0 -59 -103 -57 115 45 59 57 25 20 22 10 15 35 35 45 55 16 7 7 5 
14310000 14310006 0 0 0 -14 -85 0 -11 -84 -11 161 74 64 70 25 20 22 10 15 35 35 45 55 16 8 8 5 
14333500 14333560 0 0 0 0 -83 0 1 -81 1 173 84 75 74 25 20 22 10 15 35 35 45 55 16 9 9 5 
14370000 14370089 0 0 0 -1 -89 0 -10 -93 -12 160 82 75 74 25 20 22 10 15 35 35 45 55 16 9 9 5 
14410500 14410552 0 0 0 37 -70 0 38 -68 38 210 107 71 72 25 20 22 10 15 35 35 45 55 16 5 9 5 
14424500 14424551 0 0 0 38 -68 0 41 -65 40 212 105 67 65 25 20 22 10 15 35 35 45 55 16 8 5 5 
14462000 14462033 0 0 0 15 -79 0 16 -76 13 185 92 66 67 25 20 22 10 15 35 35 45 55 16 8 8 5 
14570500 14570633 0 0 0 51 -62 0 56 -57 57 229 114 71 72 25 20 22 10 15 35 35 45 55 16 9 9 5 
14668000 14668497 0 0 0 57 -68 0 56 -68 56 228 125 72 69 25 20 22 10 15 35 35 45 55 16 6 9 5 
14694500 14694652 0 0 0 20 -88 0 21 -87 20 192 107 79 84 25 20 22 10 15 35 35 45 55 16 10 10 5 
14705500 14705529 0 13 0 -22 -104 -8 -18 -102 -18 154 86 77 74 25 20 22 10 15 35 35 45 55 16 9 10 5 
14713000 14713196 0 0 0 -38 -99 0 -39 -98 -39 133 60 70 57 25 20 22 10 15 35 35 45 55 16 9 8 5 
14780500 14780553 0 0 0 -43 -95 0 -41 -93 -41 131 52 64 64 25 20 22 10 15 35 35 45 55 16 8 8 5 
14957000 14957242 0 0 0 -47 -95 0 -44 -91 -46 126 47 61 61 25 20 22 10 15 35 35 45 55 16 8 8 5 
14988000 14988045 0 0 0 -50 -93 0 -47 -90 -47 125 43 58 57 25 20 22 10 15 35 35 45 55 16 7 7 5 
15000000 15000120 0 0 0 -30 -97 0 -21 -92 -22 150 71 63 59 25 20 22 10 15 35 35 45 55 16 8 7 5 
15026500 15026628 0 0 0 -29 -96 0 -26 -93 -26 146 67 63 66 25 20 22 10 15 35 35 45 55 16 8 8 5 
15046000 15046051 0 0 0 -47 -100 0 -48 -100 -47 125 53 67 71 25 20 22 10 15 35 35 45 55 16 8 9 5 
15075000 15075114 0 0 0 -39 -87 0 -36 -84 -39 133 46 64 63 25 20 22 10 15 35 35 45 55 16 8 8 5 
15090000 15090234 0 0 0 -22 -89 0 -23 -90 -24 148 66 65 65 25 20 22 10 16 36 35 45 55 16 8 8 5 
15097000 15097196 0 0 0 -39 -93 0 -36 -90 -37 135 53 64 64 25 20 22 10 16 36 35 45 55 16 8 8 5 
15101500 15101648 0 0 0 -31 -88 0 -30 -86 -30 142 57 67 72 25 20 22 10 16 36 35 45 55 16 7 9 5 
15106500 15106657 0 0 0 -34 -93 0 -32 -90 -32 140 59 63 61 25 20 22 10 16 36 35 45 55 16 8 6 5 
15113000 15113120 0 0 0 -36 -91 0 -32 -88 -31 141 55 63 62 25 20 22 10 16 36 35 45 55 16 8 8 5 
15120000 15120193 0 0 0 -27 -83 0 -24 -79 -26 146 55 65 64 25 20 22 10 16 36 35 45 55 16 8 8 5 
15136000 15136121 0 0 0 -27 -84 0 -27 -83 -28 144 56 69 68 25 20 21 10 16 36 35 45 55 16 9 9 5 
15142000 15142232 0 0 0 -27 -92 0 -23 -89 -24 148 66 64 60 25 20 20 10 16 36 35 45 55 16 8 7 5 
15149500 15149518 0 0 0 14 -76 0 16 -74 16 188 89 76 80 25 20 20 10 16 36 35 45 55 16 10 10 5 
15155000 15155035 0 0 0 9 -83 0 11 -79 10 182 90 71 72 25 20 20 10 16 36 35 45 55 16 8 10 5 
15174500 15174605 0 0 0 17 -88 0 20 -84 20 192 104 85 84 25 20 20 10 16 36 35 45 55 16 11 11 5 
15200500 15200518 0 0 0 28 -86 0 30 -83 30 202 114 81 81 25 20 20 10 15 35 35 45 55 16 10 10 5 
15318000 15318091 0 0 0 -28 -101 0 -28 -98 -29 143 70 77 77 25 20 20 10 14 34 35 45 55 16 10 10 5 
15693000 15693147 0 0 0 14 -98 0 17 -95 17 189 112 79 77 25 20 20 10 13 33 35 45 55 16 10 10 5 
16252500 16252665 0 0 0 -14 -106 0 -10 -103 -12 160 93 79 82 25 20 19 10 13 33 35 45 55 16 10 10 5 
16725000 16725106 0 0 0 -16 -113 0 -15 -113 -16 156 97 78 79 25 20 19 10 13 33 35 45 55 16 10 10 5 
17188000 17188063 0 0 0 -12 -107 0 -13 -107 -14 158 94 77 79 25 20 19 10 13 33 35 45 55 16 10 10 5 
17248000 17248105 0 0 0 -19 -112 0 -13 -109 -14 158 97 78 76 25 20 19 10 13 33 35 45 55 16 10 9 5 
18647000 18647088 0 0 0 -14 -109 19 -10 -106 -11 161 95 76 77 25 20 19 10 12 32 35 45 55 16 10 9 5 
18984500 18984526 0 0 0 -29 -131 0 -26 -128 -27 145 102 76 72 25 20 19 10 11 31 35 45 55 16 10 10 5 
19235500 19235605 0 0 0 5 -94 0 5 -95 4 176 100 71 74 25 20 19 10 11 31 35 45 55 16 9 9 5 
59000 59127 1 0 -1 0 -86 0 3 -85 0 141 88 73 72 25 20 19 10 14 34 35 45 55 16 6 9 5 
93000 93031 1 0 0 -13 -88 0 -11 -85 -15 126 73 73 77 25 20 21 10 14 34 35 45 55 16 9 9 5 
104000 104119 1 0 0 -55 -100 0 -55 -99 -58 83 45 62 63 25 20 22 10 14 34 35 45 55 16 4 7 5 
121000 121040 1 0 0 -58 -103 0 -58 -102 -62 79 43 66 63 25 20 23 10 15 35 35 45 55 16 8 7 5 
137000 137027 1 0 0 -21 -93 0 -20 -91 -23 118 72 61 57 25 20 22 10 15 35 35 45 55 16 7 7 5 
155000 155238 1 0 0 -14 -87 0 -13 -85 -16 125 73 63 60 25 20 22 10 15 35 35 45 55 16 8 8 5 
166000 166253 1 0 0 -43 -102 0 -42 -100 -45 96 59 59 53 25 20 22 10 15 35 35 45 55 16 8 7 5 
203500 203685 1 0 0 -55 -99 0 -58 -100 -60 81 43 67 64 25 20 24 10 11 31 35 45 55 16 6 9 5 
215000 215026 1 0 0 -24 -87 0 -22 -85 -25 116 64 70 67 25 20 21 10 13 33 35 45 55 16 8 9 5 
251500 251509 1 0 0 -2 -75 0 -4 -75 -8 133 70 68 67 25 20 21 10 13 33 35 45 55 16 9 8 5 
289000 289099 1 0 0 -6 -83 0 1 -78 -1 140 81 73 75 25 20 21 10 13 33 35 45 55 16 10 9 5 
769000 769113 1 0 0 -4 -108 0 -1 -105 -4 137 104 82 86 25 20 21 10 14 34 35 45 55 16 11 10 5 
799000 799021 1 0 0 -14 -116 0 -10 -114 -12 129 105 79 77 25 20 21 10 14 34 35 45 55 16 10 10 5 
890500 890636 1 0 0 -7 -99 0 -5 -96 -8 133 92 77 75 25 20 21 10 14 34 35 45 55 16 10 10 5 
911000 911178 1 0 0 -5 -97 0 -2 -96 -5 136 95 75 74 25 20 21 10 14 34 35 45 55 16 9 10 5 
1098500 1098558 1 0 0 -12 -99 0 -8 -97 -11 130 91 76 75 25 20 21 10 14 34 35 45 55 16 10 10 5 
1119500 1119534 1 0 0 -15 -101 0 -7 -93 -9 132 86 80 81 25 20 21 10 14 34 35 45 55 16 11 9 5 
1202000 1202045 1 0 0 -11 -104 0 -6 -98 -9 132 90 87 87 25 20 21 10 14 34 35 45 55 16 11 11 5 
1230000 1230161 1 0 0 6 -94 0 8 -90 5 146 99 82 82 25 20 21 10 14 34 35 45 55 16 10 10 5 
1324000 1324087 1 0 0 13 -96 0 16 -92 12 153 108 81 81 25 20 21 10 14 34 35 45 55 16 10 10 5 
1404500 1404586 1 0 0 -29 -107 0 -26 -103 -29 112 77 75 79 25 20 21 10 14 34 35 45 55 16 10 9 5 
1474000 1474090 1 0 0 -33 -104 0 -31 -105 -33 108 74 71 74 25 20 21 10 14 34 35 45 55 16 8 9 5 
1511500 1511574 1 0 0 -8 -92 0 -4 -89 -6 135 84 71 74 25 20 21 10 15 35 35 45 55 16 9 9 5 
1537500 1537556 1 0 0 -24 -96 0 -19 -93 -22 119 75 72 76 25 20 21 10 15 35 35 45 55 16 9 9 5 
1633000 1633061 1 0 0 -29 -100 0 -28 -98 -30 111 71 75 75 25 20 21 10 14 34 35 45 55 16 10 9 5 
1678000 1678002 1 0 0 21 -90 0 24 -87 21 162 110 86 86 25 20 21 10 14 34 35 45 55 16 11 11 5 
1738000 1738056 1 0 0 4 -114 0 10 -110 5 146 118 91 91 25 20 21 10 15 35 35 45 55 16 12 12 5 
1882500 1882602 1 0 0 35 -98 0 39 -95 38 179 135 88 90 25 20 21 10 14 34 35 45 55 16 11 12 5 
2062500 2062515 1 0 0 -7 -111 0 -3 -108 -5 136 103 82 82 25 20 20 10 13 33 35 45 55 16 11 7 5 
2094500 2094639 1 0 0 11 -106 0 15 -104 10 151 118 92 92 25 20 20 10 13 33 35 45 55 16 12 12 5 
2130000 2130065 1 0 0 10 -89 0 14 -86 10 151 99 86 85 25 20 20 10 13 33 35 45 55 16 11 11 5 
2165500 2165539 1 0 0 -9 -103 0 -4 -100 -7 134 98 88 88 25 20 20 10 13 33 35 45 55 16 11 11 5 
2282000 2282100 1 0 0 -23 -118 0 -25 -116 -28 113 90 84 82 25 20 20 10 13 33 35 45 55 16 11 10 5 
2473000 2473058 1 0 0 -6 -114 0 -1 -110 -5 136 108 87 86 25 20 21 10 14 34 35 45 55 16 11 8 5 
2552000 2552010 1 0 0 -9 -107 0 -8 -106 -9 132 99 87 86 25 20 21 10 14 34 35 45 55 16 11 11 5 
2666500 2666520 1 0 0 -17 -103 0 -16 -101 -20 121 84 80 76 25 20 22 10 14 34 35 45 55 16 10 10 5 
2754500 2754606 1 0 0 -4 -109 0 1 -107 -2 139 107 88 90 25 20 22 10 13 33 35 45 55 16 8 11 5 
2854000 2854146 1 0 0 -15 -118 0 -9 -116 -11 130 108 89 88 25 20 20 10 13 33 35 45 55 16 11 11 5 
2951500 2951669 1 0 0 -5 -106 0 -3 -103 -5 136 100 87 87 25 20 20 10 13 33 35 45 55 16 11 11 5 
3016000 3016107 1 0 0 17 -101 0 20 -98 16 157 118 87 84 25 20 20 10 13 33 35 45 55 16 11 11 5 
3036500 3036584 1 0 0 -30 -107 0 -26 -102 -29 112 76 81 83 25 20 21 10 13 33 35 45 55 16 11 8 5 
3056500 3056645 1 0 0 -19 -109 0 -17 -107 -20 121 89 80 81 25 20 21 10 13 33 35 45 55 16 10 10 5 
3094000 3094058 1 0 0 5 -102 0 9 -98 5 146 108 83 83 25 20 21 10 13 33 35 45 55 16 8 10 5 
3148000 3148062 1 0 0 -7 -101 0 -9 -101 -12 129 92 77 78 25 20 21 10 14 34 35 45 55 16 10 10 5 
3163000 3163043 1 0 0 -6 -97 0 -9 -98 -11 130 89 92 93 25 20 21 10 14 34 35 45 55 16 12 12 5 
3202500 3202724 1 0 0 13 -86 0 10 -86 7 148 96 85 84 25 20 24 10 12 32 35 45 55 16 5 5 5 
3238000 3238204 1 0 0 -39 -108 0 -36 -104 -39 102 68 72 69 25 20 21 10 13 33 35 45 55 16 9 9 5 
3294500 3294567 1 0 0 -34 -101 0 -29 -97 -33 108 67 71 70 25 20 21 10 13 33 35 45 55 16 9 9 5 
3823000 3823087 1 0 0 -28 -90 0 -23 -87 -26 115 64 67 66 25 20 23 10 14 34 35 45 55 16 8 8 5 
3877500 3877636 1 0 0 -20 -102 0 -15 -97 -18 123 84 81 80 25 20 23 10 11 31 35 45 55 16 11 10 5 
3932000 3932053 1 0 0 -61 -117 0 -58 -115 -60 81 57 67 66 25 20 21 10 14 34 35 45 55 16 8 8 5 
4005000 4005021 1 0 0 -51 -106 0 -48 -103 -49 92 56 68 70 25 20 21 10 14 34 35 45 55 16 9 8 5 
4054000 4054128 1 0 0 -14 -96 0 -13 -94 -17 124 81 76 72 25 20 21 10 14 34 35 45 55 16 10 10 5 
4134500 4134683 1 0 0 -36 -109 0 -34 -106 -39 102 71 75 78 25 20 21 10 14 34 35 45 55 16 10 9 5 
4202000 4202086 1 0 0 0 -86 0 -4 -85 -6 135 83 84 83 25 20 21 10 14 34 35 45 55 16 11 11 5 
4275000 4275160 1 0 0 -15 -124 0 -6 -117 -7 134 113 89 87 25 20 20 10 14 34 35 45 55 16 11 11 5 
4303000 4303046 1 0 0 -45 -126 0 -42 -122 -45 96 81 77 71 25 20 20 10 14 34 35 45 55 16 10 10 5 
4520500 4520610 1 0 0 -35 -114 0 -31 -111 -34 107 80 80 81 25 20 20 10 14 34 35 45 55 16 11 10 5 
4734500 4734522 1 0 0 -3 -110 0 3 -106 0 141 109 87 86 25 20 20 10 13 33 35 45 55 16 11 11 5 
4805500 4805647 1 0 0 -6 -105 0 -7 -105 -10 131 98 81 84 25 20 22 10 13 33 35 45 55 16 11 10 5 
4814000 4814207 1 13 0 -23 -114 10 -19 -110 -13 118 90 80 81 25 20 23 10 13 33 35 45 55 16 8 8 5 
4826500 4826628 1 0 0 -72 -127 0 -73 -126 -65 66 53 71 71 25 20 22 10 14 34 35 45 55 16 9 9 5 
4837500 4837621 1 0 0 -82 -132 0 -82 -131 -85 56 48 68 68 25 20 21 10 14 34 35 45 55 16 8 8 5 
4844000 4844133 1 0 0 -66 -129 0 -60 -130 -62 79 69 70 51 25 20 21 10 14 34 35 45 55 16 4 6 5 
4853500 4853524 1 0 0 -58 -121 0 -52 -116 -55 86 65 69 74 25 20 21 10 14 34 35 45 55 16 8 9 5 
4884500 4884515 1 0 0 -21 -106 0 -16 -101 -19 122 84 89 85 25 20 20 10 14 34 35 45 55 16 11 11 5 
4939000 4939176 1 0 0 -2 -96 0 0 -92 -2 139 93 82 86 25 20 20 10 14 34 35 45 55 16 9 9 5 
5460000 5460078 1 0 0 13 -100 0 14 -98 11 152 112 84 85 25 20 20 10 13 33 35 45 55 16 11 10 5 
5597000 5597094 1 0 0 2 -104 0 5 -100 2 143 104 87 88 25 20 21 10 13 33 35 45 55 16 11 11 5 
5606500 5606586 1 13 0 -11 -101 8 -10 -99 -13 128 90 78 76 25 20 21 10 13 33 35 45 55 16 10 9 5 
5623000 5623070 1 0 0 -55 -128 0 -50 -125 -53 88 76 77 75 25 20 21 10 13 33 35 45 55 16 7 10 5 
5668000 5668200 1 0 0 -54 -125 0 -53 -123 -55 86 70 71 72 25 20 21 10 13 33 35 45 55 16 9 9 5 
5705500 5705580 1 0 0 -24 -106 0 -21 -103 -23 118 82 74 73 25 20 21 10 14 34 35 45 55 16 9 9 5 
5784500 5784552 1 0 0 22 -89 0 23 -88 20 161 111 85 83 25 20 21 10 13 33 35 45 55 16 11 11 5 
5953000 5953004 1 0 0 1 -106 0 4 -103 2 143 108 83 83 25 20 21 10 13 33 35 45 55 16 11 11 5 
6380500 6380550 1 0 0 6 -102 0 9 -98 8 149 108 83 83 25 20 20 10 13 33 35 45 55 16 11 11 5 
6639500 6639555 1 0 0 -7 -105 0 -4 -100 -8 133 95 84 89 25 20 20 10 14 34 35 45 55 16 11 7 5 
7125000 7125021 1 0 0 -6 -99 0 -2 -94 -5 136 92 77 73 25 20 20 10 13 33 35 45 55 16 8 2 5 
7625500 7625612 1 0 0 12 -90 0 13 -88 10 151 102 80 82 25 20 20 10 13 33 35 45 55 16 11 10 5 
7732500 7732563 1 0 0 5 -89 0 12 -84 8 149 95 82 84 25 20 20 10 13 33 35 45 55 16 10 11 5 
7857500 7857635 1 0 0 -1 -99 0 0 -96 -4 137 96 82 82 25 20 20 10 13 33 35 45 55 16 10 11 5 
7953000 7953157 1 0 0 -11 -90 0 -6 -85 -9 132 81 76 74 25 20 20 10 13 33 35 45 55 16 10 9 5 
7985000 7985040 1 0 0 -33 -102 0 -30 -99 -30 111 71 73 73 25 20 20 10 13 33 35 45 55 16 10 9 5 
8028000 8028103 1 0 0 21 -74 0 22 -71 19 160 94 84 85 25 20 20 10 13 33 35 45 55 16 11 11 5 
8052500 8052633 1 0 0 21 -73 0 24 -71 21 162 96 76 72 25 20 20 10 13 33 35 45 55 16 9 10 5 
8087000 8087105 1 0 0 -15 -88 0 -11 -84 -16 125 71 75 73 25 20 20 10 13 33 35 45 55 16 9 9 5 
8129000 8129013 1 0 0 13 -75 0 15 -74 12 153 89 81 80 25 20 20 10 13 33 35 45 55 16 11 10 5 
8143000 8143194 1 0 0 -52 -110 0 -48 -107 -51 90 59 80 82 25 20 20 10 12 32 35 45 55 16 9 10 5 
8178000 8178009 1 0 0 -34 -95 0 -30 -91 -34 107 61 77 75 25 20 20 10 12 32 35 45 55 16 10 10 5 
8270000 8270140 1 0 0 -16 -92 0 -14 -90 -16 125 75 77 77 25 20 22 10 11 31 35 45 55 16 10 8 5 
8376500 8376582 1 0 0 -18 -95 0 -15 -91 -18 123 77 79 75 25 20 22 10 11 31 35 45 55 16 10 10 5 
8545500 8545607 1 0 0 -23 -105 0 -18 -100 -21 120 83 83 84 25 20 22 10 11 31 35 45 55 16 10 11 5 
8701000 8701126 1 0 0 -19 -114 0 -15 -111 -16 125 97 82 84 25 20 22 10 13 33 35 45 55 16 10 11 5 
8735000 8735148 1 0 0 -26 -120 0 -21 -116 -25 116 94 75 73 25 20 21 10 14 34 35 45 55 16 9 9 5 
8823500 8823525 1 0 0 -29 -118 0 -27 -116 -30 111 90 71 70 25 20 21 10 14 34 35 45 55 16 9 9 5 
8849000 8849133 1 0 0 -5 -107 0 -4 -105 -7 134 102 92 90 25 20 21 10 14 34 35 45 55 16 11 11 5 
8889500 8889506 1 0 0 22 -105 0 23 -104 20 161 127 86 86 25 20 21 10 14 34 35 45 55 16 11 11 5 
9116000 9116133 1 0 0 18 -109 0 24 -105 21 162 129 89 90 25 20 19 10 14 34 35 45 55 16 11 12 5 
9158500 9158536 1 0 0 -21 -118 0 -19 -115 -22 119 96 74 74 25 20 19 10 14 34 35 45 55 16 9 9 5 
9287000 9287129 1 0 0 -26 -107 0 -22 -104 -26 115 81 77 81 25 20 20 10 13 33 35 45 55 16 10 10 5 
9300000 9300064 1 0 0 -8 -96 0 -4 -94 -6 135 90 75 76 25 20 20 10 14 34 35 45 55 16 10 9 5 
9377000 9377109 1 0 0 -7 -94 0 -4 -90 -8 133 86 75 72 25 20 20 10 14 34 35 45 55 16 9 9 5 
9407000 9407103 1 0 0 10 -106 0 18 -100 16 157 119 72 71 25 20 19 10 15 35 35 45 55 16 9 9 5 
9538000 9538211 1 0 0 -6 -87 0 -3 -85 -5 136 82 66 66 25 20 21 10 15 35 35 45 55 16 8 8 5 
9554000 9554149 1 0 0 30 -63 0 32 -60 30 171 92 65 66 25 20 21 10 15 35 35 45 55 16 8 8 5 
9677000 9677050 1 0 0 27 -66 0 29 -64 24 165 92 59 57 25 20 21 10 15 35 35 45 55 16 8 7 5 
9685000 9685079 1 13 0 -43 -105 -20 -41 -104 -45 96 63 70 72 25 20 20 10 15 35 35 45 55 16 8 9 5 
9694000 9694145 1 0 0 -77 -118 0 -72 -115 -74 67 45 64 65 25 20 20 10 15 35 35 45 55 16 8 8 5 
9702500 9702671 1 13 0 -11 -90 10 -1 -84 -2 139 85 68 69 25 20 20 10 15 35 35 45 55 16 8 9 5 
9714500 9714680 1 0 0 58 -56 0 62 -52 60 201 114 69 70 25 20 20 10 16 36 35 45 55 16 9 9 5 
9745500 9745678 1 0 0 68 -46 0 72 -43 68 209 115 64 67 25 20 20 10 16 36 35 45 55 16 8 8 5 
10364000 10364208 1 0 0 51 -44 0 57 -39 55 196 97 62 63 25 20 22 10 17 37 35 45 55 16 8 8 5 
10384000 10384340 1 13 0 -45 -104 -29 -37 -98 -40 101 62 70 69 25 20 21 10 15 35 35 45 55 16 4 8 5 
10395000 10395080 1 0 0 -52 -104 0 -51 -101 -53 88 52 65 66 25 20 21 10 14 34 35 45 55 16 8 8 5 
10445500 10445576 1 0 0 -30 -92 0 -26 -89 -29 112 63 66 66 25 20 21 10 14 34 35 45 55 16 8 7 5 
10875000 10875185 1 0 0 -42 -97 0 -36 -92 -38 103 58 61 61 25 20 23 10 13 33 35 45 55 16 8 7 5 
11074000 11074170 1 0 0 -41 -100 0 -38 -97 -42 99 58 64 64 25 20 23 10 13 33 35 45 55 16 8 7 5 
11154500 11154520 1 0 0 -54 -105 0 -52 -102 -56 85 50 63 63 25 20 22 10 14 34 35 45 55 16 8 8 5 
11183500 11183600 1 0 0 -54 -103 0 -49 -100 -50 91 52 66 68 25 20 22 10 14 34 35 45 55 16 8 8 5 
11200500 11200705 1 0 0 -59 -107 0 -57 -105 -60 81 48 66 69 25 20 23 10 13 33 35 45 55 16 8 8 5 
11479000 11479081 1 0 0 -45 -98 0 -40 -94 -44 97 54 69 68 25 20 23 10 13 33 35 45 55 16 9 9 5 
11508000 11508044 1 0 0 -70 -108 0 -68 -105 -70 71 37 68 70 25 20 23 10 14 34 35 45 55 16 8 9 5 
12116500 12116658 1 0 0 -56 -112 0 -54 -109 -56 85 56 74 73 25 20 22 10 15 35 35 45 55 16 9 9 5 
12139000 12139076 1 0 0 -29 -106 0 -28 -104 -31 110 76 78 77 25 20 21 10 15 35 35 45 55 16 10 10 5 
12161500 12161672 1 0 0 -4 -118 0 -1 -114 -5 136 113 78 79 25 20 22 10 16 36 35 45 55 16 10 10 5 
12192500 12192511 1 0 0 41 -81 0 43 -79 39 180 122 70 72 25 20 22 10 16 36 35 45 55 16 8 9 5 
12202000 12202039 1 13 0 -13 -108 -18 -9 -104 -10 131 97 80 83 25 20 22 10 16 36 35 45 55 16 10 10 5 
12210000 12210113 1 0 0 -25 -122 0 -23 -119 -26 115 96 73 77 25 20 22 10 16 36 35 45 55 16 10 9 5 
12234500 12234539 1 0 0 -47 -122 0 -43 -118 -46 95 75 69 66 25 20 22 10 16 36 35 45 55 16 9 9 5 
12240500 12240677 1 13 0 -10 -102 15 -5 -97 -8 133 92 77 78 25 20 22 10 16 36 35 45 55 16 10 10 5 
12251500 12251586 1 0 0 15 -86 0 16 -84 14 155 101 70 74 25 20 22 10 16 36 35 45 55 16 9 9 5 
12539000 12539146 1 0 0 -10 -106 0 -6 -102 -9 132 97 62 59 25 20 22 10 16 36 35 45 55 16 8 8 5 
12547500 12547679 1 13 0 -62 -123 -8 -61 -118 -64 77 56 60 60 25 20 22 10 16 36 35 45 55 16 5 7 5 
12557000 12557099 1 0 0 -104 -147 0 -101 -144 -104 37 44 68 65 25 20 22 10 16 36 35 45 55 16 9 9 5 
12575000 12575144 1 0 0 -100 -151 0 -99 -150 -102 39 51 63 62 25 20 22 10 16 36 35 45 55 16 8 7 5 
12581000 12581194 1 13 0 -56 -118 19 -47 -112 -51 90 66 67 66 25 20 22 10 16 36 35 45 55 16 9 8 5 
12588000 12588160 1 0 0 -45 -119 0 -45 -117 -48 93 74 60 61 25 20 22 10 16 36 35 45 55 16 7 8 5 
12796000 12796226 1 0 0 -36 -106 0 -32 -103 -35 106 72 65 65 25 20 22 10 16 36 35 45 55 16 8 8 5 
12810000 12810121 1 0 0 -63 -123 0 -59 -120 -62 79 61 66 65 25 20 22 10 16 36 35 45 55 16 8 8 5 
12890000 12890508 1 0 0 -72 -124 0 -68 -122 -71 70 54 75 75 25 20 22 10 16 36 35 45 55 16 6 10 5 
12901000 12901374 1 13 0 -9 -90 -29 11 -80 7 148 92 71 76 25 20 22 10 16 36 35 45 55 16 6 7 5 
12909500 12909541 1 0 0 92 -36 0 98 -32 94 235 130 66 67 25 20 22 10 16 36 35 45 55 16 8 8 5 
12923500 12923654 1 0 0 80 -43 0 86 -38 82 223 123 67 66 25 20 23 10 16 36 35 45 55 16 7 8 5 
12932000 12932013 1 13 0 -7 -114 -28 -8 -114 -11 130 105 76 84 25 20 23 10 16 36 35 45 55 16 10 9 5 
12942500 12942697 1 0 0 -53 -148 0 -53 -147 -56 85 93 66 62 25 20 23 10 16 36 35 45 55 16 8 8 5 
13021000 13021136 1 0 0 -101 -174 0 -96 -172 -98 43 75 64 63 25 20 23 10 16 36 35 45 55 16 8 8 5 
13164500 13164694 1 0 0 -120 -176 0 -116 -174 -120 21 57 64 63 25 20 23 10 16 36 35 45 55 16 8 8 5 
13472500 13472548 1 0 0 -126 -174 0 -124 -172 -128 13 48 63 62 25 20 23 10 16 36 35 45 55 16 8 8 5 
13476000 13476127 1 13 0 -103 -161 -32 -102 -158 -105 36 56 66 66 25 20 23 10 16 36 35 45 55 16 8 9 5 
13486000 13486019 1 0 0 88 -32 0 88 -30 85 226 118 68 68 25 20 23 10 16 36 35 45 55 16 9 8 5 
13550000 13550103 1 0 0 93 -28 0 94 -25 89 230 119 64 64 25 20 23 10 16 36 35 45 55 16 8 8 5 
13560000 13560374 1 13 0 0 -106 -26 -11 -113 -14 127 104 70 71 25 20 23 10 16 36 35 45 55 16 6 9 5 
13566500 13566735 1 0 0 -18 -108 0 -13 -102 -16 125 88 65 64 25 20 23 10 16 36 35 45 55 16 8 8 5 
13806500 13806634 1 0 0 -61 -137 0 -62 -137 -64 77 77 63 66 25 20 23 10 16 36 35 45 55 16 8 8 5 
13820500 13820663 1 0 0 -104 -138 0 -102 -135 -106 35 33 69 67 25 20 22 10 16 36 35 45 55 16 10 8 5 
13847000 13847030 1 0 0 -104 -136 0 -99 -133 -102 39 34 60 59 25 20 22 10 16 36 35 45 55 16 7 7 5 
13850500 13850835 1 13 0 -81 -128 -14 -73 -123 -75 66 52 69 72 25 20 22 10 16 36 35 45 55 16 7 9 5 
13860000 13860039 1 0 0 35 -58 0 35 -56 32 173 91 65 65 25 20 22 10 16 36 35 45 55 16 7 8 5 
13976500 13976602 1 0 0 9 -71 0 11 -68 9 150 80 60 60 25 20 22 10 16 36 35 45 55 16 7 8 5 
13989500 13989673 1 0 0 -11 -84 0 -9 -81 -12 129 71 68 67 25 20 22 10 16 36 35 45 55 16 9 8 5 
14002500 14002512 1 0 0 -21 -96 0 -14 -91 -17 124 77 62 55 25 20 22 10 16 36 35 45 55 16 8 7 5 
14035500 14035562 1 0 0 26 -63 0 29 -61 26 167 90 61 61 25 20 22 10 16 36 35 45 55 16 8 4 5 
14044000 14044004 1 13 0 -79 -129 -20 -91 -136 -95 46 45 72 74 25 20 22 10 15 35 35 45 55 16 6 10 5 
14047500 14047748 1 0 0 -94 -133 0 -94 -132 -96 45 38 61 59 25 20 22 10 15 35 35 45 55 16 8 7 5 
14064500 14064551 1 0 0 -110 -139 0 -119 -143 -123 18 23 62 59 25 20 22 10 15 35 35 45 55 16 7 8 5 
14067000 14067137 1 13 0 -64 -114 13 -57 -109 -60 81 53 68 72 25 20 22 10 15 35 35 45 55 16 8 9 5 
14075000 14075071 1 0 0 31 -62 0 35 -58 30 171 92 61 61 25 20 22 10 15 35 35 45 55 16 7 8 5 
14201500 14201504 1 0 0 -13 -84 0 -12 -81 -16 125 69 57 57 25 20 22 10 15 35 35 45 55 16 7 7 5 
14295000 14295238 1 0 0 -14 -84 0 -10 -81 -12 129 71 58 59 25 20 22 10 15 35 35 45 55 16 7 7 5 
14304500 14304516 1 13 0 -89 -128 -17 -90 -127 -95 46 37 70 80 25 20 22 10 15 35 35 45 55 16 10 8 5 
14308000 14308147 1 0 0 -94 -125 0 -91 -122 -93 48 32 63 62 25 20 22 10 15 35 35 45 55 16 7 8 5 
14318500 14318625 1 13 0 -72 -117 -7 -68 -114 -71 70 47 72 76 25 20 22 10 15 35 35 45 55 16 8 7 5 
14327000 14327026 1 0 0 -42 -105 0 -38 -101 -39 102 64 72 59 25 20 22 10 15 35 35 45 55 16 9 9 5 
14372000 14372094 1 0 0 -35 -95 0 -32 -92 -34 107 60 78 75 25 20 22 10 15 35 35 45 55 16 9 10 5 
14411500 14411596 1 0 0 -45 -107 0 -43 -104 -46 95 61 70 71 25 20 22 10 15 35 35 45 55 16 9 9 5 
14426500 14426670 1 0 0 -80 -114 0 -77 -112 -78 63 36 70 73 25 20 22 10 15 35 35 45 55 16 5 9 5 
14462000 14462033 1 0 0 -82 -121 0 -78 -117 -82 59 38 66 67 25 20 22 10 15 35 35 45 55 16 8 8 5 
14576500 14576545 1 0 0 -64 -115 0 -63 -114 -66 75 50 68 69 25 20 22 10 15 35 35 45 55 16 9 9 5 
14674000 14674013 1 0 0 -71 -129 0 -67 -126 -70 71 59 71 69 25 20 22 10 15 35 35 45 55 16 9 9 5 
14701000 14701108 1 0 0 -79 -130 0 -75 -126 -79 62 50 71 73 25 20 22 10 15 35 35 45 55 16 9 9 5 
14707500 14707564 1 13 0 -21 -113 29 -12 -108 -15 126 95 79 82 25 20 22 10 15 35 35 45 55 16 10 10 5 
14717000 14717059 1 0 0 -7 -99 0 -5 -98 -9 132 92 67 67 25 20 22 10 15 35 35 45 55 16 8 8 5 
14778000 14778008 1 0 0 11 -84 0 13 -82 10 151 95 66 64 25 20 22 10 15 35 35 45 55 16 8 8 5 
14960000 14960165 1 0 0 -15 -97 0 -11 -94 -14 127 83 62 63 25 20 22 10 15 35 35 45 55 16 8 8 5 
14985000 14985147 1 0 0 -31 -106 0 -29 -103 -33 108 73 57 57 25 20 22 10 15 35 35 45 55 16 7 7 5 
14996000 14996107 1 13 0 -108 -138 -13 -104 -139 -108 33 35 77 79 25 20 22 10 15 35 35 45 55 16 9 10 5 
14998000 14998057 1 0 0 -106 -139 0 -103 -136 -105 36 34 71 75 25 20 22 10 15 35 35 45 55 16 10 8 5 
15023500 15023708 1 0 0 -107 -138 0 -105 -137 -109 32 33 62 63 25 20 22 10 15 35 35 45 55 16 7 8 5 
15030000 15030327 1 13 0 -56 -108 -1 -41 -98 -44 97 57 69 71 25 20 22 10 15 35 35 45 55 16 6 8 5 
15038500 15038638 1 0 0 14 -80 0 15 -77 12 153 94 66 66 25 20 22 10 15 35 35 45 55 16 8 8 5 
15076000 15076058 1 0 0 14 -75 0 15 -72 12 153 88 64 66 25 20 22 10 15 35 35 45 55 16 8 8 5 
15083500 15083505 1 13 0 -50 -111 -5 -55 -112 -58 83 58 64 67 25 20 22 10 15 35 35 45 55 16 8 8 5 
15087500 15087584 1 0 0 -77 -127 0 -76 -125 -79 62 50 62 62 25 20 22 10 16 36 35 45 55 16 8 8 5 
15091000 15091166 1 13 0 -59 -117 -4 -53 -112 -56 85 60 67 68 25 20 22 10 16 36 35 45 55 16 8 8 5 
15097500 15097667 1 0 0 -14 -88 0 -11 -84 -14 127 73 63 64 25 20 22 10 16 36 35 45 55 16 8 8 5 
15105000 15105197 1 0 0 85 -35 0 88 -32 86 227 120 64 65 25 20 22 10 16 36 35 45 55 16 8 7 5 
15109500 15109598 1 13 0 40 -59 -5 42 -57 40 181 98 63 64 25 20 22 10 16 36 35 45 55 16 7 8 5 
15113000 15113120 1 0 0 15 -74 0 17 -71 14 155 88 63 62 25 20 22 10 16 36 35 45 55 16 8 8 5 
15119000 15119043 1 0 0 28 -69 0 33 -65 31 172 98 65 64 25 20 22 10 16 36 35 45 55 16 8 8 5 
15130500 15130568 1 0 0 15 -74 0 17 -73 13 154 89 67 65 25 20 22 10 16 36 35 45 55 16 8 8 5 
15134000 15134138 1 0 0 26 -69 0 34 -63 32 173 96 68 69 25 20 22 10 16 36 35 45 55 16 9 9 5 
15137500 15137668 1 13 0 -38 -104 2 -39 -104 -42 99 64 70 69 25 20 21 10 16 36 35 45 55 16 9 8 5 
15142000 15142232 1 0 0 -125 -150 0 -131 -151 -134 7 21 64 60 25 20 20 10 16 36 35 45 55 16 8 7 5 
15145000 15145174 1 13 0 -90 -136 1 -85 -136 -87 54 52 66 70 25 20 20 10 16 36 35 45 55 16 8 8 5 
15150500 15150652 1 0 0 -26 -95 0 -19 -90 -22 119 70 75 79 25 20 20 10 16 36 35 45 55 16 10 10 5 
15155500 15155654 1 0 0 -46 -112 0 -46 -111 -50 91 65 73 74 25 20 20 10 16 36 35 45 55 16 9 10 5 
15174500 15174605 1 0 0 -9 -100 0 -4 -97 -7 134 94 85 84 25 20 20 10 16 36 35 45 55 16 11 11 5 
15204500 15204640 1 0 0 -5 -98 0 -2 -95 -5 136 93 81 80 25 20 20 10 15 35 35 45 55 16 10 7 5 
15317000 15317123 1 0 0 -31 -116 0 -28 -114 -31 110 86 78 77 25 20 20 10 14 34 35 45 55 16 10 10 5 
15692000 15692170 1 0 0 -47 -123 0 -43 -120 -45 96 76 79 76 25 20 20 10 13 33 35 45 55 16 10 10 5 
16252500 16252665 1 0 0 -32 -116 0 -28 -113 -29 112 87 79 82 25 20 19 10 13 33 35 45 55 16 10 10 5 
16722500 16722651 1 0 0 -31 -116 0 -30 -114 -34 107 83 78 79 25 20 19 10 13 33 35 45 55 16 10 10 5 
17193000 17193157 1 0 0 -23 -108 0 -20 -105 -23 118 85 72 77 25 20 19 10 13 33 35 45 55 16 9 9 5 
17252000 17252120 1 0 0 -17 -101 0 -13 -99 -16 125 86 82 86 25 20 19 10 13 33 35 45 55 16 6 6 5 
17339500 17339638 1 -1 1 -70 -170 -53 -65 -167 -68 73 102 90 89 25 20 19 10 13 33 35 45 55 16 12 11 5 
17477500 17477555 1 2 1 -254 -312 -236 -245 -310 -248 -107 67 99 96 25 20 19 10 13 33 35 45 55 16 12 13 5 
17826000 17826004 1 -3 1 -66 -134 -48 -65 -130 -67 74 66 74 74 25 20 19 10 11 31 35 45 55 16 9 9 5 
18611500 18611698 1 0 0 -18 -96 0 -13 -92 -16 125 78 70 68 25 20 19 10 12 32 35 45 55 16 9 9 5 
18979000 18979064 1 0 0 -49 -125 0 -46 -122 -48 93 76 78 79 25 20 19 10 11 31 35 45 55 16 10 10 5 
19224500 19224712 1 0 0 -59 -130 0 -53 -125 -56 85 72 68 68 25 20 19 10 11 31 35 45 55 16 9 9 5 
59000 59127 2 0 -1 0 -74 0 11 -66 0 85 79 73 72 25 20 19 10 14 34 35 45 55 16 6 9 5 
89000 89185 2 0 0 8 -70 0 13 -67 1 86 79 77 79 25 20 21 10 14 34 35 45 55 16 10 10 5 
112500 112544 2 0 0 -44 -85 0 -38 -79 -51 34 41 61 52 25 20 22 10 14 34 35 45 55 16 8 7 5 
135000 135021 2 0 0 7 -73 0 12 -70 -2 83 81 64 66 25 20 22 10 15 35 35 45 55 16 9 7 5 
153000 153092 2 0 0 3 -72 0 6 -66 -6 79 72 64 55 25 20 22 10 15 35 35 45 55 16 8 8 5 
166000 166253 2 0 0 -22 -82 0 -18 -77 -29 56 60 59 53 25 20 22 10 15 35 35 45 55 16 8 7 5 
203500 203685 2 0 0 -31 -72 0 -31 -71 -42 43 40 67 64 25 20 24 10 11 31 35 45 55 16 6 9 5 
216500 216519 2 0 0 19 -50 0 24 -44 12 97 68 71 74 25 20 21 10 13 33 35 45 55 16 9 9 5 
287000 287185 2 0 0 22 -53 0 26 -48 14 99 72 76 77 25 20 21 10 13 33 35 45 55 16 9 10 5 
776500 776500 2 0 0 16 -93 0 20 -90 9 94 110 82 86 25 20 21 10 14 34 35 45 55 16 10 11 5 
797000 797081 2 0 0 11 -91 0 16 -86 5 90 101 79 80 25 20 21 10 14 34 35 45 55 16 10 10 5 
896500 896586 2 0 0 20 -79 0 25 -74 12 97 98 75 76 25 20 21 10 14 34 35 45 55 16 10 10 5 
907500 907698 2 0 0 22 -67 0 28 -62 15 100 90 73 74 25 20 21 10 14 34 35 45 55 16 9 9 5 
1121500 1121728 2 0 0 1 -84 0 -5 -84 -17 68 78 76 65 25 20 21 10 14 34 35 45 55 16 9 7 5 
1189000 1189160 2 0 0 -28 -90 0 -24 -85 -37 48 60 83 84 25 20 21 10 14 34 35 45 55 16 9 9 5 
1234000 1234060 2 0 0 30 -64 0 35 -59 23 108 94 79 78 25 20 21 10 14 34 35 45 55 16 10 10 5 
1329500 1329645 2 0 0 32 -64 0 36 -60 24 109 95 83 82 25 20 21 10 14 34 35 45 55 16 10 11 5 
1399000 1399145 2 0 0 -1 -78 0 8 -69 -5 80 77 76 77 25 20 21 10 14 34 35 45 55 16 9 7 5 
1472000 1472051 2 0 0 -4 -74 0 2 -68 -9 76 71 67 66 25 20 21 10 14 34 35 45 55 16 8 8 5 
1507500 1507735 2 0 0 16 -65 0 22 -60 9 94 79 70 68 25 20 21 10 15 35 35 45 55 16 9 9 5 
1537500 1537556 2 0 0 2 -70 0 7 -65 -6 79 73 72 76 25 20 21 10 15 35 35 45 55 16 9 9 5 
1629500 1629689 2 0 0 14 -62 0 25 -53 12 97 77 76 74 25 20 21 10 14 34 35 45 55 16 10 10 5 
1682000 1682022 2 0 0 32 -87 0 36 -84 24 109 119 85 84 25 20 21 10 14 34 35 45 55 16 11 11 5 
1747500 1747583 2 0 0 12 -115 0 19 -107 6 91 124 94 93 25 20 21 10 15 35 35 45 55 16 8 12 5 
1871500 1871668 2 0 0 50 -75 0 53 -72 43 128 126 87 88 25 20 21 10 14 34 35 45 55 16 11 11 5 
2064500 2064526 2 0 0 7 -84 0 13 -79 3 88 95 82 80 25 20 20 10 13 33 35 45 55 16 7 10 5 
2094500 2094639 2 0 0 11 -86 0 19 -81 8 93 100 92 92 25 20 20 10 13 33 35 45 55 16 12 12 5 
2126500 2126651 2 0 0 13 -71 0 17 -68 5 90 85 88 90 25 20 20 10 13 33 35 45 55 16 10 11 5 
2160000 2160033 2 0 0 -6 -87 0 -4 -85 -15 70 82 87 88 25 20 20 10 13 33 35 45 55 16 11 11 5 
2291500 2291631 2 0 0 -15 -99 0 -14 -96 -26 59 82 85 83 25 20 20 10 13 33 35 45 55 16 11 11 5 
2475000 2475173 2 0 0 -5 -88 0 1 -82 -10 75 84 87 87 25 20 21 10 14 34 35 45 55 16 8 11 5 
2548000 2548168 2 0 0 -3 -82 0 1 -77 -12 73 78 86 85 25 20 21 10 14 34 35 45 55 16 11 11 5 
2670000 2670057 2 0 0 8 -67 0 14 -62 2 87 73 82 84 25 20 22 10 14 34 35 45 55 16 10 11 5 
2758000 2758042 2 0 0 16 -74 0 21 -69 9 94 90 85 87 25 20 22 10 13 33 35 45 55 16 11 11 5 
2846500 2846517 2 0 0 1 -85 0 3 -82 -9 76 85 83 85 25 20 20 10 13 33 35 45 55 16 11 10 5 
2944000 2944181 2 0 0 16 -74 0 21 -69 9 94 90 82 83 25 20 20 10 13 33 35 45 55 16 10 11 5 
3015000 3015074 2 0 0 23 -73 0 28 -68 17 102 97 88 89 25 20 20 10 13 33 35 45 55 16 12 11 5 
3037500 3037527 2 0 0 -23 -95 0 -15 -89 -27 58 73 81 80 25 20 21 10 13 33 35 45 55 16 9 9 5 
3062000 3062073 2 0 0 2 -75 0 7 -70 -4 81 76 81 82 25 20 21 10 13 33 35 45 55 16 10 10 5 
3090000 3090063 2 0 0 5 -80 0 8 -78 -3 82 87 86 87 25 20 21 10 13 33 35 45 55 16 11 11 5 
3140500 3140568 2 0 0 -3 -77 0 1 -71 -9 76 71 80 85 25 20 21 10 13 33 35 45 55 16 10 10 5 
3161500 3161560 2 0 0 7 -71 0 18 -65 9 94 85 90 90 25 20 21 10 14 34 35 45 55 16 11 12 5 
3195000 3195021 2 0 0 24 -77 0 27 -73 16 101 100 86 84 25 20 22 10 14 34 35 45 55 16 11 6 5 
3221500 3221517 2 0 0 -10 -80 0 -6 -75 -17 68 71 78 78 25 20 23 10 14 34 35 45 55 16 10 10 5 
3287000 3287044 2 0 0 -16 -73 0 -11 -69 -22 63 57 71 76 25 20 21 10 13 33 35 45 55 16 9 9 5 
3815500 3815572 2 0 0 -13 -60 0 -10 -56 -21 64 46 65 70 25 20 23 10 14 34 35 45 55 16 8 8 5 
3881500 3881526 2 0 0 -2 -71 0 2 -68 -9 76 71 83 86 25 20 23 10 12 32 35 45 55 16 10 11 5 
3920500 3920572 2 0 0 -40 -85 0 -35 -80 -46 39 45 68 66 25 20 21 10 14 34 35 45 55 16 9 8 5 
4003000 4003064 2 0 0 -25 -69 0 -20 -64 -30 55 46 71 71 25 20 21 10 14 34 35 45 55 16 9 9 5 
4054000 4054128 2 0 0 -5 -66 0 0 -61 -13 72 60 76 72 25 20 21 10 14 34 35 45 55 16 10 10 5 
4140000 4140135 2 0 0 -23 -79 0 -19 -75 -32 53 55 71 71 25 20 21 10 14 34 35 45 55 16 9 9 5 
4204000 4204021 2 0 0 2 -63 0 5 -58 -7 78 64 85 85 25 20 21 10 14 34 35 45 55 16 11 11 5 
4280500 4280628 2 0 0 -23 -116 0 -19 -112 -31 54 93 92 92 25 20 20 10 14 34 35 45 55 16 12 12 5 
4318000 4318011 2 0 0 -59 -106 0 -54 -101 -67 18 46 74 75 25 20 20 10 14 34 35 45 55 16 10 9 5 
4522500 4522570 2 0 0 -34 -88 0 -29 -83 -39 46 54 77 77 25 20 20 10 14 34 35 45 55 16 10 7 5 
4730500 4730675 2 0 0 -9 -88 0 -7 -85 -18 67 78 84 86 25 20 20 10 13 33 35 45 55 16 10 11 5 
4802000 4802167 2 0 0 -2 -82 0 -1 -78 -14 71 77 81 79 25 20 21 10 14 34 35 45 55 16 10 9 5 
4815000 4815142 2 13 0 -15 -93 7 -15 -91 -18 57 75 79 78 25 20 23 10 13 33 35 45 55 16 8 10 5 
4835500 4835589 2 0 0 -55 -104 0 -52 -101 -63 22 49 68 68 25 20 21 10 14 34 35 45 55 16 8 8 5 
4884500 4884515 2 0 0 -22 -92 0 -14 -87 -27 58 72 89 85 25 20 20 10 14 34 35 45 55 16 11 11 5 
4942500 4942543 2 0 0 1 -66 0 4 -60 -7 78 65 80 80 25 20 20 10 14 34 35 45 55 16 10 10 5 
5458000 5458113 2 0 0 28 -66 0 33 -61 21 106 94 85 87 25 20 20 10 13 33 35 45 55 16 11 11 5 
5591500 5591534 2 0 0 18 -72 0 23 -65 12 97 89 82 83 25 20 21 10 13 33 35 45 55 16 7 10 5 
5608000 5608204 2 13 0 -9 -92 14 -3 -85 -13 72 83 75 75 25 20 21 10 13 33 35 45 55 16 9 10 5 
5619500 5619534 2 0 0 -51 -107 0 -47 -103 -59 26 57 74 73 25 20 21 10 13 33 35 45 55 16 9 10 5 
5664500 5664594 2 0 0 -43 -103 0 -38 -99 -51 34 60 69 67 25 20 21 10 13 33 35 45 55 16 8 9 5 
5696500 5696628 2 0 0 -18 -85 0 -14 -81 -26 59 65 73 75 25 20 21 10 14 34 35 45 55 16 9 9 5 
5795500 5795617 2 0 0 46 -54 0 51 -49 38 123 98 84 85 25 20 21 10 13 33 35 45 55 16 11 11 5 
5951500 5951564 2 0 0 11 -76 0 15 -71 3 88 86 83 83 25 20 21 10 13 33 35 45 55 16 11 11 5 
6379000 6379108 2 0 0 4 -81 0 9 -77 -4 81 86 83 84 25 20 20 10 13 33 35 45 55 16 11 11 5 
6645000 6645177 2 0 0 3 -86 0 11 -79 -1 84 89 78 79 25 20 20 10 14 34 35 45 55 16 10 10 5 
7136500 7136533 2 0 0 -6 -93 0 0 -88 -13 72 87 89 91 25 20 20 10 13 33 35 45 55 16 12 11 5 
7642500 7642596 2 0 0 32 -58 0 37 -53 24 109 90 80 79 25 20 20 10 13 33 35 45 55 16 10 10 5 
7727000 7727123 2 0 0 14 -64 0 19 -59 7 92 77 79 81 25 20 20 10 13 33 35 45 55 16 9 10 5 
7858000 7858178 2 0 0 14 -68 0 20 -62 8 93 83 82 82 25 20 20 10 13 33 35 45 55 16 10 11 5 
7954000 7954157 2 0 0 14 -55 0 15 -53 3 88 67 75 72 25 20 20 10 13 33 35 45 55 16 9 10 5 
7984000 7984045 2 0 0 3 -61 0 7 -57 -4 81 63 74 75 25 20 20 10 13 33 35 45 55 16 10 9 5 
8030500 8030560 2 0 0 33 -59 0 37 -54 26 111 91 86 85 25 20 20 10 13 33 35 45 55 16 11 11 5 
8050500 8050596 2 0 0 54 -38 0 60 -31 49 134 91 76 77 25 20 20 10 13 33 35 45 55 16 10 9 5 
8087000 8087105 2 0 0 25 -47 0 29 -42 17 102 72 75 73 25 20 20 10 13 33 35 45 55 16 9 9 5 
8122500 8122647 2 0 0 33 -44 0 42 -35 31 116 78 77 75 25 20 20 10 13 33 35 45 55 16 10 6 5 
8142500 8142594 2 0 0 -16 -80 0 -13 -76 -25 60 63 81 68 25 20 20 10 12 32 35 45 55 16 10 10 5 
8179000 8179176 2 0 0 -13 -68 0 -8 -64 -18 67 57 77 75 25 20 20 10 12 32 35 45 55 16 10 10 5 
8270000 8270140 2 0 0 3 -65 0 9 -59 -1 84 71 77 77 25 20 22 10 11 31 35 45 55 16 10 8 5 
8375500 8375642 2 0 0 -3 -71 0 2 -67 -11 74 70 79 82 25 20 22 10 11 31 35 45 55 16 10 10 5 
8548000 8548118 2 0 0 -17 -88 0 -10 -83 -22 63 73 83 79 25 20 22 10 11 31 35 45 55 16 11 9 5 
8702000 8702020 2 0 0 1 -81 0 12 -73 0 85 85 82 84 25 20 22 10 13 33 35 45 55 16 11 11 5 
8738500 8738591 2 0 0 -22 -88 0 -16 -82 -28 57 67 75 74 25 20 21 10 14 34 35 45 55 16 9 10 5 
8826500 8826565 2 0 0 -28 -90 -2 -24 -85 -37 48 60 69 69 25 20 21 10 14 34 35 45 55 16 9 9 5 
8862000 8862103 2 0 0 16 -96 -2 23 -90 10 95 112 94 96 25 20 21 10 14 34 35 45 55 16 12 12 5 
8888500 8888624 2 0 0 32 -79 0 38 -73 27 112 111 85 84 25 20 21 10 14 34 35 45 55 16 11 11 5 
9118000 9118122 2 0 0 -2 -102 -8 1 -97 -11 74 98 91 91 25 20 19 10 14 34 35 45 55 16 12 12 5 
9156500 9156519 2 0 0 -4 -86 0 -3 -84 -14 71 82 75 75 25 20 19 10 14 34 35 45 55 16 10 9 5 
9287000 9287129 2 0 0 -14 -80 0 -10 -75 -21 64 66 77 81 25 20 20 10 13 33 35 45 55 16 10 10 5 
9299000 9299069 2 0 0 26 -58 0 36 -49 24 109 85 75 76 25 20 20 10 14 34 35 45 55 16 10 10 5 
9377000 9377109 2 0 0 23 -53 0 30 -47 16 101 77 75 72 25 20 20 10 14 34 35 45 55 16 9 9 5 
9412500 9412510 2 0 0 36 -74 0 45 -64 34 119 110 71 71 25 20 21 10 14 34 35 45 55 16 11 10 5 
9532500 9532589 2 0 0 -2 -102 0 1 -97 -11 74 98 67 67 25 20 19 10 14 34 35 45 55 16 12 12 5 
9555000 9555068 2 0 0 54 -39 0 58 -34 48 133 94 65 63 25 20 21 10 15 35 35 45 55 16 8 8 5 
9674000 9674171 2 0 0 61 -35 0 65 -31 53 138 98 63 65 25 20 21 10 15 35 35 45 55 16 8 8 5 
9684500 9684649 2 13 0 -29 -84 -17 -24 -79 -36 49 56 68 70 25 20 20 10 15 35 35 45 55 16 8 9 5 
9693000 9693003 2 0 0 -71 -103 0 -67 -99 -80 5 32 65 65 25 20 20 10 15 35 35 45 55 16 8 8 5 
9703000 9703105 2 13 0 16 -62 18 24 -57 15 100 81 69 70 25 20 20 10 15 35 35 45 55 16 8 9 5 
9713500 9713613 2 0 0 69 -36 0 74 -31 63 148 105 70 70 25 20 20 10 16 36 35 45 55 16 9 9 5 
9742500 9742602 2 0 0 101 -12 0 105 -8 94 179 113 64 63 25 20 20 10 16 36 35 45 55 16 8 8 5 
10364000 10364208 2 0 0 78 -15 0 87 -7 75 160 94 62 63 25 20 22 10 17 37 35 45 55 16 8 8 5 
10385000 10385195 2 13 0 -26 -64 -29 -20 -55 -31 54 34 72 71 25 20 21 10 15 35 35 45 55 16 6 10 5 
10393000 10393003 2 0 0 -25 -74 0 -20 -69 -32 53 50 66 66 25 20 21 10 14 34 35 45 55 16 8 8 5 
10445000 10445126 2 0 0 -9 -61 0 -3 -57 -15 70 52 66 67 25 20 21 10 14 34 35 45 55 16 8 7 5 
10871000 10871124 2 0 0 -18 -64 0 -14 -60 -25 60 47 63 61 25 20 23 10 13 33 35 45 55 16 8 8 5 
11073000 11073021 2 0 0 -16 -68 0 -13 -65 -25 60 50 65 70 25 20 23 10 13 33 35 45 55 16 8 8 5 
11155500 11155736 2 0 0 -26 -78 0 -20 -72 -33 52 51 63 60 25 20 22 10 14 34 35 45 55 16 8 7 5 
11183500 11183600 2 0 0 -21 -69 0 -13 -63 -24 61 50 66 68 25 20 22 10 14 34 35 45 55 16 8 8 5 
11201500 11201597 2 0 0 -30 -69 0 -27 -65 -38 47 38 67 70 25 20 23 10 13 33 35 45 55 16 8 8 5 
11480500 11480607 2 0 0 -23 -62 0 -19 -58 -30 55 39 69 66 25 20 23 10 13 33 35 45 55 16 9 9 5 
11510000 11510042 2 0 0 -26 -73 0 -21 -68 -34 51 45 68 63 25 20 23 10 14 34 35 45 55 16 9 8 5 
12114500 12114646 2 0 0 -8 -70 0 -6 -67 -19 66 60 74 76 25 20 22 10 15 35 35 45 55 16 9 9 5 
12140000 12140058 2 0 0 -15 -81 0 -12 -77 -24 61 64 77 75 25 20 21 10 15 35 35 45 55 16 10 10 5 
12163000 12163137 2 0 0 13 -105 0 20 -98 8 93 119 78 84 25 20 22 10 16 36 35 45 55 16 10 9 5 
12194000 12194025 2 0 0 59 -58 0 66 -52 55 140 120 70 73 25 20 22 10 16 36 35 45 55 16 9 9 5 
12202000 12202039 2 13 0 3 -91 -15 7 -86 -4 81 93 80 83 25 20 22 10 16 36 35 45 55 16 10 10 5 
12211000 12211089 2 0 0 -27 -115 0 -21 -109 -32 53 87 72 75 25 20 22 10 16 36 35 45 55 16 10 9 5 
12231500 12231694 2 0 0 -45 -120 0 -39 -115 -50 35 76 68 64 25 20 22 10 16 36 35 45 55 16 8 9 5 
12241000 12241061 2 13 0 8 -86 18 7 -83 -4 81 91 77 79 25 20 22 10 16 36 35 45 55 16 10 10 5 
12252500 12252653 2 0 0 31 -73 0 35 -69 24 109 103 69 65 25 20 22 10 16 36 35 45 55 16 9 8 5 
12539000 12539146 2 0 0 4 -90 0 9 -86 -3 82 93 62 59 25 20 22 10 16 36 35 45 55 16 8 8 5 
12547500 12547679 2 13 0 -40 -109 9 -34 -104 -46 39 70 60 60 25 20 22 10 16 36 35 45 55 16 5 7 5 
12558000 12558192 2 0 0 -113 -156 0 -108 -150 -118 -33 43 68 66 25 20 22 10 16 36 35 45 55 16 9 9 5 
12574000 12574142 2 0 0 -100 -147 0 -94 -141 -105 -20 48 63 60 25 20 22 10 16 36 35 45 55 16 8 8 5 
12581500 12581637 2 13 0 -40 -107 27 -31 -98 -45 40 66 67 66 25 20 22 10 16 36 35 45 55 16 9 8 5 
12590000 12590104 2 0 0 -31 -99 0 -25 -94 -37 48 69 61 62 25 20 22 10 16 36 35 45 55 16 8 7 5 
12791500 12791554 2 0 0 -21 -93 0 -15 -87 -26 59 72 62 65 25 20 22 10 16 36 35 45 55 16 8 7 5 
12810000 12810121 2 0 0 -59 -121 0 -54 -115 -65 20 60 66 65 25 20 22 10 16 36 35 45 55 16 8 8 5 
12889000 12889086 2 0 0 -65 -115 0 -60 -107 -72 13 47 72 72 25 20 22 10 16 36 35 45 55 16 8 6 5 
12901500 12902137 2 13 0 39 -62 -22 82 -37 71 156 118 72 80 25 20 22 10 16 36 35 45 55 16 4 9 5 
12908500 12908633 2 0 0 132 0 0 137 4 126 211 133 66 66 25 20 22 10 16 36 35 45 55 16 7 8 5 
12923500 12923654 2 0 0 123 -9 0 130 -2 117 202 132 67 66 25 20 23 10 16 36 35 45 55 16 7 8 5 
12933000 12933144 2 13 0 -20 -119 -48 -13 -113 -25 60 101 73 66 25 20 23 10 16 36 35 45 55 16 10 8 5 
12942500 12942697 2 0 0 -67 -153 0 -66 -151 -78 7 86 66 62 25 20 23 10 16 36 35 45 55 16 8 8 5 
13025000 13025119 2 0 0 -118 -190 0 -111 -185 -121 -36 75 64 64 25 20 23 10 16 36 35 45 55 16 8 8 5 
13165500 13165647 2 0 0 -141 -192 0 -136 -187 -146 -61 53 64 63 25 20 23 10 16 36 35 45 55 16 8 8 5 
13472500 13472548 2 0 0 -148 -193 -62 -143 -188 -156 -71 45 63 62 25 20 23 10 16 36 35 45 55 16 8 8 5 
13476500 13476568 2 13 0 -109 -162 -34 -115 -163 -126 -41 48 67 66 25 20 23 10 16 36 35 45 55 16 8 9 5 
13488000 13488125 2 0 0 134 8 0 141 15 129 214 126 64 61 25 20 23 10 16 36 35 45 55 16 8 8 5 
13551500 13551719 2 0 0 140 9 0 143 13 132 217 129 63 62 25 20 23 10 16 36 35 45 55 16 8 7 5 
13561000 13561016 2 13 0 -12 -109 -62 -26 -118 -39 46 93 73 70 25 20 23 10 16 36 35 45 55 16 6 10 5 
13569500 13569677 2 0 0 -30 -118 0 -27 -115 -39 46 87 60 58 25 20 23 10 16 36 35 45 55 16 8 7 5 
13811500 13811735 2 0 0 -44 -126 0 -37 -119 -49 36 81 63 59 25 20 23 10 16 36 35 45 55 16 8 7 5 
13816000 13816194 2 13 0 -148 -193 -2 -143 -188 -156 -71 45 72 73 25 20 23 10 16 36 35 45 55 16 8 8 5 
13824500 13824540 2 0 0 -118 -133 0 -111 -125 -124 -39 13 57 46 25 20 22 10 16 36 35 45 55 16 7 7 5 
13845000 13845236 2 0 0 -96 -125 0 -91 -121 -102 -17 30 59 60 25 20 22 10 16 36 35 45 55 16 7 7 5 
13851500 13851662 2 13 0 -25 -87 8 -7 -73 -20 65 66 72 73 25 20 22 10 16 36 35 45 55 16 8 10 5 
13863000 13863157 2 0 0 77 -28 0 84 -22 72 157 106 61 61 25 20 22 10 16 36 35 45 55 16 8 8 5 
13974500 13974592 2 0 0 39 -47 0 43 -43 32 117 86 60 56 25 20 22 10 16 36 35 45 55 16 8 7 5 
13988500 13988589 2 0 0 11 -67 0 15 -63 4 89 79 69 71 25 20 22 10 16 36 35 45 55 16 9 8 5 
14000500 14000662 2 0 0 -8 -82 0 -6 -78 -19 66 71 64 69 25 20 22 10 16 36 35 45 55 16 8 8 5 
14033500 14033635 2 0 0 67 -33 0 74 -27 62 147 101 65 62 25 20 22 10 16 36 35 45 55 16 8 8 5 
14043000 14043361 2 13 0 -55 -104 -12 -68 -110 -80 5 41 72 66 25 20 22 10 16 36 35 45 55 16 6 9 5 
14047500 14047748 2 0 0 -95 -128 0 -94 -124 -107 -22 30 61 59 25 20 22 10 15 35 35 45 55 16 8 7 5 
14062500 14062755 2 0 0 -88 -121 0 -82 -115 -95 -10 32 59 59 25 20 22 10 15 35 35 45 55 16 7 7 5 
14067000 14067137 2 13 0 -40 -97 2 -27 -89 -40 45 60 68 72 25 20 22 10 15 35 35 45 55 16 8 9 5 
14077500 14077727 2 0 0 66 -29 0 72 -22 59 144 93 63 63 25 20 22 10 15 35 35 45 55 16 8 8 5 
14196500 14196651 2 0 0 27 -48 0 33 -43 21 106 76 60 61 25 20 22 10 15 35 35 45 55 16 8 8 5 
14294000 14294179 2 0 0 19 -51 0 26 -44 15 100 72 58 54 25 20 22 10 15 35 35 45 55 16 7 7 5 
14305000 14305084 2 13 0 -85 -118 -28 -81 -115 -91 -6 35 68 53 25 20 22 10 15 35 35 45 55 16 10 7 5 
14310000 14310006 2 0 0 -91 -119 0 -86 -114 -99 -14 27 64 70 25 20 22 10 15 35 35 45 55 16 8 8 5 
14318000 14318016 2 13 0 -50 -101 0 -45 -99 -58 27 54 70 72 25 20 22 10 15 35 35 45 55 16 7 7 5 
14321500 14321676 2 0 0 -32 -80 0 -31 -77 -42 43 46 78 78 25 20 22 10 15 35 35 45 55 16 6 10 5 
14365500 14365586 2 0 0 -22 -66 0 -19 -61 -30 55 42 71 69 25 20 22 10 15 35 35 45 55 16 9 9 5 
14409500 14409545 2 0 0 -14 -72 0 -5 -67 -17 68 61 72 74 25 20 22 10 15 35 35 45 55 16 4 9 5 
14426500 14426670 2 0 0 -59 -94 0 -53 -89 -65 20 36 70 73 25 20 22 10 15 35 35 45 55 16 5 9 5 
14465000 14465003 2 0 0 -66 -102 0 -62 -98 -73 12 35 66 66 25 20 22 10 15 35 35 45 55 16 8 5 5 
14582000 14582082 2 0 0 -49 -85 0 -48 -81 -60 25 33 74 72 25 20 22 10 15 35 35 45 55 16 9 10 5 
14676500 14676543 2 0 0 -51 -103 0 -45 -98 -57 28 52 71 70 25 20 22 10 15 35 35 45 55 16 9 9 5 
14701000 14701108 2 0 0 -61 -109 0 -57 -105 -68 17 48 71 73 25 20 22 10 15 35 35 45 55 16 9 9 5 
14707000 14707025 2 13 0 -9 -102 11 -1 -101 -13 72 101 79 87 25 20 22 10 15 35 35 45 55 16 10 10 5 
14715000 14715037 2 0 0 34 -72 0 39 -68 27 112 106 67 68 25 20 22 10 15 35 35 45 55 16 8 8 5 
14770500 14771229 2 0 0 59 -55 0 71 -48 58 143 120 67 68 25 20 22 10 15 35 35 45 55 16 3 8 5 
14956000 14956002 2 0 0 8 -78 0 13 -72 2 87 84 60 64 25 20 22 10 15 35 35 45 55 16 8 8 5 
14985000 14985147 2 0 0 -3 -90 0 1 -85 -11 74 87 57 57 25 20 22 10 15 35 35 45 55 16 7 7 5 
14996500 14996678 2 13 0 -97 -130 -22 -95 -131 -107 -22 36 76 79 25 20 22 10 15 35 35 45 55 16 10 10 5 
15003000 15003157 2 0 0 -116 -140 0 -112 -137 -124 -39 25 60 59 25 20 22 10 15 35 35 45 55 16 7 8 5 
15024500 15024684 2 0 0 -104 -141 0 -99 -136 -109 -24 37 62 61 25 20 22 10 15 35 35 45 55 16 7 8 5 
15030500 15030539 2 13 0 -16 -82 20 -2 -72 -14 71 69 70 71 25 20 22 10 15 35 35 45 55 16 6 8 5 
15037500 15037522 2 0 0 45 -60 0 49 -57 38 123 106 66 66 25 20 22 10 15 35 35 45 55 16 8 8 5 
15075000 15075114 2 0 0 59 -42 0 62 -37 52 137 99 64 63 25 20 22 10 15 35 35 45 55 16 8 8 5 
15083500 15083505 2 13 0 -37 -100 -8 -42 -102 -53 32 60 64 67 25 20 22 10 15 35 35 45 55 16 8 8 5 
15088000 15088069 2 0 0 -76 -129 0 -69 -124 -80 5 56 62 61 25 20 22 10 16 36 35 45 55 16 8 8 5 
15091000 15091166 2 13 0 -49 -111 -1 -40 -102 -51 34 64 67 68 25 20 22 10 16 36 35 45 55 16 8 8 5 
15097500 15097667 2 0 0 11 -70 0 15 -65 3 88 80 63 64 25 20 22 10 16 36 35 45 55 16 8 8 5 
15105500 15105674 2 0 0 129 2 0 132 6 120 205 126 64 60 25 20 22 10 16 36 35 45 55 16 8 7 5 
15110000 15110058 2 13 0 77 -32 -1 81 -27 70 155 108 63 66 25 20 22 10 16 36 35 45 55 16 8 8 5 
15113000 15113120 2 0 0 44 -56 0 47 -52 35 120 100 63 62 25 20 22 10 16 36 35 45 55 16 8 8 5 
15116500 15116705 2 0 0 53 -54 0 59 -48 47 132 106 64 65 25 20 22 10 16 36 35 45 55 16 8 8 5 
15132500 15132591 2 0 0 51 -56 0 58 -51 45 130 108 67 67 25 20 22 10 16 36 35 45 55 16 8 9 5 
15135000 15135022 2 0 0 47 -57 0 62 -49 51 136 112 68 67 25 20 21 10 16 36 35 45 55 16 9 9 5 
15138000 15138095 2 13 0 -48 -107 -9 -43 -102 -54 31 60 71 72 25 20 21 10 16 36 35 45 55 16 9 8 5 
15141000 15141017 2 0 0 -124 -152 0 -117 -147 -129 -44 30 66 65 25 20 20 10 16 36 35 45 55 16 9 8 5 
15144500 15144724 2 13 0 -87 -129 -10 -84 -128 -96 -11 44 65 67 25 20 20 10 16 36 35 45 55 16 8 8 5 
15150000 15150077 2 0 0 -2 -61 0 14 -49 2 87 62 76 78 25 20 20 10 16 36 35 45 55 16 10 10 5 
15155500 15155654 2 0 0 -28 -80 0 -21 -74 -32 53 53 73 74 25 20 20 10 16 36 35 45 55 16 9 10 5 
15170500 15170560 2 0 0 0 -79 0 6 -74 -6 79 80 84 84 25 20 20 10 16 36 35 45 55 16 11 11 5 
15210000 15210025 2 0 0 5 -72 0 10 -67 -1 84 77 80 80 25 20 20 10 15 35 35 45 55 16 10 10 5 
15305500 15305579 2 0 0 -26 -99 0 -22 -94 -32 53 74 86 83 25 20 20 10 14 34 35 45 55 16 11 11 5 
15702500 15702562 2 0 0 -23 -89 0 -16 -83 -29 56 67 80 79 25 20 20 10 13 33 35 45 55 16 10 10 5 
16248000 16248182 2 0 0 -16 -87 0 -9 -81 -21 64 72 76 77 25 20 19 10 13 33 35 45 55 16 10 10 5 
16724000 16724158 2 0 0 -11 -84 0 -8 -80 -19 66 72 78 80 25 20 19 10 13 33 35 45 55 16 10 10 5 
17186500 17186693 2 0 0 -2 -74 0 1 -70 -10 75 72 76 77 25 20 19 10 13 33 35 45 55 16 9 10 5 
17246500 17246518 2 0 0 -5 -72 0 -5 -69 -15 70 65 76 77 25 20 19 10 13 33 35 45 55 16 10 10 5 
17336000 17336144 2 -1 1 -56 -153 -51 -48 -145 -60 25 98 90 90 25 20 19 10 13 33 35 45 55 16 12 11 5 
17477000 17477089 2 2 1 -330 -363 -325 -325 -365 -338 -253 39 99 96 25 20 19 10 13 33 35 45 55 16 12 12 5 
17816500 17816514 2 -3 1 -53 -124 -49 -47 -118 -58 27 71 74 76 25 20 19 10 11 31 35 45 55 16 9 9 5 
18605500 18605703 2 0 0 -3 -71 0 -1 -67 -12 73 67 73 73 25 20 19 10 12 32 35 45 55 16 9 9 5 
18965500 18965593 2 0 0 -21 -95 0 -18 -92 -31 54 73 78 79 25 20 19 10 11 31 35 45 55 16 10 10 5 
19224500 19224712 2 0 0 -24 -96 0 -16 -88 -27 58 71 68 68 25 20 19 10 11 31 35 45 55 16 9 9 5 
