101500 101515 0 0 0 -26 -48 0 -22 -45 -22 36 24 83 70 25 20 18 10 12 32 35 45 55 16 9 10 5 
735500 735709 0 0 0 -15 -50 0 -12 -47 -12 46 35 89 88 25 20 17 10 11 31 35 45 55 16 9 11 5 
893000 893115 0 0 0 -10 -48 0 -6 -44 -6 52 38 83 79 25 20 17 10 12 32 35 45 55 16 10 9 5 
1613000 1613091 0 0 0 -13 -47 19 -9 -46 -8 50 39 108 109 25 20 17 10 12 30 35 45 55 16 10 12 5 
1892000 1892019 0 0 0 -21 -50 0 -27 -51 -27 31 23 107 111 25 20 17 10 12 28 35 45 55 16 13 11 5 
2139500 2139528 0 0 0 -16 -45 0 -10 -42 -8 50 33 96 91 25 20 17 10 11 31 35 45 55 16 9 12 5 
2218500 2218655 0 0 0 -6 -33 0 -1 -31 -1 57 31 95 97 25 20 17 10 12 32 35 45 55 16 12 10 5 
3489500 3489643 0 0 -1 0 -23 0 0 -22 0 58 22 82 82 25 20 17 10 11 31 35 45 55 16 10 10 5 
3761500 3761692 0 0 0 1 -25 0 0 -24 0 58 24 76 76 25 20 18 10 11 31 35 45 55 16 10 7 5 
4573500 4573610 0 0 0 -1 -17 0 1 -16 2 60 17 84 82 25 20 17 10 17 37 35 45 55 16 11 11 5 
4623000 4623123 0 15 0 -35 -47 -33 -37 -50 -38 20 13 81 82 25 20 16 10 19 39 35 45 55 16 7 2 5 
4806500 4806628 0 16 0 -13 -29 -6 -10 -25 -11 47 13 83 84 25 20 16 10 18 38 35 45 55 16 3 8 5 
4950500 4950634 0 0 0 -11 -21 0 -10 -20 -11 47 9 84 84 25 20 17 10 14 34 35 45 55 16 11 11 5 
5321500 5321587 0 0 0 -7 -24 0 -6 -23 -6 52 15 82 84 25 20 21 10 12 32 35 45 55 16 10 10 5 
6279500 6279536 0 0 0 3 -23 0 7 -20 6 64 27 89 90 25 20 19 10 12 32 35 45 55 16 5 8 5 
6540500 6540662 0 0 0 2 -15 0 2 -15 4 62 17 84 82 25 20 20 10 13 33 35 45 55 16 11 11 5 
7089500 7089615 0 0 0 -12 -29 0 -9 -28 -8 50 20 87 86 25 20 20 10 12 32 35 45 55 16 10 8 5 
7168500 7168622 0 0 0 -2 -15 0 -2 -14 -2 56 12 85 86 25 20 20 10 13 33 35 45 55 16 11 10 5 
7603000 7603063 0 15 0 -23 -33 -19 -20 -31 -19 39 11 78 77 25 20 15 10 17 37 35 45 55 16 7 6 5 
7655000 7655127 0 16 0 -32 -58 -28 -34 -59 -33 25 27 92 93 25 20 17 10 15 35 35 45 55 16 5 10 5 
7840500 7840583 0 15 0 -23 -32 -18 -23 -32 -24 34 8 78 74 25 20 14 10 19 39 35 45 55 16 10 3 5 
7939000 7939054 0 16 0 -28 -49 -24 -27 -48 -27 31 19 77 77 25 20 17 10 16 36 35 45 55 16 3 10 5 
8856000 8856201 0 0 0 -8 -22 0 -5 -19 -6 52 13 67 68 25 20 21 10 14 34 35 45 55 16 8 9 5 
9542000 9542019 0 0 0 -10 -22 0 -11 -22 -12 46 10 65 65 25 20 20 10 13 33 35 45 55 16 6 8 5 
9986500 9986656 0 0 0 -6 -19 13 -8 -20 -7 51 13 73 74 25 20 18 10 18 38 35 45 55 16 9 9 5 
11016000 11016030 0 0 0 -1 -20 0 0 -19 -1 57 19 75 75 25 20 22 10 14 34 35 45 55 16 9 7 5 
12039500 12039573 0 0 0 -33 -47 0 -37 -50 -36 22 11 78 78 25 20 22 10 13 33 35 45 55 16 6 10 5 
12973500 12973531 0 0 0 -13 -32 0 -12 -31 -13 45 18 82 82 25 20 22 10 13 33 35 45 55 16 6 7 5 
13273000 13273022 0 0 0 -29 -48 0 -30 -48 -29 29 18 83 85 25 20 22 10 13 33 35 45 55 16 11 11 5 
13308500 13308503 0 0 0 -37 -53 0 -41 -56 -41 17 16 82 83 25 20 22 10 13 33 35 45 55 16 10 7 5 
13363000 13363111 0 0 0 -34 -45 0 -34 -45 -36 22 9 80 77 25 20 18 10 14 34 35 45 55 16 10 10 5 
13435500 13435614 0 0 0 -22 -47 0 -22 -45 -22 36 22 74 72 25 20 19 10 14 34 35 45 55 16 10 8 5 
13588000 13588038 0 0 0 -2 -19 0 1 -17 1 59 18 66 63 25 20 17 10 17 37 35 45 55 16 9 8 5 
13738500 13738526 0 0 0 5 -16 0 4 -17 3 61 19 73 74 25 20 21 10 14 34 35 45 55 16 9 9 5 
15062000 15062713 0 0 0 -20 -38 0 -27 -45 -28 30 16 75 76 25 20 20 10 16 36 35 45 55 16 6 7 5 
15083500 15083656 0 0 0 -52 -66 0 -51 -64 -51 7 12 80 82 25 20 17 10 18 38 35 45 55 16 7 10 5 
15088000 15088086 0 15 0 -58 -66 -7 -62 -69 -63 -5 8 81 79 25 20 15 10 19 39 35 45 55 16 6 5 5 
15418500 15418520 0 16 0 -52 -62 -21 -51 -60 -50 8 12 87 85 25 20 19 10 16 36 35 45 55 16 7 11 5 
15471000 15471013 0 0 0 -27 -42 0 -25 -40 -26 32 16 82 83 25 20 23 10 13 33 35 45 55 16 11 10 5 
16988000 16988102 0 0 0 -11 -27 21 -10 -25 -11 47 14 74 73 25 20 23 10 13 33 35 45 55 16 8 7 5 
18238500 18238614 0 0 0 -21 -36 0 -21 -36 -20 38 15 67 66 25 20 21 10 13 33 35 45 55 16 8 8 5 
19948500 19949082 0 0 0 -2 -43 19 -2 -40 -1 57 40 94 94 25 20 19 10 13 33 35 45 55 16 9 11 5 
88000 88007 1 0 0 23 59 0 22 59 19 -97 -36 81 79 25 20 19 10 13 33 35 45 55 16 11 10 5 
329500 329529 1 -1 1 -30 31 -50 -37 28 -40 -156 -65 93 89 25 20 17 10 10 30 35 45 55 16 11 12 5 
356500 356589 1 2 1 -75 -10 -95 -68 -12 -70 -186 -54 107 113 25 20 17 10 10 26 35 45 55 16 8 13 5 
366500 366555 1 -3 1 -27 26 -47 -26 29 -30 -146 -56 96 97 25 20 17 10 10 30 35 45 55 16 12 12 5 
729500 729645 1 0 0 16 53 2 19 55 15 -101 -37 86 89 25 20 17 10 11 31 35 45 55 16 11 10 5 
898500 898623 1 0 0 17 50 0 14 49 10 -106 -37 86 93 25 20 17 10 12 32 35 45 55 16 10 8 5 
960000 960077 1 -1 1 -35 15 -52 -33 16 -36 -152 -49 112 115 25 20 17 10 11 27 35 45 55 16 14 14 5 
1216500 1216562 1 2 1 -86 -5 -98 -88 -5 -92 -208 -83 101 88 25 20 17 10 11 31 35 45 55 16 13 12 5 
1252500 1252579 1 -3 1 -35 35 -46 -30 39 -32 -148 -68 85 88 25 20 17 10 11 31 35 45 55 16 2 10 5 
1622000 1622055 1 0 0 6 28 0 2 28 -1 -117 -26 111 109 25 20 17 10 12 30 35 45 55 16 9 11 5 
1722000 1722619 1 -1 1 -43 13 -54 -46 17 -47 -163 -61 115 107 25 20 17 10 12 30 35 45 55 16 11 14 5 
1751000 1751098 1 2 1 -100 -31 -113 -97 -31 -101 -217 -66 109 119 25 20 17 10 13 29 35 45 55 16 11 11 5 
1775500 1775566 1 -3 1 -35 9 -49 -38 13 -41 -157 -52 117 100 25 20 17 10 13 31 35 45 55 16 16 11 5 
1892000 1892019 1 0 0 21 46 0 25 46 22 -94 -22 107 111 25 20 17 10 12 28 35 45 55 16 13 11 5 
2139500 2139528 1 0 0 26 57 0 22 52 19 -97 -30 96 91 25 20 17 10 11 31 35 45 55 16 9 12 5 
2218500 2218655 1 0 0 32 63 0 30 65 27 -89 -35 95 97 25 20 17 10 12 32 35 45 55 16 12 10 5 
2280000 2280054 1 -1 1 -26 17 -56 -32 12 -36 -152 -45 108 109 25 20 17 10 13 31 35 45 55 16 11 5 5 
2298500 2298574 1 2 1 -103 -36 -133 -117 -48 -120 -236 -69 140 146 25 20 17 10 13 28 35 45 55 16 18 14 5 
2337500 2337562 1 -3 1 -21 12 -50 -16 7 -18 -134 -24 106 128 25 20 17 10 12 27 35 45 55 16 13 11 5 
2386500 2386561 1 -1 1 -22 14 -50 -22 7 -25 -141 -29 102 111 25 20 17 10 12 28 35 45 55 16 11 8 5 
2491500 2491610 1 2 1 -98 -38 -123 -112 -49 -115 -231 -64 123 120 25 20 17 10 13 28 35 45 55 16 12 13 5 
2616500 2616509 1 -3 1 -26 20 -49 -31 19 -32 -148 -49 96 93 25 20 17 10 12 32 35 45 55 16 12 12 5 
3165000 3165033 1 -1 1 -45 6 -54 -44 7 -47 -163 -50 118 121 25 20 17 10 12 27 35 45 55 16 12 13 5 
3215000 3215008 1 2 1 -86 -16 -93 -96 -19 -99 -215 -77 106 104 25 20 17 10 12 30 35 45 55 16 11 11 5 
3255500 3255527 1 -3 1 -44 13 -50 -40 16 -42 -158 -55 93 93 25 20 17 10 12 32 35 45 55 16 12 9 5 
3489500 3489643 1 0 -1 0 54 0 1 53 0 -116 -52 82 82 25 20 17 10 11 31 35 45 55 16 10 10 5 
3761500 3761692 1 0 0 31 69 0 32 69 28 -88 -37 76 76 25 20 18 10 11 31 35 45 55 16 10 7 5 
4584000 4584149 1 0 0 20 57 -8 15 52 12 -104 -38 83 79 25 20 16 10 18 38 35 45 55 16 11 6 5 
4623000 4623123 1 15 0 33 73 11 33 75 28 -88 -43 81 82 25 20 16 10 19 39 35 45 55 16 7 2 5 
4806500 4806628 1 16 0 31 64 1 29 60 26 -90 -31 83 84 25 20 16 10 18 38 35 45 55 16 3 8 5 
4954000 4954030 1 0 0 37 67 0 39 69 34 -82 -30 84 84 25 20 17 10 14 34 35 45 55 16 8 11 5 
5003500 5003516 1 -1 1 -16 41 -51 -19 42 -22 -138 -62 104 94 25 20 20 10 12 32 35 45 55 16 14 12 5 
5062500 5062528 1 2 1 -66 -5 -100 -66 -6 -68 -184 -59 106 106 25 20 19 10 12 30 35 45 55 16 14 14 5 
5096000 5096107 1 -3 1 -15 34 -47 -19 31 -21 -137 -50 91 87 25 20 18 10 13 33 35 45 55 16 13 9 5 
5334500 5334560 1 0 0 26 63 0 26 62 22 -94 -36 82 85 25 20 21 10 12 32 35 45 55 16 10 11 5 
5490500 5490556 1 -1 1 -22 19 -51 -23 15 -25 -141 -36 91 92 25 20 17 10 16 36 35 45 55 16 9 10 5 
5824000 5824004 1 2 1 -80 -28 -116 -85 -31 -88 -204 -54 108 107 25 20 18 10 12 30 35 45 55 16 14 14 5 
5990000 5990288 1 -3 1 -7 25 -47 -9 26 -10 -126 -34 99 99 25 20 18 10 13 33 35 45 55 16 11 13 5 
6022000 6022089 1 -1 1 -11 19 -51 -5 22 -9 -125 -28 105 105 25 20 18 10 13 31 35 45 55 16 10 9 5 
6041500 6041615 1 2 1 -69 -22 -110 -68 -26 -71 -187 -45 123 124 25 20 18 10 13 28 35 45 55 16 10 10 5 
6103000 6103080 1 -3 1 -7 38 -49 -2 43 -5 -121 -46 106 109 25 20 18 10 13 31 35 45 55 16 14 14 5 
6163000 6163085 1 -1 1 -12 29 -55 -4 32 -8 -124 -37 95 101 25 20 18 10 12 30 35 45 55 16 9 11 5 
6187500 6187555 1 2 1 -56 -5 -99 -57 -5 -61 -177 -53 118 117 25 20 18 10 12 28 35 45 55 16 15 15 5 
6245500 6245630 1 -3 1 -3 30 -48 -4 28 -6 -122 -31 91 91 25 20 19 10 12 32 35 45 55 16 12 12 5 
6268500 6268657 1 0 0 45 72 0 47 72 44 -72 -26 88 89 25 20 19 10 12 32 35 45 55 16 9 8 5 
6293000 6293677 1 -1 1 -10 43 -55 -27 29 -30 -146 -56 98 102 25 20 19 10 12 30 35 45 55 16 8 9 5 
6400000 6400057 1 2 1 -88 -15 -134 -88 -19 -92 -208 -68 105 106 25 20 19 10 12 30 35 45 55 16 13 10 5 
6423500 6423996 1 -3 1 -3 49 -49 -6 48 -10 -126 -55 89 90 25 20 19 10 12 32 35 45 55 16 7 10 5 
6538500 6538529 1 0 0 46 83 0 46 84 43 -73 -38 85 85 25 20 20 10 13 33 35 45 55 16 11 11 5 
6580000 6580034 1 -1 1 -6 54 -54 -8 53 -12 -128 -61 97 96 25 20 20 10 12 32 35 45 55 16 11 12 5 
6737000 6737138 1 2 1 -62 -10 -121 -64 -14 -68 -184 -52 107 109 25 20 20 10 12 30 35 45 55 16 12 11 5 
6777000 6777547 1 -3 1 11 56 -50 10 56 7 -109 -47 93 96 25 20 19 10 12 32 35 45 55 16 9 12 5 
6829500 6829596 1 -1 1 13 46 -51 14 47 11 -105 -33 87 86 25 20 19 10 14 34 35 45 55 16 11 11 5 
6889500 6889643 1 2 1 -58 13 -127 -63 15 -65 -181 -76 100 96 25 20 19 10 13 33 35 45 55 16 13 10 5 
6981500 6981535 1 -3 1 25 79 -50 23 78 20 -96 -54 86 87 25 20 19 10 12 32 35 45 55 16 10 8 5 
7056000 7056087 1 0 0 79 109 22 75 107 72 -44 -32 83 83 25 20 20 10 12 32 35 45 55 16 11 11 5 
7179500 7179591 1 0 0 47 86 0 43 82 39 -77 -41 78 79 25 20 20 10 13 33 35 45 55 16 9 10 5 
7603000 7603063 1 15 0 -6 32 -50 -6 31 -7 -123 -37 78 77 25 20 15 10 17 37 35 45 55 16 7 6 5 
7651000 7654314 1 -1 1 -8 40 -52 -30 21 -34 -150 -50 87 91 25 20 17 10 15 35 35 45 55 16 0 12 5 
7655000 7655127 1 16 0 -33 20 -77 -38 13 -40 -156 -52 92 93 25 20 17 10 15 35 35 45 55 16 5 10 5 
7676500 7676701 1 2 1 -57 -4 -101 -60 -5 -63 -179 -56 87 84 25 20 17 10 13 33 35 45 55 16 6 10 5 
7688500 7688608 1 -3 1 -5 32 -49 -9 28 -12 -128 -38 79 76 25 20 17 10 13 33 35 45 55 16 7 10 5 
7840500 7840583 1 15 0 -23 15 -67 -27 13 -30 -146 -39 78 74 25 20 14 10 19 39 35 45 55 16 10 3 5 
7939000 7939054 1 16 0 14 53 -29 14 53 10 -106 -40 77 77 25 20 17 10 16 36 35 45 55 16 3 10 5 
8038000 8038076 1 -1 1 -10 46 -52 -12 43 -13 -129 -54 94 96 25 20 20 10 12 32 35 45 55 16 9 12 5 
8044500 8044586 1 2 1 -54 15 -96 -52 13 -55 -171 -66 95 96 25 20 20 10 12 32 35 45 55 16 12 12 5 
8130000 8130029 1 -3 1 -8 28 -49 -11 27 -15 -131 -38 82 87 25 20 17 10 15 35 35 45 55 16 10 7 5 
8171000 8171994 1 -1 1 -12 31 -54 -40 19 -43 -159 -60 84 93 25 20 13 10 20 40 35 45 55 16 0 11 5 
8203000 8203083 1 2 1 -75 -18 -116 -87 -26 -91 -207 -62 89 86 25 20 20 10 13 33 35 45 55 16 5 2 5 
8223000 8223083 1 -3 1 -5 37 -46 -10 35 -12 -128 -43 79 81 25 20 20 10 14 34 35 45 55 16 10 9 5 
8867000 8867220 1 0 0 37 63 0 36 61 33 -83 -26 68 68 25 20 21 10 14 34 35 45 55 16 9 8 5 
9259000 9259113 1 -1 1 -7 36 -53 -12 32 -16 -132 -46 105 105 25 20 20 10 13 31 35 45 55 16 13 12 5 
9312500 9312640 1 2 1 -42 4 -89 -37 7 -40 -156 -45 87 88 25 20 18 10 13 33 35 45 55 16 11 11 5 
9322000 9322057 1 -3 1 1 30 -47 0 30 -4 -120 -31 79 82 25 20 17 10 14 34 35 45 55 16 7 9 5 
9497000 9497037 1 0 0 51 74 0 53 75 51 -65 -22 64 64 25 20 20 10 13 33 35 45 55 16 8 8 5 
9621500 9621601 1 -1 1 -3 31 -56 -13 24 -17 -133 -38 86 88 25 20 20 10 13 33 35 45 55 16 7 11 5 
9644000 9644032 1 2 1 -37 8 -90 -38 5 -42 -158 -43 89 85 25 20 20 10 13 33 35 45 55 16 5 8 5 
9665500 9665570 1 -3 1 6 36 -47 3 33 0 -116 -30 80 82 25 20 20 10 13 33 35 45 55 16 10 9 5 
10003500 10003574 1 0 0 58 73 0 57 73 54 -62 -16 75 73 25 20 17 10 18 38 35 45 55 16 10 9 5 
11004500 11004686 1 0 0 42 62 0 42 60 40 -76 -16 74 74 25 20 22 10 14 34 35 45 55 16 9 7 5 
12051000 12051089 1 0 0 45 72 0 44 70 41 -75 -27 80 79 25 20 22 10 13 33 35 45 55 16 10 10 5 
12984500 12984686 1 0 0 28 54 0 26 52 24 -92 -26 77 73 25 20 22 10 13 33 35 45 55 16 10 8 5 
13270500 13270676 1 0 0 44 72 0 44 72 41 -75 -28 84 84 25 20 22 10 13 33 35 45 55 16 8 11 5 
13313500 13313602 1 0 0 30 61 0 28 60 24 -92 -32 81 80 25 20 22 10 13 33 35 45 55 16 6 7 5 
13355500 13355553 1 0 0 0 37 0 0 32 -4 -120 -31 80 73 25 20 18 10 14 34 35 45 55 16 10 7 5 
13436000 13436029 1 0 0 -17 30 0 -19 28 -23 -139 -46 73 72 25 20 19 10 14 34 35 45 55 16 9 8 5 
13589000 13589233 1 0 0 -7 25 0 -13 22 -16 -132 -33 65 63 25 20 17 10 17 37 35 45 55 16 8 8 5 
13641500 13641620 1 0 0 27 63 0 24 61 20 -96 -37 74 80 25 20 20 10 13 33 35 45 55 16 6 10 5 
13734500 13734591 1 0 0 32 54 0 29 50 25 -91 -22 68 66 25 20 21 10 14 34 35 45 55 16 6 8 5 
15058500 15058720 1 0 0 24 39 0 22 38 20 -96 -14 74 74 25 20 20 10 15 35 35 45 55 16 5 10 5 
15080500 15080655 1 0 0 36 56 0 31 50 29 -87 -18 78 77 25 20 18 10 18 38 35 45 55 16 10 4 5 
15088000 15088086 1 15 0 57 79 21 58 82 56 -60 -24 81 79 25 20 15 10 19 39 35 45 55 16 6 5 5 
15418500 15418520 1 16 0 18 58 -16 12 54 10 -106 -43 87 85 25 20 19 10 16 36 35 45 55 16 7 11 5 
15467000 15467545 1 0 0 33 61 0 34 60 30 -86 -27 81 79 25 20 23 10 13 33 35 45 55 16 4 7 5 
16984000 16984493 1 0 0 42 74 0 41 74 38 -78 -32 75 74 25 20 23 10 13 33 35 45 55 16 6 6 5 
17304500 17304587 1 0 0 0 42 0 -3 39 -5 -121 -42 75 73 25 20 21 10 14 34 35 45 55 16 10 9 5 
17852000 17852066 1 0 0 -4 37 0 -2 39 -5 -121 -41 69 69 25 20 20 10 13 33 35 45 55 16 9 9 5 
18141000 18141127 1 0 0 -20 27 0 -24 22 -27 -143 -46 70 71 25 20 20 10 13 33 35 45 55 16 9 6 5 
18203000 18203208 1 0 0 30 59 0 28 57 26 -90 -28 67 66 25 20 21 10 13 33 35 45 55 16 8 5 5 
18255500 18255758 1 0 0 31 67 0 25 63 22 -94 -39 74 76 25 20 21 10 13 33 35 45 55 16 4 10 5 
18296500 18296534 1 -1 1 -19 14 -50 -20 13 -24 -140 -34 115 113 25 20 18 10 14 30 35 45 55 16 15 15 5 
18358000 18358034 1 2 1 -115 -61 -145 -117 -64 -119 -235 -54 123 122 25 20 17 10 14 29 35 45 55 16 16 16 5 
18526500 18526586 1 -3 1 -19 21 -49 -22 20 -24 -140 -42 97 97 25 20 18 10 12 32 35 45 55 16 10 12 5 
18576500 18576640 1 -1 1 -23 15 -53 -28 10 -30 -146 -37 101 105 25 20 18 10 13 31 35 45 55 16 9 14 5 
18593000 18593058 1 2 1 -54 -19 -84 -58 -21 -61 -177 -37 124 125 25 20 18 10 13 28 35 45 55 16 16 16 5 
18645000 18645000 1 -3 1 -16 24 -46 -19 25 -22 -138 -43 92 97 25 20 19 10 12 32 35 45 55 16 9 12 5 
18954500 18954564 1 -1 1 -25 19 -53 -26 19 -29 -145 -43 87 85 25 20 20 10 12 32 35 45 55 16 11 10 5 
19074000 19074013 1 2 1 -103 -38 -131 -100 -41 -104 -220 -60 116 123 25 20 18 10 13 28 35 45 55 16 15 15 5 
19177500 19177519 1 -3 1 -21 34 -48 -21 35 -24 -140 -56 97 96 25 20 18 10 14 34 35 45 55 16 12 13 5 
19191000 19191086 1 -1 1 -23 22 -50 -22 19 -25 -141 -41 105 103 25 20 18 10 14 32 35 45 55 16 12 12 5 
19521000 19521054 1 2 1 -156 -82 -182 -160 -89 -164 -280 -72 134 134 25 20 15 10 14 29 35 45 55 16 14 14 5 
19751500 19751636 1 -3 1 -21 37 -47 -17 43 -20 -136 -60 88 85 25 20 18 10 13 33 35 45 55 16 11 9 5 
19978500 19978533 1 0 0 25 55 0 23 54 21 -95 -30 98 97 25 20 19 10 13 33 35 45 55 16 10 8 5 
20031000 20031021 1 -1 1 -35 32 -60 -18 51 -21 -137 -69 93 93 25 20 19 10 14 34 35 45 55 16 9 6 5 
20034000 20034203 1 2 1 -113 -39 -138 -106 -32 -110 -226 -74 101 104 25 20 19 10 14 32 35 45 55 16 5 8 5 
20080000 20080494 1 -3 1 -25 29 -50 -20 28 -22 -138 -47 94 94 25 20 17 10 13 33 35 45 55 16 9 12 5 
20172500 20172548 1 -1 1 -25 12 -50 -30 7 -33 -149 -36 87 85 25 20 18 10 13 33 35 45 55 16 10 2 5 
20232500 20232544 1 2 1 -118 -35 -143 -130 -40 -134 -250 -89 103 99 25 20 18 10 13 33 35 45 55 16 8 10 5 
20316500 20316522 1 -3 1 -24 33 -49 -27 31 -30 -146 -58 83 81 25 20 19 10 12 32 35 45 55 16 8 11 5 
20334500 20334567 1 -1 1 -28 19 -53 -34 11 -38 -154 -46 95 99 25 20 19 10 12 32 35 45 55 16 6 11 5 
20358000 20358079 1 2 1 -87 -16 -112 -85 -15 -87 -203 -69 92 96 25 20 18 10 12 32 35 45 55 16 12 12 5 
20379500 20379622 1 -3 1 -24 26 -49 -15 31 -18 -134 -46 85 86 25 20 18 10 12 32 35 45 55 16 5 11 5 
109000 109166 2 0 0 6 22 0 10 24 5 -18 -14 82 85 25 20 18 10 12 32 35 45 55 16 10 10 5 
733500 733531 2 0 0 -14 -3 12 -13 -3 -18 -41 -10 85 91 25 20 17 10 11 31 35 45 55 16 10 10 5 
898500 898623 2 0 0 -21 -11 0 -24 -12 -30 -53 -14 86 93 25 20 17 10 12 32 35 45 55 16 10 8 5 
1631500 1631546 2 0 0 -31 -20 0 -28 -16 -32 -55 -11 110 119 25 20 17 10 12 28 35 45 55 16 11 11 5 
1898000 1898007 2 0 0 -13 1 0 -20 1 -24 -47 -20 101 99 25 20 17 10 12 32 35 45 55 16 10 12 5 
2173500 2173917 2 0 0 -14 3 0 -11 2 -16 -39 -14 101 102 25 20 17 10 12 30 35 45 55 16 8 8 5 
2296000 2296118 2 -1 1 -68 -33 -55 -80 -35 -83 -106 -42 127 118 25 20 17 10 13 29 35 45 55 16 13 17 5 
2313000 2313065 2 2 1 -119 -93 -107 -124 -99 -130 -153 -27 138 140 25 20 17 10 13 28 35 45 55 16 15 18 5 
2335500 2335532 2 -3 1 -60 -42 -49 -66 -42 -71 -94 -24 102 90 25 20 17 10 12 32 35 45 55 16 10 13 5 
3489500 3489643 2 0 -1 0 23 0 4 25 0 -23 -19 82 82 25 20 17 10 11 31 35 45 55 16 10 10 5 
3763500 3763650 2 0 0 8 26 0 9 27 4 -19 -17 76 72 25 20 18 10 11 31 35 45 55 16 7 9 5 
4588500 4589953 2 0 0 -3 15 0 -1 19 -6 -29 -19 82 87 25 20 16 10 19 39 35 45 55 16 3 7 5 
4623000 4623123 2 15 0 -4 19 -2 -5 19 -8 -31 -23 81 82 25 20 16 10 19 39 35 45 55 16 7 2 5 
4806500 4806628 2 16 0 -1 16 -1 4 18 -1 -24 -14 83 84 25 20 16 10 18 38 35 45 55 16 3 8 5 
4954000 4954030 2 0 0 1 18 0 2 19 -3 -26 -17 84 84 25 20 17 10 14 34 35 45 55 16 8 11 5 
5338500 5338641 2 0 0 -2 15 0 -2 15 -7 -30 -17 76 72 25 20 21 10 12 32 35 45 55 16 9 9 5 
6270500 6270581 2 0 0 -9 8 0 -9 7 -12 -35 -15 88 85 25 20 19 10 12 32 35 45 55 16 8 11 5 
6544000 6544411 2 0 0 -3 13 0 -2 14 -9 -32 -18 84 85 25 20 20 10 13 33 35 45 55 16 8 11 5 
6733500 6733558 2 -1 1 -41 -13 -52 -36 -10 -39 -62 -25 103 102 25 20 20 10 12 30 35 45 55 16 12 13 5 
6741500 6741582 2 2 1 -74 -55 -85 -74 -58 -78 -101 -15 105 107 25 20 20 10 12 30 35 45 55 16 11 13 5 
6754000 6754149 2 -3 1 -33 -19 -45 -29 -15 -36 -59 -16 90 89 25 20 19 10 12 32 35 45 55 16 8 10 5 
7074500 7074514 2 0 0 35 46 3 32 45 28 5 -11 85 84 25 20 20 10 12 32 35 45 55 16 11 11 5 
7168500 7168622 2 0 0 5 30 0 5 31 -1 -24 -25 85 86 25 20 20 10 13 33 35 45 55 16 11 10 5 
7603000 7603063 2 15 0 -21 -10 -29 -21 -8 -26 -49 -14 78 77 25 20 15 10 17 37 35 45 55 16 7 6 5 
7655000 7655127 2 16 0 -36 -11 -44 -35 -11 -41 -64 -24 92 93 25 20 17 10 15 35 35 45 55 16 5 10 5 
7840500 7840583 2 15 0 -24 0 -33 -23 1 -29 -52 -25 78 74 25 20 14 10 19 39 35 45 55 16 10 3 5 
7939000 7939054 2 16 0 -20 3 -30 -15 6 -19 -42 -20 77 77 25 20 17 10 16 36 35 45 55 16 3 10 5 
8196500 8196549 2 -1 1 -40 -2 -52 -32 5 -36 -59 -37 98 96 25 20 20 10 13 33 35 45 55 16 13 7 5 
8207000 8207689 2 2 1 -90 -48 -101 -88 -48 -94 -117 -41 89 93 25 20 20 10 13 33 35 45 55 16 0 6 5 
8220500 8220551 2 -3 1 -37 -16 -49 -39 -18 -45 -68 -22 79 82 25 20 20 10 14 34 35 45 55 16 9 10 5 
8889500 8890078 2 0 0 16 27 0 12 24 8 -15 -10 69 69 25 20 21 10 14 34 35 45 55 16 3 9 5 
9491500 9491639 2 0 0 11 19 0 12 20 6 -17 -10 69 63 25 20 20 10 13 33 35 45 55 16 9 8 5 
10020500 10020593 2 0 0 -7 5 0 -6 5 -12 -35 -12 81 81 25 20 17 10 18 38 35 45 55 16 10 10 5 
11004500 11004686 2 0 0 2 16 0 2 16 -3 -26 -15 74 74 25 20 22 10 14 34 35 45 55 16 9 7 5 
12062000 12062171 2 0 0 4 25 0 8 28 4 -19 -20 77 72 25 20 22 10 13 33 35 45 55 16 10 9 5 
12996000 12996130 2 0 0 -5 12 0 -4 11 -8 -31 -14 80 82 25 20 22 10 13 33 35 45 55 16 7 7 5 
13267500 13267501 2 0 0 5 25 0 9 26 3 -20 -18 85 87 25 20 22 10 13 33 35 45 55 16 8 8 5 
13311500 13311973 2 0 0 -4 16 0 -2 16 -8 -31 -16 82 84 25 20 22 10 13 33 35 45 55 16 6 7 5 
13359500 13359539 2 0 0 -20 0 0 -17 2 -21 -44 -18 80 82 25 20 18 10 14 34 35 45 55 16 10 10 5 
13436000 13436029 2 0 0 -14 9 0 -14 9 -20 -43 -23 73 72 25 20 19 10 14 34 35 45 55 16 9 8 5 
13589000 13589233 2 0 0 -20 -7 -2 -22 -7 -26 -49 -13 65 63 25 20 17 10 17 37 35 45 55 16 8 8 5 
13645500 13645682 2 0 0 -1 20 0 0 19 -6 -29 -19 72 79 25 20 20 10 13 33 35 45 55 16 6 9 5 
13742000 13742169 2 0 0 0 15 0 1 16 -5 -28 -15 75 77 25 20 21 10 14 34 35 45 55 16 9 10 5 
15073500 15073579 2 0 0 -3 11 0 -3 11 -9 -32 -13 76 77 25 20 19 10 17 37 35 45 55 16 10 10 5 
15081500 15081608 2 0 0 -8 8 -5 -7 8 -13 -36 -16 79 79 25 20 17 10 18 38 35 45 55 16 7 7 5 
15088000 15088086 2 15 0 6 16 14 9 18 4 -19 -9 81 79 25 20 15 10 19 39 35 45 55 16 6 5 5 
15418500 15418520 2 16 0 -12 11 -9 -13 11 -19 -42 -24 87 85 25 20 19 10 16 36 35 45 55 16 7 11 5 
15471000 15471013 2 0 0 -3 10 0 -5 9 -10 -33 -14 82 83 25 20 23 10 13 33 35 45 55 16 11 10 5 
16989500 16989527 2 0 0 4 26 0 6 27 2 -21 -21 75 74 25 20 23 10 13 33 35 45 55 16 8 9 5 
17121000 17121050 2 0 0 -27 1 0 -30 -1 -34 -57 -28 84 84 25 20 18 10 14 34 35 45 55 16 10 6 5 
17299000 17299152 2 0 0 -16 15 0 -18 14 -25 -48 -34 73 75 25 20 21 10 14 34 35 45 55 16 9 9 5 
17844500 17844777 2 0 0 -15 4 0 -14 4 -19 -42 -18 68 69 25 20 20 10 13 33 35 45 55 16 8 9 5 
18139000 18139199 2 0 0 -28 -3 0 -28 -2 -33 -56 -25 70 70 25 20 20 10 13 33 35 45 55 16 5 9 5 
18197000 18197210 2 0 0 0 20 0 1 20 -3 -26 -19 67 66 25 20 20 10 13 33 35 45 55 16 7 9 5 
18268500 18268561 2 0 0 10 27 9 9 26 4 -19 -18 70 70 25 20 21 10 13 33 35 45 55 16 9 9 5 
18330000 18330035 2 -1 1 -41 -27 -51 -46 -32 -49 -72 -14 122 128 25 20 17 10 14 29 35 45 55 16 16 16 5 
18342500 18342528 2 2 1 -84 -56 -94 -91 -61 -94 -117 -29 128 128 25 20 17 10 14 29 35 45 55 16 17 17 5 
18406000 18406028 2 -3 1 -40 -25 -50 -35 -22 -41 -64 -12 104 106 25 20 18 10 12 30 35 45 55 16 14 13 5 
18413500 18413527 2 -1 1 -40 -23 -50 -41 -24 -46 -69 -17 116 113 25 20 18 10 12 28 35 45 55 16 15 12 5 
18439500 18439518 2 2 1 -71 -40 -81 -69 -41 -74 -97 -27 110 111 25 20 18 10 13 29 35 45 55 16 15 11 5 
18572500 18572899 2 -3 1 -40 -19 -50 -42 -18 -46 -69 -24 95 97 25 20 18 10 13 33 35 45 55 16 10 12 5 
19008500 19008572 2 -1 1 -40 -15 -51 -39 -16 -44 -67 -22 124 124 25 20 18 10 11 26 35 45 55 16 13 16 5 
19438000 19438075 2 2 1 -123 -92 -133 -122 -91 -129 -152 -32 137 138 25 20 17 10 13 28 35 45 55 16 15 14 5 
19822000 19822251 2 -3 1 -39 -11 -50 -31 -7 -37 -60 -26 91 95 25 20 20 10 14 34 35 45 55 16 8 9 5 
20155500 20156075 2 -1 1 -40 -26 -50 -44 -27 -48 -71 -17 86 87 25 20 18 10 13 33 35 45 55 16 7 8 5 
20277500 20277599 2 2 1 -83 -43 -93 -89 -47 -93 -116 -42 109 111 25 20 19 10 12 28 35 45 55 16 3 11 5 
20331500 20331507 2 -3 1 -38 -16 -48 -40 -17 -47 -70 -25 83 77 25 20 19 10 12 32 35 45 55 16 10 10 5 
