22250 22354 0 2 1 -126 -107 -102 -122 -102 -127 -20 -20 101 99 25 20 20 10 10 30 35 45 55 16 13 13 5 
94250 94404 0 -3 1 -74 -55 -50 -69 -50 -75 32 -20 74 75 25 20 20 10 10 30 35 45 55 16 9 10 5 
105750 105884 0 0 0 -24 -14 0 -16 -8 -24 83 -9 81 85 25 20 20 10 10 30 35 45 55 16 10 11 5 
119250 119318 0 0 -1 0 1 0 6 7 0 107 -2 82 87 25 20 20 10 10 30 35 45 55 16 11 10 5 
154750 154841 0 0 0 6 2 0 14 10 7 114 3 83 88 25 20 20 10 10 30 35 45 55 16 11 11 5 
181250 181344 0 0 0 -34 -27 0 -30 -22 -37 70 -8 90 90 25 20 20 10 10 30 35 45 55 16 12 10 5 
347750 348120 0 -1 1 -83 -60 -52 -79 -57 -86 21 -22 100 102 25 20 20 10 8 26 35 45 55 16 8 9 5 
423750 424003 0 2 1 -145 -111 -116 -148 -117 -155 -48 -33 111 106 25 20 20 10 8 26 35 45 55 16 8 3 5 
513250 513308 0 -3 1 -77 -59 -49 -66 -51 -75 32 -17 89 91 25 20 20 10 8 28 35 45 55 16 10 11 5 
536250 536393 0 -1 1 -78 -60 -51 -71 -55 -78 29 -16 91 87 25 20 20 10 8 28 35 45 55 16 12 6 5 
600750 600807 0 2 1 -166 -109 -140 -165 -99 -172 -65 -66 99 91 25 20 20 10 8 28 35 45 55 16 6 5 5 
687750 687879 0 -3 1 -71 -43 -47 -61 -34 -66 41 -26 81 82 25 20 20 10 8 28 35 45 55 16 10 10 5 
743750 743793 0 0 0 -23 -2 0 -16 5 -22 85 -21 77 86 25 20 20 10 8 28 35 45 55 16 10 10 5 
929250 929286 0 0 0 -21 -3 0 -15 1 -21 86 -15 79 71 25 20 20 10 8 28 35 45 55 16 10 10 5 
987250 987715 0 -1 1 -72 -46 -51 -74 -44 -80 27 -30 89 96 25 20 21 10 9 29 35 45 55 16 6 11 5 
1001250 1001645 0 2 1 -162 -113 -141 -154 -101 -160 -53 -53 102 105 25 20 21 10 9 27 35 45 55 16 6 4 5 
1082250 1082325 0 -3 1 -71 -52 -49 -62 -44 -67 40 -18 79 70 25 20 21 10 9 29 35 45 55 16 10 10 5 
1329750 1329852 0 -1 1 -73 -50 -50 -67 -44 -72 35 -22 88 86 25 20 21 10 9 29 35 45 55 16 11 11 5 
2185750 2185779 0 2 1 -227 -177 -199 -226 -175 -232 -125 -51 126 128 25 20 21 10 9 24 35 45 55 16 16 16 5 
2892250 2892282 0 -3 1 -81 -74 -50 -74 -68 -80 27 -5 91 93 25 20 18 10 9 29 35 45 55 16 12 12 5 
2993750 2993895 0 -1 1 -83 -77 -51 -77 -72 -85 22 -5 97 100 25 20 18 10 9 27 35 45 55 16 11 11 5 
3032750 3032795 0 2 1 -166 -140 -134 -169 -140 -175 -68 -29 116 117 25 20 18 10 9 25 35 45 55 16 11 15 5 
3191250 3191351 0 -3 1 -82 -75 -49 -72 -65 -78 29 -8 99 101 25 20 18 10 9 27 35 45 55 16 13 13 5 
3206750 3206785 0 -1 1 -84 -71 -51 -76 -62 -83 24 -16 105 106 25 20 18 10 9 27 35 45 55 16 12 14 5 
3288250 3288352 0 2 1 -166 -143 -132 -158 -135 -166 -59 -23 105 109 25 20 18 10 9 27 35 45 55 16 11 8 5 
3633750 3633869 0 -3 1 -84 -83 -48 -75 -75 -81 26 0 89 88 25 20 18 10 9 29 35 45 55 16 11 10 5 
3968750 3968796 0 -1 1 -89 -84 -52 -87 -82 -92 15 -3 118 116 25 20 20 10 9 25 35 45 55 16 12 11 5 
4006250 4006367 0 2 1 -154 -143 -117 -147 -134 -152 -45 -12 112 119 25 20 20 10 9 25 35 45 55 16 5 12 5 
4075750 4075891 0 -3 1 -87 -93 -49 -78 -84 -84 23 6 96 94 25 20 20 10 9 29 35 45 55 16 10 10 5 
4446750 4446999 0 0 0 -40 -53 0 -38 -50 -45 62 12 89 93 25 20 20 10 9 29 35 45 55 16 10 12 5 
4949250 4949371 0 0 0 -43 -46 0 -37 -40 -44 63 1 89 93 25 20 20 10 9 29 35 45 55 16 11 12 5 
5411250 5411316 0 0 0 -38 -37 0 -30 -33 -36 71 3 83 91 25 20 20 10 9 29 35 45 55 16 9 11 5 
5549250 5549274 0 0 0 2 -7 0 13 5 8 115 7 83 82 25 20 20 10 9 29 35 45 55 16 11 10 5 
5656750 5656751 0 0 0 -35 -41 0 -29 -35 -36 71 5 87 93 25 20 20 10 9 29 35 45 55 16 10 9 5 
6046250 6046362 0 -1 1 -90 -88 -57 -92 -94 -99 8 2 102 109 25 20 20 10 9 27 35 45 55 16 1 3 5 
6079250 6079293 0 2 1 -168 -152 -136 -162 -145 -168 -61 -17 122 123 25 20 20 10 9 24 35 45 55 16 15 15 5 
6185750 6185894 0 -3 1 -81 -75 -49 -74 -67 -79 28 -6 86 87 25 20 20 10 9 29 35 45 55 16 9 11 5 
6498750 6498902 0 -1 1 -80 -76 -50 -73 -68 -79 28 -4 103 103 25 20 20 10 9 27 35 45 55 16 9 11 5 
6527750 6527815 0 2 1 -155 -133 -126 -150 -130 -157 -50 -20 119 121 25 20 20 10 9 24 35 45 55 16 14 12 5 
6625250 6625359 0 -3 1 -78 -68 -49 -70 -60 -75 32 -8 87 90 25 20 20 10 9 29 35 45 55 16 11 11 5 
6994250 6994276 0 -1 1 -76 -73 -50 -70 -66 -74 33 -3 100 99 25 20 20 10 9 29 35 45 55 16 11 13 5 
7114750 7114751 0 2 1 -122 -106 -97 -116 -99 -121 -14 -16 100 101 25 20 20 10 9 27 35 45 55 16 13 13 5 
7122750 7122784 0 -3 1 -68 -61 -43 -61 -49 -68 39 -11 108 108 25 20 20 10 9 27 35 45 55 16 11 13 5 
7130750 7130798 0 -1 1 -78 -78 -53 -73 -72 -79 28 -1 102 101 25 20 20 10 9 27 35 45 55 16 13 12 5 
7212250 7212284 0 2 1 -148 -122 -124 -142 -116 -148 -41 -27 101 104 25 20 20 10 9 27 35 45 55 16 12 13 5 
7264250 7264310 0 -3 1 -72 -56 -48 -70 -50 -77 30 -20 97 92 25 20 20 10 9 29 35 45 55 16 13 10 5 
7273250 7273395 0 -1 1 -75 -69 -51 -69 -63 -76 31 -6 94 94 25 20 20 10 9 29 35 45 55 16 12 12 5 
7313750 7313808 0 2 1 -159 -125 -135 -155 -120 -162 -55 -35 93 93 25 20 20 10 9 29 35 45 55 16 11 11 5 
7364750 7364777 0 -3 1 -72 -61 -48 -67 -56 -73 34 -11 89 87 25 20 20 10 9 29 35 45 55 16 11 11 5 
7385250 7385335 0 -1 1 -76 -76 -53 -70 -72 -77 30 2 90 97 25 20 20 10 9 29 35 45 55 16 9 9 5 
7622250 7622341 0 2 1 -171 -151 -149 -167 -148 -173 -66 -20 110 115 25 20 20 10 9 25 35 45 55 16 12 8 5 
7711250 7711402 0 -3 1 -70 -37 -49 -61 -30 -68 39 -31 95 99 25 20 20 10 9 29 35 45 55 16 12 12 5 
7894750 7894847 0 0 0 -20 -4 0 -13 4 -18 89 -15 94 94 25 20 20 10 9 29 35 45 55 16 12 12 5 
8721750 8721810 0 0 0 -26 -14 0 -20 -9 -25 82 -12 98 98 25 20 20 10 9 29 35 45 55 16 12 13 5 
9015750 9015847 0 -1 1 -62 -48 -51 -56 -41 -62 45 -15 107 108 25 20 20 10 9 27 35 45 55 16 14 14 5 
9033750 9033864 0 2 1 -105 -73 -95 -101 -68 -109 -2 -34 111 112 25 20 20 10 9 25 35 45 55 16 15 14 5 
9321250 9321274 0 -3 1 -45 -32 -50 -39 -25 -44 63 -12 90 92 25 20 21 10 9 29 35 45 55 16 12 11 5 
9638750 9638920 0 0 0 20 19 0 29 27 23 130 1 88 88 25 20 22 10 9 29 35 45 55 16 11 11 5 
10041750 10041799 0 0 0 -11 -9 0 -4 -2 -10 97 -2 82 80 25 20 22 10 9 29 35 45 55 16 10 11 5 
10082750 10082930 0 0 0 -24 -16 0 -15 -8 -22 85 -7 82 79 25 20 22 10 9 29 35 45 55 16 10 11 5 
10457750 10457817 0 0 0 -35 -19 0 -28 -13 -35 72 -16 91 90 25 20 22 10 9 29 35 45 55 16 12 11 5 
10506750 10506776 0 0 0 -11 -3 9 -7 2 -13 94 -10 88 88 25 20 22 10 9 29 35 45 55 16 11 11 5 
10611750 10611896 0 0 0 -7 8 0 -1 14 -7 100 -15 86 84 25 20 22 10 9 29 35 45 55 16 11 11 5 
10641750 10641752 0 0 0 -23 -14 0 -17 -9 -23 84 -9 85 86 25 20 22 10 9 29 35 45 55 16 11 11 5 
11708750 11708776 0 0 0 -4 3 0 1 9 -5 102 -7 80 81 25 20 22 10 9 29 35 45 55 16 10 10 5 
12692750 12692796 0 0 0 -18 -5 0 -11 1 -18 89 -14 83 89 25 20 22 10 9 29 35 45 55 16 11 10 5 
12762750 12762762 0 -1 1 -69 -35 -56 -78 -43 -83 24 -35 106 112 25 20 22 10 9 25 35 45 55 16 7 12 5 
12836250 12836376 0 2 1 -136 -102 -129 -137 -100 -142 -35 -36 106 109 25 20 22 10 9 27 35 45 55 16 6 8 5 
12888250 12888282 0 -3 1 -53 -34 -50 -47 -27 -51 56 -18 82 82 25 20 22 10 9 29 35 45 55 16 11 11 5 
13137250 13137388 0 0 0 16 23 0 23 29 15 122 -7 76 78 25 20 22 10 9 29 35 45 55 16 10 9 5 
14110250 14110366 0 0 0 26 34 0 35 42 27 134 -8 67 67 25 20 22 10 9 29 35 45 55 16 8 9 5 
15162250 15162275 0 0 0 9 25 0 16 31 9 116 -16 70 63 25 20 24 10 9 29 35 45 55 16 9 8 5 
16096250 16096323 0 0 0 29 33 0 36 39 31 138 -2 76 74 25 20 24 10 9 29 35 45 55 16 10 10 5 
16129250 16130079 0 -1 1 -31 -10 -59 -89 -57 -94 13 -29 103 106 25 20 22 10 9 27 35 45 55 16 1 13 5 
16220750 16220826 0 2 1 -140 -115 -164 -130 -107 -136 -29 -24 109 114 25 20 20 10 9 25 35 45 55 16 12 7 5 
16563250 16563391 0 -3 1 -39 -36 -49 -29 -28 -35 72 -1 85 88 25 20 20 10 9 29 35 45 55 16 10 7 5 
16849750 16850079 0 0 0 -1 1 0 5 4 -2 105 1 86 89 25 20 20 10 9 29 35 45 55 16 10 7 5 
18031250 18031440 0 0 0 -14 2 0 -6 11 -13 94 -18 78 77 25 20 20 10 9 29 35 45 55 16 10 10 5 
18158250 18159044 0 -1 1 -60 -43 -50 -74 -45 -80 27 -29 91 94 25 20 20 10 9 29 35 45 55 16 5 5 5 
18236250 18236318 0 2 1 -186 -149 -179 -182 -148 -188 -81 -35 105 109 25 20 20 10 9 27 35 45 55 16 8 14 5 
18321750 18321860 0 -3 1 -53 -28 -49 -44 -22 -51 56 -23 66 63 25 20 20 10 9 29 35 45 55 16 8 8 5 
18801750 18801810 0 0 0 13 26 0 19 32 11 118 -14 79 79 25 20 20 10 9 29 35 45 55 16 10 10 5 
19487750 19487944 0 0 0 15 30 0 24 38 17 124 -14 66 65 25 20 20 10 9 29 35 45 55 16 8 8 5 
21750 21762 1 2 1 -98 -69 -81 -94 -64 -99 -43 -29 102 99 25 20 20 10 10 30 35 45 55 16 13 13 5 
46250 46297 1 -3 1 -68 -46 -50 -58 -38 -66 -10 -20 89 84 25 20 20 10 10 30 35 45 55 16 10 11 5 
104750 104769 1 0 0 -17 -1 0 -11 4 -18 38 -14 81 77 25 20 20 10 10 30 35 45 55 16 10 10 5 
119250 119318 1 0 -1 0 16 0 5 20 0 56 -14 82 87 25 20 20 10 10 30 35 45 55 16 11 10 5 
155750 155843 1 0 0 1 17 0 7 22 -1 55 -16 82 82 25 20 20 10 10 30 35 45 55 16 11 10 5 
182750 182862 1 0 0 -16 1 0 -9 9 -15 41 -17 88 93 25 20 20 10 10 30 35 45 55 16 10 7 5 
355250 355333 1 -1 1 -60 -21 -51 -54 -14 -61 -5 -41 104 109 25 20 20 10 8 26 35 45 55 16 8 8 5 
428250 428425 1 2 1 -107 -67 -100 -101 -60 -109 -53 -42 105 107 25 20 20 10 8 26 35 45 55 16 11 10 5 
463250 463286 1 -3 1 -55 -27 -50 -49 -20 -56 0 -29 86 85 25 20 20 10 8 28 35 45 55 16 6 8 5 
545250 545380 1 -1 1 -53 -23 -52 -51 -20 -58 -2 -29 102 103 25 20 20 10 8 26 35 45 55 16 1 9 5 
601250 601285 1 2 1 -146 -66 -146 -145 -63 -152 -96 -82 99 98 25 20 20 10 8 28 35 45 55 16 5 3 5 
689250 689337 1 -3 1 -45 -6 -49 -36 3 -44 12 -39 81 81 25 20 20 10 8 28 35 45 55 16 10 9 5 
745250 745313 1 0 0 6 26 0 11 31 2 58 -22 77 74 25 20 20 10 8 28 35 45 55 16 10 9 5 
942250 942314 1 0 0 -1 19 0 3 24 -4 52 -21 82 82 25 20 20 10 8 28 35 45 55 16 10 10 5 
997750 997789 1 -1 1 -57 -26 -56 -60 -32 -65 -9 -27 106 108 25 20 21 10 9 27 35 45 55 16 10 6 5 
1000750 1000933 1 2 1 -104 -61 -103 -114 -68 -121 -65 -46 103 103 25 20 21 10 9 27 35 45 55 16 8 5 5 
1016250 1016271 1 -3 1 -51 -27 -49 -44 -21 -51 5 -22 85 85 25 20 21 10 9 29 35 45 55 16 10 11 5 
1335250 1335396 1 -1 1 -52 -14 -50 -49 -11 -57 -1 -39 95 96 25 20 21 10 9 29 35 45 55 16 7 6 5 
2186250 2186250 1 2 1 -177 -129 -174 -179 -128 -186 -130 -50 125 128 25 20 21 10 9 24 35 45 55 16 16 16 5 
2831250 2831298 1 -3 1 -52 -38 -48 -43 -30 -50 6 -14 93 97 25 20 18 10 9 29 35 45 55 16 11 12 5 
3006750 3007296 1 -1 1 -56 -37 -53 -63 -39 -69 -13 -23 106 105 25 20 18 10 9 27 35 45 55 16 3 4 5 
3033250 3033304 1 2 1 -127 -93 -124 -128 -96 -136 -80 -32 115 119 25 20 18 10 9 25 35 45 55 16 13 14 5 
3171750 3171829 1 -3 1 -53 -39 -50 -49 -34 -58 -2 -16 97 97 25 20 18 10 9 29 35 45 55 16 13 12 5 
3224250 3224368 1 -1 1 -54 -36 -50 -51 -29 -58 -2 -21 108 109 25 20 18 10 9 27 35 45 55 16 10 12 5 
3287750 3287801 1 2 1 -120 -91 -116 -118 -90 -126 -70 -30 105 107 25 20 18 10 9 27 35 45 55 16 10 10 5 
3479250 3479276 1 -3 1 -50 -35 -47 -41 -26 -47 9 -14 101 101 25 20 18 10 9 27 35 45 55 16 6 8 5 
3486750 3486763 1 -1 1 -54 -38 -51 -47 -32 -53 3 -15 105 104 25 20 18 10 9 27 35 45 55 16 14 5 5 
3558250 3558284 1 2 1 -108 -80 -105 -103 -72 -111 -55 -33 109 103 25 20 18 10 9 27 35 45 55 16 12 14 5 
3617250 3617306 1 -3 1 -52 -43 -49 -50 -38 -58 -2 -12 95 90 25 20 18 10 9 29 35 45 55 16 9 12 5 
3968750 3968796 1 -1 1 -56 -43 -52 -54 -39 -61 -5 -15 118 116 25 20 20 10 9 25 35 45 55 16 12 11 5 
4006750 4006870 1 2 1 -121 -105 -117 -120 -102 -129 -73 -19 112 119 25 20 20 10 9 25 35 45 55 16 7 12 5 
4056750 4056839 1 -3 1 -52 -47 -47 -46 -40 -54 2 -5 96 86 25 20 20 10 9 29 35 45 55 16 12 8 5 
4474750 4474762 1 0 0 -5 -6 0 4 2 -3 53 3 89 88 25 20 20 10 9 29 35 45 55 16 11 11 5 
4941750 4941801 1 0 0 -18 -15 0 -12 -7 -18 38 -5 84 84 25 20 20 10 9 29 35 45 55 16 10 11 5 
5399750 5399821 1 0 0 -26 -11 0 -18 -4 -26 30 -14 83 86 25 20 20 10 9 29 35 45 55 16 8 11 5 
5547250 5547303 1 0 0 5 10 0 8 14 1 57 -6 81 81 25 20 20 10 9 29 35 45 55 16 10 11 5 
5681250 5681344 1 0 0 -16 0 0 -11 4 -18 38 -16 85 83 25 20 20 10 9 29 35 45 55 16 11 11 5 
6047250 6048020 1 -1 1 -66 -56 -53 -69 -61 -76 -20 -8 105 111 25 20 20 10 9 25 35 45 55 16 3 3 5 
6079750 6079782 1 2 1 -122 -101 -109 -118 -96 -125 -69 -21 121 123 25 20 20 10 9 24 35 45 55 16 16 15 5 
6159250 6159576 1 -3 1 -60 -48 -48 -51 -41 -57 -1 -9 89 87 25 20 20 10 9 29 35 45 55 16 6 7 5 
6501750 6501917 1 -1 1 -60 -45 -52 -52 -38 -60 -4 -14 105 109 25 20 20 10 9 27 35 45 55 16 11 11 5 
6525250 6525307 1 2 1 -110 -90 -102 -104 -88 -112 -56 -16 119 119 25 20 20 10 9 25 35 45 55 16 14 14 5 
6624250 6624261 1 -3 1 -56 -38 -50 -51 -33 -57 -1 -17 88 78 25 20 20 10 9 29 35 45 55 16 11 11 5 
7072250 7072365 1 -1 1 -53 -45 -51 -50 -41 -58 -2 -11 102 99 25 20 20 10 9 29 35 45 55 16 6 9 5 
7104250 7104255 1 2 1 -96 -74 -94 -90 -68 -99 -43 -21 105 108 25 20 20 10 9 27 35 45 55 16 5 13 5 
7121750 7121786 1 -3 1 -47 -33 -46 -43 -28 -52 4 -16 106 105 25 20 20 10 9 27 35 45 55 16 11 14 5 
7175250 7175313 1 -1 1 -57 -36 -56 -54 -31 -61 -5 -22 108 103 25 20 20 10 9 27 35 45 55 16 14 13 5 
7212750 7212863 1 2 1 -104 -75 -104 -97 -70 -103 -47 -26 100 105 25 20 20 10 9 27 35 45 55 16 12 12 5 
7253750 7253894 1 -3 1 -49 -41 -49 -44 -37 -53 3 -7 92 94 25 20 20 10 9 29 35 45 55 16 10 11 5 
7300250 7300512 1 -1 1 -51 -36 -51 -47 -30 -53 3 -17 92 91 25 20 20 10 9 29 35 45 55 16 8 7 5 
7313750 7313808 1 2 1 -104 -70 -104 -101 -66 -106 -50 -34 93 93 25 20 20 10 9 29 35 45 55 16 11 11 5 
7361750 7361833 1 -3 1 -47 -29 -48 -38 -22 -46 10 -17 94 97 25 20 20 10 9 29 35 45 55 16 12 12 5 
7573750 7573901 1 -1 1 -48 -29 -51 -47 -25 -53 3 -22 101 96 25 20 20 10 9 29 35 45 55 16 13 12 5 
7621750 7621818 1 2 1 -103 -77 -106 -97 -69 -104 -48 -27 111 115 25 20 20 10 9 25 35 45 55 16 12 11 5 
7672750 7672813 1 -3 1 -42 1 -46 -42 3 -48 8 -44 91 92 25 20 20 10 9 29 35 45 55 16 11 10 5 
7810250 7810294 1 0 0 6 26 0 12 32 4 60 -20 93 94 25 20 20 10 9 29 35 45 55 16 12 12 5 
8716250 8716262 1 0 0 -1 28 0 5 35 -1 55 -31 96 96 25 20 20 10 9 29 35 45 55 16 12 13 5 
9571250 9571281 1 0 0 10 16 0 16 21 10 66 -4 87 85 25 20 22 10 9 29 35 45 55 16 11 11 5 
10049750 10049872 1 0 0 23 36 0 30 43 21 77 -15 83 81 25 20 22 10 9 29 35 45 55 16 11 11 5 
10083750 10083851 1 0 0 0 20 0 5 26 -2 54 -21 83 86 25 20 22 10 9 29 35 45 55 16 10 11 5 
10465250 10465250 1 0 0 3 21 0 6 25 -1 55 -17 94 95 25 20 22 10 9 29 35 45 55 16 12 11 5 
10502750 10502790 1 0 0 13 41 3 18 45 10 66 -27 90 94 25 20 22 10 9 29 35 45 55 16 12 11 5 
10600250 10600309 1 0 0 23 50 0 29 56 20 76 -28 86 84 25 20 22 10 9 29 35 45 55 16 11 11 5 
10641750 10641752 1 0 0 5 26 0 10 32 3 59 -22 85 86 25 20 22 10 9 29 35 45 55 16 11 11 5 
11721750 11721898 1 0 0 13 28 8 21 36 14 70 -13 77 76 25 20 22 10 9 29 35 45 55 16 10 10 5 
12749250 12749399 1 0 0 11 27 0 19 34 9 65 -16 78 77 25 20 22 10 9 29 35 45 55 16 10 10 5 
12763250 12763291 1 -1 1 -44 -12 -55 -42 -13 -48 8 -28 108 115 25 20 22 10 9 25 35 45 55 16 11 8 5 
12836250 12836376 1 2 1 -92 -61 -104 -89 -57 -95 -39 -31 106 109 25 20 22 10 9 27 35 45 55 16 6 8 5 
12885750 12885923 1 -3 1 -37 -19 -50 -32 -14 -39 17 -17 83 82 25 20 22 10 9 29 35 45 55 16 10 11 5 
13289250 13289323 1 0 0 18 34 0 19 37 9 65 -18 83 82 25 20 22 10 9 29 35 45 55 16 11 10 5 
14599750 14599938 1 0 0 19 31 0 23 35 16 72 -13 73 64 25 20 23 10 9 29 35 45 55 16 10 8 5 
15842750 15842891 1 0 0 22 42 0 27 47 20 76 -19 80 74 25 20 24 10 9 29 35 45 55 16 11 9 5 
16090250 16090255 1 0 0 28 40 0 34 47 28 84 -11 73 77 25 20 24 10 9 29 35 45 55 16 9 9 5 
16131250 16131291 1 -1 1 -24 3 -52 -13 13 -22 34 -27 113 117 25 20 22 10 9 25 35 45 55 16 7 12 5 
16221250 16221369 1 2 1 -96 -67 -123 -93 -60 -101 -45 -34 108 106 25 20 20 10 9 27 35 45 55 16 12 5 5 
16348750 16349017 1 -3 1 -25 -12 -49 -16 -4 -24 32 -13 93 90 25 20 20 10 9 29 35 45 55 16 11 10 5 
17080250 17080390 1 0 0 15 17 0 20 23 13 69 -5 77 81 25 20 20 10 9 29 35 45 55 16 10 10 5 
18064750 18064775 1 0 0 5 17 0 13 24 7 63 -11 86 87 25 20 20 10 9 29 35 45 55 16 11 10 5 
18171250 18171269 1 -1 1 -44 -22 -52 -37 -15 -46 10 -21 105 104 25 20 20 10 9 27 35 45 55 16 13 11 5 
18235750 18235896 1 2 1 -115 -72 -126 -110 -66 -119 -63 -44 105 106 25 20 20 10 9 27 35 45 55 16 7 14 5 
18307250 18307374 1 -3 1 -37 -22 -49 -33 -16 -40 16 -17 86 85 25 20 20 10 9 29 35 45 55 16 10 11 5 
18751250 18751438 1 0 0 27 43 0 33 47 25 81 -14 65 62 25 20 20 10 9 29 35 45 55 16 8 8 5 
19234750 19234799 1 0 0 28 40 0 35 47 28 84 -11 70 70 25 20 20 10 9 29 35 45 55 16 9 9 5 
19487750 19487944 1 0 0 37 55 0 43 62 35 91 -20 66 65 25 20 20 10 9 29 35 45 55 16 8 8 5 
21750 21762 2 2 1 -127 -81 -127 -125 -80 -127 -34 -46 102 99 25 20 20 10 10 30 35 45 55 16 13 13 5 
73250 73364 2 -3 1 -50 -3 -50 -45 3 -48 45 -48 73 73 25 20 20 10 10 30 35 45 55 16 9 8 5 
119250 119318 2 0 -1 0 38 0 2 40 0 93 -37 82 87 25 20 20 10 10 30 35 45 55 16 11 10 5 
137750 137905 2 0 0 -2 28 0 2 31 -1 92 -29 86 89 25 20 20 10 10 30 35 45 55 16 11 11 5 
267250 267333 2 -1 1 -51 2 -50 -49 6 -53 40 -55 99 101 25 20 20 10 9 27 35 45 55 16 13 13 5 
416750 416935 2 2 1 -135 -54 -136 -134 -51 -137 -44 -84 104 110 25 20 20 10 8 24 35 45 55 16 2 10 5 
504250 504263 2 -3 1 -47 -6 -49 -41 -2 -43 50 -38 90 91 25 20 20 10 8 28 35 45 55 16 11 7 5 
538250 539346 2 -1 1 -48 1 -50 -52 5 -57 36 -58 90 94 25 20 20 10 8 28 35 45 55 16 1 5 5 
554750 554861 2 2 1 -150 -81 -153 -154 -83 -158 -65 -72 118 117 25 20 20 10 8 24 35 45 55 16 12 11 5 
688750 688791 2 -3 1 -43 25 -47 -37 27 -41 52 -64 81 83 25 20 20 10 8 28 35 45 55 16 10 10 5 
756750 756835 2 0 0 5 49 0 8 52 7 100 -43 73 69 25 20 20 10 8 28 35 45 55 16 9 9 5 
987750 987872 2 -1 1 -47 -3 -51 -53 -7 -57 36 -47 89 94 25 20 21 10 9 29 35 45 55 16 6 11 5 
1002250 1002832 2 2 1 -94 -52 -98 -94 -49 -96 -3 -45 101 99 25 20 21 10 9 29 35 45 55 16 5 2 5 
1062250 1062321 2 -3 1 -45 0 -49 -42 4 -45 48 -46 83 82 25 20 21 10 9 29 35 45 55 16 10 11 5 
1335750 1335863 2 -1 1 -48 0 -50 -38 8 -42 51 -48 96 96 25 20 21 10 9 29 35 45 55 16 7 3 5 
2186250 2186250 2 2 1 -221 -158 -219 -225 -159 -228 -135 -66 125 128 25 20 21 10 9 24 35 45 55 16 16 16 5 
2830750 2830837 2 -3 1 -52 -22 -47 -49 -18 -54 39 -32 93 98 25 20 18 10 9 29 35 45 55 16 12 11 5 
3008750 3008843 2 -1 1 -57 -25 -52 -54 -27 -57 36 -28 109 111 25 20 18 10 9 25 35 45 55 16 3 8 5 
3033250 3033304 2 2 1 -129 -84 -123 -130 -88 -133 -40 -44 115 119 25 20 18 10 9 25 35 45 55 16 13 14 5 
3142250 3142303 2 -3 1 -55 -25 -49 -53 -24 -55 38 -29 98 96 25 20 18 10 9 29 35 45 55 16 12 9 5 
3229750 3230003 2 -1 1 -57 -22 -50 -59 -22 -61 32 -35 107 108 25 20 18 10 9 27 35 45 55 16 9 6 5 
3287750 3287801 2 2 1 -115 -81 -109 -116 -83 -119 -26 -34 105 107 25 20 18 10 9 27 35 45 55 16 10 10 5 
3399750 3399855 2 -3 1 -56 -32 -49 -59 -33 -62 31 -26 101 102 25 20 18 10 9 27 35 45 55 16 6 5 5 
3488250 3488270 2 -1 1 -61 -33 -53 -60 -32 -64 29 -29 105 102 25 20 18 10 9 27 35 45 55 16 6 13 5 
3559250 3559265 2 2 1 -105 -63 -97 -100 -57 -101 -8 -41 109 109 25 20 18 10 9 27 35 45 55 16 14 13 5 
3603250 3603560 2 -3 1 -57 -40 -49 -54 -39 -57 36 -15 93 90 25 20 18 10 9 29 35 45 55 16 9 7 5 
3967750 3968015 2 -1 1 -62 -47 -53 -54 -41 -56 37 -14 117 116 25 20 20 10 9 25 35 45 55 16 11 10 5 
4007250 4007372 2 2 1 -143 -116 -133 -146 -121 -148 -55 -22 111 120 25 20 20 10 9 24 35 45 55 16 10 9 5 
4074750 4074841 2 -3 1 -60 -43 -49 -54 -38 -55 38 -14 97 103 25 20 20 10 9 27 35 45 55 16 8 11 5 
4412750 4412892 2 0 0 -12 -1 0 -10 2 -11 82 -12 89 86 25 20 20 10 9 29 35 45 55 16 11 10 5 
4927250 4927275 2 0 0 -13 4 8 -7 10 -10 83 -17 89 96 25 20 20 10 9 29 35 45 55 16 10 12 5 
5428250 5428283 2 0 0 0 11 12 5 16 3 96 -10 84 83 25 20 20 10 9 29 35 45 55 16 11 10 5 
5532250 5532431 2 0 0 8 26 0 11 28 7 100 -17 82 77 25 20 20 10 9 29 35 45 55 16 11 10 5 
5628750 5628843 2 0 0 0 10 2 3 17 1 94 -13 93 89 25 20 20 10 9 29 35 45 55 16 11 7 5 
5721750 5722056 2 -1 1 -51 -38 -51 -54 -42 -55 38 -11 115 117 25 20 20 10 9 25 35 45 55 16 9 8 5 
5768250 5768496 2 2 1 -97 -67 -97 -96 -66 -99 -6 -30 108 108 25 20 20 10 9 27 35 45 55 16 10 10 5 
5791250 5791292 2 -3 1 -49 -27 -50 -47 -24 -50 43 -23 93 93 25 20 20 10 9 29 35 45 55 16 12 10 5 
6044750 6044946 2 -1 1 -51 -21 -51 -51 -12 -54 39 -40 99 103 25 20 20 10 9 27 35 45 55 16 3 2 5 
6079750 6079782 2 2 1 -162 -132 -163 -161 -132 -165 -72 -29 121 123 25 20 20 10 9 24 35 45 55 16 16 15 5 
6181250 6181364 2 -3 1 -48 -24 -50 -46 -21 -49 44 -24 85 78 25 20 20 10 9 29 35 45 55 16 10 11 5 
6498750 6498902 2 -1 1 -50 -35 -52 -45 -28 -47 46 -15 103 103 25 20 20 10 9 27 35 45 55 16 9 11 5 
6527250 6527322 2 2 1 -132 -108 -134 -131 -105 -132 -39 -25 119 122 25 20 20 10 9 24 35 45 55 16 14 12 5 
6626750 6626913 2 -3 1 -48 -24 -50 -46 -23 -48 45 -23 86 83 25 20 20 10 9 29 35 45 55 16 11 11 5 
7049250 7049563 2 -1 1 -50 -34 -53 -47 -28 -50 43 -19 103 102 25 20 20 10 9 27 35 45 55 16 9 8 5 
7105250 7105380 2 2 1 -104 -65 -107 -101 -62 -103 -10 -38 104 103 25 20 20 10 9 27 35 45 55 16 11 7 5 
7122250 7122360 2 -3 1 -44 -17 -48 -35 -10 -38 55 -25 107 106 25 20 20 10 9 27 35 45 55 16 11 13 5 
7133250 7133332 2 -1 1 -47 -28 -50 -42 -23 -48 45 -20 102 101 25 20 20 10 9 27 35 45 55 16 12 12 5 
7212250 7212284 2 2 1 -110 -70 -114 -111 -70 -113 -20 -41 101 104 25 20 20 10 9 27 35 45 55 16 12 13 5 
7256250 7256342 2 -3 1 -45 -31 -49 -43 -29 -48 45 -14 93 93 25 20 20 10 9 29 35 45 55 16 11 12 5 
7300250 7300512 2 -1 1 -48 -32 -52 -47 -30 -49 44 -17 92 91 25 20 20 10 9 29 35 45 55 16 8 7 5 
7354250 7354349 2 2 1 -93 -40 -97 -92 -38 -95 -2 -54 94 94 25 20 20 10 9 29 35 45 55 16 12 12 5 
7360750 7360903 2 -3 1 -46 -20 -50 -43 -19 -45 48 -24 95 97 25 20 20 10 9 29 35 45 55 16 11 12 5 
7573750 7573901 2 -1 1 -47 -10 -51 -46 -10 -49 44 -38 101 96 25 20 20 10 9 29 35 45 55 16 13 12 5 
7622250 7622341 2 2 1 -146 -109 -151 -154 -111 -156 -63 -43 110 115 25 20 20 10 9 25 35 45 55 16 12 8 5 
7672750 7672813 2 -3 1 -44 9 -49 -43 11 -47 46 -54 91 92 25 20 20 10 9 29 35 45 55 16 11 10 5 
7807250 7807280 2 0 0 5 38 0 8 42 5 98 -35 95 96 25 20 20 10 9 29 35 45 55 16 12 12 5 
8716250 8716262 2 0 0 -6 30 0 -2 34 -4 89 -36 96 96 25 20 20 10 9 29 35 45 55 16 12 13 5 
9587750 9587852 2 0 0 0 11 0 5 16 3 96 -10 86 86 25 20 20 10 9 29 35 45 55 16 11 10 5 
10042250 10042348 2 0 0 -10 21 0 -8 24 -11 82 -32 82 88 25 20 22 10 9 29 35 45 55 16 10 11 5 
10083750 10083851 2 0 0 -10 21 -4 -8 24 -11 82 -32 83 86 25 20 22 10 9 29 35 45 55 16 10 11 5 
10375250 10375254 2 0 0 -8 25 0 -5 28 -7 86 -32 89 89 25 20 22 10 9 29 35 45 55 16 11 11 5 
10960250 10960374 2 0 0 -10 30 0 -7 33 -10 83 -40 89 89 25 20 22 10 9 29 35 45 55 16 11 11 5 
11740250 11740431 2 0 0 4 37 10 6 38 3 96 -32 80 79 25 20 22 10 9 29 35 45 55 16 10 10 5 
12726750 12726888 2 0 0 5 36 0 7 38 3 96 -32 82 82 25 20 22 10 9 29 35 45 55 16 10 11 5 
12762250 12762357 2 -1 1 -53 6 -58 -55 2 -56 37 -56 103 110 25 20 22 10 9 25 35 45 55 16 6 14 5 
12833750 12833897 2 2 1 -122 -56 -127 -104 -43 -108 -15 -61 110 104 25 20 22 10 9 27 35 45 55 16 3 4 5 
12886750 12886835 2 -3 1 -44 -7 -50 -41 -6 -45 48 -35 83 84 25 20 22 10 9 29 35 45 55 16 10 10 5 
13727750 13727759 2 0 0 13 53 0 16 57 13 106 -41 72 71 25 20 22 10 9 29 35 45 55 16 9 9 5 
15612250 15612304 2 0 0 23 57 0 25 60 22 115 -35 72 74 25 20 24 10 9 29 35 45 55 16 9 9 5 
16107250 16107389 2 0 0 29 63 0 31 65 29 122 -33 74 73 25 20 24 10 9 29 35 45 55 16 9 10 5 
16129750 16130079 2 -1 1 -23 15 -52 -48 7 -52 41 -57 106 106 25 20 22 10 9 27 35 45 55 16 1 13 5 
16221750 16222429 2 2 1 -122 -75 -150 -128 -75 -132 -39 -52 106 97 25 20 20 10 9 29 35 45 55 16 9 6 5 
16538250 16538803 2 -3 1 -25 -11 -49 -26 -11 -29 64 -16 88 89 25 20 20 10 9 29 35 45 55 16 4 7 5 
16889250 16889415 2 0 0 20 38 0 25 45 23 116 -20 84 84 25 20 20 10 9 29 35 45 55 16 10 12 5 
18025250 18025427 2 0 0 2 23 0 2 24 0 93 -22 77 79 25 20 20 10 9 29 35 45 55 16 10 10 5 
18170250 18170263 2 -1 1 -47 -12 -54 -52 -20 -55 38 -32 104 104 25 20 20 10 9 27 35 45 55 16 13 12 5 
18235250 18235316 2 2 1 -138 -81 -149 -142 -73 -145 -52 -69 104 102 25 20 20 10 9 27 35 45 55 16 7 12 5 
18309750 18309806 2 -3 1 -36 -7 -50 -34 -4 -37 56 -30 83 87 25 20 20 10 9 29 35 45 55 16 11 10 5 
18492250 18492350 2 0 0 21 55 0 23 56 18 111 -34 70 63 25 20 20 10 9 29 35 45 55 16 9 9 5 
19161750 19161855 2 0 0 19 47 0 21 48 17 110 -29 68 69 25 20 20 10 9 29 35 45 55 16 9 9 5 
19493750 19493856 2 0 0 26 62 0 31 66 28 121 -35 67 67 25 20 20 10 9 29 35 45 55 16 8 9 5 
