103750 103789 0 0 0 42 18 0 40 16 42 74 24 82 79 25 20 17 10 19 39 35 45 55 16 10 11 5 
195250 195333 0 0 -1 0 -5 0 -2 -6 0 32 4 76 76 25 20 17 10 19 39 35 45 55 16 10 10 5 
212250 212298 0 0 0 -2 -7 0 -4 -9 -4 28 5 78 77 25 20 17 10 20 40 35 45 55 16 10 10 5 
277250 277591 0 0 0 27 6 0 23 -1 26 58 25 87 86 25 20 17 10 20 40 35 45 55 16 5 11 5 
572250 572419 0 0 0 0 -14 0 -4 -18 -2 30 15 81 80 25 20 17 10 20 40 35 45 55 16 10 7 5 
916250 916375 0 0 0 27 -5 0 26 -7 28 60 33 94 97 25 20 17 10 20 40 35 45 55 16 12 12 5 
1518250 1518390 0 0 0 42 10 0 40 4 42 74 35 82 82 25 20 17 10 20 40 35 45 55 16 11 10 5 
1970750 1970785 0 -1 7 -17 -42 -52 -20 -48 -19 13 28 93 93 25 20 17 10 20 40 35 45 55 16 12 12 5 
2129250 2129273 0 2 7 -156 -158 -189 -162 -164 -162 -130 1 132 130 25 20 17 10 20 35 35 45 55 16 17 17 5 
2413750 2413808 0 -3 7 -20 -57 -48 -27 -60 -25 7 33 102 102 25 20 16 10 20 38 35 45 55 16 13 13 5 
2943750 2943826 0 0 0 20 -17 0 17 -19 19 51 35 88 89 25 20 15 10 20 40 35 45 55 16 11 5 5 
3311750 3311873 0 0 0 48 -2 0 45 -5 46 78 49 93 94 25 20 15 10 20 40 35 45 55 16 12 12 5 
3689750 3689912 0 0 0 73 30 0 74 30 74 106 43 75 75 25 20 15 10 20 40 35 45 55 16 7 10 5 
3750250 3750306 0 0 0 75 34 0 75 32 74 106 42 78 77 25 20 16 10 20 40 35 45 55 16 10 8 5 
3784250 3784250 0 0 0 28 8 0 21 3 23 55 19 77 75 25 20 16 10 20 40 35 45 55 16 10 10 5 
4222750 4222857 0 0 0 50 13 0 46 9 47 79 37 71 70 25 20 17 10 20 40 35 45 55 16 9 9 5 
4701250 4701390 0 0 0 49 16 0 45 10 46 78 34 68 68 25 20 17 10 20 40 35 45 55 16 9 8 5 
5443750 5443750 0 0 0 52 18 0 49 15 50 82 34 72 71 25 20 17 10 20 40 35 45 55 16 9 9 5 
5576250 5576455 0 0 0 28 9 0 26 8 29 61 19 72 72 25 20 17 10 20 40 35 45 55 16 9 9 5 
5826750 5826835 0 0 0 -6 -18 0 -9 -21 -8 24 11 83 83 25 20 17 10 20 40 35 45 55 16 10 11 5 
5928750 5928771 0 0 0 -1 -19 0 -2 -21 0 32 18 88 85 25 20 17 10 20 40 35 45 55 16 11 10 5 
6031750 6031859 0 0 0 -5 -27 0 -16 -34 -13 18 16 91 104 25 20 17 10 20 38 35 45 55 16 10 11 5 
6055250 6055439 0 0 0 7 -23 0 7 -25 8 40 32 92 79 25 20 17 10 20 40 35 45 55 16 12 12 5 
6126750 6126865 0 0 0 -20 -33 0 -29 -36 -28 4 6 109 100 25 20 17 10 20 38 35 45 55 16 12 14 5 
6146750 6146769 0 0 0 13 -16 0 12 -17 13 45 29 83 86 25 20 17 10 20 40 35 45 55 16 10 10 5 
6189750 6189820 0 0 0 5 -14 0 3 -15 3 35 17 89 93 25 20 17 10 20 40 35 45 55 16 11 12 5 
6305250 6305300 0 0 0 2 -18 0 0 -20 1 33 20 81 63 25 20 17 10 20 40 35 45 55 16 10 7 5 
6432750 6432781 0 0 0 54 19 0 50 15 51 83 35 75 74 25 20 17 10 20 40 35 45 55 16 9 10 5 
6479750 6479878 0 0 0 48 20 0 47 18 48 80 29 75 64 25 20 17 10 20 40 35 45 55 16 10 9 5 
6971250 6971406 0 0 0 29 8 0 29 6 29 61 23 74 84 25 20 17 10 20 40 35 45 55 16 8 9 5 
7359250 7359375 0 0 0 23 5 0 19 2 23 55 18 68 69 25 20 17 10 20 40 35 45 55 16 8 9 5 
7696750 7696925 0 0 0 34 17 0 33 16 36 68 17 68 68 25 20 17 10 20 40 35 45 55 16 9 9 5 
7729750 7729916 0 0 0 19 5 0 20 4 24 56 16 67 68 25 20 17 10 20 40 35 45 55 16 8 9 5 
8107250 8107388 0 0 0 21 -4 0 20 -6 22 54 25 81 86 25 20 17 10 20 40 35 45 55 16 11 9 5 
8223750 8223835 0 0 0 35 9 0 31 4 34 66 28 70 62 25 20 17 10 20 40 35 45 55 16 6 9 5 
8392750 8392818 0 0 0 50 17 0 45 12 47 79 32 69 72 25 20 17 10 20 40 35 45 55 16 5 7 5 
8914750 8914783 0 0 0 49 19 0 46 15 48 80 30 74 74 25 20 17 10 20 40 35 45 55 16 10 9 5 
9422750 9422876 0 0 0 38 18 0 35 14 36 68 20 69 62 25 20 17 10 20 40 35 45 55 16 9 9 5 
9554250 9554250 0 0 0 45 25 0 42 23 43 75 19 66 66 25 20 17 10 20 40 35 45 55 16 8 8 5 
9566250 9566394 0 0 0 30 11 0 24 4 26 58 20 69 68 25 20 17 10 20 40 35 45 55 16 6 6 5 
9596250 9596310 0 0 0 6 -11 0 3 -14 5 37 19 86 85 25 20 17 10 20 40 35 45 55 16 11 11 5 
9982250 9982501 0 0 0 24 9 0 24 7 26 58 18 61 59 25 20 20 10 20 40 35 45 55 16 7 8 5 
10124750 10125015 0 0 0 40 16 0 36 13 38 70 25 67 73 25 20 20 10 20 40 35 45 55 16 1 9 5 
10149750 10149978 0 0 0 13 6 0 11 3 13 45 10 67 65 25 20 22 10 18 38 35 45 55 16 8 4 5 
10381750 10381996 0 0 0 13 6 0 10 3 11 43 6 58 57 25 20 23 10 17 37 35 45 55 16 7 7 5 
11092250 11092359 0 0 0 15 7 0 12 4 14 46 8 59 57 25 20 20 10 18 38 35 45 55 16 7 5 5 
12013250 12013429 0 0 0 15 5 0 14 3 15 47 12 66 66 25 20 20 10 20 40 35 45 55 16 8 8 5 
13070750 13070787 0 0 0 18 8 0 17 6 19 51 11 72 59 25 20 20 10 20 40 35 45 55 16 9 9 5 
14019250 14019281 0 0 0 0 0 0 -4 -3 -4 28 -1 68 72 25 20 20 10 20 40 35 45 55 16 8 8 5 
14181250 14181332 0 0 0 -8 -10 0 -12 -14 -12 20 1 71 80 25 20 20 10 20 40 35 45 55 16 9 6 5 
14715250 14715363 0 0 0 7 -2 0 2 -6 2 34 6 74 79 25 20 20 10 20 40 35 45 55 16 9 10 5 
15016750 15016972 0 0 0 16 7 0 16 6 18 50 11 67 60 25 20 20 10 20 40 35 45 55 16 7 9 5 
15114250 15114425 0 0 0 11 5 0 8 2 10 42 6 65 66 25 20 20 10 20 40 35 45 55 16 7 8 5 
15397750 15397955 0 0 0 -12 -12 0 -14 -14 -13 19 1 66 58 25 20 20 10 20 40 35 45 55 16 8 8 5 
15609250 15609359 0 0 0 16 4 0 14 2 15 47 11 72 53 25 20 20 10 20 40 35 45 55 16 9 8 5 
15639250 15639423 0 0 0 -11 -13 0 -15 -17 -11 21 2 74 84 25 20 20 10 20 40 35 45 55 16 11 9 5 
16012750 16012996 0 0 0 7 2 0 4 -1 6 38 5 60 59 25 20 22 10 19 39 35 45 55 16 7 7 5 
16355750 16355804 0 0 0 -1 -2 0 -4 -5 -3 29 2 58 57 25 20 22 10 19 39 35 45 55 16 7 7 5 
16715750 16715900 0 0 0 10 8 0 7 6 8 40 0 58 48 25 20 20 10 19 39 35 45 55 16 8 7 5 
17152250 17152287 0 0 0 10 -10 0 7 -14 8 40 21 86 82 25 20 17 10 19 39 35 45 55 16 11 8 5 
17390750 17390986 0 0 0 -4 -7 0 -7 -10 -6 26 2 60 60 25 20 19 10 19 39 35 45 55 16 8 8 5 
17409250 17409271 0 0 0 10 -2 0 8 -6 9 41 13 66 63 25 20 19 10 19 39 35 45 55 16 8 6 5 
17518250 17518310 0 0 0 1 -6 0 -1 -8 0 32 6 67 68 25 20 18 10 19 39 35 45 55 16 9 8 5 
17805250 17805480 0 0 0 -5 -26 0 -7 -28 -5 27 19 81 66 25 20 16 10 19 39 35 45 55 16 11 7 5 
18189250 18189398 0 0 0 3 -13 0 2 -14 4 36 17 72 73 25 20 16 10 19 39 35 45 55 16 6 9 5 
18682250 18682322 0 0 0 -7 -12 0 -7 -13 -6 26 5 71 71 25 20 16 10 20 40 35 45 55 16 9 5 5 
19513250 19513253 0 0 0 26 -1 0 21 -5 23 55 27 79 80 25 20 14 10 20 40 35 45 55 16 10 10 5 
20004750 20004835 0 0 0 26 -4 0 23 -8 22 54 30 81 82 25 20 14 10 20 40 35 45 55 16 5 10 5 
20103750 20103849 0 -1 7 -24 -45 -52 -34 -52 -33 -1 18 105 103 25 20 14 10 20 38 35 45 55 16 13 13 5 
20191250 20191298 0 2 7 -76 -65 -107 -81 -69 -80 -48 -13 94 106 25 20 14 10 20 38 35 45 55 16 13 11 5 
20256750 20256910 0 -3 7 -17 -27 -50 -21 -31 -20 12 10 76 76 25 20 14 10 20 40 35 45 55 16 9 10 5 
20359250 20359410 0 0 0 36 5 0 35 3 36 68 32 74 73 25 20 14 10 20 40 35 45 55 16 9 9 5 
20505250 20505275 0 0 0 44 16 0 42 15 44 76 29 71 71 25 20 14 10 20 40 35 45 55 16 9 9 5 
20636750 20636876 0 0 0 0 -4 -12 -1 -5 0 32 3 82 83 25 20 14 10 20 40 35 45 55 16 10 11 5 
20867250 20867402 0 0 0 7 -8 0 3 -11 3 35 12 75 66 25 20 14 10 20 40 35 45 55 16 9 9 5 
20901250 20901359 0 0 0 35 -3 0 31 -6 32 64 37 76 75 25 20 14 10 20 40 35 45 55 16 9 10 5 
21052750 21052917 0 0 0 35 4 0 34 1 35 67 32 75 77 25 20 14 10 20 40 35 45 55 16 5 7 5 
21184250 21184277 0 0 0 4 -30 0 4 -31 4 36 34 98 97 25 20 14 10 20 40 35 45 55 16 13 12 5 
99750 99808 1 0 0 6 -20 0 5 -22 5 0 26 83 93 25 20 17 10 19 39 35 45 55 16 8 10 5 
195250 195333 1 0 -1 0 -7 0 -3 -9 0 -5 9 76 76 25 20 17 10 19 39 35 45 55 16 10 10 5 
208750 208798 1 0 0 -31 -22 0 -34 -25 -32 -37 -10 78 76 25 20 17 10 20 40 35 45 55 16 9 10 5 
255250 255275 1 0 0 -36 -24 0 -43 -31 -42 -47 -13 74 74 25 20 17 10 20 40 35 45 55 16 9 9 5 
267250 268156 1 14 0 -5 -18 0 2 -23 3 -2 26 80 85 25 20 17 10 20 40 35 45 55 16 1 11 5 
277250 277591 1 0 0 20 -13 7 20 -14 22 17 34 87 86 25 20 17 10 20 40 35 45 55 16 5 11 5 
626750 627197 1 0 0 8 -6 0 2 -11 3 -2 13 78 81 25 20 17 10 20 40 35 45 55 16 5 8 5 
914750 914791 1 0 0 13 -11 0 10 -13 11 6 22 93 91 25 20 17 10 20 40 35 45 55 16 11 12 5 
1522750 1522781 1 0 0 25 6 0 24 6 25 20 17 80 85 25 20 17 10 20 40 35 45 55 16 8 10 5 
2939750 2939781 1 0 0 13 -16 0 11 -19 12 7 29 89 89 25 20 15 10 20 40 35 45 55 16 8 12 5 
3371750 3371871 1 0 0 4 -5 0 0 -8 0 -5 8 82 82 25 20 15 10 20 40 35 45 55 16 7 10 5 
3714750 3714816 1 0 0 10 0 0 6 -3 8 3 9 75 74 25 20 16 10 20 40 35 45 55 16 9 9 5 
4202250 4202371 1 0 0 2 1 0 -1 -2 -1 -6 0 71 69 25 20 17 10 20 40 35 45 55 16 9 7 5 
4731250 4731324 1 0 0 3 2 0 0 -1 2 -3 2 73 75 25 20 17 10 20 40 35 45 55 16 10 6 5 
5464250 5464390 1 0 0 5 0 0 1 -3 3 -2 3 70 69 25 20 17 10 20 40 35 45 55 16 9 6 5 
5579750 5579921 1 0 0 -5 -9 0 -6 -10 -7 -12 3 76 74 25 20 17 10 20 40 35 45 55 16 9 7 5 
5835250 5835316 1 0 0 0 -11 0 -1 -9 -1 -6 8 87 89 25 20 17 10 20 40 35 45 55 16 11 11 5 
5933250 5933277 1 0 0 -2 -15 0 -2 -17 -1 -6 15 91 91 25 20 17 10 20 40 35 45 55 16 12 12 5 
6030250 6030355 1 0 0 28 -13 0 27 -16 28 23 42 91 94 25 20 17 10 20 40 35 45 55 16 11 11 5 
6052250 6052396 1 0 0 75 12 0 79 18 81 76 61 90 93 25 20 17 10 20 40 35 45 55 16 11 11 5 
6126750 6126865 1 0 0 105 52 0 86 38 88 83 50 109 100 25 20 17 10 20 38 35 45 55 16 12 14 5 
6135750 6135876 1 14 0 58 11 7 54 4 56 51 51 106 105 25 20 17 10 20 38 35 45 55 16 11 13 5 
6144750 6144855 1 0 0 -2 -17 0 -4 -17 -3 -8 14 82 70 25 20 17 10 20 40 35 45 55 16 11 10 5 
6178750 6178931 1 0 0 48 17 0 51 17 53 48 35 85 70 25 20 17 10 20 40 35 45 55 16 10 11 5 
6306250 6306292 1 0 0 52 18 0 50 16 52 47 34 82 82 25 20 17 10 20 40 35 45 55 16 7 10 5 
6441250 6441353 1 0 0 50 25 0 53 26 53 48 26 78 66 25 20 17 10 20 40 35 45 55 16 10 10 5 
6489750 6489943 1 0 0 8 -5 0 9 -5 8 3 12 77 77 25 20 17 10 20 40 35 45 55 16 10 7 5 
6971250 6971406 1 0 0 1 -9 0 -2 -12 -2 -7 9 74 84 25 20 17 10 20 40 35 45 55 16 8 9 5 
7362250 7362298 1 0 0 -2 -4 0 -3 -6 0 -5 3 68 52 25 20 17 10 20 40 35 45 55 16 9 8 5 
7705250 7705324 1 0 0 -4 -5 0 -7 -8 -5 -10 3 66 68 25 20 17 10 20 40 35 45 55 16 8 9 5 
7729750 7729916 1 0 0 -7 -11 0 -12 -12 -11 -16 0 67 68 25 20 17 10 20 40 35 45 55 16 8 9 5 
8122250 8122341 1 0 0 4 -12 0 2 -15 4 -1 17 73 78 25 20 17 10 20 40 35 45 55 16 9 6 5 
8229250 8229650 1 0 0 -1 -3 0 -4 -6 -2 -7 3 74 86 25 20 17 10 20 40 35 45 55 16 6 10 5 
8399250 8399406 1 0 0 11 6 0 11 4 11 6 6 69 66 25 20 17 10 20 40 35 45 55 16 9 9 5 
8919750 8919798 1 0 0 0 -5 0 -2 -6 0 -5 5 71 71 25 20 17 10 20 40 35 45 55 16 9 9 5 
9427750 9427837 1 0 0 0 -4 0 -1 -7 2 -3 7 70 70 25 20 17 10 20 40 35 45 55 16 9 9 5 
9556750 9556939 1 0 0 3 -1 0 0 -4 1 -4 4 66 65 25 20 17 10 20 40 35 45 55 16 8 8 5 
9567250 9567667 1 0 0 -3 0 0 -3 -1 -1 -6 -2 69 68 25 20 17 10 20 40 35 45 55 16 6 9 5 
9594250 9594351 1 0 0 7 0 0 7 0 9 4 8 85 86 25 20 17 10 20 40 35 45 55 16 11 11 5 
9752750 9752925 1 0 0 -4 -17 0 -7 -19 -5 -10 12 84 81 25 20 17 10 20 40 35 45 55 16 11 10 5 
9834750 9834791 1 0 0 11 3 0 2 -2 3 -2 3 87 90 25 20 19 10 19 39 35 45 55 16 12 11 5 
9840250 9840435 1 14 0 -17 -3 11 -19 -2 -18 -23 -16 76 72 25 20 21 10 19 39 35 45 55 16 10 9 5 
9843750 9843888 1 0 0 -52 -31 0 -53 -33 -52 -57 -20 67 70 25 20 21 10 19 39 35 45 55 16 9 5 5 
9866750 9866880 1 0 0 -52 -39 0 -55 -41 -52 -57 -13 59 59 25 20 21 10 19 39 35 45 55 16 2 7 5 
9871750 9871832 1 14 0 -14 -16 8 -12 -16 -10 -15 5 68 74 25 20 21 10 19 39 35 45 55 16 8 9 5 
9878750 9878892 1 0 0 20 13 0 17 10 20 15 8 63 61 25 20 21 10 19 39 35 45 55 16 8 5 5 
9907750 9907982 1 0 0 -5 3 0 -8 0 -8 -13 -7 64 63 25 20 20 10 20 40 35 45 55 16 8 8 5 
9982750 9982755 1 0 0 -10 -5 0 -10 -6 -9 -14 -6 61 58 25 20 20 10 20 40 35 45 55 16 7 8 5 
10127750 10127960 1 0 0 -10 -2 6 -12 -3 -12 -17 -8 62 62 25 20 20 10 20 40 35 45 55 16 8 6 5 
10155250 10155269 1 0 0 -31 -9 0 -30 -7 -29 -34 -23 62 57 25 20 23 10 17 37 35 45 55 16 8 5 5 
10391750 10392619 1 0 0 -29 -9 0 -30 -9 -29 -34 -21 55 54 25 20 23 10 17 37 35 45 55 16 4 7 5 
11098250 11098443 1 0 0 -12 5 0 -16 2 -14 -19 -18 62 64 25 20 20 10 18 38 35 45 55 16 0 8 5 
12020750 12020970 1 0 0 14 17 0 13 16 14 9 -4 65 63 25 20 20 10 20 40 35 45 55 16 8 8 5 
13072250 13072375 1 0 0 3 5 0 2 4 5 0 0 71 79 25 20 20 10 20 40 35 45 55 16 8 10 5 
14023250 14023263 1 0 0 -4 -1 0 -6 -3 -5 -10 -2 67 65 25 20 20 10 20 40 35 45 55 16 8 9 5 
14176750 14176953 1 0 0 13 13 0 11 11 12 7 0 66 71 25 20 20 10 20 40 35 45 55 16 8 8 5 
14726250 14726355 1 0 0 22 16 0 20 14 22 17 5 74 80 25 20 20 10 20 40 35 45 55 16 9 10 5 
15027250 15027439 1 0 0 3 4 0 2 3 3 -2 0 67 68 25 20 20 10 20 40 35 45 55 16 8 8 5 
15114250 15114425 1 0 0 8 9 0 5 7 7 2 -2 65 66 25 20 20 10 20 40 35 45 55 16 7 8 5 
15613750 15613867 1 0 0 21 16 11 18 13 20 15 4 72 72 25 20 20 10 20 40 35 45 55 16 8 9 5 
15626750 15626757 1 14 0 -28 -13 -12 -20 -5 -18 -23 -15 89 98 25 20 20 10 20 40 35 45 55 16 12 11 5 
15632250 15632451 1 0 0 -31 -4 -4 -35 -7 -33 -38 -29 73 70 25 20 20 10 20 40 35 45 55 16 9 10 5 
16020250 16020421 1 0 0 -15 6 0 -18 3 -16 -21 -21 60 59 25 20 22 10 19 39 35 45 55 16 4 8 5 
16357250 16357333 1 0 0 -21 8 0 -22 7 -22 -27 -32 59 60 25 20 22 10 19 39 35 45 55 16 7 7 5 
17151250 17151384 1 0 0 0 -7 0 -1 -9 1 -4 9 86 87 25 20 17 10 19 39 35 45 55 16 11 8 5 
17176250 17176289 1 0 0 -17 -13 0 -19 -15 -17 -22 -5 93 90 25 20 17 10 19 39 35 45 55 16 12 11 5 
17181750 17181882 1 14 0 -35 -25 9 -39 -24 -38 -43 -15 97 97 25 20 18 10 19 39 35 45 55 16 12 11 5 
17182750 17182794 1 0 0 -47 -31 0 -54 -36 -52 -57 -18 98 99 25 20 19 10 19 39 35 45 55 16 11 12 5 
17186750 17186898 1 -1 1 -103 -76 -56 -109 -78 -106 -111 -31 89 86 25 20 20 10 19 39 35 45 55 16 12 10 5 
17202250 17202359 1 2 1 -215 -149 -168 -225 -155 -224 -229 -69 73 72 25 20 21 10 19 39 35 45 55 16 9 9 5 
17248250 17248316 1 -3 1 -98 -54 -50 -99 -55 -98 -103 -45 62 62 25 20 21 10 19 39 35 45 55 16 8 8 5 
17389250 17389250 1 0 0 -49 -18 0 -53 -21 -51 -56 -33 59 61 25 20 19 10 19 39 35 45 55 16 7 8 5 
17395250 17395761 1 14 0 -6 6 25 -2 11 0 -5 -12 75 86 25 20 19 10 19 39 35 45 55 16 3 11 5 
17406750 17406980 1 0 0 3 14 0 2 14 3 -2 -12 67 66 25 20 19 10 19 39 35 45 55 16 6 8 5 
17426750 17426943 1 0 0 -9 -3 0 -11 -7 -12 -17 -6 63 63 25 20 19 10 19 39 35 45 55 16 5 8 5 
17519750 17519925 1 0 0 -6 3 0 -9 1 -7 -12 -10 67 69 25 20 18 10 19 39 35 45 55 16 8 5 5 
17806250 17806382 1 0 0 0 -22 0 0 -23 1 -4 22 77 68 25 20 16 10 19 39 35 45 55 16 9 7 5 
18181750 18181783 1 0 0 5 -10 0 5 -13 7 2 17 73 72 25 20 16 10 19 39 35 45 55 16 4 9 5 
18684250 18685689 1 0 0 -8 -14 0 -9 -13 -9 -14 4 71 70 25 20 16 10 20 40 35 45 55 16 2 4 5 
19520750 19520785 1 0 0 -1 -15 0 -2 -16 -1 -6 14 80 82 25 20 14 10 20 40 35 45 55 16 7 10 5 
20002250 20003062 1 0 0 10 -3 0 10 -5 11 6 15 79 80 25 20 14 10 20 40 35 45 55 16 5 6 5 
20364250 20364382 1 0 0 -8 -6 0 -8 -5 -6 -11 -3 75 76 25 20 14 10 20 40 35 45 55 16 7 6 5 
20503250 20503375 1 0 0 -3 -2 0 -5 -3 -3 -8 -1 70 71 25 20 14 10 20 40 35 45 55 16 6 9 5 
20634250 20634304 1 0 0 2 -1 0 -2 -1 -2 -7 -1 82 81 25 20 14 10 20 40 35 45 55 16 10 10 5 
20872250 20872263 1 0 0 8 -9 0 7 -10 9 4 16 75 75 25 20 14 10 20 40 35 45 55 16 10 10 5 
21052750 21052917 1 0 0 0 -5 -19 -3 -10 0 -5 9 75 77 25 20 14 10 20 40 35 45 55 16 5 7 5 
21179750 21179767 1 0 0 -7 -19 0 -14 -24 -11 -16 12 100 101 25 20 14 10 20 38 35 45 55 16 13 13 5 
102750 102759 2 0 0 -2 -8 0 -5 -11 -4 -31 7 82 69 25 20 17 10 19 39 35 45 55 16 10 10 5 
195250 195333 2 0 -1 0 -10 0 -2 -12 0 -27 11 76 76 25 20 17 10 19 39 35 45 55 16 10 10 5 
208250 208406 2 0 0 -7 -5 0 -8 -6 -6 -33 -2 78 76 25 20 17 10 20 40 35 45 55 16 7 10 5 
257750 257878 2 0 0 -32 -14 0 -37 -19 -34 -61 -18 77 76 25 20 17 10 20 40 35 45 55 16 10 11 5 
267750 268156 2 14 0 0 -7 7 4 -10 4 -23 14 82 85 25 20 17 10 20 40 35 45 55 16 1 11 5 
278750 278832 2 0 0 20 0 0 13 -2 13 -14 15 89 100 25 20 17 10 20 38 35 45 55 16 8 10 5 
632250 632585 2 0 0 10 0 0 9 0 10 -17 10 78 78 25 20 17 10 20 40 35 45 55 16 4 7 5 
926750 926873 2 0 0 20 9 0 14 7 15 -12 7 97 91 25 20 17 10 20 40 35 45 55 16 12 12 5 
1522250 1522427 2 0 0 30 20 2 27 17 28 1 9 81 84 25 20 17 10 20 40 35 45 55 16 7 10 5 
1905250 1905306 2 0 0 18 10 0 15 7 15 -12 7 84 82 25 20 16 10 20 40 35 45 55 16 10 10 5 
2563750 2563814 2 0 0 28 10 0 27 8 26 -1 18 99 99 25 20 16 10 20 40 35 45 55 16 11 12 5 
2917250 2917253 2 0 0 20 5 0 18 4 18 -9 14 105 102 25 20 15 10 20 38 35 45 55 16 14 11 5 
3375250 3375291 2 0 0 13 2 0 10 -1 11 -16 11 79 78 25 20 15 10 20 40 35 45 55 16 10 10 5 
3708750 3708781 2 0 0 18 10 3 15 7 15 -12 7 76 76 25 20 16 10 20 40 35 45 55 16 10 10 5 
4202250 4202371 2 0 0 19 14 0 17 12 18 -9 6 71 69 25 20 17 10 20 40 35 45 55 16 9 7 5 
4721250 4721275 2 0 0 14 7 0 10 2 10 -17 8 69 72 25 20 17 10 20 40 35 45 55 16 7 6 5 
4963750 4963818 2 0 0 25 20 -4 22 18 23 -4 4 68 70 25 20 17 10 20 40 35 45 55 16 8 9 5 
5467250 5467269 2 0 0 12 8 -5 11 7 14 -13 6 73 65 25 20 17 10 20 40 35 45 55 16 9 9 5 
5581750 5581837 2 0 0 14 7 -5 10 2 10 -17 8 76 76 25 20 17 10 20 40 35 45 55 16 7 6 5 
5835750 5835826 2 0 0 61 22 0 63 22 63 36 39 87 86 25 20 17 10 20 40 35 45 55 16 11 12 5 
5931750 5931787 2 0 0 10 0 0 9 0 11 -16 10 91 90 25 20 17 10 20 40 35 45 55 16 11 12 5 
6030750 6030859 2 0 0 38 6 0 40 7 5 15 34 92 83 25 20 17 10 20 40 35 45 55 16 9 12 5 
6051750 6051785 2 0 0 61 22 6 63 22 63 36 39 90 99 25 20 17 10 20 40 35 45 55 16 11 12 5 
6126750 6126865 2 0 0 70 34 -4 57 23 22 32 35 109 100 25 20 17 10 20 38 35 45 55 16 12 14 5 
6134750 6134818 2 14 0 68 32 21 61 29 61 34 32 107 113 25 20 17 10 20 36 35 45 55 16 10 15 5 
6144750 6144855 2 0 0 18 5 0 15 3 -22 -12 14 82 70 25 20 17 10 20 40 35 45 55 16 11 10 5 
6302250 6302316 2 0 0 46 21 0 45 20 48 21 26 83 86 25 20 17 10 20 40 35 45 55 16 11 7 5 
6436250 6436412 2 0 0 14 8 0 11 5 15 -12 9 77 79 25 20 17 10 20 40 35 45 55 16 8 9 5 
6482250 6482978 2 0 0 5 6 0 3 4 4 -23 -1 75 72 25 20 17 10 20 40 35 45 55 16 8 9 5 
6971250 6971406 2 0 0 10 9 0 7 6 7 -20 0 74 84 25 20 17 10 20 40 35 45 55 16 9 8 5 
7358250 7358277 2 0 0 16 8 0 15 6 17 -10 9 67 69 25 20 17 10 20 40 35 45 55 16 9 8 5 
7707250 7707255 2 0 0 15 8 0 11 4 11 -16 7 66 51 25 20 17 10 20 40 35 45 55 16 9 9 5 
7727750 7727996 2 0 0 4 6 0 1 3 3 -24 -3 65 53 25 20 17 10 20 40 35 45 55 16 9 8 5 
8131750 8131923 2 0 0 15 8 0 11 4 11 -16 7 72 82 25 20 17 10 20 40 35 45 55 16 9 9 5 
8234250 8234367 2 0 0 16 8 4 15 6 17 -10 9 69 66 25 20 17 10 20 40 35 45 55 16 9 8 5 
8397250 8397451 2 0 0 12 11 0 10 8 11 -16 0 71 79 25 20 17 10 20 40 35 45 55 16 9 9 5 
8922250 8922306 2 0 0 16 15 0 12 12 12 -15 0 73 71 25 20 17 10 20 40 35 45 55 16 9 9 5 
9427250 9427412 2 0 0 12 17 0 11 16 12 -15 -7 70 70 25 20 17 10 20 40 35 45 55 16 6 9 5 
9555750 9555818 2 0 0 26 22 0 26 20 25 -2 5 66 67 25 20 17 10 20 40 35 45 55 16 11 11 5 
9567250 9567667 2 0 0 12 17 -3 11 16 12 -15 -7 69 68 25 20 17 10 20 40 35 45 55 16 6 9 5 
9594250 9594351 2 0 0 26 22 4 26 20 25 -2 5 85 86 25 20 17 10 20 40 35 45 55 16 11 11 5 
9752750 9752925 2 0 0 13 5 1 10 3 11 -16 6 84 81 25 20 17 10 20 40 35 45 55 16 11 10 5 
9834250 9834287 2 0 0 18 12 0 14 7 16 -11 6 88 89 25 20 21 10 19 39 35 45 55 16 9 8 5 
9840250 9840435 2 14 0 1 15 20 -4 12 -2 -29 -16 76 72 25 20 21 10 19 39 35 45 55 16 10 9 5 
9843750 9843888 2 0 0 -44 -27 0 -47 -29 -45 -72 -18 67 70 25 20 21 10 19 39 35 45 55 16 9 5 5 
9867750 9867900 2 0 0 -36 -27 0 -40 -30 -39 -66 -9 59 59 25 20 21 10 19 39 35 45 55 16 5 8 5 
9872250 9872433 2 14 0 4 0 15 5 0 5 -22 5 70 74 25 20 21 10 19 39 35 45 55 16 8 8 5 
9877250 9877451 2 0 0 18 12 -1 14 7 16 -11 6 66 64 25 20 21 10 19 39 35 45 55 16 9 8 5 
9907750 9907982 2 0 0 -7 14 0 -11 11 -10 -37 -22 64 63 25 20 23 10 17 37 35 45 55 16 7 7 5 
10127750 10127960 2 0 0 10 13 0 9 12 10 -17 -3 62 62 25 20 20 10 20 40 35 45 55 16 8 6 5 
10155250 10155269 2 0 0 -20 9 0 -23 9 -22 -49 -32 62 57 25 20 23 10 17 37 35 45 55 16 8 5 5 
10389250 10389447 2 0 0 39 40 0 35 37 36 9 -2 56 55 25 20 20 10 20 40 35 45 55 16 5 8 5 
11096250 11098443 2 0 0 7 21 -2 4 17 5 -22 -13 61 64 25 20 20 10 18 38 35 45 55 16 0 8 5 
12018750 12018861 2 0 0 39 40 1 35 37 36 9 -2 66 66 25 20 20 10 20 40 35 45 55 16 5 8 5 
13069250 13069404 2 0 0 32 34 0 31 32 33 6 -2 72 78 25 20 20 10 20 40 35 45 55 16 10 8 5 
14024250 14024365 2 0 0 19 23 0 15 20 15 -12 -6 68 75 25 20 20 10 20 40 35 45 55 16 9 9 5 
14176750 14176953 2 0 0 33 34 -5 31 32 33 6 -2 66 71 25 20 20 10 20 40 35 45 55 16 8 8 5 
14709750 14709921 2 0 0 44 40 0 41 37 44 17 3 69 64 25 20 20 10 20 40 35 45 55 16 11 11 5 
15031750 15031949 2 0 0 42 39 0 40 37 40 13 2 70 84 25 20 20 10 20 40 35 45 55 16 9 10 5 
15106750 15106902 2 0 0 34 34 0 31 31 33 6 1 65 48 25 20 20 10 20 40 35 45 55 16 8 8 5 
15614750 15614910 2 0 0 42 39 -2 40 37 40 13 2 75 79 25 20 20 10 20 40 35 45 55 16 9 10 5 
15636250 15636253 2 0 0 -4 20 0 -9 18 -9 -36 -26 72 64 25 20 20 10 20 40 35 45 55 16 8 9 5 
16016250 16016351 2 0 0 1 20 0 -2 17 0 -27 -18 59 58 25 20 22 10 19 39 35 45 55 16 7 8 5 
16361750 16361970 2 0 0 -3 24 0 -6 22 -5 -32 -29 58 56 25 20 22 10 19 39 35 45 55 16 7 7 5 
16716250 16716513 2 0 0 6 31 0 3 30 3 -24 -27 58 53 25 20 20 10 19 39 35 45 55 16 7 7 5 
16749750 16749953 2 0 0 23 32 0 21 29 22 -5 -10 61 60 25 20 19 10 19 39 35 45 55 16 7 8 5 
16840750 16840824 2 0 0 21 27 0 17 24 19 -8 -5 61 61 25 20 18 10 19 39 35 45 55 16 8 8 5 
16868750 16868878 2 0 0 -13 14 0 -14 13 -13 -40 -28 58 57 25 20 18 10 19 39 35 45 55 16 7 7 5 
16967250 16967267 2 0 0 -15 9 0 -16 7 -15 -42 -23 57 68 25 20 17 10 19 39 35 45 55 16 7 6 5 
16987250 16987306 2 0 0 22 35 4 19 32 21 -6 -13 67 60 25 20 17 10 19 39 35 45 55 16 9 7 5 
17150250 17150345 2 0 0 16 21 0 14 20 14 -13 -6 87 86 25 20 17 10 19 39 35 45 55 16 11 11 5 
17176750 17176789 2 0 0 13 7 27 8 6 10 -17 3 93 89 25 20 17 10 19 39 35 45 55 16 12 11 5 
17181750 17181882 2 14 0 -8 -6 18 -23 -16 -21 -48 -6 97 97 25 20 18 10 19 39 35 45 55 16 12 11 5 
17184750 17185042 2 0 0 -49 -25 -24 -60 -30 -58 -85 -29 97 99 25 20 19 10 19 39 35 45 55 16 11 12 5 
17188250 17188375 2 -1 1 -101 -62 -52 -105 -66 -104 -131 -39 84 79 25 20 20 10 19 39 35 45 55 16 11 10 5 
17202250 17202359 2 2 1 -202 -134 -155 -211 -141 -210 -237 -69 73 72 25 20 21 10 19 39 35 45 55 16 9 9 5 
17248750 17248800 2 -3 1 13 3 -49 13 2 14 -13 10 62 62 25 20 16 10 19 39 35 45 55 16 6 9 5 
17390250 17390488 2 0 0 0 -4 0 -2 -7 -3 -30 3 60 60 25 20 16 10 20 40 35 45 55 16 9 9 5 
17406250 17406275 2 0 0 4 -2 0 1 -6 2 -25 7 67 64 25 20 14 10 20 40 35 45 55 16 11 11 5 
17518250 17518310 2 0 0 16 6 0 16 5 17 -10 10 67 68 25 20 14 10 20 40 35 45 55 16 2 10 5 
17806250 17806382 2 0 0 2 -2 0 -1 -5 0 -27 5 77 68 25 20 14 10 20 40 35 45 55 16 9 7 5 
18189250 18189398 2 0 0 13 3 7 13 2 14 -13 10 72 73 25 20 16 10 19 39 35 45 55 16 6 9 5 
18680750 18680847 2 0 0 11 1 0 9 1 11 -16 10 70 72 25 20 14 10 20 40 35 45 55 16 10 10 5 
19533750 19533833 2 0 0 9 0 0 7 -3 8 -19 10 87 88 25 20 14 10 20 40 35 45 55 16 10 10 5 
20004250 20004291 2 0 0 16 6 6 16 5 17 -10 10 81 84 25 20 14 10 20 40 35 45 55 16 2 10 5 
20362250 20362263 2 0 0 2 -2 -5 -1 -5 0 -27 5 74 75 25 20 14 10 20 40 35 45 55 16 9 7 5 
20504750 20504855 2 0 0 -2 -7 0 -6 -11 -6 -33 4 71 72 25 20 14 10 20 40 35 45 55 16 8 9 5 
20632250 20632287 2 0 0 11 1 2 9 1 11 -16 10 82 81 25 20 14 10 20 40 35 45 55 16 10 10 5 
20872250 20872263 2 0 0 9 0 -10 7 -3 8 -19 10 75 75 25 20 14 10 20 40 35 45 55 16 10 10 5 
21052250 21052917 2 0 0 19 11 0 17 10 19 -8 7 75 77 25 20 14 10 20 40 35 45 55 16 5 7 5 
21182250 21182291 2 0 0 16 1 0 20 1 21 -6 20 99 97 25 20 14 10 20 40 35 45 55 16 13 13 5 
