53250 53653 0 0 -1 0 -37 0 0 -38 0 9 38 87 88 25 20 20 10 12 32 35 45 55 16 8 11 5 
145250 145275 0 0 0 25 -17 0 24 -20 25 34 44 82 82 25 20 20 10 12 32 35 45 55 16 7 11 5 
254750 254847 0 0 0 50 0 14 48 -2 47 56 49 80 79 25 20 20 10 13 33 35 45 55 16 10 10 5 
665750 665876 0 0 0 54 1 0 53 2 55 64 53 81 82 25 20 20 10 13 33 35 45 55 16 11 10 5 
1117250 1117296 0 0 0 24 -20 0 21 -23 21 30 44 94 94 25 20 20 10 13 33 35 45 55 16 12 12 5 
1256250 1256367 0 -1 1 -28 -57 -51 -28 -58 -29 -20 30 98 98 25 20 20 10 13 33 35 45 55 16 9 12 5 
1298750 1298792 0 2 1 -72 -68 -94 -68 -67 -67 -58 0 110 110 25 20 20 10 13 29 35 45 55 16 11 11 5 
1307250 1307321 0 -3 1 -27 -54 -49 -29 -56 -27 -18 29 106 108 25 20 20 10 13 31 35 45 55 16 14 8 5 
1318250 1318295 0 -1 1 -30 -50 -52 -33 -52 -31 -22 21 104 105 25 20 20 10 13 31 35 45 55 16 11 5 5 
1338750 1338789 0 2 1 -80 -84 -103 -83 -86 -84 -75 2 110 110 25 20 20 10 13 29 35 45 55 16 11 14 5 
1403250 1403353 0 -3 1 -23 -68 -45 -23 -70 -23 -14 47 98 97 25 20 20 10 13 33 35 45 55 16 13 12 5 
1562750 1563139 0 0 0 21 -22 0 19 -24 19 28 43 81 80 25 20 20 10 13 33 35 45 55 16 7 6 5 
1701250 1701395 0 0 0 27 -22 0 25 -23 25 34 47 81 80 25 20 20 10 13 33 35 45 55 16 10 10 5 
1956250 1956269 0 0 0 21 -23 0 22 -24 22 31 45 93 93 25 20 20 10 13 33 35 45 55 16 12 12 5 
2398750 2398918 0 0 0 21 -27 -9 16 -30 17 26 46 81 80 25 20 20 10 13 33 35 45 55 16 10 11 5 
2640750 2640798 0 0 0 27 -19 0 25 -21 26 35 47 89 90 25 20 20 10 13 33 35 45 55 16 8 11 5 
3030750 3030866 0 0 0 21 -19 0 21 -18 22 31 40 93 93 25 20 20 10 13 33 35 45 55 16 9 12 5 
3314750 3314859 0 0 0 9 -28 3 7 -30 7 16 37 86 85 25 20 20 10 12 32 35 45 55 16 5 5 5 
3791250 3791283 0 0 0 32 -4 11 28 -6 28 37 34 80 82 25 20 20 10 13 33 35 45 55 16 7 10 5 
4172750 4172952 0 0 0 42 1 0 39 -1 39 48 40 74 74 25 20 20 10 13 33 35 45 55 16 6 9 5 
4723250 4723407 0 0 0 59 7 0 57 5 57 66 53 77 80 25 20 20 10 14 34 35 45 55 16 10 10 5 
4868250 4868405 0 0 0 40 -2 0 39 -3 39 48 43 76 75 25 20 20 10 13 33 35 45 55 16 10 9 5 
5070750 5071403 0 0 0 61 10 0 62 11 62 71 51 81 82 25 20 20 10 13 33 35 45 55 16 7 10 5 
5192750 5192809 0 0 0 50 -2 0 48 -3 48 57 51 79 77 25 20 20 10 13 33 35 45 55 16 7 10 5 
5600750 5600768 0 0 0 43 -4 0 44 -4 44 53 47 79 77 25 20 20 10 13 33 35 45 55 16 10 7 5 
6006250 6006356 0 0 0 40 -3 0 38 -5 39 48 43 77 79 25 20 20 10 13 33 35 45 55 16 7 10 5 
6251250 6251375 0 0 0 36 -9 0 37 -9 37 46 45 91 91 25 20 20 10 13 33 35 45 55 16 12 11 5 
6875750 6875787 0 0 0 -3 -24 0 -4 -25 -3 6 21 86 88 25 20 20 10 13 33 35 45 55 16 11 8 5 
7396750 7396871 0 0 0 3 -25 23 -3 -28 -4 5 25 92 90 25 20 20 10 13 33 35 45 55 16 12 12 5 
8250750 8250821 0 0 0 -11 -27 0 -12 -28 -11 -2 16 93 93 25 20 20 10 13 33 35 45 55 16 9 12 5 
8781250 8781346 0 0 0 -22 -30 0 -24 -32 -23 -14 9 98 98 25 20 20 10 13 33 35 45 55 16 12 10 5 
9218250 9218696 0 0 0 -30 -36 0 -30 -37 -30 -21 7 97 96 25 20 20 10 13 33 35 45 55 16 9 9 5 
9392750 9392841 0 0 0 -6 -22 8 -8 -23 -7 2 15 97 97 25 20 20 10 13 33 35 45 55 16 12 13 5 
9751750 9751777 0 0 0 4 -25 0 -2 -28 -1 8 25 93 91 25 20 20 10 13 33 35 45 55 16 12 11 5 
9853750 9853778 0 0 0 -4 -24 0 -10 -28 -10 -1 18 89 89 25 20 20 10 13 33 35 45 55 16 5 11 5 
9875750 9875755 0 0 0 5 -15 0 8 -15 7 16 22 85 84 25 20 20 10 13 33 35 45 55 16 11 11 5 
9920750 9920883 0 0 0 14 -17 0 14 -19 14 23 33 89 88 25 20 20 10 13 33 35 45 55 16 10 11 5 
10000250 10000319 0 0 0 10 -16 0 10 -18 12 21 29 91 92 25 20 20 10 13 33 35 45 55 16 12 9 5 
10065750 10065752 0 0 0 20 -9 0 21 -9 21 30 29 90 89 25 20 20 10 13 33 35 45 55 16 12 8 5 
10109750 10109917 0 0 0 -11 -27 0 -13 -28 -12 -3 16 84 85 25 20 20 10 13 33 35 45 55 16 11 11 5 
10128750 10128828 0 0 0 6 -16 0 1 -19 0 9 18 84 83 25 20 20 10 13 33 35 45 55 16 10 11 5 
10215750 10215906 0 0 0 26 -9 18 25 -10 24 33 34 89 93 25 20 20 10 13 33 35 45 55 16 4 9 5 
10579750 10579871 0 0 0 -13 -37 0 -14 -38 -14 -5 25 85 85 25 20 20 10 13 33 35 45 55 16 11 11 5 
11016250 11016353 0 0 0 -9 -29 0 -11 -30 -10 -1 19 82 82 25 20 20 10 13 33 35 45 55 16 10 10 5 
11487250 11487255 0 0 0 -20 -31 8 -22 -31 -21 -12 11 88 88 25 20 20 10 13 33 35 45 55 16 12 11 5 
11961250 11961263 0 0 0 -6 -24 0 -8 -26 -7 2 18 87 85 25 20 20 10 13 33 35 45 55 16 11 11 5 
12098250 12098332 0 0 0 -13 -24 0 -14 -25 -14 -5 10 87 89 25 20 20 10 13 33 35 45 55 16 11 8 5 
12132250 12132306 0 0 0 34 -10 0 34 -11 33 42 45 88 89 25 20 20 10 13 33 35 45 55 16 8 12 5 
12148750 12148827 0 0 0 20 -17 0 16 -20 18 27 37 96 99 25 20 20 10 13 33 35 45 55 16 8 12 5 
12291250 12291419 0 0 0 -8 -24 0 -11 -27 -10 -1 16 78 79 25 20 20 10 13 33 35 45 55 16 10 10 5 
12349750 12349869 0 0 0 10 -9 0 9 -11 9 18 20 78 79 25 20 20 10 13 33 35 45 55 16 10 10 5 
12639250 12639433 0 0 0 -7 -23 0 -10 -26 -9 0 17 73 74 25 20 20 10 13 33 35 45 55 16 9 9 5 
12665750 12665836 0 0 0 -4 -27 0 -5 -28 -4 5 23 80 78 25 20 20 10 13 33 35 45 55 16 10 10 5 
12766750 12766887 0 0 0 -9 -30 0 -14 -34 -14 -5 21 83 90 25 20 20 10 14 34 35 45 55 16 10 8 5 
13078250 13078301 0 0 0 32 -5 0 28 -9 29 38 39 77 73 25 20 20 10 15 35 35 45 55 16 10 9 5 
13256250 13256391 0 0 0 35 1 0 37 2 37 46 35 84 86 25 20 20 10 15 35 35 45 55 16 11 11 5 
13453250 13453387 0 0 0 24 -16 5 25 -16 25 34 43 79 79 25 20 20 10 10 30 35 45 55 16 10 10 5 
13475750 13475844 0 0 0 13 -19 0 13 -21 13 22 32 85 82 25 20 20 10 10 30 35 45 55 16 11 8 5 
13688250 13688251 0 0 0 6 -25 0 3 -28 3 12 32 77 76 25 20 20 10 13 33 35 45 55 16 10 10 5 
14218250 14218355 0 0 0 -13 -41 0 -15 -42 -14 -5 27 76 74 25 20 20 10 13 33 35 45 55 16 10 10 5 
14337250 14337385 0 0 0 -19 -43 0 -21 -48 -20 -11 27 81 79 25 20 20 10 12 32 35 45 55 16 10 7 5 
14343250 14343736 0 0 0 -27 -53 0 -36 -55 -35 -26 19 98 99 25 20 20 10 12 32 35 45 55 16 6 13 5 
14350250 14350429 0 0 0 -13 -34 0 -11 -34 -11 -2 22 84 82 25 20 20 10 11 31 35 45 55 16 8 10 5 
14498750 14498926 0 0 0 7 -15 0 7 -17 7 16 23 75 74 25 20 20 10 11 31 35 45 55 16 10 9 5 
14515250 14515371 0 0 0 -3 -13 -1 -3 -13 -3 6 10 83 80 25 20 20 10 12 32 35 45 55 16 11 10 5 
14538250 14538829 0 0 0 -25 -39 0 -25 -39 -27 -18 13 74 77 25 20 20 10 12 32 35 45 55 16 6 10 5 
14636250 14636292 0 0 0 -6 -30 0 -3 -30 -3 6 28 77 77 25 20 20 10 12 32 35 45 55 16 10 10 5 
14910750 14910938 0 0 0 20 -10 9 19 -11 19 28 31 74 73 25 20 20 10 12 32 35 45 55 16 9 9 5 
15180750 15180824 0 0 0 -7 -29 0 -10 -32 -10 -1 22 77 77 25 20 20 10 12 32 35 45 55 16 10 10 5 
15428250 15428270 0 0 0 2 -23 0 1 -26 2 11 25 77 74 25 20 20 10 12 32 35 45 55 16 9 10 5 
15553750 15553784 0 0 0 4 -27 0 3 -25 4 13 27 78 75 25 20 20 10 12 32 35 45 55 16 9 7 5 
15590750 15590800 0 0 0 10 -12 0 9 -14 10 19 23 72 72 25 20 20 10 12 32 35 45 55 16 9 9 5 
15694750 15694925 0 0 0 21 -10 0 21 -12 22 31 33 77 79 25 20 20 10 13 33 35 45 55 16 10 10 5 
15794750 15794790 0 0 0 50 7 0 48 6 50 59 43 75 75 25 20 20 10 14 34 35 45 55 16 10 9 5 
15991750 15991856 0 0 0 51 -1 0 50 -2 51 60 51 78 78 25 20 20 10 15 35 35 45 55 16 10 7 5 
16064750 16064860 0 0 0 25 -5 0 21 -7 21 30 29 73 71 25 20 20 10 15 35 35 45 55 16 9 9 5 
16138250 16138394 0 0 0 47 1 0 45 0 44 53 43 74 75 25 20 20 10 15 35 35 45 55 16 10 9 5 
16229750 16229894 0 0 0 48 1 0 48 1 49 58 48 79 79 25 20 20 10 15 35 35 45 55 16 10 7 5 
16329250 16329252 0 0 0 20 -6 0 16 -10 16 25 26 78 78 25 20 20 10 15 35 35 45 55 16 10 10 5 
16382750 16382760 0 0 0 30 4 0 28 2 28 37 26 77 77 25 20 20 10 15 35 35 45 55 16 10 10 5 
16622750 16622891 0 0 0 14 -13 0 11 -14 12 21 25 73 74 25 20 20 10 15 35 35 45 55 16 9 9 5 
16854250 16854330 0 0 0 15 -4 0 12 -5 11 20 17 72 71 25 20 20 10 13 33 35 45 55 16 9 6 5 
17314750 17314935 0 0 0 34 10 0 34 10 34 43 23 71 72 25 20 20 10 11 31 35 45 55 16 9 9 5 
17389750 17389891 0 0 0 24 1 0 23 0 23 32 22 68 68 25 20 20 10 10 30 35 45 55 16 9 9 5 
17407250 17407725 0 0 0 -5 -25 0 -6 -26 -5 4 20 78 79 25 20 20 10 10 30 35 45 55 16 4 10 5 
17612750 17612805 0 0 0 12 -15 0 11 -16 11 20 27 69 66 25 20 20 10 10 30 35 45 55 16 8 8 5 
17622750 17622890 0 0 0 9 -14 0 8 -16 8 17 25 78 76 25 20 20 10 10 30 35 45 55 16 10 5 5 
17658750 17658790 0 0 0 12 -11 0 11 -13 11 20 23 70 68 25 20 20 10 10 30 35 45 55 16 9 7 5 
17690750 17690952 0 0 0 4 -14 0 3 -15 2 11 17 67 69 25 20 20 10 10 30 35 45 55 16 9 8 5 
17901250 17901307 0 0 0 16 -6 0 14 -7 14 23 20 72 71 25 20 20 10 10 30 35 45 55 16 9 9 5 
17913750 17913797 0 0 0 -8 -24 0 -10 -26 -9 0 17 78 75 25 20 20 10 10 30 35 45 55 16 10 9 5 
18005250 18005316 0 0 0 -22 -37 0 -26 -40 -26 -17 13 72 72 25 20 20 10 10 30 35 45 55 16 6 9 5 
18017250 18017327 0 0 0 -6 -22 0 -7 -23 -5 4 17 75 71 25 20 20 10 10 30 35 45 55 16 10 9 5 
18219250 18219412 0 0 0 7 -10 0 6 -12 6 15 18 68 67 25 20 20 10 10 30 35 45 55 16 9 8 5 
18313250 18313378 0 0 0 16 -2 0 17 -2 16 25 18 68 68 25 20 20 10 10 30 35 45 55 16 9 8 5 
18326250 18326442 0 0 0 5 -11 0 8 -10 9 18 18 77 75 25 20 20 10 10 30 35 45 55 16 10 10 5 
18524750 18525218 0 0 0 10 -11 0 8 -13 8 17 20 72 70 25 20 20 10 12 32 35 45 55 16 6 6 5 
18628750 18628867 0 0 0 -15 -28 0 -17 -30 -15 -6 13 68 67 25 20 20 10 13 33 35 45 55 16 8 8 5 
18641750 18641900 0 0 0 36 0 0 34 -1 34 43 35 83 80 25 20 20 10 13 33 35 45 55 16 11 10 5 
18650250 18650287 0 0 0 41 1 0 39 0 38 47 39 81 81 25 20 20 10 13 33 35 45 55 16 10 11 5 
18658750 18658861 0 0 0 -28 -35 0 -33 -39 -34 -25 4 106 106 25 20 20 10 13 31 35 45 55 16 11 13 5 
18663750 18663898 0 0 0 12 -18 0 12 -18 13 22 30 90 91 25 20 20 10 13 33 35 45 55 16 12 11 5 
18679250 18679332 0 0 0 7 -20 0 4 -22 5 14 28 79 83 25 20 20 10 13 33 35 45 55 16 11 10 5 
18691750 18691809 0 0 0 -4 -28 0 -8 -30 -6 3 22 83 83 25 20 20 10 13 33 35 45 55 16 10 11 5 
18791250 18791377 0 0 0 -13 -37 0 -15 -39 -13 -4 23 76 78 25 20 20 10 14 34 35 45 55 16 10 7 5 
18848250 18848443 0 0 0 28 -15 0 25 -18 27 36 44 77 79 25 20 20 10 14 34 35 45 55 16 10 10 5 
18902750 18902878 0 0 0 41 -2 0 41 -3 43 52 45 77 77 25 20 20 10 14 34 35 45 55 16 10 10 5 
19492250 19492275 0 0 0 17 -15 0 13 -17 13 22 31 78 75 25 20 20 10 14 34 35 45 55 16 10 9 5 
20545250 20545294 0 0 0 1 -25 0 5 -23 4 13 27 83 83 25 20 21 10 14 34 35 45 55 16 10 8 5 
20942750 20942761 0 0 0 22 -10 0 24 -10 24 33 35 82 82 25 20 21 10 14 34 35 45 55 16 10 5 5 
53250 53653 1 0 -1 0 -15 0 0 -15 0 -17 14 87 88 25 20 20 10 12 32 35 45 55 16 8 11 5 
145250 145275 1 0 0 22 6 0 20 2 20 3 19 82 82 25 20 20 10 12 32 35 45 55 16 7 11 5 
269750 269922 1 0 0 22 3 0 19 0 19 2 19 80 81 25 20 20 10 13 33 35 45 55 16 7 4 5 
683250 683446 1 0 0 38 11 0 35 9 35 18 26 80 79 25 20 20 10 13 33 35 45 55 16 7 10 5 
1120250 1120330 1 0 0 34 7 -3 30 4 32 15 27 93 93 25 20 20 10 13 33 35 45 55 16 12 9 5 
1569250 1569392 1 0 0 20 -3 0 20 -4 20 3 24 82 83 25 20 20 10 13 33 35 45 55 16 7 8 5 
1702250 1702344 1 0 0 8 -14 0 3 -19 3 -14 21 80 80 25 20 20 10 13 33 35 45 55 16 10 10 5 
1985750 1985772 1 0 0 25 -10 0 24 -11 25 8 35 87 88 25 20 20 10 13 33 35 45 55 16 11 8 5 
2398750 2398918 1 0 0 18 0 -2 17 0 17 0 16 81 80 25 20 20 10 13 33 35 45 55 16 10 11 5 
2643750 2644250 1 0 0 19 2 0 17 1 17 0 15 88 87 25 20 20 10 13 33 35 45 55 16 8 7 5 
3046750 3046880 1 0 0 9 -5 -7 7 -8 6 -11 14 83 82 25 20 20 10 13 33 35 45 55 16 9 10 5 
3315750 3316896 1 0 0 23 -2 0 23 -3 24 7 26 87 89 25 20 20 10 12 32 35 45 55 16 5 11 5 
3790250 3790354 1 0 0 30 12 0 29 10 29 12 19 80 81 25 20 20 10 13 33 35 45 55 16 4 10 5 
4194250 4194381 1 0 0 40 38 0 38 35 38 21 4 74 75 25 20 20 10 13 33 35 45 55 16 9 7 5 
4740750 4740897 1 0 0 52 42 0 51 42 53 36 10 76 77 25 20 20 10 14 34 35 45 55 16 7 9 5 
4875750 4875887 1 0 0 50 44 0 49 43 49 32 5 76 76 25 20 20 10 13 33 35 45 55 16 7 10 5 
5074750 5074761 1 0 0 47 18 0 44 15 44 27 29 80 79 25 20 20 10 13 33 35 45 55 16 10 10 5 
5198250 5198325 1 0 0 38 16 0 36 15 37 20 22 79 80 25 20 20 10 13 33 35 45 55 16 10 10 5 
5596750 5596934 1 0 0 28 6 0 25 3 23 6 21 78 78 25 20 20 10 13 33 35 45 55 16 10 10 5 
6024250 6024265 1 0 0 30 13 0 28 11 29 12 17 77 76 25 20 20 10 13 33 35 45 55 16 10 10 5 
6253250 6253394 1 0 0 40 18 0 37 15 37 20 21 88 88 25 20 20 10 13 33 35 45 55 16 11 11 5 
6919750 6920035 1 0 0 14 -9 0 5 -15 6 -11 19 93 94 25 20 20 10 13 33 35 45 55 16 5 9 5 
7391250 7391258 1 0 0 26 4 18 24 2 24 7 20 92 92 25 20 20 10 13 33 35 45 55 16 12 12 5 
8262250 8262371 1 0 0 2 -13 0 0 -15 0 -17 15 94 94 25 20 20 10 13 33 35 45 55 16 12 12 5 
8784250 8784265 1 0 0 5 2 0 5 3 5 -12 4 98 99 25 20 20 10 13 33 35 45 55 16 12 13 5 
9238750 9238823 1 0 0 9 5 0 8 3 8 -9 4 96 97 25 20 20 10 13 33 35 45 55 16 7 12 5 
9394750 9394816 1 0 0 10 6 0 8 4 6 -11 4 98 97 25 20 20 10 13 33 35 45 55 16 13 9 5 
9750750 9750797 1 0 0 2 11 0 2 10 2 -15 -9 92 91 25 20 20 10 13 33 35 45 55 16 12 12 5 
9855750 9855803 1 0 0 21 38 0 19 38 18 1 -20 89 88 25 20 20 10 13 33 35 45 55 16 11 8 5 
9875750 9875755 1 0 0 16 29 0 14 27 14 -3 -13 85 84 25 20 20 10 13 33 35 45 55 16 11 11 5 
9916750 9916781 1 0 0 10 30 0 10 29 11 -6 -18 89 87 25 20 20 10 13 33 35 45 55 16 11 7 5 
10002250 10002307 1 0 0 -3 5 0 -5 4 -5 -22 -10 90 89 25 20 20 10 13 33 35 45 55 16 9 12 5 
10065750 10065752 1 0 0 7 15 0 6 13 8 -9 -6 90 89 25 20 20 10 13 33 35 45 55 16 12 8 5 
10106250 10106351 1 0 0 26 35 0 25 33 25 8 -8 85 85 25 20 20 10 13 33 35 45 55 16 11 11 5 
10123750 10123904 1 0 0 3 4 0 2 4 3 -14 -1 86 89 25 20 20 10 13 33 35 45 55 16 11 11 5 
10215750 10215906 1 0 0 15 20 0 16 20 18 1 -3 89 93 25 20 20 10 13 33 35 45 55 16 4 9 5 
10605750 10605801 1 0 0 -2 -4 0 -2 -6 -2 -19 4 85 85 25 20 20 10 13 33 35 45 55 16 11 11 5 
11018250 11018369 1 0 0 16 8 6 15 7 17 0 10 83 84 25 20 20 10 13 33 35 45 55 16 10 8 5 
11532250 11532382 1 0 0 14 0 0 11 -3 12 -5 13 88 88 25 20 20 10 13 33 35 45 55 16 11 11 5 
11948250 11948255 1 0 0 18 11 0 6 0 6 -11 5 89 87 25 20 20 10 13 33 35 45 55 16 10 12 5 
12109750 12109920 1 0 0 27 10 0 30 11 32 15 20 88 88 25 20 20 10 13 33 35 45 55 16 8 8 5 
12132250 12132306 1 0 0 25 9 0 26 10 26 9 16 88 89 25 20 20 10 13 33 35 45 55 16 8 12 5 
12148750 12148827 1 0 0 48 16 0 43 12 43 26 32 96 99 25 20 20 10 13 33 35 45 55 16 8 12 5 
12293250 12293325 1 0 0 37 31 0 35 30 36 19 6 78 78 25 20 20 10 13 33 35 45 55 16 10 10 5 
12332750 12332845 1 0 0 35 28 0 34 26 34 17 8 78 76 25 20 20 10 13 33 35 45 55 16 10 10 5 
12650750 12650801 1 0 0 44 33 0 44 32 46 29 13 72 70 25 20 20 10 13 33 35 45 55 16 9 6 5 
12667250 12667322 1 0 0 17 12 0 15 11 16 -1 6 79 81 25 20 20 10 13 33 35 45 55 16 10 10 5 
12772250 12772391 1 0 0 17 12 0 17 11 17 0 5 79 78 25 20 20 10 14 34 35 45 55 16 8 10 5 
13083750 13083774 1 0 0 39 33 0 37 31 38 21 7 78 78 25 20 20 10 15 35 35 45 55 16 7 10 5 
13267250 13267353 1 0 0 53 52 0 54 52 54 37 3 79 79 25 20 20 10 15 35 35 45 55 16 10 8 5 
13453750 13453765 1 0 0 60 63 0 59 62 59 42 -3 80 82 25 20 20 10 10 30 35 45 55 16 10 10 5 
13470750 13470856 1 0 0 23 19 0 20 17 20 3 2 91 91 25 20 20 10 10 30 35 45 55 16 12 11 5 
13693750 13693871 1 0 0 35 19 17 31 13 32 15 18 77 74 25 20 20 10 13 33 35 45 55 16 9 10 5 
14219750 14219943 1 0 0 20 8 0 18 7 19 2 11 75 76 25 20 20 10 13 33 35 45 55 16 10 9 5 
14337750 14337767 1 0 0 16 8 0 15 7 14 -3 7 82 78 25 20 20 10 12 32 35 45 55 16 10 8 5 
14343250 14343736 1 0 0 10 9 -9 1 0 1 -16 2 98 99 25 20 20 10 12 32 35 45 55 16 6 13 5 
14347250 14347304 1 13 0 45 38 2 43 38 43 26 5 97 100 25 20 20 10 11 29 35 45 55 16 11 12 5 
14350250 14350429 1 0 0 67 53 3 67 52 67 50 15 84 82 25 20 20 10 11 31 35 45 55 16 8 10 5 
14504250 14504359 1 0 0 75 62 0 73 61 73 56 12 72 73 25 20 20 10 11 31 35 45 55 16 6 8 5 
14509750 14509837 1 13 0 44 42 -2 39 38 39 22 1 90 92 25 20 20 10 12 32 35 45 55 16 8 11 5 
14514250 14514270 1 0 0 22 22 0 20 21 19 2 -1 87 84 25 20 20 10 12 32 35 45 55 16 12 10 5 
14540750 14540794 1 0 0 38 34 0 35 31 35 18 4 76 74 25 20 20 10 12 32 35 45 55 16 10 7 5 
14633250 14633383 1 0 0 36 33 0 33 31 32 15 0 77 77 25 20 20 10 12 32 35 45 55 16 10 10 5 
14913750 14913759 1 0 0 33 23 0 29 21 30 13 9 73 73 25 20 20 10 12 32 35 45 55 16 9 9 5 
15186250 15186332 1 0 0 29 15 -4 28 14 28 11 14 77 79 25 20 20 10 12 32 35 45 55 16 7 10 5 
15431250 15431260 1 0 0 21 18 -28 19 16 20 3 5 78 76 25 20 20 10 12 32 35 45 55 16 10 10 5 
15555750 15555857 1 0 0 38 40 0 32 41 34 17 -8 86 88 25 20 20 10 12 32 35 45 55 16 7 12 5 
15590750 15590800 1 0 0 54 68 0 49 64 49 32 -16 72 72 25 20 20 10 12 32 35 45 55 16 9 9 5 
15694750 15694925 1 0 0 49 41 0 48 41 47 30 7 77 79 25 20 20 10 13 33 35 45 55 16 10 10 5 
15791250 15791424 1 0 0 55 41 0 52 38 52 35 13 77 79 25 20 20 10 14 34 35 45 55 16 10 10 5 
15996250 15996339 1 0 0 61 42 0 58 39 58 41 20 79 82 25 20 20 10 15 35 35 45 55 16 10 10 5 
16062250 16062353 1 0 0 38 23 0 33 19 35 18 16 73 70 25 20 20 10 15 35 35 45 55 16 6 9 5 
16135250 16135430 1 0 0 36 30 0 35 30 36 19 6 77 74 25 20 20 10 15 35 35 45 55 16 10 10 5 
16229750 16229894 1 0 0 37 23 0 36 22 36 19 14 79 79 25 20 20 10 15 35 35 45 55 16 10 7 5 
16329250 16329252 1 0 0 54 57 0 51 56 53 36 -3 78 78 25 20 20 10 15 35 35 45 55 16 10 10 5 
16384750 16384852 1 0 0 49 59 0 46 57 45 28 -12 78 79 25 20 20 10 15 35 35 45 55 16 10 10 5 
16620750 16620813 1 0 0 34 28 0 31 26 31 14 5 73 73 25 20 20 10 15 35 35 45 55 16 9 9 5 
16855250 16855373 1 0 0 70 80 0 66 76 68 51 -9 73 72 25 20 20 10 13 33 35 45 55 16 9 6 5 
17310750 17310930 1 0 0 85 99 0 83 97 85 68 -12 72 71 25 20 20 10 11 31 35 45 55 16 9 9 5 
17394250 17394336 1 0 0 85 104 0 85 104 84 67 -19 67 67 25 20 20 10 10 30 35 45 55 16 8 8 5 
17399750 17399823 1 13 0 64 80 3 60 77 60 43 -17 80 79 25 20 20 10 10 30 35 45 55 16 9 8 5 
17409250 17409298 1 0 0 19 32 0 19 32 17 0 -14 74 74 25 20 20 10 10 30 35 45 55 16 8 9 5 
17612750 17612805 1 0 0 22 21 0 20 18 19 2 3 69 66 25 20 20 10 10 30 35 45 55 16 8 8 5 
17622750 17622890 1 0 0 65 82 0 66 81 66 49 -16 78 76 25 20 20 10 10 30 35 45 55 16 10 5 5 
17661250 17661400 1 0 0 81 89 0 81 88 81 64 -7 70 71 25 20 20 10 10 30 35 45 55 16 6 9 5 
17692750 17692959 1 0 0 75 85 0 74 86 76 59 -9 65 66 25 20 20 10 10 30 35 45 55 16 8 8 5 
17901750 17901939 1 0 0 73 84 0 71 82 70 53 -12 72 69 25 20 20 10 10 30 35 45 55 16 9 9 5 
17905750 17905907 1 13 0 33 52 -15 26 45 27 10 -19 83 84 25 20 20 10 10 30 35 45 55 16 6 11 5 
17911250 17911336 1 0 0 13 23 0 13 21 13 -4 -6 87 87 25 20 20 10 10 30 35 45 55 16 12 10 5 
18007250 18007422 1 0 0 17 21 0 14 18 13 -4 -5 75 73 25 20 20 10 10 30 35 45 55 16 9 6 5 
18010750 18010840 1 13 0 46 55 2 46 58 47 30 -10 86 90 25 20 20 10 10 30 35 45 55 16 7 12 5 
18016750 18016915 1 0 0 90 84 0 89 83 89 72 5 76 73 25 20 20 10 10 30 35 45 55 16 10 9 5 
18215750 18215756 1 0 0 102 105 0 99 103 99 82 -3 70 70 25 20 20 10 10 30 35 45 55 16 9 9 5 
18314250 18314271 1 0 0 112 109 0 110 107 110 93 4 67 67 25 20 20 10 10 30 35 45 55 16 9 8 5 
18320250 18320388 1 13 0 44 54 -13 37 50 38 21 -12 79 80 25 20 20 10 10 30 35 45 55 16 9 11 5 
18324250 18324294 1 0 0 20 32 0 18 29 20 3 -10 83 80 25 20 20 10 10 30 35 45 55 16 11 10 5 
18527750 18527870 1 0 0 21 22 0 21 21 23 6 1 73 73 25 20 20 10 12 32 35 45 55 16 6 9 5 
18627750 18627752 1 0 0 22 25 0 21 24 21 4 -4 67 67 25 20 20 10 13 33 35 45 55 16 9 8 5 
18665250 18665410 1 0 0 27 31 0 23 29 22 5 -6 88 85 25 20 20 10 13 33 35 45 55 16 11 8 5 
18680250 18680273 1 0 0 27 28 0 25 27 24 7 -1 78 75 25 20 20 10 13 33 35 45 55 16 10 6 5 
18690750 18690904 1 0 0 32 17 0 31 15 32 15 17 82 83 25 20 20 10 13 33 35 45 55 16 10 11 5 
18795250 18795268 1 0 0 28 16 0 26 15 27 10 12 76 75 25 20 20 10 14 34 35 45 55 16 10 9 5 
18848250 18848443 1 0 0 44 20 0 43 19 42 25 23 77 79 25 20 20 10 14 34 35 45 55 16 10 10 5 
18901750 18901916 1 0 0 44 19 0 42 18 41 24 24 77 79 25 20 20 10 14 34 35 45 55 16 10 10 5 
19491250 19491339 1 0 0 35 21 0 34 19 35 18 15 79 85 25 20 20 10 14 34 35 45 55 16 5 10 5 
20554750 20554766 1 0 0 23 9 0 21 7 22 5 15 86 86 25 20 21 10 14 34 35 45 55 16 8 11 5 
20946250 20946317 1 0 0 32 22 -1 29 21 30 13 9 82 79 25 20 21 10 14 34 35 45 55 16 6 10 5 
53250 53653 2 0 -1 0 10 0 0 11 0 -8 -12 87 88 25 20 20 10 12 32 35 45 55 16 8 11 5 
148250 148573 2 0 0 29 30 0 28 29 30 22 0 81 81 25 20 20 10 12 32 35 45 55 16 7 10 5 
254750 254847 2 0 0 28 29 -5 27 28 28 20 -1 80 79 25 20 20 10 13 33 35 45 55 16 10 10 5 
692750 692871 2 0 0 36 28 0 38 30 39 31 8 80 79 25 20 20 10 13 33 35 45 55 16 10 10 5 
1108250 1108339 2 0 0 23 24 0 23 23 24 16 1 90 92 25 20 20 10 13 33 35 45 55 16 12 12 5 
1570250 1570323 2 0 0 22 22 0 18 20 18 10 -2 81 81 25 20 20 10 13 33 35 45 55 16 10 6 5 
1703250 1703291 2 0 0 14 15 0 12 14 11 3 -2 79 79 25 20 20 10 13 33 35 45 55 16 10 10 5 
1981750 1982367 2 0 0 3 -1 0 -2 -3 0 -8 4 92 94 25 20 20 10 13 33 35 45 55 16 2 12 5 
2395250 2395385 2 0 0 -2 3 -3 -1 3 0 -8 -4 83 86 25 20 20 10 13 33 35 45 55 16 4 10 5 
2642750 2642865 2 0 0 15 13 7 17 14 18 10 4 88 86 25 20 20 10 13 33 35 45 55 16 11 7 5 
3051250 3051384 2 0 0 14 15 8 15 15 13 5 -1 84 85 25 20 20 10 13 33 35 45 55 16 11 8 5 
3323250 3323370 2 0 0 25 14 11 25 14 25 17 12 81 81 25 20 20 10 12 32 35 45 55 16 10 10 5 
3796750 3796883 2 0 0 35 27 1 35 27 39 31 10 82 83 25 20 20 10 13 33 35 45 55 16 7 10 5 
4272250 4272452 2 0 0 33 53 0 33 52 33 25 -19 74 73 25 20 20 10 13 33 35 45 55 16 9 9 5 
4740750 4740897 2 0 0 40 54 0 39 53 40 32 -13 76 77 25 20 20 10 14 34 35 45 55 16 7 9 5 
4865750 4865911 2 0 0 31 53 -6 29 52 30 22 -23 77 77 25 20 20 10 13 33 35 45 55 16 7 10 5 
5072750 5072846 2 0 0 36 25 0 36 24 36 28 13 81 80 25 20 20 10 13 33 35 45 55 16 8 10 5 
5186250 5186380 2 0 0 32 28 0 29 26 31 23 5 80 81 25 20 20 10 13 33 35 45 55 16 10 10 5 
5601250 5601345 2 0 0 32 24 0 30 22 30 22 7 79 77 25 20 20 10 13 33 35 45 55 16 10 7 5 
6022250 6022328 2 0 0 32 27 0 28 23 28 20 5 78 79 25 20 20 10 13 33 35 45 55 16 6 10 5 
6255750 6255807 2 0 0 32 29 0 33 29 33 25 4 88 86 25 20 20 10 13 33 35 45 55 16 11 11 5 
6920750 6920845 2 0 0 -19 -16 0 -23 -19 -22 -30 -5 92 91 25 20 20 10 13 33 35 45 55 16 8 4 5 
7386250 7386290 2 0 0 -5 3 20 -2 4 -3 -11 -7 92 92 25 20 20 10 13 33 35 45 55 16 11 9 5 
8279750 8280364 2 0 0 -15 -6 0 -11 -2 -10 -18 -11 95 95 25 20 20 10 13 33 35 45 55 16 9 8 5 
8759750 8759798 2 0 0 -6 7 0 -5 7 -4 -12 -12 95 94 25 20 20 10 13 33 35 45 55 16 9 12 5 
9239750 9239755 2 0 0 2 8 0 1 8 1 -7 -7 96 97 25 20 20 10 13 33 35 45 55 16 9 12 5 
9398250 9398386 2 0 0 4 14 0 5 15 6 -2 -9 97 97 25 20 20 10 13 33 35 45 55 16 8 12 5 
9751750 9751777 2 0 0 -12 22 0 -12 22 -11 -19 -32 93 91 25 20 20 10 13 33 35 45 55 16 12 11 5 
9854750 9854783 2 0 0 3 21 0 2 19 2 -6 -18 89 88 25 20 20 10 13 33 35 45 55 16 8 10 5 
9879250 9879648 2 0 0 4 24 0 2 22 3 -5 -20 92 94 25 20 20 10 13 33 35 45 55 16 5 12 5 
9917750 9917834 2 0 0 -11 38 0 -13 37 -13 -21 -49 88 87 25 20 20 10 13 33 35 45 55 16 11 5 5 
10002250 10002307 2 0 0 -6 20 0 -9 18 -8 -16 -26 90 89 25 20 20 10 13 33 35 45 55 16 9 12 5 
10063250 10063307 2 0 0 -7 9 0 -9 7 -8 -16 -16 92 93 25 20 20 10 13 33 35 45 55 16 12 12 5 
10106250 10106351 2 0 0 13 25 0 14 26 14 6 -12 85 85 25 20 20 10 13 33 35 45 55 16 11 11 5 
10123250 10123393 2 0 0 8 21 0 9 21 7 -1 -12 87 87 25 20 20 10 13 33 35 45 55 16 11 11 5 
10221250 10221305 2 0 0 -3 28 0 -3 28 -1 -9 -31 89 89 25 20 20 10 13 33 35 45 55 16 11 8 5 
10602250 10602421 2 0 0 -1 2 0 -4 -1 -3 -11 0 85 84 25 20 20 10 13 33 35 45 55 16 8 11 5 
11016250 11016353 2 0 0 -6 2 9 -7 1 -7 -15 -9 82 82 25 20 20 10 13 33 35 45 55 16 10 10 5 
11491750 11491791 2 0 0 8 3 0 5 1 7 -1 5 85 87 25 20 20 10 13 33 35 45 55 16 11 11 5 
11957750 11957772 2 0 0 28 20 0 27 19 27 19 9 85 86 25 20 20 10 13 33 35 45 55 16 11 11 5 
12107750 12107868 2 0 0 24 17 0 23 15 24 16 6 88 88 25 20 20 10 13 33 35 45 55 16 8 8 5 
12133250 12133301 2 0 0 19 22 15 17 21 19 11 -3 88 91 25 20 20 10 13 33 35 45 55 16 8 11 5 
12148750 12148827 2 0 0 33 41 0 30 40 32 24 -9 96 99 25 20 20 10 13 33 35 45 55 16 10 10 5 
12293250 12293325 2 0 0 33 41 1 30 40 32 24 -9 78 78 25 20 20 10 13 33 35 45 55 16 10 10 5 
12356250 12356424 2 0 0 37 48 0 35 47 35 27 -11 79 79 25 20 20 10 13 33 35 45 55 16 8 7 5 
12647750 12647853 2 0 0 54 58 0 51 56 52 44 -6 71 73 25 20 20 10 13 33 35 45 55 16 6 9 5 
12666250 12666409 2 0 0 23 26 0 23 25 23 15 -1 80 82 25 20 20 10 13 33 35 45 55 16 10 10 5 
12781750 12781768 2 0 0 31 47 0 29 46 29 21 -18 82 84 25 20 20 10 14 34 35 45 55 16 11 10 5 
13093250 13093430 2 0 0 38 57 0 36 56 37 29 -21 79 79 25 20 20 10 15 35 35 45 55 16 7 10 5 
13268250 13268299 2 0 0 55 75 0 53 74 54 46 -21 80 78 25 20 20 10 15 35 35 45 55 16 10 7 5 
13453750 13453765 2 0 0 57 104 0 57 102 56 48 -46 80 82 25 20 20 10 10 30 35 45 55 16 10 10 5 
13470750 13470856 2 0 0 33 44 0 32 44 32 24 -14 91 91 25 20 20 10 10 30 35 45 55 16 12 11 5 
13698750 13698753 2 0 0 43 45 8 43 44 42 34 -2 74 72 25 20 20 10 13 33 35 45 55 16 9 9 5 
14221250 14221373 2 0 0 42 42 10 42 43 42 34 -3 74 73 25 20 20 10 13 33 35 45 55 16 9 9 5 
14338250 14338517 2 0 0 33 36 0 31 34 31 23 -2 83 81 25 20 20 10 12 32 35 45 55 16 7 11 5 
14343750 14343888 2 0 0 -11 3 -13 -21 -9 -20 -28 -13 98 101 25 20 20 10 12 30 35 45 55 16 6 13 5 
14347250 14347304 2 13 0 42 46 12 39 46 40 32 -6 97 100 25 20 20 10 11 29 35 45 55 16 11 12 5 
14350250 14350429 2 0 0 64 69 0 69 72 68 60 -5 84 82 25 20 20 10 11 31 35 45 55 16 8 10 5 
14504250 14504359 2 0 0 82 98 2 82 98 80 72 -16 72 73 25 20 20 10 11 31 35 45 55 16 6 8 5 
14509750 14509837 2 13 0 38 48 -16 35 42 35 27 -8 90 92 25 20 20 10 12 32 35 45 55 16 8 11 5 
14514250 14514270 2 0 0 31 33 -16 32 33 32 24 0 87 84 25 20 20 10 12 32 35 45 55 16 12 10 5 
14539250 14539425 2 0 0 57 58 0 57 58 58 50 -1 75 76 25 20 20 10 12 32 35 45 55 16 6 10 5 
14640750 14640814 2 0 0 48 39 0 48 40 48 40 7 78 78 25 20 20 10 12 32 35 45 55 16 10 9 5 
14916250 14916296 2 0 0 47 46 0 45 44 46 38 0 72 71 25 20 20 10 12 32 35 45 55 16 9 9 5 
15188250 15188427 2 0 0 44 48 -3 45 49 47 39 -4 78 76 25 20 20 10 12 32 35 45 55 16 10 10 5 
15423750 15423808 2 0 0 44 45 0 42 44 43 35 -2 76 75 25 20 20 10 12 32 35 45 55 16 10 7 5 
15559750 15559782 2 0 0 48 64 0 49 64 48 40 -16 98 101 25 20 20 10 12 30 35 45 55 16 13 13 5 
15588750 15588905 2 0 0 48 77 0 48 76 49 41 -29 71 70 25 20 20 10 12 32 35 45 55 16 9 9 5 
15692750 15692831 2 0 0 51 64 0 51 63 52 44 -12 78 78 25 20 20 10 13 33 35 45 55 16 7 10 5 
15794750 15794790 2 0 0 60 63 0 59 62 59 51 -3 75 75 25 20 20 10 14 34 35 45 55 16 10 9 5 
15999250 15999336 2 0 0 62 64 0 61 63 63 55 0 78 82 25 20 20 10 15 35 35 45 55 16 10 10 5 
16061250 16061310 2 0 0 52 50 0 53 51 53 45 1 74 72 25 20 20 10 15 35 35 45 55 16 7 9 5 
16135250 16135430 2 0 0 48 55 0 49 56 49 41 -8 77 74 25 20 20 10 15 35 35 45 55 16 10 10 5 
16228750 16228934 2 0 0 56 54 0 58 55 56 48 1 78 78 25 20 20 10 15 35 35 45 55 16 7 7 5 
16329250 16329252 2 0 0 37 47 -2 35 46 36 28 -11 78 78 25 20 20 10 15 35 35 45 55 16 10 10 5 
16380750 16380777 2 0 0 38 57 0 39 57 40 32 -18 75 76 25 20 20 10 15 35 35 45 55 16 9 10 5 
16622750 16622891 2 0 0 49 61 0 48 60 47 39 -13 73 74 25 20 20 10 15 35 35 45 55 16 9 9 5 
16843750 16843851 2 0 0 58 85 0 58 85 59 51 -29 75 74 25 20 20 10 13 33 35 45 55 16 9 7 5 
17310250 17310302 2 0 0 65 111 0 63 111 65 57 -45 72 72 25 20 20 10 11 31 35 45 55 16 9 9 5 
17393250 17393437 2 0 0 68 118 0 67 119 68 60 -50 67 67 25 20 20 10 10 30 35 45 55 16 8 8 5 
17408250 17408299 2 0 0 28 46 0 25 44 26 18 -19 76 79 25 20 20 10 10 30 35 45 55 16 6 9 5 
17611750 17611899 2 0 0 33 46 0 32 45 33 25 -13 70 67 25 20 20 10 10 30 35 45 55 16 9 8 5 
17624750 17626163 2 0 0 54 95 0 55 94 54 46 -40 75 74 25 20 20 10 10 30 35 45 55 16 1 9 5 
17660250 17660321 2 0 0 73 105 0 72 103 73 65 -30 70 69 25 20 20 10 10 30 35 45 55 16 9 6 5 
17695250 17695327 2 0 0 68 100 0 66 100 63 55 -36 63 61 25 20 20 10 10 30 35 45 55 16 8 5 5 
17901750 17901939 2 0 0 75 110 0 74 110 74 66 -37 72 69 25 20 20 10 10 30 35 45 55 16 9 9 5 
17909750 17909892 2 0 0 26 44 0 21 40 21 13 -20 93 97 25 20 20 10 10 30 35 45 55 16 13 12 5 
18007250 18007422 2 0 0 46 54 0 50 58 51 43 -8 75 73 25 20 20 10 10 30 35 45 55 16 9 6 5 
18016250 18016312 2 0 0 84 101 0 85 101 86 78 -17 78 75 25 20 20 10 10 30 35 45 55 16 11 9 5 
18221250 18221438 2 0 0 94 125 0 94 124 95 87 -30 67 67 25 20 20 10 10 30 35 45 55 16 8 8 5 
18314750 18314943 2 0 0 107 130 0 107 130 108 100 -22 67 67 25 20 20 10 10 30 35 45 55 16 8 8 5 
18320250 18320388 2 13 0 52 78 -10 48 76 49 41 -26 79 80 25 20 20 10 10 30 35 45 55 16 9 11 5 
18324750 18324857 2 0 0 25 43 0 25 43 23 15 -19 82 79 25 20 20 10 10 30 35 45 55 16 11 10 5 
18526750 18526861 2 0 0 35 43 0 34 43 34 26 -9 73 75 25 20 20 10 12 32 35 45 55 16 5 9 5 
18630750 18630868 2 0 0 49 48 0 48 47 50 42 3 69 69 25 20 20 10 13 33 35 45 55 16 8 9 5 
18664250 18664394 2 0 0 7 30 0 5 29 7 -1 -25 89 90 25 20 20 10 13 33 35 45 55 16 12 10 5 
18681250 18681296 2 0 0 17 35 0 18 35 19 11 -19 76 72 25 20 20 10 13 33 35 45 55 16 10 7 5 
18693250 18693420 2 0 0 29 28 0 30 28 30 22 1 87 85 25 20 20 10 13 33 35 45 55 16 11 11 5 
18796250 18796266 2 0 0 33 25 0 34 26 35 27 9 76 73 25 20 20 10 14 34 35 45 55 16 10 9 5 
18844750 18844920 2 0 0 43 35 0 43 35 44 36 6 77 77 25 20 20 10 14 34 35 45 55 16 10 10 5 
18898250 18898388 2 0 0 45 34 0 45 33 45 37 11 78 80 25 20 20 10 14 34 35 45 55 16 10 7 5 
19491250 19491339 2 0 0 37 31 0 37 30 39 31 7 79 85 25 20 20 10 14 34 35 45 55 16 5 10 5 
20554750 20554766 2 0 0 23 22 0 21 21 22 14 0 86 86 25 20 21 10 14 34 35 45 55 16 8 11 5 
20948250 20948385 2 0 0 32 30 4 33 30 34 26 5 82 83 25 20 21 10 14 34 35 45 55 16 10 7 5 
21024750 21024887 2 -1 1 -20 -6 -53 -24 -12 -22 -30 -12 107 106 25 20 21 10 14 32 35 45 55 16 11 9 5 
21038250 21038283 2 2 1 -74 -53 -107 -65 -43 -64 -72 -23 107 106 25 20 21 10 14 32 35 45 55 16 14 13 5 
21050750 21050877 2 -3 1 -17 6 -50 -22 6 -20 -28 -27 90 90 25 20 21 10 14 34 35 45 55 16 9 9 5 
21313750 21313911 2 -1 1 -23 -1 -56 -34 -12 -34 -42 -21 98 100 25 20 21 10 14 32 35 45 55 16 6 10 5 
21321250 21321317 2 2 1 -73 -49 -106 -113 -78 -112 -120 -34 106 105 25 20 21 10 14 32 35 45 55 16 11 4 5 
21364750 21364839 2 -3 1 -14 -7 -46 -12 -7 -12 -20 -4 98 96 25 20 21 10 14 34 35 45 55 16 10 10 5 
