61250 61333 0 0 -1 0 -33 0 0 -34 0 -13 34 71 70 25 20 17 10 12 32 35 45 55 16 9 7 5 
272250 272283 0 0 0 27 -17 0 25 -21 23 10 44 79 78 25 20 17 10 13 33 35 45 55 16 10 8 5 
516250 516464 0 0 0 -15 -49 0 -22 -56 -23 -36 34 88 90 25 20 17 10 15 35 35 45 55 16 5 8 5 
527250 527393 0 0 0 -47 -74 0 -51 -74 -51 -64 24 80 77 25 20 17 10 15 35 35 45 55 16 9 9 5 
558250 558406 0 0 0 -41 -63 0 -44 -65 -46 -59 20 81 82 25 20 17 10 15 35 35 45 55 16 9 10 5 
575250 575298 0 0 0 -12 -39 0 -15 -40 -15 -28 26 74 75 25 20 17 10 15 35 35 45 55 16 6 4 5 
744750 744879 0 0 0 9 -40 0 3 -45 2 -11 48 89 93 25 20 17 10 15 35 35 45 55 16 12 11 5 
1252750 1252840 0 0 0 45 4 0 42 2 42 29 41 73 79 25 20 17 10 14 34 35 45 55 16 9 8 5 
1605250 1605943 0 0 0 10 -15 0 9 -16 7 -6 25 66 70 25 20 17 10 11 31 35 45 55 16 6 8 5 
2082750 2082793 0 0 0 20 -5 6 19 -6 19 6 27 64 62 25 20 17 10 11 31 35 45 55 16 8 5 5 
2558750 2558786 0 0 0 -4 -45 20 -9 -49 -8 -21 41 70 73 25 20 17 10 14 34 35 45 55 16 9 9 5 
3038750 3038917 0 0 0 13 -29 0 12 -30 12 -1 43 74 74 25 20 17 10 14 34 35 45 55 16 9 8 5 
3431750 3431987 0 0 0 -1 -27 0 4 -24 3 -10 27 101 103 25 20 17 10 10 28 35 45 55 16 4 7 5 
3906750 3906909 0 0 0 2 -27 0 4 -28 4 -9 31 69 68 25 20 17 10 10 30 35 45 55 16 8 9 5 
4019250 4019463 0 0 0 42 -2 0 38 -5 38 25 44 69 70 25 20 17 10 10 30 35 45 55 16 6 8 5 
4305250 4305280 0 0 0 31 -4 0 28 -7 29 16 36 72 71 25 20 17 10 11 31 35 45 55 16 9 7 5 
4780750 4780908 0 0 0 20 -7 5 20 -5 18 5 23 67 69 25 20 17 10 11 31 35 45 55 16 0 6 5 
5243750 5243828 0 0 0 32 -8 0 31 -11 30 17 42 64 64 25 20 17 10 10 30 35 45 55 16 8 8 5 
5728750 5728751 0 0 0 16 -9 0 15 -10 14 1 24 67 68 25 20 17 10 12 32 35 45 55 16 2 8 5 
5840250 5840408 0 0 0 25 -3 0 25 -5 24 11 30 63 64 25 20 17 10 12 32 35 45 55 16 8 8 5 
6189750 6190483 0 0 0 5 -38 0 8 -37 8 -5 45 78 75 25 20 17 10 13 33 35 45 55 16 6 7 5 
6423250 6423889 0 0 0 5 -41 5 -7 -50 -9 -22 43 73 78 25 20 17 10 13 33 35 45 55 16 6 5 5 
6586250 6586325 0 0 0 38 -7 0 35 -10 34 21 46 70 68 25 20 17 10 13 33 35 45 55 16 8 9 5 
6730750 6730961 0 0 0 42 -10 0 40 -14 39 26 56 77 78 25 20 17 10 13 33 35 45 55 16 7 10 5 
6839250 6839573 0 0 0 -6 -41 0 -8 -42 -11 -24 33 80 80 25 20 17 10 13 33 35 45 55 16 7 7 5 
7088750 7088764 0 0 0 38 -6 0 34 -9 32 19 42 77 79 25 20 17 10 13 33 35 45 55 16 10 10 5 
7474250 7474273 0 0 0 22 -22 0 22 -23 21 8 44 78 78 25 20 17 10 12 32 35 45 55 16 10 10 5 
7968250 7968508 0 0 0 32 -14 0 33 -15 32 19 48 74 76 25 20 17 10 11 31 35 45 55 16 9 9 5 
8114250 8114275 0 0 0 46 -1 -17 43 -2 42 29 45 72 72 25 20 17 10 13 33 35 45 55 16 6 9 5 
8282250 8282419 0 0 0 -1 -33 14 -5 -37 -6 -19 31 72 72 25 20 17 10 10 30 35 45 55 16 8 7 5 
8451250 8451921 0 0 0 -2 -28 0 -2 -29 -2 -15 27 72 68 25 20 17 10 10 30 35 45 55 16 6 6 5 
8537250 8537421 0 0 0 -8 -36 0 -6 -34 -8 -21 27 75 67 25 20 17 10 10 30 35 45 55 16 8 8 5 
8665250 8665311 0 0 0 -11 -34 0 -11 -35 -14 -27 23 68 66 25 20 17 10 10 30 35 45 55 16 8 8 5 
8886250 8886378 0 0 0 7 -16 0 5 -17 4 -9 23 68 67 25 20 17 10 11 31 35 45 55 16 5 8 5 
9231250 9232962 0 0 0 12 -14 0 13 -14 13 0 27 69 68 25 20 17 10 12 32 35 45 55 16 1 8 5 
9693250 9693988 0 0 0 19 -11 0 19 -13 17 4 32 69 75 25 20 17 10 12 32 35 45 55 16 6 9 5 
10193750 10193858 0 0 0 7 -20 3 10 -18 8 -5 27 65 63 25 20 17 10 12 32 35 45 55 16 6 8 5 
10289250 10289295 0 0 0 4 -16 4 3 -18 3 -10 21 62 64 25 20 17 10 12 32 35 45 55 16 5 8 5 
10735750 10735761 0 0 0 17 -8 0 16 -10 15 2 27 66 66 25 20 17 10 12 32 35 45 55 16 7 8 5 
11181750 11181903 0 0 0 -12 -28 0 -14 -32 -15 -28 17 79 78 25 20 17 10 12 32 35 45 55 16 10 9 5 
11256250 11256410 0 -1 1 -55 -63 -52 -55 -62 -55 -68 8 78 76 25 20 17 10 12 32 35 45 55 16 7 10 5 
11285750 11285830 0 2 1 -116 -115 -117 -119 -119 -120 -133 -1 87 84 25 20 17 10 12 32 35 45 55 16 11 11 5 
11317750 11317782 0 -3 1 -44 -49 -48 -45 -49 -46 -59 3 87 87 25 20 17 10 12 32 35 45 55 16 5 11 5 
11532750 11532900 0 0 0 32 2 13 30 -1 31 18 31 71 70 25 20 17 10 12 32 35 45 55 16 9 9 5 
12064250 12064297 0 0 0 53 19 0 55 19 55 42 37 71 70 25 20 17 10 12 32 35 45 55 16 9 9 5 
12511250 12511400 0 0 0 34 6 0 30 2 28 15 29 70 71 25 20 17 10 12 32 35 45 55 16 9 6 5 
12541250 12541330 0 0 0 47 9 0 44 5 43 30 39 77 75 25 20 17 10 12 32 35 45 55 16 10 9 5 
12582750 12582857 0 0 0 47 22 0 50 23 48 35 27 76 76 25 20 17 10 12 32 35 45 55 16 6 10 5 
12633250 12633269 0 0 0 64 34 0 68 34 68 55 34 76 79 25 20 17 10 12 32 35 45 55 16 3 10 5 
12663250 12663327 0 0 0 35 7 0 34 5 33 20 29 76 74 25 20 17 10 12 32 35 45 55 16 7 6 5 
12963250 12963375 0 0 0 47 7 0 46 5 47 34 42 71 71 25 20 17 10 12 32 35 45 55 16 9 9 5 
12993250 12993423 0 0 0 38 11 0 37 9 36 23 28 78 75 25 20 17 10 13 33 35 45 55 16 10 10 5 
13044750 13044882 0 0 0 68 30 0 67 28 66 53 39 77 76 25 20 17 10 13 33 35 45 55 16 10 9 5 
13446250 13446612 0 0 0 75 40 0 73 38 73 60 35 75 76 25 20 17 10 13 33 35 45 55 16 6 9 5 
13472250 13472414 0 0 0 38 11 0 35 8 35 22 27 79 74 25 20 17 10 12 32 35 45 55 16 11 9 5 
13496250 13496430 0 0 0 50 18 0 48 16 49 36 31 77 78 25 20 17 10 12 32 35 45 55 16 10 10 5 
13728250 13728450 0 0 0 43 11 0 40 9 40 27 32 71 68 25 20 17 10 13 33 35 45 55 16 9 9 5 
13750750 13750931 0 0 0 51 26 2 49 24 47 34 25 75 74 25 20 17 10 13 33 35 45 55 16 9 9 5 
13926250 13926397 0 0 0 59 30 0 57 28 56 43 28 70 70 25 20 17 10 12 32 35 45 55 16 9 9 5 
14291750 14291918 0 0 0 52 29 0 52 29 52 39 22 71 69 25 20 17 10 12 32 35 45 55 16 9 9 5 
14313250 14313304 0 0 0 63 26 0 61 24 60 47 38 72 70 25 20 17 10 12 32 35 45 55 16 9 9 5 
14660250 14660450 0 0 0 47 14 26 45 12 44 31 33 69 62 25 20 17 10 12 32 35 45 55 16 9 9 5 
15022750 15022772 0 0 0 42 15 0 39 13 38 25 26 60 59 25 20 17 10 12 32 35 45 55 16 7 7 5 
15047250 15047343 0 0 0 44 17 0 40 13 38 25 26 62 62 25 20 17 10 12 32 35 45 55 16 8 5 5 
15118750 15118750 0 0 0 38 13 0 35 11 35 22 24 63 63 25 20 17 10 12 32 35 45 55 16 8 7 5 
15663250 15663416 0 0 0 30 6 0 29 4 28 15 26 61 61 25 20 17 10 12 32 35 45 55 16 6 8 5 
16065250 16065321 0 0 0 19 -4 0 14 -9 13 0 24 66 62 25 20 17 10 11 31 35 45 55 16 8 5 5 
16218750 16218856 0 0 0 45 19 0 47 19 45 32 28 65 63 25 20 17 10 12 32 35 45 55 16 6 8 5 
16349750 16349832 0 0 0 11 -9 0 11 -9 10 -3 18 64 66 25 20 17 10 12 32 35 45 55 16 5 8 5 
16376250 16376291 0 0 0 33 15 0 31 13 32 19 20 67 67 25 20 17 10 12 32 35 45 55 16 8 9 5 
16413750 16413752 0 0 0 35 15 0 34 13 34 21 21 68 69 25 20 17 10 12 32 35 45 55 16 5 9 5 
16493750 16493849 0 0 0 33 15 0 30 13 29 16 17 67 67 25 20 17 10 12 32 35 45 55 16 9 8 5 
16882750 16882793 0 0 0 49 14 0 48 13 45 32 35 74 77 25 20 17 10 12 32 35 45 55 16 9 9 5 
17113250 17113277 0 0 0 45 8 0 43 7 42 29 37 70 68 25 20 17 10 12 32 35 45 55 16 9 9 5 
17174250 17174401 0 0 0 28 1 0 30 1 29 16 30 64 62 25 20 17 10 12 32 35 45 55 16 8 8 5 
17459250 17459258 0 0 0 65 24 0 64 24 64 51 41 74 72 25 20 17 10 12 32 35 45 55 16 9 9 5 
17472250 17472380 0 13 0 24 -15 9 9 -27 10 -3 37 83 91 25 20 17 10 12 32 35 45 55 16 2 8 5 
17476250 17476257 0 0 0 0 -27 0 3 -23 3 -10 26 82 80 25 20 17 10 12 32 35 45 55 16 7 10 5 
17489250 17490107 0 0 0 25 -8 0 27 -11 25 12 36 74 75 25 20 17 10 12 32 35 45 55 16 2 7 5 
17509250 17509274 0 0 0 -6 -32 0 -4 -30 -4 -17 25 79 78 25 20 17 10 12 32 35 45 55 16 8 6 5 
17525250 17525465 0 0 0 -21 -32 0 -23 -32 -23 -36 11 89 90 25 20 17 10 12 32 35 45 55 16 6 7 5 
17538750 17538803 0 0 0 26 -1 0 24 -3 23 10 27 75 80 25 20 17 10 12 32 35 45 55 16 6 7 5 
17749250 17749376 0 0 0 30 5 0 30 5 30 17 26 64 64 25 20 17 10 12 32 35 45 55 16 8 8 5 
17852250 17852576 0 0 0 19 -2 0 15 -5 16 3 23 64 66 25 20 17 10 12 32 35 45 55 16 4 8 5 
17867250 17867574 0 0 0 -2 -18 0 -6 -21 -7 -20 15 82 83 25 20 17 10 12 32 35 45 55 16 7 9 5 
17922750 17922969 0 0 0 31 7 29 30 6 28 15 23 62 63 25 20 17 10 12 32 35 45 55 16 4 8 5 
17965750 17965981 0 -1 1 -20 -18 -50 -24 -20 -24 -37 -3 85 88 25 20 17 10 12 32 35 45 55 16 8 10 5 
17982250 17982330 0 2 1 -119 -120 -149 -127 -128 -129 -142 1 118 118 25 20 17 10 12 28 35 45 55 16 15 16 5 
17988250 17990156 0 -3 1 -8 -87 -38 30 -70 28 15 99 107 99 25 20 17 10 12 32 35 45 55 16 0 11 5 
17998750 17998805 0 -1 1 -24 -83 -53 -16 -82 -16 -29 66 99 99 25 20 17 10 12 32 35 45 55 16 9 7 5 
18015250 18015514 0 2 1 -177 -166 -206 -188 -176 -189 -202 -12 126 126 25 20 17 10 12 27 35 45 55 16 8 14 5 
18106750 18106791 0 -3 1 -23 -20 -50 -25 -22 -26 -39 -3 66 68 25 20 17 10 12 32 35 45 55 16 8 9 5 
18210750 18210823 0 0 0 25 0 0 24 -2 24 11 26 65 65 25 20 17 10 12 32 35 45 55 16 8 8 5 
18220750 18220921 0 0 0 23 1 0 21 -1 19 6 21 66 63 25 20 17 10 12 32 35 45 55 16 8 5 5 
18291250 18291604 0 0 0 38 7 0 37 7 37 24 31 71 69 25 20 17 10 12 32 35 45 55 16 6 9 5 
18303750 18303765 0 0 0 17 -11 0 15 -13 14 1 28 71 70 25 20 17 10 12 32 35 45 55 16 9 9 5 
18438250 18438464 0 0 0 23 -11 0 24 -11 24 11 35 65 63 25 20 17 10 12 32 35 45 55 16 8 8 5 
18676250 18676430 0 0 0 24 -6 0 24 -7 22 9 29 69 72 25 20 17 10 12 32 35 45 55 16 8 9 5 
18861250 18861494 0 0 0 28 0 0 25 -3 25 12 28 64 63 25 20 17 10 12 32 35 45 55 16 8 8 5 
18914250 18914315 0 0 0 -36 -70 0 -39 -73 -40 -53 34 84 84 25 20 17 10 12 32 35 45 55 16 10 8 5 
19069250 19069280 0 0 0 1 -38 0 2 -39 0 -13 40 83 83 25 20 17 10 12 32 35 45 55 16 5 9 5 
19109250 19109270 0 0 0 1 -43 0 -1 -44 -1 -14 43 76 75 25 20 17 10 12 32 35 45 55 16 10 10 5 
19267750 19267850 0 0 0 1 -36 0 -6 -41 -6 -19 36 73 75 25 20 17 10 12 32 35 45 55 16 7 9 5 
19643750 19643925 0 0 0 53 3 0 51 2 50 37 49 82 82 25 20 17 10 12 32 35 45 55 16 11 7 5 
19758750 19758876 0 -1 1 -3 -33 -51 -7 -35 -9 -22 30 89 87 25 20 17 10 12 32 35 45 55 16 10 6 5 
19813750 19813754 0 2 1 -51 -73 -96 -63 -82 -64 -77 18 100 101 25 20 17 10 12 30 35 45 55 16 9 10 5 
19945750 19945831 0 -3 1 -9 -45 -48 -8 -46 -8 -21 37 80 81 25 20 17 10 12 32 35 45 55 16 10 7 5 
20079250 20079297 0 -1 1 -20 -42 -53 -27 -47 -28 -41 20 80 76 25 20 17 10 12 32 35 45 55 16 7 10 5 
20087750 20088090 0 2 1 -61 -79 -93 -65 -82 -64 -77 18 98 99 25 20 17 10 12 32 35 45 55 16 9 12 5 
20102250 20102336 0 -3 1 -15 -64 -47 -18 -66 -19 -32 48 93 94 25 20 17 10 12 32 35 45 55 16 12 9 5 
20128250 20128687 0 -1 1 -21 -42 -52 -25 -43 -27 -40 18 102 103 25 20 17 10 12 30 35 45 55 16 10 9 5 
20158250 20158275 0 2 1 -72 -87 -101 -85 -93 -87 -100 8 108 109 25 20 17 10 12 30 35 45 55 16 10 9 5 
20176250 20176327 0 -3 1 -18 -50 -47 -13 -50 -13 -26 36 93 92 25 20 17 10 12 32 35 45 55 16 10 6 5 
20392750 20392761 0 0 0 18 -36 12 20 -40 19 6 58 83 84 25 20 17 10 12 32 35 45 55 16 5 11 5 
20905750 20905908 0 0 0 24 -9 0 24 -10 25 12 34 76 82 25 20 17 10 12 32 35 45 55 16 9 10 5 
21036250 21036425 0 0 0 23 -6 -22 18 -9 17 4 26 72 71 25 20 17 10 12 32 35 45 55 16 9 6 5 
21051250 21051454 0 0 0 47 10 0 44 8 43 30 38 69 66 25 20 17 10 12 32 35 45 55 16 9 8 5 
21120750 21120811 0 -1 1 -8 -35 -53 -9 -35 -11 -24 26 104 104 25 20 17 10 12 30 35 45 55 16 9 14 5 
21183250 21183418 0 2 1 -79 -89 -122 -85 -94 -85 -98 9 71 72 25 20 17 10 12 32 35 45 55 16 9 9 5 
21212250 21212787 0 -3 1 -6 -45 -49 -6 -49 -8 -21 42 78 78 25 20 17 10 12 32 35 45 55 16 4 4 5 
21347250 21347356 0 0 0 39 -16 0 37 -18 37 24 55 81 81 25 20 17 10 12 32 35 45 55 16 10 10 5 
61250 61333 1 0 -1 0 -26 0 0 -27 0 18 26 71 70 25 20 17 10 12 32 35 45 55 16 9 7 5 
336250 336321 1 0 0 7 -20 0 7 -20 8 26 27 80 83 25 20 17 10 13 33 35 45 55 16 10 7 5 
717750 717841 1 0 0 8 -20 0 9 -19 8 26 27 90 90 25 20 17 10 15 35 35 45 55 16 7 12 5 
1250250 1250450 1 0 0 16 -13 0 15 -13 13 31 27 72 74 25 20 17 10 14 34 35 45 55 16 9 10 5 
1644750 1644794 1 0 0 -4 -14 0 -6 -16 -5 13 9 62 65 25 20 17 10 11 31 35 45 55 16 8 8 5 
2136250 2136414 1 0 0 2 -16 0 0 -18 -1 17 18 69 73 25 20 17 10 11 31 35 45 55 16 9 9 5 
2551250 2551252 1 0 0 9 -28 0 9 -33 9 27 43 70 70 25 20 17 10 14 34 35 45 55 16 9 6 5 
3032250 3032304 1 0 0 -8 -28 0 -8 -27 -7 11 20 74 71 25 20 17 10 14 34 35 45 55 16 10 6 5 
3424250 3424322 1 0 0 -5 -26 8 -1 -23 -2 16 22 87 86 25 20 17 10 10 30 35 45 55 16 11 10 5 
3912750 3912959 1 0 0 -8 -19 0 -10 -22 -10 8 12 73 75 25 20 17 10 10 30 35 45 55 16 6 9 5 
4025250 4025428 1 0 0 -8 -23 0 -10 -27 -10 8 17 70 69 25 20 17 10 10 30 35 45 55 16 9 9 5 
4306250 4306357 1 0 0 -5 -18 -18 -5 -18 -4 14 15 72 71 25 20 17 10 11 31 35 45 55 16 9 3 5 
4783750 4783972 1 0 0 3 -3 0 3 -3 3 21 7 67 66 25 20 17 10 11 31 35 45 55 16 4 8 5 
5267250 5267447 1 0 0 10 -8 0 8 -10 7 25 19 65 66 25 20 17 10 10 30 35 45 55 16 8 8 5 
5732250 5734050 1 0 0 -2 -7 0 -1 -7 0 18 7 67 71 25 20 17 10 12 32 35 45 55 16 0 8 5 
5840250 5840408 1 0 0 11 -6 0 10 -7 9 27 16 63 64 25 20 17 10 12 32 35 45 55 16 8 8 5 
6192750 6192838 1 0 0 -1 -25 21 -1 -26 0 18 27 77 80 25 20 17 10 13 33 35 45 55 16 8 10 5 
6417750 6418045 1 0 0 -12 -28 0 -15 -33 -14 4 17 72 73 25 20 17 10 13 33 35 45 55 16 6 9 5 
6630250 6630408 1 0 0 -15 -30 0 -19 -31 -18 0 13 73 76 25 20 17 10 13 33 35 45 55 16 5 9 5 
6713750 6713923 1 0 0 -10 -24 0 -8 -20 -8 10 12 75 77 25 20 17 10 13 33 35 45 55 16 6 7 5 
6843250 6843282 1 0 0 -17 -36 0 -17 -35 -19 -1 16 81 82 25 20 17 10 13 33 35 45 55 16 6 7 5 
7092750 7092812 1 0 0 -28 -43 0 -24 -40 -23 -5 17 76 75 25 20 17 10 13 33 35 45 55 16 6 7 5 
7506250 7506268 1 0 0 -22 -22 0 -24 -23 -25 -7 -2 71 71 25 20 17 10 11 31 35 45 55 16 8 9 5 
7962750 7963014 1 0 0 -16 -26 0 -20 -30 -20 -2 10 70 72 25 20 17 10 11 31 35 45 55 16 6 7 5 
8112750 8112827 1 0 0 -21 -29 -12 -23 -32 -23 -5 10 73 72 25 20 17 10 13 33 35 45 55 16 6 6 5 
8284750 8284955 1 0 0 -23 -23 1 -24 -24 -24 -6 1 73 75 25 20 17 10 10 30 35 45 55 16 5 7 5 
8447250 8447310 1 0 0 -18 -18 0 -19 -20 -19 -1 1 70 68 25 20 17 10 10 30 35 45 55 16 9 5 5 
8541750 8541879 1 0 0 -15 -21 0 -18 -24 -18 0 7 90 94 25 20 17 10 10 30 35 45 55 16 4 8 5 
8661750 8661947 1 0 0 -10 -8 -6 -11 -9 -12 6 -2 67 68 25 20 17 10 10 30 35 45 55 16 8 8 5 
8943250 8943416 1 0 0 -14 -21 0 -16 -22 -18 0 5 68 70 25 20 17 10 11 31 35 45 55 16 5 8 5 
9339750 9339806 1 0 0 -20 -33 0 -20 -34 -21 -3 14 67 66 25 20 17 10 12 32 35 45 55 16 8 2 5 
9784250 9784463 1 0 0 -14 -25 0 -13 -25 -14 4 12 71 74 25 20 17 10 12 32 35 45 55 16 8 9 5 
10196750 10196918 1 0 0 -12 -19 0 -14 -21 -14 4 7 65 65 25 20 17 10 12 32 35 45 55 16 8 5 5 
10284750 10284863 1 0 0 -8 -14 3 -9 -15 -8 10 6 64 60 25 20 17 10 12 32 35 45 55 16 5 6 5 
10716250 10716383 1 0 0 -17 -25 0 -17 -25 -17 1 9 68 69 25 20 17 10 12 32 35 45 55 16 6 6 5 
11187750 11187854 1 0 0 -5 -24 0 -5 -24 -5 13 20 90 91 25 20 17 10 12 32 35 45 55 16 11 6 5 
11521250 11521281 1 0 0 3 -2 4 0 -5 -1 17 5 72 70 25 20 17 10 12 32 35 45 55 16 9 9 5 
12060250 12060333 1 0 0 11 9 0 10 7 10 28 5 73 74 25 20 17 10 12 32 35 45 55 16 6 9 5 
12509250 12509280 1 0 0 -12 -9 -8 -15 -11 -13 5 -2 71 69 25 20 17 10 12 32 35 45 55 16 9 9 5 
12541250 12541330 1 0 0 27 41 0 28 41 28 46 -11 77 75 25 20 17 10 12 32 35 45 55 16 10 9 5 
12572250 12572451 1 0 0 38 53 0 37 50 37 55 -12 74 74 25 20 17 10 12 32 35 45 55 16 9 9 5 
12629250 12629430 1 0 0 42 62 0 40 60 40 58 -20 73 73 25 20 17 10 12 32 35 45 55 16 9 7 5 
12661250 12661331 1 0 0 17 15 0 16 14 16 34 3 76 78 25 20 17 10 12 32 35 45 55 16 10 7 5 
12968750 12968796 1 0 0 8 9 -12 8 8 6 24 -3 70 68 25 20 17 10 12 32 35 45 55 16 6 9 5 
12983750 12983785 1 13 0 28 25 -16 31 26 31 49 5 91 93 25 20 17 10 13 33 35 45 55 16 5 8 5 
12992250 12992421 1 0 0 65 60 0 68 63 66 84 6 78 78 25 20 17 10 13 33 35 45 55 16 10 10 5 
13049250 13049895 1 0 0 64 58 0 64 57 64 82 7 76 75 25 20 17 10 13 33 35 45 55 16 6 10 5 
13462750 13462811 1 0 0 71 70 0 71 70 71 89 1 80 79 25 20 17 10 13 33 35 45 55 16 11 10 5 
13467250 13467435 1 13 0 52 58 10 49 54 48 66 -4 89 91 25 20 17 10 12 32 35 45 55 16 9 11 5 
13471250 13471287 1 0 0 15 27 0 14 26 14 32 -13 84 83 25 20 17 10 12 32 35 45 55 16 12 10 5 
13500750 13500770 1 0 0 4 5 0 2 4 2 20 -2 72 68 25 20 17 10 12 32 35 45 55 16 9 9 5 
13741750 13741832 1 0 0 9 1 -6 10 2 10 28 9 75 69 25 20 17 10 13 33 35 45 55 16 9 10 5 
13745750 13745756 1 13 0 42 39 12 41 40 41 59 2 91 96 25 20 17 10 13 33 35 45 55 16 6 12 5 
13751250 13751336 1 0 0 59 57 0 57 55 57 75 3 75 74 25 20 17 10 13 33 35 45 55 16 9 9 5 
13926250 13926397 1 0 0 77 67 0 76 66 75 93 9 70 70 25 20 17 10 12 32 35 45 55 16 9 9 5 
14294250 14294455 1 0 0 80 81 12 80 81 80 98 -1 71 71 25 20 17 10 12 32 35 45 55 16 9 9 5 
14313250 14313304 1 0 0 44 40 0 44 40 44 62 5 72 70 25 20 17 10 12 32 35 45 55 16 9 9 5 
14653750 14653859 1 0 0 -6 -14 -28 -8 -16 -9 9 9 71 71 25 20 17 10 12 32 35 45 55 16 8 9 5 
14888750 14889234 1 0 0 4 -6 0 2 -8 2 20 11 67 65 25 20 17 10 12 32 35 45 55 16 5 8 5 
14901250 14901366 1 0 0 35 29 0 36 30 35 53 5 64 63 25 20 17 10 12 32 35 45 55 16 8 8 5 
15023750 15023784 1 0 0 53 43 0 54 43 53 71 10 60 60 25 20 17 10 12 32 35 45 55 16 7 8 5 
15038750 15038940 1 0 0 15 8 0 13 6 14 32 9 64 67 25 20 17 10 12 32 35 45 55 16 8 7 5 
15140250 15140327 1 0 0 0 -3 0 -2 -5 -2 16 3 65 63 25 20 17 10 12 32 35 45 55 16 8 7 5 
15665250 15665378 1 0 0 -1 -3 0 -3 -5 -2 16 4 64 64 25 20 17 10 12 32 35 45 55 16 8 8 5 
16096750 16096811 1 0 0 6 15 0 7 16 9 27 -7 66 67 25 20 17 10 11 31 35 45 55 16 8 8 5 
16108250 16108278 1 13 0 21 51 -6 23 58 23 41 -35 90 97 25 20 17 10 11 31 35 45 55 16 6 12 5 
16124250 16124259 1 0 0 56 77 0 56 76 58 76 -18 65 67 25 20 17 10 11 31 35 45 55 16 8 8 5 
16218250 16218383 1 0 0 75 83 -1 73 80 72 90 -7 65 63 25 20 17 10 12 32 35 45 55 16 5 8 5 
16231750 16231801 1 0 0 25 24 0 23 23 24 42 1 83 84 25 20 17 10 12 32 35 45 55 16 10 11 5 
16340750 16340839 1 0 0 7 24 0 6 23 6 24 -16 68 71 25 20 17 10 12 32 35 45 55 16 8 9 5 
16374250 16374281 1 0 0 -2 42 0 -4 40 -5 13 -45 66 66 25 20 17 10 12 32 35 45 55 16 8 8 5 
16413750 16413752 1 0 0 45 74 0 44 73 42 60 -29 68 69 25 20 17 10 12 32 35 45 55 16 5 9 5 
16518750 16518813 1 0 0 46 82 0 43 81 44 62 -38 67 69 25 20 17 10 12 32 35 45 55 16 9 9 5 
16911750 16911807 1 0 0 -1 -4 0 -5 -8 -6 12 4 79 83 25 20 17 10 12 32 35 45 55 16 8 10 5 
16992750 16992886 1 0 0 16 18 0 14 15 14 32 -1 74 77 25 20 17 10 12 32 35 45 55 16 9 10 5 
17009250 17009378 1 0 0 -7 46 0 -8 44 -9 9 -53 76 77 25 20 17 10 12 32 35 45 55 16 10 7 5 
17069750 17069848 1 0 0 15 63 0 15 62 16 34 -45 70 69 25 20 17 10 12 32 35 45 55 16 6 6 5 
17107750 17107905 1 0 0 29 18 0 29 19 30 48 10 71 68 25 20 17 10 12 32 35 45 55 16 9 8 5 
17130750 17130803 1 0 0 15 25 0 14 25 15 33 -11 70 74 25 20 17 10 12 32 35 45 55 16 9 9 5 
17188750 17188778 1 0 0 13 16 0 12 16 12 30 -4 69 68 25 20 17 10 12 32 35 45 55 16 9 9 5 
17457750 17457829 1 0 0 15 8 0 13 7 14 32 6 74 74 25 20 17 10 12 32 35 45 55 16 6 9 5 
17478250 17478278 1 0 0 -7 -21 -11 -6 -22 -6 12 16 85 83 25 20 17 10 12 32 35 45 55 16 10 11 5 
17491250 17491857 1 0 0 21 3 0 23 6 23 41 17 76 79 25 20 17 10 12 32 35 45 55 16 6 9 5 
17510250 17511001 1 0 0 5 -15 0 1 -17 1 19 16 79 78 25 20 17 10 12 32 35 45 55 16 6 8 5 
17526250 17526286 1 0 0 -6 -12 0 -7 -10 -8 10 2 90 91 25 20 17 10 12 32 35 45 55 16 5 6 5 
17538250 17538428 1 0 0 13 12 0 14 12 13 31 1 75 81 25 20 17 10 12 32 35 45 55 16 4 7 5 
17751250 17751438 1 0 0 22 23 0 21 20 22 40 2 66 65 25 20 17 10 12 32 35 45 55 16 8 8 5 
17842750 17843186 1 0 0 46 46 0 45 45 45 63 0 59 60 25 20 17 10 12 32 35 45 55 16 4 7 5 
17851250 17851269 1 0 0 44 46 0 44 47 44 62 -1 64 73 25 20 17 10 12 32 35 45 55 16 5 5 5 
17857750 17857937 1 13 0 6 -4 1 -4 -16 -3 15 13 79 83 25 20 17 10 12 32 35 45 55 16 4 8 5 
17864250 17864428 1 0 0 -34 -32 0 -29 -30 -28 -10 1 82 82 25 20 17 10 12 32 35 45 55 16 8 5 5 
17921250 17921782 1 0 0 -4 -14 18 -5 -16 -6 12 9 64 66 25 20 17 10 12 32 35 45 55 16 3 7 5 
17965250 17965302 1 -1 1 -47 -44 -51 -46 -43 -46 -28 -3 85 89 25 20 17 10 12 32 35 45 55 16 5 10 5 
17984250 17984288 1 2 1 -201 -171 -209 -206 -180 -205 -187 -25 121 126 25 20 17 10 12 27 35 45 55 16 16 8 5 
17989750 17990156 1 -3 1 -28 -75 -37 5 -61 5 23 66 103 99 25 20 17 10 12 32 35 45 55 16 0 11 5 
17998250 17998653 1 -1 1 -44 -72 -55 -44 -73 -42 -24 30 99 99 25 20 17 10 12 32 35 45 55 16 10 7 5 
18016750 18016791 1 2 1 -263 -232 -277 -263 -233 -263 -245 -30 127 128 25 20 17 10 12 27 35 45 55 16 9 13 5 
18109250 18109250 1 -3 1 -18 24 -49 -19 22 -20 -2 -42 65 66 25 20 17 10 12 32 35 45 55 16 8 8 5 
18211750 18211973 1 0 0 51 60 0 51 61 51 69 -9 65 65 25 20 17 10 12 32 35 45 55 16 8 8 5 
18231750 18231880 1 0 0 65 70 0 65 70 64 82 -6 65 65 25 20 17 10 12 32 35 45 55 16 8 8 5 
18292250 18292449 1 0 0 71 73 0 70 74 70 88 -4 73 72 25 20 17 10 12 32 35 45 55 16 6 10 5 
18296250 18296487 1 13 0 44 36 -7 39 30 40 58 10 88 92 25 20 17 10 12 32 35 45 55 16 9 12 5 
18302250 18302301 1 0 0 21 18 0 21 19 22 40 4 73 71 25 20 17 10 12 32 35 45 55 16 9 9 5 
18433250 18433461 1 0 0 18 11 0 17 10 16 34 6 66 67 25 20 17 10 12 32 35 45 55 16 8 8 5 
18556250 18556335 1 0 0 26 12 0 26 13 26 44 14 67 66 25 20 17 10 12 32 35 45 55 16 7 8 5 
18663250 18663272 1 0 0 -3 -4 11 -5 -5 -5 13 0 64 63 25 20 17 10 12 32 35 45 55 16 8 8 5 
18856250 18856284 1 0 0 -13 -17 0 -13 -18 -14 4 4 65 65 25 20 17 10 12 32 35 45 55 16 8 8 5 
18912750 18912854 1 0 0 10 -19 0 7 -21 7 25 27 81 82 25 20 17 10 12 32 35 45 55 16 9 10 5 
19072750 19072935 1 0 0 -4 -22 0 -4 -22 -6 12 17 80 79 25 20 17 10 12 32 35 45 55 16 10 10 5 
19101750 19101865 1 0 0 -5 -27 0 -7 -30 -8 10 24 76 73 25 20 17 10 12 32 35 45 55 16 10 10 5 
19272750 19272755 1 0 0 -13 -26 0 -14 -28 -14 4 14 73 72 25 20 17 10 12 32 35 45 55 16 9 9 5 
19610250 19610368 1 0 0 -13 -19 0 -15 -19 -14 4 5 73 73 25 20 17 10 12 32 35 45 55 16 9 9 5 
20392750 20392761 1 0 0 -6 -28 -20 -12 -37 -11 7 26 83 84 25 20 17 10 12 32 35 45 55 16 5 11 5 
20910250 20910310 1 0 0 3 -21 -2 1 -22 -1 17 22 74 74 25 20 17 10 12 32 35 45 55 16 9 10 5 
21032250 21032288 1 0 0 7 -20 14 6 -21 7 25 30 72 70 25 20 17 10 12 32 35 45 55 16 9 9 5 
21050250 21050352 1 0 0 3 -18 0 0 -21 0 18 21 70 71 25 20 17 10 12 32 35 45 55 16 9 8 5 
21339750 21339890 1 0 0 6 -11 0 3 -17 1 19 19 88 86 25 20 17 10 12 32 35 45 55 16 7 11 5 
61250 61333 2 0 -1 0 -3 0 0 -4 0 13 2 71 70 25 20 17 10 12 32 35 45 55 16 9 7 5 
371750 371879 2 0 0 -6 -5 0 -8 -7 -6 7 -2 69 68 25 20 17 10 13 33 35 45 55 16 9 9 5 
709250 709826 2 0 0 2 5 0 11 8 13 26 2 83 81 25 20 17 10 15 35 35 45 55 16 5 7 5 
1020250 1020379 2 0 0 21 10 0 21 10 23 36 12 70 68 25 20 17 10 15 35 35 45 55 16 9 9 5 
1264250 1264464 2 0 0 25 4 0 25 4 26 39 22 68 66 25 20 17 10 14 34 35 45 55 16 8 6 5 
1650250 1650319 2 0 0 30 18 0 28 16 29 42 12 62 63 25 20 17 10 11 31 35 45 55 16 5 8 5 
2150250 2150267 2 0 0 14 8 4 12 7 13 26 5 65 67 25 20 17 10 11 31 35 45 55 16 8 9 5 
2556750 2556958 2 0 0 -7 -22 -24 -4 -22 -3 10 17 69 68 25 20 17 10 14 34 35 45 55 16 8 9 5 
3033250 3033355 2 0 0 -7 -15 0 -7 -17 -7 6 9 73 72 25 20 17 10 14 34 35 45 55 16 9 3 5 
3446750 3447229 2 0 0 -6 -15 0 -8 -18 -6 7 11 103 106 25 20 17 10 10 28 35 45 55 16 3 11 5 
3905250 3905356 2 0 0 22 11 0 22 11 24 37 12 68 67 25 20 17 10 10 30 35 45 55 16 9 9 5 
4019250 4019463 2 0 0 30 21 0 30 22 31 44 9 69 70 25 20 17 10 10 30 35 45 55 16 6 8 5 
4310250 4310402 2 0 0 21 11 -1 20 10 21 34 10 73 77 25 20 17 10 11 31 35 45 55 16 10 9 5 
4767750 4767850 2 0 0 29 23 6 28 21 29 42 6 71 71 25 20 17 10 11 31 35 45 55 16 9 8 5 
5272750 5272838 2 0 0 15 7 0 14 7 16 29 7 64 64 25 20 17 10 10 30 35 45 55 16 8 8 5 
5735250 5735392 2 0 0 26 17 0 26 17 27 40 7 64 61 25 20 17 10 12 32 35 45 55 16 6 8 5 
5847750 5847853 2 0 0 30 19 0 31 19 33 46 12 64 61 25 20 17 10 12 32 35 45 55 16 8 8 5 
6202750 6202815 2 0 0 3 -6 0 2 -6 2 15 8 76 79 25 20 17 10 13 33 35 45 55 16 10 9 5 
6626750 6626927 2 0 0 -4 -2 0 -1 1 -1 12 -3 73 73 25 20 17 10 13 33 35 45 55 16 9 9 5 
6710250 6710255 2 0 0 6 0 0 4 -1 4 17 4 74 74 25 20 17 10 13 33 35 45 55 16 8 9 5 
6841250 6842198 2 0 0 -5 -17 0 -3 -11 -2 11 8 81 80 25 20 17 10 13 33 35 45 55 16 4 10 5 
7063750 7063762 2 0 0 -4 -7 0 -5 -8 -4 9 3 76 75 25 20 17 10 13 33 35 45 55 16 10 7 5 
7518250 7518289 2 0 0 1 -1 0 1 -1 2 15 1 69 70 25 20 17 10 11 31 35 45 55 16 7 9 5 
7975750 7975838 2 0 0 2 0 0 0 -2 1 14 0 72 71 25 20 17 10 11 31 35 45 55 16 7 7 5 
8114250 8114275 2 0 0 -5 -2 -11 -4 -4 -3 10 -1 72 72 25 20 17 10 13 33 35 45 55 16 6 9 5 
8285250 8285360 2 0 0 2 12 5 0 11 2 15 -10 74 72 25 20 17 10 10 30 35 45 55 16 5 6 5 
8541750 8541879 2 0 0 12 12 0 7 8 8 21 0 90 94 25 20 17 10 10 30 35 45 55 16 4 8 5 
8585250 8585687 2 0 0 13 4 0 10 2 12 25 10 76 82 25 20 17 10 10 30 35 45 55 16 6 9 5 
8894250 8894325 2 0 0 18 15 0 19 16 20 33 3 67 66 25 20 17 10 11 31 35 45 55 16 9 8 5 
9304250 9304304 2 0 0 13 8 0 13 8 14 27 5 68 67 25 20 17 10 12 32 35 45 55 16 9 8 5 
9846250 9846381 2 0 0 20 11 0 21 12 21 34 7 68 67 25 20 17 10 12 32 35 45 55 16 7 6 5 
10195750 10195976 2 0 0 19 19 -13 19 19 20 33 0 65 64 25 20 17 10 12 32 35 45 55 16 8 7 5 
10286750 10287257 2 0 0 18 10 0 18 10 19 32 8 63 64 25 20 17 10 12 32 35 45 55 16 5 5 5 
10772250 10772440 2 0 0 16 4 0 17 5 18 31 12 75 74 25 20 17 10 12 32 35 45 55 16 10 5 5 
11178250 11178263 2 0 0 15 10 0 14 10 17 30 5 77 78 25 20 17 10 12 32 35 45 55 16 8 10 5 
11517750 11517800 2 0 0 3 14 -5 4 14 5 18 -10 74 74 25 20 17 10 12 32 35 45 55 16 5 9 5 
12019250 12019331 2 0 0 27 37 0 26 35 28 41 -9 73 73 25 20 17 10 12 32 35 45 55 16 6 6 5 
12511250 12511400 2 0 0 11 19 0 13 20 16 29 -7 70 71 25 20 17 10 12 32 35 45 55 16 9 6 5 
12543250 12543416 2 0 0 23 41 0 20 39 21 34 -19 74 71 25 20 17 10 12 32 35 45 55 16 9 9 5 
12574250 12574339 2 0 0 32 46 0 34 46 35 48 -13 76 74 25 20 17 10 12 32 35 45 55 16 9 10 5 
12629250 12629430 2 0 0 36 56 0 33 53 34 47 -21 73 73 25 20 17 10 12 32 35 45 55 16 9 7 5 
12665250 12665341 2 0 0 39 39 0 38 39 39 52 -2 79 82 25 20 17 10 12 32 35 45 55 16 6 11 5 
12970750 12970789 2 0 0 31 31 0 31 31 33 46 -1 69 67 25 20 17 10 12 32 35 45 55 16 9 5 5 
13008250 13008315 2 0 0 67 71 0 68 72 71 84 -3 76 82 25 20 17 10 13 33 35 45 55 16 9 10 5 
13053250 13053311 2 0 0 72 71 0 71 71 73 86 1 80 83 25 20 17 10 13 33 35 45 55 16 10 10 5 
13461250 13461384 2 0 0 54 57 12 52 56 54 67 -4 81 83 25 20 17 10 13 33 35 45 55 16 10 11 5 
13472250 13472414 2 0 0 19 34 0 18 32 19 32 -13 79 74 25 20 17 10 12 32 35 45 55 16 11 9 5 
13506750 13506889 2 0 0 29 28 18 27 27 29 42 -2 72 70 25 20 17 10 12 32 35 45 55 16 9 9 5 
13730250 13730383 2 0 0 27 30 0 29 30 31 44 -1 71 69 25 20 17 10 13 33 35 45 55 16 9 6 5 
13754250 13754365 2 0 0 49 53 0 49 53 50 63 -4 73 75 25 20 17 10 13 33 35 45 55 16 9 9 5 
13926750 13926825 2 0 0 61 57 0 60 56 63 76 5 70 70 25 20 17 10 12 32 35 45 55 16 9 9 5 
14291750 14291918 2 0 0 63 64 2 63 65 65 78 -2 71 69 25 20 17 10 12 32 35 45 55 16 9 9 5 
14315250 14315367 2 0 0 48 47 0 47 47 49 62 1 72 71 25 20 17 10 12 32 35 45 55 16 9 9 5 
14644250 14644411 2 0 0 16 15 0 14 14 16 29 1 77 72 25 20 17 10 12 32 35 45 55 16 10 9 5 
14888750 14889234 2 0 0 35 24 0 37 28 38 51 7 67 65 25 20 17 10 12 32 35 45 55 16 5 8 5 
14903750 14903800 2 0 0 39 33 0 39 33 41 54 6 60 59 25 20 17 10 12 32 35 45 55 16 8 7 5 
15022750 15022772 2 0 0 67 55 0 67 56 67 80 10 60 59 25 20 17 10 12 32 35 45 55 16 7 7 5 
15038750 15038940 2 0 0 35 30 0 32 28 33 46 5 64 67 25 20 17 10 12 32 35 45 55 16 8 7 5 
15136250 15137065 2 0 0 42 44 0 43 45 46 59 0 65 65 25 20 17 10 12 32 35 45 55 16 5 8 5 
15659250 15659352 2 0 0 27 29 0 23 26 25 38 -4 59 58 25 20 17 10 12 32 35 45 55 16 6 7 5 
16090750 16090915 2 0 0 31 36 0 31 35 32 45 -3 66 63 25 20 17 10 11 31 35 45 55 16 8 8 5 
16131750 16131859 2 0 0 44 61 0 45 62 45 58 -18 64 60 25 20 17 10 11 31 35 45 55 16 8 8 5 
16218250 16218383 2 0 0 66 72 0 65 72 69 82 -6 65 63 25 20 17 10 12 32 35 45 55 16 5 8 5 
16342250 16342308 2 0 0 7 20 -1 9 22 11 24 -13 67 72 25 20 17 10 12 32 35 45 55 16 9 8 5 
16381250 16381390 2 0 0 2 29 0 1 28 1 14 -29 67 68 25 20 17 10 12 32 35 45 55 16 8 8 5 
16411750 16412044 2 0 0 29 51 0 32 52 33 46 -20 69 70 25 20 17 10 12 32 35 45 55 16 6 6 5 
16515250 16515460 2 0 0 7 20 0 9 22 11 24 -13 66 67 25 20 17 10 12 32 35 45 55 16 9 8 5 
16917750 16917959 2 0 0 24 23 0 25 23 26 39 2 72 71 25 20 17 10 12 32 35 45 55 16 9 9 5 
16995250 16995270 2 0 0 27 32 -12 26 32 27 40 -7 72 69 25 20 17 10 12 32 35 45 55 16 10 9 5 
17001750 17002282 2 13 0 11 48 18 2 45 3 16 -42 90 96 25 20 17 10 12 32 35 45 55 16 4 12 5 
17005750 17006234 2 0 0 -27 24 -1 -27 24 -26 -13 -51 81 76 25 20 17 10 12 32 35 45 55 16 7 10 5 
17077250 17077308 2 0 0 -10 31 -7 -13 29 -11 2 -41 72 71 25 20 17 10 12 32 35 45 55 16 9 4 5 
17094250 17094436 2 0 0 38 28 0 39 28 41 54 11 70 68 25 20 17 10 12 32 35 45 55 16 9 9 5 
17114750 17114801 2 0 0 38 28 18 39 28 41 54 11 69 70 25 20 17 10 12 32 35 45 55 16 9 9 5 
17188750 17188778 2 0 0 30 35 0 29 36 32 45 -6 69 68 25 20 17 10 12 32 35 45 55 16 9 9 5 
17455750 17455818 2 0 0 43 35 0 43 36 44 57 7 73 71 25 20 17 10 12 32 35 45 55 16 9 6 5 
17491250 17491857 2 0 0 35 14 0 37 17 38 51 22 76 79 25 20 17 10 12 32 35 45 55 16 6 9 5 
17509250 17509274 2 0 0 47 23 0 47 23 48 61 24 79 78 25 20 17 10 12 32 35 45 55 16 8 6 5 
17526250 17526286 2 0 0 26 19 0 24 21 24 37 2 90 91 25 20 17 10 12 32 35 45 55 16 5 6 5 
17538250 17538428 2 0 0 25 26 0 30 29 32 45 1 75 81 25 20 17 10 12 32 35 45 55 16 4 7 5 
17746250 17746475 2 0 0 27 32 0 27 32 30 43 -2 64 65 25 20 17 10 12 32 35 45 55 16 5 8 5 
17839250 17839902 2 0 0 50 50 0 47 49 50 63 -1 60 60 25 20 17 10 12 32 35 45 55 16 6 7 5 
17853750 17853974 2 0 0 50 50 9 47 49 50 63 -1 65 63 25 20 17 10 12 32 35 45 55 16 6 7 5 
17857750 17857937 2 13 0 38 26 11 36 20 38 51 16 79 83 25 20 17 10 12 32 35 45 55 16 4 8 5 
17862750 17862769 2 0 0 0 0 0 -1 2 1 14 -3 83 83 25 20 17 10 12 32 35 45 55 16 4 9 5 
17921250 17921782 2 0 0 11 1 5 13 2 14 27 12 64 66 25 20 17 10 12 32 35 45 55 16 3 7 5 
17974250 17974310 2 -1 1 -38 -29 -55 -35 -28 -34 -21 -8 92 88 25 20 17 10 12 32 35 45 55 16 10 11 5 
17984750 17985617 2 2 1 -199 -158 -217 -212 -164 -210 -197 -49 120 123 25 20 17 10 12 27 35 45 55 16 8 10 5 
17989750 17990156 2 -3 1 -25 -52 -44 15 -32 16 29 46 103 99 25 20 17 10 12 32 35 45 55 16 0 11 5 
17997750 17997886 2 -1 1 -32 -38 -51 -28 -37 -27 -14 9 98 95 25 20 17 10 12 32 35 45 55 16 13 7 5 
18016750 18016791 2 2 1 -255 -197 -276 -250 -196 -248 -235 -54 127 128 25 20 17 10 12 27 35 45 55 16 9 13 5 
18112250 18112324 2 -3 1 -17 28 -49 -17 27 -16 -3 -44 63 63 25 20 17 10 12 32 35 45 55 16 8 5 5 
18207750 18207863 2 0 0 43 52 0 41 51 42 55 -11 66 66 25 20 17 10 12 32 35 45 55 16 5 8 5 
18229750 18229788 2 0 0 45 54 0 46 54 47 60 -9 64 64 25 20 17 10 12 32 35 45 55 16 8 8 5 
18290250 18290289 2 0 0 65 67 0 67 67 70 83 -1 69 69 25 20 17 10 12 32 35 45 55 16 9 6 5 
18301750 18301889 2 0 0 34 37 0 33 37 35 48 -4 74 73 25 20 17 10 12 32 35 45 55 16 9 9 5 
18432750 18432778 2 0 0 40 39 0 39 37 41 54 2 66 67 25 20 17 10 12 32 35 45 55 16 8 8 5 
18560250 18560329 2 0 0 71 58 0 71 59 72 85 12 71 69 25 20 17 10 12 32 35 45 55 16 9 9 5 
18666250 18666318 2 0 0 16 16 0 15 15 16 29 0 65 67 25 20 17 10 12 32 35 45 55 16 8 8 5 
18856250 18856284 2 0 0 25 19 0 24 19 26 39 4 65 65 25 20 17 10 12 32 35 45 55 16 8 8 5 
18911750 18911909 2 0 0 31 14 0 30 13 33 46 19 79 81 25 20 17 10 12 32 35 45 55 16 10 9 5 
19071250 19071419 2 0 0 19 13 0 22 15 24 37 7 81 80 25 20 17 10 12 32 35 45 55 16 9 10 5 
19119750 19119923 2 0 0 27 9 0 31 12 34 47 20 79 82 25 20 17 10 12 32 35 45 55 16 7 10 5 
19278250 19278326 2 0 0 -9 -12 0 -10 -13 -8 5 5 73 73 25 20 17 10 12 32 35 45 55 16 9 9 5 
19641250 19641389 2 0 0 -6 -2 0 -6 -2 -6 7 -4 83 82 25 20 17 10 12 32 35 45 55 16 10 11 5 
20397750 20397900 2 0 0 16 11 14 16 8 18 31 8 79 79 25 20 17 10 12 32 35 45 55 16 8 10 5 
20916750 20916891 2 0 0 41 21 13 42 20 43 56 20 76 79 25 20 17 10 12 32 35 45 55 16 10 10 5 
21051750 21051910 2 0 0 47 27 0 47 28 46 59 19 69 66 25 20 17 10 12 32 35 45 55 16 9 9 5 
21122250 21122380 2 -1 1 -10 -21 -54 -11 -21 -10 3 9 107 106 25 20 17 10 12 30 35 45 55 16 12 13 5 
21140250 21140354 2 2 1 -58 -68 -101 -60 -71 -57 -44 11 112 115 25 20 17 10 12 28 35 45 55 16 12 14 5 
21155250 21155426 2 -3 1 -4 -26 -47 5 -21 7 20 28 90 85 25 20 17 10 12 32 35 45 55 16 8 6 5 
21336750 21337403 2 0 0 36 25 0 33 26 36 49 8 87 87 25 20 17 10 12 32 35 45 55 16 8 6 5 
