32000 32131 0 0 -1 0 7 0 1 7 0 110 -6 79 81 25 20 21 10 10 30 35 45 55 16 10 8 5 
38500 38526 0 0 0 -6 1 0 -9 -3 -10 100 -6 80 77 25 20 21 10 10 30 35 45 55 16 9 10 5 
96500 96543 0 0 0 -2 3 0 0 5 -1 109 -6 80 81 25 20 21 10 10 30 35 45 55 16 10 7 5 
314000 314110 0 0 0 0 12 -4 -5 10 -6 104 -14 71 71 25 20 21 10 10 30 35 45 55 16 8 6 5 
508500 508780 0 -1 1 -65 -52 -51 -66 -55 -66 44 -13 96 93 25 20 21 10 10 30 35 45 55 16 10 10 5 
566500 566614 0 2 1 -118 -90 -99 -121 -85 -122 -12 -36 94 98 25 20 21 10 10 30 35 45 55 16 8 11 5 
610000 610183 0 -3 1 -72 -58 -49 -70 -57 -70 40 -13 78 78 25 20 21 10 10 30 35 45 55 16 8 10 5 
688000 688089 0 0 0 -28 -28 0 -33 -33 -33 77 1 80 77 25 20 21 10 10 30 35 45 55 16 10 10 5 
936500 936594 0 -1 1 -81 -70 -53 -80 -68 -79 31 -11 104 109 25 20 21 10 10 28 35 45 55 16 13 14 5 
2461000 2461091 0 2 1 -262 -235 -239 -267 -242 -268 -158 -26 139 139 25 20 19 10 10 25 35 45 55 16 17 18 5 
3057500 3057549 0 -3 1 -70 -66 -49 -73 -68 -73 37 -5 96 94 25 20 19 10 10 30 35 45 55 16 12 12 5 
3549500 3549550 0 -1 1 -71 -61 -50 -71 -59 -71 39 -10 99 102 25 20 19 10 10 28 35 45 55 16 12 14 5 
3554000 3554019 0 2 1 -110 -86 -90 -116 -91 -116 -6 -25 107 101 25 20 19 10 10 28 35 45 55 16 14 14 5 
3631000 3631058 0 -3 1 -69 -61 -49 -69 -61 -69 41 -8 90 85 25 20 19 10 10 30 35 45 55 16 11 12 5 
3995500 3995518 0 0 0 -19 -12 0 -18 -11 -19 91 -7 82 78 25 20 21 10 8 28 35 45 55 16 9 8 5 
4068500 4068501 0 0 0 -11 -4 8 -12 -5 -12 98 -7 80 79 25 20 21 10 8 28 35 45 55 16 9 10 5 
4314500 4314696 0 0 0 -11 3 0 -10 5 -9 101 -15 79 77 25 20 21 10 8 28 35 45 55 16 7 10 5 
4487000 4487082 0 -1 1 -68 -54 -52 -69 -51 -72 38 -19 104 101 25 20 21 10 8 26 35 45 55 16 12 10 5 
4557500 4557627 0 2 1 -105 -88 -86 -108 -90 -109 1 -20 110 105 25 20 21 10 8 26 35 45 55 16 14 14 5 
4603000 4603153 0 -3 1 -70 -50 -49 -68 -49 -68 42 -19 79 78 25 20 21 10 8 28 35 45 55 16 10 10 5 
4933000 4933061 0 0 0 -31 -23 0 -28 -20 -29 81 -7 84 83 25 20 21 10 8 28 35 45 55 16 11 10 5 
5383500 5383585 0 -1 1 -78 -62 -51 -80 -65 -79 31 -15 108 108 25 20 21 10 8 26 35 45 55 16 13 12 5 
5394500 5394503 0 2 1 -120 -98 -94 -119 -99 -118 -8 -20 115 117 25 20 21 10 8 24 35 45 55 16 15 14 5 
5475500 5475553 0 -3 1 -75 -64 -50 -75 -63 -75 35 -12 93 92 25 20 21 10 8 28 35 45 55 16 12 12 5 
5835500 5835613 0 -1 1 -73 -69 -51 -75 -70 -76 34 -6 93 96 25 20 21 10 8 28 35 45 55 16 12 12 5 
5859500 5859731 0 2 1 -111 -92 -90 -114 -94 -116 -6 -20 113 115 25 20 21 10 8 24 35 45 55 16 13 14 5 
5919500 5919659 0 -3 1 -70 -59 -49 -72 -59 -71 39 -12 90 90 25 20 21 10 8 28 35 45 55 16 11 12 5 
6033500 6033606 0 -1 1 -72 -69 -52 -76 -72 -77 33 -4 100 97 25 20 21 10 8 28 35 45 55 16 13 11 5 
6105000 6105111 0 2 1 -127 -113 -108 -129 -114 -129 -19 -15 112 112 25 20 21 10 8 24 35 45 55 16 15 14 5 
6200000 6200126 0 -3 1 -68 -61 -49 -71 -63 -72 38 -8 84 89 25 20 21 10 8 28 35 45 55 16 9 11 5 
6267500 6267533 0 -1 1 -70 -62 -52 -68 -59 -69 41 -9 107 109 25 20 21 10 8 26 35 45 55 16 14 14 5 
6299500 6299539 0 2 1 -115 -109 -97 -118 -110 -118 -8 -9 110 111 25 20 21 10 8 24 35 45 55 16 14 14 5 
6404000 6404137 0 -3 1 -65 -54 -48 -67 -56 -67 43 -12 90 90 25 20 21 10 8 28 35 45 55 16 12 11 5 
6930000 6930110 0 -1 1 -64 -50 -53 -62 -49 -63 47 -13 100 96 25 20 21 10 8 28 35 45 55 16 13 10 5 
7047000 7047111 0 2 1 -131 -108 -120 -134 -112 -135 -25 -23 119 121 25 20 21 10 8 23 35 45 55 16 15 15 5 
7123500 7123686 0 -3 1 -58 -51 -48 -56 -49 -57 53 -7 94 98 25 20 21 10 8 28 35 45 55 16 11 12 5 
7217000 7217004 0 0 0 -9 -2 0 -9 -3 -10 100 -7 84 79 25 20 21 10 8 28 35 45 55 16 11 11 5 
7567500 7567502 0 0 0 -7 -4 0 -6 -3 -7 103 -3 80 76 25 20 21 10 8 28 35 45 55 16 9 9 5 
7848500 7848506 0 0 0 30 29 0 30 28 28 138 1 77 76 25 20 21 10 8 28 35 45 55 16 10 9 5 
7941000 7941139 0 -1 1 -29 -31 -50 -31 -34 -32 78 3 89 87 25 20 21 10 8 28 35 45 55 16 12 11 5 
7992000 7992026 0 2 1 -73 -58 -89 -71 -57 -72 38 -15 100 96 25 20 21 10 8 28 35 45 55 16 10 13 5 
8056000 8056172 0 -3 1 -40 -24 -50 -40 -24 -41 69 -16 79 77 25 20 21 10 8 28 35 45 55 16 10 8 5 
8231000 8231016 0 0 0 -6 7 8 -7 7 -7 103 -15 74 76 25 20 21 10 8 28 35 45 55 16 9 9 5 
8464500 8464576 0 -1 1 -58 -42 -51 -54 -40 -53 57 -14 109 112 25 20 21 10 8 24 35 45 55 16 13 11 5 
8524000 8524018 0 2 1 -121 -94 -114 -124 -95 -124 -14 -30 115 118 25 20 21 10 8 24 35 45 55 16 15 15 5 
8668500 8668668 0 -3 1 -58 -41 -50 -58 -41 -58 52 -17 87 87 25 20 21 10 8 28 35 45 55 16 11 11 5 
9580000 9580029 0 -1 1 -62 -38 -51 -59 -34 -59 51 -25 96 92 25 20 21 10 9 29 35 45 55 16 12 11 5 
9631000 9631117 0 2 1 -127 -98 -116 -120 -95 -120 -10 -25 108 111 25 20 21 10 9 25 35 45 55 16 13 14 5 
9745000 9745066 0 -3 1 -62 -48 -50 -66 -52 -67 43 -15 86 85 25 20 21 10 9 29 35 45 55 16 11 11 5 
10215000 10215090 0 -1 1 -65 -28 -51 -62 -26 -65 45 -38 110 113 25 20 21 10 9 25 35 45 55 16 13 14 5 
10291500 10291541 0 2 1 -113 -83 -99 -113 -82 -113 -3 -30 106 105 25 20 21 10 9 27 35 45 55 16 14 14 5 
10379500 10379611 0 -3 1 -64 -45 -49 -65 -47 -66 44 -19 95 97 25 20 22 10 9 29 35 45 55 16 12 10 5 
10982000 10982113 0 0 0 -17 1 -1 -17 1 -18 92 -18 78 75 25 20 23 10 9 29 35 45 55 16 10 10 5 
11162000 11162011 0 0 0 -13 4 -1 -15 3 -15 95 -17 74 75 25 20 23 10 9 29 35 45 55 16 9 9 5 
11488000 11488198 0 0 0 -27 -11 0 -28 -10 -28 82 -17 71 70 25 20 24 10 9 29 35 45 55 16 9 9 5 
11910000 11910163 0 0 0 -23 -9 0 -24 -9 -26 84 -17 80 78 25 20 25 10 9 29 35 45 55 16 10 10 5 
12759500 12759506 0 0 0 -23 -8 0 -20 -5 -19 91 -14 84 83 25 20 25 10 9 29 35 45 55 16 11 11 5 
13822500 13822541 0 0 0 2 16 0 1 15 0 110 -14 71 71 25 20 25 10 9 29 35 45 55 16 9 9 5 
14463500 14463555 0 0 0 3 19 0 3 21 4 114 -17 73 73 25 20 25 10 9 29 35 45 55 16 9 9 5 
15043000 15043153 0 0 0 8 29 0 7 29 8 118 -21 79 82 25 20 25 10 9 29 35 45 55 16 10 10 5 
15988000 15988083 0 0 0 -15 4 0 -21 -2 -22 88 -19 86 93 25 20 25 10 9 29 35 45 55 16 6 5 5 
16691000 16691208 0 0 0 4 25 0 6 26 4 114 -21 74 73 25 20 25 10 9 29 35 45 55 16 9 10 5 
18322500 18322721 0 0 0 0 3 0 0 3 -1 109 -3 67 66 25 20 25 10 9 29 35 45 55 16 8 8 5 
18457500 18457557 0 0 0 2 5 0 2 6 3 113 -2 85 81 25 20 25 10 9 29 35 45 55 16 9 8 5 
19244000 19244034 0 -1 1 -57 -38 -52 -56 -37 -57 53 -20 105 105 25 20 23 10 9 27 35 45 55 16 12 11 5 
19651000 19651060 0 2 1 -143 -130 -134 -142 -132 -142 -32 -10 117 118 25 20 23 10 9 25 35 45 55 16 15 15 5 
19733500 19733514 0 -3 1 -60 -48 -50 -59 -49 -58 52 -8 84 82 25 20 23 10 9 29 35 45 55 16 11 11 5 
19863500 19863601 0 0 0 -11 -12 0 -12 -15 -13 97 3 80 77 25 20 23 10 9 29 35 45 55 16 7 10 5 
19960000 19960230 0 -1 1 -61 -53 -50 -63 -56 -63 47 -6 94 94 25 20 23 10 9 29 35 45 55 16 10 12 5 
20058000 20058084 0 2 1 -128 -113 -117 -135 -118 -134 -24 -15 105 103 25 20 22 10 9 27 35 45 55 16 14 10 5 
20193500 20193661 0 -3 1 -59 -48 -49 -62 -50 -63 47 -13 84 83 25 20 20 10 9 29 35 45 55 16 11 10 5 
20246500 20246624 0 -1 1 -63 -44 -52 -63 -43 -64 46 -21 97 99 25 20 19 10 10 30 35 45 55 16 11 6 5 
20459500 20459543 0 2 1 -119 -100 -108 -125 -106 -126 -16 -19 104 105 25 20 17 10 10 28 35 45 55 16 10 14 5 
20564000 20564125 0 -3 1 -61 -49 -50 -62 -50 -61 49 -11 91 95 25 20 17 10 10 30 35 45 55 16 12 12 5 
21147000 21147453 0 -1 1 -61 -51 -51 -63 -49 -64 46 -13 96 97 25 20 17 10 10 30 35 45 55 16 7 9 5 
21196000 21196006 0 2 1 -99 -79 -89 -100 -78 -100 10 -22 102 103 25 20 17 10 10 28 35 45 55 16 13 13 5 
32000 32131 1 0 -1 0 20 0 2 20 0 92 -20 79 81 25 20 21 10 10 30 35 45 55 16 10 8 5 
71000 71019 1 0 0 4 27 0 4 27 3 95 -22 81 75 25 20 21 10 10 30 35 45 55 16 9 9 5 
313000 313000 1 0 0 1 33 0 4 34 3 95 -32 70 64 25 20 21 10 10 30 35 45 55 16 9 9 5 
689000 689044 1 0 0 -21 2 2 -21 4 -21 71 -25 79 80 25 20 21 10 10 30 35 45 55 16 10 10 5 
937000 937006 1 -1 1 -73 -41 -52 -67 -38 -68 24 -27 105 110 25 20 21 10 10 26 35 45 55 16 14 14 5 
2461500 2461522 1 2 1 -249 -197 -231 -250 -199 -250 -158 -49 140 140 25 20 19 10 10 25 35 45 55 16 17 19 5 
3030500 3030567 1 -3 1 -66 -39 -49 -67 -39 -68 24 -28 94 93 25 20 19 10 10 30 35 45 55 16 12 12 5 
3549000 3549094 1 -1 1 -67 -31 -51 -66 -30 -66 26 -36 97 96 25 20 19 10 10 30 35 45 55 16 12 13 5 
3558000 3558109 1 2 1 -100 -52 -84 -101 -52 -103 -11 -50 108 109 25 20 19 10 10 28 35 45 55 16 14 14 5 
3630500 3630538 1 -3 1 -65 -31 -49 -65 -31 -64 28 -33 90 89 25 20 19 10 10 30 35 45 55 16 12 11 5 
3999500 3999564 1 0 0 -15 20 0 -13 21 -14 78 -36 82 82 25 20 21 10 8 28 35 45 55 16 10 10 5 
4085500 4085637 1 0 0 -11 23 0 -12 23 -12 80 -34 79 76 25 20 21 10 8 28 35 45 55 16 10 10 5 
4331000 4331159 1 0 0 -16 18 0 -15 20 -17 75 -35 81 77 25 20 21 10 8 28 35 45 55 16 3 5 5 
4927500 4927615 1 0 0 -25 5 0 -26 4 -27 65 -29 84 87 25 20 21 10 8 28 35 45 55 16 10 10 5 
5383500 5383585 1 -1 1 -73 -32 -51 -71 -30 -72 20 -41 108 108 25 20 21 10 8 26 35 45 55 16 13 12 5 
5397500 5397619 1 2 1 -115 -64 -93 -115 -64 -116 -24 -50 113 115 25 20 21 10 8 24 35 45 55 16 15 12 5 
5473000 5473109 1 -3 1 -70 -33 -49 -69 -32 -70 22 -38 92 96 25 20 21 10 8 28 35 45 55 16 12 12 5 
6068500 6068618 1 -1 1 -70 -37 -53 -72 -37 -73 19 -37 90 90 25 20 21 10 8 28 35 45 55 16 11 10 5 
6088500 6088593 1 2 1 -115 -76 -98 -118 -79 -118 -26 -38 124 127 25 20 21 10 8 23 35 45 55 16 16 16 5 
6190500 6190580 1 -3 1 -66 -35 -50 -67 -36 -68 24 -31 91 92 25 20 21 10 8 28 35 45 55 16 11 12 5 
6267000 6267119 1 -1 1 -66 -26 -50 -67 -27 -68 24 -40 106 109 25 20 21 10 8 26 35 45 55 16 14 14 5 
6299000 6299134 1 2 1 -104 -71 -88 -101 -69 -102 -10 -33 110 110 25 20 21 10 8 24 35 45 55 16 14 14 5 
6379500 6379619 1 -3 1 -65 -17 -49 -63 -14 -63 29 -48 91 88 25 20 21 10 8 28 35 45 55 16 11 12 5 
6929000 6929029 1 -1 1 -62 -12 -51 -53 -10 -55 37 -44 99 100 25 20 21 10 8 26 35 45 55 16 13 13 5 
7047000 7047111 1 2 1 -121 -68 -111 -121 -70 -121 -29 -51 119 121 25 20 21 10 8 23 35 45 55 16 15 15 5 
7123000 7123081 1 -3 1 -59 -18 -49 -58 -17 -57 35 -41 95 99 25 20 21 10 8 28 35 45 55 16 12 11 5 
7217000 7217004 1 0 0 -9 31 0 -9 30 -9 83 -38 84 79 25 20 21 10 8 28 35 45 55 16 11 11 5 
7601000 7601210 1 0 0 -15 20 0 -17 19 -17 75 -34 87 90 25 20 21 10 8 28 35 45 55 16 6 12 5 
7863500 7863631 1 0 0 20 51 0 28 58 26 118 -31 83 77 25 20 21 10 8 28 35 45 55 16 8 9 5 
8220000 8220182 1 0 0 -2 36 6 0 37 -1 91 -37 77 83 25 20 21 10 8 28 35 45 55 16 9 10 5 
8465500 8465570 1 -1 1 -54 -15 -51 -58 -15 -59 33 -44 110 106 25 20 21 10 8 26 35 45 55 16 13 12 5 
8525000 8525025 1 2 1 -113 -66 -110 -105 -61 -105 -13 -45 115 118 25 20 21 10 8 24 35 45 55 16 15 15 5 
8656500 8656661 1 -3 1 -51 -7 -48 -51 -8 -51 41 -42 90 88 25 20 21 10 8 28 35 45 55 16 12 11 5 
9573500 9573645 1 -1 1 -56 -9 -50 -54 -8 -55 37 -47 97 96 25 20 21 10 9 29 35 45 55 16 10 13 5 
9631000 9631117 1 2 1 -111 -58 -106 -103 -55 -103 -11 -47 108 111 25 20 21 10 9 25 35 45 55 16 13 14 5 
9746000 9746113 1 -3 1 -54 -15 -49 -52 -15 -53 39 -37 86 86 25 20 21 10 9 29 35 45 55 16 11 11 5 
10227000 10227087 1 -1 1 -58 -12 -51 -58 -13 -60 32 -45 105 108 25 20 21 10 9 27 35 45 55 16 12 14 5 
10269500 10269576 1 2 1 -97 -51 -90 -101 -52 -102 -10 -50 110 109 25 20 21 10 9 27 35 45 55 16 14 14 5 
10361000 10361105 1 -3 1 -56 -18 -49 -48 -14 -50 42 -34 97 96 25 20 22 10 9 29 35 45 55 16 10 12 5 
10970500 10970749 1 0 0 -8 31 7 -8 30 -10 82 -39 84 85 25 20 23 10 9 29 35 45 55 16 10 10 5 
11218000 11218181 1 0 0 -32 4 0 -29 8 -30 62 -37 81 77 25 20 23 10 9 29 35 45 55 16 10 11 5 
11471000 11471068 1 0 0 -36 -5 0 -34 -3 -36 56 -32 73 76 25 20 24 10 9 29 35 45 55 16 9 9 5 
12082500 12082663 1 0 0 -23 22 0 -23 22 -22 70 -45 82 80 25 20 25 10 9 29 35 45 55 16 11 10 5 
12635500 12635647 1 0 0 -20 16 0 -20 16 -21 71 -37 84 84 25 20 25 10 9 29 35 45 55 16 11 11 5 
13205500 13205676 1 0 0 -13 23 0 -11 24 -13 79 -36 78 75 25 20 25 10 9 29 35 45 55 16 10 10 5 
13798000 13798000 1 0 0 2 35 0 4 36 2 94 -31 70 70 25 20 25 10 9 29 35 45 55 16 9 9 5 
14160000 14160116 1 0 0 -9 33 0 -11 32 -12 80 -44 70 70 25 20 25 10 9 29 35 45 55 16 9 9 5 
14831000 14831061 1 0 0 -8 34 0 -9 31 -9 83 -40 71 71 25 20 25 10 9 29 35 45 55 16 9 9 5 
15343000 15343016 1 0 0 -9 30 0 -9 30 -10 82 -38 74 71 25 20 25 10 9 29 35 45 55 16 10 9 5 
16027500 16027559 1 0 0 -11 29 0 -13 27 -13 79 -40 72 74 25 20 25 10 9 29 35 45 55 16 9 9 5 
16314500 16314675 1 0 0 -10 33 0 -12 33 -13 79 -45 71 72 25 20 25 10 9 29 35 45 55 16 9 9 5 
16854500 16854570 1 0 0 -7 32 0 -6 33 -7 85 -39 72 74 25 20 25 10 9 29 35 45 55 16 9 9 5 
17471000 17471047 1 0 0 -14 15 0 -15 13 -17 75 -29 66 69 25 20 25 10 9 29 35 45 55 16 8 8 5 
18212000 18212037 1 0 0 -17 14 6 -19 13 -19 73 -30 64 61 25 20 25 10 9 29 35 45 55 16 8 8 5 
18457500 18457557 1 0 0 -6 22 0 -7 22 -7 85 -28 85 81 25 20 25 10 9 29 35 45 55 16 9 8 5 
19356500 19356549 1 -1 1 -65 -34 -52 -64 -34 -65 27 -30 102 98 25 20 23 10 9 29 35 45 55 16 13 13 5 
19601000 19601055 1 2 1 -131 -92 -115 -134 -95 -134 -42 -39 120 124 25 20 23 10 9 24 35 45 55 16 15 16 5 
19718000 19718151 1 -3 1 -66 -37 -50 -67 -37 -68 24 -30 84 82 25 20 23 10 9 29 35 45 55 16 11 11 5 
19858000 19858016 1 0 0 -17 10 1 -15 12 -16 76 -27 80 79 25 20 23 10 9 29 35 45 55 16 10 10 5 
19960000 19960230 1 -1 1 -69 -37 -52 -68 -36 -68 24 -33 94 94 25 20 23 10 9 29 35 45 55 16 10 12 5 
20051000 20051058 1 2 1 -116 -69 -99 -114 -71 -115 -23 -43 104 113 25 20 22 10 9 25 35 45 55 16 14 13 5 
20141500 20141586 1 -3 1 -66 -33 -49 -65 -32 -66 26 -31 86 84 25 20 21 10 9 29 35 45 55 16 11 11 5 
32000 32131 2 0 -1 0 12 0 -1 12 0 102 -13 79 81 25 20 21 10 10 30 35 45 55 16 10 8 5 
86000 86048 2 0 0 -3 11 -23 -4 11 -3 99 -16 73 67 25 20 21 10 10 30 35 45 55 16 9 9 5 
313000 313000 2 0 0 10 43 4 11 43 13 115 -33 70 64 25 20 21 10 10 30 35 45 55 16 9 9 5 
501500 501633 2 -1 1 -52 -23 -52 -47 -21 -46 56 -27 92 95 25 20 21 10 10 30 35 45 55 16 10 8 5 
567000 567078 2 2 1 -112 -75 -108 -105 -64 -104 -2 -41 94 96 25 20 21 10 10 30 35 45 55 16 7 12 5 
597000 597136 2 -3 1 -51 -28 -46 -48 -26 -45 57 -22 79 77 25 20 21 10 10 30 35 45 55 16 10 10 5 
688000 688089 2 0 0 -10 9 0 -10 9 -7 95 -19 80 77 25 20 21 10 10 30 35 45 55 16 10 10 5 
935000 935010 2 -1 1 -63 -35 -53 -69 -37 -68 34 -32 102 101 25 20 21 10 10 28 35 45 55 16 9 14 5 
2461500 2461522 2 2 1 -303 -250 -287 -304 -250 -303 -201 -54 140 140 25 20 19 10 10 25 35 45 55 16 17 19 5 
3032500 3032514 2 -3 1 -67 -46 -50 -68 -47 -68 34 -22 93 92 25 20 19 10 10 30 35 45 55 16 12 12 5 
3103500 3103613 2 -1 1 -68 -42 -50 -68 -43 -66 36 -25 98 99 25 20 19 10 10 30 35 45 55 16 13 13 5 
3191500 3191632 2 2 1 -99 -62 -80 -97 -60 -95 7 -36 109 109 25 20 19 10 10 28 35 45 55 16 14 14 5 
3296000 3296031 2 -3 1 -15 20 -49 -14 20 -10 92 -33 96 92 25 20 21 10 8 28 35 45 55 16 10 9 5 
3385500 3385505 2 -1 1 -9 22 -52 -10 19 -8 94 -30 93 94 25 20 21 10 8 28 35 45 55 16 9 7 5 
3554000 3554019 2 2 1 -111 -70 -92 -116 -76 -115 -13 -40 107 101 25 20 19 10 10 28 35 45 55 16 14 14 5 
3649500 3649601 2 -3 1 -69 -36 -49 -70 -39 -69 33 -32 91 94 25 20 19 10 10 30 35 45 55 16 11 11 5 
3990000 3990139 2 0 0 -21 27 0 -23 28 -22 80 -51 80 81 25 20 21 10 8 28 35 45 55 16 10 10 5 
4074500 4074682 2 0 0 -16 14 0 -18 11 -17 85 -31 80 79 25 20 21 10 8 28 35 45 55 16 8 10 5 
4280500 4280596 2 0 0 -15 20 -8 -14 20 -10 92 -33 78 74 25 20 21 10 8 28 35 45 55 16 10 9 5 
4488500 4488505 2 -1 1 -69 -32 -52 -58 -25 -58 44 -36 107 108 25 20 21 10 8 26 35 45 55 16 9 9 5 
4558000 4558054 2 2 1 -133 -82 -115 -132 -81 -131 -29 -51 110 107 25 20 21 10 8 26 35 45 55 16 14 14 5 
4602500 4602569 2 -3 1 -67 -19 -49 -67 -18 -66 36 -50 79 78 25 20 21 10 8 28 35 45 55 16 9 10 5 
4927500 4927615 2 0 0 -22 10 0 -25 8 -24 78 -34 84 87 25 20 21 10 8 28 35 45 55 16 10 10 5 
5380500 5380657 2 -1 1 -70 -41 -50 -73 -44 -70 32 -28 105 108 25 20 21 10 8 26 35 45 55 16 8 13 5 
5397500 5397619 2 2 1 -141 -84 -122 -145 -89 -143 -41 -55 113 115 25 20 21 10 8 24 35 45 55 16 15 12 5 
5515000 5515025 2 -3 1 -68 -36 -49 -70 -40 -69 33 -31 94 97 25 20 21 10 8 28 35 45 55 16 12 12 5 
5840000 5840013 2 -1 1 -68 -33 -51 -71 -34 -69 33 -36 96 99 25 20 21 10 8 28 35 45 55 16 13 10 5 
5859500 5859731 2 2 1 -124 -80 -107 -126 -84 -125 -23 -42 113 115 25 20 21 10 8 24 35 45 55 16 13 14 5 
5904500 5904584 2 -3 1 -66 -37 -50 -66 -37 -64 38 -28 90 87 25 20 21 10 8 28 35 45 55 16 11 11 5 
6068000 6068109 2 -1 1 -66 -48 -50 -58 -43 -57 45 -15 89 89 25 20 21 10 8 28 35 45 55 16 11 11 5 
6088500 6088593 2 2 1 -155 -119 -140 -160 -125 -158 -56 -35 124 127 25 20 21 10 8 23 35 45 55 16 16 16 5 
6201000 6201006 2 -3 1 -62 -32 -47 -65 -37 -63 39 -29 85 79 25 20 21 10 8 28 35 45 55 16 11 11 5 
6251000 6251094 2 -1 1 -66 -28 -51 -63 -27 -60 42 -36 103 101 25 20 21 10 8 26 35 45 55 16 13 13 5 
6293500 6293563 2 2 1 -123 -83 -108 -124 -86 -123 -21 -37 113 115 25 20 21 10 8 24 35 45 55 16 15 14 5 
6380000 6380133 2 -3 1 -63 -21 -49 -63 -20 -62 40 -43 92 89 25 20 21 10 8 28 35 45 55 16 11 12 5 
6864500 6864590 2 -1 1 -62 -14 -51 -61 -14 -61 41 -48 86 89 25 20 21 10 8 28 35 45 55 16 11 11 5 
7046000 7046109 2 2 1 -150 -100 -140 -154 -102 -153 -51 -53 120 118 25 20 21 10 8 24 35 45 55 16 16 16 5 
7123000 7123081 2 -3 1 -58 -26 -48 -58 -27 -59 43 -31 95 99 25 20 21 10 8 28 35 45 55 16 12 11 5 
7228000 7228047 2 0 0 -9 22 2 -10 19 -8 94 -30 87 88 25 20 21 10 8 28 35 45 55 16 9 7 5 
7584500 7584545 2 0 0 -4 26 0 -5 27 -6 96 -33 79 80 25 20 21 10 8 28 35 45 55 16 8 8 5 
7848500 7848506 2 0 0 24 52 0 23 51 24 126 -28 77 76 25 20 21 10 8 28 35 45 55 16 10 9 5 
8208500 8208656 2 0 0 1 41 0 0 41 2 104 -41 77 75 25 20 21 10 8 28 35 45 55 16 10 9 5 
8456000 8456076 2 -1 1 -51 -17 -51 -48 -15 -46 56 -33 103 103 25 20 21 10 8 26 35 45 55 16 13 12 5 
8525000 8525025 2 2 1 -139 -90 -138 -132 -85 -131 -29 -47 115 118 25 20 21 10 8 24 35 45 55 16 15 15 5 
8648500 8648600 2 -3 1 -49 -19 -48 -51 -21 -49 53 -29 91 91 25 20 21 10 8 28 35 45 55 16 11 11 5 
9580000 9580029 2 -1 1 -58 -14 -53 -53 -12 -51 51 -41 96 92 25 20 21 10 9 29 35 45 55 16 12 11 5 
9636500 9636601 2 2 1 -113 -74 -108 -113 -77 -110 -8 -36 102 107 25 20 21 10 9 27 35 45 55 16 13 13 5 
9729000 9729009 2 -3 1 -54 -13 -49 -56 -15 -53 49 -40 89 88 25 20 21 10 9 29 35 45 55 16 12 11 5 
10215500 10215622 2 -1 1 -59 1 -51 -65 -3 -62 40 -62 111 113 25 20 21 10 9 25 35 45 55 16 13 14 5 
10275500 10275563 2 2 1 -106 -59 -98 -106 -64 -105 -3 -41 102 100 25 20 21 10 9 27 35 45 55 16 13 13 5 
10359000 10359088 2 -3 1 -58 -25 -50 -58 -26 -59 43 -32 97 99 25 20 22 10 9 29 35 45 55 16 13 10 5 
10993000 10993055 2 0 0 -11 33 6 -12 34 -10 92 -46 77 77 25 20 23 10 9 29 35 45 55 16 10 10 5 
11360500 11360509 2 0 0 -22 11 0 -22 11 -21 81 -34 74 73 25 20 23 10 9 29 35 45 55 16 9 10 5 
11981000 11981119 2 0 0 -19 28 0 -18 28 -19 83 -47 82 82 25 20 25 10 9 29 35 45 55 16 10 11 5 
12633500 12633663 2 0 0 -19 28 0 -19 28 -18 84 -46 86 84 25 20 25 10 9 29 35 45 55 16 11 11 5 
13674500 13674599 2 0 0 -2 40 0 -2 41 -2 100 -43 85 81 25 20 25 10 9 29 35 45 55 16 11 9 5 
14469500 14469581 2 0 0 -2 49 0 -2 49 -2 100 -53 73 72 25 20 25 10 9 29 35 45 55 16 9 9 5 
15341000 15341098 2 0 0 -1 49 0 0 49 1 103 -48 75 74 25 20 25 10 9 29 35 45 55 16 9 10 5 
16022000 16022190 2 0 0 1 49 0 1 49 3 105 -47 72 73 25 20 25 10 9 29 35 45 55 16 9 9 5 
16275000 16275047 2 0 0 -1 43 0 -2 43 1 103 -45 71 76 25 20 25 10 9 29 35 45 55 16 9 9 5 
16922000 16922045 2 0 0 1 50 0 0 48 2 104 -46 68 62 25 20 25 10 9 29 35 45 55 16 9 8 5 
17743000 17743200 2 0 0 2 39 0 1 38 2 104 -38 68 68 25 20 25 10 9 29 35 45 55 16 9 8 5 
18288500 18288502 2 0 0 -4 27 5 -4 27 -3 99 -31 65 63 25 20 25 10 9 29 35 45 55 16 8 8 5 
18458500 18458640 2 0 0 0 20 0 0 22 3 105 -21 85 86 25 20 25 10 9 29 35 45 55 16 9 5 5 
18513500 18513550 2 -1 1 -57 -26 -57 -58 -23 -57 45 -36 97 95 25 20 25 10 9 29 35 45 55 16 7 11 5 
18517000 18517111 2 2 1 -99 -63 -99 -103 -67 -100 2 -36 106 105 25 20 25 10 9 27 35 45 55 16 14 12 5 
18591500 18591607 2 -3 1 -50 -17 -50 -49 -14 -47 55 -34 90 91 25 20 25 10 9 29 35 45 55 16 11 11 5 
18624500 18624551 2 -1 1 -51 -12 -50 -54 -13 -52 50 -41 91 90 25 20 25 10 9 29 35 45 55 16 11 10 5 
18675500 18675513 2 2 1 -93 -58 -93 -96 -60 -94 8 -35 103 106 25 20 25 10 9 27 35 45 55 16 13 13 5 
18731500 18731530 2 -3 1 -51 -14 -50 -53 -15 -51 51 -37 72 72 25 20 24 10 9 29 35 45 55 16 9 9 5 
19243000 19243029 2 -1 1 -53 -19 -50 -52 -18 -51 51 -33 103 103 25 20 23 10 9 27 35 45 55 16 13 12 5 
19651000 19651060 2 2 1 -182 -147 -178 -185 -149 -181 -79 -35 117 118 25 20 23 10 9 25 35 45 55 16 15 15 5 
19720000 19720124 2 -3 1 -54 -26 -49 -52 -25 -51 51 -29 81 80 25 20 23 10 9 29 35 45 55 16 11 10 5 
19863500 19863601 2 0 0 -5 18 12 -7 16 -6 96 -24 80 77 25 20 23 10 9 29 35 45 55 16 7 10 5 
19931500 19931529 2 -1 1 -57 -31 -52 -56 -31 -54 48 -23 102 103 25 20 23 10 9 27 35 45 55 16 12 10 5 
20050500 20050508 2 2 1 -141 -97 -136 -140 -97 -140 -38 -43 104 108 25 20 22 10 9 27 35 45 55 16 13 13 5 
20181000 20181053 2 -3 1 -54 -18 -49 -54 -19 -53 49 -35 87 87 25 20 20 10 9 29 35 45 55 16 11 11 5 
20366500 20366660 2 -1 1 -57 -20 -52 -59 -25 -56 46 -33 88 88 25 20 18 10 10 30 35 45 55 16 10 7 5 
20476000 20476068 2 2 1 -96 -73 -91 -95 -75 -93 9 -19 96 97 25 20 17 10 10 30 35 45 55 16 13 12 5 
20518500 20518525 2 -3 1 -53 -33 -48 -51 -31 -51 51 -22 93 91 25 20 17 10 10 30 35 45 55 16 12 11 5 
