98500 98790 0 0 0 12 -19 0 7 -20 7 16 27 120 117 25 20 16 10 11 27 35 45 55 16 7 9 5 
365000 366167 0 0 0 4 -8 0 8 7 7 16 0 116 117 25 20 17 10 11 27 35 45 55 16 0 6 5 
680000 680282 0 0 0 12 -17 0 9 -16 9 18 25 110 110 25 20 17 10 11 27 35 45 55 16 4 8 5 
1070000 1070120 0 0 0 12 -15 0 11 -15 13 22 28 111 112 25 20 17 10 11 27 35 45 55 16 6 3 5 
1298500 1298779 0 0 0 6 -17 0 3 -17 3 12 19 111 112 25 20 17 10 11 27 35 45 55 16 8 8 5 
2018500 2018551 0 0 0 -7 -30 0 -6 -30 -6 3 23 116 115 25 20 17 10 10 26 35 45 55 16 11 9 5 
2333500 2333578 0 0 0 9 -19 0 9 -19 11 20 30 117 116 25 20 17 10 11 27 35 45 55 16 15 12 5 
2791000 2791035 0 0 -1 0 -21 0 0 -21 0 9 21 117 116 25 20 17 10 10 26 35 45 55 16 15 12 5 
3226000 3226099 0 0 0 12 -8 0 13 -7 14 23 20 111 112 25 20 17 10 11 27 35 45 55 16 14 11 5 
3406000 3406000 0 0 0 21 -1 0 28 1 29 38 27 111 108 25 20 17 10 11 29 35 45 55 16 14 14 5 
3491000 3491141 0 -1 1 -33 -48 -52 -30 -48 -29 -20 18 118 118 25 20 17 10 10 26 35 45 55 16 6 16 5 
3514000 3514027 0 2 1 -61 -68 -79 -63 -68 -61 -52 7 112 113 25 20 17 10 11 27 35 45 55 16 8 11 5 
3553000 3553574 0 -3 1 -31 -43 -49 -31 -43 -29 -20 14 108 109 25 20 17 10 11 29 35 45 55 16 8 14 5 
4175000 4175029 0 0 0 2 -24 0 3 -26 3 12 28 114 116 25 20 17 10 10 26 35 45 55 16 15 12 5 
4767500 4767643 0 0 0 31 -8 0 28 -9 30 39 38 112 111 25 20 17 10 11 27 35 45 55 16 8 11 5 
5165000 5165062 0 0 0 26 -10 0 20 -11 21 30 31 110 113 25 20 17 10 11 27 35 45 55 16 11 14 5 
5491000 5491092 0 0 0 22 -10 0 20 -11 20 29 31 113 112 25 20 17 10 11 27 35 45 55 16 12 14 5 
6212500 6212583 0 -1 1 -21 -38 -51 -22 -39 -22 -13 16 119 116 25 20 17 10 11 27 35 45 55 16 15 15 5 
6245000 6245123 0 2 1 -75 -81 -106 -78 -82 -77 -68 4 117 122 25 20 17 10 11 26 35 45 55 16 13 9 5 
6342500 6342618 0 -3 1 -14 -31 -46 -13 -30 -13 -4 17 116 115 25 20 17 10 11 27 35 45 55 16 12 12 5 
6500000 6500132 0 0 0 34 -8 0 31 -7 31 40 38 112 110 25 20 17 10 12 28 35 45 55 16 15 14 5 
6635000 6635125 0 0 0 22 -11 0 21 -12 23 32 34 113 113 25 20 17 10 12 28 35 45 55 16 12 15 5 
7182500 7182769 0 0 0 -7 -25 0 -7 -26 -5 4 20 116 116 25 20 17 10 11 27 35 45 55 16 12 9 5 
7546000 7547107 0 0 0 3 -21 0 2 -24 4 13 26 114 115 25 20 17 10 11 27 35 45 55 16 0 9 5 
7868000 7868114 0 -1 1 -35 -49 -50 -36 -50 -35 -26 14 119 120 25 20 17 10 11 26 35 45 55 16 13 15 5 
7970500 7971894 0 2 1 -114 -116 -133 -118 -119 -119 -110 3 120 123 25 20 17 10 11 26 35 45 55 16 1 0 5 
8068500 8068976 0 -3 1 -26 -37 -48 -19 -33 -19 -10 13 114 115 25 20 17 10 12 28 35 45 55 16 5 1 5 
8266000 8266018 0 0 0 29 -17 0 35 -16 34 43 50 110 109 25 20 17 10 12 30 35 45 55 16 14 14 5 
8331000 8331022 0 -1 1 -26 -59 -53 -30 -59 -30 -21 31 112 111 25 20 17 10 12 28 35 45 55 16 11 9 5 
8350000 8350373 0 2 1 -59 -84 -85 -64 -87 -66 -57 22 112 112 25 20 17 10 12 28 35 45 55 16 0 3 5 
8381000 8381128 0 -3 1 -24 -54 -49 -25 -54 -23 -14 30 106 108 25 20 17 10 12 30 35 45 55 16 10 14 5 
8701000 8701344 0 0 0 13 -18 0 11 -17 13 22 30 111 111 25 20 17 10 12 28 35 45 55 16 8 5 5 
9252500 9252987 0 0 0 37 -4 0 33 -3 35 44 37 109 115 25 20 17 10 13 29 35 45 55 16 8 8 5 
9526000 9526037 0 0 0 25 -13 0 28 -13 28 37 41 110 109 25 20 17 10 13 31 35 45 55 16 7 3 5 
9657500 9657601 0 0 0 40 -10 0 38 -10 39 48 47 106 106 25 20 17 10 13 31 35 45 55 16 8 5 5 
9979000 9979011 0 -1 1 -21 -42 -50 -21 -42 -20 -11 20 107 107 25 20 17 10 12 30 35 45 55 16 14 8 5 
10120000 10120112 0 2 1 -108 -99 -133 -112 -101 -112 -103 -10 116 118 25 20 17 10 11 27 35 45 55 16 5 10 5 
10209000 10209251 0 -3 1 -27 -29 -49 -27 -30 -26 -17 2 101 101 25 20 17 10 12 30 35 45 55 16 5 7 5 
10411000 10411134 0 0 0 16 -19 0 13 -20 15 24 33 104 103 25 20 17 10 12 30 35 45 55 16 10 10 5 
11450000 11450412 0 0 0 11 -21 0 5 -22 6 15 27 101 104 25 20 17 10 12 30 35 45 55 16 4 7 5 
11502500 11503593 0 0 0 30 -18 0 29 -19 29 38 47 101 101 25 20 17 10 12 30 35 45 55 16 1 0 5 
12125000 12125423 0 0 0 8 -23 0 9 -21 9 18 30 103 106 25 20 17 10 12 30 35 45 55 16 2 4 5 
14097500 14097513 0 0 0 23 -7 0 23 -6 24 33 30 102 101 25 20 17 10 13 31 35 45 55 16 4 7 5 
15672500 15672823 0 0 0 14 -10 0 17 -9 19 28 27 102 99 25 20 17 10 12 32 35 45 55 16 10 7 5 
16298500 16299361 0 0 0 15 -15 0 19 -12 19 28 30 100 103 25 20 17 10 12 30 35 45 55 16 1 9 5 
16628500 16628831 0 0 0 29 -8 0 27 -9 26 35 35 106 106 25 20 17 10 13 31 35 45 55 16 1 2 5 
16658500 16658861 0 0 0 14 -13 0 16 -14 17 26 30 104 103 25 20 17 10 13 31 35 45 55 16 1 1 5 
16707500 16707519 0 0 0 18 -11 0 18 -9 18 27 27 110 114 25 20 17 10 11 27 35 45 55 16 8 11 5 
17690000 17690312 0 0 0 14 -16 0 15 -18 16 25 32 105 103 25 20 17 10 12 30 35 45 55 16 6 7 5 
18023500 18023899 0 0 0 32 -4 0 34 -4 35 44 38 107 109 25 20 17 10 12 30 35 45 55 16 8 11 5 
18856000 18856058 0 0 0 12 -12 0 11 -12 12 21 22 113 115 25 20 16 10 11 27 35 45 55 16 3 11 5 
19426000 19426125 0 0 0 6 -14 0 7 -13 8 17 21 106 104 25 20 16 10 10 28 35 45 55 16 12 11 5 
19752500 19753587 0 0 0 17 -8 0 19 -8 19 28 26 110 113 25 20 16 10 11 27 35 45 55 16 0 13 5 
20468500 20468627 0 0 0 23 -8 0 25 -7 24 33 32 99 97 25 20 16 10 11 31 35 45 55 16 10 9 5 
20862500 20862822 0 0 0 15 -13 0 18 -9 18 27 28 102 101 25 20 16 10 11 29 35 45 55 16 7 6 5 
21064000 21064017 0 0 0 -4 -19 0 -1 -19 -2 7 17 110 108 25 20 17 10 11 29 35 45 55 16 8 7 5 
106000 106459 1 0 0 3 -22 0 1 -18 3 4 19 120 121 25 20 16 10 11 26 35 45 55 16 6 12 5 
357500 359332 1 0 0 9 7 0 6 -12 6 7 18 115 117 25 20 17 10 11 27 35 45 55 16 0 3 5 
683500 683550 1 0 0 13 -7 0 7 -11 7 8 17 114 115 25 20 17 10 11 27 35 45 55 16 7 12 5 
738000 738134 1 -1 1 -36 -35 -50 -40 -38 -41 -40 -2 117 119 25 20 17 10 11 27 35 45 55 16 9 12 5 
752500 752505 1 2 1 -72 -76 -86 -76 -83 -77 -76 6 116 115 25 20 17 10 11 27 35 45 55 16 12 6 5 
770000 771161 1 -3 1 -33 -51 -48 -26 -50 -27 -26 26 109 109 25 20 17 10 11 29 35 45 55 16 4 7 5 
842500 842550 1 -1 1 -34 -36 -51 -36 -37 -35 -34 1 117 116 25 20 17 10 11 27 35 45 55 16 9 9 5 
942000 942057 1 2 1 -74 -70 -93 -75 -72 -75 -74 -2 117 115 25 20 17 10 11 27 35 45 55 16 12 5 5 
982000 982081 1 -3 1 -29 -31 -49 -29 -32 -29 -28 2 115 115 25 20 17 10 11 27 35 45 55 16 9 9 5 
1073500 1073863 1 0 0 23 3 0 18 1 20 21 19 111 114 25 20 17 10 11 27 35 45 55 16 0 6 5 
1302500 1302541 1 0 0 8 -2 0 3 -2 3 4 4 118 120 25 20 17 10 11 26 35 45 55 16 8 13 5 
1783000 1783006 1 -1 1 -44 -49 -50 -47 -53 -46 -45 7 131 132 25 20 17 10 11 26 35 45 55 16 14 15 5 
1843500 1843574 1 2 1 -97 -88 -104 -104 -95 -103 -102 -8 122 126 25 20 17 10 11 26 35 45 55 16 13 15 5 
1924000 1924089 1 -3 1 -44 -36 -50 -46 -39 -46 -45 -9 128 130 25 20 17 10 10 25 35 45 55 16 17 17 5 
2018500 2018551 1 0 0 6 -13 0 4 -16 6 7 21 116 115 25 20 17 10 10 26 35 45 55 16 11 9 5 
2348500 2348586 1 0 0 -2 -16 0 -5 -19 -3 -2 15 115 113 25 20 17 10 11 27 35 45 55 16 15 12 5 
2791000 2791035 1 0 -1 0 -3 0 -1 -4 0 1 2 117 116 25 20 17 10 10 26 35 45 55 16 15 12 5 
3203500 3204391 1 0 0 5 6 0 -2 2 -2 -1 -5 110 111 25 20 17 10 10 26 35 45 55 16 8 14 5 
3315000 3315032 1 -1 1 -43 -36 -51 -48 -39 -46 -45 -8 110 110 25 20 17 10 11 27 35 45 55 16 14 14 5 
3331000 3331076 1 2 1 -81 -73 -90 -86 -77 -84 -83 -6 110 112 25 20 17 10 11 27 35 45 55 16 11 11 5 
3365500 3365556 1 -3 1 -41 -36 -50 -45 -39 -44 -43 -5 107 109 25 20 17 10 11 29 35 45 55 16 14 14 5 
3404500 3404507 1 0 0 10 8 0 6 4 6 7 1 111 112 25 20 17 10 11 27 35 45 55 16 14 14 5 
3482500 3482577 1 -1 1 -42 -40 -51 -47 -43 -45 -44 -3 115 115 25 20 17 10 10 26 35 45 55 16 12 15 5 
3512000 3512009 1 2 1 -148 -128 -156 -153 -133 -152 -151 -20 113 109 25 20 17 10 11 29 35 45 55 16 9 8 5 
3562000 3562553 1 -3 1 -42 -35 -49 -44 -36 -44 -43 -8 107 110 25 20 17 10 11 27 35 45 55 16 11 11 5 
3634000 3634140 1 -1 1 -45 -38 -51 -46 -40 -46 -45 -7 113 115 25 20 17 10 11 27 35 45 55 16 10 14 5 
3679000 3679129 1 2 1 -145 -114 -150 -149 -121 -149 -148 -29 113 111 25 20 17 10 11 27 35 45 55 16 15 11 5 
3703500 3703531 1 -3 1 -45 -53 -49 -48 -57 -49 -48 10 106 104 25 20 17 10 11 29 35 45 55 16 8 9 5 
3865500 3865597 1 -1 1 -50 -46 -51 -54 -49 -55 -54 -6 120 120 25 20 17 10 11 26 35 45 55 16 15 16 5 
3902500 3902587 1 2 1 -163 -135 -164 -169 -141 -168 -167 -26 123 123 25 20 17 10 10 25 35 45 55 16 16 16 5 
3924000 3924052 1 -3 1 -48 -50 -49 -46 -48 -46 -45 2 114 116 25 20 17 10 11 27 35 45 55 16 11 12 5 
4212500 4212502 1 0 0 -4 -4 0 -6 -6 -4 -3 0 115 115 25 20 17 10 10 26 35 45 55 16 12 15 5 
4567000 4567120 1 -1 1 -29 -31 -52 -36 -36 -36 -35 0 121 123 25 20 17 10 11 26 35 45 55 16 16 16 5 
4602000 4602136 1 2 1 -108 -101 -133 -118 -107 -117 -116 -11 111 110 25 20 17 10 11 27 35 45 55 16 11 11 5 
4677000 4677023 1 -3 1 -19 -12 -50 -19 -15 -20 -19 -4 109 106 25 20 17 10 11 29 35 45 55 16 11 11 5 
4771000 4771116 1 0 0 38 20 0 35 15 36 37 20 114 116 25 20 17 10 11 27 35 45 55 16 10 9 5 
4898000 4898061 1 -1 1 -15 -31 -52 -18 -32 -19 -18 15 115 113 25 20 17 10 11 27 35 45 55 16 9 9 5 
4932500 4932590 1 2 1 -129 -104 -165 -134 -109 -132 -131 -24 111 112 25 20 17 10 10 26 35 45 55 16 14 8 5 
5075500 5075634 1 -3 1 -14 -13 -49 -19 -17 -19 -18 -2 109 110 25 20 17 10 11 27 35 45 55 16 8 8 5 
5165000 5165062 1 0 0 34 15 0 24 12 23 24 10 110 113 25 20 17 10 11 27 35 45 55 16 11 14 5 
5224000 5224030 1 -1 1 -20 -29 -51 -29 -35 -28 -27 7 111 111 25 20 17 10 11 27 35 45 55 16 11 14 5 
5243500 5243591 1 2 1 -67 -61 -98 -70 -64 -72 -71 -9 113 115 25 20 17 10 11 27 35 45 55 16 15 15 5 
5274500 5274571 1 -3 1 -20 -25 -50 -21 -27 -22 -21 7 109 104 25 20 17 10 11 29 35 45 55 16 11 8 5 
5480000 5480060 1 0 0 22 11 0 18 8 16 17 9 110 110 25 20 17 10 11 27 35 45 55 16 14 14 5 
5514000 5514122 1 -1 1 -30 -32 -52 -33 -35 -31 -30 3 111 111 25 20 17 10 11 27 35 45 55 16 14 11 5 
5547000 5547043 1 2 1 -98 -81 -121 -100 -84 -100 -99 -16 108 102 25 20 17 10 11 29 35 45 55 16 13 11 5 
5589000 5589201 1 -3 1 -25 -30 -48 -27 -32 -27 -26 5 107 106 25 20 17 10 12 30 35 45 55 16 8 8 5 
5623500 5623549 1 -1 1 -28 -26 -52 -34 -30 -31 -30 -2 113 112 25 20 17 10 12 28 35 45 55 16 15 12 5 
5639500 5639598 1 2 1 -81 -65 -106 -85 -69 -84 -83 -15 125 127 25 20 17 10 12 27 35 45 55 16 16 16 5 
5698500 5698518 1 -3 1 -24 -22 -49 -26 -25 -26 -25 -1 112 106 25 20 17 10 10 28 35 45 55 16 12 8 5 
5805500 5805598 1 -1 1 -24 -32 -51 -25 -35 -25 -24 11 118 117 25 20 17 10 11 27 35 45 55 16 12 13 5 
5840500 5840585 1 2 1 -129 -107 -157 -134 -111 -134 -133 -23 116 116 25 20 17 10 11 27 35 45 55 16 8 15 5 
5909000 5909074 1 -3 1 -20 -16 -49 -23 -19 -22 -21 -4 116 117 25 20 17 10 10 26 35 45 55 16 12 15 5 
6038500 6038543 1 -1 1 -20 -30 -51 -24 -31 -24 -23 6 121 122 25 20 17 10 10 25 35 45 55 16 15 13 5 
6245500 6245748 1 2 1 -180 -142 -215 -187 -147 -185 -184 -38 117 117 25 20 17 10 11 27 35 45 55 16 10 7 5 
6362000 6362117 1 -3 1 -12 -17 -49 -14 -19 -13 -12 5 113 115 25 20 17 10 11 27 35 45 55 16 9 12 5 
6522500 6522551 1 0 0 39 -2 0 42 -4 43 44 46 110 109 25 20 17 10 12 30 35 45 55 16 14 14 5 
6657500 6657969 1 0 0 9 -16 0 5 -19 5 6 24 115 115 25 20 17 10 12 28 35 45 55 16 12 12 5 
7190000 7190323 1 0 0 -22 -18 0 -26 -20 -27 -26 -7 117 117 25 20 17 10 11 27 35 45 55 16 7 5 5 
7550000 7550321 1 0 0 -13 -14 0 -19 -16 -20 -19 -2 118 120 25 20 17 10 11 26 35 45 55 16 9 4 5 
7654000 7654115 1 -1 1 -61 -53 -50 -63 -55 -62 -61 -7 122 122 25 20 17 10 11 26 35 45 55 16 13 10 5 
7777000 7777079 1 2 1 -177 -140 -171 -184 -145 -183 -182 -39 112 109 25 20 17 10 11 29 35 45 55 16 7 6 5 
7833000 7833133 1 -3 1 -55 -32 -50 -58 -35 -58 -57 -22 112 109 25 20 17 10 11 29 35 45 55 16 5 4 5 
7860000 7860043 1 -1 1 -57 -46 -53 -60 -49 -60 -59 -13 120 119 25 20 17 10 11 27 35 45 55 16 6 10 5 
7902500 7903739 1 2 1 -244 -188 -241 -249 -191 -248 -247 -58 122 121 25 20 17 10 11 26 35 45 55 16 7 3 5 
8086500 8088545 1 -3 1 -47 -33 -49 -43 -33 -42 -41 -11 111 112 25 20 17 10 12 28 35 45 55 16 0 3 5 
8273500 8278414 1 0 0 7 -25 0 -3 -25 -4 -3 21 112 114 25 20 17 10 12 28 35 45 55 16 0 11 5 
8322000 8322100 1 -1 1 -46 -73 -51 -44 -76 -44 -43 32 109 109 25 20 17 10 12 30 35 45 55 16 11 11 5 
8362000 8362519 1 2 1 -179 -160 -181 -182 -162 -181 -180 -20 109 107 25 20 17 10 12 30 35 45 55 16 4 5 5 
8398500 8398521 1 -3 1 -49 -54 -50 -53 -58 -54 -53 4 107 107 25 20 17 10 12 30 35 45 55 16 11 8 5 
8686000 8686092 1 0 0 -16 -38 0 -15 -42 -14 -13 26 111 109 25 20 17 10 12 30 35 45 55 16 11 4 5 
9252500 9252987 1 0 0 39 8 0 28 5 28 29 22 109 115 25 20 17 10 13 29 35 45 55 16 8 8 5 
9533500 9533541 1 0 0 17 -7 0 18 -10 17 18 27 109 108 25 20 17 10 13 31 35 45 55 16 11 8 5 
9661000 9661177 1 0 0 22 -7 0 18 -11 17 18 27 106 105 25 20 17 10 13 31 35 45 55 16 7 5 5 
9808000 9808534 1 -1 1 -27 -25 -52 -34 -29 -33 -32 -4 108 111 25 20 17 10 12 28 35 45 55 16 2 11 5 
9848500 9848607 1 2 1 -63 -63 -89 -70 -67 -69 -68 -4 106 110 25 20 17 10 13 29 35 45 55 16 11 9 5 
9899500 9899616 1 -3 1 -22 -27 -50 -24 -29 -23 -22 5 105 107 25 20 17 10 13 31 35 45 55 16 5 8 5 
9944500 9944620 1 -1 1 -22 -24 -50 -23 -25 -22 -21 3 105 108 25 20 17 10 12 30 35 45 55 16 7 4 5 
10073500 10073769 1 2 1 -218 -150 -250 -224 -154 -224 -223 -69 106 103 25 20 17 10 12 30 35 45 55 16 6 8 5 
10237000 10237011 1 -3 1 -15 2 -50 -16 -1 -15 -14 -16 103 103 25 20 17 10 12 30 35 45 55 16 10 8 5 
10411000 10411134 1 0 0 39 13 0 37 10 39 40 28 104 103 25 20 17 10 12 30 35 45 55 16 10 10 5 
11468500 11468582 1 0 0 30 12 0 27 9 27 28 17 102 101 25 20 17 10 12 30 35 45 55 16 4 8 5 
11525000 11525058 1 0 0 48 20 0 40 16 41 42 25 103 102 25 20 17 10 12 30 35 45 55 16 8 10 5 
12117500 12117765 1 0 0 39 16 0 38 16 39 40 23 101 101 25 20 17 10 12 30 35 45 55 16 4 4 5 
14105000 14105243 1 0 0 47 21 0 44 18 45 46 27 100 97 25 20 17 10 13 33 35 45 55 16 5 5 5 
15665000 15665323 1 0 0 38 30 0 33 27 34 35 7 102 103 25 20 17 10 12 30 35 45 55 16 7 8 5 
15813500 15813504 1 -1 1 -14 -18 -51 -13 -17 -13 -12 4 109 107 25 20 17 10 12 30 35 45 55 16 4 9 5 
15860500 15860504 1 2 1 -105 -85 -141 -107 -87 -105 -104 -20 113 116 25 20 17 10 12 28 35 45 55 16 12 10 5 
15891500 15891591 1 -3 1 -14 -7 -50 -15 -8 -15 -14 -7 103 102 25 20 17 10 12 30 35 45 55 16 7 7 5 
16310000 16310000 1 0 0 32 15 0 27 14 26 27 13 108 113 25 20 17 10 12 28 35 45 55 16 10 9 5 
16418500 16418508 1 -1 1 -4 -4 -52 -7 -6 -7 -6 -1 105 106 25 20 17 10 11 29 35 45 55 16 3 3 5 
16462000 16462258 1 2 1 -135 -115 -188 -140 -119 -140 -139 -20 110 114 25 20 17 10 11 27 35 45 55 16 9 9 5 
16493500 16494932 1 -3 1 9 2 -49 8 1 8 9 6 102 101 25 20 17 10 11 29 35 45 55 16 1 1 5 
16598500 16598977 1 0 0 73 38 0 70 36 70 71 34 107 102 25 20 17 10 13 31 35 45 55 16 4 1 5 
16647500 16648052 1 0 0 64 31 0 60 27 61 62 33 103 106 25 20 17 10 13 31 35 45 55 16 1 3 5 
16707500 16707519 1 0 0 27 12 0 26 12 26 27 14 110 114 25 20 17 10 11 27 35 45 55 16 8 11 5 
16805500 16806114 1 -1 1 -25 -27 -51 -34 -34 -32 -31 1 105 111 25 20 17 10 11 27 35 45 55 16 0 11 5 
16832000 16832059 1 2 1 -80 -75 -106 -83 -79 -82 -81 -5 100 89 25 20 17 10 11 31 35 45 55 16 6 12 5 
16914000 16914011 1 -3 1 -24 -15 -50 -29 -16 -29 -28 -13 101 103 25 20 17 10 11 29 35 45 55 16 13 13 5 
17150000 17150013 1 -1 1 -29 -14 -52 -33 -17 -33 -32 -16 116 117 25 20 17 10 10 26 35 45 55 16 15 15 5 
17178000 17178039 1 2 1 -85 -60 -107 -89 -64 -90 -89 -26 113 111 25 20 17 10 10 26 35 45 55 16 14 14 5 
17233000 17233055 1 -3 1 -28 -19 -50 -34 -25 -35 -34 -11 113 113 25 20 17 10 10 26 35 45 55 16 14 15 5 
17241500 17241514 1 -1 1 -28 -14 -50 -30 -14 -30 -29 -16 114 115 25 20 17 10 10 26 35 45 55 16 12 12 5 
17323500 17323605 1 2 1 -74 -54 -95 -78 -57 -78 -77 -20 107 108 25 20 17 10 10 28 35 45 55 16 14 14 5 
17353000 17353024 1 -3 1 -29 -13 -50 -31 -17 -32 -31 -15 104 103 25 20 17 10 10 28 35 45 55 16 13 10 5 
17416000 17416029 1 -1 1 -30 -31 -51 -33 -32 -32 -31 -1 113 111 25 20 17 10 11 27 35 45 55 16 6 14 5 
17457500 17457532 1 2 1 -132 -109 -152 -136 -113 -135 -134 -24 104 92 25 20 17 10 11 31 35 45 55 16 5 10 5 
17559000 17559204 1 -3 1 -30 -35 -49 -32 -36 -32 -31 3 108 108 25 20 17 10 12 30 35 45 55 16 5 8 5 
17660000 17661121 1 0 0 18 1 0 17 -3 18 19 20 108 109 25 20 17 10 12 30 35 45 55 16 2 11 5 
18046000 18047098 1 0 0 18 3 0 6 0 6 7 7 107 112 25 20 17 10 12 28 35 45 55 16 5 11 5 
18845000 18845127 1 0 0 17 12 0 13 9 13 14 4 113 110 25 20 16 10 11 27 35 45 55 16 15 14 5 
18911500 18915589 1 -1 1 -35 -32 -50 -44 -38 -43 -42 -5 112 115 25 20 16 10 11 27 35 45 55 16 0 12 5 
18927500 18927522 1 2 1 -88 -89 -103 -93 -96 -93 -92 3 104 103 25 20 16 10 11 29 35 45 55 16 10 0 5 
18957500 18957563 1 -3 1 -34 -28 -48 -39 -29 -40 -39 -12 101 106 25 20 16 10 11 29 35 45 55 16 2 12 5 
19407500 19407501 1 0 0 1 7 0 -8 3 -7 -6 -10 109 112 25 20 16 10 10 26 35 45 55 16 14 14 5 
19722500 19722532 1 0 0 8 12 0 6 8 6 7 -2 112 115 25 20 16 10 11 27 35 45 55 16 5 13 5 
20461000 20461127 1 0 0 47 23 0 41 19 43 44 23 99 103 25 20 16 10 11 29 35 45 55 16 7 4 5 
20862500 20862822 1 0 0 21 12 0 18 11 18 19 7 102 101 25 20 16 10 11 29 35 45 55 16 7 6 5 
20965000 20965227 1 -1 1 -42 -47 -52 -44 -46 -44 -43 2 118 121 25 20 16 10 12 27 35 45 55 16 9 10 5 
20994500 20994547 1 2 1 -94 -89 -100 -99 -92 -99 -98 -6 119 120 25 20 16 10 10 25 35 45 55 16 15 15 5 
21040000 21040006 1 -3 1 -48 -34 -49 -50 -36 -50 -49 -14 107 107 25 20 17 10 11 29 35 45 55 16 14 10 5 
21063000 21063469 1 0 0 -2 8 0 0 5 1 2 -5 109 109 25 20 17 10 11 29 35 45 55 16 4 11 5 
106000 106459 2 0 0 7 -26 0 1 -30 5 13 31 120 121 25 20 16 10 11 26 35 45 55 16 6 12 5 
350000 350102 2 0 0 14 -15 0 11 -18 13 21 28 119 122 25 20 17 10 11 26 35 45 55 16 9 5 5 
676000 676193 2 0 0 9 -17 0 2 -21 5 13 23 111 113 25 20 17 10 11 27 35 45 55 16 9 10 5 
1081000 1081112 2 0 0 13 -7 0 9 -10 12 20 18 113 112 25 20 17 10 11 27 35 45 55 16 7 4 5 
1302500 1302541 2 0 0 3 -18 0 -1 -19 3 11 19 118 120 25 20 17 10 11 26 35 45 55 16 8 13 5 
2018500 2018551 2 0 0 10 -15 0 7 -18 10 18 25 116 115 25 20 17 10 10 26 35 45 55 16 11 9 5 
2345000 2345067 2 0 0 5 -20 0 1 -23 3 11 24 115 116 25 20 17 10 11 27 35 45 55 16 12 12 5 
2791000 2791035 2 0 -1 0 -19 0 -2 -21 0 8 19 117 116 25 20 17 10 10 26 35 45 55 16 15 12 5 
3230000 3230125 2 0 0 13 -9 0 17 -12 20 28 28 111 109 25 20 17 10 11 29 35 45 55 16 11 14 5 
3484500 3484531 2 -1 1 -40 -51 -51 -42 -51 -39 -31 10 116 114 25 20 17 10 10 26 35 45 55 16 15 12 5 
3513000 3513101 2 2 1 -99 -105 -109 -104 -110 -101 -93 7 112 112 25 20 17 10 11 27 35 45 55 16 11 8 5 
3559500 3559524 2 -3 1 -39 -47 -49 -41 -50 -37 -29 7 104 101 25 20 17 10 11 29 35 45 55 16 7 13 5 
3639000 3639095 2 -1 1 -42 -55 -51 -46 -61 -43 -35 16 112 113 25 20 17 10 11 27 35 45 55 16 14 15 5 
3679000 3679129 2 2 1 -111 -106 -120 -118 -112 -115 -107 -5 113 111 25 20 17 10 11 27 35 45 55 16 15 11 5 
3705500 3705796 2 -3 1 -41 -52 -50 -44 -55 -40 -32 11 105 107 25 20 17 10 11 29 35 45 55 16 8 13 5 
3866500 3866585 2 -1 1 -43 -59 -50 -48 -63 -44 -36 14 120 121 25 20 17 10 11 26 35 45 55 16 16 15 5 
3902500 3902587 2 2 1 -115 -118 -122 -124 -125 -122 -114 1 123 123 25 20 17 10 10 25 35 45 55 16 16 16 5 
3922500 3922591 2 -3 1 -42 -59 -48 -40 -63 -36 -28 22 114 105 25 20 17 10 11 29 35 45 55 16 14 9 5 
4238500 4238600 2 0 0 4 -12 0 0 -15 3 11 15 113 111 25 20 17 10 10 26 35 45 55 16 14 12 5 
4570500 4570722 2 -1 1 -33 -42 -51 -36 -51 -33 -25 13 122 122 25 20 17 10 11 26 35 45 55 16 13 16 5 
4601000 4601023 2 2 1 -76 -85 -96 -75 -88 -71 -63 12 112 109 25 20 17 10 11 29 35 45 55 16 12 10 5 
4662000 4662050 2 -3 1 -28 -30 -50 -31 -34 -28 -20 2 107 106 25 20 17 10 11 29 35 45 55 16 11 11 5 
4778500 4778520 2 0 0 27 8 0 22 5 25 33 17 110 113 25 20 17 10 11 27 35 45 55 16 11 13 5 
4899500 4899508 2 -1 1 -24 -41 -51 -34 -46 -29 -21 13 113 115 25 20 17 10 11 27 35 45 55 16 6 8 5 
4932000 4932057 2 2 1 -93 -93 -120 -96 -98 -93 -85 1 111 112 25 20 17 10 10 26 35 45 55 16 14 9 5 
5070500 5070535 2 -3 1 -23 -29 -50 -28 -33 -25 -17 6 110 111 25 20 17 10 11 27 35 45 55 16 14 11 5 
5176000 5176085 2 0 0 28 2 0 24 -2 28 36 27 112 114 25 20 17 10 11 27 35 45 55 16 11 14 5 
5472500 5472555 2 0 0 20 -6 0 22 -8 27 35 31 110 108 25 20 17 10 11 29 35 45 55 16 11 14 5 
5520000 5520158 2 -1 1 -31 -45 -51 -28 -49 -25 -17 19 110 108 25 20 17 10 11 29 35 45 55 16 11 11 5 
5550000 5550531 2 2 1 -74 -79 -95 -77 -84 -74 -66 6 108 106 25 20 17 10 11 29 35 45 55 16 11 8 5 
5588500 5588633 2 -3 1 -28 -40 -49 -32 -46 -28 -20 13 107 105 25 20 17 10 12 30 35 45 55 16 8 6 5 
5630000 5630014 2 -1 1 -29 -36 -50 -33 -39 -29 -21 5 123 128 25 20 17 10 12 27 35 45 55 16 13 13 5 
5640000 5640074 2 2 1 -68 -62 -89 -73 -66 -69 -61 -7 125 126 25 20 17 10 12 27 35 45 55 16 16 16 5 
5688500 5688793 2 -3 1 -28 -35 -50 -31 -38 -29 -21 8 107 109 25 20 17 10 11 29 35 45 55 16 11 5 5 
5808500 5808590 2 -1 1 -28 -45 -51 -34 -52 -30 -22 18 119 117 25 20 17 10 11 27 35 45 55 16 13 15 5 
5840500 5840585 2 2 1 -89 -91 -112 -93 -96 -91 -83 2 116 116 25 20 17 10 11 27 35 45 55 16 8 15 5 
5905500 5905529 2 -3 1 -26 -38 -50 -29 -42 -27 -19 13 114 112 25 20 17 10 10 26 35 45 55 16 12 15 5 
6044500 6044614 2 -1 1 -26 -46 -51 -30 -51 -28 -20 21 122 121 25 20 17 10 10 25 35 45 55 16 16 16 5 
6071500 6071623 2 2 1 -92 -101 -117 -96 -105 -92 -84 8 118 114 25 20 17 10 11 27 35 45 55 16 16 15 5 
6170000 6170016 2 -3 1 -25 -36 -50 -28 -38 -25 -17 11 117 114 25 20 17 10 11 27 35 45 55 16 10 9 5 
6204000 6204063 2 -1 1 -25 -39 -50 -30 -43 -27 -19 14 117 120 25 20 17 10 11 26 35 45 55 16 15 15 5 
6244500 6244506 2 2 1 -126 -117 -152 -128 -120 -124 -116 -7 118 122 25 20 17 10 11 26 35 45 55 16 15 9 5 
6352500 6352517 2 -3 1 -23 -31 -49 -26 -35 -23 -15 9 115 115 25 20 17 10 11 27 35 45 55 16 9 3 5 
6567500 6567517 2 0 0 28 -7 0 25 -10 28 36 36 110 108 25 20 17 10 12 30 35 45 55 16 14 14 5 
6665000 6665115 2 0 0 14 -16 0 9 -18 11 19 26 112 113 25 20 17 10 12 28 35 45 55 16 9 14 5 
7186000 7186079 2 0 0 -10 -23 0 -13 -27 -12 -4 15 117 119 25 20 17 10 11 27 35 45 55 16 6 15 5 
7550000 7550321 2 0 0 -10 -19 0 -14 -19 -12 -4 5 118 120 25 20 17 10 11 26 35 45 55 16 9 4 5 
7700000 7701014 2 -1 1 -56 -61 -50 -61 -65 -58 -50 5 122 127 25 20 17 10 11 26 35 45 55 16 0 16 5 
7777500 7777652 2 2 1 -135 -119 -131 -141 -124 -139 -131 -18 111 106 25 20 17 10 11 29 35 45 55 16 8 5 5 
7830000 7831248 2 -3 1 -52 -41 -49 -52 -41 -50 -42 -10 110 113 25 20 17 10 11 27 35 45 55 16 2 5 5 
7860000 7860043 2 -1 1 -53 -51 -51 -57 -54 -53 -45 -2 120 119 25 20 17 10 11 27 35 45 55 16 6 10 5 
7902500 7903739 2 2 1 -178 -149 -177 -183 -152 -181 -173 -31 122 121 25 20 17 10 11 26 35 45 55 16 7 3 5 
8095000 8096928 2 -3 1 -46 -33 -50 -46 -34 -44 -36 -13 110 109 25 20 17 10 12 30 35 45 55 16 0 2 5 
8281000 8281017 2 0 0 9 -22 0 6 -26 11 19 33 108 105 25 20 17 10 12 30 35 45 55 16 12 11 5 
8322500 8322510 2 -1 1 -47 -67 -53 -48 -72 -46 -38 25 110 109 25 20 17 10 12 30 35 45 55 16 11 8 5 
8353000 8353066 2 2 1 -133 -131 -137 -138 -138 -135 -127 0 110 114 25 20 17 10 12 28 35 45 55 16 1 2 5 
8393500 8393668 2 -3 1 -49 -58 -50 -53 -62 -49 -41 10 109 109 25 20 17 10 12 30 35 45 55 16 8 11 5 
8682500 8682610 2 0 0 -19 -37 0 -24 -40 -21 -13 16 112 111 25 20 17 10 12 28 35 45 55 16 11 12 5 
9286000 9286076 2 0 0 20 -4 0 20 -7 22 30 26 108 108 25 20 17 10 13 31 35 45 55 16 6 11 5 
9530000 9530509 2 0 0 2 -14 0 -5 -18 -1 7 14 111 112 25 20 17 10 13 29 35 45 55 16 8 5 5 
9665000 9665099 2 0 0 13 -7 0 9 -12 13 21 21 106 105 25 20 17 10 13 31 35 45 55 16 5 11 5 
9943000 9943040 2 -1 1 -28 -27 -51 -32 -31 -28 -20 1 104 101 25 20 17 10 12 30 35 45 55 16 13 7 5 
10073500 10073769 2 2 1 -164 -122 -192 -173 -129 -171 -163 -45 106 103 25 20 17 10 12 30 35 45 55 16 6 8 5 
10241000 10241825 2 -3 1 -17 -9 -50 -20 -13 -17 -9 -8 104 104 25 20 17 10 12 30 35 45 55 16 4 9 5 
10403500 10403606 2 0 0 39 8 0 35 4 37 45 31 104 103 25 20 17 10 12 30 35 45 55 16 10 10 5 
11472500 11472635 2 0 0 26 4 0 20 0 22 30 20 101 102 25 20 17 10 12 30 35 45 55 16 8 8 5 
11517500 11517569 2 0 0 29 6 0 27 1 30 38 27 103 99 25 20 17 10 12 32 35 45 55 16 6 4 5 
12151000 12151533 2 0 0 23 4 0 26 3 29 37 22 101 99 25 20 17 10 12 32 35 45 55 16 4 6 5 
14112500 14112574 2 0 0 25 8 0 19 4 22 30 13 102 103 25 20 17 10 13 31 35 45 55 16 5 4 5 
15680000 15680037 2 0 0 27 11 0 25 8 29 37 16 103 103 25 20 17 10 12 30 35 45 55 16 4 7 5 
15817000 15817423 2 -1 1 -26 -37 -52 -35 -44 -32 -24 9 115 115 25 20 17 10 12 28 35 45 55 16 12 15 5 
15860500 15860504 2 2 1 -80 -76 -106 -85 -78 -80 -72 -5 113 116 25 20 17 10 12 28 35 45 55 16 12 10 5 
15887000 15889373 2 -3 1 -24 -31 -49 -20 -23 -15 -7 5 103 103 25 20 17 10 12 30 35 45 55 16 0 7 5 
16310000 16310000 2 0 0 21 6 0 16 3 20 28 12 108 113 25 20 17 10 12 28 35 45 55 16 10 9 5 
16425000 16425102 2 -1 1 -19 -29 -50 -23 -34 -21 -13 10 105 109 25 20 17 10 11 29 35 45 55 16 4 10 5 
16462000 16462258 2 2 1 -102 -96 -136 -107 -101 -106 -98 -8 110 114 25 20 17 10 11 27 35 45 55 16 9 9 5 
16487000 16489194 2 -3 1 -14 -23 -50 -11 -21 -8 0 10 101 105 25 20 17 10 11 29 35 45 55 16 0 0 5 
16613500 16613614 2 0 0 47 16 0 39 11 42 50 28 101 100 25 20 17 10 13 31 35 45 55 16 1 3 5 
16651000 16652204 2 0 0 52 19 0 51 19 54 62 31 104 104 25 20 17 10 13 31 35 45 55 16 0 1 5 
16711000 16711701 2 0 0 12 -3 0 7 -9 11 19 17 112 115 25 20 17 10 11 27 35 45 55 16 5 9 5 
17158000 17158673 2 -1 1 -40 -47 -51 -50 -57 -46 -38 6 114 115 25 20 17 10 10 26 35 45 55 16 1 9 5 
17176500 17176562 2 2 1 -69 -74 -81 -72 -79 -70 -62 7 112 114 25 20 17 10 10 26 35 45 55 16 14 14 5 
17205500 17205567 2 -3 1 -37 -42 -49 -42 -48 -38 -30 5 109 105 25 20 17 10 10 28 35 45 55 16 14 14 5 
17421500 17421560 2 -1 1 -39 -36 -50 -45 -40 -43 -35 -6 120 123 25 20 17 10 11 26 35 45 55 16 7 9 5 
17457500 17457532 2 2 1 -110 -106 -122 -114 -111 -110 -102 -3 104 92 25 20 17 10 11 31 35 45 55 16 5 10 5 
17557000 17557129 2 -3 1 -38 -47 -50 -43 -51 -39 -31 10 109 109 25 20 17 10 12 30 35 45 55 16 7 5 5 
17671000 17671005 2 0 0 11 -11 0 9 -14 12 20 24 109 109 25 20 17 10 12 30 35 45 55 16 7 2 5 
18042500 18042615 2 0 0 11 -10 0 6 -13 9 17 19 109 110 25 20 17 10 12 28 35 45 55 16 11 11 5 
18852500 18852509 2 0 0 7 -1 0 3 -4 6 14 6 116 117 25 20 16 10 11 27 35 45 55 16 7 8 5 
19426000 19426125 2 0 0 8 -7 0 8 -9 11 19 16 106 104 25 20 16 10 10 28 35 45 55 16 12 11 5 
19737500 19737559 2 0 0 18 0 0 12 -4 14 22 17 110 114 25 20 16 10 11 27 35 45 55 16 2 9 5 
20442500 20444565 2 0 0 34 -3 0 32 -8 34 42 38 101 106 25 20 16 10 11 29 35 45 55 16 0 13 5 
20866000 20867043 2 0 0 19 0 0 10 -4 13 21 13 103 106 25 20 16 10 11 29 35 45 55 16 4 10 5 
21066000 21066839 2 0 0 -6 -12 0 -10 -18 -6 2 9 112 119 25 20 17 10 11 27 35 45 55 16 2 15 5 
