25250 25306 0 0 0 -13 -84 0 -14 -83 -14 119 68 94 95 25 20 17 10 13 33 35 45 55 16 12 12 5 
60750 60927 0 0 -1 0 -90 0 0 -92 0 133 91 76 73 25 20 17 10 13 33 35 45 55 16 10 9 5 
216750 216847 0 0 0 6 -75 0 6 -75 8 141 81 68 63 25 20 17 10 13 33 35 45 55 16 9 8 5 
520250 520253 0 0 0 12 -74 0 10 -74 11 144 82 76 80 25 20 17 10 12 32 35 45 55 16 10 9 5 
722750 722795 0 0 0 1 -75 0 -1 -77 0 133 77 90 90 25 20 17 10 13 33 35 45 55 16 12 12 5 
940250 940387 0 0 0 30 -67 0 28 -68 29 162 97 79 80 25 20 17 10 14 34 35 45 55 16 10 10 5 
972250 972324 0 0 0 48 -55 0 46 -58 47 180 104 87 86 25 20 17 10 14 34 35 45 55 16 11 11 5 
977250 977339 0 13 0 34 -56 13 36 -56 38 171 93 90 92 25 20 17 10 14 34 35 45 55 16 8 12 5 
983250 983378 0 0 0 -12 -70 0 -23 -72 -23 110 49 98 100 25 20 17 10 14 32 35 45 55 16 12 13 5 
999250 999269 0 0 0 69 -60 0 73 -61 73 206 134 94 94 25 20 17 10 14 34 35 45 55 16 12 12 5 
1027250 1027364 0 0 0 18 -77 0 14 -78 15 148 92 89 89 25 20 17 10 14 34 35 45 55 16 11 11 5 
1117250 1117334 0 0 0 -2 -101 0 -4 -102 -3 130 98 90 89 25 20 17 10 14 34 35 45 55 16 12 12 5 
1249750 1249832 0 0 0 3 -82 0 0 -85 1 134 84 87 85 25 20 17 10 14 34 35 45 55 16 11 10 5 
1304250 1304310 0 0 0 20 -109 0 21 -109 24 157 131 83 83 25 20 17 10 13 33 35 45 55 16 10 11 5 
1365750 1365808 0 0 0 52 -83 0 59 -81 60 193 140 84 82 25 20 17 10 13 33 35 45 55 16 11 10 5 
1411750 1411828 0 0 0 14 -83 0 16 -82 17 150 97 96 99 25 20 17 10 13 33 35 45 55 16 12 11 5 
1533750 1533824 0 0 0 10 -87 0 7 -86 9 142 95 93 94 25 20 17 10 14 34 35 45 55 16 12 12 5 
1889250 1889335 0 0 0 18 -82 0 21 -83 22 155 103 92 95 25 20 17 10 14 34 35 45 55 16 12 12 5 
2131750 2131832 0 0 0 7 -75 0 4 -75 5 138 79 76 75 25 20 17 10 14 34 35 45 55 16 10 10 5 
2152250 2152378 0 0 0 24 -66 0 26 -66 26 159 91 86 88 25 20 17 10 14 34 35 45 55 16 11 11 5 
2250750 2250846 0 0 0 22 -81 0 22 -82 24 157 105 84 83 25 20 17 10 14 34 35 45 55 16 11 11 5 
2370250 2370435 0 0 0 -6 -68 0 -7 -68 -6 127 60 64 62 25 20 17 10 14 34 35 45 55 16 8 8 5 
2508750 2508856 0 0 0 22 -59 0 24 -56 26 159 82 88 89 25 20 17 10 14 34 35 45 55 16 11 11 5 
2617250 2617313 0 0 0 16 -56 0 16 -56 17 150 72 69 68 25 20 17 10 14 34 35 45 55 16 9 9 5 
2774750 2774921 0 0 0 34 -47 0 32 -47 33 166 80 67 66 25 20 17 10 14 34 35 45 55 16 8 8 5 
2872250 2872286 0 0 0 15 -57 0 14 -57 14 147 70 65 66 25 20 17 10 13 33 35 45 55 16 8 8 5 
3208250 3208287 0 0 0 24 -55 0 23 -56 24 157 79 73 77 25 20 17 10 13 33 35 45 55 16 6 10 5 
3438750 3438768 0 0 0 66 -44 0 63 -45 65 198 108 77 73 25 20 17 10 13 33 35 45 55 16 10 10 5 
3590750 3590915 0 0 0 48 -48 0 46 -51 47 180 98 81 81 25 20 17 10 13 33 35 45 55 16 10 10 5 
3774250 3774365 0 0 0 54 -50 0 58 -50 60 193 109 79 79 25 20 17 10 13 33 35 45 55 16 10 10 5 
4024750 4025102 0 0 0 33 -58 0 35 -56 35 168 91 84 86 25 20 17 10 13 33 35 45 55 16 10 11 5 
4337750 4337831 0 0 0 17 -59 0 13 -61 14 147 74 75 75 25 20 17 10 13 33 35 45 55 16 9 9 5 
4747250 4747354 0 0 0 25 -52 0 28 -51 29 162 78 75 77 25 20 17 10 13 33 35 45 55 16 6 10 5 
5000750 5000790 0 0 0 16 -60 0 17 -59 18 151 76 87 87 25 20 17 10 13 33 35 45 55 16 11 9 5 
5362250 5362261 0 0 0 33 -55 0 33 -56 33 166 89 78 77 25 20 17 10 13 33 35 45 55 16 10 10 5 
5857250 5857279 0 0 0 18 -63 0 17 -64 16 149 79 80 79 25 20 17 10 13 33 35 45 55 16 8 10 5 
6195750 6195817 0 0 0 19 -67 0 17 -69 19 152 85 83 84 25 20 17 10 13 33 35 45 55 16 11 11 5 
6570750 6570841 0 0 0 1 -73 0 2 -74 2 135 75 80 81 25 20 17 10 13 33 35 45 55 16 10 10 5 
6833250 6833424 0 0 0 37 -54 0 36 -54 37 170 90 81 81 25 20 17 10 13 33 35 45 55 16 10 10 5 
7378250 7378336 0 0 0 23 -56 0 22 -54 23 156 76 85 87 25 20 17 10 13 33 35 45 55 16 11 8 5 
8001750 8001844 0 0 0 17 -61 0 17 -60 17 150 75 77 77 25 20 17 10 13 33 35 45 55 16 10 10 5 
8468250 8468298 0 0 0 42 -59 0 42 -59 45 178 102 82 84 25 20 17 10 13 33 35 45 55 16 10 10 5 
8781750 8781876 0 0 0 33 -53 0 33 -54 34 167 86 72 71 25 20 17 10 13 33 35 45 55 16 9 9 5 
9221250 9221426 0 0 0 15 -69 0 16 -71 16 149 86 79 78 25 20 17 10 13 33 35 45 55 16 10 10 5 
9612250 9612323 0 0 0 31 -67 0 31 -68 33 166 99 82 81 25 20 17 10 13 33 35 45 55 16 10 10 5 
9879250 9879319 0 0 0 21 -66 0 19 -66 21 154 86 75 74 25 20 17 10 13 33 35 45 55 16 10 9 5 
10182250 10182409 0 0 0 14 -73 0 19 -70 20 153 90 81 82 25 20 17 10 13 33 35 45 55 16 11 10 5 
10533750 10533894 0 0 0 43 -45 0 44 -45 45 178 90 72 71 25 20 17 10 13 33 35 45 55 16 9 9 5 
10573250 10573272 0 0 0 91 -32 0 91 -33 93 226 124 72 74 25 20 17 10 13 33 35 45 55 16 9 9 5 
10584250 10584287 0 13 0 21 -53 -16 18 -52 20 153 70 73 74 25 20 17 10 13 33 35 45 55 16 10 8 5 
10591750 10591947 0 0 0 0 -58 0 -3 -59 -2 131 56 71 68 25 20 17 10 13 33 35 45 55 16 9 9 5 
10616250 10616256 0 0 0 -12 -63 0 -13 -64 -11 122 51 70 70 25 20 17 10 13 33 35 45 55 16 9 9 5 
10717250 10717379 0 0 0 36 -55 0 36 -57 39 172 93 74 74 25 20 17 10 13 33 35 45 55 16 9 9 5 
10732250 10732304 0 0 0 39 -58 0 35 -61 36 169 97 74 70 25 20 17 10 13 33 35 45 55 16 9 9 5 
10770750 10770928 0 0 0 27 -56 0 24 -57 26 159 83 72 74 25 20 17 10 13 33 35 45 55 16 9 9 5 
10787750 10787822 0 0 0 21 -56 0 23 -54 23 156 76 77 77 25 20 17 10 13 33 35 45 55 16 10 9 5 
10797250 10797252 0 13 0 62 -48 -14 54 -51 55 188 104 75 74 25 20 17 10 13 33 35 45 55 16 10 9 5 
10800750 10800929 0 0 0 96 -34 0 108 -31 108 241 138 74 73 25 20 17 10 13 33 35 45 55 16 9 9 5 
10803750 10803927 0 13 0 69 -34 -7 71 -32 73 206 104 77 76 25 20 17 10 13 33 35 45 55 16 10 10 5 
10814250 10814391 0 0 0 5 -52 0 0 -55 1 134 56 74 77 25 20 17 10 13 33 35 45 55 16 9 9 5 
10859750 10859900 0 0 0 -14 -63 0 -14 -63 -13 120 50 65 64 25 20 17 10 13 33 35 45 55 16 8 8 5 
11346750 11346859 0 0 0 -13 -69 0 -14 -70 -12 121 57 64 64 25 20 17 10 11 31 35 45 55 16 8 8 5 
11740250 11740389 0 0 0 -29 -73 0 -30 -74 -30 103 44 64 69 25 20 17 10 12 32 35 45 55 16 8 8 5 
12131250 12131383 0 0 0 -37 -75 0 -36 -75 -35 98 40 55 58 25 20 17 10 11 31 35 45 55 16 6 5 5 
12509750 12509933 0 0 0 -41 -76 0 -43 -77 -10 91 34 53 55 25 20 17 10 11 31 35 45 55 16 7 6 5 
12689250 12689445 0 0 0 -34 -73 0 -35 -74 -34 99 38 59 66 25 20 17 10 11 31 35 45 55 16 7 7 5 
12820250 12820757 0 0 0 -43 -77 0 -46 -80 -46 87 33 51 52 25 20 17 10 11 31 35 45 55 16 4 6 5 
13236750 13236818 0 0 0 -31 -73 0 -32 -74 -32 101 41 57 63 25 20 17 10 11 31 35 45 55 16 7 7 5 
13664750 13664806 0 0 0 -34 -72 0 -36 -73 -35 98 36 59 60 25 20 17 10 11 31 35 45 55 16 7 7 5 
14118750 14118865 0 0 0 -4 -53 0 -5 -54 -4 129 50 56 56 25 20 17 10 14 34 35 45 55 16 7 7 5 
14467250 14467356 0 0 0 -13 -53 0 -13 -53 -11 122 42 64 63 25 20 17 10 14 34 35 45 55 16 8 8 5 
14684750 14684859 0 0 0 -20 -62 0 -20 -62 -20 113 41 63 60 25 20 17 10 14 34 35 45 55 16 8 8 5 
15009250 15009475 0 0 0 -13 -60 0 -15 -61 -14 119 47 61 54 25 20 17 10 14 34 35 45 55 16 8 7 5 
15325250 15325271 0 0 0 -18 -59 0 -20 -60 -18 115 42 53 52 25 20 17 10 14 34 35 45 55 16 4 7 5 
15845750 15845969 0 0 0 -6 -58 0 -7 -58 -6 127 51 55 53 25 20 17 10 14 34 35 45 55 16 7 7 5 
15931750 15931934 0 0 0 83 -34 0 77 -35 79 212 113 66 61 25 20 17 10 14 34 35 45 55 16 8 8 5 
16314250 16314426 0 0 0 94 -32 0 96 -30 97 230 127 71 72 25 20 17 10 14 34 35 45 55 16 9 9 5 
16346250 16346351 0 0 0 57 -40 0 52 -44 54 187 95 69 77 25 20 17 10 14 34 35 45 55 16 9 5 5 
16648250 16648417 0 0 0 8 -70 0 5 -72 8 141 78 73 72 25 20 17 10 14 34 35 45 55 16 9 9 5 
16819750 16819770 0 0 0 52 -50 0 53 -51 55 188 104 74 71 25 20 17 10 14 34 35 45 55 16 9 9 5 
17011750 17011877 0 0 0 17 -61 0 15 -61 16 149 75 82 82 25 20 17 10 14 34 35 45 55 16 11 10 5 
17544250 17544438 0 0 0 42 -62 0 43 -63 44 177 106 76 76 25 20 17 10 14 34 35 45 55 16 9 10 5 
17571750 17571819 0 0 0 23 -63 0 23 -64 24 157 86 93 93 25 20 17 10 14 34 35 45 55 16 12 12 5 
17582750 17582888 0 0 0 69 -46 0 68 -45 71 204 114 87 85 25 20 17 10 14 34 35 45 55 16 11 11 5 
17594250 17594309 0 0 0 12 -63 0 10 -65 12 145 75 70 69 25 20 17 10 14 34 35 45 55 16 8 9 5 
17624250 17624428 0 0 0 -6 -75 0 -12 -75 -10 123 63 72 75 25 20 17 10 15 35 35 45 55 16 9 9 5 
17626250 17626289 0 13 0 20 -68 -13 18 -69 19 152 87 76 75 25 20 17 10 15 35 35 45 55 16 9 10 5 
17629750 17629903 0 0 0 103 -47 0 122 -41 121 254 161 81 80 25 20 17 10 15 35 35 45 55 16 10 11 5 
17635750 17635799 0 0 0 96 -50 0 117 -45 117 250 163 82 85 25 20 17 10 15 35 35 45 55 16 10 11 5 
17638250 17638296 0 13 0 42 -63 -10 40 -64 41 174 105 82 83 25 20 17 10 15 35 35 45 55 16 11 10 5 
17640250 17640334 0 0 0 16 -69 0 10 -71 11 144 80 82 80 25 20 17 10 15 35 35 45 55 16 10 9 5 
17660750 17660808 0 0 0 59 -59 0 58 -60 59 192 119 82 82 25 20 17 10 15 35 35 45 55 16 10 10 5 
18007250 18007355 0 0 0 54 -65 0 55 -64 57 190 119 81 84 25 20 17 10 15 35 35 45 55 16 10 10 5 
18273750 18273831 0 0 0 34 -60 0 33 -61 34 167 94 80 78 25 20 17 10 15 35 35 45 55 16 10 10 5 
18428250 18428295 0 0 0 31 -60 0 30 -60 32 165 90 79 81 25 20 17 10 15 35 35 45 55 16 10 10 5 
18620750 18620797 0 0 0 3 -73 -24 0 -76 2 135 76 74 74 25 20 17 10 15 35 35 45 55 16 9 10 5 
18831750 18831841 0 0 0 45 -43 0 47 -41 50 183 91 70 70 25 20 17 10 15 35 35 45 55 16 9 9 5 
18899750 18899915 0 0 0 12 -55 0 11 -56 13 146 68 66 69 25 20 17 10 15 35 35 45 55 16 5 8 5 
19066750 19066914 0 0 0 56 -40 0 57 -40 58 191 97 84 84 25 20 17 10 15 35 35 45 55 16 11 11 5 
19160750 19160786 0 0 0 21 -52 0 21 -50 22 155 71 75 72 25 20 17 10 15 35 35 45 55 16 9 10 5 
19283250 19283341 0 0 0 29 -53 0 23 -54 23 156 76 82 82 25 20 17 10 15 35 35 45 55 16 10 11 5 
19303250 19303318 0 0 0 18 -63 0 27 -64 29 162 93 97 99 25 20 17 10 15 35 35 45 55 16 12 12 5 
19314250 19314405 0 0 0 93 -44 0 85 -47 86 219 134 89 89 25 20 17 10 15 35 35 45 55 16 11 11 5 
19363250 19363276 0 0 0 30 -68 0 21 -76 22 155 97 104 106 25 20 17 10 15 33 35 45 55 16 13 12 5 
19375250 19375384 0 0 0 131 -60 0 134 -58 134 267 191 94 97 25 20 17 10 15 35 35 45 55 16 12 12 5 
19379750 19379863 0 0 0 131 -62 0 131 -69 133 266 202 98 97 25 20 17 10 15 35 35 45 55 16 12 13 5 
19388250 19388302 0 0 0 60 -87 0 83 -95 84 217 179 100 99 25 20 17 10 15 35 35 45 55 16 13 13 5 
19393250 19393329 0 0 0 98 -79 0 101 -79 101 234 181 98 97 25 20 17 10 15 35 35 45 55 16 12 13 5 
19399750 19399888 0 0 0 9 -104 0 8 -110 10 143 119 103 104 25 20 17 10 15 33 35 45 55 16 13 13 5 
19418250 19418286 0 0 0 70 -77 0 73 -78 74 207 151 95 96 25 20 17 10 15 35 35 45 55 16 10 12 5 
19447250 19447329 0 0 0 -2 -100 0 -4 -97 -3 130 94 94 99 25 20 17 10 15 35 35 45 55 16 12 12 5 
19452250 19452396 0 0 0 43 -87 0 43 -87 45 178 131 87 85 25 20 17 10 15 35 35 45 55 16 11 10 5 
19476750 19476773 0 0 0 -7 -98 0 -7 -98 -7 126 91 106 107 25 20 17 10 15 33 35 45 55 16 14 14 5 
19498250 19498271 0 0 0 99 -80 0 102 -81 103 236 181 96 94 25 20 17 10 15 35 35 45 55 16 12 12 5 
19531750 19531907 0 0 0 -2 -108 0 -8 -108 -8 125 101 89 90 25 20 17 10 15 35 35 45 55 16 11 11 5 
19593750 19593844 0 0 0 35 -68 0 34 -72 35 168 107 88 90 25 20 17 10 15 35 35 45 55 16 11 11 5 
19986750 19986893 0 0 0 45 -52 0 45 -51 47 180 97 79 75 25 20 17 10 15 35 35 45 55 16 10 10 5 
20021250 20021398 0 0 0 46 -40 0 42 -45 45 178 87 87 88 25 20 17 10 15 35 35 45 55 16 11 11 5 
20212250 20212293 0 0 0 100 -37 0 99 -38 99 232 137 77 78 25 20 17 10 15 35 35 45 55 16 10 10 5 
20314750 20314757 0 0 0 89 -70 0 94 -71 94 227 164 85 89 25 20 17 10 15 35 35 45 55 16 11 11 5 
20336250 20336340 0 0 0 32 -78 0 29 -78 30 163 108 79 83 25 20 17 10 15 35 35 45 55 16 9 10 5 
20400750 20400936 0 0 0 42 -73 0 41 -73 41 174 114 74 74 25 20 17 10 14 34 35 45 55 16 9 9 5 
20422250 20422407 0 0 0 16 -69 0 14 -69 15 148 85 71 68 25 20 17 10 14 34 35 45 55 16 9 9 5 
20436750 20436865 0 0 0 17 -67 0 11 -67 11 144 78 73 72 25 20 17 10 14 34 35 45 55 16 9 9 5 
20444750 20444879 0 0 0 43 -73 0 45 -73 47 180 118 81 82 25 20 17 10 14 34 35 45 55 16 9 10 5 
20456250 20456300 0 0 0 61 -49 0 65 -48 66 199 114 75 75 25 20 17 10 14 34 35 45 55 16 10 9 5 
20464750 20464764 0 0 0 -3 -65 0 -6 -67 -4 129 61 73 72 25 20 17 10 14 34 35 45 55 16 9 9 5 
20479250 20479399 0 0 0 92 -47 7 91 -47 93 226 137 75 73 25 20 17 10 14 34 35 45 55 16 9 10 5 
20502250 20502400 0 0 0 10 -72 0 8 -73 9 142 81 93 94 25 20 17 10 13 33 35 45 55 16 12 12 5 
20517750 20517776 0 0 0 42 -68 0 42 -67 43 176 109 92 93 25 20 17 10 13 33 35 45 55 16 12 12 5 
20540750 20540819 0 0 0 93 -57 0 97 -55 98 231 152 81 80 25 20 17 10 13 33 35 45 55 16 10 10 5 
20557250 20557433 0 0 0 22 -81 0 22 -82 23 156 103 72 73 25 20 17 10 13 33 35 45 55 16 9 9 5 
20584250 20584454 0 0 0 -3 -83 0 -5 -86 -5 128 81 68 69 25 20 17 10 12 32 35 45 55 16 9 8 5 
20621250 20621348 0 0 0 13 -64 0 11 -65 11 144 77 63 60 25 20 17 10 12 32 35 45 55 16 8 8 5 
20632250 20632342 0 0 0 7 -77 0 6 -78 7 140 85 73 78 25 20 17 10 12 32 35 45 55 16 10 9 5 
20647250 20647282 0 0 0 114 -29 0 114 -30 116 249 144 65 60 25 20 17 10 12 32 35 45 55 16 8 8 5 
20660750 20660777 0 0 0 160 -22 0 172 -16 173 306 187 76 78 25 20 17 10 12 32 35 45 55 16 10 10 5 
20684750 20684758 0 0 0 32 -61 0 29 -63 32 165 95 75 75 25 20 17 10 12 32 35 45 55 16 10 9 5 
20697750 20697867 0 0 0 23 -57 0 21 -58 21 154 79 63 60 25 20 17 10 12 32 35 45 55 16 8 8 5 
20739250 20739261 0 0 0 19 -59 0 19 -58 20 153 77 64 73 25 20 17 10 12 32 35 45 55 16 8 8 5 
20853750 20853816 0 0 0 23 -49 0 21 -50 22 155 70 61 61 25 20 17 10 14 34 35 45 55 16 7 8 5 
21039250 21039388 0 0 0 63 -31 0 64 -31 64 197 95 69 67 25 20 17 10 15 35 35 45 55 16 9 9 5 
21091250 21091263 0 0 0 33 -51 0 28 -57 28 161 84 86 86 25 20 17 10 15 35 35 45 55 16 11 11 5 
21131250 21131269 0 0 0 66 -41 0 63 -42 64 197 105 81 82 25 20 17 10 15 35 35 45 55 16 7 10 5 
21165750 21165885 0 0 0 53 -53 0 53 -52 55 188 106 65 69 25 20 17 10 15 35 35 45 55 16 8 8 5 
21250250 21250309 0 0 0 40 -51 0 38 -52 39 172 91 72 70 25 20 17 10 15 35 35 45 55 16 9 9 5 
21368250 21368299 0 0 0 56 -40 0 55 -41 56 189 97 66 67 25 20 17 10 15 35 35 45 55 16 8 9 5 
21434250 21434257 0 0 0 55 -44 0 57 -44 59 192 101 66 66 25 20 17 10 15 35 35 45 55 16 8 9 5 
21750 21895 1 0 0 -5 -98 0 -2 -97 -4 105 95 91 91 25 20 17 10 13 33 35 45 55 16 12 12 5 
60750 60927 1 0 -1 0 -95 0 0 -94 0 109 94 76 73 25 20 17 10 13 33 35 45 55 16 10 9 5 
233250 233451 1 0 0 -43 -105 0 -43 -102 -44 65 62 73 76 25 20 17 10 13 33 35 45 55 16 9 9 5 
523250 523418 1 0 0 -37 -109 0 -37 -109 -38 71 73 77 78 25 20 17 10 12 32 35 45 55 16 10 10 5 
717250 717400 1 0 0 -41 -115 0 -37 -113 -36 73 76 82 83 25 20 17 10 13 33 35 45 55 16 10 11 5 
778250 778390 1 -1 1 -103 -206 -51 -107 -203 -109 0 97 102 101 25 20 17 10 14 32 35 45 55 16 13 13 5 
828750 829198 1 2 1 -218 -298 -157 -232 -304 -236 -127 70 101 102 25 20 17 10 14 32 35 45 55 16 10 13 5 
835750 835795 1 -3 1 -109 -230 -46 -98 -236 -98 11 138 99 99 25 20 17 10 14 34 35 45 55 16 13 13 5 
922250 922381 1 0 0 -78 -142 0 -85 -145 -86 23 60 78 83 25 20 17 10 14 34 35 45 55 16 9 10 5 
941250 941319 1 0 0 -51 -118 0 -56 -120 -56 53 66 80 80 25 20 17 10 14 34 35 45 55 16 10 10 5 
971250 971287 1 0 0 4 -104 0 9 -100 9 118 109 87 87 25 20 17 10 14 34 35 45 55 16 8 11 5 
977250 977339 1 13 0 -10 -123 10 -9 -122 -11 98 113 90 92 25 20 17 10 14 34 35 45 55 16 8 12 5 
987250 987362 1 0 0 -62 -175 0 -64 -178 -66 43 114 96 95 25 20 17 10 14 34 35 45 55 16 12 12 5 
1003250 1003397 1 0 0 -13 -150 0 -8 -149 -10 99 141 94 92 25 20 17 10 14 34 35 45 55 16 11 12 5 
1032250 1032413 1 0 0 -4 -125 0 -6 -124 -7 102 119 88 88 25 20 17 10 14 34 35 45 55 16 10 11 5 
1124750 1124786 1 0 0 -32 -155 0 -33 -156 -34 75 123 89 90 25 20 17 10 14 34 35 45 55 16 11 12 5 
1245750 1245893 1 0 0 35 -124 0 38 -122 38 147 161 90 92 25 20 17 10 14 34 35 45 55 16 12 12 5 
1307750 1307896 1 0 0 -9 -122 0 -9 -120 -9 100 112 83 81 25 20 17 10 13 33 35 45 55 16 11 10 5 
1365750 1365808 1 0 0 19 -93 0 23 -91 23 132 115 84 82 25 20 17 10 13 33 35 45 55 16 11 10 5 
1444750 1444811 1 -1 1 -40 -144 -51 -52 -142 -52 57 91 100 101 25 20 17 10 13 31 35 45 55 16 13 13 5 
1467750 1467757 1 2 1 -159 -265 -168 -169 -271 -169 -60 104 105 104 25 20 17 10 13 31 35 45 55 16 14 13 5 
1474250 1474361 1 -3 1 -33 -207 -41 -21 -208 -21 88 188 100 99 25 20 17 10 13 33 35 45 55 16 13 13 5 
1529250 1529347 1 0 0 3 -135 14 0 -136 -1 108 137 96 98 25 20 17 10 14 34 35 45 55 16 12 12 5 
1909750 1909858 1 0 0 19 -110 0 19 -109 19 128 127 94 93 25 20 17 10 14 34 35 45 55 16 12 12 5 
1971750 1971858 1 0 0 26 -110 0 28 -109 26 135 138 88 88 25 20 17 10 14 34 35 45 55 16 11 11 5 
1988250 1988313 1 0 0 -4 -115 0 -2 -113 -3 106 111 93 92 25 20 17 10 14 34 35 45 55 16 12 12 5 
2015750 2015781 1 0 0 -49 -127 0 -49 -128 -50 59 79 74 70 25 20 17 10 14 34 35 45 55 16 9 9 5 
2129250 2129267 1 0 0 -32 -109 0 -32 -109 -33 76 77 75 77 25 20 17 10 14 34 35 45 55 16 9 10 5 
2137750 2137776 1 13 0 10 -95 9 8 -97 9 118 106 87 89 25 20 17 10 14 34 35 45 55 16 11 11 5 
2149750 2149893 1 0 0 49 -80 0 47 -83 47 156 130 86 85 25 20 17 10 14 34 35 45 55 16 11 11 5 
2266250 2266291 1 0 0 19 -106 0 15 -108 13 122 123 92 92 25 20 17 10 14 34 35 45 55 16 10 12 5 
2272750 2272850 1 13 0 28 -103 34 27 -104 26 135 132 90 90 25 20 17 10 14 34 35 45 55 16 12 11 5 
2285750 2285823 1 0 0 -55 -124 0 -56 -126 -59 50 69 75 75 25 20 17 10 14 34 35 45 55 16 9 10 5 
2370750 2370901 1 0 0 -83 -128 0 -84 -128 -85 24 45 64 65 25 20 17 10 14 34 35 45 55 16 8 8 5 
2386750 2386952 1 13 0 -34 -106 2 -35 -107 -38 71 70 71 72 25 20 17 10 14 34 35 45 55 16 9 9 5 
2392250 2392267 1 0 0 -20 -99 0 -21 -100 -22 87 81 72 72 25 20 17 10 14 34 35 45 55 16 9 9 5 
2403750 2403764 1 0 0 -36 -103 0 -37 -104 -38 71 67 69 68 25 20 17 10 14 34 35 45 55 16 9 9 5 
2431750 2431759 1 0 0 -11 -93 0 -14 -93 -13 96 80 75 72 25 20 17 10 14 34 35 45 55 16 9 10 5 
2458250 2458433 1 0 0 -39 -114 0 -38 -113 -40 69 74 70 73 25 20 17 10 14 34 35 45 55 16 9 9 5 
2489750 2489825 1 0 0 -12 -91 0 -12 -91 -15 94 78 74 81 25 20 17 10 14 34 35 45 55 16 10 9 5 
2513250 2513358 1 0 0 29 -79 0 28 -82 26 135 110 90 93 25 20 17 10 14 34 35 45 55 16 11 11 5 
2639750 2639758 1 0 0 -23 -91 0 -25 -92 -26 83 69 69 72 25 20 17 10 14 34 35 45 55 16 9 9 5 
2769250 2769265 1 0 0 4 -79 0 5 -78 3 112 82 69 70 25 20 17 10 14 34 35 45 55 16 8 9 5 
2897750 2897956 1 0 0 -30 -84 0 -29 -83 -29 80 54 65 67 25 20 17 10 13 33 35 45 55 16 8 8 5 
3255750 3255810 1 0 0 -14 -82 0 -15 -84 -17 92 67 72 72 25 20 17 10 13 33 35 45 55 16 9 9 5 
3438750 3438768 1 0 0 24 -64 0 27 -63 25 134 90 77 73 25 20 17 10 13 33 35 45 55 16 10 10 5 
3606750 3606788 1 0 0 8 -64 0 7 -63 6 115 71 71 72 25 20 17 10 13 33 35 45 55 16 9 9 5 
3741750 3741861 1 0 0 46 -52 0 46 -53 45 154 99 81 79 25 20 17 10 13 33 35 45 55 16 10 10 5 
4012250 4012278 1 0 0 10 -67 0 7 -70 5 114 78 74 72 25 20 17 10 13 33 35 45 55 16 9 10 5 
4328250 4328373 1 0 0 -11 -80 0 -12 -84 -12 97 73 74 75 25 20 17 10 13 33 35 45 55 16 9 9 5 
4780250 4780342 1 0 0 7 -76 0 7 -76 6 115 83 84 89 25 20 17 10 13 33 35 45 55 16 11 11 5 
5004250 5004289 1 0 0 -11 -99 0 -10 -99 -12 97 88 88 90 25 20 17 10 13 33 35 45 55 16 8 11 5 
5402750 5402942 1 0 0 7 -81 0 6 -83 5 114 89 76 75 25 20 17 10 13 33 35 45 55 16 10 10 5 
6041250 6041305 1 0 0 -6 -85 0 -6 -87 -6 103 81 82 81 25 20 17 10 13 33 35 45 55 16 11 10 5 
6529750 6529806 1 0 0 -11 -98 0 -11 -98 -12 97 88 80 81 25 20 17 10 13 33 35 45 55 16 10 10 5 
6848250 6848268 1 0 0 12 -86 0 14 -87 13 122 100 80 81 25 20 17 10 13 33 35 45 55 16 10 10 5 
7390250 7390278 1 0 0 -21 -106 0 -27 -110 -28 81 84 83 83 25 20 17 10 13 33 35 45 55 16 11 10 5 
7411250 7411331 1 -1 1 -71 -148 -51 -67 -144 -69 40 74 92 93 25 20 17 10 13 33 35 45 55 16 12 12 5 
7695750 7695764 1 2 1 -432 -419 -425 -436 -422 -438 -329 -15 104 106 25 20 17 10 13 31 35 45 55 16 13 13 5 
7946750 7946797 1 -3 1 -44 -134 -49 -45 -136 -46 63 91 80 79 25 20 17 10 13 33 35 45 55 16 10 10 5 
8035250 8035310 1 0 0 9 -102 0 10 -102 9 118 113 79 78 25 20 17 10 13 33 35 45 55 16 10 10 5 
8476750 8476940 1 0 0 21 -87 0 19 -89 16 125 106 81 79 25 20 17 10 13 33 35 45 55 16 10 10 5 
8774750 8774764 1 0 0 7 -75 0 6 -76 5 114 82 72 73 25 20 17 10 13 33 35 45 55 16 9 9 5 
9229750 9229770 1 0 0 -6 -92 0 -6 -92 -7 102 86 75 74 25 20 17 10 13 33 35 45 55 16 9 10 5 
9492250 9492335 1 0 0 6 -92 0 4 -92 3 112 98 80 81 25 20 17 10 13 33 35 45 55 16 10 10 5 
9701250 9701273 1 0 0 29 -89 0 30 -90 31 140 120 84 85 25 20 17 10 13 33 35 45 55 16 11 11 5 
9911250 9911250 1 0 0 5 -94 0 6 -94 5 114 101 79 79 25 20 17 10 13 33 35 45 55 16 10 10 5 
10146750 10146897 1 0 0 59 -71 0 58 -72 57 166 130 91 94 25 20 17 10 13 33 35 45 55 16 12 11 5 
10261750 10261815 1 0 0 -8 -97 0 -8 -97 -8 101 89 78 77 25 20 17 10 13 33 35 45 55 16 10 10 5 
10573250 10573272 1 0 0 -5 -81 0 -6 -82 -7 102 77 72 74 25 20 17 10 13 33 35 45 55 16 9 9 5 
10606750 10606800 1 0 0 33 -83 0 35 -83 34 143 118 71 62 25 20 17 10 13 33 35 45 55 16 9 9 5 
10631250 10631272 1 0 0 -32 -122 0 -29 -120 -29 80 92 69 68 25 20 17 10 13 33 35 45 55 16 9 9 5 
10636750 10636777 1 13 0 -23 -112 -6 -23 -110 -23 86 85 71 69 25 20 17 10 13 33 35 45 55 16 8 6 5 
10652750 10652776 1 0 0 26 -91 0 24 -93 22 131 117 85 86 25 20 17 10 13 33 35 45 55 16 11 11 5 
10720250 10720419 1 0 0 1 -80 0 2 -79 2 111 82 74 74 25 20 17 10 13 33 35 45 55 16 9 9 5 
10735250 10735377 1 0 0 -31 -105 0 -29 -105 -31 78 77 72 71 25 20 17 10 13 33 35 45 55 16 9 9 5 
10761750 10761940 1 0 0 -63 -115 0 -64 -116 -66 43 53 70 72 25 20 17 10 13 33 35 45 55 16 9 9 5 
10778250 10778335 1 0 0 -21 -98 0 -23 -99 -22 87 78 70 69 25 20 17 10 13 33 35 45 55 16 9 9 5 
10801750 10801946 1 0 0 15 -74 0 20 -71 17 126 88 75 76 25 20 17 10 13 33 35 45 55 16 9 10 5 
10814250 10814391 1 0 0 36 -76 0 31 -80 30 139 109 74 77 25 20 17 10 13 33 35 45 55 16 9 9 5 
10928250 10928433 1 0 0 18 -78 0 19 -78 17 126 96 65 66 25 20 17 10 12 32 35 45 55 16 8 8 5 
11413250 11413442 1 0 0 18 -69 0 17 -71 16 125 89 62 64 25 20 17 10 11 31 35 45 55 16 8 8 5 
11809750 11809915 1 0 0 2 -68 0 8 -67 6 115 75 66 61 25 20 17 10 12 32 35 45 55 16 8 8 5 
11813250 11813277 1 13 0 -24 -78 -3 -24 -79 -26 83 54 70 72 25 20 17 10 12 32 35 45 55 16 9 9 5 
11819750 11819865 1 0 0 -65 -94 0 -66 -96 -67 42 30 53 46 25 20 17 10 12 32 35 45 55 16 6 1 5 
12014250 12014333 1 0 0 -54 -95 0 -58 -96 -58 51 39 54 49 25 20 17 10 14 34 35 45 55 16 6 4 5 
12016250 12016977 1 13 0 -13 -78 12 14 -68 13 122 83 60 70 25 20 17 10 14 34 35 45 55 16 2 7 5 
12024250 12024454 1 0 0 90 -23 0 95 -22 93 202 117 52 52 25 20 17 10 14 34 35 45 55 16 6 6 5 
12090750 12090765 1 0 0 52 -58 0 60 -54 60 169 115 68 69 25 20 17 10 11 31 35 45 55 16 8 9 5 
12094250 12094983 1 13 0 16 -76 -16 1 -85 -2 107 84 70 71 25 20 17 10 11 31 35 45 55 16 6 8 5 
12102750 12102861 1 0 0 -13 -99 0 -16 -101 -17 92 85 50 49 25 20 17 10 11 31 35 45 55 16 6 6 5 
12110750 12110904 1 0 0 -23 -111 0 -20 -112 -20 89 93 49 49 25 20 17 10 11 31 35 45 55 16 6 6 5 
12398250 12398290 1 0 0 -28 -98 0 -29 -99 -29 80 71 64 59 25 20 17 10 11 31 35 45 55 16 8 8 5 
12402250 12402278 1 13 0 -9 -85 -12 -9 -85 -11 98 75 65 67 25 20 17 10 11 31 35 45 55 16 8 8 5 
12406250 12406319 1 0 0 34 -65 36 35 -64 36 145 101 57 53 25 20 17 10 11 31 35 45 55 16 8 6 5 
12418250 12418516 1 0 0 11 -79 0 11 -79 8 117 90 55 52 25 20 17 10 11 31 35 45 55 16 7 7 5 
12510750 12510833 1 0 0 -5 -87 0 -4 -85 -7 102 80 50 48 25 20 17 10 11 31 35 45 55 16 7 6 5 
12672750 12672893 1 0 0 16 -72 0 14 -73 14 123 88 64 67 25 20 17 10 11 31 35 45 55 16 8 8 5 
12695750 12695790 1 0 0 21 -73 0 20 -73 18 127 91 59 58 25 20 17 10 11 31 35 45 55 16 7 7 5 
12698750 12699176 1 13 0 -11 -88 -8 -19 -91 -21 88 71 66 70 25 20 17 10 11 31 35 45 55 16 7 9 5 
12705750 12705851 1 0 0 -62 -94 0 -61 -94 -65 44 31 60 59 25 20 17 10 12 32 35 45 55 16 7 7 5 
12719750 12719761 1 0 0 -68 -103 0 -68 -103 -70 39 35 56 54 25 20 17 10 12 32 35 45 55 16 7 7 5 
12728250 12728431 1 0 0 -8 -66 0 -11 -67 -11 98 56 72 77 25 20 17 10 12 32 35 45 55 16 9 9 5 
13141750 13141767 1 0 0 30 -59 0 30 -60 31 140 91 54 51 25 20 17 10 11 31 35 45 55 16 7 6 5 
13428250 13428323 1 0 0 32 -60 0 31 -59 29 138 90 60 61 25 20 17 10 11 31 35 45 55 16 8 7 5 
13433750 13433833 1 13 0 76 -38 9 84 -34 82 191 117 71 72 25 20 17 10 11 31 35 45 55 16 9 9 5 
13436750 13436954 1 0 0 86 -26 0 87 -25 87 196 113 66 60 25 20 17 10 11 31 35 45 55 16 9 7 5 
13672750 13672877 1 0 0 107 -12 0 105 -14 103 212 119 60 62 25 20 17 10 11 31 35 45 55 16 8 8 5 
13676250 13676372 1 13 0 77 -28 16 69 -30 66 175 100 64 60 25 20 17 10 11 31 35 45 55 16 7 8 5 
13679750 13679822 1 0 0 14 -79 0 6 -87 6 115 95 70 70 25 20 17 10 10 30 35 45 55 16 5 9 5 
13687250 13687504 1 0 0 49 -62 0 47 -62 44 153 110 58 57 25 20 17 10 10 30 35 45 55 16 7 7 5 
13729750 13730031 1 0 0 52 -52 0 48 -56 46 155 103 52 57 25 20 17 10 11 31 35 45 55 16 6 2 5 
14237750 14237873 1 0 0 45 -40 0 44 -41 43 152 85 55 60 25 20 17 10 14 34 35 45 55 16 7 7 5 
14244250 14244445 1 13 0 -66 -106 -35 -84 -118 -86 23 34 69 75 25 20 17 10 15 35 35 45 55 16 5 10 5 
14248750 14248824 1 0 0 -84 -102 -24 -84 -101 -84 25 17 57 54 25 20 17 10 15 35 35 45 55 16 7 7 5 
14308250 14308442 1 0 0 -35 -80 0 -36 -79 -37 72 42 59 56 25 20 17 10 14 34 35 45 55 16 7 7 5 
14313750 14313909 1 13 0 76 -27 31 82 -25 80 189 106 69 72 25 20 17 10 14 34 35 45 55 16 8 9 5 
14320250 14320410 1 0 0 140 15 0 138 13 136 245 124 63 65 25 20 17 10 14 34 35 45 55 16 8 8 5 
14440250 14440386 1 0 0 100 -10 0 98 -12 96 205 110 59 55 25 20 17 10 14 34 35 45 55 16 7 7 5 
14447750 14447822 1 13 0 -14 -78 -15 -16 -79 -18 91 63 69 72 25 20 17 10 14 34 35 45 55 16 8 9 5 
14456250 14456293 1 0 0 -111 -124 0 -114 -126 -115 -6 12 54 51 25 20 17 10 14 34 35 45 55 16 6 6 5 
14463250 14463323 1 13 0 -5 -75 -41 -4 -75 -6 103 70 68 65 25 20 17 10 14 34 35 45 55 16 9 9 5 
14466750 14466890 1 0 0 109 -7 0 114 -3 112 221 117 65 66 25 20 17 10 14 34 35 45 55 16 8 8 5 
14517250 14517261 1 0 0 88 -22 0 86 -23 86 195 108 61 59 25 20 17 10 14 34 35 45 55 16 8 8 5 
14522250 14522265 1 13 0 18 -61 8 13 -64 12 121 77 67 64 25 20 17 10 14 34 35 45 55 16 8 9 5 
14526750 14526807 1 0 0 -61 -106 0 -62 -106 -62 47 46 63 55 25 20 17 10 14 34 35 45 55 16 8 8 5 
14540750 14540856 1 0 0 -87 -122 0 -79 -116 -81 28 37 56 51 25 20 17 10 14 34 35 45 55 16 6 5 5 
14544250 14544739 1 13 0 0 -79 -14 37 -55 36 145 93 66 72 25 20 17 10 14 34 35 45 55 16 2 9 5 
14547250 14547449 1 0 0 101 -12 0 108 -7 107 216 117 68 67 25 20 17 10 14 34 35 45 55 16 9 8 5 
14637250 14637472 1 0 0 98 -15 0 102 -13 103 212 116 59 61 25 20 17 10 14 34 35 45 55 16 7 7 5 
14645250 14645459 1 0 0 62 -38 -4 66 -35 64 173 101 61 62 25 20 17 10 14 34 35 45 55 16 8 8 5 
14676750 14676793 1 0 0 37 -49 0 36 -51 36 145 88 64 68 25 20 17 10 14 34 35 45 55 16 8 8 5 
14684250 14684384 1 0 0 -19 -86 0 -17 -85 -20 89 66 64 63 25 20 17 10 14 34 35 45 55 16 8 8 5 
14714250 14714413 1 0 0 -67 -127 0 -66 -128 -67 42 61 53 53 25 20 17 10 14 34 35 45 55 16 7 7 5 
14849750 14849936 1 0 0 -86 -105 0 -90 -107 -91 18 17 64 61 25 20 17 10 14 34 35 45 55 16 8 8 5 
14887750 14887977 1 0 0 -7 -71 0 -8 -73 -11 98 65 69 67 25 20 17 10 14 34 35 45 55 16 9 8 5 
14918250 14918450 1 0 0 -22 -80 0 -21 -81 -21 88 61 62 59 25 20 17 10 14 34 35 45 55 16 8 8 5 
14923750 14923841 1 13 0 53 -37 34 55 -38 54 163 92 67 70 25 20 17 10 14 34 35 45 55 16 7 9 5 
14928750 14928869 1 0 0 57 -30 -8 53 -32 51 160 86 57 56 25 20 17 10 14 34 35 45 55 16 7 7 5 
15048750 15048844 1 0 0 41 -45 27 54 -39 54 163 94 58 54 25 20 17 10 14 34 35 45 55 16 7 4 5 
15052250 15052362 1 13 0 -52 -94 -22 -69 -105 -71 38 37 69 74 25 20 17 10 14 34 35 45 55 16 5 9 5 
15057250 15057477 1 0 0 -94 -118 0 -98 -120 -100 9 23 60 57 25 20 17 10 14 34 35 45 55 16 7 7 5 
15073750 15073825 1 0 0 -104 -120 -35 -107 -120 -108 1 13 60 58 25 20 17 10 14 34 35 45 55 16 7 8 5 
15077250 15077349 1 13 0 1 -73 2 10 -70 9 118 80 68 71 25 20 17 10 14 34 35 45 55 16 8 9 5 
15079750 15079896 1 0 0 90 -26 18 104 -17 104 213 123 68 73 25 20 17 10 14 34 35 45 55 16 9 8 5 
15092750 15092913 1 0 0 51 -51 0 50 -53 48 157 103 55 55 25 20 17 10 14 34 35 45 55 16 7 7 5 
15268250 15268383 1 0 0 51 -51 0 54 -50 54 163 105 59 53 25 20 17 10 14 34 35 45 55 16 7 4 5 
15274750 15274928 1 0 0 -8 -84 0 -13 -86 -13 96 74 60 66 25 20 17 10 14 34 35 45 55 16 7 8 5 
15624250 15624435 1 0 0 9 -76 0 10 -77 9 118 88 51 44 25 20 17 10 14 34 35 45 55 16 2 6 5 
15762250 15762329 1 0 0 6 -90 25 5 -89 5 114 96 58 53 25 20 17 10 10 30 35 45 55 16 7 6 5 
15764750 15766007 1 13 0 -34 -114 11 -82 -136 -83 26 53 62 71 25 20 17 10 10 30 35 45 55 16 2 6 5 
15766750 15767241 1 0 0 -85 -133 0 -95 -137 -96 13 42 68 74 25 20 17 10 10 30 35 45 55 16 3 10 5 
15803750 15803807 1 0 0 -91 -114 -56 -106 -122 -107 2 17 60 54 25 20 17 10 14 34 35 45 55 16 7 8 5 
15806250 15806335 1 13 0 -7 -74 -18 -8 -75 -8 101 68 68 71 25 20 17 10 14 34 35 45 55 16 9 9 5 
15810750 15810763 1 0 0 94 -22 0 99 -20 98 207 119 59 56 25 20 17 10 14 34 35 45 55 16 8 7 5 
15815750 15815909 1 0 0 30 -64 0 20 -71 19 128 90 56 67 25 20 17 10 14 34 35 45 55 16 7 7 5 
15847250 15847375 1 0 0 39 -50 18 57 -43 56 165 99 58 54 25 20 17 10 14 34 35 45 55 16 7 3 5 
15849250 15849574 1 13 0 -25 -77 1 -42 -84 -43 66 43 65 71 25 20 17 10 14 34 35 45 55 16 3 9 5 
15850750 15850813 1 0 0 -65 -94 -7 -78 -100 -79 30 23 68 74 25 20 17 10 14 34 35 45 55 16 6 9 5 
15920750 15920758 1 0 0 4 -60 0 3 -60 3 112 64 72 76 25 20 17 10 14 34 35 45 55 16 9 9 5 
16318250 16318263 1 0 0 -8 -69 0 -10 -69 -12 97 58 71 74 25 20 17 10 14 34 35 45 55 16 9 9 5 
16351750 16351797 1 0 0 -12 -77 0 -13 -78 -14 95 66 68 72 25 20 17 10 14 34 35 45 55 16 8 9 5 
16649250 16649443 1 0 0 -7 -79 0 -7 -79 -7 102 73 73 70 25 20 17 10 14 34 35 45 55 16 9 9 5 
16817250 16817310 1 0 0 7 -77 0 6 -78 5 114 85 74 73 25 20 17 10 14 34 35 45 55 16 10 9 5 
17022250 17022416 1 0 0 15 -89 0 19 -89 18 127 108 78 78 25 20 17 10 14 34 35 45 55 16 10 10 5 
17537750 17537796 1 0 0 26 -82 0 27 -83 26 135 110 81 82 25 20 17 10 14 34 35 45 55 16 11 10 5 
17590250 17590278 1 0 0 16 -99 0 17 -98 17 126 115 78 82 25 20 17 10 14 34 35 45 55 16 11 7 5 
17601750 17602607 1 0 0 39 -69 0 37 -67 36 145 103 68 75 25 20 17 10 15 35 35 45 55 16 4 9 5 
17622250 17622482 1 0 0 -16 -89 0 -16 -88 -16 93 72 69 64 25 20 17 10 15 35 35 45 55 16 8 9 5 
17626250 17626289 1 13 0 16 -85 4 14 -86 12 121 100 76 75 25 20 17 10 15 35 35 45 55 16 9 10 5 
17630750 17630830 1 0 0 42 -75 0 42 -76 42 151 119 82 83 25 20 17 10 15 35 35 45 55 16 10 11 5 
17660750 17660808 1 0 0 35 -84 0 34 -86 34 143 119 82 82 25 20 17 10 15 35 35 45 55 16 10 10 5 
17999250 17999366 1 0 0 50 -76 0 50 -76 49 158 127 80 84 25 20 17 10 15 35 35 45 55 16 10 10 5 
18457250 18457308 1 0 0 57 -80 36 57 -80 56 165 137 81 80 25 20 17 10 15 35 35 45 55 16 10 10 5 
18751750 18751864 1 0 0 29 -81 0 25 -83 24 133 107 77 79 25 20 17 10 15 35 35 45 55 16 10 10 5 
18899750 18899915 1 0 0 -4 -80 0 -5 -80 -6 103 75 66 69 25 20 17 10 15 35 35 45 55 16 5 8 5 
18958750 18958894 1 0 0 3 -74 0 0 -75 -3 106 74 65 66 25 20 17 10 15 35 35 45 55 16 8 8 5 
19066750 19066914 1 0 0 36 -81 0 33 -84 32 141 117 84 84 25 20 17 10 15 35 35 45 55 16 11 11 5 
19166250 19166345 1 0 0 51 -64 0 51 -63 51 160 115 76 82 25 20 17 10 15 35 35 45 55 16 10 10 5 
19285250 19285293 1 0 0 53 -61 0 50 -64 48 157 114 83 82 25 20 17 10 15 35 35 45 55 16 11 11 5 
19351250 19351293 1 -1 1 -2 -125 -54 -1 -121 -2 107 120 95 94 25 20 17 10 15 35 35 45 55 16 11 12 5 
19478250 19478316 1 2 1 -392 -383 -444 -406 -393 -406 -297 -11 107 106 25 20 17 10 15 33 35 45 55 16 14 14 5 
19650750 19650810 1 -3 1 0 -129 -50 -5 -134 -6 103 129 97 98 25 20 17 10 15 35 35 45 55 16 12 9 5 
20006250 20006312 1 0 0 47 -79 0 47 -80 47 156 127 80 80 25 20 17 10 15 35 35 45 55 16 10 10 5 
20020250 20020367 1 0 0 66 -70 0 74 -64 73 182 139 86 87 25 20 17 10 15 35 35 45 55 16 11 11 5 
20215250 20215401 1 0 0 43 -66 0 45 -66 44 153 110 77 78 25 20 17 10 15 35 35 45 55 16 10 10 5 
20245250 20245355 1 0 0 50 -76 0 54 -74 55 164 129 83 84 25 20 17 10 15 35 35 45 55 16 10 11 5 
20315750 20315802 1 0 0 50 -104 0 49 -105 48 157 153 84 86 25 20 17 10 15 35 35 45 55 16 11 11 5 
20334250 20334305 1 0 0 -4 -109 0 -6 -109 -8 101 101 78 84 25 20 17 10 15 35 35 45 55 16 10 9 5 
20388750 20388780 1 0 0 6 -103 0 0 -109 -2 107 109 85 87 25 20 17 10 15 35 35 45 55 16 11 11 5 
20426250 20426321 1 0 0 -25 -111 0 -24 -111 -61 85 89 69 68 25 20 17 10 14 34 35 45 55 16 8 9 5 
20476750 20476812 1 0 0 39 -73 0 42 -70 4 150 112 77 76 25 20 17 10 14 34 35 45 55 16 10 10 5 
20491750 20491916 1 0 0 -4 -79 0 -1 -75 -40 106 73 85 85 25 20 17 10 13 33 35 45 55 16 11 11 5 
20504250 20504317 1 0 0 -12 -94 0 -11 -93 -12 97 82 92 92 25 20 17 10 13 33 35 45 55 16 12 12 5 
20521750 20521903 1 0 0 -6 -120 0 -5 -121 -42 104 118 92 96 25 20 17 10 13 33 35 45 55 16 12 12 5 
20544250 20544355 1 0 0 43 -88 0 47 -86 8 154 133 79 77 25 20 17 10 13 33 35 45 55 16 10 10 5 
20557250 20557433 1 0 0 5 -100 0 2 -101 -37 109 103 72 73 25 20 17 10 13 33 35 45 55 16 9 9 5 
20584750 20584894 1 0 0 -57 -123 0 -58 -123 -98 48 65 67 68 25 20 17 10 12 32 35 45 55 16 9 8 5 
20621250 20621348 1 0 0 -69 -127 0 -71 -130 -111 35 57 63 60 25 20 17 10 12 32 35 45 55 16 8 8 5 
20630750 20630776 1 0 0 -32 -109 0 -29 -107 -31 78 78 75 75 25 20 17 10 12 32 35 45 55 16 10 10 5 
20648250 20648455 1 0 0 -8 -79 0 -7 -79 -46 100 71 66 64 25 20 17 10 12 32 35 45 55 16 8 8 5 
20662250 20662359 1 0 0 28 -65 0 31 -64 30 139 94 77 74 25 20 17 10 12 32 35 45 55 16 10 10 5 
20686750 20686813 1 0 0 9 -72 0 5 -74 -32 114 78 73 71 25 20 17 10 12 32 35 45 55 16 9 9 5 
20697250 20697369 1 0 0 -33 -100 0 -34 -98 -36 73 65 64 61 25 20 17 10 12 32 35 45 55 16 8 8 5 
20734750 20734794 1 0 0 -51 -110 0 -51 -111 -51 58 59 59 59 25 20 17 10 12 32 35 45 55 16 7 7 5 
20836750 20836927 1 0 0 -13 -77 0 -14 -79 -14 95 65 59 59 25 20 17 10 13 33 35 45 55 16 7 7 5 
20942750 20942900 1 0 0 -3 -67 5 -3 -68 -5 104 63 60 60 25 20 17 10 15 35 35 45 55 16 7 8 5 
20950750 20950928 1 13 0 16 -58 -12 23 -55 21 130 79 68 69 25 20 17 10 15 35 35 45 55 16 6 9 5 
20956750 20956834 1 0 0 51 -45 0 53 -43 52 161 95 74 78 25 20 17 10 15 35 35 45 55 16 10 9 5 
21039750 21039835 1 0 0 54 -35 0 54 -35 52 161 88 70 68 25 20 17 10 15 35 35 45 55 16 9 9 5 
21092750 21092832 1 0 0 44 -50 0 46 -50 46 155 96 87 88 25 20 17 10 15 35 35 45 55 16 11 11 5 
21134250 21134364 1 0 0 66 -54 0 66 -56 63 172 121 83 84 25 20 17 10 15 35 35 45 55 16 11 11 5 
21165750 21165885 1 0 0 13 -80 0 14 -79 13 122 93 65 69 25 20 17 10 15 35 35 45 55 16 8 8 5 
21259750 21259906 1 0 0 35 -63 0 32 -65 31 140 97 74 74 25 20 17 10 15 35 35 45 55 16 9 9 5 
21367250 21367351 1 0 0 8 -68 0 7 -69 4 113 76 64 63 25 20 17 10 15 35 35 45 55 16 8 8 5 
21422750 21422946 1 0 0 -6 -69 0 -5 -68 -7 102 63 65 67 25 20 17 10 15 35 35 45 55 16 8 8 5 
20750 20899 2 0 0 -3 -73 0 -3 -70 -1 30 68 91 91 25 20 17 10 13 33 35 45 55 16 9 12 5 
60750 60927 2 0 -1 0 -66 0 0 -66 0 31 66 76 73 25 20 17 10 13 33 35 45 55 16 10 9 5 
227750 227767 2 0 0 -23 -66 0 -22 -64 -22 9 43 70 75 25 20 17 10 13 33 35 45 55 16 9 9 5 
537250 537381 2 0 0 -27 -78 0 -26 -76 -24 7 51 77 79 25 20 17 10 12 32 35 45 55 16 10 10 5 
719750 719751 2 0 0 -44 -101 0 -37 -96 -37 -6 59 86 86 25 20 17 10 13 33 35 45 55 16 11 11 5 
772250 772369 2 -1 1 -108 -165 -53 -106 -168 -105 -74 62 98 95 25 20 17 10 13 33 35 45 55 16 12 13 5 
797750 797779 2 2 1 -243 -310 -183 -233 -313 -233 -202 79 111 109 25 20 17 10 14 32 35 45 55 16 14 14 5 
846250 846377 2 -3 1 -20 -86 -49 -19 -84 -18 13 65 86 89 25 20 17 10 14 34 35 45 55 16 11 11 5 
921750 921814 2 0 0 -86 -111 0 -88 -113 -87 -56 25 78 78 25 20 17 10 14 34 35 45 55 16 9 10 5 
972250 972324 2 0 0 -20 -86 10 -19 -84 -18 13 65 87 86 25 20 17 10 14 34 35 45 55 16 11 11 5 
977250 977339 2 13 0 -41 -110 7 -43 -111 -44 -13 67 90 92 25 20 17 10 14 34 35 45 55 16 8 12 5 
986250 986276 2 0 0 -98 -169 0 -97 -170 -96 -65 73 97 98 25 20 17 10 14 34 35 45 55 16 13 12 5 
1034750 1034839 2 0 0 -45 -112 0 -44 -108 -43 -12 64 87 87 25 20 17 10 14 34 35 45 55 16 11 11 5 
1126750 1126751 2 0 0 -62 -142 0 -60 -140 -57 -26 80 91 93 25 20 17 10 14 34 35 45 55 16 12 12 5 
1248750 1248931 2 0 0 4 -93 0 4 -92 6 37 97 87 82 25 20 17 10 14 34 35 45 55 16 11 10 5 
1269750 1269760 2 -1 1 -56 -122 -54 -54 -120 -55 -24 64 94 96 25 20 17 10 14 34 35 45 55 16 12 12 5 
1276250 1276307 2 2 1 -99 -152 -96 -96 -147 -95 -64 51 102 102 25 20 17 10 14 32 35 45 55 16 13 13 5 
1286250 1286286 2 -3 1 -50 -136 -43 -52 -132 -51 -20 79 101 103 25 20 17 10 14 32 35 45 55 16 12 13 5 
1308750 1308831 2 0 0 -12 -85 0 -13 -86 -12 19 73 82 81 25 20 17 10 13 33 35 45 55 16 10 11 5 
1365750 1365808 2 0 0 3 -63 11 6 -59 7 38 66 84 82 25 20 17 10 13 33 35 45 55 16 11 10 5 
1445750 1445860 2 -1 1 -72 -134 -53 -69 -136 -68 -37 68 100 99 25 20 17 10 13 33 35 45 55 16 13 13 5 
1459750 1459842 2 2 1 -191 -228 -168 -190 -225 -188 -157 36 102 101 25 20 17 10 13 31 35 45 55 16 13 13 5 
1488250 1488369 2 -3 1 -78 -171 -47 -77 -169 -77 -46 90 97 97 25 20 17 10 13 33 35 45 55 16 13 12 5 
1527250 1527306 2 0 0 -42 -117 -3 -36 -112 -35 -4 77 96 97 25 20 17 10 14 34 35 45 55 16 12 12 5 
1898250 1898362 2 0 0 -9 -90 0 -11 -89 -11 20 79 88 89 25 20 17 10 14 34 35 45 55 16 11 12 5 
2127750 2127865 2 0 0 -26 -76 0 -23 -73 -22 9 51 73 75 25 20 17 10 14 34 35 45 55 16 9 10 5 
2150750 2150776 2 0 0 32 -54 0 35 -53 35 66 87 86 85 25 20 17 10 14 34 35 45 55 16 11 11 5 
2260250 2260326 2 0 0 3 -88 0 5 -86 5 36 91 87 89 25 20 17 10 14 34 35 45 55 16 11 11 5 
2286750 2286813 2 0 0 -34 -86 0 -31 -83 -28 3 53 74 77 25 20 17 10 14 34 35 45 55 16 10 9 5 
2321250 2321425 2 0 0 -53 -100 0 -49 -98 -49 -18 48 68 66 25 20 17 10 14 34 35 45 55 16 8 9 5 
2370750 2370901 2 0 0 -57 -103 0 -54 -101 -54 -23 47 64 65 25 20 17 10 14 34 35 45 55 16 8 8 5 
2386250 2386311 2 13 0 -6 -68 11 -3 -66 -2 29 63 71 71 25 20 17 10 14 34 35 45 55 16 9 9 5 
2393250 2393325 2 0 0 1 -62 0 4 -59 5 36 62 71 71 25 20 17 10 14 34 35 45 55 16 9 9 5 
2504250 2504402 2 0 0 12 -60 0 15 -59 15 46 75 88 87 25 20 17 10 14 34 35 45 55 16 11 11 5 
2617250 2617313 2 0 0 3 -55 0 7 -52 8 39 60 69 68 25 20 17 10 14 34 35 45 55 16 9 9 5 
2763750 2763924 2 0 0 12 -43 0 13 -43 14 45 55 69 70 25 20 17 10 14 34 35 45 55 16 9 9 5 
2905250 2905400 2 0 0 13 -42 0 13 -41 14 45 54 66 64 25 20 17 10 13 33 35 45 55 16 8 8 5 
3300750 3300822 2 0 0 4 -48 0 5 -47 5 36 52 76 76 25 20 17 10 13 33 35 45 55 16 10 9 5 
3436750 3436813 2 0 0 24 -33 0 23 -33 22 53 55 78 80 25 20 17 10 13 33 35 45 55 16 10 10 5 
3755750 3755843 2 0 0 19 -37 0 23 -33 23 54 56 79 79 25 20 17 10 13 33 35 45 55 16 10 10 5 
4015250 4015445 2 0 0 -6 -51 0 -7 -52 -6 25 45 77 75 25 20 17 10 13 33 35 45 55 16 10 10 5 
4339750 4339847 2 0 0 6 -47 0 7 -46 8 39 53 75 74 25 20 17 10 13 33 35 45 55 16 9 9 5 
4761750 4761776 2 0 0 17 -32 0 19 -30 20 51 48 76 73 25 20 17 10 13 33 35 45 55 16 10 7 5 
4957250 4957302 2 0 0 1 -61 0 -2 -61 -1 30 59 85 85 25 20 17 10 13 33 35 45 55 16 11 11 5 
5194750 5194903 2 0 0 3 -50 0 4 -48 5 36 54 79 82 25 20 17 10 13 33 35 45 55 16 10 10 5 
5571750 5571860 2 0 0 -13 -68 0 -11 -66 -11 20 54 80 81 25 20 17 10 13 33 35 45 55 16 10 10 5 
6042250 6042431 2 0 0 -9 -59 0 -5 -56 -4 27 51 81 80 25 20 17 10 13 33 35 45 55 16 10 10 5 
6494250 6494376 2 0 0 8 -57 0 11 -54 12 43 65 82 81 25 20 17 10 13 33 35 45 55 16 11 10 5 
6867250 6867308 2 0 0 12 -56 0 18 -52 20 51 70 78 79 25 20 17 10 13 33 35 45 55 16 10 10 5 
7394750 7394778 2 0 0 -17 -84 0 -11 -82 -10 21 71 84 85 25 20 17 10 13 33 35 45 55 16 11 11 5 
7407750 7407905 2 -1 1 -68 -127 -51 -63 -125 -63 -32 62 91 90 25 20 17 10 13 33 35 45 55 16 11 12 5 
7685250 7685346 2 2 1 -438 -395 -428 -443 -399 -443 -412 -43 102 101 25 20 17 10 13 31 35 45 55 16 13 13 5 
7942250 7942372 2 -3 1 -53 -126 -50 -50 -124 -50 -19 73 81 79 25 20 17 10 13 33 35 45 55 16 10 10 5 
8019250 8019297 2 0 0 -2 -84 0 1 -82 2 33 83 79 79 25 20 17 10 13 33 35 45 55 16 10 10 5 
8439250 8439372 2 0 0 18 -66 0 21 -63 22 53 84 85 91 25 20 17 10 13 33 35 45 55 16 11 11 5 
8784250 8784338 2 0 0 23 -38 0 25 -37 25 56 62 73 73 25 20 17 10 13 33 35 45 55 16 9 9 5 
9225750 9225755 2 0 0 -6 -67 0 -5 -66 -4 27 59 75 75 25 20 17 10 13 33 35 45 55 16 9 10 5 
9604750 9604783 2 0 0 -9 -73 0 -10 -71 -8 23 61 77 77 25 20 17 10 13 33 35 45 55 16 10 10 5 
9926250 9926404 2 0 0 -2 -65 0 0 -64 2 33 66 77 76 25 20 17 10 13 33 35 45 55 16 10 9 5 
10138250 10138349 2 0 0 35 -52 33 35 -50 36 67 86 88 85 25 20 17 10 13 33 35 45 55 16 11 8 5 
10278750 10278927 2 0 0 11 -53 0 13 -51 13 44 64 76 78 25 20 17 10 13 33 35 45 55 16 10 10 5 
10574750 10574751 2 0 0 -1 -57 0 0 -56 2 33 58 71 69 25 20 17 10 13 33 35 45 55 16 9 9 5 
10610250 10610382 2 0 0 30 -58 0 33 -56 35 66 89 74 79 25 20 17 10 13 33 35 45 55 16 9 10 5 
10632250 10632364 2 0 0 -31 -103 0 -29 -102 -29 2 73 69 76 25 20 17 10 13 33 35 45 55 16 9 9 5 
10652750 10652776 2 0 0 11 -65 0 10 -66 11 42 75 85 86 25 20 17 10 13 33 35 45 55 16 11 11 5 
10722750 10722884 2 0 0 9 -54 0 9 -53 9 40 61 74 74 25 20 17 10 13 33 35 45 55 16 9 10 5 
10735750 10735799 2 0 0 -15 -73 0 -13 -71 -11 20 58 72 69 25 20 17 10 13 33 35 45 55 16 9 9 5 
10762250 10762364 2 0 0 -37 -81 0 -37 -80 -36 -5 44 70 72 25 20 17 10 13 33 35 45 55 16 9 9 5 
10800750 10800929 2 0 0 18 -40 8 22 -37 22 53 57 74 73 25 20 17 10 13 33 35 45 55 16 9 9 5 
10815750 10815788 2 0 0 39 -49 0 43 -47 44 75 91 73 72 25 20 17 10 13 33 35 45 55 16 10 9 5 
10928250 10928433 2 0 0 25 -63 0 27 -61 29 60 89 65 66 25 20 17 10 12 32 35 45 55 16 8 8 5 
11373750 11373952 2 0 0 13 -109 0 15 -108 16 47 122 63 61 25 20 17 10 11 31 35 45 55 16 8 8 5 
11808750 11808796 2 0 0 16 -86 0 18 -85 18 49 102 65 70 25 20 17 10 12 32 35 45 55 16 8 8 5 
11813250 11813277 2 13 0 -14 -97 -4 -12 -96 -12 19 84 70 72 25 20 17 10 12 32 35 45 55 16 9 9 5 
11819750 11819865 2 0 0 -48 -99 0 -49 -101 -47 -16 51 53 46 25 20 17 10 12 32 35 45 55 16 6 1 5 
12014250 12014333 2 0 0 -35 -83 0 -35 -84 -34 -3 49 54 49 25 20 17 10 14 34 35 45 55 16 6 4 5 
12016250 12016977 2 13 0 3 -55 -2 31 -36 34 65 68 60 70 25 20 17 10 14 34 35 45 55 16 2 7 5 
12019750 12019793 2 0 0 74 -12 0 78 -9 79 110 87 62 62 25 20 17 10 14 34 35 45 55 16 9 7 5 
12086750 12086794 2 0 0 47 -98 -5 48 -97 52 83 146 59 67 25 20 17 10 11 31 35 45 55 16 4 8 5 
12094250 12094983 2 13 0 15 -131 -9 4 -136 6 37 141 70 71 25 20 17 10 11 31 35 45 55 16 6 8 5 
12105750 12106131 2 0 0 -13 -159 0 -15 -163 -15 16 147 51 58 25 20 17 10 11 31 35 45 55 16 2 6 5 
12398250 12398290 2 0 0 -9 -150 -10 -8 -149 -7 24 141 64 59 25 20 17 10 11 31 35 45 55 16 8 8 5 
12408250 12408404 2 0 0 18 -40 0 22 -37 22 53 57 56 64 25 20 17 10 13 33 35 45 55 16 9 9 5 
12510250 12510483 2 0 0 13 -130 0 17 -127 14 47 144 52 43 25 20 17 10 11 31 35 45 55 16 7 6 5 
12694750 12694974 2 0 0 28 -129 0 29 -130 29 60 157 59 56 25 20 17 10 11 31 35 45 55 16 7 7 5 
12699750 12699818 2 13 0 -11 -127 -6 -6 -122 -5 26 116 68 69 25 20 17 10 11 31 35 45 55 16 8 9 5 
12705750 12705851 2 0 0 -47 -95 0 -43 -93 -42 -11 50 60 59 25 20 17 10 12 32 35 45 55 16 7 7 5 
12719250 12719476 2 0 0 -35 -85 0 -32 -84 -31 0 52 56 53 25 20 17 10 12 32 35 45 55 16 7 7 5 
12725750 12725814 2 0 0 3 -75 0 3 -74 5 36 78 70 73 25 20 17 10 12 32 35 45 55 16 7 9 5 
13121250 13121332 2 0 0 27 -101 0 29 -101 31 62 131 54 52 25 20 17 10 11 31 35 45 55 16 6 7 5 
13429250 13429303 2 0 0 47 -88 -6 51 -83 54 85 134 62 58 25 20 17 10 11 31 35 45 55 16 8 8 5 
13434250 13434454 2 13 0 71 -60 -4 74 -57 75 106 130 71 74 25 20 17 10 11 31 35 45 55 16 9 9 5 
13437750 13437948 2 0 0 93 -41 0 96 -40 96 127 135 63 59 25 20 17 10 11 31 35 45 55 16 8 7 5 
13673250 13673368 2 0 0 103 -43 0 104 -42 106 137 146 61 61 25 20 17 10 11 31 35 45 55 16 8 7 5 
13676250 13676372 2 13 0 81 -71 13 75 -69 76 107 144 64 60 25 20 17 10 11 31 35 45 55 16 7 8 5 
13680250 13680452 2 0 0 22 -156 0 27 -157 29 60 184 69 73 25 20 17 10 10 30 35 45 55 16 5 9 5 
13692750 13692807 2 0 0 49 -116 0 50 -115 51 82 165 61 58 25 20 17 10 10 30 35 45 55 16 7 8 5 
13784250 13784498 2 0 0 41 -86 0 42 -84 44 75 127 55 52 25 20 17 10 12 32 35 45 55 16 6 7 5 
14238750 14238880 2 0 0 45 -37 0 48 -34 50 81 84 55 54 25 20 17 10 14 34 35 45 55 16 7 6 5 
14243250 14243433 2 13 0 -41 -82 -6 -54 -88 -52 -21 34 66 72 25 20 17 10 15 35 35 45 55 16 5 7 5 
14245250 14245429 2 0 0 -70 -96 0 -66 -92 -65 -34 26 70 76 25 20 17 10 15 35 35 45 55 16 7 9 5 
14308250 14308442 2 0 0 -31 -85 0 -30 -83 -29 2 52 59 56 25 20 17 10 14 34 35 45 55 16 7 7 5 
14313750 14313909 2 13 0 59 -32 12 67 -27 67 98 93 69 72 25 20 17 10 14 34 35 45 55 16 8 9 5 
14318250 14318271 2 0 0 110 4 0 112 5 113 144 107 64 60 25 20 17 10 14 34 35 45 55 16 8 8 5 
14444250 14444290 2 0 0 83 -13 0 91 -8 93 124 100 60 58 25 20 17 10 14 34 35 45 55 16 7 8 5 
14447750 14447822 2 13 0 -7 -66 0 -4 -63 -3 28 60 69 72 25 20 17 10 14 34 35 45 55 16 8 9 5 
14449750 14449873 2 0 0 -57 -100 0 -61 -103 -61 -30 42 72 75 25 20 17 10 14 34 35 45 55 16 9 9 5 
14457250 14457466 2 0 0 47 -88 0 51 -83 54 85 134 55 51 25 20 17 10 11 31 35 45 55 16 8 8 5 
14463250 14463323 2 13 0 -3 -76 -19 0 -72 1 32 73 68 65 25 20 17 10 14 34 35 45 55 16 9 9 5 
14467250 14467356 2 0 0 89 -15 0 91 -13 92 123 104 64 63 25 20 17 10 14 34 35 45 55 16 8 8 5 
14519750 14519756 2 0 0 68 -33 0 76 -27 77 108 103 63 68 25 20 17 10 14 34 35 45 55 16 8 8 5 
14521750 14521853 2 13 0 23 -60 -5 15 -65 16 47 79 67 71 25 20 17 10 14 34 35 45 55 16 8 9 5 
14525750 14525752 2 0 0 -52 -100 0 -50 -97 -51 -20 47 64 62 25 20 17 10 14 34 35 45 55 16 9 7 5 
14543250 14543475 2 0 0 -55 -108 0 -59 -113 -58 -27 54 63 72 25 20 17 10 14 34 35 45 55 16 3 5 5 
14544250 14544739 2 13 0 -15 -85 17 18 -65 18 49 82 66 72 25 20 17 10 14 34 35 45 55 16 2 9 5 
14549750 14549807 2 0 0 93 -11 0 94 -10 95 126 102 63 64 25 20 17 10 14 34 35 45 55 16 8 8 5 
14637250 14637472 2 0 0 87 -18 0 93 -14 95 126 107 59 61 25 20 17 10 14 34 35 45 55 16 7 7 5 
14645250 14645459 2 0 0 60 -37 3 64 -34 65 96 99 61 62 25 20 17 10 14 34 35 45 55 16 8 8 5 
14673750 14673776 2 0 0 44 -49 0 46 -47 48 79 95 59 59 25 20 17 10 14 34 35 45 55 16 7 7 5 
14683750 14683913 2 0 0 -21 -94 0 -18 -91 -16 15 73 64 64 25 20 17 10 14 34 35 45 55 16 8 8 5 
14694250 14694492 2 0 0 -30 -97 0 -32 -97 -31 0 64 57 57 25 20 17 10 14 34 35 45 55 16 7 7 5 
14846250 14846421 2 0 0 -69 -99 0 -70 -101 -69 -38 31 67 63 25 20 17 10 14 34 35 45 55 16 9 8 5 
14919750 14919931 2 0 0 -15 -65 -8 -12 -63 -11 20 52 62 63 25 20 17 10 14 34 35 45 55 16 8 8 5 
14923250 14923627 2 13 0 19 -40 -16 30 -33 32 63 65 67 70 25 20 17 10 14 34 35 45 55 16 6 9 5 
14924750 14924892 2 0 0 57 -24 0 75 -13 77 108 87 66 72 25 20 17 10 14 34 35 45 55 16 7 8 5 
14974750 14974764 2 0 0 55 -37 0 56 -37 57 88 92 54 54 25 20 17 10 14 34 35 45 55 16 7 7 5 
15047750 15048011 2 0 0 43 -51 0 53 -44 54 85 97 55 54 25 20 17 10 14 34 35 45 55 16 7 7 5 
15050750 15051301 2 13 0 -2 -70 2 -12 -74 -11 20 61 64 69 25 20 17 10 14 34 35 45 55 16 3 9 5 
15054250 15054373 2 0 0 -58 -98 0 -56 -98 -56 -25 41 69 73 25 20 17 10 14 34 35 45 55 16 9 8 5 
15073750 15073825 2 0 0 -73 -101 -31 -75 -101 -73 -42 27 60 58 25 20 17 10 14 34 35 45 55 16 7 8 5 
15076750 15076927 2 13 0 -8 -70 -6 -2 -66 -2 29 65 68 71 25 20 17 10 14 34 35 45 55 16 8 9 5 
15080250 15080332 2 0 0 81 -29 35 84 -26 84 115 111 67 73 25 20 17 10 14 34 35 45 55 16 9 8 5 
15096750 15096990 2 0 0 40 -64 0 41 -62 42 73 104 55 56 25 20 17 10 14 34 35 45 55 16 7 7 5 
15269250 15270219 2 0 0 28 -68 0 25 -70 25 56 94 60 71 25 20 17 10 14 34 35 45 55 16 4 5 5 
15272750 15272921 2 0 0 -6 -86 0 -7 -87 -7 24 80 61 59 25 20 17 10 14 34 35 45 55 16 5 7 5 
15762250 15762329 2 0 0 -2 -170 0 0 -166 2 33 165 58 53 25 20 17 10 10 30 35 45 55 16 7 6 5 
15765750 15766007 2 13 0 -47 -176 -3 -50 -179 -51 -20 127 65 71 25 20 17 10 10 30 35 45 55 16 2 6 5 
15767750 15767844 2 0 0 -67 -173 0 -68 -170 -68 -37 102 71 77 25 20 17 10 10 30 35 45 55 16 6 10 5 
15802250 15802389 2 0 0 -73 -103 0 -73 -103 -73 -42 31 56 53 25 20 17 10 14 34 35 45 55 16 7 7 5 
15807250 15807383 2 13 0 33 -53 19 43 -48 45 76 93 69 72 25 20 17 10 14 34 35 45 55 16 9 9 5 
15809250 15809448 2 0 0 72 -32 0 77 -28 77 108 104 65 71 25 20 17 10 14 34 35 45 55 16 9 7 5 
15816750 15817013 2 0 0 17 -75 0 18 -72 18 49 89 56 54 25 20 17 10 14 34 35 45 55 16 7 7 5 
15846750 15846815 2 0 0 38 -53 0 50 -44 50 81 94 57 54 25 20 17 10 14 34 35 45 55 16 7 5 5 
15848250 15849574 2 13 0 4 -67 -4 -37 -80 -37 -6 41 61 71 25 20 17 10 14 34 35 45 55 16 3 9 5 
15849750 15849786 2 0 0 -39 -82 0 -44 -82 -42 -11 37 67 72 25 20 17 10 14 34 35 45 55 16 3 9 5 
15913250 15913412 2 0 0 12 -32 0 13 -30 13 44 44 61 63 25 20 17 10 14 34 35 45 55 16 8 7 5 
16320750 16320801 2 0 0 1 -37 0 1 -36 2 33 37 74 78 25 20 17 10 14 34 35 45 55 16 9 10 5 
16349750 16349772 2 0 0 -4 -48 0 -1 -44 2 33 44 65 59 25 20 17 10 14 34 35 45 55 16 7 8 5 
16666750 16666901 2 0 0 1 -52 0 1 -52 2 33 52 71 75 25 20 17 10 14 34 35 45 55 16 9 9 5 
16817750 16817924 2 0 0 4 -51 0 6 -49 9 40 56 74 72 25 20 17 10 14 34 35 45 55 16 9 9 5 
17042750 17042786 2 0 0 2 -70 0 3 -68 5 36 72 81 81 25 20 17 10 14 34 35 45 55 16 7 10 5 
17544250 17544438 2 0 0 -1 -64 11 1 -62 1 32 61 76 76 25 20 17 10 14 34 35 45 55 16 9 10 5 
17572250 17572309 2 0 0 -65 -128 0 -66 -125 -66 -35 58 93 91 25 20 17 10 14 34 35 45 55 16 12 12 5 
17596750 17597027 2 0 0 1 -71 0 8 -63 9 40 70 69 72 25 20 17 10 15 35 35 45 55 16 6 8 5 
17811750 17811869 2 0 0 13 -58 0 14 -57 14 45 72 81 80 25 20 17 10 15 35 35 45 55 16 10 10 5 
18273750 18273831 2 0 0 20 -57 0 22 -55 23 54 78 80 78 25 20 17 10 15 35 35 45 55 16 10 10 5 
18608250 18608296 2 0 0 5 -71 0 8 -68 10 41 77 77 73 25 20 17 10 15 35 35 45 55 16 10 10 5 
18824750 18824812 2 0 0 38 -34 0 41 -32 43 74 74 73 74 25 20 17 10 15 35 35 45 55 16 9 9 5 
18903250 18903311 2 0 0 23 -42 0 24 -41 24 55 65 67 67 25 20 17 10 15 35 35 45 55 16 5 8 5 
18966750 18966948 2 0 0 31 -42 0 40 -35 41 72 75 76 80 25 20 17 10 15 35 35 45 55 16 5 10 5 
19067250 19067270 2 0 0 -3 -77 0 -4 -78 -5 26 74 85 84 25 20 17 10 15 35 35 45 55 16 11 11 5 
19183250 19183305 2 0 0 -1 -64 0 1 -62 1 32 61 75 81 25 20 17 10 14 34 35 45 55 16 9 10 5 
19287250 19287274 2 0 0 11 -58 -1 12 -55 14 45 68 82 82 25 20 17 10 15 35 35 45 55 16 11 10 5 
19305250 19305257 2 -1 1 -41 -99 -52 -47 -100 -45 -14 55 99 101 25 20 17 10 15 33 35 45 55 16 12 13 5 
19324750 19324881 2 2 1 -80 -160 -91 -81 -157 -80 -49 76 91 91 25 20 17 10 15 35 35 45 55 16 12 11 5 
19331750 19331762 2 -3 1 -37 -129 -48 -38 -129 -37 -6 91 84 88 25 20 17 10 15 35 35 45 55 16 11 11 5 
19348750 19348835 2 -1 1 -43 -111 -54 -40 -106 -40 -9 65 89 89 25 20 17 10 15 35 35 45 55 16 10 11 5 
19478250 19478316 2 2 1 -409 -358 -417 -421 -364 -419 -388 -56 107 106 25 20 17 10 15 33 35 45 55 16 14 14 5 
19658250 19658390 2 -3 1 -45 -129 -50 -41 -128 -42 -11 86 98 98 25 20 17 10 15 35 35 45 55 16 11 10 5 
19942250 19942353 2 0 0 0 -73 0 0 -72 0 31 73 78 77 25 20 17 10 15 35 35 45 55 16 10 10 5 
20034250 20034380 2 0 0 16 -73 0 18 -71 20 51 89 83 82 25 20 17 10 15 35 35 45 55 16 11 10 5 
20227250 20227322 2 0 0 5 -62 0 7 -56 7 38 63 88 89 25 20 17 10 15 35 35 45 55 16 11 10 5 
20244250 20244260 2 0 0 -21 -97 0 -22 -98 -21 10 76 83 82 25 20 17 10 15 35 35 45 55 16 10 11 5 
20333250 20333399 2 0 0 -35 -92 4 -34 -90 -33 -2 56 78 80 25 20 17 10 15 35 35 45 55 16 10 9 5 
20391750 20391761 2 0 0 -11 -81 0 -8 -78 -7 24 70 84 86 25 20 17 10 15 35 35 45 55 16 11 11 5 
20428750 20428907 2 0 0 -24 -80 0 -22 -78 -22 9 56 69 69 25 20 17 10 14 34 35 45 55 16 9 6 5 
20474250 20474319 2 0 0 15 -57 0 16 -57 16 47 71 77 79 25 20 17 10 15 35 35 45 55 16 11 11 5 
20502250 20502400 2 0 0 -51 -113 0 -48 -111 -47 -16 63 93 94 25 20 17 10 13 33 35 45 55 16 12 12 5 
20526750 20526761 2 0 0 -53 -138 0 -52 -138 -51 -20 86 92 90 25 20 17 10 13 33 35 45 55 16 12 12 5 
20549250 20549285 2 0 0 18 -62 0 21 -59 22 53 79 71 67 25 20 17 10 13 33 35 45 55 16 9 8 5 
20570750 20570761 2 0 0 -23 -92 0 -19 -90 -17 14 71 76 79 25 20 17 10 12 32 35 45 55 16 10 10 5 
20587250 20587486 2 0 0 -47 -99 0 -45 -97 -44 -13 51 66 64 25 20 17 10 12 32 35 45 55 16 8 9 5 
20622250 20622341 2 0 0 -59 -116 0 -59 -114 -58 -27 55 64 62 25 20 17 10 12 32 35 45 55 16 8 8 5 
20632250 20632342 2 0 0 -20 -84 0 -21 -83 -21 10 62 73 78 25 20 17 10 12 32 35 45 55 16 10 9 5 
20645750 20645905 2 0 0 -27 -75 0 -25 -72 -24 7 47 65 66 25 20 17 10 12 32 35 45 55 16 8 8 5 
20662250 20662359 2 0 0 13 -58 0 13 -58 14 45 72 77 74 25 20 17 10 15 35 35 45 55 16 11 10 5 
20686750 20686813 2 0 0 12 -56 0 14 -56 15 46 69 73 71 25 20 17 10 12 32 35 45 55 16 9 9 5 
20697750 20697867 2 0 0 -25 -90 0 -24 -88 -23 8 63 63 60 25 20 17 10 12 32 35 45 55 16 8 8 5 
20730750 20730976 2 0 0 -27 -85 0 -27 -84 -27 4 56 59 59 25 20 17 10 12 32 35 45 55 16 7 7 5 
20831250 20831445 2 0 0 8 -64 0 9 -62 11 42 72 60 60 25 20 17 10 15 35 35 45 55 16 10 10 5 
20943750 20943902 2 0 0 -35 -92 0 -34 -90 -33 -2 56 61 60 25 20 17 10 15 35 35 45 55 16 10 9 5 
20970750 20970775 2 0 0 43 -18 0 45 -16 46 77 60 74 74 25 20 17 10 15 35 35 45 55 16 10 9 5 
21039750 21039835 2 0 0 42 -18 0 43 -17 43 74 59 70 68 25 20 17 10 15 35 35 45 55 16 9 9 5 
21066750 21066917 2 0 0 45 -16 0 45 -16 46 77 60 66 66 25 20 17 10 15 35 35 45 55 16 8 8 5 
21090750 21090913 2 0 0 9 -54 0 11 -55 11 42 64 86 84 25 20 17 10 15 35 35 45 55 16 11 11 5 
21120750 21120928 2 0 0 60 -30 0 61 -32 62 93 94 77 72 25 20 17 10 15 35 35 45 55 16 9 10 5 
21142250 21142282 2 0 0 8 -67 0 11 -63 12 43 74 87 88 25 20 17 10 15 35 35 45 55 16 11 11 5 
21158250 21158345 2 0 0 40 -36 0 42 -33 41 72 74 73 74 25 20 17 10 15 35 35 45 55 16 10 8 5 
21183750 21183852 2 0 0 -1 -65 0 0 -61 2 33 61 76 78 25 20 17 10 15 35 35 45 55 16 10 10 5 
21254250 21254290 2 0 0 6 -55 0 9 -53 11 42 63 71 71 25 20 17 10 15 35 35 45 55 16 9 9 5 
21353250 21353259 2 0 0 -27 -75 0 -25 -72 -24 7 47 64 60 25 20 17 10 12 32 35 45 55 16 8 8 5 
21434750 21434940 2 0 0 -1 -51 0 1 -51 1 32 52 66 67 25 20 17 10 15 35 35 45 55 16 8 9 5 
