52500 52647 0 0 -1 0 -47 0 0 -44 -3 50 43 68 67 25 20 18 10 14 34 35 45 55 16 8 9 5 
297500 297604 0 -1 1 -52 -126 -51 -46 -124 -46 4 77 91 95 25 20 17 10 10 30 35 45 55 16 11 12 5 
331500 331578 0 2 1 -87 -127 -85 -85 -126 -83 -33 42 91 93 25 20 17 10 10 30 35 45 55 16 12 10 5 
399500 399557 0 -3 1 -48 -143 -46 -45 -139 -45 5 92 116 117 25 20 17 10 12 28 35 45 55 16 15 15 5 
416000 416015 0 -1 1 -56 -143 -53 -46 -135 -46 4 88 108 108 25 20 17 10 12 30 35 45 55 16 14 14 5 
422000 422055 0 2 1 -117 -173 -115 -113 -171 -111 -61 58 112 111 25 20 17 10 12 28 35 45 55 16 14 14 5 
444000 444086 0 -3 1 -51 -163 -49 -14 -157 -14 36 142 105 88 25 20 17 10 13 33 35 45 55 16 13 13 5 
493500 493520 0 -1 1 -56 -125 -54 -49 -120 -50 0 70 81 82 25 20 17 10 12 32 35 45 55 16 9 11 5 
519500 519672 0 2 1 -99 -140 -96 -94 -136 -94 -44 42 84 82 25 20 18 10 11 31 35 45 55 16 11 11 5 
581500 581598 0 -3 1 -53 -112 -50 -45 -107 -45 5 60 85 82 25 20 18 10 10 30 35 45 55 16 11 11 5 
872000 872187 0 0 0 -5 -64 5 -1 -60 -1 49 60 77 77 25 20 17 10 10 30 35 45 55 16 10 9 5 
932000 932127 0 0 0 -3 -63 0 1 -59 1 51 60 80 80 25 20 17 10 10 30 35 45 55 16 8 10 5 
1029000 1029028 0 -1 1 -59 -128 -54 -54 -124 -55 -5 70 89 85 25 20 18 10 12 32 35 45 55 16 11 11 5 
1033500 1033565 0 2 1 -103 -149 -98 -103 -147 -104 -54 43 85 85 25 20 18 10 12 32 35 45 55 16 11 11 5 
1049500 1049673 0 -3 1 -51 -120 -46 -40 -114 -38 12 74 89 87 25 20 18 10 13 33 35 45 55 16 11 11 5 
1060500 1060622 0 -1 1 -58 -115 -52 -46 -109 -47 3 62 98 99 25 20 18 10 13 33 35 45 55 16 12 11 5 
1066000 1066007 0 2 1 -134 -158 -129 -138 -161 -137 -87 23 112 114 25 20 18 10 13 29 35 45 55 16 14 14 5 
1080500 1080525 0 -3 1 -55 -147 -49 -65 -145 -63 -13 81 110 110 25 20 18 10 13 29 35 45 55 16 15 14 5 
1355000 1355119 0 0 0 -11 -76 0 -9 -75 -7 43 67 85 87 25 20 17 10 10 30 35 45 55 16 11 11 5 
1999000 1999034 0 0 0 5 -70 29 9 -68 8 58 76 81 81 25 20 18 10 13 33 35 45 55 16 10 10 5 
2460000 2460146 0 0 0 -28 -79 0 -25 -78 -25 25 52 75 75 25 20 18 10 13 33 35 45 55 16 9 9 5 
2726000 2726098 0 0 0 8 -42 0 10 -41 13 63 51 71 70 25 20 18 10 13 33 35 45 55 16 9 9 5 
3054500 3054562 0 0 0 26 -33 12 33 -27 33 83 61 69 69 25 20 18 10 13 33 35 45 55 16 9 7 5 
3346000 3346094 0 0 0 7 -59 0 8 -57 11 61 67 79 80 25 20 18 10 13 33 35 45 55 16 10 10 5 
3650500 3650548 0 0 0 17 -48 0 24 -43 25 75 66 71 70 25 20 18 10 13 33 35 45 55 16 9 9 5 
3911500 3911668 0 0 0 -20 -82 0 -17 -79 -16 34 62 77 78 25 20 18 10 13 33 35 45 55 16 10 10 5 
4127000 4127047 0 0 0 -19 -83 0 -15 -80 -15 35 64 82 82 25 20 18 10 13 33 35 45 55 16 10 9 5 
4460000 4460056 0 0 0 -36 -89 0 -33 -85 -32 18 52 91 91 25 20 18 10 13 33 35 45 55 16 12 11 5 
4719500 4719711 0 0 0 -53 -84 -18 -50 -81 -50 0 32 65 65 25 20 18 10 13 33 35 45 55 16 8 8 5 
5021500 5021519 0 0 0 -44 -76 -1 -43 -74 -41 9 33 65 67 25 20 18 10 13 33 35 45 55 16 8 8 5 
5062500 5062589 0 0 0 -26 -73 0 -23 -69 -21 29 47 75 75 25 20 18 10 13 33 35 45 55 16 9 9 5 
5242500 5242712 0 0 0 -31 -77 0 -28 -74 -28 22 44 70 71 25 20 18 10 13 33 35 45 55 16 7 9 5 
5258500 5258637 0 0 0 -7 -63 0 -5 -61 -5 45 55 71 71 25 20 18 10 13 33 35 45 55 16 9 9 5 
5289500 5289536 0 0 0 -4 -55 0 -2 -53 -1 49 51 71 69 25 20 18 10 13 33 35 45 55 16 9 9 5 
5310000 5310110 0 0 0 -36 -73 0 -33 -68 -33 17 35 64 66 25 20 18 10 13 33 35 45 55 16 8 8 5 
5391000 5391194 0 0 0 -37 -75 0 -35 -72 -34 16 37 68 68 25 20 18 10 13 33 35 45 55 16 9 9 5 
5587500 5587549 0 0 0 -24 -67 0 -23 -65 -22 28 42 68 66 25 20 18 10 13 33 35 45 55 16 9 9 5 
5791000 5791055 0 0 0 8 -38 0 13 -33 13 63 46 68 66 25 20 18 10 13 33 35 45 55 16 9 8 5 
5843500 5843517 0 0 0 -2 -64 0 3 -61 3 53 63 86 87 25 20 18 10 13 33 35 45 55 16 9 11 5 
5942000 5942076 0 0 0 -13 -61 0 -12 -60 -10 40 48 69 68 25 20 18 10 13 33 35 45 55 16 9 9 5 
6114500 6114500 0 0 0 -15 -60 0 -11 -56 -9 41 46 67 64 25 20 18 10 13 33 35 45 55 16 9 8 5 
6130500 6130695 0 0 0 21 -31 0 22 -29 22 72 49 75 75 25 20 18 10 13 33 35 45 55 16 9 10 5 
6213000 6213193 0 0 0 -27 -62 0 -25 -60 -24 26 35 64 63 25 20 18 10 13 33 35 45 55 16 8 8 5 
6422000 6422119 0 0 0 4 -45 0 8 -41 9 59 49 67 66 25 20 18 10 13 33 35 45 55 16 8 9 5 
6607000 6607094 0 0 0 -24 -73 -10 -26 -72 -25 25 45 80 80 25 20 18 10 13 33 35 45 55 16 10 10 5 
6771000 6771030 0 0 0 -29 -81 14 -24 -76 -23 27 52 81 79 25 20 18 10 13 33 35 45 55 16 9 10 5 
6997000 6997235 0 0 0 -55 -77 0 -51 -74 -51 -1 22 60 60 25 20 18 10 13 33 35 45 55 16 7 7 5 
7247000 7247185 0 0 0 -32 -66 0 -29 -62 -29 21 32 64 63 25 20 18 10 13 33 35 45 55 16 8 8 5 
7460500 7460521 0 0 0 -42 -79 0 -36 -74 -34 16 38 68 69 25 20 18 10 13 33 35 45 55 16 9 9 5 
7897000 7897092 0 0 0 -54 -87 0 -51 -86 -50 0 35 68 68 25 20 18 10 13 33 35 45 55 16 8 9 5 
8197000 8197148 0 0 0 -44 -81 0 -39 -75 -40 10 35 64 65 25 20 18 10 13 33 35 45 55 16 8 8 5 
8377500 8377596 0 0 0 -53 -73 0 -48 -68 -46 4 21 59 59 25 20 18 10 13 33 35 45 55 16 7 7 5 
8416000 8416184 0 0 0 -49 -69 -11 -48 -67 -45 5 21 57 56 25 20 18 10 13 33 35 45 55 16 7 7 5 
8449000 8449214 0 0 0 -26 -53 47 -23 -50 -23 27 26 63 64 25 20 18 10 13 33 35 45 55 16 8 8 5 
8460000 8460175 0 0 0 -61 -87 0 -60 -86 -59 -9 27 61 59 25 20 18 10 13 33 35 45 55 16 7 8 5 
8551000 8551138 0 0 0 -59 -83 0 -56 -80 -56 -6 24 66 66 25 20 18 10 13 33 35 45 55 16 8 8 5 
8570000 8570057 0 0 0 -13 -66 0 -11 -61 -9 41 50 78 77 25 20 18 10 13 33 35 45 55 16 10 10 5 
8696500 8696647 0 0 0 -18 -68 0 -12 -65 -10 40 54 60 60 25 20 18 10 13 33 35 45 55 16 7 7 5 
8713500 8713555 0 0 0 -54 -71 0 -55 -71 -54 -4 16 66 61 25 20 18 10 13 33 35 45 55 16 8 9 5 
8821000 8821108 0 0 0 -56 -78 0 -50 -72 -48 2 22 56 55 25 20 18 10 13 33 35 45 55 16 7 7 5 
9055500 9055574 0 0 0 -50 -79 0 -46 -76 -45 5 31 57 55 25 20 18 10 13 33 35 45 55 16 7 7 5 
9096000 9096041 0 0 0 -46 -81 0 -46 -81 -45 5 36 68 70 25 20 18 10 13 33 35 45 55 16 9 9 5 
9257000 9257031 0 0 0 -21 -75 0 -17 -71 -16 34 54 69 67 25 20 18 10 13 33 35 45 55 16 9 8 5 
9342000 9342108 0 0 0 6 -41 0 6 -40 7 57 47 60 60 25 20 18 10 13 33 35 45 55 16 7 8 5 
9640500 9640739 0 0 0 9 -43 0 10 -41 12 62 52 60 58 25 20 18 10 13 33 35 45 55 16 8 7 5 
10087000 10087097 0 0 0 41 -21 0 47 -16 47 97 61 62 58 25 20 18 10 13 33 35 45 55 16 8 8 5 
10143000 10143196 0 0 0 4 -41 0 8 -38 9 59 45 61 62 25 20 18 10 13 33 35 45 55 16 8 7 5 
10178500 10178505 0 0 0 70 -16 0 72 -13 73 123 85 72 69 25 20 18 10 13 33 35 45 55 16 10 9 5 
10342500 10342679 0 0 0 65 -7 0 72 -2 73 123 73 74 76 25 20 18 10 11 31 35 45 55 16 8 6 5 
10345500 10345757 0 13 0 6 -40 -2 2 -41 4 54 45 86 90 25 20 18 10 12 32 35 45 55 16 6 10 5 
10347500 10347564 0 0 0 -29 -65 0 -34 -68 -32 18 34 86 88 25 20 18 10 12 32 35 45 55 16 10 9 5 
10356500 10356656 0 0 0 -9 -49 0 -3 -44 -3 47 41 72 71 25 20 18 10 13 33 35 45 55 16 8 10 5 
10496000 10496115 0 0 0 -23 -57 0 -19 -54 -16 34 37 63 62 25 20 18 10 13 33 35 45 55 16 8 8 5 
10874500 10874548 0 0 0 -16 -48 0 -13 -44 -12 38 31 66 65 25 20 18 10 13 33 35 45 55 16 8 8 5 
11314000 11314184 0 0 0 -1 -38 0 1 -36 4 54 38 67 60 25 20 18 10 13 33 35 45 55 16 9 8 5 
11450000 11450026 0 0 0 -22 -50 0 -20 -47 -19 31 27 59 60 25 20 18 10 13 33 35 45 55 16 7 7 5 
11906500 11906650 0 0 0 -17 -51 0 -13 -47 -11 39 35 62 60 25 20 18 10 13 33 35 45 55 16 8 8 5 
12154500 12154607 0 0 0 -13 -48 -21 -8 -43 -7 43 35 67 62 25 20 18 10 11 31 35 45 55 16 9 8 5 
12157500 12157784 0 13 0 19 -28 -6 33 -19 33 83 52 74 79 25 20 18 10 9 29 35 45 55 16 8 7 5 
12160500 12160640 0 0 0 63 4 0 74 11 75 125 62 78 83 25 20 18 10 9 29 35 45 55 16 11 9 5 
12185500 12185678 0 0 0 76 15 0 80 20 82 132 62 72 72 25 20 18 10 9 29 35 45 55 16 9 9 5 
12222500 12222635 0 0 0 68 13 0 75 19 75 125 56 71 70 25 20 19 10 9 29 35 45 55 16 9 9 5 
12229500 12229531 0 13 0 -34 -76 -24 -30 -72 -28 22 43 89 91 25 20 19 10 11 31 35 45 55 16 11 11 5 
12233500 12233544 0 0 0 -54 -105 0 -57 -106 -57 -7 48 94 94 25 20 18 10 12 32 35 45 55 16 11 13 5 
12238500 12238603 0 13 0 -46 -119 -12 -42 -116 -40 10 75 104 104 25 20 18 10 13 31 35 45 55 16 13 14 5 
12247000 12247087 0 0 0 -1 -111 0 6 -107 7 57 112 108 108 25 20 18 10 13 31 35 45 55 16 14 14 5 
12262000 12262013 0 0 0 1 -126 0 7 -122 6 56 126 97 99 25 20 18 10 13 33 35 45 55 16 13 12 5 
12273000 12273030 0 0 0 -65 -130 0 -66 -128 -66 -16 62 86 63 25 20 18 10 13 33 35 45 55 16 9 9 5 
12283500 12283569 0 0 0 -35 -101 0 -34 -99 -34 16 64 89 87 25 20 18 10 13 33 35 45 55 16 8 12 5 
12297000 12297109 0 0 0 -50 -85 0 -44 -80 -42 8 37 77 77 25 20 18 10 13 33 35 45 55 16 10 10 5 
12303500 12304003 0 0 0 -41 -73 0 -39 -71 -38 12 31 75 82 25 20 18 10 13 33 35 45 55 16 6 10 5 
12613500 12613518 0 0 0 -38 -61 0 -36 -57 -36 14 21 58 59 25 20 18 10 13 33 35 45 55 16 7 7 5 
12874000 12874122 0 0 0 -24 -49 0 -20 -46 -20 30 28 62 60 25 20 18 10 13 33 35 45 55 16 8 8 5 
12884500 12884687 0 0 0 -25 -53 0 -21 -49 -21 29 27 60 62 25 20 18 10 13 33 35 45 55 16 7 8 5 
12903000 12903122 0 0 0 14 -27 -2 16 -25 18 68 42 60 57 25 20 18 10 13 33 35 45 55 16 8 7 5 
12925500 12925619 0 0 0 -10 -47 0 -9 -46 -9 41 36 55 55 25 20 18 10 13 33 35 45 55 16 7 7 5 
12932500 12932640 0 0 0 24 -25 0 38 -15 39 89 53 72 76 25 20 18 10 13 33 35 45 55 16 9 9 5 
12936000 12936044 0 13 0 -25 -56 -25 -34 -63 -33 17 28 74 83 25 20 18 10 13 33 35 45 55 16 10 8 5 
12942500 12942506 0 0 0 -44 -62 0 -40 -58 -39 11 18 57 56 25 20 18 10 13 33 35 45 55 16 7 7 5 
13029000 13029010 0 0 0 -39 -64 0 -37 -61 -36 14 24 54 55 25 20 18 10 13 33 35 45 55 16 7 7 5 
13049500 13049743 0 0 0 -33 -57 0 -31 -54 -32 18 23 54 54 25 20 18 10 13 33 35 45 55 16 7 7 5 
13173000 13173168 0 0 0 -38 -66 11 -34 -62 -32 18 28 59 60 25 20 18 10 13 33 35 45 55 16 7 7 5 
13212500 13212572 0 0 0 -22 -52 0 -18 -47 -17 33 29 56 56 25 20 18 10 13 33 35 45 55 16 7 7 5 
13406000 13406021 0 0 0 -45 -62 0 -43 -59 -41 9 17 56 56 25 20 18 10 13 33 35 45 55 16 7 7 5 
13639000 13639051 0 0 0 -31 -56 0 -27 -53 -26 24 23 57 56 25 20 18 10 13 33 35 45 55 16 7 7 5 
13647500 13647748 0 0 0 -31 -57 0 -34 -59 -36 14 25 63 60 25 20 18 10 13 33 35 45 55 16 7 8 5 
13651500 13651545 0 13 0 24 -18 33 36 -6 37 87 42 81 88 25 20 18 10 13 33 35 45 55 16 7 11 5 
13656500 13656674 0 0 0 20 -18 0 18 -20 21 71 40 67 60 25 20 18 10 13 33 35 45 55 16 8 7 5 
13663500 13663650 0 0 0 34 -7 0 35 -4 36 86 40 61 58 25 20 18 10 13 33 35 45 55 16 7 8 5 
13672000 13672004 0 0 0 55 7 0 61 12 62 112 49 60 58 25 20 18 10 13 33 35 45 55 16 7 8 5 
13677500 13677678 0 13 0 65 7 -14 70 10 72 122 61 69 71 25 20 18 10 13 33 35 45 55 16 8 6 5 
13688500 13688653 0 0 0 128 45 0 135 50 136 186 85 68 77 25 20 18 10 13 33 35 45 55 16 9 8 5 
13798500 13798502 0 0 0 100 33 0 105 37 106 156 67 59 60 25 20 18 10 13 33 35 45 55 16 7 8 5 
13974500 13974616 0 0 0 117 37 0 122 41 125 175 82 68 69 25 20 18 10 11 31 35 45 55 16 8 8 5 
13986000 13986162 0 13 0 30 -26 -21 28 -26 29 79 55 85 91 25 20 18 10 10 30 35 45 55 16 10 12 5 
13993500 13993522 0 0 0 8 -30 0 10 -25 13 63 37 67 74 25 20 18 10 10 30 35 45 55 16 9 8 5 
14116000 14116170 0 0 0 38 -13 0 50 -6 51 101 55 65 61 25 20 18 10 10 30 35 45 55 16 7 6 5 
14119000 14119076 0 13 0 -9 -47 -29 -16 -48 -16 34 33 74 82 25 20 18 10 11 31 35 45 55 16 5 10 5 
14129500 14129541 0 0 0 -46 -69 0 -43 -65 -42 8 23 59 60 25 20 18 10 13 33 35 45 55 16 7 7 5 
14192000 14192234 0 0 0 -28 -54 0 -26 -52 -24 26 26 59 58 25 20 18 10 13 33 35 45 55 16 7 7 5 
14210000 14210117 0 0 0 -7 -37 0 -4 -34 -3 47 32 57 58 25 20 18 10 13 33 35 45 55 16 7 7 5 
14236000 14236246 0 0 0 -20 -46 0 -15 -41 -13 37 25 56 55 25 20 18 10 13 33 35 45 55 16 7 7 5 
14262500 14262517 0 0 0 -42 -68 -4 -38 -64 -37 13 28 55 55 25 20 18 10 13 33 35 45 55 16 7 7 5 
14512500 14512636 0 0 0 -32 -57 9 -27 -52 -27 23 25 55 55 25 20 18 10 13 33 35 45 55 16 7 7 5 
14962500 14962506 0 0 0 -31 -56 4 -26 -50 -25 25 25 54 52 25 20 18 10 12 32 35 45 55 16 7 7 5 
14969000 14969906 0 13 0 -4 -44 1 16 -31 18 68 48 78 90 25 20 18 10 11 31 35 45 55 16 0 12 5 
14980500 14980510 0 0 0 41 -6 0 46 -1 46 96 48 58 62 25 20 18 10 10 30 35 45 55 16 7 7 5 
15133000 15133071 0 0 0 10 -21 0 9 -20 9 59 29 52 51 25 20 18 10 10 30 35 45 55 16 6 6 5 
15150000 15150207 0 0 0 15 -19 -11 22 -13 25 75 35 64 63 25 20 18 10 10 30 35 45 55 16 8 8 5 
15164500 15164700 0 0 0 -10 -37 -3 -8 -35 -8 42 25 56 54 25 20 18 10 13 33 35 45 55 16 7 7 5 
15277500 15277553 0 0 0 -35 -59 0 -28 -54 -27 23 25 57 56 25 20 18 10 13 33 35 45 55 16 7 7 5 
15305000 15305228 0 0 0 -11 -40 0 -6 -36 -5 45 30 56 56 25 20 18 10 13 33 35 45 55 16 7 7 5 
15309500 15309756 0 13 0 -4 -38 -17 0 -36 2 52 36 61 59 25 20 18 10 13 33 35 45 55 16 7 6 5 
15314000 15314050 0 0 0 39 -20 0 43 -16 45 95 61 69 79 25 20 18 10 13 33 35 45 55 16 6 8 5 
15337500 15337709 0 0 0 28 -17 0 31 -13 31 81 44 58 59 25 20 18 10 13 33 35 45 55 16 7 7 5 
15399500 15399652 0 0 0 1 -45 0 3 -45 5 55 48 56 54 25 20 18 10 13 33 35 45 55 16 7 7 5 
15565500 15565731 0 0 0 2 -49 0 4 -47 6 56 52 58 62 25 20 18 10 13 33 35 45 55 16 7 7 5 
15693000 15693140 0 0 0 -9 -50 -16 -8 -47 -6 44 40 54 53 25 20 18 10 13 33 35 45 55 16 7 7 5 
15709000 15709187 0 0 0 17 -33 0 19 -31 21 71 51 63 63 25 20 18 10 13 33 35 45 55 16 8 8 5 
15770000 15770156 0 0 0 34 -19 0 39 -18 40 90 57 58 59 25 20 18 10 13 33 35 45 55 16 7 7 5 
15874500 15874538 0 0 0 18 -32 -17 22 -27 23 73 51 59 63 25 20 18 10 12 32 35 45 55 16 7 8 5 
16079000 16079079 0 0 0 45 -22 0 46 -20 47 97 66 63 65 25 20 18 10 11 31 35 45 55 16 8 8 5 
16084000 16084031 0 13 0 80 3 6 84 7 86 136 78 77 85 25 20 18 10 10 30 35 45 55 16 9 10 5 
16088000 16088055 0 0 0 98 17 4 101 20 101 151 80 61 57 25 20 18 10 9 29 35 45 55 16 8 7 5 
16261500 16261515 0 0 0 108 38 0 110 41 111 161 69 65 64 25 20 18 10 13 33 35 45 55 16 8 8 5 
16266000 16266075 0 13 0 42 -11 2 44 -9 45 95 53 88 94 25 20 18 10 13 33 35 45 55 16 11 12 5 
16269000 16269107 0 0 0 -6 -34 0 -6 -32 -5 45 26 87 83 25 20 18 10 13 33 35 45 55 16 12 10 5 
16276000 16276182 0 0 0 11 -26 0 16 -22 16 66 39 74 74 25 20 18 10 13 33 35 45 55 16 9 10 5 
16282500 16282614 0 0 0 17 -21 0 20 -18 21 71 39 70 66 25 20 18 10 13 33 35 45 55 16 9 7 5 
16286000 16286244 0 13 0 -28 -71 -10 -29 -74 -29 21 45 84 89 25 20 18 10 13 33 35 45 55 16 5 10 5 
16289000 16289008 0 0 0 -49 -100 0 -47 -98 -44 6 53 91 90 25 20 18 10 13 33 35 45 55 16 11 11 5 
16420000 16420025 0 0 0 -84 -124 0 -78 -118 -76 -26 41 84 86 25 20 17 10 12 32 35 45 55 16 11 9 5 
16721500 16721525 0 0 0 -28 -110 10 -19 -107 -17 33 89 80 80 25 20 18 10 13 33 35 45 55 16 10 10 5 
16820000 16820058 0 0 0 -37 -141 0 -29 -138 -28 22 109 88 89 25 20 18 10 13 33 35 45 55 16 11 11 5 
16944500 16944644 0 0 0 -21 -139 0 -16 -134 -17 33 117 93 93 25 20 18 10 13 33 35 45 55 16 11 12 5 
17238500 17238517 0 0 0 -36 -108 0 -33 -106 -30 20 73 89 90 25 20 18 10 13 33 35 45 55 16 11 10 5 
17261500 17261530 0 0 0 4 -63 0 6 -60 6 56 66 83 81 25 20 18 10 13 33 35 45 55 16 10 11 5 
17657000 17657030 0 0 0 -9 -85 0 0 -79 1 51 80 87 87 25 20 18 10 13 33 35 45 55 16 11 11 5 
18082500 18082553 0 0 0 5 -118 0 10 -115 11 61 125 95 95 25 20 18 10 13 33 35 45 55 16 12 12 5 
18199000 18199109 0 0 0 -48 -128 0 -47 -124 -47 3 77 85 89 25 20 18 10 13 33 35 45 55 16 10 8 5 
18482000 18482190 0 0 0 -57 -90 0 -52 -86 -51 -1 35 75 75 25 20 18 10 13 33 35 45 55 16 8 9 5 
18537500 18537585 0 0 0 -63 -112 0 -57 -107 -55 -5 50 82 85 25 20 18 10 13 33 35 45 55 16 11 10 5 
18579500 18579578 0 0 0 -50 -86 0 -47 -83 -46 4 35 74 74 25 20 18 10 13 33 35 45 55 16 10 9 5 
19031500 19031626 0 0 0 -53 -88 0 -49 -84 -48 2 36 74 74 25 20 18 10 13 33 35 45 55 16 9 9 5 
19151000 19151146 0 0 0 -34 -78 0 -32 -76 -31 19 44 79 77 25 20 18 10 13 33 35 45 55 16 10 10 5 
19279500 19279710 0 0 0 -34 -74 0 -31 -71 -30 20 41 73 72 25 20 18 10 13 33 35 45 55 16 8 8 5 
19346000 19346383 0 0 0 -40 -85 0 -44 -84 -44 6 41 79 78 25 20 18 10 13 33 35 45 55 16 9 5 5 
19421500 19421663 0 0 0 -40 -102 0 -36 -100 -8 15 64 80 86 25 20 18 10 13 33 35 45 55 16 10 10 5 
19476500 19476530 0 0 0 -73 -97 0 -70 -94 -70 -20 22 68 68 25 20 18 10 13 33 35 45 55 16 9 8 5 
19508500 19508630 0 0 0 -51 -82 0 -52 -82 -50 0 29 68 67 25 20 18 10 13 33 35 45 55 16 9 9 5 
19538500 19538687 0 0 0 -37 -80 0 -34 -77 -34 16 42 72 73 25 20 18 10 13 33 35 45 55 16 9 9 5 
19563500 19563681 0 0 0 -43 -79 0 -37 -75 -36 14 39 70 69 25 20 18 10 13 33 35 45 55 16 9 9 5 
19575000 19575080 0 0 0 -45 -75 0 -40 -70 -40 10 30 69 70 25 20 18 10 13 33 35 45 55 16 9 9 5 
20323500 20323531 0 0 0 -20 -64 0 -18 -62 -16 34 46 70 70 25 20 18 10 13 33 35 45 55 16 9 9 5 
20605500 20605615 0 -1 1 -72 -151 -51 -72 -149 -73 -23 76 96 94 25 20 18 10 13 33 35 45 55 16 12 12 5 
20713000 20713017 0 2 1 -128 -162 -107 -128 -159 -127 -77 31 92 92 25 20 18 10 13 33 35 45 55 16 12 12 5 
20759500 20759675 0 -3 1 -70 -115 -49 -68 -112 -67 -17 45 82 78 25 20 18 10 13 33 35 45 55 16 10 10 5 
20835000 20835112 0 0 0 -22 -70 63 -17 -65 -16 34 49 71 70 25 20 18 10 13 33 35 45 55 16 9 7 5 
52500 52647 1 0 -1 0 56 0 0 57 1 -183 -55 68 67 25 20 18 10 14 34 35 45 55 16 8 9 5 
307000 307169 1 0 0 7 58 0 4 54 1 -182 -51 84 82 25 20 17 10 10 30 35 45 55 16 10 11 5 
359000 359061 1 -1 1 -39 2 -52 -45 5 -47 -230 -52 111 102 25 20 17 10 11 29 35 45 55 16 13 14 5 
457000 457019 1 2 1 -143 -74 -168 -146 -75 -147 -330 -70 106 105 25 20 17 10 13 31 35 45 55 16 12 13 5 
515500 515535 1 -3 1 -17 68 -49 -17 67 -20 -203 -85 83 83 25 20 18 10 11 31 35 45 55 16 11 11 5 
617000 617114 1 0 0 44 88 -11 34 78 32 -151 -44 90 93 25 20 18 10 10 30 35 45 55 16 6 9 5 
877500 877637 1 0 0 3 62 0 0 59 -2 -185 -59 77 78 25 20 17 10 10 30 35 45 55 16 10 10 5 
949000 949067 1 0 0 18 64 13 18 64 17 -166 -45 81 79 25 20 17 10 10 30 35 45 55 16 10 8 5 
1051500 1051640 1 -1 1 -32 20 -52 -36 19 -38 -221 -57 91 90 25 20 18 10 13 33 35 45 55 16 11 12 5 
1076500 1076540 1 2 1 -91 -49 -111 -91 -53 -93 -276 -39 114 113 25 20 18 10 13 29 35 45 55 16 15 15 5 
1097500 1097570 1 -3 1 -26 17 -46 -22 18 -23 -206 -40 96 96 25 20 18 10 13 33 35 45 55 16 9 12 5 
1351000 1351092 1 0 0 26 64 0 26 63 24 -159 -37 86 87 25 20 17 10 10 30 35 45 55 16 11 11 5 
1590000 1590057 1 0 0 0 48 -24 -1 47 -1 -184 -48 86 85 25 20 18 10 12 32 35 45 55 16 11 11 5 
1987500 1987692 1 0 0 -2 30 -17 -7 26 -8 -191 -32 78 77 25 20 18 10 13 33 35 45 55 16 10 10 5 
2452500 2452575 1 0 0 6 42 0 5 41 4 -179 -36 74 74 25 20 18 10 13 33 35 45 55 16 9 9 5 
2732000 2732183 1 0 0 4 51 0 0 47 -1 -184 -46 73 72 25 20 18 10 13 33 35 45 55 16 9 9 5 
3062000 3062364 1 0 0 5 50 0 -3 44 -4 -187 -46 70 73 25 20 18 10 13 33 35 45 55 16 8 9 5 
3387500 3387543 1 0 0 16 57 0 15 56 12 -171 -43 81 79 25 20 18 10 13 33 35 45 55 16 10 9 5 
3665000 3665041 1 0 0 6 52 0 5 52 3 -180 -48 77 75 25 20 18 10 13 33 35 45 55 16 10 10 5 
3865500 3865546 1 0 0 -14 32 0 -14 30 -14 -197 -44 77 77 25 20 18 10 13 33 35 45 55 16 9 10 5 
4109500 4109533 1 0 0 -2 47 0 3 49 2 -181 -46 79 78 25 20 18 10 13 33 35 45 55 16 10 10 5 
4472000 4472371 1 0 0 -2 48 0 -1 52 -2 -185 -53 81 82 25 20 18 10 13 33 35 45 55 16 7 10 5 
4719500 4719711 1 0 0 -24 34 -16 -25 34 -26 -209 -59 65 65 25 20 18 10 13 33 35 45 55 16 8 8 5 
5024500 5024501 1 0 0 -17 48 -9 -19 46 -20 -203 -65 65 64 25 20 18 10 13 33 35 45 55 16 8 8 5 
5065500 5065500 1 0 0 4 38 -17 4 37 1 -182 -34 71 69 25 20 18 10 13 33 35 45 55 16 9 9 5 
5119000 5119150 1 0 0 10 56 0 12 58 10 -173 -46 71 69 25 20 18 10 13 33 35 45 55 16 9 9 5 
5242000 5242292 1 0 0 -18 33 0 -19 32 -20 -203 -51 70 71 25 20 18 10 13 33 35 45 55 16 8 8 5 
5264500 5264696 1 0 0 -17 41 -21 -20 38 -20 -203 -59 71 70 25 20 18 10 13 33 35 45 55 16 9 9 5 
5290500 5290639 1 0 0 25 59 0 21 53 20 -163 -32 69 67 25 20 18 10 13 33 35 45 55 16 9 6 5 
5308500 5308697 1 0 0 3 46 0 1 44 3 -180 -41 64 64 25 20 18 10 13 33 35 45 55 16 8 8 5 
5392000 5392072 1 0 0 -1 40 0 -1 40 -2 -185 -40 68 68 25 20 18 10 13 33 35 45 55 16 9 8 5 
5585000 5585110 1 0 0 -15 31 -22 -16 31 -17 -200 -46 68 66 25 20 18 10 13 33 35 45 55 16 9 9 5 
5785500 5785553 1 0 0 -2 42 0 -6 37 -8 -191 -44 71 73 25 20 18 10 13 33 35 45 55 16 9 5 5 
5842000 5842096 1 0 0 17 59 0 16 58 15 -168 -40 84 83 25 20 18 10 13 33 35 45 55 16 9 10 5 
5945500 5945565 1 0 0 20 69 0 19 67 16 -167 -50 69 68 25 20 18 10 13 33 35 45 55 16 9 9 5 
6113500 6113597 1 0 0 25 77 0 22 75 22 -161 -53 68 67 25 20 18 10 13 33 35 45 55 16 9 8 5 
6130500 6130695 1 0 0 1 41 0 -2 40 -3 -186 -42 75 75 25 20 18 10 13 33 35 45 55 16 9 10 5 
6209500 6209682 1 0 0 30 74 0 30 76 29 -154 -46 66 70 25 20 18 10 13 33 35 45 55 16 8 8 5 
6414500 6414711 1 0 0 13 68 -18 12 67 10 -173 -54 69 70 25 20 18 10 13 33 35 45 55 16 9 9 5 
6612500 6612591 1 0 0 13 55 0 7 51 5 -178 -44 79 82 25 20 18 10 13 33 35 45 55 16 10 10 5 
6775500 6775637 1 0 0 8 50 0 6 49 2 -181 -44 82 83 25 20 18 10 13 33 35 45 55 16 10 11 5 
6980000 6980054 1 0 0 13 68 0 12 66 11 -172 -54 66 71 25 20 18 10 13 33 35 45 55 16 6 9 5 
7250500 7250693 1 0 0 26 58 0 23 54 23 -160 -31 64 65 25 20 18 10 13 33 35 45 55 16 8 8 5 
7458500 7458545 1 0 0 19 53 0 18 51 16 -167 -34 68 68 25 20 18 10 13 33 35 45 55 16 9 9 5 
7883500 7883637 1 0 0 17 59 0 16 59 14 -169 -43 68 69 25 20 18 10 13 33 35 45 55 16 9 9 5 
8204500 8204720 1 0 0 39 76 0 38 75 36 -147 -37 63 63 25 20 18 10 13 33 35 45 55 16 8 8 5 
8379500 8379654 1 0 0 39 90 0 35 86 34 -149 -50 59 59 25 20 18 10 13 33 35 45 55 16 7 7 5 
8411500 8411572 1 0 0 47 93 0 47 93 45 -138 -47 62 60 25 20 18 10 13 33 35 45 55 16 8 7 5 
8449000 8449214 1 0 0 53 102 0 50 100 51 -132 -50 63 64 25 20 18 10 13 33 35 45 55 16 8 8 5 
8466500 8466729 1 0 0 16 59 0 13 57 11 -172 -44 61 60 25 20 18 10 13 33 35 45 55 16 8 8 5 
8550000 8550008 1 0 0 33 74 0 32 71 30 -153 -40 65 66 25 20 18 10 13 33 35 45 55 16 8 8 5 
8575500 8575693 1 0 0 36 76 0 30 69 29 -154 -39 76 75 25 20 18 10 13 33 35 45 55 16 10 9 5 
8697500 8697668 1 0 0 29 78 0 28 76 25 -158 -49 60 59 25 20 18 10 13 33 35 45 55 16 7 7 5 
8719000 8719236 1 0 0 15 75 0 13 73 12 -171 -60 62 61 25 20 18 10 13 33 35 45 55 16 8 7 5 
8816500 8816553 1 0 0 23 79 0 23 79 20 -163 -57 55 55 25 20 18 10 13 33 35 45 55 16 7 7 5 
9061000 9061186 1 0 0 12 74 0 12 75 11 -172 -63 56 57 25 20 18 10 13 33 35 45 55 16 7 7 5 
9095000 9095184 1 0 0 44 84 1 47 87 45 -138 -40 68 69 25 20 18 10 13 33 35 45 55 16 8 9 5 
9260000 9260140 1 0 0 13 48 0 9 45 10 -173 -34 67 62 25 20 18 10 13 33 35 45 55 16 8 8 5 
9337500 9337505 1 0 0 48 83 0 47 82 46 -137 -35 58 58 25 20 18 10 13 33 35 45 55 16 7 7 5 
9634000 9634159 1 0 0 78 113 0 77 112 75 -108 -35 60 58 25 20 18 10 13 33 35 45 55 16 7 8 5 
10083500 10083539 1 0 0 75 111 0 73 109 70 -113 -37 66 66 25 20 18 10 13 33 35 45 55 16 8 8 5 
10148500 10148543 1 0 0 84 117 0 80 113 78 -105 -34 64 60 25 20 18 10 13 33 35 45 55 16 8 8 5 
10178500 10178505 1 0 0 49 95 0 46 93 45 -138 -48 72 69 25 20 18 10 13 33 35 45 55 16 10 9 5 
10343500 10344178 1 0 0 87 141 0 88 148 85 -98 -60 79 83 25 20 18 10 11 31 35 45 55 16 7 8 5 
10346500 10346579 1 13 0 48 109 4 42 104 41 -142 -63 87 94 25 20 18 10 12 32 35 45 55 16 9 9 5 
10349500 10349539 1 0 0 1 63 0 -12 53 -13 -196 -63 79 75 25 20 18 10 13 33 35 45 55 16 9 8 5 
10356500 10356656 1 0 0 -3 47 0 -6 44 -7 -190 -50 72 71 25 20 18 10 13 33 35 45 55 16 8 10 5 
10494500 10494711 1 0 0 11 61 0 11 60 10 -173 -48 64 68 25 20 18 10 13 33 35 45 55 16 7 8 5 
10880000 10880151 1 0 0 -8 51 0 -11 48 -11 -194 -58 67 65 25 20 18 10 13 33 35 45 55 16 9 8 5 
11314000 11314184 1 0 0 -6 60 0 -11 57 -14 -197 -68 67 60 25 20 18 10 13 33 35 45 55 16 9 8 5 
11453500 11453503 1 0 0 -2 71 0 0 71 -2 -185 -70 61 60 25 20 18 10 13 33 35 45 55 16 8 8 5 
11883000 11883127 1 0 0 1 78 0 1 78 1 -182 -77 62 61 25 20 18 10 13 33 35 45 55 16 8 8 5 
12153500 12153647 1 0 0 15 108 0 16 110 14 -169 -94 68 62 25 20 18 10 11 31 35 45 55 16 9 8 5 
12156500 12156516 1 13 0 59 142 4 60 147 58 -125 -88 70 64 25 20 18 10 10 30 35 45 55 16 8 5 5 
12159500 12159604 1 0 0 95 140 0 112 145 111 -72 -32 79 87 25 20 18 10 9 29 35 45 55 16 6 11 5 
12184500 12184626 1 0 0 72 105 0 70 104 69 -114 -34 71 70 25 20 18 10 9 29 35 45 55 16 9 9 5 
12225000 12225164 1 0 0 91 126 0 94 128 91 -92 -36 77 77 25 20 19 10 10 30 35 45 55 16 9 9 5 
12229000 12229024 1 13 0 57 106 0 54 101 53 -130 -47 88 88 25 20 19 10 11 31 35 45 55 16 11 11 5 
12233000 12233059 1 0 0 23 74 0 16 69 15 -168 -52 93 92 25 20 18 10 12 32 35 45 55 16 11 12 5 
12247000 12247087 1 0 0 39 53 0 36 51 35 -148 -14 108 108 25 20 18 10 13 31 35 45 55 16 14 14 5 
12284500 12284580 1 0 0 5 42 0 3 40 2 -181 -39 90 90 25 20 18 10 13 33 35 45 55 16 9 8 5 
12289000 12289281 1 13 0 -32 44 0 -33 43 -34 -217 -76 92 94 25 20 18 10 13 33 35 45 55 16 4 9 5 
12297500 12297693 1 0 0 -103 -22 0 -105 -25 -106 -289 -80 76 75 25 20 18 10 13 33 35 45 55 16 10 10 5 
12302500 12302619 1 13 0 -69 7 -3 -65 9 -67 -250 -73 74 71 25 20 18 10 13 33 35 45 55 16 9 7 5 
12305000 12305105 1 0 0 -49 31 0 -44 38 -44 -227 -80 74 79 25 20 18 10 13 33 35 45 55 16 7 9 5 
12418000 12418064 1 0 0 -10 69 0 -9 69 -9 -192 -78 57 57 25 20 18 10 13 33 35 45 55 16 5 7 5 
12627500 12627573 1 0 0 -3 88 0 -6 87 -6 -189 -92 59 59 25 20 18 10 13 33 35 45 55 16 7 7 5 
12887000 12887134 1 0 0 11 96 0 8 94 7 -176 -86 61 61 25 20 18 10 13 33 35 45 55 16 8 8 5 
12904500 12904666 1 0 0 44 106 2 43 106 42 -141 -63 58 57 25 20 18 10 13 33 35 45 55 16 7 7 5 
12927500 12927584 1 0 0 43 105 -6 42 104 42 -141 -62 54 54 25 20 18 10 13 33 35 45 55 16 7 7 5 
12936000 12936044 1 13 0 36 106 15 27 101 26 -157 -73 74 83 25 20 18 10 13 33 35 45 55 16 10 8 5 
12947000 12947161 1 0 0 -7 82 0 -10 80 -10 -193 -87 58 58 25 20 18 10 13 33 35 45 55 16 7 7 5 
13029000 13029010 1 0 0 -3 76 0 -8 72 -10 -193 -80 54 55 25 20 18 10 13 33 35 45 55 16 7 7 5 
13047000 13047268 1 0 0 18 88 0 23 90 22 -161 -66 57 56 25 20 18 10 13 33 35 45 55 16 7 7 5 
13170500 13170616 1 0 0 22 81 10 22 80 21 -162 -59 60 61 25 20 18 10 13 33 35 45 55 16 8 7 5 
13211500 13211504 1 0 0 7 82 -34 3 78 3 -180 -74 56 57 25 20 18 10 13 33 35 45 55 16 7 7 5 
13409000 13409201 1 0 0 36 109 0 35 107 34 -149 -71 57 58 25 20 18 10 13 33 35 45 55 16 7 7 5 
13640000 13640120 1 0 0 12 91 -9 13 90 12 -171 -77 57 55 25 20 18 10 13 33 35 45 55 16 7 7 5 
13654500 13654724 1 0 0 36 92 0 31 88 31 -152 -56 71 64 25 20 18 10 13 33 35 45 55 16 10 8 5 
13664500 13664610 1 0 0 50 92 -4 48 91 48 -135 -42 61 68 25 20 18 10 13 33 35 45 55 16 7 8 5 
13685000 13685022 1 0 0 61 101 -3 61 100 59 -124 -40 69 76 25 20 18 10 13 33 35 45 55 16 8 9 5 
13800000 13800229 1 0 0 61 97 0 60 96 57 -126 -37 60 62 25 20 18 10 13 33 35 45 55 16 8 8 5 
14114500 14114679 1 0 0 72 104 0 77 111 76 -107 -35 61 58 25 20 18 10 10 30 35 45 55 16 7 8 5 
14118500 14118887 1 13 0 32 104 -24 34 115 32 -151 -80 74 79 25 20 18 10 11 31 35 45 55 16 4 10 5 
14132000 14132124 1 0 0 4 82 0 1 79 -3 -186 -80 58 57 25 20 18 10 13 33 35 45 55 16 7 7 5 
14191000 14191226 1 0 0 24 101 14 21 98 19 -164 -77 59 59 25 20 18 10 13 33 35 45 55 16 7 7 5 
14211000 14211159 1 0 0 40 104 0 38 103 36 -147 -65 57 57 25 20 18 10 13 33 35 45 55 16 7 7 5 
14236000 14236246 1 0 0 53 114 13 52 113 51 -132 -62 56 55 25 20 18 10 13 33 35 45 55 16 7 7 5 
14245500 14245840 1 13 0 43 112 16 38 108 36 -147 -69 64 70 25 20 18 10 13 33 35 45 55 16 7 9 5 
14258500 14258716 1 0 0 -8 76 0 -13 72 -13 -196 -85 55 55 25 20 18 10 13 33 35 45 55 16 7 7 5 
14507000 14507027 1 0 0 23 108 0 21 106 18 -165 -85 56 57 25 20 18 10 13 33 35 45 55 16 7 7 5 
14962500 14962506 1 0 0 25 106 0 23 104 22 -161 -81 54 52 25 20 18 10 12 32 35 45 55 16 7 7 5 
14969500 14969906 1 13 0 78 133 24 93 139 92 -91 -46 79 90 25 20 18 10 11 31 35 45 55 16 0 12 5 
14973500 14973661 1 0 0 71 125 0 67 121 63 -120 -55 67 59 25 20 18 10 11 31 35 45 55 16 9 8 5 
14981000 14981006 1 0 0 66 119 0 62 116 60 -123 -55 58 56 25 20 18 10 10 30 35 45 55 16 7 7 5 
15131500 15131610 1 0 0 76 121 0 75 120 73 -110 -47 52 52 25 20 18 10 10 30 35 45 55 16 6 6 5 
15150000 15150207 1 0 0 86 133 7 82 131 81 -102 -49 64 63 25 20 18 10 10 30 35 45 55 16 8 8 5 
15156000 15156101 1 13 0 79 154 21 81 156 80 -103 -75 83 88 25 20 18 10 11 31 35 45 55 16 7 11 5 
15162500 15162547 1 0 0 29 102 5 27 98 25 -158 -71 58 60 25 20 18 10 13 33 35 45 55 16 7 7 5 
15306000 15306016 1 0 0 11 93 0 8 91 6 -177 -83 56 58 25 20 18 10 13 33 35 45 55 16 7 7 5 
15310500 15310526 1 13 0 38 114 -15 34 114 32 -151 -79 64 60 25 20 18 10 13 33 35 45 55 16 7 4 5 
15313500 15313680 1 0 0 81 133 0 84 135 84 -99 -49 70 81 25 20 18 10 13 33 35 45 55 16 4 9 5 
15338500 15338742 1 0 0 54 109 0 54 109 52 -131 -54 58 57 25 20 18 10 13 33 35 45 55 16 7 7 5 
15400500 15400748 1 0 0 52 104 0 50 102 48 -135 -53 56 56 25 20 18 10 13 33 35 45 55 16 7 7 5 
15552500 15552727 1 0 0 69 115 0 67 112 66 -117 -45 59 60 25 20 18 10 13 33 35 45 55 16 8 7 5 
15691500 15691525 1 0 0 79 119 0 77 117 75 -108 -40 55 58 25 20 18 10 13 33 35 45 55 16 7 7 5 
15710000 15710172 1 0 0 87 129 0 86 128 84 -99 -42 62 61 25 20 18 10 13 33 35 45 55 16 8 8 5 
15770500 15770667 1 0 0 93 130 0 92 128 91 -92 -36 59 58 25 20 18 10 13 33 35 45 55 16 7 7 5 
15787500 15787709 1 0 0 65 111 0 66 111 63 -120 -45 59 60 25 20 18 10 13 33 35 45 55 16 7 7 5 
15876500 15876532 1 0 0 73 117 0 72 115 69 -114 -44 60 60 25 20 18 10 12 32 35 45 55 16 8 7 5 
16075500 16075673 1 0 0 77 125 0 74 122 72 -111 -48 60 63 25 20 18 10 11 31 35 45 55 16 7 8 5 
16088500 16088577 1 0 0 90 131 0 90 131 89 -94 -40 60 58 25 20 18 10 9 29 35 45 55 16 7 7 5 
16264000 16264120 1 0 0 87 126 0 88 126 86 -97 -38 75 71 25 20 18 10 13 33 35 45 55 16 8 11 5 
16266500 16266547 1 13 0 74 123 8 75 124 74 -109 -49 90 97 25 20 18 10 13 33 35 45 55 16 11 12 5 
16271500 16271520 1 0 0 22 82 0 19 79 18 -165 -61 79 80 25 20 18 10 13 33 35 45 55 16 10 10 5 
16289000 16289008 1 0 0 16 74 0 14 73 12 -171 -60 91 90 25 20 18 10 13 33 35 45 55 16 11 11 5 
16424000 16424060 1 0 0 -15 46 0 -15 41 -16 -199 -57 87 88 25 20 17 10 12 32 35 45 55 16 11 11 5 
16723500 16723599 1 0 0 0 54 36 -2 54 -4 -187 -54 81 81 25 20 18 10 13 33 35 45 55 16 10 11 5 
16818000 16818029 1 0 0 -3 32 0 -7 30 -8 -191 -36 89 86 25 20 18 10 13 33 35 45 55 16 11 11 5 
16944500 16944644 1 0 0 -15 37 0 -17 37 -20 -203 -54 93 93 25 20 18 10 13 33 35 45 55 16 11 12 5 
17235000 17235164 1 0 0 5 50 0 5 50 4 -179 -44 89 88 25 20 18 10 13 33 35 45 55 16 11 11 5 
17262500 17262617 1 0 0 5 51 0 4 49 3 -180 -43 82 83 25 20 18 10 13 33 35 45 55 16 11 10 5 
17661000 17661002 1 0 0 16 68 5 17 69 16 -167 -53 88 86 25 20 18 10 13 33 35 45 55 16 11 11 5 
18086500 18086611 1 0 0 18 58 4 14 57 13 -170 -43 96 95 25 20 18 10 13 33 35 45 55 16 9 9 5 
18202500 18202521 1 0 0 25 61 0 23 60 20 -163 -38 84 83 25 20 18 10 13 33 35 45 55 16 10 11 5 
18480000 18480199 1 0 0 20 71 0 18 69 16 -167 -51 74 73 25 20 18 10 13 33 35 45 55 16 9 8 5 
18532500 18532636 1 0 0 -5 38 0 -8 36 -10 -193 -47 85 85 25 20 18 10 13 33 35 45 55 16 11 11 5 
18550500 18550655 1 0 0 2 56 0 0 55 -2 -185 -56 92 91 25 20 18 10 13 33 35 45 55 16 11 12 5 
18634500 18634535 1 0 0 5 60 0 9 61 8 -175 -51 95 93 25 20 18 10 13 33 35 45 55 16 11 12 5 
19031000 19031006 1 0 0 17 72 0 18 72 15 -168 -55 74 71 25 20 18 10 13 33 35 45 55 16 9 8 5 
19149500 19149642 1 0 0 21 65 0 27 68 26 -157 -41 82 83 25 20 18 10 13 33 35 45 55 16 11 10 5 
19248000 19248181 1 0 0 3 45 0 -2 42 -3 -186 -44 78 79 25 20 18 10 13 33 35 45 55 16 10 10 5 
19340500 19340534 1 0 0 24 70 0 25 67 24 -159 -43 76 79 25 20 18 10 13 33 35 45 55 16 10 10 5 
19476000 19476090 1 0 0 20 70 0 17 68 16 -167 -51 68 69 25 20 18 10 13 33 35 45 55 16 9 8 5 
19510500 19510606 1 0 0 39 84 0 38 82 36 -147 -45 69 69 25 20 18 10 13 33 35 45 55 16 9 9 5 
19520000 19520099 1 0 0 32 81 0 30 80 29 -154 -49 68 68 25 20 18 10 13 33 35 45 55 16 9 9 5 
19543000 19543136 1 0 0 33 83 0 37 85 35 -148 -48 71 71 25 20 18 10 13 33 35 45 55 16 9 9 5 
19568500 19568505 1 0 0 40 85 0 37 82 34 -149 -47 70 70 25 20 18 10 13 33 35 45 55 16 9 9 5 
19577000 19577041 1 0 0 31 81 0 27 77 27 -156 -49 69 68 25 20 18 10 13 33 35 45 55 16 9 9 5 
20319500 20319641 1 0 0 5 61 1 3 60 2 -181 -57 70 72 25 20 18 10 13 33 35 45 55 16 9 9 5 
20600000 20600086 1 -1 1 -53 -2 -52 -57 -4 -58 -241 -52 95 97 25 20 18 10 13 33 35 45 55 16 12 12 5 
20669500 20669596 1 2 1 -113 -41 -110 -117 -43 -118 -301 -75 96 96 25 20 18 10 13 33 35 45 55 16 12 12 5 
20699000 20699151 1 -3 1 -53 26 -50 -56 21 -57 -240 -77 82 79 25 20 18 10 13 33 35 45 55 16 10 10 5 
20826000 20826130 1 0 0 -6 47 0 -11 45 -12 -195 -56 73 77 25 20 18 10 13 33 35 45 55 16 7 6 5 
52500 52647 2 0 -1 0 34 0 0 36 -3 -113 -35 68 67 25 20 18 10 14 34 35 45 55 16 8 9 5 
304000 304133 2 0 0 -3 19 0 -4 19 -5 -118 -22 85 89 25 20 17 10 10 30 35 45 55 16 10 11 5 
346000 346003 2 -1 1 -52 -30 -50 -52 -30 -51 -164 -22 110 109 25 20 17 10 11 29 35 45 55 16 13 14 5 
441000 441127 2 2 1 -146 -97 -148 -140 -95 -141 -254 -44 110 120 25 20 17 10 13 28 35 45 55 16 15 14 5 
485000 485119 2 -3 1 -43 21 -46 -42 22 -42 -155 -62 90 93 25 20 17 10 12 32 35 45 55 16 8 12 5 
622000 622107 2 0 0 9 45 0 14 48 13 -100 -35 88 90 25 20 18 10 10 30 35 45 55 16 9 11 5 
870000 870050 2 0 0 15 63 0 17 63 16 -97 -46 77 74 25 20 17 10 10 30 35 45 55 16 10 10 5 
949000 949067 2 0 0 23 61 -2 19 62 16 -97 -45 81 79 25 20 17 10 10 30 35 45 55 16 10 8 5 
1063500 1063556 2 -1 1 -28 5 -51 -26 5 -26 -139 -31 107 107 25 20 18 10 13 31 35 45 55 16 11 13 5 
1069500 1069560 2 2 1 -94 -64 -117 -98 -68 -97 -210 -28 114 112 25 20 18 10 13 29 35 45 55 16 12 15 5 
1096500 1096649 2 -3 1 -26 -12 -49 -23 -14 -24 -137 -10 96 98 25 20 18 10 13 33 35 45 55 16 6 12 5 
1355000 1355119 2 0 0 23 51 0 24 53 23 -90 -27 85 87 25 20 17 10 10 30 35 45 55 16 11 11 5 
1613500 1613667 2 0 0 2 28 0 3 28 2 -111 -26 85 83 25 20 18 10 13 33 35 45 55 16 11 11 5 
1989500 1989613 2 0 0 3 11 -15 6 13 6 -107 -7 78 77 25 20 18 10 13 33 35 45 55 16 10 10 5 
2491000 2491056 2 0 0 17 21 0 21 20 21 -92 2 76 74 25 20 18 10 13 33 35 45 55 16 9 8 5 
2722500 2722714 2 0 0 8 23 0 10 26 8 -105 -16 71 70 25 20 18 10 13 33 35 45 55 16 9 9 5 
3064000 3064053 2 0 0 6 27 0 10 32 8 -105 -23 71 69 25 20 18 10 13 33 35 45 55 16 8 9 5 
3348000 3348024 2 0 0 6 28 0 5 25 4 -109 -19 79 77 25 20 18 10 13 33 35 45 55 16 10 8 5 
3661000 3661079 2 0 0 -3 13 0 -1 13 -1 -114 -15 74 72 25 20 18 10 13 33 35 45 55 16 9 9 5 
3864500 3864593 2 0 0 -3 13 0 0 15 0 -113 -14 77 79 25 20 18 10 13 33 35 45 55 16 8 10 5 
4212500 4212649 2 0 0 -6 18 0 -6 18 -8 -121 -24 78 74 25 20 18 10 13 33 35 45 55 16 10 10 5 
4475000 4475179 2 0 0 11 34 0 10 35 10 -103 -24 79 78 25 20 18 10 13 33 35 45 55 16 10 10 5 
4723500 4723605 2 0 0 -8 23 5 -4 26 -4 -117 -30 66 70 25 20 18 10 13 33 35 45 55 16 8 9 5 
5028000 5028151 2 0 0 0 30 2 2 32 2 -111 -29 67 68 25 20 18 10 13 33 35 45 55 16 8 9 5 
5065500 5065500 2 0 0 3 20 -1 6 22 5 -108 -16 71 69 25 20 18 10 13 33 35 45 55 16 9 9 5 
5242000 5242292 2 0 0 -19 8 0 -18 9 -19 -132 -27 70 71 25 20 18 10 13 33 35 45 55 16 8 8 5 
5262500 5262610 2 0 0 -28 8 0 -26 9 -27 -140 -36 72 72 25 20 18 10 13 33 35 45 55 16 9 9 5 
5288500 5288685 2 0 0 19 39 0 21 40 20 -93 -20 72 73 25 20 18 10 13 33 35 45 55 16 10 9 5 
5304500 5304699 2 0 0 6 30 0 7 30 7 -106 -22 65 66 25 20 18 10 13 33 35 45 55 16 8 8 5 
5562500 5562706 2 0 0 -3 23 0 -2 26 -4 -117 -29 70 72 25 20 18 10 13 33 35 45 55 16 9 9 5 
5786500 5786769 2 0 0 3 26 0 5 27 3 -110 -22 72 75 25 20 18 10 13 33 35 45 55 16 8 6 5 
5838000 5838071 2 0 0 21 39 0 21 42 20 -93 -20 83 86 25 20 18 10 13 33 35 45 55 16 8 11 5 
5947500 5947547 2 0 0 24 53 2 25 53 23 -90 -29 68 68 25 20 18 10 13 33 35 45 55 16 9 8 5 
6117500 6117703 2 0 0 24 53 0 25 53 23 -90 -29 65 63 25 20 18 10 13 33 35 45 55 16 9 8 5 
6132500 6132692 2 0 0 39 50 0 42 51 39 -74 -11 74 74 25 20 18 10 13 33 35 45 55 16 10 9 5 
6209500 6209682 2 0 0 29 49 0 35 54 33 -80 -19 66 70 25 20 18 10 13 33 35 45 55 16 8 8 5 
6411000 6411021 2 0 0 31 58 7 32 60 32 -81 -27 69 67 25 20 18 10 13 33 35 45 55 16 9 9 5 
6611500 6611658 2 0 0 15 44 -14 17 48 17 -96 -30 79 79 25 20 18 10 13 33 35 45 55 16 9 10 5 
6787000 6787119 2 0 0 22 29 0 24 30 22 -91 -6 76 79 25 20 18 10 13 33 35 45 55 16 10 10 5 
6987500 6987737 2 0 0 -16 26 0 -15 28 -14 -127 -43 61 62 25 20 18 10 13 33 35 45 55 16 7 8 5 
7254500 7254647 2 0 0 42 49 0 43 50 44 -69 -6 65 66 25 20 18 10 13 33 35 45 55 16 8 8 5 
7446000 7446126 2 0 0 36 41 0 38 43 36 -77 -6 67 67 25 20 18 10 13 33 35 45 55 16 8 8 5 
7901500 7901706 2 0 0 45 57 0 48 59 47 -66 -11 69 70 25 20 18 10 13 33 35 45 55 16 9 9 5 
8224000 8224059 2 0 0 42 70 0 42 70 42 -71 -27 59 59 25 20 18 10 13 33 35 45 55 16 7 7 5 
8382500 8382646 2 0 0 52 82 0 53 84 54 -59 -31 60 61 25 20 18 10 13 33 35 45 55 16 8 7 5 
8416000 8416184 2 0 0 34 68 0 34 68 33 -80 -34 57 56 25 20 18 10 13 33 35 45 55 16 7 7 5 
8448000 8448037 2 0 0 55 84 0 61 88 61 -52 -26 64 63 25 20 18 10 13 33 35 45 55 16 8 8 5 
8462000 8462113 2 0 0 30 54 0 32 55 33 -80 -23 62 61 25 20 18 10 13 33 35 45 55 16 8 8 5 
8547500 8547653 2 0 0 55 68 0 57 69 55 -58 -11 64 63 25 20 18 10 13 33 35 45 55 16 8 8 5 
8569000 8569092 2 0 0 63 84 0 62 84 59 -54 -24 78 80 25 20 18 10 13 33 35 45 55 16 10 10 5 
8635500 8635612 2 0 0 39 66 0 39 68 37 -76 -29 80 78 25 20 18 10 13 33 35 45 55 16 10 9 5 
8695500 8695651 2 0 0 45 68 0 50 73 49 -64 -23 60 61 25 20 18 10 13 33 35 45 55 16 7 7 5 
8719000 8719236 2 0 0 27 65 0 26 64 24 -89 -39 62 61 25 20 18 10 13 33 35 45 55 16 8 7 5 
8815500 8815752 2 0 0 23 57 0 23 58 22 -91 -35 55 56 25 20 18 10 13 33 35 45 55 16 7 7 5 
9050000 9050106 2 0 0 11 56 0 12 58 12 -101 -47 57 56 25 20 18 10 13 33 35 45 55 16 7 7 5 
9095000 9095184 2 0 0 55 73 1 57 77 56 -57 -21 68 69 25 20 18 10 13 33 35 45 55 16 8 9 5 
9157500 9157595 2 0 0 71 90 0 75 94 74 -39 -18 70 66 25 20 18 10 13 33 35 45 55 16 8 9 5 
9259000 9259035 2 0 0 22 33 -3 24 35 24 -89 -10 67 67 25 20 18 10 13 33 35 45 55 16 8 8 5 
9332000 9332007 2 0 0 31 53 0 33 54 31 -82 -23 57 56 25 20 18 10 13 33 35 45 55 16 7 7 5 
9642500 9642534 2 0 0 63 82 0 65 84 65 -48 -18 60 60 25 20 18 10 13 33 35 45 55 16 7 8 5 
10088500 10088613 2 0 0 63 77 0 63 78 63 -50 -13 65 62 25 20 18 10 13 33 35 45 55 16 7 8 5 
10153000 10153122 2 0 0 68 84 0 70 87 69 -44 -16 67 71 25 20 18 10 13 33 35 45 55 16 8 9 5 
10179500 10179605 2 0 0 46 65 0 47 66 45 -68 -19 70 68 25 20 18 10 13 33 35 45 55 16 9 9 5 
10342500 10342679 2 0 0 70 94 0 66 93 65 -48 -27 74 76 25 20 18 10 11 31 35 45 55 16 8 6 5 
10346500 10346579 2 13 0 10 57 -7 0 52 -1 -114 -53 87 94 25 20 18 10 12 32 35 45 55 16 9 9 5 
10349500 10349539 2 0 0 -23 30 0 -37 20 -38 -151 -57 79 75 25 20 18 10 13 33 35 45 55 16 9 8 5 
10355000 10355078 2 0 0 -11 18 0 -11 19 -11 -124 -30 69 67 25 20 18 10 13 33 35 45 55 16 8 9 5 
10497000 10497074 2 0 0 -28 30 0 -25 32 -26 -139 -59 63 64 25 20 18 10 13 33 35 45 55 16 8 8 5 
10881500 10881522 2 0 0 -13 22 0 -10 25 -10 -123 -35 67 68 25 20 18 10 13 33 35 45 55 16 8 8 5 
11318500 11318586 2 0 0 -11 24 0 -9 24 -9 -122 -32 66 64 25 20 18 10 13 33 35 45 55 16 8 8 5 
11456000 11456210 2 0 0 -28 30 11 -25 32 -26 -139 -59 63 57 25 20 18 10 13 33 35 45 55 16 8 8 5 
11945000 11945240 2 0 0 -2 46 0 0 47 0 -113 -45 62 60 25 20 18 10 13 33 35 45 55 16 8 8 5 
12153500 12153647 2 0 0 -5 65 0 -1 71 -3 -116 -73 68 62 25 20 18 10 11 31 35 45 55 16 9 8 5 
12156500 12156516 2 13 0 32 94 -8 38 101 36 -77 -63 70 64 25 20 18 10 10 30 35 45 55 16 8 5 5 
12158000 12158717 2 0 0 62 109 0 72 112 71 -42 -39 76 83 25 20 18 10 9 29 35 45 55 16 5 11 5 
12164500 12164567 2 0 0 30 70 0 32 73 31 -82 -42 68 71 25 20 18 10 9 29 35 45 55 16 9 8 5 
12184500 12184626 2 0 0 38 67 0 42 70 42 -71 -29 71 70 25 20 18 10 9 29 35 45 55 16 9 9 5 
12226500 12226619 2 0 0 60 81 0 67 89 66 -47 -23 83 87 25 20 19 10 10 30 35 45 55 16 8 11 5 
12230000 12230029 2 13 0 41 63 10 48 73 48 -65 -24 89 91 25 20 18 10 11 31 35 45 55 16 11 11 5 
12235000 12235093 2 0 0 -13 12 0 -11 10 -13 -126 -20 99 99 25 20 18 10 13 33 35 45 55 16 12 13 5 
12245500 12245570 2 0 0 17 20 0 21 23 20 -93 -2 109 109 25 20 18 10 13 31 35 45 55 16 14 14 5 
12280500 12280517 2 0 0 11 15 0 14 19 14 -99 -5 88 89 25 20 18 10 13 33 35 45 55 16 11 11 5 
12288000 12288016 2 13 0 -60 -9 -2 -50 13 -51 -164 -63 93 95 25 20 18 10 13 33 35 45 55 16 2 4 5 
12297000 12297109 2 0 0 -141 -77 0 -138 -74 -139 -252 -63 77 77 25 20 18 10 13 33 35 45 55 16 10 10 5 
12301500 12301557 2 13 0 -118 -62 -13 -120 -62 -121 -234 -58 73 69 25 20 18 10 13 33 35 45 55 16 9 8 5 
12304000 12304003 2 0 0 -86 -33 0 -81 -29 -81 -194 -53 75 82 25 20 18 10 13 33 35 45 55 16 6 10 5 
12632000 12632103 2 0 0 -16 44 0 -13 47 -14 -127 -61 60 60 25 20 18 10 13 33 35 45 55 16 8 7 5 
12885000 12885176 2 0 0 -8 47 -14 -7 49 -7 -120 -56 60 63 25 20 18 10 13 33 35 45 55 16 7 8 5 
12904000 12904146 2 0 0 27 79 1 29 80 28 -85 -51 59 58 25 20 18 10 13 33 35 45 55 16 7 7 5 
12925500 12925619 2 0 0 22 76 5 22 76 20 -93 -55 55 55 25 20 18 10 13 33 35 45 55 16 7 7 5 
12933500 12933627 2 0 0 51 101 0 52 105 52 -61 -52 76 78 25 20 18 10 13 33 35 45 55 16 9 9 5 
12936000 12936044 2 13 0 35 90 -3 31 91 32 -81 -59 74 83 25 20 18 10 13 33 35 45 55 16 10 8 5 
12948000 12948198 2 0 0 -22 39 0 -22 39 -24 -137 -62 58 56 25 20 18 10 13 33 35 45 55 16 7 7 5 
13030500 13030670 2 0 0 -33 29 0 -32 30 -34 -147 -60 54 53 25 20 18 10 13 33 35 45 55 16 7 7 5 
13046000 13046174 2 0 0 1 49 0 -10 42 -9 -122 -51 60 55 25 20 18 10 13 33 35 45 55 16 8 7 5 
13173000 13173168 2 0 0 -2 35 0 -2 36 -4 -117 -39 59 60 25 20 18 10 13 33 35 45 55 16 7 7 5 
13211500 13211504 2 0 0 -19 41 0 -20 40 -21 -134 -61 56 57 25 20 18 10 13 33 35 45 55 16 7 7 5 
13410500 13410745 2 0 0 22 74 0 24 75 23 -90 -50 57 58 25 20 18 10 13 33 35 45 55 16 7 7 5 
13638000 13638023 2 0 0 -17 46 -9 -17 46 -19 -132 -65 57 57 25 20 18 10 13 33 35 45 55 16 7 7 5 
13655000 13655201 2 0 0 18 61 0 15 60 13 -100 -45 69 62 25 20 18 10 13 33 35 45 55 16 9 8 5 
13664500 13664610 2 0 0 18 54 0 19 55 19 -94 -35 61 68 25 20 18 10 13 33 35 45 55 16 7 8 5 
13687000 13687199 2 0 0 25 55 0 30 57 27 -86 -29 70 69 25 20 18 10 13 33 35 45 55 16 9 9 5 
13807500 13807566 2 0 0 33 61 0 35 63 34 -79 -27 58 59 25 20 18 10 13 33 35 45 55 16 7 7 5 
14109500 14109546 2 0 0 22 56 10 24 58 24 -89 -35 59 58 25 20 18 10 10 30 35 45 55 16 7 7 5 
14131000 14131072 2 0 0 -24 34 0 -22 35 -23 -136 -57 58 57 25 20 18 10 13 33 35 45 55 16 7 7 5 
14192000 14192234 2 0 0 -16 45 -10 -15 46 -16 -129 -60 59 58 25 20 18 10 13 33 35 45 55 16 7 7 5 
14208000 14208042 2 0 0 13 64 0 16 65 15 -98 -49 57 57 25 20 18 10 13 33 35 45 55 16 7 7 5 
14237000 14237071 2 0 0 24 73 0 26 75 25 -88 -49 55 54 25 20 18 10 13 33 35 45 55 16 7 7 5 
14246500 14246677 2 13 0 -4 55 -4 -6 54 -5 -118 -58 65 72 25 20 18 10 13 33 35 45 55 16 7 8 5 
14260500 14260604 2 0 0 -35 32 0 -33 33 -33 -146 -67 55 55 25 20 18 10 13 33 35 45 55 16 7 7 5 
14499500 14499681 2 0 0 -13 55 0 -12 56 -13 -126 -69 56 56 25 20 18 10 13 33 35 45 55 16 7 7 5 
14963500 14963632 2 0 0 -10 56 0 -8 57 -9 -122 -66 56 56 25 20 18 10 12 32 35 45 55 16 7 7 5 
14969500 14969906 2 13 0 34 93 33 46 103 46 -67 -57 79 90 25 20 18 10 11 31 35 45 55 16 0 12 5 
14974000 14974169 2 0 0 9 68 0 2 62 0 -113 -60 64 59 25 20 18 10 11 31 35 45 55 16 8 8 5 
14984000 14984183 2 0 0 12 69 0 13 71 12 -101 -58 58 55 25 20 18 10 10 30 35 45 55 16 7 7 5 
15130500 15130733 2 0 0 5 59 0 10 64 8 -105 -54 52 53 25 20 18 10 10 30 35 45 55 16 6 6 5 
15150000 15150207 2 0 0 17 70 -12 14 68 13 -100 -54 64 63 25 20 18 10 10 30 35 45 55 16 8 8 5 
15163000 15163048 2 0 0 -29 44 4 -21 49 -22 -135 -71 57 59 25 20 18 10 13 33 35 45 55 16 7 7 5 
15306000 15306016 2 0 0 -33 47 0 -31 49 -32 -145 -81 56 58 25 20 18 10 13 33 35 45 55 16 7 7 5 
15311000 15311017 2 13 0 11 75 -7 13 76 12 -101 -62 66 63 25 20 18 10 13 33 35 45 55 16 7 4 5 
15314500 15314636 2 0 0 53 102 22 55 104 54 -59 -50 67 71 25 20 18 10 13 33 35 45 55 16 7 8 5 
15338000 15338225 2 0 0 9 62 0 11 64 11 -102 -52 58 57 25 20 18 10 13 33 35 45 55 16 7 7 5 
15402500 15402571 2 0 0 53 102 0 55 104 54 -59 -50 58 60 25 20 18 10 13 33 35 45 55 16 7 8 5 
15549500 15549701 2 0 0 61 96 0 62 97 61 -52 -35 59 57 25 20 18 10 13 33 35 45 55 16 7 7 5 
15695500 15695669 2 0 0 56 92 -21 57 94 56 -57 -37 54 55 25 20 18 10 13 33 35 45 55 16 7 7 5 
15708500 15708709 2 0 0 69 100 0 69 100 69 -44 -31 64 63 25 20 18 10 13 33 35 45 55 16 8 8 5 
15768500 15768561 2 0 0 73 101 0 73 102 73 -40 -29 58 55 25 20 18 10 13 33 35 45 55 16 7 7 5 
15787500 15787709 2 0 0 48 82 0 52 84 51 -62 -33 59 60 25 20 18 10 13 33 35 45 55 16 7 7 5 
15872500 15872521 2 0 0 62 94 0 62 95 59 -54 -33 58 59 25 20 18 10 12 32 35 45 55 16 7 7 5 
16073000 16073103 2 0 0 64 98 0 66 100 63 -50 -36 60 58 25 20 18 10 11 31 35 45 55 16 8 7 5 
16091500 16091603 2 0 0 49 87 0 51 89 50 -63 -38 61 61 25 20 18 10 9 29 35 45 55 16 8 8 5 
16264000 16264120 2 0 0 49 82 0 54 83 53 -60 -30 75 71 25 20 18 10 13 33 35 45 55 16 8 11 5 
16267500 16267624 2 13 0 9 65 -8 6 67 3 -110 -61 91 97 25 20 18 10 13 33 35 45 55 16 12 11 5 
16271000 16271151 2 0 0 -15 42 0 -13 45 -13 -126 -58 80 81 25 20 18 10 13 33 35 45 55 16 10 10 5 
16289000 16289008 2 0 0 -18 24 -10 -15 30 -16 -129 -44 91 90 25 20 18 10 13 33 35 45 55 16 11 11 5 
16424500 16424571 2 0 0 -18 24 0 -15 30 -16 -129 -44 87 88 25 20 18 10 13 33 35 45 55 16 11 11 5 
16722500 16722659 2 0 0 -21 7 0 -18 7 -21 -134 -26 81 78 25 20 18 10 13 33 35 45 55 16 10 10 5 
16823500 16823776 2 0 0 9 2 0 12 1 13 -100 12 92 93 25 20 18 10 13 33 35 45 55 16 7 11 5 
16944500 16944644 2 0 0 -35 -16 0 -35 -16 -35 -148 -17 93 93 25 20 18 10 13 33 35 45 55 16 11 12 5 
17231500 17231600 2 0 0 -4 18 0 -4 19 -4 -117 -21 88 89 25 20 18 10 13 33 35 45 55 16 11 11 5 
17257000 17257154 2 0 0 -2 17 0 0 19 -3 -116 -19 84 83 25 20 18 10 13 33 35 45 55 16 11 11 5 
17662000 17662028 2 0 0 10 36 0 8 34 7 -106 -26 88 91 25 20 18 10 13 33 35 45 55 16 11 11 5 
18082500 18082553 2 0 0 6 5 0 9 6 9 -104 4 95 95 25 20 18 10 13 33 35 45 55 16 12 12 5 
18157500 18157570 2 0 0 -9 5 0 -7 11 -8 -121 -18 97 98 25 20 18 10 13 33 35 45 55 16 12 13 5 
18204500 18204674 2 0 0 11 23 0 9 22 7 -106 -13 83 86 25 20 18 10 13 33 35 45 55 16 11 10 5 
18474500 18474506 2 0 0 20 38 0 25 41 24 -89 -15 74 75 25 20 18 10 13 33 35 45 55 16 9 9 5 
18531000 18531019 2 0 0 26 36 0 25 35 25 -88 -10 83 83 25 20 18 10 13 33 35 45 55 16 10 11 5 
18552500 18552608 2 0 0 20 33 0 23 34 21 -92 -11 91 91 25 20 18 10 13 33 35 45 55 16 12 11 5 
18577500 18577593 2 0 0 15 34 0 16 36 16 -97 -19 75 78 25 20 18 10 13 33 35 45 55 16 9 10 5 
19031000 19031006 2 0 0 14 38 0 16 40 14 -99 -25 74 71 25 20 18 10 13 33 35 45 55 16 9 8 5 
19147500 19147733 2 0 0 27 34 0 25 31 24 -89 -6 84 86 25 20 18 10 13 33 35 45 55 16 9 11 5 
19254500 19254584 2 0 0 32 39 0 35 41 34 -79 -6 78 75 25 20 18 10 13 33 35 45 55 16 10 9 5 
19335000 19335043 2 0 0 28 53 0 26 50 25 -88 -23 79 78 25 20 18 10 13 33 35 45 55 16 10 9 5 
19481500 19481511 2 0 0 14 39 0 16 42 15 -98 -26 67 65 25 20 18 10 13 33 35 45 55 16 8 8 5 
19514500 19514676 2 0 0 27 54 0 29 56 28 -85 -28 71 72 25 20 18 10 13 33 35 45 55 16 9 9 5 
19571500 19571694 2 0 0 34 57 0 35 58 32 -81 -23 71 70 25 20 18 10 13 33 35 45 55 16 9 9 5 
20040000 20040009 2 -1 1 -26 -5 -51 -23 -4 -24 -137 -18 97 95 25 20 18 10 13 33 35 45 55 16 12 12 5 
20053000 20053135 2 2 1 -67 -53 -93 -82 -64 -85 -198 -19 104 103 25 20 18 10 13 31 35 45 55 16 10 10 5 
20062000 20062296 2 -3 1 -25 -23 -50 -20 -20 -21 -134 -1 90 93 25 20 18 10 13 33 35 45 55 16 10 12 5 
20319500 20319641 2 0 0 20 45 5 20 46 18 -95 -26 70 72 25 20 18 10 13 33 35 45 55 16 9 9 5 
20626000 20626005 2 -1 1 -56 -48 -54 -51 -50 -51 -164 0 99 97 25 20 18 10 13 33 35 45 55 16 13 13 5 
20670000 20670067 2 2 1 -106 -70 -101 -104 -68 -105 -218 -35 96 96 25 20 18 10 13 33 35 45 55 16 12 12 5 
20699000 20699151 2 -3 1 -57 -6 -50 -53 -5 -53 -166 -48 82 79 25 20 18 10 13 33 35 45 55 16 10 10 5 
20820000 20820080 2 0 0 -16 8 0 -16 8 -17 -130 -23 73 70 25 20 18 10 13 33 35 45 55 16 9 9 5 
