129750 129990 0 0 0 11 -17 0 6 -22 10 70 27 55 56 25 20 19 10 13 33 35 45 55 16 7 7 5 
138250 138458 0 0 0 14 -19 0 22 -17 25 85 38 55 54 25 20 19 10 13 33 35 45 55 16 7 7 5 
144750 145017 0 0 0 -42 -45 0 -54 -53 -50 10 0 57 54 25 20 19 10 13 33 35 45 55 16 7 4 5 
154250 154400 0 0 0 -35 -34 0 -43 -40 -39 21 -2 57 55 25 20 18 10 13 33 35 45 55 16 7 6 5 
162250 162497 0 0 0 -24 -22 0 -25 -25 -22 38 -1 57 56 25 20 18 10 13 33 35 45 55 16 4 5 5 
167750 167991 0 0 0 -57 -45 0 -93 -69 -89 -29 -24 59 60 25 20 18 10 13 33 35 45 55 16 3 0 5 
172750 173170 0 0 0 7 -9 0 -16 -24 -11 49 9 60 62 25 20 18 10 13 33 35 45 55 16 7 6 5 
179250 179328 0 0 0 -17 -20 0 -19 -26 -17 43 6 58 57 25 20 18 10 13 33 35 45 55 16 7 7 5 
183750 183947 0 0 0 -64 -31 0 -91 -32 -89 -29 -61 60 60 25 20 18 10 13 33 35 45 55 16 7 5 5 
186250 186409 0 13 0 -33 -14 -9 -37 -9 -34 26 -28 63 61 25 20 18 10 13 33 35 45 55 16 5 8 5 
189250 189425 0 0 0 25 -19 0 19 -23 22 82 42 67 67 25 20 18 10 13 33 35 45 55 16 8 9 5 
208750 208985 0 0 0 32 -16 0 31 -18 35 95 50 62 62 25 20 18 10 13 33 35 45 55 16 8 8 5 
293750 293925 0 0 0 11 -34 0 11 -35 16 76 48 71 70 25 20 18 10 13 33 35 45 55 16 6 9 5 
498250 498423 0 0 -1 0 -38 0 -5 -42 0 60 39 69 71 25 20 18 10 13 33 35 45 55 16 9 9 5 
626750 626880 0 0 0 25 -22 0 21 -26 25 85 47 67 67 25 20 18 10 13 33 35 45 55 16 9 8 5 
654250 654429 0 0 0 -6 -45 -31 -9 -50 -5 55 41 69 72 25 20 18 10 13 33 35 45 55 16 9 9 5 
678250 678431 0 15 0 4 -42 10 3 -47 8 68 49 75 77 25 20 17 10 13 33 35 45 55 16 9 10 5 
748750 748800 0 16 0 12 -54 18 14 -54 19 79 69 96 94 25 20 17 10 12 32 35 45 55 16 13 12 5 
926250 926330 0 15 0 0 -61 6 -5 -64 -2 58 59 89 92 25 20 17 10 11 31 35 45 55 16 12 11 5 
969750 969843 0 16 0 -3 -43 3 -11 -49 -6 54 40 89 90 25 20 17 10 11 31 35 45 55 16 9 11 5 
1374750 1374883 0 0 0 -7 -47 3 -11 -49 -8 52 38 81 82 25 20 17 10 12 32 35 45 55 16 10 11 5 
2202750 2202928 0 0 0 18 -32 0 16 -35 20 80 52 76 73 25 20 17 10 12 32 35 45 55 16 10 9 5 
2641250 2641337 0 0 0 40 -27 0 38 -30 43 103 69 75 72 25 20 17 10 13 33 35 45 55 16 10 9 5 
3558250 3558381 0 0 0 29 -37 -1 25 -40 30 90 66 70 67 25 20 17 10 12 32 35 45 55 16 9 9 5 
3892250 3892273 0 0 0 29 -31 0 25 -37 29 89 62 68 69 25 20 17 10 12 32 35 45 55 16 8 9 5 
3986750 3986901 0 10 0 -196 -140 -230 -236 -168 -234 -174 -68 71 71 25 20 17 10 12 32 35 45 55 16 3 2 5 
4338250 4338461 0 0 0 47 -14 0 43 -19 47 107 63 61 63 25 20 17 10 12 32 35 45 55 16 8 8 5 
4628750 4628913 0 15 0 48 -10 7 78 9 81 141 68 69 71 25 20 17 10 12 32 35 45 55 16 6 7 5 
4848250 4848415 0 16 0 2 -49 -36 -2 -54 1 61 51 75 71 25 20 17 10 12 32 35 45 55 16 10 9 5 
5333750 5333876 0 0 0 28 -18 0 22 -24 25 85 44 54 54 25 20 17 10 13 33 35 45 55 16 7 7 5 
5502750 5502790 0 15 0 56 -14 24 51 -18 54 114 68 71 72 25 20 17 10 14 34 35 45 55 16 9 9 5 
5712250 5712464 0 16 0 71 13 32 76 15 79 139 62 71 72 25 20 17 10 14 34 35 45 55 16 7 5 5 
6237750 6237897 0 0 0 53 9 0 47 3 50 110 44 64 64 25 20 17 10 14 34 35 45 55 16 8 8 5 
6264250 6264364 0 15 0 45 -1 -7 36 -8 39 99 44 65 66 25 20 17 10 14 34 35 45 55 16 8 8 5 
6593750 6593939 0 16 0 20 -17 -21 19 -19 25 85 40 67 68 25 20 17 10 14 34 35 45 55 16 6 5 5 
6922250 6922308 0 0 0 29 -9 15 23 -14 26 86 38 64 63 25 20 17 10 14 34 35 45 55 16 8 8 5 
7140750 7140782 0 15 0 32 -18 3 31 -21 36 96 53 78 79 25 20 17 10 14 34 35 45 55 16 7 7 5 
7445750 7445771 0 16 0 10 0 -19 12 6 17 77 6 63 63 25 20 17 10 14 34 35 45 55 16 6 8 5 
7722750 7722860 0 0 0 30 -6 20 29 -8 33 93 38 59 63 25 20 17 10 14 34 35 45 55 16 7 7 5 
8525250 8525374 0 0 0 34 -1 23 31 -6 34 94 36 56 54 25 20 17 10 14 34 35 45 55 16 7 7 5 
9173750 9173790 0 15 0 17 -21 -14 7 -26 10 70 34 69 69 25 20 17 10 14 34 35 45 55 16 9 8 5 
9354750 9354879 0 16 0 62 7 31 62 3 66 126 60 56 55 25 20 17 10 14 34 35 45 55 16 6 7 5 
9427250 9427489 0 0 0 30 -10 -7 27 -13 32 92 41 56 56 25 20 17 10 14 34 35 45 55 16 7 7 5 
9869750 9869911 0 0 0 29 -16 0 26 -18 30 90 45 56 56 25 20 17 10 14 34 35 45 55 16 7 7 5 
10019750 10019823 0 15 0 26 -18 0 20 -24 23 83 44 60 57 25 20 17 10 14 34 35 45 55 16 7 7 5 
10287750 10287768 0 16 0 -13 -42 -33 -1 -29 4 64 29 53 52 25 20 17 10 14 34 35 45 55 16 7 6 5 
10510750 10510909 0 0 0 15 -2 0 6 -9 11 71 16 54 53 25 20 17 10 14 34 35 45 55 16 7 5 5 
10874750 10874831 0 0 0 -1 -18 0 -8 -25 -4 56 17 52 54 25 20 17 10 14 34 35 45 55 16 7 7 5 
10955250 10955289 0 0 0 -26 -35 0 -34 -54 -31 29 19 53 51 25 20 17 10 14 34 35 45 55 16 6 5 5 
11603750 11604024 0 0 0 -18 -30 0 -23 -32 -18 42 10 54 56 25 20 17 10 13 33 35 45 55 16 5 5 5 
11643250 11643522 0 0 0 8 -27 0 3 -33 5 65 35 52 51 25 20 17 10 14 34 35 45 55 16 6 7 5 
12052250 12052437 0 0 0 15 -23 0 11 -26 14 74 37 55 56 25 20 17 10 14 34 35 45 55 16 7 7 5 
12494250 12494446 0 10 0 -543 -482 -565 -583 -528 -580 -520 -55 56 53 25 20 17 10 14 34 35 45 55 16 3 2 5 
12638750 12638768 0 0 0 25 -17 0 21 -22 26 86 42 54 52 25 20 17 10 14 34 35 45 55 16 7 7 5 
12663250 12663283 0 0 0 13 -19 0 9 -23 13 73 32 55 51 25 20 17 10 14 34 35 45 55 16 7 7 5 
12691250 12691349 0 15 0 17 -19 15 13 -24 17 77 39 55 54 25 20 17 10 14 34 35 45 55 16 7 7 5 
12749250 12749488 0 16 0 -5 -16 14 -3 -18 0 60 14 50 49 25 20 17 10 14 34 35 45 55 16 5 6 5 
12757250 12757313 0 0 0 -21 -18 0 -30 -40 -28 32 10 49 47 25 20 17 10 14 34 35 45 55 16 6 6 5 
13229750 13229775 0 0 0 -25 -29 0 -28 -33 -25 35 3 48 47 25 20 17 10 14 34 35 45 55 16 6 6 5 
13649750 13649923 0 0 0 10 -23 0 10 -24 14 74 33 56 56 25 20 17 10 13 33 35 45 55 16 6 8 5 
13724750 13724943 0 0 0 -22 -23 7 -26 -28 -22 38 1 53 51 25 20 16 10 14 34 35 45 55 16 7 6 5 
13773250 13773276 0 0 0 9 -27 0 5 -31 9 69 37 53 52 25 20 17 10 13 33 35 45 55 16 6 7 5 
13792250 13792292 0 0 0 -6 -31 -22 -14 -35 -12 48 20 52 51 25 20 17 10 13 33 35 45 55 16 7 6 5 
14570250 14570490 0 0 0 -7 -35 0 -11 -40 -8 52 29 51 52 25 20 17 10 13 33 35 45 55 16 6 6 5 
14602250 14602307 0 0 0 5 -28 0 3 -31 7 67 33 51 51 25 20 17 10 14 34 35 45 55 16 6 6 5 
14643250 14643284 0 15 0 17 -21 16 14 -25 17 77 39 54 54 25 20 17 10 14 34 35 45 55 16 7 7 5 
14723750 14723866 0 16 0 -22 -26 -15 -30 -32 -25 35 2 55 52 25 20 17 10 14 34 35 45 55 16 7 6 5 
14823250 14823348 0 0 0 -17 -19 0 -22 -24 -19 41 1 49 49 25 20 17 10 14 34 35 45 55 16 6 6 5 
14920750 14920887 0 15 0 1 -32 10 2 -37 6 66 39 53 54 25 20 17 10 14 34 35 45 55 16 7 6 5 
15083750 15083854 0 16 0 13 -26 9 7 -30 12 72 38 51 51 25 20 17 10 14 34 35 45 55 16 6 6 5 
15121250 15121416 0 0 0 7 -31 0 3 -35 7 67 38 52 53 25 20 17 10 14 34 35 45 55 16 7 6 5 
15170250 15170484 0 0 0 -34 -34 0 -39 -39 -35 25 1 50 51 25 20 17 10 14 34 35 45 55 16 6 6 5 
15683750 15683920 0 0 0 -19 -20 0 -23 -23 -20 40 1 52 51 25 20 17 10 14 34 35 45 55 16 7 6 5 
15907250 15907532 0 0 0 -15 -20 0 -20 -24 -15 45 4 50 51 25 20 17 10 13 33 35 45 55 16 6 6 5 
15937250 15937387 0 0 0 -7 -33 0 -15 -38 -10 50 23 49 49 25 20 17 10 13 33 35 45 55 16 6 6 5 
15982250 15982481 0 0 0 25 -22 0 23 -25 26 86 47 50 50 25 20 17 10 13 33 35 45 55 16 6 6 5 
16064750 16064898 0 0 0 -16 -28 -8 -23 -33 -17 43 11 52 52 25 20 17 10 13 33 35 45 55 16 6 7 5 
16280250 16280289 0 15 0 -18 -40 -8 -25 -46 -19 41 22 75 76 25 20 17 10 13 33 35 45 55 16 10 9 5 
16342750 16342849 0 16 0 -21 -53 -13 -23 -58 -19 41 35 76 74 25 20 17 10 13 33 35 45 55 16 9 10 5 
16439750 16439851 0 15 0 -19 -58 -14 -21 -60 -18 42 39 72 72 25 20 17 10 13 33 35 45 55 16 9 9 5 
16740250 16740336 0 16 0 9 -42 5 4 -44 6 66 47 81 81 25 20 17 10 12 32 35 45 55 16 10 10 5 
16771250 16771318 0 0 0 5 -46 2 0 -52 3 63 52 80 81 25 20 17 10 12 32 35 45 55 16 10 10 5 
17103750 17103879 0 0 0 9 -49 0 4 -55 7 67 59 79 79 25 20 17 10 12 32 35 45 55 16 10 10 5 
17234750 17234943 0 0 0 19 -28 0 19 -30 22 82 50 68 72 25 20 17 10 12 32 35 45 55 16 9 9 5 
17252750 17252912 0 15 0 18 34 1 8 43 13 73 -33 70 71 25 20 17 10 12 32 35 45 55 16 8 5 5 
17449750 17449828 0 16 0 -30 -55 -25 -39 -75 -35 25 37 76 75 25 20 17 10 12 32 35 45 55 16 7 9 5 
17677250 17677352 0 0 0 -30 -35 0 -32 -38 -29 31 7 66 64 25 20 16 10 13 33 35 45 55 16 8 8 5 
17830250 17830360 0 15 0 -10 -72 19 -2 -69 2 62 67 68 68 25 20 15 10 14 34 35 45 55 16 8 9 5 
18069250 18069803 0 16 0 -67 -60 -40 -94 -74 -90 -30 -20 78 80 25 20 16 10 13 33 35 45 55 16 6 9 5 
18288750 18289192 0 15 0 -16 -37 10 7 -25 11 71 33 82 86 25 20 16 10 13 33 35 45 55 16 8 11 5 
18616250 18616466 0 0 0 -24 -34 0 -6 -28 -2 58 21 68 69 25 20 16 10 13 33 35 45 55 16 6 8 5 
19023250 19023488 0 0 0 -3 7 -10 -8 -1 -4 56 -6 66 62 25 20 16 10 13 33 35 45 55 16 5 8 5 
20759750 20759914 0 16 0 47 -31 48 29 -43 32 92 72 90 88 25 20 16 10 13 33 35 45 55 16 9 11 5 
20927250 20927285 0 15 0 -13 -26 -13 -18 -32 -13 47 14 68 67 25 20 16 10 13 33 35 45 55 16 8 9 5 
21031250 21031378 0 16 0 -31 -13 -30 -20 -16 -16 44 -4 63 54 25 20 16 10 14 34 35 45 55 16 4 7 5 
21104750 21104788 0 0 0 0 -9 17 -2 -13 0 60 10 66 68 25 20 16 10 14 34 35 45 55 16 8 9 5 
21307250 21307501 0 0 0 -7 -10 -1 -15 -17 -12 48 2 56 56 25 20 16 10 14 34 35 45 55 16 7 7 5 
21333250 21333285 0 0 0 -11 -12 0 -19 -19 -16 44 0 54 55 25 20 16 10 14 34 35 45 55 16 7 7 5 
21352250 21352286 0 0 0 16 -43 0 5 -51 10 70 58 78 79 25 20 16 10 14 34 35 45 55 16 7 6 5 
21389750 21390084 0 0 0 45 -13 0 29 -19 34 94 49 78 74 25 20 16 10 14 34 35 45 55 16 4 7 5 
21422250 21422485 0 0 0 -20 -25 0 -20 -26 -16 44 6 61 64 25 20 16 10 14 34 35 45 55 16 8 8 5 
21444750 21444839 0 0 0 38 -24 0 16 -41 19 79 57 77 77 25 20 16 10 14 34 35 45 55 16 8 9 5 
136250 136527 1 0 0 -2 -25 0 -4 -26 0 -17 22 55 54 25 20 19 10 13 33 35 45 55 16 7 7 5 
203750 203835 1 0 0 30 -2 0 27 -4 33 16 31 63 62 25 20 18 10 13 33 35 45 55 16 8 8 5 
282750 282965 1 0 0 32 -11 0 34 -10 39 22 44 70 67 25 20 18 10 13 33 35 45 55 16 9 9 5 
498250 498423 1 0 -1 0 -32 0 -5 -35 0 -17 31 69 71 25 20 18 10 13 33 35 45 55 16 9 9 5 
623750 623950 1 0 0 7 -28 0 7 -27 11 -6 35 64 61 25 20 18 10 13 33 35 45 55 16 8 8 5 
650250 650323 1 0 0 4 -32 0 -2 -35 2 -15 33 68 70 25 20 18 10 13 33 35 45 55 16 8 9 5 
733250 733424 1 -1 1 -57 -86 -62 -94 -105 -89 -106 12 93 101 25 20 17 10 12 30 35 45 55 16 0 1 5 
741750 742699 1 2 1 -96 -143 -101 -99 -146 -93 -110 47 97 96 25 20 17 10 12 32 35 45 55 16 3 8 5 
746250 746330 1 -3 1 -39 -108 -44 -36 -105 -32 -49 68 96 94 25 20 17 10 12 32 35 45 55 16 7 12 5 
815250 815367 1 -1 1 -45 -103 -52 -47 -105 -42 -59 58 77 78 25 20 17 10 12 32 35 45 55 16 10 10 5 
859250 859367 1 2 1 -91 -140 -98 -97 -144 -93 -110 47 92 93 25 20 17 10 12 32 35 45 55 16 12 12 5 
877750 877838 1 -3 1 -40 -107 -48 -42 -109 -37 -54 68 97 97 25 20 17 10 11 31 35 45 55 16 12 12 5 
1396250 1396348 1 0 0 17 -46 0 17 -46 21 4 62 82 79 25 20 17 10 12 32 35 45 55 16 9 11 5 
2206250 2206382 1 0 0 23 -38 0 23 -38 29 12 62 78 80 25 20 17 10 12 32 35 45 55 16 10 10 5 
2637750 2637824 1 0 0 33 -46 0 33 -47 39 22 79 76 76 25 20 17 10 13 33 35 45 55 16 10 10 5 
3556250 3556294 1 0 0 30 -30 0 28 -32 32 15 61 72 75 25 20 17 10 12 32 35 45 55 16 9 9 5 
3901250 3901436 1 0 0 29 -38 0 26 -41 32 15 69 70 76 25 20 17 10 12 32 35 45 55 16 9 5 5 
4332750 4332989 1 0 0 34 -12 0 31 -14 36 19 47 62 61 25 20 17 10 12 32 35 45 55 16 8 8 5 
5311250 5311371 1 0 0 19 -22 0 18 -23 22 5 41 56 55 25 20 17 10 13 33 35 45 55 16 7 7 5 
6245250 6245280 1 0 0 42 -13 0 41 -15 47 30 57 64 65 25 20 17 10 14 34 35 45 55 16 8 8 5 
6931250 6932171 1 0 0 33 -11 0 34 -12 38 21 46 60 65 25 20 17 10 14 34 35 45 55 16 5 8 5 
7756250 7756328 1 0 0 14 -18 0 11 -20 16 -1 32 59 61 25 20 17 10 14 34 35 45 55 16 8 7 5 
8513750 8513920 1 0 0 22 0 0 22 1 26 9 20 59 56 25 20 17 10 14 34 35 45 55 16 5 3 5 
9417750 9417945 1 0 0 24 0 0 23 -2 26 9 24 55 54 25 20 17 10 14 34 35 45 55 16 7 7 5 
9867750 9868009 1 0 0 40 9 0 40 9 45 28 32 55 56 25 20 17 10 14 34 35 45 55 16 7 7 5 
10516250 10516519 1 0 0 16 -9 0 13 -11 17 0 25 53 52 25 20 17 10 14 34 35 45 55 16 6 7 5 
10876250 10876516 1 0 0 18 -4 0 19 -5 23 6 24 52 50 25 20 17 10 14 34 35 45 55 16 7 4 5 
10955250 10955289 1 0 0 11 -5 0 9 -7 14 -3 17 53 51 25 20 17 10 14 34 35 45 55 16 6 5 5 
11617250 11617453 1 0 0 15 1 0 13 -1 16 -1 12 53 53 25 20 17 10 13 33 35 45 55 16 5 6 5 
11656250 11656271 1 0 0 27 10 0 26 9 29 12 17 53 53 25 20 17 10 14 34 35 45 55 16 7 7 5 
12050250 12050257 1 0 0 32 6 0 29 4 33 16 25 55 54 25 20 17 10 14 34 35 45 55 16 7 7 5 
12642750 12642919 1 0 0 34 13 0 32 11 37 20 22 54 53 25 20 17 10 14 34 35 45 55 16 7 7 5 
12680250 12680470 1 0 0 9 0 0 6 -2 10 -7 8 55 55 25 20 17 10 14 34 35 45 55 16 7 7 5 
12742250 12742258 1 0 0 -5 -23 0 -8 -25 -2 -19 17 50 52 25 20 17 10 14 34 35 45 55 16 3 3 5 
13237250 13240277 1 0 0 -1 -14 0 1 -16 6 -11 17 50 54 25 20 17 10 14 34 35 45 55 16 0 7 5 
13662750 13662794 1 0 0 -2 -5 0 -4 -7 0 -17 2 48 48 25 20 17 10 13 33 35 45 55 16 6 6 5 
13702250 13702451 1 0 0 32 8 0 32 8 36 19 23 54 54 25 20 16 10 14 34 35 45 55 16 7 7 5 
13756250 13756336 1 0 0 36 14 0 36 13 40 23 22 52 51 25 20 17 10 13 33 35 45 55 16 6 6 5 
13792250 13792292 1 0 0 9 2 0 6 0 12 -5 7 52 51 25 20 17 10 13 33 35 45 55 16 7 6 5 
14573750 14573767 1 0 0 17 5 0 15 4 20 3 12 51 50 25 20 17 10 13 33 35 45 55 16 6 6 5 
14611250 14611417 1 0 0 38 21 0 38 20 43 26 18 51 49 25 20 17 10 14 34 35 45 55 16 6 6 5 
14825250 14825262 1 0 0 14 1 0 12 -1 17 0 14 47 45 25 20 17 10 14 34 35 45 55 16 6 6 5 
14918750 14918913 1 0 0 39 12 0 38 10 41 24 28 53 54 25 20 17 10 14 34 35 45 55 16 7 7 5 
14992250 14992438 1 0 0 14 1 0 11 -3 15 -2 13 52 50 25 20 17 10 14 34 35 45 55 16 2 3 5 
15138250 15138412 1 0 0 25 9 0 22 8 27 10 13 52 52 25 20 17 10 14 34 35 45 55 16 4 7 5 
15179750 15179823 1 0 0 37 14 0 39 15 44 27 24 51 53 25 20 17 10 14 34 35 45 55 16 6 6 5 
15683750 15683920 1 0 0 22 9 0 20 7 24 7 14 52 51 25 20 17 10 14 34 35 45 55 16 7 6 5 
15910750 15910873 1 0 0 30 10 -2 28 9 32 15 19 50 50 25 20 17 10 13 33 35 45 55 16 5 6 5 
15944750 15944810 1 0 0 14 0 0 11 -2 17 0 13 49 50 25 20 17 10 13 33 35 45 55 16 6 6 5 
15987750 15987779 1 0 0 36 10 0 34 8 38 21 26 50 51 25 20 17 10 13 33 35 45 55 16 6 6 5 
16070250 16070329 1 0 0 34 12 0 32 11 35 18 21 52 53 25 20 17 10 13 33 35 45 55 16 6 7 5 
16763750 16763908 1 0 0 20 -26 0 17 -31 22 5 47 79 80 25 20 17 10 12 32 35 45 55 16 10 10 5 
17114750 17114853 1 0 0 20 -44 0 20 -45 23 6 64 77 77 25 20 17 10 12 32 35 45 55 16 10 10 5 
17249750 17249970 1 0 0 0 -43 0 4 -42 9 -8 47 65 65 25 20 17 10 12 32 35 45 55 16 8 8 5 
17686250 17686251 1 0 0 26 -18 0 24 -20 28 11 42 66 67 25 20 16 10 13 33 35 45 55 16 8 8 5 
17962250 17962313 1 15 0 19 -15 -3 17 -16 21 4 33 72 74 25 20 15 10 14 34 35 45 55 16 9 8 5 
18034250 18034385 1 16 0 25 -52 5 28 -53 32 15 80 90 81 25 20 15 10 14 34 35 45 55 16 11 1 5 
18620250 18620437 1 0 0 12 -30 0 11 -32 16 -1 43 69 68 25 20 16 10 13 33 35 45 55 16 9 9 5 
19017750 19018711 1 0 0 27 -26 0 17 -33 21 4 49 70 71 25 20 16 10 13 33 35 45 55 16 4 4 5 
19609250 19622196 1 -1 1 -26 -89 -51 -69 -111 -64 -81 42 94 101 25 20 16 10 14 32 35 45 55 16 0 4 5 
19631250 19631998 1 2 1 -95 -165 -120 -99 -172 -96 -113 73 97 97 25 20 16 10 14 34 35 45 55 16 0 3 5 
19638750 19638778 1 -3 1 66 -48 40 64 -54 68 51 117 93 94 25 20 16 10 14 34 35 45 55 16 5 11 5 
19653750 19653763 1 -1 1 -28 -78 -54 -22 -78 -17 -34 55 81 78 25 20 16 10 14 34 35 45 55 16 5 6 5 
19658750 19658777 1 2 1 -65 -82 -91 -67 -83 -62 -79 17 86 84 25 20 16 10 14 34 35 45 55 16 11 11 5 
19708250 19709224 1 -3 1 -23 -56 -48 -9 -50 -5 -22 41 76 81 25 20 16 10 14 34 35 45 55 16 2 2 5 
20424750 20424815 1 15 0 11 -53 -12 13 -52 18 1 64 91 87 25 20 16 10 13 33 35 45 55 16 11 9 5 
20761250 20761251 1 16 0 60 -50 37 60 -52 63 46 109 88 89 25 20 16 10 13 33 35 45 55 16 11 11 5 
21095250 21095309 1 0 0 22 -18 0 20 -20 25 8 41 61 56 25 20 16 10 14 34 35 45 55 16 8 7 5 
21222750 21222797 1 0 0 28 -7 0 25 -9 -14 12 33 56 55 25 20 16 10 14 34 35 45 55 16 7 7 5 
21305250 21305333 1 0 0 34 0 0 33 -2 37 20 33 56 57 25 20 16 10 14 34 35 45 55 16 7 7 5 
21330750 21330783 1 0 0 34 0 0 33 -2 38 21 35 55 52 25 20 16 10 14 34 35 45 55 16 7 7 5 
21355750 21357369 1 0 0 81 17 5 79 15 83 66 64 79 84 25 20 16 10 14 34 35 45 55 16 0 2 5 
21394250 21394269 1 0 0 95 16 0 90 13 95 78 79 79 77 25 20 16 10 14 34 35 45 55 16 10 5 5 
21410750 21410867 1 0 0 59 7 0 56 5 59 42 49 55 53 25 20 16 10 14 34 35 45 55 16 7 7 5 
21423250 21423443 1 0 0 41 -2 0 42 -4 46 29 45 61 60 25 20 16 10 14 34 35 45 55 16 8 7 5 
21445750 21445868 1 0 0 45 -19 0 45 -17 50 33 63 77 70 25 20 16 10 14 34 35 45 55 16 10 7 5 
136250 136527 2 0 0 18 12 0 16 10 18 -56 5 55 54 25 20 19 10 13 33 35 45 55 16 7 7 5 
196250 196427 2 0 0 35 34 0 33 33 36 -38 0 63 59 25 20 18 10 13 33 35 45 55 16 8 8 5 
305250 305326 2 0 0 32 27 0 27 24 28 -46 1 72 76 25 20 18 10 13 33 35 45 55 16 9 9 5 
498250 498423 2 0 -1 0 -5 0 -3 -8 0 -74 6 69 71 25 20 18 10 13 33 35 45 55 16 9 9 5 
616250 616276 2 0 0 5 2 0 4 1 6 -68 3 72 69 25 20 18 10 13 33 35 45 55 16 9 9 5 
653750 653781 2 0 0 13 2 0 13 1 16 -58 13 69 70 25 20 18 10 13 33 35 45 55 16 9 9 5 
726750 727104 2 -1 1 -41 -61 -52 -44 -59 -42 -116 14 91 91 25 20 17 10 12 32 35 45 55 16 3 2 5 
742250 742699 2 2 1 -121 -134 -132 -126 -141 -123 -197 16 96 96 25 20 17 10 12 32 35 45 55 16 3 8 5 
749750 749904 2 -3 1 -36 -88 -48 -37 -91 -33 -107 55 96 96 25 20 17 10 12 32 35 45 55 16 12 12 5 
762250 762291 2 -1 1 -40 -77 -51 -45 -82 -42 -116 38 88 87 25 20 17 10 12 32 35 45 55 16 11 8 5 
795250 795389 2 2 1 -122 -126 -133 -130 -135 -127 -201 6 93 93 25 20 17 10 12 32 35 45 55 16 11 12 5 
802250 802403 2 -3 1 -37 -75 -47 -26 -72 -25 -99 44 91 85 25 20 17 10 12 32 35 45 55 16 7 8 5 
811250 811269 2 -1 1 -43 -77 -53 -45 -76 -42 -116 33 84 88 25 20 17 10 12 32 35 45 55 16 11 11 5 
858750 858881 2 2 1 -101 -116 -110 -100 -116 -96 -170 17 92 92 25 20 17 10 12 32 35 45 55 16 12 12 5 
881750 881833 2 -3 1 -41 -72 -50 -42 -74 -39 -113 31 96 99 25 20 17 10 11 31 35 45 55 16 13 8 5 
1403750 1403880 2 0 0 0 -33 0 1 -33 2 -72 35 83 79 25 20 17 10 12 32 35 45 55 16 11 11 5 
2213750 2213771 2 0 0 15 -19 0 14 -23 15 -59 36 79 79 25 20 17 10 12 32 35 45 55 16 10 10 5 
2622750 2622864 2 0 0 13 -21 0 14 -21 16 -58 34 77 74 25 20 17 10 13 33 35 45 55 16 9 10 5 
3548750 3548799 2 0 0 31 4 0 30 2 31 -43 28 75 76 25 20 17 10 12 32 35 45 55 16 9 10 5 
3885750 3885827 2 0 0 34 0 9 33 -1 36 -38 34 74 73 25 20 17 10 12 32 35 45 55 16 8 10 5 
3989250 3989934 2 -1 1 -21 -95 -53 -28 -98 -26 -100 68 69 73 25 20 17 10 12 32 35 45 55 16 2 2 5 
3995250 3995467 2 2 1 -62 -98 -93 -69 -105 -66 -140 37 68 68 25 20 17 10 12 32 35 45 55 16 2 0 5 
4060250 4060447 2 -3 1 -19 -42 -49 -20 -43 -16 -90 25 69 70 25 20 17 10 12 32 35 45 55 16 9 9 5 
4343750 4343801 2 0 0 22 -6 0 23 -6 26 -48 29 61 61 25 20 17 10 12 32 35 45 55 16 8 8 5 
5322750 5322939 2 0 0 22 6 0 21 5 23 -51 17 56 57 25 20 17 10 13 33 35 45 55 16 7 7 5 
6222750 6222756 2 0 0 28 -6 0 27 -7 28 -46 33 65 66 25 20 17 10 14 34 35 45 55 16 8 8 5 
6938750 6938902 2 0 0 31 7 0 28 7 31 -43 22 61 59 25 20 17 10 14 34 35 45 55 16 8 7 5 
7726250 7726434 2 0 0 9 -7 0 10 -7 13 -61 17 59 61 25 20 17 10 14 34 35 45 55 16 7 8 5 
8498750 8498785 2 0 0 26 9 0 25 8 27 -47 17 55 54 25 20 17 10 14 34 35 45 55 16 7 7 5 
9421250 9421259 2 0 0 18 10 0 18 10 21 -53 8 55 56 25 20 17 10 14 34 35 45 55 16 7 7 5 
9867750 9868009 2 0 0 33 31 0 33 31 35 -39 1 55 56 25 20 17 10 14 34 35 45 55 16 7 7 5 
10482750 10482818 2 0 0 33 33 0 33 33 36 -38 -1 55 55 25 20 17 10 14 34 35 45 55 16 6 6 5 
10880250 10880319 2 0 0 32 29 0 33 29 35 -39 3 52 53 25 20 17 10 14 34 35 45 55 16 6 7 5 
10957250 10957288 2 0 0 32 31 0 30 30 32 -42 1 54 53 25 20 17 10 14 34 35 45 55 16 5 7 5 
11617250 11617453 2 0 0 42 40 0 38 38 42 -32 2 53 53 25 20 17 10 13 33 35 45 55 16 5 6 5 
11656750 11656845 2 0 0 40 42 0 37 41 41 -33 -3 53 53 25 20 17 10 14 34 35 45 55 16 7 7 5 
12087750 12087996 2 0 0 39 40 0 35 38 37 -37 -2 54 50 25 20 17 10 14 34 35 45 55 16 7 6 5 
12665250 12665511 2 0 0 37 42 0 36 40 37 -37 -5 54 56 25 20 17 10 14 34 35 45 55 16 7 7 5 
12684750 12684807 2 0 0 29 37 0 27 34 30 -44 -8 55 54 25 20 17 10 14 34 35 45 55 16 7 7 5 
12742250 12742258 2 0 0 -1 -4 0 -2 -7 -1 -75 4 50 52 25 20 17 10 14 34 35 45 55 16 3 3 5 
13237250 13240277 2 0 0 15 17 0 15 22 19 -55 -6 50 54 25 20 17 10 14 34 35 45 55 16 0 7 5 
13670250 13670509 2 0 0 11 17 0 9 15 12 -62 -4 49 48 25 20 17 10 13 33 35 45 55 16 6 6 5 
13702250 13702451 2 0 0 46 46 0 46 46 48 -26 -1 54 54 25 20 16 10 14 34 35 45 55 16 7 7 5 
13748750 13748846 2 0 0 42 50 0 41 50 46 -28 -8 53 52 25 20 17 10 13 33 35 45 55 16 6 6 5 
13780750 13780812 2 0 0 43 40 0 42 38 44 -30 3 52 52 25 20 17 10 13 33 35 45 55 16 6 6 5 
14596250 14596362 2 0 0 58 56 0 58 55 60 -14 4 52 51 25 20 17 10 14 34 35 45 55 16 6 6 5 
14836250 14836526 2 0 0 41 44 0 39 43 41 -33 -3 52 49 25 20 17 10 14 34 35 45 55 16 7 6 5 
14920750 14920887 2 0 0 44 43 0 43 42 46 -28 0 53 54 25 20 17 10 14 34 35 45 55 16 7 6 5 
14997750 14997999 2 0 0 36 39 0 36 38 38 -36 -2 51 50 25 20 17 10 14 34 35 45 55 16 3 5 5 
15134750 15134976 2 0 0 38 42 0 39 42 42 -32 -2 52 52 25 20 17 10 14 34 35 45 55 16 5 6 5 
15177750 15178035 2 0 0 40 41 0 38 39 40 -34 -1 50 49 25 20 17 10 14 34 35 45 55 16 6 6 5 
15672750 15672876 2 0 0 39 41 0 38 41 40 -34 -3 51 51 25 20 17 10 14 34 35 45 55 16 6 6 5 
15908750 15909053 2 0 0 46 49 0 45 48 47 -27 -2 50 50 25 20 17 10 13 33 35 45 55 16 6 5 5 
15940750 15940794 2 0 0 33 32 0 32 31 33 -41 2 49 48 25 20 17 10 13 33 35 45 55 16 6 6 5 
15995250 15995327 2 0 0 48 48 0 45 46 48 -26 -2 51 52 25 20 17 10 13 33 35 45 55 16 6 6 5 
16073750 16073774 2 0 0 67 60 0 66 59 70 -4 8 53 51 25 20 17 10 13 33 35 45 55 16 6 7 5 
16771250 16771318 2 0 0 61 32 5 60 25 61 -13 35 80 81 25 20 17 10 12 32 35 45 55 16 10 10 5 
17126250 17126350 2 0 0 51 16 0 47 13 49 -25 34 82 82 25 20 17 10 12 32 35 45 55 16 10 10 5 
17244250 17244280 2 0 0 -6 -26 0 -8 -28 -5 -79 20 64 66 25 20 17 10 12 32 35 45 55 16 8 8 5 
17697750 17697956 2 0 0 21 2 0 19 -1 22 -52 20 65 65 25 20 16 10 13 33 35 45 55 16 8 8 5 
17960250 17960421 2 15 0 26 18 8 23 15 25 -49 9 72 73 25 20 15 10 14 34 35 45 55 16 7 9 5 
18033250 18033276 2 16 0 28 -16 12 29 -16 30 -44 44 88 84 25 20 15 10 14 34 35 45 55 16 11 6 5 
18631250 18631283 2 0 0 7 -17 0 8 -17 11 -63 25 69 70 25 20 16 10 13 33 35 45 55 16 8 2 5 
19021250 19021683 2 0 0 36 12 0 39 14 41 -33 27 68 74 25 20 16 10 13 33 35 45 55 16 1 5 5 
19589750 19597512 2 -1 1 -27 -76 -53 -86 -125 -85 -159 39 93 88 25 20 16 10 14 34 35 45 55 16 0 1 5 
19631250 19631998 2 2 1 -124 -167 -150 -126 -171 -124 -198 46 97 97 25 20 16 10 14 34 35 45 55 16 0 3 5 
19634750 19635740 2 -3 1 1 -80 -25 89 -16 93 19 106 96 96 25 20 16 10 14 34 35 45 55 16 0 2 5 
19648750 19648940 2 -1 1 -25 -67 -50 -25 -64 -23 -97 40 74 74 25 20 16 10 14 34 35 45 55 16 6 6 5 
19657750 19657908 2 2 1 -117 -88 -142 -127 -92 -124 -198 -35 85 85 25 20 16 10 14 34 35 45 55 16 11 11 5 
19724250 19724312 2 -3 1 -26 -37 -50 -27 -37 -26 -100 9 83 83 25 20 16 10 14 34 35 45 55 16 8 6 5 
20425750 20425815 2 15 0 -5 -51 -17 -5 -50 -2 -76 45 92 96 25 20 16 10 13 33 35 45 55 16 8 7 5 
20764250 20764430 2 16 0 36 -42 29 37 -40 38 -36 76 82 72 25 20 16 10 13 33 35 45 55 16 11 10 5 
21087750 21087971 2 0 0 1 -29 0 0 -30 3 -71 30 62 63 25 20 16 10 14 34 35 45 55 16 7 8 5 
21237750 21237828 2 0 0 34 5 0 34 6 39 -35 30 57 58 25 20 16 10 14 34 35 45 55 16 7 7 5 
21312750 21312885 2 0 0 15 -4 0 12 -6 15 -59 18 55 56 25 20 16 10 14 34 35 45 55 16 7 7 5 
21334250 21334376 2 0 0 34 7 0 32 5 36 -38 28 55 54 25 20 16 10 14 34 35 45 55 16 7 7 5 
21342750 21344838 2 13 0 53 26 3 86 58 86 12 27 67 79 25 20 16 10 14 34 35 45 55 16 0 1 5 
21363250 21363405 2 0 0 88 63 2 90 58 91 17 30 82 72 25 20 16 10 14 34 35 45 55 16 7 8 5 
21392250 21392379 2 0 0 108 57 0 108 55 111 37 53 78 80 25 20 16 10 14 34 35 45 55 16 7 10 5 
21401750 21401826 2 13 0 99 48 21 98 47 101 27 50 73 61 25 20 16 10 14 34 35 45 55 16 8 6 5 
21411250 21411420 2 0 0 48 4 0 45 2 46 -28 43 55 55 25 20 16 10 14 34 35 45 55 16 7 7 5 
21431750 21432895 2 0 0 12 -9 0 7 -17 10 -64 25 59 66 25 20 16 10 14 34 35 45 55 16 3 7 5 
21448750 21448801 2 0 0 49 9 0 49 9 52 -22 41 79 86 25 20 16 10 14 34 35 45 55 16 8 10 5 
